 80DIG 03-Nov-25 20:02 0001  G6A            599  599  002           G        2   3607.2
 80DIG 03-Nov-25 20:04 0002  G3ZGC          599  599  003                    2   3610.0
 80DIG 03-Nov-25 20:08 0003  M0IDA          599  599  004                    2   3611.7
 80DIG 03-Nov-25 20:09 0004  G8FZV          599  599  011                    2   3611.0
 80DIG 03-Nov-25 20:11 0005  GW4JBQ         599  599  013           GW       2   3615.7
 80DIG 03-Nov-25 20:13 0006  GM4JYB         599  599  010           GM       2   3600.6
 80DIG 03-Nov-25 20:18 0007  G3MXH          599  599  005                    2   3606.0
 80DIG 03-Nov-25 20:19 0008  G4DZL          599  599  017                    2   3606.6
 80DIG 03-Nov-25 20:20 0009  GW7W           599  599  010                    2   3605.5
 80DIG 03-Nov-25 20:22 0010  M0KKM          599  599  016                    2   3607.0
 80DIG 03-Nov-25 20:22 0011  G4CTY          599  599  009                    2   3607.4
 80DIG 03-Nov-25 20:26 0012  M8M            599  599  031                    2   3612.3
 80DIG 03-Nov-25 20:27 0013  G3LDI          599  599  035                    2   3613.3
 80DIG 03-Nov-25 20:28 0014  GW0ARK         599  599  024                    2   3613.9
 80DIG 03-Nov-25 20:30 0015  G4ENZ          599  599  042                    2   3610.6
 80DIG 03-Nov-25 20:30 0016  M5Y            599  599  019                    2   3610.6
 80DIG 03-Nov-25 20:31 0017  G3KLH          599  599  029                    2   3610.6
 80DIG 03-Nov-25 20:32 0018  G4BVY          599  599  043                    2   3610.6
 80DIG 03-Nov-25 20:34 0019  M7V            599  599  035                    2   3610.6
 80DIG 03-Nov-25 20:36 0020  GM4OSS         599  599  024                    2   3610.6
 80DIG 03-Nov-25 20:38 0021  G3TKF          599  599  035                    2   3615.2
 80DIG 03-Nov-25 20:39 0022  M7R            599  599  022                    2   3614.7
 80DIG 03-Nov-25 20:43 0023  G3RVM          599  599  052                    2   3607.9
 80DIG 03-Nov-25 20:45 0024  G4CZB          599  599  037                    2   3603.3
 80DIG 03-Nov-25 20:48 0025  G4DBW          599  599  047                    2   3602.8
 80DIG 03-Nov-25 20:49 0026  M1ASR          599  599  050                    2   3602.3
 80DIG 03-Nov-25 20:50 0027  GW5P           599  599  064                    2   3602.0
 80DIG 03-Nov-25 20:52 0028  G7D            599  599  050                    2   3601.6
 80DIG 03-Nov-25 20:56 0029  G3PDH          599  599  066                    2   3599.7
 80DIG 03-Nov-25 21:00 0030  G4N            599  599  068                    2   3599.0
 80DIG 03-Nov-25 21:02 0031  G2O            599  599  066                    2   3597.6
 80DIG 03-Nov-25 21:03 0032  M9XNC/P        599  599  030                    2   3597.3
 80DIG 03-Nov-25 21:05 0033  M7W            599  599  080                    2   3595.6
 80DIG 03-Nov-25 21:06 0034  G5C            599  599  060                    2   3595.1
 80DIG 03-Nov-25 21:09 0035  M0NKR          599  599  085                    2   3594.2
 80DIG 03-Nov-25 21:12 0036  G3PYE          599  599  074                    2   3593.7
 80DIG 03-Nov-25 21:13 0037  G0TZZ          599  599  071                    2   3592.6
 80DIG 03-Nov-25 21:13 0038  M7Z            599  599  029                    2   3591.6
 80DIG 03-Nov-25 21:14 0039  M4N            599  599  077                    2   3592.1
 80DIG 03-Nov-25 21:15 0040  G4IVV          599  599  099                    2   3592.1
 80DIG 03-Nov-25 21:16 0041  M0XAC          599  599  056                    2   3592.1
 80DIG 03-Nov-25 21:16 0042  G4EBK          599  599  059                    2   3592.1
 80DIG 03-Nov-25 21:18 0043  MM0HDW         599  599  022                    2   3592.1
 80DIG 03-Nov-25 21:20 0044  G4A            599  599  080                    2   3592.1
 80DIG 03-Nov-25 21:22 0045  G2F            599  599  071                    2   3592.1
 80DIG 03-Nov-25 21:24 0046  G4PFZ          599  599  078                    2   3596.2
 80DIG 03-Nov-25 21:26 0047  G3RXP          599  599  079                    2   3599.6
 80DIG 03-Nov-25 21:27 0048  G3PHO          599  599  057                    2   3600.0
 80DIG 03-Nov-25 21:28 0049  M5N            599  599  087                    2   3603.2
 80DIG 03-Nov-25 21:29 0050  2E0CEY         599  599  056                    2   3603.6
