 10DIG 16-Aug-25 17:15 0001  PV2K           599  599  230           PY       5  28093.5
 10DIG 16-Aug-25 17:16 0002  AZ1D           599  599  074           LU       5  28088.4
 15DIG 16-Aug-25 17:21 0003  NJ4P           599  599  407           K        5  21079.4
 15DIG 16-Aug-25 17:22 0004  YV4ABR         599  599  60            YV       5  21079.8
 15DIG 16-Aug-25 17:26 0005  9A1CCY         599  599  131           9A       3  21086.7
 15DIG 16-Aug-25 17:27 0006  UC6N           599  599  096           UA       3  21088.0
 15DIG 16-Aug-25 17:31 0007  HA5GF          599  599  040           HA       3  21082.3
 15DIG 16-Aug-25 17:32 0008  W6EU           599  599  58                     5  21082.3
 15DIG 16-Aug-25 17:34 0009  UT4LW          599  599  334           UR       3  21082.3
 15DIG 16-Aug-25 17:35 0010  K0VW           599  599  050                    5  21082.3
 15DIG 16-Aug-25 17:35 0011  WB0KGN         599  599  11                     5  21082.3
 15DIG 16-Aug-25 17:38 0012  IK6VXO         599  599  422           I        3  21081.6
 15DIG 16-Aug-25 17:40 0013  KI6DY/8        599  599  033                    5  21086.1
 15DIG 16-Aug-25 18:13 0014  S53X           599  599  045           S5       3  21085.7
 15DIG 16-Aug-25 18:13 0015  YU5R           599  599  091           YU       3  21083.8
 15DIG 16-Aug-25 18:14 0016  VE3MZD         599  599  93            VE       5  21083.1
 15DIG 16-Aug-25 18:16 0017  W0TY           599  599  003                    5  21080.5
 15DIG 16-Aug-25 18:17 0018  IW3SSD         599  599  067                    3  21089.4
 15DIG 16-Aug-25 18:19 0019  OH2KW          599  599  354           OH       3  21093.8
 15DIG 16-Aug-25 18:21 0020  IN3VVK         599  599  563                    3  21095.4
 15DIG 16-Aug-25 18:22 0021  W9FFA          599  599  082                    5  21096.1
 20DIG 16-Aug-25 18:23 0022  4Z5LY          599  599  323           4X       5  14083.9
 20DIG 16-Aug-25 18:26 0023  IN3VVK         599  599  571           I        3  14086.6
 20DIG 16-Aug-25 18:27 0024  R6DM           599  599  083           UA       3  14086.6
 20DIG 16-Aug-25 18:28 0025  M4N            599  599  110           G        3  14086.6
 20DIG 16-Aug-25 18:28 0026  SV3AQO         599  599  16            SV       3  14086.6
 20DIG 16-Aug-25 18:29 0027  UT7NI          599  599  058           UR       3  14086.6
 20DIG 16-Aug-25 18:30 0028  HA0ML          599  599  051           HA       3  14086.6
 20DIG 16-Aug-25 18:30 0029  DF5LR          599  599  027           DL       2  14086.6
 20DIG 16-Aug-25 18:31 0030  RA1M           599  599  205                    3  14086.6
 20DIG 16-Aug-25 18:31 0031  G4ENZ          599  599  223                    3  14086.6
 20DIG 16-Aug-25 18:33 0032  UT4LW          599  599  375                    3  14086.6
 20DIG 16-Aug-25 18:34 0033  PA3GDG         599  599  095           PA       3  14086.6
 20DIG 16-Aug-25 18:35 0034  UR7EC          599  599  082                    3  14086.6
 20DIG 16-Aug-25 18:36 0035  IK4XQT         599  599  218                    3  14086.6
 20DIG 16-Aug-25 18:37 0036  EB5F           599  599  070           EA       3  14086.6
 20DIG 16-Aug-25 18:37 0037  YL2KF          599  599  126           YL       3  14086.6
 20DIG 16-Aug-25 18:38 0038  IK6VXO         599  599  485                    3  14086.6
 20DIG 16-Aug-25 18:39 0039  DL7AUO         599  599  247                    2  14086.6
 20DIG 16-Aug-25 18:40 0040  LZ2MP          599  599  045           LZ       3  14086.6
 40DIG 16-Aug-25 18:44 0041  I3PXN          599  599  164           I        3   7043.0
 40DIG 16-Aug-25 18:45 0042  SP4LO          599  599  132           SP       3   7043.0
 40DIG 16-Aug-25 18:45 0043  HA1TJ          599  599  82            HA       3   7043.0
 40DIG 16-Aug-25 18:46 0044  ON4CT          599  599  071           ON       3   7043.0
 40DIG 16-Aug-25 18:47 0045  IK2YCW         599  599  221                    3   7043.0
 40DIG 16-Aug-25 18:47 0046  YT3H           599  599  171           YU       3   7043.0
 40DIG 16-Aug-25 18:48 0047  OH2HAN         599  599  104           OH       3   7043.0
 40DIG 16-Aug-25 18:48 0048  PD0WVB         599  599  043           PA       3   7043.0
 40DIG 16-Aug-25 18:49 0049  PA0FVH         599  599  074                    3   7043.0
 40DIG 16-Aug-25 18:49 0050  OK2VIR         599  599  037           OK       3   7043.0
 40DIG 16-Aug-25 18:51 0051  G4ENZ          599  599  228           G        3   7043.0
 40DIG 16-Aug-25 18:52 0052  LY3CY          599  599  085           LY       3   7043.0
 40DIG 16-Aug-25 18:52 0053  SE4E           599  599  242           SM       3   7043.0
 40DIG 16-Aug-25 18:53 0054  LA5LJA         599  599  046           LA       3   7043.0
 40DIG 16-Aug-25 18:53 0055  EW8G           599  599  064           EU       3   7043.0
 40DIG 16-Aug-25 18:54 0056  UT4LW          599  599  390           UR       3   7043.0
 40DIG 16-Aug-25 18:56 0057  IZ5IOM         599  599  031                    3   7043.0
 40DIG 16-Aug-25 18:56 0058  SN7T           599  599  089                    3   7043.0
 40DIG 16-Aug-25 18:58 0059  EA7AKE         599  599  10            EA       3   7043.0
 40DIG 16-Aug-25 18:59 0060  OL7K           599  599  046                    3   7043.0
 40DIG 16-Aug-25 19:02 0061  RN1QM          599  599  26            UA       3   7043.0
 40DIG 16-Aug-25 19:03 0062  SO5WD          599  599  041                    3   7043.0
