 40DIG 27-Apr-25 17:01 0001  M7WLT          599  599  002           G        3   7041.5
 40DIG 27-Apr-25 17:02 0002  IK2EBP         599  599  001           I        3   7042.0
 40DIG 27-Apr-25 17:03 0003  DK1RF          599  599  001           DL       2   7042.9
 40DIG 27-Apr-25 17:05 0004  PA3BXR         599  599  004           PA       3   7044.9
 40DIG 27-Apr-25 17:06 0005  DH4BM          599  599  002                    2   7044.9
 40DIG 27-Apr-25 17:07 0006  DG0KS          599  599  003                    2   7044.9
 40DIG 27-Apr-25 17:07 0007  DM3CH          599  599  001                    2   7044.9
 40DIG 27-Apr-25 17:10 0008  DL3SYA         599  599  007                    2   7043.1
 20DIG 27-Apr-25 17:12 0009  SV2BFN         599  599  012           SV       3  14092.0
 20DIG 27-Apr-25 17:13 0010  HA3MGA         599  599  004           HA       3  14092.8
 20DIG 27-Apr-25 17:13 0011  IT9VCE         599  599  025           IT9      3  14093.4
 20DIG 27-Apr-25 17:14 0012  UZ0A           599  599  010           UR       3  14094.5
 20DIG 27-Apr-25 17:14 0013  IK2FTB         599  599  017           I        3  14096.7
 20DIG 27-Apr-25 17:15 0014  HA6NL          599  599  009                    3  14097.4
 20DIG 27-Apr-25 17:16 0015  IW3SSD         599  599  011                    3  14099.7
 20DIG 27-Apr-25 17:17 0016  IU7XWD         599  599  5                      3  14100.7
 20DIG 27-Apr-25 17:19 0017  LY2F           599  599  022           LY       3  14090.2
 40DIG 27-Apr-25 17:23 0018  PA3DTR         599  599  007                    3   7044.9
 40DIG 27-Apr-25 17:23 0019  DL4ME          599  599  009                    2   7045.6
 40DIG 27-Apr-25 17:24 0020  SE6K           599  599  013           SM       3   7046.2
 40DIG 27-Apr-25 17:25 0021  G4ENZ          599  599  021                    3   7041.9
 40DIG 27-Apr-25 17:26 0022  PA3GDG         599  599  012                    3   7041.9
 40DIG 27-Apr-25 17:26 0023  LY2F           599  599  026           LY       3   7041.9
 40DIG 27-Apr-25 17:26 0024  DF5BX          599  599  019                    2   7041.9
 40DIG 27-Apr-25 17:28 0025  DL1LSL         599  599  007                    2   7041.9
 40DIG 27-Apr-25 17:29 0026  PA3I           599  599  009                    3   7041.9
 40DIG 27-Apr-25 17:30 0027  DD7UW          599  599  008                    2   7041.9
 40DIG 27-Apr-25 17:31 0028  G0JSP          599  599  010                    3   7041.9
 40DIG 27-Apr-25 17:31 0029  PD2GSP         599  599  012                    3   7041.9
 40DIG 27-Apr-25 17:32 0030  PE1FTV         599  599  010                    3   7041.9
 40DIG 27-Apr-25 17:33 0031  DL2HAS         599  599  001                    2   7041.9
 40DIG 27-Apr-25 17:37 0032  S55VM          599  599  022           S5       3   7047.9
 20DIG 27-Apr-25 17:42 0033  9A925T         599  599  031           9A       3  14100.4
 20DIG 27-Apr-25 17:43 0034  VE2BVV         599  599  015           VE       5  14101.2
 20DIG 27-Apr-25 17:44 0035  W9ILY          599  599  023           K        5  14099.6
 20DIG 27-Apr-25 17:46 0036  IK4XQT         599  599  017                    3  14099.6
 20DIG 27-Apr-25 17:47 0037  AI9T           599  599  012                    5  14099.6
 40DIG 27-Apr-25 17:51 0038  PA2TA          599  599  019                    3   7043.8
 40DIG 27-Apr-25 17:52 0039  G3TXA          599  599  006                    3   7043.8
 40DIG 27-Apr-25 17:57 0040  YO9HP          599  599  045           YO       3   7041.4
 40DIG 27-Apr-25 17:59 0041  PA3DUU         599  599  047                    3   7046.8
 40DIG 27-Apr-25 17:59 0042  PA2JCB         599  599  035                    3   7047.9
 40DIG 27-Apr-25 18:00 0043  DJ1YF          599  599  027                    2   7048.5
 40DIG 27-Apr-25 18:00 0044  MI0H           599  599  035           GI       3   7049.1
 40DIG 27-Apr-25 18:01 0045  DG6ME          599  599  024                    2   7051.2
 40DIG 27-Apr-25 18:02 0046  PA7KY          599  599  011                    3   7052.0
 40DIG 27-Apr-25 18:03 0047  YO9FDG         599  599  012                    3   7052.0
 40DIG 27-Apr-25 18:06 0048  9A925T         599  599  056           9A       3   7051.6
 40DIG 27-Apr-25 18:08 0049  IK2FTB         599  599  048                    3   7053.6
 20DIG 27-Apr-25 18:10 0050  YO9HP          599  599  065           YO       3  14087.9
 20DIG 27-Apr-25 18:12 0051  AE1P           599  599  001                    5  14091.4
 20DIG 27-Apr-25 18:14 0052  HA3OU          599  599  010                    3  14096.9
 20DIG 27-Apr-25 18:14 0053  HA3OU          599  599  011                    0  14096.9
 40DIG 27-Apr-25 18:17 0054  HA3MGA         599  599  042           HA       3   7042.3
 40DIG 27-Apr-25 18:19 0055  HA6NL          599  599  051                    3   7044.4
 40DIG 27-Apr-25 18:24 0056  G0C            599  599  010                    3   7040.5
 20DIG 27-Apr-25 18:27 0057  PE3T           599  599  016           PA       3  14096.3
 40DIG 27-Apr-25 18:29 0058  IT9VCE         599  599  080           IT9      3   7041.4
 40DIG 27-Apr-25 18:30 0059  HA3MGA         599  599  055                    0   7042.3
 40DIG 27-Apr-25 18:32 0060  GW0A           599  599  083           GW       3   7043.9
 40DIG 27-Apr-25 18:33 0061  G0GQT          599  599  042                    3   7049.6
 40DIG 27-Apr-25 18:38 0062  2E0CEY         599  599  022                    3   7049.1
 40DIG 27-Apr-25 18:38 0063  PE2K           599  599  023                    3   7049.1
 40DIG 27-Apr-25 18:39 0064  M0XAC          599  599  025                    3   7049.1
 40DIG 27-Apr-25 18:40 0065  DM4ET          599  599  021                    2   7049.1
 40DIG 27-Apr-25 18:40 0066  PE1LZZ         599  599  021                    3   7049.1
 40DIG 27-Apr-25 18:42 0067  OK2BXW         599  599  045           OK       3   7049.1
 80DIG 27-Apr-25 18:45 0068  HA6NL          599  599  063           HA       3   3586.6
 80DIG 27-Apr-25 18:48 0069  DO1JAR         599  599  001           DL       2   3587.6
 40DIG 27-Apr-25 18:50 0071  HA3OU          599  599  034                    3   7040.9
 40DIG 27-Apr-25 18:52 0072  DG2BAR         599  599  024                    2   7042.2
 40DIG 27-Apr-25 18:54 0073  IK4XQT         599  599  043                    3   7042.2
 40DIG 27-Apr-25 18:57 0074  IZ7WEM         599  599  0                      3   7044.5
 40DIG 27-Apr-25 18:58 0075  UZ0A           599  599  062           UR       3   7045.5
 40DIG 27-Apr-25 19:00 0076  PC2F           599  599  038                    3   7053.5
 80DIG 27-Apr-25 19:02 0077  PE1FTV         599  599  047           PA       3   3589.7
 80DIG 27-Apr-25 19:02 0078  S55VM          599  599  058           S5       3   3588.9
 80DIG 27-Apr-25 19:03 0079  PA2TA          599  599  032                    3   3590.3
 80DIG 27-Apr-25 19:04 0080  DL3SYA         599  599  057                    2   3590.3
 80DIG 27-Apr-25 19:04 0081  M7WLT          599  599  057           G        3   3590.3
 40DIG 27-Apr-25 19:09 0082  M4N            599  599  008                    3   7053.0
 40DIG 27-Apr-25 19:12 0083  IU7XWD         599  599  37                     3   7053.0
 40DIG 27-Apr-25 19:12 0084  DF8QB          599  599  002                    2   7053.0
 80DIG 27-Apr-25 19:14 0085  9A925T         599  599  098           9A       3   3583.4
 80DIG 27-Apr-25 19:15 0086  G4ENZ          599  599  077                    3   3582.6
 80DIG 27-Apr-25 19:15 0087  DJ1YF          599  599  057                    2   3586.4
 80DIG 27-Apr-25 19:16 0088  PA3DUU         599  599  076                    3   3587.1
 80DIG 27-Apr-25 19:17 0089  PC2F           599  599  048                    3   3585.2
 80DIG 27-Apr-25 19:17 0090  DL4ME          599  599  057                    2   3585.2
 80DIG 27-Apr-25 19:20 0091  LY2F           599  599  085           LY       3   3585.2
 80DIG 27-Apr-25 19:21 0092  HG5BMU         599  599  028                    3   3585.2
 80DIG 27-Apr-25 19:26 0093  G3LDI          599  599  085                    3   3594.6
 80DIG 27-Apr-25 19:34 0094  DF8QB          599  599  020                    2   3589.3
 80DIG 27-Apr-25 19:35 0095  MI0H           599  599  083           GI       3   3588.1
 80DIG 27-Apr-25 19:37 0096  IT9VCE         599  599  112           IT9      3   3586.9
 80DIG 27-Apr-25 19:37 0097  2E0CEY         599  599  049                    3   3585.4
 80DIG 27-Apr-25 19:38 0098  GW0A           599  599  102           GW       3   3583.9
 80DIG 27-Apr-25 19:40 0099  IW0RLC         599  599  042           I        3   3588.4
 40DIG 27-Apr-25 19:41 0100  PA7PTT         599  599  018                    3   7056.1
 40DIG 27-Apr-25 19:43 0101  DR6T           599  599  024                    2   7042.9
 80DIG 27-Apr-25 19:47 0102  G0GQT          599  599  075                    3   3584.0
 80DIG 27-Apr-25 19:47 0103  G0C            599  599  048                    3   3583.1
 80DIG 27-Apr-25 19:48 0104  YO9HP          599  599  112           YO       3   3587.4
 80DIG 27-Apr-25 19:51 0105  M4N            599  599  031                    3   3590.0
 80DIG 27-Apr-25 19:54 0106  DL2HAS         599  599  032                    2   3590.0
 80DIG 27-Apr-25 19:57 0107  IK0ALT         599  599  024                    3   3591.9
 40DIG 27-Apr-25 20:05 0108  DL2HAS         599  599  034                    0   7045.0
 80DIG 27-Apr-25 20:10 0109  DR6T           599  599  045                    2   3589.3
 80DIG 27-Apr-25 20:13 0110  OK2BXW         599  599  068           OK       3   3596.1
 40DIG 27-Apr-25 20:24 0111  G3LDI          599  599  112                    3   7044.1
 40DIG 27-Apr-25 20:25 0112  OK1JXU         599  599  003                    3   7044.1
 20DIG 27-Apr-25 20:28 0113  AI9T           599  599  026                    0  14094.1
 20DIG 27-Apr-25 20:30 0114  DF8QB          599  599  048           DL       2  14093.4
 15DIG 27-Apr-25 20:32 0115  DF8QB          599  599  049           DL       2  21093.4
 10DIG 27-Apr-25 20:33 0116  DF8QB          599  599  050           DL       2  28093.5
 40DIG 27-Apr-25 20:42 0117  SP2UUU         599  599  025           SP       3   7042.6
 80DIG 27-Apr-25 20:48 0118  PA3I           599  599  090                    3   3584.7
 80DIG 27-Apr-25 20:50 0119  DD7UW          599  599  083                    2   3590.4
 80DIG 27-Apr-25 20:54 0120  IK1SOW         599  599  024                    3   3587.0
 80DIG 27-Apr-25 20:55 0121  PA7KY          599  599  026                    3   3587.0
