 80DIG 15-Oct-25 19:02 0001  G4IDF          599  599  001           G        2   3598.0
 80DIG 15-Oct-25 19:03 0002  G3ZGC          599  599  002                    2   3598.0
 80DIG 15-Oct-25 19:03 0003  M0YRU          599  599  001                    2   3598.0
 80DIG 15-Oct-25 19:03 0004  G3WYW          599  599  002                    2   3598.0
 80DIG 15-Oct-25 19:04 0005  M0TQR          599  599  003                    2   3598.0
 80DIG 15-Oct-25 19:05 0006  M5Y            599  599  002                    2   3598.0
 80DIG 15-Oct-25 19:07 0007  PA7LV          599  599  007           PA       2   3598.0
 80DIG 15-Oct-25 19:09 0008  G7D            599  599  013                    2   3596.9
 80DIG 15-Oct-25 19:10 0009  G3RIR          599  599  010                    2   3595.8
 80DIG 15-Oct-25 19:12 0010  2E0CEY         599  599  011                    2   3595.4
 80DIG 15-Oct-25 19:14 0011  G4HIV          599  599  012                    2   3595.0
 80DIG 15-Oct-25 19:18 0012  G4CZB          599  599  023                    2   3591.2
 80DIG 15-Oct-25 19:19 0013  M0RYB/P        599  599  024                    2   3590.4
 80DIG 15-Oct-25 19:19 0014  G3MXH          599  599  002                    2   3591.8
 80DIG 15-Oct-25 19:20 0015  G3KLH          599  599  027                    2   3592.9
 80DIG 15-Oct-25 19:21 0016  G4ARI          599  599  026                    2   3593.7
 80DIG 15-Oct-25 19:24 0017  GW0ARK         599  599  021           GW       2   3595.2
 80DIG 15-Oct-25 19:26 0018  G5V            599  599  029                    2   3596.2
 80DIG 15-Oct-25 19:27 0019  G7M            599  599  013                    2   3596.9
 80DIG 15-Oct-25 19:28 0020  G6XX           599  599  034                    2   3597.5
 80DIG 15-Oct-25 19:29 0021  G4N            599  599  034                    2   3598.4
 80DIG 15-Oct-25 19:30 0022  GW7W           599  599  027                    2   3599.0
 80DIG 15-Oct-25 19:32 0023  G3LDI          599  599  038                    2   3601.4
 80DIG 15-Oct-25 19:33 0024  G8FCQ          599  599  031                    2   3604.2
 80DIG 15-Oct-25 19:34 0025  GM4OSS         599  599  020           GM       2   3605.7
 80DIG 15-Oct-25 19:36 0026  M8M            599  599  041                    2   3607.9
 80DIG 15-Oct-25 19:38 0027  G4DJX          599  599  018                    2   3607.1
 80DIG 15-Oct-25 19:39 0028  G4ENZ          599  599  062                    2   3607.1
 80DIG 15-Oct-25 19:43 0029  G6A            599  599  042                    2   3608.7
 80DIG 15-Oct-25 19:45 0030  M5M            599  599  050                    2   3606.4
 80DIG 15-Oct-25 19:47 0031  M2A            599  599  055                    2   3605.3
 80DIG 15-Oct-25 19:48 0032  G4ZFE          599  599  037                    2   3603.7
 80DIG 15-Oct-25 19:49 0033  G3RXP          599  599  049                    2   3602.1
 80DIG 15-Oct-25 19:50 0034  MW2I           599  599  054                    2   3601.4
 80DIG 15-Oct-25 19:51 0035  GW5P           599  599  053                    2   3600.7
 80DIG 15-Oct-25 19:51 0036  M7W            599  599  063                    2   3599.8
 80DIG 15-Oct-25 19:52 0037  M5N            599  599  027                    2   3599.4
 80DIG 15-Oct-25 19:53 0038  G0RUF          599  599  035                    2   3598.4
 80DIG 15-Oct-25 19:54 0039  G8OO           599  599  027                    2   3598.0
 80DIG 15-Oct-25 19:55 0040  G5C            599  599  047                    2   3597.2
 80DIG 15-Oct-25 19:56 0041  G0W            599  599  056                    2   3594.8
 80DIG 15-Oct-25 19:57 0042  GM3YEH         599  599  039                    2   3593.8
 80DIG 15-Oct-25 19:59 0043  G3RVM          599  599  077                    2   3592.4
 80DIG 15-Oct-25 20:00 0044  G4SJX          599  599  039                    2   3589.9
 80DIG 15-Oct-25 20:01 0045  G3G            599  599  076                    2   3590.4
 80DIG 15-Oct-25 20:03 0046  M4N            599  599  100                    2   3590.4
 80DIG 15-Oct-25 20:04 0047  M0TQR          599  599  039 P                  0   3588.5
 80DIG 15-Oct-25 20:05 0048  M0XAC          599  599  059 P                  2   3588.5
 80DIG 15-Oct-25 20:05 0049  G6DXY          599  599  047 P                  2   3588.5
 80DIG 15-Oct-25 20:06 0050  G4BYE          599  599  031 P                  2   3588.5
 80DIG 15-Oct-25 20:06 0051  M5N            599  599  041 P                  0   3588.5
 80DIG 15-Oct-25 20:06 0052  G4IVV          599  599  083 P                  2   3588.5
 80DIG 15-Oct-25 20:07 0053  G4ENZ          599  599  100 P                  0   3588.5
 80DIG 15-Oct-25 20:07 0054  G3G            599  599  086 P                  0   3588.5
 80DIG 15-Oct-25 20:08 0055  M4N            599  599  107 P                  0   3588.5
 80DIG 15-Oct-25 20:08 0056  M0NQN          599  599  036 P                  2   3588.5
 80DIG 15-Oct-25 20:09 0057  M3E            599  599  063 P                  2   3588.5
 80DIG 15-Oct-25 20:09 0058  M5Y            599  599  045 P                  0   3588.5
 80DIG 15-Oct-25 20:11 0059  M7WYF          599  599  027 P                  2   3588.5
 80DIG 15-Oct-25 20:13 0060  G6A            599  599  066 P                  0   3587.8
 80DIG 15-Oct-25 20:13 0061  G3LDI          599  599  066 P                  0   3586.5
 80DIG 15-Oct-25 20:14 0062  M7W            599  599  091 P                  0   3585.7
 80DIG 15-Oct-25 20:15 0063  G4SWH          599  599  040 P                  2   3585.4
 80DIG 15-Oct-25 20:17 0064  G3ZGC          599  599  070 P                  0   3584.8
 80DIG 15-Oct-25 20:17 0065  MW0CVT         599  599  057 P                  2   3584.5
 80DIG 15-Oct-25 20:20 0066  G6GLP          599  599  060 P                  2   3583.3
 80DIG 15-Oct-25 20:21 0067  GM3YEH         599  599  059 P                  0   3583.8
 80DIG 15-Oct-25 20:24 0068  G4EFT          599  599  036 P                  2   3588.4
 80DIG 15-Oct-25 20:24 0069  G0MUD          599  599  083 P                  2   3588.4
 80DIG 15-Oct-25 20:25 0070  G4FJC          599  599  035 P                  2   3588.4
 80DIG 15-Oct-25 20:27 0071  G4SWH          599  599  043 P                  0   3588.4
 80DIG 15-Oct-25 20:28 0072  G3KLH          599  599  090 P                  0   3587.4
 80DIG 15-Oct-25 20:29 0073  M0RYB/P        599  599  089 P                  0   3586.8
