 10DIG 08-Nov-25 10:36 0001  TA7OYG         599  599  105           TA       3  28086.8
 10DIG 08-Nov-25 10:41 0002  R6OF           599  599  067           UA       2  28087.1
 10DIG 08-Nov-25 10:43 0003  E28AM          599  599  106           HS       3  28088.8
 10DIG 08-Nov-25 10:48 0004  EA8DED         599  599  261           EA8      3  28084.4
 10DIG 08-Nov-25 10:49 0005  P33W           599  599  685           5B       3  28088.3
 10DIG 08-Nov-25 11:15 0006  SV1JMO         599  599  155           SV       2  28092.3
 10DIG 08-Nov-25 11:20 0007  R4FED          599  599  147                    2  28094.6
 10DIG 08-Nov-25 11:21 0008  LZ3QE          599  599  272           LZ       2  28097.5
 10DIG 08-Nov-25 11:24 0009  UT4LW          599  599  420           UR       2  28095.0
 40DIG 08-Nov-25 11:28 0010  DM5M           599  599  210           DL       1   7057.1
 40DIG 08-Nov-25 11:29 0011  DG0KS          599  599  061                    1   7045.9
 40DIG 08-Nov-25 11:30 0012  DM6WAN         599  599  073                    1   7046.7
 40DIG 08-Nov-25 11:35 0013  OP5T           599  599  001           ON       2   7046.1
 15DIG 08-Nov-25 11:37 0014  RZ3Z           599  599  245           UA       2  21081.7
 15DIG 08-Nov-25 11:38 0015  EU8U           599  599  500           EU       2  21082.6
 15DIG 08-Nov-25 11:40 0016  IK7MIY         599  599  010           I        2  21083.0
 15DIG 08-Nov-25 11:42 0017  Z35T           599  599  146           Z3       2  21083.5
 15DIG 08-Nov-25 11:43 0018  UC6Y           599  599  038                    2  21084.7
 15DIG 08-Nov-25 11:44 0019  RD0A           599  599  052           UA9      3  21087.8
 15DIG 08-Nov-25 11:47 0020  DP7D           599  599  570           DL       1  21089.5
 15DIG 08-Nov-25 11:48 0021  IK0FMB         599  599  117                    2  21090.6
 15DIG 08-Nov-25 11:49 0022  IO7A           599  599  173                    2  21092.0
 15DIG 08-Nov-25 11:50 0023  Z66BCC         599  599  512           Z6       2  21094.4
 15DIG 08-Nov-25 11:53 0024  P33W           599  599  766           5B       3  21095.1
 15DIG 08-Nov-25 11:55 0025  TA7OYG         599  599  177           TA       3  21098.5
 15DIG 08-Nov-25 11:55 0026  DL5AXX         599  599  052                    1  21099.4
 15DIG 08-Nov-25 12:00 0027  RN1AO          599  599  069                    2  21100.9
 15DIG 08-Nov-25 12:04 0028  ED4Y           599  599  174           EA       2  21102.7
 15DIG 08-Nov-25 12:07 0029  I0WBX          599  599  147                    2  21105.0
 15DIG 08-Nov-25 12:12 0030  EX7CQ          599  599  382           EX       3  21111.6
 15DIG 08-Nov-25 12:14 0031  UN7LAN         599  599  199           UN       3  21108.8
 15DIG 08-Nov-25 12:15 0032  OH8KA          599  599  075           OH       2  21104.4
 15DIG 08-Nov-25 12:18 0033  IG9ITO         599  599  239           IG9      3  21095.5
 10DIG 08-Nov-25 12:38 0034  DF8QB          599  599  083           DL       1  28112.6
 10DIG 08-Nov-25 14:06 0035  PY2MNL         599  599  343           PY       3  28112.0
 10DIG 08-Nov-25 14:08 0036  CA6SNT         599  599  061           CE       3  28119.0
 10DIG 08-Nov-25 14:16 0037  PV2K           599  599  183                    3  28119.6
 10DIG 08-Nov-25 14:47 0038  CX2AQ          599  599  068           CX       3  28122.5
 10DIG 08-Nov-25 14:50 0039  PU1JSV         599  599  087                    3  28103.8
 10DIG 08-Nov-25 14:51 0040  TA7I           599  599  176                    3  28104.6
 10DIG 08-Nov-25 14:59 0041  PY4EK          599  599  217                    3  28083.0
 10DIG 08-Nov-25 15:04 0042  PY2UD          599  599  167                    3  28080.9
 10DIG 08-Nov-25 15:10 0043  PU2TWZ         599  599  042                    3  28092.9
 10DIG 08-Nov-25 15:23 0044  OA4DOS         599  599  029           OA       3  28096.5
 10DIG 08-Nov-25 15:27 0045  PT1A           599  599  690                    3  28097.0
 10DIG 08-Nov-25 15:54 0046  PU2UAF         599  599  139                    3  28108.9
 15DIG 08-Nov-25 15:57 0047  W3FIZ          599  599  335           K        3  21081.5
 15DIG 08-Nov-25 15:58 0048  N4ZZ           599  599  32                     3  21087.0
 15DIG 08-Nov-25 15:59 0049  NM4AA          599  599  356                    3  21087.9
 15DIG 08-Nov-25 16:03 0050  KD7ND          599  599  347                    3  21089.1
 15DIG 08-Nov-25 16:03 0051  WI1U           599  599  244                    3  21090.7
 15DIG 08-Nov-25 16:05 0052  ON5GQ          599  599  368           ON       2  21091.4
 15DIG 08-Nov-25 16:07 0053  PY2QT          599  599  107           PY       3  21095.0
 15DIG 08-Nov-25 16:08 0054  N2HMM          599  599  238                    3  21097.0
 15DIG 08-Nov-25 16:12 0055  WA2CP          599  599  195                    3  21099.9
 15DIG 08-Nov-25 16:15 0056  AI6O           599  599  87                     3  21102.0
 15DIG 08-Nov-25 16:24 0057  AA3B           599  599  207                    3  21106.1
 15DIG 08-Nov-25 16:25 0058  K3AJ           599  599  462                    3  21108.7
 15DIG 08-Nov-25 16:27 0059  AA3R           599  599  162                    3  21109.5
 15DIG 08-Nov-25 16:30 0060  VE2BVV         599  599  179           VE       3  21115.2
 15DIG 08-Nov-25 16:33 0061  W4RN           599  599  162                    3  21115.5
 15DIG 08-Nov-25 16:34 0062  WA2DNI         599  599  144                    3  21124.8
 15DIG 08-Nov-25 16:36 0063  EE8E           599  599  266           EA8      3  21118.2
 15DIG 08-Nov-25 16:36 0064  KC9EOQ         599  599  074                    3  21118.2
 15DIG 08-Nov-25 16:43 0065  NX8G           599  599  128                    3  21112.5
 15DIG 08-Nov-25 16:45 0066  EA8/S53R       599  599  127                    3  21108.2
 15DIG 08-Nov-25 16:46 0067  EA8DED         599  599  596                    3  21104.4
 15DIG 08-Nov-25 16:57 0068  LT4A           599  599  016           LU       3  21100.5
 15DIG 08-Nov-25 16:58 0069  N0IRM          599  599  63                     3  21094.0
 15DIG 08-Nov-25 17:03 0070  DL5JS          599  599  253                    1  21082.8
 20DIG 08-Nov-25 17:11 0071  P33W           599  599  1158          5B       3  14083.1
 20DIG 08-Nov-25 17:14 0072  A61QQ          599  599  211           A6       3  14086.2
 20DIG 08-Nov-25 17:20 0073  S58M           599  599  176           S5       2  14089.7
 20DIG 08-Nov-25 17:26 0074  K1LZ           599  599  713           K        3  14092.8
 20DIG 08-Nov-25 17:30 0075  DK8MM          599  599  043           DL       1  14093.5
 20DIG 08-Nov-25 17:37 0076  K0ZR           599  599  446                    3  14095.4
 20DIG 08-Nov-25 17:40 0077  CT1DUD         599  599  131           CT       2  14094.1
 20DIG 08-Nov-25 17:49 0078  DP6A           599  599  524                    1  14104.5
 20DIG 08-Nov-25 17:52 0079  EE8E           599  599  390           EA8      3  14106.5
 20DIG 08-Nov-25 18:45 0080  K1MK           599  599  483                    3  14107.8
 20DIG 08-Nov-25 18:48 0081  DL5JS          599  599  283                    1  14111.0
 20DIG 08-Nov-25 18:48 0082  AA8R           599  599  229                    3  14112.3
 20DIG 08-Nov-25 18:48 0083  EA8/S53R       599  599  261                    3  14113.3
 20DIG 08-Nov-25 18:52 0084  W3FIZ          599  599  405                    3  14117.7
 20DIG 08-Nov-25 18:56 0085  K2NV           599  599  262                    3  14116.8
 20DIG 08-Nov-25 19:00 0086  K3AJ           599  599  559                    3  14115.6
 20DIG 08-Nov-25 19:01 0087  K3MM           599  599  709                    3  14115.1
 20DIG 08-Nov-25 19:05 0088  WA2DNI         599  599  223                    3  14105.7
 20DIG 08-Nov-25 19:06 0089  PY4EK          599  599  441           PY       3  14100.6
 40DIG 08-Nov-25 19:12 0090  F4ITQ          599  599  236           F        2   7042.5
 40DIG 08-Nov-25 19:19 0091  S51CK          599  599  133           S5       2   7048.0
 40DIG 08-Nov-25 19:21 0092  HG0NPJ         599  599  94            HA       2   7053.8
 40DIG 08-Nov-25 19:25 0093  YO9HP          599  599  489           YO       2   7063.1
 40DIG 08-Nov-25 19:25 0094  YU3A           599  599  448           YU       2   7068.8
 40DIG 08-Nov-25 19:29 0095  EA5OG          599  599  156           EA       2   7069.2
 40DIG 08-Nov-25 19:31 0096  RK9UE          599  599  017           UA9      3   7070.5
 40DIG 08-Nov-25 19:33 0097  EA2KV          599  599  090                    2   7072.6
 40DIG 08-Nov-25 19:34 0098  TA7I           599  599  244           TA       3   7071.4
 40DIG 08-Nov-25 19:36 0099  EE8E           599  599  588           EA8      3   7073.7
 40DIG 08-Nov-25 20:06 0100  LZ1QV          599  599  092           LZ       2   7072.0
 40DIG 08-Nov-25 20:07 0101  UT4LW          599  599  930           UR       2   7073.7
 40DIG 08-Nov-25 20:14 0102  4Z5FI          599  599  659           4X       3   7067.7
 40DIG 08-Nov-25 20:19 0103  Z35T           599  599  338           Z3       2   7049.5
 40DIG 08-Nov-25 20:24 0104  GW0A           599  599  472           GW       2   7039.0
 40DIG 08-Nov-25 20:26 0105  UN3M           599  599  741           UN       3   7044.8
 40DIG 08-Nov-25 20:27 0106  TA7OYG         599  599  394                    3   7040.6
 40DIG 08-Nov-25 20:32 0107  SV1DPJ         599  599  509           SV       2   7045.4
 80DIG 08-Nov-25 20:34 0108  MM9I           599  599  757           GM       2   3581.3
 80DIG 08-Nov-25 20:35 0109  DR3K           599  599  331           DL       1   3583.6
 80DIG 08-Nov-25 20:36 0110  DL8ULF         599  599  401                    1   3584.1
 80DIG 08-Nov-25 20:36 0111  DL3SYA         599  599  534                    1   3584.6
 80DIG 08-Nov-25 20:38 0112  DA2R           599  599  336                    1   3586.5
 80DIG 08-Nov-25 20:39 0113  IP5A           599  599  485           I        2   3588.3
 80DIG 08-Nov-25 20:43 0114  SI6X           599  599  139           SM       2   3591.6
 80DIG 08-Nov-25 20:46 0115  S53X           599  599  725           S5       2   3597.5
 80DIG 08-Nov-25 20:47 0116  UT4LW          599  599  971           UR       2   3597.5
 80DIG 08-Nov-25 20:47 0117  DL4ME          599  599  344                    1   3597.5
 80DIG 08-Nov-25 20:49 0118  DL5L           599  599  294                    1   3597.5
 80DIG 08-Nov-25 20:50 0119  DR3W           599  599  393                    1   3597.5
 80DIG 08-Nov-25 20:56 0120  F4CVO          599  599  265           F        2   3598.5
 80DIG 08-Nov-25 20:57 0121  GW0A           599  599  505           GW       2   3593.0
 80DIG 08-Nov-25 20:57 0122  DQ9Y           599  599  402                    1   3597.6
 80DIG 08-Nov-25 20:59 0123  EU8U           599  599  855           EU       2   3601.8
 40DIG 08-Nov-25 21:05 0124  P33W           599  599  1437          5B       3   7041.0
 80DIG 08-Nov-25 21:07 0125  DP9A           599  599  959                    1   3604.3
 80DIG 08-Nov-25 21:09 0126  DL2OE          599  599  248                    1   3605.1
 80DIG 08-Nov-25 21:10 0127  DJ3NG          599  599  306                    1   3606.2
 80DIG 08-Nov-25 21:20 0128  DQ2A           599  599  995                    1   3596.9
 80DIG 08-Nov-25 21:21 0129  9A1CCY         599  599  520           9A       2   3595.6
 80DIG 08-Nov-25 21:22 0130  LY5W           599  599  491           LY       2   3593.0
 80DIG 08-Nov-25 21:22 0131  YU3A           599  599  465           YU       2   3591.9
 80DIG 08-Nov-25 21:25 0132  S54A           599  599  999                    2   3586.8
 80DIG 08-Nov-25 21:26 0133  YU5R           599  599  520                    2   3584.4
 80DIG 08-Nov-25 21:28 0134  EU4E           599  599  645                    2   3591.5
 80DIG 08-Nov-25 21:29 0135  DM3W           599  599  681                    1   3593.5
 80DIG 08-Nov-25 21:31 0136  DL5JS          599  599  319                    1   3596.9
 80DIG 08-Nov-25 21:32 0137  DR6T           599  599  449                    1   3596.9
 80DIG 08-Nov-25 21:48 0138  UZ1WW          599  599  301                    2   3599.0
 80DIG 08-Nov-25 21:49 0139  DC2CL          599  599  193                    1   3596.5
 10DIG 09-Nov-25 08:28 0140  UC8U           599  599  335           UA9      3  28094.1
 10DIG 09-Nov-25 08:32 0141  JR4OZR         599  599  616           JA       3  28095.0
 10DIG 09-Nov-25 08:39 0142  JH4UTP         599  599  544                    3  28105.3
 10DIG 09-Nov-25 08:42 0143  EX7CQ          599  599  832           EX       3  28110.3
 10DIG 09-Nov-25 08:48 0144  RD0A           599  599  271                    3  28088.0
 15DIG 09-Nov-25 08:49 0145  SV2AOB         599  599  196           SV       2  21086.7
 15DIG 09-Nov-25 08:53 0146  OH3FM          599  599  658                    2  21088.8
 15DIG 09-Nov-25 08:55 0147  R3WA           599  599  319                    2  21089.3
 15DIG 09-Nov-25 08:57 0148  LX7I           599  599  482           LX       2  21082.7
 15DIG 09-Nov-25 09:00 0149  UT4LW          599  599  1186          UR       2  21086.0
 15DIG 09-Nov-25 09:01 0150  EW1E           599  599  241                    2  21086.0
 40DIG 09-Nov-25 09:08 0151  DK1KC          599  599  556                    1   7042.5
 40DIG 09-Nov-25 09:09 0152  DA2R           599  599  474                    1   7043.0
 40DIG 09-Nov-25 09:10 0153  DJ4WT          599  599  213                    1   7044.0
 40DIG 09-Nov-25 09:11 0154  2E0CEY         599  599  189           G        2   7045.7
 40DIG 09-Nov-25 09:12 0155  DK0RZ          599  599  018                    1   7046.9
 40DIG 09-Nov-25 09:12 0156  DQ2A           599  599  1300                   1   7048.4
 40DIG 09-Nov-25 09:14 0157  DK1WI          599  599  521                    1   7047.5
 40DIG 09-Nov-25 09:14 0158  HB9RB          599  599  099           HB       2   7054.0
 40DIG 09-Nov-25 09:15 0159  DC5BK          599  599  019                    1   7056.2
 40DIG 09-Nov-25 09:16 0160  DL2NBU         599  599  213                    1   7058.8
 40DIG 09-Nov-25 09:16 0161  OR7G           599  599  529                    2   7059.1
 40DIG 09-Nov-25 09:17 0162  DL4NWM         599  599  167                    1   7063.6
 40DIG 09-Nov-25 09:18 0163  DL4ZA          599  599  086                    1   7064.9
 40DIG 09-Nov-25 09:19 0164  DA0BCC         599  599  372                    1   7060.0
 40DIG 09-Nov-25 09:20 0165  PE2K           599  599  097           PA       2   7044.9
 40DIG 09-Nov-25 09:22 0166  DJ2AX          599  599  290                    1   7044.9
 40DIG 09-Nov-25 09:23 0167  DM4KCS         599  599  184                    1   7044.9
 40DIG 09-Nov-25 09:25 0168  DL5ARM         599  599  296                    1   7044.9
 40DIG 09-Nov-25 09:25 0169  DK1RF          599  599  042                    1   7044.9
 40DIG 09-Nov-25 09:26 0170  DL8SAM         599  599  107                    1   7044.9
 40DIG 09-Nov-25 09:26 0171  PA3EPO         599  599  092                    2   7044.9
 40DIG 09-Nov-25 09:27 0172  IN3OWY         599  599  294           I        2   7044.9
 40DIG 09-Nov-25 09:27 0173  DL1PLS         599  599  325                    1   7044.9
 40DIG 09-Nov-25 09:28 0174  DF5GO          599  599  036                    1   7044.9
 40DIG 09-Nov-25 09:29 0175  F5BEG          599  599  003                    2   7044.9
 40DIG 09-Nov-25 09:30 0176  PD7JV          599  599  61                     2   7044.9
 40DIG 09-Nov-25 09:31 0177  PG7M           599  599  322                    2   7044.9
 40DIG 09-Nov-25 09:32 0178  DL7ALM         599  599  151                    1   7044.9
 40DIG 09-Nov-25 09:33 0179  DL7AUO         599  599  411                    1   7044.9
 40DIG 09-Nov-25 09:36 0180  DL9FB          599  599  284                    1   7044.9
 40DIG 09-Nov-25 09:36 0181  DR6T           599  599  569                    1   7044.9
 40DIG 09-Nov-25 09:37 0182  DL2RZ          599  599  092                    1   7044.9
 40DIG 09-Nov-25 09:37 0183  DL1JHR         599  599  247                    1   7044.9
 40DIG 09-Nov-25 09:37 0184  DN4TG          599  599  603                    1   7044.9
 40DIG 09-Nov-25 09:38 0185  DJ8EW          599  599  266                    1   7044.9
 40DIG 09-Nov-25 09:39 0186  DL8PA          599  599  180                    1   7044.9
 40DIG 09-Nov-25 09:39 0187  DG1MH          599  599  029                    1   7044.9
 40DIG 09-Nov-25 09:41 0188  9A9TT          599  599  146           9A       2   7044.9
 40DIG 09-Nov-25 09:41 0189  I2DJX          599  599  138                    2   7044.9
 40DIG 09-Nov-25 09:42 0190  DF6QV          599  599  205                    1   7044.9
 40DIG 09-Nov-25 09:43 0191  DL2AKT         599  599  100                    1   7044.9
 40DIG 09-Nov-25 09:44 0192  IK5FKF         599  599  243                    2   7044.9
 40DIG 09-Nov-25 09:44 0193  DL7UKT         599  599  074                    1   7044.9
 40DIG 09-Nov-25 09:56 0194  DL0CK          599  599  178                    1   7043.5
 40DIG 09-Nov-25 09:57 0195  DL3SYA         599  599  612                    1   7044.7
 40DIG 09-Nov-25 09:59 0196  OE2GEN         599  599  051           OE       2   7048.6
 40DIG 09-Nov-25 10:00 0197  DK0AM          599  599  465                    1   7049.3
 40DIG 09-Nov-25 10:02 0198  ON6OM          599  599  193                    2   7051.0
 40DIG 09-Nov-25 10:03 0199  DC5PAD         599  599  046                    1   7054.8
 40DIG 09-Nov-25 10:04 0200  DG6ME          599  599  134                    1   7042.3
 40DIG 09-Nov-25 10:05 0201  PA3EWG         599  599  304                    2   7042.3
 40DIG 09-Nov-25 10:05 0202  PA7LV          599  599  525                    2   7042.3
 40DIG 09-Nov-25 10:06 0203  DF4ZL          599  599  523                    1   7042.3
 40DIG 09-Nov-25 10:06 0204  SP2UUU         599  599  077           SP       2   7042.3
 40DIG 09-Nov-25 10:08 0205  DL1MBG         599  599  091                    1   7042.3
 40DIG 09-Nov-25 10:08 0206  TM3Z           599  599  1139                   2   7042.3
 40DIG 09-Nov-25 10:09 0207  GE7RTI         599  599  107                    2   7042.3
 40DIG 09-Nov-25 10:10 0208  HB9CAT         599  599  134                    2   7042.3
 40DIG 09-Nov-25 10:11 0209  DB7A           599  599  178                    1   7042.3
 20DIG 09-Nov-25 10:16 0210  DR3K           599  599  533                    1  14085.6
 20DIG 09-Nov-25 10:17 0211  SP9DWV         599  599  079           SP       2  14084.8
 20DIG 09-Nov-25 10:18 0212  YU3A           599  599  654           YU       2  14086.1
 20DIG 09-Nov-25 10:19 0213  S54A           599  599  1364                   2  14086.5
 20DIG 09-Nov-25 10:19 0214  RA3Y           599  599  372           UA       2  14087.4
 20DIG 09-Nov-25 10:21 0215  IZ4UFB         599  599  153           I        2  14088.9
 20DIG 09-Nov-25 10:24 0216  RN1AO          599  599  205                    2  14089.7
 20DIG 09-Nov-25 10:25 0217  PD2PKM         599  599  218           PA       2  14090.6
 20DIG 09-Nov-25 10:26 0218  OE2GEN         599  599  090           OE       2  14090.2
 20DIG 09-Nov-25 10:28 0219  DM3W           599  599  1005                   1  14091.8
 20DIG 09-Nov-25 10:30 0220  SP4BP          599  599  136                    2  14092.9
 20DIG 09-Nov-25 10:31 0221  SB7A           599  599  279           SM       2  14093.3
 20DIG 09-Nov-25 10:33 0222  EA7JTP         599  599  089           EA       2  14094.6
 20DIG 09-Nov-25 10:35 0223  DF3VM          599  599  127                    1  14095.5
 20DIG 09-Nov-25 10:36 0224  IV3CMW         599  599  103                    2  14096.6
 20DIG 09-Nov-25 10:36 0225  F5SJC          599  599  126           F        2  14098.3
 20DIG 09-Nov-25 10:38 0226  SP8CGU         599  599  269                    2  14100.6
 20DIG 09-Nov-25 10:38 0227  S51A           599  599  633                    2  14101.6
 20DIG 09-Nov-25 10:39 0228  PH3T           599  599  154                    2  14102.1
 20DIG 09-Nov-25 10:40 0229  LA1TV          599  599  511           LA       2  14103.0
 20DIG 09-Nov-25 10:42 0230  F4HRG          599  599  599                    2  14104.0
 20DIG 09-Nov-25 10:43 0231  IP5A           599  599  755                    2  14107.2
 20DIG 09-Nov-25 10:47 0232  Z66BCC         599  599  1284          Z6       2  14108.0
 20DIG 09-Nov-25 10:52 0233  DL1BUG         599  599  307                    1  14110.3
 20DIG 09-Nov-25 10:53 0234  DL1ASA         599  599  647                    1  14111.2
 20DIG 09-Nov-25 11:14 0235  IW1CBG         599  599  367                    2  14114.9
 20DIG 09-Nov-25 11:16 0236  S52OT          599  599  380                    2  14117.6
 20DIG 09-Nov-25 11:27 0237  JH4UTP         599  599  620           JA       3  14118.5
 20DIG 09-Nov-25 13:32 0238  EU8U           599  599  1319          EU       2  14112.3
 20DIG 09-Nov-25 13:33 0239  UZ1WW          599  599  455           UR       2  14111.6
 20DIG 09-Nov-25 13:34 0240  UR5SD          599  599  618                    2  14111.0
 20DIG 09-Nov-25 13:35 0241  RG2Y           599  599  263                    2  14110.0
 20DIG 09-Nov-25 13:36 0242  UA3RW          599  599  201                    2  14108.8
 20DIG 09-Nov-25 13:37 0243  IZ5OQX         599  599  150                    2  14100.8
 20DIG 09-Nov-25 13:39 0244  UC0A           599  599  298           UA9      3  14104.2
 20DIG 09-Nov-25 13:41 0245  SP4LO          599  599  322                    2  14104.2
 20DIG 09-Nov-25 13:43 0246  9A7B           599  599  309           9A       2  14104.2
 10DIG 09-Nov-25 13:52 0247  NJ4P           599  599  1419          K        3  28082.8
 10DIG 09-Nov-25 14:03 0248  N4QS           599  599  233                    3  28102.5
 10DIG 09-Nov-25 14:05 0249  NM2K           599  599  229                    3  28103.9
 10DIG 09-Nov-25 14:15 0250  MW9W           599  599  635           GW       2  28115.9
 10DIG 09-Nov-25 14:17 0251  AB2E           599  599  424                    3  28126.0
 10DIG 09-Nov-25 14:22 0252  A71AE          599  599  150           A7       3  28089.5
 10DIG 09-Nov-25 14:46 0253  K3AJ           599  599  985                    3  28085.5
 10DIG 09-Nov-25 14:53 0254  KU2M           599  599  287                    3  28083.5
 15DIG 09-Nov-25 14:56 0255  K1DC           599  599  583                    3  21086.3
 15DIG 09-Nov-25 14:59 0256  RG2Y           599  599  327                    2  21089.5
 15DIG 09-Nov-25 15:00 0257  CT7BJG         599  599  1242          CT       2  21087.9
 15DIG 09-Nov-25 15:01 0258  A71AE          599  599  185           A7       3  21087.5
 15DIG 09-Nov-25 15:02 0259  R5KH           599  599  154                    2  21091.4
 15DIG 09-Nov-25 15:04 0260  EA4BAS         599  599  529                    2  21093.3
 15DIG 09-Nov-25 15:05 0261  KU2M           599  599  299                    3  21095.7
 15DIG 09-Nov-25 15:08 0262  LZ2YO          599  599  239           LZ       2  21098.6
 15DIG 09-Nov-25 15:11 0263  F1RHS          599  599  189           F        2  21101.0
 15DIG 09-Nov-25 15:14 0264  YQ6A           599  599  1108          YO       2  21104.7
 15DIG 09-Nov-25 15:15 0265  LZ6K           599  599  527                    2  21105.5
 15DIG 09-Nov-25 15:18 0266  9A925T         599  599  720           9A       2  21109.0
 15DIG 09-Nov-25 15:19 0267  RT2H           599  599  279                    2  21114.9
 15DIG 09-Nov-25 15:19 0268  WN8Y           599  599  165                    3  21117.3
 15DIG 09-Nov-25 15:22 0269  DL0RD          599  599  415                    1  21112.5
 15DIG 09-Nov-25 15:24 0270  N7UVH          599  599  13                     3  21112.5
 15DIG 09-Nov-25 15:26 0271  EA8AQV         599  599  239                    3  21112.5
 15DIG 09-Nov-25 15:29 0272  AB4SF          599  599  337                    3  21112.5
 15DIG 09-Nov-25 15:31 0273  VE3TW          599  599  150                    3  21112.5
 15DIG 09-Nov-25 15:32 0274  N1API          599  599  153                    3  21112.5
 15DIG 09-Nov-25 15:37 0275  SN7Q           599  599  1581          SP       2  21115.6
 20DIG 09-Nov-25 15:38 0276  EW8DX          599  599  953                    2  14105.5
 20DIG 09-Nov-25 15:39 0277  ED4Y           599  599  520                    2  14108.1
 20DIG 09-Nov-25 15:41 0278  TA7OYG         599  599  836           TA       3  14104.1
 20DIG 09-Nov-25 15:42 0279  E77EA          599  599  459           E7       2  14102.6
 20DIG 09-Nov-25 15:43 0280  UR1UU          599  599  434                    2  14099.4
 20DIG 09-Nov-25 15:43 0281  UN3M           599  599  1151          UN       3  14098.6
 20DIG 09-Nov-25 15:56 0282  LZ3QE          599  599  919           LZ       2  14098.0
 20DIG 09-Nov-25 15:57 0283  EA3RCB         599  599  784                    2  14095.8
 20DIG 09-Nov-25 15:58 0284  SV1DPJ         599  599  958           SV       2  14095.3
 20DIG 09-Nov-25 16:00 0285  DP6K           599  599  893                    1  14093.5
 20DIG 09-Nov-25 16:01 0286  YL3NU          599  599  488           YL       2  14091.8
 20DIG 09-Nov-25 16:02 0287  Z33B           599  599  331           Z3       2  14091.2
 20DIG 09-Nov-25 16:06 0288  IT9IVU         599  599  090           IT9      2  14087.5
 20DIG 09-Nov-25 16:06 0289  EA8DED         599  599  969                    3  14087.1
 20DIG 09-Nov-25 16:08 0290  YQ6A           599  599  1163          YO       2  14084.6
 20DIG 09-Nov-25 16:08 0291  ER3UA          599  599  168           ER       2  14084.3
 20DIG 09-Nov-25 16:09 0292  RZ3Z           599  599  904                    2  14083.0
 20DIG 09-Nov-25 16:11 0293  TA7I           599  599  615                    3  14086.3
 20DIG 09-Nov-25 16:12 0294  G4TCI          599  599  093           G        2  14086.3
 20DIG 09-Nov-25 16:13 0295  UR5FS          599  599  155                    2  14086.3
 20DIG 09-Nov-25 16:13 0296  EA4FME         599  599  370                    2  14086.3
 20DIG 09-Nov-25 16:14 0297  9H1CG          599  599  153           9H       2  14086.3
 20DIG 09-Nov-25 16:14 0298  LZ2MP          599  599  239                    2  14086.3
 20DIG 09-Nov-25 16:16 0299  IK7BEF         599  599  062                    2  14086.3
 20DIG 09-Nov-25 16:17 0300  YO9HP          599  599  1162                   2  14086.3
 20DIG 09-Nov-25 16:18 0301  IZ0FVD         599  599  048                    2  14086.3
 20DIG 09-Nov-25 16:19 0302  YO4BEW         599  599  306                    2  14086.3
 10DIG 09-Nov-25 16:22 0303  DL5JS          599  599  479                    1  28097.8
 10DIG 09-Nov-25 16:24 0304  N0IRM          599  599  218                    3  28105.2
 10DIG 09-Nov-25 16:27 0305  K2QB           599  599  188                    3  28097.2
 10DIG 09-Nov-25 16:34 0306  VA3LR          599  599  566           VE       3  28095.2
 15DIG 09-Nov-25 18:36 0307  AA4DD          599  599  290                    3  21117.5
 15DIG 09-Nov-25 18:44 0308  N1NQD          599  599  414                    3  21115.0
 15DIG 09-Nov-25 18:59 0309  AB2E           599  599  574                    3  21112.6
 15DIG 09-Nov-25 19:01 0310  WB8JUI         599  599  248                    3  21104.0
 15DIG 09-Nov-25 19:02 0311  W0LSD          599  599  704                    3  21103.0
 15DIG 09-Nov-25 19:05 0312  NM2K           599  599  392                    3  21094.7
 15DIG 09-Nov-25 19:08 0313  WA2QAU         599  599  323                    3  21090.0
 15DIG 09-Nov-25 19:12 0314  DQ9Y           599  599  803                    1  21083.5
 15DIG 09-Nov-25 19:14 0315  W6EU           599  599  369                    3  21091.2
 15DIG 09-Nov-25 19:16 0316  AA0FO          599  599  68                     3  21095.1
 15DIG 09-Nov-25 19:22 0317  K2RET          599  599  347                    3  21092.0
 20DIG 09-Nov-25 19:28 0318  AI0Y           599  599  507                    3  14089.6
 20DIG 09-Nov-25 19:33 0319  KT3Q           599  599  117                    3  14089.1
 20DIG 09-Nov-25 19:35 0320  K0TC           599  599  203                    3  14090.8
 20DIG 09-Nov-25 19:37 0321  FY5KE          599  599  1010          FY       3  14091.2
 20DIG 09-Nov-25 19:44 0322  PY5FO          599  599  196                    3  14095.5
 20DIG 09-Nov-25 19:46 0323  K3MD           599  599  116                    3  14107.4
 20DIG 09-Nov-25 19:50 0324  W3UL           599  599  289                    3  14115.4
 20DIG 09-Nov-25 19:54 0325  N3FCP          599  599  207                    3  14119.7
 20DIG 09-Nov-25 19:58 0326  4U1WB          599  599  129                    3  14118.4
 20DIG 09-Nov-25 19:58 0327  AA3B           599  599  1029                   3  14115.9
 20DIG 09-Nov-25 20:00 0328  W8TOM          599  599  197                    3  14120.5
 20DIG 09-Nov-25 20:02 0329  K4RUM          599  599  398                    3  14121.0
 20DIG 09-Nov-25 20:04 0330  AB2E           599  599  610                    3  14124.4
 40DIG 09-Nov-25 20:07 0331  EC1RS          599  599  255                    2   7043.0
 40DIG 09-Nov-25 20:08 0332  OH2T           599  599  442           OH       2   7045.1
 40DIG 09-Nov-25 20:12 0333  JR4OZR         599  599  834           JA       3   7040.7
 40DIG 09-Nov-25 20:22 0334  K1LZ           599  599  1582          K        3   7041.7
 80DIG 09-Nov-25 20:26 0335  DM1I           599  599  501                    1   3578.0
 80DIG 09-Nov-25 20:27 0336  M5P            599  599  280           G        2   3579.5
 80DIG 09-Nov-25 20:28 0337  I1NVU          599  599  125                    2   3580.1
 80DIG 09-Nov-25 20:30 0338  DO3PKE         599  599  223                    1   3583.6
 80DIG 09-Nov-25 20:31 0339  DM5F           599  599  718                    1   3584.4
 80DIG 09-Nov-25 20:35 0340  S51A           599  599  913                    2   3592.5
 80DIG 09-Nov-25 20:37 0341  S52WD          599  599  325                    2   3595.6
 80DIG 09-Nov-25 20:38 0342  PA4O           599  599  501           PA       2   3596.4
 80DIG 09-Nov-25 20:40 0343  OK1KKI         599  599  720           OK       2   3596.9
 80DIG 09-Nov-25 20:41 0344  HA8WY          599  599  620           HA       2   3596.9
 80DIG 09-Nov-25 20:42 0345  Z66BCC         599  599  1527          Z6       2   3596.9
 80DIG 09-Nov-25 20:42 0346  DK1KC          599  599  787                    1   3596.9
 80DIG 09-Nov-25 20:43 0347  F4IBJ          599  599  340                    2   3596.9
 80DIG 09-Nov-25 20:44 0348  DG8M           599  599  726                    1   3596.9
 80DIG 09-Nov-25 20:44 0349  TM3Z           599  599  1577                   2   3596.9
 80DIG 09-Nov-25 20:44 0350  G7D            599  599  284                    2   3596.9
 80DIG 09-Nov-25 20:45 0351  LY2F           599  599  907                    2   3596.9
 80DIG 09-Nov-25 20:47 0352  7S5S           599  599  214                    2   3596.9
 80DIG 09-Nov-25 20:49 0353  DK0WAE         599  599  458                    1   3596.9
 80DIG 09-Nov-25 20:50 0354  IK0HTP         599  599  130                    2   3596.9
 80DIG 09-Nov-25 20:50 0355  SN7Q           599  599  1792          SP       2   3596.9
 80DIG 09-Nov-25 20:53 0356  DO4OD          599  599  374                    1   3596.9
 80DIG 09-Nov-25 20:54 0357  IW2FUT         599  599  104                    2   3596.9
 80DIG 09-Nov-25 20:55 0358  9A925T         599  599  850                    2   3596.9
 80DIG 09-Nov-25 20:55 0359  M0MPM          599  599  200                    2   3596.9
 80DIG 09-Nov-25 20:59 0360  G0GQT          599  599  594                    2   3596.9
 80DIG 09-Nov-25 21:06 0361  EA2CCG         599  599  118           EA       2   3594.0
 80DIG 09-Nov-25 21:06 0362  F4EQN          599  599  363                    2   3593.0
 80DIG 09-Nov-25 21:09 0363  IV3NVB         599  599  119                    2   3588.5
 80DIG 09-Nov-25 21:15 0364  DA0BCC         599  599  631                    1   3586.6
 80DIG 09-Nov-25 21:16 0365  HB9HQX         599  599  202           HB       2   3587.5
 80DIG 09-Nov-25 21:17 0366  E77EA          599  599  655           E7       2   3587.9
 80DIG 09-Nov-25 21:19 0367  EA2AR          599  599  250                    2   3578.1
 80DIG 09-Nov-25 21:21 0368  HA5GF          599  599  782                    2   3598.2
 80DIG 09-Nov-25 21:23 0369  OH2PM          599  599  603           OH       2   3598.8
 80DIG 09-Nov-25 21:26 0370  EE8E           599  599  2078          EA8      3   3605.4
 80DIG 09-Nov-25 21:27 0371  LX/PA3DUU      599  599  1394          LX       2   3603.8
 80DIG 09-Nov-25 21:40 0372  DG1MH          599  599  123                    1   3605.9
 80DIG 09-Nov-25 21:41 0373  DL5NO          599  599  578                    1   3605.9
 80DIG 09-Nov-25 21:46 0374  GW4W           599  599  180                    2   3604.9
 80DIG 09-Nov-25 21:48 0375  DL1QW          599  599  769                    1   3598.5
 80DIG 09-Nov-25 21:50 0376  P33W           599  599  2540          5B       3   3585.2
 80DIG 09-Nov-25 21:51 0377  LB1R           599  599  260           LA       2   3591.6
 80DIG 09-Nov-25 21:54 0378  ON6AT          599  599  145           ON       2   3584.4
 80DIG 09-Nov-25 21:55 0379  DP7D           599  599  1632                   1   3590.0
 40DIG 09-Nov-25 22:00 0380  DF8QB          599  599  476                    1   7048.2
