 15DIG 13-Dec-25 12:54 0001  LZ8E           599  599  022           LZ       2  21083.0
 15DIG 13-Dec-25 12:55 0002  UT5EPP         599  599  136 TRC       UR       2  21086.6
 15DIG 13-Dec-25 12:59 0003  LZ2A           599  599  078                    2  21091.4
 15DIG 13-Dec-25 13:01 0004  RG9A           599  599  281           UA9      3  21097.0
 15DIG 13-Dec-25 13:02 0005  UC6N           599  599  158 TRC       UA       2  21094.0
 20DIG 13-Dec-25 13:03 0006  UZ1WW          599  599  137 TRC       UR       2  14086.6
 20DIG 13-Dec-25 13:04 0007  SI3A           599  599  044           SM       2  14086.1
 20DIG 13-Dec-25 13:05 0008  RA6LIS         599  599  082           UA       2  14083.6
 20DIG 13-Dec-25 13:06 0009  DL3YEE         599  599  021           DL       1  14087.8
 20DIG 13-Dec-25 13:08 0010  PH3T           599  599  040 TRC       PA       2  14088.4
 20DIG 13-Dec-25 13:11 0011  7S5S           599  599  075                    2  14091.6
 20DIG 13-Dec-25 13:14 0012  IW3SSD         599  599  114 TRC       I        2  14094.2
 20DIG 13-Dec-25 13:15 0013  S53X           599  599  143 TRC       S5       2  14093.8
 20DIG 13-Dec-25 13:17 0014  UT5EPP         599  599  143 TRC                2  14095.4
 20DIG 13-Dec-25 13:18 0015  LZ1YE          599  599  161 TRC       LZ       2  14096.5
 20DIG 13-Dec-25 13:19 0016  S52OT          599  599  122                    2  14096.9
 20DIG 13-Dec-25 13:20 0017  YL3DJ          599  599  088 TRC       YL       2  14099.3
 20DIG 13-Dec-25 13:23 0018  LY2F           599  599  175           LY       2  14096.0
 20DIG 13-Dec-25 13:24 0019  GM0KWW         599  599  002           GM       2  14096.0
 20DIG 13-Dec-25 13:24 0020  M4N            599  599  079           G        2  14096.0
 20DIG 13-Dec-25 13:25 0021  RG9A           599  599  291           UA9      3  14096.0
 20DIG 13-Dec-25 13:25 0022  F5MMB          599  599  036           F        2  14096.0
 20DIG 13-Dec-25 13:27 0023  EA4GOY         599  599  138           EA       2  14096.0
 20DIG 13-Dec-25 18:07 0024  LZ4A           599  599  119                    2  14086.0
 20DIG 13-Dec-25 18:08 0025  AE1P           599  599  12            K        3  14088.8
 20DIG 13-Dec-25 18:09 0026  4Z5FI          599  599  110 TRC       4X       3  14091.7
 40DIG 13-Dec-25 18:11 0027  S51CK          599  599  271           S5       2   7040.9
 40DIG 13-Dec-25 18:12 0028  SQ1BVG         599  599  174           SP       2   7041.3
 40DIG 13-Dec-25 18:13 0029  EA3IAZ         599  599  039           EA       2   7042.1
 40DIG 13-Dec-25 18:14 0030  LZ3QE          599  599  256 TRC       LZ       2   7041.6
 40DIG 13-Dec-25 18:16 0031  DQ9Y           599  599  043           DL       1   7043.4
 40DIG 13-Dec-25 18:18 0032  IZ2ZQP         599  599  081           I        2   7045.1
 40DIG 13-Dec-25 18:20 0033  OH8KA          599  599  103 TRC       OH       2   7047.0
 40DIG 13-Dec-25 18:23 0034  HA1TIB         599  599  027           HA       2   7043.0
 40DIG 13-Dec-25 18:24 0035  S52W           599  599  073                    2   7043.0
 40DIG 13-Dec-25 18:25 0036  EA2ESU         599  599  036                    2   7043.0
 40DIG 13-Dec-25 18:27 0037  HA8WY          599  599  168                    2   7043.0
 40DIG 13-Dec-25 18:29 0038  RG9A           599  599  413           UA9      3   7043.0
 40DIG 13-Dec-25 18:32 0039  EA4GOY         599  599  295                    2   7043.0
 80DIG 13-Dec-25 18:36 0040  S53K           599  599  030           S5       2   3579.2
 80DIG 13-Dec-25 18:37 0041  DL1SWB         599  599  170 TRC       DL       1   3587.8
 80DIG 13-Dec-25 18:38 0042  LX5M           599  599  057           LX       2   3589.3
 80DIG 13-Dec-25 18:39 0043  SE4E           599  599  250 TRC       SM       2   3591.1
 80DIG 13-Dec-25 18:42 0044  EA4GOY         599  599  306           EA       2   3578.5
 80DIG 13-Dec-25 18:44 0045  LY2F           599  599  325           LY       2   3578.5
 40DIG 13-Dec-25 19:00 0046  EA3F           599  599  126                    2   7042.4
 40DIG 13-Dec-25 19:01 0047  RC5Z           599  599  051           UA       2   7045.6
 40DIG 13-Dec-25 19:03 0048  S53K           599  599  053                    2   7056.0
 40DIG 13-Dec-25 19:33 0049  LZ2YO          599  599  29 TRC                 2   7040.5
 40DIG 13-Dec-25 19:36 0050  LZ8E           599  599  160                    2   7041.6
