 20DIG 11-Oct-25 19:44 0001  K3AJ           599  599  FM19          K        3  14098.9
 20DIG 11-Oct-25 19:45 0002  AC2FA          599  599  FN03                   3  14099.3
 20DIG 11-Oct-25 19:46 0003  W4VIC          599  599  FM16                   3  14098.3
 20DIG 11-Oct-25 19:47 0004  PA4O           599  599  JO33          PA       2  14094.8
 20DIG 11-Oct-25 19:48 0005  K3MM           599  599  FM19                   3  14094.2
 20DIG 11-Oct-25 19:49 0006  NW3L           599  599  FM18                   3  14093.1
 20DIG 11-Oct-25 19:50 0007  NS4T           599  599  EM73                   3  14092.5
 20DIG 11-Oct-25 19:51 0008  K1DC           599  599  FN42                   3  14091.8
 20DIG 11-Oct-25 19:58 0009  K5VIP          599  599  FM16                   3  14083.9
 20DIG 11-Oct-25 19:58 0010  AC6ZM          599  599  EM15                   3  14083.9
 20DIG 11-Oct-25 20:00 0011  KA3DCO         599  599  FM18                   3  14083.9
 20DIG 11-Oct-25 20:03 0012  KB3Z           599  599  FN20                   3  14083.3
 20DIG 11-Oct-25 20:04 0013  VE2FXL         599  599  FN46          VE       3  14084.7
 20DIG 11-Oct-25 20:06 0014  AI0Y           599  599  EN08                   3  14085.9
 20DIG 11-Oct-25 20:06 0015  W1IE           599  599  FM07                   3  14086.4
 20DIG 11-Oct-25 20:08 0016  W4BBT          599  599  FM06                   3  14087.9
 20DIG 11-Oct-25 20:09 0017  N6AR           599  599  EL98                   3  14103.7
 20DIG 11-Oct-25 20:09 0018  VE2BVV         599  599  FN36                   3  14104.3
 20DIG 11-Oct-25 20:10 0019  WA2QAU         599  599  FN03                   3  14104.9
 20DIG 11-Oct-25 20:14 0020  K4HWS          599  599  EM55                   3  14106.8
 20DIG 11-Oct-25 20:15 0021  KB3AAY         599  599  FM19                   3  14106.8
 20DIG 11-Oct-25 20:18 0022  WT2J           599  599  FN30                   3  14107.3
 20DIG 11-Oct-25 20:19 0023  N3QE           599  599  FM19                   3  14108.1
 20DIG 11-Oct-25 20:20 0024  K4RUM          599  599  FN30                   3  14111.4
 20DIG 11-Oct-25 20:22 0025  K1MK           599  599  FN32                   3  14114.1
 40DIG 11-Oct-25 20:23 0026  RG9A           599  599  MO04          UA9      3   7042.8
 40DIG 11-Oct-25 20:24 0027  LY1R           599  599  KO14          LY       2   7044.6
 40DIG 11-Oct-25 20:26 0028  EA7KI          599  599  IM76          EA       2   7045.0
 40DIG 11-Oct-25 20:29 0029  RA1M           599  599  KO59          UA       2   7047.4
 40DIG 11-Oct-25 20:30 0030  GM4JKZ         599  599  IO85          GM       2   7047.4
 40DIG 11-Oct-25 20:30 0031  LY2CG          599  599  KO24                   2   7047.4
 40DIG 11-Oct-25 20:32 0032  US7UK          599  599  KO50          UR       2   7047.4
 40DIG 11-Oct-25 20:34 0033  EA7AKE         599  599  IM77                   2   7047.4
 15DIG 11-Oct-25 20:39 0034  K3MM           599  599  FM19          K        3  21095.4
 15DIG 11-Oct-25 20:40 0035  AG4TT          599  599  FM15                   3  21098.9
 20DIG 11-Oct-25 20:42 0036  K9OM           599  599  EN65                   3  14114.9
 20DIG 11-Oct-25 20:43 0037  AI6O           599  599  EM29                   3  14113.9
 20DIG 11-Oct-25 20:44 0038  VE2NMB         599  599  FN36                   3  14112.0
 20DIG 11-Oct-25 20:46 0039  WI1U           599  599  FN32                   3  14106.2
 20DIG 11-Oct-25 20:46 0040  WJ1U           599  599  FN43                   3  14105.4
 20DIG 11-Oct-25 20:47 0041  K0TC           599  599  EN35                   3  14102.1
 20DIG 11-Oct-25 20:48 0042  AG4TT          599  599  FM15                   3  14101.0
 20DIG 11-Oct-25 20:49 0043  YV4ABR         599  599  FK60          YV       3  14099.6
 20DIG 11-Oct-25 20:51 0044  WQ5L           599  599  EM50                   3  14094.0
 20DIG 11-Oct-25 20:52 0045  K2RET          599  599  FM29                   3  14090.8
 20DIG 11-Oct-25 20:54 0046  N1WR           599  599  FM17                   3  14086.8
 20DIG 11-Oct-25 20:54 0047  W4CB           599  599  FM06                   3  14085.7
 20DIG 11-Oct-25 20:55 0048  N4QS           599  599  EM56                   3  14083.9
 20DIG 11-Oct-25 21:04 0049  NJ4P           599  599  EM55                   3  14094.7
 20DIG 11-Oct-25 21:07 0050  N4TB           599  599  EL97                   3  14104.0
 20DIG 11-Oct-25 21:08 0051  K2DAR          599  599  FN22                   3  14104.0
 20DIG 11-Oct-25 21:10 0052  KD8FS          599  599  EN72                   3  14104.0
 15DIG 12-Oct-25 08:09 0053  RG9A           599  599  MO04          UA9      3  21091.3
 15DIG 12-Oct-25 08:12 0054  EA4GOY         599  599  IM79          EA       2  21091.9
 20DIG 12-Oct-25 08:16 0055  OK1KKI         599  599  JN79          OK       2  14083.6
 20DIG 12-Oct-25 08:17 0056  EA4BAS         599  599  IN80          EA       2  14085.2
 20DIG 12-Oct-25 08:18 0057  EA3AYQ         599  599  JN11                   2  14094.0
 20DIG 12-Oct-25 08:20 0058  F5OAM          599  599  JN04          F        2  14094.4
 20DIG 12-Oct-25 08:21 0059  SZ1A           599  599  KM08          SV       2  14096.1
 20DIG 12-Oct-25 08:23 0060  EA4GOY         599  599  IM79                   2  14099.3
 20DIG 12-Oct-25 08:24 0061  RG9A           599  599  MO04          UA9      3  14100.4
 20DIG 12-Oct-25 08:24 0062  Z36N           599  599  KN11          Z3       2  14100.9
 20DIG 12-Oct-25 08:25 0063  IT9RZU         599  599  JM68          IT9      2  14103.0
 15DIG 12-Oct-25 11:13 0064  EA8DED         599  599  IL18          EA8      3  21094.6
 15DIG 12-Oct-25 11:25 0065  EA4BAS         599  599  IN80                   2  21097.9
 15DIG 12-Oct-25 11:29 0066  SV3AUW         599  599  KM17          SV       2  21098.3
 15DIG 12-Oct-25 11:31 0067  AE1P           599  599  FN32                   3  21092.1
 15DIG 12-Oct-25 11:34 0068  9A1CCY         599  599  JN85          9A       2  21090.2
 15DIG 12-Oct-25 11:44 0069  RZ9A           599  599  MO04                   3  21095.2
 15DIG 12-Oct-25 11:45 0070  LZ2YO          599  599  KN13          LZ       2  21098.6
 10DIG 12-Oct-25 11:50 0071  PY5FO          599  599  GG54          PY       3  28097.5
 10DIG 12-Oct-25 11:50 0072  EA8DED         599  599  IL18          EA8      3  28094.8
 10DIG 12-Oct-25 11:51 0073  PU1JSV         599  599  GG87                   3  28099.9
 10DIG 12-Oct-25 11:54 0074  DF8QB          599  599  JO31          DL       1  28103.4
 15DIG 12-Oct-25 12:05 0075  NA4DA          599  599  EL89                   3  21092.6
 15DIG 12-Oct-25 12:10 0076  LZ6K           599  599  KN23                   2  21084.4
 15DIG 12-Oct-25 12:17 0077  P3X            599  599  KM65          5B       3  21081.9
 15DIG 12-Oct-25 12:25 0078  KB3Z           599  599  FN20                   3  21085.8
 15DIG 12-Oct-25 12:31 0079  3V8LL          599  599  JM53          3V       3  21082.7
 15DIG 12-Oct-25 12:35 0080  K3MM           599  599  FM19                   0  21084.5
 15DIG 12-Oct-25 12:35 0081  AB4SF          599  599  FM17                   3  21084.5
 15DIG 12-Oct-25 12:36 0082  K3AJ           599  599  FM19                   3  21084.5
 15DIG 12-Oct-25 12:37 0083  K3ANI          599  599  FM19                   3  21084.5
 15DIG 12-Oct-25 12:39 0084  NJ4P           599  599  EM55                   3  21084.5
 15DIG 12-Oct-25 12:39 0085  K1MK           599  599  FN32                   3  21084.5
 15DIG 12-Oct-25 13:33 0086  K5ZD           599  599  EN90                   3  21084.3
 15DIG 12-Oct-25 13:35 0087  RA9AU          599  599  MO04                   3  21085.0
 15DIG 12-Oct-25 13:36 0088  N1WR           599  599  FM17                   3  21087.0
 15DIG 12-Oct-25 13:37 0089  WW3S           599  599  EN91                   3  21089.9
 15DIG 12-Oct-25 13:38 0090  NM2K           599  599  FN02                   3  21090.8
 15DIG 12-Oct-25 13:41 0091  N3QE           599  599  FM19                   3  21093.6
 15DIG 12-Oct-25 13:42 0092  WB2COY         599  599  FN31                   3  21093.6
 15DIG 12-Oct-25 13:42 0093  N4TL           599  599  FM05                   3  21093.6
 15DIG 12-Oct-25 13:43 0094  K5VIP          599  599  FM16                   3  21093.6
 15DIG 12-Oct-25 13:46 0095  K4HWS          599  599  EM55                   3  21093.6
