 20DIG 21-Sep-25 17:05 0001  GW5NF          599  599  006           GW       3  14087.0
 20DIG 21-Sep-25 17:09 0002  LY2F           599  599  006           LY       3  14086.1
 20DIG 21-Sep-25 17:09 0003  G4ENZ          599  599  012           G        3  14086.1
 20DIG 21-Sep-25 17:10 0004  UT4LW          599  599  014           UR       3  14086.1
 20DIG 21-Sep-25 17:10 0005  G0C            599  599  003                    3  14086.1
 20DIG 21-Sep-25 17:11 0006  M4N            599  599  010                    3  14086.1
 20DIG 21-Sep-25 17:12 0007  M0XAC          599  599  003                    3  14086.1
 20DIG 21-Sep-25 17:13 0008  G7D            599  599  005                    3  14086.1
 40DIG 21-Sep-25 17:17 0009  DJ9WJ          599  599  007           DL       2   7044.1
 40DIG 21-Sep-25 17:18 0010  DK1RF          599  599  012                    2   7043.6
 40DIG 21-Sep-25 17:19 0011  DL3SYA         599  599  014                    2   7043.0
 40DIG 21-Sep-25 17:20 0012  DL5ASK         599  599  3                      2   7043.0
 40DIG 21-Sep-25 17:20 0013  UT4LW          599  599  029           UR       3   7043.0
 40DIG 21-Sep-25 17:20 0014  M0KKM          599  599  003           G        3   7043.0
 40DIG 21-Sep-25 17:21 0015  M7WLT          599  599  007                    3   7043.0
 40DIG 21-Sep-25 17:25 0016  DL1LSL         599  599  005                    2   7042.9
 40DIG 21-Sep-25 17:27 0017  2E0OBO         599  599  006                    3   7046.4
 20DIG 21-Sep-25 17:31 0018  PI4X           599  599  008           PA       3  14090.0
 20DIG 21-Sep-25 17:33 0019  PA7LV          599  599  014                    3  14086.9
 20DIG 21-Sep-25 17:34 0020  SQ5N           599  599  022           SP       3  14086.9
 20DIG 21-Sep-25 17:35 0021  YO6HSU         599  599  007           YO       3  14086.9
 40DIG 21-Sep-25 17:40 0022  PD2GSP         599  599  009           PA       3   7042.8
 40DIG 21-Sep-25 17:41 0023  OK2EA          599  599  020           OK       3   7044.4
 40DIG 21-Sep-25 17:42 0024  SE6K           599  599  031           SM       3   7045.8
 40DIG 21-Sep-25 17:44 0025  PA2IP          599  599  018                    3   7044.6
 40DIG 21-Sep-25 17:46 0026  GW5NF          599  599  033           GW       3   7046.2
 40DIG 21-Sep-25 17:47 0027  M9M            599  599  020                    3   7046.7
 40DIG 21-Sep-25 17:48 0028  DM1FS          599  599  008                    2   7046.7
 40DIG 21-Sep-25 17:48 0029  M4N            599  599  041                    3   7046.7
 40DIG 21-Sep-25 17:50 0030  I0GIA          599  599  022           I        3   7046.7
 40DIG 21-Sep-25 17:50 0031  PE1CUP         599  599  017                    3   7046.7
 40DIG 21-Sep-25 17:53 0032  PC4H           599  599  006                    3   7041.7
 40DIG 21-Sep-25 17:53 0033  OZ1QX          599  599  020           OZ       3   7046.7
 40DIG 21-Sep-25 17:55 0034  SQ8YHF         599  599  033           SP       3   7041.0
 40DIG 21-Sep-25 17:55 0035  PA7LV          599  599  031                    3   7041.0
 40DIG 21-Sep-25 17:56 0036  LY2F           599  599  042           LY       3   7041.0
 40DIG 21-Sep-25 17:56 0037  ON6NL          599  599  020           ON       3   7041.0
 40DIG 21-Sep-25 18:00 0038  PI4X           599  599  026                    3   7047.1
 40DIG 21-Sep-25 18:03 0039  G4ENZ          599  599  067                    3   7040.7
 40DIG 21-Sep-25 18:05 0040  PD0WVB         599  599  020                    3   7040.7
 40DIG 21-Sep-25 18:06 0041  IK2FTB         599  599  023                    3   7040.7
 40DIG 21-Sep-25 18:07 0042  MI0H           599  599  042           GI       3   7040.7
 40DIG 21-Sep-25 18:08 0043  GW0A           599  599  039                    3   7040.7
 40DIG 21-Sep-25 18:08 0044  OK2AK          599  599  011                    3   7040.7
 40DIG 21-Sep-25 18:10 0045  DJ9WJ          599  599  037                    0   7040.7
 40DIG 21-Sep-25 18:10 0046  YO9FDG         599  599  008           YO       3   7040.7
 40DIG 21-Sep-25 18:12 0047  M1X            599  599  010                    3   7040.7
 40DIG 21-Sep-25 18:12 0048  PE1FTV         599  599  018                    3   7040.7
 40DIG 21-Sep-25 18:22 0049  SQ5N           599  599  050                    3   7042.8
 40DIG 21-Sep-25 18:24 0050  PA6Q           599  599  032                    3   7046.0
 40DIG 21-Sep-25 18:26 0051  DM3CH          599  599  023                    2   7046.5
 40DIG 21-Sep-25 18:30 0052  DF8QB          599  599  039                    2   7041.0
 40DIG 21-Sep-25 18:34 0053  G8OO           599  599  048                    3   7044.5
 40DIG 21-Sep-25 18:35 0054  DL4KW          599  599  016                    2   7044.5
 40DIG 21-Sep-25 18:36 0055  PE2K           599  599  017                    3   7044.5
 40DIG 21-Sep-25 18:36 0056  M0XAC          599  599  038                    3   7044.5
 40DIG 21-Sep-25 18:39 0057  PC7W           599  599  014                    3   7044.5
 40DIG 21-Sep-25 18:51 0058  PE1PIX         599  599  044                    3   7046.9
 40DIG 21-Sep-25 18:52 0059  EA3FZT         599  599  46            EA       3   7046.9
 40DIG 21-Sep-25 18:53 0060  IV3ZXF         599  599  035                    3   7046.9
 80DIG 21-Sep-25 19:40 0061  PC4H           599  599  069           PA       3   3582.5
 80DIG 21-Sep-25 19:41 0062  PE1FTV         599  599  071                    3   3583.4
 80DIG 21-Sep-25 19:42 0063  PA7LV          599  599  093                    3   3585.6
 80DIG 21-Sep-25 19:43 0064  G0C            599  599  070           G        3   3584.4
 80DIG 21-Sep-25 19:44 0065  G4ENZ          599  599  120                    3   3587.1
 80DIG 21-Sep-25 19:45 0066  GW0A           599  599  099           GW       3   3585.2
 80DIG 21-Sep-25 19:46 0067  ON6NL          599  599  090           ON       3   3584.8
 80DIG 21-Sep-25 19:47 0068  MI0H           599  599  097           GI       3   3586.1
 80DIG 21-Sep-25 19:49 0069  M4N            599  599  098                    3   3586.4
 80DIG 21-Sep-25 19:49 0070  DL1LSL         599  599  045           DL       2   3586.4
 80DIG 21-Sep-25 19:49 0071  DL3SYA         599  599  105                    2   3586.4
 80DIG 21-Sep-25 19:51 0072  PA7LV          599  599  099                    0   3586.4
 80DIG 21-Sep-25 19:51 0073  M0XAC          599  599  070                    3   3586.4
 80DIG 21-Sep-25 19:53 0074  M9M            599  599  064                    3   3586.4
 80DIG 21-Sep-25 19:55 0075  DM3CH          599  599  050                    2   3586.4
 80DIG 21-Sep-25 19:58 0076  F5TLF          599  599  069           F        3   3581.5
 40DIG 21-Sep-25 20:05 0077  IK4XQT         599  599  030                    3   7041.7
 40DIG 21-Sep-25 20:13 0078  PC7W           599  599  036                    0   7041.6
 40DIG 21-Sep-25 20:14 0079  PG1R           599  599  060                    3   7041.6
 40DIG 21-Sep-25 20:14 0080  DH4BM          599  599  025                    2   7041.6
 40DIG 21-Sep-25 20:14 0081  DL8BAO         599  599  036                    2   7041.6
 40DIG 21-Sep-25 20:15 0082  IZ0IRH         599  599  035                    3   7041.6
 40DIG 21-Sep-25 20:15 0083  2E0JLZ         599  599  062                    3   7041.6
 40DIG 21-Sep-25 20:16 0084  EA8BW          599  599  026           EA8      5   7041.6
 40DIG 21-Sep-25 20:17 0085  YT1DDL         599  599  015           YU       3   7041.6
 80DIG 21-Sep-25 20:21 0086  G7D            599  599  046                    3   3584.7
 80DIG 21-Sep-25 20:22 0087  GW5NF          599  599  086                    3   3584.9
 80DIG 21-Sep-25 20:24 0088  SQ5N           599  599  113           SP       3   3585.6
 80DIG 21-Sep-25 20:27 0089  M5Y            599  599  023                    3   3587.0
 80DIG 21-Sep-25 20:29 0090  G4IDF          599  599  057                    3   3588.4
 40DIG 21-Sep-25 20:34 0091  G0C            599  599  084                    3   7046.7
 40DIG 21-Sep-25 20:38 0092  GI4H           599  599  075                    3   7042.1
 80DIG 21-Sep-25 20:44 0093  DL8BAO         599  599  048                    2   3585.8
 80DIG 21-Sep-25 20:49 0094  PG1R           599  599  069                    3   3585.0
 40DIG 21-Sep-25 20:53 0095  M5Y            599  599  034                    3   7043.0
