 15DIG 11-May-25 10:46 0001  PY2QT          599  599  208 11        PY       5  21099.4
 15DIG 11-May-25 10:51 0002  ZD7BG          599  599  094 36        ZD7      5  21105.1
 15DIG 11-May-25 10:52 0003  LZ5K           599  599  218 20        LZ       3  21095.6
 15DIG 11-May-25 10:54 0004  9A5D           599  599  279 15        9A       3  21097.4
 15DIG 11-May-25 11:39 0005  PY5AMF         599  599  179 11                 5  21094.5
 15DIG 11-May-25 11:40 0006  JN1THL         599  599  108 25        JA       5  21093.5
 15DIG 11-May-25 11:42 0007  LZ5E           599  599  320 20                 3  21091.6
 15DIG 11-May-25 11:43 0008  Z36N           599  599  105 15        Z3       3  21096.6
 20DIG 11-May-25 11:45 0009  R6ON/1         599  599  346 16        UA       3  14084.9
 20DIG 11-May-25 11:46 0010  YO3RU          599  599  242 20        YO       3  14083.7
 20DIG 11-May-25 11:46 0011  OH1NOA         599  599  434 15        OH       3  14087.9
 20DIG 11-May-25 11:48 0012  R1CE           599  599  330 16                 3  14090.0
 20DIG 11-May-25 11:49 0013  YO3LW          599  599  166 20                 3  14092.0
 20DIG 11-May-25 11:50 0014  LZ5E           599  599  322 20        LZ       3  14093.1
 20DIG 11-May-25 11:52 0015  UR4CU          599  599  187 16        UR       3  14094.4
 20DIG 11-May-25 11:53 0016  RZ9A           599  599  206 17        UA9      5  14094.9
 20DIG 11-May-25 11:54 0017  DR75DARC       599  599  124 14        DL       2  14096.6
 20DIG 11-May-25 11:56 0018  SQ4CTS         599  599  117 15        SP       3  14101.9
 20DIG 11-May-25 11:57 0019  HA6NL          599  599  051 15        HA       3  14100.4
 20DIG 11-May-25 11:59 0020  R7CD           599  599  115 16                 3  14101.4
