 40DIG 14-Oct-25 18:00 0001  PD2PKM         599  599  001           PA       2   7043.0
 40DIG 14-Oct-25 18:01 0002  SQ5N           599  599  001           SP       2   7043.4
 40DIG 14-Oct-25 18:02 0003  DM2HEY         599  599  X01           DL       1   7043.9
 40DIG 14-Oct-25 18:04 0004  IW3SSD         599  599  002           I        2   7046.2
 40DIG 14-Oct-25 18:06 0005  DH0GDS         599  599  P30                    1   7046.7
 40DIG 14-Oct-25 18:08 0006  DQ9Y           599  599  L06                    1   7047.6
 40DIG 14-Oct-25 18:09 0007  DK2VM          599  599  Q18                    1   7041.5
 40DIG 14-Oct-25 18:10 0008  DF8QB          599  599  L05                    1   7042.3
 40DIG 14-Oct-25 18:11 0009  DJ9WJ          599  599  H05                    1   7041.1
 40DIG 14-Oct-25 18:14 0010  DA2R           599  599  U14                    1   7044.2
 40DIG 14-Oct-25 18:15 0011  DK2FG          599  599  N05                    1   7044.9
 40DIG 14-Oct-25 18:17 0012  ON5GQ          599  599  018           ON       2   7046.4
 40DIG 14-Oct-25 18:20 0013  ON6MX          599  599  026                    2   7051.4
 40DIG 14-Oct-25 18:21 0014  F1DHX          599  599  012           F        2   7050.9
 40DIG 14-Oct-25 18:22 0015  PA7LV          599  599  023                    2   7052.4
 40DIG 14-Oct-25 18:24 0016  DL7YS          599  599  D06                    1   7055.4
 40DIG 14-Oct-25 18:25 0017  IW1CBG         599  599  019                    2   7056.1
 40DIG 14-Oct-25 18:26 0018  DJ1YF          599  599  E03                    1   7056.6
 40DIG 14-Oct-25 18:27 0019  DR4A           599  599  F27                    1   7056.6
 40DIG 14-Oct-25 18:29 0020  DR6T           599  599  U14                    1   7057.0
 40DIG 14-Oct-25 18:31 0021  UZ1WW          599  599  022           UR       2   7057.5
 40DIG 14-Oct-25 18:33 0022  DF4ZL          599  599  F16                    1   7058.3
 40DIG 14-Oct-25 18:33 0023  DL4ME          599  599  X30                    1   7058.6
 80DIG 14-Oct-25 18:35 0024  DJ9MH          599  599  B10           DL       1   3587.8
 80DIG 14-Oct-25 18:37 0025  DK2VM          599  599  Q18                    1   3589.1
 40DIG 14-Oct-25 18:39 0026  DD7UW          599  599  S22                    1   7056.6
 40DIG 14-Oct-25 18:39 0027  DL7AUO         599  599  D06                    1   7056.6
 80DIG 14-Oct-25 18:42 0028  HB9AWS         599  599  026           HB       2   3586.4
 80DIG 14-Oct-25 18:43 0029  G3WYW          599  599  016           G        2   3586.4
 80DIG 14-Oct-25 18:43 0030  DC8SG          599  599  F27                    1   3586.4
 80DIG 14-Oct-25 18:45 0031  OZ30EU         599  599  010           OZ       2   3586.4
 80DIG 14-Oct-25 18:45 0032  DJ5FS          599  599  H50                    1   3586.4
 80DIG 14-Oct-25 18:46 0033  DL7RAV         599  599  I18                    1   3586.4
 80DIG 14-Oct-25 18:48 0034  DL4APJ         599  599  X20                    1   3586.4
 80DIG 14-Oct-25 18:48 0035  DK2OY          599  599  M15                    1   3586.4
 80DIG 14-Oct-25 18:50 0036  ON6MX          599  599  058           ON       2   3586.0
 80DIG 14-Oct-25 18:51 0037  DJ2AX          599  599  X20                    1   3584.6
 80DIG 14-Oct-25 18:52 0038  DM2HEY         599  599  X01                    1   3585.4
 80DIG 14-Oct-25 18:53 0039  DF8XC          599  599  N47                    1   3584.0
 80DIG 14-Oct-25 18:54 0040  DL4ME          599  599  X30                    1   3583.4
 80DIG 14-Oct-25 18:55 0041  DJ4WT          599  599  K06                    1   3582.3
 80DIG 14-Oct-25 18:55 0042  DL0GRH         599  599  S18                    1   3581.4
 80DIG 14-Oct-25 18:56 0043  DL2YA          599  599  S07                    1   3580.1
 80DIG 14-Oct-25 18:58 0044  DA2R           599  599  U14                    1   3587.5
 80DIG 14-Oct-25 18:59 0045  DQ9Y           599  599  L06                    1   3588.4
 80DIG 14-Oct-25 19:00 0046  PA3DUU         599  599  042           PA       2   3589.3
 80DIG 14-Oct-25 19:02 0047  DK2FG          599  599  N05                    1   3589.9
 80DIG 14-Oct-25 19:03 0048  GW5NF          599  599  036           GW       2   3590.9
 80DIG 14-Oct-25 19:04 0049  DR6T           599  599  U14                    1   3592.3
 80DIG 14-Oct-25 19:06 0050  DR4A           599  599  F27                    1   3592.9
 80DIG 14-Oct-25 19:07 0051  DJ1YF          599  599  E03                    1   3593.5
 80DIG 14-Oct-25 19:07 0052  DF1KA          599  599  M27                    1   3595.3
 80DIG 14-Oct-25 19:09 0053  DL3IAC         599  599  A02                    1   3599.4
 80DIG 14-Oct-25 19:11 0054  DJ4MH          599  599  S45                    1   3599.7
 80DIG 14-Oct-25 19:14 0055  DL7AUO         599  599  D06                    1   3597.1
 80DIG 14-Oct-25 19:17 0056  DL1LSL         599  599  P32                    1   3597.1
 80DIG 14-Oct-25 19:17 0057  ON5GQ          599  599  070                    2   3597.1
 80DIG 14-Oct-25 19:19 0058  DL6SFR         599  599  A13                    1   3597.1
 80DIG 14-Oct-25 19:19 0059  DL3SYA         599  599  V14                    1   3597.1
 80DIG 14-Oct-25 19:21 0060  UZ1WW          599  599  062           UR       2   3596.5
 80DIG 14-Oct-25 19:22 0061  PA7LV          599  599  084                    2   3591.9
 80DIG 14-Oct-25 19:25 0062  DM2BPG         599  599  W33                    1   3588.4
 80DIG 14-Oct-25 19:26 0063  SQ5N           599  599  075           SP       2   3586.9
 80DIG 14-Oct-25 19:29 0064  DF8QB          599  599  L05                    1   3595.5
