 40DIG 29-Aug-25 22:05 0001  MM9I           599  599  1992          GM       3   7041.9
 40DIG 29-Aug-25 22:06 0002  YL2KO          599  599  1980          YL       3   7041.3
 40DIG 29-Aug-25 22:07 0003  EA3HCJ         599  599  1993          EA       3   7044.7
 40DIG 29-Aug-25 22:08 0004  UB7K           599  599  1990          UA       3   7045.6
 40DIG 29-Aug-25 22:08 0005  9A1CCY         599  599  2019          9A       3   7047.9
 40DIG 29-Aug-25 22:09 0006  LZ5R           599  599  2010          LZ       3   7057.6
 40DIG 29-Aug-25 22:11 0007  EA8BW          599  599  1988          EA8      5   7058.4
 40DIG 29-Aug-25 22:12 0008  OZ0JD          599  599  2003          OZ       3   7065.4
 40DIG 29-Aug-25 22:12 0009  F1DHX          599  599  1995          F        3   7068.9
 40DIG 29-Aug-25 22:14 0010  OZ11A          599  599  1989                   3   7043.7
 40DIG 29-Aug-25 22:16 0011  SP1TJ          599  599  2002          SP       3   7042.5
 40DIG 29-Aug-25 22:17 0012  UT4LW          599  599  1998          UR       3   7042.5
 20DIG 29-Aug-25 22:20 0013  K2RET          599  599  1992          K        5  14082.9
 20DIG 29-Aug-25 22:23 0014  K0ZR           599  599  1969                   5  14088.9
 20DIG 29-Aug-25 22:24 0015  W8TOM          599  599  1968                   5  14088.2
 20DIG 29-Aug-25 22:25 0016  AI9T           599  599  1977                   5  14091.1
 15DIG 29-Aug-25 22:27 0017  EA8BW          599  599  1988          EA8      5  21098.5
 15DIG 29-Aug-25 22:29 0018  ZV8H           599  599  2002          PY       5  21095.4
 20DIG 29-Aug-25 22:30 0019  WA2DNI         599  599  1974                   5  14092.3
 20DIG 29-Aug-25 22:31 0020  AE1P           599  599  2003                   5  14094.0
 20DIG 29-Aug-25 22:32 0021  EA8BW          599  599  1988          EA8      5  14099.5
 20DIG 29-Aug-25 22:35 0022  W1BOY          599  599  1976                   5  14098.6
 40DIG 29-Aug-25 22:38 0023  HG5D           599  599  1978          HA       3   7046.3
 40DIG 29-Aug-25 22:40 0024  DF1QR          599  599  2011          DL       2   7053.9
 40DIG 29-Aug-25 22:42 0025  IT9IVU         599  599  2021          IT9      3   7059.9
 40DIG 29-Aug-25 22:42 0026  F5GKW          599  599  1981                   3   7060.9
 40DIG 29-Aug-25 22:44 0027  YT3H           599  599  1966          YU       3   7061.9
 40DIG 29-Aug-25 22:46 0028  DR6T           599  599  1981                   2   7054.9
 40DIG 29-Aug-25 22:48 0029  LA2XNA         599  599  2003          LA       3   7056.2
 40DIG 29-Aug-25 22:48 0030  UR7EC          599  599  1980                   3   7056.2
 20DIG 30-Aug-25 08:41 0031  SI3A           599  599  1980          SM       3  14091.2
 20DIG 30-Aug-25 08:42 0032  IC8JRA         599  599  2023          I        3  14091.5
 20DIG 30-Aug-25 08:43 0033  LZ5R           599  599  2010          LZ       3  14092.6
 20DIG 30-Aug-25 08:44 0034  9A1CCY         599  599  2019          9A       3  14093.9
 20DIG 30-Aug-25 08:45 0035  YL1YF          599  599  1996          YL       3  14094.9
 20DIG 30-Aug-25 08:47 0036  F4DVX          599  599  2004          F        3  14098.9
 20DIG 30-Aug-25 08:48 0037  OH8RA          599  599  1993          OH       3  14104.9
 20DIG 30-Aug-25 08:48 0038  9A7R           599  599  1972                   3  14103.1
 20DIG 30-Aug-25 09:02 0039  OH2KW          599  599  1979                   3  14089.8
 10DIG 30-Aug-25 09:04 0040  RD0A           599  599  1982          UA9      5  28099.4
 15DIG 30-Aug-25 09:06 0041  LZ5R           599  599  2010          LZ       3  21088.9
 15DIG 30-Aug-25 09:07 0042  RD0A           599  599  1982          UA9      5  21084.0
 15DIG 30-Aug-25 09:08 0043  CT7BJG         599  599  1974          CT       3  21095.7
 15DIG 30-Aug-25 09:12 0044  ON5GQ          599  599  1964          ON       3  21088.5
 20DIG 30-Aug-25 09:17 0045  LY5W           599  599  1981          LY       3  14088.9
 20DIG 30-Aug-25 09:18 0046  GW5NF          599  599  1982          GW       3  14088.3
 20DIG 30-Aug-25 09:19 0047  SC6O           599  599  1983                   3  14085.6
 20DIG 30-Aug-25 09:20 0048  IK2FTB         599  599  1985                   3  14085.0
 20DIG 30-Aug-25 09:21 0049  EA3JW          599  599  1993          EA       3  14093.9
 20DIG 30-Aug-25 09:24 0050  OH3FM          599  599  1973                   3  14095.4
 20DIG 30-Aug-25 09:31 0051  UZ1WW          599  599  1968          UR       3  14101.9
 20DIG 30-Aug-25 09:35 0052  I0WBX          599  599  1976                   3  14104.5
 20DIG 30-Aug-25 09:47 0053  HG5D           599  599  1978          HA       3  14108.6
 20DIG 30-Aug-25 09:48 0054  UT4LW          599  599  1998                   3  14107.5
 20DIG 30-Aug-25 09:49 0055  SM5MX          599  599  1961                   3  14107.5
 20DIG 30-Aug-25 09:50 0056  SP5BUJ         599  599  1966          SP       3  14107.5
 20DIG 30-Aug-25 09:52 0057  S53X           599  599  1979          S5       3  14107.5
 20DIG 30-Aug-25 09:55 0058  I0GIA          599  599  1962                   3  14107.5
 20DIG 30-Aug-25 09:55 0059  LY5DX          599  599  1970                   3  14107.5
 15DIG 30-Aug-25 10:04 0060  ZD7BG          599  599  1996          ZD7      5  21103.9
 20DIG 30-Aug-25 10:09 0061  OH1FFN         599  599  2007                   3  14089.0
 20DIG 30-Aug-25 10:11 0062  IK4RVY         599  599  1989                   3  14093.6
 20DIG 30-Aug-25 10:11 0063  YO4NF          599  599  1990          YO       3  14094.3
 20DIG 30-Aug-25 10:14 0064  OK5M           599  599  1979          OK       3  14103.8
 20DIG 30-Aug-25 10:17 0065  K4RUM          599  599  1976                   5  14105.9
 20DIG 30-Aug-25 10:19 0066  ER3UA          599  599  1981          ER       3  14109.1
 20DIG 30-Aug-25 10:20 0067  OZ0JD          599  599  2003          OZ       3  14091.4
 20DIG 30-Aug-25 10:22 0068  RD0A           599  599  1982          UA9      5  14095.0
 20DIG 30-Aug-25 10:24 0069  TA7OYG         599  599  2017          TA       5  14097.8
 15DIG 30-Aug-25 10:57 0070  UB7K           599  599  1990          UA       3  21098.0
 15DIG 30-Aug-25 10:58 0071  JE5JHZ         599  599  1987          JA       5  21100.9
 15DIG 30-Aug-25 11:06 0072  OH8RA          599  599  1993          OH       3  21099.5
 15DIG 30-Aug-25 11:07 0073  RU0LL          599  599  1991                   5  21087.9
 15DIG 30-Aug-25 11:11 0074  EA4FME         599  599  1991          EA       3  21092.3
 15DIG 30-Aug-25 11:16 0075  PY2PLL         599  599  1998                   5  21097.5
 15DIG 30-Aug-25 11:21 0076  UT4LW          599  599  1998          UR       3  21097.5
 20DIG 30-Aug-25 11:24 0077  EA3HCJ         599  599  1993                   3  14097.7
 20DIG 30-Aug-25 11:34 0078  UR7EC          599  599  1980                   3  14094.0
 20DIG 30-Aug-25 11:40 0079  ON5GQ          599  599  1964          ON       3  14098.5
 20DIG 30-Aug-25 11:44 0080  CT7BJG         599  599  1974          CT       3  14095.9
 20DIG 30-Aug-25 11:46 0081  TF3AO          599  599  1995          TF       3  14093.2
 20DIG 30-Aug-25 11:48 0082  EA4FME         599  599  1991                   3  14100.3
 15DIG 31-Aug-25 14:35 0083  OD5YA          599  599  2016          OD       5  21083.5
 15DIG 31-Aug-25 14:38 0084  HA3HK          599  599  1974          HA       3  21081.1
 15DIG 31-Aug-25 14:38 0085  9A1CCY         599  599  2019          9A       3  21092.6
 15DIG 31-Aug-25 14:39 0086  YO3APJ         599  599  1947          YO       3  21093.6
 15DIG 31-Aug-25 14:40 0087  YB9ELS         599  599  2005          YB       5  21096.9
 15DIG 31-Aug-25 14:41 0088  DK8EY          599  599  1974          DL       2  21105.8
 15DIG 31-Aug-25 14:43 0089  K2RET          599  599  1992          K        5  21095.9
 15DIG 31-Aug-25 14:44 0090  N6WM           599  599  2007                   5  21099.4
 15DIG 31-Aug-25 14:46 0091  VE2BVV         599  599  1965          VE       5  21104.8
 15DIG 31-Aug-25 14:46 0092  KT9L           599  599  1991                   5  21107.7
 15DIG 31-Aug-25 14:49 0093  HG5D           599  599  1978                   3  21092.5
 15DIG 31-Aug-25 14:50 0094  W1BOY          599  599  1976                   5  21092.5
 15DIG 31-Aug-25 14:50 0095  K6YK           599  599  1957                   5  21092.5
 15DIG 31-Aug-25 14:51 0096  UT4LW          599  599  1998                   0  21092.5
 15DIG 31-Aug-25 14:53 0097  YC9RRB         599  599  2021                   5  21092.5
 15DIG 31-Aug-25 14:54 0098  KI6DY          599  599  1977                   5  21092.5
 15DIG 31-Aug-25 14:56 0099  HA5GF          599  599  1973                   3  21092.5
 15DIG 31-Aug-25 14:57 0100  K3QIA          599  599  1961                   5  21092.5
 15DIG 31-Aug-25 14:59 0101  VE2HB          599  599  1959                   5  21092.5
 15DIG 31-Aug-25 15:00 0102  LZ5R           599  599  2010                   0  21092.5
 15DIG 31-Aug-25 15:01 0103  WN8Y           599  599  1985                   5  21092.5
 15DIG 31-Aug-25 15:03 0104  W9ILY          599  599  1957                   5  21092.5
 15DIG 31-Aug-25 15:04 0105  DN0UKW         599  599  2001                   2  21092.5
 10DIG 31-Aug-25 15:09 0106  EA8BW          599  599  1988          EA8      5  28097.4
 10DIG 31-Aug-25 15:11 0107  ZD7BG          599  599  1996          ZD7      5  28089.1
 15DIG 31-Aug-25 15:15 0108  EA7EQ          599  599  1986                   3  21092.9
 20DIG 31-Aug-25 15:19 0109  YL2NK          599  599  1980                   3  14085.2
 20DIG 31-Aug-25 15:21 0110  YB8UF          599  599  2010          YB       5  14086.9
 20DIG 31-Aug-25 15:22 0111  OD5YA          599  599  2016          OD       5  14087.9
 20DIG 31-Aug-25 15:26 0112  UT4LW          599  599  1998                   0  14093.5
 20DIG 31-Aug-25 15:27 0113  W3FIZ          599  599  1977                   5  14093.5
 20DIG 31-Aug-25 15:28 0114  PA3DUU         599  599  1984          PA       3  14093.5
 20DIG 31-Aug-25 15:34 0115  UN7LAN         599  599  1983          UN       5  14094.8
 20DIG 31-Aug-25 15:35 0116  OG16M          599  599  2013                   3  14096.0
 20DIG 31-Aug-25 15:38 0117  RU0LL          599  599  1991                   5  14103.4
 20DIG 31-Aug-25 15:40 0118  OG2P           599  599  1959                   3  14105.5
 20DIG 31-Aug-25 15:42 0119  OH7L           599  599  1996                   3  14109.1
 20DIG 31-Aug-25 15:43 0120  9A7B           599  599  1972                   3  14086.4
 20DIG 31-Aug-25 15:45 0121  MM9I           599  599  1992          GM       3  14091.9
 40DIG 31-Aug-25 15:48 0122  M0XKI          599  599  2020          G        3   7043.9
 40DIG 31-Aug-25 15:49 0123  UZ1WW          599  599  1968                   3   7042.9
 40DIG 31-Aug-25 15:50 0124  G7D            599  599  1968                   3   7042.7
 40DIG 31-Aug-25 15:51 0125  M7WLT          599  599  2022                   3   7044.6
 40DIG 31-Aug-25 15:52 0126  PD0WVB         599  599  2013          PA       3   7045.4
 40DIG 31-Aug-25 15:53 0127  OK2HBR         599  599  1969          OK       3   7045.8
 40DIG 31-Aug-25 15:54 0128  PE1FTV         599  599  1980                   3   7046.2
 40DIG 31-Aug-25 15:54 0129  OZ30EU         599  599  1971                   3   7047.4
 40DIG 31-Aug-25 15:55 0130  OH8RA          599  599  1993          OH       3   7047.9
 40DIG 31-Aug-25 15:57 0131  OH1FFN         599  599  2007                   3   7043.5
 40DIG 31-Aug-25 15:58 0132  M1X            599  599  1985                   3   7043.5
 40DIG 31-Aug-25 15:58 0133  PA3I           599  599  1977                   3   7043.5
 40DIG 31-Aug-25 16:03 0134  G8KEK          599  599  1974                   3   7043.5
 40DIG 31-Aug-25 16:04 0135  IW1CBG         599  599  1989          I        3   7043.5
 40DIG 31-Aug-25 16:05 0136  DC75DARC       599  599  1986                   2   7043.5
 40DIG 31-Aug-25 16:08 0137  IK2FTB         599  599  1985                   3   7042.4
 40DIG 31-Aug-25 16:10 0138  PD0MHZ         599  599  2004                   3   7044.4
 40DIG 31-Aug-25 16:10 0139  OH3FM          599  599  1973                   3   7044.9
 40DIG 31-Aug-25 16:13 0140  YO4NF          599  599  1990          YO       3   7046.9
 40DIG 31-Aug-25 16:14 0141  IZ4UFB         599  599  2010                   3   7050.3
 40DIG 31-Aug-25 16:15 0142  2E0CEY         599  599  2009                   3   7043.9
 40DIG 31-Aug-25 16:16 0143  DL4KG          599  599  1977                   2   7045.6
 40DIG 31-Aug-25 16:19 0144  PA3GDG         599  599  1982                   3   7045.6
 40DIG 31-Aug-25 16:20 0145  MM9I           599  599  1992                   0   7045.6
 40DIG 31-Aug-25 16:21 0146  9A7B           599  599  1972                   3   7045.6
 40DIG 31-Aug-25 16:22 0147  M0AZI          599  599  1996                   3   7045.6
 40DIG 31-Aug-25 16:22 0148  HG5D           599  599  1978                   0   7045.6
 40DIG 31-Aug-25 16:23 0149  SP5BUJ         599  599  1966                   3   7045.6
 40DIG 31-Aug-25 16:24 0150  F1JOA          599  599  1993                   3   7045.6
 40DIG 31-Aug-25 16:26 0151  YL2NK          599  599  1980                   3   7045.6
 40DIG 31-Aug-25 16:27 0152  I2BZN          599  599  1965                   3   7045.6
 40DIG 31-Aug-25 16:29 0153  M4N            599  599  1979                   3   7045.6
 40DIG 31-Aug-25 16:30 0154  SO1P           599  599  1974                   3   7045.6
 40DIG 31-Aug-25 16:31 0155  DK9DA          599  599  1982                   2   7045.6
 40DIG 31-Aug-25 16:36 0156  IK2EBP         599  599  1984                   3   7042.8
 40DIG 31-Aug-25 16:37 0157  OQ0Q           599  599  1987          ON       3   7052.9
 40DIG 31-Aug-25 16:39 0158  PA3EPO         599  599  1975                   3   7046.5
 40DIG 31-Aug-25 16:47 0159  OD5YA          599  599  2016          OD       5   7042.9
 40DIG 31-Aug-25 16:49 0160  HA6NL          599  599  1972                   3   7046.0
 40DIG 31-Aug-25 16:51 0161  DM5TI          599  599  1966                   2   7051.1
 40DIG 31-Aug-25 16:54 0162  LZ5R           599  599  2010                   0   7044.3
 40DIG 31-Aug-25 16:55 0163  OE5TXF         599  599  1965          OE       3   7044.3
 40DIG 31-Aug-25 16:56 0164  G4SJX          599  599  1974                   3   7044.3
 40DIG 31-Aug-25 16:57 0165  PG1R           599  599  1968                   3   7044.3
 40DIG 31-Aug-25 16:57 0166  IN3OWY         599  599  1980                   3   7044.3
 40DIG 31-Aug-25 16:58 0167  F4EQN          599  599  2005                   3   7044.3
 40DIG 31-Aug-25 16:59 0168  HB9MXY         599  599  1976          HB       3   7044.3
 40DIG 31-Aug-25 17:00 0169  UT4LW          599  599  1998                   0   7044.3
 40DIG 31-Aug-25 17:01 0170  PE1OYB         599  599  1992                   3   7044.3
 40DIG 31-Aug-25 17:04 0171  PA2W           599  599  1985                   3   7044.3
 40DIG 31-Aug-25 17:05 0172  PA0FVH         599  599  1974                   3   7044.3
 40DIG 31-Aug-25 17:06 0173  PA2JCB         599  599  2018                   3   7044.3
 40DIG 31-Aug-25 17:07 0174  DL7AUO         599  599  1992                   2   7044.3
 40DIG 31-Aug-25 17:09 0175  DG2GAW         599  599  1989                   2   7044.3
 40DIG 31-Aug-25 17:17 0176  PA6AA          599  599  2006                   3   7046.6
 40DIG 31-Aug-25 17:19 0177  ON5GQ          599  599  1964                   3   7051.7
 40DIG 31-Aug-25 17:20 0178  OZ59A          599  599  1998                   3   7053.9
 40DIG 31-Aug-25 17:21 0179  PA3DUU         599  599  1984                   3   7051.1
 40DIG 31-Aug-25 17:29 0180  RD0A           599  599  1982          UA9      5   7040.5
 40DIG 31-Aug-25 17:41 0181  ES3BH          599  599  1983          ES       3   7041.4
 10DIG 31-Aug-25 17:41 0182  PU1JSV         599  599  2017          PY       5  28093.5
 10DIG 31-Aug-25 17:42 0183  CA6SNT         599  599  2023          CE       5  28098.9
 10DIG 31-Aug-25 17:43 0184  PY5AMF         599  599  1997                   5  28089.9
 10DIG 31-Aug-25 17:45 0185  S53M           599  599  1977          S5       3  28094.2
 10DIG 31-Aug-25 17:46 0186  LU2PWY         599  599  2024          LU       5  28095.9
 10DIG 31-Aug-25 17:47 0187  N4TB           599  599  1955          K        5  28097.7
 10DIG 31-Aug-25 17:48 0188  PY5IN          599  599  2000                   5  28092.5
 15DIG 31-Aug-25 17:53 0189  W3FIZ          599  599  1977                   5  21087.9
 15DIG 31-Aug-25 17:56 0190  W0IZ           599  599  1964                   5  21085.9
 15DIG 31-Aug-25 17:58 0191  KC7V           599  599  1972                   5  21094.8
 15DIG 31-Aug-25 18:00 0192  S53M           599  599  1977          S5       3  21096.8
 15DIG 31-Aug-25 18:04 0193  PA6AA          599  599  2006          PA       3  21100.9
 15DIG 31-Aug-25 18:06 0194  N3CHX          599  599  1957                   5  21095.4
 15DIG 31-Aug-25 18:11 0195  DM3MAS         599  599  2015                   2  21095.4
 15DIG 31-Aug-25 18:13 0196  PY3TD          599  599  1986                   5  21094.3
 15DIG 31-Aug-25 18:16 0197  PY5AMF         599  599  1997                   5  21092.9
 15DIG 31-Aug-25 18:20 0198  K8IA           599  599  1957                   5  21081.5
 20DIG 31-Aug-25 18:23 0199  F5TLF          599  599  1992                   3  14095.2
 20DIG 31-Aug-25 18:24 0200  YU0X           599  599  1980          YU       3  14092.4
 20DIG 31-Aug-25 18:26 0201  YO8OLY         599  599  2023                   3  14085.4
 20DIG 31-Aug-25 18:28 0202  SP4BP          599  599  2022                   3  14095.9
 20DIG 31-Aug-25 18:29 0203  9A1CCY         599  599  2019                   0  14095.9
 20DIG 31-Aug-25 18:30 0204  LZ2MP          599  599  1982                   3  14095.9
 20DIG 31-Aug-25 18:32 0205  YL3DJ          599  599  1996                   3  14095.9
 20DIG 31-Aug-25 18:35 0206  OH8FWY         599  599  2011                   3  14095.9
 20DIG 31-Aug-25 18:35 0207  WA2DNI         599  599  1974                   0  14095.9
 80DIG 31-Aug-25 18:38 0208  PA4O           599  599  1999          PA       3   3593.5
 80DIG 31-Aug-25 18:41 0209  OH8RA          599  599  1993          OH       3   3591.9
 80DIG 31-Aug-25 18:42 0210  MM9I           599  599  1992          GM       3   3590.3
 80DIG 31-Aug-25 18:43 0211  DM5TI          599  599  1966          DL       2   3594.0
 80DIG 31-Aug-25 18:45 0212  DL7AUO         599  599  1992                   2   3596.3
 80DIG 31-Aug-25 18:49 0213  HG5D           599  599  1978          HA       3   3595.2
 80DIG 31-Aug-25 18:50 0214  ON5GQ          599  599  1964          ON       3   3594.7
 80DIG 31-Aug-25 18:53 0215  9A1CCY         599  599  2019          9A       3   3592.5
 80DIG 31-Aug-25 18:55 0216  OK2HFC         599  599  1996          OK       3   3590.9
 40DIG 31-Aug-25 18:59 0217  G4ENZ          599  599  1975                   3   7041.4
 40DIG 31-Aug-25 19:01 0218  OG2P           599  599  1959                   3   7041.4
 40DIG 31-Aug-25 19:03 0219  DL1LSL         599  599  1980                   2   7041.4
 40DIG 31-Aug-25 19:05 0220  DK5PD          599  599  1970                   2   7041.4
 40DIG 31-Aug-25 19:09 0221  DJ2AX          599  599  1979                   2   7041.9
 40DIG 31-Aug-25 19:10 0222  PD1RP          599  599  2007                   3   7045.7
 40DIG 31-Aug-25 19:12 0223  PH3T           599  599  1987                   3   7047.5
 40DIG 31-Aug-25 19:21 0224  GW0ARK         599  599  1983          GW       3   7051.8
 40DIG 31-Aug-25 19:26 0225  OH2KW          599  599  1979                   3   7049.9
 40DIG 31-Aug-25 19:29 0226  SC6O           599  599  1983          SM       3   7055.5
 40DIG 31-Aug-25 19:30 0227  ON6MX          599  599  1993                   3   7046.5
 40DIG 31-Aug-25 19:34 0228  YU0X           599  599  1980                   3   7042.7
 40DIG 31-Aug-25 19:37 0229  IT9VCE         599  599  1981                   3   7052.4
 40DIG 31-Aug-25 19:39 0230  PE2K           599  599  1984                   3   7058.2
 40DIG 31-Aug-25 19:40 0231  OK2HFC         599  599  1996                   3   7058.2
 40DIG 31-Aug-25 19:41 0232  SP4BP          599  599  2022                   3   7058.2
 40DIG 31-Aug-25 19:42 0233  PA4O           599  599  1999                   3   7058.2
 40DIG 31-Aug-25 19:43 0234  HB9BGF         599  599  1976                   3   7058.2
 40DIG 31-Aug-25 19:44 0235  PC4H           599  599  1978                   3   7058.2
 20DIG 31-Aug-25 19:58 0236  VE2BVV         599  599  1965          VE       5  14097.6
 20DIG 31-Aug-25 19:58 0237  VE2HB          599  599  1959                   5  14098.4
 20DIG 31-Aug-25 19:59 0238  NW3L           599  599  2019                   5  14101.5
 20DIG 31-Aug-25 20:01 0239  ON1BEW         599  599  1983                   3  14089.9
 20DIG 31-Aug-25 20:03 0240  YL2KO          599  599  1980                   3  14085.7
 20DIG 31-Aug-25 20:04 0241  PY5AMF         599  599  1997          PY       5  14083.9
 20DIG 31-Aug-25 20:06 0242  ON6MX          599  599  1993                   3  14083.4
 20DIG 31-Aug-25 20:08 0243  W4SDX          599  599  2017                   5  14094.9
 20DIG 31-Aug-25 20:08 0244  N6AR           599  599  1959                   5  14096.0
