 40DIG 14-Apr-26 18:52 0001  2E0CEY         599  599  027           027      1   7065.3
 40DIG 14-Apr-26 18:53 0002  OE9HGV         599  599  030           030      1   7062.8
 40DIG 14-Apr-26 18:53 0003  IV3WMS         599  599  053           053      1   7063.6
 40DIG 14-Apr-26 18:55 0004  DF0KU          599  599  50B07         50B07    1   7060.5
 40DIG 14-Apr-26 18:56 0005  DF1KA          599  599  M27           M27      1   7059.0
 40DIG 14-Apr-26 18:58 0006  DL2LMS         599  599  S34           S34      1   7054.8
 40DIG 14-Apr-26 18:59 0007  S52W           599  599  051           051      1   7054.8
 40DIG 14-Apr-26 18:59 0008  DM6G           599  599  U14           U14      1   7054.8
 40DIG 14-Apr-26 19:00 0009  DA2R           599  599  U14                    1   7054.8
 40DIG 14-Apr-26 19:00 0010  DK7TY          599  599  D06           D06      1   7054.8
 40DIG 14-Apr-26 19:01 0011  DL6UAA         599  599  Y43           Y43      1   7054.8
 40DIG 14-Apr-26 19:01 0012  DK3WW          599  599  Y09           Y09      1   7054.8
 40DIG 14-Apr-26 19:02 0013  DJ8EW          599  599  C25           C25      1   7054.8
 40DIG 14-Apr-26 19:03 0014  DL2YA          599  599  S07           S07      1   7054.8
 40DIG 14-Apr-26 19:03 0015  DL4MFC         599  599  C30           C30      1   7054.8
 40DIG 14-Apr-26 19:04 0016  DG0AM          599  599  X23           X23      1   7054.8
 40DIG 14-Apr-26 19:04 0017  G0FGI          599  599  037           037      1   7054.8
 40DIG 14-Apr-26 19:05 0018  DL8UV          599  599  K36           K36      1   7054.8
 40DIG 14-Apr-26 19:05 0019  M0MPM          599  599  001           001      1   7054.8
 40DIG 14-Apr-26 19:06 0020  DF4WO          599  599  K34           K34      1   7054.8
 40DIG 14-Apr-26 19:06 0021  DH3HW          599  599  G19           G19      1   7054.8
 40DIG 14-Apr-26 19:07 0022  IW1RLC         599  599  035           035      1   7054.8
 40DIG 14-Apr-26 19:07 0023  IZ1JJF         599  599  034           034      1   7054.8
 40DIG 14-Apr-26 19:08 0024  YU0X           599  599  019           019      1   7054.8
 80DIG 14-Apr-26 19:11 0025  DQ9Y           599  599  L06           L06      1   3594.3
 80DIG 14-Apr-26 19:13 0026  OE5TXF         599  599  055           055      1   3594.3
 80DIG 14-Apr-26 19:13 0027  DF1DT          599  599  G38           G38      1   3594.3
 80DIG 14-Apr-26 19:14 0028  DL4ME          599  599  X30           X30      1   3594.3
 80DIG 14-Apr-26 19:14 0029  DF1QR          599  599  Z95           Z95      1   3594.3
 80DIG 14-Apr-26 19:15 0030  DK2OY          599  599  M15           M15      1   3594.3
 80DIG 14-Apr-26 19:16 0031  DK4WW          599  599  Y24           Y24      1   3594.3
 80DIG 14-Apr-26 19:18 0032  DJ1OJ          599  599  C25           C25      1   3594.3
 80DIG 14-Apr-26 19:20 0033  DN4TG          599  599  NM            NM       1   3594.3
 80DIG 14-Apr-26 19:21 0034  DR6T           599  599  U14           U14      1   3594.3
 80DIG 14-Apr-26 19:21 0035  IW1RLC         599  599  043           043      1   3594.3
 80DIG 14-Apr-26 19:22 0036  IK2FTB         599  599  048           048      1   3594.3
 80DIG 14-Apr-26 19:23 0037  DG8M           599  599  C12           C12      1   3594.3
 80DIG 14-Apr-26 19:23 0038  DJ4MH          599  599  Z95                    1   3594.3
 80DIG 14-Apr-26 19:24 0039  HB9TZU         599  599  046           046      1   3594.3
 80DIG 14-Apr-26 19:24 0040  DM4KW          599  599  A20           A20      1   3594.3
 80DIG 14-Apr-26 19:25 0041  DL4AMK         599  599  X36           X36      1   3594.3
 80DIG 14-Apr-26 19:26 0042  DL3SYA         599  599  V14           V14      1   3594.3
 80DIG 14-Apr-26 19:27 0043  DK0CU          599  599  50B07         50B07    1   3594.3
 80DIG 14-Apr-26 19:27 0044  DL9MWG         599  599  W05           W05      1   3594.3
 80DIG 14-Apr-26 19:28 0045  IZ1JJF         599  599  050           050      1   3594.3
 80DIG 14-Apr-26 19:29 0046  DK0GER         599  599  150WG         150WG    1   3594.3
