 15DIG 11-Apr-26 15:00 0001  A71MM          599  599  2015          2015     1  21087.1
 15DIG 11-Apr-26 15:02 0002  P3X            599  599  1993          1993     1  21086.5
 15DIG 11-Apr-26 15:04 0003  YD1FRU         599  599  2012          2012     1  21093.6
 15DIG 11-Apr-26 15:07 0004  EA8BW          599  599  1988          1988     1  21096.4
 15DIG 11-Apr-26 15:08 0005  PY2KNK         599  599  2001          2001     1  21098.0
 20DIG 11-Apr-26 15:09 0006  AE1P           599  599  2003          2003     1  14086.0
 20DIG 11-Apr-26 15:10 0007  N1MGO          599  599  1992          1992     1  14088.5
 20DIG 11-Apr-26 15:12 0008  WV4P           599  599  2017          2017     1  14091.5
 20DIG 11-Apr-26 15:13 0009  IT9VCE         599  599  1981          1981     1  14092.0
 20DIG 11-Apr-26 15:14 0010  P3X            599  599  1993          1993     1  14093.5
 20DIG 11-Apr-26 15:17 0011  YT2AAA         599  599  2007          2007     1  14095.2
 20DIG 11-Apr-26 15:18 0012  YO3LW          599  599  1994          1994     1  14096.5
 20DIG 11-Apr-26 15:18 0013  I8/IZ2FWJ      599  599  1978          1978     1  14096.9
 20DIG 11-Apr-26 15:20 0014  OH8KA          599  599  2005          2005     1  14102.6
 20DIG 11-Apr-26 15:25 0015  K2RET          599  599  1992                   1  14100.8
 20DIG 11-Apr-26 15:33 0016  RA1M           599  599  2009          2009     1  14105.3
 20DIG 11-Apr-26 15:34 0017  VE2HB          599  599  1959          1959     1  14107.5
 20DIG 11-Apr-26 15:36 0018  N1NQD          599  599  1992                   1  14108.6
 20DIG 11-Apr-26 15:37 0019  IZ8BGY         599  599  1997          1997     1  14112.0
 20DIG 11-Apr-26 15:38 0020  W9ILY          599  599  1957          1957     1  14112.6
 20DIG 11-Apr-26 15:39 0021  EA4GOY         599  599  2014          2014     1  14112.6
 20DIG 11-Apr-26 15:40 0022  DQ9Y           599  599  2009                   1  14112.6
 20DIG 11-Apr-26 15:40 0023  EA5BH          599  599  1981                   1  14112.6
 20DIG 11-Apr-26 15:43 0024  KE2CWJ         599  599  2024          2024     1  14112.6
 20DIG 11-Apr-26 15:45 0025  EA5DO          599  599  1983          1983     1  14112.6
 20DIG 11-Apr-26 15:46 0026  US4UU          599  599  2007                   1  14112.6
 20DIG 11-Apr-26 15:51 0027  UY5HF          599  599  1965          1965     1  14092.4
 20DIG 11-Apr-26 15:51 0028  LZ6E           599  599  1959                   1  14091.6
 20DIG 11-Apr-26 16:43 0029  NR4L           599  599  2017                   1  14089.1
 40DIG 11-Apr-26 16:46 0030  F6FDR          599  599  1977          1977     1   7062.4
 40DIG 11-Apr-26 16:47 0031  9A1CCY         599  599  2019          2019     1   7060.4
 40DIG 11-Apr-26 16:47 0032  OZ11A          599  599  1989          1989     1   7055.0
 40DIG 11-Apr-26 16:48 0033  EA3HCJ         599  599  1993          1993     1   7056.0
 40DIG 11-Apr-26 16:49 0034  LY2NZ          599  599  1984          1984     1   7058.2
 40DIG 11-Apr-26 16:50 0035  TM9R           599  599  1995          1995     1   7054.0
 40DIG 11-Apr-26 16:51 0036  DF1QR          599  599  2011          2011     1   7053.3
 40DIG 11-Apr-26 16:51 0037  P3X            599  599  1993                   1   7052.0
 40DIG 11-Apr-26 16:53 0038  ON5GQ          599  599  1964          1964     1   7050.7
 40DIG 11-Apr-26 16:55 0039  F4JTM          599  599  2023          2023     1   7045.9
 40DIG 11-Apr-26 16:56 0040  ON8FAB         599  599  2023                   1   7046.5
 40DIG 11-Apr-26 16:57 0041  SP1DOZ         599  599  1968          1968     1   7045.5
 40DIG 11-Apr-26 16:57 0042  IW1PNJ         599  599  1972          1972     1   7045.2
 40DIG 11-Apr-26 16:58 0043  YT1VDA         599  599  2025          2025     1   7044.4
 40DIG 11-Apr-26 16:59 0044  IW1CBG         599  599  1989                   1   7043.9
 40DIG 11-Apr-26 17:00 0045  F4EQN          599  599  2005          2005     1   7047.5
 40DIG 11-Apr-26 17:05 0046  IZ5MMT         599  599  2007          2007     1   7047.0
 40DIG 11-Apr-26 17:06 0047  IK2AQZ         599  599  1982          1982     1   7050.3
 40DIG 11-Apr-26 17:07 0048  LA1TV          599  599  1976          1976     1   7051.3
 40DIG 11-Apr-26 17:09 0049  EA4GOY         599  599  2014          2014     1   7050.8
 40DIG 11-Apr-26 17:09 0050  DQ9Y           599  599  2009          2009     1   7050.8
 40DIG 11-Apr-26 17:10 0051  OZ6TL          599  599  1964                   1   7050.8
 40DIG 11-Apr-26 17:10 0052  OZ9GA          599  599  1974          1974     1   7050.8
 40DIG 11-Apr-26 17:11 0053  OK7V           599  599  1984                   1   7050.8
 40DIG 11-Apr-26 17:11 0054  M8L            599  599  1975          1975     1   7050.8
 40DIG 11-Apr-26 17:12 0055  PA7BM          599  599  1999          1999     1   7050.8
 40DIG 11-Apr-26 17:14 0056  EI9VM          599  599  2021          2021     1   7050.8
 40DIG 11-Apr-26 17:14 0057  LY2F           599  599  1972                   1   7050.8
 40DIG 11-Apr-26 17:15 0058  EA4BAS         599  599  1980          1980     1   7050.8
 40DIG 11-Apr-26 17:17 0059  IT9VCE         599  599  1981          1981     1   7050.8
 40DIG 11-Apr-26 17:18 0060  SP3PJY         599  599  1995                   1   7050.8
 40DIG 11-Apr-26 17:20 0061  F4VXB          599  599  1984                   1   7050.8
 40DIG 11-Apr-26 17:20 0062  G0FGI          599  599  1979          1979     1   7050.8
 40DIG 11-Apr-26 17:24 0063  F5JFU          599  599  1989                   1   7050.8
 40DIG 11-Apr-26 17:27 0064  F4IRV          599  599  2020          2020     1   7050.8
 40DIG 11-Apr-26 17:28 0065  DN4TG          599  599  2018          2018     1   7050.8
 40DIG 11-Apr-26 17:30 0066  OE9HGV         599  599  1984                   1   7050.8
 40DIG 11-Apr-26 17:33 0067  S57SWR         599  599  1997          1997     1   7050.8
 40DIG 11-Apr-26 17:34 0068  MW9W           599  599  1988          1988     1   7050.8
 40DIG 11-Apr-26 17:35 0069  HB9TZU         599  599  2006          2006     1   7050.8
 40DIG 11-Apr-26 17:36 0070  YU0X           599  599  1980                   1   7050.8
 40DIG 11-Apr-26 17:37 0071  YL1YF          599  599  1995                   1   7050.8
 40DIG 11-Apr-26 17:37 0072  DL8UV          599  599  1976                   1   7050.8
 40DIG 11-Apr-26 17:39 0073  DL7AUO         599  599  1991          1991     1   7050.8
 40DIG 11-Apr-26 17:40 0074  LY3CY          599  599  1974                   1   7050.8
 40DIG 11-Apr-26 17:41 0075  DG6ME          599  599  1982                   1   7050.8
 40DIG 11-Apr-26 17:42 0076  DH4BM          599  599  1984                   1   7050.8
 40DIG 11-Apr-26 17:45 0077  F4GDI          599  599  2009                   1   7050.8
 40DIG 11-Apr-26 17:48 0078  DL6SFR         599  599  2006                   1   7050.8
 40DIG 11-Apr-26 17:53 0079  UR2Y           599  599  1982                   1   7052.2
 40DIG 11-Apr-26 17:57 0080  DJ4WM          599  599  1991                   1   7057.0
 40DIG 11-Apr-26 18:01 0081  PA3GCU         599  599  1990          1990     1   7059.7
 40DIG 11-Apr-26 18:11 0082  EW6DM          599  599  1976                   1   7045.6
 40DIG 11-Apr-26 18:13 0083  PA0ALG         599  599  1975                   1   7046.7
 20DIG 11-Apr-26 18:16 0084  EA8BW          599  599  1988          1988     1  14089.5
 20DIG 11-Apr-26 18:17 0085  EA2AZ          599  599  1992                   1  14087.5
 20DIG 11-Apr-26 18:19 0086  DK8ZZ          599  599  1990          1990     1  14090.6
 20DIG 11-Apr-26 18:20 0087  EA4BAS         599  599  1980          1980     1  14096.5
 20DIG 11-Apr-26 18:21 0088  EA3CS          599  599  1988                   1  14096.8
 20DIG 11-Apr-26 18:22 0089  S53K           599  599  1987          1987     1  14098.0
 20DIG 11-Apr-26 18:22 0090  NO2N           599  599  2013          2013     1  14098.4
 20DIG 11-Apr-26 18:23 0091  IK8IOO         599  599  1984          1984     1  14099.1
 20DIG 11-Apr-26 18:24 0092  EA1DP          599  599  1986          1986     1  14103.0
 20DIG 11-Apr-26 18:27 0093  WB8SIG         599  599  1966          1966     1  14093.7
 20DIG 11-Apr-26 18:28 0094  VE5MX          599  599  1990                   1  14093.7
 20DIG 11-Apr-26 18:29 0095  EA1EWY         599  599  1986                   1  14093.7
 20DIG 11-Apr-26 18:33 0096  WB2NVR         599  599  1964          1964     1  14093.7
 80DIG 11-Apr-26 18:39 0097  PA4O           599  599  1999          1999     1   3589.2
 80DIG 11-Apr-26 18:40 0098  DK8ZZ          599  599  1990          1990     1   3589.8
 80DIG 11-Apr-26 18:41 0099  DQ9Y           599  599  2009          2009     1   3590.5
 80DIG 11-Apr-26 18:41 0100  ON5GQ          599  599  1964          1964     1   3591.7
 80DIG 11-Apr-26 18:42 0101  2E0CEY         599  599  2009                   1   3592.5
 80DIG 11-Apr-26 18:42 0102  PA2W           599  599  1985          1985     1   3593.2
 80DIG 11-Apr-26 18:43 0103  SV2AEL         599  599  1986          1986     1   3594.0
 80DIG 11-Apr-26 18:45 0104  YL1YF          599  599  1995          1995     1   3584.9
 80DIG 11-Apr-26 18:45 0105  IW3SSD         599  599  2005          2005     1   3584.2
 80DIG 11-Apr-26 18:47 0106  LY2F           599  599  1972          1972     1   3586.0
 80DIG 11-Apr-26 18:48 0107  EA4GOY         599  599  2014          2014     1   3586.0
 80DIG 11-Apr-26 18:49 0108  P3X            599  599  1993          1993     1   3586.0
 80DIG 11-Apr-26 18:51 0109  3Z9W           599  599  1995                   1   3586.0
 80DIG 11-Apr-26 18:51 0110  MW9W           599  599  1988          1988     1   3586.0
 80DIG 11-Apr-26 18:52 0111  9A1CCY         599  599  2019          2019     1   3586.0
 80DIG 11-Apr-26 18:53 0112  OK2VIR         599  599  1967          1967     1   3586.0
 80DIG 11-Apr-26 18:54 0113  SP4LO          599  599  1984          1984     1   3586.0
 80DIG 11-Apr-26 18:55 0114  SP4NKJ         599  599  1984                   1   3586.0
 80DIG 11-Apr-26 18:55 0115  DN4TG          599  599  2018          2018     1   3586.0
 80DIG 11-Apr-26 18:58 0116  DJ4WM          599  599  1991          1991     1   3586.0
 80DIG 11-Apr-26 18:58 0117  PE1PIX         599  599  1994          1994     1   3586.0
 80DIG 11-Apr-26 18:59 0118  DR7B           599  599  1987          1987     1   3586.0
 80DIG 11-Apr-26 18:59 0119  OH2PM          599  599  1959          1959     1   3586.0
 80DIG 11-Apr-26 19:00 0120  DL5BCF         599  599  1981          1981     1   3586.0
 80DIG 11-Apr-26 19:00 0121  F4JTM          599  599  2023          2023     1   3586.0
 80DIG 11-Apr-26 19:02 0122  SP3PJY         599  599  1995                   1   3586.0
 80DIG 11-Apr-26 19:02 0123  DO9ST          599  599  2024          2024     1   3586.0
 80DIG 11-Apr-26 19:05 0124  LZ6E           599  599  1959                   1   3586.0
 80DIG 11-Apr-26 19:05 0125  UR2Y           599  599  1982          1982     1   3586.0
 80DIG 11-Apr-26 19:07 0126  SE4E           599  599  1962          1962     1   3586.0
 80DIG 11-Apr-26 19:08 0127  F8CRS          599  599  1999                   1   3586.0
 80DIG 11-Apr-26 19:11 0128  PA3GCU         599  599  1990                   1   3586.0
 80DIG 11-Apr-26 19:13 0129  M8L            599  599  1975          1975     1   3586.0
 80DIG 11-Apr-26 19:13 0130  F4GDI          599  599  2009                   1   3586.0
 80DIG 11-Apr-26 19:14 0131  OK2WMC         599  599  2001          2001     1   3586.0
 80DIG 11-Apr-26 19:15 0132  PA4GDR         599  599  2009                   1   3586.0
 80DIG 11-Apr-26 19:17 0133  DL3YCX         599  599  1981                   1   3586.0
 80DIG 11-Apr-26 19:18 0134  G0FGI          599  599  1979          1979     1   3586.0
 80DIG 11-Apr-26 19:18 0135  IN3OWY         599  599  1980          1980     1   3586.0
 80DIG 11-Apr-26 19:19 0136  RA1M           599  599  2009                   1   3586.0
 80DIG 11-Apr-26 19:19 0137  DL6SFR         599  599  2006          2006     1   3586.0
 80DIG 11-Apr-26 19:20 0138  OK7V           599  599  1984                   1   3586.0
 80DIG 11-Apr-26 19:20 0139  IK2FTB         599  599  1985                   1   3586.0
 80DIG 11-Apr-26 19:21 0140  OH2T           599  599  1979                   1   3586.0
 80DIG 11-Apr-26 19:26 0141  I0GIA          599  599  1962                   1   3586.0
 80DIG 11-Apr-26 19:28 0142  DR6T           599  599  1981                   1   3586.0
 80DIG 11-Apr-26 19:30 0143  PE1FTV         599  599  1980                   1   3586.0
 80DIG 11-Apr-26 19:34 0144  YT1VDA         599  599  2025          2025     1   3586.0
 80DIG 11-Apr-26 19:34 0145  F4GDI          599  599  2009                   0   3586.0
 80DIG 11-Apr-26 19:36 0146  DL2EMU         599  599  2025                   1   3586.0
 80DIG 11-Apr-26 19:36 0147  I2BZN          599  599  1965          1965     1   3586.0
 80DIG 11-Apr-26 19:38 0148  SM5MX          599  599  1961          1961     1   3586.0
 80DIG 11-Apr-26 19:42 0149  IW1PNJ         599  599  1972                   1   3586.0
 80DIG 11-Apr-26 19:46 0150  EA2AZ          599  599  1992          1992     1   3583.6
 80DIG 11-Apr-26 19:48 0151  GW5NF          599  599  1982                   1   3588.4
 80DIG 11-Apr-26 19:49 0152  DF1QR          599  599  2011          2011     1   3590.7
 80DIG 11-Apr-26 19:53 0153  DK0KTL         599  599  1979                   1   3595.2
 80DIG 11-Apr-26 19:56 0154  DF4ZL          599  599  1976          1976     1   3597.4
 40DIG 11-Apr-26 19:59 0155  SP4NKJ         599  599  1984                   1   7047.5
 40DIG 11-Apr-26 20:00 0156  AO750SJ        599  599  1994          1994     1   7047.5
 40DIG 11-Apr-26 20:04 0157  M0XAC          599  599  2013          2013     1   7047.2
 40DIG 11-Apr-26 20:06 0158  EA5DO          599  599  1983          1983     1   7047.2
 40DIG 11-Apr-26 20:08 0159  EA4FME         599  599  1991                   1   7050.8
 40DIG 11-Apr-26 20:09 0160  OH8RA          599  599  1993                   1   7052.7
 40DIG 11-Apr-26 20:10 0161  TM4V           599  599  1999                   1   7054.0
 40DIG 11-Apr-26 20:11 0162  IV3NVB         599  599  1990                   1   7055.0
 40DIG 11-Apr-26 20:16 0163  UY5HF          599  599  1965          1965     1   7055.4
 40DIG 11-Apr-26 20:16 0164  IK1XPK         599  599  1986          1986     1   7056.5
 40DIG 11-Apr-26 20:17 0165  DR6T           599  599  1981                   1   7057.2
 40DIG 11-Apr-26 20:18 0166  IZ8BGY         599  599  1997                   1   7057.7
 40DIG 11-Apr-26 20:18 0167  LZ6E           599  599  1959          1959     1   7058.1
 40DIG 11-Apr-26 20:20 0168  IW0RLC         599  599  1964                   1   7059.2
 40DIG 11-Apr-26 20:21 0169  F5GKW          599  599  1981                   1   7059.6
 40DIG 11-Apr-26 20:24 0170  IK2JBY         599  599  1987          1987     1   7064.5
 40DIG 11-Apr-26 20:24 0171  IZ1JII         599  599  2006                   1   7066.5
 40DIG 11-Apr-26 20:27 0172  IU1MRG         599  599  2019                   1   7067.0
 40DIG 11-Apr-26 20:29 0173  SP9DWV         599  599  1969          1969     1   7043.9
 40DIG 11-Apr-26 20:31 0174  EA5XC          599  599  1982                   1   7044.1
 40DIG 11-Apr-26 20:33 0175  EA2AZ          599  599  1992          1992     1   7045.5
 40DIG 11-Apr-26 20:36 0176  DM4YWL         599  599  2009                   1   7054.3
 40DIG 11-Apr-26 21:59 0177  EA2CYJ         599  599  1984                   1   7052.7
 40DIG 11-Apr-26 22:00 0178  SV2AEL         599  599  1986                   1   7051.0
 80DIG 11-Apr-26 22:05 0179  EA5OG          599  599  2003          2003     1   3597.1
 80DIG 11-Apr-26 22:05 0180  IK2AQZ         599  599  1982                   1   3597.9
 80DIG 11-Apr-26 22:07 0181  M4N            599  599  1979                   1   3598.8
 80DIG 11-Apr-26 22:07 0182  IK4QJF         599  599  1991                   1   3598.8
 80DIG 11-Apr-26 22:08 0183  S53K           599  599  1987                   1   3598.8
 80DIG 11-Apr-26 22:09 0184  EA8BW          599  599  1988                   1   3598.8
 80DIG 11-Apr-26 22:10 0185  DL1YFS         599  599  1992                   1   3598.8
 80DIG 11-Apr-26 22:10 0186  IV3WMS         599  599  1998          1998     1   3598.8
 15DIG 12-Apr-26 08:27 0187  JA6GCE         599  599  1966          1966     1  21098.3
 15DIG 12-Apr-26 08:29 0188  JH7RTQ         599  599  1976          1976     1  21097.6
 15DIG 12-Apr-26 08:31 0189  VU2IBI         599  599  1995          1995     1  21094.1
 15DIG 12-Apr-26 08:54 0190  VU2DED         599  599  1986          1986     1  21087.0
 15DIG 12-Apr-26 09:03 0191  DQ9Y           599  599  2009          2009     1  21092.5
 15DIG 12-Apr-26 09:05 0192  DK100LH        599  599  1986                   1  21096.5
 20DIG 12-Apr-26 09:15 0193  UT7NI          599  599  1976          1976     1  14107.4
 20DIG 12-Apr-26 09:16 0194  LY2F           599  599  1972          1972     1  14107.4
 20DIG 12-Apr-26 09:16 0195  YU0X           599  599  1980                   1  14107.4
 20DIG 12-Apr-26 09:22 0196  YO9HP          599  599  1976                   1  14105.4
 20DIG 12-Apr-26 09:23 0197  OH2PM          599  599  1959                   1  14103.3
 20DIG 12-Apr-26 09:28 0198  TF3PPN         599  599  2005                   1  14100.2
 20DIG 12-Apr-26 09:30 0199  IK7DXP         599  599  1985          1985     1  14099.4
 20DIG 12-Apr-26 09:31 0200  UR2Y           599  599  1982          1982     1  14091.6
 20DIG 12-Apr-26 09:32 0201  IW8PQ          599  599  1989          1989     1  14088.9
 20DIG 12-Apr-26 09:38 0202  SV2AEL         599  599  1986                   1  14101.0
 20DIG 12-Apr-26 09:40 0203  ER3UA          599  599  1981                   1  14094.6
 15DIG 12-Apr-26 14:22 0204  VE2HB          599  599  1959          1959     1  21092.5
 15DIG 12-Apr-26 14:23 0205  WV4P           599  599  2017          2017     1  21095.0
 15DIG 12-Apr-26 14:25 0206  PY5FO          599  599  2000          2000     1  21092.0
 15DIG 12-Apr-26 14:27 0207  AC1NU          599  599  2000                   1  21085.0
 15DIG 12-Apr-26 14:28 0208  DF8QB          599  599  1975          1975     1  21088.1
 10DIG 12-Apr-26 14:30 0209  DF8QB          599  599  1975          1975     1  28090.0
 10DIG 12-Apr-26 14:32 0210  EA8BW          599  599  1988          1988     1  28094.2
 10DIG 12-Apr-26 14:32 0211  PU1JSV         599  599  2017          2017     1  28096.1
 10DIG 12-Apr-26 14:33 0212  PY2PLL         599  599  1975                   1  28098.5
 10DIG 12-Apr-26 14:35 0213  9A1CCY         599  599  2019          2019     1  28090.0
 10DIG 12-Apr-26 14:41 0214  PY5FO          599  599  2000          2000     1  28092.9
 10DIG 12-Apr-26 14:50 0215  PY2KNK         599  599  2001          2001     1  28100.0
 10DIG 12-Apr-26 14:57 0216  PY5AMF         599  599  1997          1997     1  28095.0
 10DIG 12-Apr-26 14:58 0217  LU5DF          599  599  1979          1979     1  28091.3
 15DIG 12-Apr-26 15:43 0218  W4CQE          599  599  1977          1977     1  21084.5
 15DIG 12-Apr-26 15:44 0219  YB1DFE         599  599  2012                   1  21097.5
 15DIG 12-Apr-26 15:47 0220  WB8SIG         599  599  1966                   1  21088.4
 20DIG 12-Apr-26 15:48 0221  YO8WW          599  599  1977          1977     1  14090.2
 20DIG 12-Apr-26 15:54 0222  A71MM          599  599  2015          2015     1  14092.1
 20DIG 12-Apr-26 15:58 0223  EA5XC          599  599  1982                   1  14083.7
 20DIG 12-Apr-26 15:59 0224  AC1NU          599  599  2000          2000     1  14083.3
 20DIG 12-Apr-26 16:01 0225  EA6/DL6TK      599  599  1983                   1  14088.6
 20DIG 12-Apr-26 16:05 0226  EA5OG          599  599  2003                   1  14093.9
 40DIG 12-Apr-26 16:13 0227  DK100LH        599  599  1986                   1   7045.6
 40DIG 12-Apr-26 16:13 0228  PD0WVB         599  599  2013                   1   7048.1
 40DIG 12-Apr-26 16:14 0229  F4HRG/QRP      599  599  2016          2016     1   7049.0
 40DIG 12-Apr-26 16:16 0230  DM2GG          599  599  2006                   1   7050.9
 40DIG 12-Apr-26 16:18 0231  OZ30EU         599  599  1971          1971     1   7056.1
 40DIG 12-Apr-26 16:20 0232  I0WBX          599  599  1976                   1   7057.0
 40DIG 12-Apr-26 16:21 0233  G8OLA          599  599  1978          1978     1   7057.6
 40DIG 12-Apr-26 16:22 0234  UZ1WW          599  599  1968                   1   7060.0
 40DIG 12-Apr-26 16:23 0235  YT3H           599  599  1966          1966     1   7064.3
 40DIG 12-Apr-26 16:24 0236  IW3SSD         599  599  2005                   1   7065.0
 40DIG 12-Apr-26 16:24 0237  DL7ALM         599  599  1983                   1   7066.4
 40DIG 12-Apr-26 16:29 0238  YO9BCM         599  599  1973          1973     1   7060.4
 40DIG 12-Apr-26 16:29 0239  IK2FTB         599  599  1985          1985     1   7062.1
 40DIG 12-Apr-26 16:30 0240  SO3O           599  599  2008          2008     1   7063.3
 40DIG 12-Apr-26 16:32 0241  PA4GDR         599  599  2009                   1   7051.0
 40DIG 12-Apr-26 16:33 0242  DH6BH          599  599  2005                   1   7050.5
 40DIG 12-Apr-26 16:35 0243  DA2R           599  599  2000          2000     1   7061.6
 40DIG 12-Apr-26 16:37 0244  G3BOY          599  599  1985                   1   7061.6
 40DIG 12-Apr-26 16:37 0245  OH2T           599  599  1979                   1   7061.6
 40DIG 12-Apr-26 16:38 0246  SP6JZP         599  599  1978                   1   7061.6
 40DIG 12-Apr-26 16:38 0247  7S5S           599  599  1960          1960     1   7061.6
 40DIG 12-Apr-26 16:39 0248  DC5CH          599  599  2019                   1   7061.6
 40DIG 12-Apr-26 16:39 0249  RA1M           599  599  2009                   1   7061.6
 40DIG 12-Apr-26 16:41 0250  OH2PM          599  599  1959                   1   7061.6
 40DIG 12-Apr-26 16:42 0251  DF3QL          599  599  1972                   1   7061.6
 40DIG 12-Apr-26 16:43 0252  IZ3KNK         599  599  2006                   1   7061.6
 40DIG 12-Apr-26 16:43 0253  DL1LSL         599  599  1980                   1   7061.6
 40DIG 12-Apr-26 16:47 0254  F5CBP          599  599  1995                   1   7061.7
 40DIG 12-Apr-26 16:49 0255  G7D            599  599  1968                   1   7061.7
 40DIG 12-Apr-26 16:50 0256  LY2F           599  599  1972                   0   7061.7
 80DIG 12-Apr-26 16:54 0257  DL7AUO         599  599  1991                   1   3587.0
 80DIG 12-Apr-26 16:54 0258  DL7ALM         599  599  1983          1983     1   3587.0
 80DIG 12-Apr-26 16:56 0259  SO3O           599  599  2008          2008     1   3588.9
 40DIG 12-Apr-26 16:58 0260  IK2UEX         599  599  1992                   1   7043.8
 40DIG 12-Apr-26 16:59 0261  S51DX          599  599  1981                   1   7045.6
 40DIG 12-Apr-26 17:08 0262  OE9ICI/M       599  599  2007                   1   7054.2
 40DIG 12-Apr-26 17:12 0263  GE7RTI         599  599  1994                   1   7049.8
 40DIG 12-Apr-26 17:14 0264  OH1SIC         599  599  1987                   1   7049.8
 40DIG 12-Apr-26 17:14 0265  DG8M           599  599  1990                   1   7049.8
 80DIG 12-Apr-26 17:19 0266  S52WW          599  599  2000          2000     1   3590.1
 80DIG 12-Apr-26 17:20 0267  SQ9DXT         599  599  1995                   1   3590.6
 80DIG 12-Apr-26 17:21 0268  F4EQN          599  599  2005                   1   3591.1
 80DIG 12-Apr-26 17:22 0269  YT3H           599  599  1966          1966     1   3591.1
 80DIG 12-Apr-26 17:23 0270  YU0X           599  599  1980                   1   3591.1
 80DIG 12-Apr-26 17:23 0271  7S5S           599  599  1960          1960     1   3591.1
 80DIG 12-Apr-26 17:29 0272  MM8WXA         599  599  2025                   1   3591.1
 80DIG 12-Apr-26 17:29 0273  F5GKW          599  599  1981                   1   3591.1
 80DIG 12-Apr-26 17:30 0274  G3BOY          599  599  1985                   1   3591.1
 80DIG 12-Apr-26 17:31 0275  DL5ARM         599  599  1976                   1   3591.1
 80DIG 12-Apr-26 17:32 0276  UZ1WW          599  599  1968          1968     1   3591.1
 80DIG 12-Apr-26 17:39 0277  OZ11A          599  599  1989          1989     1   3593.3
 80DIG 12-Apr-26 17:40 0278  S57SWR         599  599  1997          1997     1   3593.8
 80DIG 12-Apr-26 17:41 0279  SP9DWV         599  599  1969          1969     1   3590.1
 80DIG 12-Apr-26 17:42 0280  G7D            599  599  1968                   1   3587.9
 40DIG 12-Apr-26 17:46 0281  SP3GAX         599  599  1971                   1   7050.8
 40DIG 12-Apr-26 17:47 0282  PD1RP          599  599  2007                   1   7056.1
 40DIG 12-Apr-26 17:49 0283  F1RHS          599  599  1991                   1   7058.8
 40DIG 12-Apr-26 17:53 0284  M4N            599  599  1979                   1   7054.5
 40DIG 12-Apr-26 17:54 0285  DL7YS          599  599  1975                   1   7054.5
 40DIG 12-Apr-26 17:55 0286  SP2MKI         599  599  1981                   1   7054.5
 40DIG 12-Apr-26 17:56 0287  SP8EEX         599  599  1970          1970     1   7054.5
 40DIG 12-Apr-26 17:57 0288  UT7NI          599  599  1976                   1   7054.5
 40DIG 12-Apr-26 17:58 0289  DC1YL          599  599  2019                   1   7054.5
 40DIG 12-Apr-26 17:59 0290  SN9S           599  599  1968                   1   7054.5
