 40DIG 13-Jan-26 18:03 0001  PA3ARM         599  599  001           001      2   7051.2
 40DIG 13-Jan-26 18:03 0002  DL7AUO         599  599  D06           D06      1   7051.2
 40DIG 13-Jan-26 18:04 0003  DJ1OJ          599  599  C25           C25      1   7051.2
 40DIG 13-Jan-26 18:05 0004  I0GIA          599  599  002           002      2   7051.2
 40DIG 13-Jan-26 18:06 0005  DK1KC          599  599  C06           C06      1   7051.2
 40DIG 13-Jan-26 18:07 0006  DK2OY          599  599  M15           M15      1   7051.2
 40DIG 13-Jan-26 18:07 0007  DL8LR          599  599  U30           U30      1   7051.2
 40DIG 13-Jan-26 18:08 0008  GU0UVH         599  599  002                    2   7051.2
 40DIG 13-Jan-26 18:08 0009  GW5NF          599  599  007           007      2   7051.2
 40DIG 13-Jan-26 18:08 0010  DG8M           599  599  C12           C12      1   7051.2
 40DIG 13-Jan-26 18:09 0011  DL7YS          599  599  D06                    1   7051.2
 40DIG 13-Jan-26 18:09 0012  DG0KS          599  599  V02           V02      1   7051.2
 40DIG 13-Jan-26 18:10 0013  DL3DRN         599  599  S27           S27      1   7051.2
 40DIG 13-Jan-26 18:11 0014  M5M            599  599  004           004      2   7051.2
 40DIG 13-Jan-26 18:11 0015  IW1CBG         599  599  007                    2   7051.2
 40DIG 13-Jan-26 18:13 0016  MI0DWE         599  599  002                    2   7051.2
 40DIG 13-Jan-26 18:14 0017  DL4YDR         599  599  N16           N16      1   7051.2
 40DIG 13-Jan-26 18:15 0018  DR6T           599  599  U14           U14      1   7050.8
 40DIG 13-Jan-26 18:17 0019  DK1WI          599  599  O16           O16      1   7053.0
 40DIG 13-Jan-26 18:17 0020  G5V            599  599  005           005      2   7054.1
 40DIG 13-Jan-26 18:18 0021  DK2VM          599  599  Q18           Q18      1   7055.7
 40DIG 13-Jan-26 18:19 0022  HA3MGA         599  599  011           011      2   7057.5
 40DIG 13-Jan-26 18:33 0023  DR4A           599  599  F27           F27      1   7046.0
 40DIG 13-Jan-26 18:35 0024  DQ9Y           599  599  L06           L06      1   7045.1
 40DIG 13-Jan-26 18:36 0025  DA2R           599  599  U14                    1   7043.6
 40DIG 13-Jan-26 18:38 0026  S52W           599  599  020           020      2   7042.2
 80DIG 13-Jan-26 18:42 0027  DM2WB          599  599  B07           B07      1   3591.4
 80DIG 13-Jan-26 18:43 0028  G5C            599  599  008           008      2   3591.4
 80DIG 13-Jan-26 18:44 0029  PE1LZZ         599  599  013           013      2   3591.4
 80DIG 13-Jan-26 18:45 0030  DL2LBK         599  599  M31           M31      1   3591.4
 80DIG 13-Jan-26 18:47 0031  DF1QR          599  599  Z95           Z95      1   3592.1
 80DIG 13-Jan-26 18:47 0032  DL3IAC         599  599  A02           A02      1   3592.6
 80DIG 13-Jan-26 18:50 0033  DL5IAH         599  599  K09           K09      1   3598.0
 80DIG 13-Jan-26 18:51 0034  GW5NF          599  599  048           048      2   3590.6
 80DIG 13-Jan-26 18:52 0035  DR6T           599  599  U14           U14      1   3589.5
 80DIG 13-Jan-26 18:54 0036  DK1WI          599  599  O16           O16      1   3588.0
 80DIG 13-Jan-26 18:55 0037  DG8M           599  599  C12           C12      1   3586.7
 80DIG 13-Jan-26 18:56 0038  DF8XC          599  599  N47           N47      1   3586.1
 80DIG 13-Jan-26 18:58 0039  OE5TXF         599  599  060           060      2   3585.0
 40DIG 13-Jan-26 19:01 0040  OE3FFC         599  599  016           016      2   7046.8
 40DIG 13-Jan-26 19:02 0041  DK7SS          599  599  P18           P18      1   7046.8
 40DIG 13-Jan-26 19:02 0042  DL1ASA         599  599  F02           F02      1   7046.8
 40DIG 13-Jan-26 19:03 0043  DL5KBG         599  599  G07           G07      1   7046.8
 40DIG 13-Jan-26 19:04 0044  DL3EL          599  599  F49           F49      1   7046.8
 40DIG 13-Jan-26 19:05 0045  DL5ZBS         599  599  F38           F38      1   7046.8
 40DIG 13-Jan-26 19:06 0046  DK8KA          599  599  G19           G19      1   7046.8
 40DIG 13-Jan-26 19:06 0047  DM3CH          599  599  Q02           Q02      1   7046.8
 40DIG 13-Jan-26 19:08 0048  DL6SFR         599  599  A13           A13      1   7046.8
 40DIG 13-Jan-26 19:09 0049  HB9TZU         599  599  022           022      2   7046.8
 40DIG 13-Jan-26 19:11 0050  DJ1TF          599  599  A02           A02      1   7046.8
 40DIG 13-Jan-26 19:12 0051  IW3SSD         599  599  065           065      2   7046.8
 40DIG 13-Jan-26 19:12 0052  PA3I           599  599  054           054      2   7046.8
 40DIG 13-Jan-26 19:14 0053  OE9NRH         599  599  014           014      2   7046.8
 40DIG 13-Jan-26 19:15 0054  DL7CK          599  599  P24           P24      1   7046.8
 40DIG 13-Jan-26 19:15 0055  DH0GDS         599  599  P30           P30      1   7046.8
 80DIG 13-Jan-26 19:18 0056  DL0KYF         599  599  X01           X01      1   3585.0
 80DIG 13-Jan-26 19:21 0057  DJ8EW          599  599  C25           C25      1   3586.9
 80DIG 13-Jan-26 19:22 0058  DR4A           599  599  F27           F27      1   3587.4
 80DIG 13-Jan-26 19:24 0059  DQ9Y           599  599  L06           L06      1   3588.9
 80DIG 13-Jan-26 19:26 0060  ON6MX          599  599  092           092      2   3591.1
