 10SSB 10-Jan-26 15:03 0001  EU6DZ          59   59   KO35 749      EU       3  28380.1
 10SSB 10-Jan-26 15:05 0002  I2OIM          59   59   JN45 522      I        3  28386.9
 10SSB 10-Jan-26 15:07 0003  HB9AOF         59   59   JN36 770      HB       3  28399.4
 10SSB 10-Jan-26 15:10 0004  F5RRS          59   59   JN36 736      F        3  28424.8
 10SSB 10-Jan-26 15:11 0005  OM0AAO         59   59   JN88 1272     OM       3  28424.8
 10SSB 10-Jan-26 15:12 0006  I1JQJ          59   59   JN35 1658              3  28424.8
 10SSB 10-Jan-26 15:13 0007  G0MRF          59   59   IO91 1111     G        3  28424.8
 10SSB 10-Jan-26 15:16 0008  I2OIM          59   59   JN45 522               0  28424.8
 10SSB 10-Jan-26 15:17 0009  ON4CGZ         59   59   JO11 1457     ON       3  28424.8
 10SSB 10-Jan-26 15:18 0010  F1BJD          59   59   JN08 1114              3  28424.8
 10SSB 10-Jan-26 15:21 0011  M0HOJ          59   59   JO02 2                 3  28424.8
 10SSB 10-Jan-26 15:21 0012  OE3JAG         59   59   JN88 805      OE       3  28424.8
 10SSB 10-Jan-26 15:22 0013  R3LO           59   59   KO64 972      UA       3  28424.8
 10SSB 10-Jan-26 15:23 0014  G3DXC          59   59   IO91 1005              3  28424.8
 10SSB 10-Jan-26 15:24 0015  DK5CW          59   59   JN68 1715     DL       2  28424.8
 10SSB 10-Jan-26 15:25 0016  DL1BM          59   59   JO62 582               2  28424.8
 10SSB 10-Jan-26 15:27 0017  M0BLF          59   59   JO02 1750              3  28424.8
 10SSB 10-Jan-26 15:28 0018  PP2RON         59   59   GH53 75       PY       5  28424.8
 10SSB 10-Jan-26 15:35 0019  ON4DAK         59   59   JO10 70                3  28376.0
 10SSB 10-Jan-26 15:37 0020  IK1GPG         59   59   JN34 552               3  28384.7
 10SSB 10-Jan-26 15:38 0021  DA1MS          59   59   JO53 1614              2  28392.2
 10SSB 10-Jan-26 15:42 0022  VU2EEI         59   59   MJ88 287      VU       5  28409.1
 10SSB 10-Jan-26 15:45 0023  OH3DP          59   59   KP10 1585     OH       3  28414.5
 10SSB 10-Jan-26 15:47 0024  DH7IF          59   59   JN49 827               2  28440.0
 10SSB 10-Jan-26 15:49 0025  DL1RNO         59   59   JO62 344               2  28445.8
 10SSB 10-Jan-26 15:51 0026  IK1XPK         59   59   JN44                   3  28467.0
 10SSB 10-Jan-26 15:53 0027  SV1FWV         59   59   KM18 1695     SV       3  28372.6
 10SSB 10-Jan-26 15:55 0028  DL8SDQ         59   59   JN49 124               2  28433.4
 10SSB 10-Jan-26 15:59 0029  DJ4FF          59   59   JN47 377               2  28433.3
