 10SSB 11-Apr-26 20:41 0001  RY3O           59   59   29            UA   29  3  2400418.0
 10SSB 11-Apr-26 20:42 0002  RT3F           59   59   CP                     3  2400407.0
 10SSB 11-Apr-26 20:46 0003  PA3GXT         59   59   27            PA   27  3  2400425.1
 10SSB 11-Apr-26 20:47 0004  RF9C           59   59   AM            UA9      5  2400431.5
 10SSB 11-Apr-26 20:50 0005  OK2DM          59   59   28            OK   28  3  2400439.0
 10SSB 11-Apr-26 20:51 0006  RA4HGN         59   59   30                 30  3  2400443.6
 10SSB 11-Apr-26 20:52 0007  PP2RON         59   59   15            PY   15  5  2400443.6
 10SSB 11-Apr-26 20:52 0008  A65BR          59   59   39            A6   39  5  2400443.6
 10SSB 11-Apr-26 20:53 0009  GW8TIX         59   59   27            GW       3  2400443.6
 10SSB 11-Apr-26 20:53 0010  9A2EY          59   59   28            9A       3  2400443.6
 10SSB 11-Apr-26 20:54 0011  R3LO           59   59   29                     3  2400443.6
 10SSB 11-Apr-26 21:07 0012  OM0CS          59   59   28            OM       3  2400413.0
 10SSB 11-Apr-26 21:14 0013  G3DXC          59   59   27            G        3  2400406.0
 10SSB 11-Apr-26 21:15 0014  RW0A           59   59   SA                     5  2400406.0
 10SSB 11-Apr-26 21:16 0015  G3PMY          59   59   27                     3  2400406.0
 10SSB 11-Apr-26 21:18 0016  ZS1DDK         59   59   57            ZS   57  5  2400406.0
 10CW  11-Apr-26 21:28 0017  OM0CS          599  599  28                     0  2400420.1
 10CW  11-Apr-26 21:35 0018  A65BR          599  599  39                     0  2400431.0
 10CW  11-Apr-26 21:35 0019  RY3O           599  599  29                     0  2400431.0
 10CW  11-Apr-26 21:36 0020  PP2RON         599  599  15                     0  2400431.0
 10CW  11-Apr-26 21:37 0021  RW0A           599  599  SA                     0  2400431.0
 10CW  11-Apr-26 21:39 0022  RF9C           599  599  AM                     0  2400431.0
 10CW  11-Apr-26 21:40 0023  DL8GAP         599  599  28            DL       2  2400431.0
 10CW  11-Apr-26 21:47 0024  OM0CS          599  599  28                     0  2400431.0
 10CW  12-Apr-26 10:18 0025  EU6DZ          59   59   29            EU       3  2400404.0
 10CW  12-Apr-26 10:19 0026  DL1USB         59   59   28                     2  2400407.8
 10CW  12-Apr-26 10:21 0027  PY2PIM         599  599  15                     5  2400417.9
 10CW  12-Apr-26 10:27 0028  YT7IM          599  599  28            YU       3  2400432.0
 10CW  12-Apr-26 10:28 0029  HA3HK          599  599  28            HA       3  2400421.6
 10CW  12-Apr-26 10:35 0030  EU2AA          599  599  29                     3  2400410.8
 10CW  12-Apr-26 10:41 0031  OH3DP          599  599  18            OH   18  3  2400422.1
 10CW  12-Apr-26 10:43 0032  EI3DP          599  599  27            EI       3  2400411.3
 10SSB 12-Apr-26 10:57 0033  PY2PIM         59   59   15                     0  2400409.9
 10SSB 12-Apr-26 10:58 0034  RN4K           59   59   PG                     3  2400426.5
 10SSB 12-Apr-26 11:02 0035  EU6DZ          59   59   29                     0  2400403.0
 10SSB 12-Apr-26 11:03 0036  9V1EO          59   59   54            9V   54  5  2400403.0
 10SSB 12-Apr-26 11:04 0037  TA9EA          59   59   39            TA       5  2400403.0
 10SSB 12-Apr-26 11:05 0038  UN1EAE         59   59   30            UN       5  2400403.0
 10SSB 12-Apr-26 11:06 0039  HA2D           59   59   28                     3  2400403.0
