 80CW  26-Dec-18 08:51 0001  DF1PY          599  599  14K01         DL   14  3         
 80CW  26-Dec-18 08:51 0002  DL4HG          599  599  14GT2         DL   14  3         
 80CW  26-Dec-18 08:54 0003  DL2VM          599  599  14S36                  3         
 80CW  26-Dec-18 08:58 0004  DJ1YF          599  599  14E03                  3         
 80CW  26-Dec-18 09:02 0005  DL5ANS         599  599  14X23                  3         
 80CW  26-Dec-18 09:04 0006  DJ5WW          599  599  14T13                  3         
 80CW  26-Dec-18 09:04 0007  DL4ME          599  599  14X20                  3         
 80CW  26-Dec-18 09:10 0008  DL5IAH         599  599  14K09                  3         
 80CW  26-Dec-18 09:15 0009  DL1LJD         599  599  14S31                  3         
 80CW  26-Dec-18 09:15 0010  DL3DTH         599  599  14S07                  3         
 80CW  26-Dec-18 09:21 0011  DL0HP          599  599  14D06                  3         
 80CW  26-Dec-18 09:22 0012  DL1IAO         599  599  14A24                  3         
 80CW  26-Dec-18 09:24 0013  DK3GI          599  599  14B40                  3         
 80CW  26-Dec-18 09:24 0014  DK2FG          599  599  14T68                  3         
 80CW  26-Dec-18 09:41 0015  DF0FY          599  599  14E31                  3         
 80CW  26-Dec-18 09:41 0016  DO1AYJ         599  599  14X22                  3         
 80CW  26-Dec-18 09:43 0017  DL7BAT         599  599  14V12                  3         
 80CW  26-Dec-18 09:44 0018  DL7ALM         599  599  14D06                  3         
 80CW  26-Dec-18 09:48 0019  DK3WW          599  599  14Y09                  3         
 80CW  26-Dec-18 09:48 0020  DM4G           599  599  14W36                  3         
 80CW  26-Dec-18 09:52 0021  DF1LX          599  599  14M15                  3         
 80CW  26-Dec-18 09:52 0022  DL1NEO         599  599  14B36                  3         
 80CW  26-Dec-18 09:56 0023  DK0SAX         599  599  14SAX                  3         
 80CW  26-Dec-18 09:57 0024  DD8D           599  599  14G73                  3         
 80CW  26-Dec-18 10:06 0025  DF5RF          599  599  14F43                  3         
 80CW  26-Dec-18 10:07 0026  DF4PD          599  599  14G23                  3         
 80CW  26-Dec-18 10:10 0027  DL5SDN         599  599  14P15                  3         
 80CW  26-Dec-18 10:12 0028  DK2TC          599  599  14G08                  3         
 80CW  26-Dec-18 10:14 0029  DL9SUD         599  599  14V14                  3         
 80CW  26-Dec-18 10:16 0030  DH2FW          599  599  14T02                  3         
 80CW  26-Dec-18 10:16 0031  DJ2AX          599  599  14X20                  3         
 80CW  26-Dec-18 10:20 0032  DF4XX          599  599  14E38                  3         
 80CW  26-Dec-18 10:20 0033  DL4WA          599  599  14X28                  3         
