 20CW  04-May-19 14:35 0001  IY6AN          599  599  AN                     0  14047.6
 20CW  04-May-19 14:37 0002  IZ6TGS         599  599  AP                     0  14044.5
 20CW  04-May-19 14:38 0003  IV3CGJ         599  599  GO                     0  14044.1
 20CW  04-May-19 14:39 0004  RM7C           599  599  188                    0  14043.4
 20CW  04-May-19 14:51 0005  IZ8CCW         599  599  CS                     0  14040.1
 20CW  04-May-19 14:54 0006  S55N           599  599  050                    0  14038.6
 20CW  04-May-19 14:55 0007  S51W           599  599  073                    0  14038.1
 20CW  04-May-19 14:55 0008  HG6O           599  599  153                    0  14037.5
 20CW  04-May-19 14:57 0009  IZ8FWN         599  599  CZ                     0  14036.2
 20CW  04-May-19 14:58 0010  S57U           599  599  083                    0  14034.1
 20CW  04-May-19 17:10 0011  IZ3NYG         599  599  PD                     0  14032.6
 20CW  04-May-19 17:46 0012  EA3FZT         599  599  015                    0  14030.0
 20CW  04-May-19 17:47 0013  I0ZUT          599  599  PG                     0  14027.3
 20CW  04-May-19 17:49 0014  IK6QON         599  599  AQ                     0  14020.5
 20CW  04-May-19 17:50 0015  SM0HRP         599  599  080                    0  14016.8
 20CW  04-May-19 17:53 0016  CS7AMH         599  599  016                    0  14008.9
 20CW  04-May-19 17:54 0017  EA5FIV         599  599  044                    0  14043.6
 20CW  04-May-19 18:37 0018  IZ8GCB         599  599  CE                     0  14014.5
 20CW  04-May-19 18:40 0019  EC1RS          599  599  199                    0  14012.6
 40CW  04-May-19 18:43 0020  SP1AEN         599  599  261                    0   7036.6
 40CW  04-May-19 18:44 0021  MM3AWD         599  599  262                    0   7037.5
 40CW  04-May-19 18:45 0022  HA6NL          599  599  175                    0   7036.0
 40CW  04-May-19 18:46 0023  9A1AA          599  599  372                    0   7034.0
 40CW  04-May-19 18:48 0024  EW/R1AT        599  599  175                    0   7032.4
 40CW  04-May-19 18:49 0025  IR2Q           599  599  MB                     0   7031.9
 40CW  04-May-19 18:51 0026  SD1A           599  599  060                    0   7031.0
 40CW  04-May-19 18:54 0027  IV3FPX         599  599  GO                     0   7030.5
 40CW  04-May-19 18:54 0028  OH3FM          599  599  242                    0   7030.1
 40CW  04-May-19 18:56 0029  OK5T           599  599  190                    0   7029.7
 40CW  04-May-19 18:57 0030  EA1XT          599  599  258                    0   7029.4
 40CW  04-May-19 18:59 0031  E77EA          599  599  105                    0   7029.0
 40CW  04-May-19 19:00 0032  YU73BFG        599  599  006                    0   7028.7
 40CW  04-May-19 19:02 0033  IV3CGJ         599  599  GO                     0   7028.4
 40CW  04-May-19 19:03 0034  4O4A           599  599  102                    0   7028.0
 40CW  04-May-19 19:04 0035  IZ3NVR         599  599  TV                     0   7027.6
 40CW  04-May-19 19:05 0036  LZ5R           599  599  752                    0   7027.2
 40CW  04-May-19 19:24 0037  DK5KK          599  599  034                    0   7025.5
 40CW  04-May-19 19:27 0038  S57U           599  599  227                    0   7025.2
 40CW  04-May-19 19:28 0039  IZ2FLX         599  599  MI                     0   7024.6
 40CW  04-May-19 19:29 0040  S51W           599  599  241                    0   7024.0
 40CW  04-May-19 19:29 0041  OH2KW          599  599  189                    0   7023.5
 40CW  04-May-19 19:30 0042  OZ2TF          599  599  159                    0   7022.9
 40CW  04-May-19 19:31 0043  LY2PX          599  599  211                    0   7022.2
 40CW  04-May-19 19:32 0044  IQ2CP          599  599  BG                     0   7022.5
 40CW  04-May-19 19:35 0045  IK0YVV         599  599  TR                     0   7021.6
 40CW  04-May-19 19:37 0046  PA4O           599  599  027                    0   7021.0
 40CW  04-May-19 19:40 0047  SP9R           599  599  101                    0   7020.6
 40CW  04-May-19 19:43 0048  I2CZQ          599  599  BS                     0   7020.2
 40CW  04-May-19 19:43 0049  IZ3NYG         599  599  PD                     0   7019.8
 40CW  04-May-19 19:44 0050  LA8HGA         599  599  325                    0   7019.6
 40CW  04-May-19 19:46 0051  I3FDZ          599  599  TV                     0   7019.1
 40CW  04-May-19 19:47 0052  OK5E           599  599  141                    0   7018.0
 40CW  04-May-19 19:49 0053  II8K           599  599  CS                     0   7017.0
 40CW  04-May-19 19:50 0054  IN3ZWF         599  599  BZ                     0   7016.0
 40CW  04-May-19 19:51 0055  HA1AD          599  599  146                    0   7014.9
 40CW  04-May-19 19:57 0056  IS0/I2GPT      599  599  SS                     0   7014.0
 40CW  04-May-19 19:58 0057  UT5NR          599  599  263                    0   7013.5
 40CW  04-May-19 19:59 0058  F5IN           599  599  348                    0   7012.8
 40CW  04-May-19 20:01 0059  DL3KWF         599  599  129                    0   7012.0
 40CW  04-May-19 20:03 0060  IZ4DYX         599  599  BO                     0   7011.1
 40CW  04-May-19 20:05 0061  UT1QQ          599  599  124                    0   7010.5
 40CW  04-May-19 20:07 0062  YU1ANO         599  599  186                    0   7010.1
 40CW  04-May-19 20:08 0063  LZ7X           599  599  116                    0   7009.7
 40CW  04-May-19 20:09 0064  IQ4FA          599  599  FE                     0   7007.8
 40CW  04-May-19 20:10 0065  EA1FA          599  599  324                    0   7007.0
 80CW  04-May-19 20:18 0066  YL3GY          599  599  072                    0   3538.6
 80CW  04-May-19 20:20 0067  RM7C           599  599  360                    0   3536.8
 80CW  04-May-19 20:21 0068  OK5OK          599  599  138                    0   3537.1
 80CW  04-May-19 20:23 0069  9A1AA          599  599  452                    0   3535.2
 80CW  04-May-19 20:24 0070  I03Y           599  599  UD                     0   3533.5
 80CW  04-May-19 20:25 0071  OK1FKD         599  599  207                    0   3532.6
 80CW  04-May-19 20:26 0072  S51DX          599  599  413                    0   3532.0
 80CW  04-May-19 20:27 0073  IQ3ME          599  599  VE                     0   3530.3
 80CW  04-May-19 20:30 0074  IZ5NFD         599  599  MS                     0   3528.1
 80CW  04-May-19 20:33 0075  PA3DBS         599  599  185                    0   3526.0
 80CW  04-May-19 20:34 0076  LA0CX          599  599  167                    0   3525.3
 80CW  04-May-19 20:38 0077  LZ9W           599  599  546                    0   3523.0
 80CW  04-May-19 20:39 0078  ON5WL          599  599  097                    0   3521.3
 80CW  04-May-19 20:41 0079  LZ5R           599  599  877                    0   3520.6
 80CW  04-May-19 20:42 0080  II2M           599  599  MI                     0   3519.9
 80CW  04-May-19 20:43 0081  F5IN           599  599  402                    0   3516.9
 80CW  04-May-19 20:46 0082  UR7GO          599  599  689                    0   3515.3
 80CW  04-May-19 20:50 0083  DL3KWR         599  599  070                    0   3512.5
 80CW  04-May-19 20:51 0084  HA1AD          599  599  179                    0   3512.1
 20CW  05-May-19 08:25 0085  IF9/IT9PPG     599  599  TP                     0  14043.5
 20CW  05-May-19 08:30 0086  9H1XT          599  599  181                    0  14040.1
 20CW  05-May-19 08:34 0087  LZ1ND          599  599  442                    0  14037.5
 20CW  05-May-19 08:37 0088  EV1R           599  599  891                    0  14036.2
 20CW  05-May-19 10:05 0089  EV5A           599  599  743                    0  14035.2
 20CW  05-May-19 10:06 0090  IZ8EFD         599  599  CE                     0  14031.4
 20CW  05-May-19 10:09 0091  IQ7DV          599  599  BA                     0  14031.1
 20CW  05-May-19 10:11 0092  ES9C           599  599  1562                   0  14029.0
 20CW  05-May-19 10:13 0093  Z35Y           599  599  273                    0  14028.4
 20CW  05-May-19 10:15 0094  IT9BLB         599  599  PA                     0  14026.8
 20CW  05-May-19 10:18 0095  OG7F           599  599  260                    0  14026.2
 20CW  05-May-19 11:00 0096  EW1TZ          599  599  601                    0  14020.1
 20CW  05-May-19 11:02 0097  RW4WA          599  599  205                    0  14019.2
 20CW  05-May-19 11:04 0098  RK9LWA         599  599  329                    0  14019.5
 20CW  05-May-19 11:10 0099  OH1TM          599  599  303                    0  14017.6
 20CW  05-May-19 11:12 0100  LY3B           599  599  908                    0  14013.0
 20CW  05-May-19 11:13 0101  UT4U           599  599  1246                   0  14012.6
 20CW  05-May-19 11:13 0102  UA5C           599  599  403                    0  14012.1
 20CW  05-May-19 11:17 0103  ES1BH          599  599  203                    0  14050.8
 20CW  05-May-19 11:22 0104  LZ7VZZ         599  599  084                    0  14039.1
 20CW  05-May-19 11:23 0105  RC9J           599  599  299                    0  14039.5
 20CW  05-May-19 11:26 0106  E77C           599  599  278                    0  14037.2
 20CW  05-May-19 11:27 0107  SM3EAE         599  599  133                    0  14035.5
 20CW  05-May-19 11:31 0108  YL2TD          599  599  358                    0  14028.1
 20CW  05-May-19 11:32 0109  RT9S           599  599  809                    0  14027.6
 20CW  05-May-19 11:33 0110  EW1TO          599  599  109                    0  14026.7
 20CW  05-May-19 11:37 0111  OY1CT          599  599  472                    0  14021.6
 20CW  05-May-19 11:39 0112  LZ9W           599  599  1127                   0  14020.8
 20CW  05-May-19 11:42 0113  LY6A           599  599  1421                   0  14018.9
 20CW  05-May-19 11:48 0114  LY2J           599  599  499                    0  14013.2
 20CW  05-May-19 11:51 0115  9A1AA          599  599  901                    0  14010.7
 20CW  05-May-19 11:55 0116  IZ8EQF         599  599  CS                     0  14011.1
 20CW  05-May-19 11:56 0117  II8K           599  599  CS                     0  14008.6
 20CW  05-May-19 11:57 0118  IT9RZU         599  599  PA                     0  14007.4
 20CW  05-May-19 11:59 0119  UR7GO          599  599  1222                   0  14006.5
 20CW  05-May-19 11:59 0120  IS0/I2GPT      599  599  SS                     0  14006.1
