 20CW  16-Nov-19 12:39 0001  UR5MW          599  599  29            UR   29  0  14043.0
 20CW  16-Nov-19 12:40 0002  LZ7DX          599  599  SZ            LZ       0  14042.0
 20CW  16-Nov-19 12:41 0003  EA4FL          599  599  37            EA   37  0  14041.7
 20CW  16-Nov-19 12:42 0004  LZ/Z36W        599  599  PD                     0  14040.5
 20CW  16-Nov-19 12:43 0005  RK3P           599  599  29            UA       0  14039.8
 20CW  16-Nov-19 12:44 0006  OH8WW          599  599  18            OH   18  0  14039.0
 20CW  16-Nov-19 12:45 0007  UT5NR          599  599  29                     0  14037.0
 20CW  16-Nov-19 12:46 0008  LZ4T           599  599  LV                     0  14035.8
 20CW  16-Nov-19 12:48 0009  LZ2HR          599  599  SN                     0  14032.1
 20CW  16-Nov-19 12:48 0010  SV1JG          599  599  28            SV   28  0  14031.6
 20CW  16-Nov-19 12:49 0011  LZ1YE          599  599  SZ                     0  14031.0
 20CW  16-Nov-19 12:50 0012  LZ8E           599  599  RZ                     0  14030.0
 20CW  16-Nov-19 12:51 0013  R5DC           599  599  29                     0  14029.4
 20CW  16-Nov-19 12:52 0014  UA6CC          599  599  29                     0  14027.2
 20CW  16-Nov-19 12:53 0015  OH3FM          599  599  18                     0  14024.5
 20CW  16-Nov-19 12:55 0016  LZ3QE          599  599  BU                     0  14023.1
 20CW  16-Nov-19 12:56 0017  CT1DRB         599  599  37            CT       0  14023.2
 20CW  16-Nov-19 12:57 0018  LZ1QN          599  599  BU                     0  14024.0
 20CW  16-Nov-19 12:59 0019  LZ6C           599  599  MN                     0  14022.4
 20CW  16-Nov-19 13:42 0020  EA4AOC         599  599  37                     0  14018.5
 20CW  16-Nov-19 13:44 0021  LZ1ND          599  599  PD                     0  14017.3
 20CW  16-Nov-19 13:45 0022  RW4WA          599  599  30                 30  0  14015.0
 20CW  16-Nov-19 13:47 0023  K3UL           599  599  08            K    08  0  14014.5
 20CW  16-Nov-19 13:48 0024  RM3F           599  599  29                     0  14014.0
 20CW  16-Nov-19 13:49 0025  UA5F           599  599  29                     0  14013.5
 20CW  16-Nov-19 13:49 0026  LZ5W           599  599  SZ                     0  14013.2
 20CW  16-Nov-19 13:51 0027  LZ5KW          599  599  PD                     0  14010.5
 20CW  16-Nov-19 13:52 0028  UR5R           599  599  29                     0  14009.6
 20CW  16-Nov-19 13:53 0029  P3X            599  599  39            5B   39  0  14009.1
 20CW  16-Nov-19 13:55 0030  LZ8R           599  599  VD                     0  14006.0
 20CW  16-Nov-19 13:56 0031  LZ2SX/P        599  599  VR                     0  14003.1
 20CW  16-Nov-19 13:58 0032  LZ1NK          599  599  PD                     0  14002.5
 20CW  16-Nov-19 14:00 0033  LZ1D           599  599  SF                     0  14052.0
 20CW  16-Nov-19 14:08 0034  LZ2A           599  599  VT                     0  14051.0
 20CW  16-Nov-19 14:08 0035  EA5JX          599  599  37                     0  14048.7
 20CW  16-Nov-19 14:10 0036  IT9ESW         599  599  28            IT9      0  14048.0
 20CW  16-Nov-19 14:13 0037  YQ6A           599  599  28            YO       0  14042.0
 20CW  16-Nov-19 14:14 0038  SV9RNG         599  599  28            SV9      0  14041.0
 20CW  16-Nov-19 14:16 0039  R7AB           599  599  29                     0  14039.1
 20CW  16-Nov-19 14:22 0040  LZ1A           599  599  SO                     0  14033.0
 20CW  16-Nov-19 14:25 0041  LZ1RW          599  599  SZ                     0  14030.0
 20CW  16-Nov-19 14:26 0042  LZ4AE          599  599  VR                     0  14026.6
 20CW  16-Nov-19 14:32 0043  LZ5VK          599  599  SF                     0  14019.0
 20CW  16-Nov-19 14:34 0044  LZ1MC          599  599  SZ                     0  14016.7
 20CW  16-Nov-19 14:41 0045  WA1Z           599  599  08                     0  14007.7
 20CW  16-Nov-19 14:41 0046  LZ3FN          599  599  DO                     0  14007.2
 20CW  16-Nov-19 14:43 0047  K3RA           599  599  08                     0  14002.2
 20CW  16-Nov-19 14:46 0048  LZ3CB          599  599  BU                     0  14026.0
 20CW  16-Nov-19 14:50 0049  LZ19ECC        599  599  PD                     0  14041.5
 40CW  16-Nov-19 15:01 0050  HG8C           599  599  28            HA   28  0   7039.1
 40CW  16-Nov-19 15:02 0051  LZ1QZ          599  599  BU            LZ       0   7038.0
 40CW  16-Nov-19 15:04 0052  R5DC           599  599  29            UA   29  0   7036.3
 40CW  16-Nov-19 15:05 0053  OH8WR          599  599  18            OH   18  0   7035.6
 40CW  16-Nov-19 15:08 0054  S52AW          599  599  28            S5       0   7033.5
 40CW  16-Nov-19 15:09 0055  OM7LW          599  599  28            OM       0   7032.0
 40CW  16-Nov-19 15:10 0056  EA1XT          599  599  37            EA   37  0   7031.6
 40CW  16-Nov-19 15:11 0057  R2ZA           599  599  29                     0   7031.0
 40CW  16-Nov-19 15:12 0058  YL3FW          599  599  29            LY       0   7030.6
 40CW  16-Nov-19 15:13 0059  LZ6F           599  599  LV                     0   7030.2
 40CW  16-Nov-19 15:14 0060  IK2GWH         599  599  28            I        0   7029.5
 40CW  16-Nov-19 15:15 0061  OK5MM          599  599  28            OK       0   7029.3
 40CW  16-Nov-19 15:16 0062  UP0L           599  599  30            UN   30  0   7028.9
 40CW  16-Nov-19 15:17 0063  YL5W           599  599  29            YL       0   7027.5
 40CW  16-Nov-19 15:18 0064  HG5D           599  599  28                     0   7025.5
 40CW  16-Nov-19 15:19 0065  I2CZQ          599  599  28                     0   7024.8
 40CW  16-Nov-19 15:20 0066  YU7KW          599  599  28            YU       0   7024.1
 40CW  16-Nov-19 15:21 0067  S58Q           599  599  28                     0   7023.2
 40CW  16-Nov-19 15:22 0068  9A3VM          599  599  28            9A       0   7023.5
 40CW  16-Nov-19 15:23 0069  RM3F           599  599  29                     0   7022.2
 40CW  16-Nov-19 15:28 0070  F5MUX          599  599  27            F    27  0   7020.1
 40CW  16-Nov-19 15:30 0071  UR5MM          599  599  29            UR       0   7019.1
 40CW  16-Nov-19 15:30 0072  ES4RD          599  599  29            ES       0   7018.5
 40CW  16-Nov-19 15:32 0073  F5OHM          599  599  27                     0   7018.1
 40CW  16-Nov-19 15:33 0074  LZ6C           599  599  MN                     0   7016.5
 40CW  16-Nov-19 15:38 0075  YU7U           599  599  28                     0   7013.7
 40CW  16-Nov-19 15:38 0076  LY2XW          599  599  29                     0   7013.5
 40CW  16-Nov-19 15:40 0077  SQ8LUU         599  599  28            SP       0   7013.1
 40CW  16-Nov-19 15:40 0078  IK2UEX         599  599  28                     0   7011.5
 40CW  16-Nov-19 15:41 0079  LZ1ND          599  599  PD                     0   7010.4
 40CW  16-Nov-19 15:44 0080  Z35Y           599  599  28            Z3       0   7009.7
 40CW  16-Nov-19 15:58 0081  F4VSQ          599  599  27                     0   7037.4
 40CW  16-Nov-19 16:00 0082  R4IO           599  599  29                     0   7034.4
 40CW  16-Nov-19 16:01 0083  LY2PX          599  599  29                     0   7029.8
 40CW  16-Nov-19 16:02 0084  OH3FM          599  599  18                     0   7029.4
 40CW  16-Nov-19 16:03 0085  HA8TP          599  599  28                     0   7028.9
 40CW  16-Nov-19 16:27 0086  UY5ZZ          599  599  29                     0   7027.0
 40CW  16-Nov-19 16:33 0087  LZ1A           599  599  SO                     0   7022.0
 40CW  16-Nov-19 16:38 0088  LY2A           599  599  29                     0   7012.7
 40CW  16-Nov-19 16:39 0089  LY2MM          599  599  29                     0   7009.0
 40CW  16-Nov-19 16:40 0090  EA3KU          599  599  37                     0   7007.6
 40CW  16-Nov-19 16:41 0091  R2DA           599  599  29                     0   7007.0
 40CW  16-Nov-19 16:42 0092  LY8A           599  599  29                     0   7038.6
 40CW  16-Nov-19 16:44 0093  IK8UND         599  599  28                     0   7035.9
 40CW  16-Nov-19 16:47 0094  RG9A           599  599  30            UA9      0   7031.2
 40CW  16-Nov-19 16:52 0095  YL2HR          599  599  29                     0   7033.0
 40CW  16-Nov-19 16:55 0096  YO8DAR         599  599  28            YO       0   7033.0
 80CW  16-Nov-19 17:02 0097  PA4O           599  599  27            PA   27  0   3533.9
 80CW  16-Nov-19 17:04 0098  LZ6C           599  599  MN            LZ       0   3533.3
 80CW  16-Nov-19 17:06 0099  IK2CZQ         599  599  28            I    28  0   3532.5
 80CW  16-Nov-19 17:07 0100  OK2BFN         599  599  28            OK       0   3532.0
 80CW  16-Nov-19 17:14 0101  LZ5R           599  599  PD                     0   3529.2
; df7c?                                                                                
 80CW  16-Nov-19 17:23 0102  OE3KAB         599  599  28            OE       0   3527.1
 80CW  16-Nov-19 17:25 0103  SP4G           599  599  28            SP       0   3525.5
 80CW  16-Nov-19 17:26 0104  LY7M           599  599  29            LY   29  0   3523.2
 80CW  16-Nov-19 17:26 0105  LZ5XQ          599  599  BU                     0   3522.0
 80CW  16-Nov-19 17:29 0106  IZ3SQW         599  599  28                     0   3521.0
 80CW  16-Nov-19 17:30 0107  OZ1AAR         599  599  18            OZ   18  0   3519.9
 80CW  16-Nov-19 17:32 0108  S53M           599  599  28            S5       0   3518.9
 80CW  16-Nov-19 17:35 0109  LZ1NK          599  599  PD                     0   3515.5
 80CW  16-Nov-19 17:38 0110  F8DGY          599  599  27            F        0   3514.5
 80CW  16-Nov-19 18:02 0111  YO7CW          599  599  28            YO       0   3514.5
 80CW  16-Nov-19 18:03 0112  YL3CW          599  599  29            YL       0   3513.8
 80CW  16-Nov-19 18:06 0113  UR7GO          599  599  29            UR       0   3509.4
 80CW  16-Nov-19 18:09 0114  SM5DXR         599  599  18            SM       0   3543.0
 80CW  16-Nov-19 18:50 0115  OK1HEH         599  599  28                     0   3541.3
 80CW  16-Nov-19 18:51 0116  DF5LW          599  599  28            DL       0   3540.7
 80CW  16-Nov-19 18:57 0117  OK1OA          599  599  28                     0   3537.7
 80CW  16-Nov-19 19:00 0118  LZ5KW          599  599  PD                     0   3534.7
 80CW  16-Nov-19 19:01 0119  YO8TTT         599  599  28                     0   3533.3
 80CW  16-Nov-19 19:02 0120  OK6DJ          599  599  28                     0   3532.9
 80CW  16-Nov-19 19:11 0121  LY7T           599  599  29                     0   3528.9
 80CW  16-Nov-19 19:17 0122  SP1GZF         599  599  28                     0   3526.8
 80CW  16-Nov-19 19:19 0123  3Z100PIP       599  599  28                     0   3524.1
 80CW  16-Nov-19 19:20 0124  R3ZZ           599  599  29            UA       0   3523.4
 80CW  16-Nov-19 19:23 0125  HA6NW          599  599  28            HA       0   3522.7
 80CW  16-Nov-19 19:25 0126  OM3RM          599  599  28            OM       0   3521.5
 80CW  16-Nov-19 19:31 0127  S51DX          599  599  28                     0   3518.9
 80CW  16-Nov-19 19:32 0128  SN5N           599  599  28                     0   3517.6
 80CW  16-Nov-19 19:34 0129  RK3P           599  599  29                     0   3517.0
 80CW  16-Nov-19 19:40 0130  LZ6E           599  599  SF                     0   3512.4
 80CW  16-Nov-19 19:46 0131  LZ8R           599  599  VD                     0   3508.0
 80CW  16-Nov-19 19:47 0132  YL2HR          599  599  29                     0   3547.0
 80CW  16-Nov-19 19:52 0133  PA9CW          599  599  27                     0   3542.3
 80CW  16-Nov-19 19:53 0134  SP4DEU         599  599  28                     0   3540.2
 80CW  16-Nov-19 20:02 0135  EA1XT          599  599  37            EA   37  0   3538.5
 80CW  16-Nov-19 20:04 0136  HA3NU          599  599  28                     0   3537.4
 80CW  16-Nov-19 20:05 0137  UA4M           599  599  29                     0   3536.7
 80CW  16-Nov-19 20:06 0138  LY2SA          599  599  29                     0   3536.1
 80CW  16-Nov-19 20:08 0139  HG5D           599  599  28                     0   3535.2
 80CW  16-Nov-19 20:12 0140  IK2GWH         599  599  28                     0   3534.8
 80CW  16-Nov-19 20:17 0141  SP4W           599  599  28                     0   3532.6
 80CW  16-Nov-19 20:19 0142  YU5R           599  599  28            YU       0   3532.0
 80CW  16-Nov-19 20:21 0143  UR7ZO          599  599  29                     0   3529.9
 80CW  16-Nov-19 20:23 0144  YU1ED          599  599  28                     0   3528.1
 80CW  16-Nov-19 20:47 0145  SN1T           599  599  28                     0   3526.0
 80CW  16-Nov-19 20:49 0146  SP1NY          599  599  28                     0   3524.7
 80CW  16-Nov-19 20:52 0147  UR5R           599  599  29                     0   3523.2
 80CW  16-Nov-19 20:52 0148  G5LP           599  599  27            G        0   3522.6
 80CW  16-Nov-19 20:54 0149  DL2ZBO         599  599  28                     0   3522.0
 80CW  16-Nov-19 20:55 0150  OK1AY          599  599  28                     0   3521.5
 80CW  16-Nov-19 20:55 0151  OH8WW          599  599  18            OH       0   3521.1
 80CW  16-Nov-19 20:57 0152  HA2NA          599  599  28                     0   3520.7
 80CW  16-Nov-19 20:58 0153  LY2MM          599  599  29                     0   3520.4
 80CW  16-Nov-19 20:59 0154  RT5C           599  599  29                     0   3520.0
 80CW  16-Nov-19 21:00 0155  LY2TS          599  599  29                     0   3519.2
 80CW  16-Nov-19 21:01 0156  OH3FM          599  599  18                     0   3518.9
 80CW  16-Nov-19 21:02 0157  OK4RQ          599  599  28                     0   3518.6
 80CW  16-Nov-19 21:03 0158  F5IN           599  599  27                     0   3518.1
 80CW  16-Nov-19 21:06 0159  DL5AXX         599  599  28                     0   3517.0
 80CW  16-Nov-19 21:08 0160  EV6Z           599  599  29            EU       0   3516.2
 15CW  17-Nov-19 10:03 0161  P3X            599  599  39            5B   39  0  21010.7
 15CW  17-Nov-19 10:12 0162  UP0L           599  599  30            UN   30  0  21020.1
 15CW  17-Nov-19 10:16 0163  GM3YOR         599  599  27            GM   27  0  21015.1
 15CW  17-Nov-19 10:17 0164  EA8/UA5C       599  599  36            EA8  36  0  21011.9
 15CW  17-Nov-19 10:22 0165  SV9DJO         599  599  28            SV9  28  0  21034.1
 15CW  17-Nov-19 10:40 0166  OH8WR          599  599  18            OH   18  0  21027.0
 15CW  17-Nov-19 10:40 0167  OY1CT          599  599  18            OY       0  21023.1
 15CW  17-Nov-19 10:42 0168  R7AW           599  599  29            UA   29  0  21019.2
 15CW  17-Nov-19 10:43 0169  UA6CC          599  599  29                     0  21018.5
 15CW  17-Nov-19 10:47 0170  RC9A           599  599  30            UA9      0  21036.0
 15CW  17-Nov-19 10:50 0171  RG9A           599  599  30                     0  21030.3
 15CW  17-Nov-19 10:58 0172  UX3UV          599  599  29            UR       0  21017.0
 20CW  17-Nov-19 11:05 0173  R7HF           599  599  29                     0  14047.1
 20CW  17-Nov-19 11:08 0174  LA7AK          599  599  18            LA       0  14043.3
 20CW  17-Nov-19 11:09 0175  EW8OM          599  599  29            EU       0  14043.0
 20CW  17-Nov-19 11:10 0176  LY3BB          599  599  29            LY       0  14041.0
 20CW  17-Nov-19 11:10 0177  LY6A           599  599  29                     0  14040.4
 20CW  17-Nov-19 11:12 0178  UP0L           599  599  30            UN       0  14039.5
 20CW  17-Nov-19 11:12 0179  LZ3V           599  599  SF                     0  14039.2
 20CW  17-Nov-19 11:16 0180  LZ5R           599  599  PD                     0  14035.5
 20CW  17-Nov-19 11:18 0181  OY1CT          599  599  18            OY       0  14033.8
 20CW  17-Nov-19 11:21 0182  RC9J           599  599  21            UA9  21  0  14031.5
 20CW  17-Nov-19 11:26 0183  RC6U           599  599  29                     0  14030.5
 20CW  17-Nov-19 11:27 0184  RL4F           599  599  29                     0  14030.0
 20CW  17-Nov-19 11:29 0185  SV9DJO         599  599  28                     0  14029.3
 20CW  17-Nov-19 11:31 0186  RK9LWA         599  599  30                     0  14028.7
 20CW  17-Nov-19 11:32 0187  RK4HYT         599  599  30                     0  14027.8
 20CW  17-Nov-19 11:35 0188  SN5N           599  599  28            SP       0  14024.7
 20CW  17-Nov-19 11:38 0189  9A3TR          599  599  28            9A       0  14024.1
 20CW  17-Nov-19 11:41 0190  OG60IPA        599  599  18                     0  14021.4
 20CW  17-Nov-19 11:42 0191  HA6NW          599  599  28            HA       0  14020.9
 20CW  17-Nov-19 11:45 0192  4L8A           599  599  29            4L       0  14017.0
 20CW  17-Nov-19 11:47 0193  LZ2PL          599  599  RS                     0  14015.0
 20CW  17-Nov-19 11:48 0194  YT6W           599  599  28            YU       0  14012.1
 20CW  17-Nov-19 11:51 0195  UR4RWW         599  599  29                     0  14010.5
 20CW  17-Nov-19 11:54 0196  UA9ALE         599  599  30                     0  14008.7
 20CW  17-Nov-19 11:59 0197  K1LZ           599  599  08                     0  14007.4
