 40CW  23-Mar-19 13:39 0001  F5OHM          599  599  151           F    15  3         
 40CW  23-Mar-19 13:42 0002  OZ7BQ          599  599  015           OZ   01  3         
 40CW  23-Mar-19 13:44 0003  DL1DQW         599  599  042           DL   04  3         
 40CW  23-Mar-19 13:53 0004  IV3HAX         599  599  024           I    02  3         
 40CW  23-Mar-19 14:38 0005  GW4J           599  599  211LL         GW   21  3         
 40CW  23-Mar-19 14:40 0006  G0ORH          599  599  131RG         G    13  3         
 40CW  23-Mar-19 14:41 0007  GM3A           599  599  137AB         GM       3         
 40CW  23-Mar-19 14:44 0008  G8X            599  599  147EX              14  3         
 40CW  23-Mar-19 14:46 0009  SM5CSS         599  599  069           SM   06  3         
 40CW  23-Mar-19 14:48 0010  IV3UHL         599  599  066                    3         
 40CW  23-Mar-19 14:57 0011  GM0ELP         599  599  276ML              28  3         
 40CW  23-Mar-19 15:03 0012  EI7M           599  599  157CK         EI       3         
 40CW  23-Mar-19 15:04 0013  LY2J           599  599  150           LY       3         
 40CW  23-Mar-19 15:06 0014  YT6W           599  599  167           YU   16  3         
 40CW  23-Mar-19 15:09 0015  RD0A           599  599  186           UA9  18  3         
 40CW  23-Mar-19 15:16 0016  YL3GQ          599  599  059           YL   05  3         
 40CW  23-Mar-19 17:15 0017  UT3EV          599  599  170           UR   17  3         
 40CW  23-Mar-19 17:17 0018  2E0CVN         599  599  059TQ                  3         
 40CW  23-Mar-19 17:18 0019  YL2TD          599  599  139                    3         
 40CW  23-Mar-19 17:20 0020  IT9RZU         599  599  157           IT9      3         
 40CW  23-Mar-19 17:23 0021  UR7D           599  599  068                    3         
 40CW  23-Mar-19 17:24 0022  UC7A           599  599  275           UA       3         
 40CW  23-Mar-19 17:30 0023  EA1WH          599  599  135           EA       3         
 40CW  23-Mar-19 17:31 0024  SP9YFF         599  599  048           SP       3         
 40CW  23-Mar-19 17:34 0025  GM4GTV         599  599  135AB                  3         
 40CW  23-Mar-19 17:38 0026  IK3UNA         599  599  261                26  3         
 40CW  23-Mar-19 17:41 0027  YL3FW          599  599  008                    3         
 40CW  23-Mar-19 17:44 0028  GM2V           599  599  512IV              51  3         
 40CW  23-Mar-19 18:59 0029  YL3CW          599  599  051                    3         
 40CW  23-Mar-19 19:01 0030  EA1/DL2JRM     599  599  087                08  3         
 40CW  23-Mar-19 19:04 0031  MM1E           599  599  290ML                  3         
 40CW  23-Mar-19 19:08 0032  IK0YUT         599  599  152                    3         
 40CW  23-Mar-19 19:09 0033  UX7MR          599  599  187                    3         
 40CW  23-Mar-19 19:10 0034  EA4AOC         599  599  085                    3         
 40CW  23-Mar-19 19:11 0035  P3X            599  599  225           5B   22  3         
 40CW  23-Mar-19 19:13 0036  G4AMT          599  599  222TR                  3         
 40CW  23-Mar-19 19:17 0037  M0BEW          599  599  622DY              62  3         
 40CW  23-Mar-19 20:32 0038  YT2AAA         599  599  277                27  3         
 40CW  23-Mar-19 20:33 0039  YO5ODT         599  599  065           YO       3         
 40CW  23-Mar-19 20:35 0040  LY2PX          599  599  001                    3         
 40CW  23-Mar-19 20:38 0041  YL2BJ          599  599  284                    3         
 40CW  23-Mar-19 20:44 0042  YP5A           599  599  266                    3         
 40CW  23-Mar-19 20:46 0043  EA1FA          599  599  051                    3         
 40CW  23-Mar-19 20:56 0044  WA1Z           599  599  194           K    19  0         
 40CW  23-Mar-19 20:58 0045  LZ1QN          599  599  335           LZ   33  3         
 40CW  23-Mar-19 21:03 0046  RG9A           599  599  626                    3         
 40CW  23-Mar-19 21:16 0047  UX2HB          599  599  166                11  3         
 40CW  23-Mar-19 21:25 0048  S52AW          599  599  139           S5       3         
 40CW  23-Mar-19 21:36 0049  UR7GO          599  599  532                53  3         
 40CW  23-Mar-19 21:40 0050  YO4DW          599  599  267                    3         
 40CW  24-Mar-19 09:01 0051  SP2DKI         599  599  083                    3         
 40CW  24-Mar-19 09:08 0052  SM9X           599  599  332           SM   33  3         
 40CW  24-Mar-19 09:12 0053  G6M            599  599  417HU         G    41  3         
 40CW  24-Mar-19 09:14 0054  OK1VK          599  599  220           OK   22  3         
 40CW  24-Mar-19 09:19 0055  LA8HGA         599  599  244           LA   24  3         
 40CW  24-Mar-19 09:22 0056  SD1A           599  599  091                09  3         
 40CW  24-Mar-19 09:26 0057  OE9WGI         599  599  137           OE   13  3         
 40CW  24-Mar-19 09:40 0058  LY6A           599  599  280           LY   28  3         
 40CW  24-Mar-19 09:43 0059  OK1HFP         599  599  159                15  3         
 40CW  24-Mar-19 09:52 0060  SP4G           599  599  092           SP       3         
 40CW  24-Mar-19 09:59 0061  IK2SND         599  599  252           I        3         
 40CW  24-Mar-19 10:04 0062  S57DX          599  599  512                51  3         
 40CW  24-Mar-19 10:08 0063  F5IN           599  599  689           F    68  3         
 20CW  24-Mar-19 10:15 0064  EW6F           599  599  249           EU   24  3         
 20CW  24-Mar-19 10:20 0065  I6FDJ          599  599  299           I    29  3         
 20CW  24-Mar-19 10:21 0066  EV1R           599  599  488                48  3         
 20CW  24-Mar-19 10:23 0067  RW3XZ          599  599  523           UA   52  3         
 20CW  24-Mar-19 10:29 0068  YP5A           599  599  453           YO   45  3         
 20CW  24-Mar-19 10:31 0069  YU1YV          599  599  465           YU   46  3         
 20CW  24-Mar-19 10:32 0070  LY6A           599  599  347           LY   34  3         
 20CW  24-Mar-19 10:36 0071  YQ6A           599  599  105                10  3         
 20CW  24-Mar-19 10:39 0072  RT9A           599  599  271           UA9  27  3         
 20CW  24-Mar-19 10:42 0073  LZ3V           599  599  277           LZ       3         
 20CW  24-Mar-19 10:47 0074  RG2A           599  599  614                61  3         
 20CW  24-Mar-19 10:48 0075  UT3EV          599  599  557           UR   55  3         
 20CW  24-Mar-19 10:49 0076  UR7GO          599  599  947                68  3         
 20CW  24-Mar-19 10:55 0077  LY3B           599  599  797                79  3         
 20CW  24-Mar-19 10:57 0078  RN4SS          599  599  304                30  3         
 20CW  24-Mar-19 11:01 0079  R9LY           599  599  212                21  3         
 20CW  24-Mar-19 11:02 0080  LZ2HR          599  599  250                25  3         
 20CW  24-Mar-19 11:05 0081  EA5FIV         599  599  134           EA   13  3         
 20CW  24-Mar-19 11:10 0082  UX7MR          599  599  429                42  3         
 20CW  24-Mar-19 11:11 0083  UC5D           599  599  465                    3         
 20CW  24-Mar-19 11:13 0084  LZ2PS          599  599  209                20  3         
 20CW  24-Mar-19 11:19 0085  EA1WH          599  599  416                41  3         
 20CW  24-Mar-19 11:22 0086  UY7C           599  599  093                09  3         
 20CW  24-Mar-19 11:23 0087  LY4ZZ          599  599  694                69  3         
 20CW  24-Mar-19 11:25 0088  YO7LYM         599  599  225                22  3         
 20CW  24-Mar-19 11:27 0089  RG9A           599  599  1192               11  3         
 20CW  24-Mar-19 11:31 0090  K3UL           599  599  174           K    17  0         
 20CW  24-Mar-19 11:32 0091  R5FI           599  599  178                19  3         
 20CW  24-Mar-19 11:34 0092  RM7C           599  599  488                    3         
 20CW  24-Mar-19 11:35 0093  RK3P           599  599  419                    3         
 20CW  24-Mar-19 11:36 0094  RC3F           599  599  110                    3         
 20CW  24-Mar-19 11:38 0095  SV1DKD         599  599  179           SV       3         
 20CW  24-Mar-19 11:39 0096  UA3RZ          599  599  049                04  3         
 20CW  24-Mar-19 11:41 0097  YL2BJ          599  599  505           YL   59  3         
 20CW  24-Mar-19 11:43 0098  LY2J           599  599  703                70  3         
 20CW  24-Mar-19 11:44 0099  IK3UNA         599  599  499                49  3         
 20CW  24-Mar-19 11:49 0100  UA9BA          599  599  049                    3         
 20CW  24-Mar-19 11:52 0101  EW1TZ          599  599  637                63  3         
 20CW  24-Mar-19 11:56 0102  UT5NR          599  599  359                    3         
 20CW  24-Mar-19 11:58 0103  UA1F           599  599  279                    3         
