 20CW  25-May-19 09:45 0001  II2M           599  599  134                    0  14048.8
 20CW  25-May-19 09:53 0002  AN1WHS         599  599  236                    0  14047.0
 20CW  25-May-19 09:56 0003  HG6N           599  599  1106                   0  14045.3
 20CW  25-May-19 09:57 0004  OM0M           599  599  571                    0  14044.0
 20CW  25-May-19 10:00 0005  UD9P           599  599  838                    0  14042.8
 20CW  25-May-19 10:01 0006  YL9T           599  599  469                    0  14042.4
 20CW  25-May-19 10:03 0007  YT2ISM         599  599  252                    0  14040.9
 20CW  25-May-19 10:04 0008  OL6P           599  599  680                    0  14039.1
 20CW  25-May-19 10:10 0009  YT5A           599  599  659                    0  14036.1
 20CW  25-May-19 10:11 0010  9A1A           599  599  728                    0  14035.4
 20CW  25-May-19 10:16 0011  OY1CT          599  599  012                    0  14033.4
 20CW  25-May-19 10:16 0012  SN7Q           599  599  711                    0  14032.8
 20CW  25-May-19 10:17 0013  EA4OR          599  599  284                    0  14033.0
 20CW  25-May-19 10:19 0014  RM9I           599  599  758                    0  14032.4
 20CW  25-May-19 10:20 0015  YT3X           599  599  864                    0  14030.9
 20CW  25-May-19 10:21 0016  Z66X           599  599  759                    0  14030.0
 20CW  25-May-19 10:22 0017  E7DX           599  599  1337                   0  14028.9
 20CW  25-May-19 10:23 0018  S51J           599  599  366                    0  14028.0
 20CW  25-May-19 10:24 0019  LZ60KAA        599  599  315                    0  14026.2
 20CW  25-May-19 10:25 0020  SN5N           599  599  270                    0  14025.1
 20CW  25-May-19 10:28 0021  OK6DJ          599  599  055                    0  14023.1
 20CW  25-May-19 10:32 0022  RK9LWA         599  599  352                    0  14021.7
 20CW  25-May-19 10:33 0023  HA8M           599  599  512                    0  14020.9
 20CW  25-May-19 10:34 0024  S50R           599  599  801                    0  14019.8
 20CW  25-May-19 10:36 0025  HG3N           599  599  505                    0  14019.5
 20CW  25-May-19 10:37 0026  LZ3R           599  599  379                    0  14019.0
 20CW  25-May-19 10:41 0027  SM0T           599  599  005                    0  14018.4
 20CW  25-May-19 10:42 0028  HG5A           599  599  981                    0  14017.2
 20CW  25-May-19 10:46 0029  F8DGY          599  599  485                    0  14016.5
 20CW  25-May-19 10:49 0030  R7AB           599  599  582                    0  14015.8
 20CW  25-May-19 11:16 0031  LZ5R           599  599  1991                   0  14015.0
 20CW  25-May-19 11:20 0032  OH10X          599  599  875                    0  14014.1
 20CW  25-May-19 11:21 0033  R3XA           599  599  735                    0  14012.8
 20CW  25-May-19 11:23 0034  MD4K           599  599  833                    0  14012.5
 20CW  25-May-19 11:25 0035  9A7A           599  599  1367                   0  14011.5
 20CW  25-May-19 11:28 0036  SP8PAI         599  599  410                    0  14010.6
 20CW  25-May-19 11:28 0037  NW1P           599  599  1147                   0  14009.3
 20CW  25-May-19 11:31 0038  S53M           599  599  523                    0  14009.8
 20CW  25-May-19 11:36 0039  OG2P           599  599  583                    0  14008.7
 20CW  25-May-19 11:38 0040  WC1M           599  599  608                    0  14008.2
 20CW  25-May-19 11:41 0041  CN3A           599  599  1027                   0  14007.4
 20CW  25-May-19 11:43 0042  EW6W           599  599  1644                   0  14006.7
 20CW  25-May-19 11:43 0043  YT4W           599  599  586                    0  14005.5
 20CW  25-May-19 11:46 0044  DD7CW          599  599  085                    0  14004.5
 20CW  25-May-19 11:49 0045  OH8X           599  599  1081                   0  14003.9
 20CW  25-May-19 11:52 0046  NN5J           599  599  1342                   0  14003.6
 20CW  25-May-19 11:55 0047  4U1A           599  599  433                    0  14003.0
 20CW  25-May-19 12:00 0048  S573G          599  599  794                    0  14003.3
 20CW  25-May-19 12:00 0049  OG7A           599  599  1244                   0  14002.7
 20CW  25-May-19 13:19 0050  Z35F           599  599  363                    0  14001.7
 20CW  25-May-19 13:21 0051  OZ5E           599  599  739                    0  14000.2
 20CW  25-May-19 13:24 0052  JH4UYB         599  599  632                    0  14069.7
 20CW  25-May-19 13:30 0053  RL3A           599  599  1952                   0  14068.8
 20CW  25-May-19 13:30 0054  OG0C           599  599  417                    0  14068.4
 20CW  25-May-19 14:30 0055  HB7X           599  599  1091                   0  14067.8
 20CW  25-May-19 14:32 0056  J42L           599  599  1079                   0  14067.1
 20CW  25-May-19 14:33 0057  DL1WA          599  599  339                    0  14066.6
 20CW  25-May-19 14:35 0058  UN4L           599  599  1013                   0  14066.2
 20CW  25-May-19 14:37 0059  S53A           599  599  721                    0  14065.5
 20CW  25-May-19 14:42 0060  DD2ML          599  599  322                    0  14064.5
 20CW  25-May-19 14:44 0061  SF7U           599  599  078                    0  14064.9
 20CW  25-May-19 14:46 0062  LY800SMG       599  599  824                    0  14063.9
 20CW  25-May-19 14:48 0063  G4R            599  599  928                    0  14062.6
 20CW  25-May-19 14:48 0064  ES2MC          599  599  904                    0  14062.2
 20CW  25-May-19 14:50 0065  US2YW          599  599  1187                   0  14062.0
 20CW  25-May-19 14:54 0066  EW5Z           599  599  1073                   0  14061.0
 20CW  25-May-19 14:59 0067  OH0V           599  599  1292                   0  14060.7
 20CW  25-May-19 15:00 0068  OL1C           599  599  1032                   0  14060.1
 20CW  25-May-19 15:02 0069  LA4O           599  599  958                    0  14057.4
 20CW  25-May-19 15:04 0070  LZ1ND          599  599  219                    0  14056.8
 20CW  25-May-19 15:07 0071  DD0CC          599  599  434                    0  14056.2
 20CW  25-May-19 15:08 0072  YL5W           599  599  498                    0  14055.4
 20CW  25-May-19 15:10 0073  SM0/YO3XX      599  599  082                    0  14055.0
 20CW  25-May-19 15:13 0074  HA3DX          599  599  536                    0  14054.5
 20CW  25-May-19 15:14 0075  LC5A           599  599  168                    0  14053.9
 20CW  25-May-19 15:18 0076  CR6K           599  599  1052                   0  14052.5
 20CW  25-May-19 15:21 0077  4Z4AK          599  599  1220                   0  14051.9
 20CW  25-May-19 15:22 0078  RT3M           599  599  696                    0  14051.6
 20CW  25-May-19 15:24 0079  DM2X           599  599  674                    0  14050.9
 20CW  25-May-19 15:27 0080  RA7A           599  599  291                    0  14050.5
 20CW  25-May-19 15:28 0081  LZ9W           599  599  1099                   0  14050.1
 20CW  25-May-19 15:29 0082  LN8W           599  599  998                    0  14049.3
 20CW  25-May-19 15:31 0083  SP5CNA         599  599  622                    0  14048.8
 20CW  25-May-19 15:33 0084  RW7K           599  599  1053                   0  14048.0
 20CW  25-May-19 15:34 0085  OZ2TF          599  599  287                    0  14047.4
 20CW  25-May-19 15:37 0086  IR2Q           599  599  1074                   0  14046.6
 20CW  25-May-19 15:38 0087  ES5RR          599  599  1802                   0  14046.0
 20CW  25-May-19 15:41 0088  HA6G           599  599  078                    0  14045.3
 20CW  25-May-19 15:43 0089  HG7T           599  599  523                    0  14044.7
 20CW  25-May-19 15:50 0090  EA6FO          599  599  915                    0  14044.1
 20CW  25-May-19 15:51 0091  IK3UNA         599  599  801                    0  14043.8
 20CW  25-May-19 15:58 0092  SP9W           599  599  220                    0  14042.9
 20CW  25-May-19 16:00 0093  UZ2I           599  599  1230                   0  14042.8
 20CW  25-May-19 16:03 0094  OL8M           599  599  1077                   0  14042.1
 20CW  25-May-19 16:05 0095  UW1M           599  599  1204                   0  14041.5
 20CW  25-May-19 16:06 0096  OK1CT          599  599  403                    0  14040.8
 20CW  25-May-19 16:07 0097  P33W           599  599  1618                   0  14040.3
 20CW  25-May-19 16:14 0098  4X7R           599  599  1221                   0  14040.0
 20CW  25-May-19 16:15 0099  RT5G           599  599  619                    0  14039.2
 20CW  25-May-19 16:17 0100  OZ3SM          599  599  416                    0  14037.4
 20CW  25-May-19 16:20 0101  OM7LW          599  599  675                    0  14036.5
 20CW  25-May-19 16:27 0102  OM4Q           599  599  734                    0  14036.1
 20CW  25-May-19 16:28 0103  RM5A           599  599  924                    0  14035.9
 20CW  25-May-19 16:31 0104  IR6T           599  599  1319                   0  14035.4
 20CW  25-May-19 16:34 0105  OK2D           599  599  1504                   0  14034.8
 20CW  25-May-19 16:35 0106  I1HJT          599  599  052                    0  14034.2
 20CW  25-May-19 16:36 0107  YL3CW          599  599  503                    0  14033.4
 20CW  25-May-19 16:38 0108  UT5C           599  599  1191                   0  14033.0
 20CW  25-May-19 16:39 0109  HG8R           599  599  968                    0  14032.4
 20CW  25-May-19 16:43 0110  RU7M           599  599  1083                   0  14031.3
 20CW  25-May-19 16:45 0111  YT1T           599  599  523                    0  14030.6
 20CW  25-May-19 16:47 0112  OK2EA          599  599  544                    0  14030.2
 20CW  25-May-19 16:52 0113  TM6M           599  599  1367                   0  14026.9
 20CW  25-May-19 16:53 0114  DL8BH          599  599  161                    0  14026.5
 20CW  25-May-19 16:55 0115  EI7M           599  599  1536                   0  14026.2
 20CW  25-May-19 16:59 0116  DA2C           599  599  1306                   0  14023.8
 20CW  25-May-19 17:02 0117  SP8R           599  599  1034                   0  14022.9
 20CW  25-May-19 17:03 0118  LY9Y           599  599  1294                   0  14022.4
 20CW  25-May-19 17:04 0119  RU1A           599  599  2433                   0  14022.1
 20CW  25-May-19 17:48 0120  SN2B           599  599  1907                   0  14020.6
 20CW  25-May-19 17:51 0121  HG4F           599  599  724                    0  14018.3
 20CW  26-May-19 08:00 0122  SQ8LUU         599  599  452                    0  14016.3
 20CW  26-May-19 08:02 0123  YU5M           599  599  690                    0  14015.5
 20CW  26-May-19 08:05 0124  HG1S           599  599  1250                   0  14013.4
 20CW  26-May-19 08:06 0125  UP0L           599  599  2240                   0  14012.5
 20CW  26-May-19 08:08 0126  II9P           599  599  3295                   0  14012.2
 20CW  26-May-19 09:08 0127  SP9PKZ         599  599  762                    0  14011.5
 20CW  26-May-19 09:09 0128  R5FI           599  599  783                    0  14011.1
 20CW  26-May-19 09:10 0129  F6HKA          599  599  848                    0  14010.8
 20CW  26-May-19 09:25 0130  K1LZ           599  599  1632                   0  14005.9
 20CW  26-May-19 09:29 0131  CN2CO          599  599  2990                   0  14005.6
 20CW  26-May-19 09:31 0132  R8TT           599  599  1513                   0  14004.7
 20CW  26-May-19 09:33 0133  OK2OCT         599  599  736                    0  14003.1
 20CW  26-May-19 09:34 0134  DP5W           599  599  545                    0  14002.9
 20CW  26-May-19 09:37 0135  KC1XX          599  599  1595                   0  14002.7
 20CW  26-May-19 09:39 0136  LY4A           599  599  2191                   0  14000.7
 20CW  26-May-19 09:46 0137  YL1ZX          599  599  050                    0  14071.1
 20CW  26-May-19 09:48 0138  UA0AGI         599  599  1072                   0  14069.1
 20CW  26-May-19 09:52 0139  OM6AL          599  599  456                    0  14065.9
 20CW  26-May-19 09:55 0140  RA1QD          599  599  318                    0  14062.8
 20CW  26-May-19 09:56 0141  UA3ABJ         599  599  551                    0  14061.6
 20CW  26-May-19 09:57 0142  EU1DX          599  599  568                    0  14060.2
 20CW  26-May-19 09:59 0143  OH10A          599  599  1054                   0  14058.4
 20CW  26-May-19 09:59 0144  S57DX          599  599  1540                   0  14057.5
 20CW  26-May-19 10:00 0145  ER1OO          599  599  753                    0  14054.6
 20CW  26-May-19 10:19 0146  UD4F           599  599  1865                   0  14049.4
 20CW  26-May-19 10:22 0147  IZ8EFD         599  599  607                    0  14048.9
 40CW  26-May-19 10:26 0148  9A1A           599  599  1745                   0   7027.0
 40CW  26-May-19 10:28 0149  OH0V           599  599  2430                   0   7026.2
 40CW  26-May-19 10:30 0150  SP3MEP         599  599  084                    0   7021.6
 40CW  26-May-19 10:31 0151  DL5YL          599  599  516                    0   7020.3
 40CW  26-May-19 10:33 0152  DP8M           599  599  1197                   0   7019.5
 40CW  26-May-19 10:34 0153  OL5W           599  599  250                    0   7019.2
 40CW  26-May-19 10:35 0154  DK0HAT         599  599  124                    0   7016.0
 40CW  26-May-19 10:38 0155  LN8W           599  599  1286                   0   7007.0
 40CW  26-May-19 10:41 0156  OZ5E           599  599  1472                   0   7001.0
 40CW  26-May-19 10:42 0157  LY2W           599  599  1337                   0   7036.1
 40CW  26-May-19 10:43 0158  LZ9W           599  599  1727                   0   7030.5
 40CW  26-May-19 10:44 0159  SP3JUN         599  599  328                    0   7027.6
 40CW  26-May-19 10:46 0160  HB9DUS         599  599  037                    0   7022.6
 40CW  26-May-19 10:48 0161  SN2B           599  599  3066                   0   7020.6
 40CW  26-May-19 10:50 0162  OK5E           599  599  290                    0   7017.8
 40CW  26-May-19 10:51 0163  G5W            599  599  2313                   0   7015.5
 40CW  26-May-19 10:53 0164  5Q5W           599  599  410                    0   7012.6
 40CW  26-May-19 10:59 0165  SP6CIK         599  599  144                    0   7030.9
 40CW  26-May-19 11:01 0166  IU1JCZ         599  599  779                    0   7030.0
 40CW  26-May-19 11:04 0167  UV5U           599  599  1578                   0   7028.7
 40CW  26-May-19 11:05 0168  OT2X           599  599  296                    0   7028.0
 40CW  26-May-19 11:07 0169  OK2HBR         599  599  477                    0   7022.6
 40CW  26-May-19 11:10 0170  DF1LON         599  599  620                    0   7011.4
 40CW  26-May-19 11:11 0171  DF0TX          599  599  038                    0   7009.2
 40CW  26-May-19 11:18 0172  DL1NKS         599  599  992                    0   7015.0
 20CW  26-May-19 11:22 0173  OH9W           599  599  2383                   0  14060.5
 20CW  26-May-19 16:09 0174  DM6V           599  599  2756                   0  14059.1
 20CW  26-May-19 16:11 0175  HA1AG          599  599  2808                   0  14056.7
 20CW  26-May-19 18:12 0176  9A3R           599  599  324                    0  14056.0
 20CW  26-May-19 18:14 0177  AM70C          599  599  536                    0  14055.0
 20CW  26-May-19 18:16 0178  DL6AG          599  599  905                    0  14053.6
 20CW  26-May-19 18:17 0179  HG1R           599  599  1482                   0  14052.8
 20CW  26-May-19 18:19 0180  DK8ZZ          599  599  488                    0  14052.2
 20CW  26-May-19 18:22 0181  S55N           599  599  284                    0  14049.3
 20CW  26-May-19 18:23 0182  EA2KV          599  599  605                    0  14046.2
 20CW  26-May-19 18:26 0183  OL0W           599  599  2075                   0  14044.4
 20CW  26-May-19 18:28 0184  OK1DO          599  599  386                    0  14041.4
 20CW  26-May-19 18:31 0185  OL5W           599  599  337                    0  14040.5
 20CW  26-May-19 18:33 0186  YU1EW          599  599  482                    0  14038.6
 20CW  26-May-19 18:35 0187  SQ7OXU         599  599  221                    0  14035.9
 20CW  26-May-19 18:38 0188  SP5AUC         599  599  384                    0  14035.4
 20CW  26-May-19 19:11 0189  II3W           599  599  1942                   0  14034.0
 20CW  26-May-19 19:12 0190  LZ1RW          599  599  463                    0  14031.3
 20CW  26-May-19 19:15 0191  IK0YVV         599  599  902                    0  14029.1
 20CW  26-May-19 19:16 0192  IZ2FLX         599  599  1274                   0  14026.3
 20CW  26-May-19 19:23 0193  HB5E           599  599  1261                   0  14024.1
 20CW  26-May-19 19:28 0194  9H6A           599  599  2270                   0  14019.0
 20CW  26-May-19 19:30 0195  LZ73TRC        599  599  1038                   0  14017.2
 20CW  26-May-19 19:31 0196  YU1ED          599  599  403                    0  14015.4
 20CW  26-May-19 19:36 0197  S51KD          599  599  685                    0  14010.9
 20CW  26-May-19 19:37 0198  OE6MMD         599  599  588                    0  14010.5
 20CW  26-May-19 19:38 0199  BY6LY          599  599  1204                   0  14010.2
 20CW  26-May-19 19:42 0200  YQ6A           599  599  2486                   0  14006.1
 20CW  26-May-19 19:44 0201  HA6FQ          599  599  737                    0  14005.7
 80CW  26-May-19 19:49 0202  OK4C           599  599  524                    0   3553.4
 80CW  26-May-19 19:50 0203  HB7X           599  599  2481                   0   3551.7
 80CW  26-May-19 19:52 0204  DH7TNO         599  599  287                    0   3549.7
 80CW  26-May-19 19:53 0205  UT7NY          599  599  1382                   0   3548.9
 80CW  26-May-19 19:54 0206  DF5RF          599  599  1052                   0   3548.3
 80CW  26-May-19 19:55 0207  EW2A           599  599  2435                   0   3547.9
 80CW  26-May-19 19:58 0208  R3FX           599  599  511                    0   3547.1
 80CW  26-May-19 19:59 0209  S53OQ          599  599  624                    0   3546.0
 80CW  26-May-19 20:01 0210  YO5OHO         599  599  819                    0   3543.4
 80CW  26-May-19 20:03 0211  OL1C           599  599  2592                   0   3542.8
 80CW  26-May-19 20:04 0212  DK5KK          599  599  1007                   0   3541.6
 80CW  26-May-19 20:06 0213  EW1P           599  599  1263                   0   3541.0
 80CW  26-May-19 20:07 0214  PA4O           599  599  2113                   0   3539.3
 80CW  26-May-19 20:09 0215  HG8K           599  599  914                    0   3536.6
 80CW  26-May-19 20:11 0216  SO9M           599  599  661                    0   3537.1
 80CW  26-May-19 20:12 0217  OG0C           599  599  536                    0   3535.4
 80CW  26-May-19 20:16 0218  M9N            599  599  272                    0   3534.3
 80CW  26-May-19 20:20 0219  DP5W           599  599  960                    0   3533.2
 80CW  26-May-19 20:21 0220  YT6W           599  599  2610                   0   3532.8
 80CW  26-May-19 20:24 0221  HA7MF          599  599  1093                   0   3530.5
 80CW  26-May-19 20:25 0222  DD1A           599  599  3064                   0   3530.1
 80CW  26-May-19 20:26 0223  UN4L           599  599  2715                   0   3529.2
 80CW  26-May-19 20:31 0224  OL8M           599  599  2582                   0   3522.2
 80CW  26-May-19 20:33 0225  M4J            599  599  378                    0   3519.7
