 40CW  23-Feb-19 20:33 0001  YU4SSR         599  599  466           YU   46  3         
 40CW  23-Feb-19 20:39 0002  SV1BJW         599  599  255           SV   20  3         
 40CW  23-Feb-19 20:48 0003  RC6U           599  599  184           UA   18  3         
 40CW  23-Feb-19 21:11 0004  UR5EU          599  599  241           UR   24  3         
 40CW  23-Feb-19 21:15 0005  EA5ITT         599  599  092           EA   92  3         
 40CW  23-Feb-19 21:24 0006  LZ2CJ          599  599  222           LZ   22  3         
 40CW  23-Feb-19 21:29 0007  5B/RN3QO       599  599  296           5B   29  3         
 40CW  23-Feb-19 21:34 0008  EW1TZ          599  599  217           EU   21  3         
 40CW  23-Feb-19 21:42 0009  YT2AAA         599  599  526           YU   52  3         
 40CW  23-Feb-19 21:45 0010  UZ1WW          599  599  329                32  3         
 40CW  24-Feb-19 09:27 0011  F5NBX          599  599  138           F    13  3         
 40CW  24-Feb-19 09:29 0012  HA1ZZ          599  599  262           HA   26  3         
 40CW  24-Feb-19 09:32 0013  IK3UNA         599  599  095           I        3         
 40CW  24-Feb-19 09:33 0014  OL3E           599  599  428           OK   42  3         
 40CW  24-Feb-19 09:36 0015  DK2FG          599  599  194           DL   19  3         
 40CW  24-Feb-19 09:38 0016  OK2EA          599  599  602                60  3         
 40CW  24-Feb-19 09:40 0017  SD6M           599  599  305           SM   30  3         
 40CW  24-Feb-19 09:41 0018  OZ2BQ          599  599  223           OZ       3         
 40CW  24-Feb-19 09:47 0019  IK3QAR         599  599  361                36  3         
 40CW  24-Feb-19 12:11 0020  OK5M           599  599  548                54  3         
 40CW  24-Feb-19 12:15 0021  DL3KWR         599  599  208                20  3         
 40CW  24-Feb-19 12:17 0022  YT6W           599  599  118                11  3         
 40CW  24-Feb-19 12:22 0023  DL3SYA         599  599  436                43  3         
 40CW  24-Feb-19 12:25 0024  OK2SGY         599  599  240                    3         
 40CW  24-Feb-19 12:28 0025  OK2HBR         599  599  323                    3         
 40CW  24-Feb-19 12:33 0026  SE5E           599  599  127                12  3         
 40CW  24-Feb-19 12:36 0027  OE36KC         599  599  214           OE       3         
