 20CW  18-May-19 08:40 0001  LZ3ZZ          599  599  146                    0  14028.3
 20CW  18-May-19 08:52 0002  RA3NC          599  599  055                    0  14025.7
 20CW  18-May-19 08:58 0003  YO4DW          599  599  067                    0  14021.4
 20CW  18-May-19 10:36 0004  UC5D           599  599  026                    0  14021.2
 20CW  18-May-19 10:38 0005  RN4AO          599  599  180                    0  14018.3
 20CW  18-May-19 10:46 0006  UN5GM          599  599  Q12                    0  14029.3
 20CW  18-May-19 10:49 0007  RC3P           599  599  086                    0  14028.1
 20CW  18-May-19 10:52 0008  UA1ORK         599  599  040                    0  14026.0
 20CW  18-May-19 10:56 0009  UN8LWZ         599  599  L17                    0  14024.1
 20CW  18-May-19 10:57 0010  RN4W           599  599  020                    0  14023.0
 20CW  18-May-19 11:00 0011  E74Y           599  599  132                    0  14014.9
 20CW  18-May-19 11:02 0012  RX9SN          599  599  229                    0  14012.0
 20CW  18-May-19 11:04 0013  SV1ENG         599  599  053                    0  14012.5
 20CW  18-May-19 11:05 0014  UN3M           599  599  M03                    0  14011.0
 20CW  18-May-19 11:07 0015  HB/RN3QO       599  599  013                    0  14009.0
 20CW  18-May-19 11:51 0016  CS5NRA         599  599  100                    0  14040.1
 20CW  18-May-19 12:01 0017  UT4U           599  599  006                    0  14022.0
 20CW  18-May-19 12:07 0018  UR7GO          599  599  015                    0  14015.4
 20CW  18-May-19 12:58 0019  ED1R           599  599  AV                     0  14013.6
 20CW  18-May-19 13:00 0020  RK3AW          599  599  085                    0  14013.1
 20CW  18-May-19 13:01 0021  LZ1ND          599  599  092                    0  14011.7
 20CW  18-May-19 13:04 0022  P3X            599  599  130                    0  14010.8
 20CW  18-May-19 13:09 0023  CR5O           599  599  051                    0  14007.8
 20CW  18-May-19 13:11 0024  ED1T           599  599  SO                     0  14005.4
 20CW  18-May-19 13:12 0025  EA5/PA3GCU     599  599  CS                     0  14052.0
 20CW  18-May-19 13:16 0026  RM7C           599  599  064                    0  14050.7
 20CW  18-May-19 13:19 0027  LZ9V           599  599  064                    0  14049.9
 20CW  18-May-19 13:22 0028  LZ1BP          599  599  052                    0  14047.7
 20CW  18-May-19 13:25 0029  AM70E          599  599  SE                     0  14042.2
 20CW  18-May-19 13:26 0030  OH5TS          599  599  084                    0  14043.0
 20CW  18-May-19 13:27 0031  AM70I          599  599  CA                     0  14041.4
 20CW  18-May-19 13:32 0032  EA4OR          599  599  M                      0  14040.0
 20CW  18-May-19 13:33 0033  EA1WS          599  599  S                      0  14037.5
 20CW  18-May-19 13:42 0034  SV1JG          599  599  131                    0  14032.9
 20CW  18-May-19 13:43 0035  RG9A           599  599  160                    0  14032.4
 20CW  18-May-19 13:46 0036  EF0F           599  599  SMR                    0  14031.3
 20CW  18-May-19 13:51 0037  UD8A           599  599  087                    0  14028.2
 20CW  18-May-19 13:52 0038  EC5CR          599  599  V                      0  14026.7
 20CW  18-May-19 13:53 0039  EA1FA          599  599  O                      0  14026.0
 20CW  18-May-19 14:00 0040  IQ9UI          599  599  102                    0  14024.1
 20CW  18-May-19 14:01 0041  RW1A           599  599  087                    0  14023.1
 20CW  18-May-19 14:08 0042  9A3VM          599  599  027                    0  14022.2
 20CW  18-May-19 14:38 0043  LZ5W           599  599  106                    0  14020.7
 20CW  18-May-19 15:45 0044  UA6G           599  599  007                    0  14020.0
 20CW  18-May-19 15:51 0045  RU4LM          599  599  041                    0  14008.6
 20CW  18-May-19 15:53 0046  R4RE           599  599  019                    0  14055.3
 20CW  18-May-19 15:56 0047  ED4T           599  599  TO                     0  14051.0
 20CW  18-May-19 15:57 0048  Z36W           599  599  040                    0  14049.6
 20CW  18-May-19 16:02 0049  UX4FC          599  599  179                    0  14038.0
 20CW  18-May-19 16:03 0050  YL2TD          599  599  084                    0  14036.1
 20CW  18-May-19 16:04 0051  EA5VK          599  599  CS                     0  14034.2
 20CW  18-May-19 16:11 0052  HG7T           599  599  073                    0  14030.5
 20CW  18-May-19 16:11 0053  UA5C           599  599  139                    0  14029.1
 20CW  18-May-19 16:15 0054  HA8DZ          599  599  054                    0  14027.6
 20CW  18-May-19 16:19 0055  RW3XZ          599  599  072                    0  14027.1
 20CW  18-May-19 16:22 0056  EA2BD          599  599  NA                     0  14017.0
 20CW  18-May-19 16:24 0057  Z35F           599  599  053                    0  14013.8
 20CW  18-May-19 16:26 0058  YT6W           599  599  297                    0  14011.5
 20CW  18-May-19 16:27 0059  UW1WU          599  599  109                    0  14011.1
 20CW  18-May-19 16:29 0060  LZ8R           599  599  291                    0  14010.5
 20CW  18-May-19 16:36 0061  RW0AJ          599  599  095                    0  14049.0
 20CW  18-May-19 16:42 0062  HA4XH          599  599  223                    0  14041.2
 20CW  18-May-19 16:46 0063  RA6MQ          599  599  042                    0  14036.7
 20CW  18-May-19 16:48 0064  UA9BA          599  599  058                    0  14035.6
 20CW  18-May-19 16:52 0065  EA4SV          599  599  BA                     0  14033.1
 20CW  18-May-19 17:00 0066  EA5GIE         599  599  V                      0  14029.6
 20CW  18-May-19 17:02 0067  EA3KU          599  599  T                      0  14029.0
 20CW  18-May-19 17:03 0068  R9AE           599  599  292                    0  14028.4
 20CW  18-May-19 17:08 0069  EA3PP          599  599  B                      0  14025.0
 20CW  18-May-19 17:19 0070  EA8/IK1PMR     599  599  TF                     0  14021.1
 20CW  18-May-19 17:20 0071  LZ3R           599  599  145                    0  14020.2
 20CW  18-May-19 17:23 0072  EA8ZS          599  599  GC                     0  14019.0
 20CW  18-May-19 17:27 0073  YU5R           599  599  122                    0  14014.0
 20CW  18-May-19 17:28 0074  YQ6A           599  599  127                    0  14012.5
 40CW  18-May-19 17:33 0075  EA7BUU         599  599  SE                     0   7039.0
 40CW  18-May-19 17:35 0076  AN7N           599  599  MA                     0   7036.4
 40CW  18-May-19 17:42 0077  EB7KA          599  599  AL                     0   7033.1
 40CW  18-May-19 17:45 0078  HA5PP          599  599  020                    0   7032.5
 40CW  18-May-19 17:48 0079  EC5CR          599  599  V                      0   7032.0
 40CW  18-May-19 17:55 0080  S57WJ          599  599  076                    0   7024.9
 40CW  18-May-19 19:24 0081  EF0F           599  599  SMR                    0   7025.6
 40CW  18-May-19 19:25 0082  YP5A           599  599  181                    0   7024.6
 40CW  18-May-19 19:26 0083  EA5WU          599  599  CS                     0   7024.2
 40CW  18-May-19 19:29 0084  HA8DZ          599  599  256                    0   7023.0
 40CW  18-May-19 19:30 0085  PA2A           599  599  252                    0   7022.4
 40CW  18-May-19 19:37 0086  S57VN          599  599  035                    0   7021.0
 40CW  18-May-19 19:38 0087  RK3AW          599  599  359                    0   7021.3
 40CW  18-May-19 19:40 0088  S51J           599  599  077                    0   7020.4
 40CW  18-May-19 19:41 0089  LA8HGA         599  599  226                    0   7020.1
 40CW  18-May-19 19:42 0090  4O4A           599  599  349                    0   7019.7
 40CW  18-May-19 19:46 0091  DL1REM         599  599  067                    0   7019.4
 40CW  18-May-19 19:49 0092  LA0CX          599  599  088                    0   7018.9
 40CW  18-May-19 19:51 0093  EA4EN          599  599  M                      0   7017.6
 40CW  18-May-19 19:53 0094  IZ4ZZB         599  599  079                    0   7017.0
 40CW  18-May-19 19:56 0095  EA8ZS          599  599  GC                     0   7015.1
 40CW  18-May-19 19:58 0096  RG9A           599  599  562                    0   7012.6
 40CW  18-May-19 20:00 0097  S57UN          599  599  070                    0   7011.7
 40CW  18-May-19 20:01 0098  LZ2FL          599  599  197                    0   7011.0
 40CW  18-May-19 20:02 0099  SM6CUK         599  599  151                    0   7010.6
 40CW  18-May-19 20:03 0100  UT4U           599  599  641                    0   7010.1
 40CW  18-May-19 20:05 0101  IQ2CJ          599  599  052                    0   7009.6
 40CW  19-May-19 08:00 0102  F5NBX          599  599  195                    0   7025.2
 40CW  19-May-19 08:01 0103  HA1RJ          599  599  195                    0   7021.6
 40CW  19-May-19 08:03 0104  ON5JT          599  599  105                    0   7016.1
 40CW  19-May-19 08:10 0105  OE9WGI         599  599  157                    0   7029.5
 40CW  19-May-19 08:11 0106  YL7X           599  599  239                    0   7028.5
 40CW  19-May-19 08:14 0107  OK2HBR         599  599  232                    0   7026.7
 40CW  19-May-19 08:17 0108  EA3GBA         599  599  B                      0   7023.0
 20CW  19-May-19 08:26 0109  EU6DX          599  599  365                    0  14042.7
 20CW  19-May-19 08:28 0110  CT1DRB         599  599  143                    0  14039.3
 20CW  19-May-19 08:31 0111  EA5ITT         599  599  A                      0  14037.1
 20CW  19-May-19 08:37 0112  UY5ZZ          599  599  250                    0  14027.6
 20CW  19-May-19 08:39 0113  CN8KD          599  599  120                    0  14027.0
 20CW  19-May-19 08:40 0114  IK0YVV         599  599  099                    0  14024.9
 20CW  19-May-19 08:42 0115  SN5N           599  599  216                    0  14022.4
 20CW  19-May-19 08:43 0116  UA6CT          599  599  297                    0  14022.0
 20CW  19-May-19 08:45 0117  UR5R           599  599  283                    0  14018.8
 20CW  19-May-19 08:48 0118  UA9XF          599  599  146                    0  14017.5
 20CW  19-May-19 09:06 0119  EE5X           599  599  CS                     0  14049.7
 20CW  19-May-19 09:09 0120  YT2ISM         599  599  080                    0  14043.8
