 40CW  27-Apr-19 19:34 0001  EW6F           599  599  007                    0   7035.5
 40CW  27-Apr-19 19:41 0002  LY2PX          599  599  053                    0   7027.0
 40CW  27-Apr-19 19:43 0003  YO2CEQ         599  599  087                    0   7025.9
 40CW  27-Apr-19 19:47 0004  OK2MBP         599  599  116                    0   7026.2
 40CW  27-Apr-19 19:48 0005  SO5N           599  599  091                    0   7022.0
 40CW  27-Apr-19 19:52 0006  IT9RZU         599  599  155                    0   7021.1
 40CW  27-Apr-19 19:54 0007  UR5MM          599  599  126                    0   7019.8
 40CW  27-Apr-19 19:57 0008  UT5NR          599  599  102                    0   7018.9
 40CW  27-Apr-19 19:58 0009  E77EA          599  599  148                    0   7016.5
 40CW  27-Apr-19 20:06 0010  HA8TP          599  599  057                    0   7031.4
 40CW  27-Apr-19 20:12 0011  Z35Y           599  599  072                    0   7023.4
 40CW  27-Apr-19 20:16 0012  S55N           599  599  019                    0   7015.0
 80CW  27-Apr-19 20:28 0013  HB9BXE         599  599  LU                     0   3534.8
 80CW  27-Apr-19 20:29 0014  PC3T           599  599  025                    0   3534.2
 80CW  27-Apr-19 20:31 0015  YL7X           599  599  230                    0   3531.9
 80CW  27-Apr-19 20:36 0016  S53OO          599  599  042                    0   3530.0
 80CW  27-Apr-19 20:37 0017  HB90EI         599  599  TI                     0   3528.6
 80CW  27-Apr-19 20:39 0018  ON5JT          599  599  111                    0   3525.1
 80CW  27-Apr-19 20:41 0019  SP9WZJ         599  599  040                    0   3524.5
 80CW  27-Apr-19 20:43 0020  OL3E           599  599  062                    0   3523.7
 80CW  27-Apr-19 20:44 0021  OM8AA          599  599  110                    0   3522.5
 80CW  27-Apr-19 20:46 0022  LY2XW          599  599  353                    0   3521.9
 80CW  27-Apr-19 20:48 0023  HB9AA          599  599  VD                     0   3521.5
 80CW  27-Apr-19 20:49 0024  HB5E           599  599  ZS                     0   3520.9
 80CW  27-Apr-19 20:51 0025  SM5CSS         599  599  068                    0   3519.7
 80CW  27-Apr-19 20:53 0026  SM0HRP         599  599  118                    0   3518.8
 80CW  27-Apr-19 20:55 0027  HB9AGA         599  599  BE                     0   3517.3
 80CW  27-Apr-19 20:58 0028  DL3KWR         599  599  023                    0   3511.0
 80CW  27-Apr-19 20:59 0029  HB9CA          599  599  AG                     0   3508.0
 20CW  28-Apr-19 07:56 0030  RN9RF          599  599  046                    0  14034.0
 20CW  28-Apr-19 07:58 0031  LY2PX          599  599  116                    0  14027.0
 20CW  28-Apr-19 08:17 0032  Z35F           599  599  280                    0  14020.0
 20CW  28-Apr-19 08:19 0033  RT9X           599  599  102                    0  14020.6
 20CW  28-Apr-19 08:23 0034  UA9CTT         599  599  110                    0  14040.5
 20CW  28-Apr-19 08:27 0035  F6HKA          599  599  144                    0  14038.6
 20CW  28-Apr-19 08:29 0036  RM7C           599  599  332                    0  14037.0
 20CW  28-Apr-19 08:31 0037  YL7X           599  599  409                    0  14032.0
 20CW  28-Apr-19 08:33 0038  IK0YVV         599  599  033                    0  14029.0
 20CW  28-Apr-19 08:34 0039  R0AK           599  599  037                    0  14027.8
 20CW  28-Apr-19 08:36 0040  RA1TU          599  599  155                    0  14027.0
 20CW  28-Apr-19 08:37 0041  LY5O           599  599  077                    0  14024.7
 20CW  28-Apr-19 08:39 0042  YO3LW          599  599  098                    0  14025.4
 20CW  28-Apr-19 08:44 0043  LY4L           599  599  004                    0  14021.5
 20CW  28-Apr-19 08:47 0044  F5NBX          599  599  026                    0  14018.6
 20CW  28-Apr-19 08:54 0045  UR7R           599  599  023                    0  14032.0
 20CW  28-Apr-19 08:56 0046  LZ4AE          599  599  055                    0  14031.4
 20CW  28-Apr-19 09:02 0047  UC5D           599  599  092                    0  14025.0
 20CW  28-Apr-19 09:05 0048  YO8SS          599  599  215                    0  14019.0
 20CW  28-Apr-19 09:08 0049  IK7MIY         599  599  021                    0  14040.0
 20CW  28-Apr-19 09:11 0050  9A1AA          599  599  184                    0  14030.1
 20CW  28-Apr-19 09:14 0051  RN0A           599  599  040                    0  14026.1
 20CW  28-Apr-19 09:25 0052  RK3AW          599  599  379                    0  14012.4
 40CW  28-Apr-19 09:42 0053  HB90TOC        599  599  GR                     0   7029.2
 40CW  28-Apr-19 09:53 0054  HB90CSA        599  599  ZH                     0   7023.0
 40CW  28-Apr-19 09:54 0055  OK3M           599  599  145                    0   7021.0
 40CW  28-Apr-19 09:57 0056  G4DBW          599  599  182                    0   7017.1
 40CW  28-Apr-19 10:45 0057  SM0HRP         599  599  227                    0   7015.5
 40CW  28-Apr-19 10:48 0058  HB9AMO         599  599  GE                     0   7026.0
 40CW  28-Apr-19 10:50 0059  OK1FED         599  599  081                    0   7017.0
 40CW  28-Apr-19 10:52 0060  M1X            599  599  175                    0   7014.0
 40CW  28-Apr-19 10:53 0061  HB9BXE         599  599  LU                     0   7010.0
 20CW  28-Apr-19 11:10 0062  HA6NL          599  599  227                    0  14026.9
 20CW  28-Apr-19 11:15 0063  LA0CX          599  599  325                    0  14015.2
 20CW  28-Apr-19 11:16 0064  UT5NR          599  599  206                    0  14012.5
 20CW  28-Apr-19 11:19 0065  HG0R           599  599  240                    0  14011.2
 20CW  28-Apr-19 11:22 0066  SM5CSS         599  599  212                    0  14028.4
 20CW  28-Apr-19 11:27 0067  SP2GCE         599  599  102                    0  14022.6
 20CW  28-Apr-19 11:31 0068  UN0LM          599  599  100                    0  14028.0
 20CW  28-Apr-19 11:33 0069  K1GQ           599  599  032                    0  14027.5
