 40CW  02-Nov-19 19:39 0001  LZ5R           599  599  658                    0   7026.5
 40CW  02-Nov-19 19:40 0002  UR7GO          599  599  HE                     0   7022.9
 40CW  02-Nov-19 19:43 0003  UR2VA          599  599  KI                     0   7021.0
 40CW  02-Nov-19 19:44 0004  UR7MZ          599  599  LU                     0   7020.5
 40CW  02-Nov-19 19:48 0005  EA4AOC         599  599  278                    0   7019.7
 40CW  02-Nov-19 19:49 0006  R3VL           599  599  254                    0   7020.0
 40CW  02-Nov-19 19:49 0007  UX1UA          599  599  KO                     0   7017.7
 40CW  02-Nov-19 19:51 0008  UN9L           599  599  747                    0   7016.7
 40CW  02-Nov-19 19:56 0009  UA3R           599  599  286                    0   7013.5
 40CW  03-Nov-19 09:18 0010  2E0CVN         599  599  077                    0   7033.6
 40CW  03-Nov-19 09:21 0011  SF6W           599  599  626                    0   7031.6
 40CW  03-Nov-19 09:23 0012  UT1S           599  599  IF                     0   7028.2
 40CW  03-Nov-19 09:25 0013  IZ4OSH         599  599  250                    0   7028.0
 40CW  03-Nov-19 09:27 0014  DF7BA          599  599  179                    0   7024.0
 40CW  03-Nov-19 09:29 0015  YU7KW          599  599  495                    0   7023.1
 40CW  03-Nov-19 09:30 0016  LY2A           599  599  594                    0   7020.7
 40CW  03-Nov-19 09:32 0017  OK5E           599  599  279                    0   7019.5
 40CW  03-Nov-19 09:32 0018  DL6KVA         599  599  1647                   0   7019.1
 40CW  03-Nov-19 09:33 0019  DF5LW          599  599  1124                   0   7018.7
 40CW  03-Nov-19 09:35 0020  IK3SSO         599  599  139                    0   7018.0
 40CW  03-Nov-19 09:36 0021  SP1AEN         599  599  637                    0   7016.0
 40CW  03-Nov-19 09:39 0022  HA8TP          599  599  423                    0   7013.7
 40CW  03-Nov-19 09:39 0023  LY4G           599  599  524                    0   7011.2
 20CW  03-Nov-19 09:44 0024  UT3RN          599  599  CR                     0  14048.3
 20CW  03-Nov-19 09:48 0025  Z35M           599  599  176                    0  14047.1
 20CW  03-Nov-19 09:49 0026  RD3WR          599  599  306                    0  14045.3
 20CW  03-Nov-19 09:51 0027  UR3VKR         599  599  KI                     0  14044.2
 20CW  03-Nov-19 09:54 0028  UA9CDC         599  599  532                    0  14043.9
 20CW  03-Nov-19 09:55 0029  UX0FF          599  599  OD                     0  14042.2
 20CW  03-Nov-19 09:56 0030  RX9AF          599  599  926                    0  14041.5
 20CW  03-Nov-19 09:58 0031  LY2PX          599  599  352                    0  14040.3
 20CW  03-Nov-19 10:00 0032  UR7GO          599  599  HE                     0  14038.5
 20CW  03-Nov-19 10:01 0033  LZ1UQ          599  599  434                    0  14037.5
 20CW  03-Nov-19 10:03 0034  RC6U           599  599  1525                   0  14036.5
 20CW  03-Nov-19 10:10 0035  EU8U           599  599  1288                   0  14035.6
 20CW  03-Nov-19 10:13 0036  UA9MA          599  599  297                    0  14034.6
 20CW  03-Nov-19 10:15 0037  OH1XT          599  599  1117                   0  14031.3
 20CW  03-Nov-19 10:19 0038  UY5ZZ          599  599  KO                     0  14029.0
 20CW  03-Nov-19 10:19 0039  UZ4E           599  599  DN                     0  14027.4
 20CW  03-Nov-19 10:25 0040  UW1M           599  599  LU                     0  14025.0
 20CW  03-Nov-19 10:26 0041  UY2RA          599  599  CR                     0  14024.6
 20CW  03-Nov-19 10:27 0042  IC8FBU         599  599  282                    0  14024.0
 20CW  03-Nov-19 10:28 0043  UY4W           599  599  LU                     0  14022.8
 20CW  03-Nov-19 10:29 0044  EA3KU          599  599  371                    0  14021.5
 20CW  03-Nov-19 10:31 0045  RA3SI          599  599  076                    0  14020.3
 20CW  03-Nov-19 10:31 0046  RW4WA          599  599  391                    0  14019.9
 20CW  03-Nov-19 10:33 0047  UP0L           599  599  1943                   0  14019.1
 20CW  03-Nov-19 10:34 0048  UR7R           599  599  CR                     0  14017.4
 20CW  03-Nov-19 10:35 0049  UV1IX          599  599  DO                     0  14017.0
 20CW  03-Nov-19 10:36 0050  UN6LN          599  599  871                    0  14016.3
 20CW  03-Nov-19 10:40 0051  UA5C           599  599  975                    0  14011.8
 20CW  03-Nov-19 10:41 0052  UA3W           599  599  1871                   0  14010.6
 20CW  03-Nov-19 10:42 0053  RM3F           599  599  250                    0  14009.1
 20CW  03-Nov-19 10:43 0054  R9LY           599  599  170                    0  14007.1
 20CW  03-Nov-19 10:44 0055  UY5VA          599  599  DO                     0  14006.1
 20CW  03-Nov-19 10:45 0056  RK9AX          599  599  491                    0  14008.2
 15CW  03-Nov-19 10:49 0057  R7AW           599  599  1632                   0  21024.8
 15CW  03-Nov-19 10:53 0058  SV1BJW         599  599  545                    0  21023.4
 15CW  03-Nov-19 10:54 0059  UT8IO          599  599  DO                     0  21015.6
 15CW  03-Nov-19 10:55 0060  J42L           599  599  2648                   0  21016.0
 15CW  03-Nov-19 11:00 0061  EA8RM          599  599  162                    0  21006.1
 15CW  03-Nov-19 11:03 0062  UW1M           599  599  LU                     0  21020.9
 15CW  03-Nov-19 11:06 0063  RK9AX          599  599  528                    0  21010.5
 40CW  03-Nov-19 11:12 0064  LY7W           599  599  499                    0   7023.8
 40CW  03-Nov-19 11:13 0065  OK1OA          599  599  593                    0   7021.6
 40CW  03-Nov-19 11:15 0066  DL5KUD         599  599  443                    0   7016.7
 40CW  03-Nov-19 11:17 0067  UT5NC          599  599  KI                     0   7016.0
 40CW  03-Nov-19 11:21 0068  HA1AD          599  599  444                    0   7014.6
 40CW  03-Nov-19 11:22 0069  G3VIP          599  599  054                    0   7011.0
 40CW  03-Nov-19 11:23 0070  UA5C           599  599  1027                   0   7010.0
 20CW  03-Nov-19 11:25 0071  LZ1VKD         599  599  319                    0  14057.2
 20CW  03-Nov-19 11:26 0072  R8XF           599  599  442                    0  14056.7
 20CW  03-Nov-19 11:28 0073  US8UA          599  599  KO                     0  14052.5
 20CW  03-Nov-19 11:29 0074  UR5FEO         599  599  OD                     0  14052.0
 20CW  03-Nov-19 11:30 0075  RM8G           599  599  423                    0  14050.5
 20CW  03-Nov-19 11:32 0076  UA9FGJ         599  599  286                    0  14050.8
 20CW  03-Nov-19 11:35 0077  F5MUX          599  599  146                    0  14048.0
 20CW  03-Nov-19 11:37 0078  EN5V           599  599  KI                     0  14046.1
 20CW  03-Nov-19 11:38 0079  YP8T           599  599  847                    0  14044.8
 20CW  03-Nov-19 11:39 0080  SM3EAE         599  599  307                    0  14043.8
 20CW  03-Nov-19 11:40 0081  UX2X           599  599  ZH                     0  14043.3
 20CW  03-Nov-19 11:43 0082  IK0YVV         599  599  413                    0  14040.8
 20CW  03-Nov-19 11:45 0083  RC9J           599  599  572                    0  14000.0
 20CW  03-Nov-19 11:46 0084  UA4W           599  599  1971                   0  14000.0
 20CW  03-Nov-19 11:50 0085  US8IM          599  599  DO                     0  14000.0
 20CW  03-Nov-19 11:54 0086  UR7MZ          599  599  LU                     0  14031.4
 20CW  03-Nov-19 11:54 0087  YU5R           599  599  859                    0  14030.6
 20CW  03-Nov-19 11:57 0088  LZ3FN          599  599  1324                   0  14027.8
 20CW  03-Nov-19 11:57 0089  UT5UT          599  599  KO                     0  14027.0
 20CW  03-Nov-19 11:59 0090  RK9LWA         599  599  890                    0  14026.4
