 20CW  22-Dec-19 10:50 0001  EA5FV          599  599  200                    0  14038.6
 20CW  22-Dec-19 10:52 0002  4X4DZ          599  599  280                    0  14037.0
 20CW  22-Dec-19 10:53 0003  SE5E           599  599  235                    0  14035.9
 20CW  22-Dec-19 10:57 0004  IT9ESW         599  599  119                    0  14030.9
 20CW  22-Dec-19 10:58 0005  R5DC           599  599  846                    0  14029.0
 20CW  22-Dec-19 10:59 0006  EU8U           599  599  995                    0  14027.1
 20CW  22-Dec-19 11:00 0007  LZ1VQ          599  599  386                    0  14026.2
 20CW  22-Dec-19 11:05 0008  YT3X           599  599  549                    0  14026.3
 20CW  22-Dec-19 11:08 0009  4L8A           599  599  559                    0  14021.0
 20CW  22-Dec-19 11:10 0010  R4KO           599  599  162                    0  14020.0
 20CW  22-Dec-19 11:11 0011  R3GM           599  599  1143                   0  14019.0
 20CW  22-Dec-19 11:15 0012  ER4A           599  599  795                    0  14013.6
 20CW  22-Dec-19 11:17 0013  EW6F           599  599  146                    0  14005.5
 20CW  22-Dec-19 11:19 0014  UN9L           599  599  365                    0  14051.6
 20CW  22-Dec-19 11:22 0015  UT3EV          599  599  641                    0  14046.4
 20CW  22-Dec-19 11:24 0016  UC5D           599  599  189                    0  14043.5
 20CW  22-Dec-19 11:27 0017  UT2UB          599  599  404                    0  14043.0
 20CW  22-Dec-19 11:29 0018  RN3AM          599  599  177                    0  14037.5
 20CW  22-Dec-19 11:32 0019  UA3A           599  599  509                    0  14035.5
 20CW  22-Dec-19 11:33 0020  OH6BA          599  599  044                    0  14035.1
 20CW  22-Dec-19 11:36 0021  SN5N           599  599  366                    0  14033.0
 20CW  22-Dec-19 11:38 0022  LZ1ND          599  599  382                    0  14027.0
 20CW  22-Dec-19 11:39 0023  LZ5R           599  599  1741                   0  14025.6
 20CW  22-Dec-19 11:45 0024  UA5C           599  599  829                    0  14013.5
 20CW  22-Dec-19 11:46 0025  9A1AA          599  599  1048                   0  14009.2
 20CW  22-Dec-19 11:50 0026  EW/KU1CW       599  599  599                    0  14005.0
 40CW  22-Dec-19 11:56 0027  SQ8LUU         599  599  582                    0   7032.7
 40CW  22-Dec-19 11:58 0028  IK2SND         599  599  446                    0   7030.5
 40CW  22-Dec-19 12:00 0029  9A5W           599  599  1016                   0   7029.3
 40CW  22-Dec-19 12:01 0030  LZ5R           599  599  1780                   0   7028.3
 40CW  22-Dec-19 12:02 0031  YT4W           599  599  798                    0   7027.0
 40CW  22-Dec-19 12:04 0032  9A7T           599  599  1112                   0   7023.6
 40CW  22-Dec-19 12:05 0033  9A3YT          599  599  198                    0   7022.9
 40CW  22-Dec-19 12:09 0034  LY2PX          599  599  289                    0   7018.3
 40CW  22-Dec-19 12:11 0035  E7CW           599  599  783                    0   7013.4
 40CW  22-Dec-19 12:15 0036  LY7T           599  599  257                    0   7037.0
 40CW  22-Dec-19 12:17 0037  RK3T           599  599  438                    0   7034.6
 40CW  22-Dec-19 12:18 0038  EU8U           599  599  1004                   0   7033.0
 40CW  22-Dec-19 12:21 0039  UT4U           599  599  1220                   0   7028.7
 40CW  22-Dec-19 12:25 0040  RM4F           599  599  1166                   0   7019.5
 40CW  22-Dec-19 12:28 0041  LY7W           599  599  451                    0   7017.3
 40CW  22-Dec-19 12:31 0042  SP9KJU         599  599  047                    0   7016.5
 40CW  22-Dec-19 12:33 0043  LY2MM          599  599  539                    0   7015.3
 40CW  22-Dec-19 12:35 0044  LZ4AE          599  599  382                    0   7014.6
 40CW  22-Dec-19 12:35 0045  OK2PVF         599  599  265                    0   7014.1
 40CW  22-Dec-19 12:37 0046  9A0BB          599  599  1689                   0   7012.8
 40CW  22-Dec-19 12:39 0047  9A7V           599  599  1719                   0   7011.8
 40CW  22-Dec-19 12:40 0048  9A3LG          599  599  558                    0   7011.4
 40CW  22-Dec-19 12:46 0049  RK3AW          599  599  473                    0   7010.0
 40CW  22-Dec-19 12:51 0050  9A1AA          599  599  1107                   0   7007.4
 20CW  22-Dec-19 13:05 0051  4O1HP          599  599  263                    0  14026.0
