 20CW  06-Jul-19 14:14 0001  UT3EV          599  599  012                    0  14041.0
 20CW  06-Jul-19 14:15 0002  EW6F           599  599  012                    0  14040.0
 20CW  06-Jul-19 14:19 0003  RT3N           599  599  035                    0  14038.0
 20CW  06-Jul-19 14:19 0004  RW3XZ          599  599  036                    0  14036.0
 20CW  06-Jul-19 14:21 0005  IZ2GRG         599  599  031                    0  14035.0
 20CW  06-Jul-19 14:22 0006  RA1TU          599  599  017                    0  14035.4
 20CW  06-Jul-19 14:24 0007  EA1WH          599  599  033                    0  14034.0
 20CW  06-Jul-19 14:25 0008  9A3B           599  599  046                    0  14033.4
 20CW  06-Jul-19 14:25 0009  YU1ED          599  599  016                    0  14033.0
 20CW  06-Jul-19 14:27 0010  YL7X           599  599  011                    0  14031.2
 20CW  06-Jul-19 14:28 0011  RF9C           599  599  047                    0  14030.7
 20CW  06-Jul-19 14:30 0012  EU8U           599  599  049                    0  14027.5
 20CW  06-Jul-19 14:31 0013  LY2PX          599  599  036                    0  14025.5
 20CW  06-Jul-19 14:32 0014  EA1XT          599  599  049                    0  14025.0
 20CW  06-Jul-19 14:34 0015  IK0YVV         599  599  045                    0  14024.1
 20CW  06-Jul-19 14:36 0016  R1AT           599  599  047                    0  14023.2
 20CW  06-Jul-19 14:36 0017  RX9CM          599  599  028                    0  14023.0
 20CW  06-Jul-19 14:43 0018  UF5D           599  599  061                    0  14020.3
 20CW  06-Jul-19 14:45 0019  YO4DW          599  599  010                    0  14020.0
 20CW  06-Jul-19 14:47 0020  S57DX          599  599  118                    0  14018.7
 20CW  06-Jul-19 14:50 0021  RT1I           599  599  076                    0  14011.3
 20CW  06-Jul-19 14:51 0022  R7MM           599  599  067                    0  14011.0
 20CW  06-Jul-19 14:53 0023  YQ6A           599  599  072                    0  14010.0
 20CW  06-Jul-19 14:58 0024  UA5F           599  599  055                    0  14009.4
 20CW  06-Jul-19 15:06 0025  UA9CTT         599  599  037                    0  14044.6
 20CW  06-Jul-19 15:09 0026  OG7F           599  599  097                    0  14040.0
 20CW  06-Jul-19 15:10 0027  IT9LKX         599  599  075                    0  14039.4
 20CW  06-Jul-19 15:19 0028  R4BZ           599  599  063                    0  14031.5
 20CW  06-Jul-19 15:25 0029  UD4C           599  599  035                    0  14027.5
 20CW  06-Jul-19 15:28 0030  LZ2HR          599  599  097                    0  14026.3
 20CW  06-Jul-19 15:32 0031  RK0UT          599  599  132                    0  14016.0
 20CW  06-Jul-19 15:38 0032  RM1T           599  599  122                    0  14013.2
 20CW  06-Jul-19 15:43 0033  PA9P           599  599  154                    0  14008.3
 40CW  06-Jul-19 15:48 0034  OL1Z           599  599  047                    0   7032.0
 40CW  06-Jul-19 15:50 0035  SE4E           599  599  108                    0   7027.9
 40CW  06-Jul-19 15:52 0036  SP9H           599  599  044                    0   7025.3
 40CW  06-Jul-19 15:52 0037  EU8U           599  599  158                    0   7023.2
 40CW  06-Jul-19 15:53 0038  IV3HAX         599  599  144                    0   7022.8
 40CW  06-Jul-19 15:55 0039  G3RSD          599  599  046                    0   7022.5
 40CW  06-Jul-19 15:56 0040  EW1TO          599  599  034                    0   7020.5
 40CW  06-Jul-19 15:59 0041  OZ3SM          599  599  064                    0   7019.0
 40CW  06-Jul-19 16:04 0042  S52AW          599  599  027                    0   7012.3
 40CW  06-Jul-19 16:05 0043  RM1T           599  599  162                    0   7011.0
 40CW  06-Jul-19 16:12 0044  IZ8VYU         599  599  075                    0   7008.0
 40CW  06-Jul-19 16:18 0045  S57DX          599  599  244                    0   7023.4
 40CW  06-Jul-19 16:19 0046  S51W           599  599  078                    0   7021.8
 40CW  06-Jul-19 16:23 0047  UR7QC          599  599  048                    0   7021.0
 40CW  06-Jul-19 16:25 0048  YL3GAZ         599  599  040                    0   7018.4
 40CW  06-Jul-19 16:28 0049  RK3ER          599  599  081                    0   7014.9
 40CW  06-Jul-19 16:29 0050  DL6KVA         599  599  110                    0   7015.1
 40CW  06-Jul-19 16:31 0051  OH1RX          599  599  110                    0   7013.8
 40CW  06-Jul-19 16:38 0052  UT3EV          599  599  090                    0   7035.3
 40CW  06-Jul-19 16:40 0053  LA8OM          599  599  218                    0   7034.6
 40CW  06-Jul-19 16:56 0054  9A3B           599  599  253                    0   7026.3
 40CW  06-Jul-19 16:57 0055  SP7OGP         599  599  080                    0   7026.6
 40CW  06-Jul-19 17:00 0056  HA6PS          599  599  103                    0   7022.4
 40CW  06-Jul-19 17:06 0057  UF5D           599  599  231                    0   7021.0
 40CW  06-Jul-19 17:07 0058  F5IN           599  599  121                    0   7019.0
 40CW  06-Jul-19 17:11 0059  SM5IMO         599  599  053                    0   7012.9
 40CW  06-Jul-19 19:38 0060  UT5NR          599  599  202                    0   7035.0
 40CW  06-Jul-19 19:40 0061  LY5Q           599  599  109                    0   7032.5
 40CW  06-Jul-19 19:42 0062  RK3P           599  599  177                    0   7029.6
 40CW  06-Jul-19 19:43 0063  IZ3SQW         599  599  221                    0   7028.6
 40CW  06-Jul-19 19:44 0064  OH8WW          599  599  065                    0   7027.9
 40CW  06-Jul-19 19:47 0065  R1AT           599  599  204                    0   7023.5
 40CW  06-Jul-19 19:49 0066  UT1V           599  599  115                    0   7024.0
 40CW  06-Jul-19 19:51 0067  RK3AW/P        599  599  106                    0   7022.4
 40CW  06-Jul-19 19:52 0068  YP5A           599  599  237                    0   7021.9
 40CW  06-Jul-19 19:52 0069  LB4UH          599  599  137                    0   7021.1
 40CW  06-Jul-19 19:55 0070  HA3NU          599  599  113                    0   7020.0
 40CW  06-Jul-19 19:58 0071  F5NBX          599  599  009                    0   7019.6
 40CW  06-Jul-19 19:59 0072  RU3TJ          599  599  160                    0   7019.0
 40CW  06-Jul-19 20:01 0073  HB9CPS         599  599  033                    0   7018.1
 40CW  06-Jul-19 20:08 0074  SI9AM          599  599  139                    0   7013.3
 40CW  06-Jul-19 20:11 0075  I3FIY          599  599  127                    0   7011.7
 40CW  06-Jul-19 20:13 0076  UT4U           599  599  306                    0   7010.0
 40CW  06-Jul-19 20:15 0077  E72U           599  599  037                    0   7009.2
 40CW  06-Jul-19 20:17 0078  SN5M           599  599  002                    0   7008.8
 80CW  06-Jul-19 20:22 0079  SF6W           599  599  076                    0   3533.8
 80CW  06-Jul-19 20:24 0080  9A3B           599  599  462                    0   3530.3
 80CW  06-Jul-19 20:25 0081  UA1F           599  599  200                    0   3527.0
 80CW  06-Jul-19 20:31 0082  OV3X           599  599  120                    0   3525.4
 80CW  06-Jul-19 20:33 0083  UT5PY          599  599  046                    0   3525.8
 80CW  06-Jul-19 20:35 0084  DL4ME          599  599  130                    0   3524.7
 80CW  06-Jul-19 20:36 0085  UF5D           599  599  478                    0   3524.9
 80CW  06-Jul-19 20:38 0086  LB4UH          599  599  185                    0   3522.9
 80CW  06-Jul-19 20:39 0087  EV6Z           599  599  268                    0   3520.2
 80CW  06-Jul-19 20:42 0088  YO4NF          599  599  180                    0   3519.8
 80CW  06-Jul-19 20:46 0089  G3RSD          599  599  072                    0   3518.8
 80CW  06-Jul-19 20:49 0090  IZ3SQW         599  599  265                    0   3514.0
 80CW  06-Jul-19 20:53 0091  PA3AAV         599  599  299                    0   3536.5
 80CW  06-Jul-19 20:56 0092  IV3HAX         599  599  096                    0   3535.1
 80CW  06-Jul-19 20:57 0093  DL3KWF         599  599  081                    0   3533.3
 80CW  06-Jul-19 21:01 0094  OL1Z           599  599  122                    0   3527.0
 80CW  06-Jul-19 21:04 0095  DL5JQ          599  599  259                    0   3521.7
 15CW  07-Jul-19 08:37 0096  9A3VM          599  599  283                    0  21027.7
 15CW  07-Jul-19 08:39 0097  EA3GBA         599  599  123                    0  21022.0
 15CW  07-Jul-19 08:42 0098  YO9FYP         599  599  115                    0  21020.0
 15CW  07-Jul-19 08:44 0099  DL4DZ          599  599  236                    0  21018.2
 15CW  07-Jul-19 08:45 0100  YT5FD          599  599  052                    0  21015.8
 15CW  07-Jul-19 08:47 0101  S54X           599  599  037                    0  21010.5
 15CW  07-Jul-19 08:48 0102  UT5NR          599  599  468                    0  21011.1
 15CW  07-Jul-19 08:49 0103  E78IW          599  599  053                    0  21008.5
 15CW  07-Jul-19 08:52 0104  IW3FVZ         599  599  044                    0  21029.2
 15CW  07-Jul-19 08:54 0105  LY2PX          599  599  340                    0  21025.9
 15CW  07-Jul-19 08:56 0106  SN7Q           599  599  061                    0  21025.3
 15CW  07-Jul-19 08:57 0107  IV3HAX         599  599  256                    0  21022.2
 15CW  07-Jul-19 08:58 0108  OM8LM          599  599  331                    0  21021.0
 15CW  07-Jul-19 09:00 0109  LA0CX          599  599  302                    0  21020.4
 15CW  07-Jul-19 09:02 0110  RK3ER          599  599  577                    0  21019.6
 15CW  07-Jul-19 09:03 0111  IT9CKA         599  599  104                    0  21017.2
 15CW  07-Jul-19 09:05 0112  SM6NT          599  599  135                    0  21017.0
 15CW  07-Jul-19 09:06 0113  UT4U           599  599  855                    0  21015.0
 15CW  07-Jul-19 09:08 0114  F5IN           599  599  613                    0  21012.9
 15CW  07-Jul-19 09:10 0115  OH1RX          599  599  398                    0  21012.0
 15CW  07-Jul-19 09:17 0116  EW1TO          599  599  236                    0  21037.6
 15CW  07-Jul-19 09:17 0117  I7PHH          599  599  425                    0  21036.0
 15CW  07-Jul-19 09:47 0118  S59AA          599  599  231                    0  21033.1
 15CW  07-Jul-19 09:50 0119  EA5FIV         599  599  192                    0  21031.6
 15CW  07-Jul-19 09:52 0120  LA8OM          599  599  767                    0  21027.0
 15CW  07-Jul-19 09:59 0121  IK0YVV         599  599  352                    0  21025.1
 15CW  07-Jul-19 10:02 0122  EU8U           599  599  384                    0  21024.6
 15CW  07-Jul-19 10:06 0123  EA7TH          599  599  071                    0  21020.9
 15CW  07-Jul-19 10:08 0124  IK0YUT         599  599  213                    0  21019.6
 15CW  07-Jul-19 11:59 0125  9A3B           599  599  1048                   0  21018.5
 20CW  07-Jul-19 12:10 0126  EW8DX          599  599  852                    0  14020.5
 20CW  07-Jul-19 12:12 0127  SP9PKZ         599  599  310                    0  14016.9
 20CW  07-Jul-19 12:13 0128  OK2QX          599  599  312                    0  14016.5
 20CW  07-Jul-19 12:15 0129  SI9AM          599  599  328                    0  14016.0
 20CW  07-Jul-19 12:16 0130  S51DX          599  599  300                    0  14015.4
 20CW  07-Jul-19 12:17 0131  IK2WAD         599  599  164                    0  14013.8
 20CW  07-Jul-19 12:18 0132  YL1ZF          599  599  841                    0  14013.0
 20CW  07-Jul-19 12:22 0133  DL6GCE         599  599  086                    0  14043.0
 20CW  07-Jul-19 12:23 0134  E77EA          599  599  471                    0  14038.6
 20CW  07-Jul-19 12:24 0135  IN3FHE         599  599  064                    0  14037.5
 20CW  07-Jul-19 12:25 0136  RU5TT          599  599  392                    0  14036.7
 20CW  07-Jul-19 12:27 0137  IQ2CJ          599  599  223                    0  14035.0
 20CW  07-Jul-19 12:31 0138  I6FDJ          599  599  486                    0  14032.0
 20CW  07-Jul-19 12:32 0139  RM2D           599  599  093                    0  14030.7
 20CW  07-Jul-19 12:39 0140  R1LN           599  599  195                    0  14028.0
 20CW  07-Jul-19 12:41 0141  UC5D           599  599  275                    0  14027.2
 20CW  07-Jul-19 12:43 0142  HG0R           599  599  421                    0  14026.7
 20CW  07-Jul-19 12:45 0143  LY2AX          599  599  214                    0  14025.0
 20CW  07-Jul-19 12:51 0144  LY6A           599  599  260                    0  14022.7
 20CW  07-Jul-19 12:56 0145  UT5PY          599  599  123                    0  14018.2
 20CW  07-Jul-19 12:57 0146  OH5TS          599  599  454                    0  14016.2
 20CW  07-Jul-19 13:01 0147  UY5ZZ          599  599  225                    0  14012.0
 20CW  07-Jul-19 13:05 0148  IK2SND         599  599  253                    0  14037.1
 20CW  07-Jul-19 13:12 0149  F6HKA          599  599  453                    0  14030.5
 20CW  07-Jul-19 13:14 0150  SQ7OXU         599  599  300                    0  14028.5
 20CW  07-Jul-19 13:16 0151  OK1OA          599  599  273                    0  14025.0
 20CW  07-Jul-19 13:16 0152  RW4WA          599  599  443                    0  14023.9
 20CW  07-Jul-19 13:17 0153  I3FIY          599  599  290                    0  14022.0
 20CW  07-Jul-19 13:19 0154  OH2KI          599  599  050                    0  14022.5
 20CW  07-Jul-19 13:23 0155  UT8AS          599  599  303                    0  14017.1
 20CW  07-Jul-19 13:30 0156  YT2ISM         599  599  080                    0  14010.6
 15CW  07-Jul-19 13:35 0157  YO3GCL         599  599  327                    0  21017.5
 40CW  07-Jul-19 13:38 0158  YL1ZF          599  599  886                    0   7012.0
 40CW  07-Jul-19 13:47 0159  DF4XX          599  599  127                    0   7018.0
 20CW  07-Jul-19 13:56 0160  SP3HRN         599  599  142                    0  14007.5
 20CW  07-Jul-19 13:57 0161  RN9RF          599  599  265                    0  14041.2
