 40CW  06-Apr-19 15:22 0001  SP2MW          599  599  F             SP       3         
 40CW  06-Apr-19 15:25 0002  SP3MEP         599  599  W                      3         
 40CW  06-Apr-19 15:26 0003  SQ9C           599  599  G                      3         
 40CW  06-Apr-19 15:28 0004  SP9GFI         599  599  G                      3         
 40CW  06-Apr-19 15:38 0005  SN7O           599  599  C                      3         
 40CW  06-Apr-19 15:42 0006  SP9XCN         599  599  G                      3         
 40CW  06-Apr-19 15:45 0007  SO3O           599  599  W                      3         
 40CW  06-Apr-19 15:46 0008  SQ9S           599  599  G                      3         
 40CW  06-Apr-19 15:51 0009  SP9MA          599  599  G                      3         
 40CW  06-Apr-19 16:00 0010  SP2HYO         599  599  P                      3         
 40CW  06-Apr-19 16:04 0011  SP5ELA         599  599  R                      3         
 40CW  06-Apr-19 16:10 0012  SP5CJQ         599  599  R                      3         
 40CW  06-Apr-19 16:11 0013  SP2MHD         599  599  F                      3         
 40CW  06-Apr-19 16:21 0014  SN2K           599  599  F                      3         
 40CW  06-Apr-19 16:23 0015  SP9WZJ         599  599  G                      3         
 40CW  06-Apr-19 16:25 0016  SP9JZU         599  599  M                      3         
 40CW  06-Apr-19 16:26 0017  SP4W           599  599  J                      3         
 40CW  06-Apr-19 16:28 0018  SP9KJU         599  599  G                      3         
 40CW  06-Apr-19 16:30 0019  SP6OJE         599  599  U                      3         
 40CW  06-Apr-19 16:31 0020  SP3FYX         599  599  W                      3         
 40CW  06-Apr-19 16:32 0021  SP1AEN         599  599  F                      3         
 40CW  06-Apr-19 16:38 0022  SP2KJH         599  599  P                      3         
 40CW  06-Apr-19 16:39 0023  SP8PAI         599  599  L                      3         
 40CW  06-Apr-19 16:40 0024  SP9R           599  599  M                      3         
 40CW  06-Apr-19 16:43 0025  SP1MGM         599  599  Z                  15  3         
 40CW  06-Apr-19 16:44 0026  SP7LIE         599  599  C                      3         
 40CW  06-Apr-19 16:45 0027  SP9KVC         599  599  G                      3         
 40CW  06-Apr-19 16:48 0028  SP4TKR         599  599  J                      3         
 40CW  06-Apr-19 16:49 0029  SP2LNW         599  599  F                      3         
 40CW  06-Apr-19 16:52 0030  SN7Q           599  599  C                      3         
 40CW  06-Apr-19 17:15 0031  SP4GHL         599  599  J                      3         
 40CW  06-Apr-19 17:16 0032  SP9KAT         599  599  G                      3         
 40CW  06-Apr-19 17:17 0033  SP3SLU         599  599  W                      3         
 40CW  06-Apr-19 17:23 0034  3Z0X           599  599  R                      3         
 40CW  06-Apr-19 17:24 0035  SP9M           599  599  M                      3         
 40CW  06-Apr-19 17:25 0036  SP2QG          599  599  P                      3         
 40CW  06-Apr-19 17:27 0037  SQ5JUP         599  599  146R                   3         
 40CW  06-Apr-19 17:29 0038  SP4Z           599  599  O                      3         
 40CW  06-Apr-19 17:34 0039  SN75W          599  599  R                      3         
 40CW  06-Apr-19 17:38 0040  SP2GWH         599  599  P                      3         
 40CW  06-Apr-19 17:40 0041  SP9ENV         599  599  G                      3         
 40CW  06-Apr-19 17:41 0042  SP9PKZ         599  599  M                      3         
 40CW  06-Apr-19 17:44 0043  SP9W           599  599  M                      3         
 40CW  06-Apr-19 17:47 0044  SP9JPA         599  599  M                      3         
 40CW  06-Apr-19 17:49 0045  SP7OGP         599  599  C                      3         
 40CW  06-Apr-19 20:07 0046  SP8ARY         599  599  L                      3         
 80CW  06-Apr-19 20:18 0047  SP9DTH         599  599  M             SP       3         
 80CW  06-Apr-19 20:20 0048  SP9KVC         599  599  G                      3         
 80CW  06-Apr-19 20:22 0049  SP3MKS         599  599  W                      3         
 80CW  06-Apr-19 20:27 0050  SP2QG          599  599  P                      3         
 80CW  06-Apr-19 20:28 0051  SP1AEN         599  599  F                      3         
 80CW  06-Apr-19 20:30 0052  SP9M           599  599  M                      3         
 80CW  06-Apr-19 20:33 0053  SP2LNW         599  599  F                      3         
 80CW  06-Apr-19 20:36 0054  SP9LAS         599  599  M                      3         
 80CW  06-Apr-19 20:39 0055  SP5CNA         599  599  R                      3         
 80CW  06-Apr-19 20:45 0056  SO3RM          599  599  B                      3         
 80CW  06-Apr-19 20:47 0057  SP6TGC         599  599  D                      3         
 80CW  06-Apr-19 20:49 0058  SN1F           599  599  Z                      3         
 80CW  06-Apr-19 20:50 0059  SQ7FPD         599  599  K                      3         
 80CW  06-Apr-19 20:53 0060  SP2KJH         599  599  P                      3         
 80CW  06-Apr-19 20:54 0061  SN1W           599  599  Z                      3         
 80CW  06-Apr-19 20:55 0062  3Z0X           599  599  R                      3         
 80CW  06-Apr-19 20:57 0063  SP3UR          599  599  W                      3         
 80CW  06-Apr-19 20:58 0064  SN5N           599  599  L                      3         
 80CW  06-Apr-19 21:07 0065  SN9A           599  599  G                      3         
 80CW  06-Apr-19 21:09 0066  SP9BNM         599  599  G                      3         
 80CW  06-Apr-19 21:13 0067  SQ7OXU         599  599  S                      3         
 80CW  06-Apr-19 21:16 0068  SP9JZT         599  599  M                      3         
 40CW  07-Apr-19 07:55 0069  SQ5STS         599  599  R                      3         
 40CW  07-Apr-19 07:58 0070  SP2MKI         599  599  P                      3         
 40CW  07-Apr-19 08:00 0071  3Z1K           599  599  Z                      3         
 40CW  07-Apr-19 08:02 0072  SP6NIC         599  599  D                      3         
 40CW  07-Apr-19 08:15 0073  SP5WA          599  599  R                      3         
 40CW  07-Apr-19 08:20 0074  SP9EML         599  599  G                      3         
 40CW  07-Apr-19 08:23 0075  SP9BCH         599  599  M                      3         
 40CW  07-Apr-19 11:00 0076  SN6O           599  599  U                      3         
