 20CW  15-Jun-19 09:06 0001  UA9CTT         599  599  41                     0  14047.0
 20CW  15-Jun-19 09:08 0002  RX9AF          599  599  66                     0  14041.2
 20CW  15-Jun-19 09:16 0003  RM9I           599  599  49                     0  14031.8
 20CW  15-Jun-19 09:29 0004  RQ9O           599  599  63                     0  14023.2
 20CW  15-Jun-19 09:38 0005  UA9MA          599  599  64                     0  14013.0
 20CW  15-Jun-19 09:43 0006  RT9S           599  599  68                     0  14011.0
 20CW  15-Jun-19 10:18 0007  RG9A           599  599  64                     0  14033.4
 20CW  15-Jun-19 10:22 0008  RA9P           599  599  14                     0  14032.2
 20CW  15-Jun-19 10:32 0009  RN9S           599  599  37                     0  14024.0
 20CW  15-Jun-19 10:41 0010  R9AE           599  599  62                     0  14020.0
 20CW  15-Jun-19 10:46 0011  P3X            599  599  45                     0  14015.5
 20CW  15-Jun-19 18:50 0012  4X6FR          599  599  52                     0  14052.0
 20CW  15-Jun-19 18:53 0013  JI3MJK         599  599  51                     0  14050.5
 20CW  15-Jun-19 18:57 0014  JH4UTP         599  599  57                     0  14041.9
 20CW  15-Jun-19 18:59 0015  JF1NHD         599  599  52                     0  14042.6
 20CW  15-Jun-19 20:05 0016  JA1PNA         599  599  72                     0  14021.0
 20CW  15-Jun-19 20:21 0017  JJ2YRE         599  599  62                     0  14008.3
 20CW  16-Jun-19 07:50 0018  R8OM           599  599  47                     0  14028.0
 20CW  16-Jun-19 08:38 0019  UN0LM          599  599  48                     0  14021.5
 20CW  16-Jun-19 08:40 0020  RW0AJ          599  599  61                     0  14019.2
 20CW  16-Jun-19 08:42 0021  RD0A           599  599  61                     0  14018.0
 20CW  16-Jun-19 08:48 0022  R9LY           599  599  59                     0  14010.2
 20CW  16-Jun-19 10:02 0023  RK9Q           599  599  52                     0  14023.6
 20CW  16-Jun-19 10:18 0024  R0WC           599  599  54                     0  14013.0
 20CW  16-Jun-19 10:19 0025  RW9DX          599  599  56                     0  14012.4
 20CW  16-Jun-19 10:26 0026  RX9CAZ         599  599  49                     0  14044.6
 20CW  16-Jun-19 10:28 0027  UN9L           599  599  52                     0  14040.0
 20CW  16-Jun-19 17:29 0028  JR4GPA         599  599  55                     0  14060.7
 20CW  16-Jun-19 17:42 0029  RC0A           599  599  64                     0  14026.6
 20CW  16-Jun-19 17:50 0030  BI4SSB         599  599  41                     0  14025.3
 20CW  16-Jun-19 17:54 0031  RC9A           599  599  51                     0  14022.0
 20CW  16-Jun-19 17:58 0032  R8TT           599  599  55                     0  14012.3
 20CW  16-Jun-19 19:14 0033  4Z5FW          599  599  56                     0  14019.3
