 20CW  25-Aug-19 09:52 0001  UA5C           599  599  1510                   0  14011.9
 20CW  25-Aug-19 09:54 0002  F5IN           599  599  950                    0  14036.9
 20CW  25-Aug-19 09:55 0003  HG8X           599  599  103                    0  14036.0
 20CW  25-Aug-19 09:56 0004  UA4C           599  599  461                    0  14035.5
 20CW  25-Aug-19 09:58 0005  SM6E           599  599  739                    0  14034.9
 20CW  25-Aug-19 10:01 0006  EA1WH          599  599  057                    0  14033.5
 20CW  25-Aug-19 10:02 0007  SQ8LUU         599  599  476                    0  14032.2
 20CW  25-Aug-19 10:04 0008  SP3HRN         599  599  016                    0  14031.1
 20CW  25-Aug-19 10:06 0009  S55N           599  599  186                    0  14026.5
 20CW  25-Aug-19 10:08 0010  OZ3SM          599  599  512                    0  14025.2
 20CW  25-Aug-19 10:09 0011  UA6CC          599  599  520                    0  14021.0
 20CW  25-Aug-19 10:10 0012  YR9F           599  599  GR                     0  14019.9
 20CW  25-Aug-19 10:12 0013  DF7BA          599  599  096                    0  14019.2
 20CW  25-Aug-19 10:13 0014  SP2R           599  599  403                    0  14018.8
 20CW  25-Aug-19 10:15 0015  R3ST           599  599  267                    0  14018.0
 20CW  25-Aug-19 10:16 0016  YQ6A           599  599  CV                     0  14016.7
 20CW  25-Aug-19 10:18 0017  YO8NR          599  599  SV                     0  14016.1
 20CW  25-Aug-19 10:19 0018  I0ZUT          599  599  035                    0  14015.4
 20CW  25-Aug-19 10:20 0019  RM1T           599  599  1033                   0  14014.6
 20CW  25-Aug-19 10:21 0020  F5SGI/P        599  599  022                    0  14013.7
 20CW  25-Aug-19 10:23 0021  YO2BLX         599  599  AR                     0  14013.1
 20CW  25-Aug-19 10:26 0022  YO3APJ         599  599  BU                     0  14012.1
 20CW  25-Aug-19 10:27 0023  RF9C           599  599  1376                   0  14010.6
 15CW  25-Aug-19 10:33 0024  Z36W           599  599  326                    0  21041.3
 15CW  25-Aug-19 10:34 0025  UA6HFI         599  599  420                    0  21041.0
 15CW  25-Aug-19 10:35 0026  RG9A           599  599  1309                   0  21036.0
 15CW  25-Aug-19 10:39 0027  IZ2GRG         599  599  473                    0  21034.3
 15CW  25-Aug-19 10:45 0028  RX6AM          599  599  265                    0  21030.4
 15CW  25-Aug-19 10:46 0029  SP8R           599  599  1426                   0  21028.4
 15CW  25-Aug-19 10:47 0030  HA8QZ          599  599  237                    0  21025.6
 15CW  25-Aug-19 10:51 0031  OZ3SM          599  599  560                    0  21023.8
 15CW  25-Aug-19 10:52 0032  Z35Y           599  599  717                    0  21022.9
 15CW  25-Aug-19 10:53 0033  RN9RF          599  599  254                    0  21021.8
 15CW  25-Aug-19 10:54 0034  EV6Z           599  599  700                    0  21020.6
 15CW  25-Aug-19 10:54 0035  LA8OM          599  599  441                    0  21020.1
 15CW  25-Aug-19 10:55 0036  LZ1YE          599  599  327                    0  21019.5
 15CW  25-Aug-19 10:56 0037  OZ2TF          599  599  412                    0  21018.6
 15CW  25-Aug-19 10:57 0038  S51DX          599  599  283                    0  21016.9
 15CW  25-Aug-19 10:59 0039  MM3N           599  599  442                    0  21015.8
 15CW  25-Aug-19 11:01 0040  UW5U           599  599  700                    0  21014.4
 15CW  25-Aug-19 11:03 0041  YO5LD          599  599  MM                     0  21014.1
 15CW  25-Aug-19 11:05 0042  G4R            599  599  1308                   0  21012.4
 15CW  25-Aug-19 11:06 0043  LZ5R           599  599  1795                   0  21011.9
 15CW  25-Aug-19 11:07 0044  LB4UH          599  599  535                    0  21010.7
 10CW  25-Aug-19 11:10 0045  OM3CM          599  599  089                    0  28048.0
 10CW  25-Aug-19 11:14 0046  F6AUS          599  599  273                    0  28038.0
 10CW  25-Aug-19 11:17 0047  SI9AM          599  599  1020                   0  28036.8
 10CW  25-Aug-19 11:19 0048  SQ8LUU         599  599  540                    0  28029.5
 10CW  25-Aug-19 11:24 0049  MM3N           599  599  478                    0  28022.3
 10CW  25-Aug-19 11:26 0050  YO2BLX         599  599  AR                     0  28021.9
 10CW  25-Aug-19 11:28 0051  YP5A           599  599  DN                     0  28021.5
 10CW  25-Aug-19 11:29 0052  YO8AXP         599  599  BC                     0  28021.1
 10CW  25-Aug-19 11:30 0053  S51DX          599  599  321                    0  28019.5
 10CW  25-Aug-19 11:39 0054  EA5UF          599  599  820                    0  28003.0
 20CW  25-Aug-19 11:44 0055  RU5TT          599  599  536                    0  14040.5
 20CW  25-Aug-19 11:45 0056  G4R            599  599  1357                   0  14039.0
 20CW  25-Aug-19 11:47 0057  E77EA          599  599  612                    0  14035.6
 20CW  25-Aug-19 11:50 0058  YO5DAS         599  599  SM                     0  14033.7
 20CW  25-Aug-19 11:53 0059  YT9M           599  599  604                    0  14031.5
 20CW  25-Aug-19 11:54 0060  LZ2HR          599  599  373                    0  14031.0
 20CW  25-Aug-19 11:55 0061  9A/YO5OLD/P    599  599  200                    0  14029.3
