 80CW  26-Dec-19 08:35 0001  DJ1YFK         599  599  S08                    0   3536.1
 80CW  26-Dec-19 08:35 0002  DF5BM          599  599  I13                    0   3536.1
 80CW  26-Dec-19 08:39 0003  DF1MM          599  599  I18                    0   3526.6
 80CW  26-Dec-19 08:40 0004  DL1STG         599  599  O26                    0   3526.6
 80CW  26-Dec-19 08:42 0005  DJ9DZ          599  599  N06                    0   3525.6
 80CW  26-Dec-19 08:44 0006  DL4WA          599  599  X28                    0   3525.6
 80CW  26-Dec-19 08:50 0007  DF1LON         599  599  R11                    0   3515.0
 80CW  26-Dec-19 08:50 0008  DK3QZ          599  599  L03                    0   3515.0
 80CW  26-Dec-19 08:52 0009  DL0ZZ          599  599  44VQ                   0   3511.0
 80CW  26-Dec-19 08:53 0010  DK4QT          599  599  N01                    0   3511.0
 80CW  26-Dec-19 08:56 0011  DL8QS          599  599  V22                    0   3521.1
 80CW  26-Dec-19 08:57 0012  DJ3XD          599  599  S31                    0   3518.3
 80CW  26-Dec-19 08:58 0013  DF3VM          599  599  Q05                    0   3514.5
 80CW  26-Dec-19 09:00 0014  DL4YR          599  599  N62                    0   3514.5
 80CW  26-Dec-19 09:05 0015  DJ0SP          599  599  N53                    0   3528.5
 40CW  26-Dec-19 09:13 0016  OM7LW          599  599  041                    0   7019.6
 40CW  26-Dec-19 09:15 0017  IK2SND         599  599  030                    0   7019.6
 40CW  26-Dec-19 09:17 0018  RA2F           599  599  022                    0   7020.0
 40CW  26-Dec-19 09:20 0019  YL3FW          599  599  015                    0   7020.0
 40CW  26-Dec-19 09:26 0020  F5IN           599  599  062                    0   7029.0
 40CW  26-Dec-19 09:29 0021  DL1DQW         599  599  S04                    0   7017.7
 40CW  26-Dec-19 09:31 0022  DF4TD/M        599  599  P09                    0   7017.7
 40CW  26-Dec-19 09:32 0023  DK6WL          599  599  C27                    0   7016.6
 40CW  26-Dec-19 09:34 0024  RX1AG          599  599  017                    0   7016.6
 40CW  26-Dec-19 09:40 0025  OK2QX          599  599  022                    0   7034.9
 40CW  26-Dec-19 09:49 0026  DJ5MW          599  599  T13                    0   7017.9
 40CW  26-Dec-19 09:52 0027  DD5M           599  599  C01                    0   7016.6
 40CW  26-Dec-19 09:54 0028  DL2NBU         599  599  C12                    0   7016.6
 40CW  26-Dec-19 10:01 0029  DL5ST          599  599  S57                    0   7035.1
 40CW  26-Dec-19 10:02 0030  DF1DT          599  599  O40                    0   7035.2
 40CW  26-Dec-19 10:03 0031  DL3JAN         599  599  S07                    0   7035.2
 40CW  26-Dec-19 10:05 0032  I2IFT          599  599  042                    0   7035.8
 40CW  26-Dec-19 10:07 0033  OK7T           599  599  073                    0   7035.8
 40CW  26-Dec-19 10:11 0034  OK1OA          599  599  060                    0   7030.1
 40CW  26-Dec-19 10:13 0035  DL2RUG         599  599  Y09                    0   7030.1
 40CW  26-Dec-19 10:21 0036  DR2C           599  599  40E28                  0   7021.9
 40CW  26-Dec-19 10:23 0037  DL3KWF         599  599  V11                    0   7020.8
 80CW  26-Dec-19 10:33 0038  DL1KAS         599  599  G07                    0   3529.1
 80CW  26-Dec-19 10:39 0039  DK5WN          599  599  X17                    0   3516.6
 80CW  26-Dec-19 10:41 0040  DF1DT          599  599  O40                    0   3520.1
 80CW  26-Dec-19 10:44 0041  DO7KMH         599  599  L16                    0   3520.1
 80CW  26-Dec-19 10:47 0042  DL4MFM         599  599  E20                    0   3528.4
 80CW  26-Dec-19 10:50 0043  DL4ME          599  599  X30                    0   3528.4
 40CW  26-Dec-19 10:54 0044  DL1RTL         599  599  Y34                    0   7024.0
 40CW  26-Dec-19 10:57 0045  DF1LON         599  599  R11                    0   7012.4
