 80CW  27-Feb-19 20:08 0001  GM4Z           599  599  IO87          GM       3         
 80CW  27-Feb-19 20:10 0002  G7WHI          599  599  JO02          G        3         
 80CW  27-Feb-19 20:12 0003  OK6DJ          599  599  JN69          OK       3         
 80CW  27-Feb-19 20:14 0004  SD1A           599  599  JO97          SM       3         
 80CW  27-Feb-19 20:16 0005  GW4J           599  599  IO73          GW       3         
 80CW  27-Feb-19 20:17 0006  S57KO          599  599  JN67          S5       3         
 80CW  27-Feb-19 20:18 0007  M4J            599  599  JO02                   3         
 80CW  27-Feb-19 20:19 0008  SF6W           599  599  JO68                   3         
 80CW  27-Feb-19 20:21 0009  G3RSD          599  599  IO93                   3         
 80CW  27-Feb-19 20:26 0010  G4RGK          599  599  IO91                   3         
 80CW  27-Feb-19 20:28 0011  G4EBK          599  599  IO93                   3         
 80CW  27-Feb-19 20:30 0012  M0BEW          599  599  IO82                   3         
 80CW  27-Feb-19 20:31 0013  DL2OM          599  599  JO30          DL       3         
 80CW  27-Feb-19 20:32 0014  DK0RA          599  599  JO60                   3         
 80CW  27-Feb-19 20:37 0015  MM1E           599  599  IO85                   3         
 80CW  27-Feb-19 20:41 0016  SP8HWM         599  599  KO11          SP       3         
 80CW  27-Feb-19 20:42 0017  GM3YEH         599  599  IO85                   3         
 80CW  27-Feb-19 20:43 0018  DL6KVA         599  599  JO64                   3         
 80CW  27-Feb-19 20:45 0019  G4FJK          599  599  IO80                   3         
 80CW  27-Feb-19 20:48 0020  GM2V           599  599  IO77                   3         
 80CW  27-Feb-19 20:50 0021  MM2N           599  599  IO75                   3         
 80CW  27-Feb-19 20:52 0022  LY4ZZ          599  599  KO25          LY       3         
 80CW  27-Feb-19 20:57 0023  SM5CSS         599  599  JO89                   3         
 80CW  27-Feb-19 20:59 0024  G3K            599  599  IO93                   3         
