 40CW  15-Apr-19 16:32 0001  OK1VK          599  599  005                    0   7036.9
 40CW  15-Apr-19 16:34 0002  SM9X           599  599  009                    0   7035.8
 40CW  15-Apr-19 16:35 0003  SM5S           599  599  004                    0   7034.7
 40CW  15-Apr-19 16:36 0004  HB9BXE         599  599  016                    0   7034.3
 40CW  15-Apr-19 16:39 0005  OK1DOR         599  599  011                    0   7033.8
 40CW  15-Apr-19 16:41 0006  OM3PA          599  599  020                    0   7031.2
 40CW  15-Apr-19 16:43 0007  SM5IMO         599  599  022                    0   7029.5
 40CW  15-Apr-19 16:45 0008  SD6F           599  599  003                    0   7029.1
 40CW  15-Apr-19 16:46 0009  9A7R           599  599  018                    0   7028.4
 40CW  15-Apr-19 16:47 0010  OK2EA          599  599  021                    0   7028.0
 40CW  15-Apr-19 16:49 0011  OK1KT          599  599  017                    0   7027.4
 40CW  15-Apr-19 16:50 0012  SN1A           599  599  026                    0   7025.0
 40CW  15-Apr-19 16:51 0013  UT5IZ          599  599  016                    0   7024.4
 40CW  15-Apr-19 16:53 0014  OK2BFN         599  599  021                    0   7023.9
 40CW  15-Apr-19 16:58 0015  DK2FG          599  599  038                    0   7039.0
 40CW  15-Apr-19 17:00 0016  OK1FMJ         599  599  016                    0   7038.3
 40CW  15-Apr-19 17:04 0017  EU8F           599  599  042                    0   7036.9
 40CW  15-Apr-19 17:05 0018  OK2NAJ         599  599  040                    0   7034.7
 40CW  15-Apr-19 17:10 0019  SP4DNX         599  599  041                    0   7028.1
 40CW  15-Apr-19 17:13 0020  OK2SLS         599  599  022                    0   7034.8
 40CW  15-Apr-19 17:18 0021  OK1FMG         599  599  008                    0   7029.3
