 80CW  13-Apr-19 21:14 0001  YT6W           599  599  28                     0   3533.0
 40CW  14-Apr-19 08:11 0002  LY3B           599  599  29            LY   29  0   7029.1
 20CW  14-Apr-19 08:20 0003  UA5R           599  599  29            UA   29  0  14037.2
 20CW  14-Apr-19 08:23 0004  UC0A           599  599  32            UA9  32  0  14036.0
 20CW  14-Apr-19 08:25 0005  UN2E           599  599  30            UN   30  0  14035.5
 20CW  14-Apr-19 08:29 0006  R3KQ           599  599  29                     0  14033.8
 20CW  14-Apr-19 08:31 0007  RW3QJ          599  599  29                     0  14033.4
 20CW  14-Apr-19 08:34 0008  DR19RGD        599  599  28            DL   28  0  14032.0
 20CW  14-Apr-19 08:36 0009  OH2YL          599  599  18            OH   18  0  14029.9
 20CW  14-Apr-19 08:38 0010  RX9CM          599  599  30                     0  14029.0
 20CW  14-Apr-19 08:40 0011  R3ZZ           599  599  29                     0  14027.7
 20CW  14-Apr-19 08:41 0012  RA9AP          599  599  30                     0  14026.0
 20CW  14-Apr-19 08:44 0013  UR7MZ          599  599  29            UR       0  14024.4
 20CW  14-Apr-19 08:46 0014  RK9LWA         599  599  30                     0  14022.4
 20CW  14-Apr-19 08:47 0015  RM1T           599  599  29                     0  14021.6
 20CW  14-Apr-19 08:58 0016  OH1TM          599  599  18                     0  14020.8
 20CW  14-Apr-19 08:59 0017  Z35Y           599  599  28            Z3       0  14020.5
 20CW  14-Apr-19 09:01 0018  UR7GO          599  599  29                     0  14016.1
 20CW  14-Apr-19 09:03 0019  UA3KW          599  599  29                     0  14013.0
 20CW  14-Apr-19 09:04 0020  UN9LW          599  599  30                     0  14010.7
 20CW  14-Apr-19 09:07 0021  RM6AA          599  599  29                     0  14007.9
 20CW  14-Apr-19 09:10 0022  RZ8U           599  599  31                 31  0  14040.5
 20CW  14-Apr-19 09:11 0023  UA1ZZ          599  599  19                 19  0  14040.3
 20CW  14-Apr-19 09:13 0024  LZ2CJ          599  599  28            LZ       0  14039.0
 20CW  14-Apr-19 09:14 0025  RC1W           599  599  29                     0  14037.0
 20CW  14-Apr-19 09:15 0026  UD4F           599  599  29                     0  14036.5
 20CW  14-Apr-19 09:17 0027  R1AT           599  599  19                     0  14033.9
 20CW  14-Apr-19 09:21 0028  YO2GL          599  599  28            YO       0  14028.9
 20CW  14-Apr-19 09:23 0029  UA1ORK         599  599  19                     0  14026.5
 20CW  14-Apr-19 09:27 0030  YU7AU          599  599  28            YU       0  14025.1
 20CW  14-Apr-19 09:29 0031  YT1A           599  599  28                     0  14024.1
 20CW  14-Apr-19 09:30 0032  UA6CC          599  599  29                     0  14022.8
 20CW  14-Apr-19 09:32 0033  LY2KA          599  599  29            LY       0  14021.6
 20CW  14-Apr-19 09:35 0034  LZ1ZJ          599  599  28                     0  14020.9
 20CW  14-Apr-19 09:35 0035  LY6A           599  599  29                     0  14019.8
 20CW  14-Apr-19 09:36 0036  RW7F           599  599  29                     0  14019.4
 20CW  14-Apr-19 09:42 0037  UA3RZ          599  599  29                     0  14015.4
 20CW  14-Apr-19 09:43 0038  R3FX           599  599  29                     0  14015.0
 20CW  14-Apr-19 09:44 0039  RT9S           599  599  30                     0  14014.6
 20CW  14-Apr-19 09:47 0040  R8CT           599  599  30                     0  14012.3
 20CW  14-Apr-19 09:47 0041  P3X            599  599  39            5B   39  0  14011.9
 20CW  14-Apr-19 09:49 0042  YO8AXP         599  599  28                     0  14010.8
 20CW  14-Apr-19 09:53 0043  UA4PN          599  599  30                     0  14045.2
 20CW  14-Apr-19 09:56 0044  RN5AA          599  599  29                     0  14041.0
 20CW  14-Apr-19 10:03 0045  UD8A           599  599  30                     0  14036.8
 20CW  14-Apr-19 10:04 0046  UN9L           599  599  30                     0  14035.1
 20CW  14-Apr-19 10:07 0047  RC9J           599  599  21                 21  0  14032.0
 20CW  14-Apr-19 10:09 0048  RK3P           599  599  29                     0  14030.9
 20CW  14-Apr-19 10:12 0049  R3QA           599  599  29                     0  14026.6
 20CW  14-Apr-19 10:14 0050  RX3APM         599  599  29                     0  14026.1
 20CW  14-Apr-19 10:16 0051  RK3MXT         599  599  29                     0  14025.6
 20CW  14-Apr-19 10:17 0052  UD4C           599  599  29                     0  14024.5
 20CW  14-Apr-19 15:15 0053  RW3XZ          599  599  29                     0  14044.5
 20CW  14-Apr-19 15:25 0054  RT6K           599  599  29                     0  14022.9
 20CW  14-Apr-19 15:26 0055  UC5D           599  599  29                     0  14023.5
 20CW  14-Apr-19 15:32 0056  RU4SW          599  599  29                     0  14016.1
 20CW  14-Apr-19 15:55 0057  RG3B           599  599  29                     0  14009.0
 20CW  14-Apr-19 16:02 0058  RM3TO          599  599  29                     0  14019.1
 20CW  14-Apr-19 16:05 0059  VE3NNT         599  599  04            VE   04  0  14014.3
 20CW  14-Apr-19 16:06 0060  RN4SS          599  599  29                     0  14014.0
 40CW  14-Apr-19 16:09 0061  OZ1AAR         599  599  18            OZ   18  0   7038.2
 40CW  14-Apr-19 16:12 0062  YT6W           599  599  28            YU   28  0   7037.1
 40CW  14-Apr-19 16:13 0063  R7MM           599  599  29            UA       0   7035.5
 40CW  14-Apr-19 16:15 0064  SP4AWE         599  599  28            SP       0   7034.0
 40CW  14-Apr-19 16:19 0065  EW1TZ          599  599  29            EU       0   7032.4
 40CW  14-Apr-19 16:21 0066  UN9L           599  599  30            UN   30  0   7031.2
 40CW  14-Apr-19 16:22 0067  IK2SND         599  599  28            I        0   7030.9
 40CW  14-Apr-19 17:02 0068  IZ2DII         599  599  28                     0   7031.1
 40CW  14-Apr-19 17:04 0069  YL3FW          599  599  29            YL       0   7028.3
 40CW  14-Apr-19 17:05 0070  LY2PX          599  599  29                     0   7027.1
 40CW  14-Apr-19 17:06 0071  YL5X           599  599  29                     0   7026.5
 40CW  14-Apr-19 17:07 0072  R8CT           599  599  30            UA9      0   7026.2
 40CW  14-Apr-19 17:10 0073  UA6AKD         599  599  29                     0   7025.9
 40CW  14-Apr-19 17:11 0074  HG6O           599  599  28            HA       0   7024.9
 40CW  14-Apr-19 17:16 0075  LZ1HW          599  599  28            LZ       0   7023.3
 40CW  14-Apr-19 17:18 0076  RT7C           599  599  29                     0   7021.7
 40CW  14-Apr-19 17:24 0077  RM3TO          599  599  29                     0   7020.5
 40CW  14-Apr-19 17:27 0078  SP7P           599  599  28                     0   7019.1
 40CW  14-Apr-19 17:29 0079  EV6Z           599  599  29                     0   7017.5
 40CW  14-Apr-19 17:29 0080  UA7KA          599  599  29                     0   7016.6
 40CW  14-Apr-19 17:31 0081  OZ4CG          599  599  18                     0   7016.0
 40CW  14-Apr-19 17:34 0082  Z35Y           599  599  28            Z3       0   7015.4
 40CW  14-Apr-19 17:38 0083  UA4C           599  599  29                     0   7014.4
 40CW  14-Apr-19 17:45 0084  YL2TD          599  599  29                     0   7011.5
 40CW  14-Apr-19 17:47 0085  OM3RM          599  599  28            OM       0   7011.0
 40CW  14-Apr-19 17:48 0086  S52NY          599  599  28            S5       0   7010.1
 40CW  14-Apr-19 17:48 0087  R3FX           599  599  29                     0   7009.5
 40CW  14-Apr-19 17:53 0088  OT2X           599  599  27            ON   27  0   7038.9
 40CW  14-Apr-19 17:54 0089  UN7LAN         599  599  30                     0   7039.3
 40CW  14-Apr-19 17:55 0090  IV3HAX         599  599  28                     0   7037.8
 40CW  14-Apr-19 17:56 0091  9A1AA          599  599  28            9A       0   7036.3
 40CW  14-Apr-19 17:58 0092  HA2EOD         599  599  28                     0   7035.8
 40CW  14-Apr-19 17:59 0093  HG8C           599  599  28                     0   7034.8
 40CW  14-Apr-19 18:00 0094  YU7AU          599  599  28                     0   7034.0
 40CW  14-Apr-19 18:01 0095  EW6F           599  599  29                     0   7032.3
 40CW  14-Apr-19 18:04 0096  RV3ZN          599  599  29                     0   7029.2
 40CW  14-Apr-19 18:05 0097  HA8TP          599  599  28                     0   7028.4
 40CW  14-Apr-19 18:14 0098  LZ1MC          599  599  28                     0   7026.2
 40CW  14-Apr-19 18:15 0099  YP5A           599  599  28            YO       0   7024.4
 40CW  14-Apr-19 18:16 0100  RA2F           599  599  29            UA2      0   7023.5
 40CW  14-Apr-19 18:18 0101  OE9WGI         599  599  28            OE       0   7023.0
 40CW  14-Apr-19 19:26 0102  S51DX          599  599  28                     0   7019.2
 40CW  14-Apr-19 19:27 0103  UI2F           599  599  29                     0   7018.6
 40CW  14-Apr-19 19:32 0104  YO4DW          599  599  28                     0   7015.9
 40CW  14-Apr-19 19:34 0105  RC9A           599  599  30                     0   7012.9
 40CW  14-Apr-19 19:36 0106  R6CC           599  599  29                     0   7038.7
 40CW  14-Apr-19 19:38 0107  UA6HLN         599  599  29                     0   7035.0
 40CW  14-Apr-19 19:39 0108  DF8AE          599  599  28            DL       0   7032.0
 40CW  14-Apr-19 19:40 0109  UP4L           599  599  30                     0   7030.4
 40CW  14-Apr-19 19:49 0110  YU73BFG        599  599  28                     0   7029.0
 40CW  14-Apr-19 19:50 0111  EW8OM          599  599  29                     0   7028.0
 40CW  14-Apr-19 19:50 0112  UT5NR          599  599  29            UR       0   7026.5
 40CW  14-Apr-19 19:51 0113  PA4O           599  599  27            PA       0   7025.9
 40CW  14-Apr-19 19:53 0114  EW1TO          599  599  29                     0   7024.9
 40CW  14-Apr-19 19:56 0115  S57AL          599  599  28                     0   7023.7
 40CW  14-Apr-19 19:57 0116  LY6A           599  599  29                     0   7022.2
 40CW  14-Apr-19 20:00 0117  IK0YVV         599  599  28                     0   7020.5
 40CW  14-Apr-19 20:07 0118  IK2AVH         599  599  28                     0   7013.3
 40CW  14-Apr-19 20:11 0119  EU5C           599  599  29                     0   7011.3
 80CW  14-Apr-19 20:13 0120  IV3AZV         599  599  28            I        0   3544.1
 80CW  14-Apr-19 20:14 0121  SP2MKI         599  599  28            SP       0   3537.6
 80CW  14-Apr-19 20:19 0122  I2WIJ          599  599  28                     0   3536.5
 80CW  14-Apr-19 20:22 0123  ON5WL          599  599  27            ON   27  0   3534.2
 80CW  14-Apr-19 20:23 0124  DL1REM         599  599  28            DL       0   3530.3
 80CW  14-Apr-19 20:24 0125  E77EA          599  599  28            E7       0   3529.4
 80CW  14-Apr-19 20:26 0126  DL5JQ          599  599  28                     0   3527.7
 80CW  14-Apr-19 20:27 0127  SM5IMO         599  599  18            SM   18  0   3526.1
 80CW  14-Apr-19 20:28 0128  DL2DHS         599  599  28                     0   3525.5
 80CW  14-Apr-19 20:30 0129  S53X           599  599  28            S5       0   3525.0
 80CW  14-Apr-19 20:30 0130  RA2F           599  599  29            UA2  29  0   3524.3
 80CW  14-Apr-19 20:32 0131  OK2QX          599  599  28            OK       0   3524.0
 80CW  14-Apr-19 20:32 0132  RM1T           599  599  29            UA       0   3522.5
 80CW  14-Apr-19 20:33 0133  OH1TM          599  599  18            OH       0   3521.6
 80CW  14-Apr-19 20:34 0134  LY6A           599  599  29            LY       0   3521.1
 80CW  14-Apr-19 20:37 0135  DL5YM          599  599  28                     0   3518.6
 80CW  14-Apr-19 20:39 0136  RX3APM         599  599  29                     0   3518.1
 80CW  14-Apr-19 20:40 0137  OK6DJ          599  599  28                     0   3517.7
 80CW  14-Apr-19 20:42 0138  SP3AAV         599  599  28                     0   3517.2
 80CW  14-Apr-19 20:43 0139  IW3FVZ         599  599  28                     0   3516.5
 80CW  14-Apr-19 20:43 0140  IZ4ZZB         599  599  28                     0   3515.8
 80CW  14-Apr-19 20:45 0141  OK1VK          599  599  28                     0   3514.2
 80CW  14-Apr-19 20:46 0142  YO5OHO         599  599  28            YO       0   3512.9
 80CW  14-Apr-19 20:47 0143  YT4T           599  599  28                     0   3512.1
 80CW  14-Apr-19 20:48 0144  LY9A           599  599  29                     0   3511.0
 80CW  14-Apr-19 20:50 0145  R1AT           599  599  29                     0   3538.9
 80CW  14-Apr-19 20:52 0146  EW8DX          599  599  29            EU       0   3537.9
 80CW  14-Apr-19 20:53 0147  PG2AA          599  599  27            PA       0   3537.0
 80CW  14-Apr-19 20:54 0148  EV6Z           599  599  29                     0   3535.1
 80CW  14-Apr-19 20:56 0149  IK2SND         599  599  28                     0   3532.9
 80CW  14-Apr-19 20:57 0150  DL6KVA         599  599  28                     0   3531.2
 80CW  14-Apr-19 20:57 0151  SM5CSS         599  599  18                     0   3530.2
 80CW  14-Apr-19 20:59 0152  DM2RN          599  599  28                     0   3529.6
 80CW  14-Apr-19 20:59 0153  RG5A           599  599  29                     0   3529.0
