 80CW  03-Mar-19 08:11 0001  ON6MS          599  599  053TLS        ON   05  3         
 80CW  03-Mar-19 08:13 0002  ON6MG          599  599  031MNS             03  3         
 80CW  03-Mar-19 08:18 0003  ON4SNW         599  599  040SNW             04  3         
 80CW  03-Mar-19 08:21 0004  ON4MCL         599  599  058MCL                 3         
 80CW  03-Mar-19 08:26 0005  ON4PQ          599  599  057KTK        ON   05  3         
 80CW  03-Mar-19 08:32 0006  ON4BB          599  599  015WLD             01  3         
 80CW  03-Mar-19 08:34 0007  ON7ZB          599  599  066CRD             06  3         
 80CW  03-Mar-19 08:36 0008  ON5JT          599  599  059LLV                 3         
 80CW  03-Mar-19 08:38 0009  OP6A           599  599  080ARA             08  3         
 80CW  03-Mar-19 08:42 0010  ON4UBA         599  599  056UBA                 3         
 80CW  03-Mar-19 08:45 0011  ON4KMB         599  599  034MNS             03  3         
 80CW  03-Mar-19 08:51 0012  ON5JD          599  599  054SNW                 3         
 80CW  03-Mar-19 08:56 0013  ON5OO          599  599  061PHI                 3         
 80CW  03-Mar-19 08:59 0014  ON6FC          599  599  071NNV             07  3         
 80CW  03-Mar-19 09:03 0015  ON5LL          599  599  087NOL                 3         
 80CW  03-Mar-19 09:05 0016  ON6NL          599  599  036NOL                 3         
 80CW  03-Mar-19 09:07 0017  OS0S           599  599  070LLV                 3         
 80CW  03-Mar-19 09:12 0018  ON6WL          599  599  067WLD                 3         
 80CW  03-Mar-19 09:15 0019  ON6KL          599  599  052DST                 3         
 80CW  03-Mar-19 09:24 0020  ON4LO          599  599  040MCL             04  3         
 80CW  03-Mar-19 09:35 0021  OT5A           599  599  063LIR                 3         
 80CW  03-Mar-19 09:50 0022  ON6WJK         599  599  022WLD             02  3         
 80CW  03-Mar-19 09:57 0023  OR4D           599  599  047DST             14  3         
