 20CW  19-Oct-19 15:01 0001  LZ9R           599  599  002                    0  14030.5
 20CW  19-Oct-19 15:04 0002  YO4DW          599  599  005                    0  14023.5
 20CW  19-Oct-19 15:04 0003  YT2ISM         599  599  005                    0  14023.2
 20CW  19-Oct-19 15:07 0004  TA4/OH2KW      599  599  004                    0  14021.5
 20CW  19-Oct-19 15:09 0005  RD3WR          599  599  014                    0  14018.0
 20CW  19-Oct-19 15:11 0006  RK2M           599  599  004                    0  14015.5
 20CW  19-Oct-19 15:13 0007  UR7MZ          599  599  016                    0  14013.2
 20CW  19-Oct-19 15:16 0008  LZ1GU          599  599  030                    0  14008.9
 20CW  19-Oct-19 15:18 0009  EA5ITT         599  599  013                    0  14047.7
 20CW  19-Oct-19 15:20 0010  DK5DQ          599  599  O32                    0  14047.2
 20CW  19-Oct-19 15:26 0011  R3QA           599  599  029                    0  14038.2
 20CW  19-Oct-19 15:27 0012  SV1ENG         599  599  046                    0  14036.1
 20CW  19-Oct-19 15:50 0013  DL5JS          599  599  R01                    0  14000.0
 20CW  19-Oct-19 15:52 0014  EA4OR          599  599  050                    0  14000.0
 20CW  19-Oct-19 15:54 0015  N4BP           599  599  058                    0  14000.0
 20CW  19-Oct-19 16:02 0016  DL1EJM         599  599  L16                    0  14013.9
 20CW  19-Oct-19 16:04 0017  DL1GU          599  599  T83                    0  14008.5
 20CW  19-Oct-19 16:06 0018  R7AB           599  599  090                    0  14038.2
 20CW  19-Oct-19 16:16 0019  AA3B           599  599  177                    0  14039.8
 20CW  19-Oct-19 16:20 0020  DL4KCA         599  599  G20                    0  14040.3
 20CW  19-Oct-19 16:24 0021  EC7ABV         599  599  112                    0  14051.1
 20CW  19-Oct-19 16:27 0022  K8MP           599  599  092                    0  14048.2
 20CW  19-Oct-19 16:31 0023  N7DR           599  599  066                    0  14042.1
 20CW  19-Oct-19 16:33 0024  5B/RN3QO       599  599  144                    0  14040.0
 20CW  19-Oct-19 16:36 0025  DR4U           599  599  N62                    0  14034.8
 20CW  19-Oct-19 16:39 0026  DL0NS          599  599  60R11                  0  14034.4
 20CW  19-Oct-19 16:47 0027  EA7KB          599  599  136                    0  14022.5
 20CW  19-Oct-19 16:55 0028  K9MA           599  599  046                    0  14020.4
 20CW  19-Oct-19 16:57 0029  VE1OP          599  599  145                    0  14018.5
 20CW  19-Oct-19 17:03 0030  DF0RW          599  599  R17                    0  14036.6
 40CW  19-Oct-19 17:11 0031  F4VSR          599  599  038                    0   7034.3
 40CW  19-Oct-19 17:12 0032  OH1F           599  599  149                    0   7031.0
 40CW  19-Oct-19 17:13 0033  YL7X           599  599  129                    0   7030.5
 40CW  19-Oct-19 17:15 0034  LZ1QN          599  599  167                    0   7027.1
 40CW  19-Oct-19 17:21 0035  DL5JS          599  599  R01                    0   7024.4
 40CW  19-Oct-19 17:23 0036  DF0RW          599  599  R17                    0   7023.7
 40CW  19-Oct-19 17:24 0037  DL0NS          599  599  60R11                  0   7021.6
 40CW  20-Oct-19 09:41 0038  SP2GMA         599  599  328                    0   7019.5
 40CW  20-Oct-19 09:42 0039  DM5AA          599  599  V11                    0   7019.2
 40CW  20-Oct-19 09:44 0040  OK2QA          599  599  258                    0   7015.9
 40CW  20-Oct-19 09:45 0041  S51DX          599  599  150                    0   7015.0
 40CW  20-Oct-19 09:48 0042  3Z50GR         599  599  246                    0   7013.9
 40CW  20-Oct-19 09:49 0043  DL5YL          599  599  Y21                    0   7011.9
 40CW  20-Oct-19 09:51 0044  DL0FTL         599  599  S27                    0   7010.8
 40CW  20-Oct-19 09:53 0045  SE7Q           599  599  120                    0   7009.5
 40CW  20-Oct-19 09:54 0046  DL1DQW         599  599  S04                    0   7008.0
 40CW  20-Oct-19 09:56 0047  DL0ABT         599  599  D25                    0   7035.5
 40CW  20-Oct-19 09:56 0048  OV3X           599  599  271                    0   7034.7
 40CW  20-Oct-19 09:59 0049  DD5M           599  599  C01                    0   7033.4
 40CW  20-Oct-19 10:02 0050  DL3JXN         599  599  S60                    0   7032.6
 40CW  20-Oct-19 10:03 0051  DM7M           599  599  S53                    0   7031.4
 40CW  20-Oct-19 10:07 0052  DL2VK          599  599  U07                    0   7026.1
 40CW  20-Oct-19 10:09 0053  DF4XX          599  599  E38                    0   7024.5
 40CW  20-Oct-19 10:10 0054  DK5XG          599  599  E22                    0   7023.5
 40CW  20-Oct-19 10:12 0055  UA2FL          599  599  251                    0   7022.0
 40CW  20-Oct-19 10:13 0056  DL9USA         599  599  Y30                    0   7020.4
 40CW  20-Oct-19 10:14 0057  DL4TJ          599  599  P36                    0   7021.0
 40CW  20-Oct-19 10:17 0058  SN5N           599  599  080                    0   7020.0
 40CW  20-Oct-19 10:22 0059  DL9ZOG         599  599  W09                    0   7018.5
 40CW  20-Oct-19 10:23 0060  DJ2AX          599  599  X20                    0   7018.0
 40CW  20-Oct-19 10:24 0061  DK3WW          599  599  Y09                    0   7017.5
 40CW  20-Oct-19 10:25 0062  DL0AS          599  599  E09                    0   7017.0
 40CW  20-Oct-19 10:27 0063  DF5A           599  599  V11                    0   7016.4
 40CW  20-Oct-19 10:28 0064  DK3AX          599  599  B18                    0   7015.2
 40CW  20-Oct-19 10:32 0065  DH0GHU         599  599  C07                    0   7014.6
 40CW  20-Oct-19 10:33 0066  DM7CW          599  599  E38                    0   7013.7
 40CW  20-Oct-19 10:37 0067  DK9IP          599  599  A24                    0   7012.1
 40CW  20-Oct-19 10:39 0068  DL2DX          599  599  S07                    0   7010.9
 40CW  20-Oct-19 10:40 0069  DM5M           599  599  X08                    0   7010.0
 40CW  20-Oct-19 10:42 0070  DL1DTL         599  599  S01                    0   7008.4
 40CW  20-Oct-19 10:44 0071  DL4DZ          599  599  O04                    0   7007.4
 40CW  20-Oct-19 10:50 0072  DL0XM          599  599  S41                    0   7005.6
 40CW  20-Oct-19 10:52 0073  DD2EG          599  599  S04                    0   7004.2
 40CW  20-Oct-19 10:59 0074  LX7HV          599  599  133                    0   7034.6
 40CW  20-Oct-19 11:01 0075  DL1BUG         599  599  Y15                    0   7031.8
 40CW  20-Oct-19 11:03 0076  DL7YS          599  599  D06                    0   7031.3
 40CW  20-Oct-19 11:06 0077  F4HMX/P        599  599  477                    0   7035.0
 40CW  20-Oct-19 11:06 0078  YT6W           599  599  556                    0   7035.0
 40CW  20-Oct-19 11:07 0079  UT4U           599  599  987                    0   7035.0
 40CW  20-Oct-19 11:08 0080  SP9XCN         599  599  558                    0   7035.0
 40CW  20-Oct-19 11:09 0081  HB9CIC         599  599  323                    0   7035.0
 40CW  20-Oct-19 11:09 0082  G3TXF          599  599  415                    0   7035.0
 40CW  20-Oct-19 11:10 0083  DJ1YFK         599  599  S07                    0   7035.0
 40CW  20-Oct-19 11:11 0084  DJ2IA          599  599  F43                    0   7035.0
 40CW  20-Oct-19 11:12 0085  SD1A           599  599  141                    0   7035.0
 40CW  20-Oct-19 11:13 0086  OK7T           599  599  294                    0   7035.0
 40CW  20-Oct-19 11:13 0087  DL9ZP          599  599  V14                    0   7035.0
 40CW  20-Oct-19 11:15 0088  OM3YCA         599  599  173                    0   7035.0
 40CW  20-Oct-19 11:15 0089  DH6RAE         599  599  U23                    0   7035.0
 40CW  20-Oct-19 11:20 0090  I1BPU          599  599  057                    0   7035.0
 40CW  20-Oct-19 11:21 0091  DL1YCF         599  599  F16                    0   7035.0
 40CW  20-Oct-19 11:21 0092  DL1DSW         599  599  S04                    0   7035.0
 40CW  20-Oct-19 11:23 0093  LY2BKT         599  599  683                    0   7035.0
 40CW  20-Oct-19 11:24 0094  SM7ZDI         599  599  095                    0   7035.0
 40CW  20-Oct-19 11:25 0095  DG2FDD         599  599  I04                    0   7035.0
 40CW  20-Oct-19 11:26 0096  DL2SWR         599  599  V13                    0   7035.0
 40CW  20-Oct-19 11:26 0097  G2W            599  599  297                    0   7035.0
 40CW  20-Oct-19 11:27 0098  DL8DWW         599  599  S04                    0   7035.0
 40CW  20-Oct-19 11:27 0099  HA3HK          599  599  229                    0   7035.0
 40CW  20-Oct-19 11:29 0100  SF6W           599  599  453                    0   7035.0
 40CW  20-Oct-19 11:30 0101  PA2PCH         599  599  163                    0   7035.0
 40CW  20-Oct-19 11:31 0102  PG2AA          599  599  108                    0   7035.0
 40CW  20-Oct-19 11:32 0103  DL8WEM         599  599  P24                    0   7035.0
 40CW  20-Oct-19 11:33 0104  SP3MEP         599  599  061                    0   7035.0
 40CW  20-Oct-19 11:35 0105  DL1DQJ         599  599  S08                    0   7035.0
 40CW  20-Oct-19 11:36 0106  YL3CW          599  599  449                    0   7035.0
 40CW  20-Oct-19 11:38 0107  SM5CSS         599  599  204                    0   7035.0
 40CW  20-Oct-19 11:39 0108  PA0MIR         599  599  140                    0   7035.0
 40CW  20-Oct-19 11:41 0109  DM3XB          599  599  V11                    0   7035.0
 40CW  20-Oct-19 12:23 0110  OE1CIW         599  599  122                    0   7034.9
 40CW  20-Oct-19 12:28 0111  DL0FOR         599  599  Y27                    0   7034.3
 40CW  20-Oct-19 12:31 0112  OZ0B           599  599  342                    0   7033.2
 40CW  20-Oct-19 12:32 0113  DJ3XD          599  599  H31                    0   7031.4
 40CW  20-Oct-19 12:38 0114  PC1PM          599  599  128                    0   7025.5
 40CW  20-Oct-19 12:39 0115  SP9JZT         599  599  428                    0   7026.0
 40CW  20-Oct-19 12:41 0116  DF1DT          599  599  O40                    0   7026.5
 40CW  20-Oct-19 12:41 0117  DL2LRT         599  599  S36                    0   7027.2
 40CW  20-Oct-19 12:43 0118  DM3C           599  599  V22                    0   7024.3
 15CW  20-Oct-19 12:46 0119  DK5DQ          599  599  O32                    0  21033.0
 15CW  20-Oct-19 12:48 0120  EC7ABV         599  599  468                    0  21033.5
 15CW  20-Oct-19 12:49 0121  N1RR           599  599  067                    0  21035.5
 15CW  20-Oct-19 12:51 0122  K3ZO           599  599  506                    0  21036.3
 15CW  20-Oct-19 12:53 0123  RU4SO          599  599  248                    0  21036.3
 15CW  20-Oct-19 12:58 0124  DF0RW          599  599  R17                    0  21030.2
 15CW  20-Oct-19 12:59 0125  DM4MN          599  599  R03                    0  21027.5
 15CW  20-Oct-19 13:03 0126  DR4A           599  599  F27                    0  21026.7
 15CW  20-Oct-19 13:12 0127  N4AF           599  599  276                    0  21023.6
 15CW  20-Oct-19 13:13 0128  K5ZD           599  599  309                    0  21013.5
 15CW  20-Oct-19 13:18 0129  KC1XX          599  599  1162                   0  21012.0
 15CW  20-Oct-19 13:20 0130  W3DA           599  599  040                    0  21016.5
 15CW  20-Oct-19 13:20 0131  N2KW           599  599  403                    0  21016.5
 15CW  20-Oct-19 13:21 0132  K1RM           599  599  012                    0  21016.5
 15CW  20-Oct-19 13:29 0133  CT9ABN         599  599  952                    0  21032.6
 15CW  20-Oct-19 13:30 0134  AA3B           599  599  665                    0  21030.9
 20CW  20-Oct-19 13:46 0135  OH1F           599  599  930                    0  14023.6
 20CW  20-Oct-19 13:47 0136  EA1AOQ         599  599  236                    0  14023.0
 20CW  20-Oct-19 13:48 0137  EA1XT          599  599  246                    0  14022.1
 20CW  20-Oct-19 13:49 0138  LZ5R           599  599  1013                   0  14018.9
 20CW  20-Oct-19 13:50 0139  RN3F           599  599  1304                   0  14018.5
 20CW  20-Oct-19 13:51 0140  RK3P           599  599  301                    0  14016.7
 20CW  20-Oct-19 13:54 0141  DL0GL          599  599  L03                    0  14014.8
 20CW  20-Oct-19 13:57 0142  EA5UF          599  599  668                    0  14011.9
 20CW  20-Oct-19 14:00 0143  US7IGN/P       599  599  181                    0  14010.5
 20CW  20-Oct-19 14:01 0144  UT3IZ          599  599  067                    0  14034.9
 20CW  20-Oct-19 14:03 0145  F5NBX          599  599  098                    0  14043.7
 20CW  20-Oct-19 14:07 0146  UX4FC          599  599  181                    0  14030.3
 20CW  20-Oct-19 14:07 0147  DK5KK          599  599  L05                    0  14028.9
 20CW  20-Oct-19 14:10 0148  DL4DZ          599  599  O04                    0  14025.4
 20CW  20-Oct-19 14:11 0149  RM3F           599  599  293                    0  14024.5
 20CW  20-Oct-19 14:13 0150  R3CW           599  599  171                    0  14046.4
 20CW  20-Oct-19 14:20 0151  UR7GO          599  599  1131                   0  14047.2
 20CW  20-Oct-19 14:20 0152  UT4U           599  599  1101                   0  14047.2
 20CW  20-Oct-19 14:21 0153  EA8DIG         599  599  348                    0  14047.2
 20CW  20-Oct-19 14:23 0154  R3VL           599  599  315                    0  14047.2
 20CW  20-Oct-19 14:24 0155  UT3UCP         599  599  198                    0  14047.2
 20CW  20-Oct-19 14:24 0156  R7MM           599  599  673                    0  14047.2
 20CW  20-Oct-19 14:25 0157  UA1ZZ          599  599  128                    0  14047.2
 20CW  20-Oct-19 14:26 0158  OH2BN          599  599  121                    0  14047.2
 20CW  20-Oct-19 14:28 0159  N4BP           599  599  584                    0  14047.2
 20CW  20-Oct-19 14:29 0160  YQ6A           599  599  355                    0  14047.2
 20CW  20-Oct-19 14:29 0161  OH5MQ          599  599  004                    0  14047.2
 20CW  20-Oct-19 14:30 0162  OH3BCX         599  599  075                    0  14047.2
 20CW  20-Oct-19 14:31 0163  UA6GO          599  599  749                    0  14047.2
 20CW  20-Oct-19 14:32 0164  R7CT           599  599  598                    0  14047.2
 20CW  20-Oct-19 14:32 0165  RL4F           599  599  766                    0  14047.2
 20CW  20-Oct-19 14:33 0166  UR5FEO         599  599  209                    0  14047.2
 20CW  20-Oct-19 14:36 0167  UA1AJ          599  599  178                    0  14047.2
 20CW  20-Oct-19 14:36 0168  LZ1YF          599  599  364                    0  14047.2
 80CW  20-Oct-19 14:41 0169  DL4KWA         599  599  V07                    0   3523.9
 80CW  20-Oct-19 14:42 0170  DM4MN          599  599  R03                    0   3519.9
 80CW  20-Oct-19 14:43 0171  F5IN           599  599  260                    0   3518.9
 80CW  20-Oct-19 14:44 0172  DF1DT          599  599  O40                    0   3516.1
 80CW  20-Oct-19 14:45 0173  DL1OD          599  599  S24                    0   3514.9
 80CW  20-Oct-19 14:46 0174  DL9ZOG         599  599  W09                    0   3537.4
 80CW  20-Oct-19 14:47 0175  DK2FG          599  599  N05                    0   3527.1
 80CW  20-Oct-19 14:48 0176  DL1HAA         599  599  N22                    0   3518.6
 80CW  20-Oct-19 14:51 0177  DK3WM          599  599  F73                    0   3511.0
 80CW  20-Oct-19 14:53 0178  DL5JQ          599  599  R25                    0   3513.3
 80CW  20-Oct-19 14:54 0179  DL7YS          599  599  D06                    0   3517.7
 80CW  20-Oct-19 14:56 0180  OL4W           599  599  511                    0   3522.0
 80CW  20-Oct-19 14:59 0181  SM5CSS         599  599  259                    0   3522.0
