 20CW  01-Jun-19 17:50 0001  RX9CM/P        599  599  140                    0  14016.0
 20CW  01-Jun-19 17:55 0002  SN5T/P         599  599  188                    0  14011.4
 20CW  01-Jun-19 19:39 0003  IQ1TG/8        599  599  279                    0  14032.9
 20CW  01-Jun-19 19:41 0004  UA9CDC/P       599  599  364                    0  14030.1
 20CW  01-Jun-19 19:43 0005  R3KBO/P        599  599  330                    0  14029.0
 20CW  01-Jun-19 19:49 0006  R5RT/P         599  599  313                    0  14013.8
 20CW  01-Jun-19 19:50 0007  RA1ZZ/3        599  599  245                    0  14011.3
 40CW  01-Jun-19 19:54 0008  G3UES/P        599  599  128                    0   7038.9
 40CW  01-Jun-19 19:55 0009  DL0RD/P        599  599  159                    0   7038.0
 40CW  01-Jun-19 20:02 0010  IV3CGJ/P       599  599  095                    0   7033.4
 40CW  01-Jun-19 20:04 0011  GI5I/P         599  599  211                    0   7032.6
 40CW  01-Jun-19 20:05 0012  S59T/P         599  599  371                    0   7030.8
 40CW  01-Jun-19 20:07 0013  S53Q/P         599  599  224                    0   7032.1
 40CW  01-Jun-19 20:11 0014  DF0TX/P        599  599  258                    0   7031.7
 40CW  01-Jun-19 20:15 0015  G0FBB/P        599  599  212                    0   7029.4
 40CW  01-Jun-19 20:23 0016  RC7A/P         599  599  430                    0   7026.1
 40CW  01-Jun-19 20:29 0017  UA9CDC/P       599  599  413                    0   7024.9
 40CW  01-Jun-19 20:40 0018  IQ0PG/P        599  599  102                    0   7021.0
 40CW  01-Jun-19 20:42 0019  RN9T/P         599  599  244                    0   7019.6
 40CW  01-Jun-19 20:48 0020  DL0MW/P        599  599  267                    0   7018.5
 40CW  01-Jun-19 20:51 0021  M2A/P          599  599  445                    0   7013.6
 40CW  01-Jun-19 20:57 0022  DA2A/P         599  599  172                    0   7034.5
 40CW  01-Jun-19 20:59 0023  GM0ADX/P       599  599  166                    0   7037.4
 40CW  01-Jun-19 21:04 0024  RW7F/P         599  599  463                    0   7021.6
 40CW  01-Jun-19 21:05 0025  DL0C/P         599  599  275                    0   7022.0
 80CW  01-Jun-19 21:07 0026  DL0SEL/P       599  599  168                    0   3535.3
 80CW  01-Jun-19 21:11 0027  DF0TX/P        599  599  313                    0   3533.5
 80CW  01-Jun-19 21:13 0028  DP3A/P         599  599  295                    0   3531.1
 40CW  02-Jun-19 09:09 0029  DK0MN/P        599  599  875                    0   7020.0
 40CW  02-Jun-19 09:19 0030  DL0FA/P        599  599  506                    0   7017.1
 40CW  02-Jun-19 09:22 0031  IK4CIE/P       599  599  089                    0   7010.0
 40CW  02-Jun-19 09:34 0032  G4FNL/P        599  599  961                    0   7020.4
 40CW  02-Jun-19 09:40 0033  DL0LA/P        599  599  1001                   0   7009.0
 40CW  02-Jun-19 09:47 0034  DK0TU/P        599  599  1058                   0   7019.3
 40CW  02-Jun-19 14:50 0035  DM5A/P         599  599  1084                   0   7032.4
 40CW  02-Jun-19 14:53 0036  DM3Y/P         599  599  697                    0   7021.8
 40CW  02-Jun-19 14:55 0037  DL0CS/P        599  599  1269                   0   7017.5
 40CW  02-Jun-19 14:56 0038  GM3BSQ/P       599  599  1073                   0   7015.5
 40CW  02-Jun-19 14:58 0039  G3WRR/P        599  599  825                    0   7011.4
 40CW  02-Jun-19 14:58 0040  DL0KF/P        599  599  860                    0   7009.7
 40CW  02-Jun-19 14:59 0041  G2NF/P         599  599  1078                   0   7006.7
