 15CW  23-Nov-19 10:10 0001  CN3A           599  599  33            CN   33  0  21024.8
 15CW  23-Nov-19 10:13 0002  US8IM          599  599  16            UR   16  0  21018.5
 15CW  23-Nov-19 10:14 0003  UW7LL          599  599  16                     0  21018.1
 15CW  23-Nov-19 10:18 0004  R7AW           599  599  16            UA       0  21000.0
 15CW  23-Nov-19 10:19 0005  EA8/IK1PMR     599  599  33            EA8      0  21000.0
 15CW  23-Nov-19 10:28 0006  RM9A           599  599  17            UA9  17  0  21012.1
 15CW  23-Nov-19 10:34 0007  P33W           599  599  20            5B   20  0  21007.6
 15CW  23-Nov-19 10:39 0008  UP0L           599  599  17            UN       0  21002.0
 15CW  23-Nov-19 10:43 0009  UB7K           599  599  16                     0  21000.9
 15CW  23-Nov-19 10:47 0010  5B/RN3QO       599  599  20                     0  21048.0
 15CW  23-Nov-19 10:51 0011  OP5T           599  599  14            ON   14  0  21047.0
 15CW  23-Nov-19 10:57 0012  SW9AA          599  599  20            SV9      0  21046.4
 15CW  23-Nov-19 11:01 0013  CR2X           599  599  14            CU       0  21038.4
 15CW  23-Nov-19 11:02 0014  DL1T           599  599  14            DL       0  21037.3
 15CW  23-Nov-19 11:04 0015  PI4DX          599  599  14            PA       0  21032.9
 15CW  23-Nov-19 11:08 0016  RK9AX          599  599  17                     0  21032.2
 15CW  23-Nov-19 11:09 0017  CR3S           599  599  33            CT3      0  21031.0
 15CW  23-Nov-19 11:24 0018  CR3X           599  599  33                     0  21013.4
 20CW  23-Nov-19 11:34 0019  OG1D           599  599  15            OH   15  0  14060.2
 20CW  23-Nov-19 11:36 0020  OH6NC          599  599  15                     0  14058.8
 20CW  23-Nov-19 11:37 0021  SX1T           599  599  20            SV   20  0  14058.1
 20CW  23-Nov-19 11:39 0022  SJ2W           599  599  14            SM   14  0  14056.1
 20CW  23-Nov-19 11:42 0023  R7CD           599  599  16            UA   16  0  14052.8
 20CW  23-Nov-19 11:49 0024  UZ3A           599  599  16            UR       0  14050.9
 20CW  23-Nov-19 11:50 0025  R3FA           599  599  16                     0  14049.9
 20CW  23-Nov-19 11:51 0026  YU5M           599  599  15            YU       0  14049.2
 20CW  23-Nov-19 11:52 0027  OH5Z           599  599  15                     0  14048.5
 20CW  23-Nov-19 11:52 0028  OH8X           599  599  15                     0  14048.1
 20CW  23-Nov-19 11:53 0029  UI3A           599  599  16                     0  14047.8
 20CW  23-Nov-19 11:56 0030  CS2C           599  599  14            CT       0  14047.5
 20CW  23-Nov-19 11:59 0031  EW5A           599  599  16            EU       0  14046.9
 20CW  23-Nov-19 12:01 0032  YP8T           599  599  20            YO       0  14044.0
 20CW  23-Nov-19 12:02 0033  YT8T           599  599  15                     0  14043.6
 20CW  23-Nov-19 12:02 0034  LZ1QN          599  599  20            LZ       0  14042.1
 20CW  23-Nov-19 12:06 0035  LZ9W           599  599  20                     0  14040.5
 20CW  23-Nov-19 12:07 0036  EA7KB          599  599  14            EA       0  14040.0
 20CW  23-Nov-19 12:09 0037  IO5O           599  599  15            I        0  14037.9
 20CW  23-Nov-19 12:11 0038  RU9SO          599  599  16            UA9      0  14037.3
 20CW  23-Nov-19 12:15 0039  ED1R           599  599  14                     0  14035.6
 20CW  23-Nov-19 12:17 0040  YT3X           599  599  15                     0  14033.7
 20CW  23-Nov-19 12:26 0041  RZ9YI          599  599  18                 18  0  14030.1
 20CW  23-Nov-19 12:30 0042  RT6A           599  599  16                     0  14028.8
 20CW  23-Nov-19 13:42 0043  EM2Q           599  599  16                     0  14028.3
 20CW  23-Nov-19 13:47 0044  UX0LL          599  599  16                     0  14025.6
 20CW  23-Nov-19 13:48 0045  ED5O           599  599  14                     0  14022.0
 20CW  23-Nov-19 13:50 0046  9H6A           599  599  15            9H       0  14020.5
 20CW  23-Nov-19 14:02 0047  LZ4T           599  599  20                     0  14015.4
 20CW  23-Nov-19 14:02 0048  Z35F           599  599  15            Z3       0  14015.8
 20CW  23-Nov-19 14:05 0049  II0IWW         599  599  15                     0  14011.6
160CW  23-Nov-19 15:43 0050  LN8W           599  599  14            LA   14  0   1829.7
160CW  23-Nov-19 15:49 0051  DJ8QP          599  599  14            DL       0   1825.1
160CW  23-Nov-19 15:49 0052  LY7M           599  599  15            LY   15  0   1824.4
160CW  23-Nov-19 15:50 0053  G5W            599  599  14            G        0   1824.1
160CW  23-Nov-19 15:53 0054  OY9JD          599  599  14            OY       0   1822.4
160CW  23-Nov-19 15:56 0055  DM7C           599  599  14                     0   1821.0
160CW  23-Nov-19 15:59 0056  UA2FF          599  599  15            UA2      0   1821.7
160CW  23-Nov-19 16:00 0057  S59A           599  599  15            S5       0   1821.4
160CW  23-Nov-19 16:02 0058  LY4T           599  599  15                     0   1819.1
160CW  23-Nov-19 16:03 0059  9A1A           599  599  15            9A       0   1818.6
160CW  23-Nov-19 16:04 0060  MW5B           599  599  14            GW       0   1818.1
160CW  23-Nov-19 16:05 0061  S53O           599  599  15                     0   1817.5
160CW  23-Nov-19 16:06 0062  SN0R           599  599  15            SP       0   1816.0
160CW  23-Nov-19 16:10 0063  DJ0MDR         599  599  14                     0   1812.7
160CW  23-Nov-19 16:16 0064  S52W           599  599  15                     0   1814.4
 15CW  23-Nov-19 16:28 0065  IT9RDG         599  599  15            IT9  15  0  21025.7
 15CW  23-Nov-19 16:29 0066  LZ9W           599  599  20            LZ       0  21023.8
 15CW  23-Nov-19 16:31 0067  4U25B          599  599  15                 55  0  21045.7
; via 9a2aa                                                                            
 15CW  23-Nov-19 16:34 0068  PX2A           599  599  11            PY   11  0  21053.9
 15CW  23-Nov-19 16:40 0069  PJ4K           599  599  09            PJ4  09  0  21051.9
; via KU9C                                                                             
 15CW  23-Nov-19 16:41 0070  3V8SS          599  599  33            3V       0  21052.2
 15CW  23-Nov-19 16:49 0071  LZ5R           599  599  20                     0  21038.6
 15CW  23-Nov-19 16:51 0072  IT9SSI         599  599  15                     0  21031.1
 15CW  23-Nov-19 16:53 0073  IU8HEP         599  599  15            I        0  21026.0
 15CW  23-Nov-19 17:47 0074  9A5D           599  599  15            9A       0  21019.4
 15CW  23-Nov-19 17:49 0075  YT5A           599  599  15            YU       0  21007.4
 15CW  23-Nov-19 17:55 0076  IB4P           599  599  15                     0  21044.0
 15CW  23-Nov-19 17:58 0077  IK8BIZ         599  599  15                     0  21029.8
 15CW  23-Nov-19 18:01 0078  EF2X           599  599  14            EA       0  21028.4
 15CW  23-Nov-19 18:02 0079  9A4W           599  599  15                     0  21021.3
 15CW  23-Nov-19 18:04 0080  ED1R           599  599  14                     0  21013.0
 20CW  23-Nov-19 18:09 0081  IR2C           599  599  15                     0  14067.7
 20CW  23-Nov-19 18:12 0082  TM5A           599  599  14            F        0  14065.0
 20CW  23-Nov-19 18:15 0083  IK2SND         599  599  15                     0  14056.9
 20CW  23-Nov-19 18:17 0084  EA4FL          599  599  14                     0  14053.8
 20CW  23-Nov-19 18:17 0085  IK5ZWU         599  599  15                     0  14052.4
 20CW  23-Nov-19 18:20 0086  IR4E           599  599  15                     0  14050.2
 20CW  23-Nov-19 18:20 0087  9H3TX          599  599  15                     0  14047.4
 20CW  23-Nov-19 18:24 0088  IS0SWW         599  599  15            IS       0  14045.7
 20CW  23-Nov-19 18:29 0089  4X6FR          599  599  20            4X       0  14044.5
 20CW  23-Nov-19 18:33 0090  F5TRO          599  599  14                     0  14039.0
 20CW  23-Nov-19 18:34 0091  EA3DU          599  599  14                     0  14038.8
 40CW  23-Nov-19 20:06 0092  ED5O           599  599  14            EA   14  0   7043.4
 40CW  23-Nov-19 20:10 0093  EF8R           599  599  33            EA8  33  0   7042.1
 40CW  23-Nov-19 20:10 0094  EA5RS          599  599  14                     0   7041.0
 40CW  23-Nov-19 20:12 0095  UT5C           599  599  16            UR   16  0   7038.1
 40CW  23-Nov-19 20:14 0096  HG7T           599  599  15            HA   15  0   7037.0
 40CW  23-Nov-19 20:14 0097  OL9Z           599  599  15            OK       0   7035.6
 40CW  23-Nov-19 20:15 0098  EW5A           599  599  16            EU       0   7035.1
 40CW  23-Nov-19 20:17 0099  SP8R           599  599  15                     0   7034.8
 40CW  23-Nov-19 20:19 0100  S57Z           599  599  15            S5       0   7033.6
 40CW  23-Nov-19 20:22 0101  UV1IX          599  599  16                     0   7033.3
 40CW  23-Nov-19 20:25 0102  9A6AR          599  599  15            9A       0   7032.4
 40CW  23-Nov-19 20:29 0103  CR3W           599  599  33            CT3      0   7030.3
 40CW  23-Nov-19 20:30 0104  YT7A           599  599  15            YU       0   7029.4
 40CW  23-Nov-19 20:31 0105  HA9RT          599  599  15                     0   7028.8
 40CW  23-Nov-19 20:32 0106  IR4K           599  599  15            I        0   7029.1
 40CW  23-Nov-19 20:34 0107  IR2R           599  599  15                     0   7027.5
 40CW  23-Nov-19 20:35 0108  IR4X           599  599  15                     0   7027.3
 40CW  23-Nov-19 20:36 0109  YT7KM          599  599  15                     0   7026.6
 40CW  23-Nov-19 20:38 0110  RT6A           599  599  16            UA       0   7025.7
 40CW  23-Nov-19 20:38 0111  9A1A           599  599  15                     0   7025.4
 40CW  23-Nov-19 20:39 0112  9A5Y           599  599  15                     0   7024.9
 40CW  23-Nov-19 20:41 0113  R4RT           599  599  16                     0   7024.7
 40CW  23-Nov-19 20:41 0114  UR7EU          599  599  16                     0   7024.0
 40CW  23-Nov-19 20:42 0115  9A4WY          599  599  15                     0   7022.9
 40CW  23-Nov-19 20:44 0116  LZ5R           599  599  20            LZ   20  0   7022.3
 40CW  23-Nov-19 20:48 0117  ED5R           599  599  14                     0   7021.5
 40CW  23-Nov-19 20:53 0118  P33W           599  599  20            5B       0   7020.9
 40CW  23-Nov-19 20:54 0119  OM4Q           599  599  15            OM       0   7020.4
 40CW  23-Nov-19 20:57 0120  S52C           599  599  15                     0   7019.6
 40CW  23-Nov-19 20:59 0121  R3KM           599  599  16                     0   7018.0
 40CW  23-Nov-19 21:00 0122  DA2X           599  599  14            DL       0   7016.5
 40CW  23-Nov-19 21:02 0123  RU1AC          599  599  16                     0   7015.3
 40CW  23-Nov-19 21:03 0124  YU1RA          599  599  15                     0   7015.8
 40CW  23-Nov-19 21:05 0125  4L8A           599  599  21            4L   21  0   7014.0
; via K1BV                                                                             
 40CW  23-Nov-19 21:09 0126  S52NR          599  599  15                     0   7013.1
 40CW  23-Nov-19 21:10 0127  YL7X           599  599  15            YL       0   7012.8
 40CW  23-Nov-19 21:11 0128  YT5A           599  599  15                     0   7012.0
 40CW  23-Nov-19 21:15 0129  9A7A           599  599  15                     0   7009.4
 40CW  23-Nov-19 21:15 0130  UA4M           599  599  16                     0   7008.8
 40CW  23-Nov-19 21:19 0131  S56X           599  599  15                     0   7005.4
 40CW  23-Nov-19 21:24 0132  YU7U           599  599  15                     0   7004.5
 80CW  23-Nov-19 21:29 0133  PA3AAV         599  599  14            PA   14  0   3565.4
 80CW  23-Nov-19 21:30 0134  SP3CW          599  599  15            SP   15  0   3565.0
 80CW  23-Nov-19 21:31 0135  OE8TED         599  599  15            OE       0   3564.5
 80CW  23-Nov-19 21:32 0136  3Z1K           599  599  15                     0   3564.2
 80CW  23-Nov-19 21:33 0137  E79D           599  599  15            E7       0   3563.6
 80CW  23-Nov-19 21:34 0138  PA0JED         599  599  14                     0   3562.8
 80CW  23-Nov-19 21:35 0139  SF6W           599  599  14            SM       0   3561.3
 80CW  23-Nov-19 21:36 0140  OH2BAH         599  599  15            OH       0   3560.7
 80CW  23-Nov-19 21:37 0141  SP9YFF         599  599  15                     0   3560.0
 80CW  23-Nov-19 21:38 0142  DJ5MW          599  599  14            DL       0   3559.3
 80CW  23-Nov-19 21:41 0143  G6XX           599  599  14            G        0   3556.8
 80CW  23-Nov-19 21:42 0144  OZ0TX          599  599  14            OZ       0   3555.5
 80CW  23-Nov-19 21:43 0145  S53BB          599  599  15            S5       0   3555.0
 80CW  23-Nov-19 21:45 0146  ED1R           599  599  14            EA       0   3554.6
 80CW  23-Nov-19 21:47 0147  MJ0X           599  599  14            GJ       0   3553.8
 80CW  23-Nov-19 21:50 0148  HG6O           599  599  15            HA       0   3552.7
 80CW  23-Nov-19 21:51 0149  UP4L           599  599  17            UN   17  0   3551.9
 80CW  23-Nov-19 21:52 0150  ES9C           599  599  15            ES       0   3551.3
 80CW  23-Nov-19 21:56 0151  MW2I           599  599  14            GW       0   3550.2
 80CW  24-Nov-19 09:12 0152  DF0HQ          599  599  14                     0   3523.0
 80CW  24-Nov-19 09:13 0153  OK6W           599  599  15            OK       0   3529.4
 80CW  24-Nov-19 09:14 0154  G3V            599  599  14                     0   3533.3
 80CW  24-Nov-19 09:18 0155  M6T            599  599  14                     0   3510.2
 80CW  24-Nov-19 09:19 0156  F2YT           599  599  14            F        0   3507.3
 15CW  24-Nov-19 09:43 0157  4X2M           599  599  20            4X       0  21024.7
 20CW  24-Nov-19 09:58 0158  RK9M           599  599  17                 17  0  14070.2
 20CW  24-Nov-19 10:00 0159  SV2BXA         599  599  20                     0  14069.9
 20CW  24-Nov-19 10:01 0160  RC1O           599  599  16                     0  14068.2
 20CW  24-Nov-19 10:33 0161  EA1WX          599  599  14                     0  14067.8
 20CW  24-Nov-19 10:34 0162  YO9HP          599  599  20                     0  14066.7
 20CW  24-Nov-19 10:36 0163  UB0A           599  599  18                     0  14065.9
 20CW  24-Nov-19 10:38 0164  OH2BAH         599  599  15                     0  14064.9
 20CW  24-Nov-19 10:39 0165  EU8U           599  599  16                     0  14063.8
 20CW  24-Nov-19 10:42 0166  RL4A           599  599  16                     0  14063.6
 20CW  24-Nov-19 10:45 0167  RA9SF          599  599  16                     0  14060.5
 20CW  24-Nov-19 10:46 0168  6V7A           599  599  35            6W   35  0  14059.9
; via F6BEE                                                                            
 20CW  24-Nov-19 10:48 0169  EF5F           599  599  14                     0  14057.5
 20CW  24-Nov-19 10:49 0170  R8OM           599  599  18                     0  14057.2
 20CW  24-Nov-19 10:51 0171  ER1OO          599  599  16            ER       0  14055.1
 20CW  24-Nov-19 10:54 0172  RA3UT          599  599  16                     0  14054.9
 20CW  24-Nov-19 10:57 0173  RV3YR          599  599  16                     0  14053.2
 20CW  24-Nov-19 10:57 0174  UW0K           599  599  16                     0  14052.9
 20CW  24-Nov-19 10:58 0175  RK3PWR         599  599  16                     0  14052.5
 20CW  24-Nov-19 10:59 0176  P33W           599  599  20            5B       0  14052.1
 20CW  24-Nov-19 11:01 0177  R2HM           599  599  16                     0  14051.1
 20CW  24-Nov-19 11:50 0178  LZ6Y           599  599  20                     0  14047.4
 20CW  24-Nov-19 11:53 0179  R3FX           599  599  16                     0  14046.9
 20CW  24-Nov-19 11:55 0180  SZ1A           599  599  20                     0  14046.0
 20CW  24-Nov-19 11:58 0181  UT4U           599  599  16                     0  14041.0
 20CW  24-Nov-19 12:00 0182  UY5ZZ          599  599  16                     0  14039.0
 20CW  24-Nov-19 12:02 0183  EU1A           599  599  16                     0  14034.8
 20CW  24-Nov-19 12:05 0184  OH8L           599  599  15                     0  14034.2
 20CW  24-Nov-19 12:07 0185  EA1AOQ         599  599  14                     0  14032.5
 20CW  24-Nov-19 12:09 0186  RC3W           599  599  16                     0  14030.9
 20CW  24-Nov-19 12:13 0187  LA3T           599  599  14            LA       0  14027.3
 20CW  24-Nov-19 12:15 0188  R7AB           599  599  16                     0  14025.3
 20CW  24-Nov-19 12:15 0189  YQ8T           599  599  20                     0  14025.0
 20CW  24-Nov-19 12:19 0190  UT8IO          599  599  16                     0  14024.0
 20CW  24-Nov-19 12:21 0191  N4BP           599  599  05            K    05  0  14022.2
 20CW  24-Nov-19 12:23 0192  KC1XX          599  599  05                     0  14021.9
 20CW  24-Nov-19 12:27 0193  UT5C           599  599  16                     0  14018.5
 20CW  24-Nov-19 12:28 0194  N4WW           599  599  05                     0  14018.2
 20CW  24-Nov-19 12:32 0195  PZ5W           599  599  09            PZ   09  0  14015.7
; via N0AT                                                                             
 20CW  24-Nov-19 12:36 0196  TC0F           599  599  20            TA       0  14014.0
 20CW  24-Nov-19 13:21 0197  NR4M           599  599  05                     0  14011.5
 20CW  24-Nov-19 13:23 0198  K8AZ           599  599  04                 04  0  14010.7
 20CW  24-Nov-19 13:24 0199  LZ5R           599  599  20                     0  14010.1
 20CW  24-Nov-19 13:26 0200  S50K           599  599  15            S5       0  14009.0
 20CW  24-Nov-19 13:31 0201  KQ2M           599  599  05                     0  14004.9
 20CW  24-Nov-19 13:31 0202  RT5G           599  599  16                     0  14004.5
 20CW  24-Nov-19 13:35 0203  K2QMF          599  599  05                     0  14003.0
 20CW  24-Nov-19 13:37 0204  UB7K           599  599  16                     0  14001.6
 20CW  24-Nov-19 13:38 0205  UT4U           599  599  16                     0  14001.3
 15CW  24-Nov-19 13:41 0206  CR3W           599  599  33                     0  21067.5
 15CW  24-Nov-19 13:47 0207  EF8R           599  599  33                     0  21046.1
 15CW  24-Nov-19 13:55 0208  CR3DX          599  599  33                     0  21005.2
 40CW  24-Nov-19 13:57 0209  IO3F           599  599  15                     0   7046.5
 40CW  24-Nov-19 13:58 0210  R4MM           599  599  16                     0   7046.0
 40CW  24-Nov-19 13:59 0211  GW5R           599  599  14            GW       0   7045.6
 40CW  24-Nov-19 14:00 0212  YP5A           599  599  20            YO       0   7042.4
 40CW  24-Nov-19 14:02 0213  LN8W           599  599  14            LA       0   7041.7
 40CW  24-Nov-19 14:03 0214  LY2H           599  599  15            LY       0   7041.3
 40CW  24-Nov-19 14:05 0215  OK1AWZ         599  599  15                     0   7040.4
 40CW  24-Nov-19 14:07 0216  OK1FPS         599  599  15                     0   7038.3
 40CW  24-Nov-19 14:11 0217  OH3FM          599  599  15            OH       0   7037.2
 40CW  24-Nov-19 14:14 0218  UT5YY          599  599  16                     0   7035.5
 40CW  24-Nov-19 14:15 0219  SM3EVR         599  599  14            SM       0   7034.8
 40CW  24-Nov-19 14:16 0220  SN3A           599  599  15                     0   7033.8
 40CW  24-Nov-19 14:18 0221  SP2LNW         599  599  15                     0   7032.3
 40CW  24-Nov-19 14:33 0222  M6T            599  599  14            G        0   7032.4
 40CW  24-Nov-19 14:33 0223  RK3PWR         599  599  16                     0   7032.8
 40CW  24-Nov-19 14:37 0224  SP4DZT         599  599  15                     0   7030.1
 40CW  24-Nov-19 14:39 0225  OH5Z           599  599  15                     0   7029.0
 40CW  24-Nov-19 14:39 0226  IZ2DLV         599  599  15                     0   7028.8
 40CW  24-Nov-19 14:41 0227  SO9M           599  599  15                     0   7028.0
 40CW  24-Nov-19 14:43 0228  SO4M           599  599  15                     0   7027.8
 40CW  24-Nov-19 14:45 0229  S57K           599  599  15                     0   7026.8
 40CW  24-Nov-19 14:46 0230  IR4M           599  599  15                     0   7025.7
 40CW  24-Nov-19 14:49 0231  SM7GVF         599  599  14                     0   7025.0
 40CW  24-Nov-19 14:50 0232  JT5DX          599  599  23            JT   23  0   7024.3
; via JT1CO                                                                            
 40CW  24-Nov-19 14:54 0233  RT3F           599  599  16                     0   7021.3
 40CW  24-Nov-19 14:55 0234  R9CW           599  599  17            UA9  17  0   7021.5
 40CW  24-Nov-19 14:57 0235  HA8TP          599  599  15                     0   7020.9
 40CW  24-Nov-19 15:04 0236  LY1M           599  599  15                     0   7015.9
 40CW  24-Nov-19 15:07 0237  OM0M           599  599  15                     0   7015.3
 40CW  24-Nov-19 15:08 0238  SQ9C           599  599  15                     0   7014.0
 40CW  24-Nov-19 15:16 0239  S51F           599  599  15                     0   7006.8
 40CW  24-Nov-19 15:33 0240  R2AA           599  599  16                     0   7005.7
 40CW  24-Nov-19 15:36 0241  4O3A           599  599  15            4O       0   7004.0
 40CW  24-Nov-19 15:37 0242  LY4L           599  599  15                     0   7003.7
 40CW  24-Nov-19 15:40 0243  HA1AG          599  599  15                     0   7002.8
 40CW  24-Nov-19 15:41 0244  LY7Z           599  599  15                     0   7002.4
 20CW  24-Nov-19 15:45 0245  EA3FZT         599  599  14                     0  14063.1
 20CW  24-Nov-19 15:46 0246  K2NV           599  599  05                     0  14061.5
 20CW  24-Nov-19 15:58 0247  KU2M           599  599  05                     0  14054.4
 20CW  24-Nov-19 16:01 0248  EA8DHV         599  599  33            EA8  33  0  14050.4
 20CW  24-Nov-19 16:04 0249  CN3A           599  599  33                     0  14047.2
 20CW  24-Nov-19 16:07 0250  DR1A           599  599  14            DL       0  14040.1
 20CW  24-Nov-19 16:43 0251  IK0GDG         599  599  15                     0  14035.0
 20CW  24-Nov-19 16:46 0252  HA8M           599  599  15            HA       0  14032.8
 20CW  24-Nov-19 16:50 0253  II1A           599  599  15                     0  14031.8
 20CW  24-Nov-19 16:51 0254  EF8R           599  599  33                     0  14030.5
 20CW  24-Nov-19 16:54 0255  II9P           599  599  15            IT9      0  14028.9
 20CW  24-Nov-19 16:55 0256  HA8A           599  599  15                     0  14027.6
 20CW  24-Nov-19 16:55 0257  TK0C           599  599  15            TK       0  14028.0
 20CW  24-Nov-19 16:57 0258  YU5R           599  599  15                     0  14025.9
 20CW  24-Nov-19 17:02 0259  9A1A           599  599  15            9A       0  14018.0
 20CW  24-Nov-19 17:03 0260  YT5A           599  599  15                     0  14013.4
 20CW  24-Nov-19 17:04 0261  HG0Y           599  599  15                     0  14009.3
 20CW  24-Nov-19 17:11 0262  EA3IN          599  599  14                     0  14073.1
 20CW  24-Nov-19 17:14 0263  IK0YUT         599  599  15                     0  14068.8
 20CW  24-Nov-19 17:18 0264  E7DX           599  599  15            E7       0  14056.8
 20CW  24-Nov-19 17:21 0265  S57S           599  599  15                     0  14052.3
 20CW  24-Nov-19 17:23 0266  HG8R           599  599  15                     0  14051.5
 20CW  24-Nov-19 17:27 0267  EF2X           599  599  14                     0  14047.9
 20CW  24-Nov-19 17:29 0268  IB9T           599  599  15                     0  14046.7
 20CW  24-Nov-19 17:30 0269  IR4Y           599  599  15                     0  14043.0
 20CW  24-Nov-19 17:31 0270  IK4EWX         599  599  15                     0  14042.6
 20CW  24-Nov-19 17:33 0271  9A5Y           599  599  15                     0  14039.0
 20CW  24-Nov-19 17:35 0272  HA8DU          599  599  15                     0  14035.6
 20CW  24-Nov-19 17:36 0273  IR4X           599  599  15                     0  14035.1
 20CW  24-Nov-19 17:41 0274  9A3XV          599  599  15                     0  14033.0
 20CW  24-Nov-19 17:47 0275  IK8BIZ         599  599  15                     0  14024.5
 20CW  24-Nov-19 17:48 0276  LZ1ZJ          599  599  20                     0  14022.0
 20CW  24-Nov-19 17:51 0277  IB9A           599  599  15                     0  14021.6
 20CW  24-Nov-19 17:52 0278  YT4W           599  599  15                     0  14021.3
 20CW  24-Nov-19 17:54 0279  YT1A           599  599  15                     0  14019.1
 20CW  24-Nov-19 17:57 0280  EA2AZ          599  599  14                     0  14002.5
 80CW  24-Nov-19 18:53 0281  PA2PKZ         599  599  14                     0   3563.9
 80CW  24-Nov-19 18:53 0282  HA6FQ          599  599  15                     0   3563.4
 80CW  24-Nov-19 18:55 0283  EU1XX          599  599  16            EU   16  0   3562.6
 80CW  24-Nov-19 18:57 0284  PG3N           599  599  14                     0   3561.6
 80CW  24-Nov-19 18:57 0285  LY4L           599  599  15            LY       0   3560.9
 80CW  24-Nov-19 19:00 0286  SP7C           599  599  15                     0   3558.2
 80CW  24-Nov-19 19:02 0287  EW1P           599  599  16                     0   3557.1
 80CW  24-Nov-19 19:05 0288  UV5U           599  599  16            UR       0   3555.4
 80CW  24-Nov-19 19:06 0289  OH1XT          599  599  15                     0   3555.0
 80CW  24-Nov-19 19:07 0290  SP2MHD         599  599  15                     0   3554.7
 80CW  24-Nov-19 19:08 0291  RY3D           599  599  16            UA       0   3554.0
 80CW  24-Nov-19 19:09 0292  HG1S           599  599  15                     0   3553.6
 80CW  24-Nov-19 19:12 0293  UX1VX          599  599  16                     0   3553.0
 80CW  24-Nov-19 19:14 0294  OM8AQ          599  599  15            OM       0   3552.4
 80CW  24-Nov-19 19:16 0295  CR3W           599  599  33            CT3  33  0   3551.5
 80CW  24-Nov-19 19:21 0296  SN8T           599  599  15                     0   3549.5
 80CW  24-Nov-19 19:22 0297  RM9A           599  599  17            UA9      0   3549.2
 80CW  24-Nov-19 19:24 0298  RK3PWR         599  599  16                     0   3548.6
 80CW  24-Nov-19 19:25 0299  OM7JG          599  599  15                     0   3548.1
 80CW  24-Nov-19 19:28 0300  OH8A           599  599  15                     0   3546.4
 80CW  24-Nov-19 19:29 0301  SP5AUC         599  599  15                     0   3546.1
 80CW  24-Nov-19 19:31 0302  OK1KMU         599  599  15                     0   3545.1
 80CW  24-Nov-19 19:32 0303  SO4M           599  599  15                     0   3544.8
 80CW  24-Nov-19 19:33 0304  OZ4UN          599  599  14                     0   3544.2
 80CW  24-Nov-19 19:33 0305  OK1OA          599  599  15                     0   3543.6
 80CW  24-Nov-19 19:35 0306  PC5C           599  599  14                     0   3543.1
 80CW  24-Nov-19 19:36 0307  PA3DBS         599  599  14                     0   3542.1
 80CW  24-Nov-19 19:38 0308  OK2HBR         599  599  15                     0   3541.2
 80CW  24-Nov-19 19:39 0309  UZ3A           599  599  16                     0   3540.9
 80CW  24-Nov-19 19:40 0310  SP1NY          599  599  15                     0   3540.3
 80CW  24-Nov-19 19:42 0311  9A1AD          599  599  15                     0   3539.3
 80CW  24-Nov-19 19:47 0312  OL6P           599  599  15                     0   3538.5
 80CW  24-Nov-19 20:21 0313  LY2T           599  599  15                     0   3538.5
 80CW  24-Nov-19 20:22 0314  3Z0X           599  599  15                     0   3538.0
 80CW  24-Nov-19 20:23 0315  CN3A           599  599  33            CN       0   3537.0
 80CW  24-Nov-19 20:24 0316  OR2M           599  599  14            ON       0   3536.3
 80CW  24-Nov-19 20:25 0317  S52ZW          599  599  15                     0   3534.8
 80CW  24-Nov-19 20:26 0318  SM0T           599  599  14                     0   3534.3
 80CW  24-Nov-19 20:28 0319  IR2C           599  599  15            I        0   3533.1
 80CW  24-Nov-19 20:29 0320  LZ9W           599  599  20            LZ   20  0   3532.2
 80CW  24-Nov-19 20:32 0321  II9P           599  599  15            IT9      0   3531.6
 80CW  24-Nov-19 20:36 0322  LY5R           599  599  15                     0   3530.6
 80CW  24-Nov-19 20:37 0323  9A1A           599  599  15            9A       0   3529.7
 80CW  24-Nov-19 20:38 0324  UX2X           599  599  16                     0   3529.1
 80CW  24-Nov-19 20:39 0325  OM4Q           599  599  15                     0   3527.7
 80CW  24-Nov-19 20:41 0326  9A7A           599  599  15                     0   3526.5
 80CW  24-Nov-19 20:43 0327  HA1AD          599  599  15                     0   3525.6
 80CW  24-Nov-19 20:44 0328  M0BEW          599  599  14                     0   3524.9
160CW  24-Nov-19 20:46 0329  G9Y            599  599  14                     0   1833.0
160CW  24-Nov-19 20:55 0330  HB9CA          599  599  14            HB       0   1827.8
160CW  24-Nov-19 20:56 0331  M6T            599  599  14                     0   1826.3
160CW  24-Nov-19 20:59 0332  HA7I           599  599  15            HA       0   1821.7
160CW  24-Nov-19 21:04 0333  G3V            599  599  14                     0   1811.6
