 40CW  16-May-20 17:16 0001  IK5ULL         599  599  137           I        3   7009.7
 40CW  16-May-20 17:17 0002  LY9A           599  599  376           LY       3   7009.0
 40CW  16-May-20 17:19 0003  Z35Y           599  599  207           Z3       3   7008.2
 40CW  16-May-20 17:20 0004  LZ8R           599  599  234           LZ       3   7007.3
 40CW  16-May-20 17:21 0005  EF0F           599  599  SMR           EA       3   7006.1
 40CW  16-May-20 17:23 0006  EA3X           599  599  B                      3   7005.5
 40CW  16-May-20 17:24 0007  IK4MTF         599  599  052                    3   7004.5
 40CW  16-May-20 17:25 0008  EC5Y           599  599  V                      3   7004.0
 40CW  16-May-20 17:25 0009  EA5M           599  599  MU                     3   7003.1
 40CW  16-May-20 17:27 0010  YT1A           599  599  205           YU       3   7002.7
 40CW  16-May-20 18:47 0011  LZ5R           599  599  475                    3   7000.7
 40CW  16-May-20 18:48 0012  EW6F           599  599  026           EU       3   7001.0
 15CW  16-May-20 18:51 0013  EA8A           599  599  TF            EA8      5  21034.1
 20CW  16-May-20 18:59 0014  CN8KD          599  599  349           CN       5  14025.5
 20CW  16-May-20 19:03 0015  EB5A           599  599  A             EA       3  14024.3
 20CW  16-May-20 19:05 0016  LZ1QN          599  599  360           LZ       3  14023.0
 20CW  16-May-20 19:08 0017  Z33B           599  599  175           Z3       3  14021.1
 20CW  16-May-20 19:10 0018  RM2D           599  599  195           UA       3  14018.6
 20CW  16-May-20 19:26 0019  EA7W           599  599  CO                     3  14016.2
 20CW  16-May-20 19:26 0020  Z35F           599  599  098                    3  14015.1
 20CW  16-May-20 19:28 0021  YO8RXP         599  599  166           YO       3  14012.6
 20CW  16-May-20 19:35 0022  LZ6E           599  599  471                    3  14009.6
 20CW  16-May-20 19:36 0023  RX9AF          599  599  323           UA9      5  14006.4
 20CW  16-May-20 19:37 0024  UN3M           599  599  M03           UN       5  14006.8
 20CW  16-May-20 19:39 0025  CR5O           599  599  441           CT       3  14005.7
 20CW  16-May-20 19:39 0026  RA1ZZ/3        599  599  152                    3  14004.0
 20CW  16-May-20 19:41 0027  EA5EL          599  599  A                      3  14003.5
 20CW  16-May-20 19:42 0028  EA5IUY         599  599  A                      3  14001.3
 20CW  16-May-20 19:44 0029  RT2C           599  599  691                    3  14047.4
 20CW  16-May-20 19:53 0030  SV1BJW         599  599  206           SV       3  14038.4
 20CW  16-May-20 19:54 0031  EA8RM          599  599  GC            EA8      5  14037.4
 20CW  16-May-20 19:56 0032  EF0F           599  599  SMR                    3  14036.6
 20CW  16-May-20 19:56 0033  EA5J           599  599  MU                     3  14035.6
 20CW  16-May-20 19:58 0034  EA7AAW         599  599  GR                     3  14035.0
 20CW  16-May-20 19:59 0035  LZ5I           599  599  481                    3  14034.0
 20CW  16-May-20 19:59 0036  4L8A           599  599  352           4L       5  14033.0
 20CW  16-May-20 20:01 0037  SV1ME          599  599  467                    3  14031.2
 20CW  16-May-20 20:06 0038  UW6M           599  599  160           UR       3  14026.5
 20CW  16-May-20 20:07 0039  EA6FO          599  599  IB            EA6      3  14025.2
 20CW  16-May-20 20:10 0040  IT9MUO         599  599  306           IT9      3  14019.0
 20CW  16-May-20 20:27 0041  EU8U           599  599  451           EU       3  14014.5
 20CW  16-May-20 20:34 0042  EA5O           599  599  V                      3  14014.8
 20CW  16-May-20 20:44 0043  UN9L           599  599  L17                    5  14013.6
 20CW  16-May-20 20:46 0044  LW5HR          599  599  078           LU       5  14010.0
 20CW  16-May-20 20:50 0045  EC5K           599  599  V                      3  14009.0
160CW  16-May-20 20:55 0046  OS0S           599  599  309           ON       3   1826.0
160CW  16-May-20 20:57 0047  YT6T           599  599  039           YU       3   1829.0
160CW  16-May-20 20:58 0048  EA1G           599  599  O             EA       3   1828.0
160CW  16-May-20 20:59 0049  HB9CPS         599  599  004           HB       3   1826.9
160CW  16-May-20 21:07 0050  LY5W           599  599  025           LY       3   1834.0
160CW  16-May-20 21:15 0051  9A1AA          599  599  546           9A       3   1822.0
 40CW  17-May-20 08:51 0052  IV3SKB         599  599  791                    3   7015.5
 40CW  17-May-20 08:52 0053  HB9FBG         599  599  227           HB       3   7014.5
 40CW  17-May-20 08:54 0054  SP2FAP         599  599  206           SP       3   7009.2
 40CW  17-May-20 08:54 0055  S52AW          599  599  157           S5       3   7008.3
 40CW  17-May-20 08:55 0056  LY8A           599  599  824                    3   7007.6
 40CW  17-May-20 08:58 0057  LX4A           599  599  184           LX       3   7033.1
 40CW  17-May-20 09:00 0058  EA5GIE         599  599  V                      3   7026.6
 40CW  17-May-20 09:02 0059  DR10CWO        599  599  10CWO         DL       2   7023.1
 40CW  17-May-20 09:06 0060  DK8AX          599  599  F10                    2   7019.5
 40CW  17-May-20 09:07 0061  SP9H           599  599  217                    3   7017.9
 40CW  17-May-20 09:09 0062  DL4KWA         599  599  V07                    2   7017.1
 40CW  17-May-20 09:10 0063  LY7M           599  599  842                    3   7016.9
 40CW  17-May-20 09:12 0064  DL6RDE         599  599  Z64                    2   7012.9
 40CW  17-May-20 09:14 0065  9A2AJ          599  599  786           9A       3   7010.0
 40CW  17-May-20 09:15 0066  IV3SKB         599  599  798                    3   7005.6
 10CW  17-May-20 09:18 0067  YT6W           599  599  1663          YU       3  28016.0
 10CW  17-May-20 09:22 0068  IC8FBU         599  599  036           I        3  28017.7
 10CW  17-May-20 09:26 0069  EB5A           599  599  A             EA       3  28030.0
 10CW  17-May-20 09:28 0070  EF0F           599  599  SMR                    3  28025.1
 10CW  17-May-20 09:35 0071  IT9RZU         599  599  528           IT9      3  28014.0
 15CW  17-May-20 09:48 0072  IV3HAX         599  599  262           I        3  21001.1
 15CW  17-May-20 09:50 0073  YT8A           599  599  228           YU       3  21002.0
 15CW  17-May-20 10:02 0074  S54X           599  599  021           S5       3  21038.1
 15CW  17-May-20 10:04 0075  9A1AA          599  599  1036          9A       3  21035.6
 15CW  17-May-20 10:15 0076  OY1CT          599  599  699           OY       3  21024.9
 15CW  17-May-20 10:18 0077  LZ5R           599  599  1492          LZ       3  21021.0
 15CW  17-May-20 10:20 0078  EA5EL          599  599  A             EA       3  21020.5
 15CW  17-May-20 10:26 0079  EA5YU          599  599  MU                     3  21016.3
 15CW  17-May-20 10:28 0080  LZ3R           599  599  752                    3  21015.5
 15CW  17-May-20 10:30 0081  EA7EU          599  599  J                      3  21014.5
 15CW  17-May-20 10:31 0082  EA3NN          599  599  T                      3  21014.0
 15CW  17-May-20 10:32 0083  LZ8E           599  599  287                    3  21012.0
 15CW  17-May-20 10:34 0084  ED5N           599  599  CS                     3  21008.5
 15CW  17-May-20 10:35 0085  EC5Y           599  599  V                      3  21007.9
 10CW  17-May-20 11:19 0086  EA5M           599  599  MU                     3  28008.7
 10CW  17-May-20 11:22 0087  LZ3R           599  599  806           LZ       3  28012.8
 10CW  17-May-20 11:23 0088  YU1ANO         599  599  111                    3  28015.1
 10CW  17-May-20 11:28 0089  EA5EL          599  599  A                      3  28016.2
