 40CW  19-Oct-20 16:43 0001  OH3BCX         599  599  017           OH       3   7037.6
 40CW  19-Oct-20 16:46 0002  SM6M           599  599  025           SM       3   7037.0
 40CW  19-Oct-20 16:48 0003  SM5IMO         599  599  035                    3   7036.6
 40CW  19-Oct-20 16:48 0004  EU8F           599  599  036           EU       3   7036.6
 40CW  19-Oct-20 16:49 0005  SM9X           599  599  039                    3   7036.6
 40CW  19-Oct-20 16:50 0006  OK1KTI         599  599  014           OK       3   7036.6
 40CW  19-Oct-20 16:51 0007  OM5ZW          599  599  042           OM       3   7035.7
 40CW  19-Oct-20 16:53 0008  OK5MM          599  599  034                    3   7034.4
 40CW  19-Oct-20 16:53 0009  OK1YM          599  599  029                    3   7033.6
 40CW  19-Oct-20 16:55 0010  OH1SIC         599  599  028                    3   7032.7
 40CW  19-Oct-20 16:56 0011  SC0T           599  599  025                    3   7032.0
 40CW  19-Oct-20 16:57 0012  SM0Y           599  599  025                    3   7031.6
 40CW  19-Oct-20 17:00 0013  OM3PA          599  599  033                    3   7027.7
 40CW  19-Oct-20 17:00 0014  SN1T           599  599  044           SP       3   7026.5
 40CW  19-Oct-20 17:01 0015  UT5NR          599  599  046           UR       3   7025.4
 80CW  19-Oct-20 17:06 0016  SO3O           599  599  051           SP       3   3545.4
 80CW  19-Oct-20 17:10 0017  OM3PA          599  599  050           OM       3   3544.1
 80CW  19-Oct-20 17:11 0018  OK1VK          599  599  057           OK       3   3543.5
 80CW  19-Oct-20 17:12 0019  OK1DOR         599  599  038                    3   3543.1
 80CW  19-Oct-20 17:12 0020  SM5IMO         599  599  071           SM       3   3542.8
 80CW  19-Oct-20 17:13 0021  DD5M           599  599  058           DL       2   3542.2
 80CW  19-Oct-20 17:15 0022  SD6M           599  599  041                    3   3541.5
 80CW  19-Oct-20 17:16 0023  DL4ME          599  599  078                    2   3540.8
 80CW  19-Oct-20 17:17 0024  OK1IF          599  599  075                    3   3540.1
 80CW  19-Oct-20 17:18 0025  OK1YM          599  599  074                    3   3539.8
 80CW  19-Oct-20 17:19 0026  OK5FF          599  599  073                    3   3539.5
 80CW  19-Oct-20 17:20 0027  SP2XX          599  599  061                    3   3539.0
 80CW  19-Oct-20 17:21 0028  OK1FGD         599  599  073                    3   3537.9
 80CW  19-Oct-20 17:21 0029  DL5YM          599  599  065                    2   3537.6
 80CW  19-Oct-20 17:22 0030  OK2TJ          599  599  088                    3   3537.0
 80CW  19-Oct-20 17:24 0031  DL1NKS         599  599  075                    2   3536.2
 80CW  19-Oct-20 17:26 0032  SN1T           599  599  107                    3   3535.8
 80CW  19-Oct-20 17:28 0033  OK2EA          599  599  085                    3   3535.5
 80CW  19-Oct-20 17:29 0034  PA9CW          599  599  063           PA       3   3533.6
