160CW  08-Feb-20 12:24 0001  PI4CC          599  599  ZH                     0   1829.6
 40CW  08-Feb-20 13:52 0002  PE3V           599  599  FR                     0   7018.2
 80CW  08-Feb-20 14:40 0003  PI4DTC         599  599  GD                     0   3532.6
 80CW  08-Feb-20 14:41 0004  PI4CC          599  599  ZH                     0   3522.8
160CW  08-Feb-20 16:08 0005  PI4DX          599  599  ZL                     0   1820.2
 80CW  08-Feb-20 16:13 0006  PA6X           599  599  OV                     0   3523.5
 80CW  08-Feb-20 16:14 0007  PA3BFH         599  599  NH                     0   3527.3
 80CW  08-Feb-20 16:17 0008  PA2PKZ         599  599  GD                     0   3524.5
 80CW  08-Feb-20 16:18 0009  PF5X           599  599  NB                     0   3520.1
 80CW  08-Feb-20 16:22 0010  PA3AAV         599  599  NH                     0   3550.0
 80CW  08-Feb-20 16:25 0011  PA4O           599  599  GR                     0   3538.9
 80CW  08-Feb-20 16:28 0012  PC3M           599  599  UT                     0   3526.7
 80CW  08-Feb-20 16:38 0013  PA3EEG         599  599  DR                     0   3521.2
 80CW  08-Feb-20 16:41 0014  PA4VHF         599  599  OV                     0   3518.1
 80CW  08-Feb-20 17:04 0015  PE3V           599  599  FR                     0   3516.6
 80CW  08-Feb-20 17:15 0016  PA3EVY         599  599  ZL                     0   3540.0
 80CW  08-Feb-20 17:28 0017  PA8AD          599  599  DR                     0   3517.8
 80CW  08-Feb-20 17:30 0018  PA5KT          599  599  ZL                     0   3514.1
160CW  08-Feb-20 20:33 0019  G3ORY          599  599  069LE                  0   1838.8
160CW  08-Feb-20 20:34 0020  MW6M           599  599  065SA                  0   1838.5
160CW  08-Feb-20 20:42 0021  PA0JLS         599  599  NH                     0   1836.9
160CW  08-Feb-20 20:43 0022  G4ARI          599  599  063LE                  0   1837.2
160CW  08-Feb-20 20:44 0023  LY2NK          599  599  068                    0   1835.8
160CW  08-Feb-20 20:45 0024  PI4APD         599  599  GD                     0   1835.2
160CW  08-Feb-20 20:46 0025  GM4ZUK         599  599  119AB                  0   1834.1
160CW  08-Feb-20 20:47 0026  M0XG           599  599  058CM                  0   1833.8
160CW  08-Feb-20 20:50 0027  G3VYI          599  599  097GU                  0   1833.6
160CW  08-Feb-20 20:52 0028  OK1FPG         599  599  055                    0   1832.3
160CW  08-Feb-20 20:54 0029  PG6G           599  599  UT                     0   1831.4
160CW  08-Feb-20 20:56 0030  PA3AAV         599  599  NH                     0   1830.3
160CW  08-Feb-20 20:58 0031  PA4O           599  599  GR                     0   1829.8
160CW  08-Feb-20 20:58 0032  PA6X           599  599  OV                     0   1829.5
160CW  08-Feb-20 20:59 0033  M2D            599  599  091NE                  0   1828.7
160CW  08-Feb-20 21:00 0034  PI4COM         599  599  ZH                     0   1828.4
160CW  08-Feb-20 21:01 0035  M0B            599  599  107LU                  0   1827.5
160CW  08-Feb-20 21:12 0036  PB7Z           599  599  DR                     0   1826.5
160CW  08-Feb-20 21:13 0037  PA8AD          599  599  DR                     0   1824.3
160CW  08-Feb-20 21:14 0038  M0RYB/P        599  599  110NK                  0   1823.6
160CW  08-Feb-20 21:16 0039  M4J            599  599  073IP                  0   1822.8
160CW  08-Feb-20 21:17 0040  PA6T           599  599  NB                     0   1822.5
160CW  08-Feb-20 21:27 0041  G5W            599  599  124SY                  0   1819.0
160CW  08-Feb-20 21:29 0042  PA6Y           599  599  NH                     0   1818.6
160CW  08-Feb-20 21:29 0043  PE3V           599  599  FR                     0   1818.3
160CW  08-Feb-20 21:31 0044  PI7HAM         599  599  UT                     0   1816.3
160CW  08-Feb-20 21:36 0045  PA6A           599  599  GD                     0   1815.9
160CW  08-Feb-20 21:38 0046  EU4E           599  599  069                    0   1813.5
160CW  08-Feb-20 21:43 0047  OZ0B           599  599  047                    0   1836.5
160CW  08-Feb-20 21:44 0048  G4EBK          599  599  099DN                  0   1834.5
160CW  08-Feb-20 21:46 0049  PA7AL          599  599  FR                     0   1832.4
160CW  08-Feb-20 21:51 0050  G3PDH          599  599  132NK                  0   1827.5
 40CW  09-Feb-20 10:04 0051  PI4COM         599  599  ZH                     0   7024.2
