 40CW  18-May-20 16:32 0001  DL0CG          599  599  004           DL       2   7036.5
 40CW  18-May-20 16:34 0002  SP2XX          599  599  006           SP       3   7034.2
 40CW  18-May-20 16:34 0003  OK5M           599  599  006           OK       3   7034.2
 40CW  18-May-20 16:35 0004  OK1YM          599  599  007                    3   7034.2
 40CW  18-May-20 16:35 0005  9A7R           599  599  007           9A       3   7034.2
 40CW  18-May-20 16:36 0006  OM5RM          599  599  008           OM       3   7034.2
 40CW  18-May-20 16:36 0007  OK1FKD         599  599  008                    3   7034.2
 40CW  18-May-20 16:39 0008  SP4DNX         599  599  016                    3   7034.6
 40CW  18-May-20 16:40 0009  SM9X           599  599  023           SM       3   7033.7
 40CW  18-May-20 16:41 0010  DK2FG          599  599  028                    2   7033.0
 40CW  18-May-20 16:41 0011  SD6F           599  599  013                    3   7029.5
 40CW  18-May-20 16:42 0012  DD5M           599  599  018                    2   7028.0
 40CW  18-May-20 16:43 0013  SP1AEN         599  599  033                    3   7027.2
 40CW  18-May-20 16:44 0014  OK2EA          599  599  023                    3   7026.8
 40CW  18-May-20 16:44 0015  SO3O           599  599  031                    3   7025.5
 40CW  18-May-20 16:48 0016  OM3CPF         599  599  020                    3   7033.9
 40CW  18-May-20 16:48 0017  SM5CSS         599  599  024                    3   7033.6
 40CW  18-May-20 16:50 0018  SF1Z           599  599  028                    3   7031.8
 40CW  18-May-20 16:50 0019  EA3X           599  599  040           EA       3   7030.5
 40CW  18-May-20 16:53 0020  G3VIP          599  599  032           G        3   7036.0
 40CW  18-May-20 16:55 0021  SD1A           599  599  048                    3   7037.5
 40CW  18-May-20 16:56 0022  ES1BVG         599  599  039           ES       3   7036.2
 40CW  18-May-20 16:57 0023  OM5ZW          599  599  053                    3   7036.2
 40CW  18-May-20 16:57 0024  SN1T           599  599  051                    3   7036.2
 40CW  18-May-20 16:58 0025  OK1TC          599  599  032                    3   7036.2
 40CW  18-May-20 16:59 0026  OK1TN          599  599  047                    3   7036.2
 40CW  18-May-20 16:59 0027  SM5IMO         599  599  049                    3   7036.2
 40CW  18-May-20 17:00 0028  SM6PPS         599  599  023                    3   7036.2
 40CW  18-May-20 17:01 0029  EW1M           599  599  041           EU       3   7036.2
 40CW  18-May-20 17:01 0030  HA3FMR         599  599  024           HA       3   7036.2
 40CW  18-May-20 17:02 0031  DK0N           599  599  044                    2   7036.2
 40CW  18-May-20 17:02 0032  OK1DOR         599  599  038                    3   7036.2
 40CW  18-May-20 17:03 0033  HA5MA          599  599  044                    3   7036.2
 40CW  18-May-20 17:05 0034  OM5AW          599  599  023                    3   7032.9
 40CW  18-May-20 17:08 0035  OH3BCX         599  599  039           OH       3   7035.1
 80CW  18-May-20 17:22 0036  OK2EA          599  599  083           OK       3   3538.7
 80CW  18-May-20 17:24 0037  OM3RM          599  599  033           OM       3   3537.8
 80CW  18-May-20 17:26 0038  DK2FG          599  599  107           DL       2   3532.0
 80CW  18-May-20 17:28 0039  DD5M           599  599  088                    2   3539.1
 80CW  18-May-20 17:29 0040  OK1AY          599  599  078                    3   3539.6
