 40CW  08-Jun-20 16:30 0001  SD6M           599  599  002           SM       3   7034.5
 40CW  08-Jun-20 16:31 0002  SM6M           599  599  001                    3   7033.9
 40CW  08-Jun-20 16:31 0003  OK2EA          599  599  002           OK       3   7031.4
 40CW  08-Jun-20 16:33 0004  HB9BXE         599  599  008           HB       3   7030.5
 40CW  08-Jun-20 16:34 0005  EA3X           599  599  006           EA       3   7028.9
 40CW  08-Jun-20 16:35 0006  SM5IMO         599  599  008                    3   7028.3
 40CW  08-Jun-20 16:36 0007  DD5M           599  599  013           DL       2   7026.5
 40CW  08-Jun-20 16:38 0008  SM5DXR         599  599  010                    3   7035.3
 40CW  08-Jun-20 16:39 0009  SF1Z           599  599  010                    3   7035.3
 40CW  08-Jun-20 16:40 0010  HA5MA          599  599  014           HA       3   7035.3
 40CW  08-Jun-20 16:42 0011  SD6F           599  599  011                    3   7035.5
 40CW  08-Jun-20 16:42 0012  OH5ZA          599  599  011           OH       3   7035.5
 40CW  08-Jun-20 16:43 0013  OK5SA          599  599  010                    3   7035.5
 40CW  08-Jun-20 16:45 0014  SM9X           599  599  023                    3   7035.5
 40CW  08-Jun-20 16:46 0015  SM5AHD         599  599  010                    3   7035.5
 40CW  08-Jun-20 16:47 0016  DA3T           599  599  019                    2   7035.5
 40CW  08-Jun-20 16:48 0017  9A7R           599  599  023           9A       3   7035.5
 40CW  08-Jun-20 16:49 0018  SP1JQJ         599  599  007           SP       3   7035.5
 40CW  08-Jun-20 16:50 0019  SN1A           599  599  022                    3   7035.5
 40CW  08-Jun-20 16:55 0020  OM3TBG         599  599  021           OM       3   7032.6
 40CW  08-Jun-20 16:56 0021  IK7MIY         599  599  010           I        3   7031.2
 40CW  08-Jun-20 17:01 0022  OM5AW          599  599  008                    3   7024.3
 40CW  08-Jun-20 17:03 0023  SP4DNX         599  599  029                    3   7027.0
 80CW  08-Jun-20 17:10 0024  DL8QS          599  599  052           DL       2   3537.6
 80CW  08-Jun-20 17:11 0025  DL1DWR         599  599  029                    2   3536.1
 80CW  08-Jun-20 17:12 0026  DK0N           599  599  030                    2   3535.5
 80CW  08-Jun-20 17:13 0027  OK1IBP         599  599  050           OK       3   3533.2
 80CW  08-Jun-20 17:16 0028  OK6DJ          599  599  023                    3   3532.0
 80CW  08-Jun-20 17:19 0029  OL725PLZ       599  599  004                    3   3539.3
 80CW  08-Jun-20 17:23 0030  OK1FHI         599  599  055                    3   3538.7
 80CW  08-Jun-20 17:26 0031  DK2FG          599  599  080                    2   3533.9
 80CW  08-Jun-20 17:28 0032  DL4ME          599  599  091                    2   3534.7
 80CW  08-Jun-20 17:29 0033  DL1PAN         599  599  047                    2   3531.2
