 40CW  28-Nov-20 10:03 0001  OK1MU          599  599  15            OK   15  3   7037.7
 40CW  28-Nov-20 10:11 0002  SP3VT          599  599  15            SP       3   7032.1
 40CW  28-Nov-20 10:12 0003  LZ9W           599  599  20            LZ   20  3   7031.5
 40CW  28-Nov-20 10:13 0004  OL1M           599  599  15                     3   7030.9
 40CW  28-Nov-20 10:14 0005  OH5Z           599  599  15            OH       3   7030.3
 40CW  28-Nov-20 10:20 0006  DK1WU          599  599  14            DL   14  2   7029.1
 40CW  28-Nov-20 10:22 0007  SP3SLU         599  599  15                     3   7028.0
 40CW  28-Nov-20 10:24 0008  LY4L           599  599  15            LY       3   7027.5
 40CW  28-Nov-20 10:24 0009  DK5XG          599  599  14                     2   7027.0
 40CW  28-Nov-20 10:27 0010  DJ0YI          599  599  14                     2   7024.6
 40CW  28-Nov-20 10:27 0011  RT2F           599  599  15            UA2      3   7023.9
 40CW  28-Nov-20 10:31 0012  DL6MHW         599  599  14                     2   7021.7
 40CW  28-Nov-20 10:32 0013  OL5J           599  599  15                     3   7021.1
 40CW  28-Nov-20 10:34 0014  GM2V           599  599  14            GM       3   7020.6
 40CW  28-Nov-20 10:35 0015  OM6AL          599  599  15            OM       3   7020.1
 40CW  28-Nov-20 10:35 0016  LA7THA         599  599  14            LA       3   7019.5
 40CW  28-Nov-20 10:38 0017  YL7X           599  599  15            YL       3   7018.5
 40CW  28-Nov-20 10:39 0018  EW8R           599  599  16            EU   16  3   7018.3
 40CW  28-Nov-20 10:40 0019  SD6M           599  599  14            SM       3   7017.7
 40CW  28-Nov-20 10:45 0020  SQ9C           599  599  15                     3   7014.0
 40CW  28-Nov-20 10:46 0021  I2CZQ          599  599  15            I        3   7013.6
 40CW  28-Nov-20 10:47 0022  OE9WGI         599  599  15            OE       3   7012.8
 40CW  28-Nov-20 10:48 0023  EW5A           599  599  16                     3   7011.7
 40CW  28-Nov-20 10:49 0024  DL1DTL         599  599  14                     2   7011.3
 40CW  28-Nov-20 10:50 0025  SP9BCH         599  599  15                     3   7010.8
 40CW  28-Nov-20 10:51 0026  F5PRH          599  599  14            F        3   7010.2
 40CW  28-Nov-20 10:52 0027  OL3Z           599  599  15                     3   7009.7
 40CW  28-Nov-20 10:52 0028  DL5JQ          599  599  14                     2   7009.3
 40CW  28-Nov-20 10:53 0029  S51YI          599  599  15            S5       3   7007.9
 40CW  28-Nov-20 10:55 0030  YU7XX          599  599  15            YU       3   7007.5
 40CW  28-Nov-20 10:58 0031  GM3YOR         599  599  14                     3   7006.5
 40CW  28-Nov-20 11:01 0032  DJ6TF          599  599  14                     2   7004.7
 40CW  28-Nov-20 11:03 0033  SQ1PSA         599  599  15                     3   7004.0
 40CW  28-Nov-20 11:04 0034  YT7A           599  599  15                     3   7002.6
 40CW  28-Nov-20 11:06 0035  UA3R           599  599  16            UA       3   7002.1
 40CW  28-Nov-20 11:07 0036  LA2AB          599  599  14                     3   7001.1
 10CW  28-Nov-20 11:11 0037  YT5A           599  599  15            YU   15  3  28009.9
 15CW  28-Nov-20 11:36 0038  UZ2I           599  599  16            UR   16  3  21067.3
 15CW  28-Nov-20 11:38 0039  UA3KW          599  599  16            UA       3  21064.8
 15CW  28-Nov-20 11:41 0040  C4W            599  599  20            5B   20  5  21064.3
 15CW  28-Nov-20 11:45 0041  RT4D           599  599  16                     3  21058.2
 15CW  28-Nov-20 11:51 0042  IT9VDQ         599  599  15            IT9  15  3  21048.7
 15CW  28-Nov-20 11:52 0043  RT4F           599  599  16                     3  21047.7
 15CW  28-Nov-20 11:53 0044  RT6A           599  599  16                     3  21046.7
 15CW  28-Nov-20 12:53 0045  KI1G           599  599  05            K    05  5  21039.9
 15CW  28-Nov-20 14:00 0046  K5RX           599  599  04                 04  5  21038.7
 15CW  28-Nov-20 14:05 0047  CJ3T           599  599  04            VE       5  21036.0
 15CW  28-Nov-20 14:07 0048  C44C           599  599  20                     5  21032.7
 15CW  28-Nov-20 14:09 0049  RG6G           599  599  16                     3  21030.0
 15CW  28-Nov-20 14:14 0050  WG3J           599  599  05                     5  21022.9
 15CW  28-Nov-20 14:19 0051  K5GN           599  599  04                     5  21019.8
 15CW  28-Nov-20 14:41 0052  KA1R           599  599  05                     5  21008.6
 15CW  28-Nov-20 14:42 0053  SX9V           599  599  20            SV9      3  21007.0
 20CW  28-Nov-20 14:53 0054  E73B           599  599  15            E7   15  3  14069.6
 20CW  28-Nov-20 14:53 0055  R3EG           599  599  16            UA   16  3  14067.8
 20CW  28-Nov-20 14:54 0056  LZ7J           599  599  20            LZ   20  3  14067.5
 20CW  28-Nov-20 14:54 0057  YT6W           599  599  15            YU       3  14066.2
 20CW  28-Nov-20 14:56 0058  EA1RKV         599  599  14            EA   14  3  14065.9
 20CW  28-Nov-20 14:56 0059  R3FA           599  599  16                     3  14065.6
 20CW  28-Nov-20 14:57 0060  EA5IFY         599  599  14                     3  14065.1
 20CW  28-Nov-20 14:57 0061  IS0AFM         599  599  15            IS       3  14064.5
 20CW  28-Nov-20 15:02 0062  UA4M           599  599  16                     3  14059.6
 20CW  28-Nov-20 15:03 0063  IT9LKX         599  599  15            IT9      3  14059.0
 20CW  28-Nov-20 15:05 0064  RT6A           599  599  16                     3  14056.7
 20CW  28-Nov-20 15:06 0065  YT5M           599  599  15                     3  14056.0
 20CW  28-Nov-20 15:07 0066  LZ7G           599  599  20                     3  14054.3
 20CW  28-Nov-20 15:07 0067  OH8X           599  599  15            OH       3  14053.9
 20CW  28-Nov-20 15:09 0068  SX1T           599  599  20            SV       3  14053.1
 20CW  28-Nov-20 15:13 0069  LZ1ZM          599  599  20                     3  14051.9
 20CW  28-Nov-20 15:15 0070  OY1CT          599  599  14            OY       3  14051.4
 20CW  28-Nov-20 15:16 0071  TA2IJ          599  599  20            TA       5  14050.0
 20CW  28-Nov-20 15:17 0072  LZ9W           599  599  20                     3  14049.0
 20CW  28-Nov-20 15:19 0073  YT2ISM         599  599  15                     3  14046.9
 20CW  28-Nov-20 15:21 0074  EA2W           599  599  14                     3  14044.8
 20CW  28-Nov-20 15:23 0075  CR3W           599  599  33            CT3  33  5  14043.9
 20CW  28-Nov-20 15:26 0076  OK1KIM         599  599  15            OK       3  14042.2
 20CW  28-Nov-20 15:28 0077  D4Z            599  599  35            D4   35  5  14041.9
 20CW  28-Nov-20 15:29 0078  IR9R           599  599  15                     3  14041.1
 20CW  28-Nov-20 15:31 0079  DF0CI          599  599  14            DL       2  14038.6
 20CW  28-Nov-20 15:36 0080  NR3X           599  599  05            K    05  5  14030.1
 20CW  28-Nov-20 15:37 0081  IS0HQJ         599  599  15                     3  14029.3
 20CW  28-Nov-20 15:39 0082  EA4OR          599  599  14                     3  14028.7
 20CW  28-Nov-20 15:47 0083  EA5M           599  599  14                     3  14017.5
 20CW  28-Nov-20 15:48 0084  IR4E           599  599  15            I        3  14016.6
 20CW  28-Nov-20 15:51 0085  EA5ITT         599  599  14                     3  14010.1
 20CW  28-Nov-20 16:01 0086  TF3W           599  599  40            TF   40  3  14002.3
 20CW  28-Nov-20 16:02 0087  EA7X           599  599  14                     3  14001.1
 80CW  28-Nov-20 16:25 0088  OK5FF          599  599  15            OK   15  3   3521.5
 80CW  28-Nov-20 16:26 0089  DL1SVA         599  599  14            DL   14  2   3520.5
 80CW  28-Nov-20 16:26 0090  I1HJT          599  599  15            I        3   3520.8
 80CW  28-Nov-20 16:29 0091  SP8JUR         599  599  15            SP       3   3519.4
 80CW  28-Nov-20 16:30 0092  PA6X           599  599  14            PA       3   3519.0
 80CW  28-Nov-20 16:30 0093  SP9GFI         599  599  15                     3   3518.0
 80CW  28-Nov-20 16:31 0094  HA1A           599  599  15            HA       3   3516.8
 80CW  28-Nov-20 16:32 0095  DL7ON          599  599  14                     2   3516.2
 80CW  28-Nov-20 16:33 0096  S54K           599  599  15            S5       3   3514.9
 80CW  28-Nov-20 16:37 0097  OM4Q           599  599  15            OM       3   3513.0
 80CW  28-Nov-20 16:37 0098  S51J           599  599  15            OH       3   3511.6
 80CW  28-Nov-20 16:39 0099  HG1A           599  599  15                     3   3511.3
 80CW  28-Nov-20 16:41 0100  DL5RMH         599  599  14                     2   3510.8
 80CW  28-Nov-20 16:42 0101  DK3YD          599  599  14                     2   3510.0
 80CW  28-Nov-20 16:43 0102  DL7VOG         599  599  14                     2   3509.0
 80CW  28-Nov-20 16:44 0103  S54W           599  599  15                     3   3508.0
 80CW  28-Nov-20 16:44 0104  IB3N           599  599  15                     3   3507.5
 80CW  28-Nov-20 16:46 0105  DL2F           599  599  14                     2   3505.4
 80CW  28-Nov-20 16:47 0106  S53M           599  599  15                     3   3504.1
 80CW  28-Nov-20 16:49 0107  SM6CPY         599  599  14            SM       3   3503.1
 80CW  28-Nov-20 16:50 0108  G3LET          599  599  14            G        3   3502.4
 80CW  28-Nov-20 16:51 0109  OH0R           599  599  15            OH0      3   3501.6
 80CW  28-Nov-20 16:52 0110  OK7W           599  599  15                     3   3501.2
 80CW  28-Nov-20 16:53 0111  DL3JJ          599  599  14                     2   3500.5
 80CW  28-Nov-20 19:16 0112  S58M           599  599  15                     3   3500.4
 80CW  28-Nov-20 19:22 0113  E79SL          599  599  15            E7       3   3569.0
 80CW  28-Nov-20 19:24 0114  LA8OM          599  599  14            LA       3   3567.7
 80CW  28-Nov-20 19:24 0115  OR2F           599  599  14            ON       3   3567.2
 80CW  28-Nov-20 19:30 0116  S52NR          599  599  15                     3   3566.4
 80CW  28-Nov-20 19:32 0117  G3VMW          599  599  14                     3   3565.0
 80CW  28-Nov-20 19:33 0118  F1MNQ          599  599  14            F        3   3563.5
 80CW  28-Nov-20 19:37 0119  Z35F           599  599  15            Z3       3   3562.5
 80CW  28-Nov-20 19:42 0120  LY4T           599  599  15            LY       3   3560.8
 80CW  28-Nov-20 19:44 0121  YO3IRM         599  599  20            YO   20  3   3560.5
 80CW  28-Nov-20 19:46 0122  PA3AAV         599  599  14                     3   3559.4
 80CW  28-Nov-20 19:48 0123  OT5X           599  599  14                     3   3559.0
 80CW  28-Nov-20 19:51 0124  SP6CIK         599  599  15                     3   3557.7
 80CW  28-Nov-20 19:52 0125  OZ2TF          599  599  14            OZ       3   3557.0
 80CW  28-Nov-20 19:54 0126  PA4O           599  599  14                     3   3556.2
 80CW  28-Nov-20 19:56 0127  YU5R           599  599  15            YU       3   3555.5
 80CW  28-Nov-20 19:56 0128  SE5E           599  599  14                     3   3555.1
 80CW  28-Nov-20 19:58 0129  YQ6A           599  599  20                     3   3554.7
 80CW  28-Nov-20 20:03 0130  LZ7J           599  599  20            LZ       3   3553.5
 80CW  28-Nov-20 20:04 0131  DL5YM          599  599  14                     2   3553.2
 80CW  28-Nov-20 20:05 0132  YL3FW          599  599  15            YL       3   3552.4
 80CW  28-Nov-20 20:06 0133  S53MM          599  599  15                     3   3551.9
 80CW  28-Nov-20 20:07 0134  OM7M           599  599  15                     3   3551.4
 80CW  28-Nov-20 20:07 0135  SP2QG          599  599  15                     3   3550.4
 80CW  28-Nov-20 20:28 0136  OH4A           599  599  15            OH       3   3550.2
 80CW  28-Nov-20 20:29 0137  DL3ANK         599  599  14                     2   3549.9
 80CW  28-Nov-20 20:34 0138  OK5D           599  599  15                     3   3549.2
 80CW  28-Nov-20 20:35 0139  HB9CVQ         599  599  14            HB       3   3548.7
 80CW  28-Nov-20 20:39 0140  PA4WM          599  599  14                     3   3547.8
 80CW  28-Nov-20 20:43 0141  OK1HRA         599  599  15                     3   3546.6
 80CW  28-Nov-20 20:43 0142  HG6N           599  599  15                     3   3546.3
 80CW  28-Nov-20 20:45 0143  DK0LH          599  599  14                     2   3545.9
 80CW  28-Nov-20 20:46 0144  9A7T           599  599  15            9A       3   3545.5
 80CW  28-Nov-20 20:48 0145  OL1C           599  599  15                     3   3544.0
 80CW  28-Nov-20 20:52 0146  E76C           599  599  15                     3   3542.4
 80CW  28-Nov-20 20:52 0147  HB9ON          599  599  14                     3   3542.1
 80CW  28-Nov-20 20:53 0148  DL6RAI         599  599  14                     2   3541.7
 80CW  28-Nov-20 20:54 0149  OM0WR          599  599  15                     3   3540.7
 80CW  28-Nov-20 20:55 0150  SP1AEN         599  599  15                     3   3540.3
 80CW  28-Nov-20 20:55 0151  YO5LD          599  599  20                     3   3539.8
 80CW  28-Nov-20 20:57 0152  OK1OA          599  599  15                     3   3539.2
 80CW  28-Nov-20 20:58 0153  DR1A           599  599  14                     2   3538.8
 80CW  28-Nov-20 20:59 0154  RT6A           599  599  16            UA   16  3   3538.4
 80CW  28-Nov-20 21:03 0155  EW1M           599  599  16            EU       3   3537.9
 80CW  28-Nov-20 21:04 0156  GM5X           599  599  14            GM       3   3537.0
160CW  28-Nov-20 21:08 0157  LY5R           599  599  15            LY   15  3   1840.2
160CW  28-Nov-20 21:09 0158  SP1D           599  599  15            SP       3   1839.2
160CW  28-Nov-20 21:10 0159  GM2V           599  599  14            GM   14  3   1838.7
160CW  28-Nov-20 21:11 0160  S53ZO          599  599  15            S5       3   1838.4
160CW  28-Nov-20 21:13 0161  IQ2BZ          599  599  15            I        3   1838.0
160CW  28-Nov-20 21:15 0162  DR5X           599  599  14            DL       2   1837.4
160CW  28-Nov-20 21:16 0163  OL1C           599  599  15            OK       3   1836.6
160CW  28-Nov-20 21:16 0164  DL2NBU         599  599  14                     2   1836.3
160CW  28-Nov-20 21:17 0165  UD4F           599  599  16            UA   16  3   1836.1
160CW  28-Nov-20 21:21 0166  GM3X           599  599  14                     3   1835.0
160CW  28-Nov-20 21:22 0167  ES9C           599  599  15            ES       3   1834.7
160CW  28-Nov-20 21:24 0168  GM4AFF         599  599  14                     3   1834.0
160CW  28-Nov-20 21:26 0169  SP5AUC         599  599  15                     3   1833.3
160CW  28-Nov-20 21:28 0170  DJ8QP          599  599  14                     2   1832.8
160CW  28-Nov-20 21:29 0171  PA8AD          599  599  14            PA       3   1832.2
160CW  28-Nov-20 21:32 0172  S56X           599  599  15                     3   1830.7
160CW  28-Nov-20 21:33 0173  OK1DWF         599  599  15                     3   1830.3
160CW  28-Nov-20 21:35 0174  OE2HXG         599  599  15            OE       3   1830.0
160CW  28-Nov-20 21:36 0175  LY7M           599  599  15                     3   1829.7
160CW  28-Nov-20 21:37 0176  HA8BE          599  599  15            HA       3   1829.3
160CW  28-Nov-20 21:38 0177  YT8A           599  599  15            YU       3   1828.7
160CW  28-Nov-20 21:39 0178  OK1DX          599  599  15                     3   1828.0
160CW  28-Nov-20 21:40 0179  S50C           599  599  15                     3   1827.5
160CW  28-Nov-20 21:43 0180  F6IIT          599  599  14            F        3   1826.1
160CW  28-Nov-20 21:44 0181  S53O           599  599  15                     3   1825.7
160CW  28-Nov-20 21:45 0182  UA4S           599  599  16                     3   1825.3
160CW  28-Nov-20 21:47 0183  LA8OM          599  599  14            LA       3   1824.6
160CW  28-Nov-20 21:49 0184  S57Q           599  599  15                     3   1823.9
160CW  28-Nov-20 21:50 0185  UT2AB          599  599  16            UR       3   1823.6
160CW  28-Nov-20 21:52 0186  SM5FUG         599  599  14            SM       3   1823.2
160CW  28-Nov-20 21:56 0187  OL3Z           599  599  15                     3   1822.4
160CW  28-Nov-20 21:58 0188  OL6T           599  599  15                     3   1822.0
160CW  28-Nov-20 22:01 0189  HB9CVQ         599  599  14            HB       3   1821.5
160CW  28-Nov-20 22:01 0190  OM2XW          599  599  15            OM       3   1821.2
160CW  28-Nov-20 22:02 0191  SK3W           599  599  14                     3   1820.6
160CW  28-Nov-20 22:04 0192  M0NPK          599  599  14            G        3   1820.1
160CW  28-Nov-20 22:06 0193  YR8D           599  599  20            YO   20  3   1819.9
160CW  28-Nov-20 22:07 0194  EI0W           599  599  14            EI       3   1819.1
160CW  28-Nov-20 22:08 0195  OH5Z           599  599  15            OH       3   1818.5
160CW  28-Nov-20 22:09 0196  EA3CX          599  599  14            EA       3   1818.0
160CW  28-Nov-20 22:11 0197  OH2BAH         599  599  15                     3   1816.7
160CW  28-Nov-20 22:13 0198  SM3EVR         599  599  14                     3   1816.1
160CW  28-Nov-20 22:14 0199  DJ0MDR         599  599  14                     2   1815.7
160CW  28-Nov-20 22:16 0200  OK4U           599  599  15                     3   1814.4
160CW  28-Nov-20 22:17 0201  OK1CF          599  599  15                     3   1813.6
160CW  28-Nov-20 22:18 0202  LN8W           599  599  14                     3   1812.8
160CW  28-Nov-20 22:19 0203  OK6O           599  599  15                     3   1811.9
160CW  28-Nov-20 22:20 0204  DL7VOA         599  599  14                     2   1811.0
160CW  28-Nov-20 22:21 0205  LY4ZZ          599  599  15                     3   1810.4
 40CW  28-Nov-20 22:26 0206  N3AD           599  599  05            K    05  5   7039.2
 40CW  28-Nov-20 22:27 0207  RT4F           599  599  16                     3   7038.9
 40CW  28-Nov-20 22:32 0208  EA5IFY         599  599  14                     3   7036.7
 40CW  28-Nov-20 22:35 0209  J42I           599  599  20            SV       3   7032.7
 40CW  28-Nov-20 22:37 0210  UZ2M           599  599  16            UR       3   7032.4
 40CW  28-Nov-20 22:38 0211  KI1G           599  599  05                     5   7030.0
 40CW  28-Nov-20 22:43 0212  N2IC           599  599  05                     5   7029.2
 40CW  28-Nov-20 22:45 0213  K1TTT          599  599  05                     5   7027.9
 40CW  28-Nov-20 22:48 0214  UZ2I           599  599  16                     3   7026.3
 40CW  28-Nov-20 22:49 0215  UR7LY          599  599  16                     3   7024.7
 40CW  28-Nov-20 22:51 0216  W3UA           599  599  05                     5   7022.4
 40CW  28-Nov-20 22:52 0217  RX1A           599  599  16                     3   7021.2
 40CW  28-Nov-20 22:55 0218  KQ2M           599  599  05                     5   7020.5
 40CW  28-Nov-20 22:55 0219  UA4M           599  599  16                     3   7019.9
 40CW  28-Nov-20 22:57 0220  EC1R           599  599  14                     3   7018.6
 40CW  28-Nov-20 23:00 0221  EA3C           599  599  14                     3   7019.0
 40CW  28-Nov-20 23:01 0222  UW1M           599  599  16                     3   7017.6
 40CW  28-Nov-20 23:03 0223  N2MF           599  599  05                     5   7016.1
 40CW  28-Nov-20 23:04 0224  UT5C           599  599  16                     3   7015.7
 40CW  28-Nov-20 23:05 0225  YP0K           599  599  20            YO       3   7012.9
 40CW  28-Nov-20 23:06 0226  RA5G           599  599  16                     3   7012.7
 40CW  28-Nov-20 23:07 0227  UA4S           599  599  16                     3   7012.2
 40CW  28-Nov-20 23:08 0228  AB3CX          599  599  05                     5   7011.1
 40CW  28-Nov-20 23:13 0229  K1ZZ           599  599  05                     5   7010.2
 40CW  28-Nov-20 23:15 0230  W3FV           599  599  05                     5   7009.7
 40CW  28-Nov-20 23:16 0231  KC1XX          599  599  05                     5   7008.7
 40CW  28-Nov-20 23:17 0232  R2AA           599  599  16                     3   7007.0
 40CW  28-Nov-20 23:18 0233  K1KI           599  599  05                     5   7006.7
 40CW  28-Nov-20 23:20 0234  K1IR           599  599  05                     5   7004.0
 40CW  28-Nov-20 23:21 0235  RA4AR          599  599  16                     3   7003.8
 40CW  28-Nov-20 23:25 0236  4X6FR          599  599  20            4X       5   7002.8
 20CW  29-Nov-20 09:49 0237  R9AE           599  599  17            UA9  17  5  14040.0
 20CW  29-Nov-20 09:51 0238  IK0YVV         599  599  15                     3  14039.5
 20CW  29-Nov-20 09:51 0239  R8WF           599  599  16                     5  14039.1
 20CW  29-Nov-20 09:52 0240  YT5A           599  599  15                     3  14038.5
 20CW  29-Nov-20 09:54 0241  ES9C           599  599  15            ES       3  14037.9
 20CW  29-Nov-20 09:57 0242  OH9W           599  599  15                     3  14035.8
 20CW  29-Nov-20 09:59 0243  UA6CT          599  599  16                     3  14035.5
 20CW  29-Nov-20 10:00 0244  EW8R           599  599  16            EU       3  14034.1
 20CW  29-Nov-20 10:03 0245  EA9ACE         599  599  33            EA9      5  14033.5
 20CW  29-Nov-20 10:06 0246  YU5M           599  599  15                     3  14032.4
 20CW  29-Nov-20 10:08 0247  SE5E           599  599  14            SM       3  14031.0
 20CW  29-Nov-20 10:08 0248  YT3X           599  599  15                     3  14030.3
 20CW  29-Nov-20 10:09 0249  YR8D           599  599  20            YO       3  14028.9
 20CW  29-Nov-20 10:18 0250  R4LC           599  599  16                     3  14026.4
 20CW  29-Nov-20 10:20 0251  II8M           599  599  15                     3  14025.7
 20CW  29-Nov-20 10:24 0252  LZ5Y           599  599  20                     3  14024.6
 20CW  29-Nov-20 10:25 0253  UB0A           599  599  18                 18  5  14024.0
 20CW  29-Nov-20 10:27 0254  DR1A           599  599  14                     2  14023.5
 20CW  29-Nov-20 10:29 0255  UZ2I           599  599  16            UR       3  14023.0
 20CW  29-Nov-20 10:31 0256  Z35T           599  599  15            Z3       3  14022.3
 20CW  29-Nov-20 10:32 0257  LY4A           599  599  15            LY       3  14021.9
 20CW  29-Nov-20 10:35 0258  YT1T           599  599  15                     3  14020.2
 20CW  29-Nov-20 10:38 0259  LY9Y           599  599  15                     3  14018.8
 20CW  29-Nov-20 10:42 0260  R3XA           599  599  16                     3  14018.1
 20CW  29-Nov-20 10:43 0261  HG7T           599  599  15            HA       3  14017.7
 20CW  29-Nov-20 11:27 0262  4L8A           599  599  21            4L   21  5  14017.0
 20CW  29-Nov-20 11:28 0263  CR5O           599  599  14            CT       3  14016.5
 20CW  29-Nov-20 11:30 0264  S57AL          599  599  15            S5       3  14015.2
 10CW  29-Nov-20 11:38 0265  CR3W           599  599  33            CT3  33  5  28023.3
 10CW  29-Nov-20 11:42 0266  CR2AA          599  599  14            CU   14  3  28038.5
 15CW  29-Nov-20 12:01 0267  R2VA           599  599  16                     3  21071.0
 15CW  29-Nov-20 12:01 0268  RT3N           599  599  16                     3  21070.5
 15CW  29-Nov-20 12:05 0269  CR5K           599  599  14            CT   14  3  21066.2
 15CW  29-Nov-20 12:20 0270  R4RT           599  599  16                     3  21057.0
 15CW  29-Nov-20 12:20 0271  R7AB           599  599  16                     3  21056.8
 15CW  29-Nov-20 12:22 0272  R8FT           599  599  17                 17  3  21054.6
 15CW  29-Nov-20 12:35 0273  DL2ARD         599  599  14            DL       2  21044.5
 15CW  29-Nov-20 12:46 0274  N4AF           599  599  05                     5  21038.2
 15CW  29-Nov-20 12:47 0275  N3RS           599  599  05                     5  21037.8
 15CW  29-Nov-20 12:54 0276  R4IO           599  599  16                     3  21032.0
 15CW  29-Nov-20 12:56 0277  CR3W           599  599  33            CT3  33  5  21030.8
 15CW  29-Nov-20 12:57 0278  K1TTT          599  599  05                     5  21030.0
 15CW  29-Nov-20 12:58 0279  CR2X           599  599  14            CU       3  21029.7
 15CW  29-Nov-20 13:00 0280  4Z4AK          599  599  20            4X       5  21027.1
 15CW  29-Nov-20 13:03 0281  R3ZZ           599  599  16                     3  21025.6
 15CW  29-Nov-20 13:05 0282  NR3X           599  599  05                     5  21022.8
 10CW  29-Nov-20 14:40 0283  DR1A           599  599  14            DL       2  28008.8
 10CW  29-Nov-20 14:42 0284  DK5KK          599  599  14                     2  28043.2
 10CW  29-Nov-20 14:43 0285  DL5JS          599  599  14                     2  28036.3
 20CW  29-Nov-20 14:48 0286  IK8UND         599  599  15                     3  14068.5
 20CW  29-Nov-20 14:51 0287  CR6K           599  599  14                     3  14066.1
 20CW  29-Nov-20 14:54 0288  LZ1ND          599  599  20                     3  14062.1
 20CW  29-Nov-20 14:55 0289  YO4DW          599  599  20                     3  14060.1
 20CW  29-Nov-20 14:56 0290  IT9SSI         599  599  15                     3  14059.4
 20CW  29-Nov-20 14:57 0291  SM2EKM         599  599  14                     3  14059.2
 20CW  29-Nov-20 15:07 0292  S58M           599  599  15                     3  14056.8
 20CW  29-Nov-20 15:08 0293  EA5KM          599  599  14                     3  14054.1
 20CW  29-Nov-20 15:09 0294  N4RJ           599  599  05                     5  14053.4
 20CW  29-Nov-20 15:10 0295  R4RT           599  599  16                     3  14053.0
 20CW  29-Nov-20 15:11 0296  RT4F           599  599  16                     3  14051.0
 20CW  29-Nov-20 15:13 0297  EA6FO          599  599  14            EA6      3  14046.9
 20CW  29-Nov-20 15:16 0298  P3X            599  599  20            5B       5  14040.5
 20CW  29-Nov-20 15:18 0299  IR6T           599  599  15                     3  14038.3
 40CW  29-Nov-20 18:05 0300  RU3A           599  599  16                     3   7037.0
 40CW  29-Nov-20 18:08 0301  EA6NB          599  599  14            EA6      3   7031.8
 40CW  29-Nov-20 18:09 0302  DR1A           599  599  14                     2   7030.3
 40CW  29-Nov-20 19:54 0303  A60A           599  599  21            A6   21  5   7028.6
 40CW  29-Nov-20 19:55 0304  EA5KM          599  599  14                     3   7028.9
 40CW  29-Nov-20 19:57 0305  LZ5ET          599  599  20                     3   7025.9
 40CW  29-Nov-20 19:59 0306  RT6A           599  599  16                     3   7025.5
 40CW  29-Nov-20 20:00 0307  UX0LL          599  599  16                     3   7023.7
 40CW  29-Nov-20 20:02 0308  R5FQ           599  599  16                     3   7020.4
 40CW  29-Nov-20 20:03 0309  RL3BZ          599  599  16                     3   7020.1
 40CW  29-Nov-20 20:18 0310  R6AF           599  599  16                     3   7012.3
 40CW  29-Nov-20 20:20 0311  UA7K           599  599  16                     3   7008.4
 40CW  29-Nov-20 20:29 0312  YP0HQ          599  599  20                     3   7001.0
 80CW  29-Nov-20 20:32 0313  SQ4NR          599  599  15                     3   3568.6
 80CW  29-Nov-20 20:35 0314  IO2A           599  599  15                     3   3565.5
 80CW  29-Nov-20 20:35 0315  DG3T           599  599  14                     2   3565.1
 80CW  29-Nov-20 20:36 0316  LY2ZO          599  599  15                     3   3564.7
 80CW  29-Nov-20 20:36 0317  OH8A           599  599  15                     3   3564.2
 80CW  29-Nov-20 20:38 0318  OK7O           599  599  15                     3   3563.7
 80CW  29-Nov-20 21:35 0319  MW2I           599  599  14            GW       3   3563.3
 80CW  29-Nov-20 21:38 0320  OK7CM          599  599  15                     3   3561.8
 80CW  29-Nov-20 21:39 0321  MM9I           599  599  14                     3   3561.5
 80CW  29-Nov-20 21:41 0322  IR4Y           599  599  15                     3   3559.6
 80CW  29-Nov-20 21:42 0323  HG5A           599  599  15                     3   3559.3
 80CW  29-Nov-20 21:43 0324  HA2EOU         599  599  15                     3   3558.6
 80CW  29-Nov-20 21:44 0325  OH0V           599  599  15                     3   3558.3
 80CW  29-Nov-20 21:47 0326  IT9UFP         599  599  15            IT9      3   3557.9
 80CW  29-Nov-20 21:49 0327  SN7O           599  599  15                     3   3557.4
 80CW  29-Nov-20 21:50 0328  PA3A           599  599  14                     3   3557.0
 80CW  29-Nov-20 21:52 0329  OK5OK          599  599  15                     3   3556.5
 80CW  29-Nov-20 21:53 0330  UZ2I           599  599  16            UR       3   3555.3
 80CW  29-Nov-20 21:55 0331  F8ATS          599  599  14                     3   3554.8
 80CW  29-Nov-20 21:55 0332  UA4M           599  599  16                     3   3554.1
 80CW  29-Nov-20 21:57 0333  LB4UH          599  599  14                     3   3552.6
 80CW  29-Nov-20 21:57 0334  HB9FAP         599  599  14                     3   3551.7
 80CW  29-Nov-20 21:58 0335  OK2HBR         599  599  15                     3   3550.3
 80CW  29-Nov-20 21:59 0336  EW1TO          599  599  16                     3   3548.4
 80CW  29-Nov-20 22:01 0337  OK1FJD         599  599  15                     3   3548.1
 80CW  29-Nov-20 22:02 0338  UZ5ZU          599  599  16                     3   3547.9
 80CW  29-Nov-20 22:02 0339  GM6NX          599  599  14                     3   3547.5
 80CW  29-Nov-20 22:03 0340  IV3FPX         599  599  15                     3   3547.2
 80CW  29-Nov-20 22:05 0341  OK1HEH         599  599  15                     3   3546.9
 80CW  29-Nov-20 22:06 0342  SP2R           599  599  15                     3   3545.8
 80CW  29-Nov-20 22:07 0343  ES9C           599  599  15            ES       3   3545.6
 80CW  29-Nov-20 22:08 0344  F8KCF          599  599  14                     3   3545.2
 80CW  29-Nov-20 22:09 0345  SI9AM          599  599  14                     3   3544.6
 80CW  29-Nov-20 22:10 0346  EA2W           599  599  14            EA       3   3544.3
 80CW  29-Nov-20 22:10 0347  S57C           599  599  15                     3   3543.9
 80CW  29-Nov-20 22:12 0348  I2WIJ          599  599  15                     3   3543.5
 80CW  29-Nov-20 22:15 0349  YT1T           599  599  15                     3   3542.7
 80CW  29-Nov-20 22:16 0350  S50K           599  599  15                     3   3542.4
 80CW  29-Nov-20 22:18 0351  IQ2BZ          599  599  15                     3   3542.0
 80CW  29-Nov-20 22:20 0352  I3FDZ          599  599  15                     3   3540.9
 80CW  29-Nov-20 22:21 0353  EF1A           599  599  14                     3   3540.5
 80CW  29-Nov-20 22:21 0354  G4BUO          599  599  14                     3   3540.1
 80CW  29-Nov-20 22:24 0355  OL3A           599  599  15                     3   3539.7
 80CW  29-Nov-20 22:26 0356  OE6JXA         599  599  15            OE       3   3539.3
 80CW  29-Nov-20 22:29 0357  OH5Z           599  599  15                     3   3537.7
 80CW  29-Nov-20 22:30 0358  GM4X           599  599  14                     3   3537.4
 80CW  29-Nov-20 22:31 0359  UZ1WW          599  599  16                     3   3537.1
 80CW  29-Nov-20 22:35 0360  CR3W           599  599  33            CT3  33  5   3536.8
 80CW  29-Nov-20 22:36 0361  M5B            599  599  14                     3   3535.7
 80CW  29-Nov-20 22:37 0362  DL2LRT         599  599  14                     2   3535.2
 80CW  29-Nov-20 22:38 0363  II8M           599  599  15                     3   3534.6
 80CW  29-Nov-20 22:39 0364  OH9W           599  599  15                     3   3534.2
 80CW  29-Nov-20 22:40 0365  9A3JB          599  599  15                     3   3533.7
 80CW  29-Nov-20 22:42 0366  LZ9W           599  599  20                     3   3532.8
 80CW  29-Nov-20 22:43 0367  IR4K           599  599  15                     3   3531.9
 80CW  29-Nov-20 22:44 0368  SP4JCQ         599  599  15                     3   3530.4
160CW  29-Nov-20 22:46 0369  OK1PI          599  599  15                     3   1838.3
160CW  29-Nov-20 22:48 0370  SP8K           599  599  15                     3   1838.0
160CW  29-Nov-20 22:51 0371  LZ9W           599  599  20            LZ       3   1836.0
160CW  29-Nov-20 22:53 0372  HG0R           599  599  15                     3   1834.4
160CW  29-Nov-20 22:54 0373  SM7M           599  599  14                     3   1833.1
160CW  29-Nov-20 22:56 0374  SN1W           599  599  15                     3   1832.7
160CW  29-Nov-20 22:56 0375  IR0A           599  599  15                     3   1832.5
160CW  29-Nov-20 22:59 0376  SP4W           599  599  15                     3   1831.0
160CW  29-Nov-20 23:02 0377  SO3O           599  599  15                     3   1828.5
160CW  29-Nov-20 23:03 0378  S57L           599  599  15                     3   1828.0
160CW  29-Nov-20 23:06 0379  US1Q           599  599  16                     3   1825.3
160CW  29-Nov-20 23:09 0380  YT7B           599  599  15                     3   1823.8
160CW  29-Nov-20 23:10 0381  EA5ZL          599  599  14                     3   1821.3
160CW  29-Nov-20 23:11 0382  SM3NXS         599  599  14                     3   1821.0
160CW  29-Nov-20 23:12 0383  G5W            599  599  14                     3   1820.3
160CW  29-Nov-20 23:13 0384  YT5A           599  599  15                     3   1820.0
160CW  29-Nov-20 23:14 0385  SQ7U           599  599  15                     3   1819.0
160CW  29-Nov-20 23:18 0386  GM4Z           599  599  14                     3   1817.4
160CW  29-Nov-20 23:19 0387  G4L            599  599  14                     3   1816.5
160CW  29-Nov-20 23:23 0388  OL1A           599  599  15                     3   1811.2
 80CW  29-Nov-20 23:24 0389  LY5G           599  599  15                     3   3529.6
 80CW  29-Nov-20 23:24 0390  SQ7FPD         599  599  15                     3   3528.8
 80CW  29-Nov-20 23:25 0391  SP7JLH         599  599  15                     3   3528.3
 80CW  29-Nov-20 23:26 0392  LC5T           599  599  14                     3   3526.5
 80CW  29-Nov-20 23:27 0393  SP8D           599  599  15                     3   3526.1
 80CW  29-Nov-20 23:28 0394  R2DFD          599  599  16                     3   3525.0
 80CW  29-Nov-20 23:29 0395  HA9RT          599  599  15                     3   3524.3
 80CW  29-Nov-20 23:31 0396  4O4T           599  599  15            4O       3   3523.4
 80CW  29-Nov-20 23:31 0397  OH1F           599  599  15                     3   3522.8
 80CW  29-Nov-20 23:32 0398  SP9WZJ         599  599  15                     3   3522.4
 80CW  29-Nov-20 23:34 0399  YT4A           599  599  15                     3   3522.1
 80CW  29-Nov-20 23:35 0400  HA1TJ          599  599  15                     3   3521.2
