 20CW  12-Jul-20 08:39 0001  YL4HQ          599  599  LRAL          YL       3  14006.1
 20CW  12-Jul-20 08:42 0002  RX3N           599  599  29            UA   29  3  14005.5
 20CW  12-Jul-20 08:48 0003  OP0HQ          599  599  UBA           ON   27  3  14002.6
 20CW  12-Jul-20 08:49 0004  UA4W           599  599  30                 30  3  14002.2
 20CW  12-Jul-20 08:50 0005  S50HQ          599  599  ZRS           S5       3  14001.3
 20CW  12-Jul-20 08:52 0006  ES7A           599  599  29            ES       3  14000.8
 20CW  12-Jul-20 08:53 0007  OK2MBP         599  599  28            OK   28  3  14069.5
 20CW  12-Jul-20 08:56 0008  OH8WR          599  599  18            OH   18  3  14066.5
 20CW  12-Jul-20 08:57 0009  ES5RR          599  599  29                     3  14066.0
 20CW  12-Jul-20 08:59 0010  RT5T           599  599  29                     3  14065.5
 20CW  12-Jul-20 08:59 0011  OH9S           599  599  18                     3  14064.9
 20CW  12-Jul-20 09:00 0012  4U1A           599  599  28            4U1A     5  14064.5
 20CW  12-Jul-20 09:03 0013  I5MXX          599  599  28            I        3  14063.0
 20CW  12-Jul-20 09:04 0014  LY8A           599  599  29            LY       3  14061.5
 20CW  12-Jul-20 09:05 0015  OH6LI          599  599  18                     3  14057.0
 20CW  12-Jul-20 09:05 0016  EU1DX          599  599  29            EU       3  14056.1
 20CW  12-Jul-20 09:07 0017  S57J           599  599  28                     3  14055.6
 20CW  12-Jul-20 09:08 0018  UP7L           599  599  30            UN       5  14055.1
 20CW  12-Jul-20 09:09 0019  OZ1HQ          599  599  EDR           OZ       3  14054.7
 20CW  12-Jul-20 09:20 0020  RW9DX          599  599  30            UA9      5  14051.7
 20CW  12-Jul-20 09:23 0021  R4GM           599  599  29                     3  14051.3
 20CW  12-Jul-20 09:24 0022  RW4WA          599  599  30                     3  14051.0
 20CW  12-Jul-20 09:29 0023  HA5PP          599  599  28            HA       3  14050.0
 20CW  12-Jul-20 09:31 0024  OG6N           599  599  18                     3  14049.4
 20CW  12-Jul-20 09:32 0025  SE5E           599  599  18            SM       3  14047.6
 20CW  12-Jul-20 09:32 0026  SD1A           599  599  18                     3  14046.0
 20CW  12-Jul-20 09:35 0027  SN7Q           599  599  28            SP       3  14043.7
 20CW  12-Jul-20 09:38 0028  EU8U           599  599  29                     3  14041.1
 20CW  12-Jul-20 09:41 0029  OL8M           599  599  28                     3  14040.0
 20CW  12-Jul-20 09:42 0030  LZ5DB          599  599  28            LZ       3  14039.5
 20CW  12-Jul-20 09:42 0031  SP2LNW         599  599  28                     3  14038.7
 20CW  12-Jul-20 09:43 0032  EA2W           599  599  37            EA   37  3  14037.8
 20CW  12-Jul-20 09:46 0033  LZ5Y           599  599  28                     3  14036.4
 20CW  12-Jul-20 09:47 0034  MM1E           599  599  27            GM       3  14035.1
 20CW  12-Jul-20 09:48 0035  E7HQ           599  599  ARABH         E7       3  14033.9
 20CW  12-Jul-20 09:51 0036  LY1M           599  599  29                     3  14033.4
 20CW  12-Jul-20 09:52 0037  OE0HQ          599  599  OVSV          OE       3  14031.5
 20CW  12-Jul-20 09:54 0038  OH2KW          599  599  18                     3  14031.1
 20CW  12-Jul-20 09:55 0039  DL0MCM         599  599  28            DL       2  14030.4
 20CW  12-Jul-20 09:56 0040  SN0HQ          599  599  PZK                    3  14030.0
 20CW  12-Jul-20 09:57 0041  HG0HQ          599  599  MRASZ                  3  14029.2
 20CW  12-Jul-20 10:36 0042  LY2A           599  599  29                     3  14028.6
 20CW  12-Jul-20 10:37 0043  RL5A           599  599  29                     3  14027.6
 20CW  12-Jul-20 10:38 0044  OH2HQ          599  599  SRAL                   3  14027.3
 20CW  12-Jul-20 10:41 0045  9A0HQ          599  599  HRS           9A       3  14025.0
 20CW  12-Jul-20 10:42 0046  S51W           599  599  28                     3  14024.7
 20CW  12-Jul-20 10:43 0047  EF4HQ          599  599  URE                    3  14023.8
 20CW  12-Jul-20 10:44 0048  LZ0HQ          599  599  BFRA                   3  14022.1
 20CW  12-Jul-20 10:46 0049  HG4I           599  599  28                     3  14021.7
 20CW  12-Jul-20 10:48 0050  R0HQ           599  599  SRR                    5  14021.4
 20CW  12-Jul-20 10:49 0051  YR0HQ          599  599  FRR           YO       3  14020.9
 20CW  12-Jul-20 10:52 0052  RT2C           599  599  29                     3  14020.5
 20CW  12-Jul-20 10:55 0053  LY6A           599  599  28                     3  14017.6
 20CW  12-Jul-20 10:56 0054  OL0HQ          599  599  CRC                    3  14016.8
 20CW  12-Jul-20 10:57 0055  HA1TD          599  599  28                     3  14016.4
 20CW  12-Jul-20 11:04 0056  F5VHY          599  599  27            F        3  14014.7
 20CW  12-Jul-20 11:06 0057  LY0HQ          599  599  LRMD                   3  14013.1
 20CW  12-Jul-20 11:08 0058  ED3T           599  599  37                     3  14012.5
 20CW  12-Jul-20 11:09 0059  SP51J          599  599  28                     3  14011.4
 20CW  12-Jul-20 11:10 0060  RU1A           599  599  29                     3  14010.9
 20CW  12-Jul-20 11:11 0061  OM3RM          599  599  28            OM       3  14010.6
 20CW  12-Jul-20 11:12 0062  OM3BH          599  599  28                     3  14010.2
 20CW  12-Jul-20 11:13 0063  GR2HQ          599  599  RSGB          G        3  14009.2
 20CW  12-Jul-20 11:18 0064  YT0HQ          599  599  SRS           YU       3  14007.1
 20CW  12-Jul-20 11:21 0065  IO6A           599  599  28                     3  14005.0
 20CW  12-Jul-20 11:25 0066  M2E            599  599  27                     3  14069.8
 20CW  12-Jul-20 11:28 0067  LY4L           599  599  29                     3  14068.1
 20CW  12-Jul-20 11:30 0068  M3AWD          599  599  27                     3  14067.7
 20CW  12-Jul-20 11:31 0069  S57DX          599  599  28                     3  14065.6
 20CW  12-Jul-20 11:34 0070  YL4U           599  599  29                     3  14064.2
 20CW  12-Jul-20 11:34 0071  LY9Y           599  599  29                     3  14063.3
 20CW  12-Jul-20 11:35 0072  HA6P           599  599  28                     3  14062.9
 20CW  12-Jul-20 11:36 0073  LY5T           599  599  29                     3  14061.6
 20CW  12-Jul-20 11:37 0074  R3FA           599  599  29                     3  14060.4
 20CW  12-Jul-20 11:39 0075  EW8DX          599  599  29                     3  14059.6
 20CW  12-Jul-20 11:39 0076  RM2U           599  599  29                     3  14059.3
 20CW  12-Jul-20 11:40 0077  HA3NU          599  599  28                     3  14058.5
 20CW  12-Jul-20 11:41 0078  RX9WN          599  599  30                     5  14058.2
 20CW  12-Jul-20 11:42 0079  OM0R           599  599  28                     3  14057.7
 20CW  12-Jul-20 11:43 0080  HG7T           599  599  28                     3  14057.4
 20CW  12-Jul-20 11:44 0081  CR6K           599  599  37            CT       3  14056.5
 20CW  12-Jul-20 11:44 0082  UZ5DX          599  599  29            UR       3  14055.8
 20CW  12-Jul-20 11:45 0083  IK0YVV         599  599  28                     3  14055.2
 20CW  12-Jul-20 11:47 0084  4O3A           599  599  28            4O       3  14053.7
 20CW  12-Jul-20 11:49 0085  E7DX           599  599  28                     3  14046.1
 20CW  12-Jul-20 11:50 0086  LY7Z           599  599  29                     3  14045.6
 20CW  12-Jul-20 11:51 0087  RK9AX          599  599  30                     5  14045.0
 20CW  12-Jul-20 11:51 0088  OK2BTJ         599  599  28                     3  14043.4
 20CW  12-Jul-20 11:54 0089  LY5R           599  599  29                     3  14040.2
 20CW  12-Jul-20 11:55 0090  OY1CT          599  599  18            OY       3  14040.6
 20CW  12-Jul-20 11:56 0091  G5W            599  599  AC                     3  14038.4
 20CW  12-Jul-20 11:59 0092  RM9A           599  599  30                     5  14036.1
 20CW  12-Jul-20 11:59 0093  YU1ANO         599  599  28                     3  14035.4
