160CW  18-Jan-20 18:41 0001  YL7X           599  599  473                    0   1829.5
160CW  18-Jan-20 18:43 0002  DL5YL          599  599  077                    0   1828.5
160CW  18-Jan-20 18:44 0003  PI4DX          599  599  51                     0   1825.6
160CW  18-Jan-20 18:46 0004  HA7I           599  599  BO                     0   1821.0
160CW  18-Jan-20 18:49 0005  9A5W           599  599  182                    0   1818.2
160CW  18-Jan-20 18:51 0006  HA0HV          599  599  HB                     0   1813.0
160CW  18-Jan-20 18:53 0007  HG2DX          599  599  CS                     0   1811.5
 40CW  18-Jan-20 18:59 0008  EA4GOY         599  599  094                    0   7030.2
 40CW  18-Jan-20 19:04 0009  LZ5QZ          599  599  036                    0   7036.3
 40CW  18-Jan-20 19:05 0010  EA5JX          599  599  113                    0   7031.5
 40CW  18-Jan-20 19:07 0011  EA1WX          599  599  107                    0   7028.3
 40CW  18-Jan-20 19:10 0012  R4LC           599  599  122                    0   7018.0
 40CW  18-Jan-20 19:13 0013  LZ1ND          599  599  385                    0   7014.4
 80CW  18-Jan-20 19:16 0014  PG3N           599  599  128                    0   3548.5
 80CW  18-Jan-20 19:19 0015  LZ3ZZ          599  599  087                    0   3546.0
 80CW  18-Jan-20 19:20 0016  DL1NKS         599  599  232                    0   3545.5
 80CW  18-Jan-20 19:21 0017  OK2MBP         599  599  276                    0   3544.5
 80CW  18-Jan-20 19:27 0018  SP9BNM         599  599  157                    0   3542.4
 80CW  18-Jan-20 19:27 0019  OR5T           599  599  189                    0   3542.0
 80CW  18-Jan-20 19:29 0020  RC1W           599  599  229                    0   3541.3
 80CW  18-Jan-20 19:30 0021  HG6O           599  599  NG                     0   3539.2
 80CW  18-Jan-20 19:31 0022  HA7RY          599  599  PE                     0   3538.0
 80CW  18-Jan-20 19:49 0023  HA8WY          599  599  BE                     0   3536.7
 80CW  18-Jan-20 19:51 0024  R3ZZ           599  599  300                    0   3534.4
 80CW  18-Jan-20 19:55 0025  PA4O           599  599  144                    0   3532.6
 80CW  18-Jan-20 19:57 0026  LA0CX          599  599  115                    0   3531.3
 80CW  18-Jan-20 20:00 0027  OK1DM          599  599  058                    0   3530.8
 80CW  18-Jan-20 20:02 0028  OH8WW          599  599  299                    0   3528.2
 80CW  18-Jan-20 20:06 0029  F5VHY          599  599  183                    0   3526.6
 80CW  18-Jan-20 20:09 0030  F5IN           599  599  560                    0   3525.8
 80CW  18-Jan-20 20:09 0031  OK2EA          599  599  375                    0   3525.4
 80CW  18-Jan-20 20:11 0032  UT5C           599  599  537                    0   3524.4
 80CW  18-Jan-20 20:13 0033  HG8Z           599  599  BN                     0   3522.5
 80CW  18-Jan-20 20:15 0034  9A7R           599  599  476                    0   3522.1
 80CW  18-Jan-20 20:17 0035  HA5JI          599  599  PE                     0   3520.3
 80CW  18-Jan-20 20:20 0036  YL3FT          599  599  040                    0   3519.9
 80CW  18-Jan-20 20:23 0037  OH3RB          599  599  260                    0   3518.6
 80CW  18-Jan-20 20:23 0038  OL4W           599  599  299                    0   3518.1
 80CW  18-Jan-20 20:25 0039  UA5C           599  599  155                    0   3517.8
 80CW  18-Jan-20 20:28 0040  OM5WW          599  599  242                    0   3517.3
 80CW  18-Jan-20 20:30 0041  E77EA          599  599  363                    0   3516.7
 80CW  18-Jan-20 20:32 0042  SP4JCQ         599  599  465                    0   3516.3
 80CW  18-Jan-20 20:34 0043  HA8BE          599  599  BE                     0   3515.4
 80CW  18-Jan-20 20:38 0044  DL5YL          599  599  173                    0   3514.4
 20CW  19-Jan-20 08:45 0045  R3LC           599  599  126                    0  14045.9
 20CW  19-Jan-20 08:47 0046  P3N            599  599  1285                   0  14043.0
 20CW  19-Jan-20 08:48 0047  EW8DX          599  599  959                    0  14042.6
 20CW  19-Jan-20 08:49 0048  UX3I           599  599  501                    0  14038.6
 20CW  19-Jan-20 08:50 0049  RK3MXT         599  599  072                    0  14038.1
 20CW  19-Jan-20 08:54 0050  RC9J           599  599  255                    0  14034.3
 20CW  19-Jan-20 09:01 0051  RK3T           599  599  1046                   0  14033.8
 20CW  19-Jan-20 09:02 0052  OH3FM          599  599  084                    0  14032.3
 20CW  19-Jan-20 09:03 0053  UA5C           599  599  611                    0  14029.4
 20CW  19-Jan-20 09:08 0054  IT9LKX         599  599  386                    0  14025.8
 20CW  19-Jan-20 09:09 0055  UW1M           599  599  1811                   0  14024.9
 20CW  19-Jan-20 09:09 0056  LZ3QE          599  599  558                    0  14023.9
 20CW  19-Jan-20 09:11 0057  UZ2I           599  599  2379                   0  14022.4
 20CW  19-Jan-20 09:15 0058  Z35F           599  599  105                    0  14018.9
 20CW  19-Jan-20 09:22 0059  YO4DW          599  599  488                    0  14016.3
 20CW  19-Jan-20 09:23 0060  UA5R           599  599  944                    0  14015.9
 20CW  19-Jan-20 09:25 0061  UP0L           599  599  1530                   0  14015.1
 20CW  19-Jan-20 09:28 0062  LZ5R           599  599  2187                   0  14011.1
 20CW  19-Jan-20 09:31 0063  RU5TT          599  599  320                    0  14052.3
 20CW  19-Jan-20 09:35 0064  EA5FIV         599  599  145                    0  14048.5
 20CW  19-Jan-20 09:36 0065  RM3M           599  599  1374                   0  14047.1
 20CW  19-Jan-20 09:41 0066  R9MM           599  599  398                    0  14040.5
 20CW  19-Jan-20 10:04 0067  UN6LN          599  599  377                    0  14036.6
 20CW  19-Jan-20 10:07 0068  RF9C           599  599  1210                   0  14036.0
 20CW  19-Jan-20 10:10 0069  CT1DRB         599  599  252                    0  14029.8
 20CW  19-Jan-20 10:14 0070  UA9BA          599  599  074                    0  14025.9
 20CW  19-Jan-20 10:21 0071  IT9MUO         599  599  205                    0  14021.5
 20CW  19-Jan-20 10:25 0072  UT7E           599  599  119                    0  14017.6
 20CW  19-Jan-20 10:33 0073  UT3EV          599  599  819                    0  14013.0
 20CW  19-Jan-20 10:34 0074  LZ5Y           599  599  623                    0  14011.0
 20CW  19-Jan-20 10:35 0075  EA1VT          599  599  267                    0  14007.0
 40CW  19-Jan-20 10:47 0076  SP1AEN         599  599  142                    0   7038.3
 40CW  19-Jan-20 10:49 0077  OZ2TF          599  599  370                    0   7033.0
 40CW  19-Jan-20 10:52 0078  SP3VT          599  599  063                    0   7030.0
 40CW  19-Jan-20 10:55 0079  OK2HBR         599  599  183                    0   7025.3
 40CW  19-Jan-20 10:56 0080  HA1AD          599  599  GY                     0   7024.4
 40CW  19-Jan-20 10:57 0081  HG5A           599  599  BP                     0   7024.0
 40CW  19-Jan-20 10:58 0082  I2WIJ          599  599  768                    0   7023.3
 40CW  19-Jan-20 11:02 0083  OZ1AAR         599  599  252                    0   7018.0
 40CW  19-Jan-20 11:04 0084  F5IN           599  599  1048                   0   7012.7
 40CW  19-Jan-20 11:06 0085  OZ3SM          599  599  366                    0   7035.7
 40CW  19-Jan-20 11:08 0086  SP3FYX         599  599  022                    0   7024.5
 40CW  19-Jan-20 11:14 0087  S51DX          599  599  933                    0   7018.5
 40CW  19-Jan-20 11:15 0088  HG1G           599  599  BA                     0   7013.8
 20CW  19-Jan-20 11:22 0089  EA5ITT         599  599  378                    0  14046.7
 20CW  19-Jan-20 11:25 0090  UA3QGT         599  599  377                    0  14037.1
 20CW  19-Jan-20 11:29 0091  UA6LCN         599  599  335                    0  14029.1
 20CW  19-Jan-20 11:33 0092  CR5O           599  599  390                    0  14020.7
 20CW  19-Jan-20 11:35 0093  OH2KW          599  599  919                    0  14020.4
 20CW  19-Jan-20 11:36 0094  RM7C           599  599  412                    0  14014.0
 20CW  19-Jan-20 11:39 0095  RC1A           599  599  109                    0  14013.0
 40CW  19-Jan-20 11:41 0096  LY4G           599  599  718                    0   7032.8
 40CW  19-Jan-20 11:42 0097  SP2GMA         599  599  566                    0   7028.7
 40CW  19-Jan-20 11:43 0098  F5KDK          599  599  780                    0   7027.9
 40CW  19-Jan-20 11:44 0099  ER4A           599  599  1509                   0   7024.0
