 20CW  21-Mar-20 14:58 0001  RA3XM          599  599  KG            KG      10  14026.7
 20CW  21-Mar-20 14:59 0002  RT2C           599  599  MO            MO      10  14025.7
 20CW  21-Mar-20 15:02 0003  EA5M           599  599  258           EA       3  14025.3
 20CW  21-Mar-20 15:04 0004  IU0LJD         599  599  060           I        3  14023.6
 20CW  21-Mar-20 15:07 0005  R2OA           599  599  VR            VR      10  14020.2
 20CW  21-Mar-20 15:08 0006  LZ9W           599  599  373           LZ       3  14020.5
 20CW  21-Mar-20 15:50 0007  P3X            599  599  801           5B       5  14018.0
 20CW  21-Mar-20 15:55 0008  UA3RBR         599  599  TB            TB      10  14014.3
 20CW  21-Mar-20 15:56 0009  R2VA           599  599  VL            VL      10  14013.6
 20CW  21-Mar-20 15:57 0010  UA3RF          599  599  TB                    10  14011.8
 20CW  21-Mar-20 16:03 0011  UA6M           599  599  RO            RO      10  14001.4
 20CW  21-Mar-20 16:06 0012  NW3Y           599  599  087           K        5  14059.8
 20CW  21-Mar-20 16:12 0013  9H1PI          599  599  123           9H       3  14057.0
 20CW  21-Mar-20 16:12 0014  EA1AOQ         599  599  251                    3  14055.6
 20CW  21-Mar-20 16:13 0015  LZ1ZM          599  599  277                    3  14053.9
 20CW  21-Mar-20 16:19 0016  IT9LKX         599  599  234           IT9      3  14049.2
 20CW  21-Mar-20 16:21 0017  EA7A           599  599  244                    3  14047.5
 20CW  21-Mar-20 16:24 0018  LZ2HR          599  599  298                    3  14046.0
 20CW  21-Mar-20 16:25 0019  UA6EX          599  599  KC                    10  14045.3
 20CW  21-Mar-20 16:26 0020  EA5Y           599  599  018                    3  14044.8
 20CW  21-Mar-20 16:27 0021  RA5G           599  599  LP                    10  14043.6
 20CW  21-Mar-20 16:30 0022  RG6G           599  599  ST                    10  14040.0
 20CW  21-Mar-20 16:32 0023  UA4M           599  599  UL                    10  14037.3
 20CW  21-Mar-20 16:34 0024  RQ7M           599  599  RO                    10  14036.5
 20CW  21-Mar-20 16:36 0025  CT1DRB         599  599  172           CT       3  14035.6
 20CW  21-Mar-20 16:37 0026  RK7A           599  599  KR                    10  14034.2
 20CW  21-Mar-20 16:38 0027  K3WW           599  599  630                    5  14031.2
 20CW  21-Mar-20 16:40 0028  EC5K           599  599  323                    3  14030.9
 20CW  21-Mar-20 16:43 0029  NR4M           599  599  647                    5  14028.1
 20CW  21-Mar-20 16:47 0030  RZ3Q           599  599  VR                    10  14025.2
 20CW  21-Mar-20 16:48 0031  RA6YDX         599  599  AD                    10  14024.1
 20CW  21-Mar-20 16:49 0032  UA4C           599  599  SA                    10  14022.9
 20CW  21-Mar-20 16:51 0033  RN6AT          599  599  KR                    10  14021.7
 20CW  21-Mar-20 16:52 0034  EA5ITT         599  599  206                    3  14020.2
 20CW  21-Mar-20 16:55 0035  W8MJ           599  599  293                    5  14016.0
 20CW  21-Mar-20 16:57 0036  UA6LCN         599  599  RO                    10  14015.3
 20CW  21-Mar-20 17:01 0037  SV2DSJ         599  599  384           SV       3  14013.0
 20CW  21-Mar-20 17:06 0038  RZ9YI          599  599  AL            UA9      5  14007.7
 20CW  21-Mar-20 17:07 0039  RT6A           599  599  KR                    10  14007.1
 20CW  21-Mar-20 17:08 0040  K3RA           599  599  496                    5  14003.4
 15CW  21-Mar-20 17:10 0041  EF8O           599  599  074           EA8      5  21035.1
 15CW  21-Mar-20 17:12 0042  DL6FBL         599  599  634           DL       2  21030.8
 15CW  21-Mar-20 17:15 0043  PS2T           599  599  403           PY       5  21010.5
 40CW  21-Mar-20 17:47 0044  LB6GG          599  599  246           LA       3   7040.6
 40CW  21-Mar-20 17:48 0045  EA2W           599  599  543           EA       3   7040.9
 40CW  21-Mar-20 17:50 0046  LN5O           599  599  237                    3   7041.1
 40CW  21-Mar-20 17:52 0047  YT7A           599  599  118           YU       3   7039.8
 40CW  21-Mar-20 17:57 0048  IK6QON         599  599  128           I        3   7039.0
 40CW  21-Mar-20 17:58 0049  SP5AUC         599  599  077           SP       3   7038.8
 40CW  21-Mar-20 18:00 0050  CR5E           599  599  891           CT       3   7038.6
 40CW  21-Mar-20 18:03 0051  SN7Q           599  599  639                    3   7037.6
 40CW  21-Mar-20 18:05 0052  SM2U           599  599  363           SM       3   7037.4
 40CW  21-Mar-20 18:07 0053  US1Q           599  599  292           UR       3   7037.0
 40CW  21-Mar-20 20:22 0054  UD7K           599  599  RK            UA      10   7037.1
 40CW  21-Mar-20 20:25 0055  OG66X          599  599  601           OH       3   7035.4
 40CW  21-Mar-20 20:26 0056  RK3AW          599  599  MA                    10   7035.0
 40CW  21-Mar-20 20:28 0057  RZ1OK          599  599  AR                    10   7033.4
 40CW  21-Mar-20 20:31 0058  IZ8EPX         599  599  591                    3   7032.3
 40CW  21-Mar-20 20:32 0059  LZ4W           599  599  236           LZ       3   7031.7
 40CW  21-Mar-20 20:33 0060  EA1WX          599  599  236                    3   7030.9
 40CW  21-Mar-20 20:34 0061  EF1A           599  599  934                    3   7030.4
 40CW  21-Mar-20 20:35 0062  RT1L           599  599  LO                    10   7028.9
 40CW  21-Mar-20 20:36 0063  R1AT           599  599  SP                    10   7027.4
 40CW  21-Mar-20 20:38 0064  RO2E           599  599  OR                    10   7025.4
 40CW  21-Mar-20 20:40 0065  UT5C           599  599  927                    3   7024.6
 40CW  21-Mar-20 20:41 0066  LZ5QZ          599  599  323                    3   7022.5
 40CW  21-Mar-20 20:43 0067  RG2A           599  599  MA                    10   7020.9
 40CW  21-Mar-20 20:44 0068  EA3FZT         599  599  284                    3   7020.7
 40CW  21-Mar-20 20:45 0069  RT6A           599  599  KR                    10   7019.4
 40CW  21-Mar-20 20:49 0070  AA4LS          599  599  879           ZK       5   7015.4
 40CW  21-Mar-20 20:52 0071  4O4T           599  599  815           4O       3   7013.8
 40CW  21-Mar-20 20:53 0072  RA4AR          599  599  VG                    10   7013.1
 40CW  21-Mar-20 20:57 0073  RU1A           599  599  LO                    10   7009.6
 40CW  21-Mar-20 20:58 0074  R6AP           599  599  KR                    10   7008.9
 40CW  21-Mar-20 21:00 0075  R5WW           599  599  KU                    10   7006.0
 40CW  21-Mar-20 21:01 0076  UA4NE          599  599  KI                    10   7004.8
 40CW  21-Mar-20 21:02 0077  LZ1EV          599  599  454                    3   7003.0
160CW  21-Mar-20 21:08 0078  YO2GL          599  599  138           YO       3   1837.0
160CW  21-Mar-20 21:13 0079  YT6T           599  599  186           YU       3   1835.1
160CW  21-Mar-20 21:14 0080  DL4ME          599  599  547           DL       2   1834.5
160CW  21-Mar-20 21:16 0081  SN7Q           599  599  1062          SP       3   1832.5
160CW  21-Mar-20 21:18 0082  LY2J           599  599  539           LY       3   1831.6
160CW  21-Mar-20 21:19 0083  F5IN           599  599  676           F        3   1831.0
160CW  21-Mar-20 21:24 0084  HG6O           599  599  644           HA       3   1829.3
160CW  21-Mar-20 21:26 0085  DK9IP          599  599  529                    2   1829.0
160CW  21-Mar-20 21:27 0086  OM2XW          599  599  214           OM       3   1828.3
160CW  21-Mar-20 21:28 0087  OL725PLZ       599  599  141           OK       3   1828.6
160CW  21-Mar-20 21:30 0088  SM0HRP         599  599  570           SM       3   1827.5
160CW  21-Mar-20 21:40 0089  UA1OMS         599  599  AR            UA      10   1825.1
160CW  21-Mar-20 21:47 0090  S53F           599  599  137           S5       3   1821.5
160CW  21-Mar-20 21:53 0091  9A7A           599  599  157           9A       3   1818.7
160CW  21-Mar-20 21:54 0092  SF1Z           599  599  199                    3   1817.9
 15CW  22-Mar-20 08:59 0093  4X6FR          599  599  1636          4X       5  21005.2
 20CW  22-Mar-20 09:15 0094  R9MM           599  599  OM                     5  14061.2
 20CW  22-Mar-20 09:19 0095  SV1ENG         599  599  980                    3  14055.1
 20CW  22-Mar-20 09:20 0096  EA4M           599  599  044                    3  14055.4
 20CW  22-Mar-20 09:21 0097  UW4E           599  599  1839          UR       3  14053.7
 20CW  22-Mar-20 09:22 0098  EC4C           599  599  446                    3  14053.3
 20CW  22-Mar-20 09:27 0099  JT1CO          599  599  1665          JT       5  14051.8
 20CW  22-Mar-20 09:42 0100  RW9DX          599  599  SV                     5  14049.1
 20CW  22-Mar-20 09:47 0101  R9LY           599  599  TN                     5  14046.4
 20CW  22-Mar-20 09:50 0102  RT4G           599  599  PE                    10  14045.0
 20CW  22-Mar-20 09:52 0103  R3FX           599  599  MO                    10  14043.2
 20CW  22-Mar-20 09:55 0104  R8WF           599  599  BA                     5  14041.5
 20CW  22-Mar-20 10:05 0105  RA3AN          599  599  MA                    10  14036.8
 20CW  22-Mar-20 10:07 0106  4L8A           599  599  1453          4L       5  14035.7
 20CW  22-Mar-20 10:10 0107  RX9UK          599  599  KE                    10  14034.0
 20CW  22-Mar-20 10:10 0108  EF1A           599  599  1262                   3  14033.0
 20CW  22-Mar-20 10:12 0109  OG66X          599  599  1002          OH       3  14032.1
 20CW  22-Mar-20 10:14 0110  RK3T           599  599  NN                    10  14031.7
 20CW  22-Mar-20 10:16 0111  RT1I           599  599  KO                    10  14026.5
 20CW  22-Mar-20 10:18 0112  SV9DJO         599  599  828           SV9      3  14025.8
 20CW  22-Mar-20 10:19 0113  EA7Q           599  599  435                    3  14024.4
 20CW  22-Mar-20 10:49 0114  UA5L           599  599  SM                    10  14019.7
 20CW  22-Mar-20 10:52 0115  LZ1ZJ          599  599  882                    3  14018.3
 20CW  22-Mar-20 10:55 0116  UA5C           599  599  MA                    10  14015.0
 20CW  22-Mar-20 10:56 0117  EA3X           599  599  378                    3  14014.5
 20CW  22-Mar-20 10:58 0118  HA9RT          599  599  111           HA       3  14013.3
 20CW  22-Mar-20 11:00 0119  LZ5Y           599  599  906                    3  14012.4
 20CW  22-Mar-20 11:03 0120  EA4OR          599  599  693                    3  14010.2
 20CW  22-Mar-20 11:07 0121  RA1QD          599  599  VO                    10  14003.8
 20CW  22-Mar-20 11:10 0122  RA3UT          599  599  IV                    10  14001.6
 20CW  22-Mar-20 11:12 0123  OH2PM          599  599  500                    3  14001.4
 20CW  22-Mar-20 11:13 0124  K1LZ           599  599  1411          ZK       5  14000.3
 15CW  22-Mar-20 11:24 0125  YR9F           599  599  935           YO       3  21024.6
 40CW  22-Mar-20 11:46 0126  SP1AEN         599  599  501                    3   7021.6
 40CW  22-Mar-20 11:47 0127  ES5RR          599  599  1529                   3   7038.8
 40CW  22-Mar-20 11:48 0128  9A3JB          599  599  1673          9A       3   7035.1
 40CW  22-Mar-20 11:49 0129  SN6A           599  599  282                    3   7031.8
 40CW  22-Mar-20 11:51 0130  IW3FVZ         599  599  624                    3   7030.0
 40CW  22-Mar-20 11:52 0131  SE5E           599  599  1451                   3   7029.0
 40CW  22-Mar-20 11:54 0132  HB9DQP         599  599  339           HB       3   7029.4
 40CW  22-Mar-20 11:55 0133  OK2EA          599  599  1057          OK       3   7027.5
 40CW  22-Mar-20 11:58 0134  OH5Z           599  599  115                    3   7024.8
