 20CW  29-Feb-20 09:52 0001  LZ3R           599  599  KN12PQ                 0  14022.5
 20CW  29-Feb-20 09:56 0002  RM2U           599  599  LO07KD                 0  14021.7
 20CW  29-Feb-20 10:04 0003  UA3EDQ         599  599  KO72WS                 0  14020.8
 20CW  29-Feb-20 10:07 0004  UD8A           599  599  MO04JI                 0  14019.5
 20CW  29-Feb-20 10:10 0005  LZ3QE          599  599  KN32QL                 0  14019.0
 20CW  29-Feb-20 10:11 0006  R0AA           599  599  NO56FG                 0  14017.8
 20CW  29-Feb-20 10:16 0007  CT1DRB         599  599  IM58KO                 0  14016.9
 20CW  29-Feb-20 10:18 0008  LZ5Y           599  599  KN22QO                 0  14014.7
 20CW  29-Feb-20 10:20 0009  UF5A           599  599  KO85PR                 0  14012.2
 20CW  29-Feb-20 10:25 0010  RW0A           599  599  NO66IE                 0  14011.5
 20CW  29-Feb-20 10:26 0011  UR7GO          599  599  KN66IQ                 0  14007.2
 20CW  29-Feb-20 10:31 0012  YO4NF          599  599  KN44HD                 0  14052.4
 20CW  29-Feb-20 10:33 0013  UP7L           599  599  MO12NQ                 0  14051.9
 20CW  29-Feb-20 10:35 0014  RN3TT          599  599  LO16RA                 0  14048.9
 20CW  29-Feb-20 10:38 0015  R4RT           599  599  LO45OK                 0  14048.5
 20CW  29-Feb-20 10:46 0016  RU9I           599  599  NO26MM                 0  14047.5
 20CW  29-Feb-20 10:49 0017  RA1QD          599  599  KO99XL                 0  14046.4
 20CW  29-Feb-20 10:52 0018  RU5TT          599  599  LO16XG                 0  14044.7
 20CW  29-Feb-20 10:54 0019  R7NK           599  599  KN97KF                 0  14040.9
 20CW  29-Feb-20 10:57 0020  RA3TT          599  599  LO26AH                 0  14040.2
 20CW  29-Feb-20 10:58 0021  R3BB           599  599  KO95VT                 0  14039.7
 20CW  29-Feb-20 11:15 0022  UA9AX          599  599  MO04PS                 0  14037.6
 20CW  29-Feb-20 11:19 0023  RM2T           599  599  LO16WH                 0  14039.2
 20CW  29-Feb-20 11:27 0024  RL4F           599  599  LO23NA                 0  14032.4
 20CW  29-Feb-20 11:29 0025  RL5A           599  599  KO85OM                 0  14032.0
 20CW  29-Feb-20 11:31 0026  LA0CX          599  599  JO59QC                 0  14031.5
 20CW  29-Feb-20 11:32 0027  UN0LM          599  599  MO13TE                 0  14030.3
 20CW  29-Feb-20 11:36 0028  YT1A           599  599  KN03IR                 0  14026.4
 20CW  29-Feb-20 11:50 0029  R5WW           599  599  KO81CP                 0  14019.6
 20CW  29-Feb-20 11:53 0030  9A3VM          599  599  JN92BP                 0  14017.1
 20CW  29-Feb-20 11:53 0031  UN7CN          599  599  MO43VO                 0  14014.1
 20CW  29-Feb-20 11:54 0032  LZ1ND          599  599  KN22IK                 0  14012.0
 20CW  29-Feb-20 11:55 0033  RA7A           599  599  KN94WS                 0  14010.8
 20CW  29-Feb-20 11:57 0034  UN7LZ          599  599  MO13TE                 0  14010.2
