 20CW  04-Jul-20 17:49 0001  F6IRA          599  599  287           F        3  14000.0
 20CW  04-Jul-20 17:52 0002  RN3AM          599  599  171           UA       3  14000.0
 20CW  04-Jul-20 17:54 0003  UA9CTT         599  599  188           UA9      5  14000.0
 20CW  04-Jul-20 17:55 0004  S51DX          599  599  248           S5       3  14000.0
 20CW  04-Jul-20 17:57 0005  CT1DRB         599  599  073           CT       3  14000.0
 20CW  04-Jul-20 17:58 0006  F5OHM          599  599  229                    3  14000.0
 20CW  04-Jul-20 18:00 0007  HG7T           599  599  324           HA       3  14000.0
 20CW  04-Jul-20 18:08 0008  LY2A           599  599  055           LY       3  14000.0
 20CW  04-Jul-20 18:10 0009  YL7X           599  599  315           YL       3  14000.0
 20CW  04-Jul-20 18:12 0010  R4BZ           599  599  121                    3  14000.0
 20CW  04-Jul-20 18:17 0011  BG1HGS         599  599  088           BY       5  14000.0
 20CW  04-Jul-20 18:20 0012  N2KW           599  599  169           K        5  14000.0
 20CW  04-Jul-20 18:23 0013  EA1WH          599  599  067           EA       3  14000.0
 20CW  04-Jul-20 18:26 0014  IF9A           599  599  267           IT9      3  14000.0
 20CW  04-Jul-20 18:45 0015  R7MM           599  599  195                    3  14000.0
 20CW  04-Jul-20 18:47 0016  EA4OR          599  599  235                    3  14000.0
 20CW  04-Jul-20 18:48 0017  YL2BJ          599  599  279                    3  14000.0
 20CW  04-Jul-20 18:50 0018  RL5A           599  599  176                    3  14000.0
 20CW  04-Jul-20 19:06 0019  E74X           599  599  079           E7       3  14000.0
 20CW  04-Jul-20 19:08 0020  UA6GO          599  599  080                    3  14000.0
 20CW  04-Jul-20 19:48 0021  IT9ATF         599  599  219                    3  14000.0
 20CW  04-Jul-20 20:10 0022  UC5D           599  599  010                    3  14000.0
 20CW  04-Jul-20 20:17 0023  R7FF           599  599  082                    3  14000.0
 20CW  04-Jul-20 20:18 0024  IV3SKB         599  599  105           I        3  14000.0
 20CW  04-Jul-20 20:22 0025  LZ2HR          599  599  384           LZ       3  14000.0
 20CW  04-Jul-20 20:29 0026  EA5YU          599  599  096                    3  14000.0
 20CW  04-Jul-20 20:32 0027  LQ3D           599  599  055           LU       5  14000.0
 20CW  04-Jul-20 20:39 0028  TA7I           599  599  038           TA       5  14000.0
 20CW  04-Jul-20 20:42 0029  9K2NO          599  599  064           9K       5  14000.0
 20CW  04-Jul-20 20:45 0030  UA1F           599  599  125                    3  14000.0
 20CW  04-Jul-20 20:49 0031  RT2C           599  599  083                    3  14000.0
 20CW  04-Jul-20 20:52 0032  IT9VJO         599  599  056                    3  14000.0
 20CW  04-Jul-20 20:54 0033  LZ5R           599  599  782                    3  14000.0
 20CW  04-Jul-20 20:57 0034  4X6FR          599  599  170           4X       5  14000.0
 20CW  04-Jul-20 21:00 0035  I2WIJ          599  599  168                    3  14000.0
 20CW  04-Jul-20 21:03 0036  N3RS           599  599  086                    5  14000.0
 20CW  05-Jul-20 13:55 0037  YQ6A           599  599  727           YO       3  14000.0
 20CW  05-Jul-20 13:58 0038  9A3B           599  599  1145          9A       3  14000.0
 20CW  05-Jul-20 13:58 0039  HF1Z           599  599  371           SP       3  14000.0
 20CW  05-Jul-20 14:00 0040  R1QE           599  599  118                    3  14000.0
