 20CW  01-Mar-20 12:03 0001  EA1G           599  599  359                    0  14028.0
 20CW  01-Mar-20 12:05 0002  YO4DW          599  599  314                    0  14025.1
 20CW  01-Mar-20 12:06 0003  UT4U           599  599  977                    0  14023.1
 20CW  01-Mar-20 12:06 0004  IK0YVV         599  599  630                    0  14022.0
 20CW  01-Mar-20 12:07 0005  OM4Q           599  599  1036                   0  14021.0
 20CW  01-Mar-20 12:08 0006  LZ3QE          599  599  598                    0  14020.0
 20CW  01-Mar-20 12:10 0007  UY5ZZ          599  599  543                    0  14018.5
 20CW  01-Mar-20 12:11 0008  LZ1NK          599  599  1245                   0  14018.1
 20CW  01-Mar-20 12:12 0009  Z35F           599  599  300                    0  14017.5
 20CW  01-Mar-20 12:13 0010  IT9LKX         599  599  623                    0  14016.5
 20CW  01-Mar-20 12:13 0011  LZ5R           599  599  1845                   0  14016.0
 20CW  01-Mar-20 12:14 0012  R9MM           599  599  506                    0  14015.0
 20CW  01-Mar-20 12:15 0013  YL3FT          599  599  1265                   0  14012.8
 20CW  01-Mar-20 12:15 0014  LZ5Y           599  599  190                    0  14011.7
 20CW  01-Mar-20 12:17 0015  RN3F           599  599  1204                   0  14011.2
 20CW  01-Mar-20 12:17 0016  LZ6E           599  599  541                    0  14010.1
 20CW  01-Mar-20 12:18 0017  R7CT           599  599  419                    0  14052.6
 20CW  01-Mar-20 12:20 0018  RU8T           599  599  250                    0  14051.1
 20CW  01-Mar-20 12:21 0019  RU5TT          599  599  279                    0  14048.9
 20CW  01-Mar-20 12:23 0020  UA1CUR         599  599  125                    0  14047.4
 20CW  01-Mar-20 12:23 0021  R1AT           599  599  556                    0  14047.5
 20CW  01-Mar-20 12:26 0022  OK2RZ          599  599  064                    0  14047.0
 20CW  01-Mar-20 12:26 0023  RM3M           599  599  911                    0  14045.1
 20CW  01-Mar-20 12:29 0024  RL3T           599  599  173                    0  14041.0
 20CW  01-Mar-20 12:31 0025  UY5VA          599  599  672                    0  14040.0
 20CW  01-Mar-20 12:32 0026  LZ1RW          599  599  462                    0  14037.0
 20CW  01-Mar-20 12:34 0027  RW4CLF/3       599  599  119                    0  14032.8
 20CW  01-Mar-20 12:36 0028  RU9I           599  599  286                    0  14028.5
 20CW  01-Mar-20 12:36 0029  CT1DRB         599  599  344                    0  14028.1
 20CW  01-Mar-20 12:39 0030  UR3VKR         599  599  228                    0  14020.3
 20CW  01-Mar-20 12:41 0031  LZ1QN          599  599  455                    0  14016.6
 20CW  01-Mar-20 12:42 0032  P3X            599  599  1726                   0  14014.3
 20CW  01-Mar-20 12:43 0033  LZ1ND          599  599  809                    0  14011.9
 40CW  01-Mar-20 12:46 0034  OK2QA          599  599  112                    0   7037.0
 40CW  01-Mar-20 12:47 0035  SP1AEN         599  599  463                    0   7033.5
 40CW  01-Mar-20 12:48 0036  S58MU          599  599  284                    0   7032.1
 40CW  01-Mar-20 12:49 0037  SM6IQD         599  599  059                    0   7031.3
 40CW  01-Mar-20 12:50 0038  9A3YT          599  599  087                    0   7029.4
 40CW  01-Mar-20 12:51 0039  LZ5R           599  599  1885                   0   7028.1
 40CW  01-Mar-20 12:53 0040  SQ1REX         599  599  530                    0   7023.0
 40CW  01-Mar-20 12:54 0041  OK1HCG         599  599  120                    0   7022.0
 40CW  01-Mar-20 12:55 0042  DL5YM          599  599  460                    0   7020.7
 40CW  01-Mar-20 12:56 0043  IG3FHE         599  599  138                    0   7018.0
 40CW  01-Mar-20 12:57 0044  I2SVA          599  599  193                    0   7017.2
 40CW  01-Mar-20 12:58 0045  LY2PX          599  599  533                    0   7010.2
