 40CW  09-May-20 14:33 0001  9A5W           599  599  158           9A       3   7031.1
 40CW  09-May-20 14:37 0002  SP4TKR         599  599  050           SP       3   7029.6
 40CW  09-May-20 14:38 0003  SP3ZHP         599  599  053                    3   7029.4
 40CW  09-May-20 14:39 0004  R3ZZ           599  599  141           UA       3   7028.0
 40CW  09-May-20 14:40 0005  IV3HAX         599  599  009           I        3   7027.7
 40CW  09-May-20 14:42 0006  LY2A           599  599  122           LY       3   7021.5
 40CW  09-May-20 14:45 0007  IK2PFL         599  599  205                    3   7012.7
 20CW  09-May-20 14:48 0008  R3OM           599  599  130           UA       3  14051.4
 20CW  09-May-20 14:50 0009  RN9N           599  599  244           UA9      5  14050.0
 20CW  09-May-20 14:51 0010  YO9HP          599  599  238           YO       3  14049.5
 20CW  09-May-20 14:53 0011  RT6Y           599  599  360                    3  14048.5
 20CW  09-May-20 14:54 0012  RW7F           599  599  308                    3  14047.1
 20CW  09-May-20 14:57 0013  RX3APM         599  599  090                    3  14046.5
 20CW  09-May-20 15:06 0014  D4Z            599  599  237           D4       5  14045.6
 20CW  09-May-20 15:07 0015  EA4AOC         599  599  188           EA       3  14043.7
 20CW  09-May-20 15:12 0016  EA5ITT         599  599  128                    3  14037.9
 20CW  09-May-20 15:16 0017  R4KW           599  599  403                    3  14029.7
 20CW  09-May-20 15:17 0018  LZ5I           599  599  326           LZ       3  14028.9
 20CW  09-May-20 15:18 0019  RU6AV          599  599  329                    3  14028.1
 20CW  09-May-20 15:27 0020  SV1ME          599  599  132           SV       3  14021.5
 20CW  09-May-20 15:32 0021  UA5C           599  599  509                    3  14015.9
 20CW  09-May-20 15:36 0022  R4II           599  599  097                    3  14014.8
 20CW  09-May-20 15:36 0023  R8FT           599  599  191                    3  14012.5
 20CW  09-May-20 17:07 0024  EA1X           599  599  269                    3  14008.5
 20CW  09-May-20 17:08 0025  UA9XX          599  599  174                    3  14021.0
 20CW  09-May-20 17:09 0026  LZ5R           599  599  743                    3  14019.8
 20CW  09-May-20 17:12 0027  SV1BJW         599  599  267                    3  14025.4
 20CW  09-May-20 17:13 0028  NA8V           599  599  210           K        5  14028.8
 20CW  09-May-20 17:15 0029  LZ5Y           599  599  469                    3  14034.6
 20CW  09-May-20 17:17 0030  SV1JG          599  599  194                    3  14037.0
 80CW  09-May-20 17:22 0031  OK1AGE         599  599  013           OK       3   3532.8
 40CW  09-May-20 17:25 0032  SM5IMO         599  599  051           SM       3   7038.0
 40CW  09-May-20 17:26 0033  SM5CSS         599  599  153                    3   7037.5
 40CW  09-May-20 17:28 0034  RT4D           599  599  132                    3   7036.9
 40CW  09-May-20 17:29 0035  R4BZ           599  599  054                    3   7036.7
 40CW  09-May-20 17:33 0036  RT6Y           599  599  583                    3   7035.0
 40CW  09-May-20 17:35 0037  RU4PU          599  599  334                    3   7033.5
 40CW  09-May-20 17:36 0038  EW1TO          599  599  172           EU       3   7032.9
 40CW  09-May-20 17:38 0039  RN9N           599  599  504           UA9      5   7031.9
 40CW  09-May-20 17:39 0040  MM3AWD         599  599  261           GM       3   7031.6
 40CW  09-May-20 17:42 0041  YU5W           599  599  077           YU       3   7029.8
 40CW  09-May-20 17:44 0042  IK2GZU         599  599  137                    3   7028.7
 40CW  09-May-20 17:47 0043  LZ5R           599  599  833           LZ       3   7027.6
 40CW  09-May-20 17:48 0044  RU3A           599  599  509                    3   7026.9
 40CW  09-May-20 17:49 0045  SP7IIT         599  599  117                    3   7025.8
 40CW  09-May-20 17:50 0046  R9PA           599  599  589                    5   7025.4
 40CW  09-May-20 17:52 0047  IU4JNR         599  599  012                    3   7024.8
 40CW  09-May-20 17:56 0048  LB6GG          599  599  301           LA       3   7024.0
 40CW  09-May-20 17:59 0049  SP2R           599  599  111                    3   7022.7
 40CW  09-May-20 18:00 0050  OM0R           599  599  490           OM       3   7022.3
 15CW  09-May-20 19:37 0051  LS2D           599  599  079           LU       5  21016.1
 20CW  09-May-20 19:42 0052  CT1DRB         599  599  148           CT       3  14051.6
 20CW  09-May-20 19:48 0053  OE3KAB         599  599  148           OE       3  14043.6
 20CW  09-May-20 19:52 0054  TA7I           599  599  139           TA       5  14041.0
 20CW  09-May-20 20:14 0055  DL5AXX         599  599  186           DL       2  14039.5
 20CW  09-May-20 20:17 0056  LZ2PS          599  599  264                    3  14032.0
 20CW  09-May-20 20:21 0057  LZ3QE          599  599  543                    3  14025.5
 20CW  09-May-20 20:24 0058  Z33B           599  599  266           Z3       3  14020.4
 20CW  09-May-20 20:36 0059  RL3A           599  599  1221                   3  14011.0
 20CW  09-May-20 20:37 0060  EA3KE          599  599  096                    3  14009.6
 20CW  09-May-20 20:38 0061  LZ5DD          599  599  167                    3  14008.3
 20CW  09-May-20 20:39 0062  EA5O           599  599  242                    3  14007.2
 20CW  09-May-20 20:40 0063  LW5HR          599  599  095           LU       5  14005.5
 80CW  09-May-20 20:42 0064  YQ6A           599  599  749           YO       3   3540.1
 80CW  09-May-20 20:46 0065  LZ5R           599  599  1234          LZ       3   3535.0
 80CW  09-May-20 20:48 0066  OM3PA          599  599  334           OM       3   3533.4
 80CW  09-May-20 20:53 0067  OK1AY          599  599  013                    3   3525.8
 80CW  09-May-20 20:55 0068  DL5YM          599  599  445           DL       2   3523.5
 80CW  09-May-20 20:55 0069  YT5A           599  599  887           YU       3   3522.6
 80CW  09-May-20 20:57 0070  DL6KVA         599  599  520                    2   3522.1
 80CW  09-May-20 20:59 0071  LA8HGA         599  599  422           LA       3   3519.6
 80CW  09-May-20 21:08 0072  DL8ULF         599  599  321                    2   3519.1
 80CW  09-May-20 21:09 0073  OH2PM          599  599  144           OH       3   3518.0
 80CW  09-May-20 21:12 0074  SQ8LUU         599  599  095           SP       3   3517.0
 80CW  09-May-20 21:17 0075  HA5JI          599  599  911           HA       3   3514.4
 80CW  09-May-20 21:18 0076  LY2J           599  599  538           LY       3   3514.0
 80CW  09-May-20 21:20 0077  LZ5I           599  599  904                    3   3512.9
 80CW  09-May-20 21:21 0078  RT3T           599  599  291           UA       3   3512.6
 80CW  09-May-20 21:22 0079  YL5T           599  599  294           YL       3   3510.9
 80CW  09-May-20 21:22 0080  E77EA          599  599  359           E7       3   3509.0
 80CW  09-May-20 21:24 0081  LZ5XQ          599  599  225                    3   3506.1
160CW  09-May-20 21:26 0082  DL5YM          599  599  488           DL       2   1828.2
160CW  09-May-20 21:31 0083  DL4HRM         599  599  409                    2   1824.0
160CW  09-May-20 21:32 0084  LA8HGA         599  599  457           LA       3   1817.2
160CW  09-May-20 21:37 0085  OH1F           599  599  653           OH       3   1830.7
160CW  09-May-20 21:40 0086  DL6FBL         599  599  1024                   2   1821.4
160CW  09-May-20 21:42 0087  SM5CSS         599  599  316           SM       3   1818.0
 10CW  10-May-20 08:21 0088  LZ5R           599  599  2463          LZ       3  28012.6
 15CW  10-May-20 08:25 0089  YU5R           599  599  549           YU       3  21026.7
 15CW  10-May-20 08:27 0090  YO3LW          599  599  137           YO       3  21025.1
 15CW  10-May-20 08:28 0091  YT6W           599  599  1547                   3  21023.0
 15CW  10-May-20 08:46 0092  EA5U           599  599  124           EA       3  21010.0
 15CW  10-May-20 09:00 0093  CR5O           599  599  523           CT       3  21009.0
 15CW  10-May-20 09:20 0094  DL6FBL         599  599  1949          DL       2  21014.3
 20CW  10-May-20 09:22 0095  OH3JF          599  599  143           OH       3  14058.5
 20CW  10-May-20 09:25 0096  YU3A           599  599  658           YU       3  14056.5
 20CW  10-May-20 09:27 0097  F6HKA          599  599  358           F        3  14055.8
 20CW  10-May-20 09:29 0098  IV3SKB         599  599  799           I        3  14055.0
 20CW  10-May-20 09:30 0099  R8OM           599  599  150                    3  14054.2
 20CW  10-May-20 09:32 0100  UA9CDC         599  599  891                    5  14051.5
 20CW  10-May-20 09:34 0101  IK3QAR         599  599  429                    3  14049.0
 20CW  10-May-20 09:36 0102  HA7PO          599  599  378           HA       3  14048.0
 20CW  10-May-20 09:38 0103  EA3NO          599  599  102                    3  14045.5
 20CW  10-May-20 09:40 0104  EA1FBU         599  599  288                    3  14043.6
 20CW  10-May-20 09:41 0105  YO4DW          599  599  253                    3  14040.7
 20CW  10-May-20 09:51 0106  LZ8R           599  599  1027                   3  14037.8
 20CW  10-May-20 09:52 0107  YT4W           599  599  1041                   3  14037.8
 20CW  10-May-20 09:54 0108  RA3TT          599  599  248                    3  14037.8
 20CW  10-May-20 09:56 0109  S58RU          599  599  037           S5       3  14037.8
 20CW  10-May-20 09:56 0110  RT2C           599  599  1814                   3  14037.8
 20CW  10-May-20 09:57 0111  RA5G           599  599  2556                   3  14037.8
 20CW  10-May-20 09:58 0112  9A2EY          599  599  464           9A       3  14037.8
 20CW  10-May-20 09:58 0113  RX9WN          599  599  1219                   5  14037.8
 20CW  10-May-20 09:59 0114  UR7GO          599  599  705           UR       3  14037.8
 20CW  10-May-20 10:01 0115  RU3A           599  599  1543                   3  14037.8
