 40CW  21-Nov-20 15:58 0001  S53BB          599  599  28            S5   28  3   7039.4
 40CW  21-Nov-20 16:01 0002  SN7Q           599  599  28            SP       3   7036.9
 40CW  21-Nov-20 16:02 0003  YL5T           599  599  29            YL   29  3   7035.6
 40CW  21-Nov-20 16:03 0004  YL5W           599  599  29                     3   7035.2
 40CW  21-Nov-20 16:04 0005  LY2PX          599  599  29            LY       3   7033.0
 40CW  21-Nov-20 16:05 0006  9A3VM          599  599  28            9A       3   7031.4
 40CW  21-Nov-20 16:07 0007  IK0EFR         599  599  28            I        3   7029.5
 40CW  21-Nov-20 16:08 0008  LZ4AE          599  599  VR            LZ       3   7029.0
 40CW  21-Nov-20 16:10 0009  R5QL           599  599  29            UA       3   7027.6
 40CW  21-Nov-20 16:10 0010  EV1R           599  599  29            EU       3   7027.2
 40CW  21-Nov-20 16:12 0011  IZ4ZZB         599  599  28                     3   7025.9
 40CW  21-Nov-20 16:13 0012  SM5IMO         599  599  18            SM   18  3   7023.9
 40CW  21-Nov-20 16:15 0013  YO3LW          599  599  28            YO       3   7023.2
 40CW  21-Nov-20 16:15 0014  YL7X           599  599  29                     3   7022.7
 40CW  21-Nov-20 16:16 0015  OM3RM          599  599  28            OM       3   7022.3
 40CW  21-Nov-20 16:17 0016  UA4LCH         599  599  29                     3   7021.9
 40CW  21-Nov-20 16:17 0017  R2QA           599  599  29                     3   7021.6
 40CW  21-Nov-20 16:18 0018  OK2EA          599  599  28            OK       3   7021.2
 40CW  21-Nov-20 16:23 0019  4O4T           599  599  28            4O       3   7018.9
 40CW  21-Nov-20 16:29 0020  GM0ELP         599  599  27            GM   27  3   7016.8
 40CW  21-Nov-20 16:30 0021  OM3CW          599  599  28                     3   7016.1
 40CW  21-Nov-20 16:30 0022  9A2AJ          599  599  28                     3   7015.7
 40CW  21-Nov-20 16:30 0023  YT4W           599  599  28            YU       3   7015.1
 40CW  21-Nov-20 16:32 0024  LZ1QN          599  599  BU                     3   7014.5
 40CW  21-Nov-20 16:34 0025  EV6Z           599  599  29                     3   7012.3
 40CW  21-Nov-20 16:35 0026  SP1NY          599  599  28                     3   7011.9
 40CW  21-Nov-20 16:36 0027  RW4W           599  599  30                 30  3   7011.6
 40CW  21-Nov-20 16:38 0028  YQ6A           599  599  28                     3   7010.8
 40CW  21-Nov-20 16:39 0029  LZ8R           599  599  VD                     3   7010.5
 40CW  21-Nov-20 16:40 0030  EA1RKA         599  599  37            EA   37  3   7010.0
 40CW  21-Nov-20 16:43 0031  LZ1ND          599  599  PD                     3   7008.0
 40CW  21-Nov-20 16:46 0032  MM9I           599  599  27                     3   7004.6
 40CW  21-Nov-20 16:51 0033  LY8A           599  599  29                     3   7003.6
 40CW  21-Nov-20 18:19 0034  LZ7G           599  599  PD                     3   7000.7
 10CW  22-Nov-20 09:41 0035  P3AA           599  599  39            5B   39  5  28002.0
 15CW  22-Nov-20 09:47 0036  RZ9UO          599  599  31            UA9  31  5  21022.6
 15CW  22-Nov-20 09:48 0037  R9YC           599  599  31                     5  21021.0
 15CW  22-Nov-20 09:52 0038  LZ5R           599  599  PD            LZ       3  21015.0
 15CW  22-Nov-20 09:53 0039  TA2DA/3        599  599  39            TA   39  5  21014.6
 15CW  22-Nov-20 09:54 0040  RN5AA          599  599  29            UA   29  3  21014.1
 15CW  22-Nov-20 09:56 0041  RV3ZN          599  599  29                     3  21013.2
 15CW  22-Nov-20 09:58 0042  RT4M           599  599  29                     3  21011.5
 15CW  22-Nov-20 09:59 0043  F5PAL          599  599  27            F    27  3  21010.7
 15CW  22-Nov-20 10:04 0044  LZ1ND          599  599  PD                     3  21009.0
 15CW  22-Nov-20 10:08 0045  RX3N           599  599  29                     3  21006.9
 15CW  22-Nov-20 10:11 0046  RW9USA         599  599  31                     5  21005.1
 15CW  22-Nov-20 10:12 0047  R7MM           599  599  29                     3  21003.1
 15CW  22-Nov-20 10:14 0048  EB5F           599  599  37            EA   37  3  21050.5
 15CW  22-Nov-20 10:19 0049  LZ1QV          599  599  BU                     3  21000.0
 15CW  22-Nov-20 10:24 0050  LZ1D           599  599  SF                     3  21000.0
 15CW  22-Nov-20 10:26 0051  YL5W           599  599  29            YL       3  21000.0
 15CW  22-Nov-20 10:28 0052  LZ3FN          599  599  DO                     3  21000.0
 15CW  22-Nov-20 10:29 0053  RN3T           599  599  29                     3  21000.0
 15CW  22-Nov-20 10:30 0054  YO9GR          599  599  28            YO   28  3  21000.0
 15CW  22-Nov-20 10:32 0055  UT7IS          599  599  29            UR       3  21000.0
 15CW  22-Nov-20 10:35 0056  OH8WR          599  599  18            OH   18  3  21000.0
 15CW  22-Nov-20 10:37 0057  UZ1WW          599  599  29                     3  21000.0
 15CW  22-Nov-20 10:38 0058  Z32U           599  599  28            Z3       3  21000.0
 15CW  22-Nov-20 10:38 0059  LZ1MC          599  599  SZ                     3  21000.0
 15CW  22-Nov-20 11:06 0060  RA3AN          599  599  29                     3  21000.0
 15CW  22-Nov-20 11:07 0061  LY2J           599  599  29            LY       3  21000.0
 15CW  22-Nov-20 11:08 0062  LY5AX          599  599  29                     3  21000.0
 15CW  22-Nov-20 11:10 0063  LZ9R           599  599  BU                     3  21000.0
 15CW  22-Nov-20 11:11 0064  LZ1VS          599  599  PK                     3  21000.0
 15CW  22-Nov-20 11:11 0065  LZ2PL          599  599  RS                     3  21000.0
 15CW  22-Nov-20 11:12 0066  LZ3A           599  599  SF                     3  21000.0
 15CW  22-Nov-20 11:15 0067  EA8DHV         599  599  36            EA8  36  5  21000.0
 15CW  22-Nov-20 11:19 0068  RM2U           599  599  29                     3  21000.0
 15CW  22-Nov-20 11:21 0069  LZ5KW          599  599  PD                     3  21025.7
 15CW  22-Nov-20 11:24 0070  LZ3V           599  599  SF                     3  21024.4
 15CW  22-Nov-20 11:26 0071  RA5G           599  599  29                     3  21023.0
 20CW  22-Nov-20 11:30 0072  UA3RBR         599  599  29            UA   29  3  14025.0
 20CW  22-Nov-20 11:31 0073  R5AJ           599  599  29                     3  14024.8
 20CW  22-Nov-20 11:31 0074  LZ7M           599  599  SF            LZ       3  14024.2
 20CW  22-Nov-20 11:32 0075  SP9H           599  599  28            SP   28  3  14023.8
 20CW  22-Nov-20 11:34 0076  IT9LKX         599  599  28            IT9      3  14021.8
 20CW  22-Nov-20 11:35 0077  SP2FAP         599  599  28                     3  14020.7
 20CW  22-Nov-20 11:35 0078  EV1R           599  599  29            EU       3  14020.5
 20CW  22-Nov-20 11:36 0079  RX9AF          599  599  30            UA9  30  5  14019.8
 20CW  22-Nov-20 11:38 0080  LZ3FM          599  599  PK                     3  14018.8
 20CW  22-Nov-20 11:41 0081  TA2SE          599  599  39            TA   39  5  14017.3
 20CW  22-Nov-20 11:43 0082  LZ2PL          599  599  RS                     3  14016.0
 20CW  22-Nov-20 11:44 0083  R4LC           599  599  29                     3  14015.2
 20CW  22-Nov-20 11:44 0084  RN4SS          599  599  29                     3  14015.0
 20CW  22-Nov-20 11:45 0085  EA4OR          599  599  37            EA   37  3  14014.6
 20CW  22-Nov-20 11:46 0086  LY2J           599  599  29            LY       3  14013.9
 20CW  22-Nov-20 11:47 0087  LZ5VV          599  599  MN                     3  14012.4
 20CW  22-Nov-20 11:49 0088  CR5O           599  599  37            CT       3  14011.5
 20CW  22-Nov-20 11:51 0089  SN5Y           599  599  28                     3  14008.5
 20CW  22-Nov-20 11:51 0090  SF0A           599  599  18            SM   18  3  14007.1
 20CW  22-Nov-20 11:52 0091  SM5IMO         599  599  18                     3  14005.8
 20CW  22-Nov-20 11:53 0092  LZ1QN          599  599  BU                     3  14004.0
 20CW  22-Nov-20 11:57 0093  LZ6E           599  599  SF                     3  14002.5
 20CW  22-Nov-20 11:57 0094  P3AA           599  599  39            5B       5  14002.0
 20CW  22-Nov-20 11:58 0095  LZ6C           599  599  MN                     3  14033.6
 20CW  22-Nov-20 11:59 0096  UA4CC          599  599  29                     3  14032.7
