 40CW  20-Apr-20 16:51 0001  9A7R           599  599  032           9A       3   7039.1
 40CW  20-Apr-20 16:54 0002  I2CZQ          599  599  034           I        3   7033.8
 40CW  20-Apr-20 16:55 0003  OM5RM          599  599  043           OM       3   7000.0
 40CW  20-Apr-20 16:56 0004  SE0C           599  599  017           SM       3   7000.0
 40CW  20-Apr-20 16:57 0005  SM5CSS         599  599  035                    3   7000.0
 40CW  20-Apr-20 16:58 0006  MM3AWD         599  599  041           GM       3   7000.0
 40CW  20-Apr-20 16:59 0007  UT5IZ          599  599  033           UR       3   7000.0
 40CW  20-Apr-20 17:00 0008  EU8R           599  599  040           EU       3   7000.0
 40CW  20-Apr-20 17:04 0009  EA3X           599  599  054           EA       3   7032.6
 40CW  20-Apr-20 17:05 0010  OH5ZA          599  599  028           OH       3   7031.6
 40CW  20-Apr-20 17:07 0011  UT5NR          599  599  037                    3   7030.3
 40CW  20-Apr-20 17:07 0012  ES1BVG         599  599  031           ES       3   7030.3
 40CW  20-Apr-20 17:08 0013  UT1IM          599  599  029                    3   7030.3
 40CW  20-Apr-20 17:08 0014  OM3WZ          599  599  015                    3   7030.3
 80CW  20-Apr-20 17:14 0015  DL0CG          599  599  058           DL       2   3545.7
 80CW  20-Apr-20 17:15 0016  SM5IMO         599  599  066           SM       3   3542.5
 80CW  20-Apr-20 17:17 0017  PA9CW          599  599  048           PA       3   3540.2
 80CW  20-Apr-20 17:18 0018  OK1OFM         599  599  026           OK       3   3539.3
 80CW  20-Apr-20 17:20 0019  OM3PA          599  599  093           OM       3   3538.2
 80CW  20-Apr-20 17:21 0020  OK2EA          599  599  083                    3   3537.5
 80CW  20-Apr-20 17:24 0021  YT2RX          599  599  033           YU       3   3535.1
 80CW  20-Apr-20 17:25 0022  OM5ZW          599  599  111                    3   3534.3
 80CW  20-Apr-20 17:26 0023  DL5YM          599  599  060                    2   3533.1
 80CW  20-Apr-20 17:27 0024  SN1T           599  599  105           SP       3   3532.5
 80CW  20-Apr-20 17:28 0025  SP2AEK         599  599  056                    3   3530.4
