 40CW  12-Oct-20 16:30 0001  SM6IQD         599  599  001           SM       3   7032.8
 40CW  12-Oct-20 16:32 0002  OK1YM          599  599  008           OK       3   7032.0
 40CW  12-Oct-20 16:33 0003  OK2EA          599  599  008                    3   7031.5
 40CW  12-Oct-20 16:34 0004  UA3VRV         599  599  001           UA       3   7031.1
 40CW  12-Oct-20 16:36 0005  OK2TJ          599  599  010                    3   7030.5
 40CW  12-Oct-20 16:36 0006  E77EA          599  599  012           E7       3   7030.0
 40CW  12-Oct-20 16:39 0007  HB9BXE         599  599  024           HB       3   7028.8
 40CW  12-Oct-20 16:39 0008  OK1FCJ         599  599  018                    3   7028.5
 40CW  12-Oct-20 16:41 0009  DD5M           599  599  021           DL       2   7028.1
 40CW  12-Oct-20 16:42 0010  SF1Z           599  599  022                    3   7026.6
 40CW  12-Oct-20 16:43 0011  SN1T           599  599  027           SP       3   7025.5
 40CW  12-Oct-20 16:45 0012  SD6M           599  599  021                    3   7035.6
 40CW  12-Oct-20 16:45 0013  SE5L           599  599  018                    3   7035.0
 40CW  12-Oct-20 16:46 0014  YU1RA          599  599  030           YU       3   7034.5
 40CW  12-Oct-20 16:47 0015  SM9X           599  599  034                    3   7034.2
 40CW  12-Oct-20 16:49 0016  SM5CSS         599  599  027                    3   7033.8
 40CW  12-Oct-20 16:50 0017  OK1RKS         599  599  018                    3   7032.3
 40CW  12-Oct-20 16:50 0018  OM3PA          599  599  039           OM       3   7031.9
 40CW  12-Oct-20 16:52 0019  YL3FW          599  599  020           YL       3   7033.4
 40CW  12-Oct-20 16:53 0020  OK2NAJ         599  599  016                    3   7034.0
 40CW  12-Oct-20 16:54 0021  OM5ZW          599  599  039                    3   7034.6
 40CW  12-Oct-20 16:54 0022  OM3WZ          599  599  021                    3   7034.6
 40CW  12-Oct-20 16:55 0023  9A7R           599  599  034           9A       3   7034.6
 40CW  12-Oct-20 16:56 0024  EU8F           599  599  035           EU       3   7034.6
 40CW  12-Oct-20 16:56 0025  DL1NKS         599  599  017                    2   7034.6
 40CW  12-Oct-20 16:56 0026  OK5SA          599  599  020                    3   7034.6
 40CW  12-Oct-20 16:57 0027  SM5DXR         599  599  022                    3   7034.6
 40CW  12-Oct-20 16:57 0028  SK5AA          599  599  019                    3   7034.6
 40CW  12-Oct-20 16:59 0029  OK2BFN         599  599  045                    3   7034.6
 40CW  12-Oct-20 16:59 0030  HA3FMR         599  599  021           HA       3   7034.6
 40CW  12-Oct-20 17:00 0031  DK2FG          599  599  052                    2   7034.6
 40CW  12-Oct-20 17:00 0032  HA3HK          599  599  011                    3   7034.6
 40CW  12-Oct-20 17:01 0033  UT5NR          599  599  031           UR       3   7034.6
 40CW  12-Oct-20 17:03 0034  ES1BVG         599  599  039           ES       3   7034.6
 40CW  12-Oct-20 17:05 0035  RX3QNE         599  599  030                    3   7032.5
 40CW  12-Oct-20 17:08 0036  EA3X           599  599  055           EA       3   7029.8
 80CW  12-Oct-20 17:18 0037  SN6A           599  599  021           SP       3   3542.5
 80CW  12-Oct-20 17:19 0038  PA9CW          599  599  052           PA       3   3541.8
 80CW  12-Oct-20 17:20 0039  OK1DOR         599  599  079           OK       3   3541.2
 80CW  12-Oct-20 17:21 0040  SM9X           599  599  086           SM       3   3540.7
 80CW  12-Oct-20 17:22 0041  DM30RSV        599  599  060           DL       2   3540.3
 80CW  12-Oct-20 17:23 0042  SP3OCC         599  599  064                    3   3539.8
 80CW  12-Oct-20 17:24 0043  DL1NKS         599  599  051                    2   3539.0
