 40CW  17-Aug-20 16:33 0001  SD6M           599  599  006           SM       3   7033.1
 40CW  17-Aug-20 16:35 0002  OK2BTJ         599  599  008           OK       3   7032.0
 40CW  17-Aug-20 16:36 0003  OK1YM          599  599  010                    3   7031.6
 40CW  17-Aug-20 16:37 0004  OM3PA          599  599  017           OM       3   7030.3
 40CW  17-Aug-20 16:38 0005  9A7R           599  599  016           9A       3   7034.0
 40CW  17-Aug-20 16:39 0006  HA5MA          599  599  012           HA       3   7034.0
 40CW  17-Aug-20 16:39 0007  SE6K           599  599  008                    3   7034.0
 40CW  17-Aug-20 16:40 0008  SM5AHD         599  599  008                    3   7034.0
 40CW  17-Aug-20 16:40 0009  OK5MM          599  599  018                    3   7034.0
 40CW  17-Aug-20 16:41 0010  OM3CPF         599  599  013                    3   7034.0
 40CW  17-Aug-20 16:43 0011  HB9BXE         599  599  028           HB       3   7034.0
 40CW  17-Aug-20 16:45 0012  SE5L/P         599  599  007                    3   7034.0
 40CW  17-Aug-20 16:48 0013  SD1A           599  599  029                    3   7034.0
 40CW  17-Aug-20 16:49 0014  SM5IMO         599  599  027                    3   7034.0
 40CW  17-Aug-20 16:49 0015  SP2R           599  599  019           SP       3   7034.0
 40CW  17-Aug-20 16:50 0016  SN1T           599  599  033                    3   7034.0
 40CW  17-Aug-20 16:50 0017  OK5SA          599  599  015                    3   7034.0
 40CW  17-Aug-20 16:53 0018  DK2FG          599  599  038           DL       2   7034.0
 40CW  17-Aug-20 16:54 0019  OK1KTI         599  599  006                    3   7034.0
 40CW  17-Aug-20 16:57 0020  DD5M           599  599  038                    2   7031.6
 40CW  17-Aug-20 16:59 0021  DL1NKS         599  599  036                    2   7029.0
 40CW  17-Aug-20 17:00 0022  UT5NR          599  599  025           UR       3   7028.0
 40CW  17-Aug-20 17:00 0023  SP2XX          599  599  039                    3   7027.6
 40CW  17-Aug-20 17:02 0024  EA3X           599  599  036           EA       3   7025.4
 40CW  17-Aug-20 17:03 0025  DL4ME          599  599  003                    2   7035.2
 40CW  17-Aug-20 17:05 0026  OK5OO          599  599  034                    3   7032.9
 40CW  17-Aug-20 17:07 0027  OH3BCX         599  599  036           OH       3   7029.6
 40CW  17-Aug-20 17:10 0028  EA8F           599  599  037           EA8      5   7033.4
 80CW  17-Aug-20 17:13 0029  SN1T           599  599  067           SP       3   3539.5
 80CW  17-Aug-20 17:14 0030  DL1NKS         599  599  046           DL       2   3536.0
 80CW  17-Aug-20 17:14 0031  DL1QC          599  599  033                    2   3535.5
 80CW  17-Aug-20 17:17 0032  OK2EA          599  599  072           OK       3   3533.0
 80CW  17-Aug-20 17:20 0033  OK5MM          599  599  077                    3   3534.0
 80CW  17-Aug-20 17:21 0034  SN6A           599  599  065                    3   3534.5
 80CW  17-Aug-20 17:21 0035  DJ9MH          599  599  050                    2   3535.4
 80CW  17-Aug-20 17:28 0036  OK1YM          599  599  073                    3   3532.4
