 20CW  14-Nov-20 15:28 0001  OK5Z           599  599  GTR           GTR      3  14058.7
 40CW  14-Nov-20 15:36 0002  OK6Y           599  599  GVY           GVY      3   7038.6
 40CW  14-Nov-20 15:37 0003  OM8LA          599  599  KEZ           KEZ      3   7037.2
 40CW  14-Nov-20 15:42 0004  OM7SR          599  599  BBY           BBY      3   7036.2
 40CW  14-Nov-20 15:44 0005  OK2MBP         599  599  HNJ           HNJ      3   7033.3
 40CW  14-Nov-20 15:46 0006  OM3RM          599  599  DST           DST      3   7031.6
 40CW  14-Nov-20 15:52 0007  OK2PIM         599  599  GKR           GKR      3   7027.9
 40CW  14-Nov-20 15:56 0008  OM7JG          599  599  VKR           VKR      3   7024.6
 40CW  14-Nov-20 15:58 0009  OK2EA          599  599  HVS           HVS      3   7023.2
 40CW  14-Nov-20 16:06 0010  OM5DX          599  599  LVC           LVC      3   7012.5
 40CW  14-Nov-20 16:08 0011  OM3CPF         599  599  SEA           SEA      3   7008.2
 80CW  14-Nov-20 16:12 0012  OK7W           599  599  FRK           FRK      3   3524.5
 80CW  14-Nov-20 16:13 0013  OK2HBR         599  599  HOL           HOL      3   3559.4
 80CW  14-Nov-20 16:17 0014  OK1USP         599  599  ELI           ELI      3   3545.9
 80CW  14-Nov-20 16:18 0015  OK2PYA         599  599  GJI           GJI      3   3542.0
 80CW  14-Nov-20 16:20 0016  OM5CD          599  599  BAB           BAB      3   3540.5
 80CW  14-Nov-20 19:08 0017  OM0WR          599  599  SNI           SNI      3   3537.5
 80CW  14-Nov-20 19:11 0018  OK1FMX         599  599  EMO           EMO      3   3537.0
 80CW  14-Nov-20 19:11 0019  OK7AW          599  599  GPR           GPR      3   3536.5
 80CW  14-Nov-20 19:12 0020  OK1DJS         599  599  DKL           DKL      3   3536.0
 80CW  14-Nov-20 19:14 0021  OK2MBP         599  599  HNJ           HNJ      3   3535.2
 80CW  14-Nov-20 19:14 0022  OK1DOL         599  599  DPS           DPS      3   3534.3
 80CW  14-Nov-20 19:16 0023  OK1KRI         599  599  BPV           BPV      3   3533.2
 80CW  14-Nov-20 19:16 0024  OL2U           599  599  EMO                    3   3532.7
 80CW  14-Nov-20 19:20 0025  OM3PA          599  599  PAR           PAR      3   3532.3
 80CW  14-Nov-20 19:21 0026  OK1IBP         599  599  DDO           DDO      3   3531.5
 80CW  14-Nov-20 19:21 0027  OK1DCS         599  599  CCK           CCK      3   3531.0
 80CW  14-Nov-20 19:23 0028  OK2CQR         599  599  BME           BME      3   3530.5
 80CW  14-Nov-20 19:26 0029  OM5CM          599  599  NIT           NIT      3   3529.0
 80CW  14-Nov-20 19:27 0030  OK1JFP         599  599  EUL           EUL      3   3528.6
 80CW  14-Nov-20 19:28 0031  OK1HEH         599  599  FCR           FCR      3   3528.3
 80CW  14-Nov-20 19:29 0032  OM3RM          599  599  DST           DST      3   3528.0
 80CW  14-Nov-20 19:34 0033  OK2EA          599  599  HVS           HVS      3   3524.0
 80CW  14-Nov-20 19:39 0034  OK1DWF         599  599  BKO           BKO      3   3523.4
 80CW  14-Nov-20 19:40 0035  OL7P           599  599  DDO           DDO      3   3522.6
 80CW  14-Nov-20 19:41 0036  OK1PI          599  599  FCR                    3   3521.6
 80CW  14-Nov-20 19:44 0037  OK2LW          599  599  GBR           GBR      3   3520.1
 80CW  14-Nov-20 19:58 0038  OK1AY          599  599  DDO                    3   3513.8
 80CW  14-Nov-20 19:59 0039  OL6D           599  599  DPJ           DPJ      3   3513.0
 80CW  14-Nov-20 20:00 0040  OK2TJ          599  599  GVY           GVY      3   3512.5
160CW  14-Nov-20 20:26 0041  OM5NL          599  599  KOM           KOM      3   1837.6
160CW  14-Nov-20 20:29 0042  OL2U           599  599  EMO           EMO      3   1833.9
160CW  14-Nov-20 20:31 0043  OK1YM          599  599  BKH           BKH      3   1832.3
160CW  14-Nov-20 20:32 0044  OM7JG          599  599  VKR           VKR      3   1831.5
160CW  14-Nov-20 20:36 0045  OK2EA          599  599  HVS           HVS      3   1830.9
160CW  14-Nov-20 20:37 0046  OK5OK          599  599  EUL           EUL      3   1829.9
160CW  14-Nov-20 20:37 0047  OK5Z           599  599  GTR           GTR      3   1829.2
160CW  14-Nov-20 20:40 0048  OK2YH          599  599  GHO           GHO      3   1825.5
160CW  14-Nov-20 20:46 0049  OK2BUZ         599  599  HVS                    3   1823.9
160CW  14-Nov-20 20:47 0050  OM2XW          599  599  MYJ           MYJ      3   1823.2
160CW  14-Nov-20 20:51 0051  OK2TJ          599  599  GVY           GVY      3   1822.6
160CW  14-Nov-20 20:53 0052  OM3CGN         599  599  KEO           KEO      3   1821.7
160CW  14-Nov-20 20:54 0053  OK1CF          599  599  ECH           ECH      3   1820.0
160CW  14-Nov-20 20:56 0054  OK2EQ          599  599  HOP           HOP      3   1839.9
160CW  14-Nov-20 21:02 0055  OM5CX          599  599  NZA           NZA      3   1836.9
160CW  14-Nov-20 21:03 0056  OK2BVG         599  599  CPR           CPR      3   1836.2
160CW  14-Nov-20 21:06 0057  OK2MBP         599  599  HNJ           HNJ      3   1835.7
160CW  14-Nov-20 21:08 0058  OK7AW          599  599  GPR           GPR      3   1834.5
160CW  14-Nov-20 21:15 0059  OK1KRI         599  599  BPV           BPV      3   1827.2
160CW  14-Nov-20 21:26 0060  OK1DKR         599  599  APH           APH      3   1826.0
160CW  14-Nov-20 21:33 0061  OK1DOR         599  599  APD           APD      3   1821.6
 80CW  14-Nov-20 21:49 0062  OM6TX          599  599  CAD           CAD      3   3568.0
 80CW  14-Nov-20 21:54 0063  OK5D           599  599  ETE           ETE      3   3564.6
 80CW  14-Nov-20 21:55 0064  OK1FKD         599  599  ECH           ECH      3   3563.5
 20CW  15-Nov-20 09:40 0065  OM6MS          599  599  LMI           LMI      3  14034.0
 40CW  15-Nov-20 09:47 0066  OK1KUO         599  599  FUO           FUO      3   7039.0
 40CW  15-Nov-20 09:48 0067  OK2QX          599  599  HPR           HPR      3   7038.0
 40CW  15-Nov-20 09:53 0068  OK1DOL         599  599  DPS           DPS      3   7034.5
 40CW  15-Nov-20 09:54 0069  OL7O           599  599  DKV           DKV      3   7033.7
 40CW  15-Nov-20 09:55 0070  OK7AW          599  599  GPR           GPR      3   7031.2
 40CW  15-Nov-20 10:09 0071  OM5WW          599  599  LVC                    3   7030.9
 40CW  15-Nov-20 10:13 0072  OK2KG          599  599  GBL           GBL      3   7027.6
 40CW  15-Nov-20 10:14 0073  OK7T           599  599  EDE           EDE      3   7027.1
 40CW  15-Nov-20 10:15 0074  OK1FMX         599  599  EMO           EMO      3   7024.9
 40CW  15-Nov-20 10:16 0075  OL5Y           599  599  BKO           BKO      3   7023.1
 40CW  15-Nov-20 10:18 0076  OK1FZM         599  599  CTA           CTA      3   7020.5
 40CW  15-Nov-20 10:22 0077  OK2ABU         599  599  GZS           GZS      3   7018.9
 40CW  15-Nov-20 10:23 0078  OK1FIM         599  599  BKH           BKH      3   7018.0
 40CW  15-Nov-20 10:25 0079  OM8FF          599  599  KEO                    3   7016.6
 40CW  15-Nov-20 10:26 0080  OK8AU          599  599  BPZ           BPZ      3   7015.4
 40CW  15-Nov-20 10:28 0081  OM2MP          599  599  SAL           SAL      3   7016.0
 40CW  15-Nov-20 10:30 0082  OK1HAS         599  599  CPI           CPI      3   7014.3
 40CW  15-Nov-20 10:31 0083  OL5J           599  599  FHB           FHB      3   7013.6
 40CW  15-Nov-20 10:35 0084  OL4W           599  599  ELI           ELI      3   7009.6
 40CW  15-Nov-20 10:37 0085  OK2TJ          599  599  GVY                    3   7008.5
 40CW  15-Nov-20 10:37 0086  OK1YM          599  599  BKH                    3   7008.0
 40CW  15-Nov-20 10:38 0087  OM7M           599  599  PAR           PAR      3   7007.6
 40CW  15-Nov-20 10:39 0088  OL1C           599  599  ETE           ETE      3   7006.4
 40CW  15-Nov-20 10:40 0089  OL3R           599  599  APC           APC      3   7001.4
 40CW  15-Nov-20 10:42 0090  OK1FFA         599  599  BMB           BMB      3   7035.8
 40CW  15-Nov-20 10:43 0091  OK1TC          599  599  FTR           FTR      3   7036.2
 40CW  15-Nov-20 10:48 0092  OL725PLZ       599  599  DPM           DPM      3   7032.4
 40CW  15-Nov-20 10:49 0093  OK1MAW         599  599  FSV           FSV      3   7029.5
 40CW  15-Nov-20 10:50 0094  OK2CMZ         599  599  HSU           HSU      3   7028.9
 40CW  15-Nov-20 10:51 0095  OM2VL          599  599  BST           BST      3   7028.4
 40CW  15-Nov-20 10:53 0096  OK5Z           599  599  GTR           GTR      3   7025.4
 40CW  15-Nov-20 10:54 0097  OK1VK          599  599  CPE           CPE      3   7024.0
 40CW  15-Nov-20 10:54 0098  OK5OK          599  599  EUL           EUL      3   7023.3
 40CW  15-Nov-20 10:58 0099  OK2AF          599  599  GZS                    3   7022.0
 40CW  15-Nov-20 10:58 0100  OK1SI          599  599  ELT           ELT      3   7021.6
