160CW  25-Apr-20 20:32 0001  F5IN           599  599  352           F        3   1829.0
160CW  25-Apr-20 20:33 0002  HB9CZF         599  599  AG            HB       3   1828.1
160CW  25-Apr-20 20:34 0003  HB9DND         599  599  ZG                     3   1827.5
160CW  25-Apr-20 20:36 0004  HB9ON          599  599  TI                     3   1825.4
160CW  25-Apr-20 20:37 0005  HB9FMU         599  599  SO                     3   1823.7
160CW  25-Apr-20 20:38 0006  PA8AD          599  599  343           PA       3   1823.0
160CW  25-Apr-20 20:40 0007  HB9AMO         599  599  GE                     3   1820.8
160CW  25-Apr-20 20:44 0008  HB9CA          599  599  AG                     3   1815.0
160CW  25-Apr-20 20:45 0009  IV3AZV         599  599  164           I        3   1832.0
160CW  25-Apr-20 20:46 0010  HB5E           599  599  ZH                     3   1831.5
160CW  25-Apr-20 20:47 0011  HG0R           599  599  227           HA       3   1829.8
160CW  25-Apr-20 20:49 0012  HB9TNW         599  599  SG                     3   1828.4
160CW  25-Apr-20 20:50 0013  HB9DQL         599  599  AR                     3   1826.8
160CW  25-Apr-20 20:51 0014  RA3CO          599  599  393           UA       3   1826.5
160CW  25-Apr-20 20:53 0015  HB9BXE         599  599  LU                     3   1824.9
160CW  25-Apr-20 20:56 0016  F8CRH          599  599  112                    3   1820.0
160CW  25-Apr-20 21:02 0017  HB9AJM         599  599  TI                     3   1815.0
 40CW  26-Apr-20 08:23 0018  UA5C           599  599  067           UA       3   7011.7
 40CW  26-Apr-20 09:37 0019  DL6RDE         599  599  446           DL       2   7011.0
 40CW  26-Apr-20 09:42 0020  DJ0AH          599  599  190                    2   7029.0
 40CW  26-Apr-20 09:43 0021  LB6GG          599  599  545           LA       3   7027.0
 40CW  26-Apr-20 09:45 0022  DM6WAN         599  599  197                    2   7025.8
 40CW  26-Apr-20 09:47 0023  DK3YD          599  599  259                    2   7017.0
 40CW  26-Apr-20 09:48 0024  HB9CPS         599  599  ZH            HB       3   7016.4
 40CW  26-Apr-20 09:52 0025  IK2WAD         599  599  139           I        3   7016.1
 40CW  26-Apr-20 09:53 0026  HB9FBS         599  599  TI                     3   7014.5
 40CW  26-Apr-20 09:56 0027  F5NTZ          599  599  095           F        3   7013.3
 40CW  26-Apr-20 10:10 0028  DL1DQW         599  599  284                    2   7012.0
 40CW  26-Apr-20 10:14 0029  HB9DCO         599  599  BL                     3   7010.1
 10CW  26-Apr-20 10:20 0030  EA7Q           599  599  436           EA       3  28012.5
 15CW  26-Apr-20 10:22 0031  HB9EDB         599  599  TI            HB       3  21022.6
 15CW  26-Apr-20 10:26 0032  YU1UO          599  599  336           YU       3  21020.0
 15CW  26-Apr-20 10:28 0033  LZ5R           599  599  840           LZ       3  21015.5
 15CW  26-Apr-20 10:29 0034  EA5M           599  599  411           EA       3  21012.9
 15CW  26-Apr-20 10:30 0035  LZ4A           599  599  460                    3  21010.6
 15CW  26-Apr-20 10:32 0036  EA7Q           599  599  442                    3  21034.0
 15CW  26-Apr-20 10:34 0037  OY1CT          599  599  486           OY       3  21030.1
 20CW  26-Apr-20 10:42 0038  LZ1QZ          599  599  042           LZ       3  14049.1
 20CW  26-Apr-20 10:44 0039  YT6M           599  599  000           YU       3  14046.5
 20CW  26-Apr-20 10:46 0040  E77EA          599  599  592           E7       3  14045.5
 20CW  26-Apr-20 10:49 0041  OG6N           599  599  114           OH       3  14038.8
 20CW  26-Apr-20 10:49 0042  HB9AA          599  599  VD            HB       3  14038.4
 20CW  26-Apr-20 10:50 0043  UT1QQ          599  599  325           UR       3  14037.0
 20CW  26-Apr-20 10:54 0044  IK3UNA         599  599  369           I        3  14032.5
 20CW  26-Apr-20 10:56 0045  E74X           599  599  445                    3  14031.8
 20CW  26-Apr-20 10:57 0046  LB6GG          599  599  579           LA       3  14029.5
 20CW  26-Apr-20 11:02 0047  US7IGN         599  599  101                    3  14022.0
 20CW  26-Apr-20 11:03 0048  EA5M           599  599  432           EA       3  14021.4
 20CW  26-Apr-20 11:04 0049  IT9MUO         599  599  337           IT9      3  14021.0
 20CW  26-Apr-20 11:05 0050  RU9SO          599  599  255           UA9      5  14019.7
 20CW  26-Apr-20 11:09 0051  K1ZZ           599  599  376           K        5  14013.9
 20CW  26-Apr-20 11:10 0052  KC1XX          599  599  062                    5  14012.3
 20CW  26-Apr-20 11:12 0053  EA7AAW         599  599  201                    3  14011.0
 20CW  26-Apr-20 12:49 0054  UZ1A           599  599  306                    3  14011.0
