 20CW  19-Sep-20 12:32 0001  OY1CT          599  599  077           OY       3  14023.6
 20CW  19-Sep-20 12:46 0002  OH6BA          599  599  056           OH       3  14019.1
 20CW  19-Sep-20 12:50 0003  OH7R           599  599  104                    3  14017.5
 20CW  19-Sep-20 12:56 0004  TF3W           599  599  105           TF       3  14015.3
 20CW  19-Sep-20 12:58 0005  OH4MDY         599  599  076                    3  14012.0
 20CW  19-Sep-20 13:12 0006  OH8WR          599  599  097                    3  14049.0
 20CW  19-Sep-20 15:57 0007  OH8X           599  599  590                    3  14028.1
 20CW  19-Sep-20 16:00 0008  OH7K           599  599  438                    3  14016.0
 20CW  19-Sep-20 16:03 0009  LA7IM          599  599  066           LA       3  14012.0
 40CW  19-Sep-20 16:07 0010  LN8W           599  599  389           LA       3   7008.7
 40CW  19-Sep-20 16:11 0011  SB7S           599  599  284           SM       3   7007.5
 40CW  19-Sep-20 16:12 0012  SE0X           599  599  160                    3   7006.7
 40CW  19-Sep-20 16:12 0013  SJ2W           599  599  640                    3   7005.0
 40CW  19-Sep-20 16:19 0014  OG6N           599  599  439           OH       3   7004.0
 40CW  19-Sep-20 16:20 0015  SE4E           599  599  398                    3   7003.0
 40CW  19-Sep-20 16:22 0016  OG7A           599  599  595                    3   7002.1
 40CW  19-Sep-20 16:24 0017  LA4C           599  599  585                    3   7037.9
 40CW  19-Sep-20 16:34 0018  SM5COP         599  599  297                    3   7036.9
 40CW  19-Sep-20 16:49 0019  SF6W           599  599  297                    3   7034.8
 40CW  19-Sep-20 18:41 0020  OH4BCS         599  599  474                    3   7033.4
 40CW  19-Sep-20 18:43 0021  SD3G           599  599  243                    3   7032.5
 40CW  19-Sep-20 18:45 0022  SC3A           599  599  641                    3   7031.2
 40CW  19-Sep-20 18:46 0023  SM0T           599  599  622                    3   7030.9
 40CW  19-Sep-20 18:48 0024  SG0M           599  599  246                    3   7028.6
 40CW  19-Sep-20 18:52 0025  OH/M0CFW       599  599  172                    3   7027.6
 40CW  19-Sep-20 18:56 0026  OH7KBF         599  599  443                    3   7026.5
 40CW  19-Sep-20 18:57 0027  OG7KA          599  599  243                    3   7026.7
 40CW  19-Sep-20 19:21 0028  OH7UG          599  599  076                    3   7024.3
 40CW  19-Sep-20 19:22 0029  OH1F           599  599  659                    3   7019.6
 40CW  19-Sep-20 19:26 0030  OH1C           599  599  415                    3   7018.0
 40CW  19-Sep-20 19:28 0031  SM5EPO         599  599  114                    3   7016.6
 40CW  19-Sep-20 19:29 0032  SE5E           599  599  1038                   3   7015.7
 40CW  19-Sep-20 19:31 0033  OH0Z           599  599  1070          OH0      3   7011.6
 40CW  19-Sep-20 19:32 0034  OH7K           599  599  705                    3   7011.2
 40CW  19-Sep-20 19:33 0035  OH2BJ          599  599  653                    3   7010.4
 40CW  19-Sep-20 19:35 0036  OH2BLV         599  599  396                    3   7006.1
 80CW  19-Sep-20 19:38 0037  SF6W           599  599  482           SM       3   3551.3
 80CW  19-Sep-20 19:40 0038  SI9AM          599  599  753                    3   3550.1
 80CW  19-Sep-20 19:43 0039  OZ1IKY         599  599  759           OZ       3   3549.0
 80CW  19-Sep-20 19:45 0040  SM5COP         599  599  469                    3   3548.5
 20CW  20-Sep-20 07:39 0041  OG55W          599  599  641                    3  14008.0
 20CW  20-Sep-20 07:43 0042  OH2BLV         599  599  752                    3  14047.0
 20CW  20-Sep-20 07:45 0043  OH8A           599  599  1435                   3  14044.1
 20CW  20-Sep-20 07:49 0044  OH1F           599  599  903                    3  14041.4
 20CW  20-Sep-20 07:50 0045  OH2BV          599  599  652                    3  14040.5
 20CW  20-Sep-20 07:51 0046  OH5YU          599  599  678                    3  14036.9
 20CW  20-Sep-20 08:12 0047  OG7A           599  599  1837                   3  14030.0
 20CW  20-Sep-20 08:13 0048  OH3RB          599  599  1239                   3  14028.0
 20CW  20-Sep-20 09:21 0049  OH0T           599  599  2378          OH0      3  14025.5
 20CW  20-Sep-20 09:38 0050  OH7UG          599  599  212                    3  14023.5
 20CW  20-Sep-20 09:42 0051  SM5EPO         599  599  305           SM       3  14022.0
 20CW  20-Sep-20 09:43 0052  SM0T           599  599  1508                   3  14021.3
 20CW  20-Sep-20 11:01 0053  OH1XT          599  599  346                    3  14017.2
 20CW  20-Sep-20 11:04 0054  OH2BH          599  599  2332                   3  14010.5
 20CW  20-Sep-20 11:06 0055  OH0Z           599  599  2367                   3  14006.1
 20CW  20-Sep-20 11:08 0056  SJ2W           599  599  2380                   3  14003.6
 20CW  20-Sep-20 11:39 0057  OH1VR          599  599  1195                   3  14030.5
 20CW  20-Sep-20 11:40 0058  OH3Z           599  599  1049                   3  14031.0
 20CW  20-Sep-20 11:46 0059  OH6RE          599  599  627                    3  14026.5
 20CW  20-Sep-20 11:49 0060  OH3FM          599  599  1643                   3  14025.3
 20CW  20-Sep-20 11:50 0061  OH7KD          599  599  062                    3  14024.3
 20CW  20-Sep-20 11:53 0062  OH1TX          599  599  1864                   3  14016.4
 20CW  20-Sep-20 11:54 0063  OH2KI          599  599  1036                   3  14010.1
 20CW  20-Sep-20 11:56 0064  OH4BCS         599  599  1090                   3  14009.0
 40CW  20-Sep-20 11:59 0065  SM7GVF         599  599  1080                   3   7022.5
