 20CW  07-Nov-20 15:37 0001  9A7T           599  599  149           9A       3  14025.5
 20CW  07-Nov-20 15:40 0002  IT9CKA         599  599  032           IT9      3  14023.6
 20CW  07-Nov-20 16:12 0003  F4VSR          599  599  252           F        3  14019.2
 20CW  07-Nov-20 16:13 0004  HA2KMR         599  599  153           HA       3  14018.0
 20CW  07-Nov-20 16:14 0005  CT1DRB         599  599  136           CT       3  14018.4
 20CW  07-Nov-20 16:16 0006  UA6YW          599  599  226           UA       3  14014.5
 20CW  07-Nov-20 16:16 0007  YT1A           599  599  439           YU       3  14013.7
 20CW  07-Nov-20 16:18 0008  4O4T           599  599  473           4O       3  14011.4
 15CW  07-Nov-20 16:19 0009  N3RS           599  599  034                    5  21024.1
 15CW  07-Nov-20 16:21 0010  AA3B           599  599  133                    5  21021.7
 15CW  07-Nov-20 16:24 0011  9A5Y           599  599  661           9A       3  21016.7
 40CW  07-Nov-20 16:28 0012  US2MT          599  599  LU            UR       3   7035.0
 40CW  07-Nov-20 16:30 0013  YT6W           599  599  563           YU       3   7035.5
 40CW  07-Nov-20 16:30 0014  YT4T           599  599  308                    3   7033.9
 40CW  07-Nov-20 16:32 0015  SP50ENV        599  599  068           SP       3   7033.0
 40CW  07-Nov-20 16:33 0016  YT1HA          599  599  157                    3   7032.7
 40CW  07-Nov-20 16:35 0017  UT5IZ          599  599  DO                     3   7032.0
 40CW  07-Nov-20 16:38 0018  LY2A           599  599  267           LY       3   7030.4
 40CW  07-Nov-20 16:41 0019  HA8TP          599  599  266           HA       3   7028.3
 40CW  07-Nov-20 16:43 0020  YU1KT          599  599  123                    3   7027.6
 40CW  07-Nov-20 16:44 0021  RA2F           599  599  094           UA2      3   7027.3
 40CW  07-Nov-20 16:45 0022  OK2EA          599  599  023           OK       3   7026.4
 40CW  07-Nov-20 16:46 0023  SM0FPR         599  599  171           SM       3   7025.6
 40CW  07-Nov-20 16:48 0024  LA7GIA         599  599  041           LA       3   7023.3
 40CW  07-Nov-20 17:14 0025  UV1IX          599  599  DO                     3   7020.7
 40CW  07-Nov-20 17:15 0026  UW1M           599  599  LU                     3   7020.0
160CW  07-Nov-20 17:39 0027  8S0DX          599  599  100           SM       3   1831.4
160CW  07-Nov-20 17:39 0028  LY3BB          599  599  083           LY       3   1827.7
160CW  07-Nov-20 17:41 0029  EA1RKA         599  599  281           EA       3   1825.5
160CW  07-Nov-20 17:44 0030  SP5EWX         599  599  052           SP       3   1823.6
160CW  07-Nov-20 17:47 0031  F8KGW          599  599  008           F        3   1822.0
160CW  07-Nov-20 17:49 0032  OU2I           599  599  262           OZ       3   1821.1
 80CW  07-Nov-20 18:00 0033  SP1NY          599  599  546           SP       3   3525.0
 80CW  07-Nov-20 18:02 0034  UV2V           599  599  KI            UR       3   3524.6
 80CW  07-Nov-20 19:49 0035  UA5L           599  599  086           UA       3   3523.3
 80CW  07-Nov-20 19:50 0036  DF4XX          599  599  178           DL       2   3522.2
 80CW  07-Nov-20 19:51 0037  PA8AD          599  599  083           PA       3   3521.5
 80CW  07-Nov-20 19:53 0038  YL3CW          599  599  402           YL       3   3521.0
 80CW  07-Nov-20 19:55 0039  F5IN           599  599  620           F        3   3519.4
 80CW  07-Nov-20 19:56 0040  OK2EA          599  599  250           OK       3   3517.3
 80CW  07-Nov-20 20:02 0041  9A3B           599  599  336           9A       3   3515.4
 80CW  07-Nov-20 20:10 0042  OH2KW          599  599  317           OH       3   3514.7
 80CW  07-Nov-20 20:34 0043  US7IM          599  599  DO                     3   3513.4
 80CW  07-Nov-20 20:35 0044  UZ5DX          599  599  ZA                     3   3512.0
 80CW  07-Nov-20 20:37 0045  IV3SKB         599  599  625           I        3   3511.5
 80CW  07-Nov-20 20:38 0046  UA5L           599  599  147                    3   3511.0
 80CW  07-Nov-20 20:40 0047  UA3R           599  599  587                    3   3510.2
 80CW  07-Nov-20 20:42 0048  UA4S           599  599  850                    3   3508.7
160CW  07-Nov-20 20:43 0049  OK1OA          599  599  322           OK       3   1823.0
160CW  07-Nov-20 20:46 0050  UR5BO          599  599  TE            UR       3   1822.2
160CW  07-Nov-20 20:47 0051  PA8AD          599  599  192           PA       3   1820.3
160CW  07-Nov-20 20:49 0052  PA4O           599  599  686                    3   1837.6
160CW  07-Nov-20 20:53 0053  ES2MC          599  599  648           ES       3   1836.6
160CW  07-Nov-20 21:07 0054  LA0CX          599  599  480           LA       3   1831.5
160CW  07-Nov-20 21:09 0055  OK2TJ          599  599  098                    3   1831.0
160CW  07-Nov-20 21:17 0056  SQ7U           599  599  093                    3   1829.5
160CW  07-Nov-20 21:17 0057  F5IN           599  599  747                    3   1829.1
160CW  07-Nov-20 21:21 0058  F6BEE          599  599  814                    3   1827.4
160CW  07-Nov-20 21:26 0059  SN1T           599  599  234                    3   1822.7
160CW  07-Nov-20 21:48 0060  SO4R           599  599  1063                   3   1831.9
160CW  07-Nov-20 21:52 0061  SE5L           599  599  172                    3   1829.6
160CW  07-Nov-20 21:54 0062  OK2EA          599  599  450                    3   1825.5
 15CW  08-Nov-20 10:14 0063  UR8GZ          599  599  HE            UR       3  21028.8
 15CW  08-Nov-20 10:16 0064  R4IO           599  599  602           UA       3  21023.5
 15CW  08-Nov-20 10:19 0065  P3X            599  599  2265          5B       5  21019.1
 15CW  08-Nov-20 10:20 0066  UW1GZ          599  599  HE                     3  21015.6
 15CW  08-Nov-20 10:23 0067  UR5IFM         599  599  DO                     3  21014.3
 15CW  08-Nov-20 10:28 0068  RA5G           599  599  649                    3  21011.0
 15CW  08-Nov-20 10:30 0069  RQ9O           599  599  565           UA9      5  21005.4
 15CW  08-Nov-20 10:34 0070  VU2TMP         599  599  145           VU       5  21005.5
 15CW  08-Nov-20 10:36 0071  RA4Y           599  599  790                    3  21001.6
 15CW  08-Nov-20 11:07 0072  EB5F           599  599  255           EA       3  21041.5
 15CW  08-Nov-20 11:09 0073  DD2AW          599  599  497           DL       2  21037.6
 15CW  08-Nov-20 11:11 0074  SV8/SV1JG      599  599  303           SV       3  21035.4
 15CW  08-Nov-20 11:12 0075  UY2IF          599  599  DO                     3  21033.4
 15CW  08-Nov-20 11:12 0076  RK3TT          599  599  183                    3  21031.1
 15CW  08-Nov-20 11:13 0077  UA4CC          599  599  308                    3  21031.7
 15CW  08-Nov-20 11:15 0078  UR7MZ          599  599  LU                     3  21026.1
 15CW  08-Nov-20 11:16 0079  UT5VX          599  599  KI                     3  21025.3
 15CW  08-Nov-20 11:17 0080  UA3QPA         599  599  642                    3  21024.2
 15CW  08-Nov-20 11:18 0081  HA5JI          599  599  384           HA       3  21023.6
 15CW  08-Nov-20 11:20 0082  EA4OR          599  599  349                    3  21022.0
 15CW  08-Nov-20 11:21 0083  UZ4E           599  599  DN                     3  21020.7
 15CW  08-Nov-20 11:22 0084  RU4PU          599  599  358                    3  21019.9
 15CW  08-Nov-20 11:24 0085  UA3RBR         599  599  858                    3  21014.1
 15CW  08-Nov-20 11:37 0086  UD4F           599  599  713                    3  21042.2
 20CW  08-Nov-20 11:40 0087  R4IO           599  599  751                    3  14037.4
 20CW  08-Nov-20 11:42 0088  OG66X          599  599  1137          OH       3  14036.1
 20CW  08-Nov-20 11:44 0089  YR9F           599  599  145           YO       3  14035.1
 20CW  08-Nov-20 11:47 0090  LY5O           599  599  306           LY       3  14033.0
 20CW  08-Nov-20 11:51 0091  OH5TS          599  599  166                    3  14030.2
 20CW  08-Nov-20 11:52 0092  EA3C           599  599  378           EA       3  14029.7
 20CW  08-Nov-20 11:54 0093  UR8RF          599  599  CR            UR       3  14028.3
 20CW  08-Nov-20 11:56 0094  UP0L           599  599  2012          UN       5  14027.8
 20CW  08-Nov-20 11:58 0095  RU4PU          599  599  432                    3  14026.9
 20CW  08-Nov-20 11:58 0096  LZ6C           599  599  116           LZ       3  14026.1
