 40CW  21-Dec-20 16:31 0001  9A7R           599  599  004           9A       3   7036.9
 40CW  21-Dec-20 16:35 0002  OK2TJ          599  599  013           OK       3   7031.0
 40CW  21-Dec-20 16:37 0003  HA5MA          599  599  013           HA       3   7030.6
 40CW  21-Dec-20 16:37 0004  EA3X           599  599  002           EA       3   7026.1
 40CW  21-Dec-20 16:39 0005  ES1BVG         599  599  013           ES       3   7035.0
 40CW  21-Dec-20 16:41 0006  YO3LW          599  599  011           YO       3   7033.3
 40CW  21-Dec-20 16:41 0007  OH1SIC         599  599  010           OH       3   7031.6
 40CW  21-Dec-20 16:44 0008  OK5MM          599  599  020                    3   7034.2
 40CW  21-Dec-20 16:44 0009  SM9X           599  599  019           SM       3   7034.2
 40CW  21-Dec-20 16:46 0010  SQ7M           599  599  006           SP       3   7034.2
 40CW  21-Dec-20 16:47 0011  RX3QNE         599  599  011           UA       3   7034.2
 40CW  21-Dec-20 16:48 0012  SM5CSS         599  599  020                    3   7034.2
 40CW  21-Dec-20 16:48 0013  HA8V           599  599  015                    3   7034.2
 40CW  21-Dec-20 16:50 0014  EU8F           599  599  021           EU       3   7034.2
 80CW  21-Dec-20 16:53 0015  G3VIP          599  599  028           G        3   3542.8
 80CW  21-Dec-20 16:55 0016  OK2TJ          599  599  036           OK       3   3541.5
 80CW  21-Dec-20 17:16 0017  SP2XX          599  599  065           SP       3   3540.3
 80CW  21-Dec-20 17:18 0018  OL725PLZ       599  599  056                    3   3539.7
 80CW  21-Dec-20 17:19 0019  OK1FHI         599  599  052                    3   3539.1
 80CW  21-Dec-20 17:20 0020  PA3DBS         599  599  042           PA       3   3538.6
 80CW  21-Dec-20 17:21 0021  OK1FGD         599  599  074                    3   3538.1
 80CW  21-Dec-20 17:22 0022  OK1DOR         599  599  059                    3   3537.6
 80CW  21-Dec-20 17:23 0023  OK2PYA         599  599  086                    3   3537.2
 80CW  21-Dec-20 17:29 0024  DL4CF          599  599  087           DL       2   3536.0
