160CW  18-Dec-20 19:57 0001  OK5M           599  599  200           OK       3   1839.6
160CW  18-Dec-20 20:00 0002  UA2FF          599  599  KA            UA2      3   1837.2
160CW  18-Dec-20 20:01 0003  SP3HLM         599  599  074           SP       3   1836.8
160CW  18-Dec-20 20:01 0004  DH1NBE         599  599  128           DL       2   1835.7
160CW  18-Dec-20 20:04 0005  DJ8QP          599  599  148                    2   1834.5
160CW  18-Dec-20 20:05 0006  OK1DWF         599  599  052                    3   1832.4
160CW  18-Dec-20 20:06 0007  HG0R           599  599  235           HA       3   1832.1
160CW  18-Dec-20 20:08 0008  F5IN           599  599  152           F        3   1829.8
160CW  18-Dec-20 20:09 0009  GW5R           599  599  213           GW       3   1829.2
160CW  18-Dec-20 20:11 0010  HA5JI          599  599  211                    3   1827.8
160CW  18-Dec-20 20:55 0011  HA9RT          599  599  092                    3   1825.8
160CW  18-Dec-20 21:02 0012  MU0MXF         599  599  118           GU       3   1823.0
160CW  18-Dec-20 21:03 0013  DL4CF          599  599  185                    2   1822.5
160CW  18-Dec-20 21:04 0014  YL3CW          599  599  329           YL       3   1821.0
160CW  18-Dec-20 21:05 0015  DJ9AO          599  599  187                    2   1820.7
160CW  18-Dec-20 21:06 0016  ON7EH          599  599  174           ON       3   1818.8
160CW  18-Dec-20 21:07 0017  OZ3SM          599  599  144           OZ       3   1818.2
160CW  18-Dec-20 21:07 0018  SN1T           599  599  299                    3   1817.5
160CW  18-Dec-20 21:08 0019  DL0MFL         599  599  182                    2   1816.9
160CW  18-Dec-20 21:10 0020  YT0A           599  599  132           YU       3   1816.5
160CW  18-Dec-20 21:11 0021  YL2KO          599  599  096                    3   1815.2
160CW  18-Dec-20 21:14 0022  RW1A           599  599  LO            UA       3   1813.5
160CW  18-Dec-20 21:19 0023  DM3ZF          599  599  119                    2   1811.7
160CW  18-Dec-20 21:22 0024  LY4A           599  599  444           LY       3   1810.7
160CW  18-Dec-20 21:25 0025  F8DBF          599  599  006                    3   1839.8
160CW  18-Dec-20 21:30 0026  LZ6C           599  599  351           LZ       3   1837.2
160CW  18-Dec-20 21:32 0027  DR5X           599  599  294                    2   1836.8
160CW  18-Dec-20 21:33 0028  EW1M           599  599  237           EU       3   1836.5
160CW  18-Dec-20 21:36 0029  MM9I           599  599  128           GM       3   1835.8
160CW  18-Dec-20 21:37 0030  RT4F           599  599  PE                     3   1835.3
160CW  18-Dec-20 21:39 0031  OK2BFN         599  599  085                    3   1834.5
160CW  18-Dec-20 21:40 0032  IK2QEI         599  599  013           I        3   1834.3
160CW  18-Dec-20 21:42 0033  DL5AXX         599  599  106                    2   1833.0
160CW  18-Dec-20 21:43 0034  DA0T           599  599  172                    2   1832.2
160CW  18-Dec-20 21:48 0035  RG2A           599  599  MA                     3   1831.9
160CW  18-Dec-20 21:49 0036  DL8QS          599  599  241                    2   1831.6
160CW  18-Dec-20 21:53 0037  MM2N           599  599  150                    3   1830.0
160CW  18-Dec-20 21:57 0038  IK2YCW         599  599  270                    3   1827.8
160CW  18-Dec-20 21:59 0039  OR3A           599  599  037                    3   1823.9
