 80CW  06-Apr-20 16:47 0001  DL1YCF         599  599  013           DL       2   3534.0
 80CW  06-Apr-20 16:49 0002  OK1RR          599  599  031           OK       3   3537.4
 80CW  06-Apr-20 16:50 0003  OK1YM          599  599  033                    3   3545.3
 80CW  06-Apr-20 16:51 0004  OK1FMX         599  599  035                    3   3544.5
 80CW  06-Apr-20 16:51 0005  OK5FF          599  599  035                    3   3543.6
 80CW  06-Apr-20 16:54 0006  OK1IBP         599  599  023                    3   3541.1
 80CW  06-Apr-20 16:55 0007  OK1AY          599  599  043                    3   3537.9
 80CW  06-Apr-20 16:56 0008  DL5YM          599  599  021                    2   3536.7
 80CW  06-Apr-20 16:57 0009  OK2PYA         599  599  046                    3   3535.5
 80CW  06-Apr-20 16:58 0010  OK1RZ          599  599  035                    3   3534.3
 80CW  06-Apr-20 16:59 0011  OK1TN          599  599  048                    3   3533.7
 80CW  06-Apr-20 17:01 0012  PA9CW          599  599  037           PA       3   3531.4
 80CW  06-Apr-20 17:06 0013  OK1USP         599  599  031                    3   3530.6
 80CW  06-Apr-20 17:07 0014  HA1YA          599  599  056           HA       3   3530.6
 80CW  06-Apr-20 17:08 0015  OK1LL          599  599  037                    3   3530.6
 80CW  06-Apr-20 17:09 0016  OM5RM          599  599  048           OM       3   3530.6
 80CW  06-Apr-20 17:12 0017  OL4W           599  599  057                    3   3530.6
 80CW  06-Apr-20 17:12 0018  OK1DM          599  599  048                    3   3530.6
 80CW  06-Apr-20 17:13 0019  OK5M           599  599  069                    3   3530.6
 80CW  06-Apr-20 17:16 0020  DF6RI          599  599  026                    2   3530.6
 80CW  06-Apr-20 17:16 0021  OK2BTJ         599  599  041                    3   3530.6
 80CW  06-Apr-20 17:18 0022  OK1NG          599  599  046                    3   3530.6
 80CW  06-Apr-20 17:18 0023  DL1DWR         599  599  050                    2   3530.6
 80CW  06-Apr-20 17:20 0024  HG1G           599  599  073                    3   3530.6
 80CW  06-Apr-20 17:23 0025  DL8QS          599  599  083                    2   3545.9
 80CW  06-Apr-20 17:25 0026  SP2XX          599  599  071           SP       3   3545.0
 80CW  06-Apr-20 17:27 0027  SE5L           599  599  058           SM       3   3543.8
 80CW  06-Apr-20 17:29 0028  HF1Z           599  599  064                    3   3543.0
