 40CW  17-Oct-20 17:34 0001  E72U           599  599  008           008      3   7038.0
 40CW  17-Oct-20 17:35 0002  YO5ODT         599  599  050           050      3   7037.5
 40CW  17-Oct-20 17:36 0003  CR6K           599  599  383           403      3   7036.7
 40CW  17-Oct-20 17:43 0004  LZ6E           599  599  212           212      3   7032.0
 40CW  17-Oct-20 17:43 0005  EA3X           599  599  061           61       3   7031.7
 40CW  17-Oct-20 17:46 0006  DL5JS          599  599  R01           R01      2   7030.6
 40CW  17-Oct-20 17:47 0007  OM7M           599  599  132           132      3   7029.3
 40CW  17-Oct-20 17:48 0008  EA4OR          599  599  220           220      3   7029.0
 40CW  17-Oct-20 17:52 0009  LZ9R           599  599  144           144      3   7026.5
 40CW  17-Oct-20 17:54 0010  LZ5R           599  599  369           369      3   7026.1
 40CW  17-Oct-20 17:56 0011  UA3R           599  599  069           069      3   7021.9
 40CW  17-Oct-20 17:57 0012  LZ6F           599  599  108           108      3   7021.0
 40CW  17-Oct-20 18:01 0013  YT2AAA         599  599  193           193      3   7018.6
 40CW  17-Oct-20 18:05 0014  F6IRA          599  599  135           135      3   7015.3
 40CW  17-Oct-20 18:06 0015  SV1JG          599  599  220                    3   7014.6
 40CW  17-Oct-20 18:09 0016  4O4T           599  599  302           302      3   7012.5
 40CW  17-Oct-20 18:10 0017  EV1R           599  599  219           219      3   7011.7
 40CW  17-Oct-20 18:11 0018  UT4U           599  599  323           323      3   7011.1
 40CW  17-Oct-20 18:12 0019  9A1AA          599  599  154           154      3   7009.6
 40CW  17-Oct-20 18:16 0020  EA5GX          599  599  014           014      3   7008.1
 40CW  17-Oct-20 18:16 0021  UX1AA          599  599  267           267      3   7007.4
 40CW  17-Oct-20 18:18 0022  LZ3QE          599  599  144                    3   7006.1
 40CW  17-Oct-20 18:19 0023  EA4AOC         599  599  146           146      3   7005.7
 40CW  17-Oct-20 18:20 0024  RL4F           599  599  130           130      3   7003.8
 40CW  17-Oct-20 18:25 0025  UV1IX          599  599  087           087      3   7018.7
 40CW  17-Oct-20 18:27 0026  UA6AK          599  599  074           074      3   7020.0
 40CW  17-Oct-20 18:29 0027  LZ1ND          599  599  237           237      3   7020.7
 80CW  17-Oct-20 18:32 0028  DJ4MH          599  599  I38           I38      2   3556.1
 80CW  17-Oct-20 18:33 0029  DL8BH          599  599  M30           M30      2   3552.9
 80CW  17-Oct-20 18:38 0030  DF4UM          599  599  P07           P07      2   3549.9
 80CW  17-Oct-20 18:40 0031  DJ2XY          599  599  E33           E33      2   3548.1
 80CW  17-Oct-20 18:47 0032  DL1WA          599  599  X28           X28      2   3547.0
 80CW  17-Oct-20 18:49 0033  DL0LK          599  599  E03           E03      2   3546.4
 80CW  17-Oct-20 18:50 0034  DL1CW          599  599  P51           P51      2   3545.8
 80CW  17-Oct-20 18:53 0035  DL30SHZ        599  599  30SHZ         30SHZ    2   3545.4
 80CW  17-Oct-20 18:53 0036  DF1LON         599  599  R11           R11      2   3544.2
 80CW  17-Oct-20 18:54 0037  DK9OY          599  599  H32           H32      2   3542.4
 80CW  17-Oct-20 18:56 0038  DA0DX          599  599  O49           O49      2   3541.9
 80CW  17-Oct-20 18:57 0039  SF6W           599  599  143           143      3   3541.4
 80CW  17-Oct-20 19:00 0040  DD5DD          599  599  Z90           Z90      2   3541.0
 80CW  17-Oct-20 19:01 0041  DL5JS          599  599  R01           R01      2   3540.7
 80CW  17-Oct-20 19:08 0042  DF5LW          599  599  M03           M03      2   3540.0
 80CW  17-Oct-20 19:11 0043  PA2PCH         599  599  085           085      3   3539.5
 80CW  17-Oct-20 19:11 0044  DL7YS          599  599  D06           D06      2   3539.3
 80CW  17-Oct-20 19:12 0045  DK9PY          599  599  K04           K04      2   3538.5
 80CW  17-Oct-20 19:15 0046  PA9M           599  599  139           139      3   3537.4
 80CW  17-Oct-20 19:17 0047  DJ2AX          599  599  X20           X20      2   3536.5
 80CW  17-Oct-20 19:18 0048  DL3AZ          599  599  NM            NM       2   3536.0
 80CW  17-Oct-20 19:20 0049  OM3CPF         599  599  105           104      3   3535.5
 80CW  17-Oct-20 19:22 0050  LZ6E           599  599  310           310      3   3535.0
 20CW  18-Oct-20 14:44 0051  N2GM           599  599  396           396      5  14020.2
 20CW  18-Oct-20 14:45 0052  CT1DRB         599  599  473           473      3  14019.4
 20CW  18-Oct-20 14:46 0053  RL2D           599  599  417           417      3  14018.7
 20CW  18-Oct-20 14:50 0054  LZ1ND          599  599  954           954      3  14013.3
 20CW  18-Oct-20 14:51 0055  9A1AA          599  599  770           770      3  14010.4
 20CW  18-Oct-20 14:56 0056  N9RV           599  599  057           057      5  14009.4
 20CW  18-Oct-20 14:56 0057  LZ2HR          599  599  380           380      3  14008.4
 20CW  18-Oct-20 14:57 0058  LZ2RS          599  599  536           536      3  14040.5
 20CW  18-Oct-20 14:58 0059  UD4F           599  599  935           935      3  14036.9
 20CW  18-Oct-20 14:59 0060  YT5M           599  599  032           032      3  14036.0
