 20CW  19-Dec-20 14:26 0001  RT5P           599  599  017           UA       3  14045.5
 20CW  19-Dec-20 14:27 0002  R3OM           599  599  014                    3  14040.7
 20CW  19-Dec-20 14:30 0003  OY1CT          599  599  059           OY       3  14040.1
 20CW  19-Dec-20 14:31 0004  N0NI           599  599  547           K        5  14039.6
 20CW  19-Dec-20 14:33 0005  K2NV           599  599  140                    5  14039.3
 20CW  19-Dec-20 15:45 0006  K3WW           599  599  222                    5  14037.3
 20CW  19-Dec-20 15:51 0007  AA3B           599  599  336                    5  14031.0
 20CW  19-Dec-20 15:54 0008  N8II           599  599  087                    5  14030.2
 20CW  19-Dec-20 15:55 0009  9A4M           599  599  159           9A       3  14029.0
 20CW  19-Dec-20 15:56 0010  9A7A           599  599  290                    3  14027.9
 20CW  19-Dec-20 15:58 0011  N1RR           599  599  247                    5  14015.0
 20CW  19-Dec-20 16:00 0012  W1KM           599  599  213                    5  14009.2
 40CW  19-Dec-20 16:06 0013  UA4M           599  599  287           UA       3   7038.8
 40CW  19-Dec-20 16:06 0014  YU7KW          599  599  094           YU       3   7037.8
 40CW  19-Dec-20 16:08 0015  RZ1A           599  599  054                    3   7035.5
 40CW  19-Dec-20 16:09 0016  YU5R           599  599  149                    3   7034.0
 40CW  19-Dec-20 16:11 0017  OM3RM          599  599  112           OM       3   7032.3
 40CW  19-Dec-20 16:11 0018  YU1LA          599  599  116                    3   7032.0
 40CW  19-Dec-20 16:12 0019  9A6A           599  599  219           9A       3   7030.5
 40CW  19-Dec-20 16:14 0020  9A5Y           599  599  219                    3   7030.0
 40CW  19-Dec-20 16:16 0021  IK6QON         599  599  069           I        3   7029.0
 40CW  19-Dec-20 16:17 0022  9A6AR          599  599  154                    3   7028.1
 40CW  19-Dec-20 16:18 0023  9A5D           599  599  268                    3   7026.7
 40CW  19-Dec-20 16:18 0024  YT7A           599  599  149                    3   7026.1
 40CW  19-Dec-20 16:20 0025  DL1EKO         599  599  094           DL       2   7024.1
 40CW  19-Dec-20 16:20 0026  YP5A           599  599  150           YO       3   7022.5
 40CW  19-Dec-20 16:21 0027  YU1UN          599  599  181                    3   7021.9
 40CW  19-Dec-20 16:23 0028  OM7M           599  599  222                    3   7021.3
 40CW  19-Dec-20 16:28 0029  YT1Q           599  599  034                    3   7020.5
 40CW  19-Dec-20 16:29 0030  9A3SMS         599  599  244                    3   7016.5
 40CW  19-Dec-20 16:29 0031  YL2BJ          599  599  106           YL       3   7016.0
 40CW  19-Dec-20 16:31 0032  YU7XX          599  599  128                    3   7013.8
 40CW  19-Dec-20 16:33 0033  9A2AJ          599  599  156                    3   7013.4
 40CW  19-Dec-20 16:33 0034  IZ5EKV         599  599  038                    3   7012.5
 40CW  19-Dec-20 16:38 0035  HA8TP          599  599  192           HA       3   7011.5
 40CW  19-Dec-20 16:38 0036  YT4T           599  599  189                    3   7011.8
 40CW  19-Dec-20 16:41 0037  HG5D           599  599  272                    3   7008.8
 40CW  19-Dec-20 16:43 0038  YT5N           599  599  065                    3   7006.6
 40CW  19-Dec-20 16:45 0039  OM3BH          599  599  292                    3   7004.5
 40CW  19-Dec-20 16:48 0040  9A0KG          599  599  200                    3   7003.5
 40CW  19-Dec-20 16:49 0041  EA2AZ          599  599  122           EA       3   7003.0
 40CW  19-Dec-20 16:50 0042  UR3GU          599  599  251           UR       3   7000.3
 80CW  19-Dec-20 17:33 0043  OM3BH          599  599  385           OM       3   3520.9
 80CW  19-Dec-20 17:34 0044  E7CW           599  599  201           E7       3   3520.5
 80CW  19-Dec-20 17:35 0045  SE4E           599  599  078           SM       3   3519.3
 80CW  19-Dec-20 17:36 0046  HG5D           599  599  356           HA       3   3518.5
 80CW  19-Dec-20 17:37 0047  9A4WY          599  599  098           9A       3   3518.0
 80CW  19-Dec-20 17:39 0048  HG0YOTA        599  599  077                    3   3517.5
 80CW  19-Dec-20 17:40 0049  IV3SKB         599  599  309           I        3   3515.9
 80CW  19-Dec-20 17:42 0050  EW1M           599  599  094           EU       3   3515.6
 80CW  19-Dec-20 17:43 0051  HA1YA          599  599  217                    3   3515.3
 80CW  19-Dec-20 17:44 0052  UT4U           599  599  361           UR       3   3514.5
 80CW  19-Dec-20 17:47 0053  SP9GFI         599  599  165           SP       3   3514.0
 80CW  19-Dec-20 17:47 0054  OK1AY          599  599  077           OK       3   3513.5
 80CW  19-Dec-20 17:52 0055  DK1WU          599  599  077           DL       2   3512.7
 80CW  19-Dec-20 17:54 0056  OZ1AAR         599  599  124           OZ       3   3512.2
 80CW  19-Dec-20 17:55 0057  OQ5M           599  599  435           ON       3   3510.7
 80CW  19-Dec-20 17:56 0058  PA5N           599  599  040           PA       3   3510.0
 80CW  19-Dec-20 17:58 0059  UA4M           599  599  537           UA       3   3509.2
 80CW  19-Dec-20 17:59 0060  S53MM          599  599  448           S5       3   3508.2
 80CW  19-Dec-20 18:02 0061  S57WJ          599  599  103                    3   3544.6
 80CW  19-Dec-20 18:04 0062  PG2AA          599  599  071                    3   3544.1
 80CW  19-Dec-20 18:06 0063  LY2SA          599  599  105           LY       3   3543.0
 80CW  19-Dec-20 18:09 0064  SP4AWE         599  599  107                    3   3540.8
 80CW  19-Dec-20 18:14 0065  YO5AVN         599  599  182           YO       3   3539.4
 80CW  19-Dec-20 18:15 0066  LY9A           599  599  348                    3   3538.5
 80CW  19-Dec-20 18:18 0067  OM7JG          599  599  062                    3   3538.1
 80CW  19-Dec-20 18:19 0068  CR5K           599  599  272           CT       3   3537.8
 80CW  19-Dec-20 18:20 0069  DR7T           599  599  068                    2   3536.3
 80CW  19-Dec-20 18:24 0070  9A2KD          599  599  212                    3   3534.5
 80CW  19-Dec-20 18:25 0071  YL2TD          599  599  186           YL       3   3533.5
 80CW  19-Dec-20 18:25 0072  DK2FG          599  599  159                    2   3533.0
 80CW  19-Dec-20 18:27 0073  PA2PCH         599  599  113                    3   3532.4
 80CW  19-Dec-20 18:28 0074  SN5N           599  599  113                    3   3529.7
 80CW  19-Dec-20 20:36 0075  SM5DXR         599  599  045                    3   3528.3
 80CW  19-Dec-20 20:37 0076  OK1HFP         599  599  133                    3   3527.6
 80CW  19-Dec-20 20:38 0077  DL4ME          599  599  405                    2   3526.6
 80CW  19-Dec-20 20:39 0078  HA3NU          599  599  254                    3   3525.5
 80CW  19-Dec-20 20:42 0079  OU2W           599  599  139                    3   3524.5
 80CW  19-Dec-20 20:43 0080  PB6YOTA        599  599  079                    3   3523.5
 80CW  19-Dec-20 20:44 0081  YL3FW          599  599  149                    3   3522.6
 80CW  19-Dec-20 20:45 0082  9A2W           599  599  476                    3   3522.0
 80CW  19-Dec-20 20:46 0083  9A4BA          599  599  296                    3   3521.2
 80CW  19-Dec-20 21:06 0084  SC0T           599  599  222                    3   3519.3
 80CW  19-Dec-20 21:07 0085  LY2J           599  599  281                    3   3518.7
 80CW  19-Dec-20 21:13 0086  OE8Q           599  599  018           OE       3   3518.3
 80CW  19-Dec-20 21:14 0087  HA5MA          599  599  158                    3   3517.8
 80CW  19-Dec-20 21:15 0088  DG7EE          599  599  193                    2   3517.5
 80CW  19-Dec-20 21:16 0089  4O4T           599  599  359           4O       3   3516.8
160CW  19-Dec-20 21:18 0090  F5LPY          599  599  113           F        3   1833.5
160CW  19-Dec-20 21:19 0091  OQ5M           599  599  677           ON       3   1832.8
160CW  19-Dec-20 21:20 0092  HB9FBS         599  599  425           HB       3   1830.8
160CW  19-Dec-20 21:22 0093  IV3YYK         599  599  077           I        3   1830.2
160CW  19-Dec-20 21:23 0094  S53MM          599  599  742           S5       3   1827.4
160CW  19-Dec-20 21:23 0095  OE8TED         599  599  143           OE       3   1826.9
160CW  19-Dec-20 21:25 0096  DL5AXX         599  599  106           DL       2   1824.5
160CW  19-Dec-20 21:26 0097  9A1CKH         599  599  158           9A       3   1824.1
160CW  19-Dec-20 21:29 0098  SP6CIK         599  599  221           SP       3   1822.5
160CW  19-Dec-20 21:31 0099  OG5O           599  599  255           OH       3   1822.0
160CW  19-Dec-20 21:33 0100  OT4A           599  599  081                    3   1819.5
160CW  19-Dec-20 21:34 0101  9A5W           599  599  301                    3   1818.5
160CW  19-Dec-20 21:36 0102  OK2BRQ         599  599  045           OK       3   1815.0
160CW  19-Dec-20 21:38 0103  LY9A           599  599  604           LY       3   1837.5
160CW  19-Dec-20 21:39 0104  OM7JG          599  599  194           OM       3   1835.6
160CW  19-Dec-20 21:45 0105  S53F           599  599  533                    3   1828.0
160CW  19-Dec-20 21:46 0106  HA9AX          599  599  115           HA       3   1825.0
160CW  19-Dec-20 21:48 0107  E72A           599  599  089           E7       3   1822.3
160CW  19-Dec-20 21:50 0108  HB9CVQ         599  599  065                    3   1820.3
160CW  19-Dec-20 21:51 0109  OM3BH          599  599  788                    3   1817.3
160CW  19-Dec-20 21:52 0110  HA7MF          599  599  334                    3   1815.6
160CW  19-Dec-20 21:56 0111  9A2W           599  599  550                    3   1814.0
160CW  19-Dec-20 21:58 0112  IK6BAK         599  599  105                    3   1836.6
160CW  19-Dec-20 21:58 0113  SN1T           599  599  173                    3   1836.6
160CW  19-Dec-20 21:59 0114  LY4ZZ          599  599  451                    3   1836.6
160CW  19-Dec-20 21:59 0115  DL4ME          599  599  481                    2   1836.6
160CW  19-Dec-20 22:01 0116  OK5ET          599  599  022                    3   1836.6
160CW  19-Dec-20 22:01 0117  HA7I           599  599  160                    3   1836.6
 80CW  19-Dec-20 22:45 0118  9A1AD          599  599  317                    3   3513.2
 80CW  19-Dec-20 22:46 0119  RG9A           599  599  703           UA9      5   3512.6
 80CW  19-Dec-20 22:47 0120  9A1KDE         599  599  575                    3   3511.9
 80CW  19-Dec-20 22:52 0121  9A3XV          599  599  281                    3   3511.3
 15CW  20-Dec-20 10:52 0122  RX6FJ          599  599  084           UA       3  21011.6
 15CW  20-Dec-20 10:53 0123  SE5E           599  599  546           SM       3  21007.0
 15CW  20-Dec-20 11:02 0124  EA8RM          599  599  175           EA8      5  21036.1
 15CW  20-Dec-20 11:06 0125  CN8KD          599  599  072           CN       5  21032.9
 15CW  20-Dec-20 11:09 0126  EC5K           599  599  286           EA       3  21026.7
 15CW  20-Dec-20 11:10 0127  TA7I           599  599  464           TA       5  21024.0
 15CW  20-Dec-20 11:12 0128  UR3GU          599  599  1230          UR       3  21022.0
 15CW  20-Dec-20 11:14 0129  RA3MD          599  599  276                    3  21018.6
 15CW  20-Dec-20 11:17 0130  UA3R           599  599  501                    3  21011.1
 15CW  20-Dec-20 11:27 0131  UA4M           599  599  1702                   3  21010.4
 15CW  20-Dec-20 11:30 0132  ON6NL          599  599  184           ON       3  21005.8
 20CW  20-Dec-20 11:32 0133  YU5T           599  599  736           YU       3  14063.5
 20CW  20-Dec-20 11:34 0134  RA1TU          599  599  583                    3  14059.4
 20CW  20-Dec-20 11:39 0135  EA1IQ          599  599  062           EA       3  14056.0
 20CW  20-Dec-20 11:39 0136  YO4NF          599  599  592           YO       3  14054.0
 20CW  20-Dec-20 11:41 0137  YT2ISM         599  599  168                    3  14051.4
 20CW  20-Dec-20 11:54 0138  LY2PX          599  599  447           LY       5  14047.1
 20CW  20-Dec-20 11:55 0139  YO9HP          599  599  450                    5  14045.1
 20CW  20-Dec-20 11:57 0140  RG9A           599  599  1128          UA9      5  14041.7
 20CW  20-Dec-20 11:58 0141  EA1WH          599  599  331                    5  14042.0
 20CW  20-Dec-20 12:01 0142  LY6A           599  599  1275                   5  14041.0
 20CW  20-Dec-20 12:02 0143  EA1X           599  599  521                    5  14040.0
 20CW  20-Dec-20 12:03 0144  YT1FZ          599  599  430                    5  14038.9
 20CW  20-Dec-20 12:03 0145  CR6K           599  599  548           CT       5  14038.5
 20CW  20-Dec-20 12:05 0146  UR5R           599  599  768           UR       5  14037.2
 20CW  20-Dec-20 12:05 0147  UT3EV          599  599  313                    5  14036.6
 20CW  20-Dec-20 12:11 0148  SV2BXA         599  599  531           SV       5  14034.6
 20CW  20-Dec-20 12:12 0149  4L8A           599  599  457           4L       5  14034.0
 20CW  20-Dec-20 12:14 0150  EC5K           599  599  347                    5  14032.0
 20CW  20-Dec-20 12:14 0151  RL2D           599  599  135                    5  14031.0
 20CW  20-Dec-20 12:23 0152  EA5BY          599  599  333                    5  14026.8
 20CW  20-Dec-20 12:24 0153  UR7LY          599  599  264                    5  14026.5
 20CW  20-Dec-20 12:25 0154  YT3X           599  599  644                    5  14025.5
 20CW  20-Dec-20 12:25 0155  RA5G           599  599  134                    5  14024.7
 20CW  20-Dec-20 12:29 0156  N3RD           599  599  405                    5  14021.0
 20CW  20-Dec-20 12:30 0157  UT4U           599  599  1420                   5  14020.6
 20CW  20-Dec-20 12:31 0158  YL3FT          599  599  187           YL       5  14019.1
 20CW  20-Dec-20 12:31 0159  OH2KW          599  599  695           OH       5  14019.4
 20CW  20-Dec-20 12:33 0160  4U7HB          599  599  222                    5  14018.2
 20CW  20-Dec-20 12:34 0161  CT1DRB         599  599  181                    5  14017.5
 20CW  20-Dec-20 12:35 0162  LZ1ZF          599  599  408           LZ       5  14017.0
 20CW  20-Dec-20 12:36 0163  4O4T           599  599  845           4O       5  14016.0
 20CW  20-Dec-20 12:37 0164  UA9W           599  599  884                    5  14015.4
 20CW  20-Dec-20 12:38 0165  UA4M           599  599  1837                   5  14015.0
 20CW  20-Dec-20 12:40 0166  UN9L           599  599  1455          UN       5  14012.4
 20CW  20-Dec-20 12:41 0167  YL2TD          599  599  784                    5  14011.5
 20CW  20-Dec-20 12:41 0168  UR3GU          599  599  1319                   5  14009.9
 20CW  20-Dec-20 12:43 0169  YT4W           599  599  533                    5  14004.5
 20CW  20-Dec-20 12:44 0170  US8IM          599  599  289                    5  14004.0
 20CW  20-Dec-20 12:49 0171  K1ZZ           599  599  1192                   5  14000.8
 40CW  20-Dec-20 13:01 0172  R7HF           599  599  117                    5   7038.2
 40CW  20-Dec-20 13:02 0173  SM5CSS         599  599  295           SM       5   7036.9
 40CW  20-Dec-20 13:03 0174  OZ3SM          599  599  578           OZ       5   7036.2
 40CW  20-Dec-20 13:03 0175  SP2DKI         599  599  137           SP       5   7035.4
 40CW  20-Dec-20 13:06 0176  HB9FBS         599  599  1020          HB       5   7030.5
 40CW  20-Dec-20 13:07 0177  SP1AEN         599  599  527                    5   7028.2
 40CW  20-Dec-20 13:08 0178  LY6A           599  599  1350          LY       5   7026.9
 40CW  20-Dec-20 13:08 0179  ES4RD          599  599  681           ES       5   7025.8
 40CW  20-Dec-20 13:09 0180  G2W            599  599  243           G        5   7025.1
 40CW  20-Dec-20 13:10 0181  SP2GMA         599  599  710                    5   7023.7
 40CW  20-Dec-20 13:11 0182  DL5JQ          599  599  115                    2   7022.2
 40CW  20-Dec-20 13:12 0183  LA5LJA         599  599  489           LA       5   7021.6
 40CW  20-Dec-20 13:13 0184  UN9L           599  599  1499          UN       5   7019.3
 40CW  20-Dec-20 13:14 0185  HA7HQ          599  599  706                    5   7018.1
 40CW  20-Dec-20 13:16 0186  F8KCF          599  599  1206          F        5   7017.0
 40CW  20-Dec-20 13:19 0187  RA5G           599  599  234                    5   7015.9
 40CW  20-Dec-20 13:21 0188  OZ7BQ          599  599  272                    5   7014.4
 40CW  20-Dec-20 13:23 0189  DL3KWR         599  599  103                    2   7013.1
 40CW  20-Dec-20 13:24 0190  YL7X           599  599  840                    5   7012.5
 40CW  20-Dec-20 13:27 0191  GM3C           599  599  293           GM       5   7012.0
 40CW  20-Dec-20 13:29 0192  4O4T           599  599  926           4O       5   7011.7
 40CW  20-Dec-20 13:32 0193  SD6F           599  599  277                    5   7010.3
 40CW  20-Dec-20 13:34 0194  LY2MM          599  599  724                    5   7009.1
 40CW  20-Dec-20 13:36 0195  HB9FKK         599  599  068                    5   7007.3
 40CW  20-Dec-20 13:37 0196  OG4A           599  599  805           OH       5   7006.6
 40CW  20-Dec-20 13:39 0197  S53MM          599  599  1721          S5       5   7003.7
 40CW  20-Dec-20 13:39 0198  IK3QAR         599  599  407                    5   7003.2
 40CW  20-Dec-20 13:40 0199  DL2SAX         599  599  400                    2   7002.2
 40CW  20-Dec-20 13:43 0200  SM0Q           599  599  541                    5   7001.6
 15CW  20-Dec-20 13:53 0201  K2SSS          599  599  162           K        5  21013.6
 20CW  20-Dec-20 13:57 0202  DL1EKO         599  599  709           DL       2  14003.3
 20CW  20-Dec-20 13:59 0203  N3QE           599  599  416                    5  14002.7
