 15CW  18-Apr-20 19:38 0001  PY5AMF         599  599  SA            PY       5  21008.0
 20CW  18-Apr-20 19:43 0002  PY2FRQ         599  599  SA            PY       5  14043.6
 20CW  18-Apr-20 19:45 0003  CT1GFQ         599  599  EU            CT       3  14043.0
 20CW  18-Apr-20 19:46 0004  PY2NY          599  599  SA                     5  14042.4
 20CW  18-Apr-20 19:49 0005  PT2AW          599  599  SA                     5  14041.3
 20CW  18-Apr-20 19:57 0006  PY2EX          599  599  SA                     5  14034.5
 20CW  18-Apr-20 20:00 0007  PY2IQ          599  599  SAM                    5  14029.0
 20CW  18-Apr-20 20:08 0008  EA9PY          599  599  AFM           EA9      5  14023.0
 20CW  18-Apr-20 20:10 0009  CT1DRB         599  599  EUM                    3  14018.8
 20CW  18-Apr-20 20:13 0010  P3X            599  599  AS            5B       5  14014.0
 20CW  18-Apr-20 20:17 0011  ZW8T           599  599  SA                     5  14001.5
 20CW  18-Apr-20 20:21 0012  PY9MM          599  599  SAM                    5  14049.0
 20CW  18-Apr-20 20:29 0013  N4B            599  599  NA            K        5  14027.5
 15CW  19-Apr-20 09:54 0014  P3X            599  599  AS            5B       5  21017.3
 20CW  19-Apr-20 09:56 0015  EA3AKA         599  599  EU            EA       3  14061.7
 20CW  19-Apr-20 09:58 0016  RZ8U           599  599  AS            UA9      5  14058.7
 20CW  19-Apr-20 10:02 0017  OH3WW          599  599  EU            OH       3  14053.0
 20CW  19-Apr-20 10:06 0018  UR1HR          599  599  EU            UR       3  14049.3
 20CW  19-Apr-20 10:07 0019  4L8A           599  599  AS            4L       5  14040.1
 20CW  19-Apr-20 10:14 0020  T6AA           599  599  ASM           YA       5  14032.6
 20CW  19-Apr-20 10:18 0021  RA6FYL         599  599  EUY           UA       3  14028.5
 20CW  19-Apr-20 10:18 0022  IK0XFD         599  599  EU            I        3  14028.0
 20CW  19-Apr-20 10:20 0023  VA2WA          599  599  NAM           VE       5  14026.1
 20CW  19-Apr-20 10:22 0024  LZ5DD          599  599  EU            LZ       3  14025.0
 20CW  19-Apr-20 10:23 0025  EA7A           599  599  EU                     3  14023.5
 20CW  19-Apr-20 10:26 0026  LZ75ZZ         599  599  EU                     3  14022.1
 20CW  19-Apr-20 10:27 0027  YQ6A           599  599  EU            YO       3  14019.5
 20CW  19-Apr-20 10:27 0028  UR5R           599  599  EU                     3  14019.0
 20CW  19-Apr-20 10:29 0029  SP4INT         599  599  EU            SP       3  14017.6
 20CW  19-Apr-20 10:32 0030  UN7G           599  599  AS            UN       5  14017.3
 20CW  19-Apr-20 10:34 0031  YT6W           599  599  EU            YU       3  14014.4
 20CW  19-Apr-20 10:36 0032  KC1XX          599  599  NA                     5  14013.9
 20CW  19-Apr-20 10:36 0033  OY1CT          599  599  EUM           OY       3  14011.3
 20CW  19-Apr-20 10:37 0034  RM2D           599  599  EU                     3  14010.2
 20CW  19-Apr-20 10:39 0035  IT9MUO         599  599  EU            IT9      3  14006.4
 20CW  19-Apr-20 10:40 0036  EA5O           599  599  EU                     3  14004.0
 20CW  19-Apr-20 10:41 0037  IT9BLB         599  599  EU                     3  14035.5
 40CW  19-Apr-20 10:43 0038  IK3YBX         599  599  EU            I        3   7027.4
