 20CW  15-Feb-20 17:04 0001  K5ZD           599  599  MA                     0  14028.1
 20CW  15-Feb-20 17:14 0002  K0ZR           599  599  VA                     0  14021.9
 20CW  15-Feb-20 17:24 0003  N5DX           599  599  NY                     0  14078.0
 20CW  15-Feb-20 18:10 0004  W9RE           599  599  IN                     0  14043.6
 20CW  15-Feb-20 18:57 0005  NG3R           599  599  PA                     0  14035.0
 20CW  15-Feb-20 19:02 0006  VY2TT          599  599  PE                     0  14034.6
 20CW  15-Feb-20 19:04 0007  N3RS           599  599  PA                     0  14031.5
 20CW  15-Feb-20 19:06 0008  K1ZZ           599  599  CT                     0  14029.6
 20CW  15-Feb-20 19:08 0009  K1KI           599  599  CT                     0  14028.1
 20CW  15-Feb-20 19:10 0010  NN7CW          599  599  FL                     0  14019.5
 20CW  15-Feb-20 19:11 0011  W2YC           599  599  NJ                     0  14019.3
 20CW  15-Feb-20 19:13 0012  NR4M           599  599  VA                     0  14014.0
 20CW  15-Feb-20 19:15 0013  VE3AT          599  599  ON                     0  14010.9
 20CW  15-Feb-20 19:19 0014  W3LPL          599  599  MD                     0  14006.6
 20CW  15-Feb-20 19:21 0015  NY3A           599  599  PA                     0  14005.5
 20CW  15-Feb-20 19:22 0016  K3LR           599  599  PA                     0  14004.9
 20CW  15-Feb-20 19:23 0017  N2NT           599  599  NJ                     0  14003.2
 20CW  16-Feb-20 12:23 0018  N4AF           599  599  NC                     0  14036.5
 20CW  16-Feb-20 12:25 0019  AB3CX          599  599  NY                     0  14035.4
 20CW  16-Feb-20 13:01 0020  AA3B           599  599  PA                     0  14032.2
 20CW  16-Feb-20 13:04 0021  K2AX           599  599  NJ                     0  14031.5
 20CW  16-Feb-20 13:07 0022  K1RM           599  599  CT                     0  14028.4
 20CW  16-Feb-20 13:10 0023  K1KP           599  599  MA                     0  14028.1
 20CW  16-Feb-20 13:40 0024  K3ZO           599  599  MD                     0  14022.6
 20CW  16-Feb-20 13:43 0025  K2QMF          599  599  NY                     0  14017.7
 20CW  16-Feb-20 13:47 0026  K1RX           599  599  NH                     0  14016.0
 20CW  16-Feb-20 13:49 0027  N2MM           599  599  NJ                     0  14012.9
 20CW  16-Feb-20 13:59 0028  K1TTT          599  599  MA                     0  14013.2
 20CW  16-Feb-20 14:11 0029  KI1G           599  599  RI                     0  14008.0
 20CW  16-Feb-20 14:14 0030  K4RUM          599  599  NY                     0  14005.2
 20CW  16-Feb-20 14:17 0031  K1IR           599  599  MA                     0  14005.0
 20CW  16-Feb-20 14:24 0032  W2FU           599  599  NY                     0  14002.8
 20CW  16-Feb-20 14:27 0033  KC1XX          599  599  NH                     0  14000.9
 15CW  16-Feb-20 14:34 0034  VY2TT          599  599  PE                     0  21014.6
 20CW  16-Feb-20 15:32 0035  N4UA           599  599  FL                     0  14016.0
 20CW  16-Feb-20 15:36 0036  K7RL           599  599  WA                     0  14015.3
 20CW  16-Feb-20 15:59 0037  AA1K           599  599  DE                     0  14007.1
 20CW  16-Feb-20 16:08 0038  K8AZ           599  599  OH                     0  14002.0
 20CW  16-Feb-20 16:12 0039  KQ2M           599  599  CT                     0  14014.9
 20CW  16-Feb-20 16:16 0040  N7ZG           599  599  WA                     0  14009.8
 20CW  16-Feb-20 16:26 0041  AA4LS          599  599  ME                     0  14004.8
