 40CW  27-Apr-20 16:46 0001  HA5MA          599  599  020           HA       3   7037.9
 40CW  27-Apr-20 16:47 0002  EA3X           599  599  018           EA       3   7037.0
 40CW  27-Apr-20 16:48 0003  SP4DNX         599  599  019           SP       3   7035.9
 40CW  27-Apr-20 16:48 0004  OM3PA          599  599  031           OM       3   7035.2
 40CW  27-Apr-20 16:49 0005  SQ9S           599  599  021                    3   7034.0
 40CW  27-Apr-20 16:50 0006  SM5DXR         599  599  020           SM       3   7033.3
 40CW  27-Apr-20 16:52 0007  LA0CX          599  599  021           LA       3   7030.7
 40CW  27-Apr-20 16:54 0008  OK5M           599  599  029           OK       3   7029.5
 40CW  27-Apr-20 16:55 0009  SN1T           599  599  035                    3   7029.0
 40CW  27-Apr-20 16:56 0010  OK2SLS         599  599  016                    3   7028.0
 40CW  27-Apr-20 16:58 0011  YT2RX          599  599  021           YU       3   7034.4
 40CW  27-Apr-20 17:00 0012  YL3FW          599  599  019           YL       3   7035.5
 40CW  27-Apr-20 17:01 0013  SM5CSS         599  599  039                    3   7038.7
 40CW  27-Apr-20 17:02 0014  9A7R           599  599  051           9A       3   7038.7
 40CW  27-Apr-20 17:06 0015  OK2BFN         599  599  014                    3   7029.5
 80CW  27-Apr-20 17:09 0016  OK1VK          599  599  024           OK       3   3547.7
 80CW  27-Apr-20 17:10 0017  SD6F           599  599  038           SM       3   3543.8
 80CW  27-Apr-20 17:11 0018  OK1AY          599  599  071                    3   3543.4
 80CW  27-Apr-20 17:13 0019  OK2PYA         599  599  062                    3   3543.0
 80CW  27-Apr-20 17:13 0020  SN1T           599  599  068           SP       3   3542.5
 80CW  27-Apr-20 17:14 0021  DL1QC          599  599  051           DL       2   3542.0
 80CW  27-Apr-20 17:15 0022  OM3PA          599  599  078           OM       3   3540.9
 80CW  27-Apr-20 17:16 0023  OK1RZ          599  599  070                    3   3540.2
 80CW  27-Apr-20 17:18 0024  OK1FMX         599  599  058                    3   3539.2
 80CW  27-Apr-20 17:19 0025  YL3FW          599  599  038           YL       3   3538.8
 80CW  27-Apr-20 17:21 0026  OK1FHI         599  599  056                    3   3538.4
 80CW  27-Apr-20 17:22 0027  OK1IBP         599  599  068                    3   3537.9
 80CW  27-Apr-20 17:24 0028  OK1FGD         599  599  067                    3   3537.0
 80CW  27-Apr-20 17:25 0029  DL5YM          599  599  058                    2   3536.6
 80CW  27-Apr-20 17:25 0030  DK2FG          599  599  089                    2   3535.8
 80CW  27-Apr-20 17:27 0031  OK1IF          599  599  092                    3   3533.6
 80CW  27-Apr-20 17:28 0032  OM5RM          599  599  105                    3   3533.6
 80CW  27-Apr-20 17:29 0033  OK1FCJ         599  599  084                    3   3533.6
 80CW  27-Apr-20 17:29 0034  SP2MW          599  599  069                    3   3533.6
 80CW  27-Apr-20 17:29 0035  SN2S           599  599  070                    3   3533.6
 80CW  27-Apr-20 17:29 0036  DK9HE          599  599  017                    2   3533.6
