 40CW  04-Apr-20 15:49 0001  SP2AYC         599  599  F             F        3   7010.2
 40CW  04-Apr-20 15:50 0002  SP6OJE         599  599  U             U        3   7009.0
 40CW  04-Apr-20 15:52 0003  SP2FWC         599  599  F                      3   7008.6
 40CW  04-Apr-20 15:56 0004  SP9JZU         599  599  M             M        3   7007.7
 40CW  04-Apr-20 17:04 0005  SP2EBG         599  599  F                      3   7005.1
 40CW  04-Apr-20 17:09 0006  SP1AEN         599  599  F                      3   7002.7
 40CW  04-Apr-20 17:13 0007  SP3RNZ         599  599  W             W        3   7035.6
 40CW  04-Apr-20 17:14 0008  SP3VT          599  599  W                      3   7035.1
 40CW  04-Apr-20 17:15 0009  SP7LIE         599  599  C             C        3   7034.7
 40CW  04-Apr-20 17:26 0010  SP7AH          599  599  S             S        3   7033.4
 40CW  04-Apr-20 17:28 0011  SP5KW          599  599  R             R        3   7033.0
 40CW  04-Apr-20 17:31 0012  SP3SLU         599  599  W                      3   7032.6
 40CW  04-Apr-20 17:31 0013  SN6A           599  599  D             D        3   7032.2
 40CW  04-Apr-20 17:33 0014  SP4TKR         599  599  J             J        3   7031.5
 40CW  04-Apr-20 17:38 0015  SP3OCC         599  599  W                      3   7031.0
 40CW  04-Apr-20 17:38 0016  SP9OUV         599  599  G             G        3   7030.6
 40CW  04-Apr-20 17:39 0017  SP7OGP         599  599  C                      3   7030.3
 40CW  04-Apr-20 17:41 0018  SN5N           599  599  L             L        3   7029.9
 40CW  04-Apr-20 19:24 0019  SP5OXJ         599  599  R                      3   7030.0
 40CW  04-Apr-20 19:30 0020  SP9JZT         599  599  M                      3   7028.2
 40CW  04-Apr-20 19:34 0021  SP4F           599  599  O             O        3   7027.0
 40CW  04-Apr-20 19:37 0022  SP8GQU         599  599  L                      3   7026.1
 40CW  04-Apr-20 19:42 0023  SP8HWM         599  599  L                      3   7017.0
 40CW  04-Apr-20 19:44 0024  SP5IOU         599  599  R                      3   7015.0
 40CW  04-Apr-20 19:48 0025  SQ5LNU         599  599  R                      3   7012.7
 40CW  04-Apr-20 19:50 0026  SP5WA          599  599  R                      3   7007.0
 40CW  04-Apr-20 20:00 0027  SP8GNF         599  599  L                      3   7015.5
160CW  04-Apr-20 20:06 0028  SP1D           599  599  Z             Z        3   1832.5
160CW  04-Apr-20 20:09 0029  SP1KV          599  599  Z                      3   1830.5
160CW  04-Apr-20 20:15 0030  SN1W           599  599  Z                      3   1828.8
160CW  04-Apr-20 20:17 0031  SP3HLM         599  599  B             B        3   1824.5
160CW  04-Apr-20 20:23 0032  SP2LNW         599  599  F             F        3   1818.2
 40CW  05-Apr-20 08:40 0033  SN7O           599  599  C                      3   7033.7
 40CW  05-Apr-20 08:41 0034  SP2LNW         599  599  F                      3   7033.3
 40CW  05-Apr-20 08:43 0035  SP2DKI         599  599  P             P        3   7032.0
 40CW  05-Apr-20 08:49 0036  SP9H           599  599  G                      3   7030.4
 40CW  05-Apr-20 08:50 0037  SP2QCW         599  599  F                      3   7030.8
 40CW  05-Apr-20 08:53 0038  SP9KVC         599  599  G                      3   7029.9
 40CW  05-Apr-20 09:05 0039  SQ5JUP         599  599  R                      3   7023.9
 40CW  05-Apr-20 09:07 0040  SO3O           599  599  W                      3   7023.6
 40CW  05-Apr-20 09:14 0041  SP2GVN         599  599  P                      3   7021.5
 40CW  05-Apr-20 09:16 0042  SP3MKS         599  599  W                      3   7018.3
 40CW  05-Apr-20 09:20 0043  SP6GJY         599  599  D                      3   7015.5
 40CW  05-Apr-20 09:21 0044  SP3FHV         599  599  B             B        3   7013.4
 40CW  05-Apr-20 09:22 0045  SN6O           599  599  U                      3   7012.9
 40CW  05-Apr-20 09:25 0046  SQ9C           599  599  G                      3   7010.0
 40CW  05-Apr-20 09:26 0047  SN9C           599  599  G                      3   7009.4
 40CW  05-Apr-20 09:27 0048  SP5AUY         599  599  R                      3   7008.0
 40CW  05-Apr-20 09:29 0049  SQ4NR          599  599  J                      3   7005.6
 40CW  05-Apr-20 09:31 0050  SN2W           599  599  F                      3   7004.9
 40CW  05-Apr-20 09:32 0051  SP2MKT         599  599  P                      3   7003.7
 40CW  05-Apr-20 09:33 0052  SQ1REX         599  599  Z             Z        3   7002.0
 40CW  05-Apr-20 09:37 0053  SP4W           599  599  J                      3   7038.3
 40CW  05-Apr-20 09:43 0054  SP9GFI         599  599  G                      3   7033.5
 40CW  05-Apr-20 09:43 0055  SP3ZHP         599  599  W                      3   7033.1
 40CW  05-Apr-20 09:45 0056  SQ2DMX         599  599  P                      3   7031.5
 40CW  05-Apr-20 12:29 0057  SP6IWG         599  599  D                      3   7024.2
 40CW  05-Apr-20 12:37 0058  SP5CJQ         599  599  R                      3   7018.4
 40CW  05-Apr-20 13:56 0059  SP3PSM         599  599  W                      3   7038.6
 40CW  05-Apr-20 13:58 0060  SP1DOZ         599  599  Z                      3   7033.2
 40CW  05-Apr-20 14:01 0061  SP2JNK         599  599  P                      3   7028.7
 40CW  05-Apr-20 14:04 0062  SQ9IDE         599  599  G                      3   7021.5
 40CW  05-Apr-20 14:06 0063  SP9MQA         599  599  G                      3   7020.4
 40CW  05-Apr-20 14:09 0064  SP7HOA         599  599  C                      3   7019.2
 40CW  05-Apr-20 14:18 0065  SP2GCJ         599  599  P                      3   7030.9
 40CW  05-Apr-20 14:18 0066  SP2R           599  599  F                      3   7029.3
 40CW  05-Apr-20 14:42 0067  SP2GKS         599  599  F                      3   7016.9
 40CW  05-Apr-20 14:46 0068  SP2MW          599  599  F                      3   7015.6
 40CW  05-Apr-20 14:53 0069  SO9M           599  599  G                      3   7006.4
 40CW  05-Apr-20 14:56 0070  SP2BRI         599  599  F                      3   7038.0
