 10CW  30-May-20 08:44 0001  S58MU          599  599  693           S5       3  28065.7
 10CW  30-May-20 08:45 0002  SN95IARU       599  599  323           SP       3  28065.0
 10CW  30-May-20 08:46 0003  YT5M           599  599  119           YU       3  28064.1
 10CW  30-May-20 08:48 0004  OH1X           599  599  233           OH       3  28063.5
 10CW  30-May-20 08:49 0005  SP5AUY         599  599  218                    3  28063.1
 10CW  30-May-20 08:50 0006  LY2FN          599  599  179           LY       3  28062.6
 10CW  30-May-20 08:52 0007  OZ7BQ          599  599  099           OZ       3  28061.6
 10CW  30-May-20 08:53 0008  OK1CZ          599  599  172           OK       3  28061.2
 10CW  30-May-20 08:54 0009  OH9W           599  599  081                    3  28060.6
 10CW  30-May-20 08:55 0010  EU1DX          599  599  088           EU       3  28060.0
 10CW  30-May-20 08:57 0011  OG70AD         599  599  166                    3  28059.5
 10CW  30-May-20 08:58 0012  UT7NY          599  599  498           UR       3  28059.0
 10CW  30-May-20 09:01 0013  S58Y           599  599  162                    3  28058.5
 10CW  30-May-20 09:02 0014  EA4M           599  599  056           EA       3  28058.1
 10CW  30-May-20 09:03 0015  LY5W           599  599  209                    3  28057.7
 10CW  30-May-20 09:05 0016  MC2I           599  599  140           GW       3  28056.9
 10CW  30-May-20 09:12 0017  ED5N           599  599  080                    3  28056.1
 10CW  30-May-20 09:16 0018  4X0A           599  599  227           4X       5  28055.5
 10CW  30-May-20 09:19 0019  OH6AC          599  599  362                    3  28053.3
 10CW  30-May-20 09:20 0020  YT2RX          599  599  118                    3  28052.5
 10CW  30-May-20 09:25 0021  OH4M           599  599  068                    3  28051.2
 10CW  30-May-20 09:26 0022  EU5C           599  599  327                    3  28050.1
 10CW  30-May-20 09:28 0023  R1AT           599  599  344           UA       3  28049.8
 10CW  30-May-20 09:29 0024  EA5FID         599  599  147                    3  28048.1
 10CW  30-May-20 09:33 0025  SN1T           599  599  169                    3  28045.4
 10CW  30-May-20 09:35 0026  OG73X          599  599  647                    3  28043.8
 10CW  30-May-20 09:39 0027  OR5T           599  599  154           ON       3  28041.5
 10CW  30-May-20 09:41 0028  ES7XX          599  599  043           ES       3  28041.1
 10CW  30-May-20 09:42 0029  EW5Z           599  599  947                    3  28039.2
 10CW  30-May-20 09:45 0030  SD6F           599  599  188           SM       3  28037.3
 10CW  30-May-20 09:59 0031  EB5A           599  599  885                    3  28036.6
 10CW  30-May-20 09:59 0032  OH1F           599  599  1057                   3  28035.6
 10CW  30-May-20 10:01 0033  SP2R           599  599  471                    3  28035.3
 10CW  30-May-20 10:01 0034  LY5E           599  599  946                    3  28033.8
 10CW  30-May-20 10:02 0035  EA6FO          599  599  688           EA6      3  28032.8
 10CW  30-May-20 10:06 0036  LY5R           599  599  871                    3  28030.8
 10CW  30-May-20 10:09 0037  ES3V           599  599  160                    3  28030.0
 10CW  30-May-20 10:11 0038  YL4U           599  599  568           YL       3  28029.5
 10CW  30-May-20 10:13 0039  SM5ACQ         599  599  090                    3  28029.2
 10CW  30-May-20 10:14 0040  SD1A           599  599  164                    3  28028.2
 10CW  30-May-20 10:15 0041  LY2XW          599  599  701                    3  28027.8
 10CW  30-May-20 10:17 0042  RU7M           599  599  386                    3  28027.4
 10CW  30-May-20 10:23 0043  GM4Z           599  599  057           GM       3  28026.9
 10CW  30-May-20 10:25 0044  SD6M           599  599  280                    3  28025.1
 10CW  30-May-20 10:27 0045  EA4OR          599  599  257                    3  28023.5
 10CW  30-May-20 10:36 0046  GS2MP          599  599  068                    3  28021.2
 10CW  30-May-20 10:42 0047  G6T            599  599  582           G        3  28020.6
 10CW  30-May-20 10:44 0048  YL7X           599  599  992                    3  28018.3
 10CW  30-May-20 10:45 0049  RX3APM         599  599  658                    3  28018.8
 10CW  30-May-20 10:47 0050  LA8HGA         599  599  456           LA       3  28017.6
 10CW  30-May-20 10:48 0051  OH3OJ          599  599  694                    3  28017.2
 10CW  30-May-20 10:49 0052  OM7M           599  599  404           OM       3  28014.2
 10CW  30-May-20 10:50 0053  GW4J           599  599  100                    3  28012.3
 10CW  30-May-20 10:51 0054  R2AA           599  599  1633                   3  28010.2
 10CW  30-May-20 10:52 0055  LN8W           599  599  485                    3  28009.4
 10CW  30-May-20 10:54 0056  GB2OL          599  599  157                    3  28007.6
 10CW  30-May-20 11:01 0057  TM5T           599  599  788           F        3  28005.2
 10CW  30-May-20 11:03 0058  EA5O           599  599  449                    3  28003.8
 15CW  30-May-20 11:16 0059  MM3AWD         599  599  101           GM       3  21059.5
 15CW  30-May-20 11:18 0060  YT9W           599  599  362           YU       3  21052.0
 15CW  30-May-20 11:43 0061  UY1HY          599  599  438           UR       3  21049.5
 15CW  30-May-20 11:45 0062  RX3APM         599  599  740           UA       3  21047.6
 15CW  30-May-20 11:47 0063  RO7C           599  599  371                    3  21047.1
 15CW  30-May-20 11:47 0064  OG6N           599  599  1112          OH       3  21046.4
 15CW  30-May-20 11:48 0065  SF6W           599  599  376           SM       3  21045.7
 15CW  30-May-20 11:49 0066  OK7O           599  599  1112          OK       3  21045.0
 15CW  30-May-20 11:50 0067  OH9S           599  599  248                    3  21044.7
 15CW  30-May-20 11:52 0068  OH9W           599  599  359                    3  21043.0
 15CW  30-May-20 11:54 0069  OH1F           599  599  1313                   3  21042.1
 15CW  30-May-20 11:55 0070  US2YW          599  599  1061                   3  21041.7
 15CW  30-May-20 11:56 0071  OH2KW          599  599  578                    3  21040.1
 15CW  30-May-20 11:57 0072  OH3FM          599  599  454                    3  21038.6
 15CW  30-May-20 12:00 0073  ES5RR          599  599  1095          ES       3  21036.0
 15CW  30-May-20 12:01 0074  SM0HRP         599  599  483                    3  21035.6
 15CW  30-May-20 12:06 0075  HG1S           599  599  387           HA       3  21029.5
 15CW  30-May-20 12:09 0076  R1DX           599  599  458                    3  21023.5
 15CW  30-May-20 12:12 0077  EI0W           599  599  721           EI       3  21022.9
 15CW  30-May-20 12:15 0078  RT2C           599  599  1372                   3  21018.5
 15CW  30-May-20 12:29 0079  LZ3R           599  599  412           LZ       3  21016.3
 15CW  30-May-20 12:30 0080  CT1DRB         599  599  146           CT       3  21015.7
 15CW  30-May-20 12:32 0081  R6AF           599  599  388                    3  21014.8
 15CW  30-May-20 12:34 0082  SE5E           599  599  1096                   3  21011.6
 15CW  30-May-20 12:39 0083  EI5KF          599  599  892                    3  21006.3
 15CW  30-May-20 12:48 0084  LA8OM          599  599  123           LA       3  21005.0
 15CW  30-May-20 17:26 0085  YT5A           599  599  798                    3  21005.6
 15CW  30-May-20 17:35 0086  IR2Q           599  599  1686          I        3  21028.0
 15CW  30-May-20 17:35 0087  OE6MMD         599  599  131           OE       3  21028.5
 15CW  30-May-20 17:36 0088  LZ9W           599  599  1051                   3  21026.1
 15CW  30-May-20 17:38 0089  HA8VV          599  599  278                    3  21024.8
 15CW  30-May-20 17:39 0090  HB9DQL         599  599  986           HB       3  21024.3
 15CW  30-May-20 17:43 0091  PX2A           599  599  517           PY       5  21023.3
 15CW  30-May-20 17:44 0092  9A4W           599  599  933           9A       3  21020.7
 15CW  30-May-20 17:46 0093  E74X           599  599  523           E7       3  21018.6
 15CW  30-May-20 17:47 0094  S50Q           599  599  744           S5       3  21018.3
 15CW  30-May-20 17:47 0095  IR1G           599  599  1678                   3  21017.6
 15CW  30-May-20 17:48 0096  HG3IPA         599  599  267                    3  21017.2
 15CW  30-May-20 17:51 0097  LZ5R           599  599  2357                   3  21013.1
 15CW  30-May-20 17:53 0098  YT9X           599  599  727                    3  21010.3
 15CW  30-May-20 17:55 0099  HA2KMR         599  599  611                    3  21009.5
 15CW  30-May-20 17:57 0100  YU5A           599  599  413                    3  21005.2
 15CW  30-May-20 17:58 0101  FY5FY          599  599  444           FY       5  21001.7
 10CW  30-May-20 17:59 0102  SX2I           599  599  679           SV       3  28048.1
 10CW  30-May-20 18:01 0103  DK5QN          599  599  651           DL       2  28035.6
 10CW  30-May-20 18:03 0104  I2WIJ          599  599  1343          I        3  28034.1
 10CW  30-May-20 18:05 0105  IW0HBY         599  599  067                    3  28032.1
 10CW  30-May-20 18:06 0106  IC8FBU         599  599  379                    3  28029.9
 10CW  30-May-20 18:07 0107  HG8C           599  599  469           HA       3  28029.5
 10CW  30-May-20 18:09 0108  IB9T           599  599  1104          IT9      3  28025.5
 10CW  30-May-20 18:11 0109  LZ9W           599  599  764           LZ       3  28023.1
 10CW  30-May-20 18:12 0110  OM3RM          599  599  837                    3  28019.9
 10CW  30-May-20 18:13 0111  EF8R           599  599  1497          EA8      5  28019.0
 10CW  30-May-20 18:15 0112  YT5A           599  599  736                    3  28017.1
 10CW  30-May-20 18:17 0113  EA3NO          599  599  294                    3  28016.7
 10CW  30-May-20 18:19 0114  IW7DMH         599  599  118                    3  28015.9
 10CW  30-May-20 18:21 0115  SQ9DJD         599  599  049                    3  28015.6
 10CW  30-May-20 18:23 0116  EA1R           599  599  417                    3  28014.0
 10CW  30-May-20 18:24 0117  YO5OHO         599  599  454           YO       3  28011.0
 10CW  30-May-20 19:57 0118  E77A           599  599  867           E7       3  28004.2
 10CW  30-May-20 19:58 0119  LZ3ND          599  599  807                    3  28003.0
 10CW  30-May-20 20:02 0120  E77G           599  599  478                    3  28014.9
 10CW  30-May-20 20:11 0121  YU1A           599  599  482                    3  28029.6
 20CW  30-May-20 20:14 0122  4U9STAYHOME    599  599  208                    5  14046.7
 20CW  30-May-20 20:16 0123  YR9F           599  599  972           YO       3  14046.1
 20CW  30-May-20 20:18 0124  RZ6G           599  599  2552          UA       3  14045.1
 20CW  30-May-20 20:18 0125  LZ9W           599  599  1808          LZ       3  14043.7
 20CW  30-May-20 20:21 0126  S53A           599  599  1486          S5       3  14041.5
 20CW  30-May-20 20:21 0127  OE3K           599  599  1649          OE       3  14041.0
 20CW  30-May-20 20:22 0128  P33W           599  599  2368          5B       5  14040.4
 20CW  30-May-20 20:23 0129  LZ8E           599  599  1443                   3  14039.1
 20CW  30-May-20 20:24 0130  UB7K           599  599  2337                   3  14038.7
 20CW  30-May-20 20:28 0131  RA6CA          599  599  438                    3  14037.6
 20CW  30-May-20 20:29 0132  EB5A           599  599  2021          EA       3  14037.1
 20CW  30-May-20 20:29 0133  S57Q           599  599  755                    3  14036.6
 20CW  30-May-20 20:30 0134  HB9ARF         599  599  716           HB       3  14035.0
 20CW  30-May-20 20:31 0135  HA2KMR         599  599  770           HA       3  14034.6
 20CW  30-May-20 20:32 0136  OK5Z           599  599  1923          OK       3  14034.2
 20CW  30-May-20 20:34 0137  YT3X           599  599  1764          YU       3  14033.7
 20CW  30-May-20 20:34 0138  LZ2HR          599  599  600                    3  14033.3
 20CW  30-May-20 20:35 0139  LZ3R           599  599  763                    3  14033.1
 20CW  30-May-20 20:37 0140  HG7T           599  599  1164                   3  14032.5
 20CW  30-May-20 20:38 0141  CR6K           599  599  1123          CT       3  14032.2
 20CW  30-May-20 20:41 0142  YT9X           599  599  1491                   3  14031.9
 20CW  30-May-20 20:43 0143  9A5D           599  599  1950          9A       3  14031.6
 20CW  30-May-20 20:44 0144  HA8DU          599  599  1019                   3  14030.7
 20CW  30-May-20 20:46 0145  S57C           599  599  1152                   3  14029.4
 20CW  30-May-20 20:47 0146  9A3JB          599  599  1272                   3  14028.6
 20CW  30-May-20 20:48 0147  4L8A           599  599  1483          4L       5  14027.0
 20CW  30-May-20 20:50 0148  LW8DQ          599  599  577           LU       5  14026.5
 20CW  30-May-20 20:50 0149  HA8M           599  599  1138                   3  14025.6
 20CW  30-May-20 20:51 0150  9A9A           599  599  1907                   3  14025.0
 20CW  30-May-20 20:54 0151  S50K           599  599  1457                   3  14023.5
 20CW  30-May-20 20:57 0152  HA9RT          599  599  999                    3  14022.1
160CW  30-May-20 21:00 0153  G2X            599  599  081           G        3   1840.5
160CW  30-May-20 21:02 0154  MX3W           599  599  345                    3   1839.0
160CW  30-May-20 21:05 0155  EU6AF          599  599  232           EU       3   1837.5
160CW  30-May-20 21:06 0156  OK6W           599  599  315           OK       3   1836.2
160CW  30-May-20 21:11 0157  LY2NK          599  599  206           LY       3   1833.4
160CW  30-May-20 21:14 0158  YO5AJR         599  599  180           YO       3   1832.0
160CW  30-May-20 21:17 0159  SM0T           599  599  116           SM       3   1831.7
160CW  30-May-20 21:19 0160  YL7X           599  599  1880          YL       3   1831.3
160CW  30-May-20 21:21 0161  DK5DQ          599  599  505           DL       2   1830.5
160CW  30-May-20 21:22 0162  DK2OY          599  599  1184                   2   1830.0
160CW  30-May-20 21:23 0163  OH9W           599  599  064           OH       3   1829.6
160CW  30-May-20 21:25 0164  OM2XW          599  599  259           OM       3   1828.2
160CW  30-May-20 21:25 0165  LX20I          599  599  104           LX       3   1827.4
160CW  30-May-20 21:27 0166  OL9R           599  599  209                    3   1825.2
 40CW  31-May-20 08:23 0167  LZ9W           599  599  1785          LZ       3   7036.5
 40CW  31-May-20 08:26 0168  DK0RPO         599  599  106           DL       2   7035.8
 40CW  31-May-20 08:27 0169  OE3WMA         599  599  455           OE       3   7034.2
 40CW  31-May-20 08:28 0170  YT5A           599  599  1836          YU       3   7032.1
 40CW  31-May-20 08:29 0171  DL8UAT         599  599  707                    2   7031.5
 40CW  31-May-20 08:30 0172  DM30RSV        599  599  481                    2   7030.8
 40CW  31-May-20 08:31 0173  DL0GEO         599  599  224                    2   7029.6
 40CW  31-May-20 08:37 0174  PA4O           599  599  1851          PA       3   7027.6
 40CW  31-May-20 08:38 0175  OL902AC        599  599  1585          OK       3   7027.2
 40CW  31-May-20 08:41 0176  DL1OJ          599  599  131                    2   7025.4
 40CW  31-May-20 08:42 0177  SQ7OXU         599  599  389           SP       3   7025.0
 40CW  31-May-20 08:43 0178  IK2WAD         599  599  812           I        3   7023.3
 40CW  31-May-20 08:46 0179  DC6K           599  599  966                    2   7022.8
 40CW  31-May-20 08:47 0180  OK1KKI         599  599  532                    3   7021.1
 40CW  31-May-20 08:49 0181  G8X            599  599  1084          G        3   7020.5
 40CW  31-May-20 08:50 0182  SP7CF          599  599  694                    3   7018.2
 40CW  31-May-20 08:51 0183  S52AW          599  599  1993          S5       3   7018.7
 40CW  31-May-20 08:55 0184  EA3X           599  599  776           EA       3   7017.0
 40CW  31-May-20 08:56 0185  DK3YD          599  599  979                    2   7016.1
 40CW  31-May-20 08:57 0186  DL6ON          599  599  544                    2   7015.9
 40CW  31-May-20 08:59 0187  DA0DX          599  599  382                    2   7014.9
 40CW  31-May-20 09:05 0188  OH0V           599  599  2496          OH0      3   7010.8
 40CW  31-May-20 09:06 0189  F5HTR          599  599  497           F        3   7007.0
 40CW  31-May-20 09:09 0190  DD2ML          599  599  2196                   2   7003.5
 10CW  31-May-20 09:13 0191  EF1M           599  599  200                    3  28069.0
 10CW  31-May-20 09:13 0192  EA1CBX         599  599  002                    3  28067.0
 10CW  31-May-20 09:16 0193  EE4A           599  599  323                    3  28066.1
 10CW  31-May-20 09:20 0194  EB5F           599  599  268                    3  28061.6
 10CW  31-May-20 09:21 0195  IK6VXO         599  599  319                    3  28059.2
 10CW  31-May-20 09:23 0196  EA3PP          599  599  303                    3  28057.1
 10CW  31-May-20 09:24 0197  EA1CS          599  599  285                    3  28056.2
 10CW  31-May-20 09:27 0198  YO3ND          599  599  796                    3  28055.7
 10CW  31-May-20 09:28 0199  ED4T           599  599  961                    3  28055.0
 10CW  31-May-20 09:30 0200  YL3CW          599  599  090                    3  28053.1
 10CW  31-May-20 09:31 0201  DL5JS          599  599  588                    2  28047.3
 10CW  31-May-20 09:32 0202  MM2N           599  599  576                    3  28045.6
 10CW  31-May-20 09:34 0203  UZ0U           599  599  1202                   3  28041.6
 10CW  31-May-20 09:35 0204  LZ7J           599  599  605                    3  28042.1
 10CW  31-May-20 09:40 0205  EF1C           599  599  393                    3  28039.5
 10CW  31-May-20 09:41 0206  EA1WX          599  599  153                    3  28038.7
 10CW  31-May-20 09:45 0207  IK8UND         599  599  1279                   3  28036.9
 10CW  31-May-20 09:47 0208  ES5RR          599  599  2959                   3  28036.6
 10CW  31-May-20 09:48 0209  OY1CT          599  599  953           OY       3  28035.3
 10CW  31-May-20 10:01 0210  EC3A           599  599  1298                   3  28033.0
 10CW  31-May-20 10:05 0211  LA5UF          599  599  942                    3  28025.1
 10CW  31-May-20 10:06 0212  EA7A           599  599  1297                   3  28022.4
 10CW  31-May-20 10:13 0213  UX0LL          599  599  837                    3  28019.2
 10CW  31-May-20 10:38 0214  GM3F           599  599  312                    3  28018.7
 10CW  31-May-20 10:39 0215  II9P           599  599  2792                   3  28018.1
 10CW  31-May-20 10:42 0216  YL2PJ          599  599  337                    3  28015.7
 10CW  31-May-20 10:42 0217  EF1A           599  599  870                    3  28016.0
 10CW  31-May-20 10:43 0218  EA5ITT         599  599  902                    3  28014.5
 10CW  31-May-20 10:46 0219  IO6A           599  599  2001                   3  28013.9
 10CW  31-May-20 10:49 0220  9A0AA          599  599  2686          9A       3  28012.1
 10CW  31-May-20 10:50 0221  OK2BTJ         599  599  378                    3  28010.3
 10CW  31-May-20 10:51 0222  YT9X           599  599  375                    3  28009.1
 10CW  31-May-20 10:53 0223  YL5R           599  599  2271                   3  28008.2
 10CW  31-May-20 10:54 0224  LY7Z           599  599  2711                   3  28006.1
 10CW  31-May-20 10:55 0225  UT5UT          599  599  421                    3  28002.9
 10CW  31-May-20 10:56 0226  LZ9A           599  599  1055                   3  28000.5
 15CW  31-May-20 10:58 0227  9A9R           599  599  171                    3  21050.8
 15CW  31-May-20 10:59 0228  OG66X          599  599  864                    3  21048.5
 15CW  31-May-20 11:01 0229  MM4D           599  599  254                    3  21047.0
 15CW  31-May-20 11:44 0230  HA0HV          599  599  1079                   3  21044.2
 15CW  31-May-20 11:46 0231  II9P           599  599  2962          IT9      3  21041.1
 15CW  31-May-20 11:48 0232  YR8D           599  599  1540          YO       3  21040.7
 15CW  31-May-20 11:49 0233  9A5W           599  599  1647                   3  21040.0
 15CW  31-May-20 11:54 0234  TA3ST          599  599  472           TA       5  21039.4
 15CW  31-May-20 11:55 0235  YL2VW          599  599  1617          YL       3  21036.8
 15CW  31-May-20 11:57 0236  HG8Z           599  599  993                    3  21036.1
 15CW  31-May-20 12:01 0237  OM6RM          599  599  064           OM       3  21032.6
 15CW  31-May-20 15:29 0238  OM3BH          599  599  2895                   3  21030.3
 15CW  31-May-20 15:33 0239  LZ1MS          599  599  1240                   3  21029.9
 20CW  31-May-20 15:35 0240  LY4L           599  599  2291          LY       3  14065.6
 20CW  31-May-20 15:36 0241  RX3APM         599  599  2179                   3  14065.0
 20CW  31-May-20 15:38 0242  OL901AB        599  599  635                    3  14063.7
 20CW  31-May-20 15:39 0243  OM0M           599  599  2046          OM       3  14062.7
 20CW  31-May-20 15:39 0244  G4IIY          599  599  846           G        3  14062.3
 20CW  31-May-20 15:40 0245  OE6MMD         599  599  696                    3  14062.0
 20CW  31-May-20 15:45 0246  UV5U           599  599  1887          UR       3  14061.1
 20CW  31-May-20 15:46 0247  YL7X           599  599  3278          YL       3  14060.7
 20CW  31-May-20 15:48 0248  YL6W           599  599  393                    3  14059.6
 20CW  31-May-20 15:52 0249  LY7Z           599  599  2937                   3  14059.3
 20CW  31-May-20 15:54 0250  RG6G           599  599  3919                   3  14058.4
 20CW  31-May-20 15:56 0251  ON6NL          599  599  1886          ON       3  14057.9
 20CW  31-May-20 15:58 0252  SP8R           599  599  3838          SP       3  14056.1
 20CW  31-May-20 16:02 0253  JR4OZR         599  599  1414          JA       5  14055.8
 20CW  31-May-20 16:05 0254  RK4FD          599  599  857                    3  14055.0
 20CW  31-May-20 16:06 0255  SE5E           599  599  2725          SM       3  14054.1
 20CW  31-May-20 16:11 0256  IK5ZWU         599  599  1074          I        3  14053.9
 20CW  31-May-20 16:14 0257  LY4T           599  599  2089                   3  14052.5
 20CW  31-May-20 16:15 0258  HG5D           599  599  1783                   3  14051.8
 20CW  31-May-20 16:15 0259  9A9K           599  599  784                    3  14051.1
 20CW  31-May-20 16:20 0260  S58MU          599  599  2198                   3  14049.5
 20CW  31-May-20 16:22 0261  TM2Y           599  599  3549          F        3  14049.1
 20CW  31-May-20 16:22 0262  DL100BKW       599  599  326           DL       2  14048.0
 20CW  31-May-20 16:24 0263  S57J           599  599  670                    3  14045.5
 20CW  31-May-20 16:42 0264  SN1F           599  599  872                    3  14043.9
 20CW  31-May-20 16:44 0265  UR2Y           599  599  1028                   3  14042.8
 20CW  31-May-20 16:45 0266  I2WIJ          599  599  2353                   3  14042.1
 20CW  31-May-20 16:47 0267  MI5I           599  599  1662          GI       3  14041.1
 20CW  31-May-20 16:48 0268  UW2M           599  599  3957                   3  14040.7
 20CW  31-May-20 16:49 0269  YU5M           599  599  1081                   3  14039.8
 20CW  31-May-20 16:51 0270  DL2CC          599  599  029                    2  14038.6
 20CW  31-May-20 16:53 0271  D4Z            599  599  2124          D4       5  14037.6
 20CW  31-May-20 16:56 0272  IQ0GDG         599  599  655                    3  14036.3
 20CW  31-May-20 17:02 0273  S57DX          599  599  2279                   3  14028.6
 20CW  31-May-20 17:05 0274  ES2MC          599  599  1844          ES       3  14027.3
 20CW  31-May-20 17:07 0275  UA5C           599  599  3224                   3  14026.1
 20CW  31-May-20 17:09 0276  E2A            599  599  1398          HS       5  14025.6
 20CW  31-May-20 17:57 0277  UA3EDQ         599  599  1348                   3  14023.2
 20CW  31-May-20 17:57 0278  R8OM           599  599  1262          UA9      5  14022.8
 20CW  31-May-20 18:00 0279  TM5T           599  599  2231                   3  14021.7
 20CW  31-May-20 18:00 0280  HG0Y           599  599  2065                   3  14021.2
 20CW  31-May-20 18:02 0281  RO5F           599  599  466                    3  14021.0
 80CW  31-May-20 18:05 0282  OK7W           599  599  1063          OK       3   3525.8
 80CW  31-May-20 18:08 0283  DO4DXA         599  599  141           DL       2   3523.5
 80CW  31-May-20 18:10 0284  YL6Z           599  599  838           YL       3   3518.6
 80CW  31-May-20 18:13 0285  SO4P           599  599  647           SP       3   3515.0
 80CW  31-May-20 18:15 0286  DA0T           599  599  790                    2   3511.0
 80CW  31-May-20 18:20 0287  OM7LM          599  599  1047          OM       3   3544.1
 80CW  31-May-20 18:22 0288  SP9BNM         599  599  242                    3   3543.5
 80CW  31-May-20 18:23 0289  HG5A           599  599  1062          HA       3   3542.5
 80CW  31-May-20 18:24 0290  OK5D           599  599  052                    3   3541.5
 80CW  31-May-20 18:25 0291  HA1TJ          599  599  818                    3   3540.0
 80CW  31-May-20 18:47 0292  OK5ZZ          599  599  1551                   3   3540.0
 80CW  31-May-20 18:48 0293  LZ5R           599  599  4976          LZ       3   3539.2
 80CW  31-May-20 18:50 0294  HG3R           599  599  3102                   3   3538.7
 80CW  31-May-20 18:54 0295  E74Y           599  599  553           E7       3   3537.3
 80CW  31-May-20 20:31 0296  LZ9W           599  599  1054                   3   3536.5
 80CW  31-May-20 20:33 0297  DK5DQ          599  599  1289                   2   3533.7
 80CW  31-May-20 20:34 0298  OH0V           599  599  3354          OH0      3   3533.3
 80CW  31-May-20 20:38 0299  DA0BCC         599  599  2526                   2   3531.7
 80CW  31-May-20 20:39 0300  SN8T           599  599  826                    3   3531.2
 80CW  31-May-20 20:41 0301  HG7T           599  599  561                    3   3530.8
 80CW  31-May-20 20:43 0302  SN5N           599  599  1180                   3   3529.9
 80CW  31-May-20 20:44 0303  DL8BH          599  599  794                    2   3529.2
 80CW  31-May-20 20:44 0304  YT5A           599  599  1189          YU       3   3529.5
 80CW  31-May-20 20:46 0305  HB9CVQ         599  599  1385          HB       3   3527.7
 80CW  31-May-20 20:48 0306  HA8A           599  599  2976                   3   3526.6
 80CW  31-May-20 20:49 0307  MI5I           599  599  1901          GI       3   3526.0
 80CW  31-May-20 20:51 0308  F6HJO          599  599  1026          F        3   3525.3
 80CW  31-May-20 20:53 0309  9A3JH          599  599  700           9A       3   3523.5
 80CW  31-May-20 20:56 0310  RN1ON          599  599  1178          UA       3   3522.2
 80CW  31-May-20 20:56 0311  PA8AD          599  599  1118          PA       3   3521.4
 80CW  31-May-20 20:57 0312  F5NZY          599  599  937                    3   3520.8
 80CW  31-May-20 21:01 0313  R3ZZ           599  599  882                    3   3519.5
 80CW  31-May-20 21:03 0314  DL8ULF         599  599  1145                   2   3517.3
 80CW  31-May-20 21:05 0315  OL902AC        599  599  1886                   3   3517.8
 80CW  31-May-20 21:09 0316  DR7T           599  599  1571                   2   3514.1
 80CW  31-May-20 21:11 0317  YU1KT          599  599  633                    3   3512.7
 80CW  31-May-20 21:12 0318  S57Q           599  599  1967          S5       3   3511.0
 80CW  31-May-20 21:14 0319  LZ1QZ          599  599  674                    3   3509.0
 80CW  31-May-20 21:15 0320  RW2F           599  599  1136          UA2      3   3508.5
 80CW  31-May-20 21:17 0321  SN95IARU       599  599  1724                   3   3507.4
 80CW  31-May-20 21:17 0322  OL5J           599  599  766                    3   3505.2
160CW  31-May-20 21:22 0323  LY88A          599  599  235                    3   1837.3
160CW  31-May-20 21:25 0324  DL3GA          599  599  2600                   2   1832.6
160CW  31-May-20 21:28 0325  DQ2C           599  599  509                    2   1828.7
160CW  31-May-20 21:29 0326  LY7M           599  599  508                    3   1825.8
160CW  31-May-20 21:31 0327  S56X           599  599  479           S5       3   1821.1
160CW  31-May-20 21:33 0328  OL902AC        599  599  1911                   3   1819.4
160CW  31-May-20 21:34 0329  OK1PI          599  599  423                    3   1818.5
160CW  31-May-20 21:35 0330  SN0R           599  599  437           SP       3   1816.5
160CW  31-May-20 21:37 0331  YT8A           599  599  461           YU       3   1815.0
160CW  31-May-20 21:38 0332  OH3RB          599  599  237                    3   1839.3
160CW  31-May-20 21:39 0333  LY4ZZ          599  599  411                    3   1838.7
160CW  31-May-20 21:40 0334  9A1CCY         599  599  2059          9A       3   1837.5
160CW  31-May-20 21:42 0335  LZ9W           599  599  453           LZ       3   1835.7
