 40CW  23-Mar-20 16:33 0001  SM6IQD         599  599  004           SM       3   7035.3
 40CW  23-Mar-20 16:34 0002  EA3X           599  599  007           EA       3   7033.9
 40CW  23-Mar-20 16:38 0003  SM5IMO         599  599  016                    3   7031.9
 40CW  23-Mar-20 16:38 0004  SD1A           599  599  013                    3   7031.5
 40CW  23-Mar-20 16:40 0005  SE5L           599  599  010                    3   7030.7
 40CW  23-Mar-20 16:41 0006  SD6F           599  599  007                    3   7029.8
 40CW  23-Mar-20 16:42 0007  UT5IZ          599  599  011           UR       3   7024.8
 40CW  23-Mar-20 16:43 0008  SM9X           599  599  024                    3   7028.8
 40CW  23-Mar-20 16:44 0009  OM3PA          599  599  023           OM       3   7027.7
 40CW  23-Mar-20 16:47 0010  SM6PPS         599  599  015                    3   7036.5
 40CW  23-Mar-20 16:51 0011  SM6M           599  599  006                    3   7033.4
 40CW  23-Mar-20 16:54 0012  OM5RM          599  599  036                    3   7031.3
 40CW  23-Mar-20 16:57 0013  OK1TC          599  599  011           OK       3   7037.2
 40CW  23-Mar-20 16:58 0014  OH5ZA          599  599  023           OH       3   7037.2
 40CW  23-Mar-20 17:00 0015  ES1BVG         599  599  033           ES       3   7037.2
 40CW  23-Mar-20 17:01 0016  OK1FMJ         599  599  003                    3   7037.2
 40CW  23-Mar-20 17:06 0017  SE3X           599  599  051                    3   7034.0
 40CW  23-Mar-20 17:09 0018  OK2SLS         599  599  019                    3   7034.6
 40CW  23-Mar-20 17:12 0019  EU8R           599  599  049           EU       3   7030.9
 40CW  23-Mar-20 17:16 0020  9A7R           599  599  047           9A       3   7032.6
 40CW  23-Mar-20 17:23 0021  HA8V           599  599  037           HA       3   7026.0
