 20CW  01-Aug-20 13:00 0001  UA3RBR         599  599  79            79       3  14012.2
 20CW  01-Aug-20 13:01 0002  CT7/DL6IAK     599  599  74            74       3  14012.6
 20CW  01-Aug-20 13:03 0003  HG4I           599  599  72            72       3  14011.3
 20CW  01-Aug-20 13:04 0004  LY5W           599  599  81            81       3  14005.1
 20CW  01-Aug-20 13:05 0005  EC5Y           599  599  99            99       3  14051.2
 20CW  01-Aug-20 13:05 0006  YT2ISM         599  599  82            82       3  14048.3
 20CW  01-Aug-20 13:09 0007  OG66X          599  599  88            88       3  14043.0
 20CW  01-Aug-20 13:12 0008  DK2OY          599  599  67            67       2  14039.9
 20CW  01-Aug-20 13:14 0009  OZ3SM          599  599  62            62       3  14039.2
 20CW  01-Aug-20 13:14 0010  HA2EOU         599  599  84            84       3  14038.0
 20CW  01-Aug-20 13:17 0011  Z35F           599  599  82                     3  14035.1
 20CW  01-Aug-20 13:18 0012  OH3FM          599  599  73            73       3  14034.5
 20CW  01-Aug-20 13:20 0013  SE4E           599  599  62                     3  14033.4
 20CW  01-Aug-20 13:23 0014  EA7Q           599  599  92            92       3  14025.5
 20CW  01-Aug-20 13:25 0015  HG6O           599  599  73                     3  14022.1
 20CW  01-Aug-20 13:26 0016  EW1M           599  599  80            80       3  14021.6
 20CW  01-Aug-20 13:27 0017  EA1X           599  599  04            04       3  14020.6
 20CW  01-Aug-20 13:27 0018  EA1AOQ         599  599  92                     3  14020.0
 20CW  01-Aug-20 13:29 0019  UV1IX          599  599  95            95       3  14018.5
 20CW  01-Aug-20 13:29 0020  UW7LL          599  599  00            00       3  14017.3
 20CW  01-Aug-20 13:30 0021  EA5FID         599  599  92                     3  14016.3
 20CW  01-Aug-20 13:32 0022  RW4WA          599  599  78            78       3  14015.0
 20CW  01-Aug-20 13:33 0023  YP0HQ          599  599  95                     3  14013.7
 20CW  01-Aug-20 13:34 0024  SJ2W           599  599  97            97       3  14013.3
 20CW  01-Aug-20 13:41 0025  RM2U           599  599  79                     3  14011.7
 20CW  01-Aug-20 13:44 0026  YL2SM          599  599  88                     3  14010.0
 20CW  01-Aug-20 13:45 0027  UA4S           599  599  98            98       3  14007.1
 20CW  01-Aug-20 13:46 0028  SD6F           599  599  78                     3  14004.9
 20CW  01-Aug-20 13:50 0029  RA3NC          599  599  73                     3  14003.2
 20CW  01-Aug-20 13:51 0030  LY2DX          599  599  83            83       3  14002.0
 20CW  01-Aug-20 13:52 0031  UR6EA          599  599  88                     3  14001.5
 10CW  01-Aug-20 13:57 0032  OH1F           599  599  86            86       3  28046.5
 10CW  01-Aug-20 13:58 0033  YU7KW          599  599  75            75       3  28044.2
 10CW  01-Aug-20 13:59 0034  UY5ZZ          599  599  67            67       3  28038.7
 10CW  01-Aug-20 14:00 0035  DL5JS          599  599  77            77       2  28037.8
 10CW  01-Aug-20 14:03 0036  UX1UF          599  599  01            01       3  28027.1
 10CW  01-Aug-20 14:04 0037  HA3NU          599  599  72            72       3  28024.9
 10CW  01-Aug-20 14:09 0038  LZ1ND          599  599  82            82       3  28022.3
 10CW  01-Aug-20 14:10 0039  SM5X           599  599  75                     3  28020.6
 10CW  01-Aug-20 14:11 0040  HA5JI          599  599  70            70       3  28018.0
 10CW  01-Aug-20 14:14 0041  SD1A           599  599  89            89       3  28009.2
 10CW  01-Aug-20 14:17 0042  EU3A           599  599  72                     3  28012.0
 15CW  01-Aug-20 14:23 0043  9A1AA          599  599  77            77       3  21049.3
 15CW  01-Aug-20 14:25 0044  RA1AL          599  599  79            79       3  21043.5
 15CW  01-Aug-20 14:26 0045  SJ2W           599  599  97            97       3  21036.4
 15CW  01-Aug-20 14:28 0046  EU1A           599  599  95            95       3  21029.6
 15CW  01-Aug-20 14:30 0047  HA8FK          599  599  87            87       3  21024.0
 15CW  01-Aug-20 14:31 0048  LZ9W           599  599  89            89       3  21023.6
 15CW  01-Aug-20 14:33 0049  SF6W           599  599  68            68       3  21021.2
 15CW  01-Aug-20 14:46 0050  OH0R           599  599  59            59       3  21018.1
 15CW  01-Aug-20 14:49 0051  LZ8R           599  599  88            88       3  21008.9
 15CW  01-Aug-20 14:51 0052  EW1I           599  599  90            90       3  21008.0
 15CW  01-Aug-20 14:52 0053  UA5C           599  599  93            93       3  21007.6
 15CW  01-Aug-20 17:27 0054  E78IW          599  599  87                     3  21006.4
 15CW  01-Aug-20 17:28 0055  MM9I           599  599  93                     3  21004.1
 15CW  01-Aug-20 17:29 0056  EA1WH          599  599  96            96       3  21034.5
 15CW  01-Aug-20 17:31 0057  LY7Z           599  599  88                     3  21032.2
 15CW  01-Aug-20 17:32 0058  EA2W           599  599  03            03       3  21030.1
 15CW  01-Aug-20 17:32 0059  EU8U           599  599  89                     3  21027.0
 15CW  01-Aug-20 17:34 0060  YL2VW          599  599  91            91       3  21025.1
 15CW  01-Aug-20 17:34 0061  UZ5DX          599  599  80            80       3  21021.3
 15CW  01-Aug-20 17:35 0062  OY1CT          599  599  77                     3  21020.0
 15CW  01-Aug-20 17:37 0063  RV3FF          599  599  80                     3  21018.5
 15CW  01-Aug-20 17:38 0064  LY2XW          599  599  02            02       3  21015.6
 15CW  01-Aug-20 17:42 0065  MW0CRI         599  599  99            99       3  21014.8
 10CW  01-Aug-20 17:50 0066  Z39A           599  599  87            87       3  28031.0
 10CW  01-Aug-20 17:51 0067  IK7MIY         599  599  87                     3  28026.2
 10CW  01-Aug-20 17:52 0068  LZ5R           599  599  85            85       3  28022.2
 10CW  01-Aug-20 17:53 0069  YT2AAA         599  599  07            07       3  28021.4
 10CW  01-Aug-20 17:54 0070  YQ6A           599  599  74            74       3  28020.0
 10CW  01-Aug-20 17:57 0071  LZ9W           599  599  89                     3  28017.4
 10CW  01-Aug-20 17:58 0072  YP8T           599  599  18            18       3  28012.6
 40CW  01-Aug-20 18:01 0073  UW7LL          599  599  00            00       3   7039.0
 40CW  01-Aug-20 18:03 0074  IV3HAX         599  599  93            93       3   7037.8
 40CW  01-Aug-20 18:03 0075  LY4L           599  599  90            90       3   7037.0
 40CW  01-Aug-20 18:05 0076  EV1R           599  599  87            87       3   7034.3
 40CW  01-Aug-20 18:06 0077  YT4W           599  599  68            68       3   7033.6
 40CW  01-Aug-20 18:09 0078  UT5C           599  599  72            72       3   7032.7
 40CW  01-Aug-20 18:10 0079  I1WQR          599  599  77            77       3   7033.0
 40CW  01-Aug-20 18:11 0080  OL6P           599  599  80            80       3   7032.3
 40CW  01-Aug-20 18:12 0081  R2AA           599  599  83            83       3   7031.1
 40CW  01-Aug-20 18:13 0082  IK8UND         599  599  93                     3   7031.6
 40CW  01-Aug-20 19:16 0083  OH0R           599  599  59            59       3   7031.6
 40CW  01-Aug-20 19:17 0084  SP4G           599  599  75            75       3   7030.8
 40CW  01-Aug-20 19:17 0085  9A4WY          599  599  88            88       3   7030.3
 40CW  01-Aug-20 19:18 0086  ES5TV          599  599  92            92       3   7030.0
 40CW  01-Aug-20 19:20 0087  RC6U           599  599  89            89       3   7029.4
 40CW  01-Aug-20 19:21 0088  YL2QN          599  599  85            85       3   7028.4
 40CW  01-Aug-20 19:22 0089  IZ4DYX         599  599  01            01       3   7027.8
 40CW  01-Aug-20 19:23 0090  LY5E           599  599  81            81       3   7025.7
 40CW  01-Aug-20 19:23 0091  R3FX           599  599  82            82       3   7025.3
 40CW  01-Aug-20 19:24 0092  UA5C           599  599  93                     3   7024.8
 40CW  01-Aug-20 19:25 0093  LY9Y           599  599  65            65       3   7024.5
 40CW  01-Aug-20 19:26 0094  HA8FK          599  599  87                     3   7024.1
 40CW  01-Aug-20 19:28 0095  ES4RD          599  599  79            79       3   7023.8
 40CW  01-Aug-20 19:29 0096  S53A           599  599  69            69       3   7023.6
 40CW  01-Aug-20 19:31 0097  UA5R           599  599  86            86       3   7022.9
 40CW  01-Aug-20 19:31 0098  LA0CX          599  599  64            64       3   7022.0
 40CW  01-Aug-20 19:32 0099  UR7GO          599  599  71            71       3   7021.6
 40CW  01-Aug-20 19:33 0100  LY3BN          599  599  84            84       3   7021.3
 40CW  01-Aug-20 19:34 0101  EW8DX          599  599  65                     3   7020.7
 40CW  01-Aug-20 19:35 0102  EA4AOC         599  599  95                     3   7020.0
 40CW  01-Aug-20 19:37 0103  S57AL          599  599  83                     3   7019.2
 40CW  01-Aug-20 19:37 0104  LZ8E           599  599  81                     3   7018.4
 40CW  01-Aug-20 19:38 0105  S50R           599  599  65                     3   7018.0
 40CW  01-Aug-20 19:40 0106  LZ1ZJ          599  599  85                     3   7017.1
 40CW  01-Aug-20 19:41 0107  LY1M           599  599  86                     3   7016.8
 40CW  01-Aug-20 19:42 0108  LY7T           599  599  70            70       3   7016.3
 40CW  01-Aug-20 19:43 0109  YL7X           599  599  82                     3   7015.0
 40CW  01-Aug-20 19:45 0110  9A5Y           599  599  98            98       3   7014.6
 40CW  01-Aug-20 19:46 0111  R7AW           599  599  80                     3   7013.8
 40CW  01-Aug-20 19:47 0112  SM2EKM         599  599  69                     3   7013.5
 40CW  01-Aug-20 19:49 0113  UY5ZZ          599  599  67            67       3   7012.5
 40CW  01-Aug-20 19:53 0114  UT0U           599  599  93                     3   7011.3
 40CW  01-Aug-20 19:54 0115  UZ5DX          599  599  80                     3   7010.8
 40CW  01-Aug-20 19:56 0116  LY2XW          599  599  02            02       3   7010.5
 40CW  01-Aug-20 19:57 0117  YT1A           599  599  94            94       3   7009.8
 40CW  01-Aug-20 19:58 0118  UA4FER         599  599  75                     3   7009.1
 40CW  01-Aug-20 20:08 0119  UV5U           599  599  70                     3   7008.5
 40CW  01-Aug-20 20:09 0120  F5NBX          599  599  86                     3   7008.1
 40CW  01-Aug-20 20:10 0121  UY7C           599  599  99            99       3   7007.3
 40CW  01-Aug-20 20:11 0122  DK3YD          599  599  69                     2   7007.0
 40CW  01-Aug-20 20:13 0123  OQ5M           599  599  99                     3   7006.3
 40CW  01-Aug-20 20:14 0124  EU8U           599  599  89                     3   7005.6
 40CW  01-Aug-20 20:15 0125  LY5T           599  599  89                     3   7005.3
 40CW  01-Aug-20 20:16 0126  LZ8R           599  599  88                     3   7005.0
 40CW  01-Aug-20 20:18 0127  YL7A           599  599  73            73       3   7004.6
 40CW  01-Aug-20 20:21 0128  UA4M           599  599  84                     3   7003.6
160CW  01-Aug-20 20:25 0129  SN1T           599  599  71            71       3   1826.0
160CW  01-Aug-20 20:30 0130  PC3T           599  599  96            96       3   1830.6
160CW  01-Aug-20 20:32 0131  DL7ALM         599  599  83            83       2   1831.4
160CW  01-Aug-20 20:34 0132  OH3WW          599  599  73            73       3   1827.0
 80CW  01-Aug-20 20:37 0133  LY5XX          599  599  17            17       3   3549.1
 80CW  01-Aug-20 20:39 0134  LY3B           599  599  83            83       3   3546.5
 80CW  01-Aug-20 20:40 0135  OK6Y           599  599  83                     3   3545.1
 80CW  01-Aug-20 20:43 0136  SQ7OXU         599  599  11            11       3   3544.5
 80CW  01-Aug-20 20:43 0137  SE5E           599  599  75            75       3   3543.3
 80CW  01-Aug-20 20:45 0138  OM4AZF         599  599  19            19       3   3542.8
 80CW  01-Aug-20 20:46 0139  UR5R           599  599  99            99       3   3540.8
 80CW  01-Aug-20 20:47 0140  YQ6A           599  599  74            74       3   3540.2
 80CW  01-Aug-20 20:57 0141  PC2T           599  599  96            96       3   3538.8
 80CW  01-Aug-20 20:59 0142  UA5C           599  599  93            93       3   3538.0
 80CW  01-Aug-20 21:02 0143  OL6P           599  599  80            80       3   3537.0
 80CW  01-Aug-20 21:03 0144  YL7A           599  599  73            73       3   3536.3
 80CW  01-Aug-20 21:04 0145  SN1T           599  599  71            71       3   3535.9
 80CW  01-Aug-20 21:05 0146  EW1I           599  599  90            90       3   3535.5
 80CW  01-Aug-20 21:07 0147  OK1HEH         599  599  91            91       3   3534.8
 80CW  01-Aug-20 21:08 0148  DJ2QV          599  599  87            87       2   3533.9
 80CW  01-Aug-20 21:12 0149  LZ9W           599  599  89            89       3   3532.7
 80CW  01-Aug-20 21:13 0150  HG3N           599  599  92            92       3   3532.1
 80CW  01-Aug-20 21:15 0151  LA7AK          599  599  64            64       3   3530.8
 80CW  01-Aug-20 21:16 0152  LY2J           599  599  84            84       3   3529.8
 80CW  01-Aug-20 21:17 0153  LB6GG          599  599  90                     3   3529.5
 80CW  01-Aug-20 21:18 0154  LY2DX          599  599  83                     3   3529.0
 80CW  01-Aug-20 21:19 0155  YL9T           599  599  89                     3   3527.7
 80CW  01-Aug-20 21:20 0156  OM3PA          599  599  65            65       3   3526.0
 80CW  01-Aug-20 21:21 0157  HG7T           599  599  86            86       3   3525.6
 80CW  01-Aug-20 21:23 0158  ON5WL          599  599  64                     3   3525.2
 80CW  01-Aug-20 21:27 0159  UZ5DX          599  599  80                     3   3522.8
 80CW  01-Aug-20 21:28 0160  DL5AXX         599  599  78            78       2   3522.1
 80CW  01-Aug-20 21:31 0161  HG6Y           599  599  79            79       3   3521.3
 80CW  01-Aug-20 21:48 0162  SF6W           599  599  68            68       3   3519.5
 80CW  01-Aug-20 21:49 0163  DL6KVA         599  599  84                     2   3517.4
 80CW  01-Aug-20 21:51 0164  DL3KWF         599  599  58            58       2   3516.9
 80CW  01-Aug-20 21:54 0165  LY2XW          599  599  02            02       3   3516.5
