160CW  25-Jan-20 14:11 0001  PA3FQA         599  599  14            PA   14  0   1813.5
160CW  25-Jan-20 14:18 0002  DL6DCD         599  599  14            DL       0   1814.9
160CW  25-Jan-20 14:25 0003  PA6X           599  599  14                     0   1830.5
160CW  25-Jan-20 14:28 0004  DR5L           599  599  14                     0   1832.0
160CW  25-Jan-20 14:29 0005  DP7D           599  599  14                     0   1836.7
160CW  25-Jan-20 15:16 0006  OL1A           599  599  15            OK   15  0   1838.0
160CW  25-Jan-20 15:17 0007  DL7A           599  599  14                     0   1841.1
160CW  25-Jan-20 15:31 0008  DR5X           599  599  14                     0   1834.1
160CW  25-Jan-20 15:36 0009  E7DX           599  599  15            E7       0   1833.1
160CW  25-Jan-20 16:27 0010  SM4W           599  599  14            SM       0   1832.5
160CW  25-Jan-20 16:35 0011  S53A           599  599  15            S5       0   1831.7
160CW  25-Jan-20 16:36 0012  OZ5E           599  599  14            OZ       0   1831.4
160CW  25-Jan-20 17:26 0013  TM5EE          599  599  14            F        0   1831.0
160CW  25-Jan-20 18:27 0014  LX20I          599  599  14            LX       0   1830.5
160CW  25-Jan-20 18:36 0015  SC7DX          599  599  14                     0   1830.3
160CW  25-Jan-20 18:37 0016  OH4A           599  599  15            OH       0   1829.9
160CW  25-Jan-20 18:38 0017  S50G           599  599  15                     0   1829.6
160CW  25-Jan-20 18:38 0018  UW1M           599  599  16            UR   16  0   1829.3
160CW  25-Jan-20 18:39 0019  HG2DX          599  599  15            HA       0   1829.0
160CW  25-Jan-20 18:40 0020  PA6NB          599  599  14                     0   1828.7
160CW  25-Jan-20 18:40 0021  YL7X           599  599  15            YL       0   1828.4
160CW  25-Jan-20 18:41 0022  HB7X           599  599  14            HB       0   1827.9
160CW  25-Jan-20 18:53 0023  YL2SM          599  599  15                     0   1826.2
160CW  25-Jan-20 20:10 0024  UA7K           599  599  16            UA       0   1824.8
160CW  25-Jan-20 20:11 0025  EU4A           599  599  16            EU       0   1824.6
160CW  25-Jan-20 20:12 0026  SN7Q           599  599  15            SP       0   1824.1
160CW  25-Jan-20 20:13 0027  OK6W           599  599  15                     0   1823.7
160CW  25-Jan-20 20:13 0028  DL1AUZ         599  599  14                     0   1823.4
160CW  25-Jan-20 20:15 0029  UT6UD          599  599  16                     0   1823.1
160CW  25-Jan-20 20:16 0030  OH5Z           599  599  15                     0   1822.9
160CW  25-Jan-20 21:17 0031  OK5Z           599  599  15                     0   1822.9
160CW  25-Jan-20 21:23 0032  UA2FW          599  599  15            UA2      0   1822.0
160CW  25-Jan-20 21:25 0033  UX2X           599  599  16                     0   1821.8
160CW  25-Jan-20 21:26 0034  DM7C           599  599  14                     0   1821.6
160CW  25-Jan-20 21:29 0035  DF9LJ          599  599  14                     0   1820.8
160CW  25-Jan-20 21:31 0036  OM7M           599  599  15            OM       0   1820.3
160CW  25-Jan-20 21:32 0037  SN2B           599  599  15                     0   1820.1
160CW  25-Jan-20 21:33 0038  OH2XX          599  599  15                     0   1819.8
160CW  25-Jan-20 21:37 0039  SP2EBG         599  599  15                     0   1819.1
160CW  25-Jan-20 21:40 0040  LZ2JE          599  599  20            LZ   20  0   1818.2
160CW  25-Jan-20 21:41 0041  UA5C           599  599  16                     0   1817.3
160CW  25-Jan-20 21:43 0042  UA2FZ          599  599  15                     0   1816.6
160CW  25-Jan-20 21:44 0043  TM6M           599  599  14                     0   1816.4
160CW  25-Jan-20 21:47 0044  OK1CRM         599  599  15                     0   1815.7
160CW  25-Jan-20 21:49 0045  SN2M           599  599  15                     0   1815.2
160CW  25-Jan-20 21:50 0046  MX5A           599  599  14            G        0   1814.1
160CW  25-Jan-20 22:05 0047  OZ3SM          599  599  14                     0   1813.6
160CW  25-Jan-20 22:07 0048  OL4A           599  599  15                     0   1813.2
160CW  25-Jan-20 22:09 0049  OM3GI          599  599  15                     0   1812.9
160CW  25-Jan-20 22:09 0050  G4PIQ          599  599  14                     0   1812.5
160CW  25-Jan-20 22:10 0051  RN1A           599  599  16                     0   1812.0
160CW  25-Jan-20 22:11 0052  9A4C           599  599  15            9A       0   1811.7
160CW  25-Jan-20 22:12 0053  SK3W           599  599  14                     0   1810.7
160CW  25-Jan-20 22:13 0054  G3UJE          599  599  14                     0   1810.5
160CW  25-Jan-20 22:15 0055  OK1KSO         599  599  15                     0   1848.2
160CW  25-Jan-20 22:17 0056  LY3BN          599  599  15            LY       0   1847.3
160CW  25-Jan-20 22:18 0057  DL2SAX         599  599  14                     0   1846.7
160CW  25-Jan-20 22:19 0058  F6GCP          599  599  14                     0   1846.3
160CW  25-Jan-20 22:21 0059  LA0CX          599  599  14            LA       0   1845.7
160CW  25-Jan-20 22:23 0060  EF1A           599  599  14            EA       0   1845.5
160CW  25-Jan-20 22:24 0061  OT6M           599  599  14            ON       0   1845.1
160CW  25-Jan-20 22:24 0062  DK3WW          599  599  14                     0   1844.9
160CW  25-Jan-20 22:25 0063  OK1DWF         599  599  15                     0   1844.2
160CW  25-Jan-20 22:28 0064  DF0BW          599  599  14                     0   1844.0
160CW  25-Jan-20 22:29 0065  ON4IA          599  599  14                     0   1843.3
160CW  25-Jan-20 22:30 0066  IV3SKB         599  599  15            I        0   1843.1
160CW  25-Jan-20 22:33 0067  SN9C           599  599  15                     0   1840.3
160CW  25-Jan-20 22:36 0068  G4BYG          599  599  14                     0   1840.0
160CW  25-Jan-20 22:38 0069  OM7JG          599  599  15                     0   1839.5
160CW  25-Jan-20 22:39 0070  GM4AFF         599  599  14            GM       0   1839.3
160CW  25-Jan-20 22:41 0071  OM2Y           599  599  15                     0   1838.4
160CW  25-Jan-20 22:43 0072  LZ9W           599  599  20                     0   1837.3
160CW  25-Jan-20 22:44 0073  F4FFZ          599  599  14                     0   1837.0
160CW  25-Jan-20 22:51 0074  DJ5AN          599  599  14                     0   1836.6
160CW  25-Jan-20 22:53 0075  S51YI          599  599  15                     0   1836.2
160CW  25-Jan-20 22:54 0076  SE0X           599  599  14                     0   1836.4
160CW  25-Jan-20 22:56 0077  DR2C           599  599  14                     0   1835.9
160CW  25-Jan-20 23:00 0078  OH0Z           599  599  15            OH0      0   1833.4
160CW  25-Jan-20 23:02 0079  DL1BUG         599  599  14                     0   1832.8
160CW  25-Jan-20 23:04 0080  DR4W           599  599  14                     0   1832.0
160CW  25-Jan-20 23:04 0081  SM6M           599  599  14                     0   1831.8
160CW  25-Jan-20 23:05 0082  G5W            599  599  14                     0   1831.5
160CW  25-Jan-20 23:06 0083  OM4Q           599  599  15                     0   1831.2
160CW  25-Jan-20 23:07 0084  OL1R           599  599  15                     0   1830.8
160CW  25-Jan-20 23:09 0085  IZ2KXC         599  599  15                     0   1830.4
160CW  25-Jan-20 23:13 0086  MM0ZBH         599  599  14                     0   1829.9
160CW  25-Jan-20 23:15 0087  HB9FBM         599  599  14                     0   1829.2
160CW  25-Jan-20 23:15 0088  EA1DAV         599  599  14                     0   1828.7
160CW  25-Jan-20 23:18 0089  DL4UNY         599  599  14                     0   1827.9
160CW  25-Jan-20 23:19 0090  9A3TR          599  599  15                     0   1826.7
160CW  25-Jan-20 23:20 0091  GM3POI         599  599  14                     0   1826.4
160CW  25-Jan-20 23:22 0092  IV3AZV         599  599  15                     0   1825.8
160CW  25-Jan-20 23:26 0093  OZ2TF          599  599  14                     0   1825.2
160CW  25-Jan-20 23:28 0094  HG8DX          599  599  15                     0   1824.3
160CW  25-Jan-20 23:28 0095  OR3A           599  599  14                     0   1824.1
160CW  25-Jan-20 23:31 0096  UZ3A           599  599  16                     0   1822.9
160CW  25-Jan-20 23:31 0097  9A1P           599  599  15                     0   1822.6
160CW  25-Jan-20 23:38 0098  SM5EPO         599  599  14                     0   1820.7
160CW  25-Jan-20 23:39 0099  OH1JD          599  599  15                     0   1820.5
160CW  25-Jan-20 23:40 0100  SN5Y           599  599  15                     0   1819.6
160CW  26-Jan-20 16:31 0101  LY7Z           599  599  15                     0   1829.9
160CW  26-Jan-20 16:32 0102  OM5CD          599  599  15                     0   1829.3
160CW  26-Jan-20 16:35 0103  HG8K           599  599  15                     0   1827.9
160CW  26-Jan-20 16:36 0104  SN1W           599  599  15                     0   1827.2
160CW  26-Jan-20 16:37 0105  HA4XH          599  599  15                     0   1825.7
160CW  26-Jan-20 16:39 0106  9A2AJ          599  599  15                     0   1825.4
160CW  26-Jan-20 16:40 0107  LY5W           599  599  15                     0   1824.5
160CW  26-Jan-20 16:41 0108  SM4HCM         599  599  14                     0   1824.2
160CW  26-Jan-20 16:46 0109  OK7K           599  599  15                     0   1821.7
160CW  26-Jan-20 16:50 0110  LY4A           599  599  15                     0   1818.2
160CW  26-Jan-20 16:52 0111  DK6XZ          599  599  14                     0   1817.2
160CW  26-Jan-20 16:57 0112  EU1WW          599  599  16                     0   1813.8
160CW  26-Jan-20 17:07 0113  YL3FT          599  599  15                     0   1812.3
160CW  26-Jan-20 17:08 0114  SP8R           599  599  15                     0   1811.9
160CW  26-Jan-20 17:10 0115  LY2XW          599  599  15                     0   1810.9
160CW  26-Jan-20 17:11 0116  IG9/S59A       599  599  33            IG9  33  0   1810.7
160CW  26-Jan-20 17:13 0117  LZ5R           599  599  20                     0   1810.2
160CW  26-Jan-20 17:14 0118  DQ4Q           599  599  14                     0   1857.5
160CW  26-Jan-20 17:15 0119  OK1HFP         599  599  15                     0   1856.7
160CW  26-Jan-20 17:18 0120  DF2CK          599  599  14                     0   1856.3
160CW  26-Jan-20 17:18 0121  OK1KPU         599  599  15                     0   1856.0
160CW  26-Jan-20 17:21 0122  RV1CC          599  599  16                     0   1854.3
160CW  26-Jan-20 17:23 0123  DL6KWN         599  599  14                     0   1853.5
160CW  26-Jan-20 17:34 0124  DK6WL          599  599  14                     0   1850.7
160CW  26-Jan-20 17:36 0125  OK1JR          599  599  15                     0   1849.7
160CW  26-Jan-20 18:47 0126  DL6IAK         599  599  14                     0   1848.8
160CW  26-Jan-20 18:51 0127  YL2VW          599  599  15                     0   1848.5
160CW  26-Jan-20 18:52 0128  DL1QW          599  599  14                     0   1848.0
160CW  26-Jan-20 18:53 0129  DL6ZBN         599  599  14                     0   1847.7
160CW  26-Jan-20 18:56 0130  SP9DWT         599  599  15                     0   1846.9
160CW  26-Jan-20 18:57 0131  OG7A           599  599  15                     0   1845.6
160CW  26-Jan-20 18:57 0132  ON6NL          599  599  14                     0   1845.1
160CW  26-Jan-20 19:02 0133  G4FAL          599  599  14                     0   1843.0
160CW  26-Jan-20 19:04 0134  RA1AL          599  599  16                     0   1842.6
160CW  26-Jan-20 19:05 0135  SP2HNF         599  599  15                     0   1842.3
160CW  26-Jan-20 19:06 0136  OK1YM          599  599  15                     0   1840.5
160CW  26-Jan-20 19:07 0137  DL5SE          599  599  14                     0   1840.1
160CW  26-Jan-20 19:08 0138  DK9IP          599  599  14                     0   1839.8
160CW  26-Jan-20 19:08 0139  G3TXF          599  599  14                     0   1839.1
160CW  26-Jan-20 19:14 0140  9A3JB          599  599  15                     0   1838.0
160CW  26-Jan-20 19:21 0141  SP5AUC         599  599  15                     0   1836.0
160CW  26-Jan-20 19:22 0142  SM2EKM         599  599  14                     0   1835.6
160CW  26-Jan-20 19:23 0143  HG5D           599  599  15                     0   1835.1
160CW  26-Jan-20 19:27 0144  S52W           599  599  15                     0   1833.2
160CW  26-Jan-20 19:28 0145  IQ3RK          599  599  15                     0   1833.0
160CW  26-Jan-20 19:31 0146  G5U            599  599  14                     0   1832.0
160CW  26-Jan-20 19:32 0147  OK1FPS         599  599  15                     0   1831.4
160CW  26-Jan-20 19:33 0148  F5IN           599  599  14                     0   1831.0
160CW  26-Jan-20 19:35 0149  OK6O           599  599  15                     0   1830.1
160CW  26-Jan-20 19:38 0150  HG3N           599  599  15                     0   1853.7
160CW  26-Jan-20 19:59 0151  OK1LL          599  599  15                     0   1895.5
160CW  26-Jan-20 20:00 0152  LA9XGA         599  599  14                     0   1893.2
160CW  26-Jan-20 20:01 0153  LB6GG          599  599  14                     0   1892.7
160CW  26-Jan-20 20:02 0154  DL7URH         599  599  14                     0   1892.3
160CW  26-Jan-20 20:02 0155  DQ4W           599  599  14                     0   1891.8
160CW  26-Jan-20 20:06 0156  RA9Y           599  599  18            UA9  18  0   1890.7
160CW  26-Jan-20 20:08 0157  SP3IOE         599  599  15                     0   1889.1
160CW  26-Jan-20 20:11 0158  E7CW           599  599  15                     0   1887.8
160CW  26-Jan-20 20:12 0159  OM7RU          599  599  15                     0   1886.5
160CW  26-Jan-20 20:15 0160  LY4O           599  599  15                     0   1884.5
160CW  26-Jan-20 20:16 0161  UX1UA          599  599  16                     0   1884.1
160CW  26-Jan-20 20:16 0162  DF8AE          599  599  14                     0   1883.4
160CW  26-Jan-20 20:17 0163  DL5YL          599  599  14                     0   1882.8
160CW  26-Jan-20 20:18 0164  DL1NKS         599  599  14                     0   1882.4
160CW  26-Jan-20 20:18 0165  DK2OY          599  599  14                     0   1881.1
160CW  26-Jan-20 20:19 0166  G4RGK          599  599  14                     0   1880.2
160CW  26-Jan-20 20:20 0167  OH/M0CFW       599  599  15                     0   1879.0
160CW  26-Jan-20 20:22 0168  OE8TED         599  599  15            OE       0   1878.6
160CW  26-Jan-20 20:24 0169  OK7Y           599  599  15                     0   1876.7
160CW  26-Jan-20 20:25 0170  OE2S           599  599  15                     0   1875.3
160CW  26-Jan-20 20:27 0171  LY4T           599  599  15                     0   1872.3
160CW  26-Jan-20 20:29 0172  OZ0B           599  599  14                     0   1871.3
160CW  26-Jan-20 20:33 0173  OG6N           599  599  15                     0   1870.4
160CW  26-Jan-20 20:36 0174  LY9A           599  599  15                     0   1866.6
160CW  26-Jan-20 20:36 0175  S50C           599  599  15                     0   1866.5
160CW  26-Jan-20 20:42 0176  HB9JOE         599  599  14                     0   1865.6
160CW  26-Jan-20 20:44 0177  US8UA          599  599  16                     0   1864.4
160CW  26-Jan-20 20:45 0178  G3RLE          599  599  14                     0   1863.9
160CW  26-Jan-20 20:45 0179  S57KM          599  599  15                     0   1863.5
160CW  26-Jan-20 20:47 0180  DL2CC          599  599  14                     0   1861.6
