 40CW  11-May-20 16:33 0001  SD6M           599  599  006           SM       3   7035.0
 40CW  11-May-20 16:35 0002  DD5M           599  599  007           DL       2   7033.0
 40CW  11-May-20 16:38 0003  OK1LL          599  599  009           OK       3   7036.3
 40CW  11-May-20 16:40 0004  9A7R           599  599  17            9A       3   7036.3
 40CW  11-May-20 16:40 0005  M1X            599  599  015           G        3   7036.3
 40CW  11-May-20 16:41 0006  SM5AHD         599  599  006                    3   7036.3
 40CW  11-May-20 16:43 0007  SN1T           599  599  029           SP       3   7036.4
 40CW  11-May-20 16:44 0008  SM6PPS         599  599  014                    3   7036.4
 40CW  11-May-20 16:45 0009  OK2LF          599  599  010                    3   7036.4
 40CW  11-May-20 16:45 0010  OK1FKD         599  599  013                    3   7036.4
 40CW  11-May-20 16:46 0011  OM3PA          599  599  023           OM       3   7036.4
 40CW  11-May-20 16:46 0012  HA3FMR         599  599  012           HA       3   7036.4
 40CW  11-May-20 16:47 0013  SO3O           599  599  025                    3   7036.4
 40CW  11-May-20 16:48 0014  OH5ZA          599  599  013           OH       3   7036.4
 40CW  11-May-20 16:48 0015  SM5IMO         599  599  031                    3   7036.4
 40CW  11-May-20 16:49 0016  SM9X           599  599  029                    3   7036.4
 40CW  11-May-20 16:50 0017  OK1FCJ         599  599  029                    3   7036.4
 40CW  11-May-20 16:50 0018  OK1TC          599  599  006                    3   7036.4
 40CW  11-May-20 16:50 0019  DK9HE          599  599  006                    2   7036.4
 40CW  11-May-20 16:51 0020  SN2S           599  599  021                    3   7036.4
 40CW  11-May-20 16:51 0021  F6GGA          599  599  016           F        3   7036.4
 40CW  11-May-20 16:52 0022  DK2FG          599  599  038                    2   7036.4
 40CW  11-May-20 16:52 0023  HB9BXE         599  599  047           HB       3   7036.4
 40CW  11-May-20 16:53 0024  OK1YM          599  599  029                    3   7036.4
 40CW  11-May-20 16:53 0025  OM5RM          599  599  030                    3   7036.4
 40CW  11-May-20 16:54 0026  E77EA          599  599  038           E7       3   7036.4
 40CW  11-May-20 16:56 0027  DL8QS          599  599  043                    2   7036.4
 40CW  11-May-20 16:56 0028  DL4ME          599  599  045                    2   7036.4
 40CW  11-May-20 16:59 0029  HF1Z           599  599  028                    3   7036.4
 40CW  11-May-20 17:00 0030  SD6F           599  599  034                    3   7036.4
 40CW  11-May-20 17:01 0031  DK0N           599  599  043                    2   7036.4
 40CW  11-May-20 17:02 0032  I2CZQ          599  599  044           I        3   7036.4
 40CW  11-May-20 17:05 0033  DA3T           599  599  032                    2   7035.7
 40CW  11-May-20 17:07 0034  SP2XX          599  599  044                    3   7034.9
 40CW  11-May-20 17:07 0035  EA3X           599  599  050           EA       3   7032.4
 80CW  11-May-20 17:11 0036  DL8QS          599  599  060           DL       2   3539.4
 80CW  11-May-20 17:12 0037  DL4ME          599  599  072                    2   3540.2
 80CW  11-May-20 17:14 0038  SP3MEP         599  599  067           SP       3   3540.7
 80CW  11-May-20 17:16 0039  DK0N           599  599  058                    2   3540.7
 80CW  11-May-20 17:16 0040  SN1T           599  599  090                    3   3540.7
 80CW  11-May-20 17:19 0041  OK1FFA         599  599  008           OK       3   3540.2
 80CW  11-May-20 17:21 0042  OK1AY          599  599  083                    3   3540.2
 80CW  11-May-20 17:22 0043  OK1USP         599  599  048                    3   3540.2
 80CW  11-May-20 17:22 0044  SD6M           599  599  044           SM       3   3540.2
 80CW  11-May-20 17:23 0045  HA1A           599  599  075           HA       3   3540.2
 80CW  11-May-20 17:25 0046  HG1G           599  599  074                    3   3540.2
 80CW  11-May-20 17:26 0047  OK1IBP         599  599  067                    3   3540.2
 80CW  11-May-20 17:26 0048  DL1YCF         599  599  048                    2   3540.2
 80CW  11-May-20 17:27 0049  DK2FG          599  599  096                    2   3540.2
 80CW  11-May-20 17:28 0050  OK2PYA         599  599  086                    3   3540.2
