 15CW  15-Aug-20 08:28 0001  UA6GO          599  599  ST24          UA       3  21015.0
 15CW  15-Aug-20 08:32 0002  RU6MO          599  599  RO22                   3  21008.6
 15CW  15-Aug-20 08:36 0003  RG9A           599  599  CB54          UA9      5  21005.1
 15CW  15-Aug-20 08:40 0004  R1CA/P         599  599  LO26                   3  21049.1
 15CW  15-Aug-20 08:46 0005  RM6Y           599  599  AD06                   3  21044.6
 15CW  15-Aug-20 08:47 0006  RW3YA          599  599  BR04                   3  21043.2
 15CW  15-Aug-20 08:48 0007  RC1W/P         599  599  PS12                   3  21042.8
 15CW  15-Aug-20 08:58 0008  RA7A           599  599  KR28                   3  21032.0
 15CW  15-Aug-20 09:01 0009  UA3A/P         599  599  VL18                   5  21027.8
 15CW  15-Aug-20 09:05 0010  R3LB           599  599  SM23                   3  21017.8
 10CW  15-Aug-20 09:30 0011  RU3A           599  599  MO64          UA       3  28031.4
 10CW  15-Aug-20 09:31 0012  UA5C           599  599  MO68                   3  28042.1
 10CW  15-Aug-20 09:33 0013  RA3AN          599  599  MO88                   3  28039.0
 10CW  15-Aug-20 09:35 0014  RM2U           599  599  IU14                   3  28037.1
 10CW  15-Aug-20 09:37 0015  UA3LID         599  599  SM18                   3  28035.1
 10CW  15-Aug-20 09:59 0016  RW4WA          599  599  UD04                   3  28023.5
 10CW  15-Aug-20 10:04 0017  UA3A/P         599  599  VL18          UA9      5  28019.6
 10CW  15-Aug-20 10:07 0018  RX9CC          599  599  SV37                   5  28017.5
 10CW  15-Aug-20 10:08 0019  RT5Z           599  599  BO27                   3  28017.2
 10CW  15-Aug-20 10:09 0020  RM2D           599  599  MO75                   3  28014.3
 10CW  15-Aug-20 10:10 0021  R5DC/P         599  599  MO63                   3  28013.4
 10CW  15-Aug-20 10:12 0022  R1CA/P         599  599  LO26                   3  28009.8
 10CW  15-Aug-20 10:13 0023  RN3AC/P        599  599  TV32                   3  28003.4
 15CW  15-Aug-20 12:53 0024  RU4W/3         599  599  MO75                   3  21030.9
 15CW  15-Aug-20 12:55 0025  R8TT           599  599  OB26                   5  21025.0
 15CW  15-Aug-20 12:59 0026  RA1OD          599  599  AR06                   3  21015.3
 15CW  15-Aug-20 13:01 0027  UA6M           599  599  RO10                   3  21014.3
 20CW  15-Aug-20 13:11 0028  RA7A           599  599  KR28          UA       3  14021.6
 20CW  15-Aug-20 13:19 0029  RX9CC          599  599  SV37          UA9      5  14017.5
 20CW  15-Aug-20 18:39 0030  RN9S           599  599  OB02                   5  14012.0
 20CW  15-Aug-20 18:44 0031  RK8O/P         599  599  NS32                   5  14005.0
 20CW  15-Aug-20 18:46 0032  RT5T           599  599  NN33                   3  14004.1
 20CW  15-Aug-20 18:47 0033  RC3F/P         599  599  MO95                   3  14010.9
 20CW  15-Aug-20 18:48 0034  UA9CHL         599  599  SV66                   5  14049.1
 20CW  15-Aug-20 18:51 0035  RC6U           599  599  AO13                   3  14038.0
 20CW  15-Aug-20 19:30 0036  RG6G           599  599  ST21                   3  14030.0
 20CW  15-Aug-20 19:32 0037  RU1QQ          599  599  VO01                   3  14027.1
 20CW  15-Aug-20 19:34 0038  RL5A           599  599  MA12                   3  14026.2
 20CW  15-Aug-20 19:35 0039  UD7G           599  599  ST05                   3  14025.0
 20CW  15-Aug-20 19:39 0040  RX6AM          599  599  KR06                   3  14024.5
 20CW  15-Aug-20 19:41 0041  RL3DX          599  599  MO71                   3  14019.0
 20CW  15-Aug-20 19:44 0042  RC2A           599  599  MO88                   3  14013.5
 20CW  15-Aug-20 19:48 0043  RK5K/P         599  599  BO12                   3  14015.6
 20CW  15-Aug-20 19:52 0044  UA4AGT         599  599  VG44                   3  14010.7
 40CW  15-Aug-20 19:59 0045  R7NK           599  599  RO12          UA       3   7038.6
 40CW  15-Aug-20 20:02 0046  RM3Z           599  599  BO19                   3   7037.6
 40CW  15-Aug-20 20:03 0047  RV1CC          599  599  SP14                   3   7036.6
 40CW  15-Aug-20 20:05 0048  RF9C/P         599  599  SV35          UA9      5   7035.6
 40CW  15-Aug-20 20:22 0049  RN9N           599  599  OM11                   5   7034.6
 80CW  15-Aug-20 20:29 0050  RK3T           599  599  NN58          UA       3   3528.0
 80CW  15-Aug-20 20:43 0051  UA4PDJ/P       599  599  TA35                   3   3518.5
 40CW  15-Aug-20 20:52 0052  RU6MO          599  599  RO22                   3   7029.0
 40CW  15-Aug-20 20:54 0053  UA3A/P         599  599  VL18                   5   7027.6
 40CW  15-Aug-20 21:01 0054  RD3PO/P        599  599  TL32                   3   7026.9
 40CW  15-Aug-20 21:06 0055  RU5TT          599  599  NN07                   3   7026.4
 40CW  15-Aug-20 21:07 0056  R4WAE          599  599  UD17                   3   7025.6
 40CW  15-Aug-20 21:10 0057  RZ3DJ          599  599  MO09                   3   7024.0
 40CW  15-Aug-20 21:13 0058  RW4WA          599  599  UD04                   3   7022.6
 40CW  15-Aug-20 21:17 0059  RW3YA          599  599  BR04                   3   7020.4
 40CW  15-Aug-20 21:25 0060  RW4W           599  599  UD02                   3   7013.4
 15CW  16-Aug-20 07:53 0060  R9LM           599  599  TN03                   5  21019.4
 15CW  16-Aug-20 07:54 0062  UA6CC          599  599  KR35                   3  21019.9
 15CW  16-Aug-20 07:55 0063  R7AW           599  599  KR30                   3  21019.4
 15CW  16-Aug-20 07:58 0064  RX9CC          599  599  SV37                   5  21017.2
 15CW  16-Aug-20 07:59 0065  UA4CC          599  599  SA56                   3  21016.0
