 80CW  16-Apr-20 18:12 0001  GM4JYB         599  599  IO88JM        GM       3   3544.0
 80CW  16-Apr-20 18:16 0002  MW2I           599  599  IO81KQ        GW       3   3537.7
 80CW  16-Apr-20 18:18 0003  SD6F           599  599  JO57XP        SM       3   3532.6
 80CW  16-Apr-20 18:19 0004  G4BWP          599  599  JO02FH        G        3   3531.5
 80CW  16-Apr-20 18:21 0005  G4DDX          599  599  IO91VW                 3   3529.7
 80CW  16-Apr-20 18:24 0006  G5C            599  599  IO93NL                 3   3529.0
 80CW  16-Apr-20 18:26 0007  MM3AWD         599  599  IO87XM                 3   3528.0
 80CW  16-Apr-20 18:28 0008  G8X            599  599  IO80HV                 3   3526.6
 80CW  16-Apr-20 18:31 0009  SM5CSS         599  599  JO89LS                 3   3526.1
 80CW  16-Apr-20 18:33 0010  DL6KVA         599  599  JO64VC        DL       2   3522.0
 80CW  16-Apr-20 18:35 0011  M0ARC          599  599  IO93SR                 3   3521.1
 80CW  16-Apr-20 18:37 0012  SF6W           599  599  JO68RP                 3   3519.2
 80CW  16-Apr-20 18:40 0013  GM2V           599  599  IO77WS                 3   3517.6
 80CW  16-Apr-20 18:45 0014  G3KAF          599  599  IO83WI                 3   3513.4
 80CW  16-Apr-20 18:46 0015  G3LRS          599  599  IO92JO                 3   3512.7
 80CW  16-Apr-20 18:48 0016  LY2SA          599  599  KO14UG        LY       3   3542.1
 80CW  16-Apr-20 18:49 0017  G4PVM          599  599  JO91FR                 3   3540.0
 80CW  16-Apr-20 18:52 0018  DL5DBY         599  599  JO31QA                 2   3538.5
 80CW  16-Apr-20 18:54 0019  SN1T           599  599  JO84ML        SP       3   3536.4
 80CW  16-Apr-20 18:56 0020  G3WPH          599  599  IO91NL                 3   3534.1
 80CW  16-Apr-20 18:58 0021  G3SWC          599  599  IO91SC                 3   3532.1
 80CW  16-Apr-20 18:59 0022  G4EBK          599  599  IO93WN                 3   3528.5
