160CW  14-Mar-20 16:51 0001  F5IN           599  599  JN18                   0   1828.0
160CW  14-Mar-20 16:53 0002  OZ7YY          599  599  JO46                   0   1825.8
160CW  14-Mar-20 16:53 0003  ON6FC          599  599  JO10                   0   1824.1
160CW  14-Mar-20 16:55 0004  PA3AAV         599  599  JO22                   0   1833.9
160CW  14-Mar-20 16:57 0005  IK2CLB         599  599  JN55                   0   1832.0
160CW  14-Mar-20 17:27 0006  SN1W           599  599  JO74                   0   1826.6
160CW  14-Mar-20 17:34 0007  IK0YUT         599  599  JN63                   0   1832.8
160CW  14-Mar-20 17:46 0008  LC9X           599  599  JO39                   0   1834.7
160CW  14-Mar-20 17:51 0009  LY4ZZ          599  599  KO25                   0   1837.0
160CW  14-Mar-20 17:53 0010  PA0JLS         599  599  JO22                   0   1837.0
160CW  14-Mar-20 17:57 0011  UX1UA          599  599  KO50                   0   1837.0
160CW  14-Mar-20 18:00 0012  DL4ME          599  599  JO50                   0   1835.5
160CW  14-Mar-20 18:03 0013  SF5O           599  599  JO89                   0   1829.0
160CW  14-Mar-20 18:11 0014  IK2CAW         599  599  JN45                   0   1830.5
160CW  14-Mar-20 18:13 0015  DJ3DQ          599  599  JO31                   0   1831.0
160CW  14-Mar-20 18:16 0016  LY5W           599  599  KO15                   0   1822.0
160CW  14-Mar-20 18:17 0017  PA8AD          599  599  JO32                   0   1821.2
160CW  14-Mar-20 18:22 0018  SM6IQD         599  599  JO57                   0   1829.1
160CW  14-Mar-20 18:43 0019  LY5W           599  599  KO15                   0   1824.5
160CW  14-Mar-20 19:12 0020  OK6O           599  599  JN79                   0   1821.3
160CW  14-Mar-20 19:13 0021  UY0ZG          599  599  KN56                   0   1818.5
160CW  14-Mar-20 19:14 0022  SK3W           599  599  JP80                   0   1817.0
160CW  14-Mar-20 19:17 0023  S53M           599  599  JN86                   0   1833.0
160CW  14-Mar-20 19:18 0024  SM5EPO         599  599  JP80                   0   1832.0
160CW  14-Mar-20 19:21 0025  DL1REM         599  599  JO32                   0   1830.6
160CW  14-Mar-20 19:32 0026  DL1BUG         599  599  JO72                   0   1835.1
160CW  14-Mar-20 19:34 0027  DL0GRH         599  599  JO61                   0   1828.7
160CW  14-Mar-20 20:00 0028  OM2XW          599  599  JN88                   0   1823.2
160CW  14-Mar-20 20:02 0029  OZ1AAR         599  599  JO65                   0   1821.0
160CW  14-Mar-20 20:56 0030  DK1NO          599  599  JN48                   0   1835.0
160CW  14-Mar-20 20:57 0031  IV3AZV         599  599  JN65                   0   1833.6
160CW  14-Mar-20 20:59 0032  HG2DX          599  599  KN06                   0   1822.0
160CW  14-Mar-20 21:00 0033  OZ8SW          599  599  JO65                   0   1819.0
160CW  14-Mar-20 21:03 0034  OK2BFN         599  599  JN89                   0   1825.0
160CW  14-Mar-20 21:07 0035  OH2BO          599  599  KP20                   0   1830.0
160CW  14-Mar-20 21:09 0036  OG6N           599  599  KP12                   0   1830.0
160CW  14-Mar-20 21:21 0037  TM6M           599  599  IN78                   0   1816.3
160CW  14-Mar-20 21:26 0038  SD6F           599  599  JO57                   0   1821.5
160CW  14-Mar-20 21:30 0039  OK1HFP         599  599  JN69                   0   1823.7
160CW  14-Mar-20 21:38 0040  DL7CX          599  599  JO60                   0   1821.5
160CW  14-Mar-20 21:40 0041  HG5D           599  599  KN06                   0   1820.8
