160CW  21-Nov-20 18:24 0001  F5LPY          599  599  55            F        3   1832.0
160CW  21-Nov-20 18:26 0002  F6GOX          599  599  25                     3   1825.0
160CW  21-Nov-20 18:27 0003  F6AGM          599  599  81                     3   1823.5
160CW  21-Nov-20 18:28 0004  OE2S           599  599  097SL                  3   1821.6
160CW  21-Nov-20 18:29 0005  F5NBX          599  599  87                     3   1820.1
160CW  21-Nov-20 18:31 0006  F2IL           599  599  80                     3   1816.0
160CW  21-Nov-20 18:34 0007  F5LLN          599  599  59                     3   1815.0
160CW  21-Nov-20 19:03 0008  F5PLR          599  599  64                     3   1814.0
160CW  21-Nov-20 19:05 0009  G4FAL          599  599  009SD                  3   1836.0
160CW  21-Nov-20 19:08 0010  G4BUO          599  599  015SG                  3   1834.6
160CW  21-Nov-20 19:09 0011  EI7M           599  599  016                    3   1832.8
160CW  21-Nov-20 19:11 0012  G3PDH          599  599  018NK                  3   1832.0
160CW  21-Nov-20 19:12 0013  G4CXT          599  599  014IP                  3   1831.7
160CW  21-Nov-20 19:16 0014  SN1T           599  599  010                    3   1830.8
160CW  21-Nov-20 19:19 0015  G4FNL          599  599  039BN                  3   1830.3
160CW  21-Nov-20 19:21 0016  G4LPP          599  599  026NK                  3   1829.8
160CW  21-Nov-20 19:23 0017  G3LDI          599  599  030NK                  3   1828.9
160CW  21-Nov-20 19:27 0018  GM3POI         599  599  058KW                  3   1828.5
160CW  21-Nov-20 19:30 0019  G4BWP          599  599  058IP                  3   1827.4
160CW  21-Nov-20 19:31 0020  G3OLB          599  599  056EX                  3   1827.0
160CW  21-Nov-20 19:33 0021  M7W            599  599  057NG                  3   1826.4
160CW  21-Nov-20 19:35 0022  M4J            599  599  054IP                  3   1825.6
160CW  21-Nov-20 19:36 0023  PA75PKZ        599  599  004                    3   1824.5
160CW  21-Nov-20 19:37 0024  GM2V           599  599  062IV                  3   1824.0
160CW  21-Nov-20 19:38 0025  OE5FIN         599  599  116LL                  3   1823.1
160CW  21-Nov-20 19:40 0026  G5W            599  599  073SY                  3   1822.8
160CW  21-Nov-20 19:41 0027  G4RCG          599  599  067WF                  3   1821.3
160CW  21-Nov-20 19:45 0028  OE4PWW         599  599  083SD                  3   1820.1
160CW  21-Nov-20 19:47 0029  F8DGY          599  599  77                     3   1818.3
160CW  21-Nov-20 19:52 0030  G4CZB          599  599  052NN                  3   1813.5
160CW  21-Nov-20 19:55 0031  OE6MMD         599  599  127GU                  3   1812.0
160CW  21-Nov-20 19:59 0032  G0MCV          599  599  053AL                  3   1811.5
160CW  21-Nov-20 20:16 0033  PA5WT          599  599  035                    3   1836.3
160CW  21-Nov-20 20:20 0034  G3KIP          599  599  053DN                  3   1834.4
160CW  21-Nov-20 20:25 0035  GM4ZUK         599  599  110AB                  3   1833.2
160CW  21-Nov-20 20:28 0036  G3VYI          599  599  117GU                  3   1831.3
160CW  21-Nov-20 20:34 0037  DL5AXX         599  599  050                    2   1828.1
160CW  21-Nov-20 20:35 0038  OK1DCS         599  599  066                    3   1826.1
160CW  21-Nov-20 20:39 0039  PG7V           599  599  076                    3   1824.0
160CW  21-Nov-20 20:42 0040  OE9AMJ/P       599  599  063DO                  3   1822.1
160CW  21-Nov-20 20:45 0041  G4BRK          599  599  061OX                  3   1818.4
160CW  21-Nov-20 20:52 0042  GM4AFF         599  599  162DD                  3   1816.5
160CW  21-Nov-20 21:00 0043  F5PLC          599  599  90                     3   1811.1
