 20CW  29-Aug-20 13:42 0001  US8IM          599  599  103           UR       3  14020.5
 20CW  29-Aug-20 13:45 0002  YP0C           599  599  GL            YO       3  14017.0
 20CW  29-Aug-20 13:48 0003  OG55W          599  599  141           OH       3  14014.8
 20CW  29-Aug-20 13:52 0004  OL8R           599  599  130           OK       3  14014.3
 20CW  29-Aug-20 13:54 0005  YP0HQ          599  599  BC                     3  14012.8
 20CW  29-Aug-20 13:55 0006  UW4E           599  599  082                    3  14010.8
 20CW  29-Aug-20 13:56 0007  RG9A           599  599  284           UA9      5  14010.0
 20CW  29-Aug-20 15:38 0008  SM0HRP         599  599  049           SM       3  14015.6
 20CW  29-Aug-20 15:46 0009  YL9T           599  599  072           YL       3  14011.2
 20CW  29-Aug-20 15:47 0010  N2YO           599  599  238           K        5  14010.4
 20CW  29-Aug-20 15:49 0011  YO9WF          599  599  ND                     3  14007.6
 20CW  29-Aug-20 15:50 0012  YL2PJ          599  599  129                    3  14006.5
 20CW  29-Aug-20 15:52 0013  HA9PP          599  599  150           HA       3  14050.5
 20CW  29-Aug-20 16:13 0014  IT9RZU         599  599  207           IT9      3  14041.8
 20CW  29-Aug-20 16:20 0015  R2FZ           599  599  181           UA2      3  14039.5
 20CW  29-Aug-20 16:21 0016  YU6DX          599  599  092           YU       3  14037.0
 20CW  29-Aug-20 16:22 0017  9A3XU          599  599  048           9A       3  14036.4
 20CW  29-Aug-20 16:24 0018  YT9M           599  599  033                    3  14035.5
 20CW  29-Aug-20 16:25 0019  SK5AA          599  599  055                    3  14034.4
 20CW  29-Aug-20 16:27 0020  YL1ZX          599  599  193                    3  14032.6
 20CW  29-Aug-20 16:27 0021  HG5D           599  599  030                    3  14029.7
 20CW  29-Aug-20 19:37 0022  DL2SAX         599  599  480           DL       2  14025.5
 20CW  29-Aug-20 19:40 0023  CT7/DL6IAK     599  599  211           CT       3  14022.9
 20CW  29-Aug-20 19:43 0024  YO9HP          599  599  PH                     3  14016.9
 20CW  29-Aug-20 19:47 0025  YQ6A           599  599  CV                     3  14010.3
 20CW  29-Aug-20 19:51 0026  I2WIJ          599  599  252           I        3  14026.8
 20CW  29-Aug-20 19:54 0027  YO8ST          599  599  BC                     3  14022.1
 20CW  29-Aug-20 19:55 0028  YO7SR          599  599  DJ                     3  14020.0
 20CW  29-Aug-20 19:56 0029  LZ70IPA        599  599  089           LZ       3  14006.1
 20CW  29-Aug-20 20:00 0030  OZ2TF          599  599  228           OZ       3  14013.6
 20CW  30-Aug-20 08:19 0031  R1IV           599  599  072           UA       3  14000.0
 20CW  30-Aug-20 08:19 0032  EW8OM          599  599  733           EU       3  14000.0
 20CW  30-Aug-20 08:26 0033  LA9OI          599  599  174           LA       3  14046.2
 20CW  30-Aug-20 09:21 0034  UA9XX          599  599  229                    3  14035.3
 20CW  30-Aug-20 09:26 0035  IK2SND         599  599  246                    3  14032.1
 20CW  30-Aug-20 09:27 0036  YO4TL          599  599  GL                     3  14030.6
 20CW  30-Aug-20 09:29 0037  YR8I           599  599  IS                     3  14030.1
 20CW  30-Aug-20 09:30 0038  RA3AN          599  599  605                    3  14028.6
 20CW  30-Aug-20 09:32 0039  EI6KW          599  599  115           EI       3  14028.0
 20CW  30-Aug-20 09:43 0040  LZ1KPO         599  599  1256                   3  14027.0
 20CW  30-Aug-20 09:44 0041  HB9DQL         599  599  560           HB       3  14024.5
 20CW  30-Aug-20 09:46 0042  LZ1ND          599  599  403                    3  14021.5
 20CW  30-Aug-20 09:47 0043  UY5ZZ          599  599  257                    3  14020.8
 20CW  30-Aug-20 09:48 0044  EA3X           599  599  459           EA       3  14020.0
 20CW  30-Aug-20 09:49 0045  OK2EA          599  599  660                    3  14019.5
 20CW  30-Aug-20 09:51 0046  IK1JJM         599  599  465                    3  14018.2
