 20CW  04-Jul-21 13:20 0001  RM1T           599  599  893           UA       3  14041.3
 20CW  04-Jul-21 13:20 0002  IV3SKB         599  599  154           I        3  14044.5
 20CW  04-Jul-21 13:23 0003  UC7A           599  599  443                    3  14035.7
 20CW  04-Jul-21 13:23 0004  EW1TZ          599  599  703           EU       3  14033.6
 20CW  04-Jul-21 13:24 0005  RW4WA          599  599  484                    3  14030.5
 20CW  04-Jul-21 13:25 0006  YL7X           599  599  780           YL       3  14029.5
 20CW  04-Jul-21 13:26 0007  F6IRA          599  599  500           F        3  14025.7
 20CW  04-Jul-21 13:27 0008  LZ1ZJ          599  599  1039          LZ       3  14024.9
 20CW  04-Jul-21 13:28 0009  RG2A           599  599  1112                   3  14023.5
 20CW  04-Jul-21 13:29 0010  DL6KVA         599  599  709           DL       2  14022.5
 20CW  04-Jul-21 13:29 0011  YU5R           599  599  1391          YU       3  14021.0
 20CW  04-Jul-21 13:30 0012  IF9A           599  599  849           IT9      3  14020.3
 20CW  04-Jul-21 13:31 0013  HA7RY          599  599  822           HA       3  14017.2
 20CW  04-Jul-21 13:33 0014  LY7T           599  599  318           LY       3  14010.0
 20CW  04-Jul-21 13:34 0015  UF1A           599  599  320                    3  14009.0
 20CW  04-Jul-21 13:39 0016  R3VL           599  599  454                    3  14035.4
 15CW  04-Jul-21 13:48 0017  EU8U           599  599  368           EU       3  21010.2
 15CW  04-Jul-21 13:50 0018  G1M            599  599  065           G        3  21017.1
 40CW  04-Jul-21 13:52 0019  I2WIJ          599  599  470           I        3   7027.4
 40CW  04-Jul-21 13:55 0020  DL6RAI         599  599  531           DL       2   7025.0
 40CW  04-Jul-21 13:56 0021  SD6F           599  599  140           SM       3   7028.4
 40CW  04-Jul-21 13:57 0022  SP1AEN         599  599  291           SP       3   7012.5
 40CW  04-Jul-21 13:58 0023  DL1NKS         599  599  289                    2   7019.3
 40CW  04-Jul-21 13:59 0024  OV7X           599  599  074           OZ       3   7022.0
