160CW  13-Nov-21 16:26 0001  OK2BUZ         599  599  HVS           OK       3   1823.3
160CW  13-Nov-21 16:27 0002  OK6W           599  599  FRK                    3   1820.0
 80CW  13-Nov-21 16:32 0003  OM2XW          599  599  MYJ           OM       3   3521.0
 80CW  13-Nov-21 16:33 0004  OK1YM          599  599  BKH           OK       3   3520.0
 80CW  13-Nov-21 20:28 0005  OM7M           599  599  PAR                    3   3519.2
 80CW  13-Nov-21 20:31 0006  OL4W           599  599  ELI                    3   3516.0
 80CW  13-Nov-21 20:33 0007  OK1DRX         599  599  BPZ                    3   3515.7
 80CW  13-Nov-21 20:34 0008  OM3RM          599  599  DST                    3   3515.1
 80CW  13-Nov-21 20:35 0009  OK1HMP         599  599  APF                    3   3513.8
 80CW  13-Nov-21 21:01 0010  OK1MI          599  599  ELT                    3   3513.0
 80CW  13-Nov-21 21:04 0011  OL50DJ         599  599  DPJ                    3   3512.1
 80CW  13-Nov-21 21:05 0012  OL70DG         599  599  BNY                    3   3511.3
 80CW  13-Nov-21 21:07 0013  OM0R           599  599  LEV                    3   3510.4
 80CW  13-Nov-21 21:08 0014  OM4EX          599  599  PRI                    3   3508.0
 80CW  13-Nov-21 21:12 0015  OK1ES          599  599  BRA                    3   3563.1
 80CW  13-Nov-21 21:13 0016  OK8RG          599  599  FSE                    3   3560.7
 80CW  13-Nov-21 21:17 0017  OK1IC          599  599  BPB                    3   3558.0
 80CW  13-Nov-21 21:19 0018  OM5KM          599  599  NIT                    3   3555.4
 80CW  13-Nov-21 21:22 0019  OL2A           599  599  GZS                    3   3554.8
 80CW  13-Nov-21 21:24 0020  OK1HFP         599  599  DTA                    3   3553.9
 80CW  13-Nov-21 21:25 0021  OK5D           599  599  ETE                    3   3545.2
 80CW  13-Nov-21 21:30 0022  OL2J           599  599  GJI                    3   3544.0
 80CW  13-Nov-21 21:32 0023  OK7PN          599  599  HVS                    3   3543.6
 80CW  13-Nov-21 21:33 0024  OM3ZWA         599  599  PRE                    3   3543.0
 80CW  13-Nov-21 21:34 0025  OM5B           599  599  PAR                    3   3541.4
 80CW  13-Nov-21 21:39 0026  OK2HBY         599  599  GZS                    3   3539.1
 80CW  13-Nov-21 21:40 0027  OK1AXB         599  599  BPV                    3   3538.8
 80CW  13-Nov-21 21:41 0028  OM5CM          599  599  NIT                    3   3538.5
 80CW  13-Nov-21 21:42 0029  OK1FLC         599  599  BRA                    3   3536.3
 80CW  13-Nov-21 21:43 0030  OK1DJS         599  599  DKL                    3   3535.9
 80CW  13-Nov-21 21:45 0031  OK2OP          599  599  GBM                    3   3535.0
 80CW  13-Nov-21 21:46 0032  OM5CD          599  599  BAB                    3   3534.5
 80CW  13-Nov-21 21:47 0033  OK1DCS         599  599  CCK                    3   3533.6
 80CW  13-Nov-21 21:55 0034  OK1XC          599  599  CTA                    3   3532.3
160CW  13-Nov-21 21:59 0035  OL6D           599  599  DPJ                    3   1832.0
160CW  13-Nov-21 22:00 0036  OK1AUC         599  599  CPR                    3   1831.1
160CW  13-Nov-21 22:04 0037  OM77PA         599  599  PAR           OM       3   1826.0
