160CW  23-Oct-21 18:32 0001  LY7M           599  599  KO25          LY       3   1827.5
160CW  23-Oct-21 18:33 0002  DL2SAX         599  599  JN48          DL       2   1826.5
160CW  23-Oct-21 18:34 0003  OM2XW          599  599  JN88          OM       3   1826.2
160CW  23-Oct-21 18:36 0004  DL7ON          599  599  JO62                   2   1824.5
160CW  23-Oct-21 18:37 0005  DL8QS          599  599  JO43                   2   1822.2
160CW  23-Oct-21 18:38 0006  OS0S           599  599  JO20          ON       3   1822.0
160CW  23-Oct-21 18:39 0007  F5VHY          599  599  JN04          F        3   1822.8
160CW  23-Oct-21 18:42 0008  OK2TJ          599  599  JN89          OK       3   1820.2
160CW  23-Oct-21 18:43 0009  S53M           599  599  JN86          S5       3   1819.7
160CW  23-Oct-21 18:45 0010  DF4XF          599  599  JO60                   2   1818.0
160CW  23-Oct-21 18:45 0011  DH1NBE         599  599  JN59                   2   1817.2
160CW  23-Oct-21 18:46 0012  OZ1AAR         599  599  JO65          OZ       3   1815.8
160CW  23-Oct-21 18:48 0013  OZ8SW          599  599  JO65                   3   1812.5
160CW  23-Oct-21 18:50 0014  F5IN           599  599  JN18                   3   1811.3
160CW  23-Oct-21 18:52 0015  SP1AEN         599  599  JO83          SP       3   1835.6
160CW  23-Oct-21 19:00 0016  SN1T           599  599  JO84                   3   1832.3
160CW  23-Oct-21 19:01 0017  DL5IAH         599  599  JN39                   2   1831.9
160CW  23-Oct-21 19:02 0018  YL7X           599  599  KO07          YL       3   1830.7
160CW  23-Oct-21 19:05 0019  LA3MHA         599  599  JO59          LA       3   1830.0
160CW  23-Oct-21 19:07 0020  SN7Q           599  599  JO91                   3   1829.2
160CW  23-Oct-21 19:09 0021  SP2EWQ         599  599  JO93                   3   1821.0
160CW  23-Oct-21 19:10 0022  OK1DOL         599  599  JN69                   3   1821.0
160CW  23-Oct-21 19:10 0023  M0NDZ          599  599  IO92          G        3   1821.0
160CW  23-Oct-21 19:11 0024  DM3XRF         599  599  JN39                   2   1821.0
160CW  23-Oct-21 19:13 0025  S53V           599  599  JN76                   3   1821.0
160CW  23-Oct-21 19:13 0026  PA7LV          599  599  JO22          PA       3   1821.0
160CW  23-Oct-21 19:14 0027  HB9FIH         599  599  JN47          HB       3   1821.0
160CW  23-Oct-21 19:14 0028  YL1ZF          599  599  KO27                   3   1821.0
160CW  23-Oct-21 20:07 0029  DL2NBU         599  599  JN59                   2   1820.3
160CW  23-Oct-21 20:09 0030  UY0ZG          599  599  KN56          UR       3   1818.0
160CW  23-Oct-21 20:14 0031  IK4DCX         599  599  JN64          I        3   1838.2
160CW  23-Oct-21 20:18 0032  DR5X           599  599  JO54                   2   1833.5
160CW  23-Oct-21 20:20 0033  SQ7U           599  599  KO00                   3   1831.7
160CW  23-Oct-21 20:21 0034  DL1NKS         599  599  JN49                   2   1831.0
160CW  23-Oct-21 20:25 0035  HA1DAE         599  599  JN87          HA       3   1829.0
160CW  23-Oct-21 20:26 0036  G3VYI          599  599  IO91                   3   1828.2
160CW  23-Oct-21 20:27 0037  9A50Y          599  599  JN85          9A       3   1827.1
160CW  23-Oct-21 20:28 0038  HB9ARF         599  599  JN36                   3   1825.6
160CW  23-Oct-21 20:31 0039  YO5AJR         599  599  KN17          YO       3   1825.0
160CW  23-Oct-21 20:34 0040  SE0X           599  599  JO99          SM       3   1822.8
160CW  23-Oct-21 20:41 0041  OP5T           599  599  JO21                   3   1817.5
160CW  23-Oct-21 20:49 0042  SP2FAP         599  599  JO94                   3   1815.4
160CW  23-Oct-21 20:51 0043  DL3DXX         599  599  JO61                   2   1814.0
160CW  23-Oct-21 20:57 0044  8S0DX          599  599  JO99                   3   1816.3
160CW  23-Oct-21 21:00 0045  SM5DXR         599  599  JO89                   3   1828.3
160CW  23-Oct-21 21:02 0046  SM2M           599  599  KP04                   3   1828.0
160CW  23-Oct-21 21:10 0047  OH0Z           599  599  JP90          OH0      3   1823.5
160CW  23-Oct-21 21:49 0048  TM6M           599  599  IN78                   3   1820.8
160CW  23-Oct-21 21:51 0049  ON6FC          599  599  JO10                   3   1819.1
160CW  23-Oct-21 21:52 0050  LC9X           599  599  JO29          UA       3   1838.6
160CW  23-Oct-21 21:56 0051  PA5WT          599  599  JO22                   3   1836.8
160CW  23-Oct-21 21:58 0052  LZ9W           599  599  KN12          LZ       3   1836.5
160CW  23-Oct-21 22:03 0053  9A3MR          599  599  JN83                   3   1834.3
160CW  23-Oct-21 22:05 0054  HA8BE          599  599  KN06                   3   1833.5
160CW  23-Oct-21 22:07 0055  MM2T           599  599  IO85          GM       3   1831.7
160CW  23-Oct-21 22:11 0056  OK5MM          599  599  JN89                   3   1826.9
160CW  23-Oct-21 22:15 0057  DK0SU          599  599  JN48                   2   1820.0
160CW  23-Oct-21 22:16 0058  MM9I           599  599  IO75                   3   1818.6
160CW  23-Oct-21 22:20 0059  RM4F           599  599  LO23                   3   1820.5
160CW  23-Oct-21 22:20 0060  I2IFT          599  599  JN45                   3   1820.5
160CW  23-Oct-21 22:21 0061  DL1YPF         599  599  JO61                   2   1820.5
160CW  23-Oct-21 22:23 0062  SO3O           599  599  JO92                   3   1820.5
160CW  23-Oct-21 22:25 0063  HA8WY          599  599  KN06                   3   1820.5
160CW  23-Oct-21 22:27 0064  G3T            599  599  IO94                   3   1820.5
