 20CW  16-Jan-21 12:13 0001  LZ3QE          599  599  017           LZ       3  14024.7
 20CW  16-Jan-21 12:15 0002  UR7GO          599  599  030           UR       3  14022.0
 20CW  16-Jan-21 12:16 0003  RQ5A           599  599  029           UA       3  14021.0
 20CW  16-Jan-21 12:18 0004  RK3AW          599  599  041                    3  14019.5
 20CW  16-Jan-21 12:22 0005  OH4MDY         599  599  048           OH       3  14009.0
 20CW  16-Jan-21 12:44 0006  RT3F           599  599  072                    3  14042.6
 20CW  16-Jan-21 12:46 0007  RC7A           599  599  069                    3  14038.7
 20CW  16-Jan-21 12:48 0008  RM4F           599  599  131                    3  14035.3
 20CW  16-Jan-21 12:49 0009  EA5BY          599  599  104           EA       3  14033.5
 20CW  16-Jan-21 12:50 0010  SV1JG          599  599  074           SV       3  14030.9
 20CW  16-Jan-21 12:53 0011  K3WW           599  599  127           K        5  14030.5
 20CW  16-Jan-21 15:44 0012  EA5M           599  599  167                    3  14014.2
 20CW  16-Jan-21 15:45 0013  CR5O           599  599  192           CT       3  14012.1
 20CW  16-Jan-21 15:49 0014  W1FJ           599  599  104                    5  14005.2
 40CW  16-Jan-21 15:51 0015  RM7C           599  599  156           UA       3   7039.1
 40CW  16-Jan-21 15:52 0016  IK6QON         599  599  182           I        3   7037.0
 40CW  16-Jan-21 15:55 0017  HA5N           599  599  BP            HA       3   7035.4
 40CW  16-Jan-21 15:56 0018  YL5W           599  599  117           YL       3   7035.3
 40CW  16-Jan-21 15:59 0019  EV1R           599  599  238           EU       3   7031.9
 40CW  16-Jan-21 16:01 0020  OH5LLR         599  599  250           OH       3   7030.4
 40CW  16-Jan-21 16:03 0021  UW1M           599  599  481           UR       3   7029.8
 40CW  16-Jan-21 16:05 0022  HA8DU          599  599  CS                     3   7028.5
 40CW  16-Jan-21 16:06 0023  LZ5I           599  599  196           LZ       3   7027.0
 40CW  16-Jan-21 16:07 0024  HG8C           599  599  CS                     3   7025.7
 40CW  16-Jan-21 16:10 0025  LZ2FL          599  599  243                    3   7024.5
 40CW  16-Jan-21 16:11 0026  LZ5R           599  599  796                    3   7024.0
 40CW  16-Jan-21 16:13 0027  HA6A           599  599  CS                     3   7023.3
 40CW  16-Jan-21 16:16 0028  YO3LW          599  599  069           YO       3   7021.8
 40CW  16-Jan-21 17:13 0029  UN9L           599  599  078           UN       5   7018.9
 40CW  16-Jan-21 17:16 0030  LZ1ZF          599  599  319                    3   7015.0
 80CW  16-Jan-21 17:47 0031  HG6N           599  599  NG            HA       3   3524.5
 80CW  16-Jan-21 17:49 0032  9A5X           599  599  169           9A       3   3524.5
 80CW  16-Jan-21 17:50 0033  HA5PP          599  599  SO                     3   3524.5
 80CW  16-Jan-21 17:51 0034  OL4W           599  599  241           OK       3   3524.5
 80CW  16-Jan-21 17:52 0035  OK2EA          599  599  295                    3   3524.5
160CW  16-Jan-21 17:55 0036  OM7M           599  599  552           OM       3   1829.3
160CW  16-Jan-21 17:58 0037  PA0O           599  599  094           PA       3   1828.7
160CW  16-Jan-21 17:59 0038  SO3O           599  599  165           SP       3   1827.6
160CW  16-Jan-21 18:00 0039  HG2DX          599  599  CS            HA       3   1826.5
160CW  16-Jan-21 20:14 0040  F5IN           599  599  565           F        3   1826.5
160CW  16-Jan-21 20:23 0041  PC3M           599  599  317                    3   1822.8
160CW  16-Jan-21 20:24 0042  LC3A           599  599  562           LA       3   1822.1
160CW  16-Jan-21 20:51 0043  OU2I           599  599  364           OZ       3   1817.9
160CW  16-Jan-21 21:05 0044  DL1EKO         599  599  078           DL       2   1837.2
160CW  16-Jan-21 21:06 0045  DJ6GI          599  599  161                    2   1834.4
160CW  16-Jan-21 21:24 0046  HA3DX          599  599  TO                     3   1827.3
160CW  16-Jan-21 21:29 0047  OK1TN          599  599  251           OK       3   1825.6
160CW  16-Jan-21 21:30 0048  9A5X           599  599  551           9A       3   1823.7
 20CW  17-Jan-21 11:10 0049  RK4FM          599  599  866                    3  14025.0
 20CW  17-Jan-21 11:11 0050  UT5C           599  599  654                    3  14021.8
 20CW  17-Jan-21 11:13 0051  ES4RD          599  599  547           ES       3  14019.5
 20CW  17-Jan-21 11:14 0052  LZ5I           599  599  832                    3  14019.1
 20CW  17-Jan-21 11:24 0053  R8WO           599  599  220           UA9      5  14012.7
 20CW  17-Jan-21 11:31 0054  EA4OR          599  599  614                    3  14008.9
 20CW  17-Jan-21 11:32 0055  ON6NL          599  599  320           ON       3  14008.6
 20CW  17-Jan-21 11:33 0056  LZ1QN          599  599  363                    3  14006.0
 20CW  17-Jan-21 11:35 0057  UR3GU          599  599  165                    3  14003.5
 40CW  17-Jan-21 11:40 0058  HA7A           599  599  PE                     3   7010.1
 40CW  17-Jan-21 11:41 0059  SN7F           599  599  528           SP       3   7008.0
 40CW  17-Jan-21 11:42 0060  OK1AXB         599  599  293           OK       3   7005.8
 40CW  17-Jan-21 11:43 0061  OL70DG         599  599  959                    3   7005.2
 40CW  17-Jan-21 11:45 0062  SP4TKR         599  599  253                    3   7038.9
 40CW  17-Jan-21 11:46 0063  SN7O           599  599  1356                   3   7037.6
 40CW  17-Jan-21 11:50 0064  LY1M           599  599  261           LY       3   7035.7
 40CW  17-Jan-21 11:52 0065  SP1AEN         599  599  903                    3   7035.3
 40CW  17-Jan-21 11:53 0066  RT3F           599  599  1409                   3   7033.0
 40CW  17-Jan-21 11:57 0067  IK4ZHH         599  599  301                    3   7028.5
 40CW  17-Jan-21 11:58 0068  EA3X           599  599  508           EA       3   7027.5
 40CW  17-Jan-21 11:59 0069  OM8AA          599  599  1464          OM       3   7027.1
 40CW  17-Jan-21 11:59 0070  YT7A           599  599  911           YU       3   7025.8
