 40CW  07-Jun-21 16:36 0001  SM6M           599  599  011           SM       3   7037.4
 40CW  07-Jun-21 16:37 0002  OK1DOR         599  599  013           OK       3   7035.8
 40CW  07-Jun-21 16:38 0003  OK1RR          599  599  015                    3   7035.1
 40CW  07-Jun-21 16:39 0004  OK1DSZ         599  599  018                    3   7034.6
 40CW  07-Jun-21 16:40 0005  SM9X           599  599  019                    3   7034.0
 40CW  07-Jun-21 16:40 0006  OK1RKS         599  599  012                    3   7033.3
 40CW  07-Jun-21 16:42 0007  9A1AA          599  599  027           9A       3   7032.7
 40CW  07-Jun-21 16:43 0008  DL8QS          599  599  022           DL       2   7031.8
 40CW  07-Jun-21 16:43 0009  DJ4MX          599  599  027                    2   7031.3
 40CW  07-Jun-21 16:44 0010  SM5IMO         599  599  025                    3   7030.5
 40CW  07-Jun-21 16:44 0011  DD5M           599  599  035                    2   7029.8
 40CW  07-Jun-21 16:45 0012  SE0B           599  599  016                    3   7029.4
 40CW  07-Jun-21 16:47 0013  OK2TJ          599  599  028                    3   7029.0
 40CW  07-Jun-21 16:48 0014  SD6F           599  599  025                    3   7028.3
 40CW  07-Jun-21 16:49 0015  DL6MHW         599  599  034                    2   7027.3
 40CW  07-Jun-21 16:50 0016  HA5OV          599  599  031           HA       3   7025.6
 40CW  07-Jun-21 16:51 0017  DL1NKS         599  599  018                    2   7024.6
 40CW  07-Jun-21 16:53 0018  SM6OEF         599  599  023                    3   7023.0
 40CW  07-Jun-21 16:55 0019  SN1T           599  599  052                    3   7034.3
 40CW  07-Jun-21 16:56 0020  SN5N           599  599  031                    3   7034.3
 40CW  07-Jun-21 16:58 0021  DL6IAK         599  599  031                    2   7034.3
 40CW  07-Jun-21 16:59 0022  EW1M           599  599  025           EU       3   7034.3
 40CW  07-Jun-21 17:01 0023  SD1A           599  599  045                    3   7039.5
 40CW  07-Jun-21 17:03 0024  OK2BFN         599  599  055                    3   7032.0
 40CW  07-Jun-21 17:04 0025  OK4RQ          599  599  008                    3   7031.8
