 15CW  12-Jun-21 21:01 0001  LU1ICX         599  599  13            LU   13  5  21013.3
 20CW  12-Jun-21 21:09 0002  LZ2HR          599  599  20            LZ   20  3  14024.0
 20CW  12-Jun-21 21:10 0003  PY2NY          599  599  11            PY   11  5  14023.4
 20CW  12-Jun-21 21:11 0004  LU5FF          599  599  13            LU   13  5  14021.5
 20CW  12-Jun-21 21:14 0005  LZ5R           599  599  20                     3  14017.8
 20CW  12-Jun-21 21:16 0006  UA6LCN         599  599  16            UA   16  3  14015.6
 20CW  12-Jun-21 21:17 0007  AA3B           599  599  05            K    05  5  14014.5
 20CW  12-Jun-21 21:18 0008  YT1A           599  599  15            YU   15  3  14013.1
 20CW  12-Jun-21 21:32 0009  OZ3SM          599  599  14            OZ   14  3  14025.9
 20CW  12-Jun-21 21:35 0010  EA7AAW         599  599  14            EA       3  14034.8
 20CW  12-Jun-21 21:41 0011  LU6OA          599  599  13                     5  14030.0
 20CW  13-Jun-21 09:44 0012  YT2RX          599  599  15                     3  14015.7
 20CW  13-Jun-21 09:45 0013  UA9CTT         599  599  17            UA9  17  5  14013.0
 20CW  13-Jun-21 09:46 0014  RW21RU         599  599  16                     3  14012.0
 10CW  13-Jun-21 09:56 0015  LZ5R           599  599  20            LZ   20  3  28017.8
 10CW  13-Jun-21 09:58 0016  IT9CKA         599  599  15            IT9  15  3  28018.1
 15CW  13-Jun-21 10:04 0017  EH4MCG         599  599  14            EA   14  3  21018.5
 15CW  13-Jun-21 10:05 0018  LZ5R           599  599  20            LZ   20  3  21017.8
 15CW  13-Jun-21 10:07 0019  LZ6C           599  599  20                     3  21013.1
 15CW  13-Jun-21 10:16 0020  EA1X           599  599  14                     3  21020.1
 15CW  13-Jun-21 10:16 0021  EO50FF         599  599  16            UR   16  3  21017.1
 20CW  13-Jun-21 10:22 0022  UC7A           599  599  16                     3  14041.6
 20CW  13-Jun-21 10:29 0023  SP2HMT         599  599  15            SP       3  14013.8
 20CW  13-Jun-21 10:30 0024  SM2M           599  599  14            SM       3  14012.3
 20CW  13-Jun-21 10:33 0025  CS7JH          599  599  CO            CT       3  14008.5
