160CW  30-Jan-21 17:28 0001  PI4CC          599  599  14            PA   14  3   1839.1
160CW  30-Jan-21 17:29 0002  OM2Y           599  599  15            OM   15  3   1836.7
160CW  30-Jan-21 17:29 0003  DR5X           599  599  14            DL       2   1836.9
160CW  30-Jan-21 17:31 0004  GM3X           599  599  14            GM       3   1836.1
160CW  30-Jan-21 17:32 0005  IQ2CJ          599  599  15            I        3   1834.9
160CW  30-Jan-21 17:35 0006  9A1P           599  599  15            9A       3   1833.5
160CW  30-Jan-21 17:36 0007  LN8W           599  599  14            LA       3   1834.0
160CW  30-Jan-21 17:36 0008  OL1A           599  599  15            OK       3   1833.8
160CW  30-Jan-21 17:38 0009  OK1Z           599  599  15                     3   1833.0
160CW  30-Jan-21 17:39 0010  IK3VUU         599  599  15                     3   1831.5
160CW  30-Jan-21 17:41 0011  OR3A           599  599  14            ON       3   1830.8
160CW  30-Jan-21 17:41 0012  DJ5AN          599  599  14                     2   1830.2
160CW  30-Jan-21 17:43 0013  DJ8QP          599  599  14                     2   1829.0
160CW  30-Jan-21 17:43 0014  LY5W           599  599  15            LY       3   1828.7
160CW  30-Jan-21 17:45 0015  SP9R           599  599  15            SP       3   1828.0
160CW  30-Jan-21 17:47 0016  DJ0SP          599  599  14                     2   1827.7
160CW  30-Jan-21 17:48 0017  HB9FBM         599  599  14            HB       3   1827.5
160CW  30-Jan-21 17:54 0018  DL4CF          599  599  14                     2   1825.7
160CW  30-Jan-21 17:55 0019  LY7M           599  599  15                     3   1825.3
160CW  30-Jan-21 17:58 0020  DL1AUZ         599  599  14                     2   1824.3
160CW  30-Jan-21 17:59 0021  DL6WT          599  599  14                     2   1823.5
160CW  30-Jan-21 17:59 0022  OL1R           599  599  15                     3   1823.1
160CW  30-Jan-21 18:01 0023  OT4A           599  599  14                     3   1821.7
160CW  30-Jan-21 18:03 0024  DM5JBN         599  599  14                     2   1820.4
160CW  30-Jan-21 18:07 0025  F6KOP          599  599  14            F        3   1819.0
160CW  30-Jan-21 18:10 0026  SM4HCM         599  599  14            SM       3   1818.8
160CW  30-Jan-21 18:11 0027  DQ4W           599  599  14                     2   1818.2
160CW  30-Jan-21 18:11 0028  DK3WW          599  599  14                     2   1817.9
160CW  30-Jan-21 18:13 0029  PA6X           599  599  14                     3   1817.7
160CW  30-Jan-21 18:14 0030  S57Q           599  599  15            S5       3   1816.3
160CW  30-Jan-21 18:16 0031  SP3HLM         599  599  15                     3   1815.5
160CW  30-Jan-21 18:17 0032  S56X           599  599  15                     3   1814.7
160CW  30-Jan-21 18:18 0033  G3P            599  599  14            G        3   1814.3
160CW  30-Jan-21 18:18 0034  SC7DX          599  599  14                     3   1813.6
160CW  30-Jan-21 18:19 0035  S50C           599  599  15                     3   1813.0
160CW  30-Jan-21 18:20 0036  OK1CF          599  599  15                     3   1812.6
160CW  30-Jan-21 18:21 0037  LY7Z           599  599  15                     3   1811.9
160CW  30-Jan-21 18:23 0038  PE6Q           599  599  14                     3   1811.0
160CW  30-Jan-21 18:28 0039  S53A           599  599  15                     3   1839.9
160CW  30-Jan-21 18:29 0040  OM3GI          599  599  15                     3   1840.1
160CW  30-Jan-21 18:35 0041  OM7M           599  599  15                     3   1839.6
160CW  30-Jan-21 18:37 0042  IK2HKT         599  599  15                     3   1838.6
160CW  30-Jan-21 18:38 0043  9A5Y           599  599  15                     3   1838.3
160CW  30-Jan-21 18:42 0044  IK2QPR         599  599  15                     3   1836.0
160CW  30-Jan-21 18:43 0045  UA2FW          599  599  15            UA2      3   1835.7
160CW  30-Jan-21 18:45 0046  DL7JOM         599  599  14                     2   1835.1
160CW  30-Jan-21 18:45 0047  OH5Z           599  599  15            OH       3   1835.3
160CW  30-Jan-21 20:06 0048  DM3W           599  599  14                     2   1834.7
160CW  30-Jan-21 20:13 0049  G5W            599  599  14                     3   1832.2
160CW  30-Jan-21 20:16 0050  E7DX           599  599  15            E7       3   1830.4
160CW  30-Jan-21 20:18 0051  LA7THA         599  599  14                     3   1830.0
160CW  30-Jan-21 20:19 0052  SN7Q           599  599  15                     3   1829.8
160CW  30-Jan-21 20:19 0053  DL3UB          599  599  14                     2   1829.4
160CW  30-Jan-21 20:20 0054  OH0W           599  599  15            OH0      3   1828.5
160CW  30-Jan-21 20:21 0055  SN2M           599  599  15                     3   1827.7
160CW  30-Jan-21 20:23 0056  LZ9W           599  599  20            LZ   20  3   1826.9
160CW  30-Jan-21 20:24 0057  DK7A           599  599  14                     2   1826.5
160CW  30-Jan-21 20:25 0058  UX2X           599  599  16            UR   16  3   1826.3
160CW  30-Jan-21 20:27 0059  SN1W           599  599  15                     3   1826.1
160CW  30-Jan-21 20:28 0060  SN2B           599  599  15                     3   1824.7
160CW  30-Jan-21 20:30 0061  HB9AGA         599  599  14                     3   1823.9
160CW  30-Jan-21 20:31 0062  HA7I           599  599  15            HA       3   1823.3
160CW  30-Jan-21 20:36 0063  RL3A           599  599  16            UA       3   1821.0
160CW  30-Jan-21 20:42 0064  EA7X           599  599  14            EA       3   1820.8
160CW  30-Jan-21 20:43 0065  EI5KF          599  599  14            EI       3   1820.6
160CW  30-Jan-21 20:51 0066  9A5X           599  599  15                     3   1819.5
160CW  30-Jan-21 20:52 0067  SO3O           599  599  15                     3   1817.8
160CW  30-Jan-21 20:55 0068  HB7X           599  599  14                     3   1816.9
160CW  30-Jan-21 20:56 0069  M3D            599  599  14                     3   1816.5
160CW  30-Jan-21 20:58 0070  HA5JI          599  599  15                     3   1814.8
160CW  30-Jan-21 21:01 0071  SJ0X           599  599  14                     3   1813.9
160CW  30-Jan-21 21:04 0072  HB9CVQ         599  599  14                     3   1812.6
160CW  30-Jan-21 21:05 0073  DK5KK          599  599  14                     2   1811.5
160CW  30-Jan-21 21:10 0074  DL0GL          599  599  14                     2   1810.2
160CW  30-Jan-21 21:23 0075  DK2OY          599  599  14                     2   1894.4
160CW  30-Jan-21 21:26 0076  DR4W           599  599  14                     2   1885.2
160CW  30-Jan-21 21:27 0077  MM9I           599  599  14                     3   1884.8
160CW  30-Jan-21 21:29 0078  DP7D           599  599  14                     2   1884.1
160CW  30-Jan-21 21:31 0079  PI4DX          599  599  14                     3   1879.3
160CW  30-Jan-21 21:36 0080  DL4SDW         599  599  14                     2   1876.3
160CW  30-Jan-21 21:37 0081  OH2PQ          599  599  15                     3   1875.5
160CW  30-Jan-21 21:38 0082  S54O           599  599  15                     3   1875.0
160CW  30-Jan-21 21:38 0083  DK1X           599  599  14                     2   1874.2
160CW  30-Jan-21 21:40 0084  DL6KWN         599  599  14                     2   1872.5
160CW  30-Jan-21 21:41 0085  HA1DAE         599  599  15                     3   1871.0
160CW  30-Jan-21 21:42 0086  OK4U           599  599  15                     3   1869.8
160CW  30-Jan-21 21:43 0087  YL2SM          599  599  15            YL       3   1868.7
160CW  30-Jan-21 21:45 0088  EW1I           599  599  16            EU       3   1868.0
160CW  30-Jan-21 21:46 0089  DL8UAT         599  599  14                     2   1867.5
160CW  30-Jan-21 21:48 0090  PA5KT          599  599  14                     3   1867.1
160CW  30-Jan-21 21:50 0091  OK1DTC         599  599  15                     3   1866.5
160CW  30-Jan-21 21:50 0092  OT6M           599  599  14                     3   1866.0
160CW  30-Jan-21 21:51 0093  DL5YM          599  599  14                     2   1865.2
160CW  30-Jan-21 21:55 0094  DJ9AO          599  599  14                     2   1864.0
160CW  30-Jan-21 21:56 0095  SP2EWQ         599  599  15                     3   1863.0
160CW  30-Jan-21 21:57 0096  ON6NL          599  599  14                     3   1862.8
160CW  30-Jan-21 21:57 0097  DL7URH         599  599  14                     2   1862.5
160CW  30-Jan-21 22:00 0098  DP7X           599  599  14                     2   1862.1
160CW  30-Jan-21 22:00 0099  DL5SE          599  599  14                     2   1861.7
160CW  30-Jan-21 22:01 0100  YT0A           599  599  15            YU       3   1859.8
160CW  31-Jan-21 16:56 0101  DK2BJ          599  599  14                     2   1887.1
160CW  31-Jan-21 17:00 0102  HB0A           599  599  14            HB0      3   1881.0
160CW  31-Jan-21 17:03 0103  DA0T           599  599  14                     2   1867.0
160CW  31-Jan-21 17:04 0104  OZ1IKY         599  599  14            OZ       3   1865.4
160CW  31-Jan-21 17:05 0105  DL1NKS         599  599  14                     2   1865.0
160CW  31-Jan-21 17:55 0106  DL6DCD         599  599  14                     2   1865.7
160CW  31-Jan-21 17:57 0107  S53M           599  599  15                     3   1859.2
160CW  31-Jan-21 18:04 0108  S53XX          599  599  15                     3   1850.1
160CW  31-Jan-21 18:04 0109  ON4WW          599  599  14                     3   1849.6
160CW  31-Jan-21 18:06 0110  OL1C           599  599  15                     3   1845.3
160CW  31-Jan-21 18:08 0111  PA3EVY         599  599  14                     3   1844.9
160CW  31-Jan-21 18:09 0112  SN1T           599  599  15                     3   1843.5
160CW  31-Jan-21 18:10 0113  EU4E           599  599  16                     3   1843.0
160CW  31-Jan-21 18:14 0114  HG3N           599  599  15                     3   1838.1
160CW  31-Jan-21 19:04 0115  LB6GG          599  599  14                     3   1884.0
160CW  31-Jan-21 19:04 0116  YL2SW          599  599  15                     3   1881.4
160CW  31-Jan-21 19:05 0117  DL4ZA          599  599  14                     2   1880.0
160CW  31-Jan-21 19:09 0118  DJ7TO          599  599  14                     2   1873.3
160CW  31-Jan-21 19:10 0119  SN7O           599  599  15                     3   1871.7
160CW  31-Jan-21 19:11 0120  DL2SAX         599  599  14                     2   1871.0
160CW  31-Jan-21 19:16 0121  YT5A           599  599  15                     3   1869.0
160CW  31-Jan-21 19:19 0122  DL0MCM         599  599  14                     2   1866.3
160CW  31-Jan-21 19:42 0123  HA8BT          599  599  15                     3   1864.2
160CW  31-Jan-21 19:43 0124  DK0TP          599  599  14                     2   1863.9
160CW  31-Jan-21 19:46 0125  S51RE          599  599  15                     3   1862.5
160CW  31-Jan-21 19:54 0126  DK6WL          599  599  14                     2   1857.5
160CW  31-Jan-21 19:55 0127  OG1N           599  599  15                     3   1857.2
160CW  31-Jan-21 19:57 0128  S53X           599  599  15                     3   1855.8
160CW  31-Jan-21 19:58 0129  SP2LNW         599  599  15                     3   1855.2
160CW  31-Jan-21 19:59 0130  HB9TSW         599  599  14                     3   1854.8
160CW  31-Jan-21 20:03 0131  DF9LJ          599  599  14                     2   1852.8
160CW  31-Jan-21 20:04 0132  9A5AET         599  599  15                     3   1851.7
160CW  31-Jan-21 20:06 0133  HG8DX          599  599  15                     3   1850.6
160CW  31-Jan-21 20:07 0134  US5WE          599  599  16                     3   1850.0
160CW  31-Jan-21 20:08 0135  EI2JD          599  599  14                     3   1849.7
160CW  31-Jan-21 20:14 0136  US1Q           599  599  16                     3   1847.5
160CW  31-Jan-21 20:17 0137  DJ4MH          599  599  14                     2   1869.5
160CW  31-Jan-21 20:19 0138  OE1TKW         599  599  15            OE       3   1869.8
160CW  31-Jan-21 20:20 0139  UW2M           599  599  16                     3   1869.8
160CW  31-Jan-21 20:20 0140  SP4Z           599  599  15                     3   1869.8
160CW  31-Jan-21 20:21 0141  E7CW           599  599  15                     3   1869.8
160CW  31-Jan-21 20:22 0142  DL7ON          599  599  14                     2   1869.8
160CW  31-Jan-21 20:22 0143  PC3T           599  599  14                     3   1869.8
160CW  31-Jan-21 20:23 0144  LZ5R           599  599  20                     3   1869.8
160CW  31-Jan-21 20:23 0145  R1DX           599  599  16                     3   1869.8
160CW  31-Jan-21 20:25 0146  HG7T           599  599  15                     3   1869.8
160CW  31-Jan-21 20:26 0147  EF5Y           599  599  14                     3   1869.8
160CW  31-Jan-21 20:27 0148  PA0CT          599  599  14                     3   1869.8
160CW  31-Jan-21 20:27 0149  OK3C           599  599  15                     3   1869.8
160CW  31-Jan-21 20:28 0150  UA7K           599  599  16                     3   1869.8
160CW  31-Jan-21 20:29 0151  OG7A           599  599  15                     3   1869.8
160CW  31-Jan-21 20:29 0152  YL7X           599  599  15                     3   1869.8
160CW  31-Jan-21 20:30 0153  9A4M           599  599  15                     3   1869.8
160CW  31-Jan-21 20:30 0154  PC5Q           599  599  14                     3   1869.8
160CW  31-Jan-21 20:31 0155  OL9R           599  599  15                     3   1869.8
160CW  31-Jan-21 20:31 0156  OK1DOL         599  599  15                     2   1869.8
160CW  31-Jan-21 20:32 0157  OL8R           599  599  15                     3   1869.8
160CW  31-Jan-21 20:33 0158  OK6Y           599  599  15                     3   1869.8
160CW  31-Jan-21 20:33 0159  S51ZJ          599  599  15                     3   1869.8
160CW  31-Jan-21 20:34 0160  UW0K           599  599  16                     3   1869.8
160CW  31-Jan-21 20:35 0161  YT9X           599  599  15                     3   1869.8
160CW  31-Jan-21 20:36 0162  UW5Y           599  599  16                     3   1869.8
160CW  31-Jan-21 20:37 0163  PA9CC          599  599  14                     3   1869.8
160CW  31-Jan-21 20:39 0164  DJ1AA          599  599  14                     2   1869.8
160CW  31-Jan-21 20:42 0165  HA8BE          599  599  15                     3   1869.8
160CW  31-Jan-21 20:44 0166  S55DX          599  599  15                     3   1869.8
160CW  31-Jan-21 20:44 0167  DL1BUG         599  599  14                     2   1869.8
160CW  31-Jan-21 20:45 0168  RO2E           599  599  16                     3   1869.8
160CW  31-Jan-21 20:46 0169  RM4F           599  599  16                     3   1869.8
160CW  31-Jan-21 20:47 0170  OZ1LO          599  599  14                     3   1869.8
160CW  31-Jan-21 20:47 0171  SK3W           599  599  14                     3   1869.8
160CW  31-Jan-21 20:48 0172  DP6A           599  599  14                     2   1869.8
160CW  31-Jan-21 20:48 0173  SP8R           599  599  15                     3   1869.8
160CW  31-Jan-21 20:49 0174  YL9T           599  599  15                     3   1869.8
160CW  31-Jan-21 20:50 0175  DJ1YF          599  599  14                     2   1869.8
160CW  31-Jan-21 20:50 0176  IK1PMR         599  599  15                     3   1869.8
160CW  31-Jan-21 20:50 0177  DQ4Q           599  599  14                     2   1869.8
160CW  31-Jan-21 20:53 0178  YT8A           599  599  15                     3   1869.8
160CW  31-Jan-21 20:53 0179  DC6O           599  599  14                     2   1869.8
160CW  31-Jan-21 20:54 0180  IR2D           599  599  15                     3   1869.8
160CW  31-Jan-21 20:54 0181  S51YI          599  599  15                     3   1869.8
160CW  31-Jan-21 20:54 0182  PA9M           599  599  14                     3   1869.8
160CW  31-Jan-21 20:56 0183  OG4T           599  599  15                     3   1869.8
160CW  31-Jan-21 20:57 0184  DF8AA          599  599  14                     2   1869.8
160CW  31-Jan-21 20:58 0185  G4AQG          599  599  14                     3   1869.8
160CW  31-Jan-21 20:59 0186  IZ3SQW         599  599  15                     3   1869.8
160CW  31-Jan-21 21:02 0187  LY2CX          599  599  15                     3   1869.8
160CW  31-Jan-21 21:02 0188  S53V           599  599  15                     3   1869.8
160CW  31-Jan-21 21:03 0189  OE2S           599  599  15                     3   1869.8
160CW  31-Jan-21 21:06 0190  S54X           599  599  15                     3   1869.8
160CW  31-Jan-21 21:08 0191  OE5T           599  599  15                     3   1869.8
160CW  31-Jan-21 21:09 0192  UX1UA          599  599  16                     3   1869.8
160CW  31-Jan-21 21:10 0193  LY3B           599  599  15                     3   1869.8
160CW  31-Jan-21 21:10 0194  DJ8EW          599  599  14                     2   1869.8
160CW  31-Jan-21 21:11 0195  OK1KDO         599  599  15                     3   1869.8
160CW  31-Jan-21 21:11 0196  DL3SYA         599  599  14                     2   1869.8
160CW  31-Jan-21 21:12 0197  DF7GG          599  599  14                     2   1869.8
160CW  31-Jan-21 21:26 0198  F4FFZ          599  599  14                     3   1845.9
160CW  31-Jan-21 21:28 0199  OK6W           599  599  15                     3   1856.7
160CW  31-Jan-21 21:30 0200  DM6V           599  599  14                     2   1861.2
160CW  31-Jan-21 21:30 0201  YL2VW          599  599  15                     3   1861.2
160CW  31-Jan-21 21:31 0202  EU1KY          599  599  16                     3   1861.2
160CW  31-Jan-21 21:33 0203  TM6M           599  599  14                     3   1861.2
160CW  31-Jan-21 21:35 0204  YR8D           599  599  20            YO       3   1861.2
160CW  31-Jan-21 21:37 0205  YL2AO          599  599  15                     3   1861.2
160CW  31-Jan-21 21:37 0206  DL9ZP          599  599  14                     2   1861.2
160CW  31-Jan-21 21:38 0207  S51DI          599  599  15                     3   1861.2
160CW  31-Jan-21 21:38 0208  9A2W           599  599  15                     3   1861.2
160CW  31-Jan-21 21:39 0209  DL0NG          599  599  14                     2   1861.2
160CW  31-Jan-21 21:39 0210  OL5Y           599  599  15                     3   1861.2
160CW  31-Jan-21 21:41 0211  SP5ELA         599  599  15                     3   1861.2
160CW  31-Jan-21 21:41 0212  OK1ATP         599  599  15                     3   1861.2
160CW  31-Jan-21 21:41 0213  DC3CC          599  599  14                     2   1861.2
160CW  31-Jan-21 21:43 0214  OK4X           599  599  15                     3   1861.2
160CW  31-Jan-21 21:44 0215  IK7YTT         599  599  15                     3   1861.2
160CW  31-Jan-21 21:45 0216  IK0XBX         599  599  15                     3   1861.2
160CW  31-Jan-21 21:46 0217  E74R           599  599  15                     3   1861.2
160CW  31-Jan-21 21:46 0218  IQ9UI          599  599  15            IT9      3   1861.2
160CW  31-Jan-21 21:47 0219  S53A           599  599  15                     0   1861.2
160CW  31-Jan-21 21:48 0220  OZ0B           599  599  14                     3   1861.2
160CW  31-Jan-21 21:49 0221  LY4ZZ          599  599  15                     3   1861.2
160CW  31-Jan-21 21:50 0222  DL6ON          599  599  14                     2   1861.2
160CW  31-Jan-21 21:50 0223  G0MTN          599  599  14                     3   1861.2
160CW  31-Jan-21 21:51 0224  G0BNR          599  599  14                     3   1861.2
160CW  31-Jan-21 21:51 0225  DL4JU          599  599  14                     2   1861.2
160CW  31-Jan-21 21:52 0226  DL1WA          599  599  14                     2   1861.2
160CW  31-Jan-21 21:54 0227  YL1ZF          599  599  15                     3   1861.2
160CW  31-Jan-21 21:54 0228  EA5KA          599  599  14                     3   1861.2
160CW  31-Jan-21 21:54 0229  DL4ME          599  599  14                     2   1861.2
160CW  31-Jan-21 21:55 0230  DJ2TG          599  599  14                     2   1861.2
160CW  31-Jan-21 21:56 0231  SQ9V           599  599  15                     3   1861.2
160CW  31-Jan-21 21:59 0232  DL6UAA         599  599  14                     2   1861.2
