 80CW  04-Jan-21 16:34 0001  OM4AZF         599  599  010           OM       3   3544.2
 80CW  04-Jan-21 16:35 0002  OK1IF          599  599  019           OK       3   3543.5
 80CW  04-Jan-21 16:37 0003  OK1FHI         599  599  015                    3   3542.0
 80CW  04-Jan-21 16:38 0004  OK2TJ          599  599  010                    3   3541.5
 80CW  04-Jan-21 16:39 0005  SP7LIE         599  599  016           SP       3   3541.2
 80CW  04-Jan-21 16:40 0006  OK1IBP         599  599  023                    3   3540.7
 80CW  04-Jan-21 16:41 0007  DL5YM          599  599  012           DL       2   3540.4
 80CW  04-Jan-21 16:42 0008  OK1AY          599  599  033                    3   3540.0
 80CW  04-Jan-21 16:43 0009  SP3VT          599  599  023                    3   3539.5
 80CW  04-Jan-21 16:44 0010  E77EA          599  599  022           E7       3   3539.0
 80CW  04-Jan-21 16:44 0011  OK1FMX         599  599  020                    3   3538.6
 80CW  04-Jan-21 16:45 0012  SM5IMO         599  599  015           SM       3   3538.3
 80CW  04-Jan-21 16:46 0013  OM5RW          599  599  037                    3   3538.0
 80CW  04-Jan-21 16:48 0014  OK1TN          599  599  035                    3   3537.3
 80CW  04-Jan-21 16:49 0015  OK1FGD         599  599  036                    3   3537.0
 80CW  04-Jan-21 16:52 0016  DJ3WE          599  599  028                    2   3536.5
 80CW  04-Jan-21 16:52 0017  DL4CF          599  599  037                    2   3535.9
 80CW  04-Jan-21 16:53 0018  DJ9MH          599  599  033                    2   3536.1
 80CW  04-Jan-21 16:54 0019  OM3CPF         599  599  035                    3   3535.4
 80CW  04-Jan-21 16:55 0020  HA8RJ          599  599  047           HA       3   3534.9
 80CW  04-Jan-21 16:56 0021  OK1OFM         599  599  032                    3   3533.5
 80CW  04-Jan-21 16:57 0022  OK5MM          599  599  041                    3   3533.2
 80CW  04-Jan-21 16:58 0023  SD6F           599  599  029                    3   3532.8
 80CW  04-Jan-21 16:59 0024  OK1NG          599  599  039                    3   3532.5
 80CW  04-Jan-21 17:00 0025  SO3O           599  599  049                    3   3532.0
 80CW  04-Jan-21 17:04 0026  DL1NKS         599  599  064                    2   3531.0
 80CW  04-Jan-21 17:05 0027  OK2EA          599  599  076                    3   3530.6
 80CW  04-Jan-21 17:05 0028  DK2FG          599  599  068                    2   3529.3
 80CW  04-Jan-21 17:07 0029  F5IN           599  599  048           F        3   3528.2
 80CW  04-Jan-21 17:08 0030  DL6IAK         599  599  046                    2   3528.0
 80CW  04-Jan-21 17:10 0031  OK1DWF         599  599  066                    3   3526.8
 80CW  04-Jan-21 17:10 0032  DF1MM          599  599  035                    2   3525.9
 80CW  04-Jan-21 17:11 0033  SK5A           599  599  039                    3   3525.1
 80CW  04-Jan-21 17:12 0034  DL5DBY         599  599  037                    2   3524.5
 80CW  04-Jan-21 17:13 0035  SD1A           599  599  066                    3   3524.0
 80CW  04-Jan-21 17:14 0036  DL1PAN         599  599  058                    2   3549.5
 80CW  04-Jan-21 17:15 0037  9A1AA          599  599  041           9A       3   3548.4
 80CW  04-Jan-21 17:16 0038  OK2QA          599  599  053                    3   3546.7
 80CW  04-Jan-21 17:17 0039  OK1YM          599  599  085                    3   3546.4
 80CW  04-Jan-21 17:18 0040  OK6DJ          599  599  087                    3   3546.0
 80CW  04-Jan-21 17:19 0041  OK1WSL         599  599  045                    3   3545.6
 80CW  04-Jan-21 17:20 0042  SO4P           599  599  053                    3   3544.8
 80CW  04-Jan-21 17:21 0043  9A7R           599  599  070                    3   3544.2
 80CW  04-Jan-21 17:23 0044  OK1DX          599  599  021                    3   3554.2
 80CW  04-Jan-21 17:29 0045  OE1TKW         599  599  042           OE       3   3552.5
 80CW  04-Jan-21 17:29 0046  OK2NO          599  599  085                    3   3550.2
