 40CW  01-Nov-21 16:30 0001  SN1T           599  599  001           SP       3   7030.6
 40CW  01-Nov-21 16:31 0002  HB9BXE         599  599  004           HB       3   7029.5
 40CW  01-Nov-21 16:32 0003  SD1A           599  599  005           SM       3   7036.5
 40CW  01-Nov-21 16:33 0004  SM9X           599  599  007                    3   7032.6
 40CW  01-Nov-21 16:34 0005  E77EA          599  599  005           E7       3   7028.5
 40CW  01-Nov-21 16:34 0006  HA5MA          599  599  007           HA       3   7029.1
 40CW  01-Nov-21 16:38 0007  SD6M           599  599  018                    3   7034.9
 40CW  01-Nov-21 16:41 0008  OG6B           599  599  017           OH       3   7035.3
 40CW  01-Nov-21 16:42 0009  F6GCI          599  599  004           F        3   7035.3
 40CW  01-Nov-21 16:42 0010  SE6K           599  599  011                    3   7035.3
 40CW  01-Nov-21 16:43 0011  SM5DXR         599  599  013                    3   7035.3
 40CW  01-Nov-21 16:44 0012  YU3TA          599  599  015           YU       3   7035.3
 40CW  01-Nov-21 16:46 0013  OK2EA          599  599  022           OK       3   7033.6
 40CW  01-Nov-21 16:49 0014  UT5NR          599  599  015           UR       3   7029.1
 40CW  01-Nov-21 16:49 0015  HA5OV          599  599  023                    3   7028.1
 80CW  01-Nov-21 16:51 0016  OM5B           599  599  037           OM       3   3547.3
 80CW  01-Nov-21 16:51 0017  OM5CM          599  599  024                    3   3548.0
 80CW  01-Nov-21 16:54 0018  DL6MHW         599  599  037           DL       2   3546.3
 80CW  01-Nov-21 16:55 0019  DL4ME          599  599  049                    2   3544.8
 80CW  01-Nov-21 16:56 0020  OL50DJ         599  599  002           OK       3   3544.0
 80CW  01-Nov-21 16:57 0021  OK2NAJ         599  599  032                    3   3542.6
 80CW  01-Nov-21 16:58 0022  SM9X           599  599  055           SM       3   3542.2
 80CW  01-Nov-21 17:00 0023  OK1IF          599  599  043                    3   3541.3
 80CW  01-Nov-21 17:00 0024  DD5M           599  599  054                    2   3540.8
 80CW  01-Nov-21 17:02 0025  DL1DWR         599  599  033                    2   3540.2
 80CW  01-Nov-21 17:03 0026  DL5YM          599  599  041                    2   3539.0
 80CW  01-Nov-21 17:06 0027  DL6IAK         599  599  055                    2   3537.3
 80CW  01-Nov-21 17:06 0028  OK2EA          599  599  056                    3   3536.3
 80CW  01-Nov-21 17:09 0029  SD1A           599  599  076                    3   3536.0
 80CW  01-Nov-21 17:10 0030  DL8QS          599  599  058                    2   3535.3
 80CW  01-Nov-21 17:10 0031  OK1IBP         599  599  032                    3   3534.8
 80CW  01-Nov-21 17:12 0032  DJ9KH          599  599  052                    2   3533.4
 80CW  01-Nov-21 17:15 0033  PA3DBS         599  599  048           PA       3   3532.8
 80CW  01-Nov-21 17:17 0034  OK1TN          599  599  073                    3   3532.4
 80CW  01-Nov-21 17:19 0035  DJ9SN          599  599  064                    2   3531.2
 80CW  01-Nov-21 17:23 0036  HA1YA          599  599  071           HA       3   3540.4
 80CW  01-Nov-21 17:24 0037  OK1AY          599  599  078                    3   3540.4
 80CW  01-Nov-21 17:24 0038  OM2KI          599  599  081                    3   3540.4
 80CW  01-Nov-21 17:25 0039  SN1T           599  599  109           SP       3   3540.4
 80CW  01-Nov-21 17:26 0040  OK1FRD         599  599  063                    3   3540.4
 80CW  01-Nov-21 17:27 0041  OK1VK          599  599  060                    3   3540.4
 80CW  01-Nov-21 17:28 0042  OK2PYA         599  599  083                    3   3540.4
 80CW  01-Nov-21 17:29 0043  DF4ZL          599  599  078                    2   3540.4
