 40CW  20-Mar-21 19:34 0001  UT7CR          599  599  254           UR       3   7012.9
 40CW  20-Mar-21 19:35 0002  IK1PMR         599  599  340           I        3   7012.5
 40CW  20-Mar-21 19:36 0003  YU7SD          599  599  355           YU       3   7012.0
 40CW  20-Mar-21 19:38 0004  IZ8GCB         599  599  403                    3   7011.6
 40CW  20-Mar-21 19:39 0005  OH2YL          599  599  510           OH       3   7010.6
 40CW  20-Mar-21 19:40 0006  RU3A           599  599  MA            UA       3   7010.3
 40CW  20-Mar-21 19:41 0007  IT9RBW         599  599  606           IT9      3   7009.4
 40CW  20-Mar-21 19:43 0008  EI5KF          599  599  661           EI       3   7009.0
 40CW  20-Mar-21 19:46 0009  YO3LW          599  599  427           YO       3   7008.4
 40CW  20-Mar-21 19:46 0010  UA6A           599  599  KR                     3   7008.1
 40CW  20-Mar-21 19:47 0011  RT4F           599  599  PE                     3   7007.5
 40CW  20-Mar-21 19:53 0012  OM6AL          599  599  206           OM       3   7005.5
 40CW  20-Mar-21 20:02 0013  R7QR           599  599  IN                     3   7003.5
 40CW  21-Mar-21 09:33 0014  SP5UD          599  599  342           SP       3   7002.0
 15CW  21-Mar-21 09:37 0015  RT4F           599  599  PE            UA       3  21025.5
 15CW  21-Mar-21 09:38 0016  R3TKI          599  599  NN                     3  21023.8
 15CW  21-Mar-21 09:41 0017  UT7CR          599  599  2027          UR       3  21021.7
 15CW  21-Mar-21 09:46 0018  RM9A           599  599  CB            UA9      5  21019.5
 15CW  21-Mar-21 09:47 0019  RG7M           599  599  RO                     3  21018.1
 15CW  21-Mar-21 09:56 0020  RT9A           599  599  CB                     5  21015.6
 15CW  21-Mar-21 09:59 0021  R3IO           599  599  SR                     3  21013.2
 15CW  21-Mar-21 10:02 0022  4X6FR          599  599  2284          4X       5  21012.0
 15CW  21-Mar-21 10:04 0023  RN6AT          599  599  KR                     3  21010.6
 15CW  21-Mar-21 10:06 0024  R7AW           599  599  KR                     3  21010.0
 15CW  21-Mar-21 10:09 0025  RK4W           599  599  UD                     3  21009.5
 15CW  21-Mar-21 10:12 0026  R4RN           599  599  TA                     3  21006.9
 15CW  21-Mar-21 10:14 0027  RZ4AG          599  599  VG                     3  21003.7
 15CW  21-Mar-21 10:15 0028  UA4W           599  599  UD                     3  21000.6
 15CW  21-Mar-21 10:16 0029  RW7F           599  599  ST                     3  21047.6
 15CW  21-Mar-21 10:23 0030  TA7I           599  599  567           TA       5  21039.5
 15CW  21-Mar-21 10:28 0031  RX9WN          599  599  BA                     5  21036.9
 15CW  21-Mar-21 10:30 0032  DL0DX          599  599  728           DL       2  21035.2
 15CW  21-Mar-21 10:37 0033  R1IV           599  599  KO                     3  21029.8
 15CW  21-Mar-21 10:39 0034  R8WF           599  599  BA                     5  21028.6
 15CW  21-Mar-21 11:30 0035  RW9W           599  599  BA                     5  21025.5
 15CW  21-Mar-21 11:30 0036  R4OF           599  599  KI                     3  21023.0
 15CW  21-Mar-21 11:33 0037  UA9ALE         599  599  CB                     5  21022.4
 15CW  21-Mar-21 11:34 0038  R7TW           599  599  ST                     3  21020.5
 15CW  21-Mar-21 11:35 0039  P3X            599  599  3390          5B       5  21020.1
 15CW  21-Mar-21 11:36 0040  UD8C           599  599  SV                     5  21009.1
 20CW  21-Mar-21 11:42 0041  ES4RD          599  599  712           ES       3  14021.6
 20CW  21-Mar-21 11:43 0042  RN5AA          599  599  MA            UA       3  14020.4
 20CW  21-Mar-21 11:47 0043  R3VR           599  599  VL                     3  14018.4
 20CW  21-Mar-21 11:49 0044  E7DX           599  599  3875          E7       3  14016.9
 20CW  21-Mar-21 11:50 0045  RM9A           599  599  CB            UA9      5  14015.7
 20CW  21-Mar-21 11:52 0046  ED1R           599  599  1089          EA       3  14014.0
 20CW  21-Mar-21 11:53 0047  RM1M           599  599  LO                     3  14013.7
 20CW  21-Mar-21 11:55 0048  UA9W           599  599  BA                     5  14012.2
 20CW  21-Mar-21 11:56 0049  UF5A           599  599  MA                     3  14011.8
 20CW  21-Mar-21 11:57 0050  LZ5R           599  599  4182          LZ       3  14010.5
 20CW  21-Mar-21 11:57 0051  R2AX           599  599  MA                     3  14009.3
 20CW  21-Mar-21 11:58 0052  UA4W           599  599  UD                     3  14008.5
 20CW  21-Mar-21 11:58 0053  OG4Z           599  599  804           OH       3  14007.6
