 40CW  29-May-21 10:06 0001  OL4A           599  599  742           OK       3   7010.5
 40CW  29-May-21 10:09 0002  LY2FN          599  599  167           LY       3   7025.0
 40CW  29-May-21 10:11 0003  LN8W           599  599  123           LA       3   7026.1
 10CW  29-May-21 10:18 0004  DF6JC          599  599  037           DL       2  28049.3
 10CW  29-May-21 10:19 0005  HG21TISZA      599  599  581           HA       3  28048.4
 10CW  29-May-21 10:21 0006  UT5UT          599  599  130           UR       3  28044.5
 10CW  29-May-21 10:26 0007  OH0W           599  599  1221          OH0      3  28039.6
 10CW  29-May-21 10:27 0008  LZ5R           599  599  1867          LZ       3  28038.9
 10CW  29-May-21 10:28 0009  UV5U           599  599  355                    3  28036.8
 10CW  29-May-21 10:29 0010  OK5Z           599  599  1021          OK       3  28035.0
 10CW  29-May-21 10:30 0011  YO2MKI         599  599  160           YO       3  28032.8
 10CW  29-May-21 10:32 0012  E7CW           599  599  689           E7       3  28033.2
 10CW  29-May-21 10:32 0013  UR7R           599  599  458                    3  28030.4
 10CW  29-May-21 10:33 0014  LY5XX          599  599  491           LY       3  28028.8
 10CW  29-May-21 10:34 0015  YL2QV          599  599  014           YL       3  28027.9
 10CW  29-May-21 10:36 0016  YU0T           599  599  208           YU       3  28024.8
 10CW  29-May-21 10:44 0017  UW8SM          599  599  1069                   3  28021.4
 10CW  29-May-21 10:46 0018  LY73BB         599  599  223                    3  28021.0
 10CW  29-May-21 10:47 0019  YU7EE          599  599  315                    3  28020.0
 10CW  29-May-21 10:47 0020  OL75KCR        599  599  123                    3  28018.7
 10CW  29-May-21 10:48 0021  YU1EA          599  599  179                    3  28017.3
 10CW  29-May-21 10:49 0022  EN4U           599  599  128                    3  28017.0
 10CW  29-May-21 10:51 0023  SN5N           599  599  462           SP       3  28015.3
 10CW  29-May-21 10:53 0024  OM4Q           599  599  894           OM       3  28014.6
 10CW  29-May-21 10:58 0025  LY2XW          599  599  997                    3  28011.4
 10CW  29-May-21 10:59 0026  LY7Z           599  599  1278                   3  28011.1
 10CW  29-May-21 11:01 0027  LZ9W           599  599  257                    3  28010.0
 10CW  29-May-21 11:02 0028  LZ6E           599  599  275                    3  28007.1
 10CW  29-May-21 11:04 0029  OK2QA          599  599  667                    3  28005.4
 10CW  29-May-21 11:05 0030  YL2PJ          599  599  248                    3  28002.6
 15CW  29-May-21 11:24 0031  LZ9W           599  599  432           LZ       3  21025.0
 15CW  29-May-21 11:25 0032  YT5A           599  599  370           YU       3  21024.3
 15CW  29-May-21 11:26 0033  9A5D           599  599  521           9A       3  21023.6
 15CW  29-May-21 11:26 0034  OL3Z           599  599  286           OK       3  21022.3
 15CW  29-May-21 11:30 0035  OL75KCR        599  599  200                    3  21020.0
 15CW  29-May-21 11:31 0036  LY4A           599  599  245           LY       3  21018.8
 15CW  29-May-21 11:32 0037  UW8SM          599  599  1152          UR       3  21018.6
 15CW  29-May-21 11:32 0038  YT9A           599  599  406                    3  21018.1
 15CW  29-May-21 11:34 0039  YU1UN          599  599  346                    3  21016.5
 15CW  29-May-21 11:38 0040  EO50FF         599  599  601                    3  21014.6
 15CW  29-May-21 11:40 0041  LN8W           599  599  426           LA       3  21014.0
 15CW  29-May-21 11:41 0042  SD1A           599  599  245           SM       3  21013.2
 15CW  29-May-21 11:41 0043  LZ4A           599  599  303                    3  21012.3
 15CW  29-May-21 11:45 0044  UZ2I           599  599  706                    3  21009.3
 15CW  29-May-21 11:47 0045  LY73BB         599  599  476                    3  21008.3
 15CW  29-May-21 11:49 0046  UA4M           599  599  718           UA       3  21007.1
 15CW  29-May-21 11:50 0047  UW4E           599  599  538                    3  21006.1
 15CW  29-May-21 11:51 0048  DL8KX          599  599  191           DL       2  21005.4
 15CW  29-May-21 11:52 0049  OL4A           599  599  377                    3  21003.0
 15CW  29-May-21 11:52 0050  MM9I           599  599  907           GM       3  21001.7
 15CW  29-May-21 11:53 0051  YT9W           599  599  299                    3  21001.1
 15CW  29-May-21 11:55 0052  UZ5DX          599  599  348                    3  21000.4
 15CW  29-May-21 12:05 0053  HG3IPA         599  599  168           HA       3  21065.7
 15CW  29-May-21 12:07 0054  MX4Y           599  599  029           G        3  21056.3
 15CW  29-May-21 12:08 0055  LY4G           599  599  468                    3  21048.3
 15CW  29-May-21 12:09 0056  HG1S           599  599  540                    3  21047.7
 15CW  29-May-21 12:10 0057  OG5O           599  599  430           OH       3  21046.4
 15CW  29-May-21 12:12 0058  II8K           599  599  1365          I        3  21046.7
 15CW  29-May-21 12:16 0059  SP5AUY         599  599  379           SP       3  21044.0
 15CW  29-May-21 12:17 0060  SM5COP         599  599  164                    3  21043.3
 15CW  29-May-21 12:19 0061  OZ5E           599  599  018           OZ       3  21043.0
 15CW  29-May-21 12:20 0062  OK1KKI         599  599  332                    3  21042.4
 15CW  29-May-21 12:24 0063  OM7M           599  599  255           OM       3  21040.7
 15CW  29-May-21 12:26 0064  SP1NY          599  599  780                    3  21040.1
 15CW  29-May-21 12:27 0065  UT7CR          599  599  1114                   3  21038.5
 15CW  29-May-21 12:30 0066  OY1CT          599  599  463           OY       3  21035.3
 15CW  29-May-21 12:31 0067  SN2B           599  599  1026                   3  21032.7
 15CW  29-May-21 12:32 0068  YT7X           599  599  356                    3  21033.2
 15CW  29-May-21 12:34 0069  OK1TA          599  599  067                    3  21030.0
 15CW  29-May-21 12:38 0070  LG9L           599  599  262                    3  21029.0
 15CW  29-May-21 13:19 0071  UZ1WW          599  599  309                    3  21028.8
 15CW  29-May-21 13:19 0072  HG7T           599  599  268                    3  21028.4
 15CW  29-May-21 13:20 0073  YT1T           599  599  373                    3  21027.5
 15CW  29-May-21 13:21 0074  LA7GIA         599  599  936                    3  21026.8
 15CW  29-May-21 16:35 0075  CX1AA          599  599  173           CX       5  21022.7
 15CW  29-May-21 16:41 0076  CE3CT          599  599  642           CE       5  21022.1
 15CW  29-May-21 16:55 0077  LU6OA          599  599  445           LU       5  21008.2
 15CW  29-May-21 16:57 0078  PT5T           599  599  474           PY       5  21059.1
 15CW  29-May-21 17:00 0079  TO1A           599  599  362           FY       5  21043.5
 15CW  29-May-21 17:01 0080  LZ5R           599  599  2334                   3  21041.8
 15CW  29-May-21 17:03 0081  ER1OO          599  599  234           ER       3  21035.7
 15CW  29-May-21 17:15 0082  ED8W           599  599  1372          EA8      5  21011.9
 20CW  29-May-21 17:25 0083  UC0B           599  599  1469          UA9      5  14024.7
 20CW  29-May-21 17:27 0084  RM2U           599  599  871           UA       3  14023.0
 20CW  29-May-21 17:28 0085  EC7AMY         599  599  078           EA       3  14022.6
 20CW  29-May-21 17:33 0086  BH8MDV         599  599  214           BY       5  14021.8
 20CW  29-May-21 17:36 0087  EC3A           599  599  688                    3  14020.4
 20CW  29-May-21 17:37 0088  RC9A           599  599  186                    5  14018.7
 20CW  29-May-21 17:44 0089  TC3N           599  599  683           TA       5  14018.1
 20CW  29-May-21 17:44 0090  UW2M           599  599  2274          UR       3  14017.7
 20CW  29-May-21 17:46 0091  UP0L           599  599  1720          UN       5  14016.8
 20CW  29-May-21 17:54 0092  SP9EML         599  599  029           SP       3  14013.6
 20CW  29-May-21 17:55 0093  OM5CD          599  599  877           OM       3  14012.4
 20CW  29-May-21 17:57 0094  YR8D           599  599  1519          YO       3  14011.4
 20CW  29-May-21 17:58 0095  HG21TISZA      599  599  1078          HA       3  14011.1
 20CW  29-May-21 17:59 0096  LY5R           599  599  115           LY       3  14010.8
 20CW  29-May-21 18:00 0097  UR7R           599  599  933                    3  14010.2
 20CW  29-May-21 18:01 0098  HG6N           599  599  2308                   3  14009.9
 20CW  29-May-21 18:02 0099  LY4A           599  599  891                    3  14009.6
 20CW  29-May-21 18:03 0100  LY7T           599  599  198                    3  14009.2
 20CW  29-May-21 19:08 0101  S50K           599  599  1790          S5       3  14008.5
 20CW  29-May-21 19:09 0102  YT1A           599  599  1092          YU       3  14007.4
 20CW  29-May-21 19:11 0103  S57AL          599  599  527                    3  14005.8
 20CW  29-May-21 19:12 0104  EF6B           599  599  486           EA6      3  14005.4
 20CW  29-May-21 19:14 0105  RL3A           599  599  3015                   3  14004.4
 20CW  29-May-21 19:20 0106  ED7R           599  599  1367                   3  14002.4
 20CW  29-May-21 19:20 0107  S53MM          599  599  1864                   3  14001.5
 20CW  29-May-21 19:21 0108  OE6MMD         599  599  284           OE       3  14000.1
 15CW  29-May-21 19:24 0109  PY2KJ          599  599  639                    5  21067.1
 15CW  29-May-21 19:32 0110  PP2CC          599  599  306                    5  21061.1
 15CW  29-May-21 19:34 0111  PY2RSA         599  599  270                    5  21057.0
 15CW  29-May-21 19:50 0112  LW8DQ          599  599  157                    5  21028.5
 15CW  29-May-21 20:06 0113  DM6V           599  599  624                    2  21014.9
 15CW  29-May-21 20:15 0114  LU3VED         599  599  287                    5  21011.0
 15CW  29-May-21 20:23 0115  KP2M           599  599  2135          KP2      5  21002.8
 40CW  29-May-21 20:25 0116  HA9RC          599  599  539           HA       3   7038.1
 40CW  29-May-21 20:26 0117  OL57ZW         599  599  928                    3   7037.3
 40CW  29-May-21 20:27 0118  RT4F           599  599  2030          UA       3   7036.6
 40CW  29-May-21 20:30 0119  HA8DU          599  599  461                    3   7035.8
 40CW  29-May-21 20:31 0120  MU2K           599  599  1455          GU       3   7035.6
 40CW  29-May-21 20:32 0121  SX2I           599  599  867           SV       3   7035.3
 40CW  29-May-21 20:33 0122  SD1A           599  599  473           SM       3   7034.9
 40CW  29-May-21 20:34 0123  UW8SM          599  599  2056          UR       3   7034.5
 40CW  29-May-21 20:35 0124  OS0S           599  599  333           ON       3   7034.0
 40CW  29-May-21 20:38 0125  OK7W           599  599  1237                   3   7033.5
 40CW  29-May-21 20:44 0126  IB9A           599  599  1161          IT9      3   7031.9
 40CW  29-May-21 20:45 0127  SP1NY          599  599  1341          SP       3   7031.6
160CW  29-May-21 20:48 0128  OM2XW          599  599  232           OM       3   1825.4
 80CW  29-May-21 20:50 0129  YL9T           599  599  850           YL       3   3524.6
 80CW  29-May-21 20:52 0130  DK8NT          599  599  933           DL       2   3522.0
 10CW  30-May-21 09:41 0131  OG7A           599  599  231           OH       3  28005.6
 10CW  30-May-21 09:44 0132  EA5O           599  599  252           EA       3  28003.2
 10CW  30-May-21 09:45 0133  IR2X           599  599  279           I        3  28000.9
 10CW  30-May-21 09:46 0134  EB5F           599  599  513                    3  28052.6
 10CW  30-May-21 09:49 0135  EA7A           599  599  1019                   3  28047.4
 10CW  30-May-21 09:52 0136  ED7O           599  599  400                    3  28044.5
 10CW  30-May-21 09:53 0137  IT9VDQ         599  599  689           IT9      3  28042.1
 10CW  30-May-21 09:55 0138  IQ8SN          599  599  2959                   3  28029.0
 10CW  30-May-21 10:02 0139  EE5H           599  599  496                    3  28018.8
 10CW  30-May-21 10:46 0140  EF1A           599  599  577                    3  28010.1
 10CW  30-May-21 10:47 0141  HA6PX          599  599  032                    3  28008.7
 10CW  30-May-21 10:48 0142  HG7T           599  599  186                    3  28007.1
 10CW  30-May-21 10:56 0143  EA3OH          599  599  176                    3  28004.0
 10CW  30-May-21 11:05 0144  EA3NO          599  599  180                    3  28049.5
 10CW  30-May-21 11:06 0145  YU5W           599  599  479                    3  28046.2
 10CW  30-May-21 11:09 0146  EA3AR          599  599  458                    3  28032.1
 10CW  30-May-21 11:10 0147  EA3AKA         599  599  638                    3  28031.5
 10CW  30-May-21 11:13 0148  OM7JG          599  599  1778                   3  28021.5
 10CW  30-May-21 11:14 0149  EA1URA         599  599  362                    3  28019.5
 10CW  30-May-21 11:25 0150  II8K           599  599  3376                   3  28017.7
 10CW  30-May-21 11:25 0151  YT5A           599  599  601                    3  28016.1
 10CW  30-May-21 11:27 0152  EA4M           599  599  281                    3  28013.1
 10CW  30-May-21 11:29 0153  IB3N           599  599  1445                   3  28010.7
 10CW  30-May-21 11:33 0154  EA7Q           599  599  315                    3  28020.1
 10CW  30-May-21 11:33 0155  9A4WY          599  599  228           9A       3  28026.6
 10CW  30-May-21 11:35 0156  IK2SND         599  599  182                    3  28029.8
 10CW  30-May-21 11:38 0157  9A10FF         599  599  289                    3  28042.4
 10CW  30-May-21 11:38 0158  DF5EG          599  599  794                    2  28042.4
 10CW  30-May-21 11:41 0159  IO3X           599  599  366                    3  28050.1
 10CW  30-May-21 11:43 0160  E7AA           599  599  619                    3  28041.1
 10CW  30-May-21 11:46 0161  S50U           599  599  690           S5       3  28036.1
 10CW  30-May-21 11:48 0162  E70T           599  599  781                    3  28035.5
 10CW  30-May-21 12:03 0163  ED7A           599  599  2732                   3  28031.1
 10CW  30-May-21 12:11 0164  EA4BAS         599  599  292                    3  28030.1
 10CW  30-May-21 12:14 0165  LZ125LAZ       599  599  237                    3  28019.1
 10CW  30-May-21 12:16 0166  SN0W           599  599  094                    3  28011.1
 10CW  30-May-21 12:18 0167  DB0DH          599  599  262                    2  28005.1
 15CW  30-May-21 12:21 0168  IK4VET         599  599  455                    3  21024.6
 15CW  30-May-21 12:23 0169  OM5DX          599  599  347                    3  21022.3
 15CW  30-May-21 12:25 0170  S51TA          599  599  256           S5       3  21021.8
 15CW  30-May-21 12:32 0171  9H6A           599  599  267           9H       3  21019.0
 15CW  30-May-21 12:33 0172  SP8R           599  599  3330                   3  21017.4
 15CW  30-May-21 12:35 0173  HA2KMR         599  599  1535                   3  21014.3
 15CW  30-May-21 12:36 0174  EN4U           599  599  294                    3  21012.7
 15CW  30-May-21 12:37 0175  S59AA          599  599  1130                   3  21011.8
 15CW  30-May-21 12:38 0176  I1WQR          599  599  365                    3  21012.0
 15CW  30-May-21 12:39 0177  II2S           599  599  2625                   3  21011.5
 15CW  30-May-21 12:43 0178  OM8FR          599  599  297                    3  21007.5
 15CW  30-May-21 12:44 0179  IR2C           599  599  1306                   3  21007.1
 15CW  30-May-21 12:45 0180  S56M           599  599  1288                   3  21006.0
 15CW  30-May-21 12:47 0181  HG6N           599  599  3842                   3  21001.0
 15CW  30-May-21 16:00 0182  EB7A           599  599  3041          EA       3  21033.5
 15CW  30-May-21 16:01 0183  IB9T           599  599  1400          IT9      3  21034.0
 15CW  30-May-21 16:04 0184  EC3A           599  599  1575                   3  21013.7
 15CW  30-May-21 16:06 0185  EA2KV          599  599  776                    3  21010.0
 10CW  30-May-21 16:10 0186  EA5L           599  599  259                    3  28028.1
 20CW  30-May-21 16:13 0187  EA4IE          599  599  248                    3  14024.8
 20CW  30-May-21 16:16 0188  US8IM          599  599  853                    3  14023.6
 20CW  30-May-21 16:17 0189  HG3R           599  599  2295                   3  14023.2
 20CW  30-May-21 16:23 0190  HA7A           599  599  406                    3  14021.1
 20CW  30-May-21 16:24 0191  OM8CW          599  599  1993                   3  14020.3
 20CW  30-May-21 16:28 0192  YT4W           599  599  2127                   3  14020.1
 20CW  30-May-21 16:29 0193  EF8R           599  599  3118          EA8      5  14019.5
 20CW  30-May-21 16:29 0194  ED1R           599  599  1961                   3  14019.0
 20CW  30-May-21 16:30 0195  IK1PMR         599  599  1394          I        3  14018.8
 20CW  30-May-21 16:32 0196  LZ1YE          599  599  1419          LZ       3  14018.0
 20CW  30-May-21 16:32 0197  UA4M           599  599  2808                   3  14017.3
 20CW  30-May-21 16:33 0198  UX7IW          599  599  1047                   3  14017.0
 20CW  30-May-21 16:34 0199  YL2HR          599  599  1067          YL       3  14016.6
 20CW  30-May-21 16:35 0200  IO1T           599  599  1803                   3  14016.2
 20CW  30-May-21 16:41 0201  JH7XGN         599  599  1153          JA       5  14067.2
 20CW  30-May-21 16:42 0202  UA6G           599  599  105                    3  14065.3
 20CW  30-May-21 16:44 0203  RT4F           599  599  3245                   3  14064.5
 20CW  30-May-21 16:47 0204  HG1A           599  599  2224                   3  14061.5
 20CW  30-May-21 16:48 0205  F4HMX          599  599  710           F        3  14060.9
 20CW  30-May-21 16:56 0206  LY5E           599  599  2691                   3  14056.4
 20CW  30-May-21 16:58 0207  YL3CW          599  599  1232                   3  14055.9
 20CW  30-May-21 16:58 0208  HG3N           599  599  1841                   3  14054.8
 20CW  30-May-21 16:59 0209  RA3TT          599  599  302                    3  14053.6
 20CW  30-May-21 17:00 0210  R7CD           599  599  686                    3  14052.5
 20CW  30-May-21 17:01 0211  E7CW           599  599  2269          E7       3  14051.4
 20CW  30-May-21 17:02 0212  UA0AGI         599  599  1568                   5  14049.2
 20CW  30-May-21 17:03 0213  ES9C           599  599  5486          ES       3  14048.5
 20CW  30-May-21 17:04 0214  SZ1A           599  599  2700          SV       3  14048.2
 20CW  30-May-21 17:06 0215  YT0Z           599  599  2661                   3  14046.9
 20CW  30-May-21 17:08 0216  R8CT           599  599  2157                   5  14045.9
 20CW  30-May-21 17:24 0217  BY8DX          599  599  1808                   5  14045.5
 20CW  30-May-21 17:26 0218  YT1T           599  599  1248                   3  14043.4
 20CW  30-May-21 17:37 0219  SP8R           599  599  3688                   3  14043.5
 20CW  30-May-21 18:20 0220  S57K           599  599  2582                   3  14042.8
 20CW  30-May-21 18:21 0221  LZ9W           599  599  2727                   3  14041.0
 20CW  30-May-21 18:22 0222  9A3YT          599  599  033           9A       3  14040.2
 20CW  30-May-21 18:23 0223  HG0Y           599  599  2032                   3  14038.9
 20CW  30-May-21 18:24 0224  HA8DU          599  599  1148                   3  14038.0
 20CW  30-May-21 18:26 0225  IZ8XXE         599  599  049                    3  14037.5
 20CW  30-May-21 18:32 0226  YU5M           599  599  1507                   3  14033.0
 20CW  30-May-21 18:34 0227  II2S           599  599  3022                   3  14031.7
 20CW  30-May-21 18:34 0228  YT5A           599  599  2821                   3  14030.6
 20CW  30-May-21 18:35 0229  YT3X           599  599  2731                   3  14029.4
 20CW  30-May-21 18:44 0230  A71BX          599  599  1211          A7       5  14028.7
 20CW  30-May-21 18:45 0231  S56A           599  599  1019                   3  14027.8
 20CW  30-May-21 18:48 0232  HG5D           599  599  2063                   3  14024.6
 20CW  30-May-21 18:49 0233  IZ8GCB         599  599  1074                   3  14023.7
 20CW  30-May-21 18:56 0234  9H6A           599  599  1254          9H       3  14019.5
 20CW  30-May-21 18:57 0235  IZ2DII         599  599  1105                   3  14017.0
 20CW  30-May-21 18:59 0236  OM8A           599  599  1883                   3  14013.0
 20CW  30-May-21 19:02 0237  S52C           599  599  2712                   3  14011.2
 20CW  30-May-21 19:05 0238  P3X            599  599  4245          5B       5  14009.8
 20CW  30-May-21 19:10 0239  IO3F           599  599  797                    3  14008.0
 15CW  30-May-21 19:15 0240  I5MXX          599  599  665                    3  21040.3
 15CW  30-May-21 19:32 0241  4Z4AK          599  599  1447          4X       5  21016.5
 15CW  30-May-21 19:35 0242  IK6VXO         599  599  879                    3  21013.2
 40CW  30-May-21 19:42 0243  YL5W           599  599  748           YL       3   7044.0
 40CW  30-May-21 19:43 0244  OG3B           599  599  1602          OH       3   7043.7
 40CW  30-May-21 19:44 0245  UT5IA          599  599  1151                   3   7043.2
 40CW  30-May-21 19:46 0246  R8CT           599  599  2354          UA9      5   7041.8
 40CW  30-May-21 19:48 0247  HA6OI          599  599  588                    3   7040.8
 40CW  30-May-21 19:49 0248  OM7RU          599  599  2009          OM       3   7041.0
 40CW  30-May-21 19:50 0249  F4HMX          599  599  805           F        3   7038.8
 40CW  30-May-21 19:50 0250  SP5AUC         599  599  1598                   3   7037.8
 40CW  30-May-21 19:52 0251  IQ1NO          599  599  501           I        3   7036.3
 40CW  30-May-21 19:52 0252  LY5E           599  599  2903                   3   7035.2
 40CW  30-May-21 19:55 0253  UR7R           599  599  1353                   3   7033.9
 40CW  30-May-21 20:18 0254  HG8A           599  599  3929                   3   7032.2
 40CW  30-May-21 20:19 0255  EA7A           599  599  1535          EA8      5   7031.6
 40CW  30-May-21 20:20 0256  LZ5R           599  599  4496          LZ       3   7030.9
 40CW  30-May-21 20:23 0257  OK2EA          599  599  1314                   3   7030.3
 40CW  30-May-21 20:25 0258  OK1Z           599  599  1630                   3   7029.4
 40CW  30-May-21 20:29 0259  LA0CX          599  599  816                    3   7028.5
 40CW  30-May-21 20:30 0260  ED7A           599  599  3419          EA       3   7028.0
 40CW  30-May-21 20:32 0261  S58M           599  599  2195          S5       3   7027.4
 40CW  30-May-21 20:34 0262  UP2L           599  599  2576          UN       5   7027.1
 40CW  30-May-21 20:36 0263  RZ9A           599  599  2123                   5   7026.0
 40CW  30-May-21 20:37 0264  F6GPT          599  599  179                    3   7025.0
 40CW  30-May-21 20:38 0265  IO1T           599  599  1704                   3   7024.0
 40CW  30-May-21 20:39 0266  SN7F           599  599  641                    3   7023.5
 40CW  30-May-21 20:40 0267  IK0YVV         599  599  1264                   3   7023.2
 40CW  30-May-21 20:41 0268  YL3FT          599  599  1799                   3   7021.9
 40CW  30-May-21 20:41 0269  UC1A           599  599  1055                   3   7021.5
 40CW  30-May-21 20:42 0270  EI0W           599  599  732           EI       3   7021.1
 40CW  30-May-21 20:43 0271  IK1PMR         599  599  1679                   3   7020.6
 40CW  30-May-21 20:45 0272  4L8A           599  599  1596          4L       5   7018.1
 40CW  30-May-21 20:47 0273  OM8AA          599  599  903                    3   7017.3
 40CW  30-May-21 20:47 0274  OM5WW          599  599  1425                   3   7016.7
 40CW  30-May-21 20:48 0275  S52C           599  599  2846                   3   7016.1
 40CW  30-May-21 20:51 0276  F8DGY          599  599  2033                   3   7014.8
 40CW  30-May-21 20:53 0277  RT9A           599  599  2837                   5   7014.6
 40CW  30-May-21 20:54 0278  UC0B           599  599  1601                   5   7014.0
 40CW  30-May-21 20:58 0279  9A5Y           599  599  2264          9A       3   7011.3
160CW  30-May-21 21:10 0280  DK3WM          599  599  583           DL       2   1839.5
160CW  30-May-21 21:13 0281  OK6Y           599  599  483           OK       3   1838.3
160CW  30-May-21 21:14 0282  OQ5M           599  599  3057          ON       3   1836.9
160CW  30-May-21 21:15 0283  LY4L           599  599  2634          LY       3   1836.2
160CW  30-May-21 21:19 0284  DR5X           599  599  566                    2   1832.5
160CW  30-May-21 21:19 0285  SK3W           599  599  469           SM       3   1831.2
160CW  30-May-21 21:20 0286  DA0BCC         599  599  2384                   2   1829.7
160CW  30-May-21 21:20 0287  SE0X           599  599  431                    3   1829.2
160CW  30-May-21 21:21 0288  LN8W           599  599  374           LA       3   1828.7
160CW  30-May-21 21:23 0289  OH0W           599  599  4288          OH0      3   1828.3
160CW  30-May-21 21:24 0290  YT5A           599  599  481           YU       3   1825.0
160CW  30-May-21 21:27 0291  OL70DG         599  599  2124                   3   1822.5
160CW  30-May-21 21:30 0292  LY7Z           599  599  3432                   3   1815.3
 80CW  30-May-21 21:31 0293  EW1M           599  599  278           EU       3   3525.0
 80CW  30-May-21 21:31 0294  DL4YR          599  599  882                    2   3524.3
 80CW  30-May-21 21:32 0295  HA1TJ          599  599  1118          HA       3   3523.6
 80CW  30-May-21 21:33 0296  OL1C           599  599  2815          OK       3   3521.9
 80CW  30-May-21 21:34 0297  UR7R           599  599  1349          UR       3   3521.4
 80CW  30-May-21 21:37 0298  HG8A           599  599  4023                   3   3520.5
 80CW  30-May-21 21:38 0299  SP3HRN         599  599  177           SP       3   3520.0
 80CW  30-May-21 21:39 0300  DG7EE          599  599  929                    2   3519.6
 80CW  30-May-21 21:39 0301  ON6NL          599  599  1611          ON       3   3519.3
 80CW  30-May-21 21:40 0302  S52C           599  599  2893          S5       3   3519.0
