160CW  20-Nov-21 20:28 0001  MM2N           599  599  111GS         GM       3   1836.2
160CW  20-Nov-21 20:30 0002  OM2XW          599  599  092           OM       3   1834.2
160CW  20-Nov-21 20:35 0003  GM3X           599  599  138KW                  3   1832.9
160CW  20-Nov-21 20:36 0004  G3P            599  599  113RG         G        3   1832.4
160CW  20-Nov-21 20:45 0005  G4CZB          599  599  091NN                  3   1830.0
160CW  20-Nov-21 20:47 0006  F5PYJ          599  599  44            F        3   1829.5
160CW  20-Nov-21 20:51 0007  OK1DWF         599  599  062           OK       3   1827.3
160CW  20-Nov-21 20:52 0008  M7W            599  599  148NG                  3   1826.8
160CW  20-Nov-21 20:53 0009  HG1G           599  599  121           HA       3   1826.0
160CW  20-Nov-21 20:54 0010  EI1E           599  599  104           EI       3   1825.7
160CW  20-Nov-21 20:56 0011  G3U            599  599  149WA                  3   1824.7
160CW  20-Nov-21 20:57 0012  OE8TED         599  599  178VL         OE       3   1824.1
160CW  20-Nov-21 20:59 0013  TM5EE          599  599  81                     3   1822.8
160CW  20-Nov-21 21:00 0014  G3BJ           599  599  075SY                  3   1822.3
160CW  20-Nov-21 21:01 0015  HA3DX          599  599  192                    3   1822.0
160CW  20-Nov-21 21:03 0016  G3SJJ          599  599  134NO                  3   1821.1
160CW  20-Nov-21 21:03 0017  OZ0B           599  599  095           OZ       3   1820.5
160CW  20-Nov-21 21:05 0018  G3VYI          599  599  118GU                  3   1819.5
160CW  20-Nov-21 21:16 0019  GM4AFF         599  599  161DD                  3   1820.0
160CW  20-Nov-21 21:17 0020  OE1TKW         599  599  110WC                  3   1817.1
160CW  20-Nov-21 21:18 0021  G4ARI          599  599  080LE                  3   1816.0
160CW  20-Nov-21 21:21 0022  SM3PZG         599  599  100           SM       3   1815.4
160CW  20-Nov-21 21:23 0023  F5KMB          599  599  60                     3   1815.0
160CW  20-Nov-21 21:23 0024  OE5CSP         599  599  099GM                  3   1814.2
160CW  20-Nov-21 21:25 0025  G4KIV          599  599  087YO                  3   1812.5
160CW  20-Nov-21 21:29 0026  OE6MMD         599  599  147GU                  3   1812.0
160CW  20-Nov-21 21:36 0027  LY2SA          599  599  115           LY       3   1837.5
160CW  20-Nov-21 21:42 0028  LY7M           599  599  164                    3   1833.0
160CW  20-Nov-21 21:44 0029  G3RLE          599  599  101OL                  3   1832.7
160CW  20-Nov-21 21:48 0030  EI6JK          599  599  66                     3   1830.8
160CW  20-Nov-21 21:53 0031  F5IN           599  599  45                     3   1828.8
160CW  20-Nov-21 21:54 0032  G4LPP          599  599  131NK                  3   1827.3
160CW  20-Nov-21 21:58 0033  OK5M           599  599  123                    3   1826.3
