 80CW  05-Jul-21 19:14 0001  G3XTT          599  599  024           G        3   3537.3
 80CW  05-Jul-21 19:17 0002  G0LHZ          599  599  019                    3   3536.7
 80CW  05-Jul-21 19:19 0003  G8A            599  599  030                    3   3536.0
 80CW  05-Jul-21 19:21 0004  G4EBK          599  599  032                    3   3535.5
 80CW  05-Jul-21 19:22 0005  M6O            599  599  027                    3   3535.1
 80CW  05-Jul-21 19:22 0006  M2A            599  599  045                    3   3534.5
 80CW  05-Jul-21 19:24 0007  G4BYE          599  599  017                    3   3534.0
 80CW  05-Jul-21 19:25 0008  G3OLB          599  599  047                    3   3533.3
 80CW  05-Jul-21 19:34 0009  G3TKF          599  599  065                    3   3532.6
 80CW  05-Jul-21 19:34 0010  G0LZL          599  599  057                    3   3532.0
 80CW  05-Jul-21 19:35 0011  G4FNL          599  599  080                    3   3531.4
 80CW  05-Jul-21 19:36 0012  GW9J           599  599  054           GW       3   3530.8
 80CW  05-Jul-21 19:38 0013  G4ARI          599  599  079                    3   3530.3
 80CW  05-Jul-21 19:40 0014  M3X            599  599  031                    3   3529.5
 80CW  05-Jul-21 19:40 0015  M4J            599  599  070                    3   3529.2
 80CW  05-Jul-21 19:42 0016  G3WRJ          599  599  053                    3   3528.7
 80CW  05-Jul-21 19:43 0017  G3BA           599  599  089                    3   3528.3
 80CW  05-Jul-21 19:44 0018  G0MDR          599  599  049                    3   3527.9
 80CW  05-Jul-21 19:45 0019  G4PIQ          599  599  100                    3   3527.6
 80CW  05-Jul-21 19:48 0020  G5LP           599  599  041                    3   3527.2
 80CW  05-Jul-21 19:49 0021  M1X            599  599  105                    3   3526.1
 80CW  05-Jul-21 19:51 0022  G3RXP          599  599  092                    3   3525.7
 80CW  05-Jul-21 19:54 0023  M3M            599  599  048                    3   3525.1
 80CW  05-Jul-21 19:55 0024  GM3YEH         599  599  077           GM       3   3524.7
 80CW  05-Jul-21 19:56 0025  GW5P           599  599  080                    3   3524.3
 80CW  05-Jul-21 19:57 0026  GM0WED         599  599  065                    3   3523.8
 80CW  05-Jul-21 20:00 0027  M0UNN          599  599  094                    3   3522.9
 80CW  05-Jul-21 20:02 0028  G3WVG          599  599  127                    3   3522.2
 80CW  05-Jul-21 20:03 0029  G4SGX          599  599  104                    3   3521.6
 80CW  05-Jul-21 20:04 0030  G6M            599  599  120                    3   3519.2
 80CW  05-Jul-21 20:06 0031  G0ORY          599  599  114                    3   3518.5
 80CW  05-Jul-21 20:07 0032  G3VPW          599  599  108                    3   3518.0
 80CW  05-Jul-21 20:12 0033  GW6XX          599  599  160                    3   3516.8
 80CW  05-Jul-21 20:13 0034  G4BVY          599  599  116                    3   3516.5
 80CW  05-Jul-21 20:14 0035  G4RCD          599  599  110                    3   3516.1
 80CW  05-Jul-21 20:15 0036  G3TBK          599  599  150                    3   3515.0
 80CW  05-Jul-21 20:17 0037  G3MXH          599  599  112                    3   3513.7
 80CW  05-Jul-21 20:19 0038  G3WZD          599  599  039                    3   3566.0
 80CW  05-Jul-21 20:21 0039  M0ITD          599  599  040                    3   3561.5
 80CW  05-Jul-21 20:23 0040  G4OTV          599  599  063                    3   3557.1
 80CW  05-Jul-21 20:24 0041  M0RPK          599  599  141                    3   3555.6
 80CW  05-Jul-21 20:26 0042  M2D            599  599  097                    3   3554.8
 80CW  05-Jul-21 20:27 0043  G0OOD          599  599  086                    3   3554.3
 80CW  05-Jul-21 20:28 0044  MW6M           599  599  100                    3   3553.8
 80CW  05-Jul-21 20:29 0045  G3VCA          599  599  105                    3   3552.0
