 80CW  01-May-21 19:16 0001  9A3B           599  599  335           9A       3   3538.2
 80CW  01-May-21 19:19 0002  IO3A           599  599  UD            I        3   3536.8
 80CW  01-May-21 19:19 0003  RZ9L           599  599  241           UA9      5   3535.8
 80CW  01-May-21 19:23 0004  LY8A           599  599  099           LY       3   3534.0
 80CW  01-May-21 19:23 0005  LY5ZBC         599  599  209                    3   3531.7
 20CW  01-May-21 19:31 0006  II8M           599  599  RC            I        3  14036.5
 20CW  01-May-21 19:35 0007  PY4HO          599  599  057           PY       5  14031.5
 40CW  01-May-21 19:38 0008  OL6D           599  599  103           OK       3   7010.0
 40CW  01-May-21 19:39 0009  IR1Q           599  599  SV            I        3   7009.3
 40CW  01-May-21 19:40 0010  IK2UEX         599  599  MI                     3   7008.9
 40CW  01-May-21 19:41 0011  SQ2HEB         599  599  176           SP       3   7008.2
 40CW  01-May-21 19:44 0012  IQ4FE          599  599  PR                     3   7006.3
 40CW  01-May-21 19:45 0013  RA3M           599  599  505           UA       3   7005.8
 40CW  01-May-21 19:48 0014  IT9VJO         599  599  ME            IT9      3   7003.6
 40CW  02-May-21 09:10 0015  DL5YM          599  599  151           DL       2   7012.8
 40CW  02-May-21 09:11 0016  I2VXJ          599  599  MI                     3   7022.7
 40CW  02-May-21 09:12 0017  I2CZQ          599  599  BS                     3   7021.6
 40CW  02-May-21 09:17 0018  F5IN           599  599  769           F        3   7014.4
 40CW  02-May-21 09:18 0019  SP1C           599  599  566                    3   7011.7
 15CW  02-May-21 09:20 0020  IO9A           599  599  ME            IT9      3  21030.1
 15CW  02-May-21 09:27 0021  YL5W           599  599  650           YL       3  21033.5
 15CW  02-May-21 09:28 0022  IT9RZU         599  599  PA                     3  21025.1
 15CW  02-May-21 09:32 0023  IT9RGY         599  599  PA                     3  21017.5
 20CW  02-May-21 09:46 0024  IK0YUT         599  599  PG                     3  14040.3
 20CW  02-May-21 09:48 0025  IK5OJB         599  599  PO                     3  14040.5
 20CW  02-May-21 09:49 0026  UT5NR          599  599  315           UR       3  14039.5
 20CW  02-May-21 09:50 0027  LY2PX          599  599  550           LY       3  14039.0
 20CW  02-May-21 09:51 0028  EA7Q           599  599  561           EA       3  14038.9
 20CW  02-May-21 09:53 0029  RT5P           599  599  341           UA       3  14037.5
 20CW  02-May-21 09:54 0030  LA3MHA         599  599  516           LA       3  14037.0
 20CW  02-May-21 09:56 0031  YL7X           599  599  1354          YL       3  14036.5
 20CW  02-May-21 09:58 0032  IK0XFD         599  599  RM                     3  14035.1
 20CW  02-May-21 09:59 0033  EW1M           599  599  564           EU       3  14034.2
 20CW  02-May-21 10:00 0034  IK6MNB         599  599  PE                     3  14031.9
 20CW  02-May-21 10:01 0035  YL7A           599  599  966                    3  14030.6
 20CW  02-May-21 10:02 0036  YT7KM          599  599  069           YU       3  14029.2
 20CW  02-May-21 10:04 0037  CR6K           599  599  677           CT       3  14028.8
 20CW  02-May-21 10:53 0038  IZ8VYU         599  599  CB                     3  14028.0
 20CW  02-May-21 10:54 0039  RL5A           599  599  417                    3  14027.1
 20CW  02-May-21 10:59 0040  IZ8GCB         599  599  CE                     3  14026.5
 20CW  02-May-21 11:08 0041  OH2KW          599  599  848           OH       3  14025.7
 20CW  02-May-21 11:10 0042  SF0A           599  599  454           SM       3  14020.3
 20CW  02-May-21 11:13 0043  YL3FT          599  599  080                    3  14019.3
 20CW  02-May-21 11:14 0044  EA1TL          599  599  939                    3  14018.3
 20CW  02-May-21 11:14 0045  OG4A           599  599  791                    3  14017.4
 20CW  02-May-21 11:15 0046  RA3M           599  599  1102                   3  14016.0
 20CW  02-May-21 11:16 0047  YQ6A           599  599  1277          YO       3  14015.0
 20CW  02-May-21 11:17 0048  YT1A           599  599  828                    3  14014.5
 20CW  02-May-21 11:19 0049  LZ5R           599  599  1866          LZ       3  14013.5
 20CW  02-May-21 11:20 0050  SM2M           599  599  1236                   3  14012.7
 20CW  02-May-21 11:22 0051  YU5R           599  599  778                    3  14010.8
 20CW  02-May-21 11:23 0052  DL1EKO         599  599  335           DL       2  14009.7
