 80CW  06-Dec-21 16:52 0001  OM3CPF         599  599  033           OM       3   3546.8
 80CW  06-Dec-21 16:52 0002  DL4ME          599  599  047           DL       2   3545.9
 80CW  06-Dec-21 16:54 0003  SP6CES         599  599  038           SP       3   3544.7
 80CW  06-Dec-21 16:55 0004  SM9X           599  599  029           SM       3   3543.8
 80CW  06-Dec-21 16:55 0005  OK2QA          599  599  021           OK       3   3543.4
 80CW  06-Dec-21 16:56 0006  OK1IF          599  599  049                    3   3542.5
 80CW  06-Dec-21 16:57 0007  OK1MSL         599  599  038                    3   3541.3
 80CW  06-Dec-21 16:58 0008  OK2NAJ         599  599  034                    3   3540.6
 80CW  06-Dec-21 16:59 0009  OK1FHI         599  599  041                    3   3540.2
 80CW  06-Dec-21 16:59 0010  OK1IBP         599  599  056                    3   3539.5
 80CW  06-Dec-21 17:01 0011  DL5YM          599  599  047                    2   3539.1
 80CW  06-Dec-21 17:01 0012  DD5M           599  599  048                    2   3538.7
 80CW  06-Dec-21 17:02 0013  OK2PYA         599  599  058                    3   3538.0
 80CW  06-Dec-21 17:03 0014  OK2EA          599  599  059                    3   3537.5
 80CW  06-Dec-21 17:03 0015  OK2NO          599  599  057                    3   3537.2
 80CW  06-Dec-21 17:04 0016  SN1T           599  599  041                    3   3536.8
 80CW  06-Dec-21 17:06 0017  OK1RR          599  599  069                    3   3534.2
 80CW  06-Dec-21 17:07 0018  OK1FCJ         599  599  069                    3   3533.3
 80CW  06-Dec-21 17:09 0019  DL1NKS         599  599  067                    2   3533.0
 80CW  06-Dec-21 17:10 0020  OK2CQR         599  599  013                    3   3532.7
 80CW  06-Dec-21 17:11 0021  OK1AY          599  599  073                    3   3532.3
 80CW  06-Dec-21 17:11 0022  E77EA          599  599  074           E7       3   3531.0
