 10CW  11-Dec-21 10:57 0001  IT9YVO         599  599  192           IT9      3  28030.0
 10CW  11-Dec-21 10:57 0002  IS0/OM3RM      599  599  170           IS       3  28029.0
 10CW  11-Dec-21 10:58 0003  S57O           599  599  208           S5       3  28027.5
 10CW  11-Dec-21 10:59 0004  YT8A           599  599  185           YU       3  28026.5
 10CW  11-Dec-21 11:00 0005  S56A           599  599  062                    3  28025.1
 10CW  11-Dec-21 11:00 0006  9A5D           599  599  239           9A       3  28024.5
 10CW  11-Dec-21 11:06 0007  IV3SKB         599  599  175           I        3  28015.8
 10CW  11-Dec-21 11:09 0008  LZ5R           599  599  367           LZ       3  28010.6
 10CW  11-Dec-21 11:10 0009  YL7X           599  599  137           YL       3  28008.1
 10CW  11-Dec-21 11:13 0010  S52GP          599  599  056                    3  28032.0
 10CW  11-Dec-21 11:14 0011  S57Q           599  599  216                    3  28027.5
 10CW  11-Dec-21 11:18 0012  9A5Y           599  599  250                    3  28018.5
 10CW  11-Dec-21 11:48 0013  OG1XMAS        599  599  019           OH       3  28024.7
 10CW  11-Dec-21 11:51 0014  OH6QU          599  599  101                    3  28023.0
 10CW  11-Dec-21 11:52 0015  IZ3NYG         599  599  013                    3  28018.0
 10CW  11-Dec-21 11:53 0016  EA5XA          599  599  015           EA       3  28018.0
 10CW  11-Dec-21 12:13 0017  SM2M           599  599  038           SM       3  28021.5
 10CW  11-Dec-21 13:23 0018  DL1REM         599  599  036           DL       2  28009.5
 10CW  11-Dec-21 13:28 0019  DL5AXX         599  599  070                    2  28020.5
 10CW  11-Dec-21 13:49 0020  DK5QN          599  599  051                    2  28047.4
 10CW  12-Dec-21 13:30 0021  DJ5MO          599  599  061                    2  28011.3
 10CW  12-Dec-21 13:34 0022  DL9EE          599  599  179                    2  28020.4
 10CW  12-Dec-21 14:06 0023  DL3ASM         599  599  049                    2  28031.5
 10CW  12-Dec-21 14:22 0024  DL2ARD         599  599  600                    2  28036.1
