 40CW  11-Oct-21 16:31 0001  SM6M           599  599  004           SM       3   7035.9
 40CW  11-Oct-21 16:31 0002  SD1A           599  599  006                    3   7035.5
 40CW  11-Oct-21 16:33 0003  EA3X           599  599  004           EA       3   7034.5
 40CW  11-Oct-21 16:33 0004  SM5ACQ         599  599  008                    3   7034.0
 40CW  11-Oct-21 16:34 0005  SN1T           599  599  010           SP       3   7033.5
 40CW  11-Oct-21 16:34 0006  OK1DOR         599  599  007           OK       3   7033.1
 40CW  11-Oct-21 16:35 0007  UT5NR          599  599  008           UR       3   7032.7
 40CW  11-Oct-21 16:37 0008  YT5M           599  599  010           YU       3   7032.0
 40CW  11-Oct-21 16:38 0009  SO3O           599  599  016                    3   7031.2
 40CW  11-Oct-21 16:38 0010  HA5OV          599  599  015           HA       3   7031.4
 40CW  11-Oct-21 16:39 0011  DM5I           599  599  017           DL       2   7030.6
 40CW  11-Oct-21 16:40 0012  E77EA          599  599  020           E7       3   7030.0
 40CW  11-Oct-21 16:43 0013  DK2FG          599  599  025                    2   7028.8
 40CW  11-Oct-21 16:44 0014  DL8QS          599  599  024                    2   7028.4
 40CW  11-Oct-21 16:46 0015  SM5CSS         599  599  028                    3   7028.1
 40CW  11-Oct-21 16:46 0016  SD6F           599  599  033                    3   7027.9
 40CW  11-Oct-21 16:50 0017  EI1BH          599  599  020           EI       3   7026.9
 40CW  11-Oct-21 16:54 0018  SP3CW          599  599  021                    3   7031.5
 40CW  11-Oct-21 16:55 0019  HB9BXE         599  599  052           HB       3   7031.5
 40CW  11-Oct-21 16:55 0020  OK5MM          599  599  048                    3   7031.5
 40CW  11-Oct-21 16:56 0021  OM3ZU          599  599  025           OM       3   7031.5
 40CW  11-Oct-21 16:56 0022  IN3FHE         599  599  026           I        3   7031.5
 40CW  11-Oct-21 16:57 0023  SM0OEK         599  599  046                    3   7031.5
 40CW  11-Oct-21 16:58 0024  OK2SLS         599  599  014                    3   7031.5
 40CW  11-Oct-21 16:59 0025  SM5IMO         599  599  048                    3   7031.5
 40CW  11-Oct-21 17:00 0026  RX3QNE         599  599  037           UA       3   7031.5
 40CW  11-Oct-21 17:01 0027  OK1HDU         599  599  025                    3   7031.5
 40CW  11-Oct-21 17:01 0028  SE6K           599  599  023                    3   7031.5
 40CW  11-Oct-21 17:02 0029  OG6B           599  599  045           OH       3   7031.5
 80CW  11-Oct-21 17:05 0030  OK1FKD         599  599  028           OK       3   3549.8
 80CW  11-Oct-21 17:06 0031  DL5AZZ         599  599  038           DL       2   3549.0
 80CW  11-Oct-21 17:07 0032  SP3SLU         599  599  052           SP       3   3547.3
 80CW  11-Oct-21 17:08 0033  OK2NO          599  599  048                    3   3546.7
 80CW  11-Oct-21 17:08 0034  DR3W           599  599  058                    2   3546.2
 80CW  11-Oct-21 17:09 0035  DD5M           599  599  066                    2   3546.0
 80CW  11-Oct-21 17:10 0036  OK2NAJ         599  599  046                    3   3545.3
 80CW  11-Oct-21 17:10 0037  OK1RZ          599  599  059                    3   3544.6
 80CW  11-Oct-21 17:11 0038  OK1NG          599  599  059                    3   3543.5
 80CW  11-Oct-21 17:13 0039  OK1FHI         599  599  056                    3   3542.5
 80CW  11-Oct-21 17:13 0040  SM5IMO         599  599  075           SM       3   3541.9
 80CW  11-Oct-21 17:14 0041  SO3O           599  599  071                    3   3541.6
 80CW  11-Oct-21 17:15 0042  OK1DOR         599  599  077                    3   3540.8
 80CW  11-Oct-21 17:17 0043  HB9BXE         599  599  087           HB       3   3541.1
 80CW  11-Oct-21 17:17 0044  OK1IF          599  599  080                    3   3540.5
 80CW  11-Oct-21 17:17 0045  DL4ME          599  599  085                    2   3540.1
 80CW  11-Oct-21 17:19 0046  SP3CW          599  599  070                    3   3539.7
 80CW  11-Oct-21 17:21 0047  OK2PIM         599  599  045                    3   3539.3
 80CW  11-Oct-21 17:22 0048  SN1T           599  599  110                    3   3539.0
 80CW  11-Oct-21 17:24 0049  OK2EA          599  599  086                    3   3538.3
 80CW  11-Oct-21 17:24 0050  DL5YM          599  599  056                    2   3537.8
 80CW  11-Oct-21 17:25 0051  OK1FGD         599  599  070                    3   3537.5
 80CW  11-Oct-21 17:26 0052  PA3DBS         599  599  067           PA       3   3536.8
 80CW  11-Oct-21 17:28 0053  DL1NKS         599  599  036                    2   3535.1
