 20CW  24-Apr-21 15:07 0001  TA2SE          599  599  073           073      5  14025.3
 20CW  24-Apr-21 15:08 0002  YT5A           599  599  151           151      3  14023.4
 20CW  24-Apr-21 15:09 0003  EA8DHV         599  599  122           122      5  14022.2
 20CW  24-Apr-21 15:11 0004  LZ5R           599  599  150           150      3  14013.8
 20CW  24-Apr-21 15:12 0005  OG4Z           599  599  179           179      3  14010.3
 20CW  24-Apr-21 15:14 0006  EB7KA          599  599  010           010      3  14037.0
 20CW  24-Apr-21 15:15 0007  RT1I           599  599  051           051      3  14034.5
 20CW  24-Apr-21 15:16 0008  EA4OR          599  599  102           102      3  14031.0
 20CW  24-Apr-21 15:18 0009  9H1PI          599  599  035           035      3  14027.5
 40CW  24-Apr-21 15:26 0010  IV3HAX         599  599  061           061      3   7031.3
 40CW  24-Apr-21 15:26 0011  SF6W           599  599  038           038      3   7030.2
 40CW  24-Apr-21 15:27 0012  HB9DQL         599  599  AR            AR       3   7028.0
 40CW  24-Apr-21 15:28 0013  SP3VT          599  599  024           024      3   7025.0
 40CW  24-Apr-21 15:29 0014  SD1A           599  599  033           033      3   7022.0
 40CW  24-Apr-21 15:32 0015  HB9IJC         599  599  VD            VD       3   7019.5
 40CW  24-Apr-21 15:34 0016  F4VSR          599  599  081           081      3   7018.6
 40CW  24-Apr-21 15:35 0017  SP2HFH         599  599  043           043      3   7017.9
 40CW  24-Apr-21 15:37 0018  YL7X           599  599  152           152      3   7017.5
 40CW  24-Apr-21 15:38 0019  HB9TPN         599  599  AG            AG       3   7017.0
 40CW  24-Apr-21 15:40 0020  IK1BPL         599  599  071           071      3   7014.3
 40CW  24-Apr-21 15:42 0021  9A2AJ          599  599  046           046      3   7011.6
 40CW  24-Apr-21 16:15 0022  HB9AOF         599  599  FR            FR       3   7035.9
 40CW  24-Apr-21 16:28 0023  UI2K           599  599  KO04          203      3   7032.6
 40CW  24-Apr-21 19:11 0024  HB9AFH         599  599  ZH            ZH       3   7022.4
 40CW  24-Apr-21 19:14 0025  RA2F           599  599  199KO04       199KO04  3   7021.0
 40CW  24-Apr-21 19:18 0026  LA0FA          599  599  104           104      3   7020.6
 40CW  24-Apr-21 19:19 0027  F4HMX          599  599  103           103      3   7020.3
 40CW  24-Apr-21 19:35 0028  HB9TNW         599  599  SG            SG       3   7019.5
 40CW  24-Apr-21 20:03 0029  HB9AGA         599  599  BE            BE       3   7017.9
 40CW  24-Apr-21 20:44 0030  YU7CF          599  599  190           190      3   7018.2
 80CW  24-Apr-21 20:48 0031  DJ9SN          599  599  065           065      2   3538.9
 80CW  24-Apr-21 20:49 0032  YT7KM          599  599  042           042      3   3537.3
 80CW  24-Apr-21 20:50 0033  OM4ZZ          599  599  029           029      3   3536.8
 80CW  24-Apr-21 20:52 0034  HA230M         599  599  599           599      3   3534.3
 80CW  24-Apr-21 20:54 0035  DK3YD          599  599  135           135      2   3533.0
 80CW  24-Apr-21 20:56 0036  SM5ACQ         599  599  089           089      3   3532.1
 80CW  24-Apr-21 21:00 0037  OK2BFN         599  599  098           098      3   3530.9
 80CW  24-Apr-21 21:01 0038  RM2D           599  599  268           268      3   3530.5
 80CW  24-Apr-21 21:04 0039  HB9AOF         599  599  FR            FR       3   3528.4
 80CW  24-Apr-21 21:31 0040  OK1KKI         599  599  240           240      3   3525.7
 20CW  25-Apr-21 09:32 0041  SM2M           599  599  582           582      3  14022.9
 20CW  25-Apr-21 09:35 0042  OY1CT          599  599  345           345      3  14020.6
 20CW  25-Apr-21 09:36 0043  EO50FF         599  599  280           280      3  14020.2
 20CW  25-Apr-21 09:38 0044  EW1TZ          599  599  135           135      3  14018.8
 20CW  25-Apr-21 09:49 0045  OH5TS          599  599  289           289      3  14011.0
 20CW  25-Apr-21 09:50 0046  4O4T           599  599  415           415      3  14015.0
 20CW  25-Apr-21 09:53 0047  9A1AA          599  599  525           525      3  14026.0
 20CW  25-Apr-21 09:53 0048  OH2KW          599  599  260           260      3  14031.0
 20CW  25-Apr-21 09:59 0049  DD2AW          599  599  463           463      2  14034.1
 20CW  25-Apr-21 10:19 0050  OH1RX          599  599  273           273      3  14028.7
 20CW  25-Apr-21 10:20 0051  OH6LW          599  599  198           198      3  14027.0
 20CW  25-Apr-21 11:04 0052  LA0FA          599  599  416           416      3  14021.7
 20CW  25-Apr-21 11:05 0053  LZ1ZJ          599  599  510           510      3  14021.1
 20CW  25-Apr-21 11:05 0054  4X1VF          599  599  206           206      5  14020.2
 20CW  25-Apr-21 11:09 0055  LY2TS          599  599  220           220      3  14012.5
 20CW  25-Apr-21 11:10 0056  LY5AX          599  599  279           279      3  14011.5
 20CW  25-Apr-21 11:15 0057  LY5XX          599  599  038           038      3  14032.4
 20CW  25-Apr-21 11:17 0058  OG4A           599  599  381           381      3  14030.5
 20CW  25-Apr-21 11:24 0059  LY4T           599  599  016           016      3  14024.4
 20CW  25-Apr-21 11:25 0060  SP1C           599  599  466           466      3  14027.3
 20CW  25-Apr-21 11:26 0061  YT5RA          599  599  217           217      3  14027.3
 20CW  25-Apr-21 11:29 0062  F4VSR          599  599  295           295      3  14027.3
 20CW  25-Apr-21 11:30 0063  SN4D           599  599  160           160      3  14027.3
 20CW  25-Apr-21 11:31 0064  EW1M           599  599  350           350      3  14027.3
 15CW  25-Apr-21 11:34 0065  OG4A           599  599  399           399      3  21012.5
 15CW  25-Apr-21 11:35 0066  LY5I           599  599  356           356      3  21010.5
 15CW  25-Apr-21 11:40 0067  OH2KW          599  599  360           360      3  21024.1
 15CW  25-Apr-21 11:41 0068  SM2M           599  599  686           686      3  21023.3
 15CW  25-Apr-21 11:42 0069  YL7X           599  599  856           856      3  21022.6
 15CW  25-Apr-21 12:43 0070  RA1AL          599  599  041           041      3  21013.4
 15CW  25-Apr-21 12:48 0071  OH5TS          599  599  343           343      3  21023.1
 40CW  25-Apr-21 12:53 0072  HB9GL          599  599  GL            GL       3   7015.1
 40CW  25-Apr-21 12:54 0073  LY5AX          599  599  345           345      3   7014.0
 40CW  25-Apr-21 12:56 0074  HB9ARF         599  599  VD                     3   7014.6
 40CW  25-Apr-21 12:59 0075  OH2KW          599  599  436           436      3   7029.7
