160CW  13-Mar-21 20:56 0001  S53F           599  599  JN75          S5       3   1824.8
160CW  13-Mar-21 20:57 0002  DL0MFL         599  599  JO60          DL       2   1822.5
160CW  13-Mar-21 21:01 0003  LA7THA         599  599  JO59          LA       3   1818.5
160CW  13-Mar-21 21:03 0004  OH5Z           599  599  KP30          OH       3   1816.5
160CW  13-Mar-21 21:07 0005  LY7Z           599  599  KO15          LY       3   1816.8
160CW  13-Mar-21 21:10 0006  LZ5R           599  599  KN22          LZ       3   1811.0
160CW  13-Mar-21 21:12 0007  SP2EWQ         599  599  JO93          SP       3   1836.5
160CW  13-Mar-21 21:15 0008  M0NDZ          599  599  IO92          G        3   1835.8
160CW  13-Mar-21 21:19 0009  LC9X           599  599  JO39                   3   1834.1
160CW  13-Mar-21 21:21 0010  DF4XF          599  599  JO60                   2   1833.2
160CW  13-Mar-21 21:24 0011  HA8BE          599  599  KN06          HA       3   1832.0
160CW  13-Mar-21 21:26 0012  IV3YYK         599  599  JN66          I        3   1831.6
160CW  13-Mar-21 21:27 0013  I2WIJ          599  599  JN45          I        3   1831.2
160CW  13-Mar-21 21:33 0014  ON4IA          599  599  JO21          ON       3   1829.8
160CW  13-Mar-21 21:34 0015  OS0S           599  599  JO20                   3   1828.3
160CW  13-Mar-21 21:35 0016  DM2M           599  599  JO61                   2   1828.1
160CW  13-Mar-21 21:36 0017  S57C           599  599  JN75                   3   1826.9
160CW  13-Mar-21 21:38 0018  9A5X           599  599  JN86          9A       3   1825.3
160CW  13-Mar-21 21:40 0019  OM2XW          599  599  JN88          OM       3   1823.6
160CW  13-Mar-21 21:41 0020  RL3A           599  599  KO75          UA       3   1821.6
160CW  13-Mar-21 21:42 0021  OZ1AAR         599  599  JO65          OZ       3   1820.8
160CW  13-Mar-21 21:46 0022  YT6T           599  599  KN05          YU       3   1820.0
160CW  13-Mar-21 21:47 0023  SE0X           599  599  JO99          SM       3   1818.3
160CW  13-Mar-21 21:47 0024  S57L           599  599  JN75                   3   1815.1
160CW  13-Mar-21 21:58 0025  SP2HMT         599  599  JO94                   3   1832.2
160CW  13-Mar-21 22:03 0026  HB9TSW         599  599  JN46          HB       3   1829.0
160CW  13-Mar-21 22:07 0027  OK1DWF         599  599  JO70          OK       3   1827.6
160CW  13-Mar-21 22:08 0028  F5IN           599  599  JN18          F        3   1826.1
160CW  13-Mar-21 22:09 0029  TM6M           599  599  IN78                   3   1824.9
