???CW  15-May-21 18:13 0001  PA3FYM         599  599  011 JO22               0  2400384
???CW  15-May-21 18:14 0002  DF2ET          599  599  006 JO31               0  2400390
???CW  15-May-21 18:18 0003  DL7ARV         599  599  008 JO62               0  2400394
???CW  15-May-21 18:22 0004  R5AU           599  599  014 KO85               0  2400402
???CW  15-May-21 18:24 0005  DL3IAS         599  599  010 JN49               0  2400406
???CW  15-May-21 18:25 0006  DL5GAC         599  599  012 JN47               0  2400409
???CW  15-May-21 18:27 0007  PP2RON         599  599  011 GH53               0  2400414
???CW  15-May-21 18:29 0008  G4ZFE          599  599  012 IO91               0  2400419
???CW  15-May-21 18:35 0009  RA3DNC         599  599  007 KO94               0  2400407
???CW  15-May-21 18:38 0010  R5AO           599  599  012 KO86               0  2400431
???CW  15-May-21 18:40 0011  OZ9QV          599  599  011 JO65               0  2400439
???CW  15-May-21 19:16 0012  DL2GRC         599  599  017 JN48               0  2400399
???CW  15-May-21 19:23 0013  9A2EY          599  599  019 JN85               0  2400438
???CW  15-May-21 19:28 0014  PA2V           599  599  011 JO22               0  2400419
???CW  15-May-21 19:32 0015  PA3DSB         599  599  014 JO21               0  2400397
???CW  15-May-21 19:36 0016  G4WFQ          599  599  006 IO92               0  2400406
???CW  15-May-21 19:37 0017  M0XUU          599  599  014 IO91               0  2400415
???CW  15-May-21 19:40 0018  HB9AOF         599  599  017 JN36               0  2400413
???CW  15-May-21 19:46 0019  EU2AA          599  599  022 KO34               0  2400421
???CW  15-May-21 19:48 0020  DK7SS          599  599  017 JN48               0  2400439
???CW  15-May-21 20:00 0021  LZ1JH          599  599  018 KN12               0  2400386
???CW  15-May-21 20:19 0022  DF2PI          599  599  003 JN49               0  2400401
???CW  15-May-21 20:21 0023  DL4SDR         599  599  008 JN49               0  2400401
???CW  15-May-21 20:23 0024  PF0A           599  599  009 JO22               0  2400401
???CW  15-May-21 20:26 0025  DL6NAV         599  599  008 JN49               0  2400398
???CW  15-May-21 21:04 0026  EI5DS          599  599  004 IO63               0  2400425
???CW  15-May-21 22:35 0027  M0SKN          599  599  019 IO91               0  2400412
???CW  15-May-21 22:41 0028  EA6Y           599  599  009 JM19               0  2400400
???CW  15-May-21 22:47 0029  SP3QDM         599  599  011 JO82               0  2400393
???CW  15-May-21 22:49 0030  7Z1SJ          599  599  022 LL25               0  2400393
???CW  15-May-21 22:50 0031  OZ9QV          599  599  034 JO65               0  2400393
