 10CW  07-Nov-21 10:19 0001  RX9WN          599  599  096           UA9      5  28037.0
 10CW  07-Nov-21 10:24 0002  RG9A           599  599  1672                   5  28032.6
 10CW  07-Nov-21 10:25 0003  LY5I           599  599  805           LY       3  28031.4
 10CW  07-Nov-21 10:26 0004  LY2XW          599  599  1385                   3  28028.0
 10CW  07-Nov-21 10:28 0005  SN2M           599  599  373           SP       3  28025.0
 10CW  07-Nov-21 10:28 0006  OY1CT          599  599  647           OY       3  28023.3
 10CW  07-Nov-21 10:29 0007  UY3MW          599  599  LU            UR       3  28022.2
 10CW  07-Nov-21 10:31 0008  R4LC           599  599  767           UA       3  28021.9
 10CW  07-Nov-21 10:32 0009  UA6AK          599  599  348                    3  28020.0
 10CW  07-Nov-21 10:42 0010  UC4P           599  599  366                    3  28011.3
 10CW  07-Nov-21 10:43 0011  UA4S           599  599  2292                   3  28011.0
 10CW  07-Nov-21 10:44 0012  RO7C           599  599  1175                   3  28008.7
 10CW  07-Nov-21 10:45 0013  US7IY          599  599  DO                     3  28039.2
 10CW  07-Nov-21 10:51 0014  UW0K           599  599  RI                     3  28027.0
 10CW  07-Nov-21 10:54 0015  RG4A           599  599  058                    3  28022.5
 10CW  07-Nov-21 10:56 0016  LA8HGA         599  599  479           LA       3  28021.4
 10CW  07-Nov-21 11:04 0017  DL5JQ          599  599  348           DL       2  28014.5
 10CW  07-Nov-21 11:08 0018  UA4CC          599  599  181                    3  28011.0
 10CW  07-Nov-21 11:12 0019  UX1UA          599  599  KO                     3  28008.7
 15CW  07-Nov-21 11:17 0020  UX8IX          599  599  DO            UR       3  21043.0
 15CW  07-Nov-21 11:18 0021  EB7KA          599  599  085           EA       3  21044.5
 15CW  07-Nov-21 11:20 0022  UT3WX          599  599  LV                     3  21056.0
 15CW  07-Nov-21 11:24 0023  PY5AMF         599  599  326           PY       5  21045.0
 15CW  07-Nov-21 11:29 0024  RL4A           599  599  184           UA       3  21045.9
 15CW  07-Nov-21 11:31 0025  UT3QZ          599  599  ZP                     3  21037.8
 15CW  07-Nov-21 11:34 0026  UR5WCQ         599  599  LV                     3  21037.0
 15CW  07-Nov-21 11:35 0027  UW5Y           599  599  CN                     3  21033.6
 15CW  07-Nov-21 11:35 0028  RW4S           599  599  1296                   3  21033.3
 15CW  07-Nov-21 11:37 0029  IZ8EYP         599  599  468           I        3  21032.0
 15CW  07-Nov-21 11:39 0030  UR8GZ          599  599  HE                     3  21031.5
 15CW  07-Nov-21 11:40 0031  UR3VKR         599  599  KI                     3  21029.2
 15CW  07-Nov-21 11:41 0032  CT7AGZ         599  599  151           CT       3  21027.0
 15CW  07-Nov-21 11:43 0033  UT7CR          599  599  CH                     3  21025.6
 15CW  07-Nov-21 11:44 0034  R1QE           599  599  253                    3  21023.6
 15CW  07-Nov-21 11:45 0035  UX1BZ          599  599  TE                     3  21022.9
 15CW  07-Nov-21 11:49 0034  UA4CC          599  599  271                    3  21021.1
 15CW  07-Nov-21 11:53 0036  EO50FF         599  599  OD                     3  21019.5
 15CW  07-Nov-21 11:56 0037  UR7R           599  599  CR                     3  21015.5
 15CW  07-Nov-21 11:57 0038  UX1UA          599  599  KO                     3  21011.2
 15CW  07-Nov-21 11:58 0039  UR5R           599  599  CR                     3  21007.5
 15CW  07-Nov-21 11:59 0040  UW3E           599  599  DN                     3  21027.3
