 20CW  16-Oct-21 17:58 0001  IK6QRH         599  599  057           I        3  14032.3
 20CW  16-Oct-21 18:00 0002  CR3DX          599  599  531           CT3      5  14031.1
 20CW  16-Oct-21 18:01 0003  YU5R           599  599  315           YU       3  14027.0
 20CW  16-Oct-21 18:03 0004  9A1LAF         599  599  002           9A       3  14019.7
 20CW  16-Oct-21 18:30 0005  NN7CW          599  599  332           K        5  14015.6
 20CW  16-Oct-21 18:31 0006  DD2AW          599  599  R01           DL       2  14013.1
 20CW  16-Oct-21 18:32 0007  AE2W           599  599  218                    5  14009.4
 20CW  16-Oct-21 18:37 0008  DQ1A           599  599  L03                    2  14022.3
 40CW  16-Oct-21 18:46 0009  DJ2QV          599  599  C30           DL       2   7032.9
 40CW  16-Oct-21 18:49 0010  HB9DHG         599  599  269           HB       3   7028.7
 40CW  16-Oct-21 18:51 0011  DL1SAN         599  599  P14                    2   7027.1
 40CW  16-Oct-21 18:51 0012  EA2KV          599  599  142           EA       3   7025.5
 40CW  16-Oct-21 18:53 0013  DJ2FR          599  599  C06                    2   7023.7
 40CW  16-Oct-21 18:54 0014  9A1LAF         599  599  047           9A       3   7022.9
 40CW  16-Oct-21 18:55 0015  YT4W           599  599  346           YU       3   7022.5
 40CW  16-Oct-21 18:56 0016  EU5C           599  599  136           EU       3   7022.2
 40CW  16-Oct-21 18:56 0017  EA3X           599  599  177                    3   7021.5
 40CW  16-Oct-21 19:00 0018  RA4AR          599  599  129           UA       3   7019.9
 40CW  16-Oct-21 19:02 0019  UX1AA          599  599  389           UR       3   7017.9
 40CW  16-Oct-21 19:03 0020  DF1LON         599  599  R11                    2   7017.6
 40CW  16-Oct-21 19:03 0021  EA1X           599  599  347                    3   7016.0
 40CW  16-Oct-21 19:04 0022  E74O           599  599  172           E7       3   7015.6
 40CW  16-Oct-21 19:05 0023  OK2TJ          599  599  068           OK       3   7014.5
 40CW  16-Oct-21 19:06 0024  DL2VK          599  599  U07                    2   7014.1
 40CW  16-Oct-21 19:10 0025  RL4F           599  599  153                    3   7011.0
 40CW  16-Oct-21 19:11 0026  OZ3SM          599  599  055           OZ       3   7010.6
 40CW  16-Oct-21 19:12 0027  HA2KMR         599  599  148           HA       3   7010.2
 40CW  16-Oct-21 19:13 0028  TM6M           599  599  197           F        3   7009.1
 40CW  16-Oct-21 19:18 0029  DL0RD          599  599  L16                    2   7008.2
 40CW  16-Oct-21 19:19 0030  EB4A           599  599  060                    3   7007.6
 40CW  16-Oct-21 19:20 0031  DJ4MX          599  599  C26                    2   7006.9
 40CW  16-Oct-21 19:21 0032  CR6K           599  599  131           CT       3   7005.0
 40CW  16-Oct-21 19:24 0033  YL2ZX          599  599  167           YL       3   7003.0
 40CW  16-Oct-21 19:24 0034  LY4L           599  599  464           LY       3   7000.6
 40CW  16-Oct-21 19:26 0035  IK2PFL         599  599  182           I        3   7039.0
 40CW  16-Oct-21 19:27 0036  HA3NU          599  599  151                    3   7037.5
 40CW  16-Oct-21 19:29 0037  DL9SCO         599  599  T18                    2   7036.3
 40CW  16-Oct-21 19:31 0038  CT1DRB         599  599  121                    3   7034.4
 40CW  16-Oct-21 19:33 0039  SP7OGP         599  599  045           SP       3   7033.9
 40CW  16-Oct-21 19:36 0040  UT8AQ          599  599  083                    3   7031.8
 40CW  16-Oct-21 19:37 0041  UT5NR          599  599  138                    3   7031.4
 40CW  16-Oct-21 19:38 0042  LZ2PL          599  599  245           LZ       3   7029.5
 40CW  16-Oct-21 19:40 0043  YL3CW          599  599  292                    3   7024.2
 40CW  16-Oct-21 19:41 0044  ES4RD          599  599  257           ES       3   7023.7
 40CW  16-Oct-21 19:43 0045  HA1DAE         599  599  081                    3   7021.5
 40CW  16-Oct-21 19:48 0046  CR3DX          599  599  769           CT3      5   7019.5
 40CW  16-Oct-21 19:50 0047  IZ2FME         599  599  126                    3   7019.2
 20CW  16-Oct-21 19:55 0048  AA3B           599  599  408                    5  14040.1
 20CW  16-Oct-21 20:03 0049  PY2VOY         599  599  057           PY       5  14047.0
 20CW  17-Oct-21 08:47 0050  UZ5P           599  599  323           UR       3  14046.4
 20CW  17-Oct-21 08:49 0051  OE1CIW         599  599  310           OE       3  14048.8
 20CW  17-Oct-21 08:50 0052  RA3NC          599  599  332           UA       3  14048.0
 20CW  17-Oct-21 08:51 0053  UA3QR          599  599  118                    3  14045.0
 20CW  17-Oct-21 08:53 0054  SV9RNG         599  599  181           SV9      3  14043.0
 10CW  17-Oct-21 09:07 0055  YL3JA          599  599  750           YL       3  28021.3
 10CW  17-Oct-21 09:16 0056  UA9W           599  599  632           UA9      5  28017.6
 10CW  17-Oct-21 09:18 0057  YL7X           599  599  856                    3  28015.5
 10CW  17-Oct-21 09:21 0058  DL4DZ          599  599  O04           DL       2  28009.3
 10CW  17-Oct-21 09:23 0059  RK9CYA         599  599  073                    5  28007.7
 10CW  17-Oct-21 09:24 0060  EU8U           599  599  805           EU       3  28032.0
 10CW  17-Oct-21 09:25 0061  UA9CTT         599  599  185                    5  28034.0
 15CW  17-Oct-21 09:26 0062  RC9J           599  599  200           UA9      5  21012.5
 15CW  17-Oct-21 09:30 0063  UA9AU          599  599  159                    5  21009.0
 15CW  17-Oct-21 09:33 0064  YL1ZX          599  599  557           YL       3  21006.5
 15CW  17-Oct-21 09:33 0065  LY6A           599  599  262           LY       3  21005.4
 15CW  17-Oct-21 09:35 0066  RK4PA          599  599  181           UA       3  21047.0
 15CW  17-Oct-21 09:36 0067  EW1TO          599  599  071           EU       3  21043.5
 15CW  17-Oct-21 09:42 0068  DK5KK          599  599  L05           DL       2  21040.5
 15CW  17-Oct-21 09:44 0069  SV9RNG         599  599  297           SV9      3  21036.1
 15CW  17-Oct-21 09:45 0070  SV1ENG         599  599  591           SV       3  21035.0
 15CW  17-Oct-21 09:46 0071  RK3P           599  599  380                    3  21034.5
 15CW  17-Oct-21 09:55 0072  UA9FGJ         599  599  137                    3  21032.0
 20CW  17-Oct-21 10:20 0073  HA1DAE         599  599  196           HA       3  14029.9
 20CW  17-Oct-21 10:21 0074  R9AE           599  599  066           UA9      5  14029.0
 20CW  17-Oct-21 10:23 0075  EH3WRC         599  599  000           EA       3  14028.0
 20CW  17-Oct-21 10:29 0076  SF7X           599  599  088           SM       3  14033.2
 20CW  17-Oct-21 10:29 0077  IZ8EFD         599  599  101                    3  14033.2
 20CW  17-Oct-21 10:31 0078  SN1T           599  599  648           SP       3  14033.2
 20CW  17-Oct-21 10:32 0079  RA3AN          599  599  370                    3  14033.2
 20CW  17-Oct-21 10:34 0080  SM2M           599  599  716                    3  14033.2
 20CW  17-Oct-21 10:34 0081  SN7Q           599  599  560                    3  14033.2
 20CW  17-Oct-21 10:35 0082  HG4I           599  599  797                    3  14033.2
 20CW  17-Oct-21 10:36 0083  UW6E           599  599  371                    3  14033.2
 20CW  17-Oct-21 10:37 0084  TA3ST          599  599  146           TA       5  14033.2
 20CW  17-Oct-21 10:37 0085  E7CW           599  599  833           E7       3  14033.2
 20CW  17-Oct-21 10:37 0086  4O4T           599  599  737           4O       3  14033.2
 20CW  17-Oct-21 10:38 0087  K1LZ           599  599  915                    5  14033.2
 20CW  17-Oct-21 10:39 0088  IU6FUB         599  599  042                    3  14033.2
 20CW  17-Oct-21 10:39 0089  SN5J           599  599  553                    3  14033.2
 20CW  17-Oct-21 10:40 0090  LZ1UQ          599  599  554           LZ       3  14033.2
 20CW  17-Oct-21 10:41 0091  F6AUS          599  599  245           F        3  14033.2
 20CW  17-Oct-21 10:42 0092  LY2CO          599  599  078           LY       3  14033.2
 20CW  17-Oct-21 10:44 0093  UF5A           599  599  470                    3  14033.2
 20CW  17-Oct-21 10:45 0094  HA2KMR         599  599  574                    3  14033.2
 20CW  17-Oct-21 10:46 0095  IZ3SQW         599  599  130                    3  14033.2
 20CW  17-Oct-21 10:47 0096  SN4D           599  599  348                    3  14033.2
 20CW  17-Oct-21 10:47 0097  YL3GQ          599  599  050           YL       3  14033.2
 20CW  17-Oct-21 10:47 0098  LY2MM          599  599  520                    3  14033.2
 20CW  17-Oct-21 10:49 0099  UA6CC          599  599  682                    3  14033.2
 20CW  17-Oct-21 10:49 0100  9A3VM          599  599  881                    3  14033.2
 20CW  17-Oct-21 10:50 0101  RC9A           599  599  292                    5  14033.2
 20CW  17-Oct-21 10:50 0102  UA9LAO         599  599  247                    5  14033.2
 20CW  17-Oct-21 10:51 0103  PA3AAV         599  599  303           PA       3  14033.2
 20CW  17-Oct-21 10:52 0104  EU8U           599  599  940           EU       3  14033.2
 20CW  17-Oct-21 10:52 0105  OM8AQ          599  599  138           OM       3  14033.2
 20CW  17-Oct-21 10:53 0106  SM0Q           599  599  254                    3  14033.2
 20CW  17-Oct-21 10:54 0107  SO4O           599  599  129                    3  14033.2
 20CW  17-Oct-21 10:55 0108  SV1ENG         599  599  646           SV       3  14033.2
 15CW  17-Oct-21 10:59 0109  RA5AQ          599  599  114                    3  21025.6
 15CW  17-Oct-21 11:00 0110  PY2KC          599  599  150           PY       5  21025.6
 15CW  17-Oct-21 11:01 0111  SP1AEN         599  599  402           SP       3  21025.6
 15CW  17-Oct-21 11:02 0112  LZ1DQ          599  599  214           LZ       3  21025.6
 15CW  17-Oct-21 11:04 0113  RU9TN          599  599  365                    5  21025.6
 15CW  17-Oct-21 11:04 0114  R2IN           599  599  097                    3  21025.6
 15CW  17-Oct-21 11:04 0115  SN5J           599  599  584                    3  21025.6
 15CW  17-Oct-21 11:05 0116  SP2FAP         599  599  165                    3  21025.6
 15CW  17-Oct-21 11:05 0117  E7CW           599  599  851           E7       3  21025.6
 15CW  17-Oct-21 11:06 0118  SF6W           599  599  276           SM       3  21025.6
 15CW  17-Oct-21 11:07 0119  RA3NC          599  599  419                    3  21025.6
 15CW  17-Oct-21 11:07 0120  EW8DX          599  599  752                    3  21025.6
 15CW  17-Oct-21 11:08 0121  RA3AN          599  599  401                    3  21025.6
 15CW  17-Oct-21 11:09 0122  LY2MM          599  599  542                    3  21025.6
 15CW  17-Oct-21 11:11 0123  RZ9L           599  599  439                    5  21025.6
 15CW  17-Oct-21 11:11 0124  RA9AP          599  599  524                    5  21025.6
 15CW  17-Oct-21 11:12 0125  RT2C           599  599  1507                   3  21025.6
 15CW  17-Oct-21 11:13 0126  RL4A           599  599  924                    3  21025.6
 15CW  17-Oct-21 11:14 0127  DF1LON         599  599  R11                    2  21025.6
 15CW  17-Oct-21 11:14 0128  EU8U           599  599  967                    3  21025.6
 15CW  17-Oct-21 11:16 0129  UA9XX          599  599  000                    3  21025.6
 15CW  17-Oct-21 11:18 0130  HA7RY          599  599  576           HA       3  21025.6
 15CW  17-Oct-21 11:18 0131  UN0LM          599  599  331           UN       5  21025.6
 15CW  17-Oct-21 11:19 0132  UA6Y           599  599  574                    3  21025.6
 15CW  17-Oct-21 11:20 0133  US1VM          599  599  453           UR       3  21025.6
 15CW  17-Oct-21 11:23 0134  UW6E           599  599  440                    3  21025.6
 15CW  17-Oct-21 11:24 0135  SF400B         599  599  382                    3  21025.6
 15CW  17-Oct-21 11:24 0136  UA6CC          599  599  712                    3  21025.6
 15CW  17-Oct-21 11:25 0137  UT3EV          599  599  373                    3  21025.6
 15CW  17-Oct-21 11:26 0138  R3VL           599  599  387                    3  21025.6
 15CW  17-Oct-21 11:26 0139  UT4EK          599  599  119                    3  21025.6
 15CW  17-Oct-21 11:27 0140  RX9CC          599  599  087                    5  21025.6
 15CW  17-Oct-21 11:27 0141  RO7C           599  599  675                    3  21025.6
 15CW  17-Oct-21 11:28 0142  UA9W           599  599  804                    5  21025.6
 15CW  17-Oct-21 11:31 0143  R7MM           599  599  733                    3  21025.6
 15CW  17-Oct-21 11:32 0144  UX1AA          599  599  1498                   3  21025.6
 15CW  17-Oct-21 11:33 0145  EV1R           599  599  911                    3  21025.6
 15CW  17-Oct-21 11:34 0146  SM2M           599  599  783                    3  21025.6
 15CW  17-Oct-21 11:34 0147  LY4L           599  599  1618                   3  21025.6
 15CW  17-Oct-21 11:35 0148  YP5A           599  599  486           YO       3  21025.6
 15CW  17-Oct-21 11:35 0149  EA1IQM         599  599  146           EA       3  21025.6
 15CW  17-Oct-21 11:37 0150  UA9LAO         599  599  281                    5  21025.6
 15CW  17-Oct-21 11:38 0151  SP7CF          599  599  472                    3  21025.6
 15CW  17-Oct-21 11:39 0152  R8TA           599  599  194                    5  21025.6
 15CW  17-Oct-21 11:40 0153  R3LC           599  599  321                    3  21025.6
 15CW  17-Oct-21 11:40 0154  SX200AEL       599  599  170                    3  21025.6
 15CW  17-Oct-21 11:41 0155  YO4AAC         599  599  124                    3  21025.6
 15CW  17-Oct-21 11:42 0156  LZ7Y           599  599  691                    3  21025.6
 15CW  17-Oct-21 11:43 0157  RL3T           599  599  252                    3  21025.6
 10CW  17-Oct-21 12:14 0158  9A3VM          599  599  1017          9A       3  28024.2
 10CW  17-Oct-21 12:18 0159  FY5KE          599  599  695           FY       5  28021.1
 10CW  17-Oct-21 12:19 0160  DL0CK          599  599  R04                    2  28019.8
 10CW  17-Oct-21 12:23 0161  EI5DI          599  599  004           EI       3  28022.4
 10CW  17-Oct-21 12:25 0162  DQ1A           599  599  L03                    2  28023.0
 10CW  17-Oct-21 12:26 0163  DL5YM          599  599  Y21                    2  28028.9
 10CW  17-Oct-21 12:27 0164  4O4T           599  599  903           4O       3  28035.3
 10CW  17-Oct-21 12:29 0165  DL2OE          599  599  Y15                    2  28030.0
 10CW  17-Oct-21 13:06 0166  ZD7BG          599  599  250           ZD7      5  28035.7
 10CW  17-Oct-21 13:09 0167  GM2V           599  599  012           GM       3  28007.8
 10CW  17-Oct-21 13:11 0168  MM0ZBH         599  599  014                    3  28038.0
 40CW  17-Oct-21 13:18 0169  OZ0B           599  599  597                    3   7019.0
 40CW  17-Oct-21 13:18 0170  SP3VT          599  599  317                    3   7019.0
 40CW  17-Oct-21 13:19 0171  DF8UO          599  599  A17                    2   7019.0
 40CW  17-Oct-21 13:19 0172  OM3CPF         599  599  460           OM       3   7019.0
 40CW  17-Oct-21 13:20 0173  IK1YRA         599  599  80                     3   7019.0
 40CW  17-Oct-21 13:20 0174  SP7CF          599  599  510                    3   7019.0
 40CW  17-Oct-21 13:21 0175  SP9XCN         599  599  671                    3   7019.0
 40CW  17-Oct-21 13:21 0176  OE5TXF         599  599  590           OE       3   7019.0
 40CW  17-Oct-21 13:22 0177  OL4W           599  599  525                    3   7019.0
 40CW  17-Oct-21 13:23 0178  HG4I           599  599  941                    3   7019.0
 40CW  17-Oct-21 13:23 0179  M0TDW          599  599  146           G        3   7019.0
 40CW  17-Oct-21 13:23 0180  DM5MA          599  599  S32                    2   7019.0
 40CW  17-Oct-21 13:24 0181  SN5J           599  599  666                    3   7019.0
 40CW  17-Oct-21 13:25 0182  SE6N           599  599  139           SM       3   7019.0
 40CW  17-Oct-21 13:26 0183  M0BEW          599  599  812                    3   7019.0
 40CW  17-Oct-21 13:26 0184  SP1NY          599  599  541                    3   7019.0
 40CW  17-Oct-21 13:27 0185  PD0MBY         599  599  014           PA       3   7019.0
 40CW  17-Oct-21 13:27 0186  F5OHM          599  599  778                    3   7019.0
 40CW  17-Oct-21 13:28 0187  DL2NFC         599  599  B09                    2   7019.0
 40CW  17-Oct-21 13:28 0188  DL2FCA         599  599  F32                    2   7019.0
 40CW  17-Oct-21 13:29 0189  YL3FT          599  599  270                    3   7019.0
 40CW  17-Oct-21 13:30 0190  9A3SM          599  599  996                    3   7019.0
 40CW  17-Oct-21 13:31 0191  OL3W           599  599  195                    3   7019.0
 40CW  17-Oct-21 13:31 0192  LY2MM          599  599  605                    3   7019.0
 40CW  17-Oct-21 13:32 0193  YO6ZS          599  599  201           YO       3   7019.0
 40CW  17-Oct-21 13:33 0194  HB9DXB         599  599  065                    3   7019.0
 40CW  17-Oct-21 13:34 0195  OK2SGY         599  599  223                    3   7019.0
 40CW  17-Oct-21 13:34 0196  SN1T           599  599  806                    3   7019.0
 40CW  17-Oct-21 13:34 0197  HA8TP          599  599  260                    3   7019.0
 40CW  17-Oct-21 13:35 0198  OK2GU          599  599  139                    3   7019.0
 40CW  17-Oct-21 13:36 0199  YL7X           599  599  1156                   3   7019.0
 40CW  17-Oct-21 13:36 0200  HA7RY          599  599  686                    3   7019.0
 40CW  17-Oct-21 13:37 0201  SN4D           599  599  414                    3   7019.0
 40CW  17-Oct-21 13:37 0202  PA3AAV         599  599  404                    3   7019.0
 40CW  17-Oct-21 13:38 0203  DJ3XA          599  599  V01                    2   7019.0
 40CW  17-Oct-21 13:39 0204  I6FDJ          599  599  184                    3   7019.0
 40CW  17-Oct-21 13:40 0205  YT1Q           599  599  188                    3   7019.0
 40CW  17-Oct-21 13:41 0206  S53V           599  599  187           S5       3   7019.0
 40CW  17-Oct-21 13:42 0207  G4FJW          599  599  080                    3   7019.0
 40CW  17-Oct-21 13:43 0208  SP3CW          599  599  530                    3   7019.0
 40CW  17-Oct-21 13:44 0209  OK1DVA         599  599  180                    3   7019.0
 40CW  17-Oct-21 13:45 0210  G3SVK          599  599  144                    3   7019.0
 40CW  17-Oct-21 13:45 0211  OK2BRJ         599  599  274                    3   7019.0
 40CW  17-Oct-21 13:46 0212  OK1PFM         599  599  031                    3   7019.0
 40CW  17-Oct-21 13:48 0213  SO3O           599  599  539                    3   7019.0
 40CW  17-Oct-21 13:49 0214  7S7V           599  599  010                    3   7019.0
 40CW  17-Oct-21 13:49 0215  SM0Q           599  599  325                    3   7019.0
 40CW  17-Oct-21 13:50 0216  PA9M           599  599  1095                   3   7019.0
 40CW  17-Oct-21 13:51 0217  SP4AWE         599  599  245                    3   7019.0
 40CW  17-Oct-21 13:52 0218  OK1SI          599  599  064                    3   7019.0
 40CW  17-Oct-21 13:52 0219  HA9TA          599  599  166                    3   7019.0
 40CW  17-Oct-21 13:54 0220  SP1AEN         599  599  485                    3   7018.9
 40CW  17-Oct-21 13:54 0221  DA3T           599  599  S22                    2   7018.9
 40CW  17-Oct-21 13:55 0222  DM7AA          599  599  S55                    2   7018.9
 40CW  17-Oct-21 13:55 0223  OK5SA          599  599  147                    3   7018.9
 40CW  17-Oct-21 13:56 0224  SO4M           599  599  261                    3   7018.9
 40CW  17-Oct-21 13:57 0225  DF4ZL          599  599  F16                    2   7018.9
 40CW  17-Oct-21 13:58 0226  DL1AKP         599  599  X19                    2   7018.9
 40CW  17-Oct-21 13:59 0227  OZ6AGX         599  599  142                    3   7018.9
 40CW  17-Oct-21 14:00 0228  SP1D           599  599  616                    3   7018.9
 40CW  17-Oct-21 14:00 0229  DL2MDU         599  599  C06                    2   7018.9
 40CW  17-Oct-21 14:01 0230  DL4KCA         599  599  G20                    2   7018.9
 40CW  17-Oct-21 14:02 0231  SP2XX          599  599  105                    3   7018.9
 40CW  17-Oct-21 14:02 0232  DK4RM          599  599  U23                    2   7018.9
 40CW  17-Oct-21 14:04 0233  OZ5UR          599  599  212                    3   7018.9
 40CW  17-Oct-21 14:04 0234  DL4HRM         599  599  W35                    2   7018.9
 40CW  17-Oct-21 14:05 0235  YU5R           599  599  1612                   3   7018.9
 40CW  17-Oct-21 14:06 0236  F4HYY          599  599  013                    3   7018.9
 40CW  17-Oct-21 14:06 0237  YT1A           599  599  881                    3   7018.9
 40CW  17-Oct-21 14:07 0238  SP3CYY         599  599  163                    3   7018.9
 40CW  17-Oct-21 14:08 0239  SP2R           599  599  730                    3   7018.9
 40CW  17-Oct-21 14:08 0240  DL1ASP         599  599  R13                    2   7018.9
 40CW  17-Oct-21 14:08 0241  DL5BAW         599  599  I53                    2   7018.9
 40CW  17-Oct-21 14:09 0242  DL4FN          599  599  F35                    2   7018.9
 40CW  17-Oct-21 14:10 0243  HB9DDZ         599  599  071                    3   7018.9
 40CW  17-Oct-21 14:11 0244  HB9DOS         599  599  037                    3   7018.9
 40CW  17-Oct-21 14:12 0245  DL1WH          599  599  K34                    2   7018.9
 40CW  17-Oct-21 14:13 0246  E77C           599  599  004                    3   7018.9
 40CW  17-Oct-21 14:15 0247  UF5A           599  599  598                    3   7018.9
 40CW  17-Oct-21 14:15 0248  DF2CH          599  599  O04                    2   7018.9
 40CW  17-Oct-21 14:15 0249  OZ1AAR         599  599  333                    3   7018.9
 80CW  17-Oct-21 14:22 0250  DL3UB          599  599  V22           DL       2   3519.0
 80CW  17-Oct-21 14:22 0251  DL7YS          599  599  D06                    2   3526.2
 80CW  17-Oct-21 14:23 0252  SP1D           599  599  630           SP       3   3516.1
 80CW  17-Oct-21 14:25 0253  DK9VA          599  599  Q11                    2   3523.8
 80CW  17-Oct-21 14:27 0254  DM5MA          599  599  S32                    2   3523.8
 80CW  17-Oct-21 14:28 0255  LX5MF          599  599  185           LX       3   3528.2
 20CW  17-Oct-21 14:30 0256  LZ1ND          599  599  1025                   3  14032.3
 20CW  17-Oct-21 14:31 0257  EV6Z           599  599  609                    3  14032.3
 20CW  17-Oct-21 14:31 0258  YL7X           599  599  1209                   3  14032.3
 20CW  17-Oct-21 14:32 0259  OF5ZA          599  599  315           OH       3  14032.3
 20CW  17-Oct-21 14:32 0260  EW8DX          599  599  807                    3  14032.3
 20CW  17-Oct-21 14:32 0261  R4II           599  599  164                    3  14032.3
 20CW  17-Oct-21 14:33 0262  EW1M           599  599  271                    3  14032.3
 20CW  17-Oct-21 14:33 0263  YT1A           599  599  899                    3  14032.3
 20CW  17-Oct-21 14:34 0264  UA7G           599  599  215                    3  14032.3
 20CW  17-Oct-21 14:34 0265  LY4L           599  599  1847                   3  14032.3
 20CW  17-Oct-21 14:35 0266  LZ9R           599  599  983                    3  14032.3
 20CW  17-Oct-21 14:35 0267  K3WW           599  599  589                    5  14032.3
 20CW  17-Oct-21 14:36 0268  LZ1DQ          599  599  289                    3  14032.3
 20CW  17-Oct-21 14:36 0269  LY2A           599  599  731                    3  14032.3
 20CW  17-Oct-21 14:37 0270  YT4T           599  599  921                    3  14032.3
 20CW  17-Oct-21 14:38 0271  HA2EOU         599  599  137                    3  14032.3
 20CW  17-Oct-21 14:38 0272  UX1AA          599  599  1795                   3  14032.3
 20CW  17-Oct-21 14:39 0273  R7MM           599  599  847                    3  14032.3
 20CW  17-Oct-21 14:39 0274  P3AA           599  599  1015          5B       5  14032.3
 20CW  17-Oct-21 14:40 0275  UX5VK          599  599  068                    3  14032.3
 20CW  17-Oct-21 14:41 0276  RA9AP          599  599  675                    5  14032.3
 20CW  17-Oct-21 14:41 0277  HG8A           599  599  1501                   3  14032.3
 20CW  17-Oct-21 14:42 0278  EU5C           599  599  967                    3  14032.3
 20CW  17-Oct-21 14:44 0279  LZ5R           599  599  2159                   3  14032.4
 20CW  17-Oct-21 14:44 0280  E74O           599  599  698                    3  14032.4
 20CW  17-Oct-21 14:45 0281  VE9AA          599  599  318           VE       5  14032.4
 20CW  17-Oct-21 14:46 0282  W8FJ           599  599  383                    5  14032.4
 20CW  17-Oct-21 14:47 0283  VE3NNT         599  599  604                    5  14032.4
 20CW  17-Oct-21 14:47 0284  HA8EN          599  599  119                    3  14032.4
 20CW  17-Oct-21 14:48 0285  UD4W           599  599  249                    3  14032.4
 20CW  17-Oct-21 14:48 0286  UT4U           599  599  284                    3  14032.4
 20CW  17-Oct-21 14:49 0287  RK3DK          599  599  202                    3  14032.4
 20CW  17-Oct-21 14:50 0288  GM3JKS         599  599  108           GM       3  14032.4
 20CW  17-Oct-21 14:52 0289  F6HBR          599  599  123                    3  14032.4
 20CW  17-Oct-21 14:52 0290  HA7RY          599  599  744                    3  14032.4
 20CW  17-Oct-21 14:54 0291  EA7/VE3NZ      599  599  242                    3  14032.4
 20CW  17-Oct-21 14:54 0292  UA6GO          599  599  867                    3  14032.4
 20CW  17-Oct-21 14:55 0293  OH3EX          599  599  410                    3  14032.4
 20CW  17-Oct-21 14:55 0294  ES3RF          599  599  218           ES       3  14032.4
 20CW  17-Oct-21 14:56 0295  RT2X           599  599  136                    3  14032.4
 20CW  17-Oct-21 14:57 0296  RK4HYT         599  599  454                    3  14032.4
 20CW  17-Oct-21 14:57 0297  DL1FMG         599  599  F52                    2  14032.4
 20CW  17-Oct-21 14:59 0298  EW2EG          599  599  089                    3  14032.5
