 20CW  31-Jan-21 12:54 0001  F5UTN          599  599  27            F        3  14018.0
 40CW  31-Jan-21 12:59 0002  F5OYM          599  599  81            F        3   7008.7
 40CW  31-Jan-21 13:16 0003  F4EZC          599  599  44                     3   7005.2
 40CW  31-Jan-21 13:18 0004  F6DEO          599  599  95                     3   7003.5
 40CW  31-Jan-21 13:53 0005  F8GGZ          599  599  23                     3   7002.0
 40CW  31-Jan-21 16:18 0006  F4HAU          599  599  44                     3   7001.0
 40CW  31-Jan-21 16:19 0007  F5PYJ          599  599  44                     3   7044.0
 40CW  31-Jan-21 16:22 0008  F4CWN          599  599  32                     3   7036.4
 40CW  31-Jan-21 16:25 0009  F6EKR          599  599  35                     3   7032.9
 40CW  31-Jan-21 16:28 0010  F4ARU          599  599  31                     3   7030.5
 40CW  31-Jan-21 16:29 0011  F8FTY          599  599  29                     3   7029.0
 40CW  31-Jan-21 16:34 0012  F5ICC          599  599  24                     3   7025.0
 40CW  31-Jan-21 16:36 0013  F6GOE          599  599  19                     3   7021.6
 40CW  31-Jan-21 16:40 0014  F6DZD          599  599  56                     3   7022.4
 40CW  31-Jan-21 16:40 0015  F5PHW          599  599  56                     3   7018.8
 40CW  31-Jan-21 16:42 0016  F5SJC          599  599  16                     3   7018.0
 40CW  31-Jan-21 16:43 0017  F5VHY          599  599  47                     3   7016.7
 40CW  31-Jan-21 16:45 0018  F8AAN          599  599  33                     3   7012.0
 40CW  31-Jan-21 16:47 0019  F5IVP          599  599  13                     3   7005.9
 80CW  31-Jan-21 16:52 0020  F5OHM          599  599  36            F        3   3525.5
