160CW  18-Dec-21 18:22 0001  SP2EWQ         599  599  JO93          JO93     3   1839.3
160CW  18-Dec-21 18:25 0002  OP4K           599  599  JO21          JO21     3   1836.0
160CW  18-Dec-21 18:26 0003  TM6M           599  599  IN78          IN78     3   1834.4
160CW  18-Dec-21 18:27 0004  UZ5DX          599  599  KN18          KN18     3   1833.6
160CW  18-Dec-21 18:27 0005  RG2A           599  599  KO75          KO75     3   1833.0
160CW  18-Dec-21 18:29 0006  UX2X           599  599  KO40          KO40     3   1831.5
160CW  18-Dec-21 18:29 0007  OL1A           599  599  JN79          JN79     3   1830.8
160CW  18-Dec-21 18:30 0008  SM2EKM         599  599  KP05          KP05     3   1830.4
160CW  18-Dec-21 18:33 0009  HG8DX          599  599  KN06          KN06     3   1828.9
160CW  18-Dec-21 18:34 0010  OM2XW          599  599  JN88          JN88     3   1827.3
160CW  18-Dec-21 18:35 0011  LY4A           599  599  KO15          KO15     3   1826.5
160CW  18-Dec-21 18:36 0012  9A7V           599  599  595 JN86      JN86     3   1825.4
160CW  18-Dec-21 18:37 0013  DL5AXX         599  599  JO40          JO40     2   1825.0
160CW  18-Dec-21 18:38 0014  DK9IP          599  599  JN48          JN48     2   1824.2
160CW  18-Dec-21 18:38 0015  TM5EE          599  599  JN13          JN13     3   1823.2
160CW  18-Dec-21 18:39 0016  HA3DX          599  599  JN96          JN96     3   1822.3
160CW  18-Dec-21 18:39 0017  S53O           599  599  JN86          JN86     3   1821.8
160CW  18-Dec-21 18:40 0018  DL6WT          599  599  JN39          JN39     2   1821.5
160CW  18-Dec-21 18:41 0019  OG4T           599  599  KP32          KP32     3   1819.7
160CW  18-Dec-21 18:42 0020  9A5W           599  599  267 JN85      JN85     3   1819.0
160CW  18-Dec-21 18:43 0021  G4FAL          599  599  IO93          IO93     3   1818.5
160CW  18-Dec-21 18:43 0022  PE6Q           599  599  JO32          JO32     3   1817.6
160CW  18-Dec-21 18:44 0023  F5IN           599  599  JN18          JN18     3   1815.6
160CW  18-Dec-21 18:45 0024  DL6MHW         599  599  JO52          JO52     2   1814.8
160CW  18-Dec-21 18:49 0025  OQ4U           599  599  JO20          JO20     3   1814.0
160CW  18-Dec-21 18:50 0026  PA3FQA         599  599  JO32          JO32     3   1813.6
160CW  18-Dec-21 18:51 0027  M7DX           599  599  280                    3   1839.7
160CW  18-Dec-21 18:52 0028  LC9X           599  599  JO39          JO39     3   1839.3
160CW  18-Dec-21 18:54 0029  SM2M           599  599  KP04          KP04     3   1837.5
160CW  18-Dec-21 18:56 0030  MU5A           599  599  IN89          IN89     3   1835.4
160CW  18-Dec-21 18:57 0031  DL1WA          599  599  JO60          JO60     2   1832.9
160CW  18-Dec-21 18:59 0032  OH2BO          599  599  KP20          KP20     3   1832.2
160CW  18-Dec-21 19:02 0033  HA8BE          599  599  KN06                   3   1830.0
160CW  18-Dec-21 19:04 0034  YL7X           599  599  KO07          KO07     3   1827.7
160CW  18-Dec-21 19:05 0035  UW5W           599  599  KN29          KN29     3   1825.5
160CW  18-Dec-21 19:06 0036  OZ1AAR         599  599  JO65          JO65     3   1823.5
160CW  18-Dec-21 19:08 0037  EB5A           599  599  IM98          IM98     3   1821.2
160CW  18-Dec-21 19:11 0038  OG3B           599  599  KP10          KP10     3   1820.8
160CW  18-Dec-21 19:12 0039  9A0BB          599  599  560           560      3   1820.6
160CW  18-Dec-21 19:14 0040  OT4A           599  599  JO21                   3   1819.3
160CW  18-Dec-21 19:46 0041  DL1NEO         599  599  JN59          JN59     2   1817.7
160CW  18-Dec-21 19:47 0042  DL2SAX         599  599  JN38          JN38     2   1815.6
160CW  18-Dec-21 19:48 0043  OE8TED         599  599  JN76          JN76     3   1815.2
160CW  18-Dec-21 19:50 0044  HB9ARF         599  599  JN36          JN36     3   1811.7
160CW  18-Dec-21 19:51 0045  YL2SM          599  599  KO37          KO37     3   1810.4
160CW  18-Dec-21 19:52 0046  OG6N           599  599  KP12          KP12     3   1838.8
160CW  18-Dec-21 19:54 0047  YU5R           599  599  KN04          KN04     3   1836.4
160CW  18-Dec-21 19:56 0048  UT6UD          599  599  KO50          KO50     3   1835.6
160CW  18-Dec-21 19:57 0049  EU4E           599  599  KO23          KO23     3   1835.0
160CW  18-Dec-21 20:00 0050  HA7I           599  599  KN07          KN07     3   1833.1
160CW  18-Dec-21 20:01 0051  YL3FT          599  599  KO26          KO26     3   1832.0
160CW  18-Dec-21 20:02 0052  DF1LON         599  599  JO31                   2   1832.6
160CW  18-Dec-21 20:05 0053  SP2R           599  599  323           323      3   1829.2
160CW  18-Dec-21 21:06 0054  YL1ZF          599  599  KO27          KO27     3   1828.2
160CW  18-Dec-21 21:08 0055  SF1Z           599  599  JO97          JO97     3   1825.4
160CW  18-Dec-21 21:10 0056  OK1KQH         599  599  JN79                   3   1824.8
160CW  18-Dec-21 21:13 0057  LY2XW          599  599  KO25          KO25     3   1823.3
160CW  18-Dec-21 21:13 0058  OK1TN          599  599  JO70          JO70     3   1822.6
160CW  18-Dec-21 21:17 0059  UA4S           599  599  LO46          LO46     3   1821.5
160CW  18-Dec-21 21:19 0060  R5WW           599  599  KO81          KO81     3   1819.9
160CW  18-Dec-21 21:20 0061  RW7K           599  599  KO85          KO85     3   1818.8
160CW  18-Dec-21 21:23 0062  RV1CC          599  599  KO59          KO59     3   1816.4
160CW  18-Dec-21 21:25 0063  DH1NBE         599  599  JN59                   2   1814.4
160CW  18-Dec-21 21:26 0064  UA1CUR         599  599  KO85                   3   1812.7
160CW  18-Dec-21 21:28 0065  DL7ON          599  599  JO62          JO62     2   1812.4
160CW  19-Dec-21 08:05 0066  SN1T           599  599  420           420      3   1824.0
160CW  19-Dec-21 08:07 0067  MD2C           599  599  IO74          IO74     3   1823.7
160CW  19-Dec-21 08:08 0068  G4IIY          599  599  IO85          IO85     3   1820.3
160CW  19-Dec-21 08:13 0069  LY7M           599  599  KO25                   3   1825.1
