 40CW  17-May-21 16:34 0001  SM6TOL         599  599  002           SM       3   7038.1
 40CW  17-May-21 16:34 0002  SM6M           599  599  012                    3   7037.4
 40CW  17-May-21 16:36 0003  SP6OJE         599  599  011           SP       3   7036.0
 40CW  17-May-21 16:38 0004  9A1AA          599  599  021           9A       3   7035.1
 40CW  17-May-21 16:39 0005  SN1T           599  599  016                    3   7033.5
 40CW  17-May-21 16:39 0006  SM5IMO         599  599  018                    3   7032.8
 40CW  17-May-21 16:41 0007  EA3X           599  599  017           EA       3   7031.5
 40CW  17-May-21 16:42 0008  OK2EA          599  599  015           OK       3   7031.0
 40CW  17-May-21 16:43 0009  OM77PA         599  599  032           OM       3   7030.5
 40CW  17-May-21 16:44 0010  SM5ACQ         599  599  023                    3   7029.7
 40CW  17-May-21 16:45 0011  OK5MM          599  599  024                    3   7028.4
 40CW  17-May-21 16:46 0012  SD6F           599  599  026                    3   7026.1
 40CW  17-May-21 16:47 0013  SI0W           599  599  017                    3   7024.5
 40CW  17-May-21 16:50 0014  SM9X           599  599  034                    3   7039.1
 40CW  17-May-21 16:51 0015  OK1FMJ         599  599  005                    3   7039.1
 40CW  17-May-21 16:53 0016  SM5BXR         599  599  022                    3   7039.1
 40CW  17-May-21 16:54 0017  OK1LL          599  599  009                    3   7039.1
 40CW  17-May-21 16:54 0018  G3SZU          599  599  024           G        3   7039.1
 40CW  17-May-21 16:55 0019  EW1M           599  599  043           EU       3   7039.1
 40CW  17-May-21 16:56 0020  OK5RC          599  599  001                    3   7039.1
 40CW  17-May-21 16:57 0021  EU8F           599  599  031                    3   7039.1
 40CW  17-May-21 16:59 0022  DF0WN          599  599  033           DL       2   7039.1
 40CW  17-May-21 17:01 0023  YL3FW          599  599  030           YL       3   7039.1
 40CW  17-May-21 17:01 0024  OK1HDU         599  599  023                    3   7039.1
 40CW  17-May-21 17:03 0025  OK2BFN         599  599  056                    3   7039.1
 40CW  17-May-21 17:04 0026  OK1FCJ         599  599  066                    3   7039.1
 40CW  17-May-21 17:07 0027  IN3FHE         599  599  038           I        3   7036.9
 40CW  17-May-21 17:29 0028  SO3O           599  599  055                    3   7028.5
 40CW  17-May-21 17:29 0029  OH5ZA          599  599  053           OH       3   7025.9
