 40CW  06-Feb-21 18:12 0001  OM7M           599  599  SK03          SK03     3   7009.4
 40CW  06-Feb-21 18:19 0002  LY5W           599  599  LT03          LT03     3   7004.0
 40CW  06-Feb-21 18:20 0003  YT6M           599  599  28            28       3   7035.3
 40CW  06-Feb-21 18:25 0004  4U13FEB        599  599  IT03          IT03     3   7034.6
 40CW  06-Feb-21 18:26 0005  YU7KW          599  599  28                     3   7033.5
 40CW  06-Feb-21 18:30 0006  I5MXX          599  599  IT19          IT19     3   7030.8
 40CW  06-Feb-21 18:30 0007  EA1CS          599  599  ES14          ES14     3   7029.9
 40CW  06-Feb-21 18:31 0008  EA1WX          599  599  ES14                   3   7029.3
 40CW  06-Feb-21 18:34 0009  F5SDD          599  599  FR13          FR13     3   7027.6
 40CW  06-Feb-21 18:36 0010  HG7T           599  599  HU02          HU02     3   7024.4
 40CW  06-Feb-21 18:41 0011  IK6QON         599  599  IT01          IT01     3   7020.3
 40CW  06-Feb-21 18:46 0012  HA9AX          599  599  HU01          HU01     3   7016.0
 40CW  06-Feb-21 18:48 0013  EA4OR          599  599  ES03          ES03     3   7015.4
 40CW  06-Feb-21 18:49 0014  UT5C           599  599  29            29       3   7013.7
 40CW  06-Feb-21 18:51 0015  YO8RXP         599  599  RO01          RO01     3   7012.6
 40CW  06-Feb-21 19:22 0016  9A2AJ          599  599  HR03          HR03     3   7031.1
 40CW  06-Feb-21 19:24 0017  YU7GMN         599  599  28                     3   7031.5
 40CW  06-Feb-21 19:25 0018  EA1X           599  599  ES05          ES05     3   7028.9
 40CW  06-Feb-21 19:27 0019  HA0LC          599  599  HU02                   3   7028.3
 40CW  06-Feb-21 19:31 0020  HG8C           599  599  HU03          HU03     3   7019.6
 40CW  06-Feb-21 19:33 0021  F6IRA          599  599  FR10          FR10     3   7014.8
 40CW  06-Feb-21 19:34 0022  US1VM          599  599  29                     3   7014.4
 40CW  06-Feb-21 19:40 0023  LZ5R           599  599  BG06          BG06     3   7010.3
 40CW  06-Feb-21 19:41 0024  P3X            599  599  CY05          CY05     5   7009.8
160CW  06-Feb-21 19:43 0025  OT4A           599  599  BE01          BE01     3   1821.0
160CW  06-Feb-21 19:45 0026  HA7I           599  599  HU01          HU01     3   1835.2
160CW  06-Feb-21 19:49 0027  LY5W           599  599  LT03          LT03     3   1833.0
160CW  06-Feb-21 19:53 0028  YL3FT          599  599  LV05          LV05     3   1829.3
160CW  06-Feb-21 19:53 0029  LY7M           599  599  LT02          LT02     3   1828.9
160CW  06-Feb-21 19:55 0030  DL3UB          599  599  DE09          DE09     2   1826.7
160CW  06-Feb-21 19:56 0031  LY2BKT         599  599  LT01          LT01     3   1825.1
160CW  06-Feb-21 20:09 0032  DK9IP          599  599  DE01          DE01     2   1822.3
160CW  06-Feb-21 20:15 0033  LY2CX          599  599  LT04          LT04     3   1833.0
160CW  06-Feb-21 20:19 0034  IQ3ME          599  599  IT21          IT21     3   1832.0
160CW  06-Feb-21 20:21 0035  DK1MAX         599  599  DE02          DE02     2   1830.2
160CW  06-Feb-21 20:24 0036  DL5AXX         599  599  DE07          DE07     2   1827.7
160CW  06-Feb-21 20:25 0037  UD4F           599  599  29            29       3   1826.2
 15CW  07-Feb-21 09:53 0038  RA9AP          599  599  30            30       5  21012.0
 15CW  07-Feb-21 09:54 0039  P3X            599  599  CY05          CY05     5  21010.1
 20CW  07-Feb-21 10:04 0040  LZ5R           599  599  BG06          BG06     3  14021.0
 20CW  07-Feb-21 10:06 0041  RT5P           599  599  29            29       3  14018.4
 20CW  07-Feb-21 10:09 0042  UR6EA          599  599  29                     3  14016.5
 20CW  07-Feb-21 10:10 0043  LY2J           599  599  LT05          LT05     3  14016.4
 20CW  07-Feb-21 10:15 0044  LZ1ZM          599  599  BG04          BG04     3  14016.0
 20CW  07-Feb-21 10:17 0045  UV2L           599  599  29                     3  14013.5
 20CW  07-Feb-21 10:25 0046  UR7MZ          599  599  29                     3  14012.6
 20CW  07-Feb-21 10:32 0047  Z32U           599  599  28            28       3  14011.0
 20CW  07-Feb-21 10:45 0048  LY5W           599  599  LT03          LT03     3  14008.0
 20CW  07-Feb-21 10:46 0049  LY5AX          599  599  LT05                   3  14007.0
 20CW  07-Feb-21 10:51 0050  US7IY          599  599  29                     3  14039.8
 20CW  07-Feb-21 11:04 0051  JA6GCE         599  599  45            45       5  14035.3
 20CW  07-Feb-21 11:07 0052  4U13FEB        599  599  IT03          IT03     3  14031.4
 20CW  07-Feb-21 11:12 0053  9H1XT          599  599  MT04          MT04     3  14030.1
 20CW  07-Feb-21 11:36 0054  UA9XO          599  599  20            20       3  14025.6
 20CW  07-Feb-21 11:39 0055  4L8A           599  599  29                     5  14024.0
 20CW  07-Feb-21 11:43 0056  IT9ATF         599  599  IT16          IT16     3  14022.9
 20CW  07-Feb-21 11:49 0057  DL1EKO         599  599  DE10          DE10     2  14022.9
 20CW  07-Feb-21 11:59 0058  YO9RIJ         599  599  RO02          RO02     3  14017.8
 20CW  07-Feb-21 12:01 0059  SM0HRP         599  599  SE01          SE01     3  14017.4
 20CW  07-Feb-21 12:08 0060  RU4SO          599  599  29                     3  14015.7
 20CW  07-Feb-21 12:57 0061  UT4U           599  599  29                     3  14014.7
 20CW  07-Feb-21 13:00 0062  SV9DJO         599  599  GR04          GR04     3  14012.9
 20CW  07-Feb-21 13:02 0063  UA6LUQ         599  599  29                     3  14007.6
 20CW  07-Feb-21 13:03 0064  N1UR           599  599  8             8        5  14004.6
 20CW  07-Feb-21 13:05 0065  AE2W           599  599  8                      5  14002.6
 20CW  07-Feb-21 15:39 0066  EA4OR          599  599  ES03          ES03     3  14049.6
 40CW  07-Feb-21 15:46 0067  I2BRT          599  599  IT11          IT11     3   7006.5
 40CW  07-Feb-21 15:48 0068  HB9BXE         599  599  28                     3   7003.2
 40CW  07-Feb-21 15:49 0069  LY5O           599  599  LT03                   3   7002.9
 40CW  07-Feb-21 15:51 0070  SM6OEF         599  599  SE12          SE12     3   7002.0
 40CW  07-Feb-21 15:52 0071  LY9A           599  599  LT01          LT01     3   7001.7
 40CW  07-Feb-21 15:53 0072  CT1GFK         599  599  PT03          PT03     3   7001.3
 40CW  07-Feb-21 15:54 0073  OE5TXF         599  599  AT05          AT05     3   7038.9
 40CW  07-Feb-21 15:55 0074  S58D           599  599  SI02          SI02     3   7037.4
 40CW  07-Feb-21 15:56 0075  HB9ARF         599  599  28                     3   7037.1
 40CW  07-Feb-21 15:58 0076  OH2KW          599  599  FI17          FI17     3   7036.3
 40CW  07-Feb-21 15:59 0077  SO4M           599  599  PL15          PL15     3   7034.6
 40CW  07-Feb-21 16:01 0078  HB9DHG         599  599  28                     3   7034.3
 40CW  07-Feb-21 16:53 0079  EA3X           599  599  ES02          ES02     3   7029.5
 40CW  07-Feb-21 16:54 0080  S57KM          599  599  SI02                   3   7028.2
 80CW  07-Feb-21 16:56 0081  DL7VFM         599  599  DE03          DE03     2   3527.2
 80CW  07-Feb-21 16:59 0082  PG7V           599  599  NL04          NL04     3   3526.8
 80CW  07-Feb-21 17:00 0083  DK2FG          599  599  DE10          DE10     2   3526.5
 80CW  07-Feb-21 17:01 0084  OM7M           599  599  SK03          SK03     3   3524.1
 80CW  07-Feb-21 17:02 0085  SN5N           599  599  PL06          PL06     3   3523.7
 80CW  07-Feb-21 17:03 0086  SN1T           599  599  PL11          PL11     3   3523.1
 80CW  07-Feb-21 17:04 0087  DL2OM          599  599  DE11          DE11     2   3522.7
 80CW  07-Feb-21 17:05 0088  DL5XJ          599  599  DE15          DE15     2   3521.3
 80CW  07-Feb-21 17:06 0089  DL3UB          599  599  DE09          DE09     2   3518.9
 80CW  07-Feb-21 17:13 0090  DL4ME          599  599  DE16          DE16     2   3515.4
 80CW  07-Feb-21 17:14 0091  F8KCF          599  599  FR01          FR01     3   3515.0
 80CW  07-Feb-21 17:16 0092  LY2TS          599  599  LT04          LT04     3   3514.6
 80CW  07-Feb-21 17:17 0093  OT4A           599  599  BE01          BE01     3   3514.1
 80CW  07-Feb-21 17:18 0094  M0BEW          599  599  27            27       3   3513.0
 80CW  07-Feb-21 17:19 0095  SM5S           599  599  SE03          SE03     3   3511.8
 80CW  07-Feb-21 17:21 0096  PA5N           599  599  NL04                   3   3511.5
 80CW  07-Feb-21 17:23 0097  DL1NKS         599  599  DE02          DE02     2   3511.0
 80CW  07-Feb-21 17:24 0098  OK4RQ          599  599  CZ10          CZ10     3   3510.6
 80CW  07-Feb-21 17:25 0099  F6IRA          599  599  FR10          FR10     3   3509.7
 80CW  07-Feb-21 17:26 0100  YQ6A           599  599  RO07          RO07     3   3509.0
