 80CW  13-Feb-21 17:52 0001  PA3ARM         599  599  LB            PA       3   3515.0
 80CW  13-Feb-21 17:54 0002  PA2PCH         599  599  DR                     3   3512.2
 80CW  13-Feb-21 17:58 0003  PA6T           599  599  NB                     3   3543.2
 80CW  13-Feb-21 18:04 0004  PA4O           599  599  GR                     3   3536.8
 80CW  13-Feb-21 18:07 0005  PA9CW          599  599  NB                     3   3532.0
 80CW  13-Feb-21 18:11 0006  PA5TT          599  599  ZL                     3   3531.0
 80CW  13-Feb-21 18:12 0007  PA2PKZ         599  599  GD                     3   3530.3
 80CW  13-Feb-21 18:13 0008  PA3EVY         599  599  ZL                     3   3529.6
 80CW  13-Feb-21 18:14 0009  PA7JWC         599  599  NB                     3   3528.7
 80CW  13-Feb-21 18:18 0010  PA5PEX         599  599  NH                     3   3528.0
 80CW  13-Feb-21 18:19 0011  PA2RG          599  599  UT                     3   3527.5
 80CW  13-Feb-21 18:20 0012  PA3DBS         599  599  NB                     3   3527.1
 80CW  13-Feb-21 18:23 0013  PB7Z           599  599  DR                     3   3525.7
 80CW  13-Feb-21 18:25 0014  PG5V           599  599  ZH                     3   3522.4
 80CW  13-Feb-21 18:27 0015  PE6Q           599  599  DR                     3   3520.4
 80CW  13-Feb-21 18:29 0016  PC5C           599  599  GR                     3   3519.5
 80CW  13-Feb-21 18:35 0017  PA0VAJ         599  599  GR                     3   3518.7
 80CW  13-Feb-21 18:38 0018  PB2T           599  599  GD                     3   3510.0
160CW  13-Feb-21 18:40 0019  PA4O           599  599  GR            PA       3   1829.5
160CW  13-Feb-21 18:41 0020  PE6Q           599  599  DR                     3   1828.8
160CW  13-Feb-21 18:46 0021  PA3AAV         599  599  NH                     3   1833.6
160CW  13-Feb-21 20:58 0022  PA5KT          599  599  ZL                     3   1830.1
