 15CW  16-May-21 10:49 0001  OH1F           599  599  154           OH       3  21041.9
 15CW  16-May-21 10:50 0002  IZ3NVR         599  599  152           I        3  21037.1
 15CW  16-May-21 10:51 0003  9A4W           599  599  214           9A       3  21034.6
 15CW  16-May-21 10:54 0004  F6DCQ          599  599  717           F        3  21030.1
 15CW  16-May-21 10:55 0005  HA2KMR         599  599  934           HA       3  21028.4
 15CW  16-May-21 10:55 0006  HA7RY          599  599  884                    3  21028.0
 15CW  16-May-21 10:57 0007  OY1CT          599  599  875           OY       3  21027.3
 15CW  16-May-21 10:58 0008  HA3NU          599  599  251                    3  21026.9
 15CW  16-May-21 10:58 0009  EF1A           599  599  C             EA       3  21023.1
 15CW  16-May-21 10:59 0010  YT8A           599  599  304           YU       3  21022.0
 15CW  16-May-21 11:00 0011  EF5U           599  599  A                      3  21021.0
 15CW  16-May-21 11:06 0012  IZ8JFL         599  599  643                    3  21006.5
 15CW  16-May-21 11:07 0013  EF5R           599  599  A                      3  21005.9
 10CW  16-May-21 11:10 0014  ED7N           599  599  CO            EA       3  28041.7
 10CW  16-May-21 11:13 0015  EA3NO          599  599  B                      3  28031.0
 10CW  16-May-21 11:14 0016  EA3C           599  599  L                      3  28029.0
 10CW  16-May-21 11:14 0017  EF0F           599  599  SMR                    3  28029.7
 10CW  16-May-21 11:16 0018  ED5A           599  599  A                      3  28025.6
 10CW  16-May-21 11:17 0019  EF1A           599  599  C                      3  28024.1
 10CW  16-May-21 11:20 0020  EA4GOY         599  599  TO                     3  28017.1
 10CW  16-May-21 11:21 0021  S51DX          599  599  245           S5       3  28016.0
 20CW  16-May-21 11:28 0022  OL5Y           599  599  010           OK       3  14023.6
 20CW  16-May-21 11:30 0023  OZ3SM          599  599  608           OZ       3  14023.0
