 80CW  26-Dec-21 08:31 0000  DL9ABM         599  599  H07           H07      2   3528.0
 80CW  26-Dec-21 08:31 0000  DF7JC          599  599  R02           R02      2   3528.0
 80CW  26-Dec-21 08:33 0000  DL3KUD         599  599  V14           V14      2   3525.2
 80CW  26-Dec-21 08:34 0000  DL2SWR         599  599  V13           V13      2   3525.2
 80CW  26-Dec-21 08:37 0000  DR4A           599  599  F27           F27      2   3528.3
 80CW  26-Dec-21 08:38 0000  DJ5CW          599  599  S07           S07      2   3528.3
 80CW  26-Dec-21 08:38 0000  DL4HG          599  599  E38           E38      2   3529.4
 80CW  26-Dec-21 08:39 0000  DK9HE          599  599  E34           E34      2   3529.4
 80CW  26-Dec-21 08:45 0000  OP4K           599  599  011           011      3   3530.4
 80CW  26-Dec-21 08:50 0000  DK3WE          599  599  S34           S34      2   3530.4
 80CW  26-Dec-21 08:51 0000  DL1RTL         599  599  Y34           Y34      2   3530.4
 80CW  26-Dec-21 08:52 0000  DK2OY          599  599  M15           M15      2   3529.5
 80CW  26-Dec-21 08:52 0000  LY7M           599  599  020           020      3   3529.5
 80CW  26-Dec-21 08:53 0000  DF1MM          599  599  I18           I18      2   3526.9
 80CW  26-Dec-21 08:53 0000  DF4XX          599  599  E38                    2   3526.9
 80CW  26-Dec-21 09:07 0000  DF7YE          599  599  N34           N34      2   3514.0
 80CW  26-Dec-21 09:10 0000  DL1QW          599  599  L05           L05      2   3514.0
 80CW  26-Dec-21 09:10 0000  DJ0SP          599  599  N53           N53      2   3521.0
 80CW  26-Dec-21 09:48 0000  DL1WA          599  599  X22           X22      2   3516.8
 80CW  26-Dec-21 09:50 0000  DK8VD          599  599  K47           K47      2   3516.8
 80CW  26-Dec-21 10:47 0000  DJ4KW          599  599  E34                    2   3522.2
