 13SSB 20-Feb-21 21:41 0001  DL5GAC         59   55 043 JN47        DL       2  2400370
 13SSB 20-Feb-21 22:02 0002  IU5ICR         59   59 031 JN53        I        3  2400389
 13SSB 20-Feb-21 22:04 0003  PE1ITR         59   59 057 JO21        PA       3  2400383
 13SSB 20-Feb-21 22:06 0004  OE6MDF         59   59 027 JN77        OE       3  2400406
 13SSB 20-Feb-21 22:10 0005  DL2GRC         59   59 063 JN48                 2  2400410
 13SSB 20-Feb-21 22:11 0006  DL2MWB         59   57 060 JN57                 2  2400428
 13SSB 20-Feb-21 22:15 0007  A41ZZ          59   59 070 LL93        A4       5  2400440
 13SSB 20-Feb-21 22:20 0008  ST2NH          59   55 047 KK65        ST       5  2400446
 13SSB 20-Feb-21 22:24 0009  DL7ARV         59   55 055 JO62                 2  2400454
 13SSB 20-Feb-21 22:27 0010  IK1IYU         59   59 044 JN44                 3  2400460
 13SSB 20-Feb-21 22:31 0011  DL6NAV         59   57 024 JN49WV               2  2400290
 13SSB 20-Feb-21 22:35 0012  DG7RO          59   55     JN58RG               2  2400300
 13SSB 20-Feb-21 22:40 0013  PR8KW          59   59 063 GI77        PY       5  2400315
 13SSB 20-Feb-21 22:42 0014  DL4SDR         59   55 022 JN49                 2  2400328
 13SSB 20-Feb-21 22:44 0015  DH1RK          59   59 035 JN49DT               2  2400340
 13SSB 20-Feb-21 22:47 0016  PA3FYM         59   59 083 JO22                 3  2400370
 13SSB 20-Feb-21 22:53 0017  DG7YEO         59   59 038 JO31                 2  2400420
 13SSB 20-Feb-21 22:55 0018  YO3APJ         59   59 061 KN25        YO       3  2400429
 13SSB 20-Feb-21 23:09 0019  HB9GWJ         59   59 045 JN36CK      HB       3  2400309
 13SSB 20-Feb-21 23:13 0020  M0SKN          59   59 030 IO91        G        3  2400324
 13SSB 20-Feb-21 23:14 0021  PH7PCF         59   59 038 JO22                 3  2400332
 13SSB 20-Feb-21 23:19 0022  VU2DPN         59   57 060 MK81        VU       5  2400272
 13SSB 20-Feb-21 23:23 0023  YO8RNP         59   59 040 KN34                 3  2400368
 13SSB 20-Feb-21 23:33 0024  DO6KDS         59   59     JO31CX               2  2400262
 13SSB 20-Feb-21 23:43 0025  F5DJL          59   59 077 JN36        F        3  2400307
