 40CW  15-Mar-21 16:31 0001  SP4TKR         599  599  002           SP       3   7038.4
 40CW  15-Mar-21 16:33 0002  SD1A           599  599  008           SM       3   7037.5
 40CW  15-Mar-21 16:34 0003  SM6M           599  599  012                    3   7036.6
 40CW  15-Mar-21 16:34 0004  SD6M           599  599  006                    3   7035.4
 40CW  15-Mar-21 16:35 0005  EU8F           599  599  010           EU       3   7035.1
 40CW  15-Mar-21 16:35 0006  SM6IQD         599  599  006                    3   7034.5
 40CW  15-Mar-21 16:36 0007  LY2BKT         599  599  008           LY       3   7034.1
 40CW  15-Mar-21 16:37 0008  SN1T           599  599  009                    3   7033.7
 40CW  15-Mar-21 16:37 0009  YL3FW          599  599  007           YL       3   7033.3
 40CW  15-Mar-21 16:38 0010  OH1SIC         599  599  016           OH       3   7032.5
 40CW  15-Mar-21 16:38 0011  9A7R           599  599  013           9A       3   7032.1
 40CW  15-Mar-21 16:42 0012  UR5YKO         599  599  018           UR       3   7031.3
 40CW  15-Mar-21 16:42 0013  I2IFT          599  599  014           I        3   7031.1
 40CW  15-Mar-21 16:44 0014  SM5CSS         599  599  022                    3   7030.2
 40CW  15-Mar-21 16:45 0015  SD6F           599  599  024                    3   7029.0
 40CW  15-Mar-21 16:45 0016  SM5ACQ         599  599  025                    3   7028.2
 40CW  15-Mar-21 16:49 0017  SM9X           599  599  031                    3   7037.5
 40CW  15-Mar-21 16:49 0018  SM5IMO         599  599  027                    3   7037.5
 40CW  15-Mar-21 16:51 0019  HA5MA          599  599  026           HA       3   7036.8
 40CW  15-Mar-21 16:53 0020  EA3X           599  599  046           EA       3   7028.5
 40CW  15-Mar-21 16:55 0021  OK2TJ          599  599  032           OK       3   7027.5
 40CW  15-Mar-21 16:56 0022  SK0QO          599  599  021                    3   7030.8
 40CW  15-Mar-21 16:57 0023  SQ9S           599  599  021                    3   7030.8
 80CW  15-Mar-21 17:01 0024  OK2TJ          599  599  038           OK       3   3547.5
 80CW  15-Mar-21 17:03 0025  DL1DWR         599  599  040           DL       2   3545.6
 80CW  15-Mar-21 17:03 0026  SN8T           599  599  059           SP       3   3545.3
 80CW  15-Mar-21 17:06 0027  DK2FG          599  599  049                    2   3543.7
 80CW  15-Mar-21 17:09 0028  OK1DOR         599  599  044                    3   3542.5
 80CW  15-Mar-21 17:11 0029  OK1DRQ         599  599  053                    3   3541.7
 80CW  15-Mar-21 17:12 0030  OK5FF          599  599  067                    3   3541.0
 80CW  15-Mar-21 17:14 0031  DD5M           599  599  073                    2   3540.7
 80CW  15-Mar-21 17:15 0032  DL1NKS         599  599  067                    2   3540.2
 80CW  15-Mar-21 17:16 0033  SM5IMO         599  599  084           SM       3   3539.8
 80CW  15-Mar-21 17:18 0034  SP7LIE         599  599  035                    3   3539.3
 80CW  15-Mar-21 17:18 0035  OK1TN          599  599  098                    3   3538.7
 80CW  15-Mar-21 17:19 0036  DL6IAK         599  599  064                    2   3537.8
 80CW  15-Mar-21 17:20 0037  OK1FGS         599  599  088                    3   3537.5
 80CW  15-Mar-21 17:21 0038  SN1T           599  599  084                    3   3536.7
 80CW  15-Mar-21 17:22 0039  OK1RR          599  599  100                    3   3536.3
 80CW  15-Mar-21 17:23 0040  OK1FMX         599  599  081                    3   3535.8
 80CW  15-Mar-21 17:23 0041  OK2PYA         599  599  105                    3   3535.5
 80CW  15-Mar-21 17:24 0042  M0BEW          599  599  071           G        3   3534.7
 80CW  15-Mar-21 17:25 0043  OK2EA          599  599  090                    3   3534.4
 80CW  15-Mar-21 17:26 0044  SE0B           599  599  043                    3   3533.6
 80CW  15-Mar-21 17:27 0045  E77EA          599  599  071           E7       3   3532.0
 80CW  15-Mar-21 17:28 0046  DL1VDL         599  599  105                    2   3531.3
