 40CW  13-Sep-21 16:32 0001  SM6M           599  599  005           005      3   7038.1
 40CW  13-Sep-21 16:35 0002  SM6OEF         599  599  007           007      3   7036.0
 40CW  13-Sep-21 16:36 0003  OK1RKS         599  599  006           006      3   7035.3
 40CW  13-Sep-21 16:37 0004  SF5O           599  599  010           010      3   7034.8
 40CW  13-Sep-21 16:38 0005  SN1T           599  599  019           019      3   7033.7
 40CW  13-Sep-21 16:40 0006  DJ3WE          599  599  010                    2   7033.1
 40CW  13-Sep-21 16:41 0007  SD1A           599  599  029           029      3   7032.5
 40CW  13-Sep-21 16:42 0008  OK1DOR         599  599  020           020      3   7030.5
 40CW  13-Sep-21 16:43 0009  SM5ACQ         599  599  023           023      3   7028.5
 40CW  13-Sep-21 16:44 0010  EA3X           599  599  014           014      3   7027.0
 40CW  13-Sep-21 16:44 0011  SM9X           599  599  028           028      3   7026.4
 40CW  13-Sep-21 16:45 0012  DL1RTL         599  599  023                    2   7025.7
 40CW  13-Sep-21 16:46 0013  SE5E           599  599  034           034      3   7024.6
 40CW  13-Sep-21 16:49 0014  DJ4MX          599  599  033           033      2   7036.5
 40CW  13-Sep-21 16:50 0015  OK1FMJ         599  599  002           002      3   7036.5
 40CW  13-Sep-21 16:51 0016  OK5M           599  599  034                    3   7036.4
 40CW  13-Sep-21 16:55 0017  OM77PA         599  599  043           043      3   7038.8
 40CW  13-Sep-21 16:57 0018  SO5CW          599  599  031           031      3   7038.3
 80CW  13-Sep-21 16:58 0019  OK2PYA         599  599  049           049      3   3545.1
 80CW  13-Sep-21 17:00 0020  OM77PA         599  599  056           056      3   3543.6
 80CW  13-Sep-21 17:06 0021  OK2BFN         599  599  053           053      3   3543.0
 80CW  13-Sep-21 17:07 0022  OK1RZ          599  599  065           065      3   3542.5
 80CW  13-Sep-21 17:11 0023  OM4AZF         599  599  022           022      3   3540.1
 80CW  13-Sep-21 17:13 0024  OK1FMG         599  599  053                    3   3539.4
 80CW  13-Sep-21 17:15 0025  SO3O           599  599  079           079      3   3539.0
 80CW  13-Sep-21 17:16 0026  OK1IBP         599  599  065                    3   3538.1
 80CW  13-Sep-21 17:17 0027  OK1TN          599  599  071           071      3   3536.7
 80CW  13-Sep-21 17:19 0028  SM5IMO         599  599  076           076      3   3536.2
 80CW  13-Sep-21 17:19 0029  OK2EA          599  599  088           088      3   3535.9
 80CW  13-Sep-21 17:21 0030  OK1FIG         599  599  013           013      3   3535.5
 80CW  13-Sep-21 17:22 0031  SN1T           599  599  111           111      3   3534.8
 80CW  13-Sep-21 17:22 0032  SE0B           599  599  068           068      3   3534.4
 80CW  13-Sep-21 17:24 0033  OM5CM          599  599  059           059      3   3534.0
 80CW  13-Sep-21 17:25 0034  DP7D           599  599  120           120      2   3533.5
 80CW  13-Sep-21 17:26 0035  OK5OO          599  599  072           072      3   3533.0
 80CW  13-Sep-21 17:27 0036  SP3SLU         599  599  076                    3   3532.5
 80CW  13-Sep-21 17:29 0037  HG1G           599  599  083           083      3   3545.9
