 40CW  26-Apr-21 16:57 0001  EA3X           599  599  048           EA       3   7029.6
 40CW  26-Apr-21 17:03 0002  UT5NR          599  599  041           UR       3   7036.8
 80CW  26-Apr-21 17:07 0003  DR5A           599  599  049           DL       2   3547.6
 80CW  26-Apr-21 17:09 0004  DJ9MH          599  599  088                    2   3544.4
 80CW  26-Apr-21 17:10 0005  OK5FF          599  599  055           OK       3   3544.1
 80CW  26-Apr-21 17:12 0006  OK5M           599  599  085                    3   3542.8
 80CW  26-Apr-21 17:15 0007  OK1MSL         599  599  063                    3   3540.7
 80CW  26-Apr-21 17:15 0008  DP7D           599  599  092                    2   3538.0
 80CW  26-Apr-21 17:16 0009  DJ9KH          599  599  066                    2   3535.5
 80CW  26-Apr-21 17:17 0010  DL6MHW         599  599  058                    2   3534.0
 80CW  26-Apr-21 17:20 0011  DK2FG          599  599  082                    2   3542.0
 80CW  26-Apr-21 17:23 0012  OK1FCJ         599  599  085                    3   3542.0
 80CW  26-Apr-21 17:24 0013  DJ3WE          599  599  072                    2   3542.0
 80CW  26-Apr-21 17:25 0014  OK2PYA         599  599  101                    3   3542.0
 80CW  26-Apr-21 17:26 0015  OK1IF          599  599  100                    3   3542.0
 80CW  26-Apr-21 17:27 0016  OK1AY          599  599  099                    3   3542.0
 80CW  26-Apr-21 17:27 0017  OM5RW          599  599  097           OM       3   3542.0
 80CW  26-Apr-21 17:29 0018  OM2KI          599  599  098                    3   3542.0
 80CW  26-Apr-21 17:29 0019  OK6DJ          599  599  097                    3   3542.0
 80CW  26-Apr-21 17:29 0020  OK1FCJ         599  599  107                    0   3542.0
