 80CW  11-Jan-21 16:43 0001  OK2NO          599  599  027           OK       3   3548.5
 80CW  11-Jan-21 16:43 0002  DL1PAN         599  599  020           DL       2   3548.0
 80CW  11-Jan-21 16:44 0003  OK1TN          599  599  039                    3   3546.1
 80CW  11-Jan-21 16:45 0004  SP3VT          599  599  016           SP       3   3545.1
 80CW  11-Jan-21 16:46 0005  PA3DBS         599  599  012           PA       3   3545.5
 80CW  11-Jan-21 16:47 0006  OK2ZC          599  599  034                    3   3544.8
 80CW  11-Jan-21 16:48 0007  OK6DJ          599  599  045                    3   3544.1
 80CW  11-Jan-21 16:49 0008  OK1IF          599  599  039                    3   3543.5
 80CW  11-Jan-21 16:50 0009  DK3GI          599  599  030                    2   3542.0
 80CW  11-Jan-21 16:50 0010  OK1MSL         599  599  029                    3   3541.7
 80CW  11-Jan-21 16:52 0011  OK4RM          599  599  023                    3   3541.2
 80CW  11-Jan-21 16:52 0012  DF4XX          599  599  037                    2   3540.7
 80CW  11-Jan-21 16:53 0013  DL5YM          599  599  046                    2   3540.4
 80CW  11-Jan-21 16:54 0014  DL4CF          599  599  042                    2   3540.0
 80CW  11-Jan-21 16:55 0015  OK1RZ          599  599  055                    3   3539.5
 80CW  11-Jan-21 16:55 0016  OK1DWF         599  599  018                    3   3539.1
 80CW  11-Jan-21 16:56 0017  OK1DRQ         599  599  049                    3   3538.7
 80CW  11-Jan-21 16:56 0018  DL6KVA         599  599  036                    2   3538.1
 80CW  11-Jan-21 16:57 0019  OK1FGD         599  599  055                    3   3537.5
 80CW  11-Jan-21 16:58 0020  OK2EA          599  599  039                    3   3537.2
 80CW  11-Jan-21 16:59 0021  OM3CPF         599  599  048           OM       3   3536.7
 80CW  11-Jan-21 16:59 0022  SM5IMO         599  599  057           SM       3   3536.4
 80CW  11-Jan-21 17:03 0023  DL1NKS         599  599  059                    2   3534.5
 80CW  11-Jan-21 17:04 0024  OK1NG          599  599  053                    3   3534.0
 80CW  11-Jan-21 17:04 0025  OK5MM          599  599  057                    3   3533.7
 80CW  11-Jan-21 17:06 0026  SP3SLU         599  599  024                    3   3533.4
 80CW  11-Jan-21 17:07 0027  E77EA          599  599  061           E7       3   3533.0
 80CW  11-Jan-21 17:10 0028  SD6F           599  599  051                    3   3532.2
 80CW  11-Jan-21 17:14 0029  SN1T           599  599  084                    3   3531.2
 80CW  11-Jan-21 17:15 0030  DL6IAK         599  599  046                    2   3530.1
 80CW  11-Jan-21 17:16 0031  DL6MHW         599  599  081                    2   3529.3
 80CW  11-Jan-21 17:17 0032  DK2FG          599  599  083                    2   3528.5
 80CW  11-Jan-21 17:18 0033  SE4E           599  599  068                    3   3525.5
 80CW  11-Jan-21 17:18 0034  SD1A           599  599  074                    3   3525.0
 80CW  11-Jan-21 17:19 0035  SP1JXJ         599  599  037                    3   3524.4
 80CW  11-Jan-21 17:23 0036  OK2NAJ         599  599  052                    3   3547.8
 80CW  11-Jan-21 17:26 0037  OK1FCJ         599  599  101                    3   3546.3
 80CW  11-Jan-21 17:28 0038  OK1FHI         599  599  097                    3   3546.0
 80CW  11-Jan-21 17:28 0039  DL7AT          599  599  076                    2   3545.6
 80CW  11-Jan-21 17:29 0040  OK1IBP         599  599  095                    3   3544.5
 80CW  11-Jan-21 17:29 0041  DD5M           599  599  114                    2   3544.2
