 20CW  27-Feb-21 15:59 0001  SV1ENG         599  599  276           SV       3  14044.1
 20CW  27-Feb-21 16:00 0002  SV1JG          599  599  252                    3  14037.1
 20CW  27-Feb-21 16:02 0003  SV1ME          599  599  250                    3  14032.3
 20CW  27-Feb-21 16:06 0004  VE3NNT         599  599  268           VE       5  14021.7
 40CW  27-Feb-21 16:09 0005  OM3CW          599  599  129           OM       3   7010.0
 40CW  27-Feb-21 16:10 0006  SP8R           599  599  228           SP       3   7008.4
 40CW  27-Feb-21 16:13 0007  4O4T           599  599  223           4O       3   7008.0
 40CW  27-Feb-21 16:14 0008  SP6GCU         599  599  185                    3   7006.6
 40CW  27-Feb-21 16:16 0009  IU4MRU         599  599  072           I        3   7006.0
 40CW  27-Feb-21 16:21 0010  RU4LM          599  599  091           UA       3   7039.0
 40CW  27-Feb-21 16:23 0011  SE4E           599  599  167           SM       3   7038.2
 40CW  27-Feb-21 16:27 0012  YL5T           599  599  300           YL       3   7036.4
 40CW  27-Feb-21 16:27 0013  LY6A           599  599  341           LY       3   7036.0
 40CW  27-Feb-21 16:28 0014  LZ8E           599  599  396           LZ       3   7035.6
 40CW  27-Feb-21 16:29 0015  OG7F           599  599  018           OH       3   7034.9
 40CW  27-Feb-21 16:30 0016  IK3UNA         599  599  248                    3   7033.7
 40CW  27-Feb-21 16:30 0017  OH1AF          599  599  074                    3   7033.0
 40CW  27-Feb-21 16:34 0018  9A2AJ          599  599  303           9A       3   7032.6
 40CW  27-Feb-21 16:34 0019  LZ5K           599  599  246                    3   7031.9
 40CW  27-Feb-21 16:38 0020  YL2BJ          599  599  046                    3   7030.8
 40CW  27-Feb-21 16:39 0021  SM5IMO         599  599  158                    3   7030.5
 40CW  27-Feb-21 16:39 0022  IQ5OX          599  599  064                    3   7030.1
 40CW  27-Feb-21 16:40 0023  OG4A           599  599  200                    3   7029.2
 40CW  27-Feb-21 16:47 0024  OH2KW          599  599  129                    3   7025.7
 40CW  27-Feb-21 16:47 0025  EA4OR          599  599  237           EA       3   7025.1
 40CW  27-Feb-21 16:53 0026  LB6GG          599  599  194           LA       3   7023.5
 40CW  27-Feb-21 16:54 0027  SQ5JUP         599  599  021                    3   7021.9
 40CW  27-Feb-21 16:55 0028  HG7T           599  599  340           HA       3   7019.8
 40CW  27-Feb-21 16:57 0029  R2QA           599  599  432                    3   7016.9
 40CW  27-Feb-21 17:03 0030  EA1X           599  599  132                    3   7016.4
 40CW  27-Feb-21 17:10 0031  LY9A           599  599  318                    3   7015.8
 40CW  27-Feb-21 18:11 0032  HA5OV          599  599  208                    3   7014.7
 40CW  27-Feb-21 20:44 0033  UA3R           599  599  161                    3   7014.0
 40CW  27-Feb-21 20:45 0034  UA5R           599  599  259                    3   7012.9
 40CW  27-Feb-21 20:47 0035  EC5K           599  599  414                    3   7029.5
 40CW  27-Feb-21 20:48 0036  UT5IA          599  599  234           UR       3   7031.0
 40CW  27-Feb-21 20:57 0037  R3ZZ           599  599  568                    3   7022.6
 40CW  27-Feb-21 20:58 0038  EA4GOY         599  599  199                    3   7018.0
 80CW  27-Feb-21 21:03 0039  G3KHZ          599  599  123           G        3   3525.2
 80CW  27-Feb-21 21:04 0040  F5IN           599  599  535           F        3   3524.4
 80CW  27-Feb-21 21:05 0041  UA3LID         599  599  194           UA       3   3523.9
 80CW  27-Feb-21 21:06 0042  OM3RM          599  599  657           OM       3   3522.5
 80CW  27-Feb-21 21:08 0043  SN1T           599  599  404           SP       3   3522.1
 80CW  27-Feb-21 21:16 0044  R2QA           599  599  807                    3   3521.1
 80CW  27-Feb-21 21:19 0045  OM8AA          599  599  636                    3   3520.6
 80CW  27-Feb-21 21:20 0046  S53F           599  599  487           S5       3   3519.5
 80CW  27-Feb-21 21:21 0047  IZ8EYP         599  599  065           I        3   3518.7
 80CW  27-Feb-21 21:22 0048  UZ2I           599  599  1003          UR       3   3518.1
 80CW  27-Feb-21 21:23 0049  OL5J           599  599  345           OK       3   3517.6
 80CW  27-Feb-21 21:24 0050  LZ6E           599  599  563           LZ       3   3517.1
 80CW  27-Feb-21 21:25 0051  IV3AZV         599  599  192                    3   3516.7
 80CW  27-Feb-21 21:26 0052  SN5N           599  599  070                    3   3516.4
 80CW  27-Feb-21 21:27 0053  YU1ED          599  599  190           YU       3   3515.8
 80CW  27-Feb-21 21:31 0054  SP9JZU         599  599  405                    3   3513.8
 80CW  27-Feb-21 21:32 0055  OH1AF          599  599  522           OH       3   3512.3
 80CW  27-Feb-21 21:35 0056  YO4NF          599  599  545           YO       3   3507.6
 15CW  28-Feb-21 09:39 0057  OR6T           599  599  1325VB        ON       3  21019.1
 20CW  28-Feb-21 09:52 0058  EA4OR          599  599  556           EA       3  14024.0
 20CW  28-Feb-21 11:31 0059  N4BP           599  599  280           K        5  14022.2
 20CW  28-Feb-21 11:32 0060  RT5P           599  599  388           UA       3  14020.5
 20CW  28-Feb-21 11:32 0061  LZ1ND          599  599  531           LZ       3  14019.9
 20CW  28-Feb-21 11:32 0062  YU5R           599  599  571           YU       3  14019.3
 20CW  28-Feb-21 11:33 0063  R3EG           599  599  599                    3  14018.9
 20CW  28-Feb-21 11:36 0064  YT5A           599  599  298                    3  14013.2
 20CW  28-Feb-21 11:37 0065  OH1RX          599  599  509           OH       3  14012.4
 20CW  28-Feb-21 11:38 0066  RU4LM          599  599  244                    3  14011.0
 20CW  28-Feb-21 11:39 0067  RA9AP          599  599  288           UA9      5  14010.0
 20CW  28-Feb-21 11:42 0068  EO50FF         599  599  673           UR       3  14009.5
 20CW  28-Feb-21 11:43 0069  RA3Y           599  599  734                    3  14009.2
 20CW  28-Feb-21 11:44 0070  UB7A           599  599  418                    3  14008.5
 20CW  28-Feb-21 11:46 0071  CT1GFK         599  599  292           CT       3  14004.5
 20CW  28-Feb-21 11:47 0072  UF5A           599  599  340                    3  14003.7
 20CW  28-Feb-21 11:48 0073  OH4MDY         599  599  575                    3  14003.3
 20CW  28-Feb-21 11:49 0074  Z36W           599  599  227           Z3       3  14048.6
 20CW  28-Feb-21 11:51 0075  CR6K           599  599  072                    3  14046.0
 20CW  28-Feb-21 11:52 0076  RG9A           599  599  1102                   5  14043.3
 20CW  28-Feb-21 11:53 0077  R3QA           599  599  326                    3  14042.9
 20CW  28-Feb-21 11:55 0078  R3OM           599  599  515                    3  14041.5
 20CW  28-Feb-21 11:56 0079  LZ1QN          599  599  346                    3  14040.6
 20CW  28-Feb-21 11:57 0080  UR3VKR         599  599  195                    3  14037.7
 20CW  28-Feb-21 11:58 0081  LZ1ZM          599  599  612                    3  14034.8
 20CW  28-Feb-21 12:00 0082  RL5A           599  599  765                    3  14032.1
 20CW  28-Feb-21 12:01 0083  LZ2HR          599  599  457                    3  14031.5
 20CW  28-Feb-21 12:02 0084  RN5AA          599  599  345                    3  14031.1
 20CW  28-Feb-21 12:03 0085  EC5K           599  599  830                    3  14030.0
 20CW  28-Feb-21 12:04 0086  SV1BJW         599  599  783                    3  14028.8
 20CW  28-Feb-21 12:06 0087  K1ZZ           599  599  895                    5  14026.7
 20CW  28-Feb-21 12:06 0088  UN9L           599  599  219           UN       5  14025.8
 20CW  28-Feb-21 12:08 0089  UW1M           599  599  1398                   3  14024.8
 20CW  28-Feb-21 12:08 0090  YO4DG          599  599  405           YO       3  14024.3
 20CW  28-Feb-21 12:11 0091  UR5R           599  599  991                    3  14021.5
 20CW  28-Feb-21 12:20 0092  LZ1ZF          599  599  281                    3  14017.0
 20CW  28-Feb-21 12:21 0093  CS7AMH         599  599  854                    3  14016.5
 20CW  28-Feb-21 12:23 0094  R2QA           599  599  1591                   3  14014.5
 40CW  28-Feb-21 12:32 0095  OM7LW          599  599  583                    3   7016.0
 40CW  28-Feb-21 12:33 0096  SP1AEN         599  599  465                    3   7020.4
 40CW  28-Feb-21 12:34 0097  SP1D           599  599  857                    3   7023.5
 40CW  28-Feb-21 12:37 0098  HA6G           599  599  377                    3   7028.1
 40CW  28-Feb-21 12:38 0099  OM3RM          599  599  1008                   3   7030.1
 40CW  28-Feb-21 12:39 0100  LY2GX          599  599  419                    3   7032.0
 40CW  28-Feb-21 12:42 0101  OH2YL          599  599  498                    3   7032.5
 40CW  28-Feb-21 12:43 0102  OZ3SM          599  599  751           OZ       3   7034.5
 40CW  28-Feb-21 12:45 0103  OU2W           599  599  439                    3   7029.0
 40CW  28-Feb-21 12:47 0104  SP2DKI         599  599  280                    3   7024.7
 40CW  28-Feb-21 12:49 0105  OZ7BQ          599  599  394                    3   7020.7
 40CW  28-Feb-21 12:50 0106  SO6C           599  599  714                    3   7018.7
 40CW  28-Feb-21 12:53 0107  OZ1AAR         599  599  499                    3   7017.5
 40CW  28-Feb-21 12:54 0108  IK2UEX         599  599  352                    3   7012.5
 40CW  28-Feb-21 12:55 0109  LY5O           599  599  236                    3   7008.0
 20CW  28-Feb-21 12:57 0110  LZ8E           599  599  1554                   3  14033.7
 20CW  28-Feb-21 12:57 0111  EA4GOY         599  599  680                    3  14032.8
