 40CW  28-Aug-21 12:10 0001  YT4W           599  599  020           YU       3   7017.5
 40CW  28-Aug-21 12:18 0002  LY7W           599  599  015           LY       3   7010.0
 40CW  28-Aug-21 12:21 0003  DM7X           599  599  018           DL       2   7028.9
 20CW  28-Aug-21 12:33 0004  YO2MNZ         599  599  HD            YO       3  14024.0
 20CW  28-Aug-21 12:34 0005  LZ5R           599  599  152           LZ       3  14023.6
 20CW  28-Aug-21 12:35 0006  HG4I           599  599  083           HA       3  14022.6
 20CW  28-Aug-21 12:39 0007  9A2AJ          599  599  061           9A       3  14022.3
 20CW  28-Aug-21 12:41 0008  R5AJ           599  599  019           UA       3  14021.3
 20CW  28-Aug-21 12:48 0009  SM5CSS         599  599  045           SM       3  14020.4
 20CW  28-Aug-21 12:49 0010  RC9A           599  599  050           UA9      5  14020.0
 20CW  28-Aug-21 12:52 0011  UA6CC          599  599  092                    3  14018.1
 20CW  28-Aug-21 12:56 0012  UR5R           599  599  113           UR       3  14016.9
 20CW  28-Aug-21 12:57 0013  HG6O           599  599  088                    3  14016.4
 20CW  28-Aug-21 13:02 0014  UR7MZ          599  599  082                    3  14014.9
 20CW  28-Aug-21 13:06 0015  YR9F           599  599  GR                     3  14013.7
 20CW  28-Aug-21 13:14 0016  YL7X           599  599  115           YL       3  14011.7
 20CW  28-Aug-21 13:41 0017  YT1Q           599  599  137           YU       3  14019.0
 20CW  28-Aug-21 13:42 0018  HA2KMR         599  599  137                    3  14018.5
 20CW  28-Aug-21 13:43 0019  YP5A           599  599  BN                     3  14017.5
 20CW  28-Aug-21 13:43 0020  S51DX          599  599  016           S5       3  14016.5
 20CW  28-Aug-21 13:45 0021  LY4T           599  599  050           LY       3  14015.2
 20CW  28-Aug-21 13:45 0022  VE3NNT         599  599  102           VE       5  14015.2
 20CW  28-Aug-21 13:48 0023  R4BZ           599  599  108                    3  14015.2
 20CW  28-Aug-21 15:21 0024  R6VA           599  599  074                    3  14031.7
 20CW  28-Aug-21 15:27 0025  UA9BA          599  599  170                    5  14030.0
 20CW  28-Aug-21 15:27 0026  R4IO           599  599  262                    3  14028.9
 20CW  28-Aug-21 15:30 0027  HA4A           599  599  320                    3  14023.4
 20CW  28-Aug-21 15:33 0028  OY1CT          599  599  271           OY       3  14020.5
 20CW  28-Aug-21 15:37 0029  YQ6A           599  599  CV                     3  14013.7
 20CW  28-Aug-21 15:40 0030  IF9A           599  599  213           IT9      3  14008.9
 20CW  28-Aug-21 16:11 0031  RM7C           599  599  120                    3  14050.0
 20CW  28-Aug-21 16:16 0032  EA5HRT         599  599  073           EA       3  14048.1
 20CW  28-Aug-21 18:18 0033  EA3FZT         599  599  066                    3  14032.0
 20CW  28-Aug-21 18:19 0034  OH100HRAL      599  599  248           OH       3  14020.4
 20CW  28-Aug-21 18:20 0035  IK6QRH         599  599  099           I        3  14019.6
 20CW  28-Aug-21 18:22 0036  IK7MIY         599  599  063                    3  14018.8
 40CW  28-Aug-21 18:33 0037  SE4E           599  599  284           SM       3   7024.5
 80CW  28-Aug-21 18:37 0038  OZ2TF          599  599  301           OZ       3   3523.8
 80CW  28-Aug-21 18:39 0039  LZ1ZJ          599  599  153           LZ       3   3523.8
 80CW  28-Aug-21 18:40 0040  LY4T           599  599  367           LY       3   3522.4
 80CW  28-Aug-21 18:42 0041  LY7M           599  599  286                    3   3521.3
 80CW  28-Aug-21 18:43 0042  YU1YV          599  599  057           YU       3   3520.2
 80CW  28-Aug-21 18:51 0043  ON5WL          599  599  074           ON       3   3519.7
 80CW  28-Aug-21 18:58 0044  OE/HB9RB       599  599  377           OE       3   3517.5
 80CW  28-Aug-21 18:58 0045  DL6KWN         599  599  036           DL       2   3516.8
 80CW  28-Aug-21 19:00 0046  YT5N           599  599  134                    3   3516.8
 40CW  28-Aug-21 19:13 0047  IK7MIY         599  599  133           I        3   7010.0
 40CW  28-Aug-21 19:14 0048  YO4GO          599  599  TL            YO       3   7008.9
 40CW  28-Aug-21 19:21 0049  YO8RXP         599  599  BC                     3   7008.2
 40CW  28-Aug-21 19:22 0050  EA5IFY         599  599  051           EA       3   7007.8
 40CW  28-Aug-21 19:25 0051  RL2D           599  599  182           UA       3   7006.0
 40CW  28-Aug-21 19:27 0052  UR3GO          599  599  106           UR       3   7005.4
 40CW  28-Aug-21 19:27 0053  RU4SO          599  599  207                    3   7004.5
 40CW  28-Aug-21 19:28 0054  YP5A           599  599  BN                     3   7003.0
 40CW  28-Aug-21 19:29 0055  LY5AX          599  599  199                    3   7038.6
 40CW  28-Aug-21 19:30 0056  YO9HP          599  599  PH                     3   7038.1
 40CW  28-Aug-21 19:30 0057  YO5ODT         599  599  BH                     3   7037.0
 40CW  28-Aug-21 19:32 0058  S51J           599  599  119           S5       3   7036.4
 40CW  28-Aug-21 19:33 0059  EA3FZT         599  599  138                    3   7034.0
 40CW  28-Aug-21 19:33 0060  SM6OEF         599  599  045                    3   7033.5
 40CW  28-Aug-21 19:34 0061  YR9F           599  599  GR                     3   7032.7
 40CW  28-Aug-21 19:36 0062  OH5Z           599  599  754           OH       3   7029.4
 40CW  28-Aug-21 19:37 0063  S53M           599  599  169                    3   7028.1
 40CW  28-Aug-21 19:38 0064  US7IY          599  599  278                    3   7027.7
 40CW  28-Aug-21 19:40 0065  UY2IG          599  599  284                    3   7027.2
 40CW  28-Aug-21 19:41 0066  YO4DW          599  599  CT                     3   7025.0
 40CW  28-Aug-21 19:43 0067  EA4AOC         599  599  397                    3   7024.0
 40CW  28-Aug-21 19:44 0068  IK4DCX         599  599  267                    3   7023.2
 40CW  28-Aug-21 19:47 0069  SD1A           599  599  136                    3   7022.5
 40CW  28-Aug-21 19:47 0070  YR2X           599  599  AR                     3   7021.4
 40CW  28-Aug-21 19:50 0071  YO6KPT         599  599  CV                     3   7019.7
 40CW  28-Aug-21 19:50 0072  9A1CRT         599  599  126           9A       3   7019.3
 40CW  28-Aug-21 19:51 0073  HA5OV          599  599  072           HA       3   7017.4
 40CW  28-Aug-21 19:53 0074  YR0S           599  599  BU                     3   7016.7
 40CW  28-Aug-21 19:54 0075  HG4I           599  599  240                    3   7015.0
 40CW  28-Aug-21 19:55 0076  IK1RQQ         599  599  059                    3   7014.3
 40CW  28-Aug-21 19:56 0077  F5ROX          599  599  123           F        3   7014.0
 40CW  28-Aug-21 19:57 0078  YT7X           599  599  356                    3   7013.7
 40CW  28-Aug-21 20:02 0079  YO2CEQ         599  599  TM                     3   7011.5
 40CW  28-Aug-21 20:05 0080  LZ3QE          599  599  424           LZ       3   7010.0
 15CW  29-Aug-21 08:06 0081  UA9BA          599  599  393           UA9      5  21015.5
 15CW  29-Aug-21 08:09 0082  RG9A           599  599  1171                   5  21009.0
 15CW  29-Aug-21 08:11 0083  RN3AC          599  599  337           UA       3  21007.2
 15CW  29-Aug-21 08:13 0084  YO8AXP         599  599  BC            YO       3  21015.0
 20CW  29-Aug-21 08:16 0085  OH5Z           599  599  1199                   3  14023.4
 20CW  29-Aug-21 08:19 0086  YO8ST          599  599  BC                     3  14022.0
 20CW  29-Aug-21 08:20 0087  HA5JI          599  599  1444                   3  14021.1
 20CW  29-Aug-21 08:30 0088  IT9ESW         599  599  257                    3  14020.5
 20CW  29-Aug-21 08:53 0089  RN6AT          599  599  384                    3  14015.6
 20CW  29-Aug-21 08:59 0090  UN9LW          599  599  062           UN       5  14015.6
