 20CW  24-Jul-21 19:14 0001  RT5P           599  599  063           UA       3  14050.4
 20CW  24-Jul-21 19:16 0002  SX8T           599  599  1200EU174     SV       3  14050.0
 20CW  24-Jul-21 19:17 0003  UN7LZ          599  599  385           UN       5  14048.2
 20CW  24-Jul-21 19:18 0004  R3OM           599  599  088                    3  14047.8
 20CW  24-Jul-21 19:21 0005  JA6LCJ         599  599  510AS012      JA       5  14047.4
 20CW  24-Jul-21 19:24 0006  9A21A          599  599  901EU090      9A       3  14045.5
 20CW  24-Jul-21 19:32 0007  R1NO           599  599  096                    3  14044.0
 20CW  24-Jul-21 19:33 0008  DD2CW/P        599  599  386EU057      DL       2  14041.5
 20CW  24-Jul-21 19:36 0009  OM5M           599  599  285           OM       3  14041.2
 20CW  24-Jul-21 19:36 0010  UW5ZM          599  599  260           UR       3  14040.6
 20CW  24-Jul-21 19:45 0011  SY8CDV         599  599  247EU067               3  14038.5
 20CW  24-Jul-21 19:48 0012  PY1VOY         599  599  067           PY       5  14037.0
 20CW  24-Jul-21 19:50 0013  UA3R           599  599  220                    3  14034.9
 20CW  24-Jul-21 19:51 0014  IZ8XXE         599  599  099           I        3  14034.5
 20CW  24-Jul-21 19:54 0015  NP2X           599  599  469NA106      KP2      5  14033.5
 20CW  24-Jul-21 19:56 0016  SW8YA          599  599  305EU174               3  14031.8
 20CW  24-Jul-21 19:57 0017  YO9HP          599  599  400           YO       3  14030.8
 20CW  24-Jul-21 20:15 0018  YO9FNP         599  599  030                    3  14026.2
 20CW  24-Jul-21 20:15 0019  UT5C           599  599  030                    3  14025.7
 80CW  24-Jul-21 20:18 0020  SD1A           599  599  579EU020      SM       3   3524.5
 80CW  24-Jul-21 20:21 0021  II3Y           599  599  869EU130      I        3   3523.5
 80CW  24-Jul-21 20:24 0022  OH5TS          599  599  599EU140      OH       3   3522.2
 80CW  24-Jul-21 20:25 0023  9A2AJ          599  599  261           9A       3   3521.0
 80CW  24-Jul-21 20:31 0024  5Q5CW          599  599  298EU172      OZ       3   3520.3
 80CW  24-Jul-21 20:35 0025  ES6TZ/0        599  599  594EU034      ES       3   3519.4
 15CW  25-Jul-21 07:57 0026  LZ5R           599  599  1843          LZ       3  21020.4
 15CW  25-Jul-21 08:01 0027  GM7V           599  599  307EU010      GM       3  21028.6
 15CW  25-Jul-21 09:39 0028  SW8YA          599  599  944EU174      SV       3  21028.3
 15CW  25-Jul-21 09:40 0029  UP5B           599  599  681           UN       5  21025.5
 15CW  25-Jul-21 09:42 0030  IT9YVO         599  599  1747EU025     I        3  21015.0
 15CW  25-Jul-21 09:44 0031  UR7GO          599  599  946           UR       3  21012.3
 15CW  25-Jul-21 09:45 0032  YL1ZF          599  599  642           YL       3  21012.0
 15CW  25-Jul-21 09:48 0033  YO9FNP         599  599  098           YO       3  21025.7
 10CW  25-Jul-21 10:04 0034  YL1ZF          599  599  672           YL       3  28010.0
 10CW  25-Jul-21 10:08 0035  OH3RF          599  599  405           OH       3  28031.9
 10CW  25-Jul-21 10:09 0036  R3LC           599  599  291           UA       3  28028.2
 10CW  25-Jul-21 10:16 0037  EV6Z           599  599  281           EU       3  28020.0
 10CW  25-Jul-21 10:29 0038  LZ5R           599  599  2127          LZ       3  28018.5
 20CW  25-Jul-21 11:02 0039  UY5ZZ          599  599  224                    3  14018.5
 20CW  25-Jul-21 11:04 0040  RA9AP          599  599  067           UA9      5  14015.1
 20CW  25-Jul-21 11:23 0041  GM3C           599  599  839EU009      GM       3  14013.0
 20CW  25-Jul-21 11:54 0042  YU5R           599  599  1247          YU       3  14013.0
 20CW  25-Jul-21 11:55 0043  YL3FT          599  599  087           YL       3  14011.0
 20CW  25-Jul-21 11:56 0044  OM8CW          599  599  1540                   3  14009.8
 20CW  25-Jul-21 11:57 0045  YQ6A           599  599  933                    3  14010.1
 20CW  25-Jul-21 11:59 0046  RA3AV/P        599  599  907EU133               3  14009.4
