 10CW  27-Nov-21 11:54 0001  EA3NO          599  599  14            EA   14  3  28022.5
 10CW  27-Nov-21 11:59 0002  DQ1A           599  599  14            DL       2  28041.9
 15CW  27-Nov-21 12:00 0003  UN3M           599  599  17            UN   17  5  21000.9
 15CW  27-Nov-21 12:01 0004  R8WF           599  599  16            UA9  16  5  21009.5
 15CW  27-Nov-21 12:03 0005  RU9TN          599  599  16                     5  21011.4
 15CW  27-Nov-21 12:03 0006  4X6FR          599  599  20            4X   20  5  21014.5
 15CW  27-Nov-21 12:05 0007  EA5NY          599  599  14            EA   14  3  21016.2
 15CW  27-Nov-21 12:07 0008  PT7WM          599  599  11            PY   11  5  21016.8
 15CW  27-Nov-21 12:08 0009  CR3DX          599  599  33            CT3  33  5  21018.0
 15CW  27-Nov-21 12:09 0010  4Z4AK          599  599  20                     5  21019.3
 15CW  27-Nov-21 12:11 0011  ZY5T           599  599  11                     5  21020.9
 15CW  27-Nov-21 12:12 0012  R4IO           599  599  16            UA       3  21022.5
 15CW  27-Nov-21 12:20 0013  CR2X           599  599  14            CU       3  21030.0
 15CW  27-Nov-21 12:22 0014  TK0C           599  599  15            TK   15  3  21039.5
 15CW  27-Nov-21 12:23 0015  RK4W           599  599  16                     3  21042.0
 15CW  27-Nov-21 12:24 0016  IR2Q           599  599  15            I        3  21045.0
 15CW  27-Nov-21 12:27 0017  OP5T           599  599  14            ON       3  21053.1
 20CW  27-Nov-21 13:54 0018  AA1K           599  599  05            K    05  5  14001.5
 20CW  27-Nov-21 13:56 0019  ED2B           599  599  14            EA   14  3  14001.1
 20CW  27-Nov-21 13:58 0020  UA3AB          599  599  16            UA   16  3  14002.2
 20CW  27-Nov-21 14:00 0021  UA6CC          599  599  16                     3  14003.3
 20CW  27-Nov-21 14:01 0022  LY4T           599  599  15            LY   15  3  14004.0
 20CW  27-Nov-21 14:02 0023  KC1XX          599  599  05                     5  14005.2
 20CW  27-Nov-21 14:03 0024  K3LR           599  599  05                     5  14005.6
 20CW  27-Nov-21 14:04 0025  RT4F           599  599  16                     3  14006.0
 20CW  27-Nov-21 14:04 0026  RT2C           599  599  16                     3  14006.8
 20CW  27-Nov-21 14:07 0027  R7NW           599  599  16                     3  14008.0
 20CW  27-Nov-21 14:08 0028  K8PK           599  599  04                 04  5  14009.1
 20CW  27-Nov-21 14:11 0029  YT2ISM         599  599  15            YU       3  14011.0
 20CW  27-Nov-21 14:14 0030  RK3T           599  599  16                     3  14012.7
 20CW  27-Nov-21 15:37 0031  N3AD           599  599  05                     5  14014.6
 20CW  27-Nov-21 15:40 0032  K3PP           599  599  05                     5  14016.7
 20CW  27-Nov-21 15:44 0033  N1LN           599  599  05                     5  14021.5
 20CW  27-Nov-21 15:49 0034  TC3X           599  599  20            TA   20  5  14026.1
 20CW  27-Nov-21 15:51 0035  VE3EJ          599  599  04            VE       5  14026.3
 20CW  27-Nov-21 15:53 0036  W9VW           599  599  04                     5  14027.3
 20CW  27-Nov-21 15:55 0037  DR4A           599  599  14            DL       2  14028.4
 20CW  27-Nov-21 15:56 0038  DL5JS          599  599  14                     2  14029.0
 20CW  27-Nov-21 15:56 0039  II8M           599  599  15            I        3  14029.7
 20CW  27-Nov-21 16:04 0040  W9SN           599  599  05                     5  14032.3
 20CW  27-Nov-21 16:04 0041  YT3X           599  599  15                     3  14032.8
 20CW  27-Nov-21 16:06 0042  EA7A           599  599  14                     3  14033.4
 20CW  27-Nov-21 16:11 0043  DM0A           599  599  14                     2  14035.6
 20CW  27-Nov-21 16:14 0044  EA4KD          599  599  14                     3  14039.7
 20CW  27-Nov-21 16:16 0045  HA3PW          599  599  15            HA       3  14042.3
 20CW  27-Nov-21 16:18 0046  W1KM           599  599  05                     5  14044.8
 20CW  27-Nov-21 16:23 0047  EA4EM          599  599  14                     3  14051.0
 20CW  27-Nov-21 16:24 0048  ED1R           599  599  14                     3  14054.3
 20CW  27-Nov-21 16:27 0049  KQ3F           599  599  05                     5  14055.7
 20CW  27-Nov-21 16:29 0050  EF1A           599  599  14                     3  14058.4
 20CW  27-Nov-21 16:32 0051  PI4CC          599  599  14            PA       3  14060.2
 20CW  27-Nov-21 16:33 0052  N4AF           599  599  05                     5  14061.1
 20CW  27-Nov-21 16:34 0053  EA8RM          599  599  33            EA8  33  5  14061.4
 20CW  27-Nov-21 16:36 0054  KL7RA          599  599  01            KL   01  5  14065.8
 15CW  27-Nov-21 16:44 0055  LT1F           599  599  13            LU   13  5  21057.5
 40CW  27-Nov-21 19:20 0056  YT1914KOL      599  599  15            YU   15  3   7000.2
 40CW  27-Nov-21 19:21 0057  YT1A           599  599  15                     3   7000.4
 40CW  27-Nov-21 19:21 0058  EW5A           599  599  16            EU   16  3   7001.2
 40CW  27-Nov-21 19:22 0059  UA9CTT         599  599  17            UA9  17  5   7001.9
 40CW  27-Nov-21 19:22 0060  UP4L           599  599  17            UN       5   7002.2
 40CW  27-Nov-21 19:23 0061  RT2C           599  599  16            UA       3   7002.5
 40CW  27-Nov-21 19:25 0062  4O3A           599  599  15            4O       3   7006.3
 40CW  27-Nov-21 19:25 0063  4L8A           599  599  21            4L   21  5   7007.0
 40CW  27-Nov-21 19:26 0064  UR7MZ          599  599  16            UR       3   7007.3
 40CW  27-Nov-21 19:27 0065  HG5D           599  599  15            HA       3   7008.3
 40CW  27-Nov-21 19:28 0066  RM9A           599  599  17                     5   7009.1
 40CW  27-Nov-21 19:29 0067  RV3ZN          599  599  16                     3   7010.4
 40CW  27-Nov-21 19:33 0068  OK2D           599  599  15            OK       3   7011.2
 40CW  27-Nov-21 19:34 0069  II4L           599  599  15            I        3   7013.1
 40CW  27-Nov-21 19:35 0070  OM5WW          599  599  15            OM       3   7013.5
 40CW  27-Nov-21 19:35 0071  YT3D           599  599  15                     3   7014.6
 40CW  27-Nov-21 19:38 0072  EY8MM          599  599  17            EY       5   7016.2
 40CW  27-Nov-21 19:40 0073  EA4KD          599  599  14            EA   14  3   7017.5
 40CW  27-Nov-21 19:41 0074  YU1DW          599  599  15                     3   7018.2
 40CW  27-Nov-21 19:42 0075  IK0GDG         599  599  15                     3   7019.5
 40CW  27-Nov-21 19:46 0076  RA5G           599  599  16                     3   7021.8
 40CW  27-Nov-21 19:47 0077  UX1BZ          599  599  16                     3   7023.0
 40CW  27-Nov-21 19:49 0078  SO4M           599  599  15            SP       3   7024.6
 40CW  27-Nov-21 19:50 0079  UW1M           599  599  16                     3   7026.2
 40CW  27-Nov-21 19:51 0080  EA6NB          599  599  14            EA6      3   7026.8
 40CW  27-Nov-21 19:55 0081  TK0C           599  599  15            TK       3   7028.0
 40CW  27-Nov-21 19:57 0082  YT5A           599  599  15                     3   7028.5
 40CW  27-Nov-21 19:58 0083  EA5KA          599  599  14                     3   7031.5
 40CW  27-Nov-21 19:59 0084  LZ9W           599  599  20            LZ   20  3   7033.4
 40CW  27-Nov-21 20:01 0085  RU1A           599  599  16                     3   7035.5
 40CW  27-Nov-21 20:13 0086  RT6A           599  599  16                     3   7038.4
 40CW  27-Nov-21 20:18 0087  R7AT           599  599  16                     3   7042.4
 40CW  27-Nov-21 20:19 0088  YO4NF          599  599  20            YO       3   7042.8
 40CW  27-Nov-21 20:19 0089  YT5K           599  599  15                     3   7043.6
 40CW  27-Nov-21 20:20 0090  CT3KN          599  599  33            CT3  33  5   7046.1
 40CW  27-Nov-21 20:22 0091  IR4M           599  599  15                     3   7048.0
 40CW  27-Nov-21 20:25 0092  EA5RS          599  599  14                     3   7052.4
 40CW  27-Nov-21 20:26 0093  CR3W           599  599  33                     5   7054.1
 40CW  27-Nov-21 20:26 0094  UV5U           599  599  16                     3   7054.4
 40CW  27-Nov-21 20:28 0095  YQ6A           599  599  20                     3   7056.2
 40CW  27-Nov-21 20:44 0096  YR8D           599  599  20                     3   7056.6
 40CW  27-Nov-21 21:06 0097  YO8SBQ         599  599  20                     3   7063.6
 40CW  27-Nov-21 21:07 0098  OE6MMD         599  599  15            OE       3   7071.0
 40CW  27-Nov-21 21:10 0099  LN8W           599  599  14            LA       3   7079.5
 40CW  27-Nov-21 21:11 0100  ED7R           599  599  14                     3   7081.7
 40CW  27-Nov-21 21:11 0101  YU1LA          599  599  15                     3   7082.4
 40CW  27-Nov-21 21:12 0102  YM7KA          599  599  20            TA       5   7084.6
 40CW  27-Nov-21 21:13 0103  RL4A           599  599  16                     3   7085.5
 40CW  27-Nov-21 21:14 0104  LY9Y           599  599  15            LY       3   7089.0
 80CW  27-Nov-21 21:16 0105  PA6X           599  599  14            PA   14  3   3523.2
 80CW  27-Nov-21 21:16 0106  R5CA           599  599  16            UA   16  3   3523.5
 80CW  27-Nov-21 21:18 0107  IK3SSO         599  599  15            I    15  3   3524.1
 80CW  27-Nov-21 21:18 0108  SP2AYC         599  599  15            SP       3   3524.4
 80CW  27-Nov-21 21:19 0109  SK3W           599  599  14            SM       3   3524.8
 80CW  27-Nov-21 21:19 0110  HA1TJ          599  599  15            HA       3   3525.3
 80CW  27-Nov-21 21:20 0111  HB9TOC         599  599  14            HB       3   3525.9
 80CW  27-Nov-21 21:20 0112  EA4KD          599  599  14            EA       3   3526.3
 80CW  27-Nov-21 21:21 0113  OM7M           599  599  15            OM       3   3526.6
 80CW  27-Nov-21 21:22 0114  OK2EA          599  599  15            OK       3   3527.4
 80CW  27-Nov-21 21:22 0115  OF3FM          599  599  15            OH       3   3528.2
 80CW  27-Nov-21 21:23 0116  UW0K           599  599  16            UR       3   3528.5
 80CW  27-Nov-21 21:24 0117  LZ1HW          599  599  20            LZ   20  3   3529.3
 80CW  27-Nov-21 21:24 0118  EW4A           599  599  16            EU       3   3530.0
 80CW  27-Nov-21 21:25 0119  UA7K           599  599  16                     3   3530.3
 80CW  27-Nov-21 21:25 0120  ES9C           599  599  15            ES       3   3530.9
 80CW  27-Nov-21 21:26 0121  LA7GIA         599  599  14            LA       3   3531.5
 80CW  27-Nov-21 21:26 0122  OH2R           599  599  15                     3   3531.7
 80CW  27-Nov-21 21:27 0123  OK1P           599  599  15                     3   3532.5
 80CW  27-Nov-21 21:27 0124  OZ7BO          599  599  14            OZ       3   3532.8
 80CW  27-Nov-21 21:29 0125  RM9A           599  599  17            UA9  17  5   3533.6
 80CW  27-Nov-21 21:29 0126  DF0HQ          599  599  14            DL       2   3533.9
 80CW  27-Nov-21 21:31 0127  UF5D           599  599  16                     3   3534.9
 80CW  27-Nov-21 21:33 0128  EI6FR          599  599  14            EI       3   3535.6
 80CW  27-Nov-21 21:34 0129  OM6NM          599  599  15                     3   3536.2
 80CW  27-Nov-21 21:35 0130  OL7R           599  599  15                     3   3536.8
 80CW  27-Nov-21 21:36 0131  LZ9W           599  599  20                     3   3537.4
 80CW  27-Nov-21 21:40 0132  ES5NC          599  599  15                     3   3537.9
 80CW  27-Nov-21 21:41 0133  YO4DG          599  599  20            YO       3   3538.4
 80CW  27-Nov-21 21:43 0134  HA8JP          599  599  15                     3   3538.8
 80CW  27-Nov-21 21:49 0135  SZ1A           599  599  20            SV       3   3539.4
 80CW  27-Nov-21 21:49 0136  CR3W           599  599  33            CT3  33  5   3540.5
 80CW  27-Nov-21 21:50 0137  HB9CA          599  599  14                     3   3540.8
 80CW  27-Nov-21 21:50 0138  E77Y           599  599  15            E7       3   3541.8
 80CW  27-Nov-21 21:51 0139  PI4CC          599  599  14                     3   3542.6
 80CW  27-Nov-21 21:51 0140  TK0C           599  599  15            TK       3   3543.7
 80CW  27-Nov-21 21:52 0141  4Z5LY          599  599  20            4X       5   3544.8
 80CW  27-Nov-21 21:56 0142  IO6A           599  599  15                     3   3510.0
160CW  27-Nov-21 21:56 0143  M6T            599  599  14            G    14  3   1819.0
160CW  27-Nov-21 21:57 0144  HB9CVQ         599  599  14            HB       3   1819.5
160CW  27-Nov-21 21:57 0145  LY7M           599  599  15            LY   15  3   1819.8
160CW  27-Nov-21 21:58 0146  SO4R           599  599  15            SP       3   1820.2
160CW  27-Nov-21 22:00 0147  YT0A           599  599  15            YU       3   1820.6
160CW  27-Nov-21 22:01 0148  SQ7U           599  599  15                     3   1821.5
160CW  27-Nov-21 22:02 0149  SK3W           599  599  14            SM       3   1821.8
160CW  27-Nov-21 22:03 0150  LZ9W           599  599  20            LZ   20  3   1822.1
160CW  27-Nov-21 22:06 0151  YT7B           599  599  15                     3   1822.4
160CW  27-Nov-21 22:07 0152  SP3HLM         599  599  15                     3   1823.3
160CW  27-Nov-21 22:09 0153  HG6N           599  599  15            HA       3   1826.0
160CW  27-Nov-21 22:11 0154  S57Q           599  599  15            S5       3   1827.5
160CW  27-Nov-21 22:11 0155  OK1CZ          599  599  15            OK       3   1828.0
160CW  27-Nov-21 22:12 0156  TK0C           599  599  15            TK       3   1828.8
160CW  27-Nov-21 22:13 0157  YT5A           599  599  15                     3   1829.4
160CW  27-Nov-21 22:13 0158  LN8W           599  599  14            LA       3   1829.7
160CW  27-Nov-21 22:14 0159  IV3VFR         599  599  15            I        3   1830.0
160CW  27-Nov-21 22:14 0160  DR5X           599  599  14            DL       2   1830.6
160CW  27-Nov-21 22:22 0161  UT6UD          599  599  16            UR   16  3   1835.5
160CW  27-Nov-21 22:26 0162  DF7GG          599  599  14                     2   1854.4
160CW  27-Nov-21 22:28 0163  YL2TD          599  599  15            YL       3   1826.4
160CW  27-Nov-21 22:29 0164  OH0V           599  599  15            OH0      3   1823.6
160CW  27-Nov-21 22:32 0165  9A5W           599  599  15            9A       3   1816.0
 10CW  28-Nov-21 11:41 0166  R8CT           599  599  17            UA9  17  5  28023.8
 15CW  28-Nov-21 11:50 0167  RM1Q           599  599  16                     3  21059.0
 15CW  28-Nov-21 11:52 0168  UC7A           599  599  16                     3  21062.1
 15CW  28-Nov-21 11:54 0169  UA4M           599  599  16                     3  21064.8
 15CW  28-Nov-21 11:55 0170  P33W           599  599  20            5B       5  21066.3
 15CW  28-Nov-21 11:57 0171  ZP5AA          599  599  11            ZP       5  21071.7
 15CW  28-Nov-21 11:57 0172  RV3VR          599  599  16                     3  21072.6
 15CW  28-Nov-21 11:58 0173  VY2TT          599  599  05            VE   05  5  21078.8
 15CW  28-Nov-21 11:59 0174  EA7/G4BJM      599  599  14                     3  21079.7
 15CW  28-Nov-21 12:03 0175  C4W            599  599  20                     5  21089.1
 15CW  28-Nov-21 12:04 0176  RG4A           599  599  16                     3  21092.5
 15CW  28-Nov-21 12:06 0177  4Z4DX          599  599  20                     5  21097.0
 15CW  28-Nov-21 12:07 0178  YM7KA          599  599  20            TA       5  21099.5
 15CW  28-Nov-21 12:09 0179  PY2KJ          599  599  11                     5  21105.0
 15CW  28-Nov-21 12:11 0180  P3C            599  599  20                     5  21049.5
 15CW  28-Nov-21 12:11 0181  RL3A           599  599  16                     3  21048.2
 15CW  28-Nov-21 12:12 0182  9A9L           599  599  15            9A       3  21046.4
 15CW  28-Nov-21 12:13 0183  LN8W           599  599  14            LA       3  21046.0
 15CW  28-Nov-21 12:14 0184  RN1ON          599  599  16                     3  21045.4
 15CW  28-Nov-21 12:14 0185  UF5A           599  599  16                     3  21044.5
 15CW  28-Nov-21 12:15 0186  TI7W           599  599  07            TI   07  5  21043.8
 15CW  28-Nov-21 12:29 0187  UA3KW          599  599  16                     3  21039.4
 15CW  28-Nov-21 12:29 0188  UA1ORK         599  599  16                     3  21039.0
 20CW  28-Nov-21 12:44 0189  J42L           599  599  20            SV       3  14077.9
 20CW  28-Nov-21 12:46 0190  N4UU           599  599  05                     5  14078.3
 20CW  28-Nov-21 12:47 0191  K1TTT          599  599  05                     5  14080.0
 20CW  28-Nov-21 12:49 0192  K1IR           599  599  05                     5  14082.9
 20CW  28-Nov-21 12:51 0193  HZ7C           599  599  21            HZ   21  5  14084.3
 20CW  28-Nov-21 12:51 0194  VA2WA          599  599  05                     5  14084.7
 20CW  28-Nov-21 12:52 0195  ED8W           599  599  33                     5  14085.1
 20CW  28-Nov-21 12:53 0196  K3WU           599  599  05                     5  14085.6
 20CW  28-Nov-21 12:53 0197  SV4FFL         599  599  20                     3  14086.4
 20CW  28-Nov-21 12:54 0198  UX9ZA          599  599  16            UR       3  14086.6
 20CW  28-Nov-21 12:55 0199  N6AR           599  599  05                     5  14087.1
 20CW  28-Nov-21 12:56 0200  R2RA           599  599  16                     3  14087.1
 20CW  28-Nov-21 12:57 0201  IT9RZU         599  599  15            IT9      3  14087.8
 20CW  28-Nov-21 13:07 0202  UA4M           599  599  16                     3  14090.8
 20CW  28-Nov-21 13:46 0203  W3ZGD          599  599  05                     5  14090.3
 20CW  28-Nov-21 13:48 0204  UX1BZ          599  599  16                     3  14089.0
 20CW  28-Nov-21 13:48 0205  LZ1AQ          599  599  20            LZ       3  14088.7
 20CW  28-Nov-21 13:49 0206  UZ0U           599  599  16                     3  14087.5
 20CW  28-Nov-21 13:52 0207  LY8A           599  599  15                     3  14083.6
 10CW  28-Nov-21 13:53 0208  EA8RM          599  599  33            EA8  33  5  28036.8
 10CW  28-Nov-21 13:54 0209  CT3KN          599  599  33            CT3      5  28037.8
 10CW  28-Nov-21 13:58 0210  CR3W           599  599  33                     5  28009.7
 10CW  28-Nov-21 13:58 0211  CR3DX          599  599  33                     5  28018.5
 10CW  28-Nov-21 13:58 0212  CR3X           599  599  33                     5  28011.8
 10CW  28-Nov-21 14:01 0213  PY2YU          599  599  11            PY   11  5  28056.0
 10CW  28-Nov-21 14:05 0214  PR5B           599  599  11                     5  28002.1
 15CW  28-Nov-21 14:12 0215  KA1IS          599  599  05            K        5  21024.0
 15CW  28-Nov-21 14:15 0216  SZ1A           599  599  20            SV       3  21031.0
 15CW  28-Nov-21 14:21 0217  II9P           599  599  15            IT9      3  21066.1
 15CW  28-Nov-21 14:23 0218  NN3Q           599  599  05                     5  21065.3
 15CW  28-Nov-21 14:24 0219  N3QE           599  599  05                     5  21064.9
 15CW  28-Nov-21 14:27 0220  VE3JM          599  599  04                 04  5  21060.3
 15CW  28-Nov-21 14:27 0221  K1IR           599  599  05                     5  21060.2
 15CW  28-Nov-21 14:28 0222  N5DX           599  599  05                     5  21058.7
 15CW  28-Nov-21 14:29 0223  CR3W           599  599  33                     5  21058.3
 15CW  28-Nov-21 14:30 0224  WB9Z           599  599  04                     5  21058.1
 15CW  28-Nov-21 14:30 0225  N2IC           599  599  04                     5  21057.5
 15CW  28-Nov-21 14:38 0226  KM5G           599  599  04                     5  21049.8
 15CW  28-Nov-21 14:44 0227  N3AD           599  599  05                     5  21043.5
 15CW  28-Nov-21 14:48 0228  K2QMF          599  599  05                     5  21036.3
 15CW  28-Nov-21 14:51 0229  N2SR           599  599  05                     5  21028.2
 40CW  28-Nov-21 15:20 0230  RA9Y           599  599  18                 18  5   7053.4
 40CW  28-Nov-21 15:21 0231  LB6GG          599  599  14                     3   7054.1
 40CW  28-Nov-21 15:22 0232  YT6M           599  599  15                     3   7056.0
 40CW  28-Nov-21 15:24 0233  ER3R           599  599  16            ER       3   7057.3
 40CW  28-Nov-21 15:25 0234  R4ACY          599  599  16                     3   7057.9
 40CW  28-Nov-21 15:26 0235  OM7AG          599  599  15                     3   7058.8
 40CW  28-Nov-21 15:28 0236  IZ4OSH         599  599  15                     3   7061.1
 40CW  28-Nov-21 15:30 0237  HA7MF          599  599  15                     3   7064.1
 40CW  28-Nov-21 15:31 0238  YU1UO          599  599  15                     3   7065.0
 40CW  28-Nov-21 15:32 0239  F5MLJ          599  599  14            F        3   7067.0
 80CW  28-Nov-21 15:33 0240  OK5D           599  599  15                     3   3506.3
 80CW  28-Nov-21 15:33 0241  HA2KMR         599  599  15                     3   3505.4
 80CW  28-Nov-21 15:34 0242  M6T            599  599  14            G        3   3504.6
 80CW  28-Nov-21 15:35 0243  SM6EAN         599  599  14                     3   3503.7
 80CW  28-Nov-21 15:35 0244  9A6A           599  599  15            9A       3   3502.9
 80CW  28-Nov-21 15:36 0245  UT4U           599  599  16                     3   3501.2
 80CW  28-Nov-21 15:39 0246  HA7ME          599  599  15                     3   3551.3
 80CW  28-Nov-21 15:40 0247  OG3B           599  599  15                     3   3546.3
 80CW  28-Nov-21 15:42 0248  OK1KTW         599  599  15                     3   3542.1
 80CW  28-Nov-21 15:43 0249  LB6GG          599  599  14                     3   3541.6
 80CW  28-Nov-21 15:44 0250  IB3N           599  599  15            IT9      3   3539.6
 80CW  28-Nov-21 15:45 0251  OH0TA          599  599  15            OH0      3   3539.2
 80CW  28-Nov-21 15:45 0252  OM6TX          599  599  15                     3   3538.5
 80CW  28-Nov-21 15:47 0253  OL5J           599  599  15                     3   3537.3
 80CW  28-Nov-21 15:48 0254  SP2FAP         599  599  15                     3   3536.0
 80CW  28-Nov-21 15:49 0255  SN6E           599  599  15                     3   3535.6
 80CW  28-Nov-21 15:50 0256  SO4P           599  599  15                     3   3534.6
 80CW  28-Nov-21 15:53 0257  HA1A           599  599  15                     3   3532.1
 80CW  28-Nov-21 15:54 0258  SP1GZF         599  599  15                     3   3531.3
 80CW  28-Nov-21 15:54 0259  LZ5XQ          599  599  20                     3   3531.0
 80CW  28-Nov-21 15:55 0260  OM7AG          599  599  15                     3   3530.3
 80CW  28-Nov-21 15:56 0261  IR1N           599  599  15                     3   3530.0
 80CW  28-Nov-21 15:56 0262  RD8D           599  599  17                     5   3529.7
 80CW  28-Nov-21 15:56 0263  OL3Z           599  599  15                     3   3529.2
 80CW  28-Nov-21 15:57 0264  S51W           599  599  15            S5       3   3527.0
 80CW  28-Nov-21 15:58 0265  OM0M           599  599  15                     3   3526.0
 80CW  28-Nov-21 15:59 0266  YL3CW          599  599  15            YL       3   3524.8
 80CW  28-Nov-21 16:00 0267  S53X           599  599  15                     3   3523.0
 80CW  28-Nov-21 16:01 0268  OE3KAB         599  599  15            OE       3   3518.4
 80CW  28-Nov-21 16:02 0269  SE0B           599  599  14                     3   3515.0
 80CW  28-Nov-21 16:05 0270  OT5Q           599  599  14            ON       3   3513.8
 80CW  28-Nov-21 16:07 0271  RW0A           599  599  18                 18  5   3504.1
 80CW  28-Nov-21 16:08 0272  LN8W           599  599  14                     3   3502.0
 20CW  28-Nov-21 16:13 0273  K2CJ           599  599  05                     5  14079.5
 20CW  28-Nov-21 16:19 0274  VA2UR          599  599  05                     5  14080.1
 20CW  28-Nov-21 16:23 0275  K1RM           599  599  05                     5  14066.6
 20CW  28-Nov-21 16:25 0276  CR3W           599  599  33            CT3      5  14061.3
 20CW  28-Nov-21 16:26 0277  ZF5T           599  599  08            ZF   08  5  14060.6
 20CW  28-Nov-21 16:27 0278  EA7TG          599  599  14                     3  14060.4
 20CW  28-Nov-21 16:30 0279  NN7CW          599  599  05                     5  14056.5
 20CW  28-Nov-21 16:33 0280  N2SR           599  599  05                     5  14050.3
 20CW  28-Nov-21 16:38 0281  EA8DHV         599  599  33                     5  14017.0
 20CW  28-Nov-21 16:40 0282  K1LZ           599  599  05                     5  14007.7
 20CW  28-Nov-21 16:43 0283  K1KI           599  599  05                     5  14002.0
 20CW  28-Nov-21 18:53 0284  TK0C           599  599  15            TK       3  14016.0
 20CW  28-Nov-21 18:56 0285  NY3A           599  599  05                     5  14017.9
 20CW  28-Nov-21 18:57 0286  K2AX           599  599  05                     5  14020.1
 20CW  28-Nov-21 19:00 0287  E7YM           599  599  15            E7       3  14025.7
 20CW  28-Nov-21 19:02 0288  IR2L           599  599  15                     3  14029.1
 20CW  28-Nov-21 19:03 0289  K3SW           599  599  05                     5  14031.2
 20CW  28-Nov-21 19:04 0290  IB8A           599  599  15                     3  14031.8
 20CW  28-Nov-21 19:05 0291  CF3A           599  599  04                     5  14032.8
 20CW  28-Nov-21 19:06 0292  LZ9W           599  599  20                     3  14043.0
 20CW  28-Nov-21 19:07 0293  K5ZD           599  599  05                     5  14043.5
 20CW  28-Nov-21 19:10 0294  IR4M           599  599  15                     3  14048.4
 20CW  28-Nov-21 19:10 0295  P33W           599  599  20            5B       5  14049.6
 20CW  28-Nov-21 19:11 0296  IR4X           599  599  15                     3  14052.1
 20CW  28-Nov-21 19:12 0297  9A5Y           599  599  15            9A       3  14052.7
 20CW  28-Nov-21 19:13 0298  HG8R           599  599  15                     3  14053.1
 20CW  28-Nov-21 19:14 0299  LZ5R           599  599  20                     3  14053.9
 20CW  28-Nov-21 19:15 0300  E7DX           599  599  15                     3  14058.5
 20CW  28-Nov-21 19:16 0301  N1RR           599  599  05                     5  14062.2
 20CW  28-Nov-21 19:17 0302  W3FV           599  599  05                     5  14065.4
 20CW  28-Nov-21 19:19 0303  E7CW           599  599  15                     3  14066.2
 20CW  28-Nov-21 19:23 0304  Z36W           599  599  15            Z3       3  14077.7
 20CW  28-Nov-21 19:24 0305  9A2EU          599  599  15                     3  14083.4
 20CW  28-Nov-21 19:26 0306  YT0C           599  599  15                     3  14093.5
 20CW  28-Nov-21 19:26 0307  N8BJQ          599  599  04                     5  14094.3
 20CW  28-Nov-21 19:26 0308  K3PH           599  599  05                     5  14095.1
 20CW  28-Nov-21 19:31 0309  VA3AR          599  599  04                     5  14008.5
 20CW  28-Nov-21 19:32 0310  K0RF           599  599  04                     5  14008.1
 40CW  28-Nov-21 19:35 0311  W9SN           599  599  05            K    05  5   7066.1
 40CW  28-Nov-21 19:38 0312  CR6K           599  599  14            CT       3   7058.5
 40CW  28-Nov-21 19:39 0313  G8X            599  599  14                     5   7054.1
 40CW  28-Nov-21 19:40 0314  EC7A           599  599  14                     3   7053.8
 40CW  28-Nov-21 19:40 0315  3Z1K           599  599  15                     3   7052.1
 40CW  28-Nov-21 19:42 0316  UT5C           599  599  16                     3   7050.7
 40CW  28-Nov-21 19:45 0317  F4CWN          599  599  14                     3   7047.2
 40CW  28-Nov-21 19:46 0318  DA2X           599  599  14            DL       2   7045.8
 40CW  28-Nov-21 19:47 0319  GM4X           599  599  14            GM       3   7044.2
 40CW  28-Nov-21 19:50 0320  GM3YTS         599  599  14                     3   7043.1
 40CW  28-Nov-21 19:51 0321  UZ2M           599  599  16                     3   7042.0
 40CW  28-Nov-21 19:52 0322  UA7K           599  599  16                     3   7041.6
 40CW  28-Nov-21 19:54 0323  LY2XW          599  599  15                     3   7038.2
 40CW  28-Nov-21 19:55 0324  HG3N           599  599  15                     3   7038.0
 40CW  28-Nov-21 19:55 0325  ED1R           599  599  14                     3   7036.6
 40CW  28-Nov-21 19:56 0326  IR2R           599  599  15                     3   7035.2
 40CW  28-Nov-21 19:59 0327  MJ5A           599  599  14            GJ       3   7033.6
 40CW  28-Nov-21 19:59 0328  9A5X           599  599  15            9A       3   7033.2
 40CW  28-Nov-21 20:03 0329  ER0DX          599  599  16                     3   7031.0
 40CW  28-Nov-21 20:04 0330  LZ5R           599  599  20                     3   7029.1
 40CW  28-Nov-21 20:05 0331  YT1CI          599  599  15                     3   7028.2
 40CW  28-Nov-21 20:31 0332  RK4FM          599  599  16                     3   7024.3
 40CW  28-Nov-21 20:32 0333  SP8R           599  599  15                     3   7023.8
 40CW  28-Nov-21 20:33 0334  G6T            599  599  14            G        3   7019.5
 40CW  28-Nov-21 20:34 0335  AB3CX          599  599  05                     5   7018.3
 40CW  28-Nov-21 20:42 0336  UV5ERY         599  599  16                     3   7014.6
 40CW  28-Nov-21 20:43 0337  RT4F           599  599  16                     3   7012.9
 40CW  28-Nov-21 20:44 0338  VE3NNT         599  599  04            VE   04  5   7012.2
 40CW  28-Nov-21 20:49 0339  RM2U           599  599  16                     3   7008.2
 40CW  28-Nov-21 20:51 0340  CR3DX          599  599  33                     5   7005.3
160CW  28-Nov-21 20:55 0341  DF0HQ          599  599  14                     2   1810.1
160CW  28-Nov-21 20:56 0342  LY4T           599  599  15                     3   1810.7
160CW  28-Nov-21 20:56 0343  G3V            599  599  14                     3   1811.0
160CW  28-Nov-21 20:57 0344  HA0HV          599  599  15                     3   1812.4
160CW  28-Nov-21 20:58 0345  PA5WT          599  599  14            PA       3   1813.5
160CW  28-Nov-21 20:59 0346  LY2XW          599  599  15                     3   1814.9
160CW  28-Nov-21 21:00 0347  ON7PQ          599  599  14            ON       3   1815.5
160CW  28-Nov-21 21:05 0348  UA7K           599  599  16            UA       3   1815.9
160CW  28-Nov-21 21:05 0349  S53O           599  599  15                     3   1816.4
160CW  28-Nov-21 21:06 0350  OM2XW          599  599  15            OM       3   1817.7
160CW  28-Nov-21 21:07 0351  SP9JZU         599  599  15                     3   1818.2
160CW  28-Nov-21 21:08 0352  F6FYA          599  599  14            F        3   1819.5
160CW  28-Nov-21 21:09 0353  UY0ZG          599  599  16                     3   1820.5
160CW  28-Nov-21 21:11 0354  PA6X           599  599  14                     3   1822.3
160CW  28-Nov-21 21:12 0355  9A5M           599  599  15                     3   1822.7
160CW  28-Nov-21 21:13 0356  UX0KR          599  599  16                     3   1824.0
160CW  28-Nov-21 21:14 0357  LY2NK          599  599  15                     3   1825.2
160CW  28-Nov-21 21:15 0358  GM3POI         599  599  14            GM       3   1826.4
160CW  28-Nov-21 21:17 0359  SP2EBG         599  599  15                     3   1827.8
160CW  28-Nov-21 21:18 0360  F5IN           599  599  14                     3   1828.2
160CW  28-Nov-21 21:21 0361  PI4CC          599  599  14                     3   1830.8
160CW  28-Nov-21 21:23 0362  HA8A           599  599  15                     3   1832.8
160CW  28-Nov-21 21:24 0363  R5WW           599  599  16                     3   1833.7
160CW  28-Nov-21 21:25 0364  SO6C           599  599  15                     3   1833.8
160CW  28-Nov-21 21:26 0365  SP2PIK         599  599  15                     3   1834.3
160CW  28-Nov-21 21:28 0366  SF1Z           599  599  14                     3   1837.4
160CW  28-Nov-21 21:29 0367  S51ZJ          599  599  15                     3   1839.3
160CW  28-Nov-21 21:30 0368  F5PLC          599  599  14                     3   1843.9
160CW  28-Nov-21 21:31 0369  HB9FAP         599  599  14                     3   1844.5
160CW  28-Nov-21 21:32 0370  SM5DXR         599  599  14                     3   1845.6
160CW  28-Nov-21 21:35 0371  G2X            599  599  14                     3   1846.2
160CW  28-Nov-21 21:37 0372  HB0A           599  599  14            HB0      3   1847.0
160CW  28-Nov-21 21:38 0373  SM6MCW         599  599  14                     3   1848.3
160CW  28-Nov-21 21:39 0374  LB6GG          599  599  14                     3   1849.0
 80CW  28-Nov-21 21:42 0375  4L/LY4ZZ       599  599  21            4L       3   3500.2
 80CW  28-Nov-21 21:45 0376  LY5I           599  599  15            LY       3   3503.7
 80CW  28-Nov-21 21:46 0377  YO3APJ         599  599  20                     3   3505.3
 80CW  28-Nov-21 21:47 0378  F4VTC          599  599  14            F        3   3505.7
 80CW  28-Nov-21 21:51 0379  ER0DX          599  599  16            ER       3   3507.3
 80CW  28-Nov-21 21:53 0380  HG1R           599  599  15                     3   3514.6
 80CW  28-Nov-21 21:53 0381  SM2U           599  599  14                     3   3515.2
 80CW  28-Nov-21 21:54 0382  E73M           599  599  15                     3   3515.5
 80CW  28-Nov-21 21:55 0383  OM4Q           599  599  15                     3   3515.9
 80CW  28-Nov-21 21:55 0384  SN5Y           599  599  15                     3   3516.5
 80CW  28-Nov-21 21:58 0385  SQ7FPD         599  599  15                     3   3518.0
 80CW  28-Nov-21 22:00 0386  YU1ED          599  599  15            YU       3   3520.1
 80CW  28-Nov-21 22:00 0387  OE6MMD         599  599  15                     3   3520.7
 80CW  28-Nov-21 22:01 0388  RT2C           599  599  16                     3   3522.3
 80CW  28-Nov-21 22:03 0389  SN5N           599  599  15                     3   3524.0
 80CW  28-Nov-21 22:04 0390  OL75KCR        599  599  15                     3   3524.5
 80CW  28-Nov-21 22:04 0391  SN7Q           599  599  15                     3   3524.7
 80CW  28-Nov-21 22:06 0392  OK1RR          599  599  15                     3   3528.1
 80CW  28-Nov-21 22:06 0393  SO4R           599  599  15                     3   3528.7
 80CW  28-Nov-21 22:09 0394  OK2QA          599  599  15                     3   3531.8
 80CW  28-Nov-21 22:10 0395  EE3M           599  599  14                     3   3532.1
 80CW  28-Nov-21 22:11 0396  RG2Y           599  599  16                     3   3532.5
 80CW  28-Nov-21 22:12 0397  P33W           599  599  20            5B       5   3534.7
 80CW  28-Nov-21 22:16 0398  LY2XW          599  599  15                     3   3546.3
 80CW  28-Nov-21 22:17 0399  YU7KW          599  599  15                     3   3551.7
 80CW  28-Nov-21 22:21 0400  CR6K           599  599  14            CT       3   3555.0
