 15CW  05-Dec-21 11:06 0001  LZ30AM         599  599  184           LZ   18  3  21021.0
 15CW  05-Dec-21 11:07 0002  RN6A           599  599  413           UA       3  21019.0
 15CW  05-Dec-21 11:08 0003  EO50FF         599  599  510           UR       3  21018.1
 15CW  05-Dec-21 11:08 0004  RN4SS          599  599  229                    3  21017.0
 15CW  05-Dec-21 11:11 0005  UY5VA          599  599  459                    3  21014.4
 20CW  05-Dec-21 11:14 0006  SM0Q           599  599  159           SM       3  14034.0
 20CW  05-Dec-21 11:14 0007  YQ6A           599  599  568           YO       3  14033.1
 20CW  05-Dec-21 11:15 0008  EV1R           599  599  268           EU       3  14032.7
 20CW  05-Dec-21 11:16 0009  RV1OO          599  599  136/M         UA       3  14032.4
 20CW  05-Dec-21 11:17 0010  EV6Z           599  599  247                    3  14031.0
 20CW  05-Dec-21 11:18 0011  OK2PVF         599  599  100           OK       3  14027.4
 20CW  05-Dec-21 11:19 0012  UA4CC          599  599  316                    3  14025.5
 20CW  05-Dec-21 11:20 0013  UA3R           599  599  411                    3  14024.0
 20CW  05-Dec-21 11:21 0014  EA4FL          599  599  228           EA       3  14023.6
 20CW  05-Dec-21 11:21 0015  HG7T           599  599  300           HA       3  14019.9
 20CW  05-Dec-21 11:22 0016  EO50FF         599  599  526           UR       3  14018.5
 20CW  05-Dec-21 11:22 0017  UZ1WW          599  599  490/M                  3  14018.0
 20CW  05-Dec-21 11:23 0018  RA3NC          599  599  136                    3  14017.3
 20CW  05-Dec-21 11:26 0019  RY5A           599  599  044                    3  14011.5
 40CW  05-Dec-21 11:31 0020  IK1BPL         599  599  045           I        3   7030.1
 40CW  05-Dec-21 11:33 0021  HA6PJ          599  599  569           HA       3   7028.8
 40CW  05-Dec-21 11:34 0022  SP2GMA         599  599  433           SP       3   7025.9
 40CW  05-Dec-21 11:35 0023  SP7OGP         599  599  123                    3   7021.7
 40CW  05-Dec-21 11:36 0024  OK2TJ          599  599  317           OK       3   7017.5
 40CW  05-Dec-21 11:36 0025  DL6IAK         599  599  214           DL       2   7016.0
 40CW  05-Dec-21 11:37 0026  DG3BCZ         599  599  090/M                  2   7013.0
 15CW  05-Dec-21 11:41 0027  PY5AMF         599  599  114           PY       5  21022.0
 20CW  05-Dec-21 11:46 0028  RL3T           599  599  252/M                  3  14043.7
 20CW  05-Dec-21 11:54 0029  RL2D           599  599  160                    3  14042.0
 20CW  05-Dec-21 11:55 0030  F5PHY          599  599  232           F        3  14040.0
 20CW  05-Dec-21 11:56 0031  EW1TO          599  599  164                    3  14039.3
 20CW  05-Dec-21 11:58 0032  YO4DG          599  599  524                    3  14036.3
 20CW  05-Dec-21 11:59 0033  RT5P           599  599  203                    3  14035.4
 20CW  05-Dec-21 11:59 0034  RG9A           599  599  613           UA9      5  14033.9
