160SSB 31-Oct-21 21:33 0001  SN7D           59   59   15            SP       3   1838.0
160SSB 31-Oct-21 21:34 0002  IZ5ICH         59   59   15            I        3   1835.3
160SSB 31-Oct-21 21:35 0003  DL2SAX         59   59   14            DL       2   1830.6
160SSB 31-Oct-21 21:37 0004  F1ULQ          59   59   14            F        3   1840.0
160SSB 31-Oct-21 21:37 0005  OT5A           59   59   14            ON       3   1845.0
160SSB 31-Oct-21 21:38 0006  IK2LFF         59   59   15                     3   1846.6
160SSB 31-Oct-21 21:40 0007  GM4AFF         59   59   14            GM       3   1850.0
160SSB 31-Oct-21 21:44 0008  OK7W           59   59   15            OK       3   1858.2
160SSB 31-Oct-21 21:45 0009  S56X           59   59   15            S5       3   1868.1
160SSB 31-Oct-21 21:47 0010  DP7D           59   59   14                     2   1882.4
160SSB 31-Oct-21 21:49 0011  M6T            59   59   14            G        3   1886.8
160SSB 31-Oct-21 21:51 0012  DF0HQ          59   59   14                     2   1888.5
160SSB 31-Oct-21 21:57 0013  S56P           59   59   15                     3   1929.9
160SSB 31-Oct-21 22:01 0014  DK5KK          59   59   14                     2   1911.0
160SSB 31-Oct-21 22:04 0015  DL7ON          59   59   14                     2   1891.8
160SSB 31-Oct-21 22:05 0016  S54ZZ          59   59   15                     3   1885.0
160SSB 31-Oct-21 22:06 0017  OK1LRD         59   59   15                     3   1876.0
160SSB 31-Oct-21 22:11 0018  HG8R           59   59   15            HA       3   1854.8
160SSB 31-Oct-21 22:15 0019  OR3A           59   59   14                     3   1847.3
160SSB 31-Oct-21 22:28 0020  DK7AM          59   59   14                     2   1915.1
160SSB 31-Oct-21 22:32 0021  YT5A           59   59   15            YU       3   1873.0
160SSB 31-Oct-21 22:38 0022  LY7Z           59   59   15            LY       3   1835.0
160SSB 31-Oct-21 22:41 0023  HB9TOC         59   59   14            HB       3   1824.4
160SSB 31-Oct-21 22:41 0024  TM2Y           59   59   14                     3   1821.4
 40SSB 31-Oct-21 22:44 0025  CR3N           59   59   33            CT3  33  5   7082.3
 40SSB 31-Oct-21 22:44 0026  YT5A           59   59   15            YU   15  3   7083.7
 40SSB 31-Oct-21 22:50 0027  IS0BWM         59   59   15            IS       3   7100.1
 40SSB 31-Oct-21 22:56 0028  IB8A           59   59   15            I        3   7122.9
 40SSB 31-Oct-21 23:03 0029  UA4M           59   59   16            UA   16  3   7157.5
 40SSB 31-Oct-21 23:06 0030  II9P           59   59   15            IT9      3   7162.0
 40SSB 31-Oct-21 23:08 0031  IB0L           59   59   15                     3   7180.1
 40SSB 31-Oct-21 23:10 0032  EE5T           59   59   14            EA   14  3   7189.1
