 40CW  29-Mar-21 16:31 0001  SD1A           599  599  005           SM       3   7036.9
 40CW  29-Mar-21 16:32 0002  SM6M           599  599  006                    3   7034.6
 40CW  29-Mar-21 16:33 0003  OK1DSZ         599  599  004           OK       3   7033.1
 40CW  29-Mar-21 16:34 0004  SN1T           599  599  012           SP       3   7032.6
 40CW  29-Mar-21 16:35 0005  SM9X           599  599  013                    3   7031.4
 40CW  29-Mar-21 16:36 0006  OK2EA          599  599  010                    3   7030.9
 40CW  29-Mar-21 16:36 0007  9A1AA          599  599  018           9A       3   7030.3
 40CW  29-Mar-21 16:37 0008  SM5ACQ         599  599  012                    3   7029.9
 40CW  29-Mar-21 16:39 0009  DD5M           599  599  022           DL       2   7029.4
 40CW  29-Mar-21 16:40 0010  SM5IMO         599  599  023                    3   7028.5
 40CW  29-Mar-21 16:40 0011  DJ9MH          599  599  009                    2   7027.9
 40CW  29-Mar-21 16:41 0012  HB9BXE         599  599  030           HB       3   7027.3
 40CW  29-Mar-21 16:41 0013  EA3X           599  599  020           EA       3   7026.9
 40CW  29-Mar-21 16:43 0014  SP9H           599  599  024                    3   7026.4
 40CW  29-Mar-21 16:44 0015  DL8QS          599  599  034                    2   7025.8
 40CW  29-Mar-21 16:45 0016  DL6MHW         599  599  028                    2   7025.2
 40CW  29-Mar-21 16:46 0017  OK2TJ          599  599  035                    3   7024.5
 40CW  29-Mar-21 16:47 0018  DL6KVA         599  599  028                    2   7021.6
 40CW  29-Mar-21 16:48 0019  OK1FHI         599  599  026                    3   7039.0
 40CW  29-Mar-21 16:50 0020  DJ4MX          599  599  010                    2   7037.1
 40CW  29-Mar-21 16:50 0021  OK5MM          599  599  040                    3   7036.3
 40CW  29-Mar-21 16:52 0022  SM5GRD         599  599  023                    3   7035.7
 40CW  29-Mar-21 16:53 0023  OK1RKS         599  599  016                    3   7035.3
 40CW  29-Mar-21 16:55 0024  G3VIP          599  599  027           G        3   7033.8
 40CW  29-Mar-21 16:55 0025  G3SZU          599  599  032                    3   7033.3
 40CW  29-Mar-21 16:56 0026  YL3FW          599  599  034           YL       3   7032.9
 40CW  29-Mar-21 16:57 0027  SM5DXR         599  599  026                    3   7032.2
 40CW  29-Mar-21 16:59 0028  OK2NAJ         599  599  036                    3   7031.6
 40CW  29-Mar-21 17:02 0029  SM0Y           599  599  027                    3   7031.0
 40CW  29-Mar-21 17:05 0030  SD6F           599  599  013                    3   7027.6
 40CW  29-Mar-21 17:07 0031  OK7NV          599  599  035                    3   7035.1
 40CW  29-Mar-21 17:07 0032  EU8F           599  599  050           EU       3   7035.1
 40CW  29-Mar-21 17:08 0033  OK2SLS         599  599  026                    3   7035.1
 40CW  29-Mar-21 17:08 0034  DL1ROT         599  599  033                    2   7035.1
 40CW  29-Mar-21 17:10 0035  EU8R           599  599  052                    3   7035.1
