 20CW  07-Aug-21 19:16 0001  R5QQ           599  599  77            77       3  14027.4
 20CW  07-Aug-21 19:21 0002  RW4WA          599  599  78            78       3  14018.0
 20CW  07-Aug-21 19:22 0003  EA1X           599  599  04            04       3  14016.0
 20CW  07-Aug-21 19:23 0004  SK5AA          599  599  81            81       3  14013.0
 20CW  07-Aug-21 19:24 0005  CR5O           599  599  14            14       3  14012.8
 20CW  07-Aug-21 19:24 0006  EW1I           599  599  90            90       3  14009.0
 20CW  07-Aug-21 19:26 0007  EA3AKA         599  599  98            98       3  14004.1
 20CW  07-Aug-21 19:29 0008  EA5O           599  599  80            80       3  14031.5
 40CW  07-Aug-21 19:34 0009  LY5W           599  599  81            81       3   7009.8
 40CW  07-Aug-21 19:38 0010  S53R           599  599  75            75       3   7009.2
 40CW  07-Aug-21 19:39 0011  YT1A           599  599  64            64       3   7008.2
 40CW  07-Aug-21 19:39 0012  YT1R           599  599  99            99       3   7007.8
 40CW  07-Aug-21 19:40 0013  RW1A           599  599  84            84       3   7007.3
 40CW  07-Aug-21 19:41 0014  OK2EA          599  599  81            81       3   7006.5
 40CW  07-Aug-21 19:43 0015  S51J           599  599  69            69       3   7005.9
 40CW  07-Aug-21 19:44 0016  YL7X           599  599  82            82       3   7005.5
 40CW  07-Aug-21 19:45 0017  YO8RXP         599  599  95            95       3   7004.8
 40CW  07-Aug-21 19:47 0018  SW8YA          599  599  81                     3   7004.4
 40CW  07-Aug-21 19:49 0019  R5AF           599  599  16            16       3   7003.5
 40CW  07-Aug-21 19:50 0020  F8CRH          599  599  99                     3   7002.1
 40CW  07-Aug-21 19:50 0021  LY5E           599  599  81                     3   7001.6
 40CW  07-Aug-21 19:53 0022  IQ2VA          599  599  91            91       3   7000.9
 40CW  07-Aug-21 19:54 0023  EB5A           599  599  81                     3   7000.5
 40CW  07-Aug-21 19:57 0024  LY4L           599  599  01            01       3   7044.1
 40CW  07-Aug-21 19:59 0025  RU3A           599  599  82                     3   7043.6
 40CW  07-Aug-21 20:01 0026  IQ3MF          599  599  78            78       3   7042.6
 40CW  07-Aug-21 20:04 0027  ES6Q           599  599  79            79       3   7040.4
 40CW  07-Aug-21 20:05 0028  EU8U           599  599  89            89       3   7039.0
 40CW  07-Aug-21 20:06 0029  R4GM           599  599  82                     3   7037.7
 40CW  07-Aug-21 20:06 0030  YO9HP          599  599  76            76       3   7035.9
 40CW  07-Aug-21 20:38 0031  UR5ECW         599  599  84                     3   7035.2
 40CW  07-Aug-21 20:40 0032  OH2KW          599  599  79                     3   7034.4
 40CW  07-Aug-21 20:41 0033  9A2AJ          599  599  65            65       3   7034.2
 40CW  07-Aug-21 20:42 0034  UA6HLN         599  599  79                     3   7033.5
 40CW  07-Aug-21 20:44 0035  UT5IA          599  599  84                     3   7033.2
 40CW  07-Aug-21 20:44 0036  YL5W           599  599  67            67       3   7032.7
 40CW  07-Aug-21 20:46 0037  UR5R           599  599  99                     3   7030.8
 40CW  07-Aug-21 20:47 0038  EU1A           599  599  95                     3   7029.4
 40CW  07-Aug-21 20:48 0039  UY7RR          599  599  02            02       3   7028.5
 40CW  07-Aug-21 20:51 0040  YU7KW          599  599  75                     3   7027.4
 40CW  07-Aug-21 20:51 0041  IV3TRK         599  599  71            71       3   7025.0
 40CW  07-Aug-21 20:53 0042  LZ5Y           599  599  72            72       3   7023.8
 40CW  07-Aug-21 20:54 0043  LY2TS          599  599  75                     3   7023.2
 40CW  07-Aug-21 20:57 0044  OM7JG          599  599  75            75       3   7022.8
 40CW  07-Aug-21 20:59 0045  HB9CVQ         599  599  68            68       3   7021.0
160CW  07-Aug-21 21:01 0046  OZ2TF          599  599  84            84       3   1827.0
160CW  07-Aug-21 21:06 0047  F6FYA          599  599  79            79       3   1817.0
160CW  07-Aug-21 21:09 0048  DL1NKS         599  599  99            99       2   1832.0
 80CW  07-Aug-21 21:13 0049  9A5Y           599  599  98            98       3   3525.0
 80CW  07-Aug-21 21:14 0050  EW1M           599  599  80            80       3   3524.7
 80CW  07-Aug-21 21:15 0051  UW2M           599  599  84            84       3   3523.3
