 15CW  24-Jan-21 10:11 0001  4X1MM          599  599  281           4X       5  21024.4
 15CW  24-Jan-21 10:13 0002  RU4SO          599  599  119           UA       3  21022.5
 15CW  24-Jan-21 10:15 0003  UN3M           599  599  1162          UN       5  21010.1
 15CW  24-Jan-21 10:18 0004  LY5W           599  599  1493          LY       3  21032.1
 15CW  24-Jan-21 10:25 0005  OY1CT          599  599  734           OY       3  21027.1
 15CW  24-Jan-21 10:26 0006  RD4F           599  599  855                    3  21026.3
 15CW  24-Jan-21 10:28 0007  RZ9L           599  599  514           UA9      5  21022.4
 20CW  24-Jan-21 10:35 0008  RA4ACX         599  599  517           UA       3  14022.6
 20CW  24-Jan-21 10:36 0009  LZ3R           599  599  667           LZ       3  14022.2
 20CW  24-Jan-21 10:37 0010  LZ5DD          599  599  1151                   3  14019.8
 20CW  24-Jan-21 10:38 0011  HG7T           599  599  820           HA       3  14019.4
 20CW  24-Jan-21 10:39 0012  LZ1ZF          599  599  375                    3  14019.0
 20CW  24-Jan-21 10:56 0013  R8TT           599  599  1479          UA9      5  14016.3
 20CW  24-Jan-21 10:58 0014  RA5AW          599  599  599                    3  14013.5
 20CW  24-Jan-21 10:59 0015  M0BEW          599  599  1305DY        G        3  14013.0
 20CW  24-Jan-21 11:00 0016  R3EG           599  599  960                    3  14012.0
 20CW  24-Jan-21 11:02 0017  RT9A           599  599  1046                   5  14011.2
 20CW  24-Jan-21 11:03 0018  S57DX          599  599  1674          S5       3  14010.0
 20CW  24-Jan-21 11:05 0019  UT4U           599  599  1664          UR       3  14009.6
 20CW  24-Jan-21 11:08 0020  GW5R           599  599  2019SY        GW       3  14006.7
 20CW  24-Jan-21 11:11 0021  HG0Y           599  599  185                    3  14002.8
 40CW  24-Jan-21 11:12 0022  G4RGK          599  599  503HP         G        3   7039.6
 40CW  24-Jan-21 11:13 0023  OK1SI          599  599  387           OK       3   7038.7
 40CW  24-Jan-21 11:14 0024  SP3ZHP         599  599  472           SP       3   7038.0
 40CW  24-Jan-21 11:15 0025  I5MXX          599  599  286           I        3   7037.6
 40CW  24-Jan-21 11:16 0026  DM7X           599  599  382           DL       2   7035.9
 40CW  24-Jan-21 11:18 0027  GM0AXY         599  599  129EH         GM       3   7035.0
 40CW  24-Jan-21 11:20 0028  G6T            599  599  1138SG                 3   7032.7
 40CW  24-Jan-21 11:21 0029  SM5EPO         599  599  213           SM       3   7032.4
 40CW  24-Jan-21 11:21 0030  SM2CEW         599  599  245                    3   7031.5
 40CW  24-Jan-21 11:22 0031  F5NBX          599  599  087           F        3   7031.0
 40CW  24-Jan-21 11:23 0032  OH2KW          599  599  900           OH       3   7030.6
 40CW  24-Jan-21 11:24 0033  F5PHW          599  599  195                    3   7028.8
 40CW  24-Jan-21 11:26 0034  OZ3SM          599  599  751           OZ       3   7026.7
 40CW  24-Jan-21 11:28 0035  OE3WMA         599  599  385           OE       3   7025.0
 40CW  24-Jan-21 11:29 0036  YL2TD          599  599  326           YL       3   7024.6
 40CW  24-Jan-21 11:37 0037  IV3HAX         599  599  321                    3   7023.4
 40CW  24-Jan-21 11:38 0038  G3VYI          599  599  551GU                  3   7022.9
 40CW  24-Jan-21 11:38 0039  SP4DNX         599  599  267                    3   7022.5
 40CW  24-Jan-21 11:39 0040  DJ0YI          599  599  362                    2   7021.7
 40CW  24-Jan-21 11:41 0041  OK1HCG         599  599  134                    3   7020.5
 40CW  24-Jan-21 11:43 0042  M7Z            599  599  1292IP                 3   7019.0
 40CW  24-Jan-21 11:45 0043  G3SVK          599  599  611RM                  3   7018.4
 40CW  24-Jan-21 11:47 0044  SD6F           599  599  610                    3   7016.7
 40CW  24-Jan-21 11:48 0045  DF4TS          599  599  116                    2   7015.2
 40CW  24-Jan-21 11:49 0046  OK7GU          599  599  177                    3   7014.0
 40CW  24-Jan-21 11:49 0047  S55OO          599  599  003           S5       3   7013.1
 40CW  24-Jan-21 11:50 0048  LB6GG          599  599  1034          LA       3   7012.4
 40CW  24-Jan-21 11:51 0049  HA6PJ          599  599  227           HA       3   7011.5
 40CW  24-Jan-21 11:53 0050  F8KCF          599  599  113                    3   7010.7
 40CW  24-Jan-21 11:53 0051  9A7R           599  599  276           9A       3   7010.4
 40CW  24-Jan-21 11:56 0052  G4BYE          599  599  264SG                  3   7009.0
