 40CW  13-Dec-21 16:31 0001  SM9X           599  599  006           SM       3   7034.6
 40CW  13-Dec-21 16:32 0002  HA5OV          599  599  006           HA       3   7032.5
 40CW  13-Dec-21 16:34 0003  EA3X           599  599  010           EA       3   7028.5
 40CW  13-Dec-21 16:36 0004  HA5MA          599  599  009                    3   7027.6
 40CW  13-Dec-21 16:37 0005  RX3QNE         599  599  010           UA       3   7025.0
 80CW  13-Dec-21 16:38 0006  SD1A           599  599  007           SM       3   3548.5
 80CW  13-Dec-21 16:40 0007  SP4JFR         599  599  017           SP       3   3544.5
 80CW  13-Dec-21 16:40 0008  OK1LL          599  599  017           OK       3   3543.7
 80CW  13-Dec-21 16:41 0009  OK1AY          599  599  021                    3   3543.3
 80CW  13-Dec-21 16:42 0010  OK2NO          599  599  019                    3   3542.9
 80CW  13-Dec-21 16:42 0011  DL1DQW         599  599  016           DL       2   3542.7
 80CW  13-Dec-21 16:44 0012  OK2NAJ         599  599  023                    3   3541.4
 80CW  13-Dec-21 16:44 0013  OK1IBP         599  599  032                    3   3541.0
 80CW  13-Dec-21 16:45 0014  DL5YM          599  599  014                    2   3539.6
 80CW  13-Dec-21 16:45 0015  DK1AX          599  599  033                    2   3539.2
 80CW  13-Dec-21 16:46 0016  DL6IAK         599  599  033                    2   3538.3
 80CW  13-Dec-21 16:47 0017  SO3O           599  599  036                    3   3538.0
 80CW  13-Dec-21 16:48 0018  SE0B           599  599  021                    3   3536.7
 80CW  13-Dec-21 16:49 0019  DL6KVA         599  599  028                    2   3536.4
 80CW  13-Dec-21 16:50 0020  OK2PYA         599  599  048                    3   3536.0
 80CW  13-Dec-21 16:50 0021  PA3AAV         599  599  054           PA       3   3535.5
 80CW  13-Dec-21 16:51 0022  OK1OFM         599  599  004                    3   3534.4
 80CW  13-Dec-21 16:51 0023  E77EA          599  599  040           E7       3   3534.1
 80CW  13-Dec-21 16:54 0024  DL0DIX         599  599  040                    2   3533.5
 80CW  13-Dec-21 16:55 0025  OM3CQ          599  599  042           OM       3   3533.1
 80CW  13-Dec-21 16:55 0026  SP3CW          599  599  042                    3   3532.6
 80CW  13-Dec-21 16:59 0027  HA5OV          599  599  037           HA       3   3531.6
 80CW  13-Dec-21 17:01 0028  DM5I           599  599  057                    2   3530.9
 80CW  13-Dec-21 17:02 0029  SD6F           599  599  044                    3   3529.6
 80CW  13-Dec-21 17:02 0030  SM5ACQ         599  599  034                    3   3529.3
 80CW  13-Dec-21 17:03 0031  DJ9KH          599  599  053                    2   3528.9
 80CW  13-Dec-21 17:08 0032  SP3MEP         599  599  061                    3   3549.6
