???CW  11-Apr-21 16:57 0001  G4WFQ          599  599  27                     0  2400375
???CW  11-Apr-21 16:59 0002  DL5XL          599  599  28                     0  2400379
???CW  11-Apr-21 17:01 0003  SV1JG          599  599  28                     0  2400395
???CW  11-Apr-21 17:02 0004  YO9CMC         599  599  28                     0  2400399
???CW  11-Apr-21 17:05 0005  PP2CC          599  599  15                     0  2400420
???CW  11-Apr-21 17:06 0006  9A2EY          599  599  28                     0  2400444
???CW  11-Apr-21 17:08 0007  R7MC           599  599  29                     0  2400455
???CW  11-Apr-21 17:10 0008  IK4PKK         599  599  28                     0  2400466
???CW  11-Apr-21 17:12 0009  IK1IYU         599  599  28                     0  2400372
???CW  11-Apr-21 17:13 0010  DL5GAC         599  599  28                     0  2400389
???CW  11-Apr-21 17:15 0011  RA3DNC         599  599  29                     0  2400396
???CW  11-Apr-21 17:17 0012  M0SKN          599  599  27                     0  2400402
???CW  11-Apr-21 17:20 0013  3B8FA          599  599  53                     0  2400405
???CW  11-Apr-21 17:47 0014  OK1FWG         599  599  28                     0  2400444
???CW  11-Apr-21 17:48 0015  MI0ILE         599  599  27                     0  2400444
???CW  11-Apr-21 17:50 0016  DF2CK          599  599  28                     0  2400372
???CW  11-Apr-21 17:51 0017  E70T           599  599  28                     0  2400374
???CW  11-Apr-21 17:53 0018  OK2DM          599  599  28                     0  2400394
???CW  11-Apr-21 17:55 0019  DL7ARV         599  599  28                     0  2400404
???CW  11-Apr-21 17:56 0020  DF2ET          599  599  28                     0  2400408
???CW  11-Apr-21 17:58 0021  PT2AW          599  599  13                     0  2400419
???CW  11-Apr-21 18:00 0022  EA3AGB         599  599  37                     0  2400422
???CW  11-Apr-21 18:03 0023  VU2LBW         599  599  41                     0  2400439
???CW  11-Apr-21 18:05 0024  I2SVA          599  599  28                     0  2400447
???CW  11-Apr-21 18:06 0025  SP8NR          599  599  28                     0  2400448
???CW  11-Apr-21 18:21 0026  DJ7AO          599  599  28                     0  2400389
???CW  11-Apr-21 18:26 0027  IZ2CPS         599  599  28                     0  2400395
???CW  11-Apr-21 18:29 0028  R5AO           599  599  29                     0  2400402
???CW  11-Apr-21 18:32 0029  3B8FA          599  599  53                     0  2400405
???CW  11-Apr-21 18:34 0030  LZ1NY          599  599  28                     0  2400409
???CW  11-Apr-21 18:36 0031  YO2GL          599  599  28                     0  2400422
???CW  11-Apr-21 18:44 0032  II4DANT        599  599  28                     0  2400477
???CW  11-Apr-21 18:55 0033  VU2EEI         599  599  41                     0  2400431
???CW  11-Apr-21 18:57 0034  DL4CH          599  599  28                     0  2400431
???CW  11-Apr-21 18:57 0035  G4GIR          599  599  27                     0  2400431
???CW  11-Apr-21 18:58 0036  SP2GUB         599  599  28                     0  2400431
???CW  11-Apr-21 19:00 0037  YL3DW          599  599  29                     0  2400431
???CW  11-Apr-21 19:01 0038  HB9AOF         599  599  28                     0  2400431
; jn36lm                                                                               
???CW  11-Apr-21 19:03 0039  YO2CMI         599  599  28                     0  2400431
???CW  11-Apr-21 19:03 0040  PA2ST          599  599  27                     0  2400431
???CW  11-Apr-21 19:04 0041  PY2RN          599  599  15                     0  2400431
???CW  11-Apr-21 19:07 0042  LZ1JH          599  599  28                     0  2400431
???CW  11-Apr-21 19:08 0043  YO9CMC         599  599  28                     0  2400431
???CW  11-Apr-21 19:10 0044  SP3BGD         599  599  28                     0  2400431
???CW  11-Apr-21 19:17 0045  DJ2QV          599  599  28                     0  2400373
???CW  11-Apr-21 19:19 0046  EU2AA          599  599  29                     0  2400378
???CW  11-Apr-21 19:21 0047  HA3HK          599  599  28                     0  2400390
???CW  11-Apr-21 19:25 0048  DL1ZU          599  599  28                     0  2400412
???CW  11-Apr-21 19:38 0049  YO9FLD         599  599  28                     0  2400457
???CW  11-Apr-21 19:39 0050  S57A           599  599  28                     0  2400457
???CW  11-Apr-21 19:41 0051  PA0ZH          599  599  27                     0  2400457
???CW  11-Apr-21 19:42 0052  DJ0MY          599  599  28                     0  2400457
???CW  11-Apr-21 19:44 0053  DL9AJ          599  599  28                     0  2400457
???CW  11-Apr-21 19:46 0054  EA2AA          599  599  37                     0  2400457
???CW  11-Apr-21 19:48 0055  MI0ILE         599  599  27                     0  2400457
