 15CW  20-Nov-21 13:50 0001  LZ2XA          599  599  RZ            LZ       3  21043.5
 15CW  20-Nov-21 14:22 0002  IT9RBW         599  599  28            IT9  28  3  21033.5
 15CW  20-Nov-21 14:35 0003  VE3VN          599  599  04            VE   04  5  21028.4
 15CW  20-Nov-21 14:43 0004  CT1DRB         599  599  37            CT   37  3  21014.9
 15CW  20-Nov-21 14:50 0005  9H1XT          599  599  28            9H       3  21019.5
 20CW  20-Nov-21 15:53 0006  WK2G           599  599  08            K    08  5  14054.0
 20CW  20-Nov-21 15:54 0007  PI35EUDXF      599  599  27            PA   27  3  14055.4
 20CW  20-Nov-21 15:55 0008  EA5HRT         599  599  37            EA   37  3  14051.3
 20CW  20-Nov-21 15:57 0009  N8UM           599  599  08                     5  14048.9
 20CW  20-Nov-21 16:02 0010  VE2FK          599  599  09            VE   09  5  14044.0
 20CW  20-Nov-21 16:03 0011  W9ILY          599  599  08                     5  14042.7
 20CW  20-Nov-21 16:08 0012  LZ5R           599  599  PD            LZ       3  14036.6
 20CW  20-Nov-21 16:11 0013  9A4W           599  599  28            9A   28  3  14025.0
 20CW  20-Nov-21 16:14 0014  EA8DHV         599  599  36            EA8  36  5  14018.3
 20CW  20-Nov-21 16:15 0015  EA7Q           599  599  37                     3  14020.5
 20CW  20-Nov-21 16:16 0016  DM0A           599  599  28            DL       2  14017.0
 20CW  20-Nov-21 16:21 0017  VE3VN          599  599  04                 04  5  14015.7
 20CW  20-Nov-21 16:22 0018  K1LZ           599  599  08                     5  14010.9
 20CW  20-Nov-21 18:05 0019  HQ9X           599  599  11            HR   11  5  14003.7
 10CW  21-Nov-21 10:09 0020  RL4A           599  599  29            UA   29  3  28031.4
 10CW  21-Nov-21 10:10 0021  R4BZ           599  599  29                     3  28032.3
 10CW  21-Nov-21 10:11 0022  DL0KC          599  599  28            DL   28  2  28034.0
 10CW  21-Nov-21 10:15 0023  DL5KUT         599  599  009V08             09  2  28036.8
 10CW  21-Nov-21 10:17 0024  DL5OAB         599  599  008G20                 2  28039.0
 10CW  21-Nov-21 10:19 0025  DL6ED          599  599  007R15                 2  28032.0
 10CW  21-Nov-21 10:21 0026  DF4PD          599  599  016G23             01  2  28030.2
 10CW  21-Nov-21 10:22 0027  UC7A           599  599  29                     3  28027.3
 10CW  21-Nov-21 10:26 0028  4L8A           599  599  29            4L       5  28019.0
 15CW  21-Nov-21 10:39 0029  RW9QA          599  599  30            UA9  30  5  21028.4
 15CW  21-Nov-21 10:40 0030  LZ5KW          599  599  PD                     3  21028.1
 15CW  21-Nov-21 10:41 0031  LZ3V           599  599  SF                     3  21025.8
 15CW  21-Nov-21 10:41 0032  LZ7A           599  599  SF                     3  21025.3
 15CW  21-Nov-21 10:42 0033  RA9AP          599  599  30                     5  21023.6
 15CW  21-Nov-21 11:01 0034  RC9J           599  599  21                 21  5  21016.4
 15CW  21-Nov-21 11:03 0035  OG7F           599  599  18            OH   18  3  21015.7
 15CW  21-Nov-21 11:04 0036  R8XF           599  599  20            UA   20  3  21015.1
 15CW  21-Nov-21 11:05 0037  UT8AS          599  599  29            UR   29  3  21013.3
 15CW  21-Nov-21 11:07 0038  RG9A           599  599  30                     5  21010.9
 15CW  21-Nov-21 11:10 0039  UN7LZ          599  599  30            UN       5  21010.5
 15CW  21-Nov-21 11:12 0040  UA9R           599  599  30                     5  21009.4
 15CW  21-Nov-21 11:13 0041  LZ1AQ          599  599  KD                     3  21008.7
 15CW  21-Nov-21 11:14 0042  CR5O           599  599  37                     3  21007.9
 40CW  21-Nov-21 11:22 0043  SN2S           599  599  28            SP   28  3   7037.1
 40CW  21-Nov-21 11:24 0044  OK2QA          599  599  28            OK       3   7034.6
 40CW  21-Nov-21 11:44 0045  DL1OJ          599  599  28            DL       2   7031.4
 40CW  21-Nov-21 11:45 0046  DM7X           599  599  28                     2   7030.0
 40CW  21-Nov-21 11:47 0047  IK5OJB         599  599  28            I        3   7029.2
 40CW  21-Nov-21 11:49 0048  SP7Q           599  599  28                     3   7027.6
 40CW  21-Nov-21 11:51 0049  LY2A           599  599  29            LY   29  3   7025.2
 40CW  21-Nov-21 11:51 0050  SM0Q           599  599  18            SM   18  3   7023.0
 40CW  21-Nov-21 11:53 0051  SD1A           599  599  18                     3   7022.5
 40CW  21-Nov-21 11:53 0052  9A3VM          599  599  28            9A       3   7021.0
 40CW  21-Nov-21 11:55 0053  ES4RD          599  599  29            ES       3   7018.3
 40CW  21-Nov-21 11:56 0054  SD6F           599  599  18                     3   7011.7
