 20CW  14-Aug-21 18:50 0001  NA8V           599  599  720           K        5  14023.0
 20CW  14-Aug-21 18:58 0002  KC1XX          599  599  1048                   5  14018.8
 20CW  14-Aug-21 19:09 0003  K3UL           599  599  270                    5  14018.0
 20CW  14-Aug-21 19:13 0004  K0ZR           599  599  637                    5  14016.5
 20CW  14-Aug-21 19:31 0005  KR2Q           599  599  658                    5  14010.0
 20CW  14-Aug-21 19:33 0006  VY2ZM          599  599  1088          VE       5  14009.5
 20CW  14-Aug-21 19:39 0007  EA8DHV         599  599  132           EA8      5  14009.1
 20CW  14-Aug-21 19:40 0008  AA3B           599  599  1035                   5  14008.4
 20CW  14-Aug-21 19:44 0009  NN3W           599  599  1020                   5  14007.5
 20CW  14-Aug-21 19:46 0010  KF3B           599  599  706                    5  14006.5
 20CW  14-Aug-21 19:51 0011  K3WJV          599  599  380                    5  14048.1
 20CW  14-Aug-21 20:00 0012  ZM1A           599  599  392           ZL       5  14039.8
 20CW  14-Aug-21 20:08 0013  NW3Y           599  599  470                    5  14036.6
 20CW  14-Aug-21 20:14 0014  4X6FR          599  599  982           4X       5  14034.7
 20CW  14-Aug-21 20:24 0015  VE3AT          599  599  838                    5  14024.6
 20CW  15-Aug-21 14:29 0016  N3RS           599  599  1353                   5  14023.2
 20CW  15-Aug-21 14:32 0017  NN7CW          599  599  1124                   5  14023.7
 20CW  15-Aug-21 14:33 0018  W1FJ           599  599  104                    5  14022.2
 20CW  15-Aug-21 14:41 0019  RM9I           599  599  1514          UA9      5  14021.3
 20CW  15-Aug-21 14:43 0020  JA7IC          599  599  321           JA       5  14020.7
 20CW  15-Aug-21 14:45 0021  R8CT           599  599  1268                   5  14016.7
 20CW  15-Aug-21 14:49 0022  VE3NNT         599  599  1241                   5  14014.3
 20CW  15-Aug-21 14:56 0023  UN9L           599  599  1638          UN       5  14011.6
 20CW  15-Aug-21 15:02 0024  HZ7C           599  599  744           HZ       5  14045.4
 20CW  15-Aug-21 15:05 0025  JH1GEX         599  599  496                    5  14044.5
 20CW  15-Aug-21 15:07 0026  UP5B           599  599  840                    5  14043.5
 20CW  15-Aug-21 15:10 0027  RA9AP          599  599  1020                   5  14041.0
 20CW  15-Aug-21 15:22 0028  RV9UP          599  599  692                    5  14027.5
 20CW  15-Aug-21 15:22 0029  P3X            599  599  2006          5B       5  14027.0
 20CW  15-Aug-21 17:15 0030  K2ZW           599  599  1476                   5  14017.0
 20CW  15-Aug-21 19:43 0031  FY5KE          599  599  1273          FY       5  14042.2
 20CW  15-Aug-21 19:51 0032  CN8KD          599  599  402           CN       5  14022.0
 20CW  15-Aug-21 19:56 0033  LW1EUD         599  599  096           LU       5  14025.9
 20CW  15-Aug-21 20:00 0034  LW5HR          599  599  305                    5  14051.0
 20CW  15-Aug-21 20:21 0035  PY2KC          599  599  305           PY       5  14041.1
 20CW  15-Aug-21 20:26 0036  KL7SB          599  599  516           KL       5  14022.8
