 80CW  22-Nov-21 17:04 0001  OK1FRD         599  599  013           OK       3   3552.5
 80CW  22-Nov-21 17:05 0002  OM5VS          599  599  038           OM       3   3550.0
 80CW  22-Nov-21 17:06 0003  OK1FCJ         599  599  081                    3   3548.9
 80CW  22-Nov-21 17:07 0004  DP7D           599  599  084           DL       2   3545.5
 80CW  22-Nov-21 17:08 0005  OL50DJ         599  599  058                    3   3545.0
 80CW  22-Nov-21 17:09 0006  OK5TFC         599  599  064                    3   3544.2
 80CW  22-Nov-21 17:10 0007  DJ9KH          599  599  062                    2   3543.0
 80CW  22-Nov-21 17:11 0008  OK1RZ          599  599  076                    3   3541.0
 80CW  22-Nov-21 17:13 0009  DD5M           599  599  074                    2   3540.7
 80CW  22-Nov-21 17:14 0010  DJ9SN          599  599  061                    2   3540.2
 80CW  22-Nov-21 17:15 0011  OK2CQR         599  599  029                    3   3539.9
 80CW  22-Nov-21 17:17 0012  OM4AZF         599  599  042                    3   3539.6
 80CW  22-Nov-21 17:18 0013  DL1NKS         599  599  072                    2   3539.0
 80CW  22-Nov-21 17:18 0014  OK2EA          599  599  060                    3   3538.5
 80CW  22-Nov-21 17:20 0015  DL5YM          599  599  061                    2   3537.0
 80CW  22-Nov-21 17:21 0016  OM5CM          599  599  070                    3   3536.0
 80CW  22-Nov-21 17:22 0017  DL6IAK         599  599  082                    2   3535.6
 80CW  22-Nov-21 17:23 0018  DL4ME          599  599  104                    2   3535.1
 80CW  22-Nov-21 17:26 0019  SP3VT          599  599  086           SP       3   3531.9
 80CW  22-Nov-21 17:29 0020  SM5CSS         599  599  074           SM       3   3532.7
 80CW  22-Nov-21 17:29 0021  OK1TN          599  599  095                    3   3529.9
