 40CW  05-Jul-21 16:37 0001  SD1A           599  599  013           SM       3   7035.5
 40CW  05-Jul-21 16:38 0002  DJ3WE          599  599  014           DL       2   7034.9
 40CW  05-Jul-21 16:38 0003  HB9BXE         599  599  021           HB       3   7033.7
 40CW  05-Jul-21 16:40 0004  DJ9SN          599  599  015                    2   7031.0
 40CW  05-Jul-21 16:43 0005  OK1YM          599  599  027           OK       3   7030.4
 40CW  05-Jul-21 16:44 0006  DL1NKS         599  599  022                    2   7030.1
 40CW  05-Jul-21 16:45 0007  DL4ME          599  599  029                    2   7028.7
 40CW  05-Jul-21 16:46 0008  DL1PAN         599  599  023                    2   7026.6
 40CW  05-Jul-21 16:46 0009  9A1AA          599  599  030           9A       3   7025.6
 40CW  05-Jul-21 16:49 0010  OK5TFC         599  599  030                    3   7024.5
 40CW  05-Jul-21 16:51 0011  DJ9MH          599  599  034                    2   7027.9
 40CW  05-Jul-21 16:53 0012  SM5ACQ         599  599  021                    3   7031.7
 40CW  05-Jul-21 16:54 0013  DM6EE          599  599  024                    2   7032.4
 40CW  05-Jul-21 16:55 0014  OK1FCJ         599  599  064                    3   7032.9
 40CW  05-Jul-21 16:56 0015  SN1T           599  599  048           SP       3   7034.8
 40CW  05-Jul-21 16:56 0016  OK1FHI         599  599  040                    3   7035.5
 40CW  05-Jul-21 16:57 0017  HA5OV          599  599  042           HA       3   7036.1
 40CW  05-Jul-21 16:58 0018  DL0GZ          599  599  036                    2   7037.2
 40CW  05-Jul-21 17:01 0019  OK1HBU         599  599  029                    3   7038.9
 80CW  05-Jul-21 17:03 0020  DK2FG          599  599  061           DL       2   3530.0
 80CW  05-Jul-21 17:05 0021  DJ8VH          599  599  047                    2   3531.9
 80CW  05-Jul-21 17:05 0022  DL4ME          599  599  069                    2   3532.4
 80CW  05-Jul-21 17:06 0023  DM5I           599  599  060                    2   3532.9
 80CW  05-Jul-21 17:07 0024  DL1NKS         599  599  043                    2   3537.0
 80CW  05-Jul-21 17:09 0025  DL6MHW         599  599  061                    2   3546.0
 80CW  05-Jul-21 17:10 0026  SN1T           599  599  077           SP       3   3544.7
 80CW  05-Jul-21 17:21 0027  OK1FCJ         599  599  111           OK       3   3538.6
 80CW  05-Jul-21 17:23 0028  PA2TA          599  599  051           PA       3   3537.3
 80CW  05-Jul-21 17:23 0029  PA3AAV         599  599  064                    3   3537.3
 80CW  05-Jul-21 17:24 0030  DL3FCG         599  599  058                    2   3537.3
 80CW  05-Jul-21 17:25 0031  OK1AY          599  599  057                    3   3537.3
 80CW  05-Jul-21 17:25 0032  DJ9MH          599  599  075                    2   3537.3
 80CW  05-Jul-21 17:26 0033  SN1T           599  599  100                    0   3537.3
 80CW  05-Jul-21 17:28 0034  OK1IF          599  599  067                    3   3537.3
