 80CW  24-Nov-22 20:33 0001  G3YHV          599  599  052           G        3   3524.9
 80CW  24-Nov-22 20:33 0002  GM3YEH         599  599  053           GM       3   3522.3
 80CW  24-Nov-22 20:34 0003  G3PDH          599  599  070                    3   3521.6
 80CW  24-Nov-22 20:35 0004  G4LPP          599  599  058                    3   3520.8
 80CW  24-Nov-22 20:35 0005  G4AFF          599  599  062                    3   3520.4
 80CW  24-Nov-22 20:36 0006  G0KPE          599  599  062                    3   3519.5
 80CW  24-Nov-22 20:37 0007  G3V            599  599  052                    3   3519.0
 80CW  24-Nov-22 20:40 0008  G3RAT          599  599  018                    3   3556.0
 80CW  24-Nov-22 20:42 0009  G0HDV          599  599  017                    3   3556.7
 80CW  24-Nov-22 20:43 0010  G4EBK          599  599  058                    3   3547.4
 80CW  24-Nov-22 20:45 0011  G0BKU          599  599  022                    3   3544.0
 80CW  24-Nov-22 20:46 0012  G4BVY          599  599  048                    3   3543.4
 80CW  24-Nov-22 20:47 0013  G4FAD          599  599  073                    3   3538.8
 80CW  24-Nov-22 20:51 0014  G6C            599  599  061                    3   3538.0
 80CW  24-Nov-22 20:52 0015  MM2N           599  599  079                    3   3537.4
 80CW  24-Nov-22 20:53 0016  G3RWF          599  599  097                    3   3535.6
 80CW  24-Nov-22 20:54 0017  M0MUI          599  599  067                    3   3535.1
 80CW  24-Nov-22 20:56 0018  G3RTE          599  599  089                    3   3534.2
 80CW  24-Nov-22 20:56 0019  G4ARI          599  599  082                    3   3533.0
 80CW  24-Nov-22 20:57 0020  GW5P           599  599  087           GW       3   3532.3
 80CW  24-Nov-22 20:57 0021  M2A            599  599  083                    3   3532.3
 80CW  24-Nov-22 20:58 0022  G3PJT          599  599  080                    3   3532.3
 80CW  24-Nov-22 20:59 0023  G3TBK          599  599  100                    3   3530.0
 80CW  24-Nov-22 21:00 0024  GI5I           599  599  075           GI       3   3528.2
 80CW  24-Nov-22 21:02 0025  G5LP           599  599  082                    3   3523.0
 80CW  24-Nov-22 21:05 0026  G3TJE          599  599  064                    3   3523.0
 80CW  24-Nov-22 21:05 0027  G3XTZ          599  599  066                    3   3522.2
 80CW  24-Nov-22 21:11 0028  G0HSA          599  599  047                    3   3540.0
 80CW  24-Nov-22 21:11 0029  GM2V           599  599  095                    3   3538.5
 80CW  24-Nov-22 21:13 0030  G3VPW          599  599  095                    3   3538.5
 80CW  24-Nov-22 21:14 0031  G3YLA          599  599  065                    3   3536.8
 80CW  24-Nov-22 21:15 0032  G6A            599  599  081                    3   3529.2
 80CW  24-Nov-22 21:23 0033  M4N            599  599  096                    3   3527.3
 80CW  24-Nov-22 21:23 0034  G4OTV          599  599  052                    3   3550.1
 80CW  24-Nov-22 21:24 0035  G4CZB          599  599  055                    3   3549.1
 80CW  24-Nov-22 21:26 0036  G0W            599  599  028                    3   3555.2
 80CW  24-Nov-22 21:27 0037  MM2N           599  599  106                    0   3533.0
 80CW  24-Nov-22 21:28 0038  G3RVM          599  599  087                    3   3530.1
 80CW  24-Nov-22 21:29 0039  G5C            599  599  063                    3   3530.1
 80CW  24-Nov-22 21:29 0040  G4DBW          599  599  118                    3   3530.1
