 40CW  03-Oct-22 09:31 0001  DL3FF          599  599  H             DL       2   7039.1
 40CW  03-Oct-22 09:33 0002  DL6MHW         599  599  BK                     2   7035.4
 40CW  03-Oct-22 09:36 0003  DK3DUA         599  599  DD                     2   7034.5
 40CW  03-Oct-22 09:37 0004  DL5IAH         599  599  PS                     2   7034.0
 40CW  03-Oct-22 09:38 0005  DF7DJ          599  599  UN                     2   7033.6
 40CW  03-Oct-22 09:40 0006  DL8LBK         599  599  PI                     2   7033.2
 40CW  03-Oct-22 09:44 0007  OK2QA          599  599  0             OK       3   7032.8
 40CW  03-Oct-22 09:44 0008  DJ9MH          599  599  HAS                    2   7032.5
 40CW  03-Oct-22 09:45 0009  DL0DA          599  599  DD                     2   7032.1
 40CW  03-Oct-22 09:46 0010  DJ9AO          599  599  J                      2   7031.7
 40CW  03-Oct-22 09:47 0011  DD5M           599  599  EBE                    2   7030.9
 40CW  03-Oct-22 09:48 0012  DL70WOB        599  599  WOB                    2   7030.3
 40CW  03-Oct-22 09:49 0013  DJ0YI          599  599  BB                     2   7028.4
 40CW  03-Oct-22 09:52 0014  SQ1PSA         599  599  0             SP       3   7027.4
 40CW  03-Oct-22 09:54 0015  DL0HAM         599  599  B                      2   7026.4
 40CW  03-Oct-22 09:56 0016  DL4CF          599  599  BLK                    2   7026.0
 40CW  03-Oct-22 09:56 0017  DF3VM          599  599  WND                    2   7024.1
 40CW  03-Oct-22 09:57 0018  DL2SAX         599  599  NU                     2   7023.1
 40CW  03-Oct-22 09:58 0019  DF4ZL          599  599  GG                     2   7022.4
 40CW  03-Oct-22 09:59 0020  DK0HSC         599  579  FD                     2   7021.2
