 40CW  14-Mar-22 16:54 0001  OK1LL          599  599  024           OK       3   7033.3
 40CW  14-Mar-22 16:55 0002  IN3FHE         599  599  021           I        3   7033.3
 40CW  14-Mar-22 16:56 0003  SM7FDO         599  599  019           SM       3   7033.3
 40CW  14-Mar-22 16:56 0004  SN1T           599  599  048           SP       3   7033.3
 40CW  14-Mar-22 16:57 0005  OM3WZ          599  599  033           OM       3   7033.3
 40CW  14-Mar-22 16:58 0006  HA5MA          599  599  051           HA       3   7033.3
 40CW  14-Mar-22 16:58 0007  OE3KAB         599  599  045           OE       3   7033.3
 40CW  14-Mar-22 17:01 0008  G3SVK          599  599  027           G        3   7032.9
 40CW  14-Mar-22 17:01 0009  SD6F           599  599  054                    3   7032.3
 40CW  14-Mar-22 17:01 0010  DL1YCF         599  599  033           DL       2   7031.7
 40CW  14-Mar-22 17:03 0011  YU1XO          599  599  026           YU       3   7031.1
 40CW  14-Mar-22 17:03 0012  EA3X           599  599  049           EA       3   7030.3
 40CW  14-Mar-22 17:04 0013  DG9OAY         599  599  021                    2   7029.8
 40CW  14-Mar-22 17:05 0014  OK1RKS         599  599  022                    3   7028.6
 80CW  14-Mar-22 17:07 0015  OM5AW          599  599  040           OM       3   3529.3
 80CW  14-Mar-22 17:08 0016  DD5M           599  599  076           DL       2   3532.8
 80CW  14-Mar-22 17:09 0017  OK1DTP         599  599  050           OK       3   3536.0
 80CW  14-Mar-22 17:10 0018  SN4D           599  599  004           SP       3   3536.0
 80CW  14-Mar-22 17:11 0019  OK1AY          599  599  067                    3   3536.0
 80CW  14-Mar-22 17:12 0020  F6JOE          599  599  027           F        3   3536.0
 80CW  14-Mar-22 17:12 0021  SN3K           599  599  063                    3   3536.0
 80CW  14-Mar-22 17:13 0022  SP3MEP         599  599  064                    3   3536.0
 80CW  14-Mar-22 17:14 0023  SE6K           599  599  037           SM       3   3536.0
 80CW  14-Mar-22 17:14 0024  OK1FMX         599  599  067                    3   3536.0
 80CW  14-Mar-22 17:16 0025  OK5OO          599  599  067                    3   3536.0
 80CW  14-Mar-22 17:18 0026  HA2OS          599  599  022           HA       3   3546.1
 80CW  14-Mar-22 17:19 0027  OK1TN          599  599  072                    3   3543.3
 80CW  14-Mar-22 17:20 0028  OK1USP         599  599  049                    3   3537.6
 80CW  14-Mar-22 17:21 0029  OM5B           599  599  086                    3   3537.6
 80CW  14-Mar-22 17:23 0030  OM2KI          599  599  084                    3   3537.6
 80CW  14-Mar-22 17:23 0031  DG9OAY         599  599  039                    2   3537.6
 80CW  14-Mar-22 17:24 0032  OK2PYA         599  599  085                    3   3537.6
 80CW  14-Mar-22 17:25 0033  DK3AX          599  599  036                    2   3537.6
 80CW  14-Mar-22 17:26 0034  SM5CSS         599  599  080                    3   3537.6
 80CW  14-Mar-22 17:26 0035  DM7N           599  599  062                    2   3537.6
 80CW  14-Mar-22 17:27 0036  SP3VT          599  599  053                    3   3537.6
 80CW  14-Mar-22 17:29 0037  DL4ME          599  599  122                    2   3537.6
 80CW  14-Mar-22 17:29 0038  PA3AAV         599  599  101           PA       3   3537.6
 80CW  14-Mar-22 17:29 0039  OK1DSZ         599  599  088                    3   3537.6
