160SSB 29-Oct-22 17:14 0001  F6KOP          59   59   14            F    14  3   1837.0
160SSB 29-Oct-22 17:15 0002  OT5A           59   59   14            ON       3   1845.5
160SSB 29-Oct-22 17:18 0003  S53O           59   59   15            S5   15  3   1867.9
160SSB 29-Oct-22 17:19 0004  DF0HQ          59   59   14            DL       2   1871.9
160SSB 29-Oct-22 17:24 0005  DR3W           59   59   14                     2   1857.1
 80SSB 29-Oct-22 17:32 0006  M0HFC          59   59   14            G    14  3   3715.5
 80SSB 29-Oct-22 17:33 0007  OK5D           59   59   15            OK   15  3   3722.8
 80SSB 29-Oct-22 17:34 0008  OT5A           59   59   14            ON       3   3719.9
 80SSB 29-Oct-22 17:36 0009  DF0HQ          59   59   14            DL       2   3775.0
 80SSB 29-Oct-22 17:39 0010  IB3M           59   59   15            IT9      3   3791.0
 80SSB 29-Oct-22 17:40 0011  M6T            59   59   14                     3   3797.2
 80SSB 29-Oct-22 17:42 0012  SQ7NSN         59   59   15            SP       3   3787.5
 80SSB 29-Oct-22 17:45 0013  F6KOP          59   59   14            F        3   3780.0
 10SSB 29-Oct-22 17:49 0014  YT8WW          59   59   15            YU   15  3  28473.0
 10SSB 29-Oct-22 17:50 0015  K1LZ           59   59   05            K    05  5  28441.2
 10SSB 29-Oct-22 17:55 0016  KQ2M           59   59   05                     5  28306.9
 15SSB 29-Oct-22 19:40 0017  CT3KN          59   59   33            CT3  33  5  21290.0
 20SSB 29-Oct-22 19:52 0018  PP4T           59   59   11            PY   11  5  14113.0
 20SSB 29-Oct-22 20:01 0019  ES3V           59   59   15            ES   15  3  14130.0
 20SSB 29-Oct-22 20:02 0020  YU5R           59   59   15            YU       3  14133.0
 20SSB 29-Oct-22 20:04 0021  EA9ABC         59   59   33            EA9  33  5  14161.0
 20SSB 29-Oct-22 20:08 0022  YU5M           59   59   15                     3  14179.0
 20SSB 29-Oct-22 20:12 0023  Z35T           59   59   15            Z3       3  14204.9
 20SSB 29-Oct-22 20:16 0024  LZ9W           59   59   20            LZ   20  3  14255.4
 20SSB 29-Oct-22 20:19 0025  CN3A           59   59   33            CN       5  14345.0
 20SSB 29-Oct-22 20:22 0026  YT5A           59   59   15                     3  14306.0
 20SSB 29-Oct-22 20:24 0027  YT0W           59   59   15                     3  14256.4
 20SSB 29-Oct-22 20:25 0028  D4Z            59   59   35            D4   35  5  14273.7
 20SSB 29-Oct-22 20:26 0029  OH1F           59   59   15            OH       3  14298.4
 20SSB 29-Oct-22 20:27 0030  PT4A           59   59   11                     5  14223.0
 20SSB 29-Oct-22 20:30 0031  CR3A           59   59   33            CT3      5  14240.6
 40SSB 29-Oct-22 20:33 0032  II2S           59   59   15            I    15  3   7128.5
 40SSB 29-Oct-22 20:33 0033  YT1A           59   59   15            YU       3   7138.0
 40SSB 29-Oct-22 20:35 0034  ED5R           59   59   14            EA   14  3   7148.0
 40SSB 29-Oct-22 20:36 0035  S51YI          59   59   15            S5       3   7152.0
 40SSB 29-Oct-22 20:36 0036  SN3A           59   59   15            SP       3   7155.0
 40SSB 29-Oct-22 20:46 0037  CR6T           59   59   14            CT       3   7190.9
 40SSB 29-Oct-22 20:50 0038  LZ5R           59   59   20            LZ   20  3   7196.5
 40SSB 29-Oct-22 20:54 0039  TM7A           59   59   14            F        3   7133.0
160SSB 29-Oct-22 20:55 0040  OT7T           59   59   14                     3   1891.2
160SSB 29-Oct-22 20:55 0041  DL1NKS         59   59   14                     2   1881.7
160SSB 29-Oct-22 20:59 0042  DL9UP          59   59   14                     2   1858.0
160SSB 29-Oct-22 21:01 0043  OT5X           59   59   14                     3   1866.0
160SSB 29-Oct-22 21:06 0044  DP6T           59   59   14                     2   1880.0
 80SSB 29-Oct-22 21:09 0045  DL5RMH         59   59   14                     2   3733.3
 80SSB 29-Oct-22 21:10 0046  SP8R           59   59   15                     3   3729.3
 80SSB 29-Oct-22 21:11 0047  YU1LD          59   59   15            YU       3   3736.0
 80SSB 29-Oct-22 21:16 0048  DL2CC          59   59   14                     2   3743.0
 80SSB 29-Oct-22 21:18 0049  OT7T           59   59   14                     3   3750.1
 80SSB 29-Oct-22 21:19 0050  SO4R           59   59   15                     3   3783.4
 20SSB 30-Oct-22 09:28 0051  UT7DX          59   59   16            UR   16  3  14105.0
 20SSB 30-Oct-22 09:29 0052  EW4GL          59   59   16            EU       3  14110.0
 10SSB 30-Oct-22 09:32 0053  EE7K           59   59   14            EA   14  3  28404.0
 10SSB 30-Oct-22 10:01 0054  UA3R           59   59   16            UA   16  3  28298.4
 10SSB 30-Oct-22 10:01 0055  UA4M           59   59   16                     3  28334.8
 10SSB 30-Oct-22 10:08 0056  IU0OVB         59   59   15            I        3  28419.5
 10SSB 30-Oct-22 10:12 0057  CN3A           59   59   33            CN   33  5  28424.3
 15SSB 30-Oct-22 10:20 0058  LZ9W           59   59   20            LZ   20  3  21290.0
 15SSB 30-Oct-22 10:21 0059  ED1B           59   59   14            EA   14  3  21278.9
 15SSB 30-Oct-22 10:21 0060  SZ3P           59   59   20            SV       3  21270.0
 15SSB 30-Oct-22 10:22 0061  RM3DA          59   59   16            UA   16  3  21267.5
 15SSB 30-Oct-22 10:26 0062  EA1L           59   59   14                     3  21262.0
 15SSB 30-Oct-22 10:27 0063  CN3A           59   59   33            CN       5  21258.5
 15SSB 30-Oct-22 10:28 0064  CR6P           59   59   14            CT       3  21258.0
 15SSB 30-Oct-22 10:29 0065  UW5Y           59   59   16            UR       3  21245.8
 15SSB 30-Oct-22 10:31 0066  IQ0ID          59   59   15            IS   15  3  21243.0
 15SSB 30-Oct-22 10:33 0067  ED1W           59   59   14                     3  21229.0
 15SSB 30-Oct-22 10:35 0068  YO8SBQ         59   59   20            YO       3  21216.7
 15SSB 30-Oct-22 10:35 0069  UA4M           59   59   16                     3  21203.0
 15SSB 30-Oct-22 10:39 0070  HG5A           59   59   15            HA       3  21168.9
 15SSB 30-Oct-22 10:39 0071  EW2A           59   59   16            EU       3  21162.5
 15SSB 30-Oct-22 10:42 0072  OH1Z           59   59   15            OH       3  21158.0
 10SSB 30-Oct-22 10:46 0073  CQ3W           59   59   33            CT3      5  28588.4
 10SSB 30-Oct-22 10:47 0074  IH9YMC         59   59   33            IG9      5  28573.0
 10SSB 30-Oct-22 10:48 0075  RA4DX          59   59   16                     3  28566.8
 10SSB 30-Oct-22 10:49 0076  CQ8M           59   59   14            CU       3  28552.5
 10SSB 30-Oct-22 10:50 0077  CR3Y           59   59   33                     5  28509.5
 10SSB 30-Oct-22 13:47 0078  CQ3J           59   59   33                     5  28529.0
 10SSB 30-Oct-22 13:51 0079  TI2CC          59   59   07            TI   07  5  28592.0
 10SSB 30-Oct-22 13:53 0080  W3LPL          59   59   05                     5  28581.0
 15SSB 30-Oct-22 14:05 0081  II9P           59   59   15            IT9      3  21172.5
 15SSB 30-Oct-22 14:06 0082  CT2JBD         59   59   14                     3  21191.9
 15SSB 30-Oct-22 14:11 0083  LZ2VU          59   59   20                     3  21255.0
 15SSB 30-Oct-22 14:13 0084  9H6A           59   59   15            9H       3  21249.0
 15SSB 30-Oct-22 14:15 0085  D4Z            59   59   35            D4   35  5  21265.0
 15SSB 30-Oct-22 14:19 0086  EA8RM          59   59   33            EA8      5  21297.5
 15SSB 30-Oct-22 14:22 0087  ED1R           59   59   14                     3  21305.0
 15SSB 30-Oct-22 14:24 0088  SZ3P           59   59   20                     0  21341.5
 15SSB 30-Oct-22 14:28 0089  J42L           59   59   20                     3  21402.3
 10SSB 30-Oct-22 14:33 0090  N4SS           59   59   04                 04  5  28478.6
 10SSB 30-Oct-22 15:01 0091  P33W           59   59   20            5B   20  5  28323.4
 10SSB 30-Oct-22 15:03 0092  FG4KH          59   59   08            FG   08  5  28326.3
 10SSB 30-Oct-22 15:12 0093  XL3T           59   59   04            VE       5  28286.4
 10SSB 30-Oct-22 15:15 0094  W3PP           59   59   05                     5  28302.0
 15SSB 30-Oct-22 17:45 0095  KP4PR          59   59   08            KP4  08  5  21426.0
160SSB 30-Oct-22 17:52 0096  PI4CC          59   59   14            PA       3   1852.5
 80SSB 30-Oct-22 17:56 0097  OT4A           59   59   14                     3   3793.8
 80SSB 30-Oct-22 17:58 0098  IK2QPR         59   59   15            I        3   3765.5
 80SSB 30-Oct-22 17:59 0099  SP2PIK         59   59   15                     3   3762.5
 80SSB 30-Oct-22 18:02 0100  PA6DX          59   59   14            PA       3   3702.0
 80SSB 30-Oct-22 18:04 0101  G4ERW          59   59   14                     3   3692.0
 80SSB 30-Oct-22 18:06 0102  I1JTQ          59   59   15                     3   3643.4
 40SSB 30-Oct-22 19:39 0103  RU1A           59   59   16            UA   16  3   7133.7
 40SSB 30-Oct-22 19:40 0104  SN7B           59   59   15                     3   7132.0
 40SSB 30-Oct-22 19:44 0105  IQ1RF          59   59   15                     3   7148.4
 40SSB 30-Oct-22 19:46 0106  4L2M           59   59   21            4L   21  5   7167.3
 40SSB 30-Oct-22 19:48 0107  S51CK          59   59   15                     3   7179.5
 40SSB 30-Oct-22 19:51 0108  ES9UKR         59   59   15            ES       3   7181.9
 40SSB 30-Oct-22 19:55 0109  YT5A           59   59   15                     3   7192.9
 40SSB 30-Oct-22 19:56 0110  SJ2W           59   59   14            SM       3   7195.0
 40SSB 30-Oct-22 19:59 0111  F4FJH          59   59   14                     3   7196.0
 20SSB 30-Oct-22 20:04 0112  IB9T           59   59   15            IT9      3  14218.5
 20SSB 30-Oct-22 20:12 0113  LZ5R           59   59   20                     3  14223.0
 20SSB 30-Oct-22 20:14 0114  PY6BA          59   59   11                     5  14203.1
 20SSB 30-Oct-22 20:14 0115  CN8SG          59   59   33                     5  14189.5
 20SSB 30-Oct-22 20:21 0116  VA2WA          59   59   05            VE   05  5  14118.5
160SSB 30-Oct-22 20:38 0117  SO4R           59   59   15            SP       3   1873.8
160SSB 30-Oct-22 20:40 0118  DK3BK          59   59   14                     2   1864.0
160SSB 30-Oct-22 20:46 0119  IK0NMJ         59   59   15            I        3   1840.5
 40SSB 30-Oct-22 20:50 0120  EA4URE         59   59   14                     3   7136.5
 40SSB 30-Oct-22 20:57 0121  TF3T           59   59   40            TF   40  3   7108.9
 40SSB 30-Oct-22 21:01 0122  P33W           59   59   20            5B       5   7102.0
 40SSB 30-Oct-22 21:02 0123  LN8W           59   59   14            LA       3   7098.3
 40SSB 30-Oct-22 21:08 0124  CN3A           59   59   33            CN   33  5   7094.0
 40SSB 30-Oct-22 21:10 0125  UP0L           59   59   17            UN   17  5   7065.8
 20SSB 30-Oct-22 21:13 0126  SN7D           59   59   15            SP       3  14265.0
 20SSB 30-Oct-22 21:15 0127  EW5A           59   59   16                     3  14285.4
 20SSB 30-Oct-22 21:18 0128  IR4X           59   59   15            I        3  14319.8
 80SSB 30-Oct-22 21:28 0129  9A2EU          59   59   15            9A       3   3685.2
 80SSB 30-Oct-22 21:31 0130  OZ0JD          59   59   14            OZ       3   3659.8
 80SSB 30-Oct-22 21:32 0131  DM6V           59   59   14                     2   3657.1
 80SSB 30-Oct-22 21:34 0132  S54K           59   59   15            S5       3   3653.1
 80SSB 30-Oct-22 21:36 0133  OZ5W           59   59   14                     3   3633.7
 80SSB 30-Oct-22 21:39 0134  PA9M           59   59   14                     3   3626.0
 80SSB 30-Oct-22 21:42 0135  IZ1OSP         59   59   15                     3   3618.5
