 40CW  06-Jun-22 17:00 0001  SQ1DNJ         599  599  043           SP       3   7033.7
 40CW  06-Jun-22 17:10 0002  OM5TZ          599  599  051           OM       3   7033.3
 40CW  06-Jun-22 17:12 0003  DM6EE          599  599  057           DL       2   7032.3
 40CW  06-Jun-22 17:13 0004  EA3X           599  599  048           EA       3   7029.5
 40CW  06-Jun-22 17:14 0005  YL3FW          599  599  060           YL       3   7029.0
 40CW  06-Jun-22 17:15 0006  DL5YM          599  599  064                    2   7028.3
 40CW  06-Jun-22 17:15 0007  SN7Q           599  599  085                    3   7027.5
 40CW  06-Jun-22 17:16 0008  OK5M           599  599  040           OK       3   7026.9
 40CW  06-Jun-22 17:17 0009  SD6F           599  599  062           SM       3   7026.0
 40CW  06-Jun-22 17:17 0010  SP4TKR         599  599  055                    3   7020.5
 40CW  06-Jun-22 17:18 0011  OK5TFC         599  599  024                    3   7018.5
 40CW  06-Jun-22 17:19 0012  OL8R           599  599  112                    3   7033.7
 40CW  06-Jun-22 17:20 0013  SP7N           599  599  061                    3   7032.8
 40CW  06-Jun-22 17:21 0014  E77EA          599  599  069           E7       3   7032.0
 40CW  06-Jun-22 17:22 0015  DK2FG          599  599  077                    2   7030.7
 40CW  06-Jun-22 17:23 0016  SN3K           599  599  067                    3   7028.8
 40CW  06-Jun-22 17:25 0017  PA3AAV         599  599  081           PA       3   7029.9
 40CW  06-Jun-22 17:26 0018  OM3CQ          599  599  065                    3   7029.9
 40CW  06-Jun-22 17:27 0019  HB9CMW         599  599  012           HB       3   7029.9
 40CW  06-Jun-22 17:27 0020  SP3FHV         599  599  036                    3   7029.9
 40CW  06-Jun-22 17:28 0021  OK1TRJ         599  599  038                    3   7029.9
 40CW  06-Jun-22 17:29 0022  DL0DRG         599  599  035                    2   7029.9
 40CW  06-Jun-22 17:29 0023  OK6OK          599  599  051                    3   7029.9
