 40CW  10-Jan-22 16:38 0001  OH1SIC         599  599  013           OH       3   7033.8
 40CW  10-Jan-22 16:38 0002  SM5IMO         599  599  020           SM       3   7032.6
 40CW  10-Jan-22 16:39 0003  II6WRTC        599  599  1             I        3   7032.0
 40CW  10-Jan-22 16:41 0004  SM5ACQ         599  599  026                    3   7027.9
 40CW  10-Jan-22 16:41 0005  SM9X           599  599  023                    3   7027.0
 40CW  10-Jan-22 16:44 0006  SD1A           599  599  017                    3   7024.0
 40CW  10-Jan-22 16:44 0007  SM6M           599  599  033                    3   7023.3
 40CW  10-Jan-22 16:45 0008  SM6S           599  599  014                    3   7019.1
 40CW  10-Jan-22 16:46 0009  EA3X           599  599  037           EA       3   7026.5
 40CW  10-Jan-22 16:47 0010  II8WRTC        599  599  1                      3   7038.0
 40CW  10-Jan-22 16:49 0011  SM5DXR         599  599  017                    3   7033.4
 40CW  10-Jan-22 16:51 0012  OM3WZ          599  599  010           OM       3   7027.5
 40CW  10-Jan-22 16:53 0013  II5WRTC        599  599  1                      3   7026.0
 80CW  10-Jan-22 17:01 0014  DL5YL          599  599  051           DL       2   3525.6
 80CW  10-Jan-22 17:02 0015  DL8QS          599  599  047                    2   3537.5
 80CW  10-Jan-22 17:02 0016  OK1TN          599  599  063           OK       3   3537.1
 80CW  10-Jan-22 17:04 0017  OK1FMX         599  599  043                    3   3535.8
 80CW  10-Jan-22 17:06 0018  OK1RR          599  599  069                    3   3534.2
 80CW  10-Jan-22 17:07 0019  OK1RZ          599  599  073                    3   3533.6
 80CW  10-Jan-22 17:08 0020  ON75LLV        599  599  1             ON       3   3532.4
 80CW  10-Jan-22 17:09 0021  DF4XX          599  599  069                    2   3530.7
 80CW  10-Jan-22 17:11 0022  OL1T           599  599  071                    3   3546.0
 80CW  10-Jan-22 17:13 0023  SD6M           599  599  053           SM       3   3543.6
 80CW  10-Jan-22 17:13 0024  DL6MHW         599  599  053                    2   3542.0
