 40CW  15-Oct-22 17:10 0001  OR4T/P         599  599  149           ON       3   7030.9
 40CW  15-Oct-22 17:11 0002  DM7CW          599  599  E38           DL       2   7029.7
 40CW  15-Oct-22 17:14 0003  DL6RAI         599  599  U08                    2   7028.6
 40CW  15-Oct-22 17:15 0004  DL9ZOG         599  599  W09                    2   7028.2
 40CW  15-Oct-22 17:16 0005  DK3YD          599  599  C12                    2   7027.8
 40CW  15-Oct-22 17:17 0006  DK2FG          599  599  N05                    2   7027.3
 40CW  15-Oct-22 17:18 0007  II5SMM         599  599  000           I        3   7026.0
 40CW  15-Oct-22 17:20 0008  DL4ME          599  599  X30                    2   7024.5
 40CW  15-Oct-22 17:21 0009  DL8ULF         599  599  Q37                    2   7023.5
 40CW  15-Oct-22 17:22 0010  DM5CW          599  599  NM                     2   7022.9
 40CW  15-Oct-22 17:22 0011  S55N           599  599  038           S5       3   7022.5
 40CW  15-Oct-22 17:23 0012  LA0CX          599  599  033           LA       3   7022.1
 40CW  15-Oct-22 17:24 0013  IK1QBT         599  599  072                    3   7021.7
 40CW  15-Oct-22 17:26 0014  R3VR           599  599  156           UA       3   7020.5
 15CW  15-Oct-22 17:31 0015  K9RS           599  599  070           K        5  21035.5
 15CW  15-Oct-22 17:33 0016  CT7/DL6IAK     599  599  164           CT       3  21028.3
 20CW  15-Oct-22 17:36 0017  RO5X           599  599  097           UA       3  14043.1
 20CW  15-Oct-22 17:37 0018  N2MF           599  599  090           K        5  14041.4
 20CW  15-Oct-22 17:39 0019  R3RK           599  599  056                    3  14040.3
 20CW  15-Oct-22 17:40 0020  UA5R           599  599  113                    3  14040.3
 20CW  15-Oct-22 17:40 0021  EU8U           599  599  139           EU       3  14040.3
 20CW  15-Oct-22 17:41 0022  LZ4A           599  599  105           LZ       3  14040.3
 20CW  15-Oct-22 17:41 0023  EV1R           599  599  118                    3  14040.3
 20CW  15-Oct-22 17:42 0024  RM2D           599  599  042                    3  14040.3
 20CW  15-Oct-22 17:43 0025  UC4L           599  599  178                    3  14040.3
 20CW  15-Oct-22 17:45 0026  EA5ITT         599  599  32            EA       3  14040.3
 20CW  15-Oct-22 17:47 0027  RT5P           599  599  031                    3  14036.8
 20CW  15-Oct-22 17:51 0028  EW1I           599  599  182                    3  14031.4
 15CW  15-Oct-22 18:00 0029  DF1LON         599  599  R11           DL       2  21017.2
 40CW  15-Oct-22 18:02 0030  OG3B           599  599  58            OH       3   7017.2
 40CW  15-Oct-22 18:03 0031  EA4AOC         599  599  002           EA       3   7016.3
 40CW  15-Oct-22 18:12 0032  9A3SM          599  599  146           9A       3   7015.0
 40CW  15-Oct-22 18:14 0033  SV1BJW         599  599  068           SV       3   7015.6
 40CW  15-Oct-22 18:15 0034  RZ9L           599  599  113           UA9      5   7016.0
 40CW  15-Oct-22 18:48 0035  SF6W           599  599  112           SM       3   7020.7
 40CW  15-Oct-22 18:50 0036  OK5TFC         599  599  061           OK       3   7017.5
 40CW  15-Oct-22 18:50 0037  EA1G           599  599  135                    3   7016.5
 40CW  15-Oct-22 18:52 0038  OE1CIW         599  599  066           OE       3   7014.7
 40CW  15-Oct-22 18:53 0039  YL7X           599  599  330           YL       3   7012.1
 40CW  15-Oct-22 18:54 0040  SP2R           599  599  222           SP       3   7017.3
 40CW  15-Oct-22 18:54 0041  ES4RD          599  599  258           ES       3   7018.7
 20CW  15-Oct-22 18:58 0042  CT7/DL6IAK     599  599  270           CT       3  14020.0
 20CW  15-Oct-22 18:59 0043  EA1X           599  599  140                    3  14015.6
 20CW  15-Oct-22 18:59 0044  K3AJ           599  599  387                    5  14013.8
 20CW  15-Oct-22 19:01 0045  K1GQ           599  599  34                     5  14013.3
 20CW  15-Oct-22 19:05 0046  EA5DF          599  599  357                    3  14043.5
 80CW  15-Oct-22 19:07 0047  DK1WI          599  599  O16           DL       2   3537.5
 80CW  15-Oct-22 19:07 0048  DA0M           599  599  Z90                    2   3537.0
 80CW  15-Oct-22 19:11 0049  OG3B           599  599  112           OH       3   3518.3
 80CW  15-Oct-22 19:12 0050  DL3UB          599  599  V22                    2   3517.1
 80CW  15-Oct-22 19:13 0051  F5IN           599  599  164           F        3   3513.5
 80CW  15-Oct-22 19:14 0052  DL4HRM         599  599  W35                    2   3510.0
 80CW  15-Oct-22 19:15 0053  DL7ZZ          599  599  H32                    2   3544.0
 80CW  15-Oct-22 19:15 0054  OK5TFC         599  599  85            OK       3   3541.6
 40CW  15-Oct-22 19:18 0055  DJ2MX          599  599  C26                    2   7038.3
 40CW  15-Oct-22 19:19 0056  OH1F           599  599  255                    3   7037.8
 40CW  15-Oct-22 19:24 0057  DL3JAN         599  599  S07                    2   7035.3
 40CW  15-Oct-22 19:25 0058  T77CX          599  599  148           T7       3   7032.0
 40CW  15-Oct-22 19:26 0059  DL1VDL         599  599  S06                    2   7031.2
 40CW  15-Oct-22 19:27 0060  F5OHM          599  599  272           F        3   7030.2
 40CW  15-Oct-22 19:28 0061  SP9ENV         599  599  066                    3   7029.6
 40CW  15-Oct-22 19:29 0062  DK3DUA         599  599  S07                    2   7028.9
 40CW  15-Oct-22 19:29 0063  OZ2TF          599  599  107           OZ       3   7028.7
 40CW  15-Oct-22 19:30 0064  HA7RY          599  599  216           HA       3   7027.4
 40CW  15-Oct-22 19:31 0065  EA2EZR         599  599  176                    3   7026.4
 40CW  15-Oct-22 19:33 0066  DL6JZ          599  599  S07                    2   7023.5
 20CW  15-Oct-22 19:35 0067  PY4HO          599  599  090           PY       5  14032.9
 20CW  15-Oct-22 19:37 0068  NC1CC          599  599  268                    5  14033.8
 20CW  15-Oct-22 19:46 0069  N4CW           599  599  155                    5  14026.3
 20CW  15-Oct-22 19:47 0070  VE2FK          599  599  232           VE       5  14024.6
 20CW  15-Oct-22 19:54 0071  PY5AMF         599  599  289                    5  14021.2
 80CW  15-Oct-22 19:59 0072  DJ5MO          599  599  I43                    2   3550.1
 80CW  15-Oct-22 20:00 0073  DL5IAH         599  599  K09                    2   3545.0
 80CW  15-Oct-22 20:03 0074  DA0W           599  599  B13                    2   3542.4
 80CW  15-Oct-22 20:03 0075  SO3O           599  599  034           SP       3   3541.5
 80CW  15-Oct-22 20:05 0076  DQ1V           599  599  V19                    2   3536.9
 80CW  15-Oct-22 20:07 0077  YU5R           599  599  311           YU       3   3535.9
 80CW  15-Oct-22 20:08 0078  DL7YS          599  599  D06                    2   3534.2
 80CW  15-Oct-22 20:09 0079  DM7M           599  599  S48                    2   3530.4
 80CW  15-Oct-22 20:10 0080  OU2I           599  599  149           OZ       3   3530.0
 80CW  15-Oct-22 20:11 0081  OK1OA          599  599  057                    3   3527.8
 80CW  15-Oct-22 20:14 0082  DL0XM          599  599  S41                    2   3523.7
 80CW  15-Oct-22 20:15 0083  DM4M           599  599  A20                    2   3522.0
 80CW  15-Oct-22 20:15 0084  DL4A           599  599  P55                    2   3521.1
 80CW  15-Oct-22 20:16 0085  OK2TJ          599  599  094                    3   3520.5
 80CW  15-Oct-22 20:18 0086  DM4MN          599  599  R03                    2   3520.0
 80CW  15-Oct-22 20:19 0087  DL4KWA         599  599  V07                    2   3518.5
 80CW  15-Oct-22 20:22 0088  DL1QW          599  599  L05                    2   3517.2
 80CW  15-Oct-22 20:23 0089  DL9OE          599  599  H24                    2   3516.1
 80CW  15-Oct-22 20:24 0090  DK5XG          599  599  E22                    2   3515.4
 80CW  15-Oct-22 20:27 0091  DH8VV          599  599  B25                    2   3515.0
 80CW  15-Oct-22 20:30 0092  LZ5R           599  599  647           LZ       3   3511.1
 80CW  15-Oct-22 20:31 0093  DL5SE          599  599  S54                    2   3510.5
 40CW  15-Oct-22 20:38 0094  E70T           599  599  14            E7       3   7014.5
 40CW  15-Oct-22 20:40 0095  YL3CW          599  599  147                    3   7008.6
 40CW  15-Oct-22 20:40 0096  UA4S           599  599  400                    3   7007.0
 40CW  15-Oct-22 20:41 0097  LY4L           599  599  539           LY       3   7002.2
 40CW  15-Oct-22 20:42 0098  CT7/DL6IAK     599  599  386           CT       3   7034.4
 40CW  15-Oct-22 20:43 0099  EU2F           599  599  213           EU       3   7033.1
 40CW  15-Oct-22 20:44 0100  DD5KG          599  599  C18                    2   7032.0
 40CW  15-Oct-22 20:45 0101  F5SGI          599  599  127                    3   7024.1
 10CW  16-Oct-22 09:39 0102  UC7A           599  599  603           UA       3  28010.6
 10CW  16-Oct-22 09:40 0103  UA9CTT         599  599  307           UA9      5  28039.0
 10CW  16-Oct-22 09:42 0104  DK5DQ          599  599  O32           DL       2  28036.0
 10CW  16-Oct-22 09:44 0105  RA7C           599  599  248                    3  28034.5
 10CW  16-Oct-22 09:45 0106  RN4HAB         599  599  299                    3  28031.6
 10CW  16-Oct-22 09:52 0107  DL0RD          599  599  L16                    2  28027.0
 10CW  16-Oct-22 10:27 0108  YL7X           599  599  961           YL       3  28033.1
 10CW  16-Oct-22 10:27 0109  RO5X           599  599  543                    3  28034.5
 10CW  16-Oct-22 10:30 0110  EU8U           599  599  829           EU       3  28023.8
 10CW  16-Oct-22 10:33 0111  UC4L           599  599  876                    3  28016.5
 10CW  16-Oct-22 10:35 0112  EV6Z           599  599  325                    3  28011.0
 10CW  16-Oct-22 10:35 0113  4X6FR          599  599  608           4X       5  28010.3
 10CW  16-Oct-22 10:47 0114  RW3VA/M        599  599  000                    3  28040.0
 10CW  16-Oct-22 10:51 0115  RN4AO          599  599  147                    3  28053.5
 10CW  16-Oct-22 11:00 0116  9A3VM          599  599  858           9A       3  28022.1
 10CW  16-Oct-22 11:11 0117  CR3W           599  599  2177          CT3      5  28024.9
 10CW  16-Oct-22 11:14 0118  YU5R           599  599  486           YU       3  28021.5
 10CW  16-Oct-22 11:17 0119  E77EA          599  599  710           E7       3  28018.2
 10CW  16-Oct-22 11:18 0120  YL3JD          599  599  093                    3  28017.0
 10CW  16-Oct-22 12:27 0121  LZ5R           599  599  1918          LZ       3  28004.8
 10CW  16-Oct-22 12:28 0122  RU7M           599  599  980                    3  28017.4
 10CW  16-Oct-22 12:29 0123  CT7AGZ         599  599  526           CT       3  28018.7
 10CW  16-Oct-22 12:30 0124  TA7I           599  599  556           TA       5  28022.2
 10CW  16-Oct-22 12:30 0125  K3WW           599  599  782           K        5  28024.3
 10CW  16-Oct-22 12:32 0126  CT7/G4BJM      599  599  399                    3  28026.5
 10CW  16-Oct-22 12:34 0127  UA3RBR         599  599  560                    3  28029.2
 10CW  16-Oct-22 12:35 0128  TA4/OH2KW      599  599  349                    5  28030.0
 10CW  16-Oct-22 12:39 0129  K3AJ           599  599  887                    5  28043.1
 10CW  16-Oct-22 12:41 0130  EA5DF          599  599  1210          EA       3  28048.0
 10CW  16-Oct-22 12:43 0131  PY1VOY         599  599  210           PY       5  28048.7
 10CW  16-Oct-22 12:45 0132  LZ6E           599  599  904                    3  28020.6
 10CW  16-Oct-22 12:47 0133  EW5A           599  599  2127                   3  28020.6
 10CW  16-Oct-22 12:48 0134  SM2M           599  599  1477          SM       3  28020.6
 15CW  16-Oct-22 13:08 0135  EV1R           599  599  499           EU       3  21042.0
 15CW  16-Oct-22 13:09 0136  RX7T           599  599  307           UA       3  21042.0
 15CW  16-Oct-22 13:09 0137  LZ1QN          599  599  1222          LZ       3  21042.0
 15CW  16-Oct-22 13:10 0138  W1FJ           599  599  166                    5  21042.0
 15CW  16-Oct-22 13:11 0139  UC4L           599  599  1019                   3  21042.0
 15CW  16-Oct-22 13:11 0140  OH1HAQ         599  599  021           OH       3  21042.0
 15CW  16-Oct-22 13:12 0141  YL7X           599  599  1140          YL       3  21042.0
 15CW  16-Oct-22 13:13 0142  SP1AEN         599  599  484           SP       3  21042.0
 15CW  16-Oct-22 13:13 0143  R6AF           599  599  1109                   3  21042.0
 15CW  16-Oct-22 13:13 0144  K1ZZ           599  599  1018                   5  21042.0
 15CW  16-Oct-22 13:14 0145  RA3AN          599  599  606                    3  21042.0
 15CW  16-Oct-22 13:14 0146  UW2U           599  599  899           UR       3  21042.0
 15CW  16-Oct-22 13:15 0147  UA6LCN         599  599  569                    3  21042.0
 15CW  16-Oct-22 13:16 0148  LZ2RS          599  599  441                    3  21042.0
 15CW  16-Oct-22 13:16 0149  SP2ADY         599  599  262                    3  21042.0
 15CW  16-Oct-22 13:17 0150  EW5A           599  599  2189                   3  21042.0
 15CW  16-Oct-22 13:18 0151  LZ1QV          599  599  678                    3  21042.0
 15CW  16-Oct-22 13:18 0152  OK2BFN         599  599  253           OK       3  21042.0
 15CW  16-Oct-22 13:19 0153  HA4FB          599  599  727           HA       3  21042.0
 15CW  16-Oct-22 13:20 0154  N4AF           599  599  447                    5  21042.0
 15CW  16-Oct-22 13:21 0155  AA3B           599  599  1160                   5  21042.0
 15CW  16-Oct-22 13:22 0156  SV1BJW         599  599  816           SV       3  21042.0
 15CW  16-Oct-22 13:22 0157  UC7A           599  599  755                    3  21042.0
 15CW  16-Oct-22 13:23 0158  R6DJM          599  599  301                    3  21042.0
 15CW  16-Oct-22 13:24 0159  W8FJ           599  599  416                    5  21042.0
 15CW  16-Oct-22 13:24 0160  LZ4A           599  599  418                    3  21042.0
 15CW  16-Oct-22 13:24 0161  SN1T           599  599  801                    3  21042.0
 15CW  16-Oct-22 13:25 0162  EU8U           599  599  997                    3  21042.0
 15CW  16-Oct-22 13:25 0163  EV6Z           599  599  420                    3  21042.0
 15CW  16-Oct-22 13:26 0164  OH2KI          599  599  009                    3  21042.0
 15CW  16-Oct-22 13:26 0165  YU1YV          599  599  451           YU       3  21042.0
 15CW  16-Oct-22 13:27 0166  R3LC           599  599  629                    3  21042.0
 15CW  16-Oct-22 13:27 0167  SP2HMT         599  599  323                    3  21042.0
 15CW  16-Oct-22 13:29 0168  SP7CF          599  599  418                    3  21042.0
 15CW  16-Oct-22 13:30 0169  N4CWZ          599  599  787                    5  21042.0
 15CW  16-Oct-22 13:31 0170  HA2KMR         599  599  1002                   3  21042.0
 15CW  16-Oct-22 13:31 0171  EW1I           599  599  1158                   3  21042.0
 15CW  16-Oct-22 13:32 0172  YO8BDQ         599  599  153           YO       3  21042.0
 15CW  16-Oct-22 13:33 0173  YO8DOH         599  599  543                    3  21042.0
 15CW  16-Oct-22 13:33 0174  OH1X           599  599  280                    3  21042.0
 15CW  16-Oct-22 13:34 0175  RK3P           599  599  510                    3  21042.0
 15CW  16-Oct-22 13:35 0176  Z33F           599  599  651           Z3       3  21042.0
 15CW  16-Oct-22 13:37 0177  F6IRA          599  599  627           F        3  21042.0
 15CW  16-Oct-22 13:38 0178  RT9A           599  599  450           UA9      5  21042.0
 15CW  16-Oct-22 13:40 0179  R3RK           599  599  334                    3  21042.0
 15CW  16-Oct-22 13:41 0180  K8GL           599  599  155                    5  21042.0
 15CW  16-Oct-22 13:42 0181  K3WW           599  599  884                    5  21042.0
 15CW  16-Oct-22 13:42 0182  LZ6E           599  599  954                    3  21042.0
 15CW  16-Oct-22 13:44 0183  R7CT           599  599  305                    3  21042.0
 15CW  16-Oct-22 13:44 0184  LZ2CH          599  599  228                    3  21042.0
 15CW  16-Oct-22 13:46 0185  ZA1ME          599  599  291           ZA       3  21042.0
 15CW  16-Oct-22 13:47 0186  UA3RBR         599  599  617                    3  21042.0
 15CW  16-Oct-22 13:47 0187  SV1ENG         599  599  768                    3  21042.0
 15CW  16-Oct-22 13:49 0188  9A3LG          599  599  259           9A       3  21042.0
 15CW  16-Oct-22 13:51 0189  HA7TM          599  599  493                    3  21042.0
 15CW  16-Oct-22 13:53 0190  OH1TS          599  599  155                    3  21042.0
 20CW  16-Oct-22 13:55 0191  US8UA          599  599  108           UR       3  14026.6
 20CW  16-Oct-22 13:57 0192  R6AF           599  599  1144                   3  14027.1
 20CW  16-Oct-22 13:58 0193  S57X           599  599  303           S5       3  14027.1
 20CW  16-Oct-22 13:58 0194  OE5TXF         599  599  758           OE       3  14027.1
 20CW  16-Oct-22 13:59 0195  OK1RR          599  599  538           OK       3  14027.1
 20CW  16-Oct-22 13:59 0196  SV1ENG         599  599  777           SV       3  14027.1
 20CW  16-Oct-22 14:00 0197  YL7X           599  599  1161          YL       3  14027.1
 20CW  16-Oct-22 14:00 0198  OM3CDN         599  599  193           OM       3  14027.1
 20CW  16-Oct-22 14:01 0199  SP2ADY         599  599  276           SP       3  14027.1
 20CW  16-Oct-22 14:01 0200  RK4HYT         599  599  451                    3  14027.1
 20CW  16-Oct-22 14:03 0201  IV3DRP         599  599  100           I        3  14027.1
 20CW  16-Oct-22 14:03 0202  SP9XCN         599  599  765                    3  14027.1
 20CW  16-Oct-22 14:04 0203  R7AT           599  599  66                     3  14027.1
 20CW  16-Oct-22 14:04 0204  OH5TS          599  599  101           OH       3  14027.1
 20CW  16-Oct-22 14:05 0205  SP2R           599  599  867                    3  14027.1
 20CW  16-Oct-22 14:05 0206  UA3RBR         599  599  637                    3  14027.1
 20CW  16-Oct-22 14:06 0207  EA2NN          599  599  169                    3  14027.1
 20CW  16-Oct-22 14:07 0208  SM9X           599  599  237           SM       3  14027.1
 20CW  16-Oct-22 14:07 0209  YL2TD          599  599  363                    3  14027.1
 20CW  16-Oct-22 14:08 0210  K3WW           599  599  933                    5  14027.1
 20CW  16-Oct-22 14:09 0211  IK1QBT         599  599  250                    3  14027.1
 20CW  16-Oct-22 14:10 0212  YL3FW          599  599  325                    3  14027.1
 20CW  16-Oct-22 14:10 0213  IV3FPX         599  599  411                    3  14027.1
 20CW  16-Oct-22 14:10 0214  OH3MZ          599  599  225                    3  14027.1
 20CW  16-Oct-22 14:11 0215  S58MU          599  599  127                    3  14027.1
 20CW  16-Oct-22 14:12 0216  LZ2MW          599  599  187                    3  14027.1
 20CW  16-Oct-22 14:13 0217  F8DFP          599  599  180           F        3  14027.1
 20CW  16-Oct-22 14:13 0218  SN1T           599  599  845                    3  14027.1
 20CW  16-Oct-22 14:14 0219  SM6F           599  599  463                    3  14027.1
 20CW  16-Oct-22 14:14 0220  EW8OM          599  599  474                    3  14027.1
 20CW  16-Oct-22 14:14 0221  SP2KAC         599  599  307                    3  14027.1
 20CW  16-Oct-22 14:15 0222  Z33F           599  599  686           Z3       3  14027.1
 20CW  16-Oct-22 14:16 0223  R2KMO          599  599  047           UA2      3  14027.1
 20CW  16-Oct-22 14:17 0224  RT9A           599  599  510           UA9      5  14027.1
 20CW  16-Oct-22 14:18 0225  S56C           599  599  205                    3  14027.1
 20CW  16-Oct-22 14:18 0226  DL1YCF         599  599  K16           DL       2  14027.1
 20CW  16-Oct-22 14:18 0227  SF1Z           599  599  314                    3  14027.1
 20CW  16-Oct-22 14:19 0228  SM6FPC         599  599  288                    3  14027.1
 20CW  16-Oct-22 14:19 0229  S51ZJ          599  599  266                    3  14027.1
 20CW  16-Oct-22 14:20 0230  UW2U           599  599  978                    3  14027.1
 20CW  16-Oct-22 14:20 0231  R7MM           599  599  863                    3  14027.1
 20CW  16-Oct-22 14:21 0232  LZ1QV          599  599  745                    3  14027.1
 20CW  16-Oct-22 14:21 0233  OH8WW          599  599  577                    3  14027.1
 20CW  16-Oct-22 14:22 0234  R3LC           599  599  663                    3  14027.1
 20CW  16-Oct-22 14:23 0235  R6DJM          599  599  383                    3  14027.1
 20CW  16-Oct-22 14:23 0236  EV6Z           599  599  446                    3  14027.1
 20CW  16-Oct-22 14:24 0237  YL5W           599  599  572                    3  14027.1
 20CW  16-Oct-22 14:26 0238  SM2M           599  599  1679                   3  14027.1
 20CW  16-Oct-22 14:27 0239  LZ1VKD         599  599  400                    3  14027.1
 20CW  16-Oct-22 14:27 0240  DL5KVV         599  599  V07                    2  14027.1
 20CW  16-Oct-22 14:28 0241  R7CT           599  599  332                    3  14027.1
 20CW  16-Oct-22 14:28 0242  AA3B           599  599  1242                   5  14027.1
 20CW  16-Oct-22 14:30 0243  T77CX          599  599  795           T7       3  14029.0
 20CW  16-Oct-22 14:33 0244  HA2KMR         599  599  1048          HA       3  14032.4
 20CW  16-Oct-22 14:34 0245  LY1M           599  599  247           LY       3  14017.1
 20CW  16-Oct-22 14:35 0246  DR5W           599  599  Y34                    2  14017.7
 20CW  16-Oct-22 14:36 0247  EI1Y           599  599  221           EI       3  14005.8
 20CW  16-Oct-22 14:39 0248  LC9A           599  599  095           LA       3  14008.5
 20CW  16-Oct-22 14:41 0249  OZ1AAR         599  599  307           OZ       3  14020.1
 20CW  16-Oct-22 14:43 0250  YR2X           599  599  667           YO       3  14025.0
 20CW  16-Oct-22 14:43 0251  E77EA          599  599  1014          E7       3  14022.2
 20CW  16-Oct-22 14:44 0252  YU1YV          599  599  487           YU       3  14015.6
 20CW  16-Oct-22 14:45 0253  G3SVK          599  599  132           G        3  14005.2
 15CW  16-Oct-22 14:46 0254  DR4A           599  599  F27                    2  21037.2
 15CW  16-Oct-22 14:47 0255  OY1CT          599  599  587           OY       3  21028.7
 40CW  16-Oct-22 14:51 0256  M0TJU          599  599  049           G        3   7015.8
 40CW  16-Oct-22 14:52 0257  DL3RHN         599  599  V22                    2   7013.0
 15CW  16-Oct-22 14:54 0258  SM2M           599  599  1713          SM       3  21026.6
 15CW  16-Oct-22 14:54 0259  TA4/OH2KW      599  599  503           TA       5  21026.6
 15CW  16-Oct-22 14:55 0260  YO3GNF         599  599  124                    3  21026.6
 15CW  16-Oct-22 14:55 0261  9A3VM          599  599  1148                   3  21026.6
 15CW  16-Oct-22 14:56 0262  UA4S           599  599  1085                   3  21026.6
 15CW  16-Oct-22 14:59 0263  DL1FMG         599  599  F52                    2  21024.0
