 15CW  13-Aug-22 09:22 0001  CT9ABV         599  599  709           CT3      5  21029.1
 15CW  13-Aug-22 09:25 0002  UP7L           599  599  465           UN       5  21026.5
 15CW  13-Aug-22 09:29 0003  UN9L           599  599  555                    5  21025.5
 15CW  13-Aug-22 09:30 0004  RC9A           599  599  142           UA9      5  21025.0
 15CW  13-Aug-22 09:31 0005  UA9CTT         599  599  169                    5  21024.5
 15CW  13-Aug-22 09:35 0006  RC9J           599  599  272                    5  21024.1
 15CW  13-Aug-22 09:38 0007  RZ9L           599  599  424                    5  21022.8
 15CW  13-Aug-22 09:42 0008  CR3DX          599  599  823                    5  21016.6
 15CW  13-Aug-22 09:45 0009  RA9AP          599  599  268                    5  21015.0
 15CW  13-Aug-22 09:46 0010  UP4L           599  599  506                    5  21011.2
 15CW  13-Aug-22 10:06 0011  UN0LM          599  599  447                    5  21037.0
 15CW  13-Aug-22 10:07 0012  UN4L           599  599  466                    5  21030.3
 20CW  13-Aug-22 10:39 0013  RC9J           599  599  312           UA9      5  14024.0
 20CW  13-Aug-22 10:43 0014  RO9A           599  599  348                    5  14018.5
 20CW  13-Aug-22 10:44 0015  UN9L           599  599  635           UN       5  14017.7
 15CW  13-Aug-22 10:48 0016  RK8I           599  599  252                    5  21010.0
 20CW  13-Aug-22 10:55 0017  4L2M           599  599  509           4L       5  14043.5
 20CW  13-Aug-22 11:36 0018  RA9P           599  599  030                    5  14018.5
 20CW  13-Aug-22 11:37 0019  UN0LM          599  599  465                    5  14020.0
 15CW  13-Aug-22 11:43 0020  PR2E           599  599  230           PY       5  21037.0
 15CW  13-Aug-22 13:35 0021  PY4BZ          599  599  366                    5  21051.0
 15CW  13-Aug-22 13:36 0022  PY2KJ          599  599  205                    5  21045.7
 15CW  13-Aug-22 13:37 0023  K1MK           599  599  428           K        5  21043.9
 15CW  13-Aug-22 13:41 0024  AA3B           599  599  642                    5  21030.5
 15CW  13-Aug-22 13:47 0025  FY5KE          599  599  526           FY       5  21027.7
 15CW  13-Aug-22 13:50 0026  K3WW           599  599  322                    5  21026.7
 15CW  13-Aug-22 13:53 0027  NY3A           599  599  623                    5  21021.0
 15CW  13-Aug-22 13:54 0028  P3X            599  599  1029          5B       5  21019.2
 15CW  13-Aug-22 13:55 0029  D4L            599  599  641           D4       5  21018.8
 15CW  13-Aug-22 13:57 0030  N4AF           599  599  393                    5  21011.8
 15CW  13-Aug-22 19:27 0031  L33M           599  599  190           LU       5  21036.6
 15CW  13-Aug-22 19:32 0032  PT2AW          599  599  196                    5  21034.2
 15CW  13-Aug-22 19:33 0033  K1ZZ           599  599  482                    5  21021.4
 15CW  13-Aug-22 19:35 0034  VE3AT          599  599  1045          VE       5  21016.8
 15CW  13-Aug-22 19:36 0035  K8LX           599  599  923                    5  21011.6
 20CW  13-Aug-22 20:36 0036  P3AA           599  599  070           5B       5  14060.5
 20CW  13-Aug-22 20:43 0037  CX2AQ          599  599  225           CX       5  14055.1
 20CW  13-Aug-22 20:49 0038  K1MK           599  599  664           K        5  14048.0
 20CW  13-Aug-22 20:50 0039  JA0FVU         599  599  312           JA       5  14048.3
 20CW  13-Aug-22 20:53 0040  WY3A           599  599  247                    5  14040.4
 20CW  13-Aug-22 20:58 0041  KP2M           599  599  829           KP2      5  14035.6
 20CW  13-Aug-22 21:00 0042  CT9ABV         599  599  1279          CT3      5  14028.0
 20CW  13-Aug-22 21:03 0043  W1WEF          599  599  123                    5  14025.8
 20CW  13-Aug-22 21:04 0044  K3MM           599  599  937                    5  14023.6
 20CW  13-Aug-22 21:04 0045  VE3AT          599  599  1128          VE       5  14023.0
 20CW  13-Aug-22 21:05 0046  K9RS           599  599  1163                   5  14021.6
 20CW  13-Aug-22 21:07 0047  NA8V           599  599  790                    5  14019.6
 20CW  13-Aug-22 21:09 0048  K8LX           599  599  981                    5  14014.5
 20CW  13-Aug-22 21:10 0049  AA3B           599  599  1139                   5  14014.3
 20CW  13-Aug-22 21:11 0050  K0ZR           599  599  717                    5  14014.0
 20CW  13-Aug-22 21:13 0051  TC3N           599  599  562           TA       5  14012.2
 20CW  13-Aug-22 21:16 0052  LU8QT          599  599  098           LU       5  14011.1
 20CW  13-Aug-22 21:17 0053  N4AF           599  599  696                    5  14009.9
 20CW  13-Aug-22 21:21 0054  NP2X           599  599  409                    5  14008.6
 20CW  13-Aug-22 21:22 0055  PR2E           599  599  605           PY       5  14008.0
 20CW  13-Aug-22 21:24 0056  CR3DX          599  599  1513                   5  14007.3
 20CW  13-Aug-22 21:25 0057  K1LZ           599  599  1427                   5  14002.8
 20CW  13-Aug-22 21:26 0058  NY3A           599  599  1056                   5  14002.0
 20CW  13-Aug-22 21:26 0059  K3JO           599  599  852                    5  14001.8
 20CW  13-Aug-22 21:29 0060  VY2ZM          599  599  1209                   5  14000.3
 40CW  13-Aug-22 21:31 0061  4L2M           599  599  1012          4L       5   7029.1
 40CW  13-Aug-22 21:32 0062  CT9ABV         599  599  1323          CT3      5   7026.9
 40CW  13-Aug-22 21:35 0063  R8TT           599  599  723           UA9      5   7021.0
 40CW  13-Aug-22 21:37 0064  A60A           599  599  1410          A6       5   7018.7
 40CW  13-Aug-22 21:38 0065  UN9L           599  599  1061          UN       5   7017.1
 40CW  13-Aug-22 21:38 0066  CR3DX          599  599  1534                   5   7016.5
 40CW  13-Aug-22 21:40 0067  P3X            599  599  1397          5B       5   7015.0
 20CW  13-Aug-22 21:45 0068  FY5KE          599  599  1139          FY       5  14057.5
 80CW  13-Aug-22 21:48 0069  4L2M           599  599  1030          4L       5   3546.4
 15CW  14-Aug-22 08:27 0070  RG0A           599  599  343                    5  21009.0
 15CW  14-Aug-22 08:30 0071  RG9A           599  599  758                    5  21012.7
 15CW  14-Aug-22 08:32 0072  R8TT           599  599  944                    5  21017.4
 15CW  14-Aug-22 08:51 0073  RV9UP          599  599  649                    5  21006.9
 15CW  14-Aug-22 08:53 0074  4L2M           599  599  1212          4L       5  21027.3
 15CW  14-Aug-22 09:30 0075  UP5D           599  599  475                    5  21029.9
 15CW  14-Aug-22 09:34 0076  A60A           599  599  1800          A6       5  21028.6
 15CW  14-Aug-22 09:38 0077  UN8PT          599  599  294                    5  21010.0
 10CW  14-Aug-22 10:29 0078  CR3DX          599  599  1987          CT3      5  28017.0
 15CW  14-Aug-22 10:41 0079  JH4RHF         599  599  456           JA       5  21043.5
 20CW  14-Aug-22 11:05 0080  UN4L           599  599  1225                   5  14030.4
 20CW  14-Aug-22 11:10 0081  W3LL           599  599  709                    5  14027.4
 15CW  14-Aug-22 12:14 0082  EG8HKT         599  599  536           EA8      5  21017.0
 15CW  14-Aug-22 12:25 0083  JH1GEX         599  599  807                    5  21002.4
 15CW  14-Aug-22 12:55 0084  PV2K           599  599  849                    5  21001.0
 15CW  14-Aug-22 12:57 0085  PY5AMF         599  599  554                    5  21053.9
 15CW  14-Aug-22 13:29 0086  KP2M           599  599  1349          KP2      5  21000.6
 20CW  14-Aug-22 13:53 0087  UC0A           599  599  362                    5  14014.2
 20CW  14-Aug-22 13:56 0088  UA9CTT         599  599  395                    5  14013.0
 20CW  14-Aug-22 15:40 0089  JH4RHF         599  599  685                    5  14036.1
 20CW  14-Aug-22 15:49 0090  RA0AM          599  599  273                    5  14024.4
 20CW  14-Aug-22 15:54 0091  A60A           599  599  2123          A6       5  14021.6
 20CW  14-Aug-22 16:05 0092  ZM1A           599  599  673           ZL       5  14020.5
 20CW  14-Aug-22 16:19 0093  RC9A           599  599  425                    5  14017.4
 40CW  14-Aug-22 18:44 0094  RO9A           599  599  786                    5   7017.0
 10CW  14-Aug-22 19:38 0095  LW2DOD         599  599  460           LU       5  28017.0
 15CW  14-Aug-22 19:50 0096  PY3TD          599  599  280                    5  21037.3
 15CW  14-Aug-22 19:53 0097  PY2NA          599  599  209                    5  21043.8
 10CW  14-Aug-22 19:57 0098  D4L            599  599  2046          D4       5  28030.0
 20CW  14-Aug-22 20:03 0099  HZ7C           599  599  639           HZ       5  14042.0
 20CW  14-Aug-22 20:51 0100  EA8ZS          599  599  475           EA8      5  14023.0
 20CW  14-Aug-22 20:55 0101  VE3CT          599  599  683                    5  14022.7
 20CW  14-Aug-22 21:10 0102  AZ1A           599  599  089                    5  14000.5
 20CW  14-Aug-22 21:15 0103  PY5AMF         599  599  734                    5  14065.9
 20CW  14-Aug-22 21:18 0104  CX5UA          599  599  232                    5  14059.2
 20CW  14-Aug-22 21:24 0105  VE3DZ          599  599  718                    5  14043.0
 20CW  14-Aug-22 21:26 0106  WA8Y           599  599  437                    5  14041.3
