 80CW  26-Jan-22 20:00 0001  G5GEI          599  599  IO80EW        IO80EW   3   3516.5
 80CW  26-Jan-22 20:02 0002  GM2V           599  599  IO77WS        IO77WS   3   3524.5
 80CW  26-Jan-22 20:03 0003  GM3X           599  599  IO88OW        IO88OW   3   3524.0
 80CW  26-Jan-22 20:04 0004  G4FNL          599  599  IO90WU        IO90WU   3   3523.1
 80CW  26-Jan-22 20:05 0005  PA3DBS         599  599  JO21DM        JO21DM   3   3522.5
 80CW  26-Jan-22 20:06 0006  DK2FG          599  599  JO41OR        JO41OR   2   3521.6
 80CW  26-Jan-22 20:08 0007  G3P            599  599  IO91NL        IO91NL   3   3520.8
 80CW  26-Jan-22 20:09 0008  E77EA          599  599  JN84OU        JN84OU   3   3520.0
 80CW  26-Jan-22 20:13 0009  G5V            599  599  IO83WI        IO83WI   3   3518.6
 80CW  26-Jan-22 20:15 0010  ON75CRD        599  599  599           599      3   3517.5
 80CW  26-Jan-22 20:16 0011  SO3O           599  599  JO92FF        JO92FF   3   3515.6
 80CW  26-Jan-22 20:18 0012  9A1AA          599  599  JN95FQ        JN95FQ   3   3514.1
 80CW  26-Jan-22 20:18 0013  G4IIY          599  599  IO85PA        IO85PA   3   3513.4
 80CW  26-Jan-22 20:19 0014  GM3WIJ         599  599  IO87WN        IO87WN   3   3512.5
 80CW  26-Jan-22 20:21 0015  II3WRTC        599  599  599                    3   3547.0
 80CW  26-Jan-22 20:24 0016  G4C            599  599  JO01KS        JO01KS   3   3542.1
 80CW  26-Jan-22 20:26 0017  DL1CW          599  599  JN48NW        JN48NW   2   3541.4
 80CW  26-Jan-22 20:28 0018  G4RGK          599  599  IO91ON        IO91ON   3   3537.3
 80CW  26-Jan-22 20:29 0019  EI5G           599  599  IO51UW        IO51UW   3   3536.9
 80CW  26-Jan-22 20:30 0020  SE0B           599  599  JO77OC        JO77OC   3   3536.0
 80CW  26-Jan-22 20:30 0021  GM0WED         599  599  IO88MW        IO88MW   3   3535.0
 80CW  26-Jan-22 20:31 0022  SP8HWM         599  599  KO11HS        KO11HS   3   3534.4
 80CW  26-Jan-22 20:32 0023  G3RWF          599  599  JO01OG        JO01OG   3   3533.6
 80CW  26-Jan-22 20:33 0024  2E0OBO         599  599  JO02RU        JO02RU   3   3532.2
 80CW  26-Jan-22 20:35 0025  GI5I           599  599  IO74DP        IO74DP   3   3530.9
 80CW  26-Jan-22 20:37 0026  S57KM          599  599  JN76HD        JN76HD   3   3529.0
 80CW  26-Jan-22 20:39 0027  G3LRS          599  599  IO92JO        IO92JO   3   3531.4
 80CW  26-Jan-22 20:40 0028  DL8TG          599  599  JO52IJ        JO52IJ   2   3531.4
 80CW  26-Jan-22 20:41 0029  SE6K           599  599  JO66HT        JO66HT   3   3531.4
 80CW  26-Jan-22 20:42 0030  DL4ME          599  599  JO50JR        JO50JR   2   3531.4
 80CW  26-Jan-22 20:42 0031  M4N            599  599  IO81XX        IO81XX   3   3531.4
 80CW  26-Jan-22 20:43 0032  SM5CSS         599  599  JO89LS        JO89LS   3   3531.4
 80CW  26-Jan-22 20:44 0033  DM6EE          599  599  JO52KJ        JO52KJ   2   3531.4
 80CW  26-Jan-22 20:45 0034  G3SHF          599  599  IO83WI                 3   3531.4
 80CW  26-Jan-22 20:47 0035  SN1T           599  599  JO84ML        JO84ML   3   3531.4
 80CW  26-Jan-22 20:48 0036  SF6W           599  599  JO68RP        JO68RP   3   3531.4
 80CW  26-Jan-22 20:49 0037  GM3YEH         599  599  IO75TO        IO75TO   3   3531.4
 80CW  26-Jan-22 20:50 0038  G3WGE          599  599  JO01FQ        JO01FQ   3   3531.4
 80CW  26-Jan-22 20:50 0039  M1X            599  599  JO01DG        JO01DG   3   3531.4
 80CW  26-Jan-22 20:52 0040  OK2IW          599  599  JN89QO        JN89QO   3   3531.4
 80CW  26-Jan-22 20:55 0041  G4ERW          599  599  JO01JC        JO01JC   3   3531.4
 80CW  26-Jan-22 20:55 0042  G3MXH          599  599  JO02LF        JO02LF   3   3531.4
 80CW  26-Jan-22 20:56 0043  OK1LL          599  599  JO70MC        JO70MC   3   3531.4
 80CW  26-Jan-22 20:57 0044  G2AA           599  599  IO92KO        IO92KO   3   3531.4
 80CW  26-Jan-22 20:58 0045  SD1A           599  599  JO97DP        JO97DP   3   3531.4
 80CW  26-Jan-22 20:58 0046  G4PVM          599  599  JO01FA        JO01FA   3   3531.4
 80CW  26-Jan-22 20:59 0047  DK5KK          599  599  JO31LL        JO31LL   2   3531.4
 80CW  26-Jan-22 21:00 0048  OK1YM          599  599  JN79QV        JN79QV   3   3531.4
