 20CW  20-Feb-22 19:09 0001  KQ2M           599  599  CT            K        5  14007.3
 20CW  20-Feb-22 19:09 0002  W2FU           599  599  NY                     5  14006.7
 20CW  20-Feb-22 19:11 0003  N1UR           599  599  VT                     5  14005.4
 20CW  20-Feb-22 19:14 0004  K1RU           599  599  CT                     5  14002.2
 20CW  20-Feb-22 19:14 0005  AA1K           599  599  DE                     5  14001.0
 20CW  20-Feb-22 19:15 0006  K8CX           599  599  OH                     5  14008.4
 20CW  20-Feb-22 19:17 0007  N4WW           599  599  FL                     5  14012.1
 20CW  20-Feb-22 19:17 0008  K2NV           599  599  NY                     5  14013.3
 20CW  20-Feb-22 19:18 0009  K1ZZ           599  599  CT                     5  14014.0
 20CW  20-Feb-22 19:20 0010  K1LZ           599  599  ME                     5  14016.1
 20CW  20-Feb-22 19:27 0011  VE3YAA         599  599  ON            VE       5  14033.2
 20CW  20-Feb-22 19:29 0012  WG3J           599  599  MD                     5  14029.1
 20CW  20-Feb-22 19:35 0013  KT3Q           599  599  FL                     5  14027.5
 20CW  20-Feb-22 20:00 0014  K2AX           599  599  NJ                     5  14000.3
 20CW  20-Feb-22 20:00 0015  K1RX           599  599  NH                     5  14000.7
 20CW  20-Feb-22 20:03 0016  NR3X           599  599  NC                     5  14001.8
 20CW  20-Feb-22 20:04 0017  WX3B           599  599  MD                     5  14002.9
 20CW  20-Feb-22 20:06 0018  W9RE           599  599  IN                     5  14003.3
 20CW  20-Feb-22 20:09 0019  W4CB           599  599  VA                     5  14003.6
 20CW  20-Feb-22 20:13 0020  N2NT           599  599  NJ                     5  14015.4
 20CW  20-Feb-22 20:16 0021  N1LN           599  599  NC                     5  14016.2
 20CW  20-Feb-22 20:22 0022  VA2WA          599  599  QC                     5  14021.1
 20CW  20-Feb-22 20:24 0023  KR2Q           599  599  NJ                     5  14026.8
 20CW  20-Feb-22 20:25 0024  WX4G           599  599  FL                     5  14027.8
 20CW  20-Feb-22 20:27 0025  W2MKM          599  599  NJ                     5  14040.5
 20CW  20-Feb-22 20:28 0026  N3RS           599  599  PA                     5  14041.7
 20CW  20-Feb-22 20:29 0027  WA2OAX         599  599  NY                     5  14045.0
 20CW  20-Feb-22 20:31 0028  NN7CW          599  599  FL                     5  14064.4
 20CW  20-Feb-22 20:33 0029  NY6DX          599  599  NY                     5  14082.1
 20CW  20-Feb-22 20:36 0030  NW3Y           599  599  DE                     5  14068.6
 20CW  20-Feb-22 20:38 0031  W2XL           599  599  NY                     5  14071.8
 20CW  20-Feb-22 20:49 0032  K3ZO           599  599  MD                     5  14017.7
