 40CW  28-Feb-22 16:31 0001  SM5IMO         599  599  006           SM       3   7034.4
 40CW  28-Feb-22 16:32 0002  SM6IQD         599  599  005                    3   7033.6
 40CW  28-Feb-22 16:33 0003  DD5M           599  599  006           DL       2   7033.3
 40CW  28-Feb-22 16:34 0004  G3VIP          599  599  013           G        3   7032.6
 40CW  28-Feb-22 16:36 0005  DJ9SN          599  599  011                    2   7031.7
 40CW  28-Feb-22 16:36 0006  SD6M           599  599  017                    3   7030.3
 40CW  28-Feb-22 16:37 0007  DA0BCC         599  599  021                    2   7029.7
 40CW  28-Feb-22 16:39 0008  HA5MA          599  599  021           HA       3   7029.1
 40CW  28-Feb-22 16:40 0009  OK1DOR         599  599  017           OK       3   7028.4
 40CW  28-Feb-22 16:40 0010  SM5ACQ         599  599  019                    3   7028.1
 40CW  28-Feb-22 16:41 0011  PA3AAV         599  599  038           PA       3   7027.7
 40CW  28-Feb-22 16:44 0012  OM4MW          599  599  019           OM       3   7026.8
 40CW  28-Feb-22 16:44 0013  DL8QS          599  599  029                    2   7026.1
 40CW  28-Feb-22 16:46 0014  OK2EA          599  599  022                    3   7025.4
 40CW  28-Feb-22 16:46 0015  RX3QNE         599  599  023           UA       3   7024.5
 40CW  28-Feb-22 16:47 0016  DR2C           599  599  028                    2   7024.0
 40CW  28-Feb-22 16:47 0017  SN1T           599  599  030           SP       3   7023.6
 40CW  28-Feb-22 16:49 0018  EA3X           599  599  029           EA       3   7022.5
 40CW  28-Feb-22 16:50 0019  F6JOE          599  599  020           F        3   7039.1
 40CW  28-Feb-22 16:51 0020  OK5M           599  599  040                    3   7035.1
 40CW  28-Feb-22 16:52 0021  YL3FW          599  599  021           YL       3   7035.1
 40CW  28-Feb-22 16:53 0022  SD1A           599  599  045                    3   7035.1
 40CW  28-Feb-22 16:53 0023  DL4ME          599  599  041                    2   7035.1
 40CW  28-Feb-22 16:55 0024  OG6B           599  599  027           OH       3   7035.1
 40CW  28-Feb-22 16:55 0025  DF8V           599  599  021                    2   7035.1
 40CW  28-Feb-22 16:56 0026  IK1YRA         599  599  023           I        3   7035.1
 40CW  28-Feb-22 16:57 0027  SM5CSS         599  599  027                    3   7035.1
 40CW  28-Feb-22 16:58 0028  HB9BXE         599  599  052           HB       3   7035.1
 40CW  28-Feb-22 16:58 0029  SM9X           599  599  047                    3   7035.1
 40CW  28-Feb-22 16:59 0030  PA2TA          599  599  039                    3   7035.1
 40CW  28-Feb-22 17:00 0031  DJ9MH          599  599  048                    2   7035.1
 40CW  28-Feb-22 17:01 0032  M4N            599  599  038                    3   7035.1
 40CW  28-Feb-22 17:01 0033  OK5SA          599  599  033                    3   7035.1
 40CW  28-Feb-22 17:02 0034  OK2SLS         599  599  027                    3   7035.1
 40CW  28-Feb-22 17:03 0035  OK1RKS         599  599  027                    3   7035.1
 40CW  28-Feb-22 17:05 0036  PA3DBS         599  599  043                    3   7034.6
 40CW  28-Feb-22 17:09 0037  SM6M           599  599  073                    3   7036.0
 80CW  28-Feb-22 17:11 0038  DJ9KH          599  599  059           DL       2   3545.5
 80CW  28-Feb-22 17:11 0039  DF1DX          599  599  579034                 2   3544.0
 80CW  28-Feb-22 17:14 0040  OK5M           599  599  085           OK       3   3544.5
 80CW  28-Feb-22 17:16 0041  HG6O           599  599  066           HA       3   3538.1
 80CW  28-Feb-22 17:16 0042  DD5M           599  599  086                    2   3538.1
 80CW  28-Feb-22 17:16 0043  OK2QA          599  599  064                    3   3538.1
