 40CW  04-Jul-22 16:50 0001  DJ4MX          599  599  019           DL       2   7036.3
 40CW  04-Jul-22 16:51 0002  OK2NAJ         599  599  030           OK       3   7035.7
 40CW  04-Jul-22 16:51 0003  SD6M           599  599  039           SM       3   7034.4
 40CW  04-Jul-22 16:53 0004  SO3O           599  599  039           SP       3   7033.5
 40CW  04-Jul-22 16:54 0005  SN5N           599  599  048                    3   7033.1
 40CW  04-Jul-22 16:55 0006  OK1OA          599  599  045                    3   7031.6
 40CW  04-Jul-22 16:56 0007  EU8R           599  599  023           EU       3   7030.5
 40CW  04-Jul-22 16:57 0008  DL5YM          599  599  029                    2   7029.3
 40CW  04-Jul-22 16:59 0009  OK2EA          599  599  045                    3   7026.6
 40CW  04-Jul-22 16:59 0010  OK1RKS         599  599  034                    3   7026.0
 40CW  04-Jul-22 17:00 0011  SQ8LUU         599  599  069                    3   7025.0
 40CW  04-Jul-22 17:02 0012  DL5YL          599  599  037                    2   7024.1
 40CW  04-Jul-22 17:02 0013  HA5MA          599  599  057           HA       3   7023.7
 40CW  04-Jul-22 17:04 0014  SN2S           599  599  035                    3   7023.0
 40CW  04-Jul-22 17:04 0015  SE5E           599  599  056                    3   7022.6
 40CW  04-Jul-22 17:06 0016  SP2XX          599  599  058                    3   7021.6
 40CW  04-Jul-22 17:06 0017  OK1FGD         599  599  033                    3   7021.3
 40CW  04-Jul-22 17:08 0018  SN1T           599  599  052                    3   7034.6
 40CW  04-Jul-22 17:09 0019  OL8R           599  599  102                    3   7034.6
 40CW  04-Jul-22 17:10 0020  DR2C           599  599  063                    2   7034.6
 40CW  04-Jul-22 17:11 0021  HB9EP          599  599  019           HB       3   7034.6
 40CW  04-Jul-22 17:12 0022  DL8TG          599  599  043                    2   7034.6
 40CW  04-Jul-22 17:13 0023  HB9BXE         599  599  078                    3   7034.6
 40CW  04-Jul-22 17:13 0024  OM3WZ          599  599  049           OM       3   7034.6
 40CW  04-Jul-22 17:14 0025  OG6B           599  599  025           OH       3   7034.6
 40CW  04-Jul-22 17:16 0026  DL4HJ          599  599  006                    2   7034.6
 40CW  04-Jul-22 17:16 0027  G4MEM          599  599  004           G        3   7034.6
 40CW  04-Jul-22 17:17 0028  DF1GRA         599  599  008                    2   7034.6
 40CW  04-Jul-22 17:18 0029  SN3K           599  599  060                    3   7034.6
 40CW  04-Jul-22 17:19 0030  OK6OK          599  599  039                    3   7034.6
 40CW  04-Jul-22 17:19 0031  OH1SIC         599  599  049                    3   7034.6
 40CW  04-Jul-22 17:19 0032  SP4TKR         599  599  065                    3   7034.6
 40CW  04-Jul-22 17:20 0033  DK2FG          599  599  072                    2   7034.6
 40CW  04-Jul-22 17:23 0034  E77EA          599  599  079           E7       3   7032.0
 40CW  04-Jul-22 17:28 0035  DF4ZL          599  599  073                    2   7027.4
 40CW  04-Jul-22 17:28 0036  OK5TFC         599  599  049                    3   7025.4
 40CW  04-Jul-22 17:29 0037  IN3FHE         599  599  058           I        3   7024.6
