 80SSB 03-Sep-22 19:43 0001  ON4RAT/P       59   59   342           ON       3   3622.2
 80SSB 03-Sep-22 19:45 0002  DH1O/P         59   59   154           DL       2   3627.0
 80SSB 03-Sep-22 19:47 0003  ON3RC/P        59   59   169                    3   3630.0
 80SSB 03-Sep-22 19:48 0004  DP6M/P         59   59   250                    2   3635.5
 80SSB 03-Sep-22 19:50 0005  S50X/P         59   59   309           S5       3   3638.5
 80SSB 03-Sep-22 19:52 0006  ON4TWS/P       59   59   114                    3   3643.0
 80SSB 03-Sep-22 19:53 0007  DC6K/P         59   59   304                    2   3648.0
 80SSB 03-Sep-22 19:54 0008  PI4RCA/P       59   59   077           PA       3   3652.4
 80SSB 03-Sep-22 19:55 0009  DL0TE/P        59   59   128                    2   3668.0
 80SSB 03-Sep-22 19:57 0010  SN7X/P         59   59   169           SP       3   3677.0
 80SSB 03-Sep-22 20:00 0011  OT8M/P         59   59   142                    3   3692.0
 80SSB 03-Sep-22 20:02 0012  G4ALE/P        59   59   230           G        3   3696.4
 80SSB 03-Sep-22 20:04 0013  DK0JJ/P        59   59   079                    2   3703.0
 80SSB 03-Sep-22 20:05 0014  PI4AMF/P       59   59   296                    3   3707.3
 80SSB 03-Sep-22 20:06 0015  LA1QRO/P       59   59   142           LA       3   3713.1
 80SSB 03-Sep-22 20:07 0016  OP6A/P         59   59   410                    3   3713.1
 80SSB 03-Sep-22 20:08 0017  OR4D/P         59   59   087                    3   3716.4
 80SSB 03-Sep-22 20:09 0018  DK0B/P         59   59   213                    2   3717.8
 80SSB 03-Sep-22 20:11 0019  DK0LWL/P       59   59   210                    2   3722.5
 80SSB 03-Sep-22 20:13 0020  ON4MCL/P       59   59   374                    3   3725.6
 80SSB 03-Sep-22 20:20 0021  G4EKT/P        59   59   200                    3   3737.5
 80SSB 03-Sep-22 20:23 0022  ON6MS/P        59   59   210                    3   3743.0
 80SSB 03-Sep-22 20:26 0023  G4FNL/P        59   59   391                    3   3751.1
 80SSB 03-Sep-22 20:28 0024  PI4VPO/P       59   59   206                    3   3754.0
 80SSB 03-Sep-22 20:29 0025  ON5LL/P        59   59   162                    3   3760.5
 80SSB 03-Sep-22 20:31 0026  DL0OU/P        59   59   134                    2   3767.0
 80SSB 03-Sep-22 20:31 0027  DL3E/P         59   59   200                    2   3768.4
 80SSB 03-Sep-22 20:34 0028  M0TSL/P        59   59   338                    3   3772.0
 80SSB 03-Sep-22 20:35 0029  DF0TX/P        59   59   339                    2   3780.3
 80SSB 03-Sep-22 20:37 0030  DL2W/P         59   59   179                    2   3783.0
 80SSB 03-Sep-22 20:39 0031  DK0NL/P        59   59   128                    2   3786.0
 80SSB 03-Sep-22 20:40 0032  DL0LI/P        59   59   358                    2   3789.8
 80SSB 03-Sep-22 20:44 0033  DL4L/P         59   59   214                    2   3792.5
 80SSB 03-Sep-22 20:48 0034  HB9LU/P        59   59   291           HB       3   3730.2
 80SSB 03-Sep-22 20:49 0035  DK0IU/P        59   59   129                    2   3699.6
 40SSB 03-Sep-22 20:57 0036  GM5G/P         59   59   571           GM       3   7157.6
 40SSB 03-Sep-22 21:02 0037  G4ARN/P        59   59   464           G        3   7190.0
 20SSB 03-Sep-22 21:06 0038  LA1QRO/P       59   59   305           LA       3  14233.0
160SSB 03-Sep-22 21:11 0039  DK0FT/P        59   59   130           DL       2   1855.0
160SSB 03-Sep-22 21:14 0040  DL0OU/P        59   59   180                    2   1867.8
160SSB 03-Sep-22 21:17 0041  DM3F/P         59   59   297                    2   1875.0
160SSB 03-Sep-22 21:18 0042  DK0MM/P        59   59   454                    2   1877.5
160SSB 03-Sep-22 21:23 0043  HB9AG/P        59   59   127           HB       3   1892.0
160SSB 03-Sep-22 21:27 0044  DL1T/P         59   59   171                    2   1887.0
160SSB 03-Sep-22 21:30 0045  DC6K/P         59   59   409                    2   1881.0
160SSB 03-Sep-22 21:31 0046  HB9AW/P        59   59   365                    3   1880.0
160SSB 03-Sep-22 21:34 0047  DL0WMS/P       59   59   150                    2   1872.6
160SSB 03-Sep-22 21:35 0048  OT8M/P         59   59   198           ON       3   1870.0
160SSB 03-Sep-22 21:38 0049  ON4CPN/P       59   59   176                    3   1867.0
160SSB 03-Sep-22 21:40 0050  OT5X/P         59   59   443                    3   1858.0
160SSB 03-Sep-22 21:40 0051  DL2W/P         59   59   250                    2   1855.6
 80SSB 03-Sep-22 21:44 0052  G3ULT/P        59   59   185                    3   3657.0
 80SSB 03-Sep-22 21:46 0053  OE7F/P         59   59   443           OE       3   3660.0
 80SSB 03-Sep-22 21:48 0054  HB9TG/P        59   59   233                    3   3672.0
 80SSB 03-Sep-22 21:50 0055  LA1K/P         59   59   507                    3   3680.0
 80SSB 03-Sep-22 21:53 0056  DK8K/P         59   59   224                    2   3697.7
 80SSB 03-Sep-22 21:54 0057  DK0FC/P        59   59   196                    2   3702.5
 80SSB 03-Sep-22 21:55 0058  OT5G/P         59   59   292                    3   3704.5
 80SSB 03-Sep-22 21:58 0059  DL6A/P         59   59   216                    2   3712.2
 80SSB 03-Sep-22 22:00 0060  DF0M/P         59   59   132                    2   3728.2
 80SSB 03-Sep-22 22:02 0061  GM5G/P         59   59   616           GM       3   3732.0
 80SSB 03-Sep-22 22:02 0062  DK0MM/P        59   59   508                    2   3735.3
 80SSB 03-Sep-22 22:03 0063  G3PYE/P        59   59   338                    3   3738.0
 80SSB 03-Sep-22 22:04 0064  DF5I/P         59   59   443                    2   3740.6
 80SSB 03-Sep-22 22:05 0065  DP7R/P         59   59   210                    2   3744.0
 80SSB 03-Sep-22 22:05 0066  DL0GE/P        59   59   164                    2   3748.4
 80SSB 03-Sep-22 22:07 0067  DF0A/P         59   59   142                    2   3751.2
 80SSB 03-Sep-22 22:10 0068  DL0NO/P        59   59   131                    2   3767.0
 80SSB 03-Sep-22 22:12 0069  S55W/P         59   59   515                    3   3770.0
 80SSB 03-Sep-22 22:14 0070  G4ARN/P        59   59   533                    3   3778.0
 80SSB 03-Sep-22 22:16 0071  DK2R/P         59   59   337                    2   3785.1
 80SSB 03-Sep-22 22:17 0072  DK2A/P         59   59   296                    2   3791.4
 40SSB 03-Sep-22 22:25 0073  EA2EZ/P        59   59   009           EA       3   7199.0
 40SSB 04-Sep-22 07:52 0074  HB9LU/P        59   59   662           HB       3   7128.3
 40SSB 04-Sep-22 07:53 0075  DK0CN/P        59   59   492           DL       2   7149.0
 40SSB 04-Sep-22 07:56 0076  DF0MN/P        59   59   497                    2   7167.1
 20SSB 04-Sep-22 08:02 0077  S59DCD/P       59   59   561           S5       3  14226.0
 20SSB 04-Sep-22 08:03 0078  IQ0PG/P        59   59   734           I        3  14204.0
 40SSB 04-Sep-22 08:17 0079  LA1QRO/P       59   59   480           LA       3   7138.1
 40SSB 04-Sep-22 08:19 0080  DL0LI/P        59   59   697                    2   7179.3
 40SSB 04-Sep-22 08:22 0081  OU7K/P         59   59   486           OZ       3   7190.0
 15SSB 04-Sep-22 09:31 0082  IQ0PG/P        59   59   857           I        3  21277.0
 20SSB 04-Sep-22 09:38 0083  SX2IMA/P       59   59   560           SV       3  14177.0
 40SSB 04-Sep-22 09:53 0084  DK0WO/P        59   59   237                    2   7150.0
 40SSB 04-Sep-22 09:54 0085  DC6K/P         59   59   717                    2   7191.5
 40SSB 04-Sep-22 09:58 0086  HB9AW/P        59   59   718                    3   7126.0
 40SSB 04-Sep-22 10:02 0087  OE7F/P         59   59   867           OE       3   7118.0
 40SSB 04-Sep-22 10:03 0088  OZ7A/P         59   59   191                    3   7111.0
 40SSB 04-Sep-22 10:26 0089  DM3C/P         59   59   532                    2   7114.0
 40SSB 04-Sep-22 10:28 0090  DK1A/P         59   59   309                    2   7140.6
 40SSB 04-Sep-22 10:32 0091  DL0ULM/P       59   59   497                    2   7136.0
 20SSB 04-Sep-22 10:54 0092  S54I/P         59   59   793                    3  14224.0
 20SSB 04-Sep-22 11:02 0093  M0TSL/P        59   59   813           G        3  14214.1
 20SSB 04-Sep-22 11:06 0094  LZ1QN/P        59   59   314           LZ       3  14237.0
