 10CW  10-Dec-22 14:16 0001  K2NV           599  599  NY            K        5  28045.3
 10CW  10-Dec-22 14:20 0002  WA1T           599  599  ME                     5  28041.8
 10CW  10-Dec-22 14:21 0003  K5ZD           599  599  MA                     5  28041.2
 10CW  10-Dec-22 14:22 0004  K1HTV          599  599  VA                     5  28040.8
 10CW  10-Dec-22 14:25 0005  K3ZO           599  599  MD                     5  28040.0
 10CW  10-Dec-22 14:26 0006  KA1IS          599  599  ME                     5  28039.7
 10CW  10-Dec-22 14:29 0007  K8MM           599  599  MI                     5  28037.2
 10CW  10-Dec-22 14:32 0008  N5AW           599  599  TX                     5  28036.3
 10CW  10-Dec-22 14:42 0009  W2AW           599  599  NJ                     5  28035.4
 10CW  10-Dec-22 14:43 0010  K3RA           599  599  MD                     5  28034.8
 10CW  10-Dec-22 14:45 0011  VA3DF          599  599  ON            VE       5  28034.1
 10CW  10-Dec-22 14:50 0012  W2RQ           599  599  NJ                     5  28031.3
 10CW  10-Dec-22 14:51 0013  DK5KK          599  599  154           DL       2  28030.5
 10CW  10-Dec-22 14:54 0014  K2LE           599  599  VT                     5  28027.5
 10CW  10-Dec-22 14:58 0015  NN7CW          599  599  FL                     5  28024.6
 10CW  10-Dec-22 14:59 0016  N4AF           599  599  NC                     5  28024.2
 10CW  10-Dec-22 15:37 0017  CT9ABO         599  599  1181          CT3      5  28061.6
 10CW  10-Dec-22 15:37 0018  NR4M           599  599  VA                     5  28054.7
 10CW  11-Dec-22 10:53 0019  R4KO           599  599  410           UA       3  28037.8
 10CW  11-Dec-22 10:54 0020  RU1Z           599  599  405                    3  28033.0
 10CW  11-Dec-22 10:57 0021  EA1X           599  599  754           EA       3  28032.5
 10CW  11-Dec-22 11:00 0022  RM3A           599  599  431                    3  28031.6
 10CW  11-Dec-22 11:03 0023  RU4LM          599  599  260                    3  28026.9
 10CW  11-Dec-22 11:05 0024  DL6FBL         599  599  1079                   2  28024.3
 10CW  11-Dec-22 11:07 0025  UA6AK          599  599  354                    3  28012.0
 10CW  11-Dec-22 11:08 0026  RT4W           599  599  359                    3  28010.0
 10CW  11-Dec-22 11:11 0027  CT3KN          599  599  1195                   5  28008.5
 10CW  11-Dec-22 11:13 0028  TA7I           599  599  313           TA       5  28068.0
 10CW  11-Dec-22 11:21 0029  UA6YH          599  599  255                    3  28059.1
 10CW  11-Dec-22 11:23 0030  UC4P           599  599  290                    3  28047.7
 10CW  11-Dec-22 11:27 0031  RX9WN          599  599  665           UA9      5  28035.3
 10CW  11-Dec-22 11:47 0032  R4ACY          599  599  192                    3  28010.0
 10CW  11-Dec-22 11:49 0033  FY5KE          599  599  2617          FY       5  28070.3
 10CW  11-Dec-22 11:51 0034  UA4M           599  599  1465                   3  28084.2
 10CW  11-Dec-22 11:52 0035  P3AA           599  599  833           5B       5  28081.4
 10CW  11-Dec-22 11:55 0036  UA4Q           599  599  270                    3  28044.0
 10CW  11-Dec-22 11:59 0037  UA6J           599  599  345                    3  28042.0
 10CW  11-Dec-22 12:01 0038  RW7F           599  599  404                    3  28036.5
 10CW  11-Dec-22 12:04 0039  R4GM           599  599  1316                   3  28032.6
 10CW  11-Dec-22 12:05 0040  5Z4VJ          599  599  1200          5Z       5  28031.3
 10CW  11-Dec-22 12:06 0041  RU4PU          599  599  108                    3  28027.8
 10CW  11-Dec-22 12:18 0042  RU7A           599  599  115                    3  28063.5
 10CW  11-Dec-22 12:25 0043  PP5NY          599  599  1030          PY       5  28090.0
 10CW  11-Dec-22 12:38 0044  PJ2T           599  599  1664          PJ2      5  28028.1
 10CW  11-Dec-22 12:46 0045  RA4ACX         599  599  350                    3  28030.1
 10CW  11-Dec-22 13:31 0046  W1KM           599  599  MA                     5  28044.1
 10CW  11-Dec-22 13:33 0047  N2NL           599  599  FL                     5  28051.3
 10CW  11-Dec-22 13:36 0048  AB3CX          599  599  NY                     5  28071.2
 10CW  11-Dec-22 13:37 0049  W4WF           599  599  FL                     5  28084.6
 10CW  11-Dec-22 13:37 0050  H25A           599  599  096                    5  28088.0
 10CW  11-Dec-22 13:40 0051  W4RN           599  599  VA                     5  28092.9
 10CW  11-Dec-22 13:41 0052  KU9R           599  599  IN                     5  28093.5
 10CW  11-Dec-22 13:42 0053  WA1F           599  599  FL                     5  28094.0
 10CW  11-Dec-22 13:44 0054  PY2RSA         599  599  546                    5  28094.6
 10CW  11-Dec-22 13:47 0055  K9OM           599  599  FL                     5  28099.0
 10CW  11-Dec-22 13:49 0056  NT2DR          599  599  PA                     5  28090.8
 10CW  11-Dec-22 13:53 0057  K2SSS          599  599  NY                     5  28070.4
 10CW  11-Dec-22 13:53 0058  N1TO           599  599  FL                     5  28070.0
 10CW  11-Dec-22 14:02 0059  VE3VN          599  599  ON                     5  28066.6
 10CW  11-Dec-22 14:03 0060  N2YO           599  599  VA                     5  28065.6
 10CW  11-Dec-22 14:04 0061  WB9Z           599  599  IL                     5  28065.8
 10CW  11-Dec-22 14:05 0062  AA3B           599  599  PA                     5  28060.1
 10CW  11-Dec-22 14:06 0063  K0LUZ          599  599  FL                     5  28060.3
 10CW  11-Dec-22 14:07 0064  WA4JUK         599  599  VA                     5  28058.8
 10CW  11-Dec-22 14:10 0065  N3ER           599  599  MA                     5  28056.5
 10CW  11-Dec-22 14:21 0066  K4WW           599  599  KY                     5  28043.2
 10CW  11-Dec-22 14:26 0067  LP1H           599  599  2199          LU       5  28110.9
 10CW  11-Dec-22 14:27 0068  N4QS           599  599  KY                     5  28105.5
 10CW  11-Dec-22 14:31 0069  W8CAR          599  599  OH                     5  28092.6
 10CW  11-Dec-22 14:32 0070  ZF1A           599  599  2094          ZF       5  28084.9
 10CW  11-Dec-22 14:33 0071  K9BGL          599  599  IL                     5  28084.3
 10CW  11-Dec-22 14:56 0072  K9CT           599  599  IL                     5  28078.5
 10CW  11-Dec-22 14:57 0073  N3XF           599  599  PA                     5  28084.5
 10CW  11-Dec-22 15:00 0074  K1OT           599  599  ME                     5  28031.6
 10CW  11-Dec-22 15:01 0075  NN1SS          599  599  NH                     5  28024.9
 10CW  11-Dec-22 15:06 0076  K1VUT          599  599  MA                     5  28023.8
 10CW  11-Dec-22 15:11 0077  KR2Q           599  599  NJ                     5  28009.8
 10CW  11-Dec-22 15:19 0078  K3UA           599  599  PA                     5  28003.6
 10CW  11-Dec-22 15:20 0079  KV2K           599  599  NJ                     5  28000.4
