 13SSB 19-Feb-22 18:34 0001  SP5EXA         59   59   031KO02       SP       3  2400369.8
 13SSB 19-Feb-22 18:36 0002  EA7HG          59   59   009IM87CS     EA       3  2400374.8
 13SSB 19-Feb-22 18:40 0003  EA1DR          59   59   016IN82                3  2400378.1
 13SSB 19-Feb-22 18:41 0004  DL3IAS         59   59   038JN49       DL       2  2400384.6
 13SSB 19-Feb-22 18:43 0005  EA4GPZ         59   59   043IN80                3  2400390.0
 13SSB 19-Feb-22 18:44 0006  DH1DA          59   59   037JN48                2  2400395.0
 13SSB 19-Feb-22 18:49 0007  EA3GP          59   59   014JN01                3  2400403.2
 13SSB 19-Feb-22 18:50 0008  F4BKV          59   59   041IN95       F        3  2400406.6
 13SSB 19-Feb-22 18:52 0009  LZ1JH          59   59   030KN12       LZ       3  2400414.5
 13SSB 19-Feb-22 18:54 0010  F5DJL          59   59   022JN36                3  2400419.2
 13SSB 19-Feb-22 18:56 0011  DK7SS          59   59   034JN48                2  2400434.9
 13SSB 19-Feb-22 18:58 0012  F5UII          59   59   049JN37QR              3  2400439.9
 13SSB 19-Feb-22 19:00 0013  3B8FA          59   59   050LG89       3B8      5  2400449.9
 13SSB 19-Feb-22 19:02 0014  SP5XSD         59   59   032KO03                3  2400454.9
 13SSB 19-Feb-22 19:04 0015  DL2GRC         59   59   038JN48                2  2400460.0
 13SSB 19-Feb-22 19:05 0016  F1BJD          59   59   034JN08                3  2400466.5
 13SSB 19-Feb-22 19:07 0017  PE1ITR         59   59   038JO21       PA       3  2400479.6
 13SSB 19-Feb-22 19:10 0018  DL5XJ          59   59   009JO54                2  2400486.6
 13SSB 19-Feb-22 19:12 0019  YO3JW          59   59   040KN35       YO       3  2400344.1
 13SSB 19-Feb-22 19:13 0020  SV1JG          59   59   038KM18       SV       3  2400349.0
 13SSB 19-Feb-22 19:15 0021  EA3GEO         59   59   028JN11                3  2400364.3
 13SSB 19-Feb-22 19:18 0022  OK2DM          59   59   014JN99       OK       3  2400383.9
 13SSB 19-Feb-22 19:19 0023  DL2GMI         59   59   032JN47                2  2400392.9
 13SSB 19-Feb-22 19:23 0024  DC5IMM         59   59   039JO60TW              2  2400405.1
 13SSB 19-Feb-22 19:28 0025  ST2NH          59   59   033KK65       ST       5  2400408.1
 13SSB 19-Feb-22 19:33 0026  VU2NSL         59   59   024MJ89       VU       5  2400412.0
 13SSB 19-Feb-22 19:34 0027  PA3DSB         59   59   042JO21                3  2400415.6
 13SSB 19-Feb-22 19:35 0028  DL7ARV         59   59   051JO62                2  2400420.3
 13SSB 19-Feb-22 19:36 0029  DO1SSB         59   59   035JN48                2  2400432.4
 13SSB 19-Feb-22 19:39 0030  G0MRF          59   59   043IO91       G        3  2400444.4
 13SSB 19-Feb-22 19:42 0031  DL4DAC         59   59   040JO31                2  2400459.9
 13SSB 19-Feb-22 19:43 0032  9A2EY          59   59   054JN85       9A       3  2400468.4
 13SSB 19-Feb-22 19:49 0033  EA2AZW         59   59   039IN82PP              3  2400358.4
 13SSB 19-Feb-22 20:40 0034  DJ4FF          59   59   045JN47                2  2400445.9
 13SSB 19-Feb-22 20:41 0035  DC7DX          59   59   033JN49                2  2400445.9
 13SSB 19-Feb-22 20:42 0036  LZ1GHT         59   59   056KN12                3  2400445.9
 13SSB 19-Feb-22 20:43 0037  PE1MIX         59   59   035JO21                3  2400445.9
 13SSB 19-Feb-22 20:44 0038  DM4KL          59   59   024JO61                2  2400445.9
 13SSB 19-Feb-22 20:49 0039  DD6ZJ          59   59   033JO62                2  2400445.9
 13SSB 19-Feb-22 20:49 0040  DC7MF          59   59   020JN58                2  2400445.9
 13SSB 19-Feb-22 20:50 0041  DG6DAF         59   59   035JO41                2  2400445.9
 13SSB 19-Feb-22 20:51 0042  HB9AOF         59   59   049JN36       HB       3  2400445.9
 13SSB 19-Feb-22 20:57 0043  SP3QDM         59   59   040JO82                3  2400445.9
 13SSB 19-Feb-22 20:59 0044  EA1BNF         59   59   041IN52                3  2400445.9
 13SSB 19-Feb-22 21:00 0045  DL7VF          59   59   042JO62                2  2400445.9
 13SSB 19-Feb-22 21:01 0046  DO2QS          59   59   052JO62                2  2400445.9
 13SSB 19-Feb-22 21:03 0047  F6GLJ          59   59   031IN94                3  2400445.9
 13SSB 19-Feb-22 21:04 0048  DG7YEO         59   59   011JO31                2  2400445.9
 13SSB 19-Feb-22 21:05 0049  ZS1II          59   59   044JF87       ZS       5  2400445.9
 13SSB 19-Feb-22 21:11 0050  DL3FDL         59   59   033JO40                2  2400445.9
 13SSB 19-Feb-22 21:12 0051  F4CIB          59   59   015JN03                3  2400445.9
 13SSB 19-Feb-22 21:21 0052  DO4BMW         59   59   030JO40FH              2  2400368.3
 13SSB 19-Feb-22 21:25 0053  PR8KW          59   59   088GI77       PY       5  2400385.0
 13SSB 19-Feb-22 21:30 0054  IW2ILQ         59   59   031JN45OK     I        3  2400392.9
 13SSB 19-Feb-22 21:38 0055  DJ7ZZ          59   59   016JO30                2  2400398.1
 13SSB 19-Feb-22 21:44 0056  RA3DNC         59   59   074KO94       UA       3  2400436.7
 13SSB 19-Feb-22 21:50 0057  DG7RO          59   59   052JN58                2  2400453.9
 13SSB 19-Feb-22 22:01 0058  EA1N           59   59   066IN73                3  2400485.3
 13SSB 19-Feb-22 22:08 0059  DG4DW          59   59   035JO31                2  2400405.4
 13SSB 19-Feb-22 22:14 0060  F1MKC          59   59   035JN05                3  2400419.8
 13SSB 19-Feb-22 22:16 0061  PF0A           59   59   059JO22                3  2400430.0
 13SSB 19-Feb-22 22:20 0062  F5SG           59   59   004JN37                3  2400434.9
 13SSB 19-Feb-22 22:22 0063  EA1BAF         59   59   016IN62                3  2400445.0
 13SSB 19-Feb-22 22:24 0064  IS0DCR         59   59   039JN40       IS       3  2400479.8
 13SSB 19-Feb-22 22:30 0065  SP9FMP         59   59   088JO90                3  2400423.4
 13SSB 19-Feb-22 22:31 0066  DL5NEB         59   59   036JN59                2  2400423.4
 13SSB 19-Feb-22 22:33 0067  DL3NCR         59   59   074JN48                2  2400423.4
 13SSB 19-Feb-22 22:40 0068  DL4CH          59   59   054JO43                2  2400402.9
 13SSB 19-Feb-22 22:48 0069  M0XUU          59   59   014IO91                3  2400469.0
 13SSB 19-Feb-22 22:49 0070  G0TKZ          59   59   016JO01                3  2400469.0
 13SSB 19-Feb-22 22:56 0071  SP2HPD         59   59   052JO94                3  2400472.1
