160CW  22-Oct-22 19:46 0001  F5IN           599  599  JN18          JN18     3   1826.0
160CW  22-Oct-22 19:47 0002  DJ3RA          599  599  JO72          JO72     2   1825.0
160CW  22-Oct-22 19:48 0003  DL1REM         599  599  JO32          JO32     2   1824.5
160CW  22-Oct-22 19:49 0004  LY7M           599  599  KO25          KO25     3   1823.0
160CW  22-Oct-22 19:50 0005  DM2DZM         599  599  JO61          JO61     2   1823.7
160CW  22-Oct-22 19:51 0006  9A/DK2RO       599  599  JN85          JN85     3   1821.0
160CW  22-Oct-22 19:53 0007  DA0BCC         599  599  JO60          JO60     2   1820.5
160CW  22-Oct-22 19:54 0008  PA5WT          599  599  JO22          JO22     3   1819.9
160CW  22-Oct-22 19:55 0009  DL3FCG         599  599  JO40          JO40     2   1818.3
160CW  22-Oct-22 20:01 0010  G3SJJ          599  599  IO92          IO92     3   1835.0
160CW  22-Oct-22 20:02 0011  LY2XW          599  599  KO25                   3   1834.4
160CW  22-Oct-22 20:03 0012  IK1PMR         599  599  JN45          JN45     3   1831.5
160CW  22-Oct-22 20:03 0013  PA5KT          599  599  JO11          JO11     3   1830.6
160CW  22-Oct-22 20:04 0014  DR5X           599  599  JO54          JO54     2   1832.3
160CW  22-Oct-22 20:05 0015  HG1G           599  599  JN86          JN86     3   1830.2
160CW  22-Oct-22 20:06 0016  G3RWF          599  599  JO01          JO01     3   1829.8
160CW  22-Oct-22 20:09 0017  YT3D           599  599  KN05          KN05     3   1828.8
160CW  22-Oct-22 20:14 0018  OM3GI          599  599  KN09          KN09     3   1827.5
160CW  22-Oct-22 20:15 0019  HA0NAR         599  599  KN07          KN07     3   1826.7
160CW  22-Oct-22 20:17 0020  SP6AEG         599  599  JO81          JO81     3   1824.9
160CW  22-Oct-22 20:19 0021  OM2XW          599  599  JN88          JN88     3   1824.5
160CW  22-Oct-22 20:23 0022  DM7AA          599  599  JO50          JO50     2   1823.0
160CW  22-Oct-22 20:24 0023  DL0NG          599  599  JN59          JN59     2   1823.0
160CW  22-Oct-22 20:24 0024  SP9JZU         599  599  JN99          JN99     3   1823.0
160CW  22-Oct-22 20:26 0025  DL8DWW         599  599  JO70          JO70     2   1823.0
160CW  22-Oct-22 20:29 0026  HA7RY          599  599  JN97          JN97     3   1822.9
160CW  22-Oct-22 20:34 0027  DL1CW          599  599  JN48          JN48     2   1819.3
160CW  22-Oct-22 20:37 0028  OK2TJ          599  599  JN89          JN89     3   1818.5
160CW  22-Oct-22 20:38 0029  DL7ON          599  599  JO62          JO62     2   1815.8
160CW  22-Oct-22 20:42 0030  IV3SKB         599  599  JN66          JN66     3   1831.8
160CW  22-Oct-22 20:44 0031  DL3DXX         599  599  JO61                   2   1829.5
160CW  22-Oct-22 20:45 0032  SO3O           599  599  JO92          JO92     3   1829.0
160CW  22-Oct-22 20:46 0033  DL2OM          599  599  JO30          JO30     2   1826.2
160CW  22-Oct-22 20:50 0034  ON7PQ          599  599  JO10          JO10     3   1822.1
160CW  22-Oct-22 20:51 0035  G4LPP          599  599  JO02          JO02     3   1820.1
160CW  22-Oct-22 20:51 0036  DH1NBE         599  599  JN59                   2   1819.1
160CW  22-Oct-22 20:53 0037  DK9IP          599  599  JN48                   2   1833.1
160CW  22-Oct-22 20:57 0038  PA5N           599  599  JO31          JO31     3   1822.5
160CW  22-Oct-22 20:59 0039  DL3KUD         599  599  JO53          JO53     2   1828.4
160CW  22-Oct-22 21:01 0040  SM2U           599  599  JO99          JO99     3   1835.0
160CW  22-Oct-22 21:02 0041  OZ1AAR         599  599  JO65          JO65     3   1836.3
160CW  22-Oct-22 21:02 0042  LC9X           599  599  JO39          JO39     3   1839.5
160CW  22-Oct-22 21:04 0043  SD6F           599  599  JO57          JO57     3   1817.7
160CW  22-Oct-22 21:05 0044  SM5CSS         599  599  JO89          JO89     3   1828.4
