 15SSB 25-Jun-22 18:15 0001  CR3DX          59   59   637           CT3      5  21261.2
 20SSB 25-Jun-22 18:21 0002  EB1DJ          59   59   C             EA       3  14177.0
 20SSB 25-Jun-22 18:24 0003  Z62NS          59   59   083           Z6       3  14190.0
 20SSB 25-Jun-22 18:26 0004  EA1Z           59   59   PO                     3  14210.0
 20SSB 25-Jun-22 18:27 0005  J42OSE         59   59   58            SV       3  14234.0
 20SSB 25-Jun-22 18:28 0006  LZ6DX          59   59   270           LZ       3  14239.0
 20SSB 25-Jun-22 18:30 0007  EF0F           59   59   SMR                    3  14248.0
 20SSB 25-Jun-22 18:32 0008  YQ6A           59   59   359           YO       3  14252.7
 20SSB 25-Jun-22 18:33 0009  EA5K           59   59   MU                     3  14258.0
 20SSB 25-Jun-22 18:36 0010  EA4BAS         59   59   M                      3  14259.2
 20SSB 25-Jun-22 18:39 0011  EA5EE          59   59   V                      3  14262.5
 20SSB 25-Jun-22 18:43 0012  EF8K           59   59   TF            EA8      5  14265.0
 20SSB 25-Jun-22 18:45 0013  EC1ANS         59   59   VA                     3  14274.0
 20SSB 25-Jun-22 18:45 0014  ED1R           59   59   AV                     3  14275.0
 20SSB 25-Jun-22 18:46 0015  ED7R           59   59   CA                     3  14280.0
 20SSB 25-Jun-22 18:49 0016  UA4S           59   59   275           UA       3  14282.0
 20SSB 25-Jun-22 18:51 0017  YO3HEX         59   59   663                    3  14290.0
 20SSB 25-Jun-22 18:53 0018  EC1DD          59   59   PO                     3  14292.9
 20SSB 25-Jun-22 18:55 0019  LZ2CJ          59   59   105                    3  14305.0
 20SSB 25-Jun-22 18:56 0020  EA6SX          59   59   IB            EA6      3  14320.1
 20SSB 25-Jun-22 18:56 0021  EA4URA         59   59   M                      3  14326.0
 20SSB 25-Jun-22 19:02 0022  EC5AGC         59   59   V                      3  14294.0
 20SSB 25-Jun-22 19:06 0023  EA8DHV         59   59   TF                     5  14289.0
 20SSB 25-Jun-22 19:08 0024  EA4EUI         59   59   M                      3  14275.0
 20SSB 25-Jun-22 19:09 0025  ED8W           59   59   TF                     5  14262.0
 20SSB 25-Jun-22 19:11 0026  IT9FRX         59   59   204           IT9      3  14252.0
 20SSB 25-Jun-22 19:13 0027  RA3OA          59   59   495                    3  14227.0
 20SSB 25-Jun-22 19:14 0028  LZ2JA          59   59   373                    3  14210.0
 20SSB 25-Jun-22 19:15 0029  EA5FSJ         59   59   A                      3  14206.5
 20SSB 25-Jun-22 19:16 0030  ED8M           59   59   TF                     5  14202.1
 20SSB 25-Jun-22 19:20 0031  EA5DGK         59   59   MU                     3  14187.9
 20SSB 25-Jun-22 19:23 0032  EB7A           59   59   CO                     3  14187.8
 20SSB 25-Jun-22 19:27 0033  SV1JFL         59   59   183                    3  14160.0
 20SSB 25-Jun-22 19:29 0034  EA7IIW         59   59   AL                     3  14171.0
 15SSB 25-Jun-22 19:33 0035  H25A           59   59   240           5B       5  21216.3
 15SSB 25-Jun-22 19:36 0036  CX7SS          59   59   322           CX       5  21235.0
 40SSB 25-Jun-22 19:44 0037  EF0F           59   59   SMR           EA       3   7094.0
 40SSB 25-Jun-22 20:09 0038  RA3OA          59   59   541           UA       3   7118.0
 40SSB 25-Jun-22 20:16 0039  S51CK          59   59   391           S5       3   7149.4
 40SSB 25-Jun-22 20:40 0040  EA1ZR          59   59   S                      3   7165.0
 40SSB 25-Jun-22 20:42 0041  IV3UHL         59   59   167           I        3   7175.7
 40SSB 25-Jun-22 20:43 0042  IX1HPN         59   59   246                    3   7174.1
 40SSB 25-Jun-22 20:44 0043  EE5K           59   59   V                      3   7178.8
 40SSB 25-Jun-22 20:44 0044  S53M           59   59   439                    3   7184.6
 40SSB 25-Jun-22 20:45 0045  F4GDO          59   59   096           F        3   7189.0
 40SSB 25-Jun-22 20:46 0046  EA5Z           59   59   A                      3   7192.0
 40SSB 25-Jun-22 20:47 0047  EA6SX          59   59   IB            EA6      3   7197.9
 40SSB 25-Jun-22 20:49 0048  OE6MMD         59   59   128           OE       3   7182.0
 40SSB 25-Jun-22 20:56 0049  EA5IGO         59   59   V                      3   7195.0
 40SSB 25-Jun-22 21:01 0050  IQ4CT          59   59   143                    3   7152.2
 40SSB 25-Jun-22 21:02 0051  EA4EUI         59   59   M                      3   7147.0
 40SSB 25-Jun-22 21:04 0052  SP5FKW         59   59   082           SP       3   7145.0
 40SSB 25-Jun-22 21:05 0053  EA1DA          59   59   LO                     3   7143.0
 40SSB 25-Jun-22 21:13 0054  IZ8JFL         59   59   185                    3   7121.0
 20SSB 25-Jun-22 21:21 0055  PY7ZC          59   59   034           PY       5  14239.0
 20SSB 25-Jun-22 21:23 0056  H25A           59   59   402           5B       5  14275.9
 20SSB 25-Jun-22 21:24 0057  CR3DX          59   59   907           CT3      5  14289.4
 80SSB 25-Jun-22 21:28 0058  S53M           59   59   501           S5       3   3706.4
 80SSB 25-Jun-22 21:29 0059  9A3B           59   59   491           9A       3   3700.9
 80SSB 25-Jun-22 21:32 0060  IZ1DGG         59   59   111           I        3   3723.3
 80SSB 25-Jun-22 21:34 0061  OK1KKI         59   59   118           OK       3   3729.3
 10SSB 26-Jun-22 09:11 0062  EA2DMH         59   59   Z             EA       3  28422.0
 10SSB 26-Jun-22 09:12 0063  EA5Z           59   59   A                      3  28433.0
 10SSB 26-Jun-22 09:12 0064  IZ8EPX         59   59   168           I        3  28438.2
 10SSB 26-Jun-22 09:13 0065  YU1NR          59   59   167           YU       3  28449.1
 10SSB 26-Jun-22 09:23 0066  9A3B           59   59   913           9A       3  28452.0
 10SSB 26-Jun-22 09:26 0067  EC1DD          59   59   PO                     3  28490.0
 10SSB 26-Jun-22 09:28 0068  9A5Y           59   59   1349                   3  28461.1
 10SSB 26-Jun-22 09:32 0069  IU0OVB         59   59   798                    3  28463.0
 15SSB 26-Jun-22 10:11 0070  9A3B           59   59   987           9A       3  21245.0
 15SSB 26-Jun-22 10:13 0071  IU0OVB         59   59   822           I        3  21242.0
 15SSB 26-Jun-22 10:30 0072  9A5Y           59   59   1455                   3  21203.0
 15SSB 26-Jun-22 10:37 0073  EA1AA          59   59   S             EA       3  21195.0
 15SSB 26-Jun-22 10:42 0074  IK1RGK         59   59   217                    3  21186.0
 15SSB 26-Jun-22 10:46 0075  IQ4CT          59   59   474                    3  21215.0
 15SSB 26-Jun-22 10:48 0076  RW1A           59   59   759           UA       3  21221.6
 15SSB 26-Jun-22 10:50 0077  RW1F           59   59   838                    3  21225.0
 15SSB 26-Jun-22 11:01 0078  TK4TH          59   59   363           TK       3  21278.0
 10SSB 26-Jun-22 11:07 0079  EC5AGC         59   59   V                      3  28446.0
 10SSB 26-Jun-22 11:08 0080  EB5F           59   59   A                      3  28405.0
 10SSB 26-Jun-22 11:08 0081  EA5GI          59   59   MU                     3  28410.0
 10SSB 26-Jun-22 11:12 0082  EA5DGK         59   59   MU                     3  28465.0
 10SSB 26-Jun-22 11:16 0083  EA5EE          59   59   V                      3  28443.0
 20SSB 26-Jun-22 11:21 0084  HG4I           59   59   343           HA       3  14190.2
 20SSB 26-Jun-22 11:22 0085  EA1WH          59   59   S                      3  14182.5
 20SSB 26-Jun-22 11:23 0086  SE5E           59   59   422           SM       3  14172.5
 20SSB 26-Jun-22 11:27 0087  EA1ZR          59   59   S                      3  14162.0
 20SSB 26-Jun-22 11:28 0088  EA3XR          59   59   B                      3  14152.0
 20SSB 26-Jun-22 11:29 0089  C31LK          59   59   471           C3       3  14146.0
 20SSB 26-Jun-22 11:32 0090  ED3D           59   59   GI                     3  14197.0
 20SSB 26-Jun-22 11:33 0091  IX1HPN         59   59   468           I        3  14205.9
 20SSB 26-Jun-22 11:33 0092  RW1A           59   59   804                    3  14217.6
 20SSB 26-Jun-22 11:55 0093  LZ2YO          59   59   182                    3  14220.0
 20SSB 26-Jun-22 11:55 0094  S57DX          59   59   1594          S5       3  14238.0
 20SSB 26-Jun-22 11:56 0095  HG8W           59   59   587                    3  14249.0
 20SSB 26-Jun-22 11:56 0096  SK5A           59   59   803                    3  14264.5
 20SSB 26-Jun-22 11:58 0097  EA4EPY         59   59   M                      3  14271.0
 10SSB 26-Jun-22 12:00 0098  RW1A           59   59   841           UA       3  28457.0
