 20SSB 23-Oct-22 07:17 0001  IK8UND         59   59   393           I        3  14183.0
 20SSB 23-Oct-22 07:20 0002  IZ0PAU         59   59   142                    3  14222.0
 20SSB 23-Oct-22 07:21 0003  LZ1JZ          59   59   178           LZ       3  14237.0
 20SSB 23-Oct-22 07:24 0004  OG2X           59   59   269           OH       3  14250.0
 20SSB 23-Oct-22 07:27 0005  LZ5R           59   59   441                    3  14277.0
 20SSB 23-Oct-22 07:27 0006  EA3AKA         59   59   154           EA       3  14274.0
 40SSB 23-Oct-22 07:32 0007  M2G            59   59   595ES         G        3   7147.5
 40SSB 23-Oct-22 07:33 0008  M5W            59   59   618EX                  3   7145.0
 40SSB 23-Oct-22 07:38 0009  IX1HPN         59   59   447           I        3   7138.0
 40SSB 23-Oct-22 07:39 0010  IZ2BVC         59   59   115                    3   7161.0
 40SSB 23-Oct-22 07:41 0011  SP1JQJ         59   59   53            SP       3   7174.0
 40SSB 23-Oct-22 07:45 0012  G3PXT          59   59   154NR                  3   7179.0
 40SSB 23-Oct-22 07:45 0013  M0PLX/M        59   59   158PE                  3   7176.0
 40SSB 23-Oct-22 07:52 0014  TM9C           59   59   785           F        3   7131.0
 40SSB 23-Oct-22 07:54 0015  PC1PM          59   59   315           PA       3   7149.0
 40SSB 23-Oct-22 07:59 0016  G8DX           59   59   024SN         K        5   7156.0
 40SSB 23-Oct-22 08:00 0017  G8X            59   59   542EX                  5   7158.2
 20SSB 23-Oct-22 08:06 0018  LC5C           59   59   383           LA       3  14246.0
 20SSB 23-Oct-22 08:08 0019  9A3B           59   59   762           9A       3  14207.0
 20SSB 23-Oct-22 08:09 0020  IK6QON         59   59   076                    3  14190.0
 15SSB 23-Oct-22 08:23 0021  LZ1ZF          59   59   469           LZ       3  21254.9
 15SSB 23-Oct-22 08:24 0022  LZ5R           59   59   546                    3  21266.9
 15SSB 23-Oct-22 08:28 0023  OG2X           59   59   312           OH       3  21239.0
 15SSB 23-Oct-22 08:31 0024  YO4HAB         59   59   257           YO       3  21247.4
 10SSB 23-Oct-22 09:06 0025  C4W            59   59   344           5B       5  28451.0
 15SSB 23-Oct-22 10:01 0026  9A3B           59   59   833           9A       3  21258.7
 15SSB 23-Oct-22 10:06 0027  LZ1NK          59   59   079                    3  21255.0
 15SSB 23-Oct-22 10:11 0028  ES4RD          59   59   181           ES       3  21261.5
 15SSB 23-Oct-22 10:31 0029  LC5C           59   59   533           LA       3  21230.0
 15SSB 23-Oct-22 10:32 0030  IK6LBT         59   59   519           I        3  21226.0
 15SSB 23-Oct-22 10:44 0031  IZ0PAU         59   59   295                    3  21200.0
 15SSB 23-Oct-22 10:47 0032  EA1Z           59   59   220           EA       3  21265.0
 15SSB 23-Oct-22 10:49 0033  EC1DD          59   59   345                    3  21275.0
 15SSB 23-Oct-22 10:52 0034  SN7R           59   59   256           SP       3  21286.5
 15SSB 23-Oct-22 10:55 0035  SV3RPQ         59   59   459           SV       3  21284.0
 10SSB 23-Oct-22 10:58 0036  9A3B           59   59   882           9A       3  28465.4
 10SSB 23-Oct-22 11:11 0037  LZ1JZ          59   59   241           LZ       3  28475.1
 15SSB 23-Oct-22 11:20 0038  YO9HP          59   59   367                    3  21242.3
 15SSB 23-Oct-22 11:21 0039  EA3AKA         59   59   399                    3  21237.0
 15SSB 23-Oct-22 11:26 0040  LZ1JZ          59   59   262                    3  21239.0
