 40CW  02-Oct-22 16:19 0001  G4BUE          599  599  157           G        3   7035.6
 40CW  02-Oct-22 16:22 0002  PA0CT          599  599  095           PA       3   7029.5
 40CW  02-Oct-22 16:24 0003  S51ZJ          599  599  238           S5       3   7028.7
 40CW  02-Oct-22 16:27 0004  MD4K           599  599  653           GD       3   7027.3
 40CW  02-Oct-22 16:29 0005  M3X            599  599  309                    3   7026.5
 40CW  02-Oct-22 16:29 0006  LY2PX          599  599  320           LY       3   7026.0
 40CW  02-Oct-22 16:30 0007  F5NZY          599  599  329           F        3   7024.8
 40CW  02-Oct-22 16:31 0008  E77EA          599  599  178           E7       3   7024.5
 40CW  02-Oct-22 16:33 0009  DL6RAI         599  599  194           DL       2   7022.9
 40CW  02-Oct-22 16:34 0010  ON9TT          599  599  183           ON       3   7022.5
 40CW  02-Oct-22 16:34 0011  DL4ME          599  599  231                    2   7021.9
 40CW  02-Oct-22 16:36 0012  SD1A           599  599  178           SM       3   7020.5
 40CW  02-Oct-22 16:37 0013  OZ/SM5S        599  599  031           OZ       3   7019.5
 40CW  02-Oct-22 16:38 0014  SM5ACQ         599  599  129                    3   7019.0
 40CW  02-Oct-22 16:39 0015  SM5EPO         599  599  068                    3   7017.6
 40CW  02-Oct-22 16:39 0016  LY2J           599  599  328                    3   7016.4
 40CW  02-Oct-22 16:40 0017  LY7K           599  599  343                    3   7015.6
 40CW  02-Oct-22 16:41 0018  DL5KUD         599  599  159                    2   7014.5
 40CW  02-Oct-22 16:41 0019  EA4AOC         599  599  271           EA       3   7013.5
 40CW  02-Oct-22 16:42 0020  PC1PM          599  599  245                    3   7012.8
 40CW  02-Oct-22 16:44 0021  MX7DX          599  599  527                    3   7011.0
 40CW  02-Oct-22 16:45 0022  OH1NA          599  599  178           OH       3   7010.0
 15CW  02-Oct-22 16:46 0023  OY1CT          599  599  442           OY       3  21028.0
 15CW  02-Oct-22 16:48 0024  PY3TD          599  599  390           PY       5  21023.4
 15CW  02-Oct-22 16:49 0025  W7SW           599  599  018           K        5  21016.1
 20CW  02-Oct-22 16:51 0026  TA4/OH2KW      599  599  283           TA       5  14022.0
 20CW  02-Oct-22 16:53 0027  LZ5R           599  599  193           LZ       3  14021.7
 20CW  02-Oct-22 16:53 0028  OY1CT          599  599  444           OY       3  14020.6
 40CW  02-Oct-22 16:56 0029  F6JOE          599  599  080                    3   7031.0
 40CW  02-Oct-22 16:57 0030  G3RWF          599  599  173                    3   7030.1
 40CW  02-Oct-22 16:57 0031  DL1CW          599  599  217                    2   7029.4
 40CW  02-Oct-22 16:59 0032  G1G            599  599  313                    3   7028.0
 40CW  02-Oct-22 17:00 0033  MM1E           599  599  345           GM       3   7027.5
 40CW  02-Oct-22 17:01 0034  PA2W           599  599  077                    3   7027.0
 40CW  02-Oct-22 17:04 0035  PA7F           599  599  008                    3   7025.8
 40CW  02-Oct-22 17:04 0036  DM6EE          599  599  085                    2   7024.5
 40CW  02-Oct-22 17:06 0037  LZ5R           599  599  214           LZ       3   7023.7
 40CW  02-Oct-22 17:06 0038  G3K            599  599  296                    3   7022.4
 40CW  02-Oct-22 17:07 0039  OE5TXF         599  599  282           OE       3   7021.0
 40CW  02-Oct-22 17:08 0040  OG4A           599  599  376                    3   7019.0
 40CW  02-Oct-22 17:10 0041  F5IN           599  599  152                    3   7018.2
 40CW  02-Oct-22 17:11 0042  UW2U           599  599  401           UR       3   7016.0
 40CW  02-Oct-22 17:27 0043  G4PIQ          599  599  026                    3   7015.3
 40CW  02-Oct-22 17:29 0044  MW2I           599  599  209           GW       3   7014.0
 40CW  02-Oct-22 17:30 0045  IQ2CJ          599  599  215           I        3   7012.4
 40CW  02-Oct-22 17:31 0046  G4ERW          599  599  234                    3   7010.4
 80CW  02-Oct-22 17:36 0047  DL1CW          599  599  253           DL       2   3532.5
 80CW  02-Oct-22 17:37 0048  G3SWC          599  599  449           G        3   3530.6
 80CW  02-Oct-22 17:39 0049  F5NZY          599  599  387           F        3   3528.8
 80CW  02-Oct-22 17:39 0050  G4PIQ          599  599  053                    3   3527.3
 80CW  02-Oct-22 17:40 0051  G3RWF          599  599  200                    3   3526.2
 80CW  02-Oct-22 17:41 0052  G4IRN          599  599  513                    3   3525.8
 80CW  02-Oct-22 17:43 0053  DL7PIA         599  599  046                    2   3524.1
 80CW  02-Oct-22 17:44 0054  PA7F           599  599  066           PA       3   3523.5
 80CW  02-Oct-22 17:46 0055  G9F            599  599  101                    3   3523.0
 80CW  02-Oct-22 17:46 0056  MX7DX          599  599  617                    3   3522.0
 80CW  02-Oct-22 17:47 0057  G4PVM          599  599  466                    3   3519.5
 80CW  02-Oct-22 17:47 0058  PA2W           599  599  131                    3   3518.8
 80CW  02-Oct-22 17:49 0059  OE5TXF         599  599  346           OE       3   3517.0
 80CW  02-Oct-22 17:50 0060  MW2I           599  599  248           GW       3   3515.0
 80CW  02-Oct-22 17:51 0061  DJ4MX          599  599  060                    2   3538.9
 80CW  02-Oct-22 17:52 0062  DL1NKS         599  599  122                    2   3537.0
 80CW  02-Oct-22 17:53 0063  LY7K           599  599  403           LY       3   3536.2
 80CW  02-Oct-22 17:55 0064  MX1COL         599  599  197                    3   3533.2
 80CW  02-Oct-22 17:57 0065  SJ9WL          599  599  120           SM       3   3531.1
 80CW  02-Oct-22 17:59 0066  ES3BH          599  599  266           ES       3   3527.4
