 40CW  13-Jun-22 16:52 0001  F6JOE          599  599  025           F        3   7039.1
 40CW  13-Jun-22 16:53 0002  DL8TG          599  599  036           DL       2   7039.5
 40CW  13-Jun-22 16:54 0003  DJ4MX          599  599  006                    2   7038.2
 40CW  13-Jun-22 16:55 0004  SM5IMO         599  599  040           SM       3   7037.1
 40CW  13-Jun-22 16:56 0005  DA0BCC         599  599  052                    2   7036.5
 40CW  13-Jun-22 16:56 0006  DL1NKS         599  599  050                    2   7035.9
 40CW  13-Jun-22 16:57 0007  SM5DXR         599  599  023                    3   7035.5
 40CW  13-Jun-22 17:00 0008  DJ9KH          599  599  055                    2   7034.6
 40CW  13-Jun-22 17:00 0009  OK2EA          599  599  047           OK       3   7034.1
 40CW  13-Jun-22 17:01 0010  DJ3WE          599  599  034                    2   7033.6
 40CW  13-Jun-22 17:02 0011  SQ8LUU         599  599  030           SP       3   7033.0
 40CW  13-Jun-22 17:02 0012  DL5YL          599  599  044                    2   7032.7
 40CW  13-Jun-22 17:03 0013  DR2C           599  599  061                    2   7032.1
 40CW  13-Jun-22 17:03 0014  DJ9SN          599  599  055                    2   7031.7
 40CW  13-Jun-22 17:04 0015  OM5AW          599  599  060           OM       3   7031.0
 40CW  13-Jun-22 17:05 0016  SN3K           599  599  043                    3   7030.6
 40CW  13-Jun-22 17:06 0017  SD6F           599  599  057                    3   7028.9
 40CW  13-Jun-22 17:07 0018  DL5YM          599  599  060                    2   7026.6
 40CW  13-Jun-22 17:08 0019  PA3DBS         599  599  040           PA       3   7026.0
 40CW  13-Jun-22 17:08 0020  DF4XX          599  599  068                    2   7025.6
 40CW  13-Jun-22 17:10 0021  OK2SLS         599  599  057                    3   7024.9
