 10CW  26-Nov-22 10:22 0001  CR3W           599  599  33            CT3  33  5  28056.8
 10CW  26-Nov-22 10:50 0002  R4KO           599  599  16            UA   16  3  28023.8
 10CW  26-Nov-22 10:51 0003  RT6A           599  599  16                     3  28017.5
 10CW  26-Nov-22 10:52 0004  EA8RM          599  599  33            EA8      5  28016.0
 10CW  26-Nov-22 10:53 0005  RT4F           599  599  16                     3  28010.7
 10CW  26-Nov-22 10:55 0006  SX9V           599  599  20            SV9  20  3  28009.0
 10CW  26-Nov-22 10:56 0007  P33W           599  599  20            5B       5  28008.7
 10CW  26-Nov-22 10:59 0008  CR5O           599  599  14            CT   14  3  28002.7
 10CW  26-Nov-22 11:01 0009  C4W            599  599  20                     5  28058.5
 10CW  26-Nov-22 11:05 0010  RX6AM          599  599  16                     3  28054.0
 15CW  26-Nov-22 11:08 0011  EW2A           599  599  16            EU   16  3  21069.7
 15CW  26-Nov-22 11:08 0012  LZ5K           599  599  20            LZ   20  3  21069.0
 15CW  26-Nov-22 11:09 0013  LP1H           599  599  13            LU   13  5  21068.5
 15CW  26-Nov-22 11:11 0014  OH8Z           599  599  15            OH   15  3  21066.9
 15CW  26-Nov-22 11:12 0015  EB5F           599  599  14            EA   14  3  21064.5
 15CW  26-Nov-22 11:14 0016  OR2M           599  599  14            ON       3  21063.0
 15CW  26-Nov-22 11:15 0017  DA0T           599  599  14            DL       2  21062.3
 15CW  26-Nov-22 11:28 0018  YL2VW          599  599  15            YL       3  21044.0
 15CW  26-Nov-22 11:29 0019  SM2CEW         599  599  14            SM       3  21043.4
 15CW  26-Nov-22 11:35 0020  PJ2T           599  599  09            PJ2  09  5  21041.3
 15CW  26-Nov-22 11:39 0021  RT4G           599  599  16            UA       3  21036.3
 15CW  26-Nov-22 11:42 0022  EA8RM          599  599  33            EA8  33  5  21034.0
 15CW  26-Nov-22 11:43 0023  UC5D           599  599  16                     3  21033.6
 15CW  26-Nov-22 11:46 0024  RT4F           599  599  16                     3  21027.7
 15CW  26-Nov-22 11:46 0025  EA4FL          599  599  14                     3  21025.0
 15CW  26-Nov-22 11:50 0026  CR3DX          599  599  33            CT3      5  21024.0
 15CW  26-Nov-22 11:51 0027  9H6A           599  599  15            9H       3  21023.0
 15CW  26-Nov-22 11:51 0028  R8LA           599  599  17            UA9  17  5  21020.5
 15CW  26-Nov-22 11:53 0029  UW5Y           599  599  16            UR       3  21019.2
 15CW  26-Nov-22 11:54 0030  II9P           599  599  15            IT9      3  21018.8
 15CW  26-Nov-22 11:55 0031  CT7/DL6IAK     599  599  14            CT       3  21013.2
 15CW  26-Nov-22 11:57 0032  K1DG           599  599  05            K    05  5  21010.9
 15CW  26-Nov-22 12:00 0033  9H6WW          599  599  15                     3  21006.3
 15CW  26-Nov-22 12:01 0034  4X1MM          599  599  20            4X       5  21005.5
 15CW  26-Nov-22 12:03 0035  EE5K           599  599  14                     3  21085.0
 15CW  26-Nov-22 12:04 0036  CT3KN          599  599  33                     5  21086.0
 15CW  26-Nov-22 12:05 0037  3V8SS          599  599  33            3V       5  21081.5
 10CW  26-Nov-22 12:08 0038  CQ3J           599  599  33                     5  28037.0
 10CW  26-Nov-22 12:10 0039  CR3DX          599  599  33                     5  28008.2
 20CW  26-Nov-22 12:11 0040  YT6T           599  599  15            YU   15  3  14098.4
 20CW  26-Nov-22 12:11 0041  OH0V           599  599  15            OH0      3  14094.9
 20CW  26-Nov-22 12:12 0042  E7GZ           599  599  15            E7       3  14090.5
 20CW  26-Nov-22 12:15 0043  EA5JJN         599  599  14            EA   14  3  14089.5
 20CW  26-Nov-22 12:16 0044  W1RM           599  599  05            K    05  5  14080.2
 20CW  26-Nov-22 12:17 0045  N9TTK          599  599  04                 04  5  14079.8
 20CW  26-Nov-22 12:17 0046  K5TR           599  599  04                     5  14079.4
 20CW  26-Nov-22 12:20 0047  W9RE           599  599  04                     5  14072.8
 20CW  26-Nov-22 12:21 0048  S53EA          599  599  15            S5       3  14072.4
 20CW  26-Nov-22 12:22 0049  3V8SS          599  599  33            3V   33  5  14072.0
 20CW  26-Nov-22 12:23 0050  YL2BJ          599  599  15            YL       3  14069.8
 20CW  26-Nov-22 12:24 0051  EF2X           599  599  14                     3  14069.0
 20CW  26-Nov-22 12:24 0052  SP4Z           599  599  15            SP       3  14069.2
 20CW  26-Nov-22 12:25 0053  UY5ZZ          599  599  16            UR   16  3  14067.2
 20CW  26-Nov-22 12:26 0054  W4KZ           599  599  05                     5  14066.9
 20CW  26-Nov-22 12:26 0055  9H6A           599  599  15            9H       3  14066.5
 20CW  26-Nov-22 12:27 0056  RT6A           599  599  16            UA       3  14064.2
 20CW  26-Nov-22 12:37 0057  RT4F           599  599  16                     3  14063.8
 20CW  26-Nov-22 12:38 0058  RW9DX          599  599  17            UA9  17  5  14060.5
 20CW  26-Nov-22 12:39 0059  CR3W           599  599  33            CT3      5  14059.7
 20CW  26-Nov-22 12:39 0060  VA2WA          599  599  05            VE       5  14058.3
 20CW  26-Nov-22 12:40 0061  R8TT           599  599  16                     5  14057.5
 20CW  26-Nov-22 12:41 0062  EA5O           599  599  14                     3  14057.0
 20CW  26-Nov-22 12:42 0063  E7CW           599  599  15                     3  14056.0
 20CW  26-Nov-22 12:42 0064  IB9A           599  599  15            IT9      3  14055.3
 20CW  26-Nov-22 12:43 0065  EA2W           599  599  14                     3  14054.4
 20CW  26-Nov-22 12:43 0066  SM3EAE         599  599  14            SM       3  14054.0
 20CW  26-Nov-22 12:44 0067  TK0C           599  599  15            TK       3  14053.6
 20CW  26-Nov-22 12:45 0068  OH5Z           599  599  15            OH       3  14053.3
 20CW  26-Nov-22 12:46 0069  EB7A           599  599  14                     3  14051.5
 20CW  26-Nov-22 12:49 0070  K8CX           599  599  04                     5  14048.0
 20CW  26-Nov-22 12:51 0071  W9VW           599  599  04                     5  14046.8
 20CW  26-Nov-22 12:52 0072  DL6FBL         599  599  14            DL       2  14046.0
 20CW  26-Nov-22 12:52 0073  LZ9W           599  599  20            LZ   20  3  14044.3
 20CW  26-Nov-22 12:53 0074  SE5E           599  599  14                     3  14043.7
 20CW  26-Nov-22 12:54 0075  OM0M           599  599  15            OM       3  14042.9
 20CW  26-Nov-22 12:55 0076  RV3ZN          599  599  16                     3  14042.4
 20CW  26-Nov-22 12:56 0077  LN8W           599  599  14            LA       3  14042.1
 20CW  26-Nov-22 12:57 0078  CR6K           599  599  14            CT       3  14041.1
 20CW  26-Nov-22 12:58 0079  YT7B           599  599  15                     3  14040.0
 20CW  26-Nov-22 12:59 0080  II9P           599  599  15                     3  14038.1
 20CW  26-Nov-22 12:59 0081  SO4R           599  599  15                     3  14037.8
 20CW  26-Nov-22 13:00 0082  HG8R           599  599  15            HA       3  14036.5
 20CW  26-Nov-22 13:01 0083  SQ2A           599  599  15                     3  14035.8
 20CW  26-Nov-22 13:06 0084  YU5M           599  599  15                     3  14035.0
 20CW  26-Nov-22 13:07 0085  GI5I           599  599  14            GI       3  14034.5
 20CW  26-Nov-22 13:07 0086  CN3A           599  599  33            CN       5  14034.1
 20CW  26-Nov-22 13:08 0087  CT3X           599  599  33                     5  14033.1
 20CW  26-Nov-22 13:09 0088  SQ5LNU         599  599  15                     3  14032.3
 20CW  26-Nov-22 13:09 0089  UB7K           599  599  16                     3  14031.5
 20CW  26-Nov-22 13:10 0090  EA6NB          599  599  14            EA6      3  14030.4
 20CW  26-Nov-22 13:11 0091  LY4A           599  599  15            LY       3  14030.0
 20CW  26-Nov-22 13:19 0092  SV2DSJ         599  599  20            SV       3  14028.0
 20CW  26-Nov-22 13:20 0093  YT2ISM         599  599  15                     3  14027.4
 20CW  26-Nov-22 13:26 0094  IO6A           599  599  15            I        3  14025.7
 20CW  26-Nov-22 13:27 0095  R4KO           599  599  16                     3  14024.2
 20CW  26-Nov-22 13:27 0096  YR8D           599  599  20            YO       3  14023.5
 20CW  26-Nov-22 13:29 0097  SM2U           599  599  14                     3  14022.2
 20CW  26-Nov-22 13:34 0098  IS0AFM         599  599  15            IS       3  14019.1
 20CW  26-Nov-22 13:36 0099  N2MF           599  599  05                     5  14016.5
 20CW  26-Nov-22 13:36 0100  HG6O           599  599  15                     3  14015.0
 20CW  26-Nov-22 13:37 0101  Z68EE          599  599  15            Z6       3  14012.9
 20CW  26-Nov-22 13:39 0102  HA9RT          599  599  15                     3  14012.4
 20CW  26-Nov-22 13:41 0103  HG4I           599  599  15                     3  14012.0
 20CW  26-Nov-22 13:44 0104  SB7S           599  599  14                     3  14011.3
 20CW  26-Nov-22 13:44 0105  HA8A           599  599  15                     3  14009.0
 20CW  26-Nov-22 13:45 0106  UG8C           599  599  17                     5  14007.9
 20CW  26-Nov-22 13:46 0107  UC5D           599  599  16                     3  14006.9
 20CW  26-Nov-22 13:47 0108  OH8X           599  599  15                     3  14006.3
 20CW  26-Nov-22 13:48 0109  UA6GO          599  599  16                     3  14005.0
 20CW  26-Nov-22 13:48 0110  YT4W           599  599  15                     3  14004.8
 20CW  26-Nov-22 13:49 0111  HG1A           599  599  15                     3  14003.6
 20CW  26-Nov-22 13:49 0112  E7AA           599  599  15                     3  14001.4
 20CW  26-Nov-22 13:50 0113  YT5A           599  599  15                     3  14001.0
 20CW  26-Nov-22 13:51 0114  J42C           599  599  20                     3  14000.5
 10CW  26-Nov-22 14:26 0115  CT3KN          599  599  33                     5  28088.9
 10CW  26-Nov-22 14:31 0116  4Z5LY          599  599  20            4X       5  28067.0
 10CW  26-Nov-22 14:33 0117  LP1H           599  599  13            LU   13  5  28065.0
 15CW  26-Nov-22 14:44 0118  PY2KJ          599  599  11            PY   11  5  21118.8
 15CW  26-Nov-22 14:45 0119  TA7I           599  599  20            TA       5  21118.3
 15CW  26-Nov-22 14:48 0120  K9CT           599  599  04                 04  5  21099.3
 15CW  26-Nov-22 14:49 0121  9H3TX          599  599  15                     3  21094.5
 15CW  26-Nov-22 14:51 0122  CR3W           599  599  33                     5  21077.6
 15CW  26-Nov-22 14:59 0123  CN3A           599  599  33            CN       5  21067.8
 15CW  26-Nov-22 15:01 0124  3B8M           599  599  39            3B8  39  5  21062.0
 15CW  26-Nov-22 15:09 0125  K1LZ           599  599  05                     5  21003.5
 40CW  26-Nov-22 15:14 0126  YL2TD          599  599  15            YL   15  3   7058.6
 40CW  26-Nov-22 15:16 0127  RV1CC          599  599  16            UA   16  3   7056.7
 40CW  26-Nov-22 15:17 0128  DL1QW          599  599  14            DL   14  2   7044.7
 40CW  26-Nov-22 15:20 0129  OH9SE          599  599  15            OH       3   7039.3
 40CW  26-Nov-22 15:23 0130  OH9W           599  599  15                     3   7037.7
 40CW  26-Nov-22 15:23 0131  OK6W           599  599  15            OK       3   7037.2
 40CW  26-Nov-22 15:24 0132  F6KOP          599  599  14            F        3   7034.0
 40CW  26-Nov-22 15:25 0133  OK2HBR         599  599  15                     3   7033.2
 40CW  26-Nov-22 15:26 0134  CN3A           599  599  33            CN   33  5   7033.0
 40CW  26-Nov-22 15:28 0135  ES7GN          599  599  15            ES       3   7031.0
 40CW  26-Nov-22 15:29 0136  OM2XW          599  599  15            OM       3   7030.4
 40CW  26-Nov-22 15:30 0137  SP5AUC         599  599  15            SP       3   7029.7
 40CW  26-Nov-22 15:35 0138  OL6P           599  599  15                     3   7027.1
 40CW  26-Nov-22 15:36 0139  PA5N           599  599  14            PA       3   7026.4
 40CW  26-Nov-22 15:36 0140  M6T            599  599  14            G        3   7025.2
 40CW  26-Nov-22 15:37 0141  PC5C           599  599  14                     3   7024.5
 40CW  26-Nov-22 15:37 0142  HG5D           599  599  15            HA       3   7023.8
 40CW  26-Nov-22 15:39 0143  YO6FGZ         599  599  20            YO   20  3   7021.8
 40CW  26-Nov-22 15:39 0144  SP2FAP         599  599  15                     3   7021.5
 40CW  26-Nov-22 15:40 0145  SP8IOV         599  599  15                     3   7021.0
 40CW  26-Nov-22 15:41 0146  OM5R           599  599  15                     3   7020.5
 40CW  26-Nov-22 15:41 0147  R3ZZ           599  599  16                     3   7020.2
 40CW  26-Nov-22 15:43 0148  S57WJ          599  599  15            S5       3   7018.1
 40CW  26-Nov-22 15:44 0149  YO4NF          599  599  20                     3   7016.6
 40CW  26-Nov-22 15:47 0150  S51YI          599  599  15                     3   7012.6
 40CW  26-Nov-22 15:51 0151  SN3A           599  599  15                     3   7006.0
 40CW  26-Nov-22 15:52 0152  UA4M           599  599  16                     3   7004.6
160CW  26-Nov-22 16:02 0153  OK4U           599  599  15            OK   15  3   1834.8
160CW  26-Nov-22 16:02 0154  SP3HLM         599  599  15            SP       3   1833.0
160CW  26-Nov-22 16:03 0155  M6T            599  599  14            G    14  3   1827.5
160CW  26-Nov-22 16:04 0156  SM0HRP         599  599  14            SM       3   1828.7
160CW  26-Nov-22 16:05 0157  DM7C           599  599  14            DL       2   1825.0
160CW  26-Nov-22 16:06 0158  S51V           599  599  15            S5       3   1822.5
160CW  26-Nov-22 16:07 0159  SM6CNN         599  599  14                     3   1821.7
160CW  26-Nov-22 16:08 0160  F6KOP          599  599  14            F        3   1819.5
160CW  26-Nov-22 16:09 0161  M5DX           599  599  14                     3   1816.8
160CW  26-Nov-22 16:10 0162  LC9X           599  599  14            LA       3   1836.5
160CW  26-Nov-22 16:10 0163  LN8W           599  599  14                     3   1835.6
160CW  26-Nov-22 16:16 0164  S56X           599  599  15                     3   1839.9
 80CW  26-Nov-22 16:29 0165  IS0/OM2TW      599  599  15            IS   15  3   3542.0
 80CW  26-Nov-22 16:30 0166  S57AW          599  599  15            S5       3   3544.3
 80CW  26-Nov-22 16:32 0167  YL7A           599  599  15            YL       3   3539.8
 80CW  26-Nov-22 16:32 0168  SM0HRP         599  599  14            SM   14  3   3539.2
 80CW  26-Nov-22 16:33 0169  YU0U           599  599  15            YU       3   3538.0
 80CW  26-Nov-22 16:34 0170  LZ9W           599  599  20            LZ   20  3   3536.7
 80CW  26-Nov-22 16:34 0171  OK5D           599  599  15            OK       3   3535.8
 80CW  26-Nov-22 16:36 0172  YT4T           599  599  15                     3   3534.2
 80CW  26-Nov-22 16:37 0173  LZ7A           599  599  20                     3   3532.8
 80CW  26-Nov-22 16:38 0174  DF0HQ          599  599  14            DL       2   3531.6
 80CW  26-Nov-22 16:39 0175  YO5AVN         599  599  20            YO       3   3530.7
 80CW  26-Nov-22 16:42 0176  EW4A           599  599  16            EU   16  3   3530.0
 80CW  26-Nov-22 16:42 0177  OH9W           599  599  15            OH       3   3529.0
 80CW  26-Nov-22 16:42 0178  HA2KMR         599  599  15            HA       3   3528.6
 80CW  26-Nov-22 16:43 0179  S51ZJ          599  599  15                     3   3528.1
 80CW  26-Nov-22 16:44 0180  UT7NY          599  599  16            UR       3   3527.5
 80CW  26-Nov-22 16:45 0181  ON5WL          599  599  14            ON       3   3526.5
 80CW  26-Nov-22 16:46 0182  HA1TJ          599  599  15                     3   3525.9
 80CW  26-Nov-22 16:46 0183  M6T            599  599  14            G        3   3525.4
 80CW  26-Nov-22 16:47 0184  PA1CC          599  599  14            PA       3   3524.8
 80CW  26-Nov-22 16:47 0185  OH3D           599  599  15                     3   3523.8
 80CW  26-Nov-22 16:48 0186  YT5A           599  599  15                     3   3523.0
 80CW  26-Nov-22 16:49 0187  SN2B           599  599  15            SP       3   3521.8
 80CW  26-Nov-22 16:52 0188  YL9W           599  599  15                     3   3514.0
 80CW  26-Nov-22 16:54 0189  LN8W           599  599  14            LA       3   3512.7
 80CW  26-Nov-22 17:03 0190  G4FNL          599  599  14                     3   3510.9
 80CW  26-Nov-22 17:04 0191  OL5J           599  599  15                     3   3509.1
 80CW  26-Nov-22 17:05 0192  S53X           599  599  15                     3   3508.0
 80CW  26-Nov-22 17:07 0193  LY6C           599  599  15            LY       3   3505.7
 80CW  26-Nov-22 17:08 0194  F6KOP          599  599  14            F        3   3504.2
 80CW  26-Nov-22 17:09 0195  OL3Z           599  599  15                     3   3503.2
 80CW  26-Nov-22 17:10 0196  SQ1PSA         599  599  15                     3   3502.5
 15CW  26-Nov-22 17:12 0197  PR2E           599  599  11                     5  21030.6
 20CW  26-Nov-22 17:13 0198  3B8M           599  599  39            3B8  39  5  14069.1
 20CW  26-Nov-22 17:13 0199  E74FRS         599  599  15                     3  14068.3
 20CW  26-Nov-22 17:16 0200  II9P           599  599  15                     0  14058.7
 20CW  26-Nov-22 17:18 0201  VE2IM          599  599  02                 02  5  14089.5
 20CW  26-Nov-22 17:21 0202  M6T            599  599  14            G        3  14066.0
 20CW  26-Nov-22 17:26 0203  K8LX           599  599  04                     5  14055.8
 20CW  26-Nov-22 17:28 0204  N2RC           599  599  05                     5  14054.0
 40CW  26-Nov-22 17:32 0205  E7GZ           599  599  15            E7       3   7067.3
 40CW  26-Nov-22 17:33 0206  LY2PX          599  599  15            LY       3   7061.1
 40CW  26-Nov-22 17:35 0207  OM3ZWA         599  599  15                     3   7056.8
 40CW  26-Nov-22 17:36 0208  ER1KAA         599  599  16            ER       3   7055.1
 40CW  26-Nov-22 17:36 0209  EU2F           599  599  16            EU       3   7050.4
 40CW  26-Nov-22 17:43 0210  CR3W           599  599  33            CT3      5   7048.1
 40CW  26-Nov-22 17:44 0211  B7C            599  599  24            BY   24  5   7047.7
 40CW  26-Nov-22 17:45 0212  YR8D           599  599  20                     3   7047.2
 40CW  26-Nov-22 17:47 0213  TM7A           599  599  14                     3   7046.9
 40CW  26-Nov-22 17:49 0214  9H6A           599  599  15            9H       3   7044.6
 40CW  26-Nov-22 18:03 0215  HG7T           599  599  15                     3   7037.1
 40CW  26-Nov-22 18:04 0216  OH3FM          599  599  15                     3   7036.7
 40CW  26-Nov-22 18:05 0217  YT3K           599  599  15            YU       3   7034.4
 40CW  26-Nov-22 18:06 0218  YT7R           599  599  15                     3   7033.7
 40CW  26-Nov-22 18:07 0219  EW5A           599  599  16                     3   7032.8
 40CW  26-Nov-22 18:11 0220  P35A           599  599  20            5B       5   7031.9
 40CW  26-Nov-22 18:13 0221  HG22TISZA      599  599  15                     3   7030.7
 40CW  26-Nov-22 18:14 0222  IK0GDG         599  599  15            I        3   7029.5
 40CW  26-Nov-22 18:17 0223  EA4URE         599  599  14            EA       3   7028.2
 40CW  26-Nov-22 18:19 0224  OH5Z           599  599  15                     3   7027.7
 40CW  26-Nov-22 18:22 0225  EI2KC          599  599  14            EI       3   7026.3
 40CW  26-Nov-22 18:23 0226  MM3T           599  599  14            GM       3   7024.5
 40CW  26-Nov-22 18:25 0227  OK4YL          599  599  15                     3   7023.1
 40CW  26-Nov-22 18:26 0228  IB9T           599  599  15            IT9      3   7022.1
 40CW  26-Nov-22 18:31 0229  RT4G           599  599  16                     3   7020.2
 40CW  26-Nov-22 18:31 0230  SP2MHC         599  599  15                     3   7019.3
 40CW  26-Nov-22 18:32 0231  ER1ZZ          599  599  16                     3   7018.4
 40CW  26-Nov-22 18:33 0232  YP0K           599  599  20                     3   7017.4
 40CW  26-Nov-22 18:34 0233  OH3JF          599  599  15                     3   7016.6
 40CW  26-Nov-22 18:35 0234  IB9O           599  599  15                     3   7015.4
 40CW  26-Nov-22 18:37 0235  YT7A           599  599  15                     3   7012.8
 40CW  26-Nov-22 18:38 0236  YL2VW          599  599  15                     3   7011.8
 40CW  26-Nov-22 18:39 0237  RU1A           599  599  16                     3   7011.4
 40CW  26-Nov-22 18:41 0238  P33W           599  599  20                     5   7008.6
 40CW  26-Nov-22 18:42 0239  R7NW           599  599  16                     3   7007.9
 40CW  26-Nov-22 18:43 0240  UP2L           599  599  17            UN   17  5   7007.0
 40CW  26-Nov-22 18:48 0241  YT1A           599  599  15                     3   7005.5
 40CW  26-Nov-22 18:48 0242  EA5O           599  599  14                     3   7004.6
 40CW  26-Nov-22 18:50 0243  LY2GV          599  599  15                     3   7002.4
 40CW  26-Nov-22 18:51 0244  YT5A           599  599  15                     3   7001.9
 40CW  26-Nov-22 18:52 0245  OH7K           599  599  15                     3   7001.1
 40CW  26-Nov-22 18:53 0246  OG2P           599  599  15                     3   7000.6
 40CW  26-Nov-22 19:29 0247  EA5RS          599  599  14                     3   7000.1
 20CW  26-Nov-22 19:32 0248  K5ZD           599  599  05                     5  14015.3
 80CW  26-Nov-22 19:33 0249  E7GZ           599  599  15            E7       3   3566.7
 80CW  26-Nov-22 19:34 0250  EF6T           599  599  14            EA6      3   3555.2
 80CW  26-Nov-22 19:35 0251  CN3A           599  599  33            CN   33  5   3549.4
 80CW  26-Nov-22 19:36 0252  PA3DBS         599  599  14                     3   3547.3
 80CW  26-Nov-22 19:39 0253  E79D           599  599  15                     3   3546.4
 80CW  26-Nov-22 19:39 0254  SQ3YOTA        599  599  15                     3   3545.8
 80CW  26-Nov-22 19:43 0255  SP2R           599  599  15                     3   3542.8
 80CW  26-Nov-22 19:44 0256  SO4R           599  599  15                     3   3541.8
 80CW  26-Nov-22 19:45 0257  9A1A           599  599  15            9A       3   3538.8
 80CW  26-Nov-22 19:48 0258  TK0C           599  599  15            TK       3   3537.6
 80CW  26-Nov-22 19:49 0259  G5O            599  599  14                     3   3536.3
 80CW  26-Nov-22 19:50 0260  OZ3SM          599  599  14            OZ       3   3535.4
 80CW  26-Nov-22 19:51 0261  E7CW           599  599  15                     3   3534.8
 80CW  26-Nov-22 19:51 0262  IR2R           599  599  15            I        3   3534.4
 80CW  26-Nov-22 19:51 0263  LA7AK          599  599  14                     3   3534.2
 80CW  26-Nov-22 19:53 0264  OH3FM          599  599  15                     3   3533.7
 80CW  26-Nov-22 19:53 0265  IO1T           599  599  15                     3   3533.1
 80CW  26-Nov-22 19:54 0266  9A2AJ          599  599  15                     3   3532.2
 80CW  26-Nov-22 19:55 0267  OM5AW          599  599  15            OM       3   3531.0
 80CW  26-Nov-22 19:55 0268  OH2BC          599  599  15                     3   3530.6
 80CW  26-Nov-22 19:56 0269  GI5I           599  599  14            GI       3   3530.3
 80CW  26-Nov-22 19:57 0270  IR1Q           599  599  15                     3   3530.1
 80CW  26-Nov-22 19:57 0271  IR4M           599  599  15                     3   3529.6
 80CW  26-Nov-22 19:59 0272  LA7GIA         599  599  14                     3   3528.3
 80CW  26-Nov-22 20:00 0273  OL3A           599  599  15                     3   3527.7
 80CW  26-Nov-22 20:03 0274  SP3MEP         599  599  15                     3   3524.7
 80CW  26-Nov-22 20:04 0275  F8DFP          599  599  14                     3   3523.5
 80CW  26-Nov-22 20:04 0276  SP7CF          599  599  15                     3   3522.7
 80CW  26-Nov-22 20:06 0277  YT3D           599  599  15                     3   3522.4
 80CW  26-Nov-22 20:08 0278  OT7T           599  599  14                     3   3520.4
 80CW  26-Nov-22 20:11 0279  II9P           599  599  15            IT9      3   3519.9
 80CW  26-Nov-22 20:12 0280  TM7A           599  599  14                     3   3519.4
 80CW  26-Nov-22 20:15 0281  OK2TJ          599  599  15                     3   3518.0
 80CW  26-Nov-22 20:15 0282  OM7M           599  599  15                     3   3517.8
 80CW  26-Nov-22 20:18 0283  OR1Z           599  599  14                     3   3516.9
 80CW  26-Nov-22 20:20 0284  HB9HTF         599  599  14            HB       3   3514.7
 80CW  26-Nov-22 20:21 0285  IB9T           599  599  15                     3   3514.4
 80CW  26-Nov-22 20:22 0286  HG8R           599  599  15                     3   3513.2
 80CW  26-Nov-22 20:22 0287  OH1F           599  599  15                     3   3512.5
 80CW  26-Nov-22 20:25 0288  HB9TOC         599  599  14                     3   3512.1
 80CW  26-Nov-22 20:27 0289  9A1AA          599  599  15                     3   3510.5
 80CW  26-Nov-22 20:27 0290  TM6M           599  599  14                     3   3510.1
 80CW  26-Nov-22 20:28 0291  OL0W           599  599  15                     3   3509.5
 80CW  26-Nov-22 20:31 0292  UT5EL          599  599  16                     3   3507.2
 80CW  26-Nov-22 20:32 0293  YL2SM          599  599  15                     3   3506.8
 80CW  26-Nov-22 20:32 0294  ES7A           599  599  15            ES       3   3506.2
 80CW  26-Nov-22 20:34 0295  OM6AL          599  599  15                     3   3504.3
 80CW  26-Nov-22 20:35 0296  RU1A           599  599  16            UA       3   3502.0
160CW  26-Nov-22 20:36 0297  PA5KT          599  599  14            PA       3   1811.1
160CW  26-Nov-22 20:38 0298  HA8BE          599  599  15            HA       3   1812.6
160CW  26-Nov-22 20:39 0299  9A1A           599  599  15            9A       3   1814.1
160CW  26-Nov-22 20:40 0300  F5IN           599  599  14                     3   1815.2
160CW  26-Nov-22 20:40 0301  S53O           599  599  15                     3   1815.8
160CW  26-Nov-22 20:42 0302  RG2A           599  599  16            UA   16  3   1817.6
160CW  26-Nov-22 20:44 0303  F6EZV          599  599  14                     3   1821.8
160CW  26-Nov-22 20:48 0304  YT3D           599  599  15            YU       3   1824.4
160CW  26-Nov-22 20:50 0305  HB9CA          599  599  14            HB       3   1825.8
160CW  26-Nov-22 20:52 0306  OL3Z           599  599  15                     3   1829.6
160CW  26-Nov-22 20:53 0307  SM2U           599  599  14                     3   1830.5
160CW  26-Nov-22 20:54 0308  YL3FT          599  599  15            YL       3   1832.0
160CW  26-Nov-22 20:55 0309  OH1F           599  599  15            OH       3   1833.7
160CW  26-Nov-22 20:56 0310  OT1A           599  599  14            ON       3   1834.1
160CW  26-Nov-22 20:58 0311  OZ3SM          599  599  14            OZ       3   1836.0
160CW  26-Nov-22 20:58 0312  OM5NL          599  599  15            OM       3   1836.5
160CW  26-Nov-22 20:59 0313  OM7K           599  599  15                     3   1837.3
160CW  26-Nov-22 21:00 0314  EU4CK          599  599  16            EU       3   1838.9
160CW  26-Nov-22 21:23 0315  EI5KF          599  599  14            EI       3   1839.5
160CW  26-Nov-22 21:32 0316  SF1Z           599  599  14                     3   1838.3
160CW  26-Nov-22 21:38 0317  9A2AJ          599  599  15                     3   1836.3
160CW  26-Nov-22 21:42 0318  HG8R           599  599  15                     3   1834.2
160CW  26-Nov-22 21:45 0319  SM3EVR         599  599  14                     3   1832.4
160CW  26-Nov-22 21:48 0320  YT5A           599  599  15                     3   1831.7
 40CW  26-Nov-22 21:57 0321  VY2TT          599  599  05            VE   05  5   7068.8
 40CW  26-Nov-22 22:01 0322  SZ1A           599  599  20            SV       3   7066.4
 40CW  26-Nov-22 22:04 0323  K1ESE          599  599  05            K        5   7063.7
 40CW  26-Nov-22 22:08 0324  UK9AA          599  599  17            UK       5   7062.0
 40CW  26-Nov-22 22:16 0325  W1KM           599  599  05                     5   7052.9
 40CW  26-Nov-22 22:20 0326  RL5A           599  599  16                     3   7050.5
 40CW  26-Nov-22 22:21 0327  UT0RS          599  599  16            UR       3   7047.9
 40CW  26-Nov-22 22:22 0328  RT6A           599  599  16                     3   7047.2
 40CW  26-Nov-22 22:23 0329  RT4F           599  599  16                     3   7046.3
 40CW  26-Nov-22 22:24 0330  EA8RM          599  599  33            EA8      5   7040.6
 40CW  26-Nov-22 22:28 0331  LZ5R           599  599  20            LZ       3   7036.4
 40CW  26-Nov-22 22:29 0332  II9P           599  599  15                     3   7033.4
 40CW  26-Nov-22 22:29 0333  UW1M           599  599  16                     3   7026.9
 40CW  26-Nov-22 22:30 0334  UT7CR          599  599  16                     3   7022.4
 40CW  26-Nov-22 22:31 0335  R2AA           599  599  16                     3   7020.5
 40CW  26-Nov-22 22:32 0336  UP0L           599  599  17                     5   7019.8
160CW  26-Nov-22 22:38 0337  YU1JW          599  599  15                     3   1817.4
160CW  26-Nov-22 22:39 0338  IY3A           599  599  15            I        3   1818.6
160CW  26-Nov-22 22:40 0339  ON7PQ          599  599  14                     3   1819.5
160CW  26-Nov-22 22:42 0340  YL2VW          599  599  15                     3   1822.7
160CW  26-Nov-22 22:43 0341  TK0C           599  599  15            TK       3   1822.3
160CW  26-Nov-22 22:45 0342  OK7O           599  599  15                     3   1824.0
160CW  26-Nov-22 22:48 0343  LZ9W           599  599  20            LZ   20  3   1824.5
160CW  26-Nov-22 22:48 0344  PA6T           599  599  14                     3   1826.8
160CW  26-Nov-22 22:49 0345  OK6Y           599  599  15                     3   1827.3
160CW  26-Nov-22 22:50 0346  OK2EA          599  599  15                     3   1829.0
160CW  26-Nov-22 22:51 0347  HB9IJC         599  599  14                     3   1829.5
160CW  26-Nov-22 22:53 0348  OH5Z           599  599  15                     3   1830.1
160CW  26-Nov-22 22:53 0349  HA3DX          599  599  15                     3   1830.4
160CW  26-Nov-22 22:54 0350  RX3APM         599  599  16                     3   1831.3
160CW  26-Nov-22 22:58 0351  CR3DX          599  599  33            CT3  33  5   1811.1
160CW  26-Nov-22 22:59 0352  EF2X           599  599  14            EA       3   1820.8
 10CW  27-Nov-22 08:44 0353  RT4G           599  599  16                     3  28013.4
 10CW  27-Nov-22 11:19 0354  4L8A           599  599  21            4L   21  5  28019.1
 10CW  27-Nov-22 11:21 0355  UN3M           599  599  17            UN   17  5  28066.6
 10CW  27-Nov-22 11:23 0356  CN3A           599  599  33            CN       5  28066.0
 10CW  27-Nov-22 11:25 0357  D4L            599  599  35            D4   35  5  28063.1
 10CW  27-Nov-22 11:55 0358  UA4M           599  599  16                     3  28030.7
 10CW  27-Nov-22 11:57 0359  YU0T           599  599  15            YU   15  3  28018.6
 10CW  27-Nov-22 11:57 0360  YT1X           599  599  15                     3  28000.1
 10CW  27-Nov-22 11:59 0361  DH8BQA         599  599  14            DL       2  28003.0
 10CW  27-Nov-22 12:04 0362  EF8BBM         599  599  33                     5  28043.5
 15CW  27-Nov-22 12:12 0363  TC3X           599  599  20                     5  21092.1
 15CW  27-Nov-22 12:12 0364  LZ7J           599  599  20                     3  21087.0
 15CW  27-Nov-22 12:15 0365  IB9O           599  599  15                     3  21072.0
 15CW  27-Nov-22 12:16 0366  EC7C           599  599  14                     3  21071.5
 15CW  27-Nov-22 12:16 0367  UA4M           599  599  16                     3  21071.0
 15CW  27-Nov-22 12:20 0368  UX0FF          599  599  16                     3  21067.6
 15CW  27-Nov-22 12:22 0369  EW5A           599  599  16                     3  21065.1
 15CW  27-Nov-22 12:27 0370  V26K           599  599  08            V2   08  5  21068.2
 15CW  27-Nov-22 12:28 0371  EB7A           599  599  14                     3  21062.5
 15CW  27-Nov-22 12:28 0372  RL3A           599  599  16                     3  21061.3
 15CW  27-Nov-22 12:29 0373  LZ5R           599  599  20                     3  21058.1
 15CW  27-Nov-22 12:31 0374  NN7CW          599  599  05                     5  21053.2
 15CW  27-Nov-22 12:32 0375  LZ1KIS         599  599  20                     3  21049.0
 15CW  27-Nov-22 12:33 0376  OH8L           599  599  15                     3  21048.4
 15CW  27-Nov-22 12:34 0377  HA5JI          599  599  15            HA       3  21046.4
 15CW  27-Nov-22 12:35 0378  OH5Z           599  599  15                     3  21045.8
 15CW  27-Nov-22 12:36 0379  YT0Z           599  599  15            YU       3  21044.0
 15CW  27-Nov-22 12:37 0380  WG3J           599  599  05                     5  21041.7
 15CW  27-Nov-22 12:39 0381  YT9A           599  599  15                     3  21033.6
 15CW  27-Nov-22 12:39 0382  PJ4K           599  599  09            PJ4      5  21033.3
 15CW  27-Nov-22 12:41 0383  WP4WW          599  599  08            KP4      5  21032.4
 15CW  27-Nov-22 12:41 0384  YT5A           599  599  15                     3  21032.0
 15CW  27-Nov-22 12:46 0385  R5AJ           599  599  16                     3  21027.8
 15CW  27-Nov-22 12:50 0386  EU8U           599  599  16                     3  21024.1
 15CW  27-Nov-22 12:51 0387  CR6K           599  599  14                     3  21021.4
 15CW  27-Nov-22 12:52 0388  W3LPL          599  599  05                     5  21024.9
 15CW  27-Nov-22 12:53 0389  RM2U           599  599  16                     3  21014.8
 15CW  27-Nov-22 12:55 0390  TA2DA          599  599  20                     5  21013.5
 15CW  27-Nov-22 12:56 0391  W4NF           599  599  05                     5  21011.1
 15CW  27-Nov-22 12:57 0392  N5DX           599  599  05                     5  21010.8
 15CW  27-Nov-22 12:58 0393  RV3ZN          599  599  16                     3  21010.1
 15CW  27-Nov-22 12:59 0394  K1TTT          599  599  05                     5  21008.8
 15CW  27-Nov-22 13:52 0395  4X6FR          599  599  20                     5  21008.0
 10CW  27-Nov-22 13:55 0396  K1RX           599  599  05            K    05  5  28067.6
 10CW  27-Nov-22 13:55 0397  N1UR           599  599  05                     5  28067.1
 10CW  27-Nov-22 13:58 0398  K1DG           599  599  05                     5  28063.0
 10CW  27-Nov-22 14:01 0399  NR3X           599  599  05                     5  28059.0
 10CW  27-Nov-22 14:01 0400  KU2C           599  599  05                     5  28057.7
 10CW  27-Nov-22 14:03 0401  K3LR           599  599  05                     5  28053.8
 10CW  27-Nov-22 14:06 0402  K4ZW           599  599  05                     5  28042.6
 10CW  27-Nov-22 14:08 0403  W2CG           599  599  05                     5  28037.9
 10CW  27-Nov-22 14:08 0404  W1QK           599  599  05                     5  28038.3
 10CW  27-Nov-22 14:11 0405  VE3EJ          599  599  04            VE   04  5  28037.5
 15CW  27-Nov-22 15:58 0406  KT5V/1         599  599  05                     5  21109.5
 15CW  27-Nov-22 15:59 0407  VY2TT          599  599  05            VE       5  21107.6
 15CW  27-Nov-22 16:02 0408  WB9Z           599  599  04                     5  21092.4
 15CW  27-Nov-22 16:05 0409  CR5O           599  599  14                     3  21058.5
 20CW  27-Nov-22 16:11 0410  CR3W           599  599  33                     0  14063.0
 20CW  27-Nov-22 16:13 0411  LZ1QV          599  599  20                     3  14060.4
 20CW  27-Nov-22 16:16 0412  LZ1RW          599  599  20                     3  14058.6
 20CW  27-Nov-22 16:17 0413  EA3IN          599  599  14                     3  14056.9
 20CW  27-Nov-22 16:17 0414  IR9R           599  599  15                     3  14055.2
 20CW  27-Nov-22 16:19 0415  ED8M           599  599  33            EA8      5  14046.0
 20CW  27-Nov-22 16:21 0416  EA4KD          599  599  14                     3  14043.2
 20CW  27-Nov-22 16:22 0417  TA2IJ          599  599  20            TA       5  14042.5
 20CW  27-Nov-22 16:23 0418  SV8OVJ         599  599  20                     3  14038.0
 20CW  27-Nov-22 16:24 0419  ED1R           599  599  14                     3  14036.9
 20CW  27-Nov-22 16:25 0420  II8M           599  599  15                     3  14034.0
 20CW  27-Nov-22 16:26 0421  C4W            599  599  20            5B       5  14031.1
 20CW  27-Nov-22 16:27 0422  S57Z           599  599  15                     3  14030.5
 20CW  27-Nov-22 16:28 0423  OK5Z           599  599  15            OK       3  14030.2
 20CW  27-Nov-22 16:29 0424  9A1A           599  599  15            9A       3  14029.4
 20CW  27-Nov-22 16:31 0425  SX9V           599  599  20            SV9      3  14023.5
 20CW  27-Nov-22 16:33 0426  EA5M           599  599  14                     3  14019.1
 20CW  27-Nov-22 16:41 0427  CR3DX          599  599  33                     5  14002.6
 40CW  27-Nov-22 16:49 0428  SM5DXR         599  599  14            SM       3   7058.0
 40CW  27-Nov-22 16:50 0429  TC3X           599  599  20            TA       5   7055.5
 40CW  27-Nov-22 16:51 0430  UW5Y           599  599  16                     3   7054.3
 40CW  27-Nov-22 16:53 0431  RA3RLJ         599  599  16                     3   7050.2
 40CW  27-Nov-22 16:54 0432  I1NVU          599  599  15                     3   7046.4
 40CW  27-Nov-22 16:58 0433  SM6M           599  599  14                     3   7045.5
 40CW  27-Nov-22 17:20 0434  HA7UI          599  599  15                     3   7036.3
 40CW  27-Nov-22 17:21 0435  LZ9W           599  599  20                     3   7033.0
 40CW  27-Nov-22 17:22 0436  GM0AZC         599  599  14                     3   7030.0
 40CW  27-Nov-22 17:23 0437  GI5I           599  599  14            GI       3   7029.6
 40CW  27-Nov-22 17:24 0438  Z35U           599  599  15            Z3       3   7029.3
 40CW  27-Nov-22 17:28 0439  YT7X           599  599  15                     3   7028.6
 40CW  27-Nov-22 17:29 0440  9A1A           599  599  15            9A       3   7028.0
 40CW  27-Nov-22 17:30 0441  SP4Z           599  599  15                     3   7027.2
 40CW  27-Nov-22 17:31 0442  OH1VR          599  599  15                     3   7027.0
 40CW  27-Nov-22 17:33 0443  EU1A           599  599  16                     3   7023.0
 40CW  27-Nov-22 17:34 0444  UI6D           599  599  16                     3   7022.6
 40CW  27-Nov-22 17:35 0445  IK7XJA         599  599  15                     3   7022.1
 40CW  27-Nov-22 17:38 0446  R5FQ           599  599  16                     3   7019.6
 40CW  27-Nov-22 17:39 0447  LY1M           599  599  15                     3   7017.5
 40CW  27-Nov-22 17:40 0448  LZ5M           599  599  20                     3   7016.3
 40CW  27-Nov-22 17:41 0449  SJ2W           599  599  14                     3   7015.3
 40CW  27-Nov-22 17:43 0450  EA2NN          599  599  14                     3   7011.4
 40CW  27-Nov-22 17:43 0451  YQ6A           599  599  20                     3   7008.7
 40CW  27-Nov-22 17:44 0452  IS0AFM         599  599  15            IS       3   7008.3
 40CW  27-Nov-22 17:45 0453  SQ5VCO         599  599  15                     3   7006.1
 40CW  27-Nov-22 17:46 0454  YL2SM          599  599  15                     3   7005.8
 40CW  27-Nov-22 17:47 0455  HA3DX          599  599  15                     3   7004.5
 40CW  27-Nov-22 17:48 0456  S50G           599  599  15                     3   7002.1
 40CW  27-Nov-22 17:51 0457  EA7/G4BJM      599  599  14                     3   7001.1
 40CW  27-Nov-22 17:51 0458  TK0C           599  599  15            TK       3   7064.0
 40CW  27-Nov-22 17:52 0459  YO3JW          599  599  20                     3   7061.3
 40CW  27-Nov-22 17:53 0460  F5KLE          599  599  14                     3   7055.7
 40CW  27-Nov-22 17:54 0461  IV3EAD         599  599  15                     3   7053.1
 40CW  27-Nov-22 17:54 0462  IK0YVV         599  599  15                     3   7051.5
 40CW  27-Nov-22 17:55 0463  I2WIJ          599  599  15                     3   7051.1
 80CW  27-Nov-22 21:58 0464  SP4AWE         599  599  15                     3   3536.8
 80CW  27-Nov-22 21:58 0465  SN1T           599  599  15                     3   3536.6
 80CW  27-Nov-22 21:59 0466  SA6NIA         599  599  14                     3   3535.7
 80CW  27-Nov-22 22:00 0467  SP2FAP         599  599  15                     3   3535.0
 80CW  27-Nov-22 22:00 0468  YL3FW          599  599  15                     3   3534.8
 80CW  27-Nov-22 22:03 0469  MM2N           599  599  14            GM       3   3533.9
 80CW  27-Nov-22 22:04 0470  LY2MM          599  599  15                     3   3533.5
 80CW  27-Nov-22 22:05 0471  YT7X           599  599  15                     3   3532.9
 80CW  27-Nov-22 22:06 0472  SK0QO          599  599  14                     3   3532.6
 80CW  27-Nov-22 22:07 0473  OK1HCG         599  599  15                     3   3530.7
 80CW  27-Nov-22 22:08 0474  LZ5XQ          599  599  20                     3   3530.2
 80CW  27-Nov-22 22:10 0475  F8DGY          599  599  14                     3   3527.3
 80CW  27-Nov-22 22:11 0476  EF2X           599  599  14            EA       3   3526.4
 80CW  27-Nov-22 22:11 0477  GM5X           599  599  14                     3   3525.5
 80CW  27-Nov-22 22:12 0478  SP2GMA         599  599  15                     3   3525.1
 80CW  27-Nov-22 22:12 0479  SN5N           599  599  15                     3   3524.6
 80CW  27-Nov-22 22:13 0480  HG7T           599  599  15                     3   3524.1
 80CW  27-Nov-22 22:14 0481  OM4Q           599  599  15                     3   3519.8
 80CW  27-Nov-22 22:14 0482  OH5Z           599  599  15                     3   3516.6
 80CW  27-Nov-22 22:15 0483  OZ5E           599  599  14                     3   3516.1
 80CW  27-Nov-22 22:16 0484  OK2EA          599  599  15                     3   3514.7
 80CW  27-Nov-22 22:18 0485  OM8AA          599  599  15                     3   3512.9
 80CW  27-Nov-22 22:19 0486  OM5CM          599  599  15                     3   3512.5
 80CW  27-Nov-22 22:20 0487  HA7UI          599  599  15                     3   3511.3
 80CW  27-Nov-22 22:23 0488  9A8M           599  599  15                     3   3510.3
 80CW  27-Nov-22 22:24 0489  SP3CW          599  599  15                     3   3508.5
 80CW  27-Nov-22 22:26 0490  IK8UND         599  599  15                     3   3507.0
 80CW  27-Nov-22 22:27 0491  LY5W           599  599  15                     3   3506.4
 80CW  27-Nov-22 22:28 0492  YP0K           599  599  20                     3   3505.3
 80CW  27-Nov-22 22:29 0493  SX9V           599  599  20            SV9      3   3502.0
 80CW  27-Nov-22 22:29 0494  PI4CC          599  599  14                     3   3501.7
 80CW  27-Nov-22 22:30 0495  EA4URE         599  599  14                     3   3500.8
 80CW  27-Nov-22 22:30 0496  4L/LY4ZZ       599  599  21            4L   21  5   3500.5
160CW  27-Nov-22 22:31 0497  OL7D           599  599  15                     3   1838.6
160CW  27-Nov-22 22:33 0498  M0NDZ          599  599  14                     3   1838.0
160CW  27-Nov-22 22:35 0499  HB9AWS         599  599  14                     3   1836.0
160CW  27-Nov-22 22:37 0500  MM0ZBH         599  599  14            GM       3   1833.5
160CW  27-Nov-22 22:40 0501  SK0QO          599  599  14                     3   1832.0
160CW  27-Nov-22 22:42 0502  IB1D           599  599  15            IT9      3   1831.3
160CW  27-Nov-22 22:42 0503  ED1R           599  599  14                     3   1831.0
160CW  27-Nov-22 22:48 0504  OK1HCG         599  599  15                     3   1830.4
160CW  27-Nov-22 22:49 0505  S52F           599  599  15                     3   1830.0
160CW  27-Nov-22 22:50 0506  GM3X           599  599  14                     3   1829.0
160CW  27-Nov-22 22:52 0507  I1NVU          599  599  15                     3   1828.5
160CW  27-Nov-22 22:52 0508  HG1W           599  599  15                     3   1828.0
160CW  27-Nov-22 22:54 0509  HA0HV          599  599  15                     3   1822.5
160CW  27-Nov-22 22:54 0510  MJ0X           599  599  14            GJ       3   1822.1
160CW  27-Nov-22 22:55 0511  LA4C           599  599  14                     3   1820.9
160CW  27-Nov-22 22:56 0512  CN3A           599  599  33            CN       5   1817.0
 80CW  27-Nov-22 22:58 0513  CR3W           599  599  33            CT3      5   3550.9
160CW  27-Nov-22 23:02 0514  CR3W           599  599  33                     5   1815.9
