 20CW  09-Jul-22 17:16 0001  Z30HQ          599  599  RSM           Z3       3  14065.0
 20CW  09-Jul-22 17:17 0002  UA9AX          599  599  30            UA9  30  5  14062.5
 20CW  09-Jul-22 17:18 0003  JH4UYB         599  599  45            JA   45  5  14060.6
 20CW  09-Jul-22 17:18 0004  JH4UTP         599  599  45                     5  14059.6
 20CW  09-Jul-22 17:20 0005  LA8OM          599  599  18            LA   18  3  14058.3
 20CW  09-Jul-22 17:21 0006  R1LN           599  599  29            UA   29  3  14057.8
 20CW  09-Jul-22 17:23 0007  R3BC           599  599  29                     3  14055.0
 20CW  09-Jul-22 17:24 0008  S57DX          599  599  28            S5   28  3  14051.4
 20CW  09-Jul-22 17:25 0009  R4WDX          599  599  30                     3  14049.9
 20CW  09-Jul-22 17:25 0010  C4HQ           599  599  CARS          5B       5  14047.7
 20CW  09-Jul-22 17:29 0011  LZ3V           599  599  28            LZ       3  14044.7
 20CW  09-Jul-22 17:30 0012  RW4W           599  599  30                     3  14043.7
 20CW  09-Jul-22 17:31 0013  E7HQ           599  599  BA            E7       3  14042.9
 20CW  09-Jul-22 17:33 0014  RW0AJ          599  599  32                 32  5  14038.7
 20CW  09-Jul-22 17:34 0015  R8TT           599  599  30                     5  14037.6
 20CW  09-Jul-22 17:35 0016  OH2HQ          599  599  SRAL          OH       3  14037.1
 20CW  09-Jul-22 17:38 0017  BG5TOX         599  599  44            BY   44  5  14036.5
 20CW  09-Jul-22 17:39 0018  HA5AQ          599  599  28            HA       3  14036.0
 20CW  09-Jul-22 17:40 0019  HG8A           599  599  28                     3  14034.9
 20CW  09-Jul-22 17:41 0020  HG6N           599  599  28                     3  14033.6
 20CW  09-Jul-22 17:41 0021  UA4S           599  599  29                     3  14033.0
 20CW  09-Jul-22 17:43 0022  R4HQ           599  599  SRR                    3  14032.6
 20CW  09-Jul-22 17:44 0023  SN7Q           599  599  28            SP       3  14031.3
 20CW  09-Jul-22 17:44 0024  OZ1HQ          599  599  EDR           OZ       3  14030.7
 20CW  09-Jul-22 17:45 0025  TM0HQ          599  599  REF           F        3  14029.8
 20CW  09-Jul-22 17:46 0026  RM9I           599  599  31                 31  5  14029.2
 20CW  09-Jul-22 17:46 0027  R8CT           599  599  30                     5  14028.6
 20CW  09-Jul-22 17:47 0028  9A0HQ          599  599  HRS           9A       3  14028.4
 20CW  09-Jul-22 17:47 0029  RT9A           599  599  30                     5  14027.6
 20CW  09-Jul-22 17:49 0030  IO5HQ          599  599  ARI           I        3  14026.9
 20CW  09-Jul-22 17:49 0031  YT0HQ          599  599  SRS           YU       3  14026.0
 20CW  09-Jul-22 17:53 0032  SN0HQ          599  599  PZK                    3  14023.0
 20CW  09-Jul-22 17:54 0033  LZ0HQ          599  599  BFRA                   3  14020.0
 20CW  09-Jul-22 17:55 0034  HG7T           599  599  28                     3  14018.9
 20CW  09-Jul-22 17:56 0035  RA5AD          599  599  29                     3  14018.0
 20CW  09-Jul-22 17:57 0036  YR0HQ          599  599  FRR           YO       3  14017.2
 20CW  09-Jul-22 18:00 0037  R4KO           599  599  29                     3  14015.7
 20CW  09-Jul-22 18:01 0038  RK3ER          599  599  29                     3  14014.2
 20CW  09-Jul-22 18:03 0039  4U9A           599  599  28                     3  14013.8
 20CW  09-Jul-22 18:04 0040  EF4HQ          599  599  URE           EA       3  14012.9
 20CW  09-Jul-22 18:04 0041  EC5K           599  599  37                 37  3  14009.0
 10CW  09-Jul-22 18:06 0042  R3LC           599  599  29            UA   29  3  28048.6
 10CW  09-Jul-22 18:07 0043  SD0N           599  599  18            SM   18  3  28046.0
 10CW  09-Jul-22 18:08 0044  R1FB           599  599  29                     3  28041.4
 10CW  09-Jul-22 18:08 0045  OZ1HQ          599  599  EDR           OZ       3  28040.9
 10CW  09-Jul-22 18:09 0046  IO9HQ          599  599  ARI           IT9      3  28038.1
 10CW  09-Jul-22 18:09 0047  SD1A           599  599  18                     3  28037.7
 10CW  09-Jul-22 18:10 0048  EF4HQ          599  599  URE           EA       3  28037.0
 10CW  09-Jul-22 18:10 0049  SM0HRP         599  599  18                     3  28035.7
 10CW  09-Jul-22 18:11 0050  OH2HQ          599  599  SRAL          OH       3  28033.5
 10CW  09-Jul-22 18:12 0051  RL5A           599  599  29                     3  28026.9
 10CW  09-Jul-22 18:13 0052  SM6CUK         599  599  18                     3  28026.4
 10CW  09-Jul-22 18:13 0053  RU9LA          599  599  30            UA9  30  5  28025.5
 10CW  09-Jul-22 18:14 0054  RN9C           599  599  30                     5  28025.0
 10CW  09-Jul-22 18:17 0055  IT9KCD         599  599  28                 28  3  28023.5
 10CW  09-Jul-22 18:18 0056  ES4RD          599  599  29            ES       3  28020.5
 10CW  09-Jul-22 18:19 0057  SM5CSS         599  599  18                     3  28018.4
 10CW  09-Jul-22 18:19 0058  GR2HQ          599  599  RSGB          G        3  28018.0
 10CW  09-Jul-22 18:20 0059  R6HQ           599  599  SRR                    3  28017.0
 10CW  09-Jul-22 18:26 0060  LY9Y           599  599  29            LY       3  28007.6
 10CW  09-Jul-22 18:30 0061  R8CT           599  599  30                     5  28010.0
 15CW  09-Jul-22 18:35 0062  PY1DX          599  599  15            PY   15  5  21066.9
 15CW  09-Jul-22 18:36 0063  P3AA           599  599  39            5B   39  5  21065.6
 15CW  09-Jul-22 18:37 0064  ZY8AM          599  599  12                 12  5  21064.6
 15CW  09-Jul-22 18:39 0065  SD1A           599  599  18            SM   18  3  21048.6
 15CW  09-Jul-22 18:40 0066  SM0HRP         599  599  18                     3  21043.8
 15CW  09-Jul-22 18:44 0067  UA5L           599  599  29            UA   29  3  21034.3
 15CW  09-Jul-22 18:50 0068  EF8BBM         599  599  36            EA8  36  5  21031.2
 15CW  09-Jul-22 18:52 0069  LT4RCA         599  599  RCA           LU       5  21030.5
 15CW  09-Jul-22 18:53 0070  SN0HQ          599  599  PZK           SP       3  21029.9
 15CW  09-Jul-22 18:53 0071  R6HQ           599  599  SRR                    3  21029.0
 15CW  09-Jul-22 18:57 0072  EW5A           599  599  29            EU       3  21022.7
 15CW  09-Jul-22 18:58 0073  TM0HQ          599  599  REF           F        3  21016.7
 15CW  09-Jul-22 18:59 0074  YR0HQ          599  599  FRR           YO       3  21013.5
 15CW  09-Jul-22 19:00 0075  LY2XW          599  599  29            LY       3  21010.3
 15CW  09-Jul-22 19:01 0076  SN5Y           599  599  28                 28  3  21007.9
 15CW  09-Jul-22 19:03 0077  LZ0HQ          599  599  BFRA          LZ       3  21003.1
 15CW  09-Jul-22 19:08 0078  OH2HQ          599  599  SRAL          OH       3  21001.3
160CW  09-Jul-22 19:08 0079  DA0HQ          599  599  DARC          DL       2   1832.0
160CW  09-Jul-22 19:09 0080  GR2HQ          599  599  RSGB          G        3   1823.3
160CW  09-Jul-22 19:10 0081  TM0HQ          599  599  REF           F        3   1820.5
160CW  09-Jul-22 19:10 0082  PA6HQ          599  599  VERON         PA       3   1827.0
160CW  09-Jul-22 19:56 0083  DL8QS          599  599  28                 28  2   1812.0
160CW  09-Jul-22 19:57 0084  S50HQ          599  599  ZRS           S5       3   1819.0
160CW  09-Jul-22 20:01 0085  IO2HQ          599  599  ARI           I        3   1837.0
 10CW  09-Jul-22 20:02 0086  E7HQ           599  599  BA            E7       3  28030.3
 10CW  09-Jul-22 20:04 0087  YR0HQ          599  599  FRR           YO       3  28010.6
 10CW  09-Jul-22 20:05 0088  HG1S           599  599  28            HA       3  28011.2
 10CW  09-Jul-22 20:06 0089  YT0HQ          599  599  SRS           YU       3  28022.1
 15CW  09-Jul-22 20:08 0090  LY2TS          599  599  29                     3  21061.0
 15CW  09-Jul-22 20:08 0091  LU7HN          599  599  14                 14  5  21060.0
 15CW  09-Jul-22 20:12 0092  OE0HQ          599  599  OV            OE       3  21056.5
 15CW  09-Jul-22 20:13 0093  EE5K           599  599  37            EA   37  3  21053.9
 15CW  09-Jul-22 20:16 0094  PY2NA          599  599  15                     5  21053.2
 15CW  09-Jul-22 20:17 0095  IO9HQ          599  599  ARI           IT9      3  21049.1
 15CW  09-Jul-22 20:18 0096  E7HQ           599  599  BA            E7       3  21047.9
 15CW  09-Jul-22 20:19 0097  EA1DAV         599  599  37                     3  21044.0
 15CW  09-Jul-22 20:21 0098  IK2AVH         599  599  28            I        3  21040.1
 15CW  09-Jul-22 20:21 0099  LN2HQ          599  599  NRRL          LA       3  21037.5
 15CW  09-Jul-22 20:23 0100  9A0HQ          599  599  HRS           9A       3  21036.6
 15CW  09-Jul-22 20:25 0101  CR3DX          599  599  36            CT3      5  21032.4
 15CW  09-Jul-22 20:28 0102  IR7T           599  599  28                     3  21027.1
 15CW  09-Jul-22 20:30 0103  HA5AQ          599  599  28            HA       3  21023.3
 15CW  09-Jul-22 20:31 0104  HA9RT          599  599  28                     3  21021.6
 15CW  09-Jul-22 20:31 0105  EC5K           599  599  37                     3  21021.0
 15CW  09-Jul-22 20:32 0106  YT9A           599  599  28            YU       3  21019.6
 15CW  09-Jul-22 20:32 0107  YT0HQ          599  599  SRS                    3  21018.0
 15CW  09-Jul-22 20:34 0108  S50HQ          599  599  ZRS           S5       3  21015.3
 15CW  09-Jul-22 20:36 0109  KP2M           599  599  11            KP2  11  5  21005.6
 15CW  09-Jul-22 20:37 0110  9A5Y           599  599  28                     3  21000.9
 40CW  09-Jul-22 20:38 0111  IR4X           599  599  28            I    28  3   7044.3
 40CW  09-Jul-22 20:38 0112  LY5W           599  599  29            LY   29  3   7043.5
 40CW  09-Jul-22 20:39 0113  DL3JAN         599  599  28            DL       2   7042.1
 40CW  09-Jul-22 20:39 0114  SP4W           599  599  28            SP       3   7041.4
 40CW  09-Jul-22 20:41 0115  OH2KW          599  599  18            OH   18  3   7038.3
 40CW  09-Jul-22 20:41 0116  DL0UM          599  599  28                     2   7037.7
 40CW  09-Jul-22 20:42 0117  IO1HQ          599  599  ARI                    3   7037.1
 40CW  09-Jul-22 20:42 0118  DL3GA          599  599  28                     2   7036.7
 40CW  09-Jul-22 20:44 0119  UP4L           599  599  30            UN   30  5   7034.4
 40CW  09-Jul-22 20:45 0120  PA3AAV         599  599  27            PA   27  3   7034.0
 40CW  09-Jul-22 20:46 0121  PA3DBS         599  599  27                     3   7033.6
 40CW  09-Jul-22 20:47 0122  R3ZZ           599  599  29            UA       3   7033.0
 40CW  09-Jul-22 20:48 0123  RV1CC          599  599  29                     3   7032.6
 40CW  09-Jul-22 20:49 0124  RN9C           599  599  30            UA9      5   7031.8
 40CW  09-Jul-22 20:50 0125  9A22Y          599  599  28            9A       3   7031.5
 40CW  09-Jul-22 20:54 0126  EF4HQ          599  599  URE           EA       3   7030.4
 40CW  09-Jul-22 20:55 0127  DL4ME          599  599  28                     2   7029.6
 40CW  09-Jul-22 20:56 0128  PA6HQ          599  599  VERON                  3   7029.1
 40CW  09-Jul-22 20:57 0129  OM2HQ          599  599  SARA          OM       3   7028.6
 40CW  09-Jul-22 20:57 0130  DA0HQ          599  599  DARC                   2   7027.9
 40CW  09-Jul-22 20:58 0131  SN7X           599  599  28                     3   7027.4
 40CW  09-Jul-22 20:59 0132  YR0HQ          599  599  FRR           YO       3   7027.0
 40CW  09-Jul-22 20:59 0133  E7HQ           599  599  BA            E7       3   7026.5
 40CW  09-Jul-22 21:00 0134  LA8OM          599  599  18            LA       3   7025.3
 40CW  09-Jul-22 21:01 0135  HG0HQ          599  599  SARA          HA       3   7024.8
 40CW  09-Jul-22 21:03 0136  R1TE           599  599  29                     3   7024.2
 40CW  09-Jul-22 21:05 0137  LZ0HQ          599  599  BFRA          LZ       3   7023.7
 40CW  09-Jul-22 21:06 0138  SN0HQ          599  599  PZK                    3   7022.9
 40CW  09-Jul-22 21:07 0139  DL6AG          599  599  28                     2   7022.5
 40CW  09-Jul-22 21:07 0140  S51DX          599  599  28            S5       3   7021.2
 40CW  09-Jul-22 21:08 0141  UP0L           599  599  30                     5   7020.6
 40CW  09-Jul-22 21:08 0142  RC9A           599  599  30                     5   7020.0
 40CW  09-Jul-22 21:09 0143  OZ1HQ          599  599  EDR           OZ       3   7019.6
 40CW  09-Jul-22 21:15 0144  ON7PQ          599  599  27            ON       3   7016.4
 40CW  09-Jul-22 21:15 0145  UA5L           599  599  29                     3   7015.8
 40CW  09-Jul-22 21:16 0146  HA8TP          599  599  28                     3   7014.8
 40CW  09-Jul-22 21:17 0147  HA0VI          599  599  28                     3   7014.4
 40CW  09-Jul-22 21:18 0148  TM0HQ          599  599  REF           F        3   7013.5
 40CW  09-Jul-22 21:18 0149  9A0HQ          599  599  HRS                    3   7013.2
 40CW  09-Jul-22 21:19 0150  GR2HQ          599  599  RSGB          G        3   7012.6
 40CW  09-Jul-22 21:19 0151  S50HQ          599  599  ZRS                    3   7012.0
 40CW  09-Jul-22 21:20 0152  IR2D           599  599  28                     3   7011.4
 40CW  09-Jul-22 21:21 0153  UA4S           599  599  29                     3   7010.7
 40CW  09-Jul-22 21:21 0154  YT0HQ          599  599  SRS           YU       3   7010.0
 40CW  09-Jul-22 21:22 0155  UA3WF          599  599  29                     3   7009.5
 40CW  09-Jul-22 21:26 0156  OP0HQ          599  599  UBA                    3   7008.0
 40CW  09-Jul-22 21:28 0157  LN2HQ          599  599  NRRL                   3   7007.6
 40CW  09-Jul-22 21:28 0158  OH0HQ          599  599  SRAL          OH0      3   7005.7
 40CW  09-Jul-22 21:30 0159  RA9P           599  599  31                 31  5   7005.1
 40CW  09-Jul-22 21:31 0160  4O3A           599  599  28            4O       3   7004.6
 40CW  09-Jul-22 21:31 0161  9A6M           599  599  28                     3   7004.1
 40CW  09-Jul-22 21:32 0162  YT1A           599  599  28                     3   7002.2
 80CW  09-Jul-22 21:33 0163  SP3HRN         599  599  28            SP   28  3   3550.5
 80CW  09-Jul-22 21:34 0164  EF4HQ          599  599  URE           EA       3   3550.0
 80CW  09-Jul-22 21:35 0165  DA2W           599  599  28            DL       2   3548.0
 80CW  09-Jul-22 21:35 0166  II3WRTC        599  599  28            I        3   3547.4
 80CW  09-Jul-22 21:36 0167  9A0HQ          599  599  HRS           9A       3   3544.0
 80CW  09-Jul-22 21:37 0168  OH1MM          599  599  18            OH   18  3   3543.1
 80CW  09-Jul-22 21:38 0169  OG7F           599  599  18                     3   3542.2
 80CW  09-Jul-22 21:41 0170  EU2F           599  599  29            EU   29  3   3540.0
 80CW  09-Jul-22 21:43 0171  EW8DX          599  599  29                     3   3536.3
 80CW  09-Jul-22 21:44 0172  EW2ES          599  599  29                     3   3535.2
 80CW  09-Jul-22 21:44 0173  IO1HQ          599  599  ARI                    3   3533.2
 80CW  09-Jul-22 21:45 0174  OZ1HQ          599  599  EDR           OZ       3   3532.5
160CW  09-Jul-22 21:47 0175  OP0HQ          599  599  UBA           ON       3   1835.7
160CW  09-Jul-22 21:54 0176  EF4HQ          599  599  URE           EA       3   1828.5
 80CW  10-Jul-22 08:48 0177  GR2HQ          599  599  RSGB          G        3   3521.0
 80CW  10-Jul-22 08:49 0178  TM0HQ          599  599  REF           F        3   3514.5
 80CW  10-Jul-22 08:49 0179  OP0HQ          599  599  UBA           ON       3   3511.0
 80CW  10-Jul-22 08:50 0180  DA0HQ          599  599  DARC                   2   3509.5
 80CW  10-Jul-22 08:51 0181  IO1HQ          599  599  ARI                    0   3533.8
 40CW  10-Jul-22 08:53 0182  DK7HA          599  599  28                     2   7001.4
 40CW  10-Jul-22 08:54 0183  SP2HMT         599  599  28                     3   7004.0
 40CW  10-Jul-22 08:58 0184  PI4CC          599  599  27                     3   7021.2
 10CW  10-Jul-22 09:01 0185  LZ6Y           599  599  28            LZ       3  28041.5
 10CW  10-Jul-22 09:03 0186  EA2W           599  599  37                 37  3  28033.1
 10CW  10-Jul-22 09:04 0187  OY1CT          599  599  FRA           OY       3  28029.1
 10CW  10-Jul-22 09:05 0188  EA3X           599  599  37                     3  28025.0
 10CW  10-Jul-22 09:30 0189  EW5A           599  599  29            EU       3  28020.4
 10CW  10-Jul-22 09:31 0190  LN2HQ          599  599  NRRL          LA       3  28017.2
 10CW  10-Jul-22 09:32 0191  RT9A           599  599  30                     5  28015.2
 10CW  10-Jul-22 09:35 0192  EA5IFY         599  599  37                     3  28043.5
 15CW  10-Jul-22 09:38 0193  RG2Y           599  599  29                     3  21006.5
 15CW  10-Jul-22 09:38 0194  EF4HQ          599  599  URE                    3  21007.6
 15CW  10-Jul-22 09:39 0195  UA4S           599  599  29                     3  21008.7
 15CW  10-Jul-22 09:39 0196  GR2HQ          599  599  RSGB          G        3  21013.2
 15CW  10-Jul-22 09:41 0197  EA2W           599  599  37                     3  21018.6
 15CW  10-Jul-22 09:41 0198  R8TT           599  599  30            UA9  30  5  21019.9
 15CW  10-Jul-22 09:42 0199  EA3X           599  599  37                     3  21023.1
 15CW  10-Jul-22 09:42 0200  HG0HQ          599  599  MRASZ                  3  21024.3
