 40CW  27-Jun-22 16:39 0001  SD6M           599  599  014           SM       3   7036.8
 40CW  27-Jun-22 16:40 0002  YL3JD          599  599  013           YL       3   7035.8
 40CW  27-Jun-22 16:41 0003  OK5M           599  599  018           OK       3   7036.2
 40CW  27-Jun-22 16:41 0004  OK2EA          599  599  014                    3   7036.2
 40CW  27-Jun-22 16:41 0005  SN1T           599  599  018           SP       3   7036.2
 40CW  27-Jun-22 16:43 0006  OM3WZ          599  599  018           OM       3   7036.2
 40CW  27-Jun-22 16:44 0007  SM9X           599  599  023                    3   7036.2
 40CW  27-Jun-22 16:45 0008  OK2SLS         599  599  012                    3   7036.2
 40CW  27-Jun-22 16:48 0009  OK2NAJ         599  599  016                    3   7035.5
 40CW  27-Jun-22 16:48 0010  DJ4MX          599  599  009           DL       2   7034.7
 40CW  27-Jun-22 16:49 0011  DL1NKS         599  599  041                    2   7034.4
 40CW  27-Jun-22 16:50 0012  SQ8LUV         599  599  020                    3   7034.0
 40CW  27-Jun-22 16:50 0013  OM4MW          599  599  042                    3   7031.9
 40CW  27-Jun-22 16:51 0014  DL70WOB        599  599  013                    2   7031.4
 40CW  27-Jun-22 16:52 0015  SE0B           599  599  033                    3   7030.6
 40CW  27-Jun-22 16:54 0016  OH1SIC         599  599  028           OH       3   7031.0
 40CW  27-Jun-22 16:56 0017  DJ3WE          599  599  037                    2   7029.5
 40CW  27-Jun-22 16:58 0018  DL1RTL         599  599  019                    2   7031.4
 40CW  27-Jun-22 17:00 0019  DK2FG          599  599  062                    2   7031.4
 40CW  27-Jun-22 17:02 0020  DR2C           599  599  059                    2   7031.4
 40CW  27-Jun-22 17:02 0021  OG6B           599  599  024                    3   7031.4
 40CW  27-Jun-22 17:03 0022  OL8R           599  599  008                    3   7031.4
 40CW  27-Jun-22 17:03 0023  M4N            599  599  040           G        3   7031.4
 40CW  27-Jun-22 17:05 0024  SM6S           599  599  020                    3   7031.4
 40CW  27-Jun-22 17:05 0025  S52W           599  599  095           S5       3   7031.4
 40CW  27-Jun-22 17:06 0026  SD6F           599  599  062                    3   7031.4
 40CW  27-Jun-22 17:07 0027  OM5TZ          599  599  043                    3   7031.4
 40CW  27-Jun-22 17:07 0028  HB9BXE         599  599  058           HB       3   7031.4
 40CW  27-Jun-22 17:08 0029  SD1A           599  599  059                    3   7031.4
 40CW  27-Jun-22 17:10 0030  E77EA          599  599  056           E7       3   7029.0
 40CW  27-Jun-22 17:11 0031  IN3FHE         599  599  043           I        3   7028.5
 40CW  27-Jun-22 17:12 0032  SP4TKR         599  599  022                    3   7027.6
 40CW  27-Jun-22 17:13 0033  SN7Q           599  599  090                    3   7024.3
 40CW  27-Jun-22 17:15 0034  OK1FMJ         599  599  021                    3   7037.9
 40CW  27-Jun-22 17:16 0035  HA5MA          599  599  062           HA       3   7032.6
 40CW  27-Jun-22 17:19 0036  PA3AAV         599  599  070           PA       3   7034.5
 40CW  27-Jun-22 17:20 0037  HA5BA          599  599  036                    3   7034.5
 40CW  27-Jun-22 17:22 0038  RX3QNE         599  599  049           UA       3   7031.7
 40CW  27-Jun-22 17:23 0039  PC4H           599  599  056                    3   7031.7
 40CW  27-Jun-22 17:26 0040  OK2WY          599  599  074                    3   7026.1
 40CW  27-Jun-22 17:27 0041  OM2KI          599  599  095                    3   7032.0
 40CW  27-Jun-22 17:29 0042  OK5D           599  599  078                    3   7033.1
