 80CW  30-Apr-22 20:40 0001  SP2R           599  599  472           SP       3   3535.6
 80CW  30-Apr-22 20:40 0002  HB9CVQ         599  599  378           HB       3   3533.0
 80CW  30-Apr-22 20:42 0003  ON6NL          599  599  319           ON       3   3531.7
 80CW  30-Apr-22 20:42 0004  9A1AA          599  599  302           9A       3   3530.8
 80CW  30-Apr-22 20:43 0005  LZ5XQ          599  599  030           LZ       3   3530.0
 80CW  30-Apr-22 20:43 0006  OK1OA          599  599  182           OK       3   3529.0
 80CW  30-Apr-22 20:46 0007  SN5N           599  599  325                    3   3523.6
 80CW  30-Apr-22 20:46 0008  DL8QS          599  599  312           DL       2   3522.4
 80CW  30-Apr-22 20:47 0009  EA1X           599  599  146           EA       3   3522.0
 80CW  30-Apr-22 20:48 0010  PA3ARM         599  599  063           PA       3   3521.7
 80CW  30-Apr-22 20:49 0011  S57KM          599  599  116           S5       3   3521.2
 80CW  30-Apr-22 20:50 0012  SP3CW          599  599  024                    3   3520.8
 80CW  30-Apr-22 20:53 0013  M2D            599  599  232NE         G        3   3519.8
 80CW  30-Apr-22 20:54 0014  SE0B           599  599  054           SM       3   3519.5
 80CW  30-Apr-22 20:55 0015  P3X            599  599  697           5B       5   3519.1
 80CW  30-Apr-22 20:56 0016  OH1TM          599  599  161           OH       3   3518.0
 80CW  30-Apr-22 20:59 0017  M8A            599  599  166BM                  3   3517.0
 80CW  30-Apr-22 21:00 0018  DL5KUD         599  599  226                    2   3516.5
 80CW  30-Apr-22 21:01 0019  9A3SMS         599  599  587                    3   3516.2
 80CW  30-Apr-22 21:02 0020  ES2RR          599  599  272           ES       3   3515.8
 80CW  30-Apr-22 21:03 0021  SP1AEN         599  599  335                    3   3515.4
 80CW  30-Apr-22 21:04 0022  SP7JLH         599  599  157                    3   3514.5
 20CW  30-Apr-22 21:07 0023  CT1DRB         599  599  003           CT       3  14016.2
 20CW  30-Apr-22 21:09 0024  PY1VOY         599  599  118           PY       5  14028.7
 20CW  30-Apr-22 21:10 0025  PY2KJ          599  599  325                    5  14003.5
 40CW  30-Apr-22 21:10 0026  IK0GDG         599  599  157           I        3   7024.2
 40CW  30-Apr-22 21:11 0027  SP6AEG         599  599  278           SP       3   7023.2
 40CW  30-Apr-22 21:12 0028  DK5KF          599  599  078           DL       2   7021.7
 40CW  30-Apr-22 21:16 0029  MM2N           599  599  502GS         GM       3   7019.2
 40CW  30-Apr-22 21:16 0030  EA4OR          599  599  214           EA       3   7018.6
 40CW  30-Apr-22 21:17 0031  TM5T           599  599  254           F        3   7017.8
 40CW  30-Apr-22 21:18 0032  9A2KD          599  599  217           9A       3   7016.3
 40CW  30-Apr-22 21:20 0033  OH2KW          599  599  166           OH       3   7015.9
 40CW  30-Apr-22 21:22 0034  G3P            599  599  295RG         G        3   7014.6
 40CW  30-Apr-22 21:23 0035  G4BYE          599  599  215SG                  3   7014.2
 40CW  30-Apr-22 21:24 0036  M4J            599  599  195IP                  3   7013.5
 40CW  30-Apr-22 21:25 0037  OE1CIW         599  599  126           OE       3   7012.6
 40CW  30-Apr-22 21:27 0038  YO5ODT         599  599  016           YO       3   7012.0
 40CW  30-Apr-22 21:27 0039  E74A           599  599  011           E7       3   7010.8
 40CW  30-Apr-22 21:28 0040  LZ7G           599  599  096           LZ       3   7009.0
 40CW  30-Apr-22 21:29 0041  M8A            599  599  179BM                  3   7004.7
 15CW  01-May-22 08:00 0042  UN7LDR         599  599  028           UN       5  21018.8
 20CW  01-May-22 08:04 0043  ES2MC          599  599  160           ES       3  14043.5
 20CW  01-May-22 08:05 0044  LZ1JZ          599  599  294           LZ       3  14045.1
 20CW  01-May-22 08:06 0045  LA9OI          599  599  208           LA       3  14036.4
 20CW  01-May-22 08:08 0046  EI2KA          599  599  098           EI       3  14035.0
 20CW  01-May-22 08:09 0047  E74A           599  599  134           E7       3  14034.2
 20CW  01-May-22 08:11 0048  SV2BXA         599  599  194           SV       3  14029.0
 20CW  01-May-22 08:12 0049  LY6A           599  599  091           LY       3  14024.1
 20CW  01-May-22 08:12 0050  9A2KD          599  599  539           9A       3  14022.4
 20CW  01-May-22 08:13 0051  YO4NA          599  599  024           YO       3  14019.5
 20CW  01-May-22 08:14 0052  Z33B           599  599  315           Z3       3  14018.4
 20CW  01-May-22 08:16 0053  EA8/IK1PMR     599  599  283           EA8      5  14015.0
 20CW  01-May-22 08:17 0054  9A1AA          599  599  576                    3  14014.0
 20CW  01-May-22 08:50 0055  EA4OR          599  599  281           EA       3  14017.6
 20CW  01-May-22 08:51 0056  YL1ZF          599  599  649           YL       3  14010.8
 20CW  01-May-22 08:52 0057  SE5E           599  599  251           SM       3  14011.4
 20CW  01-May-22 08:52 0058  YT2ISM         599  599  146           YU       3  14012.3
 20CW  01-May-22 08:54 0059  S57DTS         599  599  300           S5       3  14013.1
 20CW  01-May-22 08:54 0060  SP7JLH         599  599  356           SP       3  14016.6
 20CW  01-May-22 08:55 0061  SM5CSS         599  599  396                    3  14019.2
 20CW  01-May-22 08:56 0062  IK4DCX         599  599  458           I        3  14019.9
 20CW  01-May-22 08:58 0063  RZ9L           599  599  TN            UA9      5  14020.7
 20CW  01-May-22 08:59 0064  ES4RD          599  599  428                    3  14021.8
 20CW  01-May-22 09:00 0065  EA4BAS         599  599  209                    3  14024.1
 20CW  01-May-22 09:01 0066  P3X            599  599  830           5B       5  14025.0
 20CW  01-May-22 09:02 0067  EA3X           599  599  331                    3  14026.0
 20CW  01-May-22 09:03 0068  IK0GDG         599  599  215                    3  14026.2
 20CW  01-May-22 09:05 0069  IT9SSI         599  599  317           IT9      3  14036.7
 20CW  01-May-22 09:07 0070  EA2T           599  599  184                    3  14040.5
 40CW  01-May-22 09:14 0071  LY4T           599  599  146           LY       3   7012.5
 40CW  01-May-22 09:15 0072  G4PIQ          599  599  768IP                  3   7014.1
 40CW  01-May-22 09:16 0073  DC8YZ          599  599  038                    2   7016.0
 40CW  01-May-22 09:17 0074  SP9GMI         599  599  088                    3   7020.0
 40CW  01-May-22 09:18 0075  PC7E           599  599  042           PA       3   7023.5
 40CW  01-May-22 09:20 0076  M0UNN          599  599  119WN                  3   7025.8
 40CW  01-May-22 09:21 0077  PC1PM          599  599  176                    3   7028.8
 40CW  01-May-22 09:22 0078  SE0B           599  599  276           SM       3   7033.1
 20CW  01-May-22 09:26 0079  SN1T           599  599  601                    3  14026.6
 20CW  01-May-22 09:27 0080  LY2F           599  599  224                    3  14020.9
