 40CW  03-Oct-22 16:39 0001  OL8R           599  599  024           OK       3   7041.1
 40CW  03-Oct-22 16:40 0002  DJ9KH          599  599  017           DL       2   7039.0
 40CW  03-Oct-22 16:42 0003  HG1G           599  599  027           HA       3   7037.8
 40CW  03-Oct-22 16:42 0004  OK5D           599  599  028                    3   7037.4
 40CW  03-Oct-22 16:43 0005  IS0/OM2TW      599  599  020           IS       3   7036.9
 40CW  03-Oct-22 16:44 0006  OL4W           599  599  025                    3   7036.5
 40CW  03-Oct-22 16:44 0007  SN7Q           599  599  042           SP       3   7036.3
 40CW  03-Oct-22 16:45 0008  DL1NKS         599  599  032                    2   7035.9
 40CW  03-Oct-22 16:46 0009  SM9X           599  599  031           SM       3   7035.5
 40CW  03-Oct-22 16:46 0010  OK1DSZ         599  599  037                    3   7035.2
 40CW  03-Oct-22 16:47 0011  SM5IMO         599  599  031                    3   7034.9
 40CW  03-Oct-22 16:48 0012  OM5TZ          599  599  031           OM       3   7034.1
 40CW  03-Oct-22 16:49 0013  SM6M           599  599  054                    3   7033.1
 40CW  03-Oct-22 16:49 0014  DL4ME          599  599  038                    2   7032.8
 40CW  03-Oct-22 16:50 0015  OK5OO          599  599  042                    3   7032.4
 40CW  03-Oct-22 16:50 0016  E77EA          599  599  037           E7       3   7032.0
 40CW  03-Oct-22 16:51 0017  OK1RR          599  599  040                    3   7031.3
 40CW  03-Oct-22 16:52 0018  HB9BXE         599  599  046           HB       3   7030.4
 40CW  03-Oct-22 16:53 0019  OK2IW          599  599  025                    3   7030.1
 40CW  03-Oct-22 16:54 0020  OK1DM          599  599  030                    3   7029.2
 40CW  03-Oct-22 16:55 0021  S52W           599  599  046           S5       3   7028.6
 40CW  03-Oct-22 16:56 0022  SP4DNX         599  599  034                    3   7027.7
 40CW  03-Oct-22 16:57 0023  SQ8LUU         599  599  044                    3   7026.6
 40CW  03-Oct-22 16:58 0024  OK2EA          599  599  047                    3   7026.3
 40CW  03-Oct-22 16:58 0025  DJ9SN          599  599  049                    2   7025.9
 40CW  03-Oct-22 16:59 0026  OK1FGD         599  599  047                    3   7025.6
 40CW  03-Oct-22 17:00 0027  OK1OA          599  599  056                    3   7025.3
 40CW  03-Oct-22 17:01 0028  SM5CSS         599  599  054                    3   7024.9
 40CW  03-Oct-22 17:04 0029  OK1RKS         599  599  029                    3   7023.3
 40CW  03-Oct-22 17:04 0030  HB9/OM3CQ      599  599  046                    3   7023.0
 40CW  03-Oct-22 17:06 0031  OT6E           599  599  050           ON       3   7022.6
 40CW  03-Oct-22 17:06 0032  OZ/SM5S        599  599  032           OZ       3   7021.3
 40CW  03-Oct-22 17:07 0033  DK2FG          599  599  057                    2   7020.5
 40CW  03-Oct-22 17:07 0034  SN1F           599  599  060                    3   7019.8
 40CW  03-Oct-22 17:08 0035  RX3Q           599  599  042           UA       3   7019.4
 40CW  03-Oct-22 17:08 0036  LC5P           599  599  034           LA       3   7019.0
 40CW  03-Oct-22 17:10 0037  PC4H           599  599  050           PA       3   7037.0
 40CW  03-Oct-22 17:10 0038  YL3FW          599  599  067           YL       3   7037.0
 40CW  03-Oct-22 17:11 0039  SN1T           599  599  084                    3   7037.0
 40CW  03-Oct-22 17:11 0040  SP7N           599  599  060                    3   7037.0
 40CW  03-Oct-22 17:11 0041  OK2BFN         599  599  062                    3   7037.0
 40CW  03-Oct-22 17:12 0042  SP7N           599  599  060                    0   7037.0
 40CW  03-Oct-22 17:12 0043  OK2WY          599  599  070                    3   7037.0
 40CW  03-Oct-22 17:13 0044  DJ5CW          599  599  047                    2   7037.0
 40CW  03-Oct-22 17:13 0045  DF8V           599  599  026                    2   7037.0
 40CW  03-Oct-22 17:15 0046  YL2TD          599  599  045                    3   7037.0
 40CW  03-Oct-22 17:17 0047  YT1T           599  599  000           YU       3   7034.5
 40CW  03-Oct-22 17:18 0048  PA3DBS         599  599  066                    3   7033.8
 40CW  03-Oct-22 17:21 0049  OK6OK          599  599  067                    3   7028.3
 40CW  03-Oct-22 17:22 0050  SP2MHC         599  599  065                    3   7028.0
 40CW  03-Oct-22 17:23 0051  SP2XX          599  599  050                    3   7027.0
 40CW  03-Oct-22 17:23 0052  RX3QNE         599  599  059                    3   7025.0
 40CW  03-Oct-22 17:26 0053  SP4JFR         599  599  076                    3   7031.6
 40CW  03-Oct-22 17:26 0054  LG5LG          599  599  083                    3   7031.6
 40CW  03-Oct-22 17:27 0055  OK1TRJ         599  599  053                    3   7031.6
 40CW  03-Oct-22 17:27 0056  DF4ZL          599  599  088                    2   7031.6
 40CW  03-Oct-22 17:28 0057  HA9AX          599  599  099                    3   7031.6
 40CW  03-Oct-22 17:29 0058  OM4MW          599  599  139                    3   7031.6
 40CW  03-Oct-22 17:29 0059  M4N            599  599  068           G        3   7031.6
 40CW  03-Oct-22 17:29 0060  EA3AKA         599  599  014           EA       3   7031.6
