160CW  28-Jan-22 22:00 0001  G3BJ           599  599  14            G    14  3   1822.3
160CW  28-Jan-22 22:01 0002  LY2XW          599  599  15            LY   15  3   1822.0
160CW  28-Jan-22 22:03 0003  EA6FO          599  599  14            EA6      3   1821.6
160CW  28-Jan-22 22:05 0004  ON75CDZ        599  599  14            ON       3   1821.0
160CW  28-Jan-22 22:06 0005  SP8R           599  599  15                     3   1820.6
160CW  28-Jan-22 22:06 0006  S50K           599  599  15            S5       3   1820.3
160CW  28-Jan-22 22:08 0007  OL1R           599  599  15            OK       3   1819.8
160CW  28-Jan-22 22:10 0008  OK2D           599  599  15                     3   1818.9
160CW  28-Jan-22 22:10 0009  OK6W           599  599  15                     3   1818.6
160CW  28-Jan-22 22:11 0010  DR5X           599  599  14            DL       2   1818.3
160CW  28-Jan-22 22:12 0011  S57K           599  599  15                     3   1818.0
160CW  28-Jan-22 22:14 0012  SE0X           599  599  14            SM       3   1817.7
160CW  28-Jan-22 22:18 0013  OH5Z           599  599  15            OH       3   1817.3
160CW  28-Jan-22 22:19 0014  9A5Y           599  599  15            9A       3   1817.0
160CW  28-Jan-22 22:20 0015  DL7A           599  599  14                     2   1816.8
160CW  28-Jan-22 22:27 0016  OZ3SM          599  599  14            OZ       3   1816.2
160CW  28-Jan-22 22:30 0017  MW5B           599  599  14            GW       3   1815.9
160CW  29-Jan-22 16:08 0018  DF0RW          599  599  14                     2   1817.6
160CW  29-Jan-22 16:14 0019  EU4E           599  599  16            EU   16  3   1815.5
160CW  29-Jan-22 16:15 0020  OM2XW          599  599  15            OM       3   1814.1
160CW  29-Jan-22 16:15 0021  OK1DOL         599  599  15                     3   1813.5
160CW  29-Jan-22 16:17 0022  OM3GI          599  599  15                     3   1812.7
160CW  29-Jan-22 16:18 0023  HA5JI          599  599  15            HA       3   1812.2
160CW  29-Jan-22 16:19 0024  DP4E           599  599  14                     2   1811.4
160CW  29-Jan-22 16:20 0025  SN1T           599  599  15                     3   1811.1
160CW  29-Jan-22 16:29 0026  LY7Z           599  599  15            LY       3   1869.2
160CW  29-Jan-22 16:31 0027  YT0A           599  599  15            YU       3   1866.4
160CW  29-Jan-22 16:33 0028  DL1EKO         599  599  14                     2   1865.1
160CW  29-Jan-22 16:34 0029  DK2CX          599  599  14                     2   1864.3
160CW  29-Jan-22 16:34 0030  S53R           599  599  15                     3   1863.0
160CW  29-Jan-22 16:35 0031  OK4U           599  599  15                     3   1862.2
160CW  29-Jan-22 16:38 0032  OM2XA          599  599  15                     3   1857.2
160CW  29-Jan-22 16:41 0033  S50C           599  599  15                     3   1855.0
160CW  29-Jan-22 16:44 0034  HG0R           599  599  15                     3   1853.1
160CW  29-Jan-22 16:44 0035  DM5GG          599  599  14                     2   1852.7
160CW  29-Jan-22 16:45 0036  OK1KDO         599  599  15                     3   1852.4
160CW  29-Jan-22 16:46 0037  OM4Q           599  599  15                     3   1851.9
160CW  29-Jan-22 16:46 0038  HA1DAE         599  599  15                     3   1851.6
160CW  29-Jan-22 16:48 0039  S53M           599  599  15                     3   1850.9
160CW  29-Jan-22 16:49 0040  SN1LH          599  599  15                     3   1850.4
160CW  29-Jan-22 16:50 0041  OL1C           599  599  15                     3   1849.9
160CW  29-Jan-22 16:52 0042  DP7D           599  599  14                     2   1849.2
160CW  29-Jan-22 16:57 0043  IV3SKB         599  599  15            I        3   1848.1
160CW  29-Jan-22 17:01 0044  DL5WW          599  599  14                     2   1847.1
160CW  29-Jan-22 17:02 0045  IQ2CJ          599  599  15                     3   1846.7
160CW  29-Jan-22 17:04 0046  S52AW          599  599  15                     3   1845.8
160CW  29-Jan-22 17:05 0047  LY5E           599  599  15                     3   1845.5
160CW  29-Jan-22 17:06 0048  OK2TJ          599  599  15                     3   1845.0
160CW  29-Jan-22 17:07 0049  DH7KU          599  599  14                     2   1844.7
160CW  29-Jan-22 17:11 0050  OL0W           599  599  15                     3   1843.6
160CW  29-Jan-22 17:11 0051  IK4VET         599  599  15                     3   1843.3
160CW  29-Jan-22 17:15 0052  YR8D           599  599  20            YO   20  3   1840.3
160CW  29-Jan-22 20:01 0053  OH3FM          599  599  15                     3   1839.8
160CW  29-Jan-22 20:04 0054  LC7X           599  599  14            LA       3   1839.6
160CW  29-Jan-22 20:04 0055  OK1Z           599  599  15                     3   1839.4
160CW  29-Jan-22 20:05 0056  UA2FW          599  599  15            UA2      3   1839.2
160CW  29-Jan-22 20:06 0057  DR1D           599  599  14                     2   1838.8
160CW  29-Jan-22 20:09 0058  CR6K           599  599  14            CT       3   1838.4
160CW  29-Jan-22 20:10 0059  OK5Z           599  599  15                     3   1837.8
160CW  29-Jan-22 20:12 0060  OL6D           599  599  15                     3   1837.0
160CW  29-Jan-22 20:13 0061  HG8DX          599  599  15                     3   1836.5
160CW  29-Jan-22 20:15 0062  OK7K           599  599  15                     3   1836.2
160CW  29-Jan-22 20:19 0063  IK7YTT         599  599  15                     3   1835.7
160CW  29-Jan-22 20:19 0064  HB0/DL3DXX     599  599  14            HB0      3   1835.3
160CW  29-Jan-22 20:21 0065  ES9C           599  599  15            ES       3   1835.0
160CW  29-Jan-22 20:22 0066  EF5Y           599  599  14            EA       3   1834.9
160CW  29-Jan-22 20:23 0067  SP3VT          599  599  15                     3   1834.5
160CW  29-Jan-22 20:24 0068  DM4MN          599  599  14                     2   1834.2
160CW  29-Jan-22 20:28 0069  SP3HLM         599  599  15                     3   1833.6
160CW  29-Jan-22 20:29 0070  OM2Y           599  599  15                     3   1833.4
160CW  29-Jan-22 20:29 0071  SC7DX          599  599  14                     3   1833.2
160CW  29-Jan-22 20:30 0072  HB9ARF         599  599  14            HB       3   1833.0
160CW  29-Jan-22 20:31 0073  UX2X           599  599  16            UR       3   1832.7
160CW  29-Jan-22 20:35 0074  LZ3ZZ          599  599  20            LZ       3   1832.3
160CW  29-Jan-22 20:36 0075  IZ2KXC         599  599  15                     3   1831.8
160CW  29-Jan-22 20:38 0076  UT6UD          599  599  16                     3   1831.5
160CW  29-Jan-22 20:47 0077  9A3JB          599  599  15                     3   1830.0
160CW  29-Jan-22 20:48 0078  DK1NO          599  599  14                     2   1829.3
160CW  29-Jan-22 20:49 0079  R7NW           599  599  16            UA       3   1828.1
160CW  29-Jan-22 20:50 0080  YL7X           599  599  15            YL       3   1827.8
160CW  29-Jan-22 20:51 0081  OM3RM          599  599  15                     3   1827.3
160CW  29-Jan-22 20:52 0082  RG2A           599  599  16                     3   1827.0
160CW  29-Jan-22 20:53 0083  G4A            599  599  14                     3   1826.7
160CW  29-Jan-22 21:02 0084  MM1E           599  599  14            GM       3   1825.5
160CW  29-Jan-22 21:04 0085  DL1AUZ         599  599  14                     2   1824.7
160CW  29-Jan-22 21:06 0086  SN2B           599  599  15                     3   1824.2
160CW  29-Jan-22 21:07 0087  SN7Q           599  599  15                     3   1823.7
160CW  29-Jan-22 21:09 0088  UA4M           599  599  16                     3   1823.0
160CW  29-Jan-22 21:11 0089  G3XTT          599  599  14                     3   1822.8
160CW  29-Jan-22 21:14 0090  9A5X           599  599  15                     3   1822.1
160CW  29-Jan-22 21:14 0091  S53F           599  599  15                     3   1821.8
160CW  29-Jan-22 21:17 0092  9A2W           599  599  15                     3   1821.3
160CW  29-Jan-22 21:18 0093  G4PIQ          599  599  14                     3   1820.8
160CW  29-Jan-22 21:20 0094  HG5A           599  599  15                     3   1819.2
160CW  29-Jan-22 21:21 0095  SP8PAI         599  599  15                     3   1818.8
160CW  29-Jan-22 21:24 0096  9A0BB          599  599  15                     3   1818.3
160CW  29-Jan-22 21:24 0097  EF1A           599  599  14                     3   1818.0
160CW  29-Jan-22 21:26 0098  OM0M           599  599  15                     3   1817.3
160CW  29-Jan-22 21:31 0099  E7DX           599  599  15            E7       3   1815.7
160CW  29-Jan-22 21:35 0100  S52C           599  599  15                     3   1815.3
160CW  29-Jan-22 21:40 0101  OR3A           599  599  14                     3   1814.8
160CW  29-Jan-22 21:42 0102  M5W            599  599  14                     3   1814.2
160CW  29-Jan-22 21:42 0103  PE6Q           599  599  14            PA       3   1813.7
160CW  29-Jan-22 21:47 0104  9A2EU          599  599  15                     3   1813.3
160CW  29-Jan-22 21:49 0105  OM4MW          599  599  15                     3   1812.1
160CW  29-Jan-22 21:50 0106  G3UJE          599  599  14                     3   1811.5
160CW  29-Jan-22 22:06 0107  4U9A           599  599  15                     3   1835.3
160CW  29-Jan-22 22:07 0108  4L2M           599  599  21            4L   21  5   1845.8
160CW  29-Jan-22 22:11 0109  CR3W           599  599  33            CT3  33  5   1847.2
160CW  29-Jan-22 22:25 0110  RA0AM          599  599  18            UA9  18  5   1852.2
160CW  29-Jan-22 22:34 0111  R8TT           599  599  16                     5   1834.8
160CW  29-Jan-22 22:39 0112  UX0LL          599  599  16                     3   1810.5
160CW  30-Jan-22 19:15 0113  RT4G           599  599  16                     3   1826.8
160CW  30-Jan-22 19:17 0114  YL3CW          599  599  15                     3   1825.8
160CW  30-Jan-22 19:17 0115  DM2X           599  599  14                     2   1825.4
160CW  30-Jan-22 19:20 0116  HB9AWS         599  599  14                     3   1825.2
160CW  30-Jan-22 19:22 0117  DL5YL          599  599  14                     2   1824.2
160CW  30-Jan-22 19:22 0118  UA7K           599  599  16                     3   1824.0
160CW  30-Jan-22 19:23 0119  RT4F           599  599  16                     3   1823.6
160CW  30-Jan-22 19:25 0120  HB9CVQ         599  599  14                     3   1821.9
160CW  30-Jan-22 19:26 0121  SM2U           599  599  14                     3   1821.5
160CW  30-Jan-22 19:27 0122  DF8V           599  599  14                     2   1820.9
160CW  30-Jan-22 19:28 0123  MU5E           599  599  14            GU       3   1820.5
160CW  30-Jan-22 19:28 0124  S51KD          599  599  15                     3   1820.7
160CW  30-Jan-22 19:29 0125  OK1DWF         599  599  15                     3   1819.9
160CW  30-Jan-22 19:30 0126  OE2S           599  599  15            OE       3   1818.3
160CW  30-Jan-22 19:30 0127  G3OLB          599  599  14                     3   1817.7
160CW  30-Jan-22 19:35 0128  DL2SWW         599  599  14                     2   1815.1
160CW  30-Jan-22 19:35 0129  SQ7U           599  599  15                     3   1814.5
160CW  30-Jan-22 19:36 0130  DC6O           599  599  14                     2   1813.7
160CW  30-Jan-22 19:37 0131  S51YI          599  599  15                     3   1813.2
160CW  30-Jan-22 19:39 0132  HB7X           599  599  14                     3   1811.3
160CW  30-Jan-22 19:41 0133  PI4CC          599  599  14                     3   1810.3
160CW  30-Jan-22 19:55 0134  SM4HCM         599  599  14                     3   1826.5
160CW  30-Jan-22 19:56 0135  OT6M           599  599  14                     3   1826.0
160CW  30-Jan-22 19:57 0136  OE8TED         599  599  15                     3   1884.7
160CW  30-Jan-22 20:00 0137  G2X            599  599  14                     3   1883.9
160CW  30-Jan-22 20:01 0138  DK1FY          599  599  14                     2   1883.3
160CW  30-Jan-22 20:02 0139  LY5AX          599  599  15                     3   1882.7
160CW  30-Jan-22 20:04 0140  YT6T           599  599  15                     3   1880.0
160CW  30-Jan-22 20:05 0141  DL6MHW         599  599  14                     2   1879.3
160CW  30-Jan-22 20:05 0142  DL1AOB         599  599  14                     2   1878.8
160CW  30-Jan-22 20:18 0143  YT5A           599  599  15                     3   1877.8
160CW  30-Jan-22 20:19 0144  M0NDZ          599  599  14                     3   1877.5
160CW  30-Jan-22 20:20 0145  OK1WCF         599  599  15                     3   1876.9
160CW  30-Jan-22 20:21 0146  DJ5MO          599  599  14                     2   1876.5
160CW  30-Jan-22 20:22 0147  DK1KC          599  599  14                     2   1876.1
160CW  30-Jan-22 20:23 0148  DL6KWN         599  599  14                     2   1875.8
160CW  30-Jan-22 20:27 0149  OE6MMD         599  599  15                     3   1875.0
160CW  30-Jan-22 20:30 0150  HF1K           599  599  15                     3   1873.0
160CW  30-Jan-22 20:31 0151  DD5M           599  599  14                     2   1872.4
160CW  30-Jan-22 20:32 0152  DL2SAX         599  599  14                     2   1872.0
160CW  30-Jan-22 20:33 0153  DK2OY          599  599  14                     2   1869.4
160CW  30-Jan-22 20:34 0154  SP5EWX         599  599  15                     3   1869.1
160CW  30-Jan-22 20:35 0155  DL8ULF         599  599  14                     2   1868.8
160CW  30-Jan-22 20:35 0156  PA5WT          599  599  14                     3   1868.3
160CW  30-Jan-22 20:36 0157  PA5KT          599  599  14                     3   1867.2
160CW  30-Jan-22 20:37 0158  DL1BUG         599  599  14                     2   1865.8
160CW  30-Jan-22 20:38 0159  SO3O           599  599  15                     3   1865.2
160CW  30-Jan-22 20:50 0160  DJ7YP          599  599  14                     2   1864.9
160CW  30-Jan-22 20:50 0161  OM7RU          599  599  15                     3   1864.1
160CW  30-Jan-22 20:51 0162  DM2M           599  599  14                     2   1863.3
160CW  30-Jan-22 20:53 0163  DA0BCC         599  599  14                     2   1863.0
160CW  30-Jan-22 20:59 0164  OK1AMF         599  599  15                     3   1855.3
160CW  30-Jan-22 21:07 0165  DJ5AN          599  599  14                     2   1853.2
160CW  30-Jan-22 21:10 0166  RW1A           599  599  16                     3   1851.9
160CW  30-Jan-22 21:11 0167  OZ5W           599  599  14                     3   1851.3
160CW  30-Jan-22 21:11 0168  DL0LA          599  599  14                     2   1851.1
160CW  30-Jan-22 21:12 0169  DK1BT          599  599  14                     2   1850.9
160CW  30-Jan-22 21:13 0170  DL9CHR         599  599  14                     2   1850.6
160CW  30-Jan-22 21:13 0171  S57Q           599  599  15                     3   1849.7
160CW  30-Jan-22 21:14 0172  E7CW           599  599  15                     3   1849.1
160CW  30-Jan-22 21:15 0173  DP4X           599  599  14                     2   1848.5
160CW  30-Jan-22 21:16 0174  II5WRTC        599  599  15                     3   1847.7
160CW  30-Jan-22 21:17 0175  DK1WB          599  599  14                     2   1847.4
160CW  30-Jan-22 21:19 0176  G4IRN          599  599  14                     3   1845.1
160CW  30-Jan-22 21:21 0177  YU5W           599  599  15                     3   1844.0
160CW  30-Jan-22 21:22 0178  HA5PP          599  599  15                     3   1843.3
160CW  30-Jan-22 21:22 0179  IK4ZGO         599  599  15                     3   1843.0
160CW  30-Jan-22 21:25 0180  F8DBF          599  599  14            F        3   1839.6
160CW  30-Jan-22 21:27 0181  UT5EL          599  599  16                     3   1839.4
160CW  30-Jan-22 21:28 0182  9A/F5SNJ       599  599  15                     3   1838.9
160CW  30-Jan-22 21:35 0183  YT7KM          599  599  15                     3   1833.5
160CW  30-Jan-22 21:37 0184  IK4DCX         599  599  15                     3   1832.2
160CW  30-Jan-22 21:38 0185  UR8RF          599  599  16                     3   1832.0
160CW  30-Jan-22 21:40 0186  GM3YEH         599  599  14                     3   1830.8
160CW  30-Jan-22 21:41 0187  II8WRTC        599  599  15                     3   1830.5
160CW  30-Jan-22 21:44 0188  EW5A           599  599  16                     3   1828.8
160CW  30-Jan-22 21:46 0189  UA4CC          599  599  16                     3   1828.1
160CW  30-Jan-22 21:48 0190  OE5TXF         599  599  15                     3   1826.7
160CW  30-Jan-22 21:49 0191  OL1A           599  599  15                     3   1824.3
160CW  30-Jan-22 21:50 0192  G4CXT          599  599  14                     3   1822.8
160CW  30-Jan-22 21:50 0193  SN5X           599  599  15                     3   1822.6
160CW  30-Jan-22 21:51 0194  YL3FT          599  599  15                     3   1821.8
160CW  30-Jan-22 21:54 0195  R5AJ           599  599  16                     3   1820.5
160CW  30-Jan-22 21:55 0196  HA8BE          599  599  15                     3   1819.9
160CW  30-Jan-22 21:55 0197  LY4A           599  599  15                     3   1819.6
160CW  30-Jan-22 21:56 0198  DM3W           599  599  14                     2   1818.6
160CW  30-Jan-22 21:57 0199  G5LP           599  599  14                     3   1817.0
160CW  30-Jan-22 21:58 0200  SF5O           599  599  14                     3   1815.7
160CW  30-Jan-22 21:59 0201  DL2NBU         599  599  14                     2   1813.5
