 15CW  18-Jun-22 14:26 0001  UA9CTT         599  599  44            UA9      5  21044.0
 20CW  18-Jun-22 14:39 0002  UN0LM          599  599  51            UN       5  14020.5
 20CW  18-Jun-22 14:42 0003  R8LA           599  599  66            UA9      5  14017.3
 20CW  18-Jun-22 14:43 0004  RK9AY          599  599  64                     5  14014.0
 20CW  18-Jun-22 14:44 0005  P3X            599  599  48            5B       5  14010.0
 20CW  18-Jun-22 15:03 0006  RD0A           599  599  64                     5  14040.8
 20CW  18-Jun-22 15:05 0007  RW9RN          599  599  53                     5  14036.1
 20CW  18-Jun-22 15:13 0008  JA6GCE         599  599  72            JA       5  14020.2
 20CW  18-Jun-22 15:16 0009  P3AA           599  599  45                     5  14057.4
 20CW  18-Jun-22 15:20 0010  RN9RF          599  599  69                     5  14036.2
 20CW  18-Jun-22 15:22 0011  TC3N           599  599  60            TA       5  14022.0
 20CW  18-Jun-22 15:47 0012  TA2SE/3        599  599  55                     5  14031.0
 20CW  18-Jun-22 15:48 0013  RC9A           599  599  54                     5  14026.9
 15CW  18-Jun-22 18:44 0014  P3AA           599  599  45            5B       5  21027.1
 15CW  18-Jun-22 18:45 0015  5B4AQC         599  599  24                     5  21028.0
 15CW  18-Jun-22 18:54 0016  RW9USA         599  599  56                     5  21020.0
 20CW  18-Jun-22 19:04 0017  JF2QNM         599  599  58                     5  14020.2
 20CW  18-Jun-22 19:20 0018  BI4SSB         599  599  39            BY       5  14013.1
 40CW  18-Jun-22 19:37 0019  RA9AP          599  599  67            UA9      5   7011.7
 40CW  18-Jun-22 19:38 0020  JT1CO          599  599  66            JT       5   7014.9
 20CW  18-Jun-22 19:52 0021  JN2AMD         599  599  64                     5  14034.9
 20CW  18-Jun-22 20:06 0022  R9AE           599  599  65                     5  14022.0
 20CW  18-Jun-22 20:08 0023  JE2YRB         599  599  67                     5  14020.6
 20CW  18-Jun-22 20:12 0024  RD8D           599  599  52                     5  14014.8
 20CW  18-Jun-22 20:16 0025  RV9UP          599  599  59                     5  14005.0
 20CW  18-Jun-22 20:19 0026  JR6YTX         599  599  47                     5  14001.1
 20CW  18-Jun-22 20:51 0027  RW0AJ          599  599  64                     5  14021.6
 15CW  18-Jun-22 21:10 0028  JH4UTP         599  599  60            JA       5  21033.7
 15CW  18-Jun-22 21:10 0029  JA3YBK         599  599  58                     5  21037.0
 15CW  18-Jun-22 21:13 0030  JR2GRX         599  599  38                     5  21003.8
 15CW  19-Jun-22 08:14 0031  R8OM           599  599  50                     5  21021.5
 15CW  19-Jun-22 08:21 0032  BI4SSB         599  599  39            BY       5  21015.8
 15CW  19-Jun-22 08:22 0033  R9YC           599  599  65                     5  21017.5
 15CW  19-Jun-22 08:26 0034  RA9SF          599  599  64                     5  21036.0
 15CW  19-Jun-22 08:27 0035  JF2QNM         599  599  58                     5  21040.5
 15CW  19-Jun-22 08:30 0036  RD0A           599  599  64                     5  21047.5
 15CW  19-Jun-22 08:35 0037  JH4UYB         599  599  57                     5  21002.0
 15CW  19-Jun-22 08:47 0038  TA2IJ          599  599  54            TA       5  21018.0
 15CW  19-Jun-22 08:48 0039  TA2SE/3        599  599  55                     5  21023.8
 10CW  19-Jun-22 09:04 0040  UN0LM          599  599  51            UN       5  28018.5
 10CW  19-Jun-22 10:11 0041  R9AE           599  599  65            UA9      5  28023.4
 10CW  19-Jun-22 10:12 0042  RZ9A           599  599  75                     5  28024.9
 15CW  19-Jun-22 10:30 0043  UP1G           599  599  60            UN       5  21030.7
 15CW  19-Jun-22 10:32 0044  R9CX           599  599  55                     5  21018.9
 15CW  19-Jun-22 10:34 0045  JA1ZGO         599  599  65                     5  21016.4
 15CW  19-Jun-22 11:45 0046  4K6FO          599  599  57            4J       5  21017.5
 15CW  19-Jun-22 11:51 0047  4X1VF          599  599  75            4X       5  21035.9
 15CW  19-Jun-22 11:55 0048  UI8C           599  599  62                     5  21046.8
 15CW  19-Jun-22 11:58 0049  RZ9A           599  599  75                     5  21049.6
 20CW  19-Jun-22 12:00 0050  RA9AP          599  599  67                     5  14017.4
 15CW  19-Jun-22 12:05 0051  UA9BA          599  599  64                     5  21032.0
 15CW  19-Jun-22 12:10 0052  RD8D           599  599  52                     5  21001.2
 15CW  19-Jun-22 12:17 0053  UN0LM          599  599  51                     5  21009.4
 15CW  19-Jun-22 12:28 0054  RC9A           599  599  54                     5  21038.8
 10CW  19-Jun-22 12:58 0055  TC3N           599  599  60            TA       5  28015.0
 15CW  19-Jun-22 13:18 0056  UA0OK          599  599  67                     5  21021.2
 15CW  19-Jun-22 13:23 0057  BY1CY          599  599  11                     5  21009.2
 15CW  19-Jun-22 13:27 0058  RV9UP          599  599  59                     5  21029.9
 15CW  19-Jun-22 13:29 0059  TA3ST          599  599  51                     5  21044.5
 15CW  19-Jun-22 13:32 0060  UP7L           599  599  62                     5  21034.6
 15CW  19-Jun-22 13:36 0061  JA6GCE         599  599  72                     5  21019.6
 15CW  19-Jun-22 13:36 0062  5B/G3RWF       599  599  77                     5  21019.3
 15CW  19-Jun-22 13:38 0063  RW0AJ          599  599  64                     5  21023.2
 15CW  19-Jun-22 13:44 0064  P3X            599  599  48                     5  21025.6
 15CW  19-Jun-22 13:49 0065  RA0AM          599  599  67                     5  21021.9
 15CW  19-Jun-22 13:50 0066  R8LA           599  599  66                     5  21018.0
 10CW  19-Jun-22 15:45 0067  JT1CO          599  599  66            JT       5  28016.1
 15CW  19-Jun-22 15:47 0068  JE4MHL         599  599  56                     5  21036.8
 15CW  19-Jun-22 15:49 0069  RM9RZ          599  599  53                     5  21024.5
 15CW  19-Jun-22 16:04 0070  UD8A           599  599  72                     5  21034.4
 15CW  19-Jun-22 16:07 0071  RA9AP          599  599  67                     5  21026.9
 15CW  19-Jun-22 16:10 0072  JF3BFS         599  599  62                     5  21031.0
 15CW  19-Jun-22 16:54 0073  JE1CKA         599  599  72                     5  21041.0
 20CW  19-Jun-22 17:36 0074  UA9CTT         599  599  44                     5  14068.0
 20CW  19-Jun-22 17:36 0075  R9JAP          599  599  46                     5  14052.5
 20CW  19-Jun-22 18:33 0076  JR4GPA         599  599  58                     5  14060.4
 20CW  19-Jun-22 18:39 0077  E2WRTC         599  599  45            HS       5  14026.4
 20CW  19-Jun-22 18:43 0078  JH4UTP         599  599  60                     5  14002.1
 20CW  19-Jun-22 18:57 0079  JA3YBK         599  599  58                     5  14037.0
 20CW  19-Jun-22 19:09 0080  BY1CY          599  599  11                     5  14019.4
 20CW  19-Jun-22 19:10 0081  JR4DAH         599  599  58                     5  14051.9
 20CW  19-Jun-22 19:16 0082  RA0R           599  599  39                     5  14044.0
 20CW  19-Jun-22 19:23 0083  5B/G3RWF       599  599  77                     5  14025.9
 20CW  19-Jun-22 19:27 0084  TA3ST          599  599  51                     5  14007.0
 20CW  19-Jun-22 20:35 0085  JG6YLY         599  599  66                     5  14002.0
 40CW  19-Jun-22 20:42 0086  RA9SF          599  599  64                     5   7028.8
 20CW  19-Jun-22 20:43 0087  BA4TB          599  599  40                     5  14005.0
