 15CW  18-Dec-22 09:59 0001  YT6M           599  599  581           YU       3  21038.3
 15CW  18-Dec-22 10:00 0002  EA1CS          599  599  224           EA       3  21041.9
 15CW  18-Dec-22 10:01 0003  UA9CTT         599  599  255           UA9      5  21039.5
 15CW  18-Dec-22 10:03 0004  RC1W           599  599  081           UA       3  21031.5
 15CW  18-Dec-22 10:04 0005  EA4AOC         599  599  160                    3  21030.0
 15CW  18-Dec-22 10:04 0006  CR3DX          599  599  821           CT3      5  21029.0
 15CW  18-Dec-22 10:05 0007  TA3RT          599  599  246           TA       5  21027.4
 15CW  18-Dec-22 10:08 0008  YU5R           599  599  399                    3  21023.0
 15CW  18-Dec-22 10:10 0009  9A5D           599  599  392           9A       3  21018.5
 15CW  18-Dec-22 10:11 0010  LZ5R           599  599  1118          LZ       3  21010.0
 10CW  18-Dec-22 10:12 0011  UP0L           599  599  1057          UN       5  28025.1
 10CW  18-Dec-22 10:14 0012  YO4FHU         599  599  343           YO       3  28021.0
 10CW  18-Dec-22 10:15 0013  RU4LM          599  599  070           UA       3  28014.7
 10CW  18-Dec-22 10:15 0014  RA5G           599  599  317                    3  28012.4
 10CW  18-Dec-22 10:16 0015  RG9A           599  599  994           UA9      5  28011.0
 20CW  18-Dec-22 10:17 0016  9A5O           599  599  070           9A       3  14049.0
 20CW  18-Dec-22 10:19 0017  OM8LA          599  599  132           OM       3  14047.1
 20CW  18-Dec-22 10:47 0018  SM0Q           599  599  271           SM       3  14046.0
 10CW  18-Dec-22 10:50 0019  CR3DX          599  599  941           CT3      5  28021.5
 10CW  18-Dec-22 10:51 0020  SV9MBH         599  599  057           SV9      3  28020.5
 10CW  18-Dec-22 12:31 0021  4K6FO          599  599  431           4J       5  28018.9
 15CW  18-Dec-22 12:33 0022  UC7A           599  599  900                    3  21041.1
 15CW  18-Dec-22 12:35 0023  RA5G           599  599  396                    3  21037.6
 15CW  18-Dec-22 12:36 0024  EA7AAW         599  599  187                    3  21035.4
 15CW  18-Dec-22 12:36 0025  RL5A           599  599  168                    3  21033.4
 15CW  18-Dec-22 12:37 0026  YL5W           599  599  194           YL       3  21032.4
 15CW  18-Dec-22 12:38 0027  OY1CT          599  599  658           OY       3  21031.2
 15CW  18-Dec-22 12:41 0028  SV1CEI         599  599  090           SV       3  21029.3
 15CW  18-Dec-22 12:41 0029  SV1JG          599  599  429                    3  21026.7
 15CW  18-Dec-22 12:42 0030  K1RM           599  599  129           K        5  21026.0
 15CW  18-Dec-22 12:44 0031  EU8U           599  599  1011          EU       3  21023.2
 15CW  18-Dec-22 12:51 0032  LZ2HMIG        599  599  240                    3  21016.1
 15CW  18-Dec-22 13:38 0033  Z36W           599  599  464           Z3       3  21036.2
 15CW  18-Dec-22 13:39 0034  SV2DSJ         599  599  324                    3  21008.5
 20CW  18-Dec-22 13:43 0035  YT2ISM         599  599  077           YU       3  14044.6
 20CW  18-Dec-22 13:43 0036  YU7KW          599  599  751                    3  14043.0
 20CW  18-Dec-22 13:44 0037  EA5XA          599  599  212           EA       3  14039.0
 20CW  18-Dec-22 13:45 0038  9A2X           599  599  158                    3  14037.7
 20CW  18-Dec-22 13:46 0039  LZ8E           599  599  600           LZ       3  14036.0
 20CW  18-Dec-22 13:47 0040  UW1WU          599  599  168           UR       3  14034.7
 20CW  18-Dec-22 13:54 0041  EA6NB          599  599  268           EA6      3  14032.0
 20CW  18-Dec-22 13:56 0042  HA8LLK         599  599  428           HA       3  14030.4
