 40CW  01-Aug-22 16:32 0001  DL1NKS         599  599  006           006      3   7034.9
 40CW  01-Aug-22 16:34 0002  HB9/OM3CQ      599  599  006                    3   7032.7
 40CW  01-Aug-22 16:35 0003  SD6F           599  599  013           013      3   7032.3
 40CW  01-Aug-22 16:37 0004  HA5OV          599  599  017           017      3   7031.0
 40CW  01-Aug-22 16:39 0005  DD5M           599  599  025           025      3   7029.4
 40CW  01-Aug-22 16:40 0006  DL5YM          599  599  018           018      3   7028.9
 40CW  01-Aug-22 16:41 0007  SO3O           599  599  018                    3   7028.4
 40CW  01-Aug-22 16:46 0008  OL8R           599  599  042           042      3   7038.1
 40CW  01-Aug-22 16:46 0009  DL8TG          599  599  015           015      3   7036.7
 40CW  01-Aug-22 16:47 0010  OK5M           599  599  031           031      3   7035.7
 40CW  01-Aug-22 16:48 0011  DF4XX          599  599  034           034      3   7035.4
 40CW  01-Aug-22 16:49 0012  DJ4MX          599  599  008           008      3   7034.5
 40CW  01-Aug-22 16:50 0013  OK1FHI         599  599  021           021      3   7034.2
 40CW  01-Aug-22 16:53 0014  OK1RR          599  599  020           020      3   7033.0
 40CW  01-Aug-22 16:56 0015  DJ9SN          599  599  030           030      3   7031.9
 40CW  01-Aug-22 16:59 0016  OK1FGD         599  599  019           019      3   7029.1
 40CW  01-Aug-22 17:02 0017  OK1RKS         599  599  029           029      3   7028.7
 40CW  01-Aug-22 17:07 0018  SE0B           599  599  056           056      3   7027.6
 40CW  01-Aug-22 17:09 0019  OT6E           599  599  058           058      3   7026.6
 40CW  01-Aug-22 17:12 0020  SN1T           599  599  082           082      3   7024.7
 40CW  01-Aug-22 17:13 0021  SP4TKR         599  599  066           066      3   7022.0
 40CW  01-Aug-22 17:15 0022  S51J           599  599  051           051      3   7022.4
 40CW  01-Aug-22 17:19 0023  OK2MBP         599  599  038           038      3   7034.6
 40CW  01-Aug-22 17:23 0024  DM7N           599  599  063           063      3   7037.9
 40CW  01-Aug-22 17:25 0025  OK2SLS         599  599  037           037      3   7031.0
 40CW  01-Aug-22 17:28 0026  M4N            599  599  060           060      3   7025.4
