 20CW  27-Aug-22 18:26 0001  YO4DW          599  599  CT            YO       3  14036.9
 20CW  27-Aug-22 18:27 0002  IZ8EFD         599  599  212           I        3  14034.4
 20CW  27-Aug-22 18:28 0003  EW1TO          599  599  090           EU       3  14032.0
 20CW  27-Aug-22 18:34 0004  EA8DHV         599  599  275           EA8      5  14024.7
 20CW  27-Aug-22 18:35 0005  LZ2CJ          599  599  110           LZ       3  14024.0
 20CW  27-Aug-22 18:35 0006  RL4A           599  599  078           UA       3  14023.4
 20CW  27-Aug-22 18:36 0007  YR0S           599  599  GL                     3  14022.1
 20CW  27-Aug-22 18:37 0008  YO8PUF         599  599  NT                     3  14021.4
 20CW  27-Aug-22 18:39 0009  D4Z            599  599  310           D4       5  14031.5
 20CW  27-Aug-22 18:56 0010  YR9F           599  599  GR                     3  14018.3
 20CW  27-Aug-22 18:58 0011  WK2G           599  599  240           K        5  14016.7
 20CW  27-Aug-22 18:59 0012  YP0K           599  599  BC                     3  14016.0
 20CW  27-Aug-22 19:01 0013  YO8AXP         599  599  BC                     3  14012.5
 20CW  27-Aug-22 19:02 0014  HG5D           599  599  428           HA       3  14009.2
 20CW  27-Aug-22 19:03 0015  RC3U           599  599  315                    3  14007.6
 20CW  27-Aug-22 19:04 0016  YO7SR          599  599  DJ                     3  14054.0
 20CW  27-Aug-22 19:05 0017  YL2KO          599  599  077           YL       3  14043.9
 20CW  27-Aug-22 19:07 0018  YO9HP          599  599  PH                     3  14038.6
 20CW  27-Aug-22 19:08 0019  EA5DF          599  599  173           EA       3  14036.1
 20CW  27-Aug-22 19:09 0020  RL2D           599  599  228                    3  14034.9
 20CW  27-Aug-22 19:10 0021  N4AF           599  599  229                    5  14031.4
 20CW  27-Aug-22 19:11 0022  YO9IUP         599  599  DB                     3  14028.5
 20CW  27-Aug-22 19:12 0023  UI6D           599  599  113                    3  14027.9
 20CW  27-Aug-22 19:18 0024  N2YO           599  599  475                    5  14024.9
 20CW  27-Aug-22 19:18 0025  UY4MK          599  599  589           UR       3  14024.9
 20CW  27-Aug-22 19:21 0026  RM2D           599  599  267                    3  14022.0
 20CW  27-Aug-22 19:22 0027  N3RD           599  599  313                    5  14018.0
 40CW  27-Aug-22 19:24 0028  YO5ODT         599  599  BN            YO       3   7039.5
 40CW  27-Aug-22 19:26 0029  OM3CPF         599  599  133           OM       3   7034.5
 40CW  27-Aug-22 19:28 0030  OZ3SM          599  599  276           OZ       3   7033.8
 40CW  27-Aug-22 19:28 0031  SD6M           599  599  067           SM       3   7033.0
 40CW  27-Aug-22 19:29 0032  SM0Q           599  599  210                    3   7032.5
 40CW  27-Aug-22 19:30 0033  YO9CB          599  599  PH                     3   7031.5
 40CW  27-Aug-22 19:31 0034  EA4AOC         599  599  564           EA       3   7031.0
 40CW  27-Aug-22 19:47 0035  YO6KNE         599  599  HR                     3   7029.4
 40CW  27-Aug-22 19:50 0036  YR0S           599  599  GL                     3   7028.7
 20CW  27-Aug-22 19:53 0037  KU2M           599  599  268                    5  14015.6
 80CW  27-Aug-22 19:57 0038  PA5WT          599  599  327           PA       3   3526.2
 80CW  27-Aug-22 19:59 0039  PE6Q           599  599  184                    3   3520.8
 80CW  27-Aug-22 20:00 0040  HA7I           599  599  429           HA       3   3517.0
 80CW  27-Aug-22 20:03 0041  F5OZC          599  599  121           F        3   3515.2
 40CW  27-Aug-22 20:06 0042  SQ5J           599  599  056           SP       3   7027.1
 40CW  27-Aug-22 20:10 0043  HA3HO          599  599  018           HA       3   7026.1
 40CW  27-Aug-22 20:14 0044  IZ2EER         599  599  017           I        3   7025.5
 10CW  28-Aug-22 08:53 0045  IT9RZU         599  599  007           IT9      3  28016.9
 10CW  28-Aug-22 08:57 0046  OH6AC          599  599  056           OH       3  28031.2
 10CW  28-Aug-22 09:04 0047  HA2KMR         599  599  787           HA       3  28030.8
 10CW  28-Aug-22 09:06 0048  EW8DX          599  599  830           EU       3  28028.6
 10CW  28-Aug-22 09:08 0049  OY1CT          599  599  614           OY       3  28023.1
 10CW  28-Aug-22 09:09 0050  IT9ZZO         599  599  053                    3  28021.5
 15CW  28-Aug-22 09:12 0051  D4Z            599  599  868           D4       5  21039.0
 15CW  28-Aug-22 09:14 0052  SM6TOL         599  599  158           SM       3  21034.4
 15CW  28-Aug-22 09:15 0053  OT6E           599  599  470           ON       3  21031.2
 15CW  28-Aug-22 09:19 0054  S59AA          599  599  174           S5       3  21025.4
 15CW  28-Aug-22 09:20 0055  YP8T           599  599  SV            YO       3  21020.0
 15CW  28-Aug-22 09:21 0056  CT7/DL6IAK     599  599  158           CT       3  21019.0
 15CW  28-Aug-22 09:22 0057  YR9F           599  599  GR                     3  21015.3
 15CW  28-Aug-22 09:23 0058  EA4AOC         599  599  954           EA       3  21014.0
 15CW  28-Aug-22 09:25 0059  SE5E           599  599  276                    3  21037.4
 15CW  28-Aug-22 09:25 0060  HA5JI          599  599  896           HA       3  21032.8
 15CW  28-Aug-22 09:27 0061  OY1CT          599  599  627           OY       3  21032.2
 15CW  28-Aug-22 09:29 0062  YL1ZX          599  599  540           YL       3  21027.5
 15CW  28-Aug-22 09:32 0063  OH2KW          599  599  783           OH       3  21021.0
 15CW  28-Aug-22 09:38 0064  RN3AC          599  599  600           UA       3  21015.1
 15CW  28-Aug-22 09:39 0065  EB5F           599  599  118                    3  21058.5
 15CW  28-Aug-22 09:41 0066  CT1DRB         599  599  410                    3  21046.1
 10CW  28-Aug-22 09:43 0067  SM2M           599  599  1035          SM       3  28027.0
 10CW  28-Aug-22 09:43 0068  IK8UND         599  599  584           I        3  28025.7
 10CW  28-Aug-22 09:47 0069  SM5CSS         599  599  359                    3  28016.5
 10CW  28-Aug-22 09:48 0070  EA4AOC         599  599  988           EA       3  28030.0
 10CW  28-Aug-22 09:49 0071  YL7X           599  599  569           YL       3  28028.0
 10CW  28-Aug-22 09:51 0072  EA5DF          599  599  305                    3  28026.0
 10CW  28-Aug-22 09:52 0073  RN3AC          599  599  609           UA       3  28025.2
 10CW  28-Aug-22 09:53 0074  RL5A           599  599  360                    3  28021.0
 10CW  28-Aug-22 09:54 0075  YO3GCL         599  599  BU            YO       3  28031.8
 20CW  28-Aug-22 09:59 0076  EA2AZ          599  599  069                    3  14033.0
 20CW  28-Aug-22 09:59 0077  YL1YF          599  599  543                    3  14032.2
 20CW  28-Aug-22 10:00 0078  LC5P           599  599  076           LA       3  14031.3
 20CW  28-Aug-22 10:03 0079  SE0B           599  599  143           SM       3  14029.3
 20CW  28-Aug-22 10:04 0080  S59AA          599  599  256           S5       3  14028.8
 20CW  28-Aug-22 10:05 0081  HA5JI          599  599  961                    3  14027.7
 20CW  28-Aug-22 10:05 0082  SE5E           599  599  363                    3  14027.2
 20CW  28-Aug-22 10:15 0083  YR8I           599  599  IS                     3  14024.9
 20CW  28-Aug-22 10:16 0084  RC9J           599  599  484           UA9      5  14024.0
 20CW  28-Aug-22 10:16 0085  EW8DX          599  599  897                    3  14023.6
 20CW  28-Aug-22 10:32 0086  RA9AP          599  599  354                    5  14022.6
 20CW  28-Aug-22 10:33 0087  HA7RY          599  599  474                    3  14021.3
 20CW  28-Aug-22 10:33 0088  HA5LN          599  599  130                    3  14020.6
 20CW  28-Aug-22 10:36 0089  IZ8GCB         599  599  200                    3  14018.5
 20CW  28-Aug-22 10:39 0090  HA4A           599  599  781                    3  14017.0
 20CW  28-Aug-22 10:42 0091  SQ9S           599  599  138           SP       3  14014.0
 20CW  28-Aug-22 10:44 0092  4X6FR          599  599  612           4X       5  14013.3
 20CW  28-Aug-22 10:45 0093  IT9IMJ         599  599  321           IT9      3  14010.0
 20CW  28-Aug-22 10:46 0094  YU1ED          599  599  033           YU       3  14033.8
 20CW  28-Aug-22 10:54 0095  RT4W           599  599  148                    3  14033.4
 20CW  28-Aug-22 10:55 0096  SM0Q           599  599  382                    3  14032.5
 20CW  28-Aug-22 10:57 0097  MM4D           599  599  314           GM       3  14031.0
 20CW  28-Aug-22 10:58 0098  HA2KMR         599  599  865                    3  14030.0
 20CW  28-Aug-22 10:59 0099  SM2M           599  599  1140                   3  14028.0
 20CW  28-Aug-22 11:01 0100  OK1OA          599  599  485           OK       3  14026.5
 20CW  28-Aug-22 11:02 0101  SP9YGD         599  599  074                    3  14025.0
 20CW  28-Aug-22 11:03 0102  OM3CW          599  599  152           OM       3  14023.9
 20CW  28-Aug-22 11:06 0103  LZ1ND          599  599  802                    3  14020.5
 20CW  28-Aug-22 11:08 0104  RN6AT          599  599  371                    3  14019.0
 20CW  28-Aug-22 11:08 0105  EA4AOC         599  599  1067                   3  14018.5
 20CW  28-Aug-22 11:09 0106  LA8HGA         599  599  594                    3  14017.5
 20CW  28-Aug-22 11:09 0107  YO4NF          599  599  CT                     3  14016.5
 20CW  28-Aug-22 11:10 0108  IK8UND         599  599  668                    3  14015.3
 15CW  28-Aug-22 11:44 0109  EA4FL          599  599  186                    3  21027.7
 15CW  28-Aug-22 11:46 0110  SM2M           599  599  1201                   3  21021.0
 15CW  28-Aug-22 11:48 0111  PY1VOY         599  599  116           PY       5  21011.8
 15CW  28-Aug-22 11:49 0112  N2YO           599  599  1065          K        5  21010.0
 20CW  28-Aug-22 11:53 0113  F5PHY          599  599  449           F        3  14051.5
 20CW  28-Aug-22 11:54 0114  EB5F           599  599  190                    3  14054.5
 20CW  28-Aug-22 11:55 0115  RK3P           599  599  634                    3  14046.0
 20CW  28-Aug-22 11:56 0116  R3OM           599  599  751                    3  14044.7
 20CW  28-Aug-22 11:57 0117  OH7CW          599  599  134           OH       3  14042.9
 20CW  28-Aug-22 11:57 0118  EW1M           599  599  631                    3  14041.8
 20CW  28-Aug-22 11:58 0119  RO5X           599  599  774                    3  14039.6
 20CW  28-Aug-22 11:59 0120  OY1CT          599  599  753           OY       3  14035.1
