 15CW  02-Jul-23 10:40 0001  RT2F           599  599  263           UA2      3  21027.3
 15CW  02-Jul-23 10:42 0002  9A3VM          599  599  641           9A       3  21025.1
 15CW  02-Jul-23 10:43 0003  RG9A           599  599  1198          UA9      5  21012.6
 15CW  02-Jul-23 10:44 0004  EW1TZ          599  599  416           EU       3  21012.0
 15CW  02-Jul-23 10:45 0005  HG4I           599  599  1007          HA       3  21034.1
 15CW  02-Jul-23 10:47 0006  EU8U           599  599  1192                   3  21018.4
 20CW  02-Jul-23 11:01 0007  I5MXX          599  599  100           I        3  14037.7
 20CW  02-Jul-23 11:10 0008  IT9IVU         599  599  572           IT9      3  14025.1
 20CW  02-Jul-23 11:11 0009  EA7Q           599  599  463           EA       3  14024.0
 20CW  02-Jul-23 11:11 0010  YT2ISM         599  599  451           YU       3  14023.1
 20CW  02-Jul-23 11:12 0011  UY5ZZ          599  599  081           UR       3  14021.5
 20CW  02-Jul-23 11:13 0012  OK2TJ          599  599  279           OK       3  14020.0
 20CW  02-Jul-23 11:13 0013  EU8U           599  599  1214          EU       3  14018.8
 20CW  02-Jul-23 11:14 0014  YT1A           599  599  701                    3  14015.0
 20CW  02-Jul-23 11:16 0015  UF1A           599  599  223           UA       3  14011.5
 20CW  02-Jul-23 11:16 0016  SQ3JPV         599  599  014           SP       3  14010.0
 20CW  02-Jul-23 11:17 0017  YL4WRTC        599  599  946           YL       3  14009.5
 15CW  02-Jul-23 11:18 0018  UA4PN          599  599  009           UA       3  21010.5
 15CW  02-Jul-23 11:19 0019  LZ1ZJ          599  599  484           LZ       3  21014.4
 15CW  02-Jul-23 11:19 0020  P3X            599  599  1310          5B       5  21014.0
 15CW  02-Jul-23 11:21 0021  RM1T           599  599  838                    3  21017.6
 15CW  02-Jul-23 11:21 0022  OY1CT          599  599  580           OY       3  21018.9
 15CW  02-Jul-23 11:22 0023  CT1DRB         599  599  396           CT       3  21021.3
 15CW  02-Jul-23 11:23 0024  YL2QV          599  599  179           YL       3  21031.4
 15CW  02-Jul-23 11:24 0025  UN3M           599  599  212           UN       5  21040.0
 15CW  02-Jul-23 11:29 0026  K1LZ           599  599  1118          K        5  21015.5
 15CW  02-Jul-23 11:30 0027  CT1BOH         599  599  144                    3  21014.9
 15CW  02-Jul-23 11:31 0028  UI7D           599  599  080                    3  21018.6
 15CW  02-Jul-23 11:31 0029  E74X           599  599  380           E7       3  21019.5
 15CW  02-Jul-23 11:32 0030  RU1AC          599  599  962                    3  21020.5
 15CW  02-Jul-23 11:34 0031  HG1G           599  599  093                    3  21025.6
 15CW  02-Jul-23 11:38 0032  RK9CYA         599  599  186                    5  21026.8
 15CW  02-Jul-23 11:41 0033  YL7X           599  599  1234                   3  21033.5
 20CW  02-Jul-23 12:55 0034  CT3KN          599  599  229           CT3      5  14006.9
 20CW  02-Jul-23 12:55 0035  TC100TC        599  599  000           TA       5  14005.0
 20CW  02-Jul-23 12:57 0036  S53F           599  599  1259          S5       3  14010.5
 20CW  02-Jul-23 12:57 0037  IK6QON         599  599  493                    3  14011.5
 20CW  02-Jul-23 13:00 0038  LZ1QN          599  599  309           LZ       3  14015.8
 20CW  02-Jul-23 13:00 0039  YL7X           599  599  1289                   3  14016.5
 20CW  02-Jul-23 13:01 0040  P3X            599  599  1390          5B       5  14020.0
 20CW  02-Jul-23 13:02 0041  R8LA           599  599  200           UA9      5  14021.0
 20CW  02-Jul-23 13:03 0042  S53V           599  599  642                    3  14022.7
 20CW  02-Jul-23 13:04 0043  YT7X           599  599  226                    3  14023.6
 20CW  02-Jul-23 13:05 0044  IZ8GCB         599  599  334                    3  14024.5
 20CW  02-Jul-23 13:08 0045  E77EA          599  599  094           E7       3  14027.0
 20CW  02-Jul-23 13:09 0046  UW2U           599  599  412                    3  14028.0
 20CW  02-Jul-23 13:10 0047  YL1ZX          599  599  526                    3  14028.8
