 40CW  13-Nov-23 16:32 0001  DL1NKS         599  599  005           DL       2   7035.1
 40CW  13-Nov-23 16:33 0002  DL6MHW         599  599  005                    2   7034.6
 40CW  13-Nov-23 16:33 0003  OK1FHI         599  599  007           OK       3   7034.0
 40CW  13-Nov-23 16:34 0004  SE0B           599  599  003           SM       3   7033.6
 40CW  13-Nov-23 16:34 0005  EA3X           599  599  008           EA       3   7033.0
 40CW  13-Nov-23 16:35 0006  OK5OO          599  599  011                    3   7032.6
 40CW  13-Nov-23 16:36 0007  SN5N           599  599  013           SP       3   7032.0
 40CW  13-Nov-23 16:37 0008  OK1FRJ         599  599  013                    3   7030.8
 40CW  13-Nov-23 16:38 0009  OK1JRU         599  599  009                    3   7030.1
 40CW  13-Nov-23 16:39 0010  OK1RZ          599  599  023                    3   7029.8
 40CW  13-Nov-23 16:39 0011  OM5ZW          599  599  027           OM       3   7029.3
 40CW  13-Nov-23 16:40 0012  HA5OV          599  599  022           HA       3   7029.0
 40CW  13-Nov-23 16:41 0013  OK1FGD         599  599  022                    3   7028.7
 40CW  13-Nov-23 16:43 0014  OM5RM          599  599  026                    3   7026.2
 40CW  13-Nov-23 16:43 0015  OK1FMX         599  599  018                    3   7026.2
 40CW  13-Nov-23 16:44 0016  OK1TRJ         599  599  019                    3   7026.2
 40CW  13-Nov-23 16:44 0017  SM6LPG         599  599  009                    3   7026.2
 40CW  13-Nov-23 16:44 0018  OK1TN          599  599  031                    3   7026.2
 40CW  13-Nov-23 16:45 0019  DK5FN          599  599  018                    2   7026.2
 40CW  13-Nov-23 16:45 0020  DL9ZP          599  599  022                    2   7026.2
 40CW  13-Nov-23 16:46 0021  CT7BJG         599  599  005           CT       3   7026.2
 40CW  13-Nov-23 16:46 0022  SQ6JNX         599  599  019                    3   7026.2
 40CW  13-Nov-23 16:47 0023  OK1AMX         599  599  024                    3   7026.2
 40CW  13-Nov-23 16:47 0024  DL6AA          599  599  036                    2   7026.2
 40CW  13-Nov-23 16:48 0025  YL2TD          599  599  038           YL       3   7026.2
 40CW  13-Nov-23 16:49 0026  UR7MG          599  599  018           UR       3   7026.2
 40CW  13-Nov-23 16:49 0027  DA0BCC         599  599  048                    2   7026.2
 40CW  13-Nov-23 16:49 0028  DL8HK          599  599  024                    2   7026.2
 40CW  13-Nov-23 16:50 0029  OL1T           599  599  039                    3   7026.2
 40CW  13-Nov-23 16:52 0030  OK1RKS         599  599  041                    3   7026.3
 40CW  13-Nov-23 16:52 0031  M4N            599  599  046           G        3   7026.3
 40CW  13-Nov-23 16:53 0032  DJ9SN          599  599  020                    2   7026.3
 40CW  13-Nov-23 16:53 0033  DF7YE          599  599  046                    2   7026.3
 40CW  13-Nov-23 16:53 0034  OL2M           599  599  033                    3   7026.3
 40CW  13-Nov-23 16:54 0035  OL8R           599  599  061                    3   7026.3
 40CW  13-Nov-23 16:55 0036  OK5SA          599  599  010                    3   7026.3
 40CW  13-Nov-23 16:55 0037  DL4ME          599  599  059                    2   7026.3
 40CW  13-Nov-23 16:56 0038  ON4EM          599  599  042           ON       3   7026.3
 40CW  13-Nov-23 16:56 0039  SN5J           599  599  046                    3   7026.3
 40CW  13-Nov-23 16:57 0040  OK2NAJ         599  599  041                    3   7026.3
 40CW  13-Nov-23 16:58 0041  DJ4WT          599  599  005                    2   7026.3
 40CW  13-Nov-23 16:59 0042  SP7N           599  599  050                    3   7026.3
 40CW  13-Nov-23 17:00 0043  OK5D           599  599  051                    3   7026.3
 40CW  13-Nov-23 17:00 0044  RX3Q           599  599  048           UA       3   7026.3
 40CW  13-Nov-23 17:00 0045  SN2S           599  599  044                    3   7026.3
 40CW  13-Nov-23 17:01 0046  OK1FHD         599  599  033                    3   7026.3
 40CW  13-Nov-23 17:01 0047  DH4GH          599  599  019                    2   7026.3
 40CW  13-Nov-23 17:03 0048  SN1T           599  599  090                    3   7026.3
 40CW  13-Nov-23 17:03 0049  SD1A           599  599  049                    3   7026.3
 40CW  13-Nov-23 17:03 0050  PA2A           599  599  063           PA       3   7026.3
 40CW  13-Nov-23 17:04 0051  R3GG           599  599  048                    3   7026.3
 40CW  13-Nov-23 17:04 0052  UA4FCO         599  599  023                    3   7026.3
 40CW  13-Nov-23 17:05 0053  HA6NL          599  599  079                    3   7026.3
 40CW  13-Nov-23 17:05 0054  SP4TKR         599  599  056                    3   7026.3
 40CW  13-Nov-23 17:06 0055  HB9CMW         599  599  018           HB       3   7026.3
 40CW  13-Nov-23 17:07 0056  SN3K           599  599  072                    3   7026.3
 40CW  13-Nov-23 17:08 0057  OH1SIC         599  599  043           OH       3   7026.3
 40CW  13-Nov-23 17:09 0058  S53F           599  599  078           S5       3   7026.3
 40CW  13-Nov-23 17:10 0059  SP2QG          599  599  071                    3   7026.3
 40CW  13-Nov-23 17:10 0060  OK2VX          599  599  040                    3   7026.3
 40CW  13-Nov-23 17:11 0061  OK1OFM         599  599  064                    3   7026.3
 40CW  13-Nov-23 17:11 0062  OK2QA          599  599  064                    3   7026.3
 40CW  13-Nov-23 17:12 0063  HG1G           599  599  080                    3   7026.3
 40CW  13-Nov-23 17:12 0064  SM6DHF         599  599  049                    3   7026.3
 40CW  13-Nov-23 17:13 0065  DJ4MX          599  599  068                    2   7026.3
 40CW  13-Nov-23 17:14 0066  SD6F           599  599  089                    3   7026.3
 40CW  13-Nov-23 17:15 0067  SM5DXR         599  599  045                    3   7026.3
 40CW  13-Nov-23 17:15 0068  HB9BXE         599  599  085                    3   7026.3
 40CW  13-Nov-23 17:16 0069  E77EA          599  599  015           E7       3   7024.5
 40CW  13-Nov-23 17:17 0070  YU1RA          599  599  062           YU       3   7023.7
 40CW  13-Nov-23 17:18 0071  OM5JA          599  599  057                    3   7022.5
 40CW  13-Nov-23 17:18 0072  OZ7BQ          599  599  062           OZ       3   7021.3
 40CW  13-Nov-23 17:19 0073  OT6E           599  599  085                    3   7031.7
 40CW  13-Nov-23 17:20 0074  UR7MZ          599  599  059                    3   7030.7
 40CW  13-Nov-23 17:21 0075  OK2CQR         599  599  010                    3   7030.4
 40CW  13-Nov-23 17:26 0076  OK1GSB         599  599  051                    3   7026.8
 40CW  13-Nov-23 17:27 0077  OK2SLS         599  599  037                    3   7026.3
 40CW  13-Nov-23 17:27 0078  HG5E           599  599  108                    3   7026.3
 40CW  13-Nov-23 17:29 0079  SM6TOL         599  599  064                    3   7026.3
