 40CW  28-Aug-23 16:30 0001  DD5M           599  599  002           DL       2   7032.6
 40CW  28-Aug-23 16:31 0002  OK1IBP         599  599  003           OK       3   7031.9
 40CW  28-Aug-23 16:31 0003  SC6O           599  599  002           SM       3   7031.6
 40CW  28-Aug-23 16:33 0004  OK1DEP         599  599  005                    3   7031.3
 40CW  28-Aug-23 16:33 0005  DL7YS          599  599  007                    2   7030.9
 40CW  28-Aug-23 16:34 0006  DJ9SN          599  599  005                    2   7030.6
 40CW  28-Aug-23 16:35 0007  OL750HOL       599  599  009                    3   7029.9
 40CW  28-Aug-23 16:37 0008  SN5N           599  599  019           SP       3   7029.0
 40CW  28-Aug-23 16:39 0009  YL3JD          599  599  015           YL       3   7037.4
 40CW  28-Aug-23 16:40 0010  OK5FF          599  599  019                    3   7037.4
 40CW  28-Aug-23 16:40 0011  SP4TKR         599  599  018                    3   7037.4
 40CW  28-Aug-23 16:41 0012  SM0OEK         599  599  015                    3   7037.4
 40CW  28-Aug-23 16:41 0013  PA2A           599  599  017           PA       3   7037.4
 40CW  28-Aug-23 16:41 0014  DL50DAH        599  599  018                    2   7037.4
 40CW  28-Aug-23 16:42 0015  SP2R           599  599  028                    3   7037.4
 40CW  28-Aug-23 16:42 0016  HA6NL          599  599  033           HA       3   7037.4
 40CW  28-Aug-23 16:43 0017  OK2SLS         599  599  010                    3   7037.4
 40CW  28-Aug-23 16:43 0018  SE5T           599  599  013                    3   7037.4
 40CW  28-Aug-23 16:44 0019  DJ9MH          599  599  024                    2   7037.4
 40CW  28-Aug-23 16:45 0020  G4LJU          599  599  009           G        3   7037.4
 40CW  28-Aug-23 16:46 0021  OK1DSZ         599  599  021                    3   7037.4
 40CW  28-Aug-23 16:46 0022  PC4H           599  599  028                    3   7037.4
 40CW  28-Aug-23 16:47 0023  OK1TN          599  599  045                    3   7037.4
 40CW  28-Aug-23 16:47 0024  OK1WSL         599  599  019                    3   7037.4
 40CW  28-Aug-23 16:48 0025  OK2IW          599  599  015                    3   7037.4
 40CW  28-Aug-23 16:49 0026  DA0BCC         599  599  026                    2   7037.4
 40CW  28-Aug-23 16:50 0027  DL8IH          599  599  006                    2   7037.4
 40CW  28-Aug-23 16:50 0028  OK1ITK         599  599  015                    3   7037.4
 40CW  28-Aug-23 16:51 0029  SA5NR          599  599  018                    3   7037.4
 40CW  28-Aug-23 16:53 0030  SW8YA          599  599  028           SV       3   7037.4
 40CW  28-Aug-23 16:54 0031  PA5WT          599  599  027                    3   7037.4
 40CW  28-Aug-23 16:55 0032  SP8BXL         599  599  034                    3   7037.4
 40CW  28-Aug-23 16:55 0033  HA5MA          599  599  039                    3   7037.4
 40CW  28-Aug-23 16:56 0034  OK2PYA         599  599  042                    3   7037.4
 40CW  28-Aug-23 16:57 0035  DL8MAS         599  599  048                    2   7037.4
 40CW  28-Aug-23 16:58 0036  OG6B           599  599  017           OH       3   7037.4
 40CW  28-Aug-23 16:59 0037  OK1DZD         599  599  007                    3   7037.4
 40CW  28-Aug-23 17:00 0038  HB9CMW         599  599  014           HB       3   7037.4
 40CW  28-Aug-23 17:01 0039  OK1NU          599  599  031                    3   7037.4
 40CW  28-Aug-23 17:01 0040  OK1NG          599  599  037                    3   7037.4
 40CW  28-Aug-23 17:02 0041  ON4EM          599  599  045           ON       3   7037.4
 40CW  28-Aug-23 17:02 0042  OK5M           599  599  034                    3   7037.4
 40CW  28-Aug-23 17:03 0043  OK1USP         599  599  022                    3   7037.4
 40CW  28-Aug-23 17:04 0044  HA5BA          599  599  045                    3   7037.4
 40CW  28-Aug-23 17:05 0045  DL1RTL         599  599  049                    2   7037.4
 40CW  28-Aug-23 17:06 0046  OK1TD          599  599  048                    3   7037.4
 40CW  28-Aug-23 17:06 0047  DJ4MX          599  599  078                    2   7037.4
 40CW  28-Aug-23 17:07 0048  HG5E           599  599  077                    3   7037.4
 40CW  28-Aug-23 17:07 0049  SP2R           599  599  074                    0   7037.4
 40CW  28-Aug-23 17:08 0050  SM5ACQ         599  599  052                    3   7037.7
 40CW  28-Aug-23 17:08 0051  DJ1OJ          599  599  049                    2   7036.6
 40CW  28-Aug-23 17:09 0052  OT6E           599  599  054                    3   7036.1
 40CW  28-Aug-23 17:10 0053  OM5JA          599  599  046           OM       3   7033.1
 40CW  28-Aug-23 17:10 0054  DL5YM          599  599  080                    2   7028.6
 40CW  28-Aug-23 17:11 0055  OK1OA          599  599  068                    3   7027.6
 40CW  28-Aug-23 17:11 0056  E77EA          599  599  085           E7       3   7026.5
 40CW  28-Aug-23 17:12 0057  OK1FGD         599  599  067                    3   7025.5
 40CW  28-Aug-23 17:12 0058  PA3ARM         599  599  069                    3   7022.8
 40CW  28-Aug-23 17:13 0059  ON4EM          599  599  065                    0   7022.1
 40CW  28-Aug-23 17:14 0060  DL4YR          599  599  034                    2   7023.4
 40CW  28-Aug-23 17:15 0061  YO8DOH         599  599  030           YO       3   7024.8
 40CW  28-Aug-23 17:15 0062  SE0B           599  599  083                    3   7026.8
 40CW  28-Aug-23 17:16 0063  OK1RZ          599  599  091                    3   7027.9
 40CW  28-Aug-23 17:17 0064  OK1FRJ         599  599  067                    3   7029.4
 40CW  28-Aug-23 17:18 0065  OZ7BQ          599  599  052           OZ       3   7027.2
 40CW  28-Aug-23 17:19 0066  OK1DOR         599  599  073                    3   7024.1
 40CW  28-Aug-23 17:20 0067  OK5OO          599  599  084                    3   7023.6
 40CW  28-Aug-23 17:21 0068  OM5TZ          599  599  072                    3   7025.2
 40CW  28-Aug-23 17:21 0069  DL6MHW         599  599  082                    2   7030.3
 40CW  28-Aug-23 17:22 0070  OK2NO          599  599  091                    3   7031.0
 40CW  28-Aug-23 17:23 0071  SD1A           599  599  059                    3   7034.0
 40CW  28-Aug-23 17:24 0072  HA8MV          599  599  065                    3   7034.4
 40CW  28-Aug-23 17:25 0073  HA3HO          599  599  062                    3   7034.8
 40CW  28-Aug-23 17:25 0074  OK1FHI         599  599  090                    3   7035.5
 40CW  28-Aug-23 17:26 0075  DF8TY          599  599  041                    2   7036.8
 40CW  28-Aug-23 17:27 0076  OK1DM          599  599  071                    3   7037.8
 40CW  28-Aug-23 17:29 0077  RX3QNE         599  599  053           UA       3   7021.5
