 20CW  03-Jun-23 16:32 0001  R6CZ/P         599  599  097           UA       3  14049.6
 20CW  03-Jun-23 16:33 0002  ER3R/P         599  599  132           ER       3  14044.9
 40CW  03-Jun-23 16:49 0003  DM3M/P         599  599  98            DL       2   7033.8
 40CW  03-Jun-23 17:03 0004  ON4MLB/P       599  599  034           ON       3   7031.5
 40CW  03-Jun-23 17:04 0005  DL0EF/P        599  599  062                    2   7030.5
 40CW  03-Jun-23 17:05 0006  OO7Z/P         599  599  092                    3   7029.5
 40CW  03-Jun-23 17:05 0007  OR5N/P         599  599  045                    3   7028.0
 40CW  03-Jun-23 17:07 0008  M0XG/P         599  599  117           G        3   7025.7
 40CW  03-Jun-23 17:09 0009  G0IVR/P        599  599  090                    3   7024.1
 40CW  03-Jun-23 17:10 0010  DF8AE/P        599  599  066                    2   7021.1
 40CW  03-Jun-23 17:10 0011  ON6LL/P        599  599  095                    3   7020.5
 40CW  03-Jun-23 17:13 0012  ON6SI/P        599  599  131                    3   7019.1
 40CW  03-Jun-23 17:14 0013  HB9JOE/P       599  599  081           HB       3   7018.5
 40CW  03-Jun-23 17:16 0014  OT5X/P         599  599  133                    3   7015.5
 40CW  03-Jun-23 19:16 0015  R5DC/P         599  599  344           UA       3   7015.2
 40CW  03-Jun-23 19:17 0016  DK5KK/P        599  599  156                    2   7014.5
 40CW  03-Jun-23 19:18 0017  M2A/P          599  599  253                    3   7012.3
 40CW  03-Jun-23 19:18 0018  G3UES/P        599  599  222                    3   7011.3
 40CW  03-Jun-23 19:19 0019  DL0TE/P        599  599  252                    2   7010.4
 40CW  03-Jun-23 19:19 0020  R1CA/P         599  599  318                    3   7010.0
 40CW  03-Jun-23 19:20 0021  DL7A/P         599  599  227                    2   7009.5
 40CW  03-Jun-23 19:30 0022  DF5I/P         599  599  250                    2   7008.3
 40CW  03-Jun-23 19:32 0023  PI4GAZ/P       599  599  166           PA       3   7007.4
 40CW  03-Jun-23 19:34 0024  ER3R/P         599  599  308           ER       3   7006.5
 40CW  03-Jun-23 19:42 0025  DM5B/P         599  599  126                    2   7003.8
 40CW  03-Jun-23 19:43 0026  DK0MN/P        599  599  241                    2   7037.0
 40CW  03-Jun-23 19:48 0027  G4ALE/P        599  599  310                    3   7036.6
 40CW  03-Jun-23 19:53 0028  S50X/P         599  599  135           S5       3   7036.3
 40CW  03-Jun-23 19:56 0029  DL0FD/P        599  599  129                    2   7034.5
 40CW  03-Jun-23 19:57 0030  DR8C/P         599  599  305                    2   7033.6
 40CW  03-Jun-23 19:57 0031  DK0FC/P        599  599  230                    2   7032.5
 40CW  03-Jun-23 19:59 0032  DF0VK/P        599  599  183                    2   7030.2
 40CW  03-Jun-23 20:00 0033  DL0LB/P        599  599  211                    2   7028.4
 40CW  03-Jun-23 20:00 0034  DM3F/P         599  599  305                    2   7028.0
 40CW  03-Jun-23 20:01 0035  DF0SX/P        599  599  243                    2   7027.3
 40CW  03-Jun-23 20:02 0036  G4ARN/P        599  599  287                    3   7025.7
 40CW  03-Jun-23 20:03 0037  DL0MZ/P        599  599  257                    2   7025.3
 40CW  03-Jun-23 20:04 0038  HB9AJ/P        599  599  316                    3   7024.7
 40CW  03-Jun-23 20:05 0039  G6MC/P         599  599  300                    3   7024.1
 40CW  03-Jun-23 20:06 0040  DM2I/P         599  599  226                    2   7023.3
 20CW  03-Jun-23 20:09 0041  PI4AMF/P       599  599  317           PA       3  14009.5
 40CW  03-Jun-23 20:13 0042  DL0RD/P        599  599  103                    2   7022.4
 40CW  03-Jun-23 20:15 0043  HB9EP/P        599  599  280                    3   7022.1
 40CW  03-Jun-23 20:17 0044  DL0GZ/P        599  599  238                    2   7023.6
 40CW  03-Jun-23 20:18 0045  DM3C/P         599  599  314                    2   7018.2
 40CW  03-Jun-23 20:18 0046  G2CP/P         599  599  160                    3   7018.7
 40CW  03-Jun-23 20:20 0047  OM/DL7AU/P     599  599  176           OM       3   7019.3
 40CW  03-Jun-23 20:23 0048  GM0ADX/P       599  599  220           GM       3   7016.5
 40CW  03-Jun-23 20:25 0049  UA3QLC/P       599  599  267                    3   7014.1
 40CW  03-Jun-23 20:26 0050  OT0K/P         599  599  165                    3   7013.4
 40CW  03-Jun-23 20:28 0051  DQ1V/P         599  599  197                    2   7009.2
 40CW  03-Jun-23 20:29 0052  G3ULT/P        599  599  108                    3   7008.1
 40CW  03-Jun-23 20:34 0053  DF2DR/P        599  599  095                    2   7029.3
 40CW  03-Jun-23 20:36 0054  DM8T/P         599  599  352                    2   7028.9
 40CW  03-Jun-23 20:37 0055  G5O/P          599  599  372                    3   7028.0
 40CW  03-Jun-23 20:40 0056  G4WAC/P        599  599  181                    3   7038.0
 40CW  03-Jun-23 20:44 0057  PI4AMF/P       599  599  340                    3   7033.8
 40CW  03-Jun-23 20:45 0058  DL0EU/P        599  599  136                    2   7020.1
 40CW  03-Jun-23 20:46 0059  DM5R/P         599  599  125                    2   7017.0
 40CW  03-Jun-23 20:47 0060  LZ2KSB/P       599  599  330           LZ       3   7043.0
 40CW  03-Jun-23 20:49 0061  DL2ARN/P       599  599  052                    2   7028.7
 40CW  03-Jun-23 20:50 0062  DL0FA/P        599  599  272                    2   7016.5
 40CW  03-Jun-23 20:52 0063  OL0A/P         599  599  083           OK       3   7011.2
 40CW  03-Jun-23 20:55 0064  IV3CGJ/P       599  599  107           I        3   7024.0
 80CW  03-Jun-23 20:56 0065  DL0FD/P        599  599  180           DL       2   3540.5
 80CW  03-Jun-23 20:58 0066  S50X/P         599  599  254           S5       3   3538.6
 80CW  03-Jun-23 20:59 0067  HB9EP/P        599  599  344           HB       3   3537.4
 80CW  03-Jun-23 20:59 0068  DR8C/P         599  599  375                    2   3535.6
 80CW  03-Jun-23 21:00 0069  OK1KMU/P       599  599  289           OK       3   3534.6
 80CW  03-Jun-23 21:03 0070  DK0MN/P        599  599  318                    2   3533.5
 80CW  03-Jun-23 21:04 0071  DM3C/P         599  599  369                    2   3532.8
 80CW  03-Jun-23 21:05 0072  DL0EF/P        599  599  198                    2   3532.3
 80CW  03-Jun-23 21:07 0073  G2CP/P         599  599  193           G        3   3530.5
 80CW  03-Jun-23 21:12 0074  ON4PQ/P        599  599  196           ON       3   3525.3
 80CW  03-Jun-23 21:12 0075  DF4U/P         599  599  200                    2   3524.8
 80CW  03-Jun-23 21:14 0076  DL0LB/P        599  599  260                    2   3523.8
 80CW  03-Jun-23 21:18 0077  DR3W/P         599  599  316                    2   3522.2
 80CW  03-Jun-23 21:18 0078  G4ALE/P        599  599  406                    3   3520.5
 80CW  03-Jun-23 21:19 0079  DR5W/P         599  599  309                    2   3519.8
 80CW  03-Jun-23 21:21 0080  GM0ADX/P       599  599  283           GM       3   3519.6
 80CW  03-Jun-23 21:36 0081  DL0GZ/P        599  599  341                    2   3518.0
 80CW  03-Jun-23 21:47 0082  DL0TE/P        599  599  422                    2   3512.0
 20CW  04-Jun-23 07:27 0083  R1CA/P         599  599  856                    3  14020.8
 20CW  04-Jun-23 08:21 0084  DM4L/P         599  599  932           DL       2  14026.0
 20CW  04-Jun-23 08:22 0085  GM4Z/P         599  599  785           GM       3  14025.2
 20CW  04-Jun-23 08:23 0086  G6MC/P         599  599  790           G        3  14019.6
 20CW  04-Jun-23 08:25 0087  IQ3DQ/P        599  599  000           I        3  14059.0
 20CW  04-Jun-23 08:28 0088  G4WSM/P        599  599  262                    3  14023.9
 15CW  04-Jun-23 08:30 0089  RN9S/P         599  599  507           UA9      5  21043.5
 15CW  04-Jun-23 08:31 0090  S50X/P         599  599  711           S5       3  21018.6
 15CW  04-Jun-23 08:32 0091  R1CA/P         599  599  933           UA       3  21015.5
 20CW  04-Jun-23 08:37 0092  HB9EP/P        599  599  809           HB       3  14023.2
 20CW  04-Jun-23 08:38 0093  GM3BSQ/P       599  599  028                    3  14010.7
 20CW  04-Jun-23 08:38 0094  DM3F/P         599  599  846                    2  14034.1
 15CW  04-Jun-23 12:59 0095  R6CZ/P         599  599  810                    3  21050.1
 20CW  04-Jun-23 13:04 0096  RK3TD/P        599  599  085                    3  14036.4
 20CW  04-Jun-23 13:05 0097  DL0ABT/P       599  599  571                    2  14020.4
 20CW  04-Jun-23 13:07 0098  DM3X/P         599  599  571                    2  14012.8
 20CW  04-Jun-23 13:09 0099  DL0TE/P        599  599  894                    2  14011.5
 20CW  04-Jun-23 13:10 0100  DM5B/P         599  599  547                    2  14004.2
 20CW  04-Jun-23 13:13 0101  GM0GAV/P       599  599  019                    3  14061.4
 20CW  04-Jun-23 13:14 0102  DM3C/P         599  599  1044                   2  14051.0
 20CW  04-Jun-23 13:15 0103  LZ2KSB/P       599  599  1117          LZ       3  14013.4
 20CW  04-Jun-23 13:22 0104  G5O/P          599  599  1118                   3  14027.5
 20CW  04-Jun-23 13:22 0105  R5DC/P         599  599  1207                   3  14031.4
 20CW  04-Jun-23 13:23 0106  DM8T/P         599  599  995                    2  14025.0
 20CW  04-Jun-23 13:27 0107  HB9IRF/P       599  599  280                    3  14043.1
 20CW  04-Jun-23 13:30 0108  DL0WB/P        599  599  251                    2  14041.8
 20CW  04-Jun-23 13:32 0109  DL3E/P         599  599  802                    2  14011.9
 40CW  04-Jun-23 13:37 0110  DL2DXA/P       599  599  050                    2   7026.0
 40CW  04-Jun-23 13:37 0111  DK0RA/P        599  599  934                    2   7017.1
 40CW  04-Jun-23 13:40 0112  G4WSM/P        599  599  381                    3   7013.4
 40CW  04-Jun-23 13:41 0113  DK0MM/P        599  599  1228                   2   7018.1
 40CW  04-Jun-23 13:43 0114  DL1ASA/P       599  599  606                    2   7022.0
 40CW  04-Jun-23 13:44 0115  DF4U/P         599  599  656                    2   7011.5
 15CW  04-Jun-23 13:47 0116  DM3C/P         599  599  1074          DL       2  21020.5
 15CW  04-Jun-23 13:49 0117  LZ2KSB/P       599  599  1145          LZ       3  21018.9
 15CW  04-Jun-23 13:53 0118  DP5X/P         599  599  707                    2  21027.6
 20CW  04-Jun-23 13:55 0119  DR5W/P         599  599  860                    2  14035.7
 20CW  04-Jun-23 13:55 0120  RM3F/P         599  599  061                    3  14033.7
 20CW  04-Jun-23 13:58 0121  DM2I/P         599  599  744                    2  14016.1
 20CW  04-Jun-23 14:01 0122  GM0ADX/P       599  599  867                    3  14013.3
 20CW  04-Jun-23 14:02 0123  R6BJ/P         599  599  179                    3  14009.0
 20CW  04-Jun-23 14:03 0124  IQ0PG/P        599  599  499                    3  14022.3
 20CW  04-Jun-23 14:04 0125  DQ1V/P         599  599  1025                   2  14027.8
 40CW  04-Jun-23 14:08 0126  G4BJM/P        599  599  424                    3   7024.0
 40CW  04-Jun-23 14:09 0127  G4FNL/P        599  599  1236                   3   7022.0
 40CW  04-Jun-23 14:10 0128  G3GRS/P        599  599  049                    3   7018.6
 40CW  04-Jun-23 14:10 0129  DR3W/P         599  599  1117                   2   7017.2
 40CW  04-Jun-23 14:13 0130  DM3X/P         599  599  634                    2   7013.5
 40CW  04-Jun-23 14:14 0131  DL0KF/P        599  599  715                    2   7026.4
 15CW  04-Jun-23 14:18 0132  ER3R/P         599  599  1112          ER       3  21021.0
 40CW  04-Jun-23 14:21 0133  DM2W/P         599  599  630                    2   7032.6
 40CW  04-Jun-23 14:22 0134  DL0XM/P        599  599  1020                   2   7032.0
 40CW  04-Jun-23 14:24 0135  DK0EP/P        599  599  816                    2   7029.3
 40CW  04-Jun-23 14:26 0136  DP6M/P         599  599  1149                   2   7025.3
 40CW  04-Jun-23 14:31 0137  HB9ND/P        599  599  408                    3   7015.2
 40CW  04-Jun-23 14:32 0138  DL3E/P         599  599  842                    2   7012.1
 40CW  04-Jun-23 14:33 0139  DL0HN/P        599  599  1034                   2   7012.7
 40CW  04-Jun-23 14:34 0140  G4A/P          599  599  983                    3   7025.5
 40CW  04-Jun-23 14:34 0141  DR5W/P         599  599  886                    2   7022.3
 40CW  04-Jun-23 14:38 0142  DA0M/P         599  599  472                    2   7009.0
 40CW  04-Jun-23 14:40 0143  GM4Z/P         599  599  1085                   3   7014.5
 40CW  04-Jun-23 14:42 0144  G3WRR/P        599  599  999                    3   7022.8
 40CW  04-Jun-23 14:43 0145  HB9AW/P        599  599  923                    3   7037.2
 40CW  04-Jun-23 14:44 0146  M0RYB/P        599  599  568                    3   7010.4
 20CW  04-Jun-23 14:46 0147  S50TTT/P       599  599  113           S5       3  14035.9
