 40CW  03-Jul-23 16:52 0001  HA6NL          599  599  039           HA       3   7033.4
 40CW  03-Jul-23 16:52 0002  DA3T           599  599  047           DL       2   7033.4
 40CW  03-Jul-23 16:53 0003  DJ3WE          599  599  045                    2   7033.4
 40CW  03-Jul-23 16:54 0004  SP3CW          599  599  032           SP       3   7033.4
 40CW  03-Jul-23 16:54 0005  DJ3XD          599  599  022                    2   7033.4
 40CW  03-Jul-23 16:55 0006  OK2PYA         599  599  049           OK       3   7033.4
 40CW  03-Jul-23 16:56 0007  SM5S           599  599  027           SM       3   7033.4
 40CW  03-Jul-23 16:57 0008  SP8HWM         599  599  034                    3   7033.4
 40CW  03-Jul-23 16:57 0009  OK4X           599  599  036                    3   7033.4
 40CW  03-Jul-23 16:58 0010  DL2PR          599  599  019                    2   7033.4
 40CW  03-Jul-23 16:59 0011  OM4AY          599  599  022           OM       3   7033.4
 40CW  03-Jul-23 17:00 0012  OK1FMX         599  599  047                    3   7033.4
 40CW  03-Jul-23 17:00 0013  SP4TKR         599  599  054                    3   7033.4
 40CW  03-Jul-23 17:00 0014  SP4JFR         599  599  043                    3   7033.4
 40CW  03-Jul-23 17:01 0015  OK2NO          599  599  053                    3   7033.4
 40CW  03-Jul-23 17:02 0016  DF8V           599  599  021                    2   7033.4
 40CW  03-Jul-23 17:02 0017  OK5M           599  599  050                    3   7033.4
 40CW  03-Jul-23 17:03 0018  HB9CMW         599  599  013           HB       3   7033.4
 40CW  03-Jul-23 17:03 0019  DL4ME          599  599  063                    2   7033.4
 40CW  03-Jul-23 17:03 0020  OL4W           599  599  054                    3   7033.4
 40CW  03-Jul-23 17:04 0021  S52W           599  599  059           S5       3   7033.4
 40CW  03-Jul-23 17:04 0022  SN1T           599  599  066                    3   7033.4
 40CW  03-Jul-23 17:05 0023  DA0RR          599  599  077                    2   7033.4
 40CW  03-Jul-23 17:05 0024  DJ3HW          599  599  025                    2   7033.4
 40CW  03-Jul-23 17:06 0025  HA5MA          599  599  063                    3   7033.4
 40CW  03-Jul-23 17:06 0026  DF0SX          599  599  052                    2   7033.4
 40CW  03-Jul-23 17:07 0027  DF7YE          599  599  063                    2   7033.4
 40CW  03-Jul-23 17:08 0028  DM5I           599  599  084                    2   7033.4
 40CW  03-Jul-23 17:08 0029  F6JOE          599  599  035           F        3   7033.4
 40CW  03-Jul-23 17:09 0030  DA0BCC         599  599  071                    2   7033.4
 40CW  03-Jul-23 17:09 0031  OG6B           599  599  043           OH       3   7033.4
 40CW  03-Jul-23 17:10 0032  DJ8EW          599  599  061                    2   7033.4
 40CW  03-Jul-23 17:10 0033  DJ5CW          599  599  024                    2   7033.4
