 40CW  07-Aug-23 17:06 0001  HG1G           599  599  072           HA       3   7032.9
 40CW  07-Aug-23 17:07 0002  SN3K           599  599  056           SP       3   7032.9
 40CW  07-Aug-23 17:08 0003  DJ5CW          599  599  004           DL       2   7031.4
 40CW  07-Aug-23 17:08 0004  DJ9SN          599  599  032                    2   7031.1
 40CW  07-Aug-23 17:09 0005  SP3MEP         599  599  067                    3   7030.8
 40CW  07-Aug-23 17:09 0006  OK2CQR         599  599  049           OK       3   7030.4
 40CW  07-Aug-23 17:10 0007  OK1RZ          599  599  068                    3   7029.2
 40CW  07-Aug-23 17:11 0008  SP3CW          599  599  052                    3   7028.6
 40CW  07-Aug-23 17:11 0009  DL5YM          599  599  078                    2   7027.6
 40CW  07-Aug-23 17:12 0010  ZA/SN1T        599  599  072           ZA       3   7026.0
 40CW  07-Aug-23 17:14 0011  S52W           599  599  096           S5       3   7036.1
 40CW  07-Aug-23 17:15 0012  OK4RQ          599  599  083                    3   7036.1
 40CW  07-Aug-23 17:15 0013  OK4X           599  599  006                    3   7036.1
 40CW  07-Aug-23 17:16 0014  OK2BFN         599  599  073                    3   7036.1
 40CW  07-Aug-23 17:16 0015  OK5OO          599  599  082                    3   7036.1
 40CW  07-Aug-23 17:17 0016  DJ8EW          599  599  065                    2   7036.1
 40CW  07-Aug-23 17:17 0017  OK2SFP         599  599  031                    3   7036.1
 40CW  07-Aug-23 17:18 0018  OG6B           599  599  051           OH       3   7036.1
 40CW  07-Aug-23 17:18 0019  HB9BJL         599  599  011           HB       3   7036.1
 40CW  07-Aug-23 17:19 0020  DA0BCC         599  599  059                    2   7036.1
 40CW  07-Aug-23 17:19 0021  SP4JFR         599  599  071                    3   7036.1
 40CW  07-Aug-23 17:20 0022  OK1IBP         599  599  078                    3   7036.1
 40CW  07-Aug-23 17:20 0023  HA5NR          599  599  040                    3   7036.1
 40CW  07-Aug-23 17:22 0024  IN3FHE         599  599  053           I        3   7036.1
 40CW  07-Aug-23 17:23 0025  SP4TKR         599  599  084                    3   7036.1
 40CW  07-Aug-23 17:24 0026  SN1F           599  599  067                    3   7036.1
 40CW  07-Aug-23 17:24 0027  HB9BXE         599  599  097                    3   7036.1
 40CW  07-Aug-23 17:25 0028  OK2NO          599  599  087                    3   7036.1
 40CW  07-Aug-23 17:26 0029  DA0RR          599  599  096                    2   7036.1
 40CW  07-Aug-23 17:27 0030  OK1AMX         599  599  063                    3   7036.1
 40CW  07-Aug-23 17:27 0031  HA5BA          599  599  062                    3   7036.1
 40CW  07-Aug-23 17:29 0032  SD9F           599  599  083           SM       3   7036.1
