 10SSB 25-Mar-23 10:35 0001  EB8AH          59   59   943           EA8      5  28507.0
 20SSB 25-Mar-23 19:33 0002  CT3HF          59   59   890           CT3      5  14128.6
 20SSB 25-Mar-23 19:34 0003  CN3A           59   59   1316          CN       5  14161.0
 20SSB 25-Mar-23 19:35 0004  C4W            59   59   1827          5B       5  14277.0
 20SSB 25-Mar-23 20:02 0005  ZB2BU          59   59   980           ZB       3  14221.0
 20SSB 25-Mar-23 20:04 0006  EB8AH          59   59   2438          EA8      5  14304.0
 20SSB 25-Mar-23 20:05 0007  P33W           59   59   3553                   5  14329.0
 10SSB 26-Mar-23 18:37 0008  PU1JSV         59   59   671           PY       5  28375.0
 10SSB 26-Mar-23 18:42 0009  PT5J           59   59   4293                   5  28427.0
 15SSB 26-Mar-23 18:51 0010  EC5AN          59   59   2381          EA       3  21234.0
 15SSB 26-Mar-23 18:53 0011  ED8M           59   59   2376          EA8      5  21261.5
 15SSB 26-Mar-23 19:25 0012  CN3A           59   59   3780          CN       5  21322.6
 20SSB 26-Mar-23 19:27 0013  LB5GI          59   59   1092          LA       3  14125.9
 20SSB 26-Mar-23 19:29 0014  CQ8Q           59   59   2157          CU       3  14161.0
 20SSB 26-Mar-23 19:31 0015  CR6P           59   59   1480          CT       3  14163.0
 20SSB 26-Mar-23 19:32 0016  RT4F           59   59   2408          UA       3  14217.3
 20SSB 26-Mar-23 19:33 0017  EF5K           59   59   2220          EA       3  14225.0
 20SSB 26-Mar-23 19:34 0018  RA5G           59   59   1765                   3  14241.3
 20SSB 26-Mar-23 19:46 0019  UR4UWY         59   59   415           UR       3  14264.5
 20SSB 26-Mar-23 19:47 0020  SZ1A           59   59   1521          SV       3  14277.0
 20SSB 26-Mar-23 19:49 0021  A60A           59   59   4102          A6       5  14283.0
 20SSB 26-Mar-23 19:50 0022  EA5KB          59   59   1023                   3  14286.0
 20SSB 26-Mar-23 19:51 0023  ER1KAA         59   59   1551          ER       3  14319.5
 20SSB 26-Mar-23 19:54 0024  RU1A           59   59   2309                   3  14331.5
 20SSB 26-Mar-23 20:26 0025  A44A           59   59   3905          A4       5  14333.0
 20SSB 26-Mar-23 20:32 0026  BD7MM          59   59   2091          BY       5  14301.5
 20SSB 26-Mar-23 20:34 0027  EC5AN          59   59   2496                   3  14282.3
 20SSB 26-Mar-23 20:37 0028  HZ1TT          59   59   1167          HZ       5  14228.8
 20SSB 26-Mar-23 20:39 0029  ED7B           59   59   2482                   3  14207.0
 20SSB 26-Mar-23 20:41 0030  EA7JWF         59   59   39                     3  14179.0
 20SSB 26-Mar-23 20:44 0031  JH4UYB         59   59   2247          JA       5  14142.2
 20SSB 26-Mar-23 20:46 0032  PP4T           59   59   4328          PY       5  14129.0
 15SSB 26-Mar-23 20:52 0033  PV2K           59   59   117           PY       5  21243.2
 15SSB 26-Mar-23 20:55 0034  PR2E           59   59   831                    5  21183.0
