 20CW  04-Feb-23 19:50 0001  HG6O           599  599  HU01          HA       3  14012.5
 20CW  04-Feb-23 19:52 0002  NN3W           599  599  8             K        5  14003.1
 20CW  04-Feb-23 19:54 0003  K3AJ           599  599  8                      5  14016.5
 20CW  04-Feb-23 19:55 0004  HA3NU          599  599  HU07                   3  14017.9
 40CW  04-Feb-23 19:57 0005  9A2UN          599  599  HR02          9A       3   7039.4
 40CW  04-Feb-23 19:58 0006  OH2BA          599  599  FI12          OH       3   7037.6
 40CW  04-Feb-23 19:58 0007  EV1R           599  599  29            EU       3   7034.8
 40CW  04-Feb-23 19:59 0008  HA5VJ          599  599  HU04          HA       3   7033.2
 40CW  04-Feb-23 20:00 0009  YO2LEA         599  599  RO05          YO       3   7031.8
 40CW  04-Feb-23 20:02 0010  PA4M           599  599  NL11          PA       3   7031.1
 40CW  04-Feb-23 20:02 0011  E70Y           599  599  28            E7       3   7029.0
 40CW  04-Feb-23 20:03 0012  SM0HRP         599  599  SE01          SM       3   7027.7
 40CW  04-Feb-23 20:05 0013  HA8MD          599  599  HU03                   3   7025.2
 40CW  04-Feb-23 20:07 0014  OM3GI          599  599  SK07          OM       3   7024.4
 40CW  04-Feb-23 20:09 0015  EB5A           599  599  ES04          EA       3   7023.8
 40CW  04-Feb-23 20:10 0016  OK8AU          599  599  CZ11          OK       3   7023.3
 40CW  04-Feb-23 20:11 0017  EA1X           599  599  ES05                   3   7022.5
 40CW  04-Feb-23 20:27 0018  HA3NU          599  599  HU07                   3   7019.5
 40CW  04-Feb-23 20:30 0019  DJ4MX          599  599  DE02          DL       2   7016.2
 40CW  04-Feb-23 20:31 0020  YO3GCL         599  599  RO08                   3   7015.4
 40CW  04-Feb-23 20:33 0021  EA1CS          599  599  ES14                   3   7014.1
 40CW  04-Feb-23 20:35 0022  EA4AOC         599  599  ES06                   3   7013.5
 40CW  04-Feb-23 20:41 0023  LY5W           599  599  LT03          LY       3   7012.1
 40CW  04-Feb-23 20:43 0024  HA7A           599  599  HU04                   3   7011.7
 40CW  04-Feb-23 20:46 0025  HA5JI          599  599  HU03                   3   7008.7
 40CW  04-Feb-23 20:58 0026  RC6U           599  599  29            UA       3   7007.6
 40CW  04-Feb-23 21:00 0027  YL2KO          599  599  LV05          YL       3   7006.1
 40CW  04-Feb-23 21:55 0028  YU1RA          599  599  28            YU       3   7005.4
 80CW  04-Feb-23 22:14 0029  F5OIH          599  599  FR10          F        3   3545.6
 80CW  04-Feb-23 22:15 0030  PA3ADU         599  599  NL01          PA       3   3544.2
 80CW  04-Feb-23 22:16 0031  SD0N           599  599  SE01          SM       3   3543.1
 80CW  04-Feb-23 22:18 0032  I5MXX          599  599  IT19          I        3   3542.4
 80CW  04-Feb-23 22:18 0033  EA4TX          599  599  ES03          EA       3   3541.1
 80CW  04-Feb-23 22:19 0034  SO3O           599  599  PL01          SP       3   3540.4
 80CW  04-Feb-23 22:21 0035  SO5N           599  599  PL08                   3   3539.4
 80CW  04-Feb-23 22:21 0036  OK2HBR         599  599  CZ08          OK       3   3538.9
 80CW  04-Feb-23 22:23 0037  DL6DH          599  599  DE10          DL       2   3536.2
 80CW  04-Feb-23 22:24 0038  HA3NU          599  599  HU07          HA       3   3535.3
 80CW  04-Feb-23 22:26 0039  YL5W           599  599  LV03          YL       3   3534.4
 80CW  04-Feb-23 22:27 0040  9A7T           599  599  HR01          9A       3   3531.9
 80CW  04-Feb-23 22:28 0041  DL5XJ          599  599  DE15                   2   3531.1
 80CW  04-Feb-23 22:29 0042  EA4AOC         599  599  ES06                   3   3530.3
 80CW  04-Feb-23 22:30 0043  SP9MZH         599  599  PL03                   3   3529.6
 80CW  04-Feb-23 22:32 0044  HA2VH          599  599  HU05                   3   3529.2
 80CW  04-Feb-23 22:35 0045  SE0B           599  599  SE06                   3   3528.3
 80CW  04-Feb-23 22:38 0046  IK2UEX         599  599  IT11                   3   3527.7
 80CW  04-Feb-23 22:40 0047  K1LZ           599  599  8             K        5   3524.0
 80CW  04-Feb-23 22:42 0048  G3WGV          599  599  27            G        3   3523.7
 80CW  04-Feb-23 22:46 0049  II3BRU         599  599  IT18                   3   3522.6
 80CW  04-Feb-23 22:47 0050  E74A           599  599  28            E7       3   3521.5
 80CW  04-Feb-23 22:48 0051  PA2W           599  599  NL11                   3   3521.1
 10CW  05-Feb-23 11:39 0052  UA4CC          599  599  29            UA       3  28024.8
 10CW  05-Feb-23 11:40 0053  R1ZM           599  599  19                     3  28019.0
 10CW  05-Feb-23 11:42 0054  RU7A           599  599  29                     3  28015.3
 10CW  05-Feb-23 11:44 0055  CT3KN          599  599  PT06          CT3      5  28009.5
 10CW  05-Feb-23 11:44 0056  UA4LL          599  599  29                     3  28043.4
 10CW  05-Feb-23 11:47 0057  ZD7BG          599  599  66            ZD7      5  28038.2
 10CW  05-Feb-23 11:51 0058  UA6AK          599  599  29                     3  28019.8
 15CW  05-Feb-23 11:52 0059  EW1TO          599  599  29            EU       3  21044.1
 15CW  05-Feb-23 11:54 0060  F5RAB          599  599  FR04          F        3  21040.0
 15CW  05-Feb-23 11:54 0061  4L8A           599  599  29            4L       5  21034.0
 15CW  05-Feb-23 11:56 0062  RC9J           599  599  21            UA9      5  21029.9
 15CW  05-Feb-23 11:57 0063  RA3BQ          599  599  29            UA       3  21027.3
 15CW  05-Feb-23 11:58 0064  R3IBZ          599  599  29                     3  21022.5
 15CW  05-Feb-23 11:58 0065  R8LA           599  599  30                     5  21021.3
 15CW  05-Feb-23 11:59 0066  R0AA           599  599  32                     5  21018.1
 15CW  05-Feb-23 11:59 0067  DL5XJ          599  599  DE15          DL       2  21016.8
