 15SSB 02-Sep-23 17:54 0001  HS8NKB         59   59   43            HS       5  21333.0
 20SSB 02-Sep-23 19:42 0002  5B4AIF         59   59   61            5B       5  14213.5
 20SSB 02-Sep-23 19:45 0003  M0TSL/P        59   59   537           G        3  14241.0
 20SSB 02-Sep-23 19:48 0004  M0DX/P         59   59   193                    3  14252.9
 15SSB 02-Sep-23 19:55 0005  A44A           59   59   39            A4       5  21222.0
 15SSB 02-Sep-23 19:57 0006  KP2B           59   59   000           KP2      5  21280.0
 40SSB 02-Sep-23 20:01 0007  G6MC/P         59   59   489           G        3   7166.0
 40SSB 02-Sep-23 20:06 0008  DF1HC/P        59   59   145           DL       2   7097.3
 40SSB 02-Sep-23 20:07 0009  DM3F/P         59   59   272                    2   7100.7
 40SSB 02-Sep-23 20:08 0010  DF0CB/P        59   59   148                    2   7105.6
 40SSB 02-Sep-23 20:13 0011  OZ7A/P         59   59   227           OZ       3   7130.6
 40SSB 02-Sep-23 20:14 0012  ON4MCL/P       59   59   264           ON       3   7140.1
 40SSB 02-Sep-23 20:17 0013  R8TT           59   59   60            UA9      5   7150.0
 40SSB 02-Sep-23 20:24 0014  OZ2EDR/P       59   59   186                    3   7179.1
 40SSB 02-Sep-23 20:26 0015  DK0RZ/P        59   59   300                    2   7182.0
 40SSB 02-Sep-23 20:27 0016  OU7K/P         59   59   438                    3   7187.0
 40SSB 02-Sep-23 20:37 0017  LA1QRO/P       59   59   089           LA       3   7177.0
 40SSB 02-Sep-23 20:39 0018  HB9CL/P        59   59   199           HB       3   7174.0
 40SSB 02-Sep-23 20:41 0019  S50X/P         59   59   386           S5       3   7157.2
 15SSB 03-Sep-23 09:30 0020  4L5EE          59   59   46            4L       5  21263.0
 15SSB 03-Sep-23 09:33 0021  P3C            59   59   01            5B       5  21289.0
 20SSB 03-Sep-23 09:45 0022  LA100K/P       59   59   374           LA       3  14169.0
 20SSB 03-Sep-23 09:52 0023  AO1IBR         59   59   59            EA       3  14280.0
 10SSB 03-Sep-23 09:57 0024  4X1VF          59   59   76            4X       5  28456.0
 10SSB 03-Sep-23 10:02 0025  5B4AIF         59   59   61            5B       5  28470.0
 15SSB 03-Sep-23 15:44 0026  5B4AIF         59   59   61                     5  21270.0
