 80CW  06-Nov-23 16:31 0001  OK1AY          599  599  005           OK       3   3540.0
 80CW  06-Nov-23 16:32 0002  OK2ABU         599  599  002                    3   3541.5
 80CW  06-Nov-23 16:33 0003  HG1G           599  599  005           HA       3   3541.0
 80CW  06-Nov-23 16:34 0004  OK1MSL         599  599  005                    3   3542.1
 80CW  06-Nov-23 16:35 0005  OK7NV          599  599  007                    3   3547.1
 80CW  06-Nov-23 16:36 0006  OM5B           599  599  011           OM       3   3538.4
 80CW  06-Nov-23 16:37 0007  DL1DWR         599  599  009           DL       2   3539.0
 80CW  06-Nov-23 16:38 0008  OM5KM          599  599  009                    3   3537.0
 80CW  06-Nov-23 16:41 0009  OL1T           599  599  015                    3   3544.0
 80CW  06-Nov-23 16:41 0010  OK1USP         599  599  011                    3   3543.5
 40CW  06-Nov-23 16:44 0011  DJ9MH          599  599  018           DL       2   7038.5
 40CW  06-Nov-23 16:46 0012  DA0BCC         599  599  025                    2   7037.7
 40CW  06-Nov-23 16:46 0013  OK1FHI         599  599  017           OK       3   7036.4
 40CW  06-Nov-23 16:47 0014  DD5M           599  599  036                    2   7035.6
 40CW  06-Nov-23 16:47 0015  OK1AMX         599  599  019                    3   7035.2
 40CW  06-Nov-23 16:48 0016  DJ9SN          599  599  036                    2   7035.0
 40CW  06-Nov-23 16:49 0017  YL2TD          599  599  029           YL       3   7034.5
 40CW  06-Nov-23 16:49 0018  DL1NKS         599  599  046                    2   7034.0
 40CW  06-Nov-23 16:50 0019  DJ8VH          599  599  040                    2   7033.5
 40CW  06-Nov-23 16:51 0020  SM5IMO         599  599  036           SM       3   7032.4
 40CW  06-Nov-23 16:51 0021  OK5OO          599  599  047                    3   7032.0
 40CW  06-Nov-23 16:52 0022  SQ6JNX         599  599  028           SP       3   7031.5
 40CW  06-Nov-23 16:53 0023  DL4ME          599  599  043                    2   7031.0
 40CW  06-Nov-23 16:53 0024  OM5RM          599  599  050           OM       3   7030.3
 40CW  06-Nov-23 16:55 0025  OK2QA          599  599  044                    3   7023.3
 40CW  06-Nov-23 16:56 0026  HA6NL          599  599  050           HA       3   7031.5
 40CW  06-Nov-23 16:57 0027  HA1YA          599  599  055                    3   7031.5
 40CW  06-Nov-23 16:57 0028  DL9ZP          599  599  043                    2   7031.5
 40CW  06-Nov-23 16:57 0029  DA0RR          599  599  046                    2   7031.5
 40CW  06-Nov-23 16:58 0030  DM5I           599  599  078                    2   7031.5
 40CW  06-Nov-23 16:58 0031  SP3CW          599  599  031                    3   7031.5
 40CW  06-Nov-23 16:58 0032  SN1T           599  599  069                    3   7031.5
 40CW  06-Nov-23 16:59 0033  DL5KTA         599  599  028                    2   7031.5
 40CW  06-Nov-23 16:59 0034  OK1FKD         599  599  030                    3   7031.5
 40CW  06-Nov-23 17:00 0035  OK2VX          599  599  028                    3   7031.5
 40CW  06-Nov-23 17:00 0036  SM5S           599  599  030                    3   7031.5
 40CW  06-Nov-23 17:01 0037  OK1ITK         599  599  024                    3   7031.5
 40CW  06-Nov-23 17:01 0038  SO3O           599  599  040                    3   7031.5
 40CW  06-Nov-23 17:01 0039  OK2PYA         599  599  050                    3   7031.5
 40CW  06-Nov-23 17:02 0040  CT7BJG         599  599  19            CT       3   7031.5
 40CW  06-Nov-23 17:03 0041  OK1OFM         599  599  056                    3   7031.5
 40CW  06-Nov-23 17:03 0042  HG5E           599  599  069                    3   7031.5
 40CW  06-Nov-23 17:04 0043  HA5OV          599  599  054                    3   7031.5
 40CW  06-Nov-23 17:04 0044  SP2XX          599  599  035                    3   7031.5
 40CW  06-Nov-23 17:05 0045  SP2HHX         599  599  034                    3   7031.5
 40CW  06-Nov-23 17:05 0046  DL8HK          599  599  047                    2   7031.5
 40CW  06-Nov-23 17:06 0047  E77EA          599  599  081           E7       3   7031.5
 40CW  06-Nov-23 17:06 0048  DL8MAS         599  599  056                    2   7031.5
 40CW  06-Nov-23 17:07 0049  DF4ZL          599  599  056                    2   7031.5
 40CW  06-Nov-23 17:07 0050  M4N            599  599  064           G        3   7031.5
 40CW  06-Nov-23 17:08 0051  DA3T           599  599  056                    2   7031.5
 40CW  06-Nov-23 17:08 0052  SE5T           599  599  054                    3   7031.5
 40CW  06-Nov-23 17:10 0053  SM6D           599  599  024                    3   7031.5
 40CW  06-Nov-23 17:10 0054  YL3FW          599  599  062                    3   7031.5
 40CW  06-Nov-23 17:11 0055  SM5DXN         599  599  040                    3   7031.5
 40CW  06-Nov-23 17:12 0056  DL7USY         599  599  027                    2   7031.5
 40CW  06-Nov-23 17:12 0057  SP7N           599  599  053                    3   7031.5
 80CW  06-Nov-23 17:15 0058  DA0BCC         599  599  079                    2   3541.5
 80CW  06-Nov-23 17:16 0059  OK1FMX         599  599  058                    3   3541.5
 80CW  06-Nov-23 17:17 0060  F6JOE          599  599  033           F        3   3541.5
 80CW  06-Nov-23 17:18 0061  OK1OA          599  599  037                    3   3541.5
 80CW  06-Nov-23 17:19 0062  DL8MAS         599  599  074                    2   3541.5
 80CW  06-Nov-23 17:20 0063  OL4W           599  599  069                    3   3541.5
 80CW  06-Nov-23 17:20 0064  OM5RM          599  599  092                    3   3541.1
 80CW  06-Nov-23 17:21 0065  OK1DOR         599  599  077                    3   3540.6
 80CW  06-Nov-23 17:22 0066  HA5MA          599  599  088                    3   3540.1
 80CW  06-Nov-23 17:22 0067  DD5M           599  599  106                    2   3539.8
 80CW  06-Nov-23 17:23 0068  DL1NKS         599  599  109                    2   3539.5
 80CW  06-Nov-23 17:24 0069  PA3AAV         599  599  127           PA       3   3537.5
 80CW  06-Nov-23 17:25 0070  SP2QG          599  599  095           SP       3   3537.2
 80CW  06-Nov-23 17:25 0071  SQ6JNX         599  599  061                    3   3536.8
 80CW  06-Nov-23 17:26 0072  SM5IMO         599  599  084           SM       3   3536.5
 80CW  06-Nov-23 17:28 0073  DL6WT          599  599  083                    2   3535.0
 80CW  06-Nov-23 17:28 0074  DL6MHW         599  599  092                    2   3534.5
 80CW  06-Nov-23 17:29 0075  DJ9MH          599  599  097                    2   3532.9
 80CW  06-Nov-23 17:29 0076  DL2NBU         599  599  067                    2   3540.1
