 40CW  04-Dec-23 16:30 0001  OK2QA          599  599  002                    0   7038.4
 40CW  04-Dec-23 16:32 0002  DL1NKS         599  599  007                    0   7038.0
 40CW  04-Dec-23 16:33 0003  OK1TN          599  599  006                    0   7037.2
 40CW  04-Dec-23 16:33 0004  OK1DK          599  599  003                    0   7036.9
 40CW  04-Dec-23 16:34 0005  OK5D           599  599  009                    0   7036.5
 40CW  04-Dec-23 16:34 0006  DJ9MH          599  599  012                    0   7036.1
 40CW  04-Dec-23 16:35 0007  OK1IBP         599  599  009                    0   7035.4
 40CW  04-Dec-23 16:35 0008  SO3O           599  599  009                    0   7035.0
 40CW  04-Dec-23 16:36 0009  SM6M           599  599  019                    0   7034.7
 40CW  04-Dec-23 16:36 0010  DL6MHW         599  599  017                    0   7034.2
 40CW  04-Dec-23 16:37 0011  DD5M           599  599  019                    0   7033.7
 40CW  04-Dec-23 16:37 0012  DJ9VH          599  599  018                    0   7033.0
 40CW  04-Dec-23 16:38 0013  DM5I           599  599  025                    0   7031.8
 40CW  04-Dec-23 16:38 0014  DF4XX          599  599  018                    0   7031.4
 40CW  04-Dec-23 16:39 0015  SM0OEK         599  599  013                    0   7030.9
 40CW  04-Dec-23 16:40 0016  OK1DOR         599  599  012                    0   7030.3
 40CW  04-Dec-23 16:41 0017  SM5CSS         599  599  019                    0   7029.3
 40CW  04-Dec-23 16:41 0018  HA5OV          599  599  027                    0   7029.0
 40CW  04-Dec-23 16:41 0019  SP4TKR         599  599  024                    0   7028.4
 40CW  04-Dec-23 16:42 0020  SE0B           599  599  034                    0   7027.8
 40CW  04-Dec-23 16:43 0021  E77EA          599  599  036                    0   7027.5
 40CW  04-Dec-23 16:43 0022  DA0RR          599  599  040                    0   7026.5
 40CW  04-Dec-23 16:44 0023  OK2EA          599  599  021                    0   7026.0
 40CW  04-Dec-23 16:45 0024  PA3ARM         599  599  021                    0   7025.4
 40CW  04-Dec-23 16:46 0025  OK1RZ          599  599  028                    0   7024.5
 40CW  04-Dec-23 16:46 0026  DL8QS          599  599  031                    0   7024.0
 40CW  04-Dec-23 16:47 0027  OK2NAJ         599  599  021                    0   7022.8
;                                                                                     
 40CW  04-Dec-23 16:49 0028  DJ9KH          599  599  035                    0   7021.0
 40CW  04-Dec-23 16:50 0029  OK1TD          599  599  030                    0   7036.8
 40CW  04-Dec-23 16:51 0030  OK1FHI         599  599  025                    0   7036.8
 40CW  04-Dec-23 16:52 0031  DJ3WE          599  599  039                    0   7036.8
 40CW  04-Dec-23 16:53 0032  DL4ME          599  599  050                    0   7036.8
 40CW  04-Dec-23 16:53 0033  OK1FKD         599  599  028                    0   7036.8
 40CW  04-Dec-23 16:53 0034  HB9CMW         599  599  010                    0   7036.8
 40CW  04-Dec-23 16:54 0035  OK5SA          599  599  022                    0   7036.8
 40CW  04-Dec-23 16:56 0036  DF7YE          599  599  046                    0   7036.8
 40CW  04-Dec-23 16:57 0037  DK3AX          599  599  029                    0   7036.8
 40CW  04-Dec-23 16:57 0038  DF8KY          599  599  019                    0   7036.8
 40CW  04-Dec-23 16:57 0039  SN1T           599  599  054                    0   7036.8
 40CW  04-Dec-23 16:58 0040  DA0BCC         599  599  038                    0   7036.8
 40CW  04-Dec-23 16:58 0041  S52W           599  599  061                    0   7036.8
 80CW  04-Dec-23 17:00 0042  OL8R           599  599  072                    0   3544.7
 80CW  04-Dec-23 17:01 0043  OK2BFN         599  599  031                    0   3543.5
 80CW  04-Dec-23 17:03 0044  OK1AY          599  599  037                    0   3539.3
 80CW  04-Dec-23 17:03 0045  DL5YM          599  599  029                    0   3538.2
 80CW  04-Dec-23 17:03 0046  SM6M           599  599  080                    0   3537.7
 80CW  04-Dec-23 17:05 0047  OK1ORA         599  599  045                    0   3536.8
 80CW  04-Dec-23 17:06 0048  OK1IBP         599  599  066                    0   3535.1
 80CW  04-Dec-23 17:08 0049  OM5B           599  599  050                    0   3536.3
 80CW  04-Dec-23 17:09 0050  DA0BCC         599  599  055                    0   3536.3
 80CW  04-Dec-23 17:09 0051  DF1DT          599  599  035                    0   3536.3
 80CW  04-Dec-23 17:10 0052  DF1MM          599  599  055                    0   3536.3
 80CW  04-Dec-23 17:10 0053  DM6EE          599  599  074                    0   3536.3
 80CW  04-Dec-23 17:12 0054  OM2KI          599  599  074                    0   3536.3
 80CW  04-Dec-23 17:12 0055  SM6TOL         599  599  050                    0   3536.3
 80CW  04-Dec-23 17:13 0056  DJ3WE          599  599  068                    0   3536.3
 80CW  04-Dec-23 17:15 0057  DK3TX          599  599  039                    0   3536.3
 80CW  04-Dec-23 17:16 0058  OL4W           599  599  058                    0   3536.3
 80CW  04-Dec-23 17:17 0059  DL1DQW         599  599  049                    0   3536.3
 80CW  04-Dec-23 17:17 0060  SP3CW          599  599  032                    0   3536.3
 80CW  04-Dec-23 17:18 0061  DL1DWR         599  599  049                    0   3536.3
 80CW  04-Dec-23 17:18 0062  OK1FRD         599  599  038                    0   3536.3
 80CW  04-Dec-23 17:18 0063  DL8QS          599  599  078                    0   3536.3
 80CW  04-Dec-23 17:21 0064  PA5KT          599  599  030                    0   3536.3
 80CW  04-Dec-23 17:21 0065  DK2FG          599  599  056                    0   3536.3
 80CW  04-Dec-23 17:22 0066  DF7YE          599  599  081                    0   3536.3
 80CW  04-Dec-23 17:22 0067  OK1USP         599  599  050                    0   3536.3
 80CW  04-Dec-23 17:25 0068  SN1T           599  599  112                    0   3536.7
 80CW  04-Dec-23 17:26 0069  DF1DX          599  599  071                    0   3537.4
 80CW  04-Dec-23 17:28 0070  OL750HOL       599  599  077                    0   3543.2
 80CW  04-Dec-23 17:29 0071  DL6MHW         599  599  102                    0   3545.5
 80CW  04-Dec-23 17:29 0072  DL1NKS         599  599  125                    0   3532.5
