 15CW  12-Aug-23 21:38 0001  NN7CW          599  599  1162          K        5  21026.8
 15CW  12-Aug-23 21:40 0002  ZV2F           599  599  162           PY       5  21016.9
 15CW  12-Aug-23 21:45 0003  LU6DOT         599  599  203           LU       5  21014.0
 15CW  12-Aug-23 21:45 0004  K9OM           599  599  523                    5  21013.5
 15CW  12-Aug-23 21:49 0005  LU7HN          599  599  125                    5  21027.5
 15CW  13-Aug-23 16:42 0006  4X6FR          599  599  1753          4X       5  21003.9
 15CW  13-Aug-23 16:45 0007  NN3W           599  599  1594                   5  21006.6
 15CW  13-Aug-23 16:55 0008  AI0Y           599  599  167                    5  21004.8
 15CW  13-Aug-23 16:57 0009  K3MM           599  599  1492                   5  21001.2
 15CW  13-Aug-23 16:57 0010  K7SV           599  599  1204                   5  21000.8
 15CW  13-Aug-23 19:40 0011  W1KM           599  599  1086                   5  21002.9
 15CW  13-Aug-23 19:44 0012  PY2NY          599  599  628                    5  21005.4
 15CW  13-Aug-23 19:45 0013  PW2E           599  599  310                    5  21007.7
 15CW  13-Aug-23 19:47 0014  N4UU           599  599  916                    5  21008.4
 15CW  13-Aug-23 19:49 0015  K2ZR           599  599  475                    5  21009.0
 15CW  13-Aug-23 19:50 0016  W2Z            599  599  730                    5  21009.5
 15CW  13-Aug-23 19:51 0017  VE3RZ          599  599  760           VE       5  21014.3
 15CW  13-Aug-23 19:52 0018  K1IMI          599  599  940                    5  21020.5
 15CW  13-Aug-23 19:54 0019  VE3NNT         599  599  1494                   5  21018.7
 15CW  13-Aug-23 19:56 0020  CX90RCU        599  599  392           CX       5  21023.0
 15CW  13-Aug-23 20:01 0021  PY2PLL         599  599  321                    5  21024.5
 20CW  13-Aug-23 20:09 0022  N1LN           599  599  136           K        5  14032.8
 20CW  13-Aug-23 20:10 0023  VE3CT          599  599  799           VE       5  14033.3
 20CW  13-Aug-23 20:11 0024  N6AR           599  599  1062                   5  14038.0
 20CW  13-Aug-23 20:12 0025  FY5KE          599  599  1856          FY       5  14038.3
 20CW  13-Aug-23 20:13 0026  N4AF           599  599  1297                   5  14038.8
 20CW  13-Aug-23 20:24 0027  V85RH          599  599  1116          V8       5  14041.5
 20CW  13-Aug-23 20:33 0028  VE3RZ          599  599  791                    5  14042.9
 20CW  13-Aug-23 20:35 0029  JR2SCJ         599  599  867           JA       5  14045.7
 15CW  13-Aug-23 20:37 0030  KP2B           599  599  195           KP2      5  21032.0
 15CW  13-Aug-23 20:38 0031  K9MA           599  599  357                    5  21027.9
 15CW  13-Aug-23 20:40 0032  N5TJ           599  599  613                    5  21025.7
 15CW  13-Aug-23 20:43 0033  TI2OY          599  599  427           TI       5  21024.5
 15CW  13-Aug-23 20:48 0034  HK4/KC1XX      599  599  298           HK       5  21017.3
 15CW  13-Aug-23 20:51 0035  YV4ABR         599  599  303           YV       5  21013.2
 15CW  13-Aug-23 20:52 0036  PY5AMF         599  599  627                    5  21010.0
 15CW  13-Aug-23 20:53 0037  N4PX           599  599  1232                   5  21004.1
 15CW  13-Aug-23 20:54 0038  AB2E           599  599  515                    5  21043.4
 40CW  13-Aug-23 20:56 0039  VK2GR          599  599  056           VK       5   7027.3
 40CW  13-Aug-23 20:59 0040  UN9L           599  599  1429          UN       5   7022.5
 40CW  13-Aug-23 21:02 0041  TA3D           599  599  825           TA       5   7010.5
 15CW  13-Aug-23 21:04 0042  NJ3K           599  599  317                    5  21038.5
 20CW  13-Aug-23 21:07 0043  K8MP           599  599  288                    5  14049.5
 20CW  13-Aug-23 21:09 0044  N1TO           599  599  599                    5  14050.1
 20CW  13-Aug-23 21:11 0045  NA8V           599  599  1572                   5  14007.1
 20CW  13-Aug-23 21:14 0046  KL7SB          599  599  522           KL       5  14020.0
 20CW  13-Aug-23 21:17 0047  NP2X           599  599  801           KP2      5  14022.8
 20CW  13-Aug-23 21:19 0048  K8LX           599  599  1616                   5  14013.9
 20CW  13-Aug-23 21:22 0049  JE6RPM         599  599  1581                   5  14015.6
 20CW  13-Aug-23 21:24 0050  K8PK           599  599  321                    5  14020.6
 20CW  13-Aug-23 21:25 0051  N3QE           599  599  981                    5  14002.6
 20CW  13-Aug-23 21:26 0052  VE3NNT         599  599  1546                   5  14004.6
 20CW  13-Aug-23 21:27 0053  NN3W           599  599  1770                   5  14005.0
 20CW  13-Aug-23 21:31 0054  NY6DX          599  599  196                    5  14006.6
 20CW  13-Aug-23 21:32 0055  K9OM           599  599  748                    5  14007.0
