 40CW  05-Jun-23 17:13 0001  DM7N           599  599  037           DL       2   7038.0
 40CW  05-Jun-23 17:14 0002  OK1FHI         599  599  061           OK       3   7037.4
 40CW  05-Jun-23 17:15 0003  OK1DRQ         599  599  069                    3   7037.0
 40CW  05-Jun-23 17:15 0004  PA3AAV         599  599  090           PA       3   7035.9
 40CW  05-Jun-23 17:16 0005  OK1TN          599  599  076                    3   7035.3
 40CW  05-Jun-23 17:16 0006  F6JOE          599  599  043           F        3   7035.0
 40CW  05-Jun-23 17:17 0007  SM5ACQ         599  599  051           SM       3   7034.4
 40CW  05-Jun-23 17:17 0008  DQ9L           599  599  029                    2   7033.9
 40CW  05-Jun-23 17:18 0009  PA2A           599  599  051                    3   7031.8
 40CW  05-Jun-23 17:19 0010  OK5D           599  599  079                    3   7029.9
 40CW  05-Jun-23 17:19 0011  SM6TOL         599  599  052                    3   7029.3
 40CW  05-Jun-23 17:20 0012  DL5YM          599  599  080                    2   7028.2
 40CW  05-Jun-23 17:22 0013  SP2R           599  599  090           SP       3   7038.9
 40CW  05-Jun-23 17:22 0014  OK1AMX         599  599  058                    3   7037.7
 40CW  05-Jun-23 17:24 0015  YL3FW          599  599  078           YL       3   7032.7
 40CW  05-Jun-23 17:25 0016  SN7J           599  599  054                    3   7030.9
 40CW  05-Jun-23 17:25 0017  E77EA          599  599  102           E7       3   7028.8
 40CW  05-Jun-23 17:26 0018  SP7LIE         599  599  043                    3   7027.7
 40CW  05-Jun-23 17:27 0019  HA5BA          599  599  061           HA       3   7023.2
 40CW  05-Jun-23 17:29 0020  HA5BVG         599  599  033                    3   7027.0
 40CW  05-Jun-23 17:29 0021  SP4JFR         599  599  081                    3   7023.4
