 40CW  24-Jul-23 16:34 0001  OK5D           599  599  009           OK       3   7037.9
 40CW  24-Jul-23 16:35 0002  OK1TN          599  599  012                    3   7037.0
 40CW  24-Jul-23 16:36 0003  DL1NKS         599  599  013           DL       2   7036.5
 40CW  24-Jul-23 16:38 0004  OK2NO          599  599  015                    3   7035.7
 40CW  24-Jul-23 16:38 0005  SN1T           599  599  015           SP       3   7035.1
 40CW  24-Jul-23 16:40 0006  OK1OA          599  599  022                    3   7033.9
 40CW  24-Jul-23 16:40 0007  OM5ZW          599  599  021           OM       3   7033.5
 40CW  24-Jul-23 16:41 0008  DL7YS          599  599  012                    2   7032.4
 40CW  24-Jul-23 16:43 0009  SE0B           599  599  014           SM       3   7031.8
 40CW  24-Jul-23 16:44 0010  OM3CPF         599  599  022                    3   7031.4
 40CW  24-Jul-23 16:46 0011  DJ9KH          599  599  034                    2   7030.9
 40CW  24-Jul-23 16:47 0012  OK1IBP         599  599  035                    3   7030.4
 40CW  24-Jul-23 16:48 0013  DL5YM          599  599  032                    2   7030.1
 40CW  24-Jul-23 16:49 0014  OK1RZ          599  599  038                    3   7029.9
 40CW  24-Jul-23 16:49 0015  DM5I           599  599  052                    2   7029.5
 40CW  24-Jul-23 16:50 0016  SN5N           599  599  047                    3   7029.0
 40CW  24-Jul-23 16:53 0017  HA5OV          599  599  037           HA       3   7028.0
 40CW  24-Jul-23 16:53 0018  OM4MW          599  599  048                    3   7027.8
 40CW  24-Jul-23 16:55 0019  DA0RR          599  599  060                    2   7032.3
 40CW  24-Jul-23 16:55 0020  DF4ZL          599  599  041                    2   7032.3
 40CW  24-Jul-23 16:56 0021  OK5OO          599  599  036                    3   7032.3
 40CW  24-Jul-23 16:57 0022  DF7IH          599  599  016                    2   7032.3
 40CW  24-Jul-23 16:59 0023  OK1DSZ         599  599  036                    3   7032.3
 40CW  24-Jul-23 17:00 0024  G4LJU          599  599  014           G        3   7032.3
 40CW  24-Jul-23 17:00 0025  PA3AAV         599  599  061           PA       3   7032.3
 40CW  24-Jul-23 17:00 0026  DA0BCC         599  599  036                    2   7032.3
 40CW  24-Jul-23 17:01 0027  OK1FMX         599  599  037                    3   7032.3
 40CW  24-Jul-23 17:02 0028  OL8R           599  599  025                    3   7032.3
 40CW  24-Jul-23 17:02 0029  SP2R           599  599  065                    3   7032.3
 40CW  24-Jul-23 17:02 0030  DL8MAS         599  599  049                    2   7032.3
 40CW  24-Jul-23 17:05 0031  HA5NR          599  599  015                    3   7032.3
 40CW  24-Jul-23 17:06 0032  SP3MEP         599  599  059                    3   7032.3
 40CW  24-Jul-23 17:06 0033  OK1KTI         599  599  027                    3   7032.3
 40CW  24-Jul-23 17:07 0034  SP1G           599  599  006                    3   7032.3
 40CW  24-Jul-23 17:08 0035  PA3DBS         599  599  047                    3   7032.3
 40CW  24-Jul-23 17:10 0036  PA2A           599  599  057                    3   7032.3
 40CW  24-Jul-23 17:10 0037  E77EA          599  599  091           E7       3   7032.3
 40CW  24-Jul-23 17:11 0038  DJ8EW          599  599  056                    2   7032.3
 40CW  24-Jul-23 17:11 0039  PC4H           599  599  051                    3   7032.3
 40CW  24-Jul-23 17:13 0040  ON7CC          599  599  013           ON       3   7032.3
 40CW  24-Jul-23 17:13 0041  DL1RTL         599  599  003                    2   7032.3
 40CW  24-Jul-23 17:14 0042  HA6NL          599  599  088                    3   7032.3
 40CW  24-Jul-23 17:15 0043  SP2HHX         599  599  045                    3   7032.3
 40CW  24-Jul-23 17:17 0044  SD1A           599  599  058                    3   7025.0
 40CW  24-Jul-23 17:18 0045  SP2XX          599  599  043                    3   7024.6
 40CW  24-Jul-23 17:19 0046  OK1DOR         599  599  072                    3   7029.7
 40CW  24-Jul-23 17:20 0047  EA3X           599  599  050           EA       3   7027.5
 40CW  24-Jul-23 17:22 0048  DJ9SN          599  599  050                    2   7024.0
 40CW  24-Jul-23 17:23 0049  OM5CM          599  599  055                    3   7021.3
 40CW  24-Jul-23 17:24 0050  OT6E           599  599  082                    3   7018.8
 40CW  24-Jul-23 17:24 0051  DF1DT          599  599  089                    2   7019.7
 40CW  24-Jul-23 17:25 0052  HG5E           599  599  100                    3   7018.2
 40CW  24-Jul-23 17:25 0053  S52W           599  599  090           S5       3   7017.6
 40CW  24-Jul-23 17:26 0054  PA3DZM         599  599  042                    3   7017.0
 40CW  24-Jul-23 17:27 0055  HB9BXE         599  599  098           HB       3   7016.6
 40CW  24-Jul-23 17:27 0056  OM5TX          599  599  021                    3   7015.5
 40CW  24-Jul-23 17:29 0057  SA1CCQ         599  599  044                    3   7026.3
 40CW  24-Jul-23 17:29 0058  DJ5CW          599  599  011                    2   7032.6
