 20CW  17-Dec-23 09:08 0001  EA2AZ          599  599  37            EA   37  3  14014.0
 20CW  17-Dec-23 09:10 0002  SN1T           599  599  28            SP   28  3  14011.6
 20CW  17-Dec-23 09:11 0003  9A1AA          599  599  OS            9A       3  14010.6
 20CW  17-Dec-23 09:11 0004  LZ1ZF          599  599  28            LZ       3  14010.0
 20CW  17-Dec-23 09:12 0005  OG4Z           599  599  18            OH   18  3  14008.3
 20CW  17-Dec-23 09:13 0006  RO5X           599  599  29            UA   29  3  14007.7
 20CW  17-Dec-23 09:14 0007  F8DFP          599  599  27            F    27  3  14016.0
 20CW  17-Dec-23 09:15 0008  9A5TW          599  599  ZG                     3  14017.6
 20CW  17-Dec-23 09:15 0009  LZ5R           599  599  28                     3  14018.1
 20CW  17-Dec-23 09:17 0010  SF6J           599  599  18            SM       3  14018.7
 20CW  17-Dec-23 09:18 0011  RL5A           599  599  29                     3  14020.0
 20CW  17-Dec-23 09:19 0012  S53M           599  599  28            S5       3  14023.0
 20CW  17-Dec-23 09:20 0013  YP8T           599  599  28            YO       3  14025.7
 20CW  17-Dec-23 09:21 0014  HA8DU          599  599  28            HA       3  14027.6
 20CW  17-Dec-23 09:27 0015  IK2CZQ         599  599  28            I        3  14028.5
 20CW  17-Dec-23 09:28 0016  RW7F           599  599  29                     3  14029.0
 10CW  17-Dec-23 09:28 0017  UN5G           599  599  31            UN   31  5  28012.5
 10CW  17-Dec-23 09:29 0018  UC5D           599  599  29            UA   29  3  28024.3
 10CW  17-Dec-23 09:30 0019  R4ACY          599  599  29                     3  28029.7
 10CW  17-Dec-23 09:32 0020  RN3BL          599  599  29                     3  28032.5
 10CW  17-Dec-23 09:33 0021  P3X            599  599  39            5B   39  5  28034.0
 10CW  17-Dec-23 09:33 0022  R4GM           599  599  29                     3  28036.8
 10CW  17-Dec-23 09:35 0023  R120X          599  599  29                     3  28042.9
 10CW  17-Dec-23 09:35 0024  RD4F           599  599  29                     3  28044.0
 15CW  17-Dec-23 09:36 0025  YP8T           599  599  28            YO   28  3  21007.5
 15CW  17-Dec-23 09:36 0026  RW0AJ          599  599  32            UA9  32  5  21010.5
 15CW  17-Dec-23 09:37 0027  LZ5DI          599  599  28            LZ       3  21014.3
 15CW  17-Dec-23 09:39 0028  RL5A           599  599  29            UA   29  3  21015.6
 15CW  17-Dec-23 09:44 0029  LZ1VS          599  599  28                     3  21020.6
 15CW  17-Dec-23 09:44 0030  4U9A           599  599  28            I        3  21021.1
 15CW  17-Dec-23 09:45 0031  SV4FFL         599  599  28            SV       3  21023.7
 15CW  17-Dec-23 09:46 0032  IS0AFM         599  599  28            IS       3  21028.0
 15CW  17-Dec-23 09:48 0033  E74O           599  599  28            E7       3  21028.6
 15CW  17-Dec-23 09:49 0034  LZ4A           599  599  28                     3  21029.5
 15CW  17-Dec-23 09:51 0035  ES1BH          599  599  29            ES       3  21030.1
 15CW  17-Dec-23 09:54 0036  EA5OH          599  599  37            EA   37  3  21030.7
 15CW  17-Dec-23 09:55 0037  YQ6A           599  599  28                     3  21031.8
 15CW  17-Dec-23 09:56 0038  EA8DIG         599  599  36            EA8  36  5  21032.8
 15CW  17-Dec-23 09:57 0039  OH3FM          599  599  18            OH   18  3  21033.2
 15CW  17-Dec-23 09:58 0040  UR5ECW         599  599  29            UR       3  21036.7
 15CW  17-Dec-23 11:22 0041  RV3AJ          599  599  29                     3  21039.7
 15CW  17-Dec-23 11:23 0042  YL1ZF          599  599  29            YL       3  21040.3
 15CW  17-Dec-23 11:29 0043  UN9GD          599  599  31            UN   31  5  21041.5
 15CW  17-Dec-23 11:30 0044  Z35M           599  599  28            Z3       3  21042.6
 15CW  17-Dec-23 11:33 0045  IT9RZU         599  599  28            IT9      3  21044.0
 15CW  17-Dec-23 11:35 0046  UF5A           599  599  29                     3  21008.6
 15CW  17-Dec-23 11:36 0047  UP0L           599  599  30                 30  5  21009.3
 15CW  17-Dec-23 11:36 0048  RG9A           599  599  30                     5  21009.8
 15CW  17-Dec-23 11:40 0049  RU4SO          599  599  29                     3  21011.0
 15CW  17-Dec-23 11:42 0050  9A3SMS         599  599  DU            9A       3  21014.0
 15CW  17-Dec-23 11:44 0051  OF9X           599  599  18                     3  21016.8
 15CW  17-Dec-23 11:44 0052  LA5FJA         599  599  18            LA       3  21018.5
 15CW  17-Dec-23 11:45 0053  CT9ABN         599  599  36            CT3      5  21019.5
 10CW  17-Dec-23 11:49 0054  RU4LM          599  599  29                     3  28043.6
 10CW  17-Dec-23 11:49 0055  UX7IW          599  599  29            UR       3  28020.0
 10CW  17-Dec-23 11:50 0056  UC7A           599  599  29                     3  28015.1
 10CW  17-Dec-23 11:51 0057  RK3P           599  599  29                     3  28014.7
 10CW  17-Dec-23 11:51 0058  RU4SO          599  599  29                     3  28011.1
 10CW  17-Dec-23 11:52 0059  RO5X           599  599  29                     3  28009.4
 10CW  17-Dec-23 11:53 0060  YO4NF          599  599  28            YO   28  3  28023.7
