 20CW  27-May-23 13:39 0001  I06A           599  599  844           I06      1  14040.7
 20CW  27-May-23 13:44 0002  LZ9W           599  599  1028          LZ9      1  14037.2
 20CW  27-May-23 13:44 0003  UD4F           599  599  581           UD4      1  14036.7
 20CW  27-May-23 13:45 0004  YT5A           599  599  1112          YT5      1  14034.9
 20CW  27-May-23 13:45 0005  YU5M           599  599  493           YU5      1  14034.3
 20CW  27-May-23 13:46 0006  EF1A           599  599  458           EF1      1  14032.8
 20CW  27-May-23 13:47 0007  YT3X           599  599  865           YT3      1  14030.9
 20CW  27-May-23 13:48 0008  YT7B           599  599  560           YT7      1  14030.0
 20CW  27-May-23 13:51 0009  IB8A           599  599  656           IB8      1  14026.0
 20CW  27-May-23 13:56 0010  SV2SKD         599  599  081           SV2      1  14024.8
 20CW  27-May-23 13:57 0011  UT5NC          599  599  197           UT5      1  14023.0
 20CW  27-May-23 13:58 0012  SZ1A           599  599  818           SZ1      1  14022.5
 20CW  27-May-23 13:58 0013  YT7X           599  599  618                    1  14021.6
 20CW  27-May-23 14:00 0014  OH4KA          599  599  849           OH4      1  14020.5
 20CW  27-May-23 14:00 0015  LY4A           599  599  642           LY4      1  14019.5
 20CW  27-May-23 14:01 0016  IF9A           599  599  779           IF9      1  14015.4
 20CW  27-May-23 14:02 0017  UC1A           599  599  266           UC1      1  14014.9
 20CW  27-May-23 14:02 0018  LZ3QE          599  599  377           LZ3      1  14014.2
 20CW  27-May-23 14:03 0019  YT2ISM         599  599  265           YT2      1  14012.6
 20CW  27-May-23 14:04 0020  HA8IB          599  599  189           HA8      1  14010.5
 20CW  27-May-23 14:05 0021  HG7T           599  599  1055          HG7      1  14010.2
 20CW  27-May-23 14:29 0022  LZ6E           599  599  516           LZ6      1  14009.5
 20CW  27-May-23 14:30 0023  EA6NB          599  599  251           EA6      1  14008.3
 20CW  27-May-23 14:32 0024  II3R           599  599  873           II3      1  14006.6
 20CW  27-May-23 14:32 0025  SA6NIA         599  599  528           SA6      1  14005.3
 20CW  27-May-23 14:32 0026  EA4URE         599  599  504           EA4      1  14004.6
 10CW  27-May-23 14:33 0027  I2WIJ          599  599  136           I2       1  28029.6
 10CW  27-May-23 14:34 0028  EF1A           599  599  547                    1  28035.0
 10CW  27-May-23 14:35 0029  IR6T           599  599  166           IR6      1  28051.0
 10CW  27-May-23 14:35 0030  EA5O           599  599  091           EA5      1  28021.6
 15CW  27-May-23 14:39 0031  II8K           599  599  1343          II8      1  21068.6
 15CW  27-May-23 14:53 0032  UB7K           599  599  785           UB7      1  21063.4
 15CW  27-May-23 14:54 0033  OY1CT          599  599  570           OY1      1  21062.8
 15CW  27-May-23 14:55 0034  UP2L           599  599  2113          UP2      3  21062.4
 15CW  27-May-23 14:56 0035  C4W            599  599  341           C4       3  21061.6
 15CW  27-May-23 14:57 0036  IK0YVV         599  599  550           IK0      1  21056.9
 15CW  27-May-23 14:58 0037  AA3B           599  599  1650          AA3      3  21055.3
 15CW  27-May-23 15:00 0038  IK5ZWU         599  599  132           IK5      1  21054.7
 15CW  27-May-23 15:01 0039  PY8WW          599  599  172           PY8      3  21053.0
 15CW  27-May-23 15:03 0040  9H6WPX         599  599  1009          9H6      1  21051.6
 15CW  27-May-23 15:04 0041  CT7BJG         599  599  488           CT7      1  21047.1
 15CW  27-May-23 15:04 0042  TO1A           599  599  1036          TO1      3  21045.1
 15CW  27-May-23 15:05 0043  IR2Q           599  599  1519          IR2      1  21041.6
 15CW  27-May-23 17:17 0044  UW5Y           599  599  1580          UW5      1  21033.2
 15CW  27-May-23 17:18 0045  AO5U           599  599  1190          AO5      1  21031.7
 15CW  27-May-23 17:19 0046  FR4KR          599  599  693           FR4      3  21029.0
 15CW  27-May-23 17:21 0047  II9P           599  599  973           II9      1  21027.6
 15CW  27-May-23 17:22 0048  R7NW           599  599  861           R7       1  21025.0
 15CW  27-May-23 17:23 0049  K7QA           599  599  693           K7       3  21019.8
 15CW  27-May-23 17:24 0050  DK5KK          599  599  512           DK5      1  21015.9
 15CW  27-May-23 17:25 0051  UP0L           599  599  1602          UP0      3  21012.5
 15CW  27-May-23 17:26 0052  CN3A           599  599  2037          CN3      3  21008.2
 15CW  27-May-23 17:27 0053  K3LR           599  599  1087          K3       3  21007.3
 15CW  27-May-23 17:28 0054  RA9Y           599  599  1795          RA9      3  21006.7
 15CW  27-May-23 17:29 0055  IT9ESW         599  599  553           IT9      1  21006.3
 15CW  27-May-23 17:31 0056  IW5ELA         599  599  041           IW5      1  21005.0
 15CW  27-May-23 17:33 0057  RT4F           599  599  1728          RT4      1  21003.2
 15CW  27-May-23 17:34 0058  NR4M           599  599  1155          NR4      3  21001.5
 15CW  27-May-23 17:35 0059  R9FT           599  599  140           R9       1  21000.8
 10CW  27-May-23 17:35 0060  EA4URE         599  599  506                    1  28019.5
 10CW  27-May-23 17:38 0061  EU1A           599  599  101           EU1      1  28011.0
 20CW  27-May-23 17:40 0062  UA4LL          599  599  215           UA4      1  14069.2
 20CW  27-May-23 17:41 0063  LC9A           599  599  303           LC9      1  14068.7
 20CW  27-May-23 17:42 0064  JH4UYB         599  599  1261          JH4      3  14065.5
 20CW  27-May-23 17:43 0065  UT3EV          599  599  669           UT3      1  14058.0
 20CW  27-May-23 17:44 0066  RG5A           599  599  738           RG5      1  14041.5
 20CW  27-May-23 17:45 0067  JR4OZR         599  599  861           JR4      3  14039.2
 20CW  27-May-23 17:46 0068  EI5KF          599  599  576           EI5      1  14038.9
 20CW  27-May-23 17:47 0069  4L8A           599  599  1045          4L8      3  14038.0
 20CW  27-May-23 17:47 0070  CN3A           599  599  1384                   3  14036.3
 20CW  27-May-23 17:48 0071  OG3B           599  599  741           OG3      1  14035.9
 20CW  27-May-23 17:55 0072  RU1A           599  599  1222          RU1      1  14020.7
 20CW  27-May-23 17:56 0073  UR7R           599  599  309           UR7      1  14020.3
 20CW  27-May-23 17:57 0074  9H6A           599  599  854                    1  14019.0
 20CW  27-May-23 17:57 0075  IB9A           599  599  941           IB9      1  14018.0
 20CW  27-May-23 17:58 0076  TM7A           599  599  1792          TM7      1  14017.2
 20CW  27-May-23 17:59 0077  YR9F           599  599  830           YR9      1  14016.8
 20CW  27-May-23 18:00 0078  SP8PAI         599  599  1074          SP8      1  14016.2
 20CW  27-May-23 18:01 0079  R9FT           599  599  184                    1  14015.4
 10CW  27-May-23 18:04 0080  EV1R           599  599  1129          EV1      1  28022.5
 15CW  27-May-23 18:05 0081  HG7T           599  599  847                    1  21094.8
 15CW  27-May-23 18:06 0082  PY2KJ          599  599  714           PY2      3  21092.9
 15CW  27-May-23 18:12 0083  UY1HY          599  599  136           UY1      1  21067.5
 15CW  27-May-23 18:12 0084  NF9V           599  599  822           NF9      3  21067.1
 15CW  27-May-23 18:13 0085  OM7M           599  599  999           OM7      1  21066.5
 15CW  27-May-23 18:14 0086  SX9V           599  599  708           SX9      1  21063.4
 15CW  27-May-23 18:15 0087  WA8Y           599  599  767           WA8      3  21054.5
 15CW  27-May-23 18:16 0088  NA8V           599  599  1276          NA8      3  21053.5
 15CW  27-May-23 18:17 0089  SP4Z           599  599  1048          SP4      1  21053.0
 15CW  27-May-23 18:17 0090  K3TC           599  599  473                    3  21051.4
 15CW  27-May-23 18:19 0091  EW2A           599  599  816           EW2      1  21049.2
 15CW  27-May-23 18:20 0092  IU0HMB         599  599  2005          IU0      1  21045.5
 15CW  27-May-23 18:20 0093  PR2E           599  599  1518          PR2      3  21043.3
 15CW  27-May-23 18:21 0094  RL3A           599  599  2324          RL3      1  21042.0
 15CW  27-May-23 18:22 0095  EU2F           599  599  1121          EU2      1  21040.8
 15CW  27-May-23 18:23 0096  OM4Q           599  599  1145          OM4      1  21040.1
 15CW  27-May-23 18:24 0097  N7DX           599  599  636           N7       3  21037.5
 15CW  27-May-23 18:24 0098  OK5Z           599  599  1717          OK5      1  21034.2
 15CW  27-May-23 18:25 0099  NJ4U           599  599  568           NJ4      3  21033.0
 15CW  27-May-23 18:28 0100  SP5AUY         599  599  062           SP5      1  21027.3
 15CW  27-May-23 18:29 0101  HG5C           599  599  1218          HG5      1  21026.1
 15CW  27-May-23 18:30 0102  WG3J           599  599  530           WG3      3  21024.5
 15CW  27-May-23 18:32 0103  ED8M           599  599  1538          ED8      3  21023.2
 15CW  27-May-23 18:33 0104  VE3MIS         599  599  970           VE3      3  21022.5
 15CW  27-May-23 18:34 0105  OK7O           599  599  1805          OK7      1  21017.5
 15CW  27-May-23 18:35 0106  UX0KR          599  599  1054          UX0      1  21016.4
 15CW  27-May-23 18:36 0107  KL7RA          599  599  1805          KL7      3  21016.6
 15CW  27-May-23 18:41 0108  CR3DX          599  599  1199          CR3      3  21008.4
 15CW  27-May-23 18:42 0109  LY2XW          599  599  337           LY2      1  21005.4
 15CW  27-May-23 18:43 0110  EA9/EA5EL      599  599  827           EA9      3  21002.3
 15CW  27-May-23 18:44 0111  VC2W           599  599  649           VC2      3  21001.2
 15CW  27-May-23 19:12 0112  ES7A           599  599  1584          ES7      1  21000.3
 10CW  27-May-23 19:13 0113  FY5FY          599  599  931           FY5      3  28057.9
 10CW  27-May-23 19:14 0114  OG7A           599  599  586           OG7      1  28050.3
 10CW  27-May-23 19:15 0115  ZX2E           599  599  958           ZX2      3  28035.4
 10CW  27-May-23 19:15 0116  EE3O           599  599  261           EE3      1  28009.5
 10CW  27-May-23 19:19 0117  OH6AC          599  599  736           OH6      1  28047.9
 10CW  27-May-23 19:20 0118  CE3CT          599  599  631           CE3      3  28053.2
160CW  27-May-23 19:22 0119  S56X           599  599  125           S56      2   1831.0
 40CW  27-May-23 19:25 0120  OK6W           599  599  1055          OK6      2   7037.0
 40CW  27-May-23 19:26 0121  DC8YZ          599  599  487           DC8      1   7036.4
 40CW  27-May-23 19:28 0122  IZ3NYG         599  599  867           IZ3      2   7035.1
 40CW  27-May-23 19:29 0123  OK5Z           599  599  1808                   2   7034.4
 20CW  27-May-23 19:31 0124  SP4TKR         599  599  933                    1  14042.7
 20CW  27-May-23 19:32 0125  BY1AS          599  599  233           BY1      3  14040.5
 20CW  27-May-23 19:35 0126  SO4M           599  599  1707          SO4      1  14036.7
 20CW  27-May-23 19:36 0127  IM0HRP         599  599  1152          IM0      1  14035.8
 20CW  27-May-23 19:36 0128  RG2A           599  599  1298          RG2      1  14033.7
 20CW  27-May-23 19:37 0129  UI7D           599  599  471           UI7      1  14032.6
 20CW  27-May-23 19:37 0130  OH3FM          599  599  2116          OH3      1  14031.4
 20CW  27-May-23 19:39 0131  LZ3V           599  599  022                    1  14030.6
 20CW  27-May-23 19:40 0132  OL7T           599  599  1391          OL7      1  14028.2
 20CW  27-May-23 19:41 0133  HG0Y           599  599  1245          HG0      1  14027.7
 20CW  27-May-23 19:42 0134  EF8R           599  599  2255          EF8      3  14023.7
 20CW  27-May-23 19:42 0135  OM4Q           599  599  1247                   1  14023.4
 20CW  27-May-23 19:43 0136  UP0L           599  599  1918                   3  14022.1
 20CW  27-May-23 19:44 0137  SO3O           599  599  202           SO3      1  14015.5
 20CW  27-May-23 19:45 0138  OM3CW          599  599  548           OM3      1  14011.7
 20CW  27-May-23 19:48 0139  SF1Z           599  599  715           SF1      1  14008.0
 20CW  27-May-23 19:49 0140  OM2VL          599  599  1301          OM2      1  14007.6
 20CW  27-May-23 19:49 0141  HG6O           599  599  790           HG6      1  14006.3
 20CW  27-May-23 19:51 0142  HG6N           599  599  2104                   1  14002.7
 20CW  27-May-23 19:51 0143  HG5E           599  599  1092                   1  14002.2
 20CW  27-May-23 19:55 0144  UC4L           599  599  983           UC4      1  14057.1
 20CW  27-May-23 19:56 0145  UN0LM          599  599  617           UN0      3  14057.1
 20CW  27-May-23 19:57 0146  OG2P           599  599  559           OG2      1  14057.1
 20CW  27-May-23 19:58 0147  DD7NT          599  599  1101          DD7      1  14057.1
 20CW  27-May-23 19:59 0148  SN7O           599  599  1037          SN7      1  14057.1
 20CW  27-May-23 20:00 0149  OQ5M           599  599  1195          OQ5      1  14057.1
 20CW  27-May-23 20:03 0150  LY9A           599  599  759           LY9      1  14057.1
 20CW  27-May-23 20:05 0151  Z3100TC        599  599  109           Z3100    1  14070.6
 20CW  27-May-23 20:06 0152  II8K           599  599  1804                   1  14069.7
 20CW  27-May-23 20:07 0153  RX9WN          599  599  147           RX9      3  14067.5
 20CW  27-May-23 20:08 0154  YL2PJ          599  599  301           YL2      1  14063.3
 20CW  27-May-23 20:09 0155  SM3EVR         599  599  359           SM3      1  14063.0
 10CW  27-May-23 20:19 0156  SP8UFT         599  599  175                    1  28021.5
 10CW  27-May-23 20:19 0157  HA3NU          599  599  886           HA3      1  28020.6
 10CW  27-May-23 20:20 0158  YO8AXP         599  599  207           YO8      1  28008.4
 10CW  27-May-23 20:21 0159  LY2IJ          599  599  735                    1  28006.6
 15CW  27-May-23 20:22 0160  SP8R           599  599  1200                   1  21071.2
 15CW  27-May-23 20:23 0161  JA3YBK         599  599  1018          JA3      3  21067.0
 15CW  27-May-23 20:23 0162  YT0Z           599  599  1237          YT0      1  21066.4
 15CW  27-May-23 20:24 0163  OK2CMW         599  599  322           OK2      1  21060.6
 15CW  27-May-23 20:25 0164  EU4A           599  599  993           EU4      1  21057.8
 15CW  27-May-23 20:26 0165  TF/DL1MGB      599  599  1512          TF0      1  21056.2
 15CW  27-May-23 20:26 0166  YO9HP          599  599  841           YO9      1  21055.7
 15CW  27-May-23 20:29 0167  RA5G           599  599  937           RA5      1  21051.8
 15CW  27-May-23 20:30 0168  LY4A           599  599  897                    1  21049.3
 15CW  27-May-23 20:32 0169  NP2X           599  599  754           NP2      3  21048.7
 15CW  27-May-23 20:33 0170  JR2GRX         599  599  1443          JR2      3  21047.3
 15CW  27-May-23 20:37 0171  CE3CT          599  599  493                    3  21038.8
 15CW  27-May-23 20:38 0172  WQ0RVO         599  599  1491          WQ0      3  21037.3
 15CW  27-May-23 20:39 0173  SN2M           599  599  1486          SN2      1  21034.8
 15CW  27-May-23 20:40 0174  YT9W           599  599  633           YT9      1  21032.0
 15CW  27-May-23 20:41 0175  SN2B           599  599  1133                   1  21030.5
 15CW  27-May-23 20:42 0176  OE3G           599  599  577           OE3      1  21028.4
 15CW  27-May-23 20:45 0177  LZ9W           599  599  1197                   1  21017.2
 15CW  27-May-23 20:46 0178  YT3D           599  599  289                    1  21015.1
 15CW  27-May-23 20:47 0179  RA4Y           599  599  105           RA4      1  21013.6
 15CW  27-May-23 20:48 0180  OK2TJ          599  599  168                    1  21013.0
 15CW  27-May-23 20:49 0181  UD4F           599  599  1111                   1  21011.0
 15CW  27-May-23 20:49 0182  YT5A           599  599  1278                   1  21009.7
 15CW  27-May-23 20:51 0183  LZ8E           599  599  1131          LZ8      1  21008.8
 15CW  27-May-23 20:53 0184  LZ5R           599  599  3140          LZ5      1  21007.3
 15CW  27-May-23 20:54 0185  HA2KMR         599  599  1093          HA2      1  21005.0
 15CW  27-May-23 20:54 0186  OK5D           599  599  1040                   1  21002.9
 15CW  27-May-23 20:56 0187  K1LZ           599  599  2903          K1       3  21000.1
 10CW  27-May-23 20:56 0188  LY7Z           599  599  612           LY7      1  28054.3
 10CW  27-May-23 20:58 0189  E74C           599  599  271           E74      1  28002.5
 20CW  27-May-23 20:59 0190  9A1AA          599  599  1210          9A1      1  14062.2
 20CW  27-May-23 21:00 0191  SP8R           599  599  1241                   1  14061.4
 20CW  27-May-23 21:00 0192  DK5KK          599  599  600                    1  14061.0
 20CW  27-May-23 21:01 0193  OM7M           599  599  1350                   1  14060.5
 20CW  27-May-23 21:03 0194  AB3CX          599  599  1519          AB3      3  14058.4
 20CW  27-May-23 21:05 0195  PY1VOY         599  599  293           PY1      3  14057.8
 20CW  27-May-23 21:05 0196  HG3N           599  599  1183          HG3      1  14056.6
 20CW  27-May-23 21:06 0197  E76X           599  599  2620          E76      1  14056.3
 20CW  27-May-23 21:06 0198  OH5TS          599  599  377           OH5      1  14055.8
 20CW  27-May-23 21:07 0199  IZ8EFD         599  599  775           IZ8      1  14055.1
 20CW  27-May-23 21:08 0200  DL6AG          599  599  397           DL6      1  14054.5
 20CW  27-May-23 21:09 0201  EA2W           599  599  2378          EA2      1  14053.3
 20CW  27-May-23 21:10 0202  VC2W           599  599  1337                   3  14052.1
 20CW  27-May-23 21:11 0203  VC3T           599  599  1586          VC3      3  14051.6
 20CW  27-May-23 21:12 0204  TF/DL1MGB      599  599  1463                   1  14050.0
 20CW  27-May-23 21:13 0205  SV1ME          599  599  532           SV1      1  14049.2
160CW  27-May-23 21:13 0206  LY0UKR         599  599  165           LY0      2   1832.5
160CW  27-May-23 21:15 0207  DA0BCC         599  599  090           DA0      1   1829.7
160CW  27-May-23 21:18 0208  DL4ZA          599  599  421           DL4      1   1837.0
160CW  27-May-23 21:19 0209  LN8W           599  599  098           LN8      2   1834.9
160CW  27-May-23 21:20 0210  LC5T           599  599  904           LC5      2   1828.0
160CW  27-May-23 21:22 0211  DA3X           599  599  844           DA3      1   1823.6
 40CW  27-May-23 21:27 0212  YO5PBW         599  599  374           YO5      2   7033.8
 40CW  27-May-23 21:27 0213  LZ1JZ          599  599  211           LZ1      2   7033.0
 40CW  27-May-23 21:28 0214  EW4A           599  599  1018          EW4      2   7032.6
 40CW  27-May-23 21:29 0215  SX9V           599  599  448                    2   7032.2
 40CW  27-May-23 21:29 0216  OG3B           599  599  429                    2   7031.7
 40CW  27-May-23 21:30 0217  S53MM          599  599  1839          S53      2   7031.2
 40CW  27-May-23 21:32 0218  LZ8A           599  599  867                    2   7030.4
 40CW  27-May-23 21:33 0219  YT5A           599  599  971                    2   7029.2
 40CW  27-May-23 21:33 0220  RA5G           599  599  269                    2   7028.7
 40CW  27-May-23 21:34 0221  HG5C           599  599  1445                   2   7028.0
 40CW  27-May-23 21:34 0222  SA6NIA         599  599  816                    2   7026.9
 40CW  27-May-23 21:35 0223  I2CZQ          599  599  148                    2   7026.4
 40CW  28-May-23 06:53 0224  OT7T           599  599  1124          OT7      2   7002.1
 40CW  28-May-23 06:54 0225  9A7V           599  599  1436          9A7      2   7000.7
 40CW  28-May-23 06:54 0226  OE6VIE         599  599  419           OE6      2   7002.5
 40CW  28-May-23 06:55 0227  OM7M           599  599  1043                   2   7003.6
 40CW  28-May-23 06:55 0228  S51YI          599  599  1320          S51      2   7005.5
 40CW  28-May-23 06:56 0229  LY2K           599  599  736                    2   7007.5
 40CW  28-May-23 06:57 0230  ON6FC          599  599  130           ON6      2   7009.4
 40CW  28-May-23 06:58 0231  DL3JAN         599  599  1686          DL3      1   7010.0
 40CW  28-May-23 06:59 0232  DK3YD          599  599  786           DK3      1   7010.6
 40CW  28-May-23 07:01 0233  DJ1OJ          599  599  597           DJ1      1   7012.8
 40CW  28-May-23 07:02 0234  S52AW          599  599  1286          S52      2   7013.9
 40CW  28-May-23 07:02 0235  F5IN           599  599  1470          F5       2   7016.2
 40CW  28-May-23 07:03 0236  OE5OHO         599  599  731           OE5      2   7017.6
 40CW  28-May-23 07:04 0237  9A6A           599  599  468           9A6      2   7019.6
 40CW  28-May-23 07:05 0238  HA7I           599  599  1249          HA7      2   7021.4
 40CW  28-May-23 07:05 0239  DL2DXA/P       599  599  159           DL2      1   7022.0
 40CW  28-May-23 07:06 0240  LN8W           599  599  1158                   2   7023.6
 40CW  28-May-23 07:07 0241  IB3N           599  599  999           IB3      2   7025.7
 40CW  28-May-23 07:09 0242  OK2HBR         599  599  471                    2   7027.3
 40CW  28-May-23 07:09 0243  SO5CW          599  599  1383          SO5      2   7026.3
 40CW  28-May-23 07:11 0244  SP3GEM         599  599  1553          SP3      2   7028.4
 40CW  28-May-23 07:12 0245  SP5AUC         599  599  760                    2   7030.0
 40CW  28-May-23 07:12 0246  OM6AL          599  599  864           OM6      2   7030.8
 40CW  28-May-23 07:13 0247  DL1NEO         599  599  793           DL1      1   7031.7
 40CW  28-May-23 07:14 0248  LZ9W           599  599  832                    2   7032.2
 40CW  28-May-23 07:15 0249  DM2DZM         599  599  275           DM2      1   7033.5
 40CW  28-May-23 07:16 0250  9A2U           599  599  2432          9A2      2   7033.9
 40CW  28-May-23 07:16 0251  PA3ARM         599  599  516           PA3      2   7038.2
 40CW  28-May-23 07:18 0252  YU7WW          599  599  850           YU7      2   7035.5
 40CW  28-May-23 07:19 0253  DL4FN          599  599  1120                   1   7035.5
 40CW  28-May-23 07:20 0254  DL4ME          599  599  313                    1   7035.5
 40CW  28-May-23 07:21 0255  YT4T           599  599  856           YT4      2   7035.5
 40CW  28-May-23 07:22 0256  OK2ABU         599  599  335                    2   7035.5
 40CW  28-May-23 07:23 0257  IZ3GNG         599  599  088                    2   7035.5
 40CW  28-May-23 07:24 0258  OK2ABU         599  599  335                    0   7035.5
 40CW  28-May-23 07:25 0259  OK1UKY         599  599  348           OK1      2   7035.5
 10CW  28-May-23 07:28 0260  EB5A           599  599  2433          EB5      1  28039.1
 10CW  28-May-23 07:29 0261  9A5D           599  599  3365          9A5      1  28035.8
 10CW  28-May-23 07:31 0262  II8K           599  599  2542                   1  28031.3
 10CW  28-May-23 07:32 0263  E7DX           599  599  3553          E7       1  28029.3
 10CW  28-May-23 07:32 0264  EA3AR          599  599  577           EA3      1  28025.0
 10CW  28-May-23 07:33 0265  EA4IE          599  599  245                    1  28017.0
 10CW  28-May-23 07:34 0266  EF5D           599  599  517           EF5      1  28014.0
 10CW  28-May-23 07:35 0267  ED3T           599  599  341           ED3      1  28009.0
 10CW  28-May-23 07:37 0268  YU5R           599  599  2099                   1  28007.6
 10CW  28-May-23 07:37 0269  LZ9W           599  599  602                    1  28007.1
 15CW  28-May-23 07:42 0270  UN4L           599  599  999           UN4      3  21070.0
 15CW  28-May-23 07:47 0271  HG8R           599  599  2411          HG8      1  21041.5
 15CW  28-May-23 07:48 0272  ED1R           599  599  1178          ED1      1  21039.0
 15CW  28-May-23 07:50 0273  EF8R           599  599  2844                   3  21030.2
 15CW  28-May-23 07:52 0274  EA4URE         599  599  972                    1  21022.0
 15CW  28-May-23 07:53 0275  UP1G           599  599  720           UP1      3  21019.2
 15CW  28-May-23 07:55 0276  EA3AKA         599  599  151                    1  21018.4
 15CW  28-May-23 07:57 0277  YT9A           599  599  1526                   1  21012.2
 15CW  28-May-23 07:59 0278  YL2SM          599  599  2210                   1  21006.0
 15CW  28-May-23 08:00 0279  EA7X           599  599  1690          EA7      1  21003.9
 10CW  28-May-23 08:04 0280  IT9VDQ         599  599  569                    1  28011.0
 10CW  28-May-23 08:05 0281  LZ5R           599  599  4431                   1  28002.0
 20CW  28-May-23 08:05 0282  EW1M           599  599  504           EW1      1  14046.5
 20CW  28-May-23 08:06 0283  IR1N           599  599  701           IR1      1  14045.4
 20CW  28-May-23 08:07 0284  N4WW           599  599  2610          N4       3  14044.6
 20CW  28-May-23 08:08 0285  IZ5FDE         599  599  188           IZ5      1  14043.4
 20CW  28-May-23 08:09 0286  UT5NR          599  599  429                    1  14041.4
 20CW  28-May-23 08:10 0287  9A3YT          599  599  1178          9A3      1  14035.4
 20CW  28-May-23 08:11 0288  CT7AUP         599  599  513                    1  14035.9
 20CW  28-May-23 08:11 0289  TA3D           599  599  596           TA3      3  14034.0
 20CW  28-May-23 08:13 0290  IK5MEP         599  599  428                    1  14033.4
 20CW  28-May-23 08:15 0291  TA3RT          599  599  192                    3  14031.0
 20CW  28-May-23 08:16 0292  9A5D           599  599  3448                   1  14029.6
 20CW  28-May-23 08:20 0293  SF1K           599  599  625                    1  14027.9
 20CW  28-May-23 08:26 0294  IK3SCB         599  599  030           IK3      1  14010.0
 20CW  28-May-23 08:26 0295  9H6A           599  599  1153                   0  14009.5
 20CW  28-May-23 08:28 0296  CR5O           599  599  1111          CR5      1  14006.9
 20CW  28-May-23 08:28 0297  HA2KMR         599  599  1659                   1  14004.0
 20CW  28-May-23 08:30 0298  LZ4A           599  599  817           LZ4      1  14002.5
 20CW  28-May-23 08:30 0299  EA2GR          599  599  047                    1  14001.5
 20CW  28-May-23 08:31 0300  OG73X          599  599  2124          OG73     1  14049.6
 20CW  28-May-23 08:32 0301  UR8RF          599  599  616           UR8      1  14047.0
 20CW  28-May-23 08:33 0302  OH1F           599  599  2659          OH1      1  14064.9
 20CW  28-May-23 08:33 0303  F8KLY          599  599  626           F8       1  14064.4
 10CW  28-May-23 14:38 0304  CW5W           599  599  1954          CW5      3  28053.0
 10CW  28-May-23 14:40 0305  ED8M           599  599  2112                   3  28026.8
 10CW  28-May-23 14:41 0306  PY5AKW         599  599  320           PY5      3  28042.4
 10CW  28-May-23 14:42 0307  EF8R           599  599  3243                   3  28036.7
 10CW  28-May-23 14:44 0308  PR2E           599  599  2986                   3  28033.0
 15CW  28-May-23 14:49 0309  WP4X           599  599  3288          WP4      3  21067.4
 15CW  28-May-23 14:55 0310  UA4CC          599  599  075                    1  21048.6
 15CW  28-May-23 14:57 0311  RU1A           599  599  2240                   1  21044.7
 15CW  28-May-23 14:58 0312  UC4L           599  599  2189                   1  21036.6
 15CW  28-May-23 15:00 0313  NU5A           599  599  2565          NU5      3  21033.2
 15CW  28-May-23 15:02 0314  R9GM           599  599  196                    1  21028.0
 15CW  28-May-23 15:07 0315  9H6A           599  599  1076                   1  21018.0
 15CW  28-May-23 15:08 0316  BY5EA          599  599  2003          BY5      3  21012.3
 15CW  28-May-23 15:09 0317  H25A           599  599  2761          H25      3  21003.0
 15CW  28-May-23 15:11 0318  PV2K           599  599  1384          PV2      3  21000.5
 20CW  28-May-23 15:14 0319  3Z0X           599  599  851           3Z0      1  14067.3
 20CW  28-May-23 15:15 0320  OG6N           599  599  1945          OG6      1  14068.0
 20CW  28-May-23 15:16 0321  E77A           599  599  120           E77      1  14061.8
 20CW  28-May-23 15:17 0322  HA8TP          599  599  473                    1  14062.5
 20CW  28-May-23 15:18 0323  UT2UB          599  599  1036          UT2      1  14059.9
 20CW  28-May-23 15:20 0324  RU5A           599  599  426           RU5      1  14058.5
 20CW  28-May-23 15:21 0325  EW1I           599  599  1438                   1  14055.9
 20CW  28-May-23 15:21 0326  LN8W           599  599  1888                   1  14055.6
 20CW  28-May-23 15:22 0327  S52OT          599  599  505                    1  14054.7
 20CW  28-May-23 15:23 0328  UR4UWY         599  599  1070          UR4      1  14053.4
 20CW  28-May-23 15:24 0329  SX9V           599  599  1484                   1  14050.7
 20CW  28-May-23 15:25 0330  YT1BX          599  599  600           YT1      1  14049.0
 20CW  28-May-23 15:26 0331  SC7DX          599  599  1129          SC7      1  14046.8
 20CW  28-May-23 15:27 0332  RL3A           599  599  4420                   1  14046.5
 20CW  28-May-23 15:32 0333  SM6BGA         599  599  248           SM6      1  14036.2
 20CW  28-May-23 15:35 0334  HZ1TT          599  599  799           HZ1      3  14033.3
 20CW  28-May-23 15:36 0335  YT3D           599  599  1612                   1  14025.5
 20CW  28-May-23 15:44 0336  YL2SM          599  599  2628                   1  14008.7
 20CW  28-May-23 15:49 0337  4Z4AK          599  599  2037          4Z4      3  14000.5
 10CW  28-May-23 15:50 0338  OG3B           599  599  692                    1  28022.2
 10CW  28-May-23 15:56 0339  5Z4VJ          599  599  755           5Z4      3  28035.0
 10CW  28-May-23 15:58 0340  LU8DPM         599  599  1389          LU8      3  28018.5
 40CW  28-May-23 16:05 0341  DK3WM          599  599  189                    1   7035.5
 40CW  28-May-23 16:05 0342  DL1IAO         599  599  267                    1   7034.3
 40CW  28-May-23 16:06 0343  DF4ZL          599  599  863           DF4      1   7033.5
 40CW  28-May-23 16:11 0344  DL5RMH         599  599  344           DL5      1   7030.6
 40CW  28-May-23 16:13 0345  OZ1IVA         599  599  491           OZ1      2   7029.6
 40CW  28-May-23 16:14 0346  S53Z           599  599  128                    2   7029.0
 40CW  28-May-23 16:42 0347  OK1AGE         599  599  463                    2   7025.7
 40CW  28-May-23 16:47 0348  SM5IMO         599  599  120           SM5      2   7023.6
 40CW  28-May-23 16:48 0349  YT7X           599  599  1129                   2   7023.3
 40CW  28-May-23 16:49 0350  OK1OA          599  599  917                    2   7022.7
 40CW  28-May-23 16:49 0351  DK5KK          599  599  1361                   1   7022.1
 40CW  28-May-23 16:50 0352  SN6A           599  599  294           SN6      2   7021.5
 40CW  28-May-23 16:51 0353  DD1A           599  599  2308          DD1      1   7018.0
 40CW  28-May-23 16:51 0354  ON3DI          599  599  973           ON3      2   7017.6
 40CW  28-May-23 16:54 0355  YO9HP          599  599  1788                   2   7016.6
 40CW  28-May-23 16:54 0356  DH0GHU         599  599  1297          DH0      1   7015.1
 40CW  28-May-23 16:55 0357  DL6KVA         599  599  1800                   1   7014.4
 40CW  28-May-23 16:57 0358  SO4M           599  599  3055                   2   7013.8
 40CW  28-May-23 16:58 0359  I2IFT          599  599  1167                   2   7013.4
 40CW  28-May-23 16:59 0360  DM7W           599  599  831           DM7      1   7013.0
 40CW  28-May-23 17:19 0361  LY4A           599  599  760                    2   7013.1
 40CW  28-May-23 17:21 0362  HA2EOU         599  599  234                    2   7012.5
 40CW  28-May-23 17:21 0363  OL7D           599  599  1820                   2   7012.0
 40CW  28-May-23 17:22 0364  S55T           599  599  1665          S55      2   7011.0
 40CW  28-May-23 17:23 0365  SN6E           599  599  408                    2   7010.6
 40CW  28-May-23 17:23 0366  DK2FG          599  599  833           DK2      1   7010.0
 40CW  28-May-23 17:24 0367  IB8A           599  599  840                    2   7009.0
 40CW  28-May-23 17:25 0368  HA6NL          599  599  1138          HA6      2   7008.7
 40CW  28-May-23 17:27 0369  I3FIY          599  599  460           I3       2   7008.1
 40CW  28-May-23 17:27 0370  F/E72T         599  599  787           F0       2   7006.8
 40CW  28-May-23 17:37 0371  LZ7J           599  599  1316          LZ7      2   7003.0
 10CW  28-May-23 17:40 0372  OH5BQ          599  599  514                    1  28034.6
 10CW  28-May-23 17:41 0373  OG8A           599  599  132           OG8      1  28023.7
 15CW  28-May-23 17:44 0374  VE3EJ          599  599  1910                   3  21067.7
 15CW  28-May-23 17:46 0375  OH7K           599  599  1931          OH7      1  21066.3
 15CW  28-May-23 17:46 0376  LY7K           599  599  924                    1  21063.8
 15CW  28-May-23 17:48 0377  OH1F           599  599  3105                   1  21060.4
 15CW  28-May-23 17:49 0378  CT3KN          599  599  2811          CT3      3  21059.4
 15CW  28-May-23 17:52 0379  PY5AMF         599  599  798                    3  21044.0
 15CW  28-May-23 17:52 0380  CR6K           599  599  4006          CR6      1  21042.8
 15CW  28-May-23 17:56 0381  VR2XAN         599  599  2320          VR2      3  21027.0
 15CW  28-May-23 17:58 0382  VY2TT          599  599  4446          VY2      3  21017.3
 20CW  28-May-23 18:11 0383  YT0Z           599  599  2050                   1  14078.4
 20CW  28-May-23 18:14 0384  IR2Q           599  599  3342                   1  14063.4
 20CW  28-May-23 18:16 0385  OM7K           599  599  2033                   1  14062.5
 20CW  28-May-23 18:19 0386  JE6RPM         599  599  2717          JE6      3  14056.2
 40CW  28-May-23 18:45 0387  F4FFH          599  599  554           F4       2   7046.9
 40CW  28-May-23 18:46 0388  YL8M           599  599  632           YL8      2   7045.8
 40CW  28-May-23 18:47 0389  DK5DQ          599  599  1353                   1   7045.3
 40CW  28-May-23 18:47 0390  LZ1QV          599  599  775                    2   7044.5
 40CW  28-May-23 18:51 0391  OM5JA          599  599  845           OM5      2   7042.0
 40CW  28-May-23 18:52 0392  LY4L           599  599  2024                   2   7041.2
 40CW  28-May-23 18:54 0393  DF3VM          599  599  1714          DF3      1   7039.5
 40CW  28-May-23 18:56 0394  LC7X           599  599  156           LC7      2   7040.5
 40CW  28-May-23 18:56 0395  DA3X           599  599  1482                   1   7039.2
 40CW  28-May-23 18:57 0396  OH0V           599  599  2339          OH0      2   7038.0
 40CW  28-May-23 18:59 0397  DM3M           599  599  1474          DM3      1   7037.1
 40CW  28-May-23 19:00 0398  SP4Z           599  599  1872                   2   7036.7
 40CW  28-May-23 19:01 0399  HA8DU          599  599  1463                   2   7036.4
 40CW  28-May-23 19:01 0400  S53M           599  599  2413                   2   7036.0
 40CW  28-May-23 19:02 0401  SZ1A           599  599  841                    2   7035.7
 40CW  28-May-23 19:04 0402  OG50YL         599  599  637           OG50     2   7035.0
 40CW  28-May-23 19:07 0403  4L2M           599  599  632           4L2      6   7034.7
 40CW  28-May-23 19:08 0404  OL2M           599  599  375           OL2      2   7034.4
 40CW  28-May-23 19:09 0405  M5MDX          599  599  3019          M5       2   7034.0
 40CW  28-May-23 19:10 0406  S51J           599  599  821                    2   7033.4
 40CW  28-May-23 19:11 0407  DG3T           599  599  977           DG3      1   7033.1
 40CW  28-May-23 19:11 0408  DK5TA          599  599  350                    1   7032.5
 40CW  28-May-23 19:12 0409  HG7T           599  599  1113                   2   7031.7
 40CW  28-May-23 19:13 0410  S53BB          599  599  689                    2   7030.7
 40CW  28-May-23 19:13 0411  PA4O           599  599  1556          PA4      2   7030.3
 40CW  28-May-23 19:16 0412  DM5EA          599  599  237           DM5      1   7029.1
 40CW  28-May-23 19:17 0413  HA1WD          599  599  121           HA1      2   7027.8
 40CW  28-May-23 19:18 0414  DL5ASK         599  599  442                    1   7027.3
 40CW  28-May-23 19:19 0415  HG8R           599  599  2834                   2   7026.7
 40CW  28-May-23 19:19 0416  DL4CF          599  599  312                    1   7026.2
 40CW  28-May-23 19:20 0417  YO5ODT         599  599  255                    2   7026.0
 40CW  28-May-23 19:22 0418  DL5YL          599  599  924                    1   7025.7
 40CW  28-May-23 19:23 0419  9A3XV          599  599  2246                   2   7025.3
 40CW  28-May-23 19:23 0420  UR5ECW         599  599  1204          UR5      2   7024.3
 40CW  28-May-23 19:24 0421  9A3MA          599  599  535                    2   7023.6
 40CW  28-May-23 19:26 0422  HF50F          599  599  936           HF50     2   7022.7
 40CW  28-May-23 19:26 0423  SQ3HTX         599  599  431           SQ3      2   7021.3
 40CW  28-May-23 19:27 0424  F8DFP          599  599  659                    2   7020.6
 40CW  28-May-23 19:29 0425  UT5C           599  599  222                    2   7020.3
 40CW  28-May-23 19:29 0426  LZ73TRC        599  599  659           LZ73     2   7019.8
 40CW  28-May-23 19:30 0427  UZ1WW          599  599  1108          UZ1      2   7019.5
 40CW  28-May-23 19:31 0428  YO4DG          599  599  1113          YO4      2   7019.1
 40CW  28-May-23 19:32 0429  HA7RY          599  599  1348                   2   7018.8
 40CW  28-May-23 19:33 0430  H25A           599  599  3076                   6   7017.2
 40CW  28-May-23 19:34 0431  SP3HRN         599  599  244                    2   7016.6
 40CW  28-May-23 19:35 0432  DQ2C           599  599  1533          DQ2      1   7016.4
 40CW  28-May-23 19:37 0433  OZ3SM          599  599  1682          OZ3      2   7015.9
 40CW  28-May-23 19:39 0434  OR1Z           599  599  750           OR1      2   7014.7
 40CW  28-May-23 19:41 0435  MM9I           599  599  2332          MM9      2   7013.8
 40CW  28-May-23 19:42 0436  SP4W           599  599  320                    2   7013.2
 40CW  28-May-23 19:44 0437  YO3HEX         599  599  1062          YO3      2   7012.9
 40CW  28-May-23 19:44 0438  IM0HRP         599  599  1896                   2   7012.4
 40CW  28-May-23 19:45 0439  IO3F           599  599  285           IO3      2   7011.7
 40CW  28-May-23 19:48 0440  PD1RP          599  599  563           PD1      2   7010.7
 40CW  28-May-23 19:49 0441  OM3ZU          599  599  656                    2   7010.3
 40CW  28-May-23 19:50 0442  SP2KDS         599  599  1410          SP2      2   7008.2
 40CW  28-May-23 19:52 0443  S57K           599  599  2628          S57      2   7007.0
 40CW  28-May-23 19:54 0444  HA6OA          599  599  189                    2   7006.7
 40CW  28-May-23 19:55 0445  UW1WU          599  599  858           UW1      2   7005.9
 40CW  28-May-23 19:56 0446  SV4FFL         599  599  259           SV4      2   7005.5
 40CW  28-May-23 19:57 0447  S58M           599  599  1524          S58      2   7005.1
 40CW  28-May-23 19:59 0448  Z39A           599  599  551           Z39      2   7004.7
 40CW  28-May-23 20:00 0449  LY5W           599  599  1847          LY5      2   7003.6
 40CW  28-May-23 20:01 0450  UY2UA          599  599  049           UY2      2   7003.0
 40CW  28-May-23 20:02 0451  LA8OM          599  599  1309          LA8      2   7002.6
 40CW  28-May-23 20:03 0452  MR3P           599  599  297           MR3      2   7002.1
 40CW  28-May-23 20:04 0453  YT1A           599  599  1344                   2   7000.4
 80CW  28-May-23 20:06 0454  TM57M          599  599  829           TM57     2   3552.0
 80CW  28-May-23 20:06 0455  HA4NH          599  599  421           HA4      2   3547.9
 80CW  28-May-23 20:09 0456  OM5JA          599  599  890                    2   3542.6
 80CW  28-May-23 20:10 0457  SN6E           599  599  285                    2   3540.7
 80CW  28-May-23 20:11 0458  OK1OA          599  599  975                    2   3539.6
 80CW  28-May-23 20:11 0459  S54W           599  599  106           S54      2   3538.0
 80CW  28-May-23 20:12 0460  SP5CNA         599  599  1319                   2   3537.0
 80CW  28-May-23 20:13 0461  DL1VDL         599  599  869                    1   3536.5
 80CW  28-May-23 20:14 0462  9A2U           599  599  3112                   2   3536.1
 80CW  28-May-23 20:17 0463  LZ9W           599  599  400                    2   3534.0
 80CW  28-May-23 20:18 0464  HG5C           599  599  2684                   2   3533.0
 80CW  28-May-23 20:19 0465  9A5TW          599  599  472                    2   3532.5
 80CW  28-May-23 20:20 0466  OG3B           599  599  279                    2   3528.3
 80CW  28-May-23 20:21 0467  LY2DX          599  599  1089                   2   3527.6
 80CW  28-May-23 20:28 0468  DR5X           599  599  778           DR5      1   3524.4
 80CW  28-May-23 20:29 0469  YT5A           599  599  666                    2   3523.7
 80CW  28-May-23 20:31 0470  OK3X           599  599  863           OK3      2   3523.2
 80CW  28-May-23 20:36 0471  SP/DL1EKO      599  599  968           SP0      2   3522.5
 80CW  28-May-23 20:36 0472  OK2EA          599  599  708                    2   3521.4
 80CW  28-May-23 20:38 0473  HA8FK          599  599  593                    2   3518.0
 80CW  28-May-23 20:39 0474  DL7PIA         599  599  238           DL7      1   3517.5
 80CW  28-May-23 20:41 0475  DL5YM          599  599  1382                   1   3516.4
 80CW  28-May-23 20:43 0476  F5IN           599  599  2005                   2   3516.1
 80CW  28-May-23 20:43 0477  DA0BCC         599  599  470                    1   3514.9
 80CW  28-May-23 20:44 0478  OE2S           599  599  169           OE2      2   3513.6
 80CW  28-May-23 20:46 0479  LZ33E          599  599  397           LZ33     2   3513.0
 80CW  28-May-23 20:47 0480  OL5Z           599  599  3319          OL5      2   3512.6
 80CW  28-May-23 20:47 0481  SD6F           599  599  1212          SD6      2   3511.1
 80CW  28-May-23 20:48 0482  S52C           599  599  2378                   2   3510.3
 80CW  28-May-23 20:48 0483  E74R           599  599  610                    2   3509.8
 80CW  28-May-23 20:50 0484  LN8W           599  599  607                    2   3508.3
 80CW  28-May-23 20:51 0485  OM7M           599  599  269                    2   3507.0
 80CW  28-May-23 20:52 0486  SF1Z           599  599  1419                   2   3503.3
 80CW  28-May-23 20:54 0487  SM5ACQ         599  599  523                    2   3502.6
160CW  28-May-23 20:58 0488  PA4VHF         599  599  205                    2   1823.1
160CW  28-May-23 20:58 0489  PA5KT          599  599  1125          PA5      2   1822.1
 20CW  28-May-23 21:01 0490  KD2RN          599  599  1539          KD2      3  14037.7
 20CW  28-May-23 21:04 0491  HA8LNN         599  599  202                    1  14035.4
 20CW  28-May-23 21:04 0492  ED8M           599  599  2903                   3  14034.7
 20CW  28-May-23 21:05 0493  LZ5R           599  599  5668                   1  14028.3
 20CW  28-May-23 21:06 0494  P40W           599  599  2458          P40      3  14023.9
 20CW  28-May-23 21:08 0495  WP3X           599  599  3769          WP3      3  14023.0
 20CW  28-May-23 21:09 0496  VP5M           599  599  3539          VP5      3  14022.2
 20CW  28-May-23 21:10 0497  HA6PX          599  599  121                    1  14021.9
 20CW  28-May-23 21:10 0498  9A1P           599  599  2103                   1  14021.4
 20CW  28-May-23 21:12 0499  UA3AGW         599  599  424           UA3      1  14008.2
 20CW  28-May-23 21:13 0500  S57DX          599  599  2071                   1  14002.8
 15CW  28-May-23 21:14 0501  YU5R           599  599  2603                   1  21033.3
 40CW  28-May-23 21:16 0502  UC4L           599  599  770                    2   7026.8
