 20CW  25-Feb-23 17:09 0001  YO9HP          599  599  232           YO       3  14041.2
 20CW  25-Feb-23 17:10 0002  S53BB          599  599  074           S5       3  14034.8
 20CW  25-Feb-23 17:16 0003  ON4LDP         599  599  121LLV        ON       3  14032.6
 20CW  25-Feb-23 17:18 0004  IV3IPS         599  599  140           I        3  14031.5
 20CW  25-Feb-23 17:18 0005  IZ8EFD         599  599  069                    3  14030.7
 20CW  25-Feb-23 17:19 0006  IZ8BRI         599  599  235                    3  14029.0
 20CW  25-Feb-23 17:20 0007  LZ1RW          599  599  229           LZ       3  14028.0
 20CW  25-Feb-23 17:20 0008  SN1T           599  599  256           SP       3  14027.5
 20CW  25-Feb-23 17:23 0009  EA8DIG         599  599  089           EA8      5  14026.5
 20CW  25-Feb-23 17:24 0010  ON6SI          599  599  371NNV                 3  14026.0
 20CW  25-Feb-23 17:25 0011  LZ70RCP        599  599  252                    3  14024.8
 20CW  25-Feb-23 17:26 0012  LY2PX          599  599  207           LY       3  14024.4
 20CW  25-Feb-23 17:28 0013  IT9PPG         599  599  071           IT9      3  14022.6
 20CW  25-Feb-23 17:29 0014  EI8JX          599  599  151           EI       3  14022.0
 20CW  25-Feb-23 17:30 0015  IZ8EYP         599  599  137                    3  14021.1
 20CW  25-Feb-23 17:32 0016  IT9ESW         599  599  146                    3  14020.0
 20CW  25-Feb-23 17:33 0017  HA3NU          599  599  313           HA       3  14020.5
 20CW  25-Feb-23 17:36 0018  OM3CW          599  599  074           OM       3  14019.0
 20CW  25-Feb-23 17:39 0019  HA7TM          599  599  285                    3  14015.5
 20CW  25-Feb-23 17:39 0020  9A3SMS         599  599  347           9A       3  14015.0
 20CW  25-Feb-23 17:40 0021  LZ8E           599  599  517                    3  14013.0
 20CW  25-Feb-23 17:47 0022  E70Y           599  599  201           E7       3  14010.0
 15CW  26-Feb-23 09:48 0023  UR7R           599  599  261           UR       3  21018.5
 15CW  26-Feb-23 09:49 0024  UT3EV          599  599  668                    3  21023.6
 15CW  26-Feb-23 09:50 0025  LZ1ND          599  599  324           LZ       3  21037.0
 15CW  26-Feb-23 09:51 0026  Z36W           599  599  484           Z3       3  21037.7
 15CW  26-Feb-23 09:53 0027  TA2DA          599  599  425           TA       5  21023.0
 15CW  26-Feb-23 09:54 0028  LZ8E           599  599  1362                   3  21017.4
 15CW  26-Feb-23 11:01 0029  LZ5DI          599  599  496                    3  21017.5
 10CW  26-Feb-23 11:04 0030  TA3RT          599  599  429           TA       5  28023.5
 10CW  26-Feb-23 11:05 0031  UT3EV          599  599  727           UR       3  28018.7
 10CW  26-Feb-23 11:06 0032  SV2FWV         599  599  088           SV       3  28036.6
 15CW  26-Feb-23 11:12 0033  SV2HUD         599  599  166           SV       3  21007.0
 15CW  26-Feb-23 11:14 0034  SV1JG          599  599  340                    3  21016.5
 15CW  26-Feb-23 11:15 0035  IC8FBU         599  599  124           I        3  21020.6
 15CW  26-Feb-23 11:15 0036  9A3VM          599  599  307           9A       3  21021.2
 15CW  26-Feb-23 11:17 0037  OH8A           599  599  479           OH       3  21025.2
 15CW  26-Feb-23 11:20 0038  YQ6A           599  599  1076          YO       3  21029.5
 10CW  26-Feb-23 11:22 0039  SV1BJW         599  599  837                    3  28015.5
 10CW  26-Feb-23 11:23 0040  UY5LW          599  599  083                    3  28030.5
 20CW  26-Feb-23 11:30 0041  OH1X           599  599  885           OH       3  14008.5
 20CW  26-Feb-23 11:31 0042  EA2ESB         599  599  110           EA       3  14007.6
 20CW  26-Feb-23 11:32 0043  UY5ZZ          599  599  230           UR       3  14012.0
 20CW  26-Feb-23 11:33 0044  YT7X           599  599  483           YU       3  14013.6
 20CW  26-Feb-23 11:34 0045  YO4NF          599  599  1036                   3  14016.6
 20CW  26-Feb-23 11:35 0046  S52ZD          599  599  480                    3  14017.1
 20CW  26-Feb-23 11:35 0047  HA2VH          599  599  728                    3  14018.4
 20CW  26-Feb-23 11:36 0048  S53F           599  599  733                    3  14019.0
 20CW  26-Feb-23 11:37 0049  LZ4AE          599  599  146                    3  14020.6
 20CW  26-Feb-23 11:40 0050  LZ5DI          599  599  537                    3  14021.7
 20CW  26-Feb-23 11:41 0051  UZ1RM          599  599  183                    3  14022.5
 20CW  26-Feb-23 11:42 0052  OG7F           599  599  766                    3  14025.5
 20CW  26-Feb-23 11:43 0053  SN7F           599  599  363                    3  14026.7
 20CW  26-Feb-23 11:47 0054  TA3RT          599  599  462           TA       5  14030.0
 20CW  26-Feb-23 11:47 0055  SP8HWM         599  599  367                    3  14030.4
 20CW  26-Feb-23 11:49 0056  ES5NY          599  599  597           ES       3  14031.5
 20CW  26-Feb-23 11:49 0057  LY2J           599  599  562                    3  14035.4
 20CW  26-Feb-23 11:50 0058  AA3B           599  599  168           K        5  14038.6
 20CW  26-Feb-23 11:51 0059  SM5DXR         599  599  203           SM       3  14040.3
 20CW  26-Feb-23 11:51 0060  HG4I           599  599  391                    3  14042.0
 20CW  26-Feb-23 11:53 0061  YU7GMN         599  599  117                    3  14042.6
 20CW  26-Feb-23 11:54 0062  YT2ISM         599  599  221                    3  14047.5
 40CW  26-Feb-23 11:57 0063  DF5EN          599  599  262           DL       2   7027.9
 40CW  26-Feb-23 11:58 0064  OZ7BQ          599  599  274           OZ       3   7026.8
 40CW  26-Feb-23 11:59 0065  IV3ZXQ         599  599  534           I        3   7021.5
 40CW  26-Feb-23 12:00 0066  DM2RN          599  599  142                    2   7016.1
 40CW  26-Feb-23 12:00 0067  SP1AEN         599  599  492           SP       3   7012.3
 15CW  26-Feb-23 12:14 0068  TA3RT          599  599  479                    5  21029.5
 15CW  26-Feb-23 12:15 0069  EA4HKF         599  599  240           EA       3  21027.5
 15CW  26-Feb-23 12:15 0070  UT3QZ          599  599  254                    3  21024.3
 15CW  26-Feb-23 12:17 0071  AA3B           599  599  227           K        5  21023.8
 15CW  26-Feb-23 12:18 0072  LZ70RCP        599  599  617                    3  21021.6
 15CW  26-Feb-23 12:19 0073  UY5ZZ          599  599  315                    3  21020.0
 15CW  26-Feb-23 12:22 0074  W1KM           599  599  508                    5  21015.8
 15CW  26-Feb-23 12:25 0075  UN9LW          599  599  175           UN       5  21014.0
 15CW  26-Feb-23 12:30 0076  YO4SI          599  599  157                    3  21035.2
 20CW  26-Feb-23 12:34 0077  Z36W           599  599  621           Z3       3  14037.3
 20CW  26-Feb-23 12:35 0078  YO4FHU         599  599  605                    3  14036.0
 20CW  26-Feb-23 12:36 0079  9A5M           599  599  981                    3  14035.1
 20CW  26-Feb-23 12:37 0080  LZ9W           599  599  1202                   3  14034.0
 20CW  26-Feb-23 12:37 0081  YO4DG          599  599  693                    3  14033.4
 20CW  26-Feb-23 12:38 0082  OH8A           599  599  620                    3  14032.7
 20CW  26-Feb-23 12:39 0083  UV1IX          599  599  409                    3  14032.0
 20CW  26-Feb-23 12:40 0084  OR6T           599  599  1114HCC                3  14031.5
 20CW  26-Feb-23 12:41 0085  SN5N           599  599  614                    3  14030.4
 20CW  26-Feb-23 12:42 0086  IK4DCX         599  599  140                    3  14029.2
 20CW  26-Feb-23 12:43 0087  HA7RY          599  599  662                    3  14028.0
 20CW  26-Feb-23 12:43 0088  YU7XX          599  599  018                    3  14026.9
 20CW  26-Feb-23 12:45 0089  SM3EAE         599  599  419                    3  14026.1
 20CW  26-Feb-23 12:46 0090  OY1CT          599  599  584           OY       3  14023.1
 20CW  26-Feb-23 12:46 0091  LZ1BP          599  599  469                    3  14022.5
 20CW  26-Feb-23 12:47 0092  IV3KKW         599  599  301                    3  14022.1
 20CW  26-Feb-23 12:49 0093  SE0B           599  599  438                    3  14020.9
 20CW  26-Feb-23 12:50 0094  SP7JLH         599  599  318                    3  14020.4
 20CW  26-Feb-23 12:50 0095  OK2EA          599  599  686           OK       3  14020.0
 20CW  26-Feb-23 12:52 0096  HA7MF          599  599  629                    3  14019.3
 20CW  26-Feb-23 12:53 0097  IC8/UR8QX      599  599  270                    3  14018.5
 20CW  26-Feb-23 12:54 0098  YL7X           599  599  1284          YL       3  14015.6
 20CW  26-Feb-23 12:55 0099  E77EA          599  599  719                    3  14015.0
 20CW  26-Feb-23 12:55 0100  LY5G           599  599  413                    3  14014.1
 20CW  26-Feb-23 12:56 0101  SP2DKI         599  599  318                    3  14013.2
 20CW  26-Feb-23 12:58 0102  OP7T           599  599  158ORE                 3  14012.0
 20CW  26-Feb-23 12:59 0103  YU1KT          599  599  226                    3  14011.1
 20CW  26-Feb-23 12:59 0104  IK1SPR         599  599  078                    3  14009.8
