 80CW  11-Nov-23 18:28 0001  OK1GKT         599  599  BME           OK       3   3541.0
 80CW  11-Nov-23 18:29 0002  OL2A           599  599  GZS                    3   3538.0
 80CW  11-Nov-23 18:30 0003  OM6RM          599  599  SEN           OM       3   3537.6
 80CW  11-Nov-23 18:31 0004  OL5J           599  599  FHB                    3   3537.0
 80CW  11-Nov-23 18:32 0005  OK2MBP         599  599  HNJ                    3   3535.5
 80CW  11-Nov-23 18:35 0006  OM5JA          599  599  NIT                    3   3532.4
 80CW  11-Nov-23 18:35 0007  OK1DOY         599  599  ETE                    3   3531.8
 80CW  11-Nov-23 18:37 0008  OL0A           599  599  APF                    3   3529.7
 80CW  11-Nov-23 18:39 0009  OK5Z           599  599  GTR                    3   3529.0
 80CW  11-Nov-23 18:40 0010  OK6Y           599  599  GVY                    3   3528.2
 80CW  11-Nov-23 18:44 0011  OK1TN          599  599  FJI                    3   3527.6
 80CW  11-Nov-23 19:02 0012  OM7JG          599  599  VKR                    3   3533.6
 80CW  11-Nov-23 19:07 0013  OM7AG          599  599  ZVO                    3   3531.9
 80CW  11-Nov-23 19:22 0014  OK2EA          599  599  HVS                    3   3529.6
 80CW  11-Nov-23 19:23 0015  OM3RM          599  599  BST                    3   3519.5
 80CW  11-Nov-23 19:24 0016  OK1KKI         599  599  CJH                    3   3520.0
 80CW  11-Nov-23 19:25 0017  OL750HOL       599  599  DDO                    3   3521.7
 80CW  11-Nov-23 19:31 0018  OK1OFM         599  599  DPM                    3   3530.4
 80CW  11-Nov-23 19:33 0019  OK1DRX         599  599  BPZ                    3   3536.2
 80CW  11-Nov-23 19:34 0020  OK7AW          599  599  GKR                    3   3538.0
 80CW  11-Nov-23 19:36 0021  OK1FKD         599  599  ECH                    3   3540.0
 80CW  11-Nov-23 19:36 0022  OM5AW          599  599  NIT                    3   3540.5
 80CW  11-Nov-23 19:40 0023  OK1GSB         599  599  BPB                    3   3542.0
 80CW  11-Nov-23 20:05 0024  OM3ZU          599  599  PRE                    3   3541.2
 80CW  11-Nov-23 20:06 0025  OM2VL          599  599  BST                    3   3538.4
160CW  11-Nov-23 20:14 0026  OK2BUZ         599  599  HVS           OK       3   1822.0
160CW  11-Nov-23 20:16 0027  OK7W           599  599  FRK                    3   1834.4
 80CW  11-Nov-23 20:34 0028  OK2HBR         599  599  HOL                    3   3535.8
 80CW  11-Nov-23 20:34 0029  OM8AQ          599  599  KEB                    3   3533.2
 80CW  11-Nov-23 20:37 0030  OM3CPF         599  599  SEA                    3   3532.1
 80CW  11-Nov-23 20:38 0031  OM8AA          599  599  POP                    3   3527.8
 80CW  11-Nov-23 20:40 0032  OL6D           599  599  DPJ                    3   3526.1
 80CW  11-Nov-23 20:41 0033  OK5D           599  599  ETE                    3   3521.6
 80CW  11-Nov-23 20:43 0034  OM8DD          599  599  KEO                    3   3520.5
 80CW  11-Nov-23 20:44 0035  OK2TJ          599  599  GVY                    3   3519.5
 80CW  11-Nov-23 20:45 0036  OM5CM          599  599  NIT                    3   3516.5
 80CW  11-Nov-23 20:46 0037  OM6AL          599  599  MAR                    3   3514.6
 80CW  11-Nov-23 20:48 0038  OK7W           599  599  FRK                    3   3513.2
 80CW  11-Nov-23 20:49 0039  OM4Q           599  599  BYT                    3   3512.4
 80CW  11-Nov-23 20:49 0040  OM3RKA         599  599  KOM                    3   3512.0
 80CW  11-Nov-23 20:50 0041  OK5OK          599  599  EUL                    3   3510.7
 80CW  11-Nov-23 20:58 0042  OK2PYA         599  599  GJI                    3   3535.0
 80CW  11-Nov-23 20:58 0043  OK2WA          599  599  HFM                    3   3530.5
 80CW  11-Nov-23 20:59 0044  OK1AGE         599  599  BPZ                    3   3529.9
 80CW  11-Nov-23 21:00 0045  OK1HEH         599  599  FCR                    3   3528.8
 80CW  11-Nov-23 21:02 0046  OM1AVV         599  599  MAL                    3   3528.5
 80CW  11-Nov-23 21:03 0047  OL1T           599  599  DPJ                    3   3520.0
 80CW  11-Nov-23 21:04 0048  OM7LW          599  599  LUC                    3   3514.5
 80CW  11-Nov-23 21:04 0049  OL7D           599  599  BNY                    3   3512.5
 80CW  11-Nov-23 21:09 0050  OK2AF          599  599  GZS                    3   3536.3
 80CW  11-Nov-23 21:10 0051  OL5Y           599  599  BKO                    3   3531.6
 80CW  11-Nov-23 21:10 0052  OK1OA          599  599  ELI                    3   3530.8
 80CW  11-Nov-23 21:12 0053  OL0W           599  599  BBE                    3   3521.0
 80CW  11-Nov-23 21:13 0054  OK1DJS         599  599  DKL                    3   3517.5
 80CW  11-Nov-23 21:20 0055  OK2NAJ         599  599  HOL                    3   3531.9
 80CW  11-Nov-23 21:32 0056  OK1DWF         599  599  BKO                    3   3531.2
 80CW  11-Nov-23 21:42 0057  OK5FF          599  599  ELI                    3   3521.3
 80CW  11-Nov-23 21:43 0058  OK1DKR         599  599  APH                    3   3520.0
 80CW  11-Nov-23 21:46 0059  OK2VV          599  599  GBV                    3   3518.2
 80CW  11-Nov-23 21:53 0060  OK1FPS         599  599  APB                    3   3515.4
 80CW  11-Nov-23 21:59 0061  OK1CRM         599  599  DDO                    3   3536.5
 80CW  11-Nov-23 22:03 0062  OK2ZLD         599  599  HOL                    3   3526.3
 80CW  11-Nov-23 22:05 0063  OL1C           599  599  ETE                    3   3521.8
 80CW  11-Nov-23 22:07 0064  OK1TLB         599  599  ELT                    3   3518.1
 80CW  11-Nov-23 22:09 0065  OL4W           599  599  ELI                    3   3517.0
 80CW  11-Nov-23 22:10 0066  OM8CW          599  599  LEV                    3   3516.2
 80CW  11-Nov-23 22:12 0067  OK1HMP         599  599  APF                    3   3519.3
 80CW  11-Nov-23 22:13 0068  OK7L           599  599  FTR                    3   3514.0
 80CW  11-Nov-23 22:18 0069  OM3KFY         599  599  BAB                    3   3539.0
 80CW  11-Nov-23 22:19 0070  OK2KG          599  599  GBL                    3   3539.5
 80CW  11-Nov-23 22:21 0071  OK1FII         599  599  BME                    3   3549.4
 80CW  11-Nov-23 22:21 0072  OM3TBG         599  599  NIT                    3   3545.9
 80CW  11-Nov-23 22:23 0073  OK2PIM         599  599  GKR                    3   3554.1
 80CW  11-Nov-23 22:25 0074  OK5TFC         599  599  BMB                    3   3545.0
 80CW  11-Nov-23 22:26 0075  OK1DMP         599  599  BPV                    3   3529.9
 80CW  11-Nov-23 22:27 0076  OK2IW          599  599  HOL                    3   3528.1
 80CW  11-Nov-23 22:31 0077  OK7SE          599  599  CPE                    3   3527.7
 80CW  11-Nov-23 22:32 0078  OK6OK          599  599  HNJ                    3   3514.6
 80CW  11-Nov-23 22:33 0079  OK2MPB         599  599  GUH                    3   3535.5
 80CW  11-Nov-23 22:35 0080  OK2EC          599  599  GUH                    3   3546.9
 80CW  11-Nov-23 22:36 0081  OM6TX          599  599  CAD                    3   3548.1
160CW  11-Nov-23 22:37 0082  OK2MBP         599  599  HNJ                    3   1835.1
 40CW  12-Nov-23 09:01 0083  OK2AF          599  599  GZS           OK       3   7023.6
 40CW  12-Nov-23 09:03 0084  OK1OFM         599  599  DPM                    3   7023.0
 40CW  12-Nov-23 09:04 0085  OK5TFC         599  599  BMB                    3   7022.0
 40CW  12-Nov-23 09:04 0086  OM2XW          599  599  MYJ           OM       3   7017.0
 40CW  12-Nov-23 09:05 0087  OL5T           599  599  FPA                    3   7015.5
 40CW  12-Nov-23 09:07 0088  OM3TBG         599  599  NIT                    3   7011.6
 40CW  12-Nov-23 09:08 0089  OK4T           599  599  DKV                    3   7008.9
 40CW  12-Nov-23 09:12 0090  OM5NA          599  599  PEZ                    3   7036.0
 40CW  12-Nov-23 09:15 0091  OK2EA          599  599  HVS                    3   7029.0
 40CW  12-Nov-23 09:23 0092  OK2CQR         599  599  BME                    3   7028.0
 40CW  12-Nov-23 10:17 0093  OM8AA          599  599  POP                    3   7020.5
 40CW  12-Nov-23 10:19 0094  OM3ZU          599  599  PRE                    3   7019.5
 40CW  12-Nov-23 10:20 0095  OK1FII         599  599  BME                    3   7018.6
 40CW  12-Nov-23 10:21 0096  OK5Z           599  599  GTR                    3   7013.5
 40CW  12-Nov-23 10:22 0097  OL7D           599  599  BNY                    3   7012.5
 40CW  12-Nov-23 11:31 0098  OM7LM          599  599  ZVO                    3   7011.7
 40CW  12-Nov-23 11:31 0099  OK2TJ          599  599  GVY                    3   7019.0
 40CW  12-Nov-23 11:32 0100  OK5D           599  599  ETE                    3   7025.8
 40CW  12-Nov-23 11:32 0101  OK2QA          599  599  HPR                    3   7029.8
 40CW  12-Nov-23 11:33 0102  OK1FWG         599  599  FPA                    3   7032.9
 20CW  12-Nov-23 11:35 0103  OK1JDJ         599  599  EUL           OK       3  14053.4
 20CW  12-Nov-23 11:36 0104  OM2RA          599  599  GAL           OM       3  14051.3
 20CW  12-Nov-23 11:37 0105  OM0MW          599  599  PRE                    3  14050.3
 20CW  12-Nov-23 11:38 0106  OK2KG          599  599  GBL                    3  14049.0
 20CW  12-Nov-23 11:42 0107  OM6AL          599  599  MAR                    3  14046.2
 20CW  12-Nov-23 11:44 0108  OK1KQH         599  599  BPB                    3  14045.0
 20CW  12-Nov-23 11:44 0109  OM5NA          599  599  PEZ                    3  14043.0
 20CW  12-Nov-23 11:45 0110  OM7JG          599  599  VKR                    3  14039.8
 20CW  12-Nov-23 11:46 0111  OM3KFY         599  599  BAB                    3  14038.8
 20CW  12-Nov-23 11:56 0112  OK1TLB         599  599  ELT                    3  14037.0
 20CW  12-Nov-23 11:57 0113  OK1FWG         599  599  FPA                    3  14036.6
 20CW  12-Nov-23 11:58 0114  OM7AG          599  599  ZVO                    3  14036.1
 20CW  12-Nov-23 11:59 0115  OK2QA          599  599  HPR                    3  14035.5
 20CW  12-Nov-23 11:59 0116  OK7T           599  599  ECL                    3  14034.1
