160SSB 24-Feb-23 22:19 0001  SN7D           59   59   15            SP   15  3   1896.0
160SSB 24-Feb-23 22:20 0002  DK2OY          59   59   14            DL   14  2   1903.0
160SSB 24-Feb-23 22:22 0003  DR5Z           59   59   14                     2   1908.0
160SSB 24-Feb-23 22:23 0004  DA2X           59   59   14                     2   1913.8
160SSB 24-Feb-23 22:23 0005  DA0T           59   59   14                     2   1917.0
160SSB 24-Feb-23 22:24 0006  DP5L           59   59   14                     2   1920.0
160SSB 24-Feb-23 22:24 0007  DK1IJ          59   59   14                     2   1923.0
160SSB 24-Feb-23 22:25 0008  G5K            59   59   14            G        3   1925.0
160SSB 24-Feb-23 22:27 0009  LY5W           59   59   15            LY       3   1935.0
160SSB 24-Feb-23 22:28 0010  DP6A           59   59   14                     2   1938.3
160SSB 24-Feb-23 22:29 0011  DK5PD          59   59   14                     2   1941.0
160SSB 24-Feb-23 22:31 0012  SQ7BFS         59   59   15                     3   1897.7
160SSB 24-Feb-23 22:32 0013  DR4W           59   59   14                     2   1894.0
160SSB 24-Feb-23 22:32 0014  OK6Y           59   59   15            OK       3   1892.0
160SSB 24-Feb-23 22:33 0015  OK1DOL         59   59   15                     3   1889.0
160SSB 24-Feb-23 22:36 0016  DL7A           59   59   14                     2   1881.2
160SSB 24-Feb-23 22:37 0017  DK6WL          59   59   14                     2   1877.0
160SSB 24-Feb-23 22:37 0018  SP8R           59   59   15                     3   1873.7
160SSB 24-Feb-23 22:43 0019  S59A           59   59   15            S5       3   1866.2
160SSB 24-Feb-23 22:48 0020  LY4A           59   59   15                     3   1845.0
160SSB 24-Feb-23 22:50 0021  OK1OA          59   59   15                     3   1948.1
160SSB 24-Feb-23 22:53 0022  HB9NFB         59   59   14            HB       3   1921.3
160SSB 25-Feb-23 18:02 0023  IK0NMJ         59   59   15            I        3   1831.0
160SSB 25-Feb-23 18:04 0024  DJ5AN          59   59   14                     2   1838.2
160SSB 25-Feb-23 18:05 0025  DM7C           59   59   14                     2   1846.3
160SSB 25-Feb-23 18:06 0026  OL1R           59   59   15                     3   1853.0
160SSB 25-Feb-23 18:07 0027  OK1LRD         59   59   15                     3   1856.5
160SSB 25-Feb-23 18:08 0028  DL1BUG         59   59   14                     2   1857.9
160SSB 25-Feb-23 19:32 0029  HG8DX          59   59   15            HA       3   1865.8
160SSB 25-Feb-23 19:34 0030  OK1GTH         59   59   15                     3   1885.5
160SSB 25-Feb-23 19:36 0031  SN9B           59   59   15                     3   1889.6
160SSB 25-Feb-23 19:36 0032  S53O           59   59   15                     3   1893.2
160SSB 25-Feb-23 19:37 0033  DL5LYM         59   59   14                     2   1895.6
160SSB 25-Feb-23 19:37 0034  EU4E           59   59   16            EU   16  3   1897.5
160SSB 25-Feb-23 19:39 0035  DJ7YP          59   59   14                     2   1903.0
160SSB 25-Feb-23 19:41 0036  DR1E           59   59   14                     2   1912.2
160SSB 25-Feb-23 19:43 0037  DA0RR          59   59   14                     2   1917.0
160SSB 25-Feb-23 19:44 0038  HB9CXZ         59   59   14                     3   1919.6
160SSB 25-Feb-23 19:45 0039  SK6EI          59   59   14            SM       3   1922.1
160SSB 25-Feb-23 19:46 0040  LX1ER          59   59   14            LX       3   1924.5
160SSB 25-Feb-23 19:48 0041  DK5NJ          59   59   14                     2   1937.0
160SSB 25-Feb-23 19:52 0042  SQ1OD          59   59   15                     3   1944.0
160SSB 25-Feb-23 19:53 0043  DL1NEO         59   59   14                     2   1954.6
160SSB 25-Feb-23 19:55 0044  DL8RDL         59   59   14                     2   1960.0
160SSB 25-Feb-23 19:56 0045  OK1AY          59   59   15                     3   1962.1
160SSB 25-Feb-23 19:57 0046  DA2R           59   59   14                     2   1978.7
160SSB 25-Feb-23 19:59 0047  OM3TWM         59   59   15            OM       3   1946.4
160SSB 25-Feb-23 20:01 0048  OK1K           59   59   15                     3   1942.3
160SSB 25-Feb-23 20:04 0049  YL3FT          59   59   15            YL       3   1875.9
160SSB 25-Feb-23 20:06 0050  RZ3B           59   59   16            UA       3   1881.5
160SSB 25-Feb-23 20:12 0051  YT9W           59   59   15            YU       3   1939.6
160SSB 25-Feb-23 20:13 0052  SP3GTS         59   59   15                     3   1954.1
160SSB 25-Feb-23 20:17 0053  LY4L           59   59   15                     3   1873.8
160SSB 25-Feb-23 20:30 0054  M0EBJ          59   59   14                     3   1960.1
160SSB 25-Feb-23 20:33 0055  PA4VHF         59   59   14            PA       3   1863.8
160SSB 26-Feb-23 18:08 0056  SP9N           59   59   15                     3   1827.1
160SSB 26-Feb-23 18:10 0057  IK1PMR         59   59   15                     3   1839.2
160SSB 26-Feb-23 18:12 0058  I5JVA          59   59   15                     3   1849.0
160SSB 26-Feb-23 18:15 0059  DM7C           59   59   14                     0   1877.9
160SSB 26-Feb-23 18:16 0060  DL6WT          59   59   14                     2   1880.3
160SSB 26-Feb-23 18:20 0061  LY2ZO          59   59   15                     3   1927.5
160SSB 26-Feb-23 18:20 0062  DK5KK          59   59   14                     2   1932.4
160SSB 26-Feb-23 18:22 0063  DK9IP          59   59   14                     2   1947.7
160SSB 26-Feb-23 18:24 0064  DR2T           59   59   14                     2   1960.0
160SSB 26-Feb-23 18:26 0065  DL50DAH        59   59   14                     2   1963.4
160SSB 26-Feb-23 18:27 0066  DL2ZA          59   59   14                     2   1973.1
160SSB 26-Feb-23 18:37 0067  DL1MP          59   59   14                     2   1995.0
160SSB 26-Feb-23 18:38 0068  DG5MLA         59   59   14                     2   1982.0
160SSB 26-Feb-23 18:41 0069  DL0NG          59   59   14                     2   1940.0
160SSB 26-Feb-23 18:42 0070  DL1NKS         59   59   14                     2   1907.4
160SSB 26-Feb-23 18:46 0071  OZ11A          59   59   14            OZ       3   1824.0
160SSB 26-Feb-23 18:50 0072  HF1K           59   59   15                     3   1909.3
160SSB 26-Feb-23 21:13 0073  DG1FK          59   59   14                     2   1976.0
160SSB 26-Feb-23 21:15 0074  DL9UP          59   59   14                     2   1959.0
160SSB 26-Feb-23 21:16 0075  EI4KU          59   59   14            EI       3   1956.1
160SSB 26-Feb-23 21:17 0076  HA3DX          59   59   15                     3   1951.6
160SSB 26-Feb-23 21:18 0077  DB8WK          59   59   14                     2   1949.2
160SSB 26-Feb-23 21:18 0078  DH1UK          59   59   14                     2   1945.0
160SSB 26-Feb-23 21:20 0079  EA2DR          59   59   14            EA       3   1934.0
160SSB 26-Feb-23 21:22 0080  OK4U           59   59   15                     3   1926.0
160SSB 26-Feb-23 21:25 0081  OM7K           59   59   15                     3   1905.5
160SSB 26-Feb-23 21:39 0082  SP6LUV         59   59   15                     3   1848.0
160SSB 26-Feb-23 21:41 0083  IQ5PJ          59   59   15                     3   1840.6
160SSB 26-Feb-23 21:43 0084  DL5NEN         59   59   14                     2   1836.7
160SSB 26-Feb-23 21:44 0085  E70T           59   59   15            E7       3   1833.0
160SSB 26-Feb-23 21:49 0086  LZ4TX          59   59   20            LZ   20  3   1830.0
160SSB 26-Feb-23 21:50 0087  DL4ZA          59   59   14                     2   1829.0
160SSB 26-Feb-23 21:50 0088  SE0X           59   59   14                     3   1826.9
160SSB 26-Feb-23 21:55 0089  G4PIQ          59   59   14                     3   1822.7
160SSB 26-Feb-23 21:58 0090  SP4Z           59   59   15                     3   1947.8
