 40CW  27-Mar-23 16:40 0001  DL4ME          599  599  023           DL       2   7039.5
 40CW  27-Mar-23 16:42 0002  OM4DU          599  599  013           OM       3   7039.5
 40CW  27-Mar-23 16:42 0003  PA2A           599  599  014           PA       3   7039.5
 40CW  27-Mar-23 16:43 0004  HA5MA          599  599  029           HA       3   7039.5
 40CW  27-Mar-23 16:44 0005  OK2QA          599  599  022           OK       3   7039.5
 40CW  27-Mar-23 16:44 0006  DJ1PQ          599  599  012                    2   7039.5
 40CW  27-Mar-23 16:45 0007  OK1FMX         599  599  025                    3   7039.5
 40CW  27-Mar-23 16:45 0008  SM6TOL         599  599  022           SM       3   7039.5
 40CW  27-Mar-23 16:46 0009  OK2PYA         599  599  028                    3   7039.5
 40CW  27-Mar-23 16:47 0010  OG6B           599  599  021           OH       3   7039.5
 40CW  27-Mar-23 16:47 0011  OL4W           599  599  026                    3   7039.5
 40CW  27-Mar-23 16:48 0012  F6JOE          599  599  021           F        3   7039.5
 40CW  27-Mar-23 16:49 0013  OK1OFM         599  599  040                    3   7039.5
 40CW  27-Mar-23 16:50 0014  DF1LON         599  599  023                    2   7039.5
 40CW  27-Mar-23 16:51 0015  OK1FKD         599  599  031                    3   7039.5
 40CW  27-Mar-23 16:51 0016  DL8MAS         599  599  036                    2   7039.5
 40CW  27-Mar-23 16:52 0017  OK1AMX         599  599  015                    3   7039.5
 40CW  27-Mar-23 16:52 0018  PC4H           599  599  038                    3   7039.5
 40CW  27-Mar-23 16:52 0019  G4CZB          599  599  020           G        3   7039.5
 40CW  27-Mar-23 16:55 0020  DJ3CQ          599  599  031                    2   7039.5
 40CW  27-Mar-23 16:56 0021  OK2SLS         599  599  023                    3   7039.5
 40CW  27-Mar-23 16:56 0022  SP7N           599  599  049           SP       3   7039.5
 40CW  27-Mar-23 16:57 0023  DL4MFM         599  599  036                    2   7039.5
 40CW  27-Mar-23 16:58 0024  SM0OEK         599  599  041                    3   7039.5
 40CW  27-Mar-23 16:58 0025  OK2NO          599  599  050                    3   7039.5
 40CW  27-Mar-23 17:01 0026  OK5SA          599  599  034                    3   7039.5
 40CW  27-Mar-23 17:01 0027  HA5BA          599  599  031                    3   7039.5
 40CW  27-Mar-23 17:02 0028  HB9HTF         599  599  051           HB       3   7039.5
 40CW  27-Mar-23 17:03 0029  SN1T           599  599  079                    3   7039.5
 40CW  27-Mar-23 17:03 0030  SP2MHC         599  599  039                    3   7039.5
 40CW  27-Mar-23 17:04 0031  OK5OO          599  599  071                    3   7039.5
 40CW  27-Mar-23 17:04 0032  PA3EMN         599  599  036                    3   7039.5
 40CW  27-Mar-23 17:05 0033  SE6K           599  599  029                    3   7039.5
 40CW  27-Mar-23 17:06 0034  OK5D           599  599  077                    3   7039.5
 40CW  27-Mar-23 17:07 0035  PA3AAV         599  599  085                    3   7039.5
 40CW  27-Mar-23 17:08 0036  DL3FCG         599  599  060                    2   7039.5
 40CW  27-Mar-23 17:10 0037  OH1KH          599  599  027                    3   7039.5
 40CW  27-Mar-23 17:10 0038  SP2R           599  599  083                    3   7039.5
 40CW  27-Mar-23 17:11 0039  OL6M           599  599  025                    3   7039.5
 40CW  27-Mar-23 17:11 0040  SP4TKR         599  599  079                    3   7039.5
 40CW  27-Mar-23 17:13 0041  DF0MP          599  599  077                    2   7039.5
 40CW  27-Mar-23 17:14 0042  OK1FMJ         599  599  032                    3   7039.5
 40CW  27-Mar-23 17:16 0043  HA9RP          599  599  028                    3   7039.5
 40CW  27-Mar-23 17:17 0044  OK1TRJ         599  599  054                    3   7039.5
 40CW  27-Mar-23 17:17 0045  E77EA          599  599  085           E7       3   7039.5
 40CW  27-Mar-23 17:19 0046  OK1TDX         599  599  046                    3   7039.5
 40CW  27-Mar-23 17:20 0047  SD1A           599  599  037                    3   7039.5
 40CW  27-Mar-23 17:21 0048  DK9IP          599  599  048                    2   7039.5
 40CW  27-Mar-23 17:22 0049  DL4YR          599  599  050                    2   7039.5
 40CW  27-Mar-23 17:23 0050  OK2OHA         599  599  016                    3   7039.5
 40CW  27-Mar-23 17:24 0051  SP4JFR         599  599  086                    3   7039.5
 40CW  27-Mar-23 17:25 0052  SP4DNX         599  599  080                    3   7039.5
 40CW  27-Mar-23 17:26 0053  SP2DKI         599  599  044                    3   7039.5
 40CW  27-Mar-23 17:29 0054  YL3JD          599  599  074           YL       3   7039.5
 40CW  27-Mar-23 17:30 0055  YL3FW          599  599  083                    3   7039.5
