 10CW  21-Jan-23 13:06 0001  N3RD           599  599  018           K        5  28027.5
 10CW  21-Jan-23 13:08 0002  RC7A           599  599  071           UA       3  28023.4
 10CW  21-Jan-23 13:09 0003  RG4A           599  599  098                    3  28020.5
 10CW  21-Jan-23 13:12 0004  RN4AO          599  599  076                    3  28010.9
 10CW  21-Jan-23 13:15 0005  LU8MHL         599  599  011           LU       5  28026.4
 10CW  21-Jan-23 13:17 0006  HG5D           599  599  BE            HA       3  28021.0
 10CW  21-Jan-23 13:21 0007  K3WW           599  599  114                    5  28019.7
 10CW  21-Jan-23 13:22 0008  PY5AMF         599  599  027           PY       5  28017.0
 10CW  21-Jan-23 13:49 0009  W4RN           599  599  094                    5  28001.4
 10CW  21-Jan-23 13:54 0010  OH7CW          599  599  187           OH       3  28043.0
 15CW  21-Jan-23 13:58 0011  K9OM           599  599  142           K        5  21049.0
 15CW  21-Jan-23 13:59 0012  A60A           599  599  248           A6       5  21047.9
 15CW  21-Jan-23 14:02 0013  OY1CT          599  599  263           OY       3  21046.0
 15CW  21-Jan-23 14:03 0014  Z36W           599  599  120           Z3       3  21042.9
 15CW  21-Jan-23 14:05 0015  TC100HQ        599  599  000           TA1      3  21041.1
 15CW  21-Jan-23 14:06 0016  K8GL           599  599  049                    5  21039.4
 15CW  21-Jan-23 14:09 0017  K3WW           599  599  229                    5  21038.9
 15CW  21-Jan-23 14:15 0018  HA3DX          599  599  TO            HA       3  21036.9
 15CW  21-Jan-23 14:16 0019  WK2G           599  599  111                    5  21035.0
 15CW  21-Jan-23 14:21 0020  EA5IFY         599  599  118           EA       3  21032.4
 15CW  21-Jan-23 14:25 0021  OH8WW          599  599  250           OH       3  21031.6
 15CW  21-Jan-23 14:26 0022  CT7/DL6IAK     599  599  013           CT       3  21031.9
 15CW  21-Jan-23 14:26 0023  RV1AQ          599  599  061           UA       3  21031.0
 15CW  21-Jan-23 14:27 0024  YO4DG          599  599  024           YO       3  21030.5
 15CW  21-Jan-23 14:30 0025  HA6P           599  599  NG                     3  21028.3
 15CW  21-Jan-23 15:53 0026  EB7KA          599  599  150                    3  21047.1
 15CW  21-Jan-23 15:54 0027  R6CC           599  599  193                    3  21038.3
 15CW  21-Jan-23 15:56 0028  NT2DR          599  599  283                    5  21036.5
 15CW  21-Jan-23 15:58 0029  CT1DRB         599  599  258                    3  21027.4
 15CW  21-Jan-23 15:59 0030  R4IO           599  599  286                    3  21027.0
 15CW  21-Jan-23 16:01 0031  N5RZ           599  599  231                    5  21022.7
 15CW  21-Jan-23 16:10 0032  P3X            599  599  621           5B       5  21011.6
 15CW  21-Jan-23 16:11 0033  YL2KO          599  599  202           YL       3  21010.9
 10CW  21-Jan-23 16:12 0034  HG0R           599  599  HB                     3  28034.5
 10CW  21-Jan-23 16:12 0035  VE3VN          599  599  159           VE       5  28033.0
 10CW  21-Jan-23 16:15 0036  K1RM           599  599  196                    5  28025.6
 10CW  21-Jan-23 16:16 0037  N3RS           599  599  091                    5  28022.7
 10CW  21-Jan-23 16:31 0038  N9RV           599  599  123                    5  28016.6
 10CW  21-Jan-23 16:32 0039  K9MA           599  599  069                    5  28015.9
 10CW  21-Jan-23 16:33 0040  N4CW           599  599  034                    5  28012.5
 20CW  21-Jan-23 16:35 0041  YO4AR          599  599  170           YO       3  14057.3
 20CW  21-Jan-23 16:36 0042  IT9LKX         599  599  192           IT9      3  14048.0
 20CW  21-Jan-23 16:37 0043  ZA1F           599  599  063           ZA       3  14047.2
 20CW  21-Jan-23 16:37 0044  UI3A           599  599  160           UA       3  14046.4
 20CW  21-Jan-23 16:40 0045  HA2PP          599  599  VE            HA       3  14045.0
 20CW  21-Jan-23 16:41 0046  UC7A           599  599  312                    3  14043.5
 20CW  21-Jan-23 16:43 0047  R7MM           599  599  197                    3  14038.9
 20CW  21-Jan-23 16:43 0048  R9GM           599  599  201                    3  14038.4
 20CW  21-Jan-23 16:44 0049  IT9SSI         599  599  218                    3  14037.6
 20CW  21-Jan-23 16:45 0050  PA6O           599  599  286           PA       3  14037.0
 20CW  21-Jan-23 16:45 0051  EA1X           599  599  159           EA       3  14036.5
 20CW  21-Jan-23 16:46 0052  IK2SND         599  599  252           I        3  14035.5
 20CW  21-Jan-23 16:47 0053  EC5K           599  599  167                    3  14034.0
 20CW  21-Jan-23 16:49 0054  YO4DG          599  599  120                    3  14032.5
 20CW  21-Jan-23 17:07 0055  LZ5Y           599  599  367           LZ       3  14032.0
 40CW  21-Jan-23 20:55 0056  R3ZZ           599  599  476           UA       3   7011.4
 40CW  21-Jan-23 20:56 0057  4L8A           599  599  1069          4L       5   7015.0
 40CW  21-Jan-23 20:58 0058  EA4AOC         599  599  124           EA       3   7020.5
 40CW  21-Jan-23 20:59 0059  R3VR           599  599  555                    3   7033.3
 40CW  21-Jan-23 21:00 0060  IT9YVO         599  599  443           IT9      3   7034.0
 40CW  21-Jan-23 21:03 0061  JT1CO          599  599  594           JT       5   7003.1
 40CW  21-Jan-23 21:05 0062  EC5K           599  599  404                    3   7020.0
; 1;1;128;128;1;0x[2;1;1;128;128;1;0x[2;1;1;128;128;1;0x[2;1;1;128;128;1;0lz1       
 40CW  21-Jan-23 21:08 0063  LZ1BP          599  599  376           LZ       3   7028.5
 40CW  21-Jan-23 21:12 0064  RG2A           599  599  753                    3   7022.4
 40CW  21-Jan-23 21:19 0065  YO4DG          599  599  318           YO       3   7007.3
 40CW  21-Jan-23 21:21 0066  NB1N           599  599  364           K        5   7005.6
 40CW  21-Jan-23 21:23 0067  IZ8GCB         599  599  151           I        3   7035.5
 40CW  21-Jan-23 21:23 0068  EA1X           599  599  502                    3   7035.0
 40CW  21-Jan-23 21:26 0069  Z32TO          599  599  377           Z3       3   7023.0
 80CW  21-Jan-23 21:31 0070  I2SVA          599  599  219           I        3   3542.5
 80CW  21-Jan-23 21:32 0071  SP1NY          599  599  748           SP       3   3539.2
 80CW  21-Jan-23 21:32 0072  OK1AGE         599  599  183           OK       3   3538.4
 80CW  21-Jan-23 21:33 0073  OK1OA          599  599  223                    3   3537.4
 80CW  21-Jan-23 21:34 0074  S58M           599  599  708           S5       3   3536.3
 80CW  21-Jan-23 21:36 0075  DL6RAI         599  599  168           DL       2   3533.4
 80CW  21-Jan-23 21:38 0076  HA6DX          599  599  NG            HA       3   3532.9
 80CW  21-Jan-23 21:42 0077  PA3DBS         599  599  211           PA       3   3531.5
 80CW  21-Jan-23 21:44 0078  PA5KT          599  599  303                    3   3530.1
 80CW  21-Jan-23 21:46 0079  HG5D           599  599  BE                     3   3529.7
 80CW  21-Jan-23 21:48 0080  S51ZJ          599  599  212                    3   3528.8
 80CW  21-Jan-23 21:50 0081  OK1PI          599  599  037                    3   3527.9
 80CW  21-Jan-23 22:00 0082  YO4NF          599  599  844           YO       3   3525.0
 80CW  21-Jan-23 22:01 0083  S53K           599  599  199                    3   3524.6
 80CW  21-Jan-23 22:02 0084  DL4ME          599  599  473                    2   3523.7
 80CW  21-Jan-23 22:04 0085  OK2EA          599  599  670                    3   3522.1
 80CW  21-Jan-23 22:05 0086  HB9TSW         599  599  337           HB       3   3521.4
 80CW  21-Jan-23 22:05 0087  SQ1PSA         599  599  274                    3   3520.6
 80CW  21-Jan-23 22:10 0088  HG5C           599  599  PE                     3   3525.5
 80CW  21-Jan-23 22:16 0089  SD6F           599  599  163           SM       3   3518.9
 80CW  21-Jan-23 22:21 0090  HG6N           599  599  NG                     3   3514.1
 80CW  21-Jan-23 22:23 0091  9A/UW1GZ       599  599  026           9A       3   3505.0
 40CW  21-Jan-23 22:23 0092  CR5O           599  599  490           CT       3   7028.9
 40CW  21-Jan-23 22:26 0093  RG9A           599  599  389           UA9      5   7028.5
 40CW  21-Jan-23 22:28 0094  IK8UND         599  599  206                    3   7022.4
 40CW  21-Jan-23 22:31 0095  LZ2CJ          599  599  142                    3   7013.5
 40CW  21-Jan-23 22:31 0096  YT1A           599  599  778           YU       3   7012.6
 40CW  21-Jan-23 22:31 0097  P3X            599  599  1432          5B       5   7010.5
 40CW  21-Jan-23 22:33 0098  KR2Q           599  599  384                    5   7003.9
 40CW  21-Jan-23 22:39 0099  YL7X           599  599  788           YL       3   7021.7
 40CW  21-Jan-23 22:43 0100  OG3B           599  599  808           OH       3   7002.7
160CW  21-Jan-23 22:47 0101  HB9CVQ         599  599  330           HB       3   1818.5
 80CW  21-Jan-23 22:49 0102  YU5EEA         599  599  000           YU       3   3537.9
 80CW  21-Jan-23 22:51 0103  HA7I           599  599  BO                     3   3531.0
 80CW  21-Jan-23 22:53 0104  OM3KTP         599  599  096           OM       3   3526.0
 80CW  21-Jan-23 22:54 0105  IV3CTS         599  599  255                    3   3516.2
 80CW  21-Jan-23 22:55 0106  EU2F           599  599  740           EU       3   3514.6
 80CW  21-Jan-23 22:56 0107  HA2OS          599  599  BP                     3   3513.9
 80CW  21-Jan-23 22:59 0108  IK2GZU         599  599  144                    3   3511.5
 80CW  21-Jan-23 23:00 0109  OG3B           599  599  895           OH       3   3522.8
 80CW  21-Jan-23 23:02 0110  R3LA           599  599  261           UA       3   3524.4
 80CW  21-Jan-23 23:03 0111  HA1TJ          599  599  GY                     3   3525.0
 80CW  21-Jan-23 23:07 0112  M4T            599  599  1024          G        3   3525.5
 80CW  21-Jan-23 23:08 0113  YL7X           599  599  829           YL       3   3523.5
 80CW  21-Jan-23 23:09 0114  F8DFP          599  599  211           F        3   3524.0
 80CW  21-Jan-23 23:15 0115  E7CW           599  599  349           E7       3   3527.6
 80CW  21-Jan-23 23:16 0116  EI1E           599  599  942           EI       3   3532.0
 10CW  22-Jan-23 11:15 0117  UA9LAO         599  599  318           UA9      5  28039.1
 10CW  22-Jan-23 11:16 0118  SM2M           599  599  1407          SM       3  28032.7
 10CW  22-Jan-23 11:17 0119  RU4LM          599  599  378                    3  28027.6
 10CW  22-Jan-23 11:18 0120  RZ9L           599  599  1253                   5  28023.9
 10CW  22-Jan-23 11:22 0121  CT1DRB         599  599  486           CT       3  28021.0
 10CW  22-Jan-23 11:24 0122  CT7/DL6IAK     599  599  395                    3  28013.4
 10CW  22-Jan-23 11:26 0123  EA5CP          599  599  130           EA       3  28011.9
 15CW  22-Jan-23 11:28 0124  VK4DX          599  599  105           VK       5  21055.6
 15CW  22-Jan-23 11:29 0125  R9AE           599  599  073           UA9      5  21055.3
 15CW  22-Jan-23 11:30 0126  OH1NA          599  599  611                    3  21047.9
 15CW  22-Jan-23 11:31 0127  LY4T           599  599  097           LY       3  21046.5
 15CW  22-Jan-23 11:32 0128  PY5AMF         599  599  258           PY       5  21045.1
 15CW  22-Jan-23 11:33 0129  YL5W           599  599  899                    3  21041.2
 15CW  22-Jan-23 11:35 0130  OH6NVC         599  599  272                    3  21040.5
 15CW  22-Jan-23 11:38 0131  UI7D           599  599  717                    3  21034.8
 15CW  22-Jan-23 11:39 0132  UA3RBR         599  599  541                    3  21032.2
 15CW  22-Jan-23 11:39 0133  SV1BJW         599  599  661           SV       3  21029.7
 15CW  22-Jan-23 11:41 0134  4L8A           599  599  1823          4L       5  21027.0
 15CW  22-Jan-23 11:42 0135  UP0L           599  599  2045          UN       5  21025.1
 15CW  22-Jan-23 11:44 0136  RC3U           599  599  961                    3  21022.0
 15CW  22-Jan-23 11:44 0137  R3VR           599  599  1027                   3  21021.1
 15CW  22-Jan-23 11:46 0138  RU4LM          599  599  400                    3  21012.5
 15CW  22-Jan-23 11:47 0139  LZ0WRTC        599  599  000           LZ       3  21009.0
 20CW  22-Jan-23 11:49 0140  HA5JI          599  599  BN                     3  14025.5
 20CW  22-Jan-23 11:49 0141  ES4RD          599  599  720           ES       3  14025.0
 20CW  22-Jan-23 11:50 0142  OM2XW          599  599  1088          OM       3  14024.4
 20CW  22-Jan-23 11:51 0143  IQ2CJ          599  599  355                    3  14024.0
 20CW  22-Jan-23 11:52 0144  UA4CC          599  599  382                    3  14023.1
 20CW  22-Jan-23 11:52 0145  SN5N           599  599  539           SP       3  14021.8
 20CW  22-Jan-23 11:53 0146  HA6W           599  599  SA                     3  14021.5
 20CW  22-Jan-23 11:54 0147  HG8R           599  599  BE                     3  14021.2
 20CW  22-Jan-23 11:56 0148  9A3SMS         599  599  670           9A       3  14016.8
 20CW  22-Jan-23 11:57 0149  HA1AH          599  599  GY                     3  14017.3
 20CW  22-Jan-23 11:58 0150  F5PAL          599  599  270           F        3  14010.1
 20CW  22-Jan-23 11:59 0151  I2VXJ          599  599  332                    3  14029.6
 20CW  22-Jan-23 11:59 0152  HA8FK          599  599  CS                     3  14027.6
