 15CW  29-Apr-23 15:30 0001  UR7MZ          599  599  171           UR       3  21022.4
 15CW  29-Apr-23 15:31 0002  CT1DRB         599  599  063           CT       3  21024.6
 20CW  29-Apr-23 15:35 0003  EB5F           599  599  053           EA       3  14056.5
 20CW  29-Apr-23 15:36 0004  LZ4AE          599  599  111           LZ       3  14045.6
 20CW  29-Apr-23 15:37 0005  HA5JI          599  599  003           HA       3  14042.8
 20CW  29-Apr-23 15:40 0006  SV1BJW         599  599  221           SV       3  14040.5
 20CW  29-Apr-23 15:41 0007  CT1GFK         599  599  148           CT       3  14039.9
 20CW  29-Apr-23 15:43 0008  HB9BQU         599  599  BE            HB       3  14037.5
 20CW  29-Apr-23 15:46 0009  IK0YUT         599  599  133           I        3  14036.5
 20CW  29-Apr-23 15:47 0010  HB9AA          599  599  VD                     3  14036.1
 20CW  29-Apr-23 15:47 0011  YQ6A           599  599  265           YO       3  14035.0
 20CW  29-Apr-23 15:48 0012  OH5TS          599  599  128           OH       3  14032.9
 20CW  29-Apr-23 15:49 0013  SV1ENG         599  599  164                    3  14032.3
 20CW  29-Apr-23 15:49 0014  LZ7X           599  599  065                    3  14032.0
 20CW  29-Apr-23 15:50 0015  EA1X           599  599  161                    3  14031.5
 20CW  29-Apr-23 15:51 0016  SV1JG          599  599  099                    3  14029.9
 20CW  29-Apr-23 15:52 0017  HB9AMO         599  599  GE                     3  14029.5
 20CW  29-Apr-23 15:55 0018  YU1YV          599  599  205           YU       3  14027.9
 20CW  29-Apr-23 15:56 0019  R8LA           599  599  062           UA9      5  14027.2
 20CW  29-Apr-23 15:56 0020  UR1YAA         599  599  206           UR       3  14024.1
 20CW  29-Apr-23 15:58 0021  YU5T           599  599  100                    3  14022.6
 20CW  29-Apr-23 15:58 0022  HA5BMS         599  599  063                    3  14022.4
 20CW  29-Apr-23 15:59 0023  I2WIJ          599  599  103                    3  14021.6
 20CW  29-Apr-23 16:00 0024  HB9DND         599  599  ZG                     3  14020.8
 20CW  29-Apr-23 16:01 0025  HB9NFB         599  599  JU                     3  14019.5
 20CW  29-Apr-23 16:02 0026  RO5X           599  599  078           UA       3  14019.8
 20CW  29-Apr-23 16:03 0027  OY1CT          599  599  215           OY       3  14017.8
 20CW  29-Apr-23 16:04 0028  YO4RDW         599  599  200                    3  14017.6
 20CW  29-Apr-23 16:04 0029  IZ8EFD         599  599  078                    3  14016.9
 20CW  29-Apr-23 16:05 0030  HA3DX          599  599  233                    3  14014.1
 20CW  29-Apr-23 16:06 0031  HB9BXE         599  599  LU                     3  14012.8
 20CW  29-Apr-23 16:06 0032  LZ4R           599  599  113                    3  14012.0
 20CW  29-Apr-23 16:07 0033  S51DX          599  599  136           S5       3  14010.8
 20CW  29-Apr-23 16:07 0034  HG5D           599  599  327                    3  14007.9
 15CW  29-Apr-23 16:08 0035  Z36W           599  599  216           Z3       3  21037.8
 15CW  29-Apr-23 16:11 0036  SV1JG          599  599  116           SV       3  21026.7
 15CW  29-Apr-23 16:15 0037  9H1PI          599  599  131           9H       3  21012.0
 15CW  29-Apr-23 16:17 0038  N2NL           599  599  HER           K        5  21038.6
 15CW  29-Apr-23 16:19 0039  P3X            599  599  001           5B       5  21010.8
 40CW  29-Apr-23 16:23 0040  F8CRS          599  599  016           F        3   7042.0
 40CW  29-Apr-23 16:24 0041  PC1PM          599  599  063           PA       3   7039.4
 40CW  29-Apr-23 16:25 0042  G4BYE          599  599  084           G        3   7037.7
 40CW  29-Apr-23 16:26 0043  OK5M           599  599  083           OK       3   7036.9
 40CW  29-Apr-23 16:29 0044  HA2KMR         599  599  262           HA       3   7034.1
 40CW  29-Apr-23 16:29 0045  M8A            599  599  139BM                  3   7033.3
 40CW  29-Apr-23 17:17 0046  HB9AA          599  599  VD            HB       3   7033.3
 40CW  29-Apr-23 17:23 0047  PA3AAV         599  599  235                    3   7038.8
 40CW  29-Apr-23 17:29 0048  9A1AA          599  599  299           9A       3   7034.8
 40CW  29-Apr-23 17:30 0049  HB9FAP         599  599  AI                     3   7034.2
 40CW  29-Apr-23 17:30 0050  DL8QS          599  599  096           DL       2   7033.8
 40CW  29-Apr-23 17:31 0051  OL750HOL       599  599  012                    3   7033.2
 40CW  29-Apr-23 17:33 0052  SF6W           599  599  140           SM       3   7032.6
 40CW  29-Apr-23 17:34 0053  OK1AGE         599  599  107                    3   7032.2
 40CW  29-Apr-23 17:34 0054  PA7RA          599  599  020                    3   7031.4
 40CW  29-Apr-23 18:20 0055  HA5OV          599  599  015                    3   7020.3
 40CW  29-Apr-23 18:21 0056  YL2TD          599  599  055           YL       3   7017.5
 40CW  29-Apr-23 18:22 0057  CT1GFK         599  599  240           CT       3   7018.3
 40CW  29-Apr-23 18:23 0058  HG5D           599  599  434                    3   7020.7
 40CW  29-Apr-23 18:24 0059  SN1T           599  599  293           SP       3   7023.5
 40CW  29-Apr-23 18:25 0060  HB7X           599  599  AG                     3   7024.2
 40CW  29-Apr-23 18:26 0061  I6FDJ          599  599  149           I        3   7027.0
 40CW  29-Apr-23 18:28 0062  ON5WL          599  599  119           ON       3   7027.3
 40CW  29-Apr-23 18:29 0063  RK3TT          599  599  254LO16       UA       3   7028.3
 40CW  29-Apr-23 18:32 0064  EI5KF          599  599  458CK         EI       3   7034.7
 40CW  29-Apr-23 18:35 0065  US1VM          599  599  110           UR       3   7035.5
 40CW  29-Apr-23 18:39 0066  HB9BXE         599  599  LU                     3   7032.8
 40CW  29-Apr-23 18:41 0067  G8X            599  599  355EX         K        5   7038.1
 80CW  29-Apr-23 19:47 0068  EI5KF          599  599  495CK         EI       3   3525.5
 80CW  29-Apr-23 19:48 0069  MM3T           599  599  243ML         GM       3   3526.7
 80CW  29-Apr-23 19:49 0070  YL1YF          599  599  161           YL       3   3531.2
 80CW  29-Apr-23 19:50 0071  HB9BQU         599  599  BE            HB       3   3532.4
 80CW  29-Apr-23 19:51 0072  SN1T           599  599  364           SP       3   3533.3
 80CW  29-Apr-23 19:52 0073  DL8DWW         599  599  096           DL       2   3534.8
 80CW  29-Apr-23 19:53 0074  HB9HQX         599  599  LU                     3   3535.3
 80CW  29-Apr-23 19:53 0075  SP7CF          599  599  148                    3   3535.9
 80CW  29-Apr-23 19:54 0076  IZ1LBG         599  599  031           I        3   3537.1
 80CW  29-Apr-23 19:55 0077  DL1EAR         599  599  184                    2   3539.2
 80CW  29-Apr-23 19:56 0078  LY7R           599  599  230           LY       3   3510.8
 80CW  29-Apr-23 19:57 0079  G4PVM          599  599  468CM         G        3   3511.3
 80CW  29-Apr-23 19:58 0080  OK1RR          599  599  173           OK       3   3512.6
 80CW  29-Apr-23 19:58 0081  M5S            599  599  545SY                  3   3513.3
 80CW  29-Apr-23 19:59 0082  F5IN           599  599  219           F        3   3515.0
 80CW  29-Apr-23 20:02 0083  DL7PIA         599  599  040                    2   3516.1
 80CW  29-Apr-23 20:05 0084  GS8VL          599  599  051PA                  3   3517.0
 80CW  29-Apr-23 20:05 0085  OM3CPF         599  599  084           OM       3   3518.1
 80CW  29-Apr-23 20:08 0086  HB9GL          599  599  GL                     3   3518.6
 80CW  29-Apr-23 20:09 0087  9A1AA          599  599  486           9A       3   3519.5
 80CW  29-Apr-23 20:09 0088  HB9FAP         599  599  AI                     3   3519.9
 80CW  29-Apr-23 20:11 0089  DK3UW          599  599  013                    2   3520.6
 80CW  29-Apr-23 20:12 0090  F5OZC          599  599  145                    3   3521.5
 80CW  29-Apr-23 20:14 0091  HB9IAB         599  599  VD                     3   3522.0
 80CW  29-Apr-23 20:15 0092  M3P            599  599  136OX                  3   3522.7
 80CW  29-Apr-23 20:16 0093  M7W            599  599  566NG                  3   3524.0
 80CW  29-Apr-23 20:17 0094  M0X            599  599  405IP                  3   3524.6
 80CW  29-Apr-23 20:19 0095  G3RWF          599  599  391CT                  3   3525.7
 80CW  29-Apr-23 20:20 0096  OK1AGE         599  599  218                    3   3526.3
 80CW  29-Apr-23 20:21 0097  DL4CF          599  599  156                    2   3527.0
 80CW  29-Apr-23 20:21 0098  PA3DBS         599  599  110           PA       3   3527.5
 80CW  29-Apr-23 20:26 0099  HB9CVQ         599  599  AG                     3   3528.5
 80CW  29-Apr-23 20:32 0100  OK1OA          599  599  241                    3   3531.2
160CW  29-Apr-23 20:33 0101  HB9BXE         599  599  LU            HB       3   1829.9
160CW  29-Apr-23 20:36 0102  HB9CVE         599  599  AR                     3   1829.0
160CW  29-Apr-23 20:40 0103  HB9BXU         599  599  BE                     3   1823.9
 15CW  30-Apr-23 08:07 0104  LZ5R           599  599  1073          LZ       3  21013.8
 15CW  30-Apr-23 08:14 0105  CT1GFK         599  599  348                    3  21024.0
 20CW  30-Apr-23 08:16 0106  LY2MM          599  599  485           LY       3  14045.1
 20CW  30-Apr-23 08:18 0107  IZ4ZZB         599  599  163                    3  14028.5
 20CW  30-Apr-23 08:19 0108  LY2A           599  599  172                    3  14027.1
 20CW  30-Apr-23 08:20 0109  SV2SKD         599  599  112                    3  14022.4
 20CW  30-Apr-23 08:20 0110  EI5KF          599  599  953CK         EI       3  14020.6
 20CW  30-Apr-23 08:22 0111  UT0RM          599  599  187                    3  14020.1
 20CW  30-Apr-23 08:23 0112  HA2VH          599  599  290                    3  14018.1
 20CW  30-Apr-23 08:24 0113  9H1PI          599  599  599           9H       3  14017.0
 20CW  30-Apr-23 08:30 0114  YO3HEX         599  599  374                    3  14015.9
 20CW  30-Apr-23 08:31 0115  YL4WRTC        599  599  734           YL       3  14012.4
 10CW  30-Apr-23 09:22 0116  CT1GFK         599  599  388           CT       3  28020.9
 15CW  30-Apr-23 09:26 0117  4L8A           599  599  353           4L       5  21018.1
 40CW  30-Apr-23 09:31 0118  M7W            599  599  877NG                  3   7021.7
 40CW  30-Apr-23 09:33 0119  HB9KG          599  599  BL                     3   7020.4
 40CW  30-Apr-23 09:35 0120  PA0PJE         599  599  028                    3   7020.0
 40CW  30-Apr-23 09:44 0121  OL7D           599  599  211                    3   7019.6
 40CW  30-Apr-23 09:48 0122  DF5EN          599  599  353                    2   7031.4
 40CW  30-Apr-23 09:49 0123  DR7T           599  599  238                    2   7032.4
 40CW  30-Apr-23 09:50 0124  HB9CYY         599  599  FR                     3   7006.9
 40CW  30-Apr-23 09:51 0125  G4PVM          599  599  877CM                  3   7013.2
 40CW  30-Apr-23 09:52 0126  G3SWC          599  599  522RH                  3   7014.1
 40CW  30-Apr-23 09:53 0127  HB9GL          599  599  GL                     3   7015.6
 40CW  30-Apr-23 10:04 0128  DJ4WT          599  599  081                    2   7017.4
 40CW  30-Apr-23 10:05 0129  DL2DXA/P       599  599  027                    2   7018.0
 40CW  30-Apr-23 10:05 0130  DL1QW          599  599  242                    2   7020.1
 20CW  30-Apr-23 10:13 0131  SN5N           599  599  417           SP       3  14031.0
 20CW  30-Apr-23 10:14 0132  YO5OHO         599  599  529                    3  14032.6
 20CW  30-Apr-23 10:16 0133  EA7AAW         599  599  263                    3  14018.3
 20CW  30-Apr-23 10:17 0134  YL7X           599  599  661                    3  14017.5
 20CW  30-Apr-23 10:18 0135  EV6Z           599  599  029           EU       3  14020.3
 20CW  30-Apr-23 10:18 0136  CT7BJG         599  599  403                    3  14021.4
 20CW  30-Apr-23 10:20 0137  IK0YVV         599  599  100                    3  14025.8
 20CW  30-Apr-23 10:21 0138  OG5O           599  599  481                    3  14035.4
 20CW  30-Apr-23 10:22 0139  CT7AGZ         599  599  277                    3  14040.6
 20CW  30-Apr-23 10:23 0140  IK8UND         599  599  126                    3  14032.0
 20CW  30-Apr-23 10:30 0141  SM5CSS         599  599  408           SM       3  14030.1
