 40CW  13-Mar-23 16:30 0001  OL4W           599  599  003           OK       3   7037.5
 40CW  13-Mar-23 16:33 0002  DJ9KH          599  599  009           DL       2   7034.3
 40CW  13-Mar-23 16:35 0003  OK1FKD         599  599  007                    3   7039.1
 40CW  13-Mar-23 16:38 0004  OK1RKS         599  599  004                    3   7035.3
 40CW  13-Mar-23 16:39 0005  OK1DOR         599  599  013                    3   7034.1
 40CW  13-Mar-23 16:40 0006  SC6O           599  599  015           SM       3   7033.8
 40CW  13-Mar-23 16:40 0007  SM6M           599  599  028                    3   7033.3
 40CW  13-Mar-23 16:41 0008  SP1AEN         599  599  019           SP       3   7032.9
 40CW  13-Mar-23 16:43 0009  HB9BXE         599  599  030           HB       3   7032.0
 40CW  13-Mar-23 16:46 0010  HA5OV          599  599  030           HA       3   7030.5
 40CW  13-Mar-23 16:46 0011  SP4DNX         599  599  024                    3   7029.8
 40CW  13-Mar-23 16:49 0012  HA5MA          599  599  033                    3   7033.4
 40CW  13-Mar-23 16:50 0013  OH1KH          599  599  009           OH       3   7033.4
 40CW  13-Mar-23 16:51 0014  DL8QS          599  599  042                    2   7032.0
 40CW  13-Mar-23 16:55 0015  SN5N           599  599  056                    3   7028.9
 40CW  13-Mar-23 16:56 0016  SP2R           599  599  064                    3   7028.7
 40CW  13-Mar-23 16:57 0017  SD6F           599  599  072                    3   7028.4
 40CW  13-Mar-23 16:59 0018  EA3X           599  599  043           EA       3   7028.0
 40CW  13-Mar-23 17:03 0019  DJ2IA          599  599  030                    2   7037.2
 40CW  13-Mar-23 17:03 0020  SN1T           599  599  079                    3   7037.2
 40CW  13-Mar-23 17:04 0021  DF5EN          599  599  040                    2   7037.2
 40CW  13-Mar-23 17:04 0022  SN4D           599  599  037                    3   7037.2
 40CW  13-Mar-23 17:05 0023  YL3FW          599  599  029           YL       3   7037.2
 40CW  13-Mar-23 17:05 0024  HB9CMW         599  599  011                    3   7037.2
 40CW  13-Mar-23 17:06 0025  OK2SLS         599  599  034                    3   7037.2
 40CW  13-Mar-23 17:08 0026  DK3AX          599  599  035                    2   7037.2
 40CW  13-Mar-23 17:09 0027  SD1A           599  599  058                    3   7037.2
 40CW  13-Mar-23 17:09 0028  DF8KY          599  599  024                    2   7037.2
 40CW  13-Mar-23 17:11 0029  DL3AS          599  599  033                    2   7037.2
 40CW  13-Mar-23 17:11 0030  OG6B           599  599  056                    3   7037.2
 40CW  13-Mar-23 17:12 0031  M4N            599  599  054           G        3   7037.2
 40CW  13-Mar-23 17:13 0032  HB9HTF         599  599  054                    3   7037.2
 40CW  13-Mar-23 17:13 0033  YL3JD          599  599  046                    3   7037.2
 40CW  13-Mar-23 17:15 0034  OM2RA          599  599  060           OM       3   7037.2
 40CW  13-Mar-23 17:16 0035  SP8HWM         599  599  068                    3   7037.2
 40CW  13-Mar-23 17:17 0036  OK1FMJ         599  599  005                    3   7037.2
 40CW  13-Mar-23 17:20 0037  I2CZQ          599  599  056           I        3   7036.1
 40CW  13-Mar-23 17:23 0038  PA2A           599  599  032           PA       3   7034.5
 40CW  13-Mar-23 17:27 0039  S51J           599  599  085           S5       3   7031.4
 40CW  13-Mar-23 17:27 0040  OM5AA          599  599  058                    3   7032.0
 40CW  13-Mar-23 17:28 0041  HA6NL          599  599  065                    3   7033.2
