 10SSB 28-Oct-23 10:05 0001  CQ3W           59   59   33            CT3  33  3  28566.6
 10SSB 28-Oct-23 10:09 0002  P33W           59   59   20            5B   20  3  28580.2
 10SSB 28-Oct-23 10:12 0003  TC100OLD       59   59   20            TA       3  28609.0
 10SSB 28-Oct-23 10:29 0004  CT3KN          59   59   33                     3  28620.0
 10SSB 28-Oct-23 10:32 0005  EA1L           59   59   14            EA   14  1  28648.1
 10SSB 28-Oct-23 10:32 0006  EA1DR          59   59   14                     1  28651.0
 10SSB 28-Oct-23 10:33 0007  YP0C           59   59   20            YO       1  28655.6
 10SSB 28-Oct-23 10:34 0008  AZ1D           59   59   13            LU   13  3  28660.0
 10SSB 28-Oct-23 10:36 0009  PT5J           59   59   11            PY   11  3  28460.2
 10SSB 28-Oct-23 10:38 0010  PU5WMA         59   59   11                     3  28463.0
 10SSB 28-Oct-23 10:38 0011  PR1T           59   59   11                     3  28474.4
 10SSB 28-Oct-23 10:40 0012  CR3DX          59   59   33                     3  28477.0
 10SSB 28-Oct-23 10:42 0013  EE7P           59   59   14                     1  28477.6
 10SSB 28-Oct-23 10:42 0014  UW5ZM          59   59   16            UR   16  1  28481.5
 10SSB 28-Oct-23 10:44 0015  CR5T           59   59   14            CT       1  28492.2
 10SSB 28-Oct-23 10:46 0016  PX2A           59   59   11                     3  28496.0
 10SSB 28-Oct-23 10:47 0017  TM1K           59   59   14            F        1  28498.9
 10SSB 28-Oct-23 10:49 0018  ED7B           59   59   14                     1  28502.0
 10SSB 28-Oct-23 10:56 0019  9A2EU          59   59   15            9A   15  1  28505.5
 10SSB 28-Oct-23 10:59 0020  RC5Z           59   59   16            UA       1  28514.0
 10SSB 28-Oct-23 11:00 0021  RO2E           59   59   16                     1  28518.3
 10SSB 28-Oct-23 11:02 0022  CN3A           59   59   33            CN       3  28528.5
 10SSB 28-Oct-23 11:03 0023  YO4NF          59   59   20                     1  28539.0
 10SSB 28-Oct-23 11:05 0024  D4C            59   59   35            D4   35  3  28557.8
 10SSB 28-Oct-23 11:08 0025  PX2W           59   59   11                     3  28560.0
 10SSB 28-Oct-23 11:10 0026  EA8RM          59   59   33            EA8      3  28684.2
 10SSB 28-Oct-23 11:12 0027  EA2W           59   59   14                     1  28711.1
 10SSB 28-Oct-23 11:15 0028  RM3DA          59   59   16                     1  28725.0
 10SSB 28-Oct-23 11:17 0029  SY1AEA         59   59   20            SV       1  28727.0
 10SSB 28-Oct-23 11:18 0030  R4GM           59   59   16                     1  28743.0
 10SSB 28-Oct-23 11:19 0031  PY2EX          59   59   11                     3  28748.5
 10SSB 28-Oct-23 11:20 0032  DA0BCC         59   59   14            DL       0  28751.9
 10SSB 28-Oct-23 12:06 0033  W3LPL          59   59   05            K    05  3  28746.9
 10SSB 28-Oct-23 12:41 0034  CB6LR          59   59   12            CE   12  3  28728.0
 10SSB 28-Oct-23 12:42 0035  WB2ZAB         59   59   05                     3  28727.5
 10SSB 28-Oct-23 12:44 0036  K4ZW           59   59   05                     3  28720.0
 10SSB 28-Oct-23 12:46 0037  PS0F           59   59   11            PY0F     3  28605.0
 15SSB 28-Oct-23 12:49 0038  CR3DX          59   59   33            CT3  33  3  21284.3
 15SSB 28-Oct-23 12:50 0039  SN3A           59   59   15            SP   15  1  21275.0
 15SSB 28-Oct-23 12:55 0040  W3LPL          59   59   05            K    05  3  21209.9
 15SSB 28-Oct-23 12:57 0041  XL3A           59   59   04            VE   04  3  21194.1
 15SSB 28-Oct-23 13:04 0042  IH9/OK1M       59   59   33            IG9      3  21176.0
 15SSB 28-Oct-23 13:07 0043  VA2WA          59   59   05                     3  21157.9
 15SSB 28-Oct-23 13:09 0044  VE3EJ          59   59   04                     3  21150.6
 15SSB 28-Oct-23 13:10 0045  7S2A           59   59   14            SM   14  1  21129.0
 15SSB 28-Oct-23 13:17 0046  ZF1A           59   59   08            ZF   08  3  21179.0
 15SSB 28-Oct-23 13:20 0047  UP2L           59   59   17            UN   17  3  21176.8
 15SSB 28-Oct-23 13:23 0048  RU3DX          59   59   16            UA   16  1  21188.9
 15SSB 28-Oct-23 13:23 0049  YL2KO          59   59   15            YL       1  21190.3
 15SSB 28-Oct-23 13:24 0050  WX3B           59   59   05                     3  21200.2
 15SSB 28-Oct-23 13:26 0051  KC1XX          59   59   05                     3  21212.3
 15SSB 28-Oct-23 13:27 0052  YT5A           59   59   15            YU       1  21226.0
 15SSB 28-Oct-23 13:29 0053  LN2T           59   59   14            LA       1  21302.0
 15SSB 28-Oct-23 13:30 0054  RK4FD          59   59   16                     1  21306.6
 15SSB 28-Oct-23 13:32 0055  OM0M           59   59   15            OM       1  21321.5
 15SSB 28-Oct-23 13:33 0056  LZ6V           59   59   20            LZ   20  1  21333.3
 15SSB 28-Oct-23 13:35 0057  B0A            59   59   23            BY   23  3  21379.5
 10SSB 28-Oct-23 15:24 0058  VE9HF          59   59   05            VE       3  28556.5
 10SSB 28-Oct-23 15:26 0059  N2SR           59   59   05                     3  28547.3
 10SSB 28-Oct-23 15:30 0060  LP7D           59   59   13                     3  28636.0
 10SSB 28-Oct-23 15:33 0061  K1KI           59   59   05                     3  28643.1
 10SSB 28-Oct-23 15:34 0062  N1DD           59   59   05                     3  28678.0
 10SSB 28-Oct-23 15:35 0063  K4PI           59   59   05                     3  28681.9
 10SSB 28-Oct-23 15:36 0064  KC1XX          59   59   05                     3  28697.7
 10SSB 28-Oct-23 15:37 0065  VE3VN          59   59   04                 04  3  28712.8
 10SSB 28-Oct-23 15:38 0066  VY2OM          59   59   05                     3  28711.1
 10SSB 28-Oct-23 15:41 0067  NJ4P           59   59   04                     3  28750.0
 10SSB 28-Oct-23 15:44 0068  K8CX           59   59   04                     3  28758.0
 10SSB 28-Oct-23 15:46 0069  K4JPD          59   59   05                     3  28776.0
 10SSB 28-Oct-23 15:47 0070  K1TO           59   59   05                     3  28787.5
 10SSB 28-Oct-23 15:48 0071  VA2SJ          59   59   05                     3  28795.5
 10SSB 28-Oct-23 15:49 0072  K0EJ           59   59   04                     3  28807.2
 10SSB 28-Oct-23 15:51 0073  WX3B           59   59   05                     3  28810.0
 10SSB 28-Oct-23 16:35 0074  K9RS           59   59   05                     3  28727.9
 10SSB 28-Oct-23 16:39 0075  8P5A           59   59   08            8P   08  3  28301.6
 10SSB 28-Oct-23 16:41 0076  K1LZ           59   59   05                     3  28342.5
 10SSB 28-Oct-23 16:42 0077  KB3WD          59   59   05                     3  28335.0
 10SSB 28-Oct-23 16:43 0078  NF3R           59   59   05                     3  28302.6
 10SSB 28-Oct-23 16:46 0079  HQ9A           59   59   07            HR   07  3  28285.2
 10SSB 28-Oct-23 16:47 0080  PT7WM          59   59   11                     3  28280.8
 10SSB 28-Oct-23 16:48 0081  PU1JSV         59   59   11                     3  28271.9
 10SSB 28-Oct-23 16:50 0082  TO5A           59   59   08            FM       3  28293.0
 10SSB 28-Oct-23 17:47 0083  CV1A           59   59   13            CX       3  28290.0
 10SSB 28-Oct-23 17:49 0084  W4RN           59   59   05                     3  28301.3
 10SSB 28-Oct-23 17:55 0085  V47T           59   59   08            V4       3  28669.8
 10SSB 28-Oct-23 17:58 0086  V31XX          59   59   07            V3       3  28772.3
 10SSB 28-Oct-23 18:00 0087  PJ4K           59   59   09            PJ4  09  3  28810.0
 10SSB 28-Oct-23 18:00 0088  XM3A           59   59   04                     3  28816.3
 10SSB 28-Oct-23 18:05 0089  HI8RD          59   59   08            HI       3  28546.0
 10SSB 28-Oct-23 18:19 0090  DP7D           59   59   14                     0  28382.5
 10SSB 28-Oct-23 18:19 0091  PY4JW          59   59   11                     3  28527.0
 15SSB 28-Oct-23 18:22 0092  KQ3F           59   59   05                     3  21384.2
 15SSB 28-Oct-23 18:26 0093  V26B           59   59   08            V2       3  21410.8
 15SSB 28-Oct-23 18:29 0094  W3PP           59   59   05                     3  21423.0
 15SSB 28-Oct-23 18:30 0095  K4ZW           59   59   05                     3  21436.9
 15SSB 28-Oct-23 18:36 0096  K5GN           59   59   04                     3  21341.2
 15SSB 28-Oct-23 18:37 0097  RL3A           59   59   16                     1  21334.8
 15SSB 28-Oct-23 18:44 0098  VE2GSO         59   59   05                     3  21184.0
 15SSB 28-Oct-23 18:45 0099  VY2TT          59   59   05                     3  21150.0
 15SSB 28-Oct-23 18:46 0100  VE3VN          59   59   04                     3  21146.0
 15SSB 28-Oct-23 19:05 0101  VE3JM          59   59   04                     3  21147.3
 15SSB 28-Oct-23 19:06 0102  NN7CW          59   59   05                     3  21163.5
 15SSB 28-Oct-23 19:18 0103  PJ4DX          59   59   09            PJ4  09  3  21175.7
 15SSB 28-Oct-23 19:21 0104  VE9AA          59   59   05                     3  21180.0
 15SSB 28-Oct-23 19:25 0105  K3LR           59   59   05                     3  21201.9
 15SSB 28-Oct-23 19:27 0106  KQ2M           59   59   05                     3  21210.0
 15SSB 28-Oct-23 19:28 0107  K1RX           59   59   05                     3  21225.6
 15SSB 28-Oct-23 19:30 0108  PV2K           59   59   11            PY   11  3  21227.9
 15SSB 28-Oct-23 19:34 0109  V3A            59   59   07            V3   07  3  21185.0
 15SSB 28-Oct-23 19:37 0110  N5DX           59   59   05                     3  21233.5
 20SSB 28-Oct-23 19:48 0111  EA8CYU         59   59   33            EA8  33  3  14115.0
 20SSB 28-Oct-23 19:49 0112  EA1BLI         59   59   14            EA   14  1  14129.5
 20SSB 28-Oct-23 19:50 0113  B0A            59   59   23            BY   23  3  14132.3
 20SSB 28-Oct-23 19:51 0114  9H6A           59   59   15            9H   15  1  14150.0
 20SSB 28-Oct-23 19:53 0115  SZ3P           59   59   20            SV   20  1  14167.0
 20SSB 28-Oct-23 19:54 0116  IR9K           59   59   15            IT9      1  14170.5
 20SSB 28-Oct-23 19:56 0117  ED1R           59   59   14                     1  14183.7
 20SSB 28-Oct-23 19:57 0118  TA7OM          59   59   20            TA       3  14192.0
 20SSB 28-Oct-23 19:59 0119  SV9FBG         59   59   20            SV9      1  14209.0
 20SSB 28-Oct-23 20:02 0120  YM3VBR         59   59   20                     3  14224.9
 20SSB 28-Oct-23 20:04 0121  EA5KL          59   59   14                     1  14234.4
 20SSB 28-Oct-23 20:05 0122  II9P           59   59   15                     1  14254.5
 20SSB 28-Oct-23 20:05 0123  IQ8SN          59   59   15            I        1  14261.5
 20SSB 28-Oct-23 20:06 0124  J42L           59   59   20                     1  14270.0
 20SSB 28-Oct-23 20:06 0125  CN3A           59   59   33            CN       3  14273.0
 20SSB 28-Oct-23 20:07 0126  HZ7C           59   59   21            HZ   21  3  14291.0
 20SSB 28-Oct-23 20:08 0127  ED5D           59   59   14                     1  14301.6
 20SSB 28-Oct-23 20:08 0128  P33W           59   59   20            5B       3  14310.0
 20SSB 28-Oct-23 20:09 0129  SZ1A           59   59   20                     1  14313.5
 20SSB 28-Oct-23 20:10 0130  YP8T           59   59   20            YO       1  14325.2
160SSB 28-Oct-23 20:13 0131  M6C            59   59   14            G    14  1   1896.0
160SSB 28-Oct-23 20:14 0132  SN0R           59   59   15            SP   15  1   1883.0
160SSB 28-Oct-23 20:15 0133  DL6MHW         59   59   14            DL       0   1868.5
160SSB 28-Oct-23 20:15 0134  DF0HQ          59   59   14                     0   1866.0
160SSB 28-Oct-23 20:16 0135  LX1NO          59   59   14            LX       1   1862.5
160SSB 28-Oct-23 20:18 0136  M6T            59   59   14                     1   1848.0
160SSB 28-Oct-23 20:18 0137  OT5A           59   59   14            ON       1   1845.5
160SSB 28-Oct-23 20:23 0138  OZ4GM          59   59   14            OZ       1   1886.0
 10SSB 28-Oct-23 20:29 0139  CE2DX          59   59   12                     3  28431.5
 10SSB 29-Oct-23 08:24 0140  UP0L           59   59   17            UN   17  3  28380.0
 40SSB 29-Oct-23 08:29 0141  MW0LKX         59   59   14            GW   14  1   7194.0
 10SSB 29-Oct-23 08:37 0142  TA3DE          59   59   20                     3  28692.0
 10SSB 29-Oct-23 09:14 0143  UA9LAO         59   59   17            UA9      3  28514.6
 10SSB 29-Oct-23 09:16 0144  RC3W           59   59   16                     1  28632.4
 10SSB 29-Oct-23 09:19 0145  UA4CC          59   59   16                     1  28563.4
 10SSB 29-Oct-23 09:23 0146  RL3A           59   59   16                     1  28400.5
 10SSB 29-Oct-23 09:24 0147  UI5R           59   59   16                     1  28387.0
 10SSB 29-Oct-23 09:25 0148  UP4L           59   59   17                     3  28360.0
 10SSB 29-Oct-23 09:27 0149  RW3DU          59   59   16                     1  28303.4
 10SSB 29-Oct-23 09:27 0150  UF5A           59   59   16                     1  28300.3
 20SSB 29-Oct-23 09:30 0151  EA1L           59   59   14                     1  14288.0
 20SSB 29-Oct-23 09:31 0152  EC3CVD         59   59   14                     1  14300.0
 20SSB 29-Oct-23 09:32 0153  RT2F           59   59   15            UA2      1  14303.0
 20SSB 29-Oct-23 09:32 0154  S57DX          59   59   15            S5       1  14308.0
 20SSB 29-Oct-23 09:40 0155  E7DX           59   59   15            E7       1  14342.0
 20SSB 29-Oct-23 09:41 0156  HG7T           59   59   15            HA       1  14285.7
 20SSB 29-Oct-23 09:44 0157  F4DVX          59   59   14            F        1  14260.0
 20SSB 29-Oct-23 09:45 0158  HA8A           59   59   15                     1  14253.5
 20SSB 29-Oct-23 09:46 0159  S50G           59   59   15                     1  14242.0
 20SSB 29-Oct-23 09:47 0160  UW5Y           59   59   16            UR   16  1  14233.1
 20SSB 29-Oct-23 09:48 0161  YT5A           59   59   15            YU       1  14228.2
 20SSB 29-Oct-23 09:48 0162  HG5E           59   59   15                     1  14223.1
 20SSB 29-Oct-23 09:50 0163  HG6N           59   59   15                     1  14211.8
 20SSB 29-Oct-23 09:50 0164  HG5A           59   59   15                     1  14208.0
 20SSB 29-Oct-23 09:51 0165  SP4TKR         59   59   15            SP       1  14203.6
 20SSB 29-Oct-23 09:52 0166  9A5Y           59   59   15            9A       1  14201.0
 20SSB 29-Oct-23 09:53 0167  IU8LMC         59   59   15                     1  14196.1
 20SSB 29-Oct-23 09:54 0168  EA7DHT         59   59   14                     1  14190.0
 20SSB 29-Oct-23 09:54 0169  YT7B           59   59   15                     1  14187.0
 20SSB 29-Oct-23 09:55 0170  IK1JJM         59   59   15                     1  14182.9
 20SSB 29-Oct-23 09:56 0171  IO3M           59   59   15                     1  14173.1
 20SSB 29-Oct-23 09:57 0172  IR4X           59   59   15                     1  14166.0
 20SSB 29-Oct-23 09:59 0173  TK4TH          59   59   15            TK       1  14163.0
 20SSB 29-Oct-23 10:00 0174  IK0VSY         59   59   15                     1  14161.0
 20SSB 29-Oct-23 11:18 0175  EA3CI          59   59   14                     1  14158.5
 10SSB 29-Oct-23 11:21 0176  UA6LUQ         59   59   16                     1  28285.0
 10SSB 29-Oct-23 11:26 0177  PV2G           59   59   11                     3  28313.0
 10SSB 29-Oct-23 11:26 0178  RA9P           59   59   18                 18  3  28321.3
 10SSB 29-Oct-23 11:27 0179  UA4M           59   59   16                     1  28343.5
 10SSB 29-Oct-23 11:29 0180  RD1AH          59   59   16                     1  28350.0
 10SSB 29-Oct-23 11:30 0181  UN9L           59   59   17                     3  28355.6
 10SSB 29-Oct-23 11:30 0182  RK4FD          59   59   16                     1  28357.5
 10SSB 29-Oct-23 11:32 0183  TA1CQ          59   59   20            TA1      1  28372.0
 10SSB 29-Oct-23 11:34 0184  SV9RGI         59   59   20            SV9      1  28400.0
 10SSB 29-Oct-23 11:44 0185  RM9I           59   59   18                     3  28657.6
 10SSB 29-Oct-23 11:46 0186  RO1M           59   59   16                     1  28742.3
 40SSB 29-Oct-23 11:51 0187  OT5A           59   59   14            ON       1   7157.0
 40SSB 29-Oct-23 11:52 0188  DF0HQ          59   59   14            DL       0   7175.0
 40SSB 29-Oct-23 11:53 0189  M6T            59   59   14            G        1   7131.5
 40SSB 29-Oct-23 11:55 0190  DM5TM          59   59   14                     0   7124.3
 40SSB 29-Oct-23 11:56 0191  G8X            59   59   14            K        3   7129.0
 40SSB 29-Oct-23 11:56 0192  DK9NCX         59   59   14                     0   7138.0
 40SSB 29-Oct-23 11:57 0193  YT5A           59   59   15            YU   15  1   7142.0
 40SSB 29-Oct-23 11:58 0194  DK0BM          59   59   14                     0   7144.0
 40SSB 29-Oct-23 11:59 0195  OK6T           59   59   15            OK       1   7153.0
 40SSB 29-Oct-23 11:59 0196  OT7T           59   59   14                     1   7163.0
 40SSB 29-Oct-23 12:01 0197  9A1A           59   59   15            9A       1   7165.0
 40SSB 29-Oct-23 12:02 0198  IB2C           59   59   15            IT9      1   7184.0
 40SSB 29-Oct-23 12:02 0199  LN8W           59   59   14            LA       1   7189.0
 15SSB 29-Oct-23 12:06 0200  N1UR           59   59   05                     3  21228.0
 15SSB 29-Oct-23 12:37 0201  NU4E           59   59   05                     3  21231.3
 15SSB 29-Oct-23 12:38 0202  EF5U           59   59   14            EA       1  21234.3
 15SSB 29-Oct-23 12:39 0203  IQ8BB          59   59   15            I        1  21240.0
 15SSB 29-Oct-23 12:40 0204  N8CWU          59   59   04                     3  21245.9
 15SSB 29-Oct-23 12:41 0205  N2AA           59   59   05                     3  21252.0
 15SSB 29-Oct-23 12:42 0206  OG1F           59   59   15            OH       1  21256.0
 15SSB 29-Oct-23 12:43 0207  ES5G           59   59   15            ES       1  21258.1
 15SSB 29-Oct-23 12:44 0208  UZ2M           59   59   16            UR       1  21260.5
 15SSB 29-Oct-23 12:47 0209  K1KI           59   59   05                     3  21267.6
 15SSB 29-Oct-23 12:48 0210  VA2CZ          59   59   05                     3  21280.5
 15SSB 29-Oct-23 12:50 0211  II8K           59   59   15                     1  21291.0
 15SSB 29-Oct-23 12:52 0212  W9RE           59   59   04                     3  21313.0
 15SSB 29-Oct-23 12:53 0213  W2XL           59   59   05                     3  21315.2
 15SSB 29-Oct-23 12:55 0214  UW5Y           59   59   16                     1  21336.0
 15SSB 29-Oct-23 12:55 0215  SJ2W           59   59   14                     1  21343.5
 15SSB 29-Oct-23 12:56 0216  LZ5K           59   59   20                     1  21360.0
 15SSB 29-Oct-23 12:57 0217  YP8T           59   59   20            YO       1  21371.4
 15SSB 29-Oct-23 12:58 0218  K5TR           59   59   04                     3  21374.0
 15SSB 29-Oct-23 12:59 0219  WA2OAX         59   59   05                     3  21377.6
 15SSB 29-Oct-23 13:01 0220  NO9E           59   59   05                     3  21381.4
 15SSB 29-Oct-23 13:02 0221  LZ9W           59   59   20                     1  21390.0
 15SSB 29-Oct-23 13:03 0222  KM5VI          59   59   04                     3  21397.1
 15SSB 29-Oct-23 13:06 0223  P33W           59   59   20            5B       3  21413.2
 15SSB 29-Oct-23 13:06 0224  IT9STX         59   59   15            IT9      1  21416.0
 15SSB 29-Oct-23 13:07 0225  E7DX           59   59   15            E7       1  21419.5
 15SSB 29-Oct-23 13:08 0226  HG7T           59   59   15            HA       1  21421.6
 15SSB 29-Oct-23 13:12 0227  OG6N           59   59   15                     1  21428.0
 15SSB 29-Oct-23 13:13 0228  YL2BJ          59   59   15                     1  21440.1
 15SSB 29-Oct-23 13:14 0229  J42L           59   59   20            SV       1  21443.5
 15SSB 29-Oct-23 13:14 0230  NR3X           59   59   05                     3  21445.4
 10SSB 29-Oct-23 13:18 0231  SV8IIR         59   59   20                     1  28850.0
 10SSB 29-Oct-23 13:19 0232  KP2B           59   59   08            KP2      3  28838.0
 10SSB 29-Oct-23 13:22 0233  HA8FK          59   59   15            HA       1  28803.4
 10SSB 29-Oct-23 13:23 0234  UR6EA          59   59   16                     1  28785.0
 10SSB 29-Oct-23 13:37 0235  TA7OM          59   59   20                     3  28583.3
 10SSB 29-Oct-23 13:38 0236  SZ3P           59   59   20                     1  28573.0
 10SSB 29-Oct-23 13:38 0237  ED1R           59   59   14                     1  28566.0
 10SSB 29-Oct-23 13:39 0238  RA3XM          59   59   16                     1  28541.3
 10SSB 29-Oct-23 13:41 0239  YM3VBR         59   59   20                     3  28530.0
 10SSB 29-Oct-23 13:49 0240  RA3OA          59   59   16                     1  28422.0
 10SSB 29-Oct-23 13:50 0241  RU5A           59   59   16                     1  28396.5
 10SSB 29-Oct-23 13:54 0242  R5AJ           59   59   16                     1  28306.5
 10SSB 29-Oct-23 13:55 0243  IG9ITO         59   59   33            IG9      3  28508.0
 40SSB 29-Oct-23 14:00 0244  PD2TW          59   59   14            PA       1   7090.1
 40SSB 29-Oct-23 14:01 0245  SP3AYA         59   59   15            SP       1   7102.7
 40SSB 29-Oct-23 14:02 0246  TM1A           59   59   14            F        1   7120.0
 40SSB 29-Oct-23 14:04 0247  OL5J           59   59   15                     1   7149.0
 20SSB 29-Oct-23 14:44 0248  IR2Q           59   59   15                     1  14224.5
 20SSB 29-Oct-23 14:45 0249  OK5Z           59   59   15            OK       1  14240.8
 20SSB 29-Oct-23 14:45 0250  LZ9W           59   59   20            LZ       1  14244.0
 20SSB 29-Oct-23 14:47 0251  ES7A           59   59   15            ES       1  14251.7
 20SSB 29-Oct-23 14:48 0252  YT3X           59   59   15                     1  14255.9
 20SSB 29-Oct-23 14:49 0253  9A1A           59   59   15                     1  14280.9
 20SSB 29-Oct-23 14:50 0254  IK1TTD         59   59   15                     1  14293.0
 20SSB 29-Oct-23 14:50 0255  IZ8HUW         59   59   15                     1  14296.5
 20SSB 29-Oct-23 14:52 0256  LY4A           59   59   15            LY       1  14298.0
 20SSB 29-Oct-23 14:53 0257  SM0P           59   59   14            SM       1  14315.0
 20SSB 29-Oct-23 14:54 0258  S53F           59   59   15                     1  14331.2
 20SSB 29-Oct-23 14:55 0259  OY1R           59   59   14            OY       1  14335.0
 20SSB 29-Oct-23 14:56 0260  SN7D           59   59   15                     1  14339.0
 20SSB 29-Oct-23 14:56 0261  DF6JC          59   59   14            DL       0  14343.5
 20SSB 29-Oct-23 14:57 0262  IZ8EFD         59   59   15                     1  14113.0
 20SSB 29-Oct-23 14:58 0263  IS0GRB         59   59   15            IS       1  14116.4
 20SSB 29-Oct-23 14:59 0264  TA1ED          59   59   20            TA1      1  14124.0
 20SSB 29-Oct-23 15:00 0265  EW4A           59   59   16            EU       1  14128.0
 20SSB 29-Oct-23 15:01 0266  4U9A           59   59   15                     1  14130.4
 20SSB 29-Oct-23 15:02 0267  IT9EWR         59   59   15                     1  14139.5
 20SSB 29-Oct-23 15:11 0268  Z68XX          59   59   15            Z6       1  14142.9
 20SSB 29-Oct-23 15:37 0269  IR9Z           59   59   15                     1  14150.0
 20SSB 29-Oct-23 15:37 0270  EA5HJV         59   59   14                     1  14155.0
 20SSB 29-Oct-23 15:39 0271  IQ4CT          59   59   15                     1  14170.0
 20SSB 29-Oct-23 15:39 0272  YT7E           59   59   15                     1  14175.0
 20SSB 29-Oct-23 15:40 0273  OK1K           59   59   15                     1  14180.5
 20SSB 29-Oct-23 15:40 0274  SP5CI          59   59   15                     1  14182.0
 20SSB 29-Oct-23 15:42 0275  SQ4O           59   59   15                     1  14188.9
 20SSB 29-Oct-23 15:44 0276  IO0A           59   59   15                     1  14192.2
 20SSB 29-Oct-23 15:44 0277  YT7X           59   59   15                     1  14198.7
 20SSB 29-Oct-23 15:46 0278  UW1M           59   59   16                     1  14210.8
 20SSB 29-Oct-23 15:47 0279  SN9DT          59   59   15                     1  14231.5
 20SSB 29-Oct-23 15:50 0280  HA8IB          59   59   15                     1  14258.0
 20SSB 29-Oct-23 15:53 0281  OH6RE          59   59   15            OH       1  14265.9
 20SSB 29-Oct-23 17:17 0282  IS0BGL         59   59   15                     1  14275.5
 20SSB 29-Oct-23 17:18 0283  UI5R           59   59   16            UA       1  14289.8
 20SSB 29-Oct-23 17:19 0284  LZ1JZ          59   59   20                     1  14298.2
 20SSB 29-Oct-23 17:20 0285  EF8K           59   59   33                     3  14305.0
 20SSB 29-Oct-23 17:22 0286  LZ2ES          59   59   20                     1  14310.9
 20SSB 29-Oct-23 17:22 0287  RT6A           59   59   16                     1  14314.4
 20SSB 29-Oct-23 17:23 0288  RK4FD          59   59   16                     1  14317.1
 20SSB 29-Oct-23 17:25 0289  YM3KB          59   59   20                     3  14332.0
 40SSB 29-Oct-23 17:41 0290  3Z1K           59   59   15                     1   7195.6
 40SSB 29-Oct-23 17:43 0291  YT1A           59   59   15                     1   7186.8
 40SSB 29-Oct-23 17:44 0292  ES3V           59   59   15            ES       1   7184.0
 40SSB 29-Oct-23 17:47 0293  5P4PD          59   59   14            OZ       1   7167.0
 40SSB 29-Oct-23 17:47 0294  OT7L           59   59   14                     1   7164.5
 40SSB 29-Oct-23 17:49 0295  F5LIW          59   59   14                     1   7158.1
 40SSB 29-Oct-23 17:50 0296  ED5R           59   59   14            EA       1   7155.0
 40SSB 29-Oct-23 17:54 0297  LY4A           59   59   15            LY       1   7171.0
 40SSB 29-Oct-23 17:56 0298  YT0W           59   59   15                     1   7135.0
 80SSB 29-Oct-23 19:21 0299  G2MN           59   59   14            G    14  1   3767.9
 80SSB 29-Oct-23 19:22 0300  9A1A           59   59   15            9A   15  1   3771.0
 80SSB 29-Oct-23 19:23 0301  OT7T           59   59   14            ON       1   3773.0
 80SSB 29-Oct-23 19:25 0302  HA2KMR         59   59   15            HA       1   3780.7
 80SSB 29-Oct-23 19:26 0303  LA2AB          59   59   14            LA       1   3782.5
 80SSB 29-Oct-23 19:27 0304  SN9B           59   59   15            SP       1   3785.4
 80SSB 29-Oct-23 19:28 0305  SN7R           59   59   15                     1   3758.5
 80SSB 29-Oct-23 19:29 0306  LY4A           59   59   15            LY       1   3754.0
 80SSB 29-Oct-23 19:30 0307  YU1LD          59   59   15            YU       1   3749.5
 80SSB 29-Oct-23 19:31 0308  YT5A           59   59   15                     1   3746.0
 80SSB 29-Oct-23 19:32 0309  OT5A           59   59   14                     1   3744.0
 80SSB 29-Oct-23 19:32 0310  DF0HQ          59   59   14            DL       0   3738.0
 80SSB 29-Oct-23 19:36 0311  EE7L           59   59   14            EA       1   3725.0
 80SSB 29-Oct-23 19:37 0312  SN9DT          59   59   15                     1   3722.5
 80SSB 29-Oct-23 19:37 0313  IB3M           59   59   15            IT9      1   3716.0
 80SSB 29-Oct-23 19:39 0314  G3V            59   59   14                     1   3713.5
 80SSB 29-Oct-23 19:39 0315  PA2TMS         59   59   14            PA       1   3709.4
 80SSB 29-Oct-23 19:40 0316  M6C            59   59   14                     1   3706.0
 80SSB 29-Oct-23 19:40 0317  S56B           59   59   15            S5       1   3702.6
 80SSB 29-Oct-23 19:42 0318  MD4K           59   59   14            GD       1   3696.3
 80SSB 29-Oct-23 19:43 0319  HA1TJ          59   59   15                     1   3690.6
 80SSB 29-Oct-23 19:44 0320  OK2VK          59   59   15            OK       1   3686.3
 80SSB 29-Oct-23 19:45 0321  E71A           59   59   15            E7       1   3675.0
 80SSB 29-Oct-23 19:46 0322  LN8W           59   59   14                     1   3658.1
 80SSB 29-Oct-23 19:47 0323  OT1X           59   59   14                     1   3640.0
 80SSB 29-Oct-23 19:49 0324  LZ9W           59   59   20            LZ   20  1   3797.0
 40SSB 29-Oct-23 19:51 0325  UI5R           59   59   16            UA   16  1   7145.5
 20SSB 29-Oct-23 19:53 0326  YL2KO          59   59   15            YL       1  14143.5
 20SSB 29-Oct-23 19:58 0327  SV1ME          59   59   20                     1  14168.0
 40SSB 29-Oct-23 20:01 0328  EW5A           59   59   16            EU       1   7186.0
 40SSB 29-Oct-23 20:20 0329  IO0A           59   59   15            I        1   7124.0
 40SSB 29-Oct-23 20:22 0330  RA9P           59   59   18            UA9  18  3   7116.6
 40SSB 29-Oct-23 20:24 0331  4L2M           59   59   21            4L   21  3   7095.0
 40SSB 29-Oct-23 20:27 0332  4O3A           59   59   15            4O       1   7079.5
 40SSB 29-Oct-23 20:29 0333  EI9E           59   59   14            EI       1   7152.0
 40SSB 29-Oct-23 20:30 0334  UW5Y           59   59   16            UR       1   7141.5
 40SSB 29-Oct-23 20:31 0335  OM0R           59   59   15            OM       1   7200.0
 40SSB 29-Oct-23 20:36 0336  CN3A           59   59   33            CN   33  3   7182.0
 40SSB 29-Oct-23 20:41 0337  YT3D           59   59   15                     1   7126.2
 40SSB 29-Oct-23 20:44 0338  UN3J           59   59   17            UN   17  3   7053.6
 40SSB 29-Oct-23 20:44 0339  OG1F           59   59   15            OH       1   7052.8
 40SSB 29-Oct-23 20:49 0340  YU5R           59   59   15                     1   7078.8
 40SSB 29-Oct-23 20:50 0341  RT6A           59   59   16                     1   7091.5
 40SSB 29-Oct-23 20:53 0342  RK4FD          59   59   16                     1   7121.3
 40SSB 29-Oct-23 20:55 0343  SP8R           59   59   15                     1   7163.3
 40SSB 29-Oct-23 20:59 0344  IO8V           59   59   15                     1   7173.0
 40SSB 29-Oct-23 21:01 0345  LZ9W           59   59   20            LZ   20  1   7197.0
160SSB 29-Oct-23 21:03 0346  LY4L           59   59   15            LY       1   1906.5
160SSB 29-Oct-23 21:04 0347  OZ5W           59   59   14                     1   1899.0
160SSB 29-Oct-23 21:05 0348  LN8W           59   59   14            LA       1   1896.2
160SSB 29-Oct-23 21:08 0349  ES7A           59   59   15            ES       1   1890.0
160SSB 29-Oct-23 21:08 0350  OK4U           59   59   15            OK       1   1893.0
160SSB 29-Oct-23 21:09 0351  OL7T           59   59   15                     1   1885.8
160SSB 29-Oct-23 21:11 0352  OE6MDF         59   59   15            OE       1   1883.0
160SSB 29-Oct-23 21:12 0353  DL8OBF         59   59   14                     0   1876.0
160SSB 29-Oct-23 21:16 0354  OK7O           59   59   15                     1   1872.1
160SSB 29-Oct-23 21:19 0355  PI4M           59   59   14            PA       1   1857.5
160SSB 29-Oct-23 21:21 0356  IQ4FA          59   59   15            I        1   1850.0
160SSB 29-Oct-23 21:22 0357  TM2T           59   59   14            F        1   1845.0
160SSB 29-Oct-23 21:22 0358  HB9TOC         59   59   14            HB       1   1840.3
160SSB 29-Oct-23 21:24 0359  9A1A           59   59   15            9A       1   1833.2
160SSB 29-Oct-23 21:25 0360  MD4K           59   59   14            GD       1   1826.9
160SSB 29-Oct-23 21:28 0361  OK6Y           59   59   15                     1   1901.4
160SSB 29-Oct-23 21:28 0362  SP3GTS         59   59   15                     1   1911.5
 80SSB 29-Oct-23 21:32 0363  M6T            59   59   14                     1   3788.8
 80SSB 29-Oct-23 21:33 0364  ES7A           59   59   15            ES       1   3786.4
 80SSB 29-Oct-23 21:34 0365  UT5EL          59   59   16            UR   16  1   3780.0
 80SSB 29-Oct-23 21:35 0366  TM2T           59   59   14            F        1   3775.6
 40SSB 29-Oct-23 21:40 0367  SO9I           59   59   15                     1   7160.0
 40SSB 29-Oct-23 21:44 0368  RM3DA          59   59   16                     1   7131.0
 40SSB 29-Oct-23 21:46 0369  IO6A           59   59   15                     1   7127.0
 40SSB 29-Oct-23 21:47 0370  ED1R           59   59   14                     1   7113.1
 40SSB 29-Oct-23 21:49 0371  IO9A           59   59   15                     1   7106.8
 40SSB 29-Oct-23 21:50 0372  ED5D           59   59   14                     1   7096.0
 40SSB 29-Oct-23 21:51 0373  ED3C           59   59   14                     1   7082.8
160SSB 29-Oct-23 21:54 0374  RL3A           59   59   16            UA   16  1   1868.4
160SSB 29-Oct-23 21:57 0375  DF8XC          59   59   14                     0   1858.0
160SSB 29-Oct-23 21:59 0376  SP5ELA         59   59   15                     1   1847.2
160SSB 29-Oct-23 22:01 0377  S57W           59   59   15            S5       1   1844.7
160SSB 29-Oct-23 22:04 0378  OM7K           59   59   15            OM       1   1905.4
160SSB 29-Oct-23 22:05 0379  OT7L           59   59   14                     1   1908.5
 80SSB 29-Oct-23 22:05 0380  GM0V           59   59   14            GM       1   3769.0
 80SSB 29-Oct-23 22:06 0381  YP8T           59   59   20            YO       1   3774.0
 80SSB 29-Oct-23 22:08 0382  IY3A           59   59   15            I        1   3735.1
 80SSB 29-Oct-23 22:09 0383  CN3A           59   59   33            CN   33  3   3799.1
 80SSB 29-Oct-23 22:09 0384  GW9J           59   59   14            GW       1   3720.5
 80SSB 29-Oct-23 22:12 0385  SM5X           59   59   14            SM       1   3755.0
 40SSB 29-Oct-23 22:14 0386  YP0C           59   59   20            YO       1   7051.5
 40SSB 29-Oct-23 22:16 0387  YP8T           59   59   20                     1   7065.2
 40SSB 29-Oct-23 22:21 0388  OM2VL          59   59   15                     1   7147.7
 40SSB 29-Oct-23 22:22 0389  CR6K           59   59   14            CT       1   7187.7
 80SSB 29-Oct-23 22:24 0390  OL9R           59   59   15                     1   3782.5
 80SSB 29-Oct-23 22:26 0391  TM3P           59   59   14                     1   3785.0
 80SSB 29-Oct-23 22:27 0392  4L5O           59   59   21            4L   21  3   3794.0
 80SSB 29-Oct-23 22:28 0393  F6EZV          59   59   14                     1   3695.9
 80SSB 29-Oct-23 22:31 0394  S58Y           59   59   15                     1   3672.2
 80SSB 29-Oct-23 22:32 0395  F4AIF          59   59   14                     1   3669.5
 80SSB 29-Oct-23 22:32 0396  9A5Y           59   59   15                     1   3665.5
 80SSB 29-Oct-23 22:34 0397  MW0LKX         59   59   14                     1   3653.0
 80SSB 29-Oct-23 22:35 0398  HG7T           59   59   15                     1   3650.1
160SSB 29-Oct-23 22:37 0399  EI5GUB         59   59   14            EI       1   1878.0
160SSB 29-Oct-23 22:38 0400  HG6N           59   59   15            HA       1   1876.6
160SSB 29-Oct-23 22:39 0401  GM2T           59   59   14            GM       1   1858.1
160SSB 29-Oct-23 22:40 0402  GW2X           59   59   14            GW       1   1835.0
