 40CW  31-Jul-23 16:32 0001  DJ4MX          599  599  007           DL       2   7028.4
 40CW  31-Jul-23 16:33 0002  DK3GI          599  599  004                    2   7028.4
 40CW  31-Jul-23 16:34 0003  SN1T           599  599  010           SP       3   7028.4
 40CW  31-Jul-23 16:34 0004  SP3MEP         599  599  010                    3   7028.4
 40CW  31-Jul-23 16:35 0005  OK5FF          599  599  010           OK       3   7028.4
 40CW  31-Jul-23 16:35 0006  DJ3HW          599  599  005                    2   7028.4
 40CW  31-Jul-23 16:36 0007  DL4ME          599  599  015                    2   7028.4
 40CW  31-Jul-23 16:36 0008  DF4ZL          599  599  013                    2   7028.4
 40CW  31-Jul-23 16:36 0009  OK2NO          599  599  016                    3   7028.4
 40CW  31-Jul-23 16:37 0010  DJ9SN          599  599  009                    2   7028.4
 40CW  31-Jul-23 16:38 0011  HB9STF         599  599  010           HB       3   7028.4
 40CW  31-Jul-23 16:39 0012  PA2A           599  599  018           PA       3   7028.4
 40CW  31-Jul-23 16:39 0013  OK1TRJ         599  599  015                    3   7028.4
 40CW  31-Jul-23 16:40 0014  F6JOE          599  599  009           F        3   7028.4
 40CW  31-Jul-23 16:40 0015  OK1FMX         599  599  017                    3   7028.4
 40CW  31-Jul-23 16:42 0016  SP8BXL         599  599  018                    3   7028.4
 40CW  31-Jul-23 16:43 0017  OK2NAJ         599  599  019                    3   7028.4
 40CW  31-Jul-23 16:43 0018  SE6K           599  599  014           SM       3   7028.4
 40CW  31-Jul-23 16:43 0019  DL8HK          599  599  018                    2   7028.4
 40CW  31-Jul-23 16:44 0020  DF7IH          599  599  010                    2   7028.4
 40CW  31-Jul-23 16:44 0021  HA5MA          599  599  024           HA       3   7028.4
 40CW  31-Jul-23 16:45 0022  DL6WT          599  599  024                    2   7028.4
 40CW  31-Jul-23 16:46 0023  SO90LOT        599  599  025                    3   7028.4
 40CW  31-Jul-23 16:46 0024  YL3FW          599  599  022           YL       3   7028.4
 40CW  31-Jul-23 16:47 0025  HA5BA          599  599  028                    3   7028.4
 40CW  31-Jul-23 16:48 0026  DA3T           599  599  029                    2   7028.4
 40CW  31-Jul-23 16:48 0027  DF4PD          599  599  020                    2   7028.4
 40CW  31-Jul-23 16:49 0028  DJ3WE          599  599  034                    2   7028.4
 40CW  31-Jul-23 16:49 0029  DL8QS          599  599  030                    2   7028.4
 40CW  31-Jul-23 16:51 0030  OK2SFP         599  599  018                    3   7028.4
 40CW  31-Jul-23 16:51 0031  DK5PD          599  599  004                    2   7028.4
 40CW  31-Jul-23 16:52 0032  OK1TRJ         599  599  013                    0   7028.4
 40CW  31-Jul-23 16:53 0033  SP3CW          599  599  028                    3   7038.9
 40CW  31-Jul-23 16:54 0034  SM5ACQ         599  599  032                    3   7038.2
 40CW  31-Jul-23 16:56 0035  LY4K           599  599  039           LY       3   7037.3
 40CW  31-Jul-23 16:56 0036  OK2BFN         599  599  046                    3   7036.8
 40CW  31-Jul-23 16:57 0037  DL1NKS         599  599  055                    2   7036.0
 40CW  31-Jul-23 16:57 0038  SD6M           599  599  042                    3   7035.2
 40CW  31-Jul-23 16:58 0039  OK1TN          599  599  047                    3   7034.7
 40CW  31-Jul-23 16:59 0040  E77EA          599  599  063           E7       3   7034.4
 40CW  31-Jul-23 17:00 0041  DJ9KH          599  599  058                    2   7033.9
 40CW  31-Jul-23 17:00 0042  DD5M           599  599  063                    2   7033.4
 40CW  31-Jul-23 17:01 0043  OK1FHI         599  599  052                    3   7032.8
 40CW  31-Jul-23 17:01 0044  SN5N           599  599  070                    3   7031.0
 40CW  31-Jul-23 17:02 0045  OK1JRU         599  599  038                    3   7030.7
 40CW  31-Jul-23 17:03 0046  SM5IMO         599  599  051                    3   7029.5
 40CW  31-Jul-23 17:03 0047  SE0B           599  599  062                    3   7028.6
 40CW  31-Jul-23 17:04 0048  DJ8EW          599  599  056                    2   7028.4
 40CW  31-Jul-23 17:05 0049  OL30RRC        599  599  065                    3   7028.1
 40CW  31-Jul-23 17:06 0050  SM5GRD         599  599  036                    3   7027.3
 40CW  31-Jul-23 17:06 0051  DL5YM          599  599  069                    2   7027.0
 40CW  31-Jul-23 17:07 0052  SP4TKR         599  599  077                    3   7026.7
 40CW  31-Jul-23 17:08 0053  OK1RZ          599  599  076                    3   7026.1
 40CW  31-Jul-23 17:09 0054  OK1DOR         599  599  073                    3   7025.2
 40CW  31-Jul-23 17:10 0055  IN3FHE         599  599  044           I        3   7024.7
 40CW  31-Jul-23 17:11 0056  EA3X           599  599  024           EA       3   7023.5
 40CW  31-Jul-23 17:12 0057  OM3FW          599  599  060           OM       3   7023.0
 40CW  31-Jul-23 17:13 0058  DL4YR          599  599  046                    2   7022.4
 40CW  31-Jul-23 17:13 0059  PA3ARM         599  599  058                    3   7021.6
 40CW  31-Jul-23 17:16 0060  SM5DXR         599  599  032                    3   7026.3
 40CW  31-Jul-23 17:16 0061  HA1YA          599  599  095                    3   7026.3
 40CW  31-Jul-23 17:17 0062  HG1G           599  599  083                    3   7026.3
 40CW  31-Jul-23 17:17 0063  DM5I           599  599  104                    2   7026.3
 40CW  31-Jul-23 17:18 0064  DG8HJ          599  599  022                    2   7026.3
 40CW  31-Jul-23 17:18 0065  SP4JFR         599  599  071                    3   7026.3
 40CW  31-Jul-23 17:19 0066  PA3EWG         599  599  029                    3   7026.3
 40CW  31-Jul-23 17:20 0067  DL8TG          599  599  029                    2   7026.3
 40CW  31-Jul-23 17:21 0068  OK5OO          599  599  088                    3   7026.3
 40CW  31-Jul-23 17:21 0069  PA3AAV         599  599  099                    3   7026.3
 40CW  31-Jul-23 17:21 0070  OM5CM          599  599  076                    3   7026.3
 40CW  31-Jul-23 17:22 0071  HA6NL          599  599  101                    3   7026.3
 40CW  31-Jul-23 17:23 0072  OK1TD          599  599  057                    3   7026.3
 40CW  31-Jul-23 17:23 0073  OK7NV          599  599  080                    3   7026.3
 40CW  31-Jul-23 17:24 0073  SM5JVF         599  599  034                    3   7026.3
 40CW  31-Jul-23 17:27 0075  OG6B           599  599  059           OH       3   7026.3
 40CW  31-Jul-23 17:27 0076  S52W           599  599  095           S5       3   7026.3
 40CW  31-Jul-23 17:28 0077  DL4FDM         599  599  009                    2   7026.3
 40CW  31-Jul-23 17:28 0078  DL7YS          599  599  014                    2   7026.3
 40CW  31-Jul-23 17:29 0079  DJ3TF          599  599  045                    2   7026.3
 40CW  31-Jul-23 17:29 0080  DL9UP          599  599  013                    2   7026.3
