 40CW  11-Dec-23 16:46 0001  SP7N           599  599  013           N        1   7031.0
 40CW  11-Dec-23 16:47 0002  SD1A           599  599  026           A        1   7031.4
 40CW  11-Dec-23 16:47 0003  SE0B           599  599  023           B        1   7031.8
 40CW  11-Dec-23 16:48 0004  OK1RKS         599  599  012           S        1   7035.0
 40CW  11-Dec-23 16:50 0005  YL2TD          599  599  040           D        1   7029.0
 40CW  11-Dec-23 16:50 0006  HA5MA          599  599  028                    1   7029.0
 40CW  11-Dec-23 16:51 0007  DK2VX          599  599  014           X        1   7029.0
 40CW  11-Dec-23 16:51 0008  SP8BXL         599  599  016           L        1   7029.0
 40CW  11-Dec-23 16:52 0009  OM5RM          599  599  028           M        1   7029.0
 40CW  11-Dec-23 16:53 0010  E77EA          599  599  039                    1   7029.0
 40CW  11-Dec-23 16:54 0011  S52W           599  599  033           W        1   7029.0
 40CW  11-Dec-23 16:54 0012  HA5BA          599  599  020                    1   7029.0
 40CW  11-Dec-23 16:55 0013  HA1YI          599  599  025           I        1   7029.0
 40CW  11-Dec-23 16:57 0014  EA3X           599  599  061                    1   7028.5
 40CW  11-Dec-23 16:58 0015  OM5TZ          599  599  027           Z        1   7028.2
 40CW  11-Dec-23 16:59 0016  HA5OV          599  599  048           V        1   7030.2
 80CW  11-Dec-23 17:02 0017  DJ3WE          599  599  030           E        1   3529.8
 80CW  11-Dec-23 17:04 0018  DJ8VH          599  599  059           H        1   3538.0
 80CW  11-Dec-23 17:07 0019  DL1NKS         599  599  055           S        1   3530.8
 80CW  11-Dec-23 17:09 0020  OM5AA          599  599  017           A        1   3531.9
