 40CW  26-Nov-23 21:18 0001  9A5DX          599  599  15            9A   15  1   7023.0
 40CW  26-Nov-23 21:19 0002  9A1A           599  599  15                     1   7028.9
 20CW  26-Nov-23 21:21 0003  YT3X           599  599  15            YU   15  1  14033.1
 20CW  26-Nov-23 21:22 0004  ED5O           599  599  14            EA   14  1  14036.5
 20CW  26-Nov-23 21:22 0005  IR4M           599  599  15            I        1  14036.7
 20CW  26-Nov-23 21:25 0006  LZ9W           599  599  20            LZ   20  1  14047.5
 20CW  26-Nov-23 21:27 0007  NN7CW          599  599  05            K    05  3  14000.6
 20CW  26-Nov-23 21:28 0008  K5ZD           599  599  05                     3  14003.7
160CW  26-Nov-23 21:29 0009  OL9A           599  599  15            OK   15  1   1839.5
160CW  26-Nov-23 21:31 0010  M0X            599  599  14            G    14  1   1837.8
160CW  26-Nov-23 21:33 0011  OL5Y           599  599  15                     1   1835.2
160CW  26-Nov-23 21:35 0012  LY/ER1LW       599  599  15            LY       1   1834.6
160CW  26-Nov-23 21:35 0013  DP9A           599  599  14            DL       0   1832.9
160CW  26-Nov-23 21:36 0014  OM4Q           599  599  15            OM       1   1831.9
160CW  26-Nov-23 21:36 0015  M6T            599  599  14                     1   1831.6
160CW  26-Nov-23 21:37 0016  YL3FT          599  599  15            YL       1   1829.7
160CW  26-Nov-23 21:39 0017  3Z1K           599  599  15            SP       1   1828.5
160CW  26-Nov-23 21:41 0018  S57AW          599  599  15            S5       1   1824.0
160CW  26-Nov-23 21:47 0019  SE3P           599  599  14            SM       1   1821.8
160CW  26-Nov-23 21:48 0020  G6XX           599  599  14                     1   1820.2
160CW  26-Nov-23 21:48 0021  S56X           599  599  15                     1   1819.0
160CW  26-Nov-23 21:49 0022  9A1A           599  599  15            9A       1   1814.1
160CW  26-Nov-23 21:49 0023  S53O           599  599  15                     1   1813.4
160CW  26-Nov-23 21:50 0024  OH2PM          599  599  15            OH       1   1844.3
160CW  26-Nov-23 21:51 0025  SP6AEG         599  599  15                     1   1848.5
160CW  26-Nov-23 21:51 0026  II2S           599  599  15            I        1   1849.5
 80CW  26-Nov-23 21:54 0027  P3AA           599  599  20            5B   20  3   3501.5
 80CW  26-Nov-23 21:56 0028  YL2KO          599  599  15            YL   15  1   3502.3
 80CW  26-Nov-23 21:57 0029  LN8W           599  599  14            LA   14  1   3504.2
 80CW  26-Nov-23 21:58 0030  9A4BA          599  599  15            9A       1   3507.0
 80CW  26-Nov-23 21:59 0031  YL9W           599  599  15                     1   3507.6
 80CW  26-Nov-23 22:00 0032  OM7M           599  599  15            OM       1   3508.5
 80CW  26-Nov-23 22:01 0033  SK3W           599  599  14            SM       1   3509.4
 80CW  26-Nov-23 22:03 0034  OG1F           599  599  15            OH       1   3510.2
 80CW  26-Nov-23 22:03 0035  YT4T           599  599  15            YU       1   3510.7
 80CW  26-Nov-23 22:04 0036  UT5EL          599  599  16            UR   16  1   3512.6
 80CW  26-Nov-23 22:08 0037  IR4M           599  599  15            I        1   3517.3
 80CW  26-Nov-23 22:09 0038  EU2F           599  599  16            EU       1   3517.8
 80CW  26-Nov-23 22:10 0039  OE6V           599  599  15            OE       1   3518.1
 80CW  26-Nov-23 22:11 0040  SP2PIK         599  599  15            SP       1   3518.5
 80CW  26-Nov-23 22:12 0041  SM5CSS         599  599  14                     1   3520.1
 80CW  26-Nov-23 22:13 0042  S58M           599  599  15            S5       1   3520.4
 40CW  26-Nov-23 22:14 0043  9A3YT          599  599  15                     1   7027.3
 40CW  26-Nov-23 22:15 0044  EW5A           599  599  16            EU   16  1   7011.8
 40CW  26-Nov-23 22:17 0045  CR3A           599  599  33            CT3  33  3   7009.8
 40CW  26-Nov-23 22:18 0046  YL7X           599  599  15            YL       1   7009.6
 40CW  26-Nov-23 22:18 0047  9A7A           599  599  15                     1   7008.4
 40CW  26-Nov-23 22:19 0048  9A1P           599  599  15                     1   7006.8
 40CW  26-Nov-23 22:20 0049  P33W           599  599  20            5B   20  3   7042.7
 40CW  26-Nov-23 22:20 0050  SP4JCQ         599  599  15            SP       1   7049.7
