 10CW  18-Feb-23 16:22 0001  K2AX           599  599  NJ            K        5  28021.0
 10CW  18-Feb-23 16:23 0002  K2NV           599  599  NY                     5  28021.2
 10CW  18-Feb-23 16:24 0003  K9RS           599  599  DE                     5  28021.6
 10CW  18-Feb-23 16:25 0004  W4CB           599  599  VA                     5  28023.2
 10CW  18-Feb-23 16:26 0005  K0EJ           599  599  TN                     5  28024.2
 10CW  18-Feb-23 16:27 0006  N2MM           599  599  NJ                     5  28024.8
 10CW  18-Feb-23 16:28 0007  N3BB           599  599  TX                     5  28025.0
 10CW  18-Feb-23 16:30 0008  K3WW           599  599  PA                     5  28030.3
 10CW  18-Feb-23 16:31 0009  K0ZR           599  599  VA                     5  28031.0
 10CW  18-Feb-23 16:32 0010  K1RM           599  599  CT                     5  28031.2
 10CW  18-Feb-23 16:34 0011  W2FU           599  599  NY                     5  28034.2
 10CW  18-Feb-23 16:35 0012  VE3JM          599  599  ON            VE       5  28035.1
 10CW  18-Feb-23 16:37 0013  WW5W           599  599  TX                     5  28035.7
 10CW  18-Feb-23 16:40 0014  N6RV           599  599  CA                     5  28037.5
 10CW  18-Feb-23 16:47 0015  W9VW           599  599  IN                     5  28043.0
 10CW  18-Feb-23 16:52 0016  N4KS           599  599  FL                     5  28044.0
 10CW  18-Feb-23 17:03 0017  N9RV           599  599  MT                     5  28000.7
 10CW  18-Feb-23 17:07 0018  W2AA           599  599  NY                     5  28001.5
 10CW  18-Feb-23 17:09 0019  VA2WA          599  599  QC                     5  28001.8
 10CW  18-Feb-23 17:10 0020  K5GN           599  599  TX                     5  28003.1
 10CW  18-Feb-23 17:12 0021  VE5MX          599  599  SK                     5  28004.1
 10CW  18-Feb-23 17:15 0022  K9BGL          599  599  IL                     5  28004.4
 10CW  18-Feb-23 17:16 0023  K1KI           599  599  CT                     5  28005.4
 10CW  18-Feb-23 17:17 0024  VE3YAA         599  599  ON                     5  28005.5
 10CW  18-Feb-23 17:21 0025  N2YO           599  599  VA                     5  28008.6
 10CW  18-Feb-23 17:23 0026  N7DX           599  599  WA                     5  28011.7
 10CW  18-Feb-23 17:26 0027  W3LPL          599  599  MD                     5  28014.9
 10CW  18-Feb-23 17:27 0028  AB3CX          599  599  NY                     5  28016.8
 10CW  18-Feb-23 17:28 0029  K3LR           599  599  PA                     5  28017.0
 10CW  18-Feb-23 17:29 0030  K1LZ           599  599  ME                     5  28019.2
 10CW  18-Feb-23 17:31 0031  N3RS           599  599  PA                     5  28023.3
 10CW  18-Feb-23 17:35 0032  K1RX           599  599  NH                     5  28024.0
 10CW  18-Feb-23 17:35 0033  W4NZ           599  599  TN                     5  28024.7
 10CW  18-Feb-23 17:45 0034  K8LX           599  599  MI                     5  28025.1
 10CW  18-Feb-23 17:54 0035  K8PK           599  599  OH                     5  28030.8
 10CW  18-Feb-23 18:10 0036  VE7NY          599  599  BC                     5  28051.1
 10CW  18-Feb-23 18:18 0037  W0PR           599  599  MN                     5  28037.7
 10CW  18-Feb-23 18:21 0038  K0MD           599  599  MN                     5  28044.5
 15CW  18-Feb-23 18:28 0039  K1LZ           599  599  ME            K        5  21000.3
 15CW  18-Feb-23 18:29 0040  KM3T           599  599  NH                     5  21000.7
 15CW  18-Feb-23 18:32 0041  K5ZD           599  599  MA                     5  21001.8
 15CW  18-Feb-23 18:33 0042  K1RX           599  599  NH                     5  21002.2
 15CW  18-Feb-23 18:33 0043  WO1N           599  599  MA                     5  21002.5
 15CW  18-Feb-23 18:35 0044  K2SSS          599  599  NY                     5  21002.8
 15CW  18-Feb-23 18:36 0045  K3LR           599  599  PA                     5  21003.2
 15CW  18-Feb-23 18:38 0046  W0EWD          599  599  IA                     5  21004.3
 15CW  18-Feb-23 18:43 0047  W4CB           599  599  VA                     5  21005.1
 15CW  18-Feb-23 18:46 0048  K0EJ           599  599  TN                     5  21006.2
 15CW  18-Feb-23 18:48 0049  KQ2F           599  599  NY                     5  21006.5
 15CW  18-Feb-23 18:51 0050  W4NF           599  599  VA                     5  21008.5
 40CW  18-Feb-23 23:01 0051  W1RCR          599  599  FL            K        5   7054.7
 40CW  18-Feb-23 23:03 0052  K9RS           599  599  DE                     5   7049.0
 40CW  18-Feb-23 23:04 0053  NA8V           599  599  MI                     5   7063.7
 40CW  18-Feb-23 23:05 0054  N2AA           599  599  NJ                     5   7046.0
 40CW  18-Feb-23 23:08 0055  K3WU           599  599  PA                     5   7043.6
 40CW  18-Feb-23 23:14 0056  VE3VN          599  599  ON            VE       5   7031.7
 40CW  18-Feb-23 23:15 0057  N3RD           599  599  PA                     5   7030.7
 40CW  18-Feb-23 23:17 0058  N3RS           599  599  PA                     5   7023.1
 40CW  18-Feb-23 23:18 0059  VE3JM          599  599  ON                     5   7022.6
 40CW  18-Feb-23 23:21 0060  VE3AT          599  599  ON                     5   7020.1
 40CW  18-Feb-23 23:23 0061  K3LR           599  599  PA                     5   7017.4
 40CW  18-Feb-23 23:24 0062  N2MF           599  599  NY                     5   7016.9
 20CW  19-Feb-23 10:27 0063  K1LZ           599  599  ME            K        5  14001.0
 20CW  19-Feb-23 10:29 0064  K1TTT          599  599  MA                     5  14014.9
 20CW  19-Feb-23 11:02 0065  N3RS           599  599  PA                     5  14021.8
 20CW  19-Feb-23 11:05 0066  K9RS           599  599  DE                     5  14015.8
 20CW  19-Feb-23 11:07 0067  VE3JM          599  599  ON            VE       5  14018.3
 20CW  19-Feb-23 11:21 0068  KQ3F           599  599  PA                     5  14029.5
 20CW  19-Feb-23 11:22 0069  N3FJP          599  599  MD                     5  14030.5
 10CW  19-Feb-23 11:28 0070  K1JB           599  599  ME                     5  28011.3
 10CW  19-Feb-23 11:29 0071  WA1Z           599  599  NH                     5  28000.5
 15CW  19-Feb-23 11:30 0072  N2AA           599  599  NJ                     5  21030.2
 15CW  19-Feb-23 11:41 0073  VE3JM          599  599  ON            VE       5  21035.7
 15CW  19-Feb-23 11:42 0074  W3LPL          599  599  MD                     5  21036.0
 15CW  19-Feb-23 11:45 0075  K2LE           599  599  VT                     5  21018.4
 15CW  19-Feb-23 12:00 0076  VA2WA          599  599  QC                     5  21016.6
 15CW  19-Feb-23 15:31 0077  AA3B           599  599  PA                     5  21045.2
 15CW  19-Feb-23 16:37 0078  N4RV           599  599  VA                     5  21011.2
 15CW  19-Feb-23 16:38 0079  W9VW           599  599  IN                     5  21010.7
 15CW  19-Feb-23 16:40 0080  WA8Y           599  599  MI                     5  21009.5
 15CW  19-Feb-23 16:48 0081  WX0B           599  599  TX                     5  21020.3
 15CW  19-Feb-23 16:49 0082  N4WW           599  599  FL                     5  21014.0
 10CW  19-Feb-23 16:51 0083  K1ZZ           599  599  CT                     5  28014.3
 10CW  19-Feb-23 16:57 0084  VE3NZ          599  599  ON                     5  28018.9
 10CW  19-Feb-23 17:05 0085  W7RN           599  599  NV                     5  28041.7
 10CW  19-Feb-23 17:05 0086  N3RD           599  599  PA                     5  28041.3
 10CW  19-Feb-23 17:06 0087  AA3B           599  599  PA                     5  28043.0
 10CW  19-Feb-23 17:07 0088  KQ3F           599  599  PA                     5  28027.4
 10CW  19-Feb-23 17:08 0089  VE3KP          599  599  ON                     5  28026.0
 10CW  19-Feb-23 17:11 0090  W3FV           599  599  PA                     5  28027.0
 10CW  19-Feb-23 17:15 0091  K6MMM          599  599  CA                     5  28006.1
 20CW  19-Feb-23 17:19 0092  K1RX           599  599  NH                     5  14029.5
 40CW  19-Feb-23 23:09 0093  N6AR           599  599  FL                     5   7014.9
 40CW  19-Feb-23 23:10 0094  N4AF           599  599  NC                     5   7016.0
 40CW  19-Feb-23 23:12 0095  N4RV           599  599  VA                     5   7017.6
 40CW  19-Feb-23 23:13 0096  K1LZ           599  599  ME                     5   7021.7
 40CW  19-Feb-23 23:19 0097  K1ZZ           599  599  CT                     5   7032.7
 40CW  19-Feb-23 23:21 0098  K1TTT          599  599  MA                     5   7035.5
 40CW  19-Feb-23 23:22 0099  W4NF           599  599  VA                     5   7037.1
 40CW  19-Feb-23 23:25 0100  VE3EJ          599  599  ON                     5   7008.7
