 15CW  17-Jun-23 08:10 0001  P3X            599  599  49            5B       5  21009.9
 15CW  17-Jun-23 08:20 0002  RC9A           599  599  55            UA9      5  21020.0
 20CW  17-Jun-23 13:46 0003  RC9J           599  599  53            UA9      5  14023.8
 20CW  17-Jun-23 13:48 0004  RL9L           599  599  60                     5  14020.4
 15CW  17-Jun-23 13:52 0005  RA0AM          599  599  68                     5  21015.9
 15CW  17-Jun-23 15:05 0006  UN9L           599  599  58            UN       5  21035.5
 15CW  17-Jun-23 15:30 0007  UP7L           599  599  63                     5  21019.5
 15CW  17-Jun-23 16:22 0008  UN9LW          599  599  62                     5  21009.6
 15CW  17-Jun-23 16:23 0009  RV9UP          599  599  60                     5  21007.0
 20CW  17-Jun-23 16:34 0010  RA9AP          599  599  68                     5  14019.0
 20CW  17-Jun-23 18:29 0011  JJ2YRE         599  599  67            JA       5  14001.6
 20CW  17-Jun-23 18:30 0012  JE6RPM         599  599  57                     5  14003.1
 20CW  17-Jun-23 18:31 0013  JH4UYB         599  599  58                     5  14012.0
 20CW  17-Jun-23 18:33 0014  JA0FVU         599  599  67                     5  14021.5
 20CW  17-Jun-23 18:36 0015  JA1BJI         599  599  59                     5  14000.8
 20CW  17-Jun-23 18:38 0016  JH3AIU         599  599  66                     5  14003.9
 20CW  17-Jun-23 18:41 0017  A71WW          599  599  48            A7       5  14045.0
 20CW  17-Jun-23 18:44 0018  4L/DL2JRM      599  599  54            4L       5  14033.0
 20CW  17-Jun-23 18:45 0019  JN2AMD         599  599  65                     5  14031.9
 15CW  17-Jun-23 18:52 0020  VR2XAN         599  599  54            VR       5  21031.9
 20CW  17-Jun-23 19:24 0021  JE2YRB         599  599  70                     5  14006.0
 20CW  17-Jun-23 19:57 0022  JA3YBK         599  599  58                     5  14037.3
 15CW  18-Jun-23 16:43 0023  JE6RPM         599  599  57            JA       5  21006.3
 20CW  18-Jun-23 16:56 0024  P3X            599  599  49            5B       5  14020.0
 20CW  18-Jun-23 16:59 0025  UA9MA          599  599  68                     5  14027.5
 20CW  18-Jun-23 17:00 0026  RM0A           599  599  58                     5  14035.3
 20CW  18-Jun-23 17:08 0027  UA9CHL         599  599  61                     5  14050.0
 15CW  18-Jun-23 17:37 0028  E29TGW         599  599  33            HS       5  21012.6
 20CW  18-Jun-23 18:02 0029  R8WO           599  599  71                     5  14037.8
 20CW  18-Jun-23 18:03 0030  TA3D           599  599  53            TA       5  14021.0
 20CW  18-Jun-23 18:04 0031  RM9RZ          599  599  54                     5  14017.0
 20CW  18-Jun-23 18:05 0032  R9CX           599  599  56                     5  14014.9
 20CW  18-Jun-23 18:06 0033  BY4DX          599  599  42            BY       5  14012.0
 20CW  18-Jun-23 18:09 0034  JR4OZR         599  599  71                     5  14007.5
 20CW  18-Jun-23 18:21 0035  E29TGW         599  599  33            HS       5  14004.2
 20CW  18-Jun-23 18:29 0036  RW0AJ          599  599  65                     5  14021.2
 20CW  18-Jun-23 19:01 0037  4X1ST          599  599  59            4X       5  14013.5
 20CW  18-Jun-23 19:30 0038  BD1IIJ         599  599  41                     5  14003.5
 20CW  18-Jun-23 19:31 0039  R8TT           599  599  59                     5  14020.0
 20CW  18-Jun-23 19:43 0040  5B4AOF         599  599  01                     5  14044.2
 20CW  18-Jun-23 19:45 0041  JA3HBF         599  599  74                     5  14046.1
 15CW  18-Jun-23 19:47 0042  9V1YC          599  599  57            9V       5  21011.2
 20CW  18-Jun-23 19:57 0043  JA0FVA         599  599  67                     5  14022.2
 20CW  18-Jun-23 20:30 0044  VR2XAN         599  599  54            VR       5  14029.6
 20CW  18-Jun-23 20:53 0045  BI4SSB         599  599  40                     5  14023.4
 20CW  18-Jun-23 20:59 0046  JG6YLY         599  599  66                     5  14030.4
