 40CW  11-Sep-23 16:31 0001  DJ9KH          599  599  003           DL       2   7031.5
 40CW  11-Sep-23 16:31 0002  SP4TKR         599  599  003           SP       3   7030.9
 40CW  11-Sep-23 16:33 0003  OK1JRU         599  599  004           OK       3   7030.1
 40CW  11-Sep-23 16:34 0004  OM3FW          599  599  006           OM       3   7029.9
 40CW  11-Sep-23 16:37 0005  SP2XX          599  599  010                    3   7028.9
 40CW  11-Sep-23 16:37 0006  DL1RTL         599  599  012                    2   7028.9
 40CW  11-Sep-23 16:39 0007  OK1WSL         599  599  011                    3   7036.4
 40CW  11-Sep-23 16:39 0008  DL4ME          599  599  017                    2   7036.4
 40CW  11-Sep-23 16:40 0009  OM5RM          599  599  021                    3   7036.4
 40CW  11-Sep-23 16:40 0010  DF7YE          599  599  015                    2   7036.4
 40CW  11-Sep-23 16:41 0011  OH8CZF         599  599  013           OH       3   7036.4
 40CW  11-Sep-23 16:42 0012  DL8QH          599  599  001                    2   7036.4
 40CW  11-Sep-23 16:43 0013  OM5CM          599  599  023                    3   7036.4
 40CW  11-Sep-23 16:43 0014  YL3JD          599  599  019           YL       3   7036.4
 40CW  11-Sep-23 16:44 0015  OK1DOR         599  599  017                    3   7036.4
 40CW  11-Sep-23 16:44 0016  DF4ZL          599  599  022                    2   7036.4
 40CW  11-Sep-23 16:44 0017  SE5T           599  599  019           SM       3   7036.4
 40CW  11-Sep-23 16:45 0018  OK5M           599  599  031                    3   7036.4
 40CW  11-Sep-23 16:45 0019  OK1TN          599  599  035                    3   7036.4
 40CW  11-Sep-23 16:46 0020  DA0RR          599  599  040                    2   7036.4
 40CW  11-Sep-23 16:46 0021  OK1TRJ         599  599  025                    3   7036.4
 40CW  11-Sep-23 16:46 0022  SP7N           599  599  030                    3   7036.4
 40CW  11-Sep-23 16:47 0023  OK2PYA         599  599  041                    3   7036.4
 40CW  11-Sep-23 16:48 0024  G4LJU          599  599  011           G        3   7036.4
 40CW  11-Sep-23 16:48 0025  HA6NL          599  599  043           HA       3   7036.4
 40CW  11-Sep-23 16:48 0026  S51J           599  599  030           S5       3   7036.4
 40CW  11-Sep-23 16:49 0027  DL8MAS         599  599  032                    2   7036.4
 40CW  11-Sep-23 16:50 0028  YU7TBA         599  599  016           YU       3   7036.4
 40CW  11-Sep-23 16:50 0029  DL5XJ          599  599  024                    2   7036.4
 40CW  11-Sep-23 16:51 0030  DM6EE          599  599  025                    2   7036.4
 40CW  11-Sep-23 16:52 0031  OK1DZD         599  599  007                    3   7036.4
 40CW  11-Sep-23 16:53 0032  HG5E           599  599  057                    3   7036.4
 40CW  11-Sep-23 16:54 0033  SN5N           599  599  055                    3   7036.4
 40CW  11-Sep-23 16:54 0034  OK1USP         599  599  030                    3   7036.4
 40CW  11-Sep-23 16:55 0035  OM5JA          599  599  027                    3   7036.4
 40CW  11-Sep-23 16:55 0036  IN3FHE         599  599  025           I        3   7036.4
 40CW  11-Sep-23 16:56 0037  DA0BCC         599  599  056                    2   7036.2
 40CW  11-Sep-23 16:56 0038  DL1NKS         599  599  053                    2   7035.9
 40CW  11-Sep-23 16:57 0039  OK1DEP         599  599  027                    3   7035.4
 40CW  11-Sep-23 16:57 0040  OK1FMJ         599  599  015                    3   7035.0
 40CW  11-Sep-23 16:58 0041  OK2CQR         599  599  050                    3   7034.1
 40CW  11-Sep-23 16:59 0042  SM0OEK         599  599  047                    3   7034.5
 40CW  11-Sep-23 16:59 0043  DD5M           599  599  063                    2   7033.6
 40CW  11-Sep-23 17:00 0044  OK1FHI         599  599  056                    3   7033.0
 40CW  11-Sep-23 17:01 0045  SM5ACQ         599  599  050                    3   7032.5
 40CW  11-Sep-23 17:01 0046  OK1AMX         599  599  038                    3   7032.2
 40CW  11-Sep-23 17:02 0047  DL4YR          599  599  023                    2   7030.3
 40CW  11-Sep-23 17:03 0048  SM5DXR         599  599  033                    3   7030.1
 40CW  11-Sep-23 17:03 0049  OK2NO          599  599  063                    3   7028.7
 40CW  11-Sep-23 17:04 0050  DJ0SP          599  599  063                    2   7028.4
 40CW  11-Sep-23 17:05 0051  PA3DBH         599  599  037           PA       3   7027.6
 40CW  11-Sep-23 17:06 0052  DL5YM          599  599  069                    2   7027.0
 40CW  11-Sep-23 17:07 0053  E77EA          599  599  091           E7       3   7026.6
 40CW  11-Sep-23 17:07 0054  OK2EA          599  599  068                    3   7025.9
 40CW  11-Sep-23 17:08 0055  OM5TZ          599  599  064                    3   7025.6
 40CW  11-Sep-23 17:09 0056  HB9BXE         599  599  072           HB       3   7024.5
 40CW  11-Sep-23 17:09 0057  SP2R           599  599  044                    3   7023.6
 40CW  11-Sep-23 17:10 0058  RX3Q           599  599  045           UA       3   7023.0
 40CW  11-Sep-23 17:12 0059  SM6TOL         599  599  062                    3   7022.4
 40CW  11-Sep-23 17:12 0060  PA3ARM         599  599  063                    3   7021.9
 40CW  11-Sep-23 17:16 0061  YU1XO          599  599  053                    3   7019.4
 40CW  11-Sep-23 17:16 0062  OM5AA          599  599  075                    3   7017.8
 40CW  11-Sep-23 17:17 0063  OZ7BQ          599  599  063           OZ       3   7016.8
 40CW  11-Sep-23 17:17 0064  OK5TFC         599  599  075                    3   7016.5
 40CW  11-Sep-23 17:18 0065  OK1TD          599  599  062                    3   7023.7
 40CW  11-Sep-23 17:19 0066  HA1YA          599  599  080                    3   7023.7
 40CW  11-Sep-23 17:19 0067  PA3AAV         599  599  116                    3   7023.7
 40CW  11-Sep-23 17:19 0068  HA5NR          599  599  028                    3   7023.7
 40CW  11-Sep-23 17:20 0069  OK1RZ          599  599  097                    3   7023.7
 40CW  11-Sep-23 17:20 0070  S52W           599  599  100                    3   7023.7
 40CW  11-Sep-23 17:21 0071  SC6O           599  599  064                    3   7023.7
 40CW  11-Sep-23 17:21 0072  M4N            599  599  056                    3   7023.7
 40CW  11-Sep-23 17:22 0073  OK2BFN         599  599  091                    3   7023.7
 40CW  11-Sep-23 17:22 0074  SP8BXL         599  599  053                    3   7023.7
 40CW  11-Sep-23 17:22 0075  OM4AY          599  599  047                    3   7023.7
 40CW  11-Sep-23 17:23 0076  HB9CMW         599  599  026                    3   7023.7
 40CW  11-Sep-23 17:23 0077  G3WPH          599  599  051                    3   7023.7
 40CW  11-Sep-23 17:24 0078  DL4MD          599  599  014                    2   7023.7
 40CW  11-Sep-23 17:24 0079  PC4H           599  599  077                    3   7023.7
 40CW  11-Sep-23 17:25 0080  SN6F           599  599  107                    3   7023.7
 40CW  11-Sep-23 17:25 0081  DL8IH          599  599  023                    2   7023.7
 40CW  11-Sep-23 17:26 0082  OK5FF          599  599  089                    3   7023.7
 40CW  11-Sep-23 17:27 0083  PA2A           599  599  095                    3   7023.7
 40CW  11-Sep-23 17:27 0084  OK2VX          599  599  042                    3   7023.7
 40CW  11-Sep-23 17:29 0085  DL6CQ          599  599  042                    2   7023.7
 40CW  11-Sep-23 17:29 0086  DF4PD          599  599  068                    2   7023.7
