 40CW  23-Oct-23 16:54 0001  DL1NKS         599  599  054           DL       2   7034.0
 40CW  23-Oct-23 16:55 0002  OK1DEP         599  599  042           OK       3   7033.6
 40CW  23-Oct-23 16:55 0003  OK1DOR         599  599  036                    3   7032.9
 40CW  23-Oct-23 16:57 0004  OK2CQR         599  599  059                    3   7031.6
 40CW  23-Oct-23 16:57 0005  DF4ZL          599  599  046                    2   7031.0
 40CW  23-Oct-23 16:58 0006  SM5ACQ         599  599  046           SM       3   7029.9
 40CW  23-Oct-23 16:59 0007  EA3X           599  599  049           EA       3   7029.5
 40CW  23-Oct-23 16:59 0008  OK2PYA         599  599  051                    3   7028.6
 40CW  23-Oct-23 17:00 0009  SM5IMO         599  599  061                    3   7028.3
 40CW  23-Oct-23 17:01 0010  DJ4WT          599  599  049                    2   7027.9
 40CW  23-Oct-23 17:01 0011  SE5T           599  599  040                    3   7027.7
 40CW  23-Oct-23 17:02 0012  HA5MA          599  599  062           HA       3   7027.4
 40CW  23-Oct-23 17:03 0013  SN5N           599  599  073           SP       3   7027.0
 40CW  23-Oct-23 17:03 0014  SP4TKR         599  599  052                    3   7026.8
 40CW  23-Oct-23 17:05 0015  DL4YR          599  599  029                    2   7026.5
 40CW  23-Oct-23 17:06 0016  OM5AA          599  599  050           OM       3   7026.1
 40CW  23-Oct-23 17:06 0017  SP2XX          599  599  059                    3   7025.8
 40CW  23-Oct-23 17:07 0018  OM3CPF         599  599  072                    3   7025.4
 40CW  23-Oct-23 17:08 0019  OK1FGD         599  599  065                    3   7025.0
 40CW  23-Oct-23 17:08 0020  DL5YM          599  599  070                    2   7024.7
 40CW  23-Oct-23 17:10 0021  SP3MEP         599  599  074                    3   7022.7
 40CW  23-Oct-23 17:11 0022  SP8IOV         599  599  065                    3   7022.1
 40CW  23-Oct-23 17:12 0023  SC6O           599  599  067                    3   7021.6
 40CW  23-Oct-23 17:13 0024  OK1RKS         599  599  066                    3   7020.9
 40CW  23-Oct-23 17:13 0025  F6JOE          599  599  045           F        3   7036.5
 40CW  23-Oct-23 17:14 0026  OK1AMX         599  599  056                    3   7036.1
 40CW  23-Oct-23 17:14 0027  HA6NL          599  599  092                    3   7035.1
 40CW  23-Oct-23 17:15 0028  OK2QA          599  599  082                    3   7034.6
 40CW  23-Oct-23 17:16 0029  OK1OFM         599  599  080                    3   7032.9
 40CW  23-Oct-23 17:16 0030  OK2NO          599  599  095                    3   7031.2
 40CW  23-Oct-23 17:17 0031  RX3QNE         599  599  048           UA       3   7030.0
 40CW  23-Oct-23 17:17 0032  SD6F           599  599  067                    3   7029.1
 40CW  23-Oct-23 17:18 0033  RX3Q           599  599  065                    3   7028.5
 40CW  23-Oct-23 17:18 0034  OK1GSB         599  599  067                    3   7027.4
 40CW  23-Oct-23 17:19 0035  OK2VX          599  599  053                    3   7027.0
 40CW  23-Oct-23 17:20 0036  SQ6JNX         599  599  064                    3   7025.3
 40CW  23-Oct-23 17:20 0037  OK5TFC         599  599  080                    3   7024.4
 40CW  23-Oct-23 17:21 0038  YL3JD          599  599  057           YL       3   7022.7
 40CW  23-Oct-23 17:22 0039  OM3TBG         599  599  058                    3   7021.1
 40CW  23-Oct-23 17:22 0040  OH5ZA          599  599  067           OH       3   7019.9
 40CW  23-Oct-23 17:23 0041  Z32TO          599  599  033           Z3       3   7019.5
 40CW  23-Oct-23 17:23 0042  HB9BXE         599  599  092           HB       3   7019.2
 40CW  23-Oct-23 17:25 0043  OK1ITK         599  599  045                    3   7031.8
 40CW  23-Oct-23 17:25 0044  DL4ME          599  599  105                    2   7031.8
 40CW  23-Oct-23 17:25 0045  SP8BXL         599  599  063                    3   7031.8
 40CW  23-Oct-23 17:26 0046  ON4EM          599  599  078           ON       3   7031.8
 40CW  23-Oct-23 17:26 0047  DF4PD          599  599  068                    2   7031.8
 40CW  23-Oct-23 17:27 0048  YL3FW          599  599  072                    3   7031.8
 40CW  23-Oct-23 17:27 0049  DL8IH          599  599  031                    2   7031.8
 40CW  23-Oct-23 17:27 0050  DF7YE          599  599  086                    2   7031.8
 40CW  23-Oct-23 17:28 0051  HG5E           599  599  114                    3   7031.8
 40CW  23-Oct-23 17:29 0052  DL8HK          599  599  063                    2   7031.8
 40CW  23-Oct-23 17:29 0053  R3GG           599  599  067                    3   7031.8
 40CW  23-Oct-23 17:29 0054  M4N            599  599  085           G        3   7031.8
 40CW  23-Oct-23 17:29 0055  PA3AAV         599  599  122           PA       3   7031.8
