 15CW  21-Oct-23 16:28 0001  CT7BJG         599  599  110           CT       3  21031.5
 15CW  21-Oct-23 16:29 0002  UA6GO          599  599  146           UA       3  21021.2
 15CW  21-Oct-23 16:31 0003  CR5O           599  599  109                    3  21006.7
 15CW  21-Oct-23 16:32 0004  OK1DOL         599  599  055           OK       3  21019.0
 15CW  21-Oct-23 16:33 0005  P33W           599  599  318           5B       5  21019.0
 15CW  21-Oct-23 16:35 0006  N3RS           599  599  065           K        5  21019.0
 15CW  21-Oct-23 16:38 0007  DL1XW          599  599  L03           DL       2  21019.0
 15CW  21-Oct-23 16:40 0008  DA2X           599  599  S01                    2  21030.1
 20CW  21-Oct-23 16:41 0009  BG7AJH         599  599  020           BY       5  14032.6
 20CW  21-Oct-23 16:46 0010  HA4FB          599  599  218           HA       3  14052.8
 20CW  21-Oct-23 16:47 0011  R3LC           599  599  079           UA       3  14052.8
 20CW  21-Oct-23 16:47 0012  UA5R           599  599  088                    3  14052.8
 20CW  21-Oct-23 16:47 0013  HA9AX          599  599  078                    3  14052.8
 20CW  21-Oct-23 16:48 0014  YO2CJX         599  599  024           YO       3  14052.8
 20CW  21-Oct-23 16:49 0015  YU1YV          599  599  72            YU       3  14052.8
 20CW  21-Oct-23 16:49 0016  HG6O           599  599  115                    3  14052.8
 20CW  21-Oct-23 16:49 0017  UW2U           599  599  106           UR       3  14052.8
 20CW  21-Oct-23 16:50 0018  SP9XCN         599  599  097           SP       3  14052.8
 20CW  21-Oct-23 16:50 0019  RY2A           599  599  14                     3  14052.8
 20CW  21-Oct-23 16:51 0020  ZA1RR          599  599  056           ZA       3  14052.8
 20CW  21-Oct-23 16:52 0021  LZ8E           599  599  187           LZ       3  14052.8
 20CW  21-Oct-23 16:52 0022  RV3AJ          599  599  073                    3  14052.8
 20CW  21-Oct-23 16:52 0023  LZ1ND          599  599  163                    3  14052.8
 20CW  21-Oct-23 16:56 0024  YU7KW          599  599  077                    3  14052.8
 20CW  21-Oct-23 16:56 0025  LZ1KZ          599  599  030                    3  14052.8
 20CW  21-Oct-23 16:57 0026  E74A           599  599  200           E7       3  14052.8
 20CW  21-Oct-23 16:57 0027  N2GM           599  599  63            K        5  14052.8
 20CW  21-Oct-23 16:58 0028  EW1I           599  599  127           EU       3  14052.8
 20CW  21-Oct-23 16:59 0029  IV3DRP         599  599  34            I        3  14052.8
 20CW  21-Oct-23 17:00 0030  OE1CIW         599  599  014           OE       3  14052.8
 20CW  21-Oct-23 17:00 0031  UA6YH          599  599  80                     3  14052.8
 20CW  21-Oct-23 17:03 0032  LZ1VKD         599  599  076                    3  14052.8
 20CW  21-Oct-23 17:03 0033  S57T           599  599  026           S5       3  14052.8
 20CW  21-Oct-23 17:04 0034  EU4E           599  599  140                    3  14052.8
 20CW  21-Oct-23 17:05 0035  S58RU          599  599  008                    3  14052.8
 20CW  21-Oct-23 17:05 0036  UZ7E           599  599  087                    3  14052.8
 20CW  21-Oct-23 17:06 0037  YO2MKI         599  599  026                    3  14052.8
 20CW  21-Oct-23 17:06 0038  UR7VA          599  599  056                    3  14052.8
 20CW  21-Oct-23 17:07 0039  R7MM           599  599  148                    3  14052.8
 20CW  21-Oct-23 17:07 0040  LZ2MP          599  599  064                    3  14052.8
 20CW  21-Oct-23 17:09 0041  AA3B           599  599  223                    5  14052.8
 20CW  21-Oct-23 17:09 0042  YO4FHU         599  599  097                    3  14052.8
 20CW  21-Oct-23 17:10 0043  YO4FPF         599  599  047                    3  14052.8
 20CW  21-Oct-23 17:10 0044  SV2SKD         599  599  057           SV       3  14052.8
 20CW  21-Oct-23 17:11 0045  EU8U           599  599  189                    3  14052.8
 20CW  21-Oct-23 17:11 0046  RL2H           599  599  014                    3  14052.8
 20CW  21-Oct-23 17:12 0047  F8KLY          599  599  121           F        3  14052.8
 20CW  21-Oct-23 17:12 0048  RA3YDA         599  599  121                    3  14052.8
 20CW  21-Oct-23 17:13 0049  UT3QZ          599  599  065                    3  14052.8
 20CW  21-Oct-23 17:13 0050  LZ1BP          599  599  118                    3  14052.8
 20CW  21-Oct-23 17:14 0051  LZ2RS          599  599  090                    3  14052.8
 20CW  21-Oct-23 17:15 0052  UT2UB          599  599  124                    3  14052.8
 20CW  21-Oct-23 17:16 0053  LZ1DQ          599  599  095                    3  14052.8
 20CW  21-Oct-23 17:16 0054  S53V           599  599  173                    3  14052.8
 20CW  21-Oct-23 17:17 0055  YO4BEX         599  599  003                    3  14052.8
 20CW  21-Oct-23 17:19 0056  LZ1QN          599  599  284                    3  14052.8
 20CW  21-Oct-23 17:19 0057  RO5X           599  599  123                    3  14052.8
 20CW  21-Oct-23 17:20 0058  Z35F           599  599  98            Z3       3  14052.8
 20CW  21-Oct-23 17:20 0059  P33W           599  599  493           5B       5  14052.8
 20CW  21-Oct-23 17:21 0060  LZ2PS          599  599  077                    3  14052.8
 20CW  21-Oct-23 17:23 0061  UT3A           599  599  175                    3  14051.1
 20CW  21-Oct-23 17:24 0062  9A1AA          599  599  146           9A       3  14045.8
 20CW  21-Oct-23 17:24 0063  E21EIC         599  599  091           HS       5  14042.3
 20CW  21-Oct-23 17:28 0064  EC5K           599  599  104           EA       3  14036.0
 20CW  21-Oct-23 17:30 0065  CT7BJG         599  599  161           CT       3  14034.8
 20CW  21-Oct-23 17:31 0066  UA6GO          599  599  219                    3  14034.4
 20CW  21-Oct-23 17:33 0067  HS0ZFV         599  599  199                    5  14026.3
 20CW  21-Oct-23 17:33 0068  SV1ME          599  599  041                    3  14023.5
 20CW  21-Oct-23 17:35 0069  DQ2C           599  599  A23           DL       2  14022.1
 80CW  21-Oct-23 17:37 0070  DL2DCX         599  599  DVO           DL       2   3535.9
 80CW  21-Oct-23 17:41 0071  DF0CEL         599  599  JSZ22                  2   3527.0
 80CW  21-Oct-23 17:42 0072  PA3AAV         599  599  097           PA       3   3525.8
 20CW  21-Oct-23 17:45 0073  US1VM          599  599  062                    3  14019.1
 20CW  21-Oct-23 17:45 0074  K1ZZ           599  599  175                    5  14019.1
 20CW  21-Oct-23 17:46 0075  N4RV           599  599  111                    5  14019.1
 20CW  21-Oct-23 17:47 0076  UR1YAA         599  599  003                    3  14019.1
 20CW  21-Oct-23 17:47 0077  N3RD           599  599  168                    5  14019.1
 20CW  21-Oct-23 17:48 0078  UY5QJ          599  599  59                     3  14019.1
 20CW  21-Oct-23 17:49 0079  RU4SO          599  599  082                    3  14019.1
 20CW  21-Oct-23 17:50 0080  UV1IX          599  599  005                    3  14019.1
 20CW  21-Oct-23 17:51 0081  DL6CQ          599  599  L16                    2  14019.1
 20CW  21-Oct-23 18:17 0082  EA4AOC         599  599  103                    3  14026.2
 20CW  21-Oct-23 18:19 0083  LZ3ND          599  599  006                    3  14007.2
 20CW  21-Oct-23 18:20 0084  KU2M           599  599  086                    5  14006.6
 20CW  21-Oct-23 18:20 0085  K1LZ           599  599  299                    5  14009.1
 20CW  21-Oct-23 18:21 0086  DQ1A           599  599  L03                    2  14012.6
 20CW  21-Oct-23 18:23 0087  IK1PMR         599  599  157                    3  14014.1
 20CW  21-Oct-23 18:25 0088  NN1SS          599  599  086                    5  14017.1
 20CW  21-Oct-23 18:27 0089  VE9AA          599  599  67            VE       5  14021.9
 20CW  21-Oct-23 18:30 0090  PT1K           599  599  150           PY       5  14027.7
 40CW  21-Oct-23 18:32 0091  HB9DHG         599  599  160           HB       3   7031.1
 40CW  21-Oct-23 18:34 0092  SP4TKR         599  599  140           SP       3   7029.1
 40CW  21-Oct-23 18:36 0093  UW2U           599  599  204           UR       3   7034.6
 40CW  21-Oct-23 18:37 0094  HB9HTF         599  599  099                    3   7034.6
 40CW  21-Oct-23 18:37 0095  YL7X           599  599  283           YL       3   7034.6
 40CW  21-Oct-23 18:38 0096  IZ3SQW         599  599  088           I        3   7034.6
 40CW  21-Oct-23 18:39 0097  Z32TO          599  599  058           Z3       3   7034.6
 40CW  21-Oct-23 18:39 0098  OM3ZU          599  599  031           OM       3   7034.6
 40CW  21-Oct-23 18:40 0099  YP5A           599  599  134           YO       3   7034.6
 40CW  21-Oct-23 18:41 0100  OK2MBP         599  599  118           OK       3   7034.6
 40CW  21-Oct-23 18:44 0101  LZ1QN          599  599  371           LZ       3   7034.6
 40CW  21-Oct-23 18:44 0102  OL8R           599  599  064                    3   7034.6
 40CW  21-Oct-23 18:45 0103  US8ICM         599  599  050                    3   7030.5
 40CW  21-Oct-23 18:48 0104  GM2V           599  599  135           GM       3   7028.7
 40CW  21-Oct-23 18:49 0105  SV1JG          599  599  159           SV       3   7028.5
 40CW  21-Oct-23 18:49 0106  F8KLY          599  599  204           F        3   7028.1
 40CW  21-Oct-23 18:50 0107  HA8TP          599  599  086           HA       3   7027.4
 80CW  21-Oct-23 18:54 0108  DH8WE          599  599  X23                    2   3525.0
 80CW  21-Oct-23 18:55 0109  DF4XF          599  599  S48                    2   3524.4
 80CW  21-Oct-23 18:55 0110  SJ6R           599  599  102           SM       3   3523.4
 80CW  21-Oct-23 18:56 0111  ON6MG          599  599  024           ON       3   3523.0
 80CW  21-Oct-23 18:57 0112  DL8ULF         599  599  Y37                    2   3521.9
 80CW  21-Oct-23 18:59 0113  DL1QW          599  599  L05                    2   3520.7
 80CW  21-Oct-23 19:04 0114  DA0BCC         599  599  BCC                    2   3520.0
 80CW  21-Oct-23 19:05 0115  DQ7Y           599  599  B19                    2   3518.6
 80CW  21-Oct-23 19:05 0116  F5IN           599  599  095           F        3   3517.4
 80CW  21-Oct-23 19:07 0117  DR7B           599  599  S50                    2   3516.6
 80CW  21-Oct-23 19:07 0118  DL2NBU         599  599  C12                    2   3514.6
 80CW  21-Oct-23 19:08 0119  OK2TJ          599  599  034           OK       3   3512.5
 80CW  21-Oct-23 19:09 0120  DM5EE          599  599  H73                    2   3511.5
 80CW  21-Oct-23 19:11 0121  OL7D           599  599  165                    3   3510.3
 80CW  21-Oct-23 19:12 0122  DA2X           599  599  S01                    2   3508.9
 80CW  21-Oct-23 19:13 0123  OM3CPF         599  599  121           OM       3   3508.1
 80CW  21-Oct-23 19:14 0124  DL7ALM         599  599  D06                    2   3507.2
 80CW  21-Oct-23 19:16 0125  DF4XG          599  599  E33                    2   3506.0
 80CW  21-Oct-23 19:17 0126  DL7JV          599  599  D08                    2   3505.0
 80CW  21-Oct-23 19:20 0127  DL1ASA         599  599  F02                    2   3526.9
 80CW  21-Oct-23 19:21 0128  SP8BXL         599  599  108           SP       3   3526.9
 80CW  21-Oct-23 19:22 0129  SP4TKR         599  599  165                    3   3526.9
 80CW  21-Oct-23 19:22 0130  SN1T           599  599  276                    3   3526.9
 80CW  21-Oct-23 19:24 0131  SF6W           599  599  153                    3   3526.9
 80CW  21-Oct-23 19:25 0132  OK2TIJ         599  599  143                    3   3526.9
 80CW  21-Oct-23 19:26 0133  HG6O           599  599  285           HA       3   3526.9
 80CW  21-Oct-23 19:26 0134  OK1TN          599  599  97                     3   3526.9
 80CW  21-Oct-23 19:26 0135  OK4RQ          599  599  157                    3   3526.9
 80CW  21-Oct-23 19:27 0136  DL0MOL         599  599  Y21                    2   3526.9
 80CW  21-Oct-23 19:28 0137  9A1AA          599  599  266           9A       3   3526.9
 80CW  21-Oct-23 19:29 0138  DJ9SN          599  599  C01                    2   3526.9
 80CW  21-Oct-23 19:29 0139  DF1MM          599  599  I18                    2   3526.9
 80CW  21-Oct-23 19:30 0140  OL8R           599  599  161                    3   3526.9
 80CW  21-Oct-23 19:30 0141  DJ2IA          599  599  F43                    2   3526.9
 80CW  21-Oct-23 19:31 0142  SP1AEN         599  599  204                    3   3526.9
 80CW  21-Oct-23 19:32 0143  DL9MFY         599  599  C12                    2   3526.9
 80CW  21-Oct-23 19:32 0144  YL1ZF          599  599  250           YL       3   3526.9
 80CW  21-Oct-23 19:34 0145  S53V           599  599  365           S5       3   3526.9
 80CW  21-Oct-23 19:36 0146  DK0MM          599  599  F39                    2   3530.3
 40CW  21-Oct-23 19:39 0147  HA1DAE         599  599  003                    3   7023.1
 40CW  21-Oct-23 19:39 0148  EA1X           599  599  298           EA       3   7027.5
 40CW  21-Oct-23 19:45 0149  DF4UM          599  599  P07           DL       2   7035.0
 40CW  21-Oct-23 19:46 0150  HA7RY          599  599  034                    3   7019.0
 40CW  21-Oct-23 19:48 0151  YT4W           599  599  393           YU       3   7014.3
 40CW  21-Oct-23 19:49 0152  DR0W           599  599  T13                    2   7013.5
 40CW  21-Oct-23 19:52 0153  P33W           599  599  887           5B       5   7008.1
 40CW  21-Oct-23 19:54 0154  K1LZ           599  599  421           K        5   7003.1
 40CW  21-Oct-23 20:00 0155  HS0ZFV         599  599  326           HS       5   7002.0
 40CW  21-Oct-23 20:04 0156  CT7BJG         599  599  275           CT       3   7011.8
 40CW  21-Oct-23 20:05 0157  RK3AW          599  599  245           UA       3   7015.7
 40CW  21-Oct-23 20:06 0158  9A1AA          599  599  301           9A       3   7022.2
 40CW  21-Oct-23 21:01 0159  DM2X           599  599  Y15                    2   7026.6
 40CW  21-Oct-23 21:03 0160  IT9IVU         599  599  043           IT9      3   7029.5
 40CW  21-Oct-23 21:04 0161  PY2NY          599  599  181           PY       5   7031.1
 40CW  21-Oct-23 21:06 0162  EA7GZQ         599  599  050                    3   7025.8
 40CW  21-Oct-23 21:07 0163  LZ1BP          599  599  286                    3   7024.8
 40CW  21-Oct-23 21:09 0164  DP6T           599  599  F49                    2   7024.3
 40CW  21-Oct-23 21:10 0165  LZ2CJ          599  599  087                    3   7021.8
 40CW  21-Oct-23 21:11 0166  N3QE           599  599  173                    5   7015.5
 40CW  21-Oct-23 21:12 0167  DF7A           599  599  X28                    2   7013.8
 40CW  21-Oct-23 21:14 0168  YO6FGZ         599  599  103                    3   7027.0
 40CW  21-Oct-23 21:16 0169  EU8U           599  599  472           EU       3   7027.6
 40CW  21-Oct-23 21:16 0170  DL6CQ          599  599  L16                    2   7027.6
 40CW  21-Oct-23 21:18 0171  UA4FCO         599  599  165                    3   7027.6
 40CW  21-Oct-23 21:18 0172  AA3B           599  599  417                    5   7027.6
 40CW  21-Oct-23 21:19 0173  UB3A           599  599  281                    3   7027.6
 80CW  21-Oct-23 21:23 0174  DM4L           599  599  B41                    2   3517.0
 80CW  21-Oct-23 21:26 0175  M4T            599  599  292           G        3   3512.1
 80CW  21-Oct-23 21:26 0176  SP2R           599  599  249                    3   3512.1
 80CW  21-Oct-23 21:26 0177  DL5JS          599  599  R01                    2   3512.1
 80CW  21-Oct-23 21:27 0178  OE5TXF         599  599  319           OE       3   3512.1
 80CW  21-Oct-23 21:27 0179  SP7CF          599  599  222                    3   3512.1
 80CW  21-Oct-23 21:29 0180  SN8T           599  599  269                    3   3512.1
 80CW  21-Oct-23 21:29 0181  SP3CW          599  599  241                    3   3512.1
 80CW  21-Oct-23 21:30 0182  S54A           599  599  242                    3   3512.1
 80CW  21-Oct-23 21:30 0183  DP6K           599  599  B07                    2   3512.1
 80CW  21-Oct-23 21:31 0184  DL3MF          599  599  H13                    2   3512.1
 80CW  21-Oct-23 21:32 0185  DL4FDI         599  599  Z54                    2   3512.1
 80CW  21-Oct-23 21:33 0186  E74A           599  599  498           E7       3   3512.1
 80CW  21-Oct-23 21:35 0187  SN7J           599  599  049                    3   3512.1
 80CW  21-Oct-23 21:36 0188  OZ0B           599  599  304           OZ       3   3512.1
 80CW  21-Oct-23 21:36 0189  DL6CQ          599  599  L16                    2   3512.1
 80CW  21-Oct-23 21:38 0190  IK1PMR         599  599  195           I        3   3514.0
 80CW  21-Oct-23 21:39 0191  DL1TSM         599  599  S07                    2   3522.6
 80CW  21-Oct-23 21:40 0192  YQ6A           599  599  256           YO       3   3531.6
 80CW  21-Oct-23 21:41 0193  LY2MM          599  599  286           LY       3   3541.4
 80CW  21-Oct-23 21:42 0194  HB9DHG         599  599  337           HB       3   3522.2
 80CW  21-Oct-23 21:44 0195  UC4L           599  599  235           UA       3   3510.1
 80CW  21-Oct-23 21:45 0196  EW1M           599  599  229           EU       3   3508.9
 80CW  21-Oct-23 21:50 0197  DL1DAW         599  599  O47                    2   3526.7
 80CW  21-Oct-23 21:51 0198  DL0DA          599  599  CW                     2   3527.5
 80CW  21-Oct-23 21:53 0199  DA0RR          599  599  RRDXA                  2   3528.5
 80CW  21-Oct-23 21:55 0200  DL0MBG         599  599  X16                    2   3530.0
 80CW  21-Oct-23 21:56 0201  DK3DUA         599  599  S07                    2   3530.7
 80CW  21-Oct-23 22:00 0202  DL8UBR         599  599  Y33                    2   3532.4
 80CW  21-Oct-23 22:01 0203  DQ1V           599  599  V19                    2   3534.1
 80CW  21-Oct-23 22:03 0204  DJ9AO          599  599  X22                    2   3537.4
 80CW  21-Oct-23 22:05 0205  DM3X           599  599  V11                    2   3539.2
 80CW  21-Oct-23 22:06 0206  DF6RI          599  599  U15                    2   3538.8
 80CW  21-Oct-23 22:07 0207  DL6JZ          599  599  DVS                    2   3543.2
 80CW  21-Oct-23 22:09 0208  DK6NJ          599  599  U01                    2   3541.9
 80CW  21-Oct-23 22:11 0209  P33W           599  599  1110          5B       5   3531.3
 80CW  21-Oct-23 22:12 0210  EI4II          599  599  085           EI       3   3525.4
 80CW  21-Oct-23 22:13 0211  UW2U           599  599  401           UR       3   3526.4
 40CW  21-Oct-23 22:15 0212  S51DX          599  599  414           S5       3   7011.4
 40CW  21-Oct-23 22:16 0213  E74EW          599  599  144           E7       3   7022.5
 40CW  21-Oct-23 22:17 0214  EA3AR          599  599  358                    3   7030.1
 40CW  21-Oct-23 22:24 0215  G3P            599  599  031           G        3   7031.0
 80CW  21-Oct-23 22:27 0216  DF7A           599  599  X28                    2   3518.2
 80CW  21-Oct-23 22:30 0217  LZ3ND          599  599  335           LZ       3   3521.1
 10CW  22-Oct-23 07:54 0218  UA6YH          599  599  365           UA       3  28023.1
 10CW  22-Oct-23 07:55 0219  DL5JS          599  599  R01           DL       2  28022.5
 10CW  22-Oct-23 07:56 0220  P33W           599  599  1644          5B       5  28016.7
 10CW  22-Oct-23 07:58 0221  US8ICM         599  599  208           UR       3  28013.1
 10CW  22-Oct-23 07:59 0222  UC4L           599  599  573                    3  28010.9
 10CW  22-Oct-23 08:02 0223  RW7F           599  599  177                    3  28007.5
 10CW  22-Oct-23 08:04 0224  UA9CTT         599  599  269           UA9      5  28047.0
 10CW  22-Oct-23 08:06 0225  DL2ARD         599  599  Z88                    2  28043.2
 10CW  22-Oct-23 08:07 0226  R7MM           599  599  592                    3  28039.5
 10CW  22-Oct-23 08:08 0227  RW0AJ          599  599  152                    5  28033.1
 10CW  22-Oct-23 08:11 0228  R9TV           599  599  062                    5  28031.1
 10CW  22-Oct-23 08:16 0229  DK5DQ          599  599  O32                    2  28029.5
 10CW  22-Oct-23 08:17 0230  UP1G           599  599  85            UN       5  28026.6
 10CW  22-Oct-23 08:19 0231  TA3D           599  599  259           TA       5  28015.6
 10CW  22-Oct-23 08:19 0232  4Z4DX          599  599  87            4X       5  28005.0
 10CW  22-Oct-23 08:21 0233  JA9CWJ         599  599  100           JA       5  28018.4
 10CW  22-Oct-23 08:24 0234  HS0ZFV         599  599  574           HS       5  28025.8
 10CW  22-Oct-23 08:25 0235  HB9DHG         599  599  390           HB       3  28019.5
 10CW  22-Oct-23 08:30 0236  UR5MW          599  599  120                    3  28026.4
 10CW  22-Oct-23 08:31 0237  R9MA           599  599  412                    5  28026.4
 10CW  22-Oct-23 08:31 0238  UA3FX          599  599  229                    3  28026.4
 10CW  22-Oct-23 08:32 0239  UP1G           599  599  97                     0  28026.4
 10CW  22-Oct-23 08:34 0240  UA6GO          599  599  607                    3  28027.0
 10CW  22-Oct-23 08:36 0241  DK9PY          599  599  K04                    2  28017.0
 10CW  22-Oct-23 08:36 0242  UN7CN          599  599  114                    5  28018.0
 10CW  22-Oct-23 08:38 0243  RD8D           599  599  372                    5  28023.8
 15CW  22-Oct-23 08:40 0244  OH1NA          599  599  158           OH       3  21002.1
 15CW  22-Oct-23 08:42 0245  Z35F           599  599  275           Z3       3  21007.8
 15CW  22-Oct-23 08:43 0246  DQ2C           599  599  A23                    2  21008.2
 15CW  22-Oct-23 08:44 0247  RV3ZN          599  599  336                    3  21009.5
 15CW  22-Oct-23 08:45 0248  UA6AK          599  599  263                    3  21013.0
 15CW  22-Oct-23 08:46 0249  SV2SKD         599  599  316           SV       3  21014.2
 15CW  22-Oct-23 08:47 0250  CT1DRB         599  599  168                    3  21014.9
 15CW  22-Oct-23 08:48 0251  YQ6A           599  599  590           YO       3  21016.5
 15CW  22-Oct-23 08:49 0252  EU8U           599  599  836           EU       3  21018.7
 15CW  22-Oct-23 08:50 0253  OH2KW          599  599  392                    3  21019.2
 15CW  22-Oct-23 08:51 0254  RK3AW          599  599  508                    3  21020.5
 15CW  22-Oct-23 08:55 0255  SM3EAE         599  599  073           SM       3  21026.1
 15CW  22-Oct-23 08:55 0256  OH5TS          599  599  234                    3  21026.9
 15CW  22-Oct-23 08:56 0257  KL7SB          599  599  278           KL       5  21027.6
 15CW  22-Oct-23 09:10 0258  ZA1RR          599  599  311           ZA       3  21028.5
 15CW  22-Oct-23 09:13 0259  DK0MM          599  599  F39                    2  21029.9
 15CW  22-Oct-23 09:14 0260  IT9IVU         599  599  318           IT9      3  21031.0
 15CW  22-Oct-23 09:16 0261  EA2AZ          599  599  082           EA       3  21028.0
 15CW  22-Oct-23 09:17 0262  OY1CT          599  599  173           OY       3  21029.3
 15CW  22-Oct-23 09:20 0263  YP3X           599  599  173                    3  21035.3
 15CW  22-Oct-23 09:21 0264  RO5X           599  599  520                    3  21043.2
 15CW  22-Oct-23 09:22 0265  IT9RZU         599  599  391                    3  21044.0
 15CW  22-Oct-23 09:22 0266  TA3D           599  599  375           TA       5  21047.5
 15CW  22-Oct-23 09:23 0267  LZ2PS          599  599  371           LZ       3  21052.0
 15CW  22-Oct-23 09:26 0268  LZ2CJ          599  599  178                    3  21025.1
 15CW  22-Oct-23 09:26 0269  HB9DHG         599  599  433           HB       3  21024.8
 15CW  22-Oct-23 09:27 0270  UP5B           599  599  191           UN       5  21023.6
 15CW  22-Oct-23 09:28 0271  IK8UND         599  599  501           I        3  21021.9
 15CW  22-Oct-23 09:29 0272  UR5MW          599  599  254           UR       3  21020.0
 15CW  22-Oct-23 09:31 0273  UA1F           599  599  111                    3  21018.9
 15CW  22-Oct-23 09:31 0274  YT4W           599  599  881           YU       3  21011.3
 15CW  22-Oct-23 09:32 0275  R9LY           599  599  194           UA9      5  21027.2
 15CW  22-Oct-23 09:32 0276  LY7R           599  599  810           LY       3  21033.5
 15CW  22-Oct-23 09:34 0277  F8KLY          599  599  439           F        3  21038.5
 15CW  22-Oct-23 09:36 0278  9A5M           599  599  717           9A       3  21026.8
 15CW  22-Oct-23 09:39 0279  HA8TP          599  599  149           HA       3  21042.5
 15CW  22-Oct-23 09:40 0280  RA3YDA         599  599  438                    3  21034.6
 15CW  22-Oct-23 09:41 0281  SN8T           599  599  492           SP       3  21034.6
 15CW  22-Oct-23 09:41 0282  R9MA           599  599  494                    5  21034.6
 15CW  22-Oct-23 09:42 0283  LY2MM          599  599  573                    3  21034.6
 15CW  22-Oct-23 09:43 0284  YO4FHU         599  599  361                    3  21034.6
 15CW  22-Oct-23 09:43 0285  F6AUS          599  599  151                    3  21034.6
 15CW  22-Oct-23 09:44 0286  EU4E           599  599  706                    3  21034.6
 15CW  22-Oct-23 09:44 0287  EW8DX          599  599  819                    3  21034.6
 15CW  22-Oct-23 09:45 0288  EW8OM          599  599  170                    3  21034.6
 15CW  22-Oct-23 09:46 0289  LZ1BP          599  599  628                    3  21034.6
 15CW  22-Oct-23 09:46 0290  YL1ZX          599  599  404           YL       3  21034.6
 15CW  22-Oct-23 09:47 0291  LZ2VP          599  599  038                    3  21034.6
 15CW  22-Oct-23 09:48 0292  IK2AVH         599  599  095                    3  21034.6
 15CW  22-Oct-23 09:48 0293  RL2H           599  599  095                    3  21034.6
 15CW  22-Oct-23 09:50 0294  SP2R           599  599  568                    3  21034.6
 15CW  22-Oct-23 09:51 0295  EA7BEZ         599  599  050                    3  21034.6
 15CW  22-Oct-23 09:52 0296  OH8MBN         599  599  109                    3  21034.6
 15CW  22-Oct-23 09:52 0297  RV3AJ          599  599  296                    3  21034.6
 15CW  22-Oct-23 09:53 0298  LZ8E           599  599  1026                   3  21034.6
 15CW  22-Oct-23 09:53 0299  YP5A           599  599  323                    3  21034.6
 15CW  22-Oct-23 09:55 0300  OH1TS          599  599  143                    3  21034.6
 15CW  22-Oct-23 09:56 0301  UW2U           599  599  699                    3  21034.6
 15CW  22-Oct-23 09:56 0302  RD8D           599  599  444                    5  21034.6
 15CW  22-Oct-23 09:59 0303  YO3LW          599  599  120                    3  21034.6
 15CW  22-Oct-23 09:59 0304  UA6YH          599  599  461                    3  21034.6
 15CW  22-Oct-23 10:00 0305  CT1EHK         599  599  125                    3  21034.6
 15CW  22-Oct-23 10:00 0306  R3LC           599  599  505                    3  21034.6
 15CW  22-Oct-23 10:01 0307  RK3Y           599  599  055                    3  21034.6
 15CW  22-Oct-23 10:01 0308  RM4N           599  599  106                    3  21034.6
 15CW  22-Oct-23 10:03 0309  SP7CF          599  599  383                    3  21034.6
 15CW  22-Oct-23 10:03 0310  RA3TT          599  599  097                    3  21034.6
 15CW  22-Oct-23 10:03 0311  RF9C           599  599  801                    5  21034.6
 15CW  22-Oct-23 10:04 0312  SV1ENG         599  599  469                    3  21034.6
 15CW  22-Oct-23 10:05 0313  UC0A           599  599  265                    5  21034.6
 15CW  22-Oct-23 10:05 0314  RA9AP          599  599  468                    5  21034.6
 15CW  22-Oct-23 10:07 0315  DF4PD          599  599  G23                    2  21034.6
 15CW  22-Oct-23 10:08 0316  VK4DX          599  599  51            VK       5  21004.7
 10CW  22-Oct-23 10:09 0317  IT9ORA         599  599  059           IT9      3  28030.4
 10CW  22-Oct-23 10:10 0318  EW1I           599  599  883           EU       3  28028.3
 10CW  22-Oct-23 10:20 0319  YU1YV          599  599  330           YU       3  28030.7
 10CW  22-Oct-23 10:21 0320  EA2AZ          599  599  095           EA       3  28031.5
 10CW  22-Oct-23 10:22 0321  YT4W           599  599  955                    3  28010.5
 10CW  22-Oct-23 10:22 0322  SV1BJW         599  599  500           SV       3  28012.3
 10CW  22-Oct-23 10:23 0323  I0GOJ          599  599  126           I        3  28013.3
 10CW  22-Oct-23 10:24 0324  E74A           599  599  900           E7       3  28014.4
 10CW  22-Oct-23 10:26 0325  YQ6A           599  599  759           YO       3  28020.8
 10CW  22-Oct-23 10:27 0326  SM3EAE         599  599  137           SM       3  28024.9
 10CW  22-Oct-23 10:28 0327  UY5QJ          599  599  246                    3  28035.1
 10CW  22-Oct-23 10:29 0328  LZ1ND          599  599  463           LZ       3  28035.9
 10CW  22-Oct-23 10:30 0329  E74A           599  599  914                    0  28014.5
 10CW  22-Oct-23 10:31 0330  EA1X           599  599  559                    3  28016.0
 10CW  22-Oct-23 10:37 0331  RC9J           599  599  278                    5  28023.3
 10CW  22-Oct-23 10:40 0332  UC0A           599  599  297                    5  28028.5
 10CW  22-Oct-23 10:41 0333  UA5R           599  599  420                    3  28028.5
 10CW  22-Oct-23 10:41 0334  UA4LCC         599  599  198                    3  28028.5
 10CW  22-Oct-23 10:42 0335  UG4A           599  599  145                    3  28028.5
 10CW  22-Oct-23 10:42 0336  RV3VR          599  599  200                    3  28028.5
 10CW  22-Oct-23 10:43 0337  RW3DY          599  599  214                    3  28028.5
 10CW  22-Oct-23 10:44 0338  DL6CQ          599  599  L16                    2  28028.5
 10CW  22-Oct-23 10:47 0339  HA4FB          599  599  1073          HA       3  28028.5
 10CW  22-Oct-23 10:48 0340  RW9AV          599  599  105                    5  28028.5
 10CW  22-Oct-23 10:48 0341  R3RK           599  599  422                    3  28028.5
 10CW  22-Oct-23 10:48 0342  RK3P           599  599  274                    3  28028.5
 10CW  22-Oct-23 10:50 0343  UA6LCJ         599  599  377                    3  28028.5
 10CW  22-Oct-23 10:53 0344  OY1CT          599  599  254           OY       3  28017.8
 10CW  22-Oct-23 10:54 0345  IT9RZU         599  599  521                    3  28012.9
 10CW  22-Oct-23 10:56 0346  CT1GFK         599  599  032           CT       3  28029.5
 10CW  22-Oct-23 10:59 0347  PY3TD          599  599  066           PY       5  28024.1
 10CW  22-Oct-23 11:00 0348  DK6QW          599  599  L03                    2  28024.1
 10CW  22-Oct-23 11:00 0349  UI7D           599  599  017                    3  28024.1
 10CW  22-Oct-23 11:02 0350  RU4SO          599  599  604                    3  28024.1
 10CW  22-Oct-23 11:04 0351  OH1RX          599  599  428           OH       3  28026.0
 10CW  22-Oct-23 11:05 0352  UA6HFI         599  599  218                    3  28024.1
 10CW  22-Oct-23 11:08 0353  LZ1BP          599  599  720                    3  28011.3
 10CW  22-Oct-23 11:09 0354  LZ3BB          599  599  066                    3  28001.6
 10CW  22-Oct-23 11:12 0355  R9LY           599  599  215                    5  28010.9
 10CW  22-Oct-23 11:13 0356  IK8UND         599  599  637                    3  28012.5
 10CW  22-Oct-23 11:15 0357  UA6AK          599  599  410                    3  28020.0
 10CW  22-Oct-23 11:16 0358  R7CA           599  599  102                    3  28021.9
 10CW  22-Oct-23 11:18 0359  RN4AO          599  599  171                    3  28030.0
 10CW  22-Oct-23 11:34 0360  K1LZ           599  599  891           K        5  28034.0
 10CW  22-Oct-23 11:38 0361  LY4T           599  599  374           LY       3  28022.6
 10CW  22-Oct-23 11:40 0362  DM2X           599  599  Y15                    2  28053.0
 15CW  22-Oct-23 11:42 0363  E74A           599  599  1022          E7       3  21028.1
 15CW  22-Oct-23 11:43 0364  VE9HF          599  599  111           VE       5  21041.0
 15CW  22-Oct-23 11:46 0365  OZ1IKY         599  599  074           OZ       3  21022.0
 20CW  22-Oct-23 11:48 0366  OE8TIR         599  599  462                    3  14027.8
 20CW  22-Oct-23 11:50 0367  HB9DHG         599  599  517           HB       3  14021.4
 20CW  22-Oct-23 11:51 0368  UN0LM          599  599  454           UN       5  14016.5
 20CW  22-Oct-23 11:53 0369  LX/DL1CW       599  599  279           LX       3  14031.5
 20CW  22-Oct-23 11:54 0370  DL7ANR         599  599  D06                    2  14025.5
 20CW  22-Oct-23 11:55 0371  SP9GFI         599  599  203                    3  14007.2
 20CW  22-Oct-23 11:55 0372  LY5O           599  599  057           LY       3  14034.1
 20CW  22-Oct-23 12:28 0373  RK3LC          599  599  092                    3  14035.0
 20CW  22-Oct-23 12:30 0374  IK2AVH         599  599  148                    3  14015.7
 20CW  22-Oct-23 12:36 0375  OM8AA          599  599  263           OM       3  14023.3
 20CW  22-Oct-23 12:37 0376  UB3A           599  599  664                    3  14047.0
 20CW  22-Oct-23 12:38 0377  UR5MW          599  599  491                    3  14038.9
 20CW  22-Oct-23 12:39 0378  F5JU           599  599  184                    3  14038.9
 20CW  22-Oct-23 12:39 0379  HA5BA          599  599  039                    3  14038.9
 20CW  22-Oct-23 12:40 0380  HA1WA          599  599  101                    3  14038.9
 20CW  22-Oct-23 12:40 0381  YQ6A           599  599  925                    3  14038.9
 20CW  22-Oct-23 12:40 0382  SP2R           599  599  671                    3  14038.9
 20CW  22-Oct-23 12:41 0383  SO3O           599  599  387                    3  14038.9
 20CW  22-Oct-23 12:42 0384  OK1KTI         599  599  262           OK       3  14038.9
 20CW  22-Oct-23 12:43 0385  DL3DRN         599  599  S27                    2  14038.9
 20CW  22-Oct-23 12:44 0386  OM3CPF         599  599  350                    3  14038.9
 20CW  22-Oct-23 12:45 0387  SM0HRP         599  599  71            SM       3  14027.1
 20CW  22-Oct-23 12:47 0388  ER/UT1ZZ       599  599  188           ER       3  14038.8
 20CW  22-Oct-23 12:49 0389  DL8ZAJ         599  599  F09                    2  14038.8
 20CW  22-Oct-23 12:49 0390  F4HGU          599  599  483                    3  14038.8
 20CW  22-Oct-23 12:50 0391  YL1ZF          599  599  840           YL       3  14038.8
 20CW  22-Oct-23 12:52 0392  R9TV           599  599  151           UA9      5  14027.0
 40CW  22-Oct-23 12:53 0393  ON9TT          599  599  195           ON       3   7010.4
 40CW  22-Oct-23 12:53 0394  OU2I           599  599  090           OZ       3   7021.0
 20CW  22-Oct-23 12:54 0395  SP8BXL         599  599  296                    3  14038.8
 20CW  22-Oct-23 12:55 0396  RW3DY          599  599  329                    3  14038.8
 20CW  22-Oct-23 12:56 0397  S59AA          599  599  24                     3  14038.8
 20CW  22-Oct-23 12:56 0398  9A5M           599  599  900                    3  14038.8
 20CW  22-Oct-23 12:57 0399  R9MA           599  599  665                    5  14038.8
 20CW  22-Oct-23 12:59 0400  OH5TS          599  599  333           OH       3  14022.0
 20CW  22-Oct-23 13:00 0401  ES1BH          599  599  390           ES       3  14038.0
 20CW  22-Oct-23 13:01 0402  OY1CT          599  599  407           OY       3  14040.0
 20CW  22-Oct-23 13:02 0403  OK6OK          599  599  316                    3  14023.9
 10CW  22-Oct-23 13:07 0404  K1ZZ           599  599  796                    5  28022.2
 10CW  22-Oct-23 13:10 0405  R7LV           599  599  231                    3  28027.3
 10CW  22-Oct-23 13:13 0406  AK1MD          599  599  085                    5  28027.3
 10CW  22-Oct-23 13:17 0407  R1ZM           599  599  100                    3  28029.0
 10CW  22-Oct-23 13:18 0408  VE9HF          599  599  209           VE       5  28030.4
 10CW  22-Oct-23 13:20 0409  W1WEF          599  599  90                     5  28038.2
 10CW  22-Oct-23 13:21 0410  UZ7E           599  599  707                    3  28038.9
 10CW  22-Oct-23 13:23 0411  K3AJ           599  599  633                    5  28040.9
 15CW  22-Oct-23 13:25 0412  DM2X           599  599  Y15                    2  21008.5
 15CW  22-Oct-23 13:28 0413  DL6MHW         599  599  W37                    2  21041.3
 40CW  22-Oct-23 13:29 0414  SE0B           599  599  77            SM       3   7010.6
 20CW  22-Oct-23 13:31 0415  FY5KE          599  599  216           FY       5  14034.8
 20CW  22-Oct-23 13:32 0416  EA1X           599  599  693                    3  14031.0
 15CW  22-Oct-23 13:33 0417  HS0ZFV         599  599  798           HS       5  21020.9
 15CW  22-Oct-23 13:34 0418  UI7D           599  599  170                    3  21029.1
 15CW  22-Oct-23 13:39 0419  IZ3GNG         599  599  211                    3  21011.5
 15CW  22-Oct-23 13:43 0420  N4FCG          599  599  586                    5  21013.3
 15CW  22-Oct-23 13:44 0421  EA5ITT         599  599  283                    3  21015.4
 15CW  22-Oct-23 13:46 0422  OH6LW          599  599  256                    3  21024.4
 15CW  22-Oct-23 13:47 0423  KC1XX          599  599  298                    5  21022.5
 15CW  22-Oct-23 13:48 0424  DL0DA          599  599  CW                     2  21020.5
 15CW  22-Oct-23 13:50 0425  DL6AG          599  599  S44                    2  21016.9
 15CW  22-Oct-23 13:51 0426  N4CW           599  599  251                    5  21016.0
 15CW  22-Oct-23 13:52 0427  N3XF           599  599  49                     5  21014.4
 15CW  22-Oct-23 13:53 0428  DR5N           599  599  N06                    2  21011.0
 15CW  22-Oct-23 13:55 0429  DL3UB          599  599  V22                    2  21008.8
 15CW  22-Oct-23 13:57 0430  DM5EE          599  599  H73                    2  21006.5
 15CW  22-Oct-23 13:57 0431  W4RN           599  599  267                    5  21006.0
 15CW  22-Oct-23 13:59 0432  LY4L           599  599  1693                   3  21001.0
 15CW  22-Oct-23 13:59 0433  OM7LW          599  599  507           OM       3  21021.0
 10CW  22-Oct-23 14:04 0434  N5AW           599  599  189                    5  28018.0
 10CW  22-Oct-23 14:05 0435  DF0UK          599  599  A24                    2  28017.5
 10CW  22-Oct-23 14:06 0436  N4AF           599  599  69                     5  28018.7
 10CW  22-Oct-23 14:06 0437  NB1N           599  599  381                    5  28019.7
 10CW  22-Oct-23 14:07 0438  NC1CC          599  599  139                    5  28020.3
 10CW  22-Oct-23 14:10 0439  EI4II          599  599  169           EI       3  28035.2
 10CW  22-Oct-23 14:11 0440  WP3A           599  599  17            KP4      5  28004.0
 40CW  22-Oct-23 14:13 0441  LY3B           599  599  256           LY       3   7008.1
 40CW  22-Oct-23 14:14 0442  DL1JDQ         599  599  S50                    2   7009.1
 40CW  22-Oct-23 14:15 0443  DK1NO          599  599  P29                    2   7009.5
 40CW  22-Oct-23 14:15 0444  UR5MW          599  599  658                    3   7010.5
 40CW  22-Oct-23 14:16 0445  E77EA          599  599  159                    3   7012.5
 40CW  22-Oct-23 14:16 0446  DM2RN          599  599  NM                     2   7013.4
 40CW  22-Oct-23 14:18 0447  DL8CO          599  599  F33                    2   7013.8
 40CW  22-Oct-23 14:18 0448  DM2C           599  599  S54                    2   7014.5
 40CW  22-Oct-23 14:19 0449  DL4A           599  599  P55                    2   7015.4
 40CW  22-Oct-23 14:19 0450  F5IN           599  599  412                    3   7016.1
 40CW  22-Oct-23 14:20 0451  DL1NEO         599  599  B36                    2   7016.6
 40CW  22-Oct-23 14:21 0452  S53V           599  599  706                    3   7018.4
 40CW  22-Oct-23 14:21 0453  9A3YT          599  599  127                    3   7019.8
 40CW  22-Oct-23 14:22 0454  DL1OJ          599  599  N01                    2   7020.6
 40CW  22-Oct-23 14:23 0455  DL8MBS         599  599  X19                    2   7021.4
 40CW  22-Oct-23 14:25 0456  DL3DQL         599  599  S02                    2   7021.9
 40CW  22-Oct-23 14:26 0457  F6JOE          599  599  199                    3   7022.5
 40CW  22-Oct-23 14:26 0458  DL3TC          599  599  X22                    2   7023.2
 40CW  22-Oct-23 14:27 0459  LZ8E           599  599  1328                   3   7023.7
 40CW  22-Oct-23 14:27 0460  DJ5CW          599  599  S07                    2   7024.6
 40CW  22-Oct-23 14:28 0461  DJ0SP          599  599  N53                    2   7025.2
 40CW  22-Oct-23 14:30 0462  I1BPU          599  599  090                    3   7028.0
 40CW  22-Oct-23 14:31 0463  DM5JBN         599  599  S60                    2   7028.6
 40CW  22-Oct-23 14:31 0464  DL1DVE         599  599  S21                    2   7029.4
 40CW  22-Oct-23 14:32 0465  LX/DL1CW       599  599  333           LX       3   7031.4
 40CW  22-Oct-23 14:33 0466  DK2OY          599  599  M15                    2   7031.9
 40CW  22-Oct-23 14:33 0467  ON6FC          599  599  193                    3   7032.8
 40CW  22-Oct-23 14:34 0468  DL5AZZ         599  599  X33                    2   7002.0
 40CW  22-Oct-23 14:35 0469  OE1CIW         599  599  339           OE       3   7006.6
 40CW  22-Oct-23 14:37 0470  PA2W           599  599  130           PA       3   7016.1
 20CW  22-Oct-23 14:38 0471  EA6/DJ4MZ      599  599  053           EA6      3  14024.0
 20CW  22-Oct-23 14:39 0472  UC4L           599  599  1006                   3  14013.1
 20CW  22-Oct-23 14:40 0473  DM2D           599  599  V11                    2  14014.4
 20CW  22-Oct-23 14:42 0474  IZ5BBS         599  599  057                    3  14016.5
 20CW  22-Oct-23 14:43 0475  SV1BJW         599  599  741                    3  14018.6
 20CW  22-Oct-23 14:44 0476  OZ0B           599  599  658           OZ       3  14009.1
 20CW  22-Oct-23 14:45 0477  G4SND          599  599  073           G        3  14017.3
 15CW  22-Oct-23 14:45 0478  PT1K           599  599  257           PY       5  21008.8
 15CW  22-Oct-23 14:46 0479  DK5XG          599  599  E22                    2  21027.6
 10CW  22-Oct-23 14:48 0480  TA7I           599  599  025                    5  28039.6
 10CW  22-Oct-23 14:50 0481  VE3JM          599  599  54                     5  28010.1
 10CW  22-Oct-23 14:50 0482  KC1XX          599  599  404                    5  28001.1
 10CW  22-Oct-23 14:51 0483  W4RN           599  599  344                    5  28014.5
 10CW  22-Oct-23 14:51 0484  K3IE           599  599  173                    5  28020.3
 10CW  22-Oct-23 14:52 0485  AA3B           599  599  555                    5  28027.3
 10CW  22-Oct-23 14:53 0486  KM5G           599  599  283                    5  28030.3
 10CW  22-Oct-23 14:54 0487  DP7D           599  599  L05                    2  28031.0
 40CW  22-Oct-23 14:58 0488  DL8WAA         599  599  S41                    2   7017.6
