160CW  11-Mar-23 18:10 0001  OK1DWF         599  599  JO70          OK       3   1823.7
160CW  11-Mar-23 18:12 0002  ON6FC          599  599  JO10          ON       3   1826.2
160CW  11-Mar-23 18:13 0003  F5IN           599  599  JN18          F        3   1828.6
160CW  11-Mar-23 18:14 0004  OZ0B           599  599  JO45          OZ       3   1827.7
160CW  11-Mar-23 18:16 0005  OK1TN          599  599  JO70                   3   1833.3
160CW  11-Mar-23 18:18 0006  DR7B           599  599  JO60          DL       2   1834.0
160CW  11-Mar-23 18:19 0007  IK0YUT         599  599  JN63          I        3   1835.4
160CW  11-Mar-23 18:20 0008  DL2DSA         599  599  JO61                   2   1838.3
160CW  11-Mar-23 18:27 0009  DO1AYJ         599  599  JO50                   2   1827.0
160CW  11-Mar-23 18:28 0010  IK1PMR         599  599  JN45                   3   1831.5
160CW  11-Mar-23 18:52 0011  DF7TV          599  599  JN48                   2   1836.5
160CW  11-Mar-23 19:17 0012  PA4VHF         599  599  JO32          PA       3   1826.4
160CW  11-Mar-23 19:21 0013  YL3FT          599  599  KO26          YL       3   1830.0
160CW  11-Mar-23 19:49 0014  HB9TSW         599  599  JN46          HB       3   1830.5
160CW  11-Mar-23 19:55 0015  DL5DSB         599  599  JO61                   2   1835.7
160CW  11-Mar-23 19:58 0016  OK1CZ          599  599  JO70                   3   1824.7
160CW  11-Mar-23 20:02 0017  SP9JZU         599  599  JN99          SP       3   1823.1
160CW  11-Mar-23 21:32 0018  SP2HMT         599  599  JO94                   3   1823.1
160CW  11-Mar-23 21:38 0019  LY33A          599  599  KO25          LY       3   1825.9
160CW  11-Mar-23 21:39 0020  LA7GIA         599  599  JO59          LA       3   1826.7
160CW  11-Mar-23 21:40 0021  SP6AEG         599  599  JO81                   3   1828.2
160CW  11-Mar-23 21:42 0022  DL1CW          599  599  JN48                   2   1830.5
160CW  11-Mar-23 21:46 0023  OK1DOL         599  599  JN69                   3   1827.9
160CW  11-Mar-23 21:51 0024  ON7PQ          599  599  JO10                   3   1823.0
160CW  11-Mar-23 21:52 0025  PA3AM          599  599  JO32                   3   1823.0
160CW  11-Mar-23 21:53 0026  F6FYA          599  599  JN07                   3   1823.0
160CW  11-Mar-23 21:56 0027  GM0OPS         599  599  IO75          GM       3   1823.0
160CW  11-Mar-23 22:03 0028  E79D           599  599  JN93          E7       3   1830.0
160CW  11-Mar-23 22:04 0029  DK6FX          599  599  JO30                   2   1832.5
160CW  11-Mar-23 22:08 0030  DK5WO          599  599  JO30                   2   1836.3
160CW  11-Mar-23 22:09 0031  DL4ME          599  599  JO50                   2   1836.3
160CW  11-Mar-23 22:09 0032  PC4H           599  599  JO22                   3   1836.3
160CW  11-Mar-23 22:14 0033  DL3KUD         599  599  JO53                   2   1827.0
160CW  11-Mar-23 22:22 0034  DL4HG          599  599  JO53                   2   1832.6
