 15CW  20-May-23 10:30 0001  EU8U           599  599  165           EU       3  21020.0
 15CW  20-May-23 10:31 0002  RA3AN          599  599  097           UA       3  21020.0
 15CW  20-May-23 10:35 0003  UN4L           599  599  L09           UN       5  21030.0
 10CW  20-May-23 10:39 0004  EA1DAV         599  599  000           EA       3  28031.0
 20CW  20-May-23 10:44 0005  LZ5Y           599  599  169           LZ       3  14026.0
 20CW  20-May-23 10:51 0006  EU8U           599  599  177           EU       3  14014.4
 20CW  20-May-23 10:58 0007  IK2PFL         599  599  068           I        3  14012.9
 20CW  20-May-23 11:11 0008  UP5B           599  599  B06           UN       5  14021.0
 20CW  20-May-23 11:12 0009  RU1AC          599  599  153           UA       3  14028.0
 20CW  20-May-23 11:12 0010  YU7KW          599  599  118           YU       3  14033.2
 20CW  20-May-23 13:48 0011  OY/DL1MGB      599  599  054           OY       3  14034.0
 20CW  20-May-23 13:49 0012  YO4DW          599  599  081           YO       3  14033.6
 20CW  20-May-23 13:50 0013  EA7Q           599  599  H             EA       3  14032.8
 20CW  20-May-23 13:51 0014  EF0F           599  599  SMR                    3  14032.5
 20CW  20-May-23 13:51 0015  UN4L           599  599  L09                    5  14032.0
 20CW  20-May-23 13:52 0016  HA3DX          599  599  074           HA       3  14030.2
 20CW  20-May-23 13:53 0017  UR5R           599  599  120           UR       3  14029.2
 20CW  20-May-23 13:54 0018  IT9KCD         599  599  017           IT9      3  14028.0
 20CW  20-May-23 13:54 0019  HG5D           599  599  162                    3  14026.2
 20CW  20-May-23 13:55 0020  CT7BJG         599  599  059           CT       3  14024.3
 20CW  20-May-23 13:56 0021  HG4I           599  599  075                    3  14023.9
 20CW  20-May-23 13:57 0022  EV1R           599  599  144                    3  14022.7
 20CW  20-May-23 14:00 0023  RW1A           599  599  079                    3  14020.6
 20CW  20-May-23 14:01 0024  F4FFH          599  599  057           F        3  14020.0
 20CW  20-May-23 14:01 0025  P3X            599  599  214           5B       5  14019.5
 20CW  20-May-23 14:03 0026  EA7A           599  599  SE                     3  14018.6
 20CW  20-May-23 14:03 0027  HA2KMR         599  599  113                    3  14017.8
 20CW  20-May-23 14:05 0028  LZ4R           599  599  154                    3  14016.0
 20CW  20-May-23 14:06 0029  9A3YT          599  599  111           9A       3  14014.9
 20CW  20-May-23 14:07 0030  OY1CT          599  599  187                    3  14014.0
 20CW  20-May-23 14:08 0031  SE5E           599  599  166           SM       3  14013.6
 20CW  20-May-23 14:08 0032  IT9PPG         599  599  046                    3  14012.8
 20CW  20-May-23 14:09 0033  EA5M           599  599  MU                     3  14011.5
 20CW  20-May-23 14:09 0034  LZ5R           599  599  356                    3  14011.0
 20CW  20-May-23 14:10 0035  EA1TG          599  599  S                      3  14009.9
 20CW  20-May-23 14:11 0037  IT9RZU         599  599  117                    3  14009.0
 20CW  20-May-23 14:12 0037  OM2VL          599  599  197           OM       3  14008.5
 15CW  20-May-23 14:14 0038  EA4IE          599  599  TO            EA       3  21022.1
 15CW  20-May-23 14:16 0039  EA8ZS          599  599  GC            EA8      5  21021.2
 15CW  20-May-23 14:17 0040  EA8KR          599  599  GC                     5  21036.6
 15CW  20-May-23 14:19 0041  LZ5R           599  599  376           LZ       3  21010.9
 15CW  20-May-23 14:35 0042  CT1BOH         599  599  029           CT       3  21029.1
 15CW  20-May-23 14:36 0043  YQ6A           599  599  127           YO       3  21030.7
 15CW  20-May-23 14:50 0044  EA1WH          599  599  C                      3  21030.4
 15CW  20-May-23 19:40 0045  PY4HO          599  599  83            PY       5  21028.0
 15CW  20-May-23 19:43 0046  PY3TD          599  599  073                    5  21023.2
 15CW  20-May-23 19:44 0047  PY2KJ          599  599  257                    5  21011.0
 20CW  20-May-23 19:49 0048  UT5NC          599  599  111                    3  14027.5
 20CW  20-May-23 19:54 0049  IZ8GCB         599  599  120                    3  14020.5
 40CW  20-May-23 19:59 0050  HA2VH          599  599  263           HA       3   7034.8
 40CW  20-May-23 20:01 0051  OL5W           599  599  092           OK       3   7027.7
 40CW  20-May-23 20:02 0052  I2WIJ          599  599  053           I        3   7025.0
 40CW  20-May-23 20:03 0053  DK1TW          599  599  249           DL       2   7023.6
 40CW  20-May-23 20:04 0054  HB9TOC         599  599  144           HB       3   7023.3
 80CW  20-May-23 20:06 0055  DK3YD          599  599  184           DL       2   3533.0
 80CW  20-May-23 20:09 0056  EA5RS          599  599  A             EA       3   3529.1
 80CW  20-May-23 20:10 0057  IV3AZV         599  599  031           I        3   3526.0
 80CW  20-May-23 20:11 0058  OZ2TF          599  599  180           OZ       3   3524.7
 80CW  20-May-23 20:13 0059  DQ2C           599  599  234                    2   3522.1
 80CW  20-May-23 20:13 0060  YL4WRTC        599  599  500           YL       3   3521.7
160CW  20-May-23 20:15 0061  SQ7U           599  599  015           SP       3   1829.0
160CW  20-May-23 20:16 0062  DL5KVV         599  599  012           DL       2   1835.5
160CW  20-May-23 20:17 0063  F5IN           599  599  268           F        3   1827.0
 15CW  20-May-23 20:18 0064  EE4Y           599  599  TO                     3  21017.1
 15CW  20-May-23 20:19 0065  EF5D           599  599  A                      3  21004.0
 20CW  20-May-23 20:21 0066  K9OM           599  599  112           K        5  14004.0
 20CW  20-May-23 20:28 0067  EA2ESB         599  599  TE                     3  14006.0
 20CW  20-May-23 20:29 0068  UT3EV          599  599  143                    3  14012.1
 20CW  20-May-23 20:29 0069  9A1AA          599  599  473                    3  14012.9
 20CW  20-May-23 20:31 0070  CT7AUP         599  599  136                    3  14017.1
 20CW  20-May-23 20:32 0071  YT7X           599  599  048                    3  14018.0
 20CW  20-May-23 20:33 0072  IK8UND         599  599  139                    3  14018.8
 20CW  20-May-23 20:33 0073  ED7W           599  599  CO                     3  14020.5
 20CW  20-May-23 20:36 0074  EA4M           599  599  M                      3  14027.0
 20CW  20-May-23 20:57 0075  VR2XAN         599  599  234           VR       5  14028.0
 20CW  20-May-23 20:59 0076  EA4GWG         599  599  M                      3  14035.0
 10CW  21-May-23 08:44 0077  EA1DAV         599  599  C                      0  28024.0
 10CW  21-May-23 08:45 0078  ED7W           599  599  CO                     3  28017.6
 10CW  21-May-23 08:46 0079  EA5FID         599  599  A                      3  28012.5
 10CW  21-May-23 08:53 0080  EA5M           599  599  MU                     3  28015.1
 15CW  21-May-23 09:00 0081  EA6SX          599  599  IB            EA6      3  21009.0
 15CW  21-May-23 09:01 0082  ED1R           599  599  AV                     3  21013.0
 15CW  21-May-23 09:02 0083  LZ1ZJ          599  599  594                    3  21014.2
 15CW  21-May-23 09:02 0084  EF5K           599  599  V                      3  21019.0
 15CW  21-May-23 09:04 0085  LZ8E           599  599  1090                   3  21022.8
 15CW  21-May-23 09:05 0086  RZ9L           599  599  410           UA9      5  21023.3
 15CW  21-May-23 09:06 0087  9A7Z           599  599  430           9A       3  21024.1
 15CW  21-May-23 09:08 0088  OK2EA          599  599  484           OK       3  21026.4
 15CW  21-May-23 09:37 0089  EA5NY          599  599  V                      3  21030.1
 15CW  21-May-23 09:38 0090  EB5A           599  599  A                      3  21034.9
 15CW  21-May-23 09:38 0091  EA4FL          599  599  GU                     3  21039.0
 10CW  21-May-23 09:40 0092  RC9J           599  599  248           UA9      5  28015.4
 10CW  21-May-23 09:40 0093  OH1F           599  599  741           OH       3  28019.2
 20CW  21-May-23 09:42 0094  HA7MF          599  599  332                    3  14007.0
 20CW  21-May-23 09:47 0095  HA7UI          599  599  333                    3  14014.0
 20CW  21-May-23 09:48 0096  SV1JG          599  599  542           SV       3  14014.4
 20CW  21-May-23 09:49 0097  E77EA          599  599  964           E7       3  14016.1
 20CW  21-May-23 09:50 0098  OM7LW          599  599  743                    3  14016.3
 20CW  21-May-23 09:50 0099  UR7R           599  599  254                    3  14017.3
 20CW  21-May-23 09:52 0100  EA6UP          599  599  IB            EA6      3  14018.1
 20CW  21-May-23 09:53 0101  EA4OR          599  599  M                      3  14018.6
 20CW  21-May-23 09:54 0102  OH1NA          599  599  632           OH       3  14019.6
 20CW  21-May-23 09:55 0103  Z33F           599  599  269           Z3       3  14021.1
 20CW  21-May-23 09:56 0104  HA2VH          599  599  423                    3  14024.5
 20CW  21-May-23 10:34 0105  YL3JD          599  599  129           YL       3  14025.7
 20CW  21-May-23 10:35 0106  OH5TS          599  599  360                    3  14028.8
 20CW  21-May-23 10:36 0107  YL7X           599  599  172                    3  14032.0
 20CW  21-May-23 10:37 0108  RX6AM          599  599  144                    3  14033.0
 20CW  21-May-23 10:37 0109  EA5Y           599  599  M                      3  14034.5
 20CW  21-May-23 10:39 0110  EA4TX          599  599  M                      3  14035.0
 20CW  21-May-23 10:43 0111  EA7AAW         599  599  GR                     3  14038.0
 10CW  21-May-23 10:55 0112  9N7AA          599  599  479           9N       5  28026.0
 15CW  21-May-23 11:22 0113  P3X            599  599  1359          5B       5  21015.0
 15CW  21-May-23 11:23 0114  RW1A           599  599  298                    3  21015.8
 15CW  21-May-23 11:24 0115  RW0AJ          599  599  146                    5  21021.4
 15CW  21-May-23 11:27 0116  UI7D           599  599  269                    3  21025.3
 15CW  21-May-23 11:29 0117  RX6AM          599  599  193                    3  21027.5
 15CW  21-May-23 11:33 0118  JA6GCE         599  599  587           JA       5  21035.5
 15CW  21-May-23 11:35 0119  EA1IQ          599  599  PO                     3  21039.0
 15CW  21-May-23 11:35 0120  R7MM           599  599  669                    3  21039.8
 20CW  21-May-23 11:37 0121  EA7HAB         599  599  GR                     3  14036.0
 20CW  21-May-23 11:38 0122  LA0CX          599  599  305           LA       3  14034.5
 20CW  21-May-23 11:39 0123  UW7RWA         599  599  304                    3  14033.7
 20CW  21-May-23 11:41 0124  9A30T          599  599  357                    3  14032.3
 20CW  21-May-23 11:42 0125  EA5KM          599  599  A                      3  14030.0
 20CW  21-May-23 11:43 0126  EA7URC         599  599  CO                     3  14025.0
 20CW  21-May-23 11:44 0127  EF5K           599  599  V                      3  14021.0
 20CW  21-May-23 11:45 0128  LZ8E           599  599  1259                   3  14018.4
 20CW  21-May-23 11:46 0129  EA8ZS          599  599  GC            EA8      5  14017.2
 20CW  21-May-23 11:48 0130  EE4Y           599  599  TO                     3  14014.1
 20CW  21-May-23 11:49 0131  LZ4W           599  599  366                    3  14012.9
 20CW  21-May-23 11:51 0132  EA2KV          599  599  Z                      3  14012.0
 20CW  21-May-23 11:52 0133  Z3100TC        599  599  338                    3  14010.4
 20CW  21-May-23 11:53 0134  YL4WRTC        599  599  1068                   3  14009.2
 20CW  21-May-23 11:54 0135  HG8W           599  599  672                    3  14008.7
 20CW  21-May-23 11:55 0136  EW1M           599  599  092                    3  14024.0
 20CW  21-May-23 11:56 0137  IZ8JFL         599  599  586                    3  14024.5
 20CW  21-May-23 11:58 0138  EB5A           599  599  A                      3  14045.7
 15CW  21-May-23 11:59 0139  UV1IX          599  599  409           UR       3  21024.1
