 40CW  21-Oct-23 12:20 0001  DL8TG          599  599  W36           DL       2   7015.8
 40CW  21-Oct-23 12:22 0002  DL8IH          599  599  K25                    2   7017.6
 40CW  21-Oct-23 12:23 0003  DL2VFR         599  599  I25                    2   7017.6
 40CW  21-Oct-23 12:24 0004  DK2FG          599  599  N05                    2   7017.6
 40CW  21-Oct-23 12:25 0005  SO3O           599  599  002           SP       3   7017.6
 40CW  21-Oct-23 12:25 0006  SF6W           599  599  006           SM       3   7017.6
 40CW  21-Oct-23 12:26 0007  DF7XR          599  599  N30                    2   7017.6
 40CW  21-Oct-23 12:27 0008  DL7AUO         599  599  D06                    2   7017.6
 40CW  21-Oct-23 12:28 0009  DF7WY          599  599  G01                    2   7017.6
 40CW  21-Oct-23 12:31 0010  DL9FK          599  599  I21                    2   7017.6
 40CW  21-Oct-23 12:34 0011  DL7AT          599  599  E38                    2   7013.1
 40CW  21-Oct-23 12:38 0012  DK7ZT          599  599  F15                    2   7015.0
 40CW  21-Oct-23 12:40 0013  LX9S           599  599  010           LX       3   7017.0
 40CW  21-Oct-23 12:47 0014  DL6MHW         599  599  W37                    2   7016.3
 40CW  21-Oct-23 12:48 0015  DF4ZL          599  599  F16                    2   7011.5
 40CW  21-Oct-23 12:49 0016  DL3ON          599  599  P05                    2   7023.0
 40CW  21-Oct-23 12:50 0017  DK3YD          599  599  C12                    2   7017.6
 40CW  21-Oct-23 12:52 0018  DM6EE          599  599  H24                    2   7036.5
 80CW  21-Oct-23 12:54 0019  DL2VFR         599  599  I25           DL       2   3524.0
 80CW  21-Oct-23 12:56 0020  DL7AT          599  599  E38                    2   3530.4
 40CW  21-Oct-23 12:57 0021  DL8MAS         599  599  T19                    2   7028.4
 40CW  21-Oct-23 13:00 0022  DC8YZ          599  599  B13                    2   7022.7
 40CW  21-Oct-23 13:02 0023  DL3HR          599  599  F16                    2   7021.0
 40CW  21-Oct-23 13:04 0024  DK2ZO          599  599  P05                    2   7020.1
 40CW  21-Oct-23 13:05 0025  DK3WW          599  599  Y09                    2   7018.7
 40CW  21-Oct-23 13:06 0026  DL0SP          599  599  D06                    2   7016.8
 40CW  21-Oct-23 13:08 0027  DD5KG          599  599  C18                    2   7015.3
 40CW  21-Oct-23 13:10 0028  DF8V           599  599  Q05                    2   7027.6
 40CW  21-Oct-23 13:11 0029  DD2JB          599  599  G40                    2   7027.6
 40CW  21-Oct-23 13:12 0030  DC2VE          599  599  Q16                    2   7027.6
 40CW  21-Oct-23 13:13 0031  DJ3WE          599  599  C01                    2   7027.6
 40CW  21-Oct-23 13:14 0032  DK0FWS         599  599  Y21                    2   7027.6
 40CW  21-Oct-23 13:15 0033  DF5DR          599  599  F16                    2   7027.6
 40CW  21-Oct-23 13:18 0034  DL2AOM         599  599  X41                    2   7027.6
 40CW  21-Oct-23 13:20 0035  DM4EZ          599  599  S38                    2   7027.6
 40CW  21-Oct-23 13:21 0036  OR5O           599  599  009           ON       3   7027.6
 40CW  21-Oct-23 13:24 0037  DL1STO         599  599  N47                    2   7027.6
 40CW  21-Oct-23 13:24 0038  DJ9MH          599  599  B10                    2   7027.6
 40CW  21-Oct-23 13:27 0039  DL5MCE         599  599  Y22                    2   7027.6
 40CW  21-Oct-23 13:28 0040  DL1GBZ         599  599  A50                    2   7027.6
 40CW  21-Oct-23 13:29 0041  PA0JED         599  599  030           PA       3   7027.6
 40CW  21-Oct-23 13:30 0042  DH4AAA         599  599  NM                     2   7027.6
 40CW  21-Oct-23 13:34 0043  DF1DT          599  599  O04                    2   7024.3
 40CW  21-Oct-23 13:35 0044  DM6WAN         599  599  S54                    2   7027.1
 40CW  21-Oct-23 13:36 0045  DL8UD          599  599  E38                    2   7029.5
 40CW  21-Oct-23 13:37 0046  DL4SDR         599  599  P62                    2   7030.5
 40CW  21-Oct-23 13:40 0047  DK8CB          599  599  N29                    2   7030.9
 40CW  21-Oct-23 13:44 0048  G4RKO          599  599  014           G        3   7018.6
 40CW  21-Oct-23 13:45 0049  SD4W           599  599  004                    3   7018.6
 40CW  21-Oct-23 13:46 0050  DL0CK          599  599  R04                    2   7018.6
 40CW  21-Oct-23 13:48 0051  E74EW          599  599  009           E7       3   7018.6
 40CW  21-Oct-23 13:49 0052  DF5QC          599  599  N26                    2   7018.6
 40CW  21-Oct-23 13:51 0053  DL7AXS         599  599  D06                    2   7018.6
 40CW  21-Oct-23 13:53 0054  DF5DR          599  599  F16                    0   7018.6
 40CW  21-Oct-23 13:58 0055  DJ2MX          599  599  C26                    2   7028.8
 80CW  21-Oct-23 14:03 0056  DK2FG          599  599  N05                    2   3513.0
 80CW  21-Oct-23 14:06 0057  DL8TG          599  599  W36                    2   3514.1
 80CW  21-Oct-23 14:08 0058  DL8UD          599  599  E38                    2   3527.0
 80CW  21-Oct-23 14:09 0059  DL6MHW         599  599  W37                    2   3526.0
 80CW  21-Oct-23 14:21 0060  DL8CLO         599  599  B23                    2   3510.0
 80CW  21-Oct-23 14:29 0061  DL0ABT         599  599  D25                    2   3531.7
 80CW  21-Oct-23 14:29 0062  DL5MCE         599  599  Y22                    2   3531.7
