 40CW  29-May-23 16:33 0001  SP2XX          599  599  007           SP       3   7032.6
 40CW  29-May-23 16:33 0002  OK2NO          599  599  009           OK       3   7032.6
 40CW  29-May-23 16:34 0003  OL4W           599  599  005                    3   7032.6
 40CW  29-May-23 16:46 0004  PA3AAV         599  599  042           PA       3   7020.5
 40CW  29-May-23 16:46 0005  DL6MRW         599  599  37            DL       2   7021.1
 40CW  29-May-23 16:47 0006  PA3ARM         599  599  32                     3   7021.7
 40CW  29-May-23 16:47 0007  OK2PYA         599  599  038                    3   7022.0
 40CW  29-May-23 16:50 0008  DF1LON         599  599  025                    2   7023.7
 40CW  29-May-23 16:51 0009  PA3DBS         599  599  012                    3   7023.4
 40CW  29-May-23 16:51 0010  SD6F           599  599  037           SM       3   7024.3
 40CW  29-May-23 16:52 0011  OK1FGD         599  599  042                    3   7025.0
 40CW  29-May-23 16:53 0012  SM5GRD         599  599  030                    3   7025.6
 40CW  29-May-23 16:55 0013  OK1OA          599  599  048                    3   7026.1
 40CW  29-May-23 16:56 0014  OK1DOR         599  599  051                    3   7026.4
 40CW  29-May-23 16:56 0015  OK2EA          599  599  055                    3   7026.8
 40CW  29-May-23 16:57 0016  OM3CPF         599  599  047           OM       3   7027.4
 40CW  29-May-23 16:57 0017  OK1RKS         599  599  049                    3   7028.0
 40CW  29-May-23 16:58 0018  OK1TN          599  599  057                    3   7028.7
 40CW  29-May-23 16:59 0019  E77EA          599  599  052           E7       3   7029.5
 40CW  29-May-23 17:03 0020  OM5CM          599  599  048                    3   7032.8
 40CW  29-May-23 17:04 0021  G4CZB          599  599  021           G        3   7032.8
 40CW  29-May-23 17:04 0022  OK1NU          599  599  032                    3   7032.8
 40CW  29-May-23 17:05 0023  SP4TKR         599  599  047                    3   7032.8
 40CW  29-May-23 17:06 0024  IN3FHE         599  599  031           I        3   7032.8
 40CW  29-May-23 17:07 0025  SN2S           599  599  048                    3   7032.8
 40CW  29-May-23 17:08 0026  HA5MA          599  599  046           HA       3   7032.8
 40CW  29-May-23 17:08 0027  DA0RR          599  599  057                    2   7032.8
 40CW  29-May-23 17:09 0028  YL3FW          599  599  051           YL       3   7032.8
 40CW  29-May-23 17:09 0029  S52W           599  599  066           S5       3   7032.8
 40CW  29-May-23 17:10 0030  OK3X           599  599  036                    3   7032.8
 40CW  29-May-23 17:11 0031  PC4H           599  599  049                    3   7032.8
 40CW  29-May-23 17:12 0032  SJ9NS          599  599  018                    3   7032.8
 40CW  29-May-23 17:13 0033  DA3T           599  599  059                    2   7032.8
 40CW  29-May-23 17:13 0034  SP4JFR         599  599  069                    3   7032.8
 40CW  29-May-23 17:14 0035  LY4K           599  599  061           LY       3   7032.8
 40CW  29-May-23 17:14 0036  OK1OFM         599  599  072                    3   7032.8
 40CW  29-May-23 17:16 0037  OK2VX          599  599  044                    3   7032.8
 40CW  29-May-23 17:16 0038  DK5FN          599  599  024                    2   7032.8
 40CW  29-May-23 17:17 0039  S51J           599  599  059                    3   7032.8
 40CW  29-May-23 17:17 0040  SC6O           599  599  044                    3   7032.8
 40CW  29-May-23 17:18 0041  OK2BFN         599  599  062                    3   7032.8
 40CW  29-May-23 17:20 0042  OL8R           599  599  013                    3   7032.8
 40CW  29-May-23 17:22 0043  HB9HTF         599  599  056           HB       3   7033.4
 40CW  29-May-23 17:23 0044  OK1AMX         599  599  058                    3   7032.2
 40CW  29-May-23 17:24 0045  DJ4WT          599  599  048                    2   7030.1
 40CW  29-May-23 17:26 0046  SN7J           599  599  054                    3   7025.8
 40CW  29-May-23 17:27 0047  SP8BXL         599  599  059                    3   7026.2
 40CW  29-May-23 17:28 0048  OZ7BQ          599  599  052           OZ       3   7025.4
