 20CW  26-Aug-23 22:16 0001  W2AW           599  599  24            K        5  14030.6
 20CW  26-Aug-23 22:17 0002  KA1EFO         599  599  001                    5  14024.7
 20CW  26-Aug-23 22:18 0003  E70AW          599  599  148           E7       3  14024.0
 20CW  26-Aug-23 22:20 0004  IV3AZV         599  599  048           I        3  14021.5
 20CW  26-Aug-23 22:20 0005  N2YO           599  599  641                    5  14015.6
 40CW  26-Aug-23 22:21 0006  YR0K           599  599  BC            YO       3   7010.0
 40CW  26-Aug-23 22:22 0007  YO5ODT         599  599  BH                     3   7016.0
 40CW  26-Aug-23 22:24 0008  YR7J           599  599  AG                     3   7022.8
 40CW  26-Aug-23 22:25 0009  YO6KPT         599  599  CV                     3   7023.9
 40CW  26-Aug-23 22:26 0010  KE1J           599  599  656           K        5   7010.5
 40CW  27-Aug-23 07:46 0011  HA4A           599  599  502           HA       3   7021.1
 40CW  27-Aug-23 07:47 0012  OK1HCG         599  599  065           OK       3   7023.5
 40CW  27-Aug-23 07:48 0013  YT4W           599  599  625           YU       3   7015.4
 40CW  27-Aug-23 07:48 0014  SP1AEN         599  599  387           SP       3   7010.4
 10CW  27-Aug-23 07:50 0015  RG9A           599  599  1169          UA9      5  28012.0
 10CW  27-Aug-23 07:52 0016  JA6GCE         599  599  846           JA       5  28010.1
 10CW  27-Aug-23 08:02 0017  UA9BA          599  599  248                    5  28018.5
 10CW  27-Aug-23 08:02 0018  R8LA           599  599  304                    5  28024.2
 10CW  27-Aug-23 08:05 0019  R9MA           599  599  219                    5  28033.0
 10CW  27-Aug-23 08:10 0020  BD3TE          599  599  081           BY       5  28043.0
 10CW  27-Aug-23 09:06 0021  ES5NY          599  599  363           ES       3  28022.2
