 20CW  16-Sep-23 12:01 0001  OH0Z           599  599  006           OH0      3  14008.0
 20CW  16-Sep-23 12:02 0002  LA2HFA         599  599  004           LA       3  14010.5
 20CW  16-Sep-23 12:05 0003  OH0R           599  599  012                    3  14017.4
 20CW  16-Sep-23 12:06 0004  OH3FM          599  599  012           OH       3  14020.6
 20CW  16-Sep-23 12:11 0005  SM2U           599  599  024           SM       3  14022.2
 20CW  16-Sep-23 21:39 0006  SC7DX          599  599  485                    3  14026.5
 40CW  16-Sep-23 21:43 0007  OH7K           599  599  520           OH       3   7023.8
 40CW  16-Sep-23 21:44 0008  SC6O           599  599  233           SM       3   7022.5
 40CW  16-Sep-23 21:46 0009  OH2YL          599  599  451                    3   7021.0
 40CW  16-Sep-23 21:47 0010  OZ1IKY         599  599  867           OZ       3   7020.0
 40CW  16-Sep-23 21:49 0011  SM0HRP         599  599  1039                   3   7019.6
 40CW  16-Sep-23 21:49 0012  SM5IMO         599  599  923                    3   7019.0
 40CW  16-Sep-23 21:50 0013  OG7Z           599  599  1030                   3   7018.6
 40CW  16-Sep-23 21:51 0014  OH0R           599  599  1052          OH0      3   7017.1
 40CW  16-Sep-23 21:52 0015  OH3NAQ         599  599  441                    3   7014.1
 40CW  16-Sep-23 21:53 0016  SB7S           599  599  854                    3   7013.5
 40CW  16-Sep-23 21:55 0017  OG5O           599  599  900                    3   7012.7
 40CW  16-Sep-23 21:57 0018  SE0X           599  599  181                    3   7012.0
 40CW  16-Sep-23 21:58 0019  OG1R           599  599  540                    3   7011.6
 40CW  16-Sep-23 21:58 0020  LN8W           599  599  522           LA       3   7006.0
 40CW  16-Sep-23 21:59 0021  SE5E           599  599  1214                   3   7037.5
 40CW  16-Sep-23 22:01 0022  OG1F           599  599  1370                   3   7036.7
 40CW  16-Sep-23 22:01 0023  OH2BA          599  599  736                    3   7035.7
 40CW  16-Sep-23 22:02 0024  OY/DL4AOJ      599  599  184           OY       3   7035.0
 40CW  16-Sep-23 22:05 0025  SB3W           599  599  1066                   3   7030.3
 40CW  16-Sep-23 22:06 0026  LC9A           599  599  165                    3   7029.9
 40CW  16-Sep-23 22:08 0027  SC7DX          599  599  416                    3   7029.6
 40CW  16-Sep-23 22:10 0028  OG8N           599  599  374                    3   7029.2
 40CW  16-Sep-23 22:11 0029  OH3FM          599  599  980                    3   7028.8
 40CW  16-Sep-23 22:13 0030  TF3D           599  599  122           TF       3   7028.2
 40CW  16-Sep-23 22:14 0031  OH2BAH         599  599  898                    3   7027.7
 15CW  17-Sep-23 08:58 0032  OH8Z           599  599  863           OH       3  21027.9
 15CW  17-Sep-23 08:59 0033  OG7Z           599  599  1260                   3  21025.5
 15CW  17-Sep-23 09:00 0034  SJ2W           599  599  1903          SM       3  21015.3
 15CW  17-Sep-23 09:01 0035  OG6N           599  599  704                    3  21014.1
 15CW  17-Sep-23 09:04 0036  OH6DX          599  599  284                    3  21043.0
 15CW  17-Sep-23 09:08 0037  OH8WW          599  599  757                    3  21035.0
 15CW  17-Sep-23 09:08 0038  SM3EAE         599  599  592                    3  21034.0
 15CW  17-Sep-23 09:09 0039  OH6NC          599  599  583                    3  21033.0
 15CW  17-Sep-23 09:12 0040  OH6LW          599  599  406                    3  21029.6
 20CW  17-Sep-23 09:18 0041  OH3KRH         599  599  209                    3  14054.0
 20CW  17-Sep-23 09:29 0042  OH3KQ          599  599  117                    3  14042.7
 20CW  17-Sep-23 09:30 0043  SM3EAE         599  599  608                    3  14040.6
 20CW  17-Sep-23 09:31 0044  OH3JR          599  599  531                    3  14039.0
 20CW  17-Sep-23 09:35 0045  OH3Z           599  599  627                    3  14038.4
 20CW  17-Sep-23 09:36 0046  OH2BAH         599  599  1307                   3  14037.8
 20CW  17-Sep-23 09:36 0047  OH8L           599  599  951                    3  14034.9
 20CW  17-Sep-23 09:37 0048  OH4BCS         599  599  162                    3  14033.5
 20CW  17-Sep-23 09:41 0049  OH6OS          599  599  949                    3  14032.3
 20CW  17-Sep-23 09:41 0050  OH7JL          599  599  284                    3  14031.1
 20CW  17-Sep-23 09:42 0051  OH7K           599  599  999                    3  14029.0
 20CW  17-Sep-23 09:43 0052  TF3D           599  599  851           TF       3  14028.0
 20CW  17-Sep-23 09:44 0053  OG7Z           599  599  1321                   3  14026.5
 20CW  17-Sep-23 09:45 0054  SB3W           599  599  1604                   3  14025.5
 20CW  17-Sep-23 09:47 0055  SJ2W           599  599  1972                   3  14024.7
 20CW  17-Sep-23 09:47 0056  SM0HRP         599  599  1412                   3  14022.2
 20CW  17-Sep-23 09:48 0057  OH1SIC         599  599  415                    3  14021.5
 20CW  17-Sep-23 09:54 0058  OH6RE          599  599  138                    3  14033.0
 20CW  17-Sep-23 09:57 0059  OG60W          599  599  157                    3  14019.0
 20CW  17-Sep-23 09:58 0060  OH3NAQ         599  599  838                    3  14018.0
 20CW  17-Sep-23 09:59 0061  SM5COP         599  599  513                    3  14013.5
 20CW  17-Sep-23 10:00 0062  SF1Z           599  599  1038                   3  14008.0
 20CW  17-Sep-23 10:02 0063  OH3D           599  599  247                    3  14007.1
 20CW  17-Sep-23 10:02 0064  SE5E           599  599  1849                   3  14006.0
 20CW  17-Sep-23 10:04 0065  OH6TN          599  599  547                    3  14046.1
 20CW  17-Sep-23 10:06 0066  OH1NDA         599  599  293                    3  14044.6
 20CW  17-Sep-23 10:11 0067  SD7W           599  599  1156                   3  14042.8
 20CW  17-Sep-23 11:18 0068  OY1CT          599  599  938           OY       3  14019.5
