 40CW  30-Jan-23 16:59 0001  SM5ACQ         599  599  034           SM       3   7039.2
 40CW  30-Jan-23 17:00 0002  OK2QA          599  599  040           OK       3   7036.8
 40CW  30-Jan-23 17:03 0003  OM5ZW          599  599  064           OM       3   7033.5
 40CW  30-Jan-23 17:04 0004  M4N            599  599  045           G        3   7032.5
 40CW  30-Jan-23 17:05 0005  OK6OK          599  599  020                    3   7032.2
 40CW  30-Jan-23 17:05 0006  SP0WRTC        599  599  000           SP       3   7031.5
 40CW  30-Jan-23 17:07 0007  II3WRTC        599  599  000           I        3   7031.0
 40CW  30-Jan-23 17:07 0008  HA1AH          599  599  052           HA       3   7030.6
 40CW  30-Jan-23 17:08 0009  E77EA          599  599  072           E7       3   7030.0
 40CW  30-Jan-23 17:09 0010  EA3X           599  599  067           EA       3   7029.0
 40CW  30-Jan-23 17:10 0011  DJ1CW          599  599  034           DL       2   7026.4
 40CW  30-Jan-23 17:10 0012  OM5CM          599  599  039                    3   7025.0
 40CW  30-Jan-23 17:11 0013  OT6E           599  599  060           ON       3   7022.5
 40CW  30-Jan-23 17:12 0014  S51J           599  599  055           S5       3   7021.9
 40CW  30-Jan-23 17:13 0015  LZ/OK5FF       599  599  024           LZ       3   7021.2
 40CW  30-Jan-23 17:15 0016  Z32TO          599  599  057           Z3       3   7020.3
 40CW  30-Jan-23 17:15 0017  OK5D           599  599  041                    3   7017.9
 40CW  30-Jan-23 17:17 0018  OK5RC          599  599  007                    3   7030.5
 40CW  30-Jan-23 17:18 0019  OK1FGD         599  599  042                    3   7030.5
 40CW  30-Jan-23 17:19 0020  OM5TZ          599  599  037                    3   7030.5
 40CW  30-Jan-23 17:20 0021  HA5BA          599  599  045                    3   7030.5
 40CW  30-Jan-23 17:21 0022  OK5OO          599  599  031                    3   7030.5
 40CW  30-Jan-23 17:22 0023  SD6F           599  599  067                    3   7030.5
 40CW  30-Jan-23 17:22 0024  UA4FCO         599  599  034           UA       3   7030.5
 40CW  30-Jan-23 17:27 0025  SM6M           599  599  108                    3   7036.8
 40CW  30-Jan-23 17:29 0026  OK1RKS         599  599  013                    3   7027.6
 40CW  30-Jan-23 17:30 0027  SA1AH          599  599  066                    3   7027.8
