 40CW  18-Sep-23 16:30 0001  OK1DOL         599  599  003           OK       3   7031.6
 40CW  18-Sep-23 16:31 0002  OK1DEP         599  599  001                    3   7031.3
 40CW  18-Sep-23 16:31 0003  DJ9KH          599  599  003           DL       2   7030.9
 40CW  18-Sep-23 16:33 0004  SM5ACQ         599  599  005           SM       3   7030.4
 40CW  18-Sep-23 16:35 0005  SP4JFR         599  599  009           SP       3   7022.9
 40CW  18-Sep-23 16:35 0006  OM5TZ          599  599  007           OM       3   7022.9
 40CW  18-Sep-23 16:36 0007  HA5BA          599  599  009           HA       3   7022.9
 40CW  18-Sep-23 16:36 0008  DL8MAS         599  599  012                    2   7022.9
 40CW  18-Sep-23 16:37 0009  OM5RM          599  599  014                    3   7022.9
 40CW  18-Sep-23 16:38 0010  SP3MEP         599  599  015                    3   7022.9
 40CW  18-Sep-23 16:38 0011  DJ9MH          599  599  015                    2   7022.9
 40CW  18-Sep-23 16:38 0012  OK5M           599  599  016                    3   7022.9
 40CW  18-Sep-23 16:39 0013  OK5FF          599  599  014                    3   7022.9
 40CW  18-Sep-23 16:39 0014  DF4PD          599  599  013                    2   7022.9
 40CW  18-Sep-23 16:40 0015  IN3FHE         599  599  012           I        3   7022.9
 40CW  18-Sep-23 16:40 0016  YU7TBA         599  599  008           YU       3   7022.9
 40CW  18-Sep-23 16:41 0017  OK1TD          599  599  015                    3   7022.9
 40CW  18-Sep-23 16:41 0018  SP4TKR         599  599  020                    3   7022.9
 40CW  18-Sep-23 16:42 0019  DJ9SN          599  599  013                    2   7022.9
 40CW  18-Sep-23 16:43 0020  OK1USP         599  599  019                    3   7022.9
 40CW  18-Sep-23 16:43 0021  OH1SIC         599  599  011           OH       3   7022.9
 40CW  18-Sep-23 16:44 0022  G4LJU          599  599  006           G        3   7022.9
 40CW  18-Sep-23 16:45 0023  EA1AHP         599  599  000           EA       3   7022.9
 40CW  18-Sep-23 16:46 0024  DF8V           599  599  016                    2   7022.9
 40CW  18-Sep-23 16:47 0025  SP3CW          599  599  033                    3   7022.9
 40CW  18-Sep-23 16:47 0026  HA6NL          599  599  035                    3   7022.9
 40CW  18-Sep-23 16:47 0027  PC4H           599  599  033           PA       3   7022.9
 40CW  18-Sep-23 16:48 0028  DM6EE          599  599  021                    2   7022.9
 40CW  18-Sep-23 16:48 0029  HG5E           599  599  055                    3   7022.9
 40CW  18-Sep-23 16:49 0030  DJ8VH          599  599  037                    2   7022.9
 40CW  18-Sep-23 16:49 0031  DF5EN          599  599  030                    2   7022.9
 40CW  18-Sep-23 16:50 0032  HA5NR          599  599  025                    3   7022.9
 40CW  18-Sep-23 16:50 0033  HB9HTF         599  599  036           HB       3   7022.9
 40CW  18-Sep-23 16:51 0034  DK5KK          599  599  041                    2   7022.9
 40CW  18-Sep-23 16:51 0035  OK2NO          599  599  035                    3   7022.9
 40CW  18-Sep-23 16:52 0036  SM0OEK         599  599  037                    3   7022.9
 40CW  18-Sep-23 16:53 0037  DL3RAR         599  599  026                    2   7022.9
 40CW  18-Sep-23 16:54 0038  OK1IBP         599  599  042                    3   7022.9
 40CW  18-Sep-23 16:55 0039  PA3DBH         599  599  027                    3   7022.9
 80CW  18-Sep-23 16:55 0040  DL4CF          599  599  004           DL       2   3538.0
 80CW  18-Sep-23 16:56 0041  OK1AY          599  599  012           OK       3   3540.1
 80CW  18-Sep-23 16:57 0042  PA3AAV         599  599  073           PA       3   3533.9
 80CW  18-Sep-23 16:57 0043  OM5B           599  599  011           OM       3   3533.9
 80CW  18-Sep-23 16:58 0044  DJ1PQ          599  599  018                    2   3533.9
 80CW  18-Sep-23 16:59 0045  OM3FW          599  599  027                    3   3533.9
 80CW  18-Sep-23 17:02 0046  DM6EE          599  599  041                    2   3533.9
 80CW  18-Sep-23 17:02 0047  DJ1PQ          599  599  019                    0   3533.9
 80CW  18-Sep-23 17:03 0048  DK3GI          599  599  002                    2   3533.9
 80CW  18-Sep-23 17:04 0049  OK1EP          599  599  005                    3   3533.9
 80CW  18-Sep-23 17:05 0050  OK1NU          599  599  036                    3   3533.9
 80CW  18-Sep-23 17:07 0051  SM0OEK         599  599  054           SM       3   3533.9
 80CW  18-Sep-23 17:07 0052  OK1DOL         599  599  073                    3   3534.6
 80CW  18-Sep-23 17:08 0053  OK5M           599  599  073                    3   3541.7
 80CW  18-Sep-23 17:10 0054  DL3AZ          599  599  009                    2   3533.8
 80CW  18-Sep-23 17:10 0055  SP3MEP         599  599  047           SP       3   3533.2
 80CW  18-Sep-23 17:11 0056  DJ9KH          599  599  070                    2   3532.6
 80CW  18-Sep-23 17:12 0057  DD5M           599  599  078                    2   3539.3
 80CW  18-Sep-23 17:13 0058  YL2KO          599  599  056           YL       3   3536.7
 80CW  18-Sep-23 17:17 0059  DA0RR          599  599  097                    2   3531.2
 80CW  18-Sep-23 17:17 0060  DL8MAS         599  599  074                    2   3531.2
 80CW  18-Sep-23 17:20 0061  DG8HJ          599  599  052                    2   3531.2
 80CW  18-Sep-23 17:21 0062  SP3CW          599  599  091                    3   3531.2
 80CW  18-Sep-23 17:22 0063  OL8R           599  599  133                    3   3531.2
 80CW  18-Sep-23 17:22 0064  OK1OA          599  599  093                    3   3531.2
 80CW  18-Sep-23 17:24 0065  OM5RM          599  599  102                    3   3531.2
 80CW  18-Sep-23 17:25 0066  DJ9MH          599  599  091                    2   3531.2
 80CW  18-Sep-23 17:26 0067  OK1TD          599  599  060                    3   3531.2
 80CW  18-Sep-23 17:27 0068  DJ9SN          599  599  077                    2   3531.7
 80CW  18-Sep-23 17:28 0069  DL1NEO         599  599  049                    2   3532.2
 80CW  18-Sep-23 17:28 0070  DJ8VH          599  599  087                    2   3535.5
