 40CW  06-Mar-23 16:33 0001  DL1NKS         599  599  007           DL       2   7037.5
 40CW  06-Mar-23 16:35 0002  SM5GRD         599  599  005           SM       3   7037.1
 40CW  06-Mar-23 16:36 0003  OK1TN          599  599  014           OK       3   7036.2
 40CW  06-Mar-23 16:37 0004  SM5IMO         599  599  018                    3   7034.8
 40CW  06-Mar-23 16:37 0005  OK2QA          599  599  018                    3   7034.1
 40CW  06-Mar-23 16:39 0006  SM9X           599  599  019                    3   7033.5
 40CW  06-Mar-23 16:39 0007  DL4ME          599  599  016                    2   7033.1
 40CW  06-Mar-23 16:41 0008  SP2XX          599  599  016           SP       3   7032.7
 40CW  06-Mar-23 16:41 0009  OK2EA          599  599  015                    3   7032.4
 40CW  06-Mar-23 16:42 0010  PA3DBS         599  599  022           PA       3   7032.0
 40CW  06-Mar-23 16:42 0011  DL4MM          599  599  030                    2   7031.5
 40CW  06-Mar-23 16:43 0012  HA5OV          599  599  031           HA       3   7031.0
 40CW  06-Mar-23 16:43 0013  OL8R           599  599  037                    3   7030.6
 40CW  06-Mar-23 16:44 0014  DD5M           599  599  031                    2   7030.2
 40CW  06-Mar-23 16:45 0015  OT6E           599  599  025           ON       3   7029.8
 40CW  06-Mar-23 16:45 0016  SM5ACQ         599  599  029                    3   7029.4
 40CW  06-Mar-23 16:47 0017  SN5N           599  599  038                    3   7028.5
 40CW  06-Mar-23 16:47 0018  DL8QS          599  599  032                    2   7028.0
 40CW  06-Mar-23 16:48 0019  SD6F           599  599  038                    3   7027.5
 40CW  06-Mar-23 16:49 0020  DJ9KH          599  599  034                    2   7026.7
 40CW  06-Mar-23 16:49 0021  OM3CPF         599  599  035           OM       3   7026.3
 40CW  06-Mar-23 16:51 0022  HB9BXE         599  599  053           HB       3   7026.0
 40CW  06-Mar-23 16:53 0023  DA0RR          599  599  035                    2   7025.3
 40CW  06-Mar-23 16:55 0024  DL5YL          599  599  045                    2   7024.5
 40CW  06-Mar-23 16:57 0025  SM5CSS         599  599  050                    3   7024.2
 40CW  06-Mar-23 16:58 0026  OK1DOR         599  599  053                    3   7023.5
 40CW  06-Mar-23 17:00 0027  OM3ZU          599  599  039                    3   7022.5
 40CW  06-Mar-23 17:00 0028  IN3FHE         599  599  031           I        3   7028.3
 40CW  06-Mar-23 17:02 0029  OK5OO          599  599  051                    3   7031.1
 40CW  06-Mar-23 17:03 0030  EA3X           599  599  037           EA       3   7031.3
 40CW  06-Mar-23 17:04 0031  S51J           599  599  038           S5       3   7031.8
 40CW  06-Mar-23 17:06 0032  OK5D           599  599  064                    3   7036.3
 40CW  06-Mar-23 17:07 0033  SP4DNX         599  599  047                    3   7037.8
 40CW  06-Mar-23 17:08 0034  DJ4MX          599  599  042                    2   7038.2
 40CW  06-Mar-23 17:09 0035  OK1FMJ         599  599  026                    3   7038.7
 40CW  06-Mar-23 17:11 0036  SN1F           599  599  055                    3   7020.8
 40CW  06-Mar-23 17:12 0037  OK2NO          599  599  069                    3   7023.2
 40CW  06-Mar-23 17:14 0038  OM5TZ          599  599  078                    3   7027.1
 40CW  06-Mar-23 17:14 0039  SP3MEP         599  599  040                    3   7027.5
 40CW  06-Mar-23 17:16 0040  OK5SA          599  599  053                    3   7037.1
 40CW  06-Mar-23 17:16 0041  OM2KI          599  599  081                    3   7037.1
 40CW  06-Mar-23 17:17 0042  LY4K           599  599  069           LY       3   7037.1
 40CW  06-Mar-23 17:17 0043  S57EA          599  599  029                    3   7037.1
 40CW  06-Mar-23 17:18 0044  DK3AX          599  599  044                    2   7037.1
 40CW  06-Mar-23 17:18 0045  SO3O           599  599  083                    3   7037.1
 40CW  06-Mar-23 17:19 0046  OM5CM          599  599  064                    3   7037.1
 40CW  06-Mar-23 17:19 0047  F5VLY          599  599  013           F        3   7037.1
 40CW  06-Mar-23 17:20 0048  SP7N           599  599  075                    3   7037.1
 40CW  06-Mar-23 17:20 0049  OK5RC          599  599  015                    3   7037.1
 40CW  06-Mar-23 17:21 0050  PA3AAV         599  599  105                    3   7037.1
 40CW  06-Mar-23 17:22 0051  PA3EMN         599  599  045                    3   7037.1
 40CW  06-Mar-23 17:23 0052  OG6B           599  599  059           OH       3   7037.1
 40CW  06-Mar-23 17:23 0053  OK6OK          599  599  071                    3   7037.1
 40CW  06-Mar-23 17:24 0054  OK1TRJ         599  599  061                    3   7037.1
 40CW  06-Mar-23 17:24 0055  DF4ZL          599  599  084                    2   7037.1
 40CW  06-Mar-23 17:25 0056  G4CZB          599  599  023           G        3   7037.1
 40CW  06-Mar-23 17:26 0057  E77EA          599  599  098           E7       3   7037.1
 40CW  06-Mar-23 17:26 0058  OH3MZ          599  599  036                    3   7037.1
 40CW  06-Mar-23 17:28 0059  DL1YCF         599  599  045                    2   7037.1
 40CW  06-Mar-23 17:29 0060  DF5EN          599  599  060                    2   7037.1
