 20SSB 25-Feb-23 10:07 0001  F8FUA          59   59   46            F        3  14115.1
 20SSB 25-Feb-23 10:08 0002  F4CWN          59   59   32                     3  14117.0
 20SSB 25-Feb-23 10:10 0003  F1MGE          59   59   13                     3  14122.0
 20SSB 25-Feb-23 10:15 0004  F6DZU          59   59   40                     3  14126.5
 20SSB 25-Feb-23 10:19 0005  F6HQP          59   59   73                     3  14134.0
 20SSB 25-Feb-23 10:22 0006  F5HIJ          59   59   33                     3  14136.0
 20SSB 25-Feb-23 10:23 0007  F6EKU          59   59   24                     3  14147.5
 20SSB 25-Feb-23 10:24 0008  F6KLO          59   59   19                     3  14157.5
 20SSB 25-Feb-23 10:26 0009  F4GGQ          59   59   29                     3  14162.0
 20SSB 25-Feb-23 10:33 0010  TK4RB          59   59   2B            TK       3  14177.0
 20SSB 25-Feb-23 10:41 0011  F8IDR          59   59   81                     3  14183.5
 20SSB 25-Feb-23 10:45 0012  TK4TH          59   59   2B                     3  14185.0
 20SSB 25-Feb-23 10:48 0013  TK5KP          59   59   2A                     3  14191.0
 20SSB 25-Feb-23 10:50 0014  F4HRG          59   59   44                     3  14200.0
 20SSB 25-Feb-23 10:57 0015  F5OKB          59   59   13                     3  14217.3
 20SSB 25-Feb-23 10:59 0016  F4ARU          59   59   31                     3  14233.1
 40SSB 25-Feb-23 11:38 0017  F4KKD          59   59   02            F        3   7069.0
 40SSB 25-Feb-23 11:50 0018  F6KOP          59   59   77                     3   7120.0
 40SSB 25-Feb-23 11:56 0019  F6KQV          59   59   67                     3   7163.5
 20SSB 25-Feb-23 12:04 0020  F5OQK          59   59   85                     3  14200.0
 20SSB 25-Feb-23 12:05 0021  F6KNB          59   59   33                     3  14224.0
 20SSB 25-Feb-23 12:09 0022  F4IDB          59   59   83                     3  14227.0
 20SSB 25-Feb-23 12:13 0023  TM5GI          59   59   56                     3  14250.0
 20SSB 25-Feb-23 14:06 0024  F5PHY          59   59   24                     3  14245.5
 20SSB 25-Feb-23 14:08 0025  TM2M           59   59   85                     3  14266.0
 20SSB 25-Feb-23 14:12 0026  F1RYW          59   59   32                     3  14197.0
 20SSB 25-Feb-23 14:13 0027  F6KEH          59   59   34                     3  14191.1
 20SSB 25-Feb-23 14:14 0028  F4KIR          59   59   35                     3  14187.7
 20SSB 25-Feb-23 14:17 0029  F6KRD          59   59   15                     3  14179.0
 20SSB 25-Feb-23 14:20 0030  F5LMG          59   59   22                     3  14173.5
 20SSB 26-Feb-23 16:27 0031  F1RHS          59   59   82                     3  14126.0
 20SSB 26-Feb-23 16:33 0032  FR4QT          59   59   FR            FR       5  14220.0
 15SSB 26-Feb-23 16:38 0033  TO1A           59   59   FY            FY       5  21217.0
 40SSB 26-Feb-23 16:44 0034  F4EFI          59   59   38                     3   7052.0
 40SSB 26-Feb-23 16:50 0035  F5KCK          59   59   78                     3   7067.0
 40SSB 26-Feb-23 17:37 0036  TM5TT          59   59   41                     3   7092.0
 40SSB 26-Feb-23 17:40 0037  F6REF          59   59   00                     3   7105.0
 40SSB 26-Feb-23 17:42 0038  F6FTB          59   59   21                     3   7109.2
 40SSB 26-Feb-23 17:43 0039  F4HYT          59   59   19                     3   7112.0
 40SSB 26-Feb-23 17:45 0040  F5JRC          59   59   02                     3   7118.0
 40SSB 26-Feb-23 17:46 0041  F6KGL          59   59   93                     3   7123.5
 40SSB 26-Feb-23 17:51 0042  F6GPT          59   59   33                     3   7131.0
 40SSB 26-Feb-23 17:54 0043  F6GOE          59   59   19                     3   7135.2
 80SSB 26-Feb-23 17:55 0044  F6KQV          59   59   67            F        3   3747.4
 80SSB 26-Feb-23 17:56 0045  F4IFF          59   59   37                     3   3750.0
 80SSB 26-Feb-23 17:58 0046  F6HQP          59   59   73                     3   3759.5
 80SSB 26-Feb-23 17:59 0047  F4ARU          59   59   31                     3   3762.8
 80SSB 26-Feb-23 18:00 0048  F6EZV/P        59   59   54                     3   3768.4
