 20SSB 22-Jul-23 18:27 0001  S5/TA7YLY      59   59   22            S5       3  14264.0
 20SSB 22-Jul-23 18:32 0002  S51CK          59   59   65                     3  14204.0
 20SSB 22-Jul-23 18:40 0003  9A2U           59   59   25            9A       3  14240.0
 20SSB 22-Jul-23 18:49 0004  3V8CB          59   59   25            3V       5  14210.0
 20SSB 22-Jul-23 18:57 0005  HA7DR          59   59   12            HA       3  14255.0
 15SSB 22-Jul-23 19:00 0006  9A5Y           59   59   15            9A       3  21267.0
 20SSB 22-Jul-23 19:31 0007  IT9FRX         59   59   41            IT9      3  14226.0
 20SSB 22-Jul-23 19:36 0008  HA6KG          59   59   45                     3  14227.0
 40SSB 22-Jul-23 19:40 0009  OL30RRC        59   59   61            OK       3   7091.0
 40SSB 22-Jul-23 19:46 0010  9A1A           59   59   25            9A       3   7104.0
 40SSB 22-Jul-23 19:47 0011  9A5Y           59   59   15                     3   7113.0
 40SSB 22-Jul-23 19:49 0012  OE2ROL         59   59   53            OE       3   7123.0
 40SSB 22-Jul-23 19:51 0013  HA2KMR         59   59   67            HA       3   7127.7
 40SSB 22-Jul-23 19:53 0014  HA7MA          59   59   12                     3   7130.4
 40SSB 22-Jul-23 19:54 0015  DH1OL          59   59   24            DL       2   7136.0
 40SSB 22-Jul-23 19:57 0016  DL1SDX         59   59   62                     2   7157.0
 40SSB 22-Jul-23 19:59 0017  HA7TM          59   59   67                     3   7162.0
 40SSB 22-Jul-23 20:00 0018  OE8DDX         59   59   55                     3   7171.0
 40SSB 22-Jul-23 20:01 0019  DK9BM          59   59   30                     2   7174.5
 40SSB 22-Jul-23 20:02 0020  M0YKS          59   59   56            G        3   7181.8
 40SSB 22-Jul-23 20:08 0021  DG7SCB         59   59   55                     2   7192.7
 40SSB 22-Jul-23 20:24 0022  HA7UI          59   59   79                     3   7138.9
 80SSB 22-Jul-23 20:31 0023  DB1WA          59   59   46            DL       2   3684.3
 80SSB 22-Jul-23 20:34 0024  S51A           59   59   16            S5       3   3716.0
