 40CW  01-Jul-24 16:30 0001  OK5D           599  599  001           OK       3   7034.4
 40CW  01-Jul-24 16:30 0002  SD6M           599  599  001           SM       3   7033.8
 40CW  01-Jul-24 16:31 0003  DL1NKS         599  599  002           DL       2   7037.0
 40CW  01-Jul-24 16:33 0004  OK1USP         599  599  002                    3   7034.8
 40CW  01-Jul-24 16:33 0005  SN2S           599  599  007           SP       3   7034.8
 40CW  01-Jul-24 16:34 0006  HB9CMW         599  599  002           HB       3   7034.8
 40CW  01-Jul-24 16:34 0007  OK2SFP         599  599  003                    3   7034.8
 40CW  01-Jul-24 16:35 0008  SM6TOL         599  599  006                    3   7034.8
 40CW  01-Jul-24 16:35 0009  HB9BXE         599  599  013                    3   7034.8
 40CW  01-Jul-24 16:35 0010  DR3W           599  599  011                    2   7034.8
 40CW  01-Jul-24 16:36 0011  DR2C           599  599  010                    2   7034.8
 40CW  01-Jul-24 16:36 0012  PC0A           599  599  012           PA       3   7034.8
 40CW  01-Jul-24 16:36 0013  HA6NL          599  599  017           HA       3   7034.8
 40CW  01-Jul-24 16:37 0014  DF5EN          599  599  015                    2   7034.8
 40CW  01-Jul-24 16:37 0015  DF8QB          599  599  002                    2   7034.8
 40CW  01-Jul-24 16:38 0016  HA5BA          599  599  015                    3   7034.8
 40CW  01-Jul-24 16:39 0017  OK1RKS         599  599  011                    3   7034.8
 40CW  01-Jul-24 16:39 0018  DL4ME          599  599  003                    2   7034.8
 40CW  01-Jul-24 16:41 0019  OK1DSZ         599  599  021                    3   7034.8
 40CW  01-Jul-24 16:41 0020  OM4MW          599  599  026           OM       3   7034.8
 40CW  01-Jul-24 16:42 0021  DM8T           599  599  011                    2   7034.8
 40CW  01-Jul-24 16:43 0022  G0TRT          599  599  003           G        3   7034.8
 40CW  01-Jul-24 16:44 0023  DJ3WE          599  599  018                    2   7034.8
 40CW  01-Jul-24 16:44 0024  OG6B           599  599  019           OH       3   7034.8
 40CW  01-Jul-24 16:45 0025  SN7J           599  599  021                    3   7034.8
 40CW  01-Jul-24 16:45 0026  OK1FKD         599  599  017                    3   7034.8
 40CW  01-Jul-24 16:46 0027  DM6EE          599  599  012                    2   7034.8
 40CW  01-Jul-24 16:47 0028  SM5DXR         599  599  013                    3   7034.8
 40CW  01-Jul-24 16:47 0029  DM1T           599  599  032                    2   7034.8
 40CW  01-Jul-24 16:47 0030  OK5SA          599  599  010                    3   7034.8
 40CW  01-Jul-24 16:48 0031  DM7W           599  599  033                    2   7034.8
 40CW  01-Jul-24 16:48 0032  HA1AS          599  599  019                    3   7034.8
 40CW  01-Jul-24 16:48 0033  OK1ITK         599  599  018                    3   7034.8
 40CW  01-Jul-24 16:49 0034  DK2DR          599  599  002                    2   7034.8
 40CW  01-Jul-24 16:50 0035  SP4TKR         599  599  046                    3   7034.8
 40CW  01-Jul-24 16:50 0036  OK2BFN         599  599  045                    3   7034.8
 40CW  01-Jul-24 16:51 0037  DL1YCF         599  599  019                    2   7034.8
 40CW  01-Jul-24 16:51 0038  OK1FMX         599  599  036                    3   7034.8
 40CW  01-Jul-24 16:52 0039  OK2GU          599  599  019                    3   7034.8
 40CW  01-Jul-24 16:52 0040  SP3MEP         599  599  038                    3   7034.8
 40CW  01-Jul-24 16:53 0041  SP8BXL         599  599  024                    3   7034.8
 40CW  01-Jul-24 16:53 0042  SN7Q           599  599  009                    3   7034.8
 40CW  01-Jul-24 16:54 0043  DJ5AS          599  599  015                    2   7034.8
 40CW  01-Jul-24 16:54 0044  S52W           599  599  052           S5       3   7034.8
 40CW  01-Jul-24 16:54 0045  DL2RMC         599  599  024                    2   7034.8
 40CW  01-Jul-24 16:56 0046  SE6K           599  599  029                    3   7034.8
 40CW  01-Jul-24 16:57 0047  HB9HTF         599  599  031                    3   7034.8
 40CW  01-Jul-24 16:58 0048  DL9UP          599  599  028                    2   7034.8
 40CW  01-Jul-24 16:58 0049  DG9VH          599  599  011                    2   7034.8
 40CW  01-Jul-24 17:01 0050  SD1A           599  599  041                    3   7014.5
 40CW  01-Jul-24 17:01 0051  DL2024U        599  599  042                    2   7015.1
 40CW  01-Jul-24 17:02 0052  SO3O           599  599  068                    3   7016.0
 40CW  01-Jul-24 17:03 0053  HG5E           599  599  022                    3   7017.8
 40CW  01-Jul-24 17:03 0054  SP2XX          599  599  056                    3   7018.5
 40CW  01-Jul-24 17:04 0055  DF7YE          599  599  062                    2   7019.4
 40CW  01-Jul-24 17:05 0056  PA3AAV         599  599  083                    3   7020.9
 40CW  01-Jul-24 17:05 0057  SM5IMO         599  599  048                    3   7021.2
 40CW  01-Jul-24 17:06 0058  OK2EA          599  599  071                    3   7021.6
 40CW  01-Jul-24 17:07 0059  PA3ARM         599  599  047                    3   7022.7
 40CW  01-Jul-24 17:07 0060  OK1NU          599  599  037                    3   7023.5
 40CW  01-Jul-24 17:09 0061  OK1IBP         599  599  065                    3   7024.7
 40CW  01-Jul-24 17:09 0062  OK1FGD         599  599  062                    3   7025.6
 40CW  01-Jul-24 17:10 0063  SC6O           599  599  045                    3   7025.9
 40CW  01-Jul-24 17:11 0064  DL5YM          599  599  075                    2   7026.6
 40CW  01-Jul-24 17:13 0065  OK1FHI         599  599  064                    3   7028.0
 40CW  01-Jul-24 17:14 0066  OK2IW          599  599  036                    3   7028.3
 40CW  01-Jul-24 17:15 0067  OK4RQ          599  599  034                    3   7029.9
 40CW  01-Jul-24 17:16 0068  DM5I           599  599  098                    2   7032.5
 40CW  01-Jul-24 17:16 0069  SN2S           599  599  063                    0   7032.5
 40CW  01-Jul-24 17:16 0070  HA7MF          599  599  042                    3   7032.5
 40CW  01-Jul-24 17:17 0071  DF8V           599  599  036                    2   7032.5
 40CW  01-Jul-24 17:17 0072  YL3FW          599  599  049           YL       3   7032.5
 40CW  01-Jul-24 17:18 0073  DL1SUS         599  599  003                    2   7032.5
 40CW  01-Jul-24 17:18 0074  DJ9MH          599  599  092                    2   7032.5
 40CW  01-Jul-24 17:18 0075  DA3T           599  599  052                    2   7032.5
 40CW  01-Jul-24 17:20 0076  F8CFO          599  599  063           F        3   7032.5
 40CW  01-Jul-24 17:20 0077  OM2KI          599  599  090                    3   7032.5
 40CW  01-Jul-24 17:21 0078  PC4H           599  599  038                    3   7032.5
 40CW  01-Jul-24 17:23 0079  OK1AMX         599  599  062                    3   7033.1
 40CW  01-Jul-24 17:23 0080  OK5TFC         599  599  051                    3   7033.8
 40CW  01-Jul-24 17:24 0081  DL2NBY         599  599  084                    2   7034.1
 40CW  01-Jul-24 17:25 0082  LY4K           599  599  030           LY       3   7036.4
 40CW  01-Jul-24 17:26 0083  RX3Q           599  599  053           UA       3   7026.0
 40CW  01-Jul-24 17:28 0084  OM5CM          599  599  074                    3   7027.5
 40CW  01-Jul-24 17:28 0085  DJ4WT          599  599  070                    2   7031.7
 40CW  01-Jul-24 17:30 0086  SM5ACQ         599  599  033                    3   7033.4
