 20SSB 14-Sep-24 14:52 0001  UP2L           59   59   1056          UN       5  14235.2
 20SSB 14-Sep-24 14:53 0002  RM9I           59   59   564           UA9      5  14243.2
 20SSB 14-Sep-24 14:56 0003  R8WF           59   59   288                    5  14265.0
 20SSB 14-Sep-24 15:25 0004  ZM1A           59   59   321           ZL       5  14247.0
 10SSB 14-Sep-24 15:29 0005  5B4AIF         59   59   1009          5B       5  28406.9
 10SSB 14-Sep-24 15:30 0006  P3CR           59   59   923                    5  28404.1
 10SSB 14-Sep-24 15:32 0007  CT9ABO         59   59   1179          CT3      5  28490.0
 15SSB 14-Sep-24 15:35 0008  4L2M           59   59   891           4L       5  21237.8
 15SSB 14-Sep-24 15:36 0009  TA4A           59   59   061           TA       5  21235.0
 15SSB 14-Sep-24 15:40 0012  YB2IQ          59   59   4             YB       5  21226.0
 15SSB 14-Sep-24 15:41 0013  UN0LM          59   59   085           UN       5  21230.0
 15SSB 14-Sep-24 15:45 0014  UN4Q           59   59   564                    5  21271.0
 15SSB 14-Sep-24 15:51 0015  BA4TB          59   59   229           BY       5  21323.0
 15SSB 14-Sep-24 16:28 0016  YB5DDE         59   59   162                    5  21263.9
 15SSB 14-Sep-24 16:29 0017  5B4AIF         59   59   1100          5B       5  21258.5
 15SSB 14-Sep-24 16:40 0018  UP7L           59   59   484                    5  21226.5
 15SSB 14-Sep-24 16:43 0019  UP2L           59   59   1214                   5  21235.0
 15SSB 14-Sep-24 16:46 0020  AT5T           59   59   16            VU       5  21210.0
 15SSB 14-Sep-24 16:46 0021  P3CR           59   59   997                    5  21200.0
 15SSB 14-Sep-24 16:47 0022  7E4M           59   59   000                    5  21251.9
 15SSB 14-Sep-24 16:53 0023  C49C           59   59   127                    5  21292.2
 15SSB 14-Sep-24 17:54 0024  NN7CW          59   59   807           K        5  21215.0
 10SSB 14-Sep-24 18:00 0025  PY2ZR          59   59   6             PY       5  28468.0
 10SSB 14-Sep-24 18:03 0026  CB8E           59   59   105           CE       5  28481.0
 10SSB 14-Sep-24 18:08 0027  PR1T           59   59   769                    5  28495.0
 10SSB 14-Sep-24 18:09 0028  PY2QT          59   59   201                    5  28514.0
 10SSB 14-Sep-24 18:09 0029  CX2RA          59   59   89            CX       5  28517.0
 10SSB 14-Sep-24 18:10 0030  PY5IN          59   59   049                    5  28508.0
 10SSB 14-Sep-24 18:12 0031  ZX5D           59   59   366                    5  28535.0
 10SSB 14-Sep-24 18:12 0032  PY2PLL         59   59   223                    5  28528.0
 10SSB 14-Sep-24 18:14 0033  PT2AW          59   59   118                    5  28462.6
 10SSB 14-Sep-24 18:18 0034  ZZ5K           59   59   460                    5  28446.9
 10SSB 14-Sep-24 18:19 0035  PY3TD          59   59   170                    5  28430.5
 10SSB 14-Sep-24 18:20 0036  ZZ2O           59   59   381                    5  28425.0
 10SSB 14-Sep-24 18:22 0037  PY2OX          59   59   080                    5  28415.0
 10SSB 14-Sep-24 18:23 0038  PU2WDX         59   59   135                    5  28379.8
 15SSB 14-Sep-24 18:25 0039  CR3W           59   59   1319          CT3      5  21218.0
 15SSB 14-Sep-24 18:26 0040  CT9ABO         59   59   1424                   5  21223.5
 15SSB 14-Sep-24 18:30 0041  PY5ZHP         59   59   72            PY       5  21250.0
 15SSB 14-Sep-24 18:36 0042  PZ5RA          59   59   424           PZ       5  21272.5
 15SSB 14-Sep-24 18:46 0043  PY5QW          59   59   357                    5  21295.0
 15SSB 14-Sep-24 19:00 0044  PY2UD          59   59   518                    5  21305.0
 15SSB 14-Sep-24 19:00 0045  PR1T           59   59   810                    5  21300.0
 15SSB 14-Sep-24 19:01 0046  FY5KE          59   59   601           FY       5  21307.5
 15SSB 14-Sep-24 19:02 0047  PY2ZR          59   59   70                     5  21312.0
 15SSB 14-Sep-24 19:04 0048  ZP4PUA         59   59   155           ZP       5  21338.0
 15SSB 14-Sep-24 20:30 0049  PY2CX          59   59   161                    5  21289.8
 15SSB 14-Sep-24 20:31 0050  PY5FO          59   59   140                    5  21285.0
 15SSB 14-Sep-24 20:32 0051  PY2RSA         59   59   142                    5  21302.9
 15SSB 14-Sep-24 20:40 0052  LO7H           59   59   113           LU       5  21308.7
 20SSB 14-Sep-24 20:42 0053  5B4AIF         59   59   1450          5B       5  14181.5
 20SSB 14-Sep-24 20:45 0054  CT9ABO         59   59   1613          CT3      5  14186.5
 20SSB 14-Sep-24 20:46 0055  PY5QW          59   59   488           PY       5  14178.0
 20SSB 14-Sep-24 20:48 0056  VY2TT          59   59   367           VE       5  14174.0
 20SSB 14-Sep-24 20:48 0057  K4AB           59   59   553           K        5  14169.0
 20SSB 14-Sep-24 20:49 0058  PR1T           59   59   902                    5  14165.2
 20SSB 14-Sep-24 20:50 0059  K1ZM           59   59   476                    5  14160.0
 20SSB 14-Sep-24 20:51 0060  AA4NC          59   59   503                    5  14154.0
 20SSB 14-Sep-24 20:52 0061  NN3W           59   59   729                    5  14151.0
 20SSB 14-Sep-24 20:53 0062  VU3TPW         59   59   183           VU       5  14207.0
 20SSB 14-Sep-24 20:55 0063  PY5ZHP         59   59   164                    5  14203.0
 20SSB 14-Sep-24 20:56 0064  N1UR           59   59   422                    5  14215.7
 20SSB 14-Sep-24 20:59 0065  NP2X           59   59   154           KP2      5  14225.0
 20SSB 14-Sep-24 21:00 0066  PT1M           59   59   278                    5  14226.0
 20SSB 14-Sep-24 21:01 0067  ZZ5K           59   59   632                    5  14230.0
 20SSB 14-Sep-24 21:02 0068  NN7CW          59   59   882                    5  14243.0
 20SSB 14-Sep-24 21:07 0069  PV2K           59   59   484                    5  14296.0
 20SSB 15-Sep-24 21:27 0070  AI4WW          59   59   206                    5  14187.7
 20SSB 15-Sep-24 21:28 0071  N2AA           59   59   552                    5  14185.0
 20SSB 15-Sep-24 21:30 0072  HK1T           59   59   426           HK       5  14173.0
 20SSB 15-Sep-24 21:33 0073  K9RS           59   59   900                    5  14166.3
 20SSB 15-Sep-24 21:35 0074  CT3KN          59   59   1139                   5  14155.1
 20SSB 15-Sep-24 21:36 0075  VE9AA          59   59   303                    5  14154.0
 20SSB 15-Sep-24 21:40 0076  CX6TU          59   59   265           CX       5  14197.0
 20SSB 15-Sep-24 21:41 0077  N2NT           59   59   899                    5  14198.8
