 80CW  28-Nov-24 20:05 0001  M3V            599  599  13            G        3   3516.1
 80CW  28-Nov-24 20:07 0002  G4LPP          599  599  13                     3   3518.1
 80CW  28-Nov-24 20:07 0003  M5M            599  599  11                     3   3518.5
 80CW  28-Nov-24 20:08 0004  GW6XX          599  599  25            GW       3   3519.1
 80CW  28-Nov-24 20:10 0005  GM2V           599  599  20            GM       3   3520.2
 80CW  28-Nov-24 20:10 0006  G2O            599  599  16                     3   3520.5
 80CW  28-Nov-24 20:11 0007  G3RWF          599  599  17                     3   3521.2
 80CW  28-Nov-24 20:11 0008  G4EBK          599  599  18                     3   3521.6
 80CW  28-Nov-24 20:12 0009  M7W            599  599  24                     3   3522.0
 80CW  28-Nov-24 20:13 0010  G2F            599  599  19                     3   3523.1
 80CW  28-Nov-24 20:14 0011  G3XTT          599  599  33                     3   3523.5
 80CW  28-Nov-24 20:15 0012  G3WVG          599  599  32                     3   3524.1
 80CW  28-Nov-24 20:15 0013  G5C            599  599  21                     3   3526.0
 80CW  28-Nov-24 20:16 0014  G3RVM          599  599  31                     3   3527.4
 80CW  28-Nov-24 20:17 0015  G8D            599  599  28                     3   3527.9
 80CW  28-Nov-24 20:17 0016  GI5I           599  599  18            GI       3   3528.6
 80CW  28-Nov-24 20:18 0017  G4ARI          599  599  31                     3   3530.0
 80CW  28-Nov-24 20:19 0018  G3ZGC          599  599  32                     3   3530.9
 80CW  28-Nov-24 20:20 0019  M2A            599  599  35                     3   3531.7
 80CW  28-Nov-24 20:22 0020  G4DBW          599  599  35                     3   3534.1
 80CW  28-Nov-24 20:23 0021  G5T            599  599  27                     3   3534.5
 80CW  28-Nov-24 20:24 0022  G3WGE          599  599  36                     3   3535.0
 80CW  28-Nov-24 20:24 0023  G4FAD          599  599  45                     3   3535.5
 80CW  28-Nov-24 20:26 0024  G8A            599  599  33                     3   3537.0
 80CW  28-Nov-24 20:26 0025  GM3YEH         599  599  38                     3   3536.4
 80CW  28-Nov-24 20:27 0026  G4KKU          599  599  34                     3   3537.5
 80CW  28-Nov-24 20:28 0027  GI4SJQ         599  599  33                     3   3538.3
 80CW  28-Nov-24 20:28 0028  G4FZE          599  599  40                     3   3538.7
 80CW  28-Nov-24 20:29 0029  G0GQT          599  599  32                     3   3541.0
 80CW  28-Nov-24 20:29 0030  GW7W           599  599  45                     3   3542.1
 80CW  28-Nov-24 20:30 0031  G4EUW          599  599  38                     3   3545.0
 80CW  28-Nov-24 20:31 0032  G0HSA          599  599  25                     3   3546.0
 80CW  28-Nov-24 20:33 0033  G4HIV          599  599  25                     3   3547.0
 80CW  28-Nov-24 20:35 0034  G3VIP          599  599  4                      3   3529.2
 80CW  28-Nov-24 20:36 0035  G3KLH          599  599  60                     3   3529.2
 80CW  28-Nov-24 20:36 0036  G2NF           599  599  65                     3   3529.2
 80CW  28-Nov-24 20:37 0037  G3XYF          599  599  28                     3   3529.2
 80CW  28-Nov-24 20:38 0038  G5Q            599  599  62                     3   3529.2
 80CW  28-Nov-24 20:39 0039  G6A            599  599  70                     3   3529.2
 80CW  28-Nov-24 20:40 0040  G3SZ           599  599  43                     3   3529.2
 80CW  28-Nov-24 20:40 0041  G4A            599  599  83                     3   3529.2
 80CW  28-Nov-24 20:41 0042  G4HSO          599  599  44                     3   3529.2
 80CW  28-Nov-24 20:42 0043  G3WRJ          599  599  45                     3   3529.2
 80CW  28-Nov-24 20:42 0044  G3RKF          599  599  24                     3   3529.2
 80CW  28-Nov-24 20:43 0045  G4OTV          599  599  35                     3   3529.2
 80CW  28-Nov-24 20:44 0046  M4N            599  599  84                     3   3529.2
 80CW  28-Nov-24 20:44 0047  M7R            599  599  62                     3   3529.2
 80CW  28-Nov-24 20:45 0048  G0SDM          599  599  30                     3   3529.2
 80CW  28-Nov-24 20:45 0049  M9M            599  599  36                     3   3529.2
 80CW  28-Nov-24 20:46 0050  M0KKM          599  599  23                     3   3529.2
 80CW  28-Nov-24 20:47 0051  M0CZR          599  599  16                     3   3529.2
 80CW  28-Nov-24 20:47 0052  G4KQY          599  599  44                     3   3529.2
 80CW  28-Nov-24 20:49 0053  G3VPW          599  599  70                     3   3529.2
 80CW  28-Nov-24 20:49 0054  G4ENZ          599  599  97                     3   3529.2
 80CW  28-Nov-24 20:51 0055  G4FJC          599  599  22                     3   3529.2
 80CW  28-Nov-24 20:52 0056  GM4JYB         599  599  56                     3   3529.2
 80CW  28-Nov-24 20:52 0057  G4BYC          599  599  32                     3   3529.2
 80CW  28-Nov-24 20:52 0058  G4N            599  599  72                     3   3529.2
 80CW  28-Nov-24 20:53 0059  G3YJQ          599  599  27                     3   3529.2
 80CW  28-Nov-24 20:54 0060  M0RYB          599  599  73                     3   3529.2
 80CW  28-Nov-24 20:54 0061  G5MW           599  599  35                     3   3529.2
 80CW  28-Nov-24 20:55 0062  G4TPJ          599  599  18                     3   3529.2
 80CW  28-Nov-24 20:56 0063  ON4EM          599  599  26            ON       3   3529.2
 80CW  28-Nov-24 20:56 0064  G0KPE          599  599  94                     3   3529.2
 80CW  28-Nov-24 20:58 0065  G1M            599  599  76                     3   3511.5
 80CW  28-Nov-24 20:59 0066  M0MUI          599  599  83                     3   3514.8
 80CW  28-Nov-24 21:00 0067  MM2T           599  599  84                     3   3520.1
 80CW  28-Nov-24 21:01 0068  M7TSM          599  599  52                     3   3522.5
 80CW  28-Nov-24 21:02 0069  G4ELZ          599  599  46                     3   3525.1
 80CW  28-Nov-24 21:05 0070  G4BYE          599  599  64                     3   3525.6
 80CW  28-Nov-24 21:07 0071  G4IVV          599  599  86                     3   3533.4
 80CW  28-Nov-24 21:08 0072  G3SWC          599  599  103                    3   3535.9
 80CW  28-Nov-24 21:10 0073  G3V            599  599  112                    3   3539.5
 80CW  28-Nov-24 21:10 0074  G8N            599  599  92                     3   3540.5
 80CW  28-Nov-24 21:11 0075  G4BVY          599  599  107                    3   3544.1
 80CW  28-Nov-24 21:11 0076  G3OGP          599  599  84                     3   3544.6
 80CW  28-Nov-24 21:13 0077  G3TDH          599  599  73                     3   3546.5
 80CW  28-Nov-24 21:13 0078  GW4J           599  599  51                     3   3547.6
 80CW  28-Nov-24 21:15 0079  G7D            599  599  62                     3   3555.5
 80CW  28-Nov-24 21:17 0080  G4XZL          599  599  31                     3   3556.3
 80CW  28-Nov-24 21:19 0081  M7WLT          599  599  18                     3   3556.1
 80CW  28-Nov-24 21:22 0082  G0W            599  599  52                     3   3558.5
 80CW  28-Nov-24 21:23 0083  M5Y            599  599  47                     3   3559.1
 80CW  28-Nov-24 21:24 0084  GM4OSS         599  599  106                    3   3548.9
 80CW  28-Nov-24 21:24 0085  GM2S           599  599  66                     3   3545.0
 80CW  28-Nov-24 21:27 0086  GM3ZRT         599  599  104                    3   3542.3
 80CW  28-Nov-24 21:29 0087  G4RWD          599  599  39                     3   3534.9
