 40CW  06-May-24 16:30 0001  PA3DBS         599  599  001           PA       3   7034.6
 40CW  06-May-24 16:31 0002  DJ5AS          599  599  001           DL       2   7032.8
 40CW  06-May-24 16:33 0003  OK1IBP         599  599  007           OK       3   7032.1
 40CW  06-May-24 16:34 0004  DF7YE          599  599  011                    2   7031.6
 40CW  06-May-24 16:34 0005  DL1NKS         599  599  010                    2   7031.2
 40CW  06-May-24 16:35 0006  OK5D           599  599  013                    3   7030.7
 40CW  06-May-24 16:36 0007  DM1T           599  599  014                    2   7030.4
 40CW  06-May-24 16:36 0008  OK1JAX         599  599  015                    3   7029.6
 40CW  06-May-24 16:37 0009  SM5ACQ         599  599  012           SM       3   7029.3
 40CW  06-May-24 16:38 0010  SN5N           599  599  018           SP       3   7029.0
 40CW  06-May-24 16:39 0011  E77EA          599  599  022           E7       3   7028.0
 40CW  06-May-24 16:39 0012  OK1DOR         599  599  015                    3   7027.2
 40CW  06-May-24 16:40 0013  OL2M           599  599  012                    3   7026.5
 40CW  06-May-24 16:40 0014  OK1FGD         599  599  013                    3   7025.5
 40CW  06-May-24 16:43 0015  DA3T           599  599  021                    2   7016.0
 40CW  06-May-24 16:44 0016  DR6T           599  599  006                    2   7016.0
 40CW  06-May-24 16:44 0017  HB9HTF         599  599  018           HB       3   7016.0
 40CW  06-May-24 16:45 0018  OM5KM          599  599  002           OM       3   7016.0
 40CW  06-May-24 16:45 0019  PC4H           599  599  026                    3   7016.0
 40CW  06-May-24 16:47 0020  SE5T           599  599  026                    3   7016.0
 40CW  06-May-24 16:48 0021  OM5B           599  599  042                    3   7016.0
 40CW  06-May-24 16:48 0022  OK5SA          599  599  025                    3   7016.0
 40CW  06-May-24 16:49 0023  OK1FMX         599  599  026                    3   7016.0
 40CW  06-May-24 16:49 0024  DF4PD          599  599  029                    2   7016.0
 40CW  06-May-24 16:50 0025  HA1AS          599  599  017           HA       3   7016.0
 40CW  06-May-24 16:50 0026  DL6GCE         599  599  003                    2   7016.0
 40CW  06-May-24 16:51 0027  M4N            599  599  035           G        3   7016.0
 40CW  06-May-24 16:51 0028  M7R            599  599  015                    3   7016.0
 40CW  06-May-24 16:53 0029  OK1OFM         599  599  035                    3   7037.9
 40CW  06-May-24 16:54 0030  OM5JA          599  599  027                    3   7037.2
 40CW  06-May-24 16:56 0031  SM0OEK         599  599  035                    3   7036.8
 40CW  06-May-24 16:56 0032  SM6M           599  599  054                    3   7036.4
 40CW  06-May-24 16:57 0033  OK1FHI         599  599  041                    3   7036.0
 40CW  06-May-24 16:57 0034  OK1OA          599  599  054                    3   7035.6
 40CW  06-May-24 16:58 0035  DJ9SN          599  599  035                    2   7035.1
 40CW  06-May-24 16:58 0036  SP2XX          599  599  052                    3   7034.7
 40CW  06-May-24 16:59 0037  G0TRT          599  599  022                    3   7032.4
 40CW  06-May-24 17:00 0038  SN7Q           599  599  067                    3   7031.8
 40CW  06-May-24 17:00 0039  HA5OV          599  599  050                    3   7029.9
 40CW  06-May-24 17:01 0040  DJ3WE          599  599  046                    2   7029.3
 40CW  06-May-24 17:02 0041  SE5V           599  599  047                    3   7028.6
 40CW  06-May-24 17:04 0042  OL8R           599  599  090                    3   7027.7
 40CW  06-May-24 17:05 0043  F6JOE          599  599  023           F        3   7026.6
 40CW  06-May-24 17:05 0044  OK1RZ          599  599  073                    3   7023.6
 40CW  06-May-24 17:06 0045  YU1RA          599  599  064           YU       3   7022.3
 40CW  06-May-24 17:07 0046  SC6O           599  599  050                    3   7022.6
 40CW  06-May-24 17:08 0047  DL2NBY         599  599  060                    2   7022.0
 40CW  06-May-24 17:08 0048  OK2WY          599  599  041                    3   7021.3
 40CW  06-May-24 17:08 0049  DK3GI          599  599  170                    2   7020.8
 40CW  06-May-24 17:09 0050  PA3ARM         599  599  053                    3   7019.8
 40CW  06-May-24 17:10 0051  HA6NL          599  599  075                    3   7019.4
 40CW  06-May-24 17:11 0052  YL2TD          599  599  049           YL       3   7018.1
 40CW  06-May-24 17:13 0053  OK1TRJ         599  599  074                    3   7034.3
 40CW  06-May-24 17:13 0054  PA2A           599  599  058                    3   7034.3
 40CW  06-May-24 17:14 0055  DF8V           599  599  042                    2   7034.3
 40CW  06-May-24 17:14 0056  PA3AAV         599  599  097                    3   7034.3
 40CW  06-May-24 17:15 0057  DL4ME          599  599  088                    2   7034.3
 40CW  06-May-24 17:15 0058  DL8RB          599  599  003                    2   7034.3
 40CW  06-May-24 17:16 0059  SM6TOL         599  599  066                    3   7034.3
 40CW  06-May-24 17:16 0060  OK1FFA         599  599  034                    3   7034.3
 40CW  06-May-24 17:17 0061  SD6F           599  599  080                    3   7034.3
 40CW  06-May-24 17:18 0062  OM3FW          599  599  044                    3   7034.3
 40CW  06-May-24 17:20 0063  HA5CQZ         599  599  019                    3   7034.3
 40CW  06-May-24 17:20 0064  SP4DNX         599  599  050                    3   7035.2
 40CW  06-May-24 17:20 0065  SP2MHD         599  599  061                    3   7038.0
 40CW  06-May-24 17:22 0066  OM5CM          599  599  075                    3   7029.0
 40CW  06-May-24 17:23 0067  OK1TN          599  599  087                    3   7021.6
 40CW  06-May-24 17:24 0068  SO3O           599  599  086                    3   7019.5
 40CW  06-May-24 17:24 0069  DH0GHU         599  599  039                    2   7018.6
 40CW  06-May-24 17:24 0070  E77DX          599  599  044                    3   7019.0
 40CW  06-May-24 17:25 0071  HG5E           599  599  067                    3   7017.6
 40CW  06-May-24 17:26 0072  OK2NO          599  599  089                    3   7014.5
 40CW  06-May-24 17:29 0073  OK6OK          599  599  060                    3   7031.0
