 20SSB 28-Jan-24 10:59 0001  IZ1ANK         59   59   115           I        3  14200.0
 20SSB 28-Jan-24 11:00 0002  YT2ISM         59   59   062           YU       3  14205.3
 20SSB 28-Jan-24 11:01 0003  HA8IB          59   59   462           HA       3  14209.8
 20SSB 28-Jan-24 11:02 0004  S55TZ          59   59   164           S5       3  14213.1
 20SSB 28-Jan-24 11:02 0005  IK3QAR         59   59   133                    3  14215.2
 20SSB 28-Jan-24 11:04 0006  OK1KKI         59   59   379           OK       3  14228.0
 20SSB 28-Jan-24 11:05 0007  LZ9W           59   59   723           LZ       3  14238.6
 20SSB 28-Jan-24 11:06 0008  IW0HLZ         59   59   242                    3  14245.8
 20SSB 28-Jan-24 11:06 0009  9A3B           59   59   485           9A       3  14250.0
 20SSB 28-Jan-24 11:07 0010  IN3JHZ         59   59   267                    3  14251.0
 20SSB 28-Jan-24 11:09 0011  SN9DT          59   59   267           SP       3  14257.5
 20SSB 28-Jan-24 11:10 0012  SN8K           59   59   353                    3  14261.0
 20SSB 28-Jan-24 11:10 0013  SN7R           59   59   656                    3  14263.2
 20SSB 28-Jan-24 11:12 0014  IW0SAG         59   59   213                    3  14275.0
 20SSB 28-Jan-24 11:14 0015  UT3EV          59   59   226           UR       3  14286.0
 10SSB 28-Jan-24 11:19 0016  LC5C           59   59   294           LA       3  28400.0
 15SSB 28-Jan-24 11:21 0017  SE2P           59   59   842           SM       3  21251.1
 15SSB 28-Jan-24 11:22 0018  IK8UND         59   59   471           I        3  21255.0
 15SSB 28-Jan-24 11:24 0019  LZ5R           59   59   824           LZ       3  21275.0
 15SSB 28-Jan-24 11:28 0020  CT2IFE         59   59   164           CT       3  21315.0
 15SSB 28-Jan-24 11:29 0021  LZ9W           59   59   741                    3  21286.1
 15SSB 28-Jan-24 11:30 0022  EC5SP          59   59   207           EA       3  21265.1
 15SSB 28-Jan-24 11:34 0023  LZ1DM          59   59   295                    3  21221.8
 40SSB 28-Jan-24 11:36 0024  DF8QB          59   59   037           DL       2   7178.2
 40SSB 28-Jan-24 11:43 0025  DL4VAI         59   59   139                    2   7095.0
 20SSB 28-Jan-24 11:47 0026  LY4L           59   59   251           LY       3  14294.7
 20SSB 28-Jan-24 11:55 0027  EA2CCG         59   59   128           EA       3  14255.0
 20SSB 28-Jan-24 11:57 0028  LZ5R           59   59   867                    3  14239.0
 20SSB 28-Jan-24 11:59 0029  OK2BRX         59   59   195                    3  14225.0
 20SSB 28-Jan-24 12:00 0030  OM1BCO         59   59   172           OM       3  14221.3
 20SSB 28-Jan-24 12:02 0031  CR50MFA        59   59   000           CT       3  14210.0
 20SSB 28-Jan-24 12:04 0032  LY9W           59   59   192                    3  14205.5
 20SSB 28-Jan-24 12:05 0033  IQ4FA          59   59   1003                   3  14199.0
 20SSB 28-Jan-24 12:10 0034  SD3T           59   59   460           SM       3  14166.4
 15SSB 28-Jan-24 12:11 0035  LC5C           59   59   316           LA       3  21220.0
 15SSB 28-Jan-24 12:16 0036  TA3NE          59   59   238           TA       5  21270.0
 15SSB 28-Jan-24 12:16 0037  LZ5K           59   59   358                    3  21265.0
 15SSB 28-Jan-24 12:18 0038  EA6AOH         59   59   116           EA6      3  21291.0
 15SSB 28-Jan-24 12:21 0039  OR6T           59   59   1195HCC       ON       3  21222.5
 15SSB 28-Jan-24 12:22 0040  CR50MFA        59   59   000                    3  21210.0
 20SSB 28-Jan-24 12:25 0041  LZ2CJ          59   59   073                    3  14203.4
 20SSB 28-Jan-24 12:26 0042  F6DRP          59   59   157           F        3  14207.2
 20SSB 28-Jan-24 12:27 0043  S55X           59   59   345                    3  14236.0
 20SSB 28-Jan-24 12:30 0044  LZ1DM          59   59   321                    3  14242.9
 20SSB 28-Jan-24 12:32 0045  CT2IFE         59   59   241                    3  14258.0
 20SSB 28-Jan-24 12:33 0046  IU8RIA         59   59   683                    3  14265.0
 20SSB 28-Jan-24 12:34 0047  IZ2FOS         59   59   275                    3  14277.0
 20SSB 28-Jan-24 12:35 0048  IK3UNA         59   59   343                    3  14292.5
 20SSB 28-Jan-24 12:36 0049  S53ATT         59   59   043                    3  14295.0
 20SSB 28-Jan-24 12:39 0050  LY7K           59   59   030                    3  14312.5
 40SSB 28-Jan-24 12:42 0051  ON8APC         59   59   749XXX        ON       3   7127.0
 40SSB 28-Jan-24 12:42 0052  OR7R           59   59   493RAT                 3   7139.9
 40SSB 28-Jan-24 12:44 0053  DK5DQ          59   59   037                    2   7175.9
 15SSB 28-Jan-24 12:49 0054  YT5A           59   59   314           YU       3  21243.6
 15SSB 28-Jan-24 12:50 0055  5B4AIF         59   59   1290          5B       5  21250.0
 15SSB 28-Jan-24 12:50 0056  EB1DJ          59   59   330                    3  21274.0
 15SSB 28-Jan-24 12:51 0057  SD3T           59   59   494                    3  21287.0
 15SSB 28-Jan-24 12:53 0058  TA2IB          59   59   149                    5  21289.0
 20SSB 28-Jan-24 12:57 0059  II2WWA         59   59   000                    3  14330.0
 20SSB 28-Jan-24 12:58 0060  OG5O           59   59   083           OH       3  14273.3
 20SSB 28-Jan-24 12:59 0061  IK8UND         59   59   527                    3  14269.1
