 15CW  28-Dec-24 08:11 0001  IS0AFM         599  599  116           IS       3  21022.0
 15CW  28-Dec-24 18:08 0002  K7RL           599  599  355           K        5  21027.4
 15CW  28-Dec-24 18:13 0003  KA8JBK         599  599  183                    5  21029.0
 15CW  28-Dec-24 18:17 0004  W6SX           599  599  73                     5  21030.3
 15CW  28-Dec-24 18:19 0005  K9UIY          599  599  89                     5  21032.0
 15CW  28-Dec-24 18:19 0006  KA2MGE         599  599  226                    5  21034.0
 15CW  28-Dec-24 18:21 0007  K0YA           599  599  62                     5  21036.0
 15CW  28-Dec-24 18:24 0008  NE5A           599  599  254                    5  21037.0
 15CW  28-Dec-24 18:29 0009  VE3CT          599  599  ON            VE       5  21027.8
 20CW  28-Dec-24 18:30 0010  CT7BJG         599  599  114           CT       3  14023.9
 20CW  28-Dec-24 18:31 0011  VE3YAA         599  599  ON            VE       5  14027.1
 20CW  28-Dec-24 18:34 0012  WK2G           599  599  557           K        5  14028.0
 20CW  28-Dec-24 18:35 0013  W8FJ           599  599  616                    5  14029.2
 20CW  28-Dec-24 18:36 0014  N4QS           599  599  157                    5  14030.0
 40CW  28-Dec-24 18:41 0015  S570CST        599  599  000           S5       3   7016.0
 15CW  28-Dec-24 18:46 0016  AK1MD          599  599  413                    5  21030.2
 15CW  28-Dec-24 18:49 0017  VE3NNT         599  599  ON                     5  21031.0
 15CW  28-Dec-24 18:53 0018  W1QK           599  599  264                    5  21032.1
 15CW  28-Dec-24 18:55 0019  KG4W           599  599  124           KG4      5  21032.1
 15CW  28-Dec-24 18:59 0020  N4YDU          599  599  717                    5  21027.1
 20CW  28-Dec-24 19:05 0021  VE3DZ          599  599  ON                     5  14038.1
 20CW  28-Dec-24 19:06 0022  N1KWF          599  599  106                    5  14040.3
 20CW  28-Dec-24 19:07 0023  AA3B           599  599  540                    5  14020.9
 20CW  28-Dec-24 19:07 0024  N2MF           599  599  830                    5  14022.5
 20CW  28-Dec-24 19:12 0025  VE3NNT         599  599  ON                     5  14029.0
 20CW  28-Dec-24 19:19 0026  RI1ANV         599  599  000           CE9      5  14006.5
 20CW  28-Dec-24 19:28 0027  N3RD           599  599  280                    5  14025.3
 20CW  28-Dec-24 19:29 0028  N4TB           599  599  121                    5  14030.3
 20CW  28-Dec-24 19:33 0029  K0AD           599  599  67                     5  14033.1
 20CW  28-Dec-24 19:37 0030  VE3VN          599  599  ON                     5  14032.4
 40CW  28-Dec-24 19:39 0031  IS0AFM         599  599  224           IS       3   7021.0
 20CW  28-Dec-24 20:15 0032  W4NF           599  599  665                    5  14033.7
 40CW  28-Dec-24 20:31 0033  NB1N           599  599  593           K        5   7030.1
 40CW  28-Dec-24 20:35 0034  EA5GX          599  599  123           EA       3   7028.0
 40CW  28-Dec-24 20:38 0035  LZ1VKD         599  599  70            LZ       3   7019.3
