 80CW  11-Sep-24 19:53 0001  G3KLH          599  599  82            G        3   3531.4
 80CW  11-Sep-24 19:54 0002  G4ARI          599  599  92                     3   3530.0
 80CW  11-Sep-24 19:55 0003  GI5I           599  599  61            GI       3   3529.6
 80CW  11-Sep-24 19:56 0004  G3ZGC          599  599  78                     3   3529.1
 80CW  11-Sep-24 19:56 0005  G4SND          599  599  75                     3   3528.5
 80CW  11-Sep-24 19:57 0006  G7M            599  599  54                     3   3527.8
 80CW  11-Sep-24 19:59 0007  G4EUW          599  599  62                     3   3536.1
 80CW  11-Sep-24 20:00 0008  G3LDI          599  599  77                     3   3536.1
 80CW  11-Sep-24 20:00 0009  G3G            599  599  86                     3   3536.1
 80CW  11-Sep-24 20:01 0010  G4LPD          599  599  64                     3   3536.1
 80CW  11-Sep-24 20:01 0011  G4ENZ          599  599  100                    3   3536.1
 80CW  11-Sep-24 20:01 0012  M7R            599  599  88                     3   3536.1
 80CW  11-Sep-24 20:02 0013  G3WVG          599  599  104                    3   3536.1
 80CW  11-Sep-24 20:02 0014  G3SWH          599  599  103                    3   3536.1
 80CW  11-Sep-24 20:03 0015  M4N            599  599  108                    3   3536.1
 80CW  11-Sep-24 20:04 0016  GW4J           599  599  99            GW       3   3536.1
 80CW  11-Sep-24 20:04 0017  G6GLP          599  599  44                     3   3536.1
 80CW  11-Sep-24 20:05 0018  G3P            599  599  101                    3   3536.1
 80CW  11-Sep-24 20:06 0019  G6AY           599  599  106                    3   3536.1
 80CW  11-Sep-24 20:07 0020  G0JOS          599  599  34                     3   3536.1
 80CW  11-Sep-24 20:07 0021  G2NF           599  599  107                    3   3536.1
 80CW  11-Sep-24 20:07 0022  G2F            599  599  90                     3   3536.1
 80CW  11-Sep-24 20:08 0023  G4N            599  599  94                     3   3536.1
 80CW  11-Sep-24 20:10 0024  G4FAD          599  599  100                    3   3536.5
 80CW  11-Sep-24 20:11 0025  M0MUI          599  599  87                     3   3537.1
 80CW  11-Sep-24 20:12 0026  GM3YEH         599  599  101           GM       3   3538.1
 80CW  11-Sep-24 20:12 0027  G3RWF          599  599  100                    3   3538.6
 80CW  11-Sep-24 20:13 0028  GW9J           599  599  98                     3   3539.0
 80CW  11-Sep-24 20:14 0029  G6XX           599  599  113                    3   3540.0
 80CW  11-Sep-24 20:15 0030  GW7W           599  599  102                    3   3540.6
 80CW  11-Sep-24 20:16 0031  M3V            599  599  103                    3   3542.0
 80CW  11-Sep-24 20:17 0032  G3YLA          599  599  98                     3   3542.5
 80CW  11-Sep-24 20:17 0033  G8N            599  599  98                     3   3544.8
 80CW  11-Sep-24 20:18 0034  GM4JYB         599  599  85                     3   3546.4
 80CW  11-Sep-24 20:18 0035  G3PDH          599  599  110                    3   3547.2
 80CW  11-Sep-24 20:20 0036  G3OGP          599  599  65                     3   3510.9
 80CW  11-Sep-24 20:20 0037  G0LZL          599  599  104                    3   3512.0
 80CW  11-Sep-24 20:21 0038  G4KNO          599  599  84                     3   3513.5
 80CW  11-Sep-24 20:21 0039  G4ZFE          599  599  108                    3   3514.3
 80CW  11-Sep-24 20:22 0040  G4BUO          599  599  66                     3   3516.3
 80CW  11-Sep-24 20:23 0041  G4RGK          599  599  112                    3   3515.6
 80CW  11-Sep-24 20:24 0042  G3TKF          599  599  123                    3   3517.6
 80CW  11-Sep-24 20:25 0043  G1M            599  599  102                    3   3518.2
 80CW  11-Sep-24 20:25 0044  G3V            599  599  110                    3   3519.0
 80CW  11-Sep-24 20:26 0045  M7W            599  599  137                    3   3519.3
 80CW  11-Sep-24 20:26 0046  GW5P           599  599  114                    3   3520.6
 80CW  11-Sep-24 20:27 0047  G5C            599  599  102                    3   3522.1
 80CW  11-Sep-24 20:28 0048  G3L            599  599  85                     3   3522.5
 80CW  11-Sep-24 20:29 0049  G3RVM          599  599  128                    3   3523.1
 80CW  11-Sep-24 20:29 0050  G4KQY          599  599  90                     3   3524.0
