 10CW  06-Jul-24 14:03 0001  LZ5R           599  599  005           LZ       3  28010.9
 15CW  06-Jul-24 14:03 0002  RA1ZZ/3        599  599  008           UA       3  21009.3
 15CW  06-Jul-24 14:04 0003  P3X            599  599  013           5B       5  21010.0
 15CW  06-Jul-24 14:04 0004  RG9A           599  599  016           UA9      5  21010.9
 15CW  06-Jul-24 14:05 0005  RT2C           599  599  013                    3  21014.7
 15CW  06-Jul-24 14:06 0006  4K6FO          599  599  012           4J       5  21016.5
 15CW  06-Jul-24 18:49 0007  LZ4AE          599  599  140           LZ       3  21025.4
 15CW  06-Jul-24 18:50 0008  EA7BEZ         599  599  109           EA       3  21025.8
 15CW  06-Jul-24 18:50 0009  CT3KN          599  599  153           CT3      5  21027.0
 15CW  06-Jul-24 18:52 0010  ZD7BG          599  599  150           ZD7      5  21028.6
 15CW  06-Jul-24 18:52 0011  PV2K           599  599  24            PY       5  21030.0
 15CW  06-Jul-24 18:55 0012  PY2UDB         599  599  006                    5  21033.4
 15CW  06-Jul-24 18:56 0013  DF2W           599  599  034           DL       2  21033.4
 15CW  06-Jul-24 18:57 0014  KQ4R           599  599  20            K        5  21033.4
 15CW  06-Jul-24 18:59 0015  LU8QT          599  599  129           LU       5  21033.4
 15CW  06-Jul-24 19:01 0016  W2GD           599  599  1                      5  21033.4
 15CW  06-Jul-24 19:03 0017  YB9ELS         599  599  016           YB       5  21033.4
 15CW  06-Jul-24 19:07 0018  SA3DX          599  599  319           SM       3  21033.4
 15CW  06-Jul-24 19:08 0019  K8GL           599  599  92                     5  21033.4
 15CW  06-Jul-24 19:10 0020  EA7/VE3NZ      599  599  064                    3  21033.4
 15CW  06-Jul-24 19:11 0021  PY1AX          599  599  83                     5  21033.4
 15CW  06-Jul-24 19:13 0022  SM2M           599  599  325                    3  21033.4
 15CW  06-Jul-24 19:15 0023  S51MM          599  599  294           S5       3  21016.8
 15CW  06-Jul-24 19:17 0024  PY3TD          599  599  114                    5  21006.8
 15CW  06-Jul-24 19:17 0025  PY2XL          599  599  114                    5  21009.0
 10CW  06-Jul-24 19:18 0026  PY2XC          599  599  71            PY       5  28011.3
 20CW  06-Jul-24 19:20 0027  OG4Z           599  599  362           OH       3  14007.8
 20CW  06-Jul-24 19:21 0028  LZ4A           599  599  268           LZ       3  14011.0
 20CW  06-Jul-24 19:22 0029  EW2ZC          599  599  216           EU       3  14011.3
 20CW  06-Jul-24 19:23 0030  YT2RX          599  599  162           YU       3  14012.3
 20CW  06-Jul-24 19:24 0031  YT4W           599  599  429                    3  14012.9
 20CW  06-Jul-24 19:29 0032  RU1AC          599  599  395           UA       3  14016.5
 20CW  06-Jul-24 19:29 0033  HA7TM          599  599  151           HA       3  14017.3
 20CW  06-Jul-24 19:30 0034  HG5D           599  599  389                    3  14019.0
 20CW  06-Jul-24 19:32 0035  IT9KCD         599  599  105           IT9      3  14021.0
 20CW  06-Jul-24 19:32 0036  SV1ENG         599  599  227           SV       3  14021.3
 20CW  06-Jul-24 19:33 0037  CT1DRB         599  599  246           CT       3  14023.4
 20CW  06-Jul-24 19:34 0038  VR2NC          599  599  126           VR       5  14024.0
 20CW  06-Jul-24 19:35 0039  BG0DLA         599  599  330           BY       5  14025.6
 20CW  06-Jul-24 19:39 0040  OP5T           599  599  115           ON       3  14028.9
 20CW  06-Jul-24 19:41 0041  SN5N           599  599  294           SP       3  14033.6
 20CW  06-Jul-24 19:41 0042  YU1ML          599  599  059                    3  14033.6
 20CW  06-Jul-24 19:42 0043  YL3GX          599  599  45            YL       3  14033.6
 20CW  06-Jul-24 19:42 0044  YB9ELS         599  599  133           YB       5  14033.6
 20CW  06-Jul-24 19:43 0045  YU1KW          599  599  42                     3  14033.6
 20CW  06-Jul-24 19:44 0046  YL3NU          599  599  81                     3  14033.6
 20CW  06-Jul-24 19:46 0047  UA6LCJ         599  599  179                    3  14033.6
 20CW  06-Jul-24 19:46 0048  YO8DOH         599  599  59            YO       3  14033.6
 20CW  06-Jul-24 19:47 0049  JG1LFR         599  599  121           JA       5  14033.6
 20CW  06-Jul-24 19:48 0050  RU4SO          599  599  219                    3  14033.6
 20CW  06-Jul-24 19:48 0051  UA1F           599  599  178                    3  14033.6
 20CW  06-Jul-24 19:50 0052  YT2RX          599  599  174                    0  14033.6
 20CW  06-Jul-24 19:53 0053  S50R           599  599  192           S5       3  14033.6
 20CW  06-Jul-24 19:54 0054  UV1IX          599  599  206           UR       3  14033.6
 40CW  06-Jul-24 19:56 0055  ON9TT          599  599  117           ON       3   7007.8
 40CW  06-Jul-24 19:57 0056  SP3HRN         599  599  93            SP       3   7009.1
 40CW  06-Jul-24 19:57 0057  LY2BKT         599  599  278           LY       3   7008.3
 40CW  06-Jul-24 19:58 0058  S51J           599  599  150           S5       3   7009.6
 40CW  06-Jul-24 19:59 0059  SC6O           599  599  206           SM       3   7010.2
 40CW  06-Jul-24 19:59 0060  RM1T           599  599  308           UA       3   7011.1
 40CW  06-Jul-24 20:01 0061  ZV5M           599  599  30            PY       5   7013.6
 40CW  06-Jul-24 20:04 0062  DL2NBY         599  599  165           DL       2   7014.6
 40CW  06-Jul-24 20:05 0063  Z33B           599  599  252           Z3       3   7015.5
 40CW  06-Jul-24 20:06 0064  S51DX          599  599  311                    3   7017.1
 40CW  06-Jul-24 20:07 0065  MM9I           599  599  363           GM       3   7019.8
 40CW  06-Jul-24 20:09 0066  OK1OA          599  599  124           OK       3   7021.0
 40CW  06-Jul-24 20:09 0067  F5IN           599  599  318           F        3   7021.7
 40CW  06-Jul-24 20:10 0068  OZ2TF          599  599  102           OZ       3   7022.4
 40CW  06-Jul-24 20:10 0069  OK2EA          599  599  292                    3   7023.0
 40CW  06-Jul-24 20:11 0070  MM4D           599  599  78                     3   7026.0
 40CW  06-Jul-24 20:12 0071  IZ3NVR         599  599  78            I        3   7027.5
 40CW  06-Jul-24 20:13 0072  SF6W           599  599  191                    3   7028.9
 40CW  06-Jul-24 20:14 0073  G4ERW          599  599  60            G        3   7029.5
 40CW  06-Jul-24 20:14 0074  OZ1AAR         599  599  75                     3   7030.5
 40CW  06-Jul-24 20:15 0075  DL1CW          599  599  173                    2   7031.0
 40CW  06-Jul-24 20:16 0076  SN7Q           599  599  167                    3   7036.2
 40CW  06-Jul-24 20:17 0077  OH3RM          599  599  224           OH       3   7039.4
 40CW  06-Jul-24 20:36 0078  YU5T           599  599  71            YU       3   7023.7
 40CW  06-Jul-24 20:37 0079  OK2QA          599  599  110                    3   7023.7
 40CW  06-Jul-24 20:37 0080  MM3JFM         599  599  013                    3   7023.7
 40CW  06-Jul-24 20:38 0081  YU3DX          599  599  171                    3   7023.7
 40CW  06-Jul-24 20:39 0082  HA1AS          599  599  113           HA       3   7023.7
 40CW  06-Jul-24 20:39 0083  US7UK          599  599  31            UR       3   7023.7
 40CW  06-Jul-24 20:41 0084  SP3VT          599  599  208                    3   7023.7
 40CW  06-Jul-24 20:41 0085  YU1YV          599  599  203                    3   7023.7
 40CW  06-Jul-24 20:42 0086  DL4ME          599  599  196                    2   7023.7
 40CW  06-Jul-24 20:43 0087  F5SGI          599  599  195                    3   7023.7
 40CW  06-Jul-24 20:43 0088  DK8NT          599  599  292                    2   7023.7
 40CW  06-Jul-24 20:43 0089  PA3EWG         599  599  099           PA       3   7023.7
 40CW  06-Jul-24 20:44 0090  OM8LM          599  599  116           OM       3   7023.7
 40CW  06-Jul-24 20:44 0091  G4RWD          599  599  45                     3   7023.7
 40CW  06-Jul-24 20:45 0092  DF7XR          599  599  41                     2   7023.7
 40CW  06-Jul-24 20:46 0093  DL5JQ          599  599  162                    2   7023.7
 40CW  06-Jul-24 20:47 0094  UI7D           599  599  387                    3   7023.7
 40CW  06-Jul-24 20:47 0095  HA7MF          599  599  272                    3   7023.7
 40CW  06-Jul-24 20:48 0096  OK7U           599  599  215                    3   7023.7
 40CW  06-Jul-24 20:48 0097  YU3TA          599  599  164                    3   7023.7
 40CW  06-Jul-24 20:49 0098  YT1A           599  599  275                    3   7023.7
 40CW  06-Jul-24 20:49 0099  UR1YAA         599  599  185                    3   7023.7
 40CW  06-Jul-24 20:49 0100  DL6CQ          599  599  100                    2   7023.7
 40CW  06-Jul-24 20:51 0101  DL5EBE/P       599  599  008                    2   7023.7
 40CW  06-Jul-24 20:52 0102  YO8DOH         599  599  135           YO       3   7023.7
 40CW  06-Jul-24 20:52 0103  M0Q            599  599  270                    3   7023.7
 40CW  06-Jul-24 20:53 0104  HB9DAX         599  599  16            HB       3   7023.7
 40CW  06-Jul-24 20:57 0105  RL5A           599  599  280                    3   7023.7
 40CW  06-Jul-24 20:57 0106  SQ9FMU         599  599  56                     3   7023.7
 40CW  06-Jul-24 20:58 0107  PC4H           599  599  109                    3   7023.7
 40CW  06-Jul-24 20:58 0108  RK4HYT         599  599  143                    3   7023.7
 40CW  06-Jul-24 20:59 0109  DF8WU          599  599  13                     2   7023.7
 40CW  06-Jul-24 21:00 0110  SD4W           599  599  229                    3   7023.7
 40CW  06-Jul-24 21:01 0111  DL2FCA         599  599  76                     2   7023.7
 40CW  06-Jul-24 21:02 0112  OK2PIP         599  599  36                     3   7023.7
 40CW  06-Jul-24 21:02 0113  OK3EQ          599  599  117                    3   7023.7
 40CW  06-Jul-24 21:03 0114  ON5QD          599  599  50                     3   7023.7
 40CW  06-Jul-24 21:05 0115  SM5CSS         599  599  155                    3   7023.7
 40CW  06-Jul-24 21:06 0116  OM5JA          599  599  143                    3   7023.7
 40CW  06-Jul-24 21:07 0117  SN5WD          599  599  81                     3   7023.7
 40CW  06-Jul-24 21:08 0118  SP7CF          599  599  96                     3   7023.7
 40CW  06-Jul-24 21:09 0119  G4ETS          599  599  25                     3   7023.7
 40CW  06-Jul-24 21:10 0120  ON6LO          599  599  70                     3   7023.7
 40CW  06-Jul-24 21:11 0121  R2PA           599  599  68                     3   7023.7
 40CW  06-Jul-24 21:11 0122  HG7J           599  599  44                     3   7023.7
 40CW  06-Jul-24 21:12 0123  ZA1F           599  599  70            ZA       3   7023.7
 40CW  06-Jul-24 21:12 0124  IK2SOE         599  599  82                     3   7023.7
 40CW  06-Jul-24 21:13 0125  OK2NAJ         599  599  179                    3   7023.7
 40CW  06-Jul-24 21:15 0126  YL3NU          599  599  110           YL       3   7023.7
 40CW  06-Jul-24 21:16 0127  R6CC           599  599  131                    3   7023.7
 40CW  06-Jul-24 21:17 0128  DJ1MM          599  599  20                     2   7023.7
 40CW  06-Jul-24 21:19 0129  EW2ZC          599  599  324           EU       3   7023.7
 40CW  06-Jul-24 21:19 0130  EA1X           599  599  386           EA       3   7023.7
 40CW  06-Jul-24 21:20 0131  DK3YD          599  599  4                      2   7023.7
 40CW  06-Jul-24 21:20 0132  OE1BAA         599  599  42            OE       3   7023.7
 40CW  06-Jul-24 21:21 0133  EA4Z           599  599  111                    3   7023.7
 40CW  06-Jul-24 21:22 0134  IV3EAD         599  599  96                     3   7023.7
 40CW  06-Jul-24 21:23 0135  F6DCQ          599  599  133                    3   7023.7
 40CW  06-Jul-24 21:24 0136  SP1AEN         599  599  230                    3   7023.7
 40CW  06-Jul-24 21:25 0137  YQ6A           599  599  581                    3   7023.7
 40CW  06-Jul-24 21:25 0138  DM6WAN         599  599  113                    2   7023.7
 40CW  06-Jul-24 21:26 0139  YO4SI          599  599  84                     3   7023.7
 80CW  06-Jul-24 21:30 0140  YT4T           599  599  132           YU       3   3511.0
 80CW  06-Jul-24 21:30 0141  MM9I           599  599  474           GM       3   3512.7
 80CW  06-Jul-24 21:31 0142  IZ8GCB         599  599  166           I        3   3513.0
 80CW  06-Jul-24 21:34 0143  SM5DXR         599  599  59            SM       3   3517.6
 80CW  06-Jul-24 21:34 0144  YO4NF          599  599  264           YO       3   3518.4
 80CW  06-Jul-24 21:35 0145  SP4AWE         599  599  139           SP       3   3518.9
 80CW  06-Jul-24 21:35 0146  DL5JQ          599  599  213           DL       2   3520.1
 80CW  06-Jul-24 21:36 0147  SP7CF          599  599  124                    3   3520.6
 80CW  06-Jul-24 21:38 0148  YQ6A           599  599  595                    3   3520.9
 80CW  06-Jul-24 21:39 0149  SC6O           599  599  308                    3   3521.4
 80CW  06-Jul-24 21:39 0150  OL6D           599  599  95            OK       3   3522.6
 80CW  06-Jul-24 21:40 0151  S51W           599  599  98            S5       3   3523.7
 80CW  06-Jul-24 21:40 0152  I2WIJ          599  599  119                    3   3524.4
 80CW  06-Jul-24 21:41 0153  IU4JNR         599  599  75                     3   3524.8
 80CW  06-Jul-24 21:42 0154  F5OZC          599  599  194           F        3   3525.5
 80CW  06-Jul-24 21:42 0155  UZ1WW          599  599  99            UR       3   3526.0
 80CW  06-Jul-24 21:45 0156  OK7U           599  599  254                    3   3522.0
 80CW  06-Jul-24 21:45 0157  DK8NT          599  599  350                    2   3522.0
 80CW  06-Jul-24 21:46 0158  IK2SOE         599  599  093                    3   3522.0
 80CW  06-Jul-24 21:47 0159  DF8XC          599  599  129                    2   3522.0
 80CW  06-Jul-24 21:48 0160  DF0DX          599  599  130                    2   3522.0
 80CW  06-Jul-24 21:49 0161  DL6CQ          599  599  142                    2   3522.0
 80CW  06-Jul-24 21:49 0162  DK0KTL         599  599  82                     2   3522.0
 80CW  06-Jul-24 21:50 0163  DL2FCA         599  599  090                    2   3522.0
 80CW  06-Jul-24 21:51 0164  DL5XJ          599  599  34                     2   3522.0
 80CW  06-Jul-24 21:52 0165  YT100RB        599  599  77                     3   3522.0
 80CW  06-Jul-24 21:52 0166  DL6FKK         599  599  14                     2   3522.0
 80CW  06-Jul-24 21:53 0167  ON6LO          599  599  82            ON       3   3522.0
 80CW  06-Jul-24 21:54 0168  OK2NAJ         599  599  207                    3   3522.0
 80CW  06-Jul-24 21:55 0169  DR2C           599  599  172                    2   3522.0
 80CW  06-Jul-24 21:57 0170  DF8QB          599  599  87                     2   3522.0
 80CW  06-Jul-24 21:58 0171  LZ1ZJ          599  599  387           LZ       3   3522.0
 80CW  06-Jul-24 21:59 0172  F4VVG          599  599  63                     3   3522.0
160CW  06-Jul-24 22:01 0173  I2WIJ          599  599  137           I        3   1830.5
160CW  06-Jul-24 22:02 0174  SJ6R           599  599  81            SM       3   1829.1
 80CW  06-Jul-24 22:05 0175  HA7MF          599  599  341           HA       3   3525.1
 80CW  06-Jul-24 22:06 0176  OK2EA          599  599  399                    3   3523.3
 80CW  06-Jul-24 22:07 0177  SJ6R           599  599  83                     3   3523.0
 80CW  06-Jul-24 22:07 0178  HB9LL          599  599  139           HB       3   3517.3
 80CW  06-Jul-24 22:08 0179  IK1JJM         599  599  158                    3   3516.0
 80CW  06-Jul-24 22:09 0180  LZ5R           599  599  443                    3   3513.8
 80CW  06-Jul-24 22:09 0181  TA2DA          599  599  134           TA       5   3513.0
 80CW  06-Jul-24 22:10 0182  R1AT           599  599  296           UA       3   3511.6
 80CW  06-Jul-24 22:13 0183  DK3YD          599  599  51                     2   3533.0
 40CW  06-Jul-24 22:16 0184  E77EA          599  599  88            E7       3   7017.0
 40CW  06-Jul-24 22:16 0185  P3X            599  599  916           5B       5   7010.0
 40CW  06-Jul-24 22:18 0186  9H1CG          599  599  103           9H       3   7008.0
 40CW  06-Jul-24 22:19 0187  RG9A           599  599  774           UA9      5   7010.4
 40CW  06-Jul-24 22:20 0188  LZ5R           599  599  460           LZ       3   7011.0
 40CW  06-Jul-24 22:21 0189  I2CZQ          599  599  99                     3   7011.8
 40CW  06-Jul-24 22:22 0190  F6KRK          599  599  179                    3   7013.9
 40CW  06-Jul-24 22:23 0191  IU8RIA         599  599  305                    3   7015.5
 40CW  06-Jul-24 22:24 0192  E7W            599  599  000                    3   7018.0
 40CW  06-Jul-24 22:24 0193  YO3LW          599  599  116                    3   7020.3
 40CW  06-Jul-24 22:25 0194  G3P            599  599  346                    3   7022.0
 40CW  06-Jul-24 22:25 0195  SO7NA          599  599  33                     3   7022.4
 40CW  06-Jul-24 22:26 0196  IK3VUT         599  599  295                    3   7024.3
 40CW  06-Jul-24 22:27 0197  ON4EM          599  599  30                     3   7026.3
 40CW  06-Jul-24 22:28 0198  LT6M           599  599  46            LU       5   7028.0
 40CW  06-Jul-24 22:29 0199  SM2M           599  599  KPO                    3   7028.5
 40CW  06-Jul-24 22:31 0200  LZ7CC          599  599  134                    3   7030.0
 40CW  06-Jul-24 22:32 0201  4O/AK1MD       599  599  138           4O       3   7030.6
 10CW  07-Jul-24 09:02 0202  IZ8EPX         599  599  473           I        3  28032.0
 15CW  07-Jul-24 09:03 0203  I4IKW          599  599  186           I        3  21037.6
 15CW  07-Jul-24 09:05 0204  IZ8EPX         599  599  478                    3  21039.8
 15CW  07-Jul-24 09:05 0205  RG5A           599  599  277                    3  21032.1
 15CW  07-Jul-24 09:06 0206  9A3VM          599  599  515           9A       3  21029.0
 15CW  07-Jul-24 09:07 0207  EW1M           599  599  271           EU       3  21028.0
 15CW  07-Jul-24 09:07 0208  IK8UND         599  599  479                    3  21026.2
 15CW  07-Jul-24 09:18 0209  F5SGI          599  599  258           F        3  21025.4
 15CW  07-Jul-24 09:28 0210  UR7R           599  599  126           UR       3  21021.8
 15CW  07-Jul-24 09:29 0211  OY1CT          599  599  402           OY       3  21020.3
 15CW  07-Jul-24 09:30 0212  YQ6A           599  599  1031          YO       3  21015.2
 15CW  07-Jul-24 09:32 0213  RT0F           599  599  60                     5  21012.0
 15CW  07-Jul-24 09:33 0214  LY2BKT         599  599  631           LY       3  21007.0
 15CW  07-Jul-24 10:13 0215  RA9AP          599  599  521                    5  21006.9
 10CW  07-Jul-24 12:56 0216  RA1ZZ/3        599  599  468           UA       3  28012.4
 15CW  07-Jul-24 12:57 0217  R1AT           599  599  553                    3  21012.2
 15CW  07-Jul-24 12:58 0218  UW5Y           599  599  413                    3  21014.3
 15CW  07-Jul-24 13:00 0219  KR2AA          599  599  265                    5  21028.8
 15CW  07-Jul-24 13:01 0220  N3RD           599  599  279                    5  21030.0
 15CW  07-Jul-24 13:01 0221  CT1DRB         599  599  521           CT       3  21032.4
 15CW  07-Jul-24 13:02 0222  K8MP           599  599  190                    5  21032.9
 15CW  07-Jul-24 13:03 0223  K2A            599  599  NY                     5  21035.0
 15CW  07-Jul-24 13:04 0224  JE6WOQ         599  599  319           JA       5  21036.0
 15CW  07-Jul-24 13:08 0225  NP4Z           599  599  412           KP4      5  21024.5
 15CW  07-Jul-24 13:11 0226  AD4EB          599  599  681                    5  21023.2
 15CW  07-Jul-24 13:13 0227  VA3AR          599  599  476           VE       5  21022.5
 15CW  07-Jul-24 13:15 0228  EA2KV          599  599  612                    3  21017.0
 15CW  07-Jul-24 13:15 0229  LZ1ND          599  599  442                    3  21011.1
 15CW  07-Jul-24 13:17 0230  K0ZR           599  599  590                    5  21008.4
 15CW  07-Jul-24 13:18 0231  UN8PT          599  599  381           UN       5  21033.5
 20CW  07-Jul-24 13:19 0232  SM2M           599  599  928           SM       3  14029.9
 20CW  07-Jul-24 13:21 0233  IF9/IT9PPG     599  599  494                    3  14036.0
 20CW  07-Jul-24 13:22 0234  LZ1ND          599  599  445                    3  14037.0
 20CW  07-Jul-24 13:23 0235  RT5P           599  599  279                    3  14026.6
 20CW  07-Jul-24 13:26 0236  HA8A           599  599  18                     3  14022.0
 20CW  07-Jul-24 13:27 0237  YT5A           599  599  457                    3  14020.0
 20CW  07-Jul-24 13:33 0238  IK8UND         599  599  585           I        3  14023.0
 20CW  07-Jul-24 13:34 0239  RA3BQ          599  599  231                    3  14024.4
 20CW  07-Jul-24 13:39 0240  YO8EU          599  599  420                    3  14037.5
 20CW  07-Jul-24 13:40 0241  IZ8GUQ         599  599  128                    3  14038.5
 20CW  07-Jul-24 13:40 0242  CT3KN          599  599  396           CT3      5  14039.8
 15CW  07-Jul-24 13:46 0243  RU9AC          599  599  344                    5  21040.4
 15CW  07-Jul-24 13:46 0244  RW0AJ          599  599  405                    5  21027.1
 15CW  07-Jul-24 13:50 0245  RK3P           599  599  302                    3  21021.1
 20CW  07-Jul-24 13:52 0246  CT1GFK         599  599  183                    3  14033.5
 20CW  07-Jul-24 13:54 0247  UT7NI          599  599  346                    3  14024.8
 20CW  07-Jul-24 13:54 0248  LZ3QE          599  599  716                    3  14022.1
 20CW  07-Jul-24 13:55 0249  UT3EV          599  599  491                    3  14020.8
 20CW  07-Jul-24 13:55 0250  IK6PTH         599  599  498                    3  14017.2
 20CW  07-Jul-24 13:57 0251  RM2U           599  599  206                    3  14016.8
 20CW  07-Jul-24 13:58 0252  UR7R           599  599  389                    3  14015.3
 20CW  07-Jul-24 13:59 0253  LZ5DI          599  599  1060                   3  14027.5
