 40CW  03-Jun-24 16:40 0001  OK1FKD         599  599  013           OK       3   7041.3
 40CW  03-Jun-24 16:41 0002  OK1AMX         599  599  015                    3   7039.5
 40CW  03-Jun-24 16:41 0003  DL1NKS         599  599  020           DL       2   7037.9
 40CW  03-Jun-24 16:41 0004  HA5BA          599  599  017           HA       3   7037.1
 40CW  03-Jun-24 16:42 0005  OK1OA          599  599  020                    3   7036.3
 40CW  03-Jun-24 16:42 0006  DF5EN/P        599  599  014                    2   7035.8
 40CW  03-Jun-24 16:43 0007  DJ4WT          599  599  016                    2   7033.5
 40CW  03-Jun-24 16:43 0008  OK1FHI         599  599  028                    3   7032.5
 40CW  03-Jun-24 16:44 0009  DF7YE          599  599  031                    2   7031.2
 40CW  03-Jun-24 16:44 0010  HA6NL          599  599  037                    3   7030.5
 40CW  03-Jun-24 16:45 0011  SP2QG          599  599  031           SP       3   7030.3
 40CW  03-Jun-24 16:45 0012  OK1JAX         599  599  032                    3   7029.4
 40CW  03-Jun-24 16:47 0013  SN5N           599  599  040                    3   7028.5
 40CW  03-Jun-24 16:47 0014  OK1RR          599  599  028                    3   7027.9
 40CW  03-Jun-24 16:48 0015  DL5YM          599  599  040                    2   7027.2
 40CW  03-Jun-24 16:49 0016  OK1TN          599  599  045                    3   7026.8
 40CW  03-Jun-24 16:50 0017  DR2C           599  599  037                    2   7026.4
 40CW  03-Jun-24 16:50 0018  DJ1PQ          599  599  016                    2   7026.4
 40CW  03-Jun-24 16:51 0019  OK1NU          599  599  024                    3   7026.4
 40CW  03-Jun-24 16:51 0020  OK2SFP         599  599  019                    3   7026.4
 40CW  03-Jun-24 16:52 0021  OM2KI          599  599  051           OM       3   7026.4
 40CW  03-Jun-24 16:52 0022  IN3FHE         599  599  023           I        3   7026.4
 40CW  03-Jun-24 16:53 0023  DF4XX          599  599  042                    2   7026.4
 40CW  03-Jun-24 16:53 0024  OK1FMX         599  599  035                    3   7026.4
 40CW  03-Jun-24 16:54 0025  OK2QA          599  599  037                    3   7026.4
 40CW  03-Jun-24 16:54 0026  G4FJW          599  599  020           G        3   7026.4
 40CW  03-Jun-24 16:54 0027  OK1HEH         599  599  029                    3   7026.4
 40CW  03-Jun-24 16:55 0028  OK1TD          599  599  027                    3   7026.4
 40CW  03-Jun-24 16:55 0029  DM7W           599  599  047                    2   7026.4
 40CW  03-Jun-24 16:56 0030  M4N            599  599  033                    3   7026.4
 40CW  03-Jun-24 16:56 0031  DJ9SN          599  599  028                    2   7026.4
 40CW  03-Jun-24 16:57 0032  YL3FW          599  599  043           YL       3   7026.4
 40CW  03-Jun-24 16:57 0033  OL8R           599  599  087                    3   7026.4
 40CW  03-Jun-24 16:58 0034  G4LJU          599  599  010                    3   7026.4
 40CW  03-Jun-24 16:59 0035  OL4W           599  599  046                    3   7026.4
 40CW  03-Jun-24 16:59 0036  PC4H           599  599  048           PA       3   7026.4
 40CW  03-Jun-24 17:00 0037  OK1DZD         599  599  011                    3   7026.4
 40CW  03-Jun-24 17:01 0038  SE5T           599  599  046           SM       3   7026.4
 40CW  03-Jun-24 17:02 0039  M7R            599  599  017                    3   7026.4
 40CW  03-Jun-24 17:02 0040  HB9HTF         599  599  049           HB       3   7026.4
 40CW  03-Jun-24 17:03 0041  DR6T           599  599  034                    2   7026.4
 40CW  03-Jun-24 17:03 0042  DL4ME          599  599  063                    2   7026.4
 40CW  03-Jun-24 17:04 0043  OK2PYA         599  599  032                    3   7026.4
 40CW  03-Jun-24 17:04 0044  OK5SA          599  599  023                    3   7026.4
 40CW  03-Jun-24 17:05 0045  HA1YA          599  599  075                    3   7026.4
 40CW  03-Jun-24 17:06 0046  SN7Q           599  599  077                    3   7026.4
 40CW  03-Jun-24 17:06 0047  IK3QAR         599  599  060                    3   7026.4
 40CW  03-Jun-24 17:07 0048  SN1T           599  599  095                    3   7026.4
 40CW  03-Jun-24 17:08 0049  SO3O           599  599  065                    3   7026.4
 40CW  03-Jun-24 17:08 0050  SP2KAC         599  599  037                    3   7026.4
 40CW  03-Jun-24 17:09 0051  DF8V           599  599  035                    2   7026.4
 40CW  03-Jun-24 17:09 0052  OK2BFN         599  599  062                    3   7026.4
 40CW  03-Jun-24 17:09 0053  DL2NBY         599  599  051                    2   7026.4
 40CW  03-Jun-24 17:10 0054  DF6RI          599  599  034                    2   7026.4
 40CW  03-Jun-24 17:10 0055  OK4X           599  599  056                    3   7026.4
 40CW  03-Jun-24 17:10 0056  S52W           599  599  073           S5       3   7026.4
 40CW  03-Jun-24 17:11 0057  DM6EE          599  599  023                    2   7026.4
 40CW  03-Jun-24 17:12 0058  DL5KUT         599  599  053                    2   7026.4
 40CW  03-Jun-24 17:14 0059  DK4DS          599  599  027                    2   7026.4
 40CW  03-Jun-24 17:15 0060  OK1FHI         599  599  076                    0   7026.4
 40CW  03-Jun-24 17:15 0061  OM5CM          599  599  057                    3   7026.4
 40CW  03-Jun-24 17:17 0062  DJ3WE          599  599  050                    2   7010.5
 40CW  03-Jun-24 17:17 0063  SP4DNX         599  599  057                    3   7012.8
 40CW  03-Jun-24 17:18 0064  OK5TFC         599  599  059                    3   7013.3
 40CW  03-Jun-24 17:19 0065  DH0GHU         599  599  051                    2   7014.5
 40CW  03-Jun-24 17:20 0066  PC0A           599  599  084                    3   7016.8
 40CW  03-Jun-24 17:20 0067  S58MU          599  599  061                    3   7017.2
 40CW  03-Jun-24 17:21 0068  DA2K           599  599  060                    2   7017.6
 40CW  03-Jun-24 17:22 0069  PA3ARM         599  599  058                    3   7019.6
 40CW  03-Jun-24 17:23 0070  LZ5DI          599  599  070           LZ       3   7021.1
 40CW  03-Jun-24 17:23 0071  OK1IBP         599  599  084                    3   7021.4
 40CW  03-Jun-24 17:24 0072  OK1FGD         599  599  077                    3   7022.0
 40CW  03-Jun-24 17:25 0073  E77EA          599  599  104           E7       3   7026.0
 40CW  03-Jun-24 17:26 0074  OK2EA          599  599  071                    3   7026.5
 40CW  03-Jun-24 17:27 0075  OK5D           599  599  100                    3   7030.6
 40CW  03-Jun-24 17:28 0076  SQ7M           599  599  032                    3   7032.0
 40CW  03-Jun-24 17:29 0077  DJ9KH          599  599  091                    2   7037.4
