 40CW  13-May-24 16:34 0001  DL1NKS         599  599  008           DL       2   7036.5
 40CW  13-May-24 16:34 0002  DL7YS          599  599  010                    2   7036.0
 40CW  13-May-24 16:35 0003  OK5D           599  599  015           OK       3   7035.6
 40CW  13-May-24 16:35 0004  SN7Q           599  599  017           SP       3   7035.1
 40CW  13-May-24 16:37 0005  OK1OFM         599  599  017                    3   7034.2
 40CW  13-May-24 16:38 0006  DJ9MH          599  599  012                    2   7034.8
 40CW  13-May-24 16:38 0007  SD6M           599  599  010           SM       3   7033.2
 40CW  13-May-24 16:39 0008  OK1RR          599  599  010                    3   7032.2
 40CW  13-May-24 16:40 0009  OK1DM          599  599  019                    3   7031.3
 40CW  13-May-24 16:41 0010  OK1DOR         599  599  022                    3   7030.0
 40CW  13-May-24 16:41 0011  SN5N           599  599  033                    3   7029.0
 40CW  13-May-24 16:42 0012  OM5AA          599  599  028           OM       3   7028.6
 40CW  13-May-24 16:42 0013  DA3T           599  599  022                    2   7028.0
 40CW  13-May-24 16:43 0014  DM100FK        599  599  026                    2   7027.2
 40CW  13-May-24 16:44 0015  E77EA          599  599  041           E7       3   7026.0
 40CW  13-May-24 16:44 0016  OK1FGD         599  599  030                    3   7025.1
 40CW  13-May-24 16:45 0017  SP4TKR         599  599  032                    3   7023.8
 40CW  13-May-24 16:46 0018  OK1RZ          599  599  040                    3   7023.4
 40CW  13-May-24 16:47 0019  OK1RKS         599  599  005                    3   7023.0
 40CW  13-May-24 16:47 0020  SC6O           599  599  022                    3   7022.8
 40CW  13-May-24 16:49 0021  I2CZQ          599  599  015           I        3   7022.1
 40CW  13-May-24 16:49 0022  OK5M           599  599  024                    3   7021.4
 40CW  13-May-24 16:52 0023  OK1AMX         599  599  028                    3   7028.1
 40CW  13-May-24 16:52 0024  LZ5DI          599  599  028           LZ       3   7028.1
 40CW  13-May-24 16:53 0025  OK1HEH         599  599  021                    3   7028.1
 40CW  13-May-24 16:55 0026  DL6MHW         599  599  043                    2   7028.1
 40CW  13-May-24 16:56 0027  DK5DQ          599  599  030                    2   7028.1
 40CW  13-May-24 16:56 0028  HB9BXE         599  599  048           HB       3   7028.1
 40CW  13-May-24 16:57 0029  OM3FW          599  599  027                    3   7028.1
 40CW  13-May-24 16:58 0030  SE5T           599  599  038                    3   7028.1
 40CW  13-May-24 16:59 0031  SP2R           599  599  057                    3   7028.1
 40CW  13-May-24 16:59 0032  DL2NBY         599  599  046                    2   7028.1
 40CW  13-May-24 17:00 0033  DR2C           599  599  058                    2   7028.1
 40CW  13-May-24 17:01 0034  OK2BFN         599  599  061                    3   7028.1
 40CW  13-May-24 17:01 0035  OL8R           599  599  086                    3   7028.1
 40CW  13-May-24 17:02 0036  OM2KI          599  599  067                    3   7028.1
 40CW  13-May-24 17:04 0037  DJ9SN          599  599  038                    2   7029.4
 40CW  13-May-24 17:04 0038  DJ4WT          599  599  045                    2   7030.9
 40CW  13-May-24 17:06 0039  S52W           599  599  070           S5       3   7032.0
 40CW  13-May-24 17:07 0040  SE5V           599  599  072                    3   7035.7
 40CW  13-May-24 17:07 0041  OK1FHI         599  599  054                    3   7036.8
 40CW  13-May-24 17:08 0042  DJ5CW          599  599  019                    2   7039.4
 40CW  13-May-24 17:09 0043  SM5IMO         599  599  050                    3   7031.5
 40CW  13-May-24 17:10 0044  OK2VX          599  599  036                    3   7031.2
 40CW  13-May-24 17:10 0045  OK1TN          599  599  063                    3   7026.1
 40CW  13-May-24 17:11 0046  OK2NO          599  599  076                    3   7025.5
 40CW  13-May-24 17:12 0047  SP2XX          599  599  066                    3   7021.0
 40CW  13-May-24 17:13 0048  HG5E           599  599  083           HA       3   7019.5
 40CW  13-May-24 17:14 0049  SP4DNX         599  599  063                    3   7018.8
 40CW  13-May-24 17:15 0050  OK1NU          599  599  028                    3   7016.4
 40CW  13-May-24 17:17 0051  IN3FHE         599  599  053                    3   7024.8
 40CW  13-May-24 17:17 0052  DJ9KH          599  599  073                    2   7025.2
 40CW  13-May-24 17:19 0053  DF4ZL          599  599  057                    2   7026.8
 40CW  13-May-24 17:20 0054  SF6J           599  599  036                    3   7029.0
 40CW  13-May-24 17:21 0055  OK6OK          599  599  047                    3   7030.0
 40CW  13-May-24 17:21 0056  OH3MZ          599  599  044           OH       3   7030.5
 40CW  13-May-24 17:22 0057  SO3O           599  599  091                    3   7032.0
 40CW  13-May-24 17:23 0058  HA5BA          599  599  061                    3   7033.6
 40CW  13-May-24 17:24 0059  SD6F           599  599  082                    3   7033.6
 40CW  13-May-24 17:24 0060  HA6NL          599  599  112                    3   7033.6
 40CW  13-May-24 17:24 0061  G4FJW          599  599  018           G        3   7033.6
 40CW  13-May-24 17:24 0062  PC4H           599  599  073           PA       3   7033.6
 40CW  13-May-24 17:26 0063  SN2S           599  599  074                    3   7033.6
 40CW  13-May-24 17:27 0064  SP8BXL         599  599  066                    3   7033.6
 40CW  13-May-24 17:27 0065  DL4ME          599  599  095                    2   7033.6
 40CW  13-May-24 17:28 0066  DJ1OJ          599  599  061                    2   7033.6
 40CW  13-May-24 17:28 0067  OK1FFA         599  599  038                    3   7033.6
 40CW  13-May-24 17:28 0068  DM7W           599  599  091                    2   7033.6
