 20DIG 09-Nov-24 15:13 0001  IK7MIY         599  599  102           I        3  14085.2
 20DIG 09-Nov-24 15:18 0002  M7WLT          599  599  167           G        3  14087.3
 20DIG 09-Nov-24 15:18 0003  DL1PSK         599  599  338           DL       2  14087.9
 20DIG 09-Nov-24 15:19 0004  DL2OE          599  599  386                    2  14088.5
 20DIG 09-Nov-24 15:22 0005  IW8PQ          599  599  159                    3  14090.0
 20DIG 09-Nov-24 15:25 0006  DF5EN          599  599  341                    2  14090.4
 20DIG 09-Nov-24 15:26 0007  SN5N           599  599  120           SP       3  14091.5
 20DIG 09-Nov-24 15:27 0008  SE4E           599  599  383           SM       3  14092.2
 20DIG 09-Nov-24 15:29 0009  UT3UV          599  599  079           UR       3  14092.9
 10DIG 09-Nov-24 15:30 0010  N5XJ           599  599  091           K        5  28132.7
 10DIG 09-Nov-24 15:32 0011  EA7LS          599  599  88            EA       3  28127.9
 10DIG 09-Nov-24 15:34 0012  PI4DX          599  599  316           PA       3  28124.9
 10DIG 09-Nov-24 15:36 0013  LU2PWY         599  599  068           LU       5  28119.6
 10DIG 09-Nov-24 15:37 0014  XQ3SK          599  599  152           CE       5  28111.5
 10DIG 09-Nov-24 15:37 0015  N2HMM          599  599  252                    5  28110.5
 10DIG 09-Nov-24 15:38 0016  UB7K           599  599  851           UA       3  28106.8
 10DIG 09-Nov-24 15:39 0017  DL5JS          599  599  407           DL       2  28105.7
 10DIG 09-Nov-24 15:40 0018  EA7KY          599  599  145                    3  28104.9
 10DIG 09-Nov-24 15:42 0019  EA7TG          599  599  110                    3  28100.5
 10DIG 09-Nov-24 15:45 0020  A71AE          599  599  079           A7       5  28100.0
 10DIG 09-Nov-24 15:46 0021  A71AE          599  599  081                    0  28100.0
 10DIG 09-Nov-24 15:49 0022  RA3Y           599  599  518                    3  28095.2
 10DIG 09-Nov-24 15:50 0023  FY5KE          599  599  726           FY       5  28092.7
 10DIG 09-Nov-24 15:57 0024  PY2KJ          599  599  248           PY       5  28090.3
 10DIG 09-Nov-24 15:59 0025  CT7BJG         599  599  530           CT       3  28089.5
 10DIG 09-Nov-24 16:00 0026  CE6CGX         599  599  219                    5  28088.8
 10DIG 09-Nov-24 16:04 0027  PY2GZ          599  599  136                    5  28086.0
 10DIG 09-Nov-24 16:06 0028  CE8EIO         599  599  035                    5  28084.4
 10DIG 09-Nov-24 16:07 0029  PY2PLL         599  599  230                    5  28083.7
 10DIG 09-Nov-24 16:18 0030  CT1BXT         599  599  193                    3  28086.4
 10DIG 09-Nov-24 16:21 0031  DK5DQ          599  599  015                    2  28088.7
 15DIG 09-Nov-24 16:24 0032  EA3CS          599  599  093           EA       3  21080.6
 15DIG 09-Nov-24 18:15 0033  IO0A           599  599  819           I        3  21083.1
 15DIG 09-Nov-24 18:16 0034  WS9M           599  599  195           K        5  21083.7
 15DIG 09-Nov-24 18:17 0035  K1DC           599  599  296                    5  21084.5
 15DIG 09-Nov-24 18:18 0036  NM4AA          599  599  293                    5  21088.5
 15DIG 09-Nov-24 18:19 0037  PY2NY          599  599  352           PY       5  21089.1
 15DIG 09-Nov-24 18:22 0038  VE3MIS         599  599  010           VE       5  21089.6
 15DIG 09-Nov-24 18:25 0039  K2RET          599  599  181                    5  21095.3
 15DIG 09-Nov-24 18:26 0040  W4GKM          599  599  342                    5  21096.8
 15DIG 09-Nov-24 18:31 0041  LX4RTTY        599  599  309           LX       3  21094.3
 15DIG 09-Nov-24 18:32 0042  LX4RTTY        599  599  310                    0  21094.3
 40DIG 09-Nov-24 18:49 0043  OM5M           599  599  831           OM       3   7040.6
 40DIG 09-Nov-24 18:51 0044  IK1RGK         599  599  287           I        3   7041.9
 40DIG 09-Nov-24 18:57 0045  IK1PMR         599  599  511                    3   7043.9
 40DIG 09-Nov-24 18:58 0046  IN3OWY         599  599  171                    3   7044.4
 40DIG 09-Nov-24 19:00 0047  YO3RU          599  599  298           YO       3   7044.8
 40DIG 09-Nov-24 19:08 0048  F4DPW          599  599  18            F        3   7047.2
 40DIG 09-Nov-24 19:09 0049  UZ1WW          599  599  118           UR       3   7059.3
 40DIG 09-Nov-24 19:12 0050  DR6T           599  599  305           DL       2   7063.4
 40DIG 09-Nov-24 19:12 0051  DL1MPK         599  599  49                     2   7063.3
 40DIG 09-Nov-24 19:13 0052  LZ3QE          599  599  552           LZ       3   7063.4
 40DIG 09-Nov-24 19:15 0053  HA1TJ          599  599  225           HA       3   7063.4
 40DIG 09-Nov-24 19:18 0054  DF5LR          599  599  151                    2   7063.4
 40DIG 09-Nov-24 19:23 0055  IK4RVY         599  599  200                    3   7066.8
 40DIG 09-Nov-24 19:26 0056  IZ4JMA         599  599  308                    3   7057.9
 40DIG 09-Nov-24 19:29 0057  HB9RB          599  599  334           HB       3   7056.9
 40DIG 09-Nov-24 19:29 0058  EA4Z           599  599  348           EA       3   7056.5
 40DIG 09-Nov-24 19:30 0059  YL3NU          599  599  228           YL       3   7055.5
 40DIG 09-Nov-24 19:31 0060  YO4NF          599  599  413                    3   7054.4
 40DIG 09-Nov-24 19:33 0061  OK2WF          599  599  24            OK       3   7052.7
 40DIG 09-Nov-24 19:35 0062  UR5SD          599  599  040                    3   7051.4
 40DIG 09-Nov-24 19:36 0063  DD5M           599  599  442                    2   7050.6
 40DIG 09-Nov-24 19:37 0064  OM5TX          599  599  302                    3   7049.9
 40DIG 09-Nov-24 19:38 0065  IP1H           599  599  054                    3   7046.7
 40DIG 09-Nov-24 19:39 0066  DL2L           599  599  068                    2   7043.7
 40DIG 09-Nov-24 19:41 0067  DR2T           599  599  589                    2   7043.3
 40DIG 09-Nov-24 19:42 0068  EA4AOC         599  599  750                    3   7041.3
 40DIG 09-Nov-24 19:45 0069  UT7NI          599  599  376                    3   7058.4
 40DIG 09-Nov-24 19:46 0070  EU8U           599  599  760           EU       3   7058.4
 40DIG 09-Nov-24 19:47 0071  IK4XQT         599  599  100                    3   7058.4
 80DIG 09-Nov-24 19:51 0072  DP6K           599  599  712           DL       2   3581.9
 80DIG 09-Nov-24 19:53 0073  DO1SSB         599  599  146                    2   3584.6
 80DIG 09-Nov-24 19:56 0074  SB7A           599  599  408           SM       3   3586.9
 80DIG 09-Nov-24 19:58 0075  E77EA          599  599  128           E7       3   3587.8
 80DIG 09-Nov-24 19:59 0076  DF5EN          599  599  429                    2   3589.9
 80DIG 09-Nov-24 20:00 0077  PA4O           599  599  479           PA       3   3590.3
 40DIG 09-Nov-24 20:29 0078  DR3K           599  599  261                    2   7062.1
 40DIG 09-Nov-24 21:32 0079  EE4M           599  599  831                    3   7058.9
 40DIG 09-Nov-24 21:34 0080  TM3Z           599  599  784                    3   7057.9
 40DIG 09-Nov-24 21:36 0081  S53X           599  599  709           S5       3   7055.0
 80DIG 09-Nov-24 21:38 0082  DA0RR          599  599  151                    2   3589.2
 80DIG 09-Nov-24 21:41 0083  OZ11A          599  599  750           OZ       3   3588.5
 80DIG 09-Nov-24 21:41 0084  DM5B           599  599  477                    2   3586.8
 80DIG 09-Nov-24 21:42 0085  PA6Q           599  599  419                    3   3586.1
 80DIG 09-Nov-24 21:44 0086  EW6DM          599  599  279           EU       3   3585.0
 80DIG 09-Nov-24 21:45 0087  M7WLT          599  599  191           G        3   3583.0
 20DIG 10-Nov-24 12:19 0088  DA0RR          599  599  193                    2  14084.9
 20DIG 10-Nov-24 12:34 0089  II1R           599  599  459                    3  14085.7
 20DIG 10-Nov-24 12:35 0090  S57AZJ         599  599  694           S5       3  14086.1
 20DIG 10-Nov-24 12:37 0091  SB7A           599  599  701                    3  14087.4
 20DIG 10-Nov-24 12:39 0092  EA4IE          599  599  115           EA       3  14087.9
 20DIG 10-Nov-24 12:40 0093  RC9T           599  599  638           UA9      5  14088.4
 20DIG 10-Nov-24 12:42 0094  HB9RB          599  599  609           HB       3  14089.7
 20DIG 10-Nov-24 12:42 0095  DG2BWG         599  599  534                    2  14090.3
 20DIG 10-Nov-24 12:43 0096  OM5M           599  599  1390          OM       3  14090.6
 20DIG 10-Nov-24 12:44 0097  DL5WW          599  599  368                    2  14091.4
 20DIG 10-Nov-24 12:46 0098  OZ11A          599  599  1104          OZ       3  14091.8
 20DIG 10-Nov-24 12:48 0099  PA4O           599  599  769           PA       3  14094.1
 20DIG 10-Nov-24 12:50 0100  DJ9SN          599  599  170                    2  14094.8
 20DIG 10-Nov-24 12:52 0101  PA2IP          599  599  230                    3  14096.2
 20DIG 10-Nov-24 12:54 0102  II3O           599  599  577                    3  14097.7
 20DIG 10-Nov-24 12:55 0103  HA6NL          599  599  273           HA       3  14098.2
 20DIG 10-Nov-24 12:58 0104  DG9RAB         599  599  172                    2  14102.8
 20DIG 10-Nov-24 13:00 0105  SP3MEO         599  599  149                    3  14103.4
 20DIG 10-Nov-24 13:02 0106  IV3UHL         599  599  282                    3  14104.1
 20DIG 10-Nov-24 13:03 0107  F5GKW          599  599  387           F        3  14106.3
 20DIG 10-Nov-24 13:05 0108  DL7AT          599  599  084                    2  14108.3
 20DIG 10-Nov-24 13:05 0109  G2L            599  599  643                    3  14109.3
 10DIG 10-Nov-24 13:09 0110  K1LZ           599  599  1737                   5  28080.3
 10DIG 10-Nov-24 13:11 0111  NM4AA          599  599  544                    5  28080.9
 10DIG 10-Nov-24 16:00 0112  DA0RR          599  599  243                    2  28102.7
 10DIG 10-Nov-24 16:03 0113  DK8ZZ          599  599  200                    2  28101.9
 40DIG 10-Nov-24 18:22 0114  ER4A           599  599  398           ER       3   7059.9
 40DIG 10-Nov-24 18:23 0115  IK0FMB         599  599  654                    3   7058.4
 40DIG 10-Nov-24 18:24 0116  UB7K           599  599  1781          UA       3   7058.1
 40DIG 10-Nov-24 18:29 0117  Z68XX          599  599  1131          Z6       3   7058.8
 20DIG 10-Nov-24 18:40 0118  P33W           599  599  2253          5B       5  14094.8
 20DIG 10-Nov-24 18:42 0119  CT2GQR         599  599  567           CT       3  14096.0
 80DIG 10-Nov-24 19:14 0120  DR3K           599  599  576                    2   3593.4
