 20CW  11-May-24 16:18 0001  ZA1F           599  599  020           ZA       3  14032.0
 20CW  11-May-24 16:18 0002  UC7A           599  599  232           UA       3  14029.4
 20CW  11-May-24 16:21 0003  RU6K           599  599  085                    3  14020.8
 20CW  11-May-24 16:23 0004  SV1ME          599  599  087           SV       3  14020.2
 20CW  11-May-24 16:24 0005  UA6AA          599  599  094                    3  14019.0
 20CW  11-May-24 16:25 0006  HA7TM          599  599  228           HA       3  14014.3
 20CW  11-May-24 16:25 0007  RL5A           599  599  185                    3  14013.8
 20CW  11-May-24 16:26 0008  YO4NT          599  599  085           YO       3  14011.7
 40CW  11-May-24 16:45 0009  SO3O           599  599  091           SP       3   7030.0
 40CW  11-May-24 16:47 0010  SP2FAP         599  599  38                     3   7028.6
 40CW  11-May-24 16:54 0011  HA2VH          599  599  164           HA       3   7027.6
 40CW  11-May-24 17:08 0012  DB100FK        599  599  063           DL       2   7026.4
 40CW  11-May-24 17:11 0013  DK4WA          599  599  037                    2   7017.0
 80CW  11-May-24 20:43 0014  R6CZ           599  599  444           UA       3   3508.5
 15CW  12-May-24 07:37 0015  RC6U           599  599  1034          UA       3  21029.5
 15CW  12-May-24 07:38 0016  SV1AJO         599  599  231           SV       3  21028.0
 15CW  12-May-24 07:41 0017  LZ1NK          599  599  630           LZ       3  21010.0
 20CW  12-May-24 07:42 0018  RD4F           599  599  288                    3  14041.5
 20CW  12-May-24 07:44 0019  I2VXJ          599  599  229           I        3  14038.2
 20CW  12-May-24 07:45 0020  EA2KV          599  599  099           EA       3  14033.0
 20CW  12-May-24 07:46 0021  LZ3QE          599  599  518           LZ       3  14031.3
 20CW  12-May-24 07:47 0022  F5MNC          599  599  047           F        3  14029.5
 20CW  12-May-24 07:48 0023  RK4W           599  599  435                    3  14027.0
 20CW  12-May-24 07:49 0024  RK5K           599  599  820                    3  14025.0
 20CW  12-May-24 07:50 0025  IT9LKX         599  599  87            IT9      3  14023.0
 20CW  12-May-24 07:51 0026  RJ6N           599  599  215                    3  14022.5
 20CW  12-May-24 07:53 0027  HA3HO          599  599  098                    3  14017.5
 20CW  12-May-24 07:55 0028  UB3A           599  599  598                    3  14016.0
 20CW  12-May-24 07:56 0029  R8XF/1         599  599  018                    3  14011.0
 10CW  12-May-24 08:01 0030  LZ1NK          599  599  652           LZ       3  28009.9
 10CW  12-May-24 08:30 0031  IT9RZU         599  599  367           IT9      3  28016.0
 10CW  12-May-24 08:30 0032  EA3BV          599  599  144           EA       3  28019.1
 10CW  12-May-24 08:35 0033  4K1AZI         599  599  275           4J       5  28030.0
 10CW  12-May-24 08:57 0034  3V8SS          599  599  073           3V       5  28044.6
 15CW  12-May-24 09:03 0035  YU5A           599  599  044           YU       3  21042.4
 15CW  12-May-24 09:03 0036  R7AT           599  599  490                    3  21041.6
 15CW  12-May-24 09:04 0037  IK8UND         599  599  211           I        3  21040.0
 15CW  12-May-24 09:04 0038  UA6AA          599  599  300                    3  21038.0
 15CW  12-May-24 09:05 0039  UN0L           599  599  189           UN       5  21036.4
 15CW  12-May-24 09:06 0040  YU5T           599  599  201                    3  21035.7
 15CW  12-May-24 09:09 0041  UA5R           599  599  139                    3  21030.7
 15CW  12-May-24 09:11 0042  RK9AY          599  599  101           UA9      5  21027.0
 15CW  12-May-24 09:12 0043  R7LV           599  599  1031                   3  21022.5
 15CW  12-May-24 09:17 0044  EA1DC          599  599  515           EA       3  21019.4
 15CW  12-May-24 09:18 0045  SV1ME          599  599  360                    3  21018.5
 15CW  12-May-24 09:18 0046  RG9A           599  599  969                    5  21016.5
 15CW  12-May-24 09:21 0047  RA5AW          599  599  035                    3  21010.5
 20CW  12-May-24 09:23 0048  R3ZZ           599  599  461                    3  14016.4
 20CW  12-May-24 09:24 0049  OM8AA          599  599  329           OM       3  14035.0
 20CW  12-May-24 09:25 0050  SP5LST         599  599  105           SP       3  14031.0
 20CW  12-May-24 09:25 0051  RK3LC          599  599  202                    3  14026.1
 20CW  12-May-24 09:26 0052  R7AM           599  599  290                    3  14024.0
 20CW  12-May-24 09:27 0053  YQ6A           599  599  280                    3  14020.3
 20CW  12-May-24 09:27 0054  HA2VH          599  599  425                    3  14019.7
 20CW  12-May-24 09:28 0055  UA4S           599  599  1245                   3  14018.5
 20CW  12-May-24 09:28 0056  EW2ES          599  599  387           EU       3  14016.0
 20CW  12-May-24 09:29 0057  RT4G           599  599  1113                   3  14014.5
 20CW  12-May-24 09:30 0058  YO8RXP         599  599  253                    3  14010.0
 20CW  12-May-24 09:31 0059  YU7KW          599  599  394           YU       3  14035.5
 20CW  12-May-24 09:31 0060  YU1RA          599  599  198                    3  14030.5
 20CW  12-May-24 09:32 0061  YO8PUF         599  599  421                    3  14032.0
