 40CW  08-Jul-24 16:40 0001  DA2K           599  599  18            DL       2   7034.9
 40CW  08-Jul-24 16:40 0002  OK1DOR         599  599  15            OK       3   7033.7
 40CW  08-Jul-24 16:41 0003  OK1FHI         599  599  24                     3   7032.5
 40CW  08-Jul-24 16:42 0004  IK3QAR         599  599  20            I        3   7031.7
 40CW  08-Jul-24 16:44 0005  SP2QG          599  599  33            SP       3   7030.2
 40CW  08-Jul-24 16:45 0006  PA3DBS         599  599  20            PA       3   7028.4
 40CW  08-Jul-24 16:46 0007  OK1DSZ         599  599  29                     3   7027.3
 40CW  08-Jul-24 16:46 0008  OK1JAX         599  599  34                     3   7026.2
 40CW  08-Jul-24 16:47 0009  E77EA          599  599  35            E7       3   7026.0
 40CW  08-Jul-24 16:47 0010  DL5YM          599  599  29                     2   7025.7
 40CW  08-Jul-24 16:48 0011  ON4EM          599  599  35            ON       3   7024.8
 40CW  08-Jul-24 16:50 0012  DL2OE          599  599  35                     2   7024.2
 40CW  08-Jul-24 16:51 0013  DJ3WE          599  599  31                     2   7023.7
 40CW  08-Jul-24 16:52 0014  DL7YS          599  599  36                     2   7031.3
 40CW  08-Jul-24 16:53 0015  DR2C           599  599  47                     2   7031.3
 40CW  08-Jul-24 16:53 0016  DR3W           599  599  36                     2   7031.3
 40CW  08-Jul-24 16:53 0017  DJ9MH          599  599  40                     2   7031.3
 40CW  08-Jul-24 16:54 0018  DL1BUG         599  599  45                     2   7031.3
 40CW  08-Jul-24 16:55 0019  OK1NU          599  599  40                     3   7031.3
 40CW  08-Jul-24 16:55 0020  HA6NL          599  599  066           HA       3   7031.3
 40CW  08-Jul-24 16:56 0021  DJ9SN          599  599  028                    2   7031.3
 40CW  08-Jul-24 16:56 0022  SP7N           599  599  045                    3   7031.3
 40CW  08-Jul-24 16:56 0023  SN1T           599  599  65                     3   7031.3
 40CW  08-Jul-24 16:57 0024  DF8XC          599  599  32                     2   7031.3
 40CW  08-Jul-24 16:57 0025  OM5CM          599  599  42            OM       3   7031.3
 40CW  08-Jul-24 16:57 0026  OK2BFN         599  599  045                    3   7031.3
 40CW  08-Jul-24 16:58 0027  S52W           599  599  62            S5       3   7031.3
 40CW  08-Jul-24 16:58 0028  DL4ME          599  599  55                     2   7031.3
 40CW  08-Jul-24 16:59 0029  OK1FMX         599  599  36                     3   7031.3
 40CW  08-Jul-24 16:59 0030  OL8R           599  599  86                     3   7031.3
 40CW  08-Jul-24 16:59 0031  HG5E           599  599  67                     3   7031.3
 40CW  08-Jul-24 17:00 0032  DD5M           599  599  053                    2   7031.3
 40CW  08-Jul-24 17:01 0033  S51J           599  599  53                     3   7031.3
 40CW  08-Jul-24 17:01 0034  OM2KI          599  599  61                     3   7031.3
 40CW  08-Jul-24 17:02 0035  M4N            599  599  043           G        3   7031.3
 40CW  08-Jul-24 17:03 0036  SM5IMO         599  599  053           SM       3   7031.3
 40CW  08-Jul-24 17:04 0037  G4BUE          599  599  001                    3   7031.3
 40CW  08-Jul-24 17:05 0038  LZ5DI          599  599  046           LZ       3   7031.3
 40CW  08-Jul-24 17:05 0039  SN7J           599  599  45                     3   7031.3
 40CW  08-Jul-24 17:06 0040  HA7MF          599  599  32                     3   7031.3
 40CW  08-Jul-24 17:06 0041  HA5MA          599  599  063                    3   7031.3
 40CW  08-Jul-24 17:06 0042  OK1FFA         599  599  26                     3   7031.3
 40CW  08-Jul-24 17:06 0043  SP3VT          599  599  62                     3   7031.3
 40CW  08-Jul-24 17:07 0044  G0TRT          599  599  5                      3   7031.3
 40CW  08-Jul-24 17:07 0045  HB9HTF         599  599  67            HB       3   7031.3
 40CW  08-Jul-24 17:08 0046  OK5D           599  599  72                     3   7031.3
 40CW  08-Jul-24 17:08 0047  DA3T           599  599  46                     2   7031.3
 40CW  08-Jul-24 17:09 0048  SN5N           599  599  84                     3   7031.3
 40CW  08-Jul-24 17:09 0049  DA0BCC         599  599  70                     2   7031.3
 40CW  08-Jul-24 17:10 0050  DF1LON/P       599  599  24                     2   7031.3
 40CW  08-Jul-24 17:12 0051  SE5V           599  599  81                     3   7029.6
 40CW  08-Jul-24 17:13 0052  SP2KAC         599  599  42                     3   7028.8
 40CW  08-Jul-24 17:14 0053  SM5CSS         599  599  61                     3   7027.9
 40CW  08-Jul-24 17:15 0054  DJ5AS          599  599  46                     2   7027.5
 40CW  08-Jul-24 17:15 0055  OK2EA          599  599  82                     3   7027.0
 40CW  08-Jul-24 17:15 0056  SC6O           599  599  75                     3   7026.7
 40CW  08-Jul-24 17:16 0057  OK1IBP         599  599  82                     3   7026.1
 40CW  08-Jul-24 17:17 0058  DL1NKS         599  599  61                     2   7024.5
 40CW  08-Jul-24 17:18 0059  PA3ARM         599  599  72                     3   7022.4
 40CW  08-Jul-24 17:18 0060  SP2XX          599  599  79                     3   7022.1
 40CW  08-Jul-24 17:19 0061  SD1A           599  599  54                     3   7021.2
 40CW  08-Jul-24 17:20 0062  DJ4WT          599  599  66                     2   7019.5
 40CW  08-Jul-24 17:20 0063  PA5N           599  599  20                     3   7018.2
 40CW  08-Jul-24 17:21 0064  SF6J           599  599  71                     3   7017.8
 40CW  08-Jul-24 17:23 0065  OK1FMJ         599  599  13                     3   7039.0
 40CW  08-Jul-24 17:24 0066  SQ7M           599  599  44                     3   7034.5
 40CW  08-Jul-24 17:26 0067  OK2NO          599  599  98                     3   7031.5
 40CW  08-Jul-24 17:27 0068  DK5DQ          599  599  96                     2   7036.4
 40CW  08-Jul-24 17:28 0069  OK1RZ          599  599  107                    3   7029.8
 40CW  08-Jul-24 17:28 0070  DF8V           599  599  57                     2   7029.1
 40CW  08-Jul-24 17:29 0071  DL2NBY         599  599  93                     2   7027.3
 40CW  08-Jul-24 17:29 0072  ON4EM          599  599  99                     0   7024.9
