 40CW  19-Aug-24 16:32 0001  DJ4WT          599  599  4             DL       2   7026.3
 40CW  19-Aug-24 16:33 0002  DL5YM          599  599  7                      2   7025.9
 40CW  19-Aug-24 16:33 0003  DL6WT          599  599  6                      2   7025.6
 40CW  19-Aug-24 16:34 0004  OK5D           599  599  13            OK       3   7025.2
 40CW  19-Aug-24 16:34 0005  SM5ACQ         599  599  5             SM       3   7024.9
 40CW  19-Aug-24 16:36 0006  OK2EA          599  599  9                      3   7024.6
 40CW  19-Aug-24 16:36 0007  DR2C           599  599  11                     2   7024.3
 40CW  19-Aug-24 16:37 0008  OK1FGD         599  599  12                     3   7024.0
 40CW  19-Aug-24 16:37 0009  SC6O           599  599  11                     3   7023.4
 40CW  19-Aug-24 16:38 0010  LZ5DI          599  599  21            LZ       3   7023.0
 40CW  19-Aug-24 16:38 0011  PA3AAV         599  599  21            PA       3   7022.8
 40CW  19-Aug-24 16:39 0012  OT6E           599  599  19            ON       3   7022.4
 40CW  19-Aug-24 16:39 0013  DL1BUG         599  599  25                     2   7021.9
 40CW  19-Aug-24 16:40 0014  OK1DOL         599  599  22                     3   7021.4
 40CW  19-Aug-24 16:41 0015  SP8IOV         599  599  19            SP       3   7020.1
 40CW  19-Aug-24 16:42 0016  HG1G           599  599  27            HA       3   7019.7
 40CW  19-Aug-24 16:43 0017  PA3ARM         599  599  15                     3   7019.0
 40CW  19-Aug-24 16:43 0018  DF7YE          599  599  37                     2   7018.7
 40CW  19-Aug-24 16:44 0019  OK1RZ          599  599  32                     3   7018.3
 40CW  19-Aug-24 16:45 0020  SM5IMO         599  599  31                     3   7017.7
 40CW  19-Aug-24 16:45 0021  OK1ORA         599  599  31                     3   7017.3
 40CW  19-Aug-24 16:45 0022  OK1FKD         599  599  20                     3   7017.0
 40CW  19-Aug-24 16:46 0023  YU1RA          599  599  23            YU       3   7016.6
 40CW  19-Aug-24 16:47 0024  ON4EM          599  599  17                     3   7016.3
 40CW  19-Aug-24 16:47 0025  SD6F           599  599  33                     3   7015.6
 40CW  19-Aug-24 16:49 0026  HB9HTF         599  599  29            HB       3   7015.2
 40CW  19-Aug-24 16:49 0027  SE5T           599  599  31                     3   7015.2
 40CW  19-Aug-24 16:50 0028  HA5BA          599  599  27                     3   7015.2
 40CW  19-Aug-24 16:51 0029  HA5MA          599  599  36                     3   7015.2
 40CW  19-Aug-24 16:51 0030  SP3VT          599  599  45                     3   7015.2
 40CW  19-Aug-24 16:52 0031  DL2OE          599  599  34                     2   7015.2
 40CW  19-Aug-24 16:53 0032  SE4E           599  599  35                     3   7015.2
 40CW  19-Aug-24 16:53 0033  DF5EN          599  599  39                     2   7015.2
 40CW  19-Aug-24 16:54 0034  DL8MBS         599  599  20                     2   7015.2
 40CW  19-Aug-24 16:54 0035  DA0BCC         599  599  40                     2   7015.2
 40CW  19-Aug-24 16:55 0036  OK1TD          599  599  35                     3   7015.2
 40CW  19-Aug-24 16:56 0037  OK1RKS         599  599  24                     3   7015.2
 40CW  19-Aug-24 16:57 0038  PA3DBS         599  599  16                     3   7015.2
 40CW  19-Aug-24 16:58 0039  OK2BFN         599  599  48                     3   7015.2
 40CW  19-Aug-24 16:59 0040  OM2KI          599  599  72            OM       3   7015.2
 40CW  19-Aug-24 16:59 0041  OL8R           599  599  79                     3   7015.2
 40CW  19-Aug-24 16:59 0042  SF6J           599  599  47                     3   7015.2
 40CW  19-Aug-24 17:00 0043  OK4RQ          599  599  48                     3   7015.2
 40CW  19-Aug-24 17:00 0044  DF4ZL          599  599  47                     2   7015.2
 40CW  19-Aug-24 17:01 0045  HB9CMW         599  599  22                     3   7015.2
 40CW  19-Aug-24 17:01 0046  OK2PYA         599  599  27                     3   7015.2
 40CW  19-Aug-24 17:02 0047  OK1FMX         599  599  40                     3   7015.2
 40CW  19-Aug-24 17:02 0048  HB9BXE         599  599  64                     3   7015.2
 40CW  19-Aug-24 17:02 0049  OK1TN          599  599  66                     3   7015.2
 40CW  19-Aug-24 17:04 0050  SN1T           599  599  78                     3   7015.2
 40CW  19-Aug-24 17:04 0051  SD6M           599  599  53                     3   7015.2
 40CW  19-Aug-24 17:05 0052  OK7U           599  599  45                     3   7015.2
 40CW  19-Aug-24 17:05 0053  PC4H           599  599  54                     3   7015.2
 40CW  19-Aug-24 17:06 0054  OK1RR          599  599  60                     3   7015.2
 40CW  19-Aug-24 17:07 0055  DL4ME          599  599  73                     2   7015.2
 40CW  19-Aug-24 17:08 0056  SM0OEK         599  599  63                     3   7017.5
 40CW  19-Aug-24 17:08 0057  SP4TKR         599  599  70                     3   7019.3
 40CW  19-Aug-24 17:10 0058  OK2NAJ         599  599  78                     3   7019.7
 40CW  19-Aug-24 17:11 0059  OK2IW          599  599  48                     3   7021.6
 40CW  19-Aug-24 17:12 0060  SP4G           599  599  66                     3   7022.1
 40CW  19-Aug-24 17:13 0061  DL1NKS         599  599  45                     2   7025.2
 40CW  19-Aug-24 17:13 0062  DA2K           599  599  54                     2   7026.6
 40CW  19-Aug-24 17:14 0063  DM6EE          599  599  67                     2   7027.0
 40CW  19-Aug-24 17:15 0064  OK1FHI         599  599  79                     3   7028.7
 40CW  19-Aug-24 17:17 0065  OM5JA          599  599  48                     3   7037.1
 40CW  19-Aug-24 17:17 0066  DF8TY          599  599  48                     2   7039.2
 40CW  19-Aug-24 17:19 0067  SM5DXR         599  599  49                     3   7019.6
 40CW  19-Aug-24 17:20 0068  OH1SIC         599  599  63            OH       3   7015.5
 40CW  19-Aug-24 17:21 0069  DH0GHU         599  599  53                     2   7014.2
 40CW  19-Aug-24 17:22 0070  OK2CQR         599  599  20                     3   7013.6
 40CW  19-Aug-24 17:23 0071  OK5TFC         599  599  76                     3   7013.3
 40CW  19-Aug-24 17:23 0072  DK5DQ          599  599  75                     2   7012.3
 40CW  19-Aug-24 17:24 0073  OM5CM          599  599  82                     3   7020.9
 40CW  19-Aug-24 17:25 0074  OK1NG          599  599  75                     3   7021.7
 40CW  19-Aug-24 17:26 0075  YL3FW          599  599  87            YL       3   7024.2
 40CW  19-Aug-24 17:26 0076  DR7T           599  599  89                     2   7020.1
 40CW  19-Aug-24 17:27 0077  DL2NBY         599  599  90                     2   7017.1
 40CW  19-Aug-24 17:28 0078  OK1DOR         599  599  75                     3   7036.6
 40CW  19-Aug-24 17:29 0079  OK1AMX         599  599  81                     3   7030.8
 40CW  19-Aug-24 17:29 0080  SQ8LUU         599  599  88                     3   7030.0
