 80CW  11-Jun-24 18:03 0001  DL6ON          599  599  Z84           Z84      1   3531.0
 80CW  11-Jun-24 18:05 0002  DK9IP          599  599  A24           A24      1   3531.9
 80CW  11-Jun-24 18:07 0003  DF4ZL          599  599  F16           F16      1   3538.7
 80CW  11-Jun-24 18:09 0004  DO1VK          599  599  K18           K18      1   3538.7
 80CW  11-Jun-24 18:10 0005  DL3ABD         599  599  H02           H02      1   3538.7
 80CW  11-Jun-24 18:12 0006  DO2XU          599  599  I36           I36      1   3538.7
 80CW  11-Jun-24 18:13 0007  DL9FK          599  599  S21           S21      1   3538.7
 80CW  11-Jun-24 18:14 0008  DL8OBF         599  599  H20           H20      1   3538.7
 80CW  11-Jun-24 18:17 0009  SN1T           599  599  003           003      1   3538.7
 80CW  11-Jun-24 18:18 0010  DF5EN          599  599  P51           P51      1   3538.7
 80CW  11-Jun-24 18:20 0011  DL1CW          599  599  P51                    1   3543.0
 80CW  11-Jun-24 18:21 0012  DM6EE          599  599  H24           H24      1   3544.0
 80CW  11-Jun-24 18:24 0013  DG1EHM         599  599  L12           L12      1   3547.0
 80CW  11-Jun-24 18:27 0014  DL5MB          599  599  H59           H59      1   3553.0
 80CW  11-Jun-24 18:29 0015  DF1OLS         599  599  H41           H41      1   3554.8
 80CW  11-Jun-24 18:30 0016  DL8TG          599  599  W36           W36      1   3551.0
 80CW  11-Jun-24 18:32 0017  DK1KC          599  599  C06           C06      1   3526.8
 80CW  11-Jun-24 18:36 0018  DF2ZY          599  599  Z54           Z54      1   3530.3
 80CW  11-Jun-24 18:37 0019  DG9VH          599  599  Q03           Q03      1   3530.3
 80CW  11-Jun-24 18:39 0020  DJ5QE          599  599  N20           N20      1   3530.3
 80CW  11-Jun-24 18:42 0021  DH0GDS         599  599  P30           P30      1   3530.3
 80CW  11-Jun-24 18:44 0022  DL4NAX         599  599  B06           B06      1   3530.3
 80CW  11-Jun-24 18:46 0023  DL2MDZ         599  599  B39           B39      1   3530.3
 80CW  11-Jun-24 18:50 0024  DH1CAD         599  599  W36                    1   3530.3
 80CW  11-Jun-24 18:55 0025  DK2FG          599  599  N05           N05      1   3530.3
 80CW  11-Jun-24 18:57 0026  DJ9MH          599  599  B10           B10      1   3530.3
 80CW  11-Jun-24 18:58 0027  DJ5TG          599  599  V14           V14      1   3530.3
 80CW  11-Jun-24 18:59 0028  DM3ZF          599  599  Y28           Y28      1   3530.3
