 40CW  11-Nov-24 16:30 0001  OK2QA          599  599  2             OK       3   7029.6
 40CW  11-Nov-24 16:31 0002  DF8V           599  599  2             DL       2   7028.6
 40CW  11-Nov-24 16:31 0003  SO3O           599  599  5             SP       3   7028.0
 40CW  11-Nov-24 16:32 0004  OK1JAX         599  599  4                      3   7027.5
 40CW  11-Nov-24 16:32 0005  DR2C           599  599  8                      2   7027.1
 40CW  11-Nov-24 16:33 0006  SN5N           599  599  7                      3   7026.6
 40CW  11-Nov-24 16:33 0007  DL7YS          599  599  7                      2   7026.3
 40CW  11-Nov-24 16:34 0008  DJ3WE          599  599  6                      2   7026.0
 40CW  11-Nov-24 16:34 0009  OK1FGD         599  599  9                      3   7025.8
 40CW  11-Nov-24 16:35 0010  DL1NKS         599  599  15                     2   7025.0
 40CW  11-Nov-24 16:37 0011  OK1TD          599  599  12                     3   7020.9
 40CW  11-Nov-24 16:37 0012  DL4ME          599  599  18                     2   7020.9
 40CW  11-Nov-24 16:38 0013  OK1FMX         599  599  10                     3   7020.9
 40CW  11-Nov-24 16:38 0014  D1CW           599  599  13                     5   7020.9
 40CW  11-Nov-24 16:38 0015  DL2NBY         599  599  18                     2   7020.9
 40CW  11-Nov-24 16:39 0016  DL8QS          599  599  16                     2   7020.9
 40CW  11-Nov-24 16:39 0017  S51J           599  599  16            S5       3   7020.8
 40CW  11-Nov-24 16:40 0018  SE4E           599  599  20            SM       3   7020.8
 40CW  11-Nov-24 16:40 0019  HA5MA          599  599  17            HA       3   7020.8
 40CW  11-Nov-24 16:40 0020  OK1OA          599  599  22                     3   7020.8
 40CW  11-Nov-24 16:41 0021  SP7N           599  599  22                     3   7020.8
 40CW  11-Nov-24 16:41 0022  OK4X           599  599  17                     3   7020.8
 40CW  11-Nov-24 16:41 0023  HA5BA          599  599  19                     3   7020.8
 40CW  11-Nov-24 16:41 0024  DF4ZL          599  599  18                     2   7020.8
 40CW  11-Nov-24 16:42 0025  OK4RQ          599  599  21                     3   7020.8
 40CW  11-Nov-24 16:42 0026  SN1T           599  599  27                     3   7020.8
 40CW  11-Nov-24 16:43 0027  M4N            599  599  28            G        3   7020.8
 40CW  11-Nov-24 16:43 0028  OK1TRJ         599  599  22                     3   7020.8
 40CW  11-Nov-24 16:44 0029  DK2DR          599  599  12                     2   7020.8
 40CW  11-Nov-24 16:44 0030  SN7J           599  599  20                     3   7020.8
 40CW  11-Nov-24 16:44 0031  DA3T           599  599  17                     2   7020.8
 40CW  11-Nov-24 16:45 0032  I2CZQ          599  599  7             I        3   7020.8
 40CW  11-Nov-24 16:45 0033  OM5CM          599  599  22            OM       3   7020.8
 40CW  11-Nov-24 16:45 0034  IN3FHE         599  599  13                     3   7020.8
 40CW  11-Nov-24 16:46 0035  OK1ITK         599  599  14                     3   7020.8
 40CW  11-Nov-24 16:46 0036  SK0QO          599  599  14                     3   7020.8
 40CW  11-Nov-24 16:46 0037  DJ1PQ          599  599  11                     2   7020.8
 40CW  11-Nov-24 16:47 0038  DK5SA          599  599  25                     2   7020.8
 40CW  11-Nov-24 16:47 0039  HB9BXE         599  599  31            HB       3   7020.8
 40CW  11-Nov-24 16:48 0040  HA1YA          599  599  56                     3   7020.8
 40CW  11-Nov-24 16:48 0041  M7R            599  599  16                     3   7020.8
 40CW  11-Nov-24 16:49 0042  OK2PYA         599  599  31                     3   7020.8
 40CW  11-Nov-24 16:50 0043  DA0BCC         599  599  35                     2   7020.8
 40CW  11-Nov-24 16:50 0044  RX3QNE         599  599  26            UA       3   7020.8
 40CW  11-Nov-24 16:50 0045  HB9CMW         599  599  15                     3   7020.8
 40CW  11-Nov-24 16:51 0046  SP2XX          599  599  30                     3   7020.8
 40CW  11-Nov-24 16:51 0047  DM7W           599  599  42                     2   7020.8
 80CW  11-Nov-24 16:53 0048  SP3CW          599  599  14            SP       3   3536.5
 80CW  11-Nov-24 16:54 0049  OE5TXF         599  599  12            OE       3   3537.5
 80CW  11-Nov-24 16:54 0050  OK1AY          599  599  127           OK       3   3539.0
 80CW  11-Nov-24 16:55 0051  SD6F           599  599  61            SM       3   3532.2
 40CW  11-Nov-24 16:56 0052  OK2IW          599  599  30                     3   7020.4
 40CW  11-Nov-24 16:57 0053  PC0A           599  599  56            PA       3   7019.9
 40CW  11-Nov-24 16:57 0054  SP4TKR         599  599  65                     3   7019.5
 40CW  11-Nov-24 16:58 0055  OK1TN          599  599  58                     3   7019.2
 40CW  11-Nov-24 16:58 0056  SM5IMO         599  599  63                     3   7018.2
 40CW  11-Nov-24 16:59 0057  PA3ARM         599  599  50                     3   7017.5
 40CW  11-Nov-24 16:59 0058  DA2K           599  599  50                     2   7017.2
 40CW  11-Nov-24 17:00 0059  OK2EA          599  599  71                     3   7016.0
 40CW  11-Nov-24 17:00 0060  YL3JD          599  599  35            YL       3   7015.5
 40CW  11-Nov-24 17:01 0061  S57AL          599  599  61                     3   7015.1
 40CW  11-Nov-24 17:02 0062  OM5JA          599  599  48                     3   7031.6
 40CW  11-Nov-24 17:02 0063  OK2NAJ         599  599  52                     3   7031.2
 40CW  11-Nov-24 17:03 0064  SD6M           599  599  53                     3   7030.1
 40CW  11-Nov-24 17:04 0065  OL4W           599  599  52                     3   7029.8
 40CW  11-Nov-24 17:05 0066  PA2TA          599  599  48                     3   7030.9
 40CW  11-Nov-24 17:06 0067  HA1AS          599  599  27                     3   7030.9
 40CW  11-Nov-24 17:07 0068  RV6HV          599  599  39                     3   7030.9
 40CW  11-Nov-24 17:07 0069  DJ9SN          599  599  42                     2   7030.9
 40CW  11-Nov-24 17:08 0070  SP3MEP         599  599  69                     3   7030.8
 40CW  11-Nov-24 17:08 0071  DJ5AS          599  599  43                     2   7030.8
 40CW  11-Nov-24 17:09 0072  PC4H           599  599  64                     3   7030.8
 40CW  11-Nov-24 17:09 0073  DA3T           599  599  43                     0   7030.8
 40CW  11-Nov-24 17:09 0074  OG6B           599  599  50            OH       3   7030.8
 40CW  11-Nov-24 17:10 0075  OK1RKS         599  599  22                     3   7030.8
 40CW  11-Nov-24 17:10 0076  PA3EMN         599  599  34                     3   7030.8
 40CW  11-Nov-24 17:10 0077  DK4DS          599  599  14                     2   7030.8
 40CW  11-Nov-24 17:11 0078  G4LJU          599  599  24                     3   7030.8
 40CW  11-Nov-24 17:12 0079  HB9CMW         599  599  28                     0   7030.8
 80CW  11-Nov-24 17:14 0080  OM2KI          599  599  98            OM       3   3536.0
 80CW  11-Nov-24 17:14 0081  DJ9MH          599  599  74            DL       2   3536.0
 80CW  11-Nov-24 17:15 0082  OK1RZ          599  599  51                     3   3536.0
 80CW  11-Nov-24 17:15 0083  DL7YS          599  599  69                     2   3536.0
 80CW  11-Nov-24 17:15 0084  OK1OA          599  599  83                     3   3536.0
 80CW  11-Nov-24 17:16 0085  OL8R           599  599  120                    3   3536.0
 80CW  11-Nov-24 17:17 0086  SP8BXL         599  599  30                     3   3536.0
 80CW  11-Nov-24 17:17 0087  DR2C           599  599  95                     2   3536.0
 80CW  11-Nov-24 17:18 0088  OK2PYA         599  599  67                     3   3536.0
 80CW  11-Nov-24 17:18 0089  SO3O           599  599  92                     3   3536.0
 80CW  11-Nov-24 17:18 0090  SN1T           599  599  115                    3   3536.0
 80CW  11-Nov-24 17:19 0091  OK2BFN         599  599  84                     3   3536.0
 80CW  11-Nov-24 17:19 0092  DL8QS          599  599  90                     2   3536.0
 80CW  11-Nov-24 17:20 0093  OK1DOL         599  599  102                    3   3536.0
 80CW  11-Nov-24 17:20 0094  OK1NG          599  599  33                     3   3536.0
 80CW  11-Nov-24 17:20 0095  DM7W           599  599  94                     2   3536.0
 80CW  11-Nov-24 17:22 0096  HB9BXE         599  599  89            HB       3   3536.0
 80CW  11-Nov-24 17:23 0097  SP2XX          599  599  87                     3   3536.0
 80CW  11-Nov-24 17:23 0098  PA2TA          599  599  68            PA       3   3536.0
 80CW  11-Nov-24 17:24 0099  OK1FMX         599  599  65                     3   3536.0
 80CW  11-Nov-24 17:25 0100  OK1FKD         599  599  62                     3   3536.0
 80CW  11-Nov-24 17:25 0101  OK2QA          599  599  100                    3   3536.0
 80CW  11-Nov-24 17:29 0102  SP2QG          599  599  122                    3   3527.8
 80CW  11-Nov-24 17:29 0103  OK2IW          599  599  83                     3   3529.1
