160CW  10-Feb-24 19:58 0001  G4CXT          599  599  051 IP        G        3   1830.0
160CW  10-Feb-24 19:59 0002  M4T            599  599  083 DY                 3   1828.5
160CW  10-Feb-24 19:59 0003  DK4HH          599  599  030           DL       2   1828.2
160CW  10-Feb-24 20:00 0004  DL1CW          599  599  053                    2   1826.2
160CW  10-Feb-24 20:02 0005  G5W            599  599  082 SY                 3   1825.5
160CW  10-Feb-24 20:03 0006  GM4ZUK         599  599  071 AB        GM       3   1824.8
160CW  10-Feb-24 20:05 0007  G4BUO          599  599  024 SG                 3   1823.4
160CW  10-Feb-24 20:06 0008  HB9CVQ         599  599  036           HB       3   1822.5
160CW  10-Feb-24 20:07 0009  DH1NBE         599  599  055                    2   1821.7
160CW  10-Feb-24 20:10 0010  G4PIQ          599  599  029 IP                 3   1821.1
160CW  10-Feb-24 20:11 0011  DK3UW          599  599  031                    2   1817.5
160CW  10-Feb-24 20:12 0012  G4LPP          599  599  071 NK                 3   1816.8
160CW  10-Feb-24 20:14 0013  G3RLE          599  599  061 OL                 3   1815.6
160CW  10-Feb-24 20:14 0014  DO1AYJ         599  599  056                    2   1813.5
160CW  10-Feb-24 20:15 0015  GM3YEH         599  599  068 KA                 3   1836.5
160CW  10-Feb-24 20:16 0016  SO3O           599  599  045           SP       3   1832.3
160CW  10-Feb-24 20:17 0017  DM100FK        599  599  000                    2   1833.0
160CW  10-Feb-24 20:17 0018  G4FNL          599  599  087 BN                 3   1831.9
160CW  10-Feb-24 20:36 0019  IK1PMR         599  599  049           I        3   1831.0
160CW  10-Feb-24 20:37 0020  F5IN           599  599  044           F        3   1830.4
160CW  10-Feb-24 20:38 0021  M0B            599  599  081 LA                 3   1829.0
160CW  10-Feb-24 20:39 0022  OZ0B           599  599  082           OZ       3   1828.1
160CW  10-Feb-24 20:40 0023  OZ2TF          599  599  070                    3   1827.4
160CW  10-Feb-24 20:40 0024  M7W            599  599  106 NG                 3   1827.0
160CW  10-Feb-24 20:41 0025  G3DR           599  599  099 SD                 3   1822.0
160CW  10-Feb-24 20:43 0026  OM2XW          599  599  082           OM       3   1817.5
160CW  10-Feb-24 20:44 0027  G4AFF          599  599  099 NK                 3   1818.2
160CW  10-Feb-24 20:45 0028  SP2QG          599  599  059                    3   1818.2
160CW  10-Feb-24 20:45 0029  DJ1YF          599  599  046                    2   1818.2
160CW  10-Feb-24 20:46 0030  G3SJJ          599  599  101 NG                 3   1818.3
160CW  10-Feb-24 20:49 0031  G3T            599  599  060 TS                 3   1818.3
160CW  10-Feb-24 20:51 0032  ON7PQ          599  599  056           ON       3   1820.0
160CW  10-Feb-24 20:55 0033  M4J            599  599  072 IP                 3   1831.4
160CW  10-Feb-24 20:56 0034  G0ORY          599  599  068 LE                 3   1832.5
160CW  10-Feb-24 20:57 0035  G4CZB          599  599  084 NN                 3   1835.7
160CW  10-Feb-24 21:00 0036  G4RGK          599  599  024 HP                 3   1836.3
160CW  10-Feb-24 21:05 0037  OM3RKA         599  599  062                    3   1829.6
160CW  10-Feb-24 21:06 0038  OZ3SM          599  599  063                    3   1829.6
160CW  10-Feb-24 21:07 0039  DL2OM          599  599  079                    2   1829.6
160CW  10-Feb-24 21:07 0040  M2D            599  599  090 NE                 3   1829.6
160CW  10-Feb-24 21:09 0041  G3LDI          599  599  099 NK                 3   1829.6
160CW  10-Feb-24 21:13 0042  G3SWC          599  599  076 RH                 3   1824.3
160CW  10-Feb-24 21:19 0043  OK1OA          599  599  014           OK       3   1835.6
160CW  10-Feb-24 21:22 0044  2E0IHM         599  599  027 ND                 3   1834.8
160CW  10-Feb-24 21:23 0045  GM4JYB         599  599  069 KW                 3   1834.8
160CW  10-Feb-24 21:25 0046  DR2C           599  599  057                    2   1834.8
160CW  10-Feb-24 21:26 0047  S58MU          599  599  050           S5       3   1834.8
160CW  10-Feb-24 21:34 0048  9A3NC          599  599  030           9A       3   1815.7
160CW  10-Feb-24 21:35 0049  G4ARI          599  599  083 LE                 3   1815.7
160CW  10-Feb-24 21:48 0050  G3RWF          599  599  102 CT                 3   1815.3
160CW  10-Feb-24 21:49 0051  M8M            599  599  084 II                 3   1817.0
160CW  10-Feb-24 21:50 0052  OK2TJ          599  599  054                    3   1817.5
160CW  10-Feb-24 22:01 0053  M3E            599  599  022 CM                 3   1820.0
160CW  10-Feb-24 22:02 0054  PA5KT          599  599  ZL            PA       3   1813.3
160CW  10-Feb-24 22:03 0055  PA4VHF         599  599  OV                     3   1814.0
160CW  10-Feb-24 22:03 0056  PI4CC          599  599  ZH                     3   1816.0
160CW  10-Feb-24 22:07 0057  PI4VPO         599  599  ZH                     3   1815.7
160CW  10-Feb-24 22:14 0058  PA1T           599  599  GR                     3   1825.8
160CW  10-Feb-24 22:17 0059  LY4Y           599  599  015           LY       3   1826.3
160CW  10-Feb-24 22:17 0060  PA3EZC         599  599  OV                     3   1826.7
