 40CW  09-Sep-24 16:45 0001  OM5CM          599  599  23            OM       3   7030.3
 40CW  09-Sep-24 16:45 0002  OM3TVI         599  599  9                      3   7030.3
 40CW  09-Sep-24 16:46 0003  OK2CW          599  599  19            OK       3   7030.3
 40CW  09-Sep-24 16:46 0004  IN3FHE         599  599  14            I        3   7030.3
 40CW  09-Sep-24 16:46 0005  S53ZO          599  599  40            S5       3   7030.3
 40CW  09-Sep-24 16:47 0006  SP2HHX         599  599  7             SP       3   7030.3
 40CW  09-Sep-24 16:47 0007  OK2BFN         599  599  29                     3   7030.3
 40CW  09-Sep-24 16:47 0008  DF1DT          599  599  30            DL       2   7030.3
 40CW  09-Sep-24 16:48 0009  PA3AAV         599  599  56            PA       3   7030.3
 40CW  09-Sep-24 16:48 0010  OM3CAZ         599  599  8                      3   7030.3
 40CW  09-Sep-24 16:49 0011  DM8T           599  599  24                     2   7030.3
 40CW  09-Sep-24 16:49 0012  DM6EE          599  599  32                     2   7030.3
 40CW  09-Sep-24 16:49 0013  DJ1OJ          599  599  21                     2   7030.3
 40CW  09-Sep-24 16:49 0014  OK1FHI         599  599  33                     3   7030.3
 40CW  09-Sep-24 16:50 0015  M4N            599  599  35            G        3   7030.3
 40CW  09-Sep-24 16:50 0016  DL7YS          599  599  44                     2   7030.3
 40CW  09-Sep-24 16:51 0017  SN1T           599  599  56                     3   7030.3
 40CW  09-Sep-24 16:51 0018  OK1TRJ         599  599  32                     3   7030.3
 40CW  09-Sep-24 16:52 0019  OK2IW          599  599  25                     3   7030.3
 40CW  09-Sep-24 16:52 0020  OK5M           599  599  58                     3   7030.3
 40CW  09-Sep-24 16:52 0021  HA5OV          599  599  61            HA       3   7030.3
 40CW  09-Sep-24 16:53 0022  OK1USP         599  599  34                     3   7030.3
 40CW  09-Sep-24 16:53 0023  DF1DX          599  599  31                     2   7030.3
 40CW  09-Sep-24 16:53 0024  PC4H           599  599  42                     3   7030.3
 40CW  09-Sep-24 16:53 0025  OK1RZ          599  599  57                     3   7030.3
 40CW  09-Sep-24 16:54 0026  HA5MA          599  599  42                     3   7030.3
 40CW  09-Sep-24 16:54 0027  OL8R           599  599  78                     3   7030.3
 40CW  09-Sep-24 16:55 0028  OK2GU          599  599  22                     3   7030.3
 40CW  09-Sep-24 16:55 0029  DR2C           599  599  54                     2   7030.3
 40CW  09-Sep-24 16:56 0030  DM5I           599  599  67                     2   7030.3
 40CW  09-Sep-24 16:56 0031  OK1DSZ         599  599  6                      3   7030.3
 40CW  09-Sep-24 16:57 0032  SP3VT          599  599  52                     3   7030.3
 40CW  09-Sep-24 16:57 0033  DF8V           599  599  32                     2   7030.3
 40CW  09-Sep-24 16:58 0034  DM50LOW        599  599  23                     2   7030.3
 40CW  09-Sep-24 16:58 0035  DL8Q           599  599  46                     2   7030.3
 40CW  09-Sep-24 16:59 0036  ON4EM          599  599  59            ON       3   7030.3
 40CW  09-Sep-24 16:59 0037  OK1FKD         599  599  34                     3   7030.3
 40CW  09-Sep-24 16:59 0038  SM0OEK         599  599  61            SM       3   7030.3
 40CW  09-Sep-24 17:00 0039  S51J           599  599  64                     3   7030.3
 40CW  09-Sep-24 17:00 0040  OK1RKS         599  599  23                     3   7030.3
 40CW  09-Sep-24 17:00 0041  SM5IMO         599  599  44                     3   7030.3
 40CW  09-Sep-24 17:01 0042  OL4W           599  599  49                     3   7030.3
 40CW  09-Sep-24 17:01 0043  HB9CMW         599  599  25            HB       3   7030.3
 40CW  09-Sep-24 17:02 0044  DF8TY          599  599  20                     2   7030.3
 40CW  09-Sep-24 17:02 0045  OK1TN          599  599  75                     3   7030.3
 40CW  09-Sep-24 17:02 0046  SP8BXL         599  599  36                     3   7030.3
 40CW  09-Sep-24 17:03 0047  SP4DNX         599  599  23                     3   7030.3
 40CW  09-Sep-24 17:04 0048  DL4ME          599  599  66                     2   7030.3
 40CW  09-Sep-24 17:04 0049  OK2PYA         599  599  39                     3   7030.3
 40CW  09-Sep-24 17:04 0050  DR3W           599  599  72                     2   7030.3
 40CW  09-Sep-24 17:05 0051  HA6NL          599  599  79                     3   7030.3
 40CW  09-Sep-24 17:07 0052  OK1DOR         599  599  58                     3   7029.9
 40CW  09-Sep-24 17:07 0053  SP2QG          599  599  90                     3   7029.2
 40CW  09-Sep-24 17:08 0054  SD6F           599  599  73                     3   7028.5
 40CW  09-Sep-24 17:08 0055  OK2EA          599  599  89                     3   7028.1
 40CW  09-Sep-24 17:09 0056  DD5M           599  599  87                     2   7027.6
 40CW  09-Sep-24 17:10 0057  SM5CSS         599  599  55                     3   7027.3
 40CW  09-Sep-24 17:10 0058  DJ4WT          599  599  61                     2   7026.1
 40CW  09-Sep-24 17:11 0059  DL5YM          599  599  77                     2   7025.9
 40CW  09-Sep-24 17:12 0060  OZ7BQ          599  599  43            OZ       3   7024.8
 40CW  09-Sep-24 17:13 0061  OK1FGD         599  599  69                     3   7024.4
 40CW  09-Sep-24 17:13 0062  SP4TKR         599  599  87                     3   7023.1
 40CW  09-Sep-24 17:14 0063  OK1OA          599  599  60                     3   7022.2
 40CW  09-Sep-24 17:14 0064  SW8YA          599  599  58            SV       3   7021.9
 40CW  09-Sep-24 17:15 0065  DF7YE          599  599  94                     2   7021.5
 40CW  09-Sep-24 17:15 0066  HG5E           599  599  108                    3   7021.3
 40CW  09-Sep-24 17:16 0067  PC0A           599  599  7                      3   7019.8
 40CW  09-Sep-24 17:17 0068  DL1NKS         599  599  58                     2   7018.9
 40CW  09-Sep-24 17:18 0069  PA3ARM         599  599  56                     3   7018.7
 40CW  09-Sep-24 17:18 0070  OK1NU          599  599  50                     3   7017.6
 40CW  09-Sep-24 17:19 0071  OE6JOZ         599  599  28            OE       3   7017.0
 40CW  09-Sep-24 17:21 0072  DF8XC          599  599  39                     2   7031.1
 40CW  09-Sep-24 17:22 0073  OK1TD          599  599  67                     3   7031.1
 40CW  09-Sep-24 17:22 0074  HB9HTF         599  599  67                     3   7031.1
 40CW  09-Sep-24 17:23 0075  HA1AS          599  599  42                     3   7031.1
 40CW  09-Sep-24 17:24 0076  OH3MZ          599  599  38            OH       3   7031.1
 40CW  09-Sep-24 17:24 0077  S52W           599  599  104                    3   7031.1
 40CW  09-Sep-24 17:25 0078  HA5BA          599  599  57                     3   7031.1
 40CW  09-Sep-24 17:26 0079  OK1FFA         599  599  31                     3   7031.1
 40CW  09-Sep-24 17:27 0080  OK1ITK         599  599  43                     3   7031.1
 40CW  09-Sep-24 17:27 0081  OK5D           599  599  105                    3   7031.1
 40CW  09-Sep-24 17:28 0082  OK1IBP         599  599  98                     3   7031.1
 40CW  09-Sep-24 17:28 0083  OK2SFP         599  599  47                     3   7031.1
 40CW  09-Sep-24 17:29 0084  DK5DQ          599  599  88                     2   7031.1
 40CW  09-Sep-24 17:29 0085  SO3O           599  599  104                    3   7031.1
 40CW  09-Sep-24 17:29 0086  OM4AY          599  599  56                     3   7031.1
