 40CW  12-Aug-24 16:30 0001  OK1OA          599  599  1             OK       3   7027.2
 40CW  12-Aug-24 16:30 0002  S52W           599  599  3             S5       3   7027.5
 40CW  12-Aug-24 16:31 0003  SP4TKR         599  599  2             SP       3   7026.8
 40CW  12-Aug-24 16:32 0004  HG1G           599  599  5             HA       3   7026.4
 40CW  12-Aug-24 16:32 0005  OK5D           599  599  5                      3   7025.5
 40CW  12-Aug-24 16:35 0006  SC6O           599  599  4             SM       3   7023.2
 40CW  12-Aug-24 16:36 0007  DJ3WE          599  599  10            DL       2   7022.6
 40CW  12-Aug-24 16:37 0008  OK1DSZ         599  599  9                      3   7022.3
 40CW  12-Aug-24 16:38 0009  OK2EA          599  599  23                     3   7021.8
 40CW  12-Aug-24 16:39 0010  PA3AAV         599  599  27            PA       3   7021.3
 40CW  12-Aug-24 16:40 0011  LZ5DI          599  599  22            LZ       3   7021.0
 40CW  12-Aug-24 16:41 0012  OK1DOR         599  599  19                     3   7020.7
 40CW  12-Aug-24 16:42 0013  SP8RX/5        599  599  18                     3   7020.5
 40CW  12-Aug-24 16:43 0014  PA3ARM         599  599  20                     3   7020.0
 40CW  12-Aug-24 16:44 0015  E77EA          599  599  38            E7       3   7019.5
 40CW  12-Aug-24 16:45 0016  DF7YE          599  599  30                     2   7018.5
 40CW  12-Aug-24 16:46 0017  OK1RZ          599  599  38                     3   7018.1
 40CW  12-Aug-24 16:46 0018  DL1BUG         599  599  30                     2   7017.4
 40CW  12-Aug-24 16:47 0019  HA5MA          599  599  31                     3   7016.9
 40CW  12-Aug-24 16:47 0020  OK5M           599  599  45                     3   7016.7
 40CW  12-Aug-24 16:47 0021  OL4W           599  599  25                     3   7016.3
 40CW  12-Aug-24 16:48 0022  DK4DS          599  599  18                     2   7016.0
 40CW  12-Aug-24 16:49 0023  SD6F           599  599  24                     3   7015.7
 40CW  12-Aug-24 16:50 0024  OK2QA          599  599  35                     3   7014.9
 40CW  12-Aug-24 16:50 0025  OK5TFC         599  599  28                     3   7014.4
 40CW  12-Aug-24 16:52 0026  SQ7M           599  599  16                     3   7031.0
 40CW  12-Aug-24 16:54 0027  SE5V           599  599  38                     3   7030.3
 40CW  12-Aug-24 16:54 0028  OK1FGD         599  599  37                     3   7030.5
 40CW  12-Aug-24 16:55 0029  OK2NO          599  599  50                     3   7031.9
 40CW  12-Aug-24 16:56 0030  S58MU          599  599  31                     3   7036.1
 40CW  12-Aug-24 16:57 0031  OM5JA          599  599  34            OM       3   7036.8
 40CW  12-Aug-24 16:57 0032  Z3SM           599  599  31            Z3       3   7038.0
 40CW  12-Aug-24 16:59 0033  OK1DM          599  599  39                     3   7029.8
 40CW  12-Aug-24 17:00 0034  SN5N           599  599  63                     3   7029.5
 40CW  12-Aug-24 17:00 0035  DK5DQ          599  599  53                     2   7029.2
 40CW  12-Aug-24 17:01 0036  DJ4WT          599  599  39                     2   7028.8
 40CW  12-Aug-24 17:01 0037  SM5ACQ         599  599  34                     3   7028.5
 40CW  12-Aug-24 17:02 0038  DJ9KH          599  599  66                     2   7028.2
 40CW  12-Aug-24 17:03 0039  OK1IBP         599  599  62                     3   7027.7
 40CW  12-Aug-24 17:05 0040  OK1NG          599  599  32                     3   7027.4
 40CW  12-Aug-24 17:05 0041  SD6M           599  599  36                     3   7027.1
 40CW  12-Aug-24 17:06 0042  DL5YM          599  599  51                     2   7026.5
 40CW  12-Aug-24 17:06 0043  RX3Q           599  599  54            UA       3   7026.1
 40CW  12-Aug-24 17:07 0044  PA3DBS         599  599  38                     3   7025.6
 40CW  12-Aug-24 17:08 0045  DL4YR          599  599  27                     2   7024.4
 40CW  12-Aug-24 17:09 0046  DF8V           599  599  57                     2   7023.8
 40CW  12-Aug-24 17:10 0047  SQ8LUU         599  599  64                     3   7023.2
 40CW  12-Aug-24 17:10 0048  HB9BXE         599  599  63            HB       3   7022.6
 40CW  12-Aug-24 17:12 0049  OK1TN          599  599  83                     3   7019.4
 40CW  12-Aug-24 17:13 0050  OK2VX          599  599  58                     3   7016.8
 40CW  12-Aug-24 17:15 0051  DL3JJ/P        599  599  28                     2   7015.7
 40CW  12-Aug-24 17:16 0052  S51J           599  599  58                     3   7015.3
 40CW  12-Aug-24 17:16 0053  SD1A           599  599  55                     3   7015.0
 40CW  12-Aug-24 17:17 0054  YL1DOG         599  599  05            YL       3   7014.7
 40CW  12-Aug-24 17:19 0055  M4N            599  599  63            G        3   7029.0
 40CW  12-Aug-24 17:20 0056  HA6NL          599  599  90                     3   7029.2
 40CW  12-Aug-24 17:21 0057  OK1FHI         599  599  30                     3   7030.5
 40CW  12-Aug-24 17:22 0058  DA3T           599  599  48                     2   7030.7
 40CW  12-Aug-24 17:22 0059  HB9CLN         599  599  16                     3   7031.1
 40CW  12-Aug-24 17:26 0060  SP3VT          599  599  80                     3   7022.4
 40CW  12-Aug-24 17:26 0061  DM7W           599  599  95                     2   7021.9
 40CW  12-Aug-24 17:28 0062  OG6B           599  599  46            OH       3   7025.0
