 10CW  18-Dec-24 13:01 0001  KR2Q           599  599  Doug 438      KR2Q     1  28026.8
 10CW  18-Dec-24 13:01 0002  SM5IMO         599  599  Dan 1854      SM5IMO   1  28029.8
 10CW  18-Dec-24 13:02 0003  DL6KVA         599  599  Axel 1678     DL6KVA   1  28032.2
 15CW  18-Dec-24 13:05 0004  E77DX          599  599  Braco E7      E77DX    1  21032.6
 15CW  18-Dec-24 13:06 0005  SM6M           599  599  Peter 2663    SM6M     1  21036.4
 15CW  18-Dec-24 13:07 0006  EA6BF          599  599  Josep 3072    EA6BF    1  21034.1
 15CW  18-Dec-24 13:08 0007  DK9PY          599  599  Armin 2062    DK9PY    1  21027.0
 20CW  18-Dec-24 13:10 0008  IK3VUT         599  599  Luca 3241     IK3VUT   1  14036.6
 20CW  18-Dec-24 13:10 0009  SM6M           599  599  Peter 2663             1  14037.3
 20CW  18-Dec-24 13:11 0010  OK2IW          599  599  Swat 3111     OK2IW    1  14038.9
 20CW  18-Dec-24 13:12 0011  SQ9S           599  599  Adam 2309     SQ9S     1  14039.4
 20CW  18-Dec-24 13:13 0012  LY2MM          599  599  Al 3532       LY2MM    1  14040.1
 20CW  18-Dec-24 13:13 0013  NM5M           599  599  Eric 974      NM5M     1  14040.7
 20CW  18-Dec-24 13:14 0014  OK2QA          599  599  Ruda 2891     OK2QA    1  14042.1
 20CW  18-Dec-24 13:15 0015  N3OC           599  599  Brian 2944    N3OC     1  14025.5
 20CW  18-Dec-24 13:16 0016  DK9PY          599  599  Armin 2062             1  14026.5
 20CW  18-Dec-24 13:16 0017  SM6F           599  599  Lars 173      SM6F     1  14027.1
 20CW  18-Dec-24 13:18 0018  SF6J           599  599  Goran 3471    SF6J     1  14030.9
 20CW  18-Dec-24 13:19 0019  LA8OM          599  599  Chris 1848    LA8OM    1  14031.3
 20CW  18-Dec-24 13:20 0020  F6HKA          599  599  Bert 1088     F6HKA    1  14031.5
 20CW  18-Dec-24 13:22 0021  G4HLN          599  599  Larry 3073    G4HLN    1  14036.1
 20CW  18-Dec-24 13:23 0022  GM4ZUK         599  599  Allan 3441    GM4ZUK   1  14036.1
 20CW  18-Dec-24 13:23 0023  OK2JIQ         599  599  Jiri OK       OK2JIQ   1  14036.1
 20CW  18-Dec-24 13:24 0024  SP7OGP         599  599  Piotr 3147    SP7OGP   1  14036.1
 20CW  18-Dec-24 13:24 0025  N7WY           599  599  Bob 1406      N7WY     1  14036.1
 20CW  18-Dec-24 13:26 0026  I5EFO          599  599  Emil 1486     I5EFO    1  14036.1
 20CW  18-Dec-24 13:29 0027  AA3B           599  599  Bud 242       AA3B     1  14038.0
 20CW  18-Dec-24 13:30 0028  K4RUM          599  599  Mike 1182     K4RUM    1  14038.5
 20CW  18-Dec-24 13:31 0029  S50R           599  599  Leo S5        S50R     1  14042.9
 20CW  18-Dec-24 13:32 0030  N4AF           599  599  Howie 132     N4AF     1  14026.7
 20CW  18-Dec-24 13:33 0031  SN5N           599  599  Chris SP      SN5N     1  14029.0
 20CW  18-Dec-24 13:33 0032  KT5C           599  599  Mike 3022     KT5C     1  14029.3
 20CW  18-Dec-24 13:35 0033  K3MM           599  599  Ty 114        K3MM     1  14032.5
 15CW  18-Dec-24 13:37 0034  OH3N           599  599  2967          OH3N     1  21042.3
; call?                                                                                
 15CW  18-Dec-24 13:38 0035  ZA1RR          599  599  Miri 3279     ZA1RR    1  21043.2
 15CW  18-Dec-24 13:39 0036  EA4M           599  599  Rick 1070     EA4M     1  21030.0
 15CW  18-Dec-24 13:39 0037  N5AW           599  599  Marv 157      N5AW     1  21031.4
 15CW  18-Dec-24 13:39 0038  ON7PQ          599  599  Pat 2365      ON7PQ    1  21032.2
 15CW  18-Dec-24 13:40 0039  SM5IMO         599  599  Dan 1854               1  21033.6
 15CW  18-Dec-24 13:41 0040  DL1VDL         599  599  Hardy 2802    DL1VDL   1  21032.9
 15CW  18-Dec-24 13:42 0041  SP4JFR         599  599  Bolo 3227     SP4JFR   1  21034.6
 15CW  18-Dec-24 13:42 0042  N1DC           599  599  Rick 1257     N1DC     1  21034.2
 15CW  18-Dec-24 13:43 0043  NA8V           599  599  Greg 1214     NA8V     1  21035.0
 15CW  18-Dec-24 13:44 0044  SP3FSM         599  599  Stan 2961     SP3FSM   1  21035.6
 15CW  18-Dec-24 13:45 0045  N5RZ           599  599  Gator 1221    N5RZ     1  21036.2
 15CW  18-Dec-24 13:46 0046  F6HKA          599  599  Bert 1088              1  21038.5
 15CW  18-Dec-24 13:47 0047  K1EBY          599  599  Frank 1593    K1EBY    1  21041.0
 15CW  18-Dec-24 13:49 0048  W8EH           599  599  Ernie 2656    W8EH     1  21037.4
 15CW  18-Dec-24 13:49 0049  NM2A           599  599  Mark 3014     NM2A     1  21037.4
 15CW  18-Dec-24 13:50 0050  M0RYB/P        599  599  PETER 2061    M0RYB/P  1  21037.4
; call?                                                                                
 15CW  18-Dec-24 13:52 0051  N5NA           599  599  Alan 3354     N5NA     1  21037.4
 15CW  18-Dec-24 13:53 0052  N5OT           599  599  Mark 2198     N5OT     1  21037.4
 15CW  18-Dec-24 13:53 0053  K5RHZ          599  599  Chas TX       K5RHZ    1  21037.4
 10CW  18-Dec-24 13:55 0054  N5RZ           599  599  Gator 1221             1  28031.8
 10CW  18-Dec-24 13:56 0055  K3JT           599  599  Terry 1398    K3JT     1  28028.4
 10CW  18-Dec-24 13:59 0056  DL1VDL         599  599  Hardy 2802             1  28032.6
