 40CW  07-Oct-24 16:30 0001  OM2KI          599  599  4             OM       3   7021.3
 40CW  07-Oct-24 16:31 0002  DL5YM          599  599  4             DL       2   7021.6
 40CW  07-Oct-24 16:32 0003  PA3AAV         599  599  7             PA       3   7023.1
 40CW  07-Oct-24 16:33 0004  DJ4WT          599  599  4                      2   7023.5
 40CW  07-Oct-24 16:33 0005  OM5ZW          599  599  11                     3   7023.9
 40CW  07-Oct-24 16:34 0006  DK8ZZ          599  599  6                      2   7024.4
 40CW  07-Oct-24 16:35 0007  OK1JAX         599  599  8             OK       3   7025.0
 40CW  07-Oct-24 16:35 0008  PA2A           599  599  9                      3   7025.6
 40CW  07-Oct-24 16:36 0009  DM5I           599  599  14                     2   7026.3
 40CW  07-Oct-24 16:36 0010  E77EA          599  599  12            E7       3   7026.7
 40CW  07-Oct-24 16:37 0011  HA6NL          599  599  15            HA       3   7027.0
 40CW  07-Oct-24 16:39 0012  DL8QS          599  599  15                     2   7028.6
 40CW  07-Oct-24 16:40 0013  SN5N           599  599  24            SP       3   7029.0
 40CW  07-Oct-24 16:41 0014  OK1TN          599  599  23                     3   7030.2
 40CW  07-Oct-24 16:42 0015  OM5B           599  599  34                     3   7030.7
 40CW  07-Oct-24 16:43 0016  S53F           599  599  30            S5       3   7026.0
 40CW  07-Oct-24 16:43 0017  OL4W           599  599  30                     3   7026.0
 40CW  07-Oct-24 16:43 0018  DM7W           599  599  25                     2   7026.0
 40CW  07-Oct-24 16:44 0019  S51J           599  599  24                     3   7026.0
 40CW  07-Oct-24 16:44 0020  IN3FHE         599  599  12            I        3   7026.0
 40CW  07-Oct-24 16:45 0021  OZ7BQ          599  599  17            OZ       3   7026.0
 40CW  07-Oct-24 16:45 0022  OK1USP         599  599  16                     3   7026.0
 40CW  07-Oct-24 16:46 0023  OG6B           599  599  20            OH       3   7026.0
 40CW  07-Oct-24 16:46 0024  OM4DU          599  599  19                     3   7026.0
 40CW  07-Oct-24 16:46 0025  OK1JAX         599  599  28                     0   7026.0
 40CW  07-Oct-24 16:48 0026  OK2GU          599  599  18                     3   7026.0
 40CW  07-Oct-24 16:49 0027  DR3W           599  599  34                     2   7026.0
 40CW  07-Oct-24 16:49 0028  ON4CAS         599  599  21            ON       3   7026.0
 40CW  07-Oct-24 16:49 0029  DF8QB          599  599  18                     2   7026.0
 40CW  07-Oct-24 16:50 0030  SM5DXR         599  599  23            SM       3   7026.0
 40CW  07-Oct-24 16:50 0031  SP2KAC         599  599  24                     3   7026.0
 40CW  07-Oct-24 16:50 0032  OM5CM          599  599  35                     3   7026.0
 40CW  07-Oct-24 16:51 0033  YL3FW          599  599  39            YL       3   7026.0
 40CW  07-Oct-24 16:51 0034  PC4H           599  599  47                     3   7026.0
 40CW  07-Oct-24 16:52 0035  DF8V           599  599  23                     2   7026.0
 40CW  07-Oct-24 16:53 0036  DF8LY          599  599  2                      2   7026.0
 40CW  07-Oct-24 16:53 0037  OK1FKD         599  599  30                     3   7026.0
 40CW  07-Oct-24 16:54 0038  SE6K           599  599  17                     3   7026.0
 40CW  07-Oct-24 16:54 0039  HA1YA          599  599  43                     3   7026.0
 40CW  07-Oct-24 16:55 0040  HB9BXE         599  599  47            HB       3   7026.0
 40CW  07-Oct-24 16:55 0041  OK1TD          599  599  36                     3   7026.0
 40CW  07-Oct-24 16:55 0042  DL6GCE         599  599  18                     2   7026.0
 40CW  07-Oct-24 16:56 0043  DF7YE          599  599  59                     2   7026.0
 40CW  07-Oct-24 16:58 0044  PA2TA          599  599  29                     3   7026.0
 40CW  07-Oct-24 16:59 0045  DL4ME          599  599  58                     2   7024.3
 40CW  07-Oct-24 17:00 0046  PA3ARM         599  599  50                     3   7022.2
 40CW  07-Oct-24 17:01 0047  OK1DSZ         599  599  12                     3   7021.5
 40CW  07-Oct-24 17:01 0048  OK2NO          599  599  67                     3   7020.8
 40CW  07-Oct-24 17:02 0049  ON4EM          599  599  61                     3   7020.4
 40CW  07-Oct-24 17:04 0050  DA2K           599  599  60                     2   7017.1
 40CW  07-Oct-24 17:05 0051  OK1OA          599  599  69                     3   7016.2
 40CW  07-Oct-24 17:05 0052  SM5CSS         599  599  62                     3   7015.6
 40CW  07-Oct-24 17:06 0053  DJ4MX          599  599  76                     2   7014.3
 40CW  07-Oct-24 17:06 0054  HB9HTF         599  599  64                     3   7013.6
 40CW  07-Oct-24 17:07 0055  SD6F           599  599  65                     3   7013.0
 40CW  07-Oct-24 17:07 0056  SD1A           599  599  52                     3   7012.3
 40CW  07-Oct-24 17:08 0057  OK2CQR         599  599  26                     3   7011.8
 40CW  07-Oct-24 17:09 0058  DA3T           599  599  47                     2   7011.3
 40CW  07-Oct-24 17:10 0059  SP2QG          599  599  89                     3   7024.3
 40CW  07-Oct-24 17:11 0060  DR2C           599  599  82                     2   7024.3
 40CW  07-Oct-24 17:11 0061  SM5S           599  599  44                     3   7024.3
 40CW  07-Oct-24 17:11 0062  SP2Q           599  599  91                     3   7024.3
 40CW  07-Oct-24 17:12 0063  OT6E           599  599  68                     3   7024.3
 40CW  07-Oct-24 17:12 0064  HA5CQZ         599  599  23                     3   7024.3
 40CW  07-Oct-24 17:12 0065  DR2C           599  599  86                     0   7024.3
 40CW  07-Oct-24 17:13 0066  OK4X           599  599  62                     3   7024.3
 40CW  07-Oct-24 17:16 0067  OK1FGD         599  599  67                     3   7027.5
 40CW  07-Oct-24 17:16 0068  PC0A           599  599  95                     3   7028.3
 40CW  07-Oct-24 17:17 0069  DJ5CW          599  599  38                     2   7029.4
 40CW  07-Oct-24 17:17 0070  S53M           599  599  114                    3   7030.0
 40CW  07-Oct-24 17:20 0071  DJ9KH          599  599  86                     2   7031.4
 40CW  07-Oct-24 17:21 0072  OM5JA          599  599  65                     3   7031.7
 40CW  07-Oct-24 17:21 0073  SP4DNX         599  599  55                     3   7035.8
 40CW  07-Oct-24 17:22 0074  OM3FW          599  599  64                     3   7038.0
 40CW  07-Oct-24 17:24 0075  SN2S           599  599  55                     3   7013.6
 40CW  07-Oct-24 17:25 0076  DJ3WE          599  599  77                     2   7028.9
 40CW  07-Oct-24 17:26 0077  ZA1RR          599  599  41            ZA       3   7031.7
 40CW  07-Oct-24 17:27 0078  OK2VX          599  599  74                     3   7028.3
 40CW  07-Oct-24 17:29 0079  S57AL          599  599  31                     3   7017.1
 40CW  07-Oct-24 17:30 0080  OK1RZ          599  599  97                     3   7019.4
