 80SSB 05-Feb-24 20:09 0001  M0GDX          59   59   7             G        3   3733.0
 80SSB 05-Feb-24 20:13 0002  M0KEB          59   59   34                     3   3731.0
 80SSB 05-Feb-24 20:13 0003  G8FCQ          59   59   25                     3   3724.2
 80SSB 05-Feb-24 20:16 0004  G8A            59   59   24                     3   3720.5
 80SSB 05-Feb-24 20:17 0005  G6AY           59   59   43                     3   3711.8
 80SSB 05-Feb-24 20:29 0006  G4BUO          59   59   29                     3   3702.7
 80SSB 05-Feb-24 20:32 0007  G6AD           59   59   82                     3   3698.5
 80SSB 05-Feb-24 20:33 0008  G4LPP          59   59   92                     3   3695.5
 80SSB 05-Feb-24 20:35 0009  G3VCA          59   59   86                     3   3692.7
 80SSB 05-Feb-24 20:36 0010  G0GDA          59   59   74                     3   3690.0
 80SSB 05-Feb-24 20:37 0011  M0NKR          59   59   103                    3   3686.0
 80SSB 05-Feb-24 20:42 0012  G4RWF          59   59   85                     3   3680.7
 80SSB 05-Feb-24 20:44 0013  G3TKF          59   59   125                    3   3678.0
 80SSB 05-Feb-24 20:45 0014  M4J            59   59   113                    3   3674.2
 80SSB 05-Feb-24 20:56 0015  M0MCV          59   59   107                    3   3666.5
 80SSB 05-Feb-24 20:57 0016  G4ODA          59   59   114                    3   3664.0
 80SSB 05-Feb-24 20:58 0017  GM3X           59   59   122           GM       3   3660.0
 80SSB 05-Feb-24 21:01 0018  MW0CVT         59   59   98            GW       3   3655.8
 80SSB 05-Feb-24 21:01 0019  G3PYE          59   59   160                    3   3651.5
 80SSB 05-Feb-24 21:03 0020  G5W            59   59   177                    3   3646.0
 80SSB 05-Feb-24 21:07 0021  G3PHO          59   59   129                    3   3643.9
 80SSB 05-Feb-24 21:09 0022  G0LBK          59   59   138                    3   3641.9
 80SSB 05-Feb-24 21:12 0023  G8FZV          59   59   112                    3   3639.5
 80SSB 05-Feb-24 21:13 0024  G6WQN          59   59   112                    3   3637.3
 80SSB 05-Feb-24 21:15 0025  M5G            59   59   166                    3   3632.0
 80SSB 05-Feb-24 21:16 0026  G4HVC          59   59   158                    3   3629.0
 80SSB 05-Feb-24 21:18 0027  G3KLH          59   59   120                    3   3623.8
 80SSB 05-Feb-24 21:19 0028  M0UMG          59   59   98                     3   3619.8
 80SSB 05-Feb-24 21:20 0029  GM6XX          59   59   173                    3   3607.1
 80SSB 05-Feb-24 21:20 0030  G4PIQ          59   59   155                    3   3602.2
 80SSB 05-Feb-24 21:22 0031  2E0BKU         59   59   86                     3   3600.6
 80SSB 05-Feb-24 21:23 0032  G3RVM          59   59   135                    3   3774.0
 80SSB 05-Feb-24 21:24 0033  G0GQT          59   59   125                    3   3771.0
 80SSB 05-Feb-24 21:25 0034  G4IDF          59   59   118                    3   3766.9
 80SSB 05-Feb-24 21:26 0035  G3UGF          59   59   108                    3   3763.6
 80SSB 05-Feb-24 21:27 0036  GM4JYB         59   59   111                    3   3757.7
 80SSB 05-Feb-24 21:28 0037  GM0TKB         59   59   74                     3   3752.0
 80SSB 05-Feb-24 21:29 0038  GX4WAB         59   59   145                    3   3748.5
