 20CW  03-Aug-24 14:37 0001  DL1NKS         599  599  99            DL       3  14020.4
 20CW  03-Aug-24 14:38 0002  OK8AU          599  599  77            OK       3  14021.0
 20CW  03-Aug-24 14:48 0003  IZ8GCB         599  599  97            I        3  14016.6
 20CW  03-Aug-24 14:51 0004  OR3A           599  599  93            ON       3  14014.7
 20CW  03-Aug-24 14:54 0005  DK5QN          599  599  81                     3  14008.1
 20CW  03-Aug-24 14:57 0006  IO6A           599  599  90                     3  14025.0
 20CW  03-Aug-24 15:00 0007  II2Q           599  599  90                     3  14036.9
 20CW  03-Aug-24 15:02 0008  CR6K           599  599  02            CT       3  14033.5
 20CW  03-Aug-24 15:06 0009  DL5JS          599  599  77                     3  14042.1
 20CW  03-Aug-24 15:08 0010  IZ8EPX         599  599  02                     3  14043.2
 15CW  03-Aug-24 15:19 0011  EC5K           599  599  96            EA       3  21025.0
 40CW  03-Aug-24 17:31 0012  YO4NF          599  599  90            YO       2   7016.4
 40CW  03-Aug-24 17:34 0013  LZ4AE          599  599  95            LZ       3   7011.8
 40CW  03-Aug-24 17:37 0014  OM7M           599  599  19            OM       3   7007.5
 40CW  03-Aug-24 17:39 0015  OK3C           599  599  93            OK       3   7004.3
 40CW  03-Aug-24 17:41 0016  YO8TTT         599  599  06                     2   7025.4
 40CW  03-Aug-24 17:42 0017  LZ6K           599  599  86                     3   7026.5
 20CW  03-Aug-24 18:18 0018  YO8AXP         599  599  71            YO       2  14010.5
 20CW  03-Aug-24 18:23 0019  DF8V           599  599  81                     3  14022.5
 20CW  03-Aug-24 18:25 0020  IQ1RY          599  599  91                     3  14019.8
 20CW  03-Aug-24 18:31 0021  IZ3SQW         599  599  10                     3  14019.2
 20CW  03-Aug-24 18:33 0022  LZ1QN          599  599  87            LZ       3  14017.5
 20CW  03-Aug-24 18:36 0023  I2VXJ          599  599  77                     3  14014.5
