 80CW  01-Nov-24 07:08 0001  SP2QG          599  599  SP2IU         SP       3   3529.4
 80CW  01-Nov-24 07:09 0002  DF1PY          599  599  DJ4VV         DL       2   3528.8
 80CW  01-Nov-24 07:10 0003  F5IYU          599  599  F3AT          F        3   3527.5
 80CW  01-Nov-24 07:10 0004  DL1NKS         599  599  DL3TD                  2   3526.5
 80CW  01-Nov-24 07:12 0005  ON6FC          599  599  ON5WJ         ON       3   3518.8
 80CW  01-Nov-24 07:13 0006  ON5WL          599  599  ON4XG                  3   3517.1
 80CW  01-Nov-24 07:16 0007  SP3VT          599  599  SP3DOI                 3   3522.5
 80CW  01-Nov-24 07:18 0008  DK2FG          599  599  DJ5BR                  2   3528.5
 80CW  01-Nov-24 07:19 0009  DL1CW          599  599  HA3OV                  2   3530.2
 80CW  01-Nov-24 07:20 0010  OK1DOL         599  599  OK1XFJ        OK       3   3532.1
 80CW  01-Nov-24 07:21 0011  F6JOE          599  599  FG5FR                  3   3535.0
 80CW  01-Nov-24 07:23 0012  DL4KWA         599  599  DB8XL                  2   3536.0
 80CW  01-Nov-24 07:25 0013  DK5MIK         599  599  DF5ED                  2   3529.7
 80CW  01-Nov-24 07:27 0014  DL6KWN         599  599  DJ2BC                  2   3529.7
 40CW  01-Nov-24 07:29 0015  OZ7BQ          599  599  OZ7BR         OZ       3   7031.5
 40CW  01-Nov-24 07:30 0016  HA6PJ          599  599  HA6PQ         HA       3   7031.0
 40CW  01-Nov-24 07:31 0017  S51BW          599  599  S52VI         S5       3   7030.4
 40CW  01-Nov-24 07:32 0018  SP2FAP         599  599  SP2DEH        SP       3   7029.9
 40CW  01-Nov-24 07:33 0019  HA7I           599  599  HA7OI                  3   7029.5
 40CW  01-Nov-24 07:33 0020  ON4EM          599  599  ON4XQ         ON       3   7029.0
 40CW  01-Nov-24 07:34 0021  9A6M           599  599  9A5K          9A       3   7028.5
 40CW  01-Nov-24 07:35 0022  DL1CW          599  599  HA3OV         DL       2   7027.7
 40CW  01-Nov-24 07:35 0023  DL7YS          599  599  DL7APV                 2   7027.4
 40CW  01-Nov-24 07:37 0024  PA3ARM         599  599  W3DYA         PA       3   7026.8
 40CW  01-Nov-24 07:37 0025  OK4RQ          599  599  OK1DLP        OK       3   7026.5
 40CW  01-Nov-24 07:38 0026  S51J           599  599  S52DP                  3   7026.0
 40CW  01-Nov-24 07:40 0027  SN2W           599  599  SP3RBR                 3   7023.9
 40CW  01-Nov-24 07:41 0028  9A3VM          599  599  9A5V                   3   7023.4
 40CW  01-Nov-24 07:42 0029  OM3RKA         599  599  OM2HA         OM       3   7022.5
 40CW  01-Nov-24 07:43 0030  OK1DM          599  599  OK1AGH                 3   7022.1
 40CW  01-Nov-24 07:45 0031  HA2EOU         599  599  HA2RD                  3   7020.9
 40CW  01-Nov-24 07:45 0032  S52W           599  599  S58A                   3   7020.6
 40CW  01-Nov-24 07:46 0033  SN1T           599  599  SP1CLY                 3   7020.0
 40CW  01-Nov-24 07:46 0034  HA7TM          599  599  HA5CW                  3   7019.7
 40CW  01-Nov-24 07:47 0035  OM2VL          599  599  OM3TCG                 3   7018.4
 40CW  01-Nov-24 07:48 0036  HG6O           599  599  HG6Y                   3   7018.0
 40CW  01-Nov-24 07:50 0037  HA2VH          599  599  HA2SX                  3   7016.9
 40CW  01-Nov-24 07:51 0038  G4RCG          599  599  G3TRV         G        3   7016.5
 40CW  01-Nov-24 07:51 0039  S51DX          599  599  NA2AN                  3   7015.6
 40CW  01-Nov-24 07:52 0040  HA5OV          599  599  HA5NK                  3   7015.2
 40CW  01-Nov-24 07:53 0041  DL2OM          599  599  DJ7PT                  2   7014.8
 40CW  01-Nov-24 07:53 0042  ON5WL          599  599  ON4XG                  3   7014.4
 40CW  01-Nov-24 07:55 0043  HA8IB          599  599  HA8XX                  3   7013.5
 40CW  01-Nov-24 07:55 0044  OK2NO          599  599  OK2BLH                 3   7013.2
 40CW  01-Nov-24 07:56 0045  DL3KWF         599  599  PA0LOU                 2   7012.9
 40CW  01-Nov-24 07:57 0046  OK1DOL         599  599  OK1XFJ                 3   7012.5
 40CW  01-Nov-24 07:58 0047  OK5M           599  599  OK2BHV                 3   7012.0
 40CW  01-Nov-24 07:59 0048  DF4ZL          599  599  DL6XK                  2   7011.6
 40CW  01-Nov-24 08:00 0049  DL5XL          599  599  V51GB                  2   7011.2
 40CW  01-Nov-24 08:01 0050  SO5N           599  599  SP5WL                  3   7010.8
 40CW  01-Nov-24 08:03 0051  S52C           599  599  S51VO                  3   7010.1
 40CW  01-Nov-24 08:03 0052  DL1NKS         599  599  DL3TD                  2   7009.2
 40CW  01-Nov-24 08:04 0053  DF5EN          599  599  DK2EF                  2   7006.3
 40CW  01-Nov-24 08:09 0054  DL7UVO         599  599  DL9GFB                 2   7018.8
 40CW  01-Nov-24 08:10 0055  EA1X           599  599  EA1VT         EA       3   7018.8
 40CW  01-Nov-24 08:10 0056  OK2SG          599  599  OK2BWK                 3   7018.8
 40CW  01-Nov-24 08:11 0057  HA7MF          599  599  HA7LB                  3   7018.8
 40CW  01-Nov-24 08:11 0058  SN6S           599  599  SP6FJG                 3   7018.8
 40CW  01-Nov-24 08:12 0059  SP3VT          599  599  SP3DOI                 3   7018.8
 40CW  01-Nov-24 08:12 0060  ON6MG          599  599  ON4KEP                 3   7018.8
 40CW  01-Nov-24 08:13 0061  ON9TT          599  599  ON4GDB                 3   7018.8
 40CW  01-Nov-24 08:13 0062  HA1YA          599  599  HA1FF                  3   7018.8
 40CW  01-Nov-24 08:14 0063  HA2VR          599  599  HA2SU                  3   7018.8
 40CW  01-Nov-24 08:14 0064  SN5J           599  599  SP7SP                  3   7018.8
 40CW  01-Nov-24 08:16 0065  DL6KWN         599  599  DJ2BC                  2   7018.8
 40CW  01-Nov-24 08:16 0066  ON8DX          599  599  ON6LU                  3   7018.8
 40CW  01-Nov-24 08:18 0067  SP2QG          599  599  SP2IU                  3   7018.8
 40CW  01-Nov-24 08:18 0068  HB9HTF         599  599  OM4PA         HB       3   7018.8
 40CW  01-Nov-24 08:19 0069  G4OZG          599  599  G3SZ                   3   7018.8
 40CW  01-Nov-24 08:19 0070  DK2FG          599  599  DJ5BR                  2   7018.8
 40CW  01-Nov-24 08:20 0071  DF9VJ          599  599  DJ8CG                  2   7018.8
 40CW  01-Nov-24 08:20 0072  DK3GI          599  599  DK2XZ                  2   7018.8
 40CW  01-Nov-24 08:21 0073  HA7UI          599  599  HA7PB                  3   7018.8
 40CW  01-Nov-24 08:21 0074  SM5CSS         599  599  SM5AKS        SM       3   7018.8
 40CW  01-Nov-24 08:22 0075  DM5DM          599  599  DL8WPX                 2   7018.8
 40CW  01-Nov-24 08:23 0076  SM6FPC         599  599  SM2PDQ                 3   7018.8
 40CW  01-Nov-24 08:23 0077  G4LJU          599  599  G3KVA                  3   7018.8
 40CW  01-Nov-24 08:24 0078  DL2SWN         599  599  DL1SWN                 2   7018.8
 40CW  01-Nov-24 08:24 0079  OM5CM          599  599  OM3AU                  3   7018.8
 40CW  01-Nov-24 08:24 0080  SC6O           599  599  SM6GOR                 3   7018.8
 40CW  01-Nov-24 08:25 0081  OZ5UR          599  599  OZ5DL                  3   7018.8
 40CW  01-Nov-24 08:26 0082  PA2TA          599  599  PA3DXT                 3   7018.8
 40CW  01-Nov-24 08:26 0083  DG0KS          599  599  DL5KUR                 2   7018.8
 40CW  01-Nov-24 08:27 0084  DL5UZ          599  599  DL9LX                  2   7018.8
 40CW  01-Nov-24 08:28 0085  DL2SWR         599  599  DM2AUD                 2   7018.8
 40CW  01-Nov-24 08:29 0086  ON4ANE         599  599  ON6UY                  3   7018.8
 40CW  01-Nov-24 08:29 0087  M0NJW          599  599  G4JKW                  3   7018.8
 40CW  01-Nov-24 08:30 0088  S56A           599  599  S57DX                  3   7018.8
 40CW  01-Nov-24 08:31 0089  EA2CW          599  599  EA2AFR                 3   7018.8
 40CW  01-Nov-24 08:33 0090  DK5MIK         599  599  DF5ED                  2   7018.8
 40CW  01-Nov-24 08:35 0091  DL4KWA         599  599  DB8XL                  2   7018.8
 40CW  01-Nov-24 08:36 0092  S50X           599  599  S59AR                  3   7018.8
 40CW  01-Nov-24 08:36 0093  G0TRT          599  599  G0AYD                  3   7018.8
 40CW  01-Nov-24 08:37 0094  DK7TY          599  599  DD6JD                  2   7018.8
 40CW  01-Nov-24 08:37 0095  DL8MAS         599  599  DL1WHA                 2   7018.8
 40CW  01-Nov-24 08:38 0096  DL3RDM         599  599  DC4RU                  2   7018.8
 40CW  01-Nov-24 08:38 0097  DR6W           599  599  DK6RF                  2   7018.8
 40CW  01-Nov-24 08:43 0098  DL5JQ          599  599  DJ5BR                  2   7019.6
 40CW  01-Nov-24 08:44 0099  OT6E           599  599  ON5MF                  3   7021.7
 40CW  01-Nov-24 08:45 0100  F5IN           599  599  F3MS          F        3   7022.7
 40CW  01-Nov-24 08:46 0101  DJ1OJ          599  599  DL3EB                  2   7025.5
 40CW  01-Nov-24 08:47 0102  OK1OFM         599  599  OK1FBV                 3   7026.6
 40CW  01-Nov-24 08:48 0103  ON5GB          599  599  ON4UE                  3   7033.4
 40CW  01-Nov-24 08:49 0104  9A1AA          599  599  9A5I                   3   7034.5
 40CW  01-Nov-24 08:50 0105  DL6WT          599  599  DK9VZ                  2   7036.6
 40CW  01-Nov-24 08:52 0106  ON4ZD          599  599  ON3TA                  3   7012.0
 40CW  01-Nov-24 08:53 0107  HA5OW          599  599  HA8WV                  3   7014.7
 40CW  01-Nov-24 08:54 0108  LA1TV          599  599  LA2YE         LA       3   7015.9
 40CW  01-Nov-24 08:57 0109  SF6J           599  599  SM4ARQ                 3   7019.4
 40CW  01-Nov-24 08:59 0110  F6JOE          599  599  FG5FR                  3   7024.0
