 40CW  16-Sep-24 16:31 0001  SP4TKR         599  599  3             SP       3   7029.9
 40CW  16-Sep-24 16:32 0002  HA5OV          599  599  5             HA       3   7029.5
 40CW  16-Sep-24 16:33 0003  SN1T           599  599  10                     3   7024.6
 40CW  16-Sep-24 16:33 0004  DF8KY          599  599  3             DL       2   7024.6
 40CW  16-Sep-24 16:33 0005  OK4RQ          599  599  8             OK       3   7024.6
 40CW  16-Sep-24 16:34 0006  OK1HEH         599  599  4                      3   7024.6
 40CW  16-Sep-24 16:34 0007  DF5EN          599  599  9                      2   7024.6
 40CW  16-Sep-24 16:34 0008  SP2XX          599  599  10                     3   7024.6
 40CW  16-Sep-24 16:35 0009  OM4DU          599  599  4             OM       3   7024.6
 40CW  16-Sep-24 16:35 0010  DK2DR          599  599  4                      2   7024.6
 40CW  16-Sep-24 16:35 0011  DA3T           599  599  4                      2   7024.6
 40CW  16-Sep-24 16:36 0012  SN7Q           599  599  15                     3   7024.6
 40CW  16-Sep-24 16:36 0013  HA6NL          599  599  19                     3   7024.6
 40CW  16-Sep-24 16:36 0014  OM5B           599  599  16                     3   7024.6
 40CW  16-Sep-24 16:37 0015  OK1ITK         599  599  8                      3   7024.6
 40CW  16-Sep-24 16:37 0016  OM5JA          599  599  11                     3   7024.6
 40CW  16-Sep-24 16:38 0017  DF8V           599  599  8                      2   7024.6
 40CW  16-Sep-24 16:38 0018  SP2KAC         599  599  7                      3   7024.6
 40CW  16-Sep-24 16:39 0019  OK1FGD         599  599  10                     3   7024.6
 40CW  16-Sep-24 16:39 0020  DM8T           599  599  14                     2   7024.6
 40CW  16-Sep-24 16:39 0021  OK1RKS         599  599  6                      3   7024.6
 40CW  16-Sep-24 16:40 0022  ON4EM          599  599  21            ON       3   7024.6
 40CW  16-Sep-24 16:41 0023  S52W           599  599  28            S5       3   7024.6
 40CW  16-Sep-24 16:41 0024  OK2NO          599  599  21                     3   7024.6
 40CW  16-Sep-24 16:41 0025  DK5DQ          599  599  19                     2   7024.6
 40CW  16-Sep-24 16:42 0026  OL4W           599  599  12                     3   7024.6
 40CW  16-Sep-24 16:43 0027  DF8QB          599  599  19                     2   7024.6
 40CW  16-Sep-24 16:43 0028  SP3VT          599  599  25                     3   7024.6
 40CW  16-Sep-24 16:44 0029  G4LJU          599  599  10            G        3   7024.6
 40CW  16-Sep-24 16:44 0030  OK1TRJ         599  599  24                     3   7024.6
 40CW  16-Sep-24 16:44 0031  DF1DX          599  599  16                     2   7024.6
 40CW  16-Sep-24 16:45 0032  OK2BFN         599  599  26                     3   7024.6
 40CW  16-Sep-24 16:45 0033  HA5MA          599  599  27                     3   7024.6
 40CW  16-Sep-24 16:45 0034  OK1ORA         599  599  11                     3   7024.6
 40CW  16-Sep-24 16:47 0035  DM7W           599  599  38                     2   7024.6
 40CW  16-Sep-24 16:48 0036  OK1FMX         599  599  26                     3   7024.6
 40CW  16-Sep-24 16:49 0037  OM5TX          599  599  30                     3   7013.5
 40CW  16-Sep-24 16:50 0038  SQ8LUU         599  599  35                     3   7014.0
 40CW  16-Sep-24 16:51 0039  SD6M           599  599  31            SM       3   7014.3
 40CW  16-Sep-24 16:51 0040  SM5ACQ         599  599  35                     3   7015.0
 40CW  16-Sep-24 16:52 0041  DK4DS          599  599  32                     2   7015.5
 40CW  16-Sep-24 16:53 0042  SD6F           599  599  52                     3   7016.4
 40CW  16-Sep-24 16:53 0043  YL2TD          599  599  53            YL       3   7016.7
 40CW  16-Sep-24 16:54 0044  SM5IMO         599  599  54                     3   7017.2
 40CW  16-Sep-24 16:54 0045  OK1RZ          599  599  63                     3   7017.9
 40CW  16-Sep-24 16:55 0046  PA3ARM         599  599  39            PA       3   7018.7
 40CW  16-Sep-24 16:55 0047  HG5E           599  599  69                     3   7019.0
 40CW  16-Sep-24 16:56 0048  OK2EA          599  599  69                     3   7019.4
 40CW  16-Sep-24 16:56 0049  SC6O           599  599  41                     3   7019.8
 40CW  16-Sep-24 16:57 0050  PA3AAV         599  599  70                     3   7020.5
 40CW  16-Sep-24 16:58 0051  DF2RQ          599  599  15                     2   7021.2
 40CW  16-Sep-24 16:58 0052  LZ5DI          599  599  69            LZ       3   7021.8
 40CW  16-Sep-24 17:01 0053  OK1DSZ         599  599  59                     3   7023.3
 40CW  16-Sep-24 17:02 0054  DJ4WT          599  599  53                     2   7023.6
 40CW  16-Sep-24 17:02 0055  DL4ME          599  599  70                     2   7024.5
 40CW  16-Sep-24 17:03 0056  OK1TN          599  599  58                     3   7024.7
 40CW  16-Sep-24 17:04 0057  HB9HTF         599  599  56            HB       3   7025.2
 40CW  16-Sep-24 17:04 0058  YU1RA          599  599  54            YU       3   7025.6
 40CW  16-Sep-24 17:05 0059  SV8/HA1YA      599  599  42            SV       3   7025.9
 40CW  16-Sep-24 17:06 0060  DL5YM          599  599  72                     2   7026.3
 40CW  16-Sep-24 17:06 0061  ON4DS          599  599  59                     3   7027.6
 40CW  16-Sep-24 17:07 0062  OK1DOR         599  599  72                     3   7028.3
 40CW  16-Sep-24 17:08 0063  PC0A           599  599  77                     3   7028.5
 40CW  16-Sep-24 17:08 0064  DM1T           599  599  64                     2   7028.9
 40CW  16-Sep-24 17:09 0065  RX3QNE         599  599  42            UA       3   7030.5
 40CW  16-Sep-24 17:10 0066  DL1NKS         599  599  71                     2   7036.9
 40CW  16-Sep-24 17:11 0067  OK2VX          599  599  60                     3   7038.3
 80CW  16-Sep-24 17:12 0068  DM7W           599  599  79            DL       2   3531.6
 80CW  16-Sep-24 17:13 0069  SN1T           599  599  111           SP       3   3531.6
 80CW  16-Sep-24 17:13 0070  OK1AY          599  599  35            OK       3   3531.6
 80CW  16-Sep-24 17:13 0071  DA0BCC         599  599  80                     2   3531.6
 80CW  16-Sep-24 17:14 0072  OM5B           599  599  104           OM       3   3531.6
 80CW  16-Sep-24 17:14 0073  OK1FMX         599  599  60                     3   3531.6
 80CW  16-Sep-24 17:15 0074  OK1RR          599  599  29                     3   3531.6
 80CW  16-Sep-24 17:15 0075  SN7Q           599  599  72                     3   3531.6
 80CW  16-Sep-24 17:17 0076  DJ9KH          599  599  87                     2   3531.1
 80CW  16-Sep-24 17:18 0077  OK2EA          599  599  111                    3   3532.3
 80CW  16-Sep-24 17:18 0078  OM5TZ          599  599  38                     3   3536.0
 40CW  16-Sep-24 17:20 0079  SD1A           599  599  61                     3   7030.9
 40CW  16-Sep-24 17:20 0080  SM5DXR         599  599  47                     3   7030.9
 40CW  16-Sep-24 17:21 0081  S52W           599  599  111                    0   7030.9
 40CW  16-Sep-24 17:21 0082  HA5BA          599  599  60                     3   7030.9
 40CW  16-Sep-24 17:22 0083  DM50LOW        599  599  51                     2   7030.9
 40CW  16-Sep-24 17:22 0084  PC4H           599  599  84                     3   7030.9
 40CW  16-Sep-24 17:23 0085  YU5T           599  599  58                     3   7030.9
 40CW  16-Sep-24 17:23 0086  OK1TN          599  599  103                    0   7030.9
 40CW  16-Sep-24 17:24 0087  OK1JAX         599  599  88                     3   7030.9
 40CW  16-Sep-24 17:24 0088  OK1TD          599  599  65                     3   7030.9
 40CW  16-Sep-24 17:25 0089  OL8R           599  599  151                    3   7030.9
 40CW  16-Sep-24 17:25 0090  IN3FHE         599  599  51            I        3   7030.9
 40CW  16-Sep-24 17:26 0091  OK1USP         599  599  22                     3   7030.9
 40CW  16-Sep-24 17:27 0092  ZA1RR          599  599  41            ZA       3   7030.9
 40CW  16-Sep-24 17:27 0093  OK1NU          599  599  65                     3   7030.9
 40CW  16-Sep-24 17:28 0094  OM5CM          599  599  99                     3   7030.9
 40CW  16-Sep-24 17:28 0095  OM3TVI         599  599  33                     3   7030.9
 40CW  16-Sep-24 17:29 0096  SP8BXL         599  599  64                     3   7030.9
 40CW  16-Sep-24 17:29 0097  OK2QA          599  599  89                     3   7030.9
 40CW  16-Sep-24 17:30 0098  YL3FW          599  599  80                     3   7030.9
