 15CW  17-Jul-24 19:03 0001  DK5KK          599  599  Kolja 1965    DK5KK    1  21040.4
 15CW  17-Jul-24 19:04 0002  WS7L           599  599  Carl 2557     WS7L     1  21043.9
 15CW  17-Jul-24 19:05 0003  9A1AA          599  599  Ivo 2447      9A1AA    1  21045.1
 15CW  17-Jul-24 19:07 0004  KR2Q           599  599  Doug 438      KR2Q     1  21042.9
 15CW  17-Jul-24 19:09 0005  N5RZ           599  599  Gator 1221    N5RZ     1  21038.5
 15CW  17-Jul-24 19:12 0006  NO5W           599  599  Chuck 311     NO5W     1  21034.0
 20CW  17-Jul-24 19:13 0007  EA1X           599  599  Juan 2562     EA1X     1  14028.5
 20CW  17-Jul-24 19:14 0008  SE5V           599  599  1849          SE5V     1  14028.1
 20CW  17-Jul-24 19:17 0009  IK3VUT         599  599  Luca 3241     IK3VUT   1  14042.7
 20CW  17-Jul-24 19:18 0010  EA6BF          599  599  Josep 3072    EA6BF    1  14046.9
 20CW  17-Jul-24 19:20 0011  EA6EJ          599  599  INI 3276      EA6EJ    1  14036.0
 20CW  17-Jul-24 19:21 0012  SM2M           599  599  Per 2906      SM2M     1  14032.7
 20CW  17-Jul-24 19:23 0013  SN5N           599  599  Chris SP      SN5N     1  14029.4
 40CW  17-Jul-24 19:24 0014  SE5V           599  599  CLAAS 1849             1   7028.6
 40CW  17-Jul-24 19:25 0015  HA6NL          599  599  Laci 3400     HA6NL    1   7029.0
 40CW  17-Jul-24 19:25 0016  SC6O           599  599  Ben 3519      SC6O     1   7029.7
 40CW  17-Jul-24 19:26 0017  DK2FG          599  599  Peter DL      DK2FG    1   7030.5
 40CW  17-Jul-24 19:27 0018  SE4E           599  599  Lars SM       SE4E     1   7031.8
 40CW  17-Jul-24 19:28 0019  SD1A           599  599  ERIC 1718     SD1A     1   7035.5
 40CW  17-Jul-24 19:30 0020  EA3FZT         599  599  Francis 2560  EA3FZT   1   7036.0
 15CW  17-Jul-24 19:32 0021  PA0INA         599  599  Frans 443     PA0INA   1  21033.6
