 15CW  20-Apr-24 21:40 0076  ZZ5K           599  599  SA            PY       5  21018.0
 15CW  20-Apr-24 21:44 0077  YV4ABR         599  599  SAM           YV       5  21033.4
 20CW  20-Apr-24 21:45 0078  KU2M           599  599  NAM           K        5  14043.0
 20CW  20-Apr-24 21:47 0079  OH8WW          599  599  EU            OH       3  14039.7
 20CW  20-Apr-24 21:47 0080  VB3R           599  599  NAM           VE       5  14038.5
 20CW  20-Apr-24 21:48 0081  N4ADC          599  599  NAC                    5  14037.7
 20CW  20-Apr-24 21:50 0082  VK2GR          599  599  OCM           VK       5  14031.1
 20CW  20-Apr-24 21:53 0083  LU2DD          599  599  SAM           LU       5  14022.2
 20CW  20-Apr-24 21:58 0084  FM5FJ          599  599  NAM           FM       5  14003.0
 10CW  21-Apr-24 08:21 0085  VU2TMP         599  599  AS            VU       5  28026.9
 15CW  21-Apr-24 08:23 0086  R6CC           599  599  EU                     3  21005.1
 15CW  21-Apr-24 08:24 0087  UT3EV          599  599  EU                     3  21024.5
 15CW  21-Apr-24 08:26 0088  RW9OW          599  599  EU            UA9      5  21042.4
 15CW  21-Apr-24 08:27 0089  UN9GD          599  599  AS                     5  21045.5
 15CW  21-Apr-24 08:28 0090  DL75BRD        599  599  EU            DL       2  21036.0
 20CW  21-Apr-24 08:31 0091  US2YW          599  599  EU            UR       3  14010.5
 20CW  21-Apr-24 08:32 0092  N4TB           599  599  NA                     5  14013.5
 20CW  21-Apr-24 08:33 0093  9A3VM          599  599  EU            9A       3  14014.4
 20CW  21-Apr-24 08:33 0094  SP4G           599  599  EU                     3  14016.2
 20CW  21-Apr-24 08:33 0095  HA4A           599  599  EU                     3  14016.8
 20CW  21-Apr-24 08:34 0096  OH2KW          599  599  EUM                    3  14019.2
 20CW  21-Apr-24 08:36 0097  EU8U           599  599  EU            EU       3  14021.2
 20CW  21-Apr-24 08:38 0098  HA8A           599  599  EUM                    3  14025.7
 20CW  21-Apr-24 08:38 0099  YO5AXF         599  599  EU                     3  14026.5
 20CW  21-Apr-24 08:40 0100  SV1ME          599  599  EU            SV       3  14028.2
 20CW  21-Apr-24 08:40 0101  HA5YG          599  599  EUY                    3  14028.9
 20CW  21-Apr-24 08:41 0102  HA5UA          599  599  EU                     3  14031.5
 20CW  21-Apr-24 08:42 0103  EB7KA          599  599  EU                     3  14036.0
 40CW  21-Apr-24 08:43 0104  HB9BXE         599  599  EU            HB       3   7009.0
 40CW  21-Apr-24 08:44 0105  DK3GI          599  599  EU            DL       2   7013.9
 15CW  21-Apr-24 08:50 0106  UW1M           599  599  EU                     3  21029.7
 20CW  21-Apr-24 08:54 0107  EV6Z           599  599  EU                     3  14019.7
 20CW  21-Apr-24 08:56 0108  YO8EU          599  599  EU                     3  14019.4
 20CW  21-Apr-24 08:57 0109  YT2ISM         599  599  EU            YU       3  14019.4
 20CW  21-Apr-24 08:59 0110  YT2RX          599  599  EU                     3  14002.4
 20CW  21-Apr-24 09:29 0111  K1LZ           599  599  NA                     5  14011.6
 20CW  21-Apr-24 09:30 0112  YT4B           599  599  EU                     3  14012.2
 20CW  21-Apr-24 09:30 0113  YP3X           599  599  EU                     3  14015.0
 20CW  21-Apr-24 09:31 0114  UR8RF          599  599  EU                     3  14015.4
 20CW  21-Apr-24 09:32 0115  HG6O           599  599  EU                     3  14016.0
 20CW  21-Apr-24 09:33 0116  IK7MIY         599  599  EU                     3  14020.0
 20CW  21-Apr-24 09:33 0117  OM8AA          599  599  EUM           OM       3  14021.9
 20CW  21-Apr-24 09:35 0118  HA7PO          599  599  EU                     3  14024.0
 20CW  21-Apr-24 09:36 0119  SM2M           599  599  EU            SM       3  14024.7
 20CW  21-Apr-24 09:37 0120  IK8UND         599  599  EU                     3  14028.3
 20CW  21-Apr-24 09:38 0121  IK0YVV         599  599  EUM                    3  14033.5
 20CW  21-Apr-24 09:42 0122  IK0YUT         599  599  EU                     3  14039.0
 20CW  21-Apr-24 09:43 0123  SM0OEK/P       599  599  EU                     3  14047.5
 40CW  21-Apr-24 09:44 0124  DL1EAR         599  599  EU                     2   7021.1
 10CW  21-Apr-24 09:46 0125  P3X            599  599  AS            5B       5  28011.0
 10CW  21-Apr-24 09:48 0126  ZS1C           599  599  AF            ZS       5  28026.8
 10CW  21-Apr-24 09:55 0127  PR1T           599  599  SA            PY       5  28004.0
 10CW  21-Apr-24 09:56 0128  PY1AX          599  599  SAM                    5  28005.0
 10CW  21-Apr-24 09:57 0129  PW2F           599  599  SA                     5  28015.0
 10CW  21-Apr-24 09:58 0130  ZW2D           599  599  SAM                    5  28016.1
 10CW  21-Apr-24 09:59 0131  ZW8A           599  599  SA                     5  28018.0
 10CW  21-Apr-24 10:00 0132  ZV5M           599  599  SA                     5  28025.0
 15CW  21-Apr-24 10:05 0133  TT8RR          599  599  AF            TT       5  21002.8
 10CW  21-Apr-24 10:12 0134  SP5AUY         599  599  EU            SP       3  28017.2
 10CW  21-Apr-24 10:15 0135  PP7JR          599  599  SAM                    5  28025.8
 10CW  21-Apr-24 15:01 0136  PY2EX          599  599  SA                     5  28018.5
 10CW  21-Apr-24 15:19 0137  PP5WX          599  599  SA                     5  28020.0
 10CW  21-Apr-24 15:20 0138  PY3TD          599  599  SA                     5  28024.6
 15CW  21-Apr-24 15:23 0139  K9OM           599  599  NAM                    5  21005.0
 15CW  21-Apr-24 15:24 0140  N4RV           599  599  NA                     5  21006.8
 15CW  21-Apr-24 15:50 0141  K3AU           599  599  NA                     5  21013.5
 15CW  21-Apr-24 15:50 0142  KU8E           599  599  NA                     5  21016.5
 15CW  21-Apr-24 15:51 0143  VE3EJ          599  599  NA            VE       5  21031.1
 15CW  21-Apr-24 15:52 0144  K8GL           599  599  NAM                    5  21030.6
 10CW  21-Apr-24 15:54 0145  PY5ZHP         599  599  SAM                    5  28021.1
 10CW  21-Apr-24 17:32 0146  CT3KN          599  599  AFM           CT3      5  28037.1
 10CW  21-Apr-24 17:34 0147  LU7HN          599  599  SA            LU       5  28032.0
 10CW  21-Apr-24 17:34 0148  LS5H           599  599  SAM                    5  28026.0
 10CW  21-Apr-24 17:37 0149  IK3UNA         599  599  EU            I        3  28019.0
 10CW  21-Apr-24 17:38 0150  LU2DD          599  599  SAM                    5  28017.0
 10CW  21-Apr-24 17:38 0151  K1LZ           599  599  NA                     5  28012.4
 15CW  21-Apr-24 17:40 0152  DL6WT          599  599  EU                     2  21013.5
 15CW  21-Apr-24 17:41 0153  9A5Y           599  599  EU            9A       3  21015.0
 15CW  21-Apr-24 17:42 0154  KG3V           599  599  NA                     5  21017.6
 15CW  21-Apr-24 17:51 0155  NP2X           599  599  NA            KP2      5  21005.2
 80CW  21-Apr-24 20:20 0156  SP2HMT         599  599  EU            SP       3   3516.1
 80CW  21-Apr-24 20:20 0157  F5IN           599  599  EU            F        3   3517.1
 80CW  21-Apr-24 20:21 0158  HA5YG          599  599  EUY           HA       3   3519.2
 80CW  21-Apr-24 20:22 0159  LZ5DI          599  599  EU            LZ       3   3516.7
 80CW  21-Apr-24 20:23 0160  G3RWF          599  599  EU            G        3   3521.1
 80CW  21-Apr-24 20:24 0161  SC6O           599  599  EU            SM       3   3521.6
 80CW  21-Apr-24 20:25 0162  OL6D           599  599  EUM           OK       3   3522.4
 80CW  21-Apr-24 20:26 0163  DO2XU          599  599  EU            DL       2   3524.1
 80CW  21-Apr-24 20:26 0164  F5MGD          599  599  EU                     3   3524.6
 80CW  21-Apr-24 20:26 0165  PA7F           599  599  EU            PA       3   3525.0
 80CW  21-Apr-24 20:27 0166  HA3IC          599  599  EU                     3   3525.6
 80CW  21-Apr-24 20:29 0167  SP2R           599  599  EU                     3   3527.0
 80CW  21-Apr-24 20:30 0168  YT2RX          599  599  EU            YU       3   3527.8
 80CW  21-Apr-24 20:31 0169  YO4TL          599  599  EU            YO       3   3530.8
 80CW  21-Apr-24 20:31 0170  YU7KW          599  599  EU                     3   3534.6
 80CW  21-Apr-24 20:32 0171  OK2MBP         599  599  EU                     3   3535.3
 40CW  21-Apr-24 20:33 0172  IR1GM          599  599  EU            I        3   7001.0
 40CW  21-Apr-24 20:33 0173  G4BJM          599  599  EU            G        3   7001.9
 40CW  21-Apr-24 20:40 0174  HA2KMR         599  599  EU                     3   7007.8
 40CW  21-Apr-24 20:40 0175  SP1AEN         599  599  EU            SP       3   7010.1
 40CW  21-Apr-24 20:41 0176  E79Q           599  599  EU            E7       3   7011.1
 40CW  21-Apr-24 20:42 0177  IU3OAR         599  599  EU                     3   7011.6
 40CW  21-Apr-24 20:42 0178  UT6UD          599  599  EU            UR       3   7012.3
 40CW  21-Apr-24 20:43 0179  OM2XW          599  599  EUM           OM       3   7013.0
 40CW  21-Apr-24 20:43 0180  SM5CSS         599  599  EU            SM       3   7013.8
 40CW  21-Apr-24 20:44 0181  UW1M           599  599  EU                     3   7015.5
 40CW  21-Apr-24 20:44 0182  PA7F           599  599  EU            PA       3   7016.0
 40CW  21-Apr-24 20:45 0183  LA8HGA         599  599  EU            LA       3   7016.6
 40CW  21-Apr-24 20:45 0184  DL3KWR         599  599  EUY                    2   7017.2
 40CW  21-Apr-24 20:46 0185  9A7Z           599  599  EU                     3   7018.1
 40CW  21-Apr-24 20:46 0186  G3RWF          599  599  EU                     3   7019.0
 40CW  21-Apr-24 20:47 0187  LY7M           599  599  EUM           LY       3   7019.4
 40CW  21-Apr-24 20:47 0188  DK2FG          599  599  EU                     2   7020.0
 40CW  21-Apr-24 20:48 0189  YU0A           599  599  EU            YU       3   7021.6
 40CW  21-Apr-24 20:48 0190  E70T           599  599  EU                     3   7022.4
 40CW  21-Apr-24 20:49 0191  DK5DQ          599  599  EU                     2   7023.0
 40CW  21-Apr-24 20:50 0192  EA6EJ          599  599  EUM           EA6      3   7023.5
 40CW  21-Apr-24 20:51 0193  SP2MKI         599  599  EU                     3   7024.1
 40CW  21-Apr-24 20:51 0194  EU8U           599  599  EU            EU       3   7026.3
 40CW  21-Apr-24 20:51 0195  IV3IPS         599  599  EU                     3   7026.9
 40CW  21-Apr-24 20:52 0196  DL7ON          599  599  EU                     2   7027.9
 40CW  21-Apr-24 20:52 0197  OK2HBR         599  599  EU                     3   7029.2
 40CW  21-Apr-24 20:53 0198  DD6CW          599  599  EU                     2   7029.6
 40CW  21-Apr-24 20:54 0199  EA5OH          599  599  EU            EA       3   7030.8
 40CW  21-Apr-24 20:54 0200  M0JWT          599  599  EU                     3   7031.8
 40CW  21-Apr-24 20:55 0201  AO75GA         599  599  EU                     3   7035.1
 40CW  21-Apr-24 20:56 0202  CT7BJG         599  599  EU            CT       3   7036.8
 40CW  21-Apr-24 20:56 0203  OE/YT7BA       599  599  EU            OE       3   7039.0
 40CW  21-Apr-24 21:01 0204  M0NPT          599  599  EUM                    3   7025.5
 40CW  21-Apr-24 21:01 0205  S59AA          599  599  EU            S5       3   7030.1
 40CW  21-Apr-24 21:02 0206  LZ5DI          599  599  EU            LZ       3   7017.4
 40CW  21-Apr-24 21:02 0207  F5SGI          599  599  EU            F        3   7016.4
 40CW  21-Apr-24 21:02 0208  P3X            599  599  AS            5B       5   7014.7
 40CW  21-Apr-24 21:04 0209  OZ4UN          599  599  EU            OZ       3   7012.7
 20CW  21-Apr-24 21:08 0210  N4RV           599  599  NA                     5  14026.6
 20CW  21-Apr-24 21:08 0211  E70T           599  599  EU            E7       3  14028.4
 20CW  21-Apr-24 21:10 0212  K4XL           599  599  NA                     5  14011.2
 20CW  21-Apr-24 21:15 0213  N3QE           599  599  NA                     5  14017.0
 20CW  21-Apr-24 21:18 0214  NP2X           599  599  NA            KP2      5  14036.6
 15CW  21-Apr-24 21:20 0215  PY1KO          599  599  SAM                    5  21005.0
 15CW  21-Apr-24 21:21 0216  PY2WMW         599  599  SA                     5  21012.3
 15CW  21-Apr-24 21:23 0217  AZ1A           599  599  SA            LU       5  21016.1
 15CW  21-Apr-24 21:25 0218  WP4TZ          599  599  NA            KP4      5  21020.5
 15CW  21-Apr-24 21:27 0219  VL2A           599  599  OC            VK       5  21024.0
 15CW  21-Apr-24 21:28 0220  LT6M           599  599  SA                     5  21027.0
 15CW  21-Apr-24 21:35 0221  LU2DD          599  599  SAM                    5  21044.0
 15CW  21-Apr-24 21:36 0222  HK3TU          599  599  SA            HK       5  21019.3
 20CW  21-Apr-24 21:38 0223  ZV5M           599  599  SA            PY       5  14016.0
 20CW  21-Apr-24 21:38 0224  W8FJ           599  599  NA                     5  14017.6
 20CW  21-Apr-24 21:39 0225  CQ75URE        599  599  EUM                    3  14019.2
 20CW  21-Apr-24 21:40 0226  N4KS           599  599  NAM                    5  14024.0
 20CW  21-Apr-24 21:40 0227  K8GL           599  599  NAM                    5  14026.7
 20CW  21-Apr-24 21:41 0228  VE9HF          599  599  NA                     5  14027.4
 20CW  21-Apr-24 21:42 0229  K4RUM          599  599  NAM                    5  14032.5
 20CW  21-Apr-24 21:43 0230  DK5DQ          599  599  EU                     2  14036.0
 20CW  21-Apr-24 21:43 0231  W0EAS          599  599  NAM                    5  14040.0
 80CW  21-Apr-24 21:45 0232  SE5V           599  599  EU                     3   3524.0
 80CW  21-Apr-24 21:46 0233  UA6YH          599  599  EU            UA       3   3524.6
 80CW  21-Apr-24 21:46 0234  OM8AA          599  599  EUM           OM       3   3525.9
 80CW  21-Apr-24 21:47 0235  HA5UA          599  599  EU                     3   3531.0
 80CW  21-Apr-24 21:48 0236  SP2GMA         599  599  EU                     3   3532.5
 80CW  21-Apr-24 21:48 0237  M6W            599  599  EU                     3   3533.5
 80CW  21-Apr-24 21:49 0238  E70T           599  599  EU            E7       3   3527.1
 80CW  21-Apr-24 21:49 0239  OH2KW          599  599  EUM           OH       3   3520.1
 80CW  21-Apr-24 21:49 0240  SP2FAP         599  599  EUM                    3   3519.1
 80CW  21-Apr-24 21:50 0241  E77EA          599  599  EU                     3   3517.5
 80CW  21-Apr-24 21:50 0242  HB9AMO         599  599  EUM           HB       3   3516.1
 80CW  21-Apr-24 21:51 0243  SM6TOL         599  599  EU                     3   3514.7
 80CW  21-Apr-24 21:52 0244  DL3KWR         599  599  EUY                    2   3513.3
 40CW  21-Apr-24 21:53 0245  EU2F           599  599  EUM                    3   7008.2
 40CW  21-Apr-24 21:54 0246  EI8JX          599  599  EUM           EI       3   7012.8
 40CW  21-Apr-24 21:54 0247  LZ5EE          599  599  EU                     3   7013.3
 40CW  21-Apr-24 21:55 0248  PW2F           599  599  SA            PY       5   7014.5
 40CW  21-Apr-24 21:57 0249  OH8WW          599  599  EU            OH       3   7024.1
 80CW  21-Apr-24 21:58 0250  OP4K           599  599  EU            ON       3   3525.0
 80CW  21-Apr-24 21:59 0251  IK1PMR         599  599  EU            I        3   3526.0
 80CW  21-Apr-24 21:59 0252  SP1D           599  599  EUM                    3   3526.6
 80CW  21-Apr-24 22:00 0253  DL6WT          599  599  EU                     2   3529.0
