 40CW  29-Apr-24 16:32 0001  OM5KM          599  599  004           OM       3   7039.6
 40CW  29-Apr-24 16:32 0002  SN1T           599  599  006           SP       3   7039.6
 40CW  29-Apr-24 16:32 0003  OK1FKD         599  599  003           OK       3   7039.6
 40CW  29-Apr-24 16:33 0004  HB9CMW         599  599  001           HB       3   7039.6
 40CW  29-Apr-24 16:33 0005  YL3FW          599  599  010           YL       3   7039.6
 40CW  29-Apr-24 16:34 0006  OM4DU          599  599  005                    3   7039.6
 40CW  29-Apr-24 16:34 0007  OK2VX          599  599  007                    3   7039.6
 40CW  29-Apr-24 16:35 0008  OK1DSZ         599  599  011                    3   7039.6
 40CW  29-Apr-24 16:36 0009  DA3T           599  599  010           DL       2   7039.6
 40CW  29-Apr-24 16:36 0010  OK2PYA         599  599  010                    3   7039.6
 40CW  29-Apr-24 16:37 0011  G4LJU          599  599  008           G        3   7039.6
 40CW  29-Apr-24 16:37 0012  DD5KG          599  599  013                    2   7039.6
 40CW  29-Apr-24 16:38 0013  SN5J           599  599  006                    3   7039.6
 40CW  29-Apr-24 16:38 0014  DM7W           599  599  018                    2   7039.6
 40CW  29-Apr-24 16:40 0015  OK1AMX         599  599  016                    3   7039.0
 40CW  29-Apr-24 16:40 0016  SM5ACQ         599  599  012           SM       3   7038.1
 40CW  29-Apr-24 16:41 0017  SP4DNX         599  599  010                    3   7037.6
 40CW  29-Apr-24 16:41 0018  DL1NKS         599  599  021                    2   7037.3
 40CW  29-Apr-24 16:42 0019  DL4ME          599  599  026                    2   7036.9
 40CW  29-Apr-24 16:42 0020  PC0A           599  599  017           PA       3   7036.5
 40CW  29-Apr-24 16:43 0021  OK2WY          599  599  023                    3   7035.8
 40CW  29-Apr-24 16:43 0022  OM5CM          599  599  026                    3   7035.5
 40CW  29-Apr-24 16:45 0023  S52W           599  599  039           S5       3   7034.6
 40CW  29-Apr-24 16:46 0024  OK1DOR         599  599  027                    3   7033.7
 40CW  29-Apr-24 16:47 0025  OK1FHI         599  599  030                    3   7033.4
 40CW  29-Apr-24 16:47 0026  OK1FGD         599  599  032                    3   7032.5
 40CW  29-Apr-24 16:48 0027  SN5N           599  599  036                    3   7031.0
 40CW  29-Apr-24 16:49 0028  HA6NL          599  599  044           HA       3   7030.4
 40CW  29-Apr-24 16:49 0029  DJ4WT          599  599  024                    2   7030.2
 40CW  29-Apr-24 16:50 0030  OK2NAJ         599  599  029                    3   7029.9
 40CW  29-Apr-24 16:50 0031  DL8QS          599  599  044                    2   7029.5
 40CW  29-Apr-24 16:51 0032  SO3O           599  599  038                    3   7028.8
 40CW  29-Apr-24 16:54 0033  OK1FMX         599  599  038                    3   7030.7
 40CW  29-Apr-24 16:54 0034  DK2DR          599  599  001                    2   7030.7
 40CW  29-Apr-24 16:54 0035  DJ1PQ          599  599  015                    2   7030.7
 40CW  29-Apr-24 16:55 0036  DR2C           599  599  063                    2   7030.7
 40CW  29-Apr-24 16:55 0037  HA1AS          599  599  027                    3   7030.7
 40CW  29-Apr-24 16:56 0038  OM3ZU          599  599  036                    3   7030.7
 40CW  29-Apr-24 16:56 0039  OL8R           599  599  087                    3   7030.7
 40CW  29-Apr-24 16:57 0040  DJ1OJ          599  599  033                    2   7030.7
 40CW  29-Apr-24 16:58 0041  OM5B           599  599  078                    3   7030.7
 40CW  29-Apr-24 16:59 0042  M4N            599  599  042                    3   7030.7
 40CW  29-Apr-24 16:59 0043  HA1YA          599  599  057                    3   7030.7
 40CW  29-Apr-24 17:00 0044  PA5WT          599  599  038                    3   7030.7
 40CW  29-Apr-24 17:00 0045  YU7TBA         599  599  037           YU       3   7030.7
 40CW  29-Apr-24 17:01 0046  OK1WSL         599  599  033                    3   7030.7
 40CW  29-Apr-24 17:01 0047  OK1TD          599  599  038                    3   7030.7
 40CW  29-Apr-24 17:02 0048  PC4H           599  599  047                    3   7030.7
 40CW  29-Apr-24 17:02 0049  DK5PD          599  599  007                    2   7030.7
 40CW  29-Apr-24 17:03 0050  HA5CQZ         599  599  021                    3   7030.7
 40CW  29-Apr-24 17:04 0051  OM2KI          599  599  084                    3   7030.7
 40CW  29-Apr-24 17:04 0052  G4FJW          599  599  028                    3   7030.7
 40CW  29-Apr-24 17:05 0053  S51J           599  599  076                    3   7028.4
 40CW  29-Apr-24 17:06 0054  PA3DBS         599  599  050                    3   7028.0
 40CW  29-Apr-24 17:06 0055  OK2NO          599  599  076                    3   7027.6
 40CW  29-Apr-24 17:07 0056  SP2XX          599  599  071                    3   7026.9
 40CW  29-Apr-24 17:07 0057  SN7Z           599  599  006                    3   7026.1
 40CW  29-Apr-24 17:08 0058  I2CZQ          599  599  057           I        3   7025.5
 40CW  29-Apr-24 17:08 0059  OK1RKS         599  599  028                    3   7025.1
 40CW  29-Apr-24 17:09 0060  SQ8LUU         599  599  078                    3   7024.7
 40CW  29-Apr-24 17:10 0061  SP4G           599  599  084                    3   7024.1
 40CW  29-Apr-24 17:10 0062  SN7Q           599  599  096                    3   7023.5
 40CW  29-Apr-24 17:11 0063  OK5TFC         599  599  060                    3   7020.1
 40CW  29-Apr-24 17:12 0064  OM5AA          599  599  067                    3   7019.6
 40CW  29-Apr-24 17:12 0065  HB9BXE         599  599  085                    3   7019.2
 40CW  29-Apr-24 17:13 0066  RX3Q           599  599  055           UA       3   7018.8
 40CW  29-Apr-24 17:13 0067  IN3FHE         599  599  048                    3   7017.4
 40CW  29-Apr-24 17:16 0068  DF8V           599  599  057                    2   7033.4
 40CW  29-Apr-24 17:16 0069  OK1IBP         599  599  080                    3   7033.4
 40CW  29-Apr-24 17:17 0070  SD1A           599  599  065                    3   7033.4
 80CW  29-Apr-24 17:19 0071  OM5ZW          599  599  123           OM       3   3532.3
 80CW  29-Apr-24 17:19 0072  DJ9MH          599  599  046           DL       2   3533.0
 80CW  29-Apr-24 17:21 0073  OL4M           599  599  053           OK       3   3536.0
 80CW  29-Apr-24 17:21 0074  OM5B           599  599  135                    3   3536.0
 80CW  29-Apr-24 17:22 0075  OK1JAX         599  599  087                    3   3536.0
 80CW  29-Apr-24 17:23 0076  DR7T           599  599  096                    2   3536.0
 80CW  29-Apr-24 17:23 0077  DL4ME          599  599  108                    2   3536.0
 80CW  29-Apr-24 17:23 0078  DK0BN          599  599  003                    2   3536.0
 80CW  29-Apr-24 17:24 0079  OK1DSZ         599  599  109                    3   3536.0
 80CW  29-Apr-24 17:25 0080  DR2C           599  599  115                    2   3536.0
 80CW  29-Apr-24 17:25 0081  OK1FMX         599  599  080                    3   3536.0
 80CW  29-Apr-24 17:26 0082  SP3VT          599  599  093           SP       3   3536.0
 80CW  29-Apr-24 17:26 0083  OK1USP         599  599  044                    3   3536.0
 80CW  29-Apr-24 17:27 0084  SN1T           599  599  136                    3   3536.0
 80CW  29-Apr-24 17:27 0085  DM7W           599  599  097                    2   3536.0
 80CW  29-Apr-24 17:29 0086  OK2PYA         599  599  076                    3   3536.0
 80CW  29-Apr-24 17:29 0087  DK5DQ          599  599  091                    2   3536.0
