 15CW  26-Jun-24 19:04 0001  K3MM           599  599  Ty 114        K3MM     1  21027.5
 15CW  26-Jun-24 19:04 0002  WG3J           599  599  Eric 2473     WG3J     1  21028.2
 15CW  26-Jun-24 19:07 0003  EA1X           599  599  Juan 2562     EA1X     1  21029.0
 15CW  26-Jun-24 19:08 0004  VE3EJ          599  599  John 513      VE3EJ    1  21031.0
 15CW  26-Jun-24 19:08 0005  N3RD           599  599  Dave 232      N3RD     1  21031.4
 15CW  26-Jun-24 19:08 0006  DK5DQ          599  599  NIKO DL       DK5DQ    1  21031.7
 15CW  26-Jun-24 19:10 0007  KR2Q           599  599  Doug 438      KR2Q     1  21032.9
 15CW  26-Jun-24 19:11 0008  NO5W           599  599  Chuck 311     NO5W     1  21034.9
 15CW  26-Jun-24 19:11 0009  K7QA           599  599  Tom 1959      K7QA     1  21037.0
 15CW  26-Jun-24 19:12 0010  AA3B           599  599  Bud 242       AA3B     1  21038.5
 15CW  26-Jun-24 19:13 0011  WS7L           599  599  Carl 2557     WS7L     1  21039.7
 15CW  26-Jun-24 19:14 0012  K1GU           599  599  Ned 884       K1GU     1  21040.7
 15CW  26-Jun-24 19:16 0013  N3OC           599  599  Brian 2944    N3OC     1  21025.4
 20CW  26-Jun-24 19:19 0014  WG3J           599  599  Eric 2473              1  14025.8
 20CW  26-Jun-24 19:21 0015  DK9PY          599  599  Armin 2062    DK9PY    1  14027.0
 20CW  26-Jun-24 19:23 0016  PA0INA         599  599  Frans 443     PA0INA   1  14028.0
 20CW  26-Jun-24 19:24 0017  EA6BF          599  599  Josep 3072    EA6BF    1  14034.7
 20CW  26-Jun-24 19:25 0018  F5SGI          599  599  Jean 2532     F5SGI    1  14038.8
 20CW  26-Jun-24 19:26 0019  OL8R           599  599  Petr 2830     OL8R     1  14040.6
 20CW  26-Jun-24 19:31 0020  K4XD           599  599  Rol NC        K4XD     1  14032.8
 20CW  26-Jun-24 19:34 0021  LZ1ZF          599  599  Gosho 2824    LZ1ZF    1  14033.5
 20CW  26-Jun-24 19:35 0022  N3RD           599  599  Dave 232               1  14034.4
 20CW  26-Jun-24 19:36 0023  AI0Y           599  599  Joe 3254      AI0Y     1  14034.9
 20CW  26-Jun-24 19:39 0024  K3MM           599  599  Ty 114                 1  14038.0
 20CW  26-Jun-24 19:39 0025  AA3B           599  599  Bud 242                1  14038.5
 40CW  26-Jun-24 19:42 0026  SM5ACQ         599  599  Don 1573      SM5ACQ   1   7027.5
 40CW  26-Jun-24 19:42 0027  ON7PQ          599  599  Pat 2365      ON7PQ    1   7028.4
 40CW  26-Jun-24 19:43 0028  HA6NL          599  599  Laci 3400     HA6NL    1   7030.4
 40CW  26-Jun-24 19:43 0029  E77EA          599  599  Dragan E7     E77EA    1   7031.0
 40CW  26-Jun-24 19:44 0030  SD1A           599  599  Eric 1718     SD1A     1   7031.5
 40CW  26-Jun-24 19:44 0031  SM5IMO         599  599  Dan 1854      SM5IMO   1   7031.9
 40CW  26-Jun-24 19:45 0032  I2WIJ          599  599  Bob 2406      I2WIJ    1   7033.8
 40CW  26-Jun-24 19:46 0033  PA3AAV         599  599  Gert 2624     PA3AAV   1   7036.1
 40CW  26-Jun-24 19:46 0034  G4IVV          599  599  Jon 3455      G4IVV    1   7036.8
 40CW  26-Jun-24 19:47 0035  EA3FZT         599  599  Francis 2560  EA3FZT   1   7037.3
 40CW  26-Jun-24 19:49 0036  SC6O           599  599  Ben 3519      SC6O     1   7037.6
 40CW  26-Jun-24 19:50 0037  LZ1ZF          599  599  Gosho 2824             1   7038.0
 40CW  26-Jun-24 19:51 0038  F5SGI          599  599  Jean 2532              1   7039.6
 40CW  26-Jun-24 19:52 0039  SF1Z           599  599  Jens 2237     SF1Z     1   7026.0
 40CW  26-Jun-24 19:53 0040  UX2HB          599  599  Waddy 2538    UX2HB    1   7026.7
 40CW  26-Jun-24 19:55 0041  SP5LST         599  599  KOT 3539      SP5LST   1   7029.4
 40CW  26-Jun-24 19:55 0042  MM2T           599  599  Phil 3456     MM2T     1   7030.4
 40CW  26-Jun-24 19:56 0043  DL6KVA         599  599  Axel 1678     DL6KVA   1   7031.1
 40CW  26-Jun-24 19:59 0044  SP7OGP         599  599  Piotr 3147    SP7OGP   1   7027.2
