 10CW  13-Apr-24 08:27 0001  JJ0PKS         599  599  08            08       5  28027.0
 10CW  13-Apr-24 08:28 0002  JA0FVU         599  599  08                     5  28029.4
 20CW  13-Apr-24 16:29 0003  JO4JFH         599  599  31            31       5  14021.3
 20CW  13-Apr-24 16:31 0004  JA3YUA         599  599  27            27       5  14008.3
 20CW  13-Apr-24 16:33 0005  JA0FVU         599  599  08            08       5  14038.6
 20CW  13-Apr-24 16:35 0006  JH1EAQ         599  599  13            13       5  14041.4
 20CW  13-Apr-24 17:55 0007  JE4MHL         599  599  35            35       5  14036.1
 20CW  13-Apr-24 17:55 0008  JR6CSY         599  599  42            42       5  14036.9
 20CW  13-Apr-24 17:59 0009  JS2MKU         599  599  19            19       5  14016.0
 20CW  13-Apr-24 19:47 0010  JG6JAV         599  599  42                     5  14023.1
 20CW  13-Apr-24 19:47 0011  JG6OZC         599  599  42                     5  14022.5
 20CW  13-Apr-24 19:50 0012  JH1RNI         599  599  10            10       5  14027.9
 20CW  13-Apr-24 19:57 0013  JA2PFO         599  599  18            18       5  14039.3
 20CW  13-Apr-24 19:58 0014  JG3SVP         599  599  23            23       5  14042.5
 20CW  13-Apr-24 19:59 0015  JI1FOE         599  599  15            15       5  14043.3
 20CW  13-Apr-24 20:00 0016  JH6OPP         599  599  44            44       5  14035.6
 20CW  13-Apr-24 20:01 0017  JH1HIC         599  599  16            16       5  14029.0
 20CW  13-Apr-24 20:02 0018  JQ1CIV         599  599  16                     5  14023.5
 20CW  13-Apr-24 20:03 0019  JS1DEH         599  599  15                     5  14021.0
 20CW  13-Apr-24 20:04 0020  JA6WFM         599  599  43            43       5  14015.0
 20CW  13-Apr-24 20:13 0021  JH1GEX         599  599  17            17       5  14039.4
 20CW  13-Apr-24 20:14 0022  JE5HTN         599  599  46            46       5  14025.0
 20CW  13-Apr-24 20:23 0023  JA6UDI         599  599  45            45       5  14019.5
 20CW  13-Apr-24 20:40 0024  JA1IAZ         599  599  11            11       5  14036.4
 20CW  13-Apr-24 20:41 0025  JA1PNA         599  599  16                     5  14027.7
 20CW  13-Apr-24 20:42 0026  JE5HTN         599  599  35                     0  14025.0
 20CW  13-Apr-24 20:43 0027  JA2KVB         599  599  18                     5  14005.4
 20CW  13-Apr-24 20:45 0028  7K1MAG         599  599  20            20       5  14038.0
 20CW  13-Apr-24 20:47 0029  JQ1NGT         599  599  10                     5  14052.0
 20CW  13-Apr-24 20:49 0030  JA1VND         599  599  16                     5  14035.2
 20CW  13-Apr-24 20:59 0031  JO7KMB         599  599  03            03       5  14030.0
 20CW  13-Apr-24 21:02 0032  JF2FIU         599  599  20                     5  14024.3
 20CW  13-Apr-24 21:04 0033  JP3WEL         599  599  27                     5  14037.0
 20CW  13-Apr-24 21:05 0034  JA9CWJ         599  599  30            30       5  14040.4
 20CW  13-Apr-24 21:08 0035  JE4JPQ         599  599  33            33       5  14055.2
 20CW  13-Apr-24 21:11 0036  JE1NVD         599  599  13                     5  14017.6
 20CW  13-Apr-24 21:35 0037  JR3KQJ         599  599  27                     5  14028.1
 20CW  13-Apr-24 21:36 0038  JH2CMH         599  599  20                     5  14044.5
 20CW  13-Apr-24 21:37 0039  JR3IIR         599  599  27                     5  14046.6
 20CW  13-Apr-24 21:39 0040  JK3HFN         599  599  27                     5  14048.5
 15CW  14-Apr-24 07:34 0041  JR6CSY         599  599  42            42       5  21038.4
 15CW  14-Apr-24 07:35 0042  JJ0PKS         599  599  08            08       5  21026.0
 15CW  14-Apr-24 07:36 0043  JA3YUA         599  599  27            27       5  21023.6
 15CW  14-Apr-24 07:37 0044  JE1NVD         599  599  13            13       5  21021.6
 15CW  14-Apr-24 07:38 0045  JI1AVY         599  599  14            14       5  21008.5
 15CW  14-Apr-24 07:38 0046  JF3BFS         599  599  27                     5  21007.0
 15CW  14-Apr-24 07:40 0047  JS2MKU         599  599  19            19       5  21006.5
 15CW  14-Apr-24 07:43 0048  JA9CWJ         599  599  30            30       5  21037.3
 15CW  14-Apr-24 07:44 0049  JG3SVP         599  599  23            23       5  21039.5
 15CW  14-Apr-24 07:45 0050  JK1JHU         599  599  10            10       5  21040.8
 15CW  14-Apr-24 07:45 0051  JM1LRQ         599  599  13                     5  21048.6
 15CW  14-Apr-24 07:48 0052  JA2KVB         599  599  18            18       5  21058.3
 15CW  14-Apr-24 07:54 0053  JA1GQC         599  599  11            11       5  21032.5
 15CW  14-Apr-24 07:55 0054  JH1EAQ         599  599  13                     5  21004.6
 10CW  14-Apr-24 07:59 0055  JM8LND         599  599  01            01       5  28032.9
 15CW  14-Apr-24 08:03 0056  JA1BJI         599  599  11                     5  21052.6
 15CW  14-Apr-24 08:05 0057  JQ1CIV         599  599  16            16       5  21024.0
 15CW  14-Apr-24 08:06 0058  JA0BJY         599  599  08                     5  21031.4
 15CW  14-Apr-24 08:11 0059  JG1LFR         599  599  11                     5  21055.5
 15CW  14-Apr-24 08:14 0060  JR3KQJ         599  599  27                     5  21034.5
 15CW  14-Apr-24 08:15 0061  JA0FVU         599  599  08                     5  21046.6
 15CW  14-Apr-24 08:16 0062  JA1VND         599  599  16                     5  21049.6
 15CW  14-Apr-24 08:26 0063  JR4GPA         599  599  31            31       5  21060.2
 15CW  14-Apr-24 09:34 0064  JH0NEC         599  599  08                     5  21002.5
 15CW  14-Apr-24 09:41 0065  JG3QBJ         599  599  22            22       5  21051.2
 15CW  14-Apr-24 09:43 0066  JI0WVQ         599  599  08                     5  21048.0
 15CW  14-Apr-24 10:47 0067  JF3EIG         599  599  26            26       5  21049.6
 15CW  14-Apr-24 10:55 0068  JA8FXO         599  599  01            01       5  21034.8
 15CW  14-Apr-24 10:58 0069  JA4VNE         599  599  33            33       5  21028.3
 10CW  14-Apr-24 11:00 0070  JH6QIL         599  599  46            46       5  28031.4
 15CW  14-Apr-24 11:07 0071  JA2PFO         599  599  18                     5  21027.0
 15CW  14-Apr-24 11:09 0072  JR4OZR         599  599  31                     5  21045.2
 15CW  14-Apr-24 11:11 0073  JF6ZCV         599  599  40            40       5  21044.3
 15CW  14-Apr-24 11:17 0074  JA1MZM         599  599  10                     5  21046.5
 15CW  14-Apr-24 11:24 0075  JH2CMH         599  599  20            20       5  21030.5
 10CW  14-Apr-24 11:35 0076  JH3AIU         599  599  27            27       5  28017.6
 10CW  14-Apr-24 11:36 0077  JR0RBY         599  599  09            09       5  28029.5
 15CW  14-Apr-24 11:51 0078  JH1RNI         599  599  10                     5  21034.7
 15CW  14-Apr-24 11:52 0079  JP6VTI         599  599  40                     5  21029.9
 15CW  14-Apr-24 11:52 0080  JA1PNA         599  599  16                     5  21028.7
 15CW  14-Apr-24 11:54 0081  JA7ODY         599  599  06            06       5  21016.0
 15CW  14-Apr-24 11:55 0082  JR3IIR         599  599  27                     5  21002.0
 15CW  14-Apr-24 11:56 0083  JS1DEH         599  599  15            15       5  21020.5
 15CW  14-Apr-24 11:57 0084  7K4VPV         599  599  10                     5  21043.2
 15CW  14-Apr-24 11:58 0085  JH1HIC         599  599  16                     5  21050.5
 15CW  14-Apr-24 12:42 0086  JH1KRC         599  599  15                     5  21031.5
 15CW  14-Apr-24 12:44 0087  JM8LND         599  599  01                     5  21032.7
 15CW  14-Apr-24 12:46 0088  JG6OZC         599  599  42                     5  21033.2
 15CW  14-Apr-24 12:59 0089  JN3KST         599  599  24            24       5  21037.5
