 80SSB 02-Sep-24 19:30 0001  M0GAV          59   59   39            G        3   3719.0
 80SSB 02-Sep-24 19:32 0002  G4LPP          59   59   68                     3   3723.5
 80SSB 02-Sep-24 19:35 0003  M0KEB          59   59   84                     3   3737.0
 80SSB 02-Sep-24 19:36 0004  M2A            59   59   78                     3   3748.2
 80SSB 02-Sep-24 19:37 0005  M0RUF          59   59   43                     3   3750.5
 80SSB 02-Sep-24 19:38 0006  GW9J           59   59   98            GW       3   3754.1
 80SSB 02-Sep-24 19:39 0007  G4FNL          59   59   87                     3   3766.0
 80SSB 02-Sep-24 19:40 0008  G4ABX          59   59   70                     3   3771.5
 80SSB 02-Sep-24 19:41 0009  G3ZGC          59   59   54                     3   3774.1
 80SSB 02-Sep-24 19:44 0010  G6XX           59   59   125                    3   3716.0
 80SSB 02-Sep-24 19:45 0011  G8A            59   59   100                    3   3709.0
 80SSB 02-Sep-24 19:47 0012  G4A            59   59   102                    3   3706.1
 80SSB 02-Sep-24 19:48 0013  G3V            59   59   86                     3   3703.5
 80SSB 02-Sep-24 19:49 0014  G8FZV          59   59   99                     3   3700.0
 80SSB 02-Sep-24 19:50 0015  G6MC           59   59   107                    3   3691.5
 80SSB 02-Sep-24 19:53 0016  G7D            59   59   103                    3   3683.4
 80SSB 02-Sep-24 19:55 0017  M4J            59   59   112                    3   3680.1
 80SSB 02-Sep-24 19:56 0018  G6ZVL          59   59   53                     3   3676.6
 80SSB 02-Sep-24 19:57 0019  G3MXH          59   59   125                    3   3670.2
 80SSB 02-Sep-24 19:58 0020  G8FMC          59   59   61                     3   3668.0
 80SSB 02-Sep-24 20:01 0021  G4NKT          59   59   110                    3   3663.0
 80SSB 02-Sep-24 20:02 0022  G5MW           59   59   103                    3   3660.0
 80SSB 02-Sep-24 20:03 0023  M9A            59   59   116                    3   3657.1
 80SSB 02-Sep-24 20:04 0024  G0XDI/P        59   59   90                     3   3653.5
 80SSB 02-Sep-24 20:05 0025  G1A            59   59   123                    3   3652.0
 80SSB 02-Sep-24 20:06 0026  G4ARI          59   59   126                    3   3647.0
 80SSB 02-Sep-24 20:07 0027  G0TZZ          59   59   76                     3   3644.0
 80SSB 02-Sep-24 20:08 0028  G8N            59   59   93                     3   3641.1
 80SSB 02-Sep-24 20:08 0029  G3LDI          59   59   116                    3   3639.2
 80SSB 02-Sep-24 20:10 0030  G4BUO          59   59   4                      3   3638.1
 80SSB 02-Sep-24 20:14 0031  G3FYQ          59   59   70                     3   3630.5
 80SSB 02-Sep-24 20:19 0032  G0W            59   59   115                    3   3618.0
 80SSB 02-Sep-24 20:20 0033  G0AKC          59   59   92                     3   3613.1
 80SSB 02-Sep-24 20:22 0034  M0B            59   59   81                     3   3606.7
 80SSB 02-Sep-24 20:24 0035  G1M            59   59   71                     3   3633.0
 80SSB 02-Sep-24 20:29 0036  G8FCQ          59   59   129                    3   3663.1
