 15CW  20-Jul-24 14:55 0001  GI4SJQ         599  599  61            GI       3  21017.0
 15CW  20-Jul-24 14:58 0002  SM7RYR         599  599  71            SM       3  21019.0
 15CW  20-Jul-24 15:00 0003  SM6TOL         599  599  65                     3  21024.7
 15CW  20-Jul-24 15:02 0004  OH2KW          599  599  68            OH       3  21013.2
 20CW  20-Jul-24 15:03 0005  SM7RYR         599  599  71            SM       3  14012.8
 20CW  20-Jul-24 15:04 0006  DL7PIA         599  599  16            DL       2  14013.5
 20CW  20-Jul-24 15:06 0007  SM5CSS         599  599  79                     3  14014.5
 20CW  20-Jul-24 15:06 0008  IK5MEP         599  599  60            I        3  14016.5
 20CW  20-Jul-24 15:08 0009  BG0DLA         599  599  37            BY       5  14023.0
 20CW  20-Jul-24 15:09 0010  DF3VM          599  599  53                     2  14026.3
 20CW  20-Jul-24 15:13 0011  S52KJ          599  599  24            S5       3  14028.0
 20CW  20-Jul-24 15:13 0012  HA3OV          599  599  58            HA       3  14028.5
 20CW  20-Jul-24 15:14 0013  YO8OLY         599  599  09            YO       3  14029.5
 20CW  20-Jul-24 15:16 0014  SE4E           599  599  77                     3  14031.1
 20CW  20-Jul-24 15:16 0015  UZ1WW          599  599  67            UR       3  14032.6
 20CW  20-Jul-24 15:17 0016  YO5ADG         599  599  17                     3  14033.3
 20CW  20-Jul-24 15:19 0017  LY2PX          599  599  71            LY       3  14035.2
 20CW  20-Jul-24 15:20 0018  IZ8GUQ         599  599  47                     3  14037.7
 20CW  20-Jul-24 15:22 0019  ED1R           599  599  14            EA       3  14040.5
 20CW  20-Jul-24 15:22 0020  EA3NO          599  599  00                     3  14042.5
 20CW  20-Jul-24 15:29 0021  SV1DPJ         599  599  60            SV       3  14005.0
 20CW  20-Jul-24 15:30 0022  HG6O           599  599  69                     3  14014.0
 20CW  20-Jul-24 15:31 0023  SM6VWG         599  599  92                     3  14015.8
 20CW  20-Jul-24 15:32 0024  SC6O           599  599  73                     3  14017.7
 20CW  20-Jul-24 15:34 0025  HA1VQ          599  599  77                     3  14019.5
 20CW  20-Jul-24 15:45 0026  YO5AVN         599  599  74                     3  14021.5
 20CW  20-Jul-24 15:46 0027  LY2J           599  599  71                     3  14022.3
 20CW  20-Jul-24 15:47 0028  SM0Q           599  599  58                     3  14031.9
 20CW  20-Jul-24 15:48 0029  DL5YM          599  599  75                     2  14033.6
 20CW  20-Jul-24 15:49 0030  BI6LFJ         599  599  35                     5  14040.0
 15CW  20-Jul-24 15:56 0031  K4BAI          599  599  81            K        5  21018.1
 15CW  20-Jul-24 15:59 0032  DL5AXX         599  599  59            DL       2  21022.0
 10CW  20-Jul-24 16:03 0033  PY1MK          599  599  RJ            PY       5  28016.8
 40CW  20-Jul-24 16:05 0034  OE5FDM         599  599  36            OE       3   7028.6
 40CW  20-Jul-24 16:06 0035  DL7PIA         599  599  16            DL       2   7024.5
 40CW  20-Jul-24 16:08 0036  HA7TM          599  599  68            HA       3   7021.3
 40CW  20-Jul-24 16:15 0037  OK1AY          599  599  79            OK       3   7023.1
 40CW  20-Jul-24 16:15 0038  IU4JNR         599  599  58            I        3   7026.7
 40CW  20-Jul-24 16:17 0039  LY2J           599  599  71            LY       3   7011.4
 40CW  20-Jul-24 16:18 0040  SM5CSS         599  599  79            SM       3   7013.4
 40CW  20-Jul-24 16:19 0041  HA1VQ          599  599  77                     3   7014.6
 40CW  20-Jul-24 16:19 0042  S51J           599  599  75            S5       3   7015.8
 40CW  20-Jul-24 16:20 0043  SP4TKR         599  599  55            SP       3   7016.2
 40CW  20-Jul-24 16:23 0044  OK2HBR         599  599  72                     3   7020.5
 40CW  20-Jul-24 16:23 0045  G3L            599  599  92            G        3   7022.2
 40CW  20-Jul-24 16:24 0046  DJ1OJ          599  599  87                     2   7022.7
 40CW  20-Jul-24 16:25 0047  DK2FG          599  599  83                     2   7023.6
 20CW  20-Jul-24 16:39 0048  SV1CEI         599  599  62                     3  14035.0
 20CW  20-Jul-24 16:42 0049  SV2/YT3EWW     599  599  32                     3  14012.0
 40CW  20-Jul-24 16:52 0050  SP2QG          599  599  67                     3   7028.3
 40CW  20-Jul-24 16:53 0051  S52KJ          599  599  24                     3   7029.5
 40CW  20-Jul-24 16:54 0052  SE5V           599  599  81                     3   7030.3
 40CW  20-Jul-24 16:55 0053  DR7T           599  599  64                     2   7034.3
 40CW  20-Jul-24 16:56 0054  IZ1LBG         599  599  33                     3   7035.5
 40CW  20-Jul-24 16:57 0055  ON9TT          599  599  70            ON       3   7015.9
 40CW  20-Jul-24 16:58 0056  YL1YF          599  599  65            YL       3   7016.7
 40CW  20-Jul-24 17:00 0057  S57X           599  599  72                     3   7021.8
 40CW  20-Jul-24 17:01 0058  SN5N           599  599  73                     3   7023.4
 40CW  20-Jul-24 17:02 0059  YQ8E           599  599  68            YO       3   7024.1
 40CW  20-Jul-24 17:03 0060  TM93JO         599  599  23            F        3   7024.5
 40CW  20-Jul-24 17:04 0061  SN1T           599  599  69                     3   7026.5
 40CW  20-Jul-24 17:06 0062  OK2MBP         599  599  66                     3   7031.6
 40CW  20-Jul-24 17:09 0063  HG6A           599  599  69                     3   7034.2
