 10CW  19-Oct-24 15:09 0001  DP7D           599  599  L05           DL       2  28038.9
 10CW  19-Oct-24 15:10 0002  AC5XK          599  599  13            K        5  28038.9
 10CW  19-Oct-24 15:10 0003  W2CDO          599  599  14                     5  28038.9
 10CW  19-Oct-24 15:13 0004  YL7X           599  599  12            YL       3  28038.9
 10CW  19-Oct-24 15:17 0005  DM4MN          599  599  R03                    2  28036.0
 10CW  19-Oct-24 15:19 0006  CT7BJG         599  599  34            CT       3  28035.0
 10CW  19-Oct-24 15:20 0007  DF0JR          599  599  JR                     2  28033.5
 10CW  19-Oct-24 15:21 0008  PY2NY          599  599  23            PY       5  28032.0
 10CW  19-Oct-24 15:22 0009  DD4A           599  599  N02                    2  28030.5
 10CW  19-Oct-24 15:24 0010  N4YDU          599  599  67                     5  28029.3
 10CW  19-Oct-24 15:24 0011  PY4HO          599  599  23                     5  28029.0
 10CW  19-Oct-24 15:25 0012  DL1VDL         599  599  S06                    2  28027.8
 10CW  19-Oct-24 15:29 0013  W8MJ           599  599  006                    5  28018.1
 10CW  19-Oct-24 15:33 0014  N7DR           599  599  39                     5  28014.0
 10CW  19-Oct-24 15:34 0015  OK2BRJ         599  599  25            OK       3  28014.0
 10CW  19-Oct-24 15:34 0016  PU5ALE         599  599  8                      5  28014.0
 10CW  19-Oct-24 15:35 0017  K6AR           599  599  23                     5  28014.0
 10CW  19-Oct-24 15:36 0018  K3UL           599  599  6                      5  28014.0
 10CW  19-Oct-24 15:37 0019  DL6HCC         599  599  E14                    2  28014.0
 10CW  19-Oct-24 15:39 0020  K1ZZ           599  599  85                     5  28010.9
 10CW  19-Oct-24 15:40 0021  DA3M           599  599  V22                    2  28010.0
 10CW  19-Oct-24 15:40 0022  K2GO           599  599  106                    5  28007.8
 10CW  19-Oct-24 15:41 0023  DK8MM          599  599  E38                    2  28006.3
 15CW  19-Oct-24 15:43 0024  DP7D           599  599  L05           DL       2  21015.6
 15CW  19-Oct-24 15:43 0025  DK9PY          599  599  K04                    2  21018.0
 15CW  19-Oct-24 15:44 0026  EA1X           599  599  38            EA       3  21022.5
 15CW  19-Oct-24 15:46 0027  DL2OE          599  599  Y15                    2  21024.3
 15CW  19-Oct-24 15:46 0028  VQ5Y           599  599  61            VP5      5  21026.0
 15CW  19-Oct-24 15:48 0029  PY2NY          599  599  42            PY       5  21032.4
 15CW  19-Oct-24 15:49 0030  EA5CP          599  599  19                     3  21033.9
 15CW  19-Oct-24 15:50 0031  DM7W           599  599  T19                    2  21035.8
 15CW  19-Oct-24 15:52 0032  PX0FF          599  599  000           PY0F     5  21037.0
 15CW  19-Oct-24 15:52 0033  AA2ZW          599  599  000           K        5  21037.6
 15CW  19-Oct-24 15:56 0034  K4RUM          599  599  SUF                    5  21041.5
 15CW  19-Oct-24 15:57 0035  N2GA           599  599  SUF                    5  21044.5
 15CW  19-Oct-24 15:57 0036  EA5ITT         599  599  49                     3  21046.3
 15CW  19-Oct-24 15:58 0037  DK5KK          599  599  L05                    2  21046.9
 15CW  19-Oct-24 15:59 0038  DJ8WK          599  599  O16                    2  21049.2
 15CW  19-Oct-24 16:01 0039  SV1AJO         599  599  34            SV       3  21024.6
 15CW  19-Oct-24 16:01 0040  R7AT           599  599  60            UA       3  21024.6
 15CW  19-Oct-24 16:02 0041  UA4PN          599  599  11                     3  21024.6
 15CW  19-Oct-24 16:04 0042  K0ZR           599  599  59                     5  21024.6
 15CW  19-Oct-24 16:05 0043  W8EWR          599  599  36                     5  21024.6
 15CW  19-Oct-24 16:05 0044  N6DW           599  599  10                     5  21024.6
 15CW  19-Oct-24 16:06 0045  K2GO           599  599  138                    5  21024.6
 15CW  19-Oct-24 16:06 0046  UA4FCO         599  599  53                     3  21024.6
 15CW  19-Oct-24 16:06 0047  RV3ZN          599  599  41                     3  21024.6
 15CW  19-Oct-24 16:07 0048  UA6LCN         599  599  49                     3  21024.6
 15CW  19-Oct-24 16:07 0049  S59AA          599  599  39            S5       3  21024.6
 15CW  19-Oct-24 16:08 0050  UX7IW          599  599  4             UR       3  21024.6
 15CW  19-Oct-24 16:09 0051  9A1AA          599  599  44            9A       3  21024.6
 15CW  19-Oct-24 16:12 0052  W8FJ           599  599  73                     5  21024.4
 15CW  19-Oct-24 16:13 0053  W7VJ           599  599  18                     5  21024.4
 15CW  19-Oct-24 16:13 0054  R8TT           599  599  125           UA9      5  21024.4
 15CW  19-Oct-24 16:14 0055  N4IJ           599  599  22                     5  21024.4
 15CW  19-Oct-24 16:14 0056  UA6LCJ         599  599  54                     3  21024.4
 15CW  19-Oct-24 16:15 0057  UA3R           599  599  61                     3  21024.4
 15CW  19-Oct-24 16:16 0058  RX7T           599  599  28                     3  21024.4
 15CW  19-Oct-24 16:16 0059  WA3MD          599  599  6                      5  21024.4
 15CW  19-Oct-24 16:17 0060  R6RA           599  599  95                     3  21024.4
 15CW  19-Oct-24 16:17 0061  CT1ELZ         599  599  59            CT       3  21024.4
 15CW  19-Oct-24 16:18 0062  AA3S           599  599  10                     5  21024.4
 15CW  19-Oct-24 16:18 0063  NE5A           599  599  30                     5  21024.4
 15CW  19-Oct-24 16:20 0064  K1ZZ           599  599  163                    5  21024.4
 15CW  19-Oct-24 16:22 0065  VE3NZ          599  599  124           VE       5  21024.4
 15CW  19-Oct-24 16:22 0066  K3IE           599  599  69                     5  21024.4
 15CW  19-Oct-24 16:23 0067  UA6AA          599  599  19                     3  21024.4
 15CW  19-Oct-24 16:25 0068  AK1MD          599  599  71                     5  21024.4
 15CW  19-Oct-24 16:26 0069  E7CW           599  599  58            E7       3  21024.4
 15CW  19-Oct-24 16:27 0070  KA8JBK         599  599  10                     5  21024.4
 15CW  19-Oct-24 16:29 0071  R8WX           599  599  110                    5  21024.4
 15CW  19-Oct-24 16:30 0072  RA7C           599  599  39                     3  21024.4
 15CW  19-Oct-24 16:31 0073  KM5G           599  599  123                    5  21024.4
 15CW  19-Oct-24 16:31 0074  WA3AER         599  599  91                     5  21024.4
 15CW  19-Oct-24 16:32 0075  OM7LW          599  599  78            OM       3  21024.4
 15CW  19-Oct-24 16:33 0076  KL7SB          599  599  54            KL       5  21024.4
 15CW  19-Oct-24 16:34 0077  YL7X           599  599  114           YL       3  21024.4
 15CW  19-Oct-24 16:35 0078  UA6HFI         599  599  30                     3  21024.4
 15CW  19-Oct-24 16:36 0079  N1WR           599  599  33                     5  21024.4
 15CW  19-Oct-24 16:38 0080  KY4GS          599  599  28                     5  21024.4
 15CW  19-Oct-24 16:38 0081  TF3VS          599  599  30            TF       3  21024.4
 15CW  19-Oct-24 16:39 0082  LY9A           599  599  81            LY       3  21024.4
 15CW  19-Oct-24 16:40 0083  VE3NNT         599  599  170                    5  21024.4
 15CW  19-Oct-24 16:41 0084  AC5XK          599  599  87                     5  21024.4
 15CW  19-Oct-24 16:41 0085  RT4M           599  599  142                    3  21024.4
 15CW  19-Oct-24 16:42 0086  AA3B           599  599  221                    5  21024.4
 15CW  19-Oct-24 16:42 0087  PA6F           599  599  22            PA       3  21024.4
 15CW  19-Oct-24 16:43 0088  UA7G           599  599  52                     3  21024.4
 15CW  19-Oct-24 16:43 0089  VE9AA          599  599  52                     5  21024.4
 15CW  19-Oct-24 16:44 0090  HG6O           599  599  82            HA       3  21024.4
 15CW  19-Oct-24 16:45 0091  KQ4UJG         599  599  19                     5  21024.4
 15CW  19-Oct-24 16:46 0092  PC4E           599  599  9                      3  21024.4
 15CW  19-Oct-24 16:46 0093  LZ5R           599  599  60            LZ       3  21024.4
 15CW  19-Oct-24 16:47 0094  N5RZ           599  599  68                     5  21024.4
 15CW  19-Oct-24 16:47 0095  KK0U           599  599  54                     5  21024.4
 15CW  19-Oct-24 16:48 0096  CQ9A           599  599  330           CT3      5  21024.4
 15CW  19-Oct-24 16:50 0097  N8II           599  599  128                    5  21024.4
 15CW  19-Oct-24 16:51 0098  UC7A           599  599  101                    3  21024.4
 15CW  19-Oct-24 16:52 0099  N8UM           599  599  88                     5  21024.4
 15CW  19-Oct-24 16:53 0100  W4EE           599  599  71                     5  21024.4
 15CW  19-Oct-24 16:53 0101  R6AF           599  599  142                    3  21024.4
 15CW  19-Oct-24 16:55 0102  VE7ZO          599  599  61                     5  21024.4
 15CW  19-Oct-24 16:55 0103  EA4XT          599  599  22                     3  21024.4
 15CW  19-Oct-24 16:56 0104  WM9C           599  599  123                    5  21024.4
 15CW  19-Oct-24 16:57 0105  K1VUT          599  599  75                     5  21024.4
 15CW  19-Oct-24 16:58 0106  5B/OH5LLR      599  599  9             5B       5  21024.4
 15CW  19-Oct-24 17:00 0107  YU5R           599  599  256           YU       3  21025.0
 15CW  19-Oct-24 17:02 0108  N4YDU          599  599  321                    5  21007.6
 10CW  19-Oct-24 17:03 0109  DL6ED          599  599  R15                    2  28009.4
 10CW  19-Oct-24 17:03 0110  NM4AA          599  599  126                    5  28017.0
 10CW  19-Oct-24 17:05 0111  DL0GL          599  599  L03                    2  28027.4
 10CW  19-Oct-24 17:06 0112  K3IE           599  599  122                    5  28037.1
 10CW  19-Oct-24 17:07 0113  KA8JBK         599  599  37                     5  28041.8
 10CW  19-Oct-24 17:09 0114  LU7HF          599  599  000           LU       5  28005.0
 10CW  19-Oct-24 17:10 0115  K0EA           599  599  85                     5  28006.5
 10CW  19-Oct-24 17:10 0116  DA2X           599  599  S01                    2  28011.7
 10CW  19-Oct-24 17:11 0117  PY3TD          599  599  46                     5  28012.4
 10CW  19-Oct-24 17:14 0118  DK5KK          599  599  L05                    2  28028.7
 10CW  19-Oct-24 17:14 0119  VE3NNT         599  599  215           VE       5  28032.5
 10CW  19-Oct-24 17:16 0120  PX0FF          599  599  000           PY0F     5  28045.5
 20CW  19-Oct-24 17:17 0121  UN5G           599  599  91            UN       5  14044.5
 20CW  19-Oct-24 17:18 0122  CT7/PF5X       599  599  135           CT       3  14040.7
 20CW  19-Oct-24 17:18 0123  E7CW           599  599  119           E7       3  14039.4
 20CW  19-Oct-24 17:19 0124  DR7W           599  599  O47           DL       2  14037.2
 20CW  19-Oct-24 17:27 0125  HS0ZFV         599  599  199           HS       5  14036.0
 20CW  19-Oct-24 17:28 0126  LZ7CC          599  599  64            LZ       3  14033.8
 20CW  19-Oct-24 17:30 0127  R3EG           599  599  152           UA       3  14032.4
 20CW  19-Oct-24 17:34 0128  OG3B           599  599  99            OH       3  14009.3
 20CW  19-Oct-24 17:34 0129  9A1AA          599  599  91            9A       3  14009.3
 20CW  19-Oct-24 17:35 0130  OG7F           599  599  52                     3  14009.3
 20CW  19-Oct-24 17:36 0131  R3CW           599  599  17                     3  14009.3
 20CW  19-Oct-24 17:36 0132  LZ5EE          599  599  113                    3  14009.3
 20CW  19-Oct-24 17:37 0133  SM2M           599  599  147           SM       3  14009.3
 20CW  19-Oct-24 17:37 0134  9A3YT          599  599  99                     3  14009.3
 20CW  19-Oct-24 17:38 0135  RA6L           599  599  50                     3  14009.3
 20CW  19-Oct-24 17:38 0136  UA6LCN         599  599  122                    3  14009.3
 20CW  19-Oct-24 17:39 0137  K1ZZ           599  599  274           K        5  14009.3
 20CW  19-Oct-24 17:39 0138  RX3AEX         599  599  70                     3  14009.3
 20CW  19-Oct-24 17:40 0139  LZ2XA          599  599  127                    3  14009.3
 20CW  19-Oct-24 17:41 0140  VE9AA          599  599  16            VE       5  14009.3
 20CW  19-Oct-24 17:43 0141  RV3ZN          599  599  110                    3  14009.3
 20CW  19-Oct-24 17:43 0142  RU1AC          599  599  215                    3  14009.3
 20CW  19-Oct-24 17:44 0143  YO2IS          599  599  45            YO       3  14009.3
 20CW  19-Oct-24 17:44 0144  LZ3YY          599  599  49                     3  14009.3
 20CW  19-Oct-24 17:45 0145  EU8U           599  599  154           EU       3  14009.3
 20CW  19-Oct-24 17:45 0146  UA3R           599  599  113                    3  14009.3
 20CW  19-Oct-24 17:46 0147  UZ7E           599  599  70            UR       3  14009.3
 20CW  19-Oct-24 17:46 0148  UR4CU          599  599  51                     3  14009.3
 20CW  19-Oct-24 17:47 0149  R5FQ           599  599  54                     3  14009.3
 20CW  19-Oct-24 17:47 0150  UA6LCN         599  599  133                    0  14009.3
 20CW  19-Oct-24 17:47 0151  IU0TID         599  599  15            I        3  14009.3
 20CW  19-Oct-24 17:48 0152  RL5A           599  599  27                     3  14009.3
 20CW  19-Oct-24 17:48 0153  UA5R           599  599  141                    3  14009.3
 20CW  19-Oct-24 17:49 0154  R6AF           599  599  207                    3  14009.3
 20CW  19-Oct-24 17:49 0155  UA6GO          599  599  123                    3  14009.3
 20CW  19-Oct-24 17:49 0156  SN7Q           599  599  29            SP       3  14009.3
 20CW  19-Oct-24 17:51 0157  UR4LIN         599  599  41                     3  14009.3
 20CW  19-Oct-24 17:52 0158  ES2MC          599  599  102           ES       3  14009.3
 20CW  19-Oct-24 17:52 0159  EA1X           599  599  215           EA       3  14009.3
 20CW  19-Oct-24 17:53 0160  RT4M           599  599  229                    3  14009.3
 20CW  19-Oct-24 17:54 0161  RK3AW          599  599  254                    3  14009.3
 20CW  19-Oct-24 17:55 0162  E74O           599  599  9                      3  14009.3
 20CW  19-Oct-24 17:56 0163  FY5KE          599  599  346           FY       5  14019.4
 20CW  19-Oct-24 17:57 0164  SV1ENG         599  599  150           SV       3  14020.2
 20CW  19-Oct-24 17:57 0165  OH2KW          599  599  138                    3  14020.5
 20CW  19-Oct-24 17:58 0166  UW2U           599  599  8                      3  14022.1
 20CW  19-Oct-24 18:00 0167  UA4FCO         599  599  120                    3  14028.4
 20CW  19-Oct-24 18:01 0168  RK3P           599  599  114                    3  14028.4
 20CW  19-Oct-24 18:03 0169  YO8COR         599  599  14                     3  14028.4
 20CW  19-Oct-24 18:03 0170  HA8EN          599  599  48            HA       3  14028.4
 20CW  19-Oct-24 18:04 0171  R8TT           599  599  261           UA9      5  14028.4
 20CW  19-Oct-24 18:04 0172  LZ2MP          599  599  97                     3  14028.4
 20CW  19-Oct-24 18:05 0173  UA6LCJ         599  599  118                    3  14028.4
 20CW  19-Oct-24 18:07 0174  R6KEE          599  599  10                     3  14028.4
 20CW  19-Oct-24 18:09 0175  UC4P           599  599  53                     3  14028.4
 20CW  19-Oct-24 18:11 0176  S51DX          599  599  127           S5       3  14018.3
 20CW  19-Oct-24 18:11 0177  LZ5R           599  599  153                    3  14016.3
 40CW  19-Oct-24 18:14 0178  DF8AE          599  599  N01           DL       2   7001.0
 40CW  19-Oct-24 18:14 0179  DJ2XY          599  599  E33                    2   7002.0
 40CW  19-Oct-24 18:16 0180  DF7IS          599  599  K26                    2   7004.0
 40CW  19-Oct-24 18:17 0181  DL2VK          599  599  U07                    2   7005.2
 40CW  19-Oct-24 18:18 0182  DL2RTJ         599  599  X36                    2   7005.7
 40CW  19-Oct-24 18:19 0183  DF4UM          599  599  P07                    2   7007.8
 40CW  19-Oct-24 18:20 0184  DM2DZM         599  599  NM                     2   7008.6
 40CW  19-Oct-24 18:20 0185  DL6RDE         599  599  Z64                    2   7009.6
 40CW  19-Oct-24 18:22 0186  DF7A           599  599  X28                    2   7013.5
 40CW  19-Oct-24 18:23 0187  DP7D           599  599  L05                    2   7015.0
 40CW  19-Oct-24 18:24 0188  DF1HF          599  599  E21                    2   7017.1
 40CW  19-Oct-24 18:25 0189  DA0BCC         599  599  BCC                    2   7020.2
 40CW  19-Oct-24 18:27 0190  DF7CP          599  599  V19                    2   7022.5
 40CW  19-Oct-24 18:27 0191  E77DX          599  599  93            E7       3   7023.1
 40CW  19-Oct-24 18:28 0192  EI5KF          599  599  126           EI       3   7024.1
 40CW  19-Oct-24 18:29 0193  S59A           599  599  1             S5       3   7024.8
 40CW  19-Oct-24 18:30 0194  DR7Q           599  599  X17                    2   7025.0
 40CW  19-Oct-24 18:30 0195  DA2K           599  599  C37                    2   7025.7
 40CW  19-Oct-24 18:31 0196  G4ERW          599  599  15            G        3   7026.3
 40CW  19-Oct-24 18:31 0197  F8EFU          599  599  11            F        3   7027.0
 40CW  19-Oct-24 18:32 0198  DQ5M           599  599  C25                    2   7029.7
 40CW  19-Oct-24 18:33 0199  DK7ZT          599  599  F15                    2   7030.8
 40CW  19-Oct-24 18:34 0200  DD5M           599  599  C01                    2   7037.2
 40CW  19-Oct-24 18:35 0201  DJ3CQ          599  599  C06                    2   7030.3
 40CW  19-Oct-24 18:35 0202  DF6RI          599  599  U15                    2   7030.3
 40CW  19-Oct-24 18:36 0203  OK1KKI         599  599  116           OK       3   7030.3
 40CW  19-Oct-24 18:37 0204  DJ9MH          599  599  B10                    2   7030.3
 40CW  19-Oct-24 18:37 0205  LY2MM          599  599  104           LY       3   7030.3
 40CW  19-Oct-24 18:38 0206  SN7J           599  599  93            SP       3   7030.3
 40CW  19-Oct-24 18:38 0207  YL7A           599  599  152           YL       3   7030.3
 40CW  19-Oct-24 18:39 0208  OK1VK          599  599  62                     3   7030.3
 40CW  19-Oct-24 18:39 0209  UA6AK          599  599  84            UA       3   7030.3
 40CW  19-Oct-24 18:40 0210  HA4FY          599  599  86            HA       3   7030.3
 40CW  19-Oct-24 18:40 0211  SP3CW          599  599  97                     3   7030.3
 40CW  19-Oct-24 18:41 0212  UR4CU          599  599  79            UR       3   7030.3
 40CW  19-Oct-24 18:41 0213  DL9ZP          599  599  V14                    2   7030.3
 40CW  19-Oct-24 18:42 0214  HA2KMR         599  599  241                    3   7030.3
 40CW  19-Oct-24 18:42 0215  RU1AC          599  599  276                    3   7030.3
 40CW  19-Oct-24 18:42 0216  OK7T           599  599  39                     3   7030.3
 40CW  19-Oct-24 18:42 0217  S57X           599  599  45                     3   7030.3
 40CW  19-Oct-24 18:43 0218  UA5R           599  599  181                    3   7030.3
 40CW  19-Oct-24 18:44 0219  EA5ITT         599  599  143           EA       3   7030.3
 40CW  19-Oct-24 18:44 0220  IV3DRP         599  599  36            I        3   7030.3
 40CW  19-Oct-24 18:45 0221  E7CW           599  599  234                    3   7030.3
 40CW  19-Oct-24 18:46 0222  DL7VRG         599  599  D21                    2   7030.3
 40CW  19-Oct-24 18:46 0223  SP4TKR         599  599  112                    3   7030.3
 40CW  19-Oct-24 18:46 0224  OM3YCA         599  599  32            OM       3   7030.3
 40CW  19-Oct-24 18:47 0225  SP1AEN         599  599  134                    3   7030.3
 40CW  19-Oct-24 18:48 0226  SV1BJW/6       599  599  183           SV       3   7030.3
 40CW  19-Oct-24 18:48 0227  LY9A           599  599  243                    3   7030.3
 40CW  19-Oct-24 18:49 0228  SP2DKI         599  599  47                     3   7030.3
 40CW  19-Oct-24 18:49 0229  UW7X           599  599  190                    3   7030.3
 40CW  19-Oct-24 18:50 0230  LZ5EE          599  599  187           LZ       3   7030.3
 40CW  19-Oct-24 18:51 0231  RT4M           599  599  303                    3   7030.3
 40CW  19-Oct-24 18:51 0232  F8DFP          599  599  41                     3   7030.3
 40CW  19-Oct-24 18:52 0233  DK3IP          599  599  S07                    2   7030.3
 40CW  19-Oct-24 18:52 0234  ON4CAS         599  599  131           ON       3   7030.3
 40CW  19-Oct-24 18:52 0235  DK7SM          599  599  T08                    2   7030.3
 40CW  19-Oct-24 18:53 0236  HA7MF          599  599  118                    3   7030.3
 40CW  19-Oct-24 18:55 0237  OK1DVA         599  599  69                     3   7030.3
 40CW  19-Oct-24 18:55 0238  DL1GZW         599  599  S57                    2   7030.3
 40CW  19-Oct-24 18:56 0239  OK2MBP         599  599  79                     3   7030.3
 40CW  19-Oct-24 18:57 0240  R8MX           599  599  202           UA9      5   7030.3
 40CW  19-Oct-24 18:57 0241  OG3B           599  599  160           OH       3   7030.3
 40CW  19-Oct-24 18:58 0242  IK2GWH         599  599  95                     3   7030.3
 40CW  19-Oct-24 18:58 0243  PC4E           599  599  37            PA       3   7030.3
 40CW  19-Oct-24 18:58 0244  IW2FUT         599  599  50                     3   7030.3
 40CW  19-Oct-24 18:59 0245  SP2QG          599  599  154                    3   7030.3
 40CW  19-Oct-24 18:59 0246  OK2BRJ         599  599  161                    3   7030.3
 40CW  19-Oct-24 19:00 0247  RA3FD          599  599  67                     3   7030.3
 40CW  19-Oct-24 19:00 0248  HA1VQ          599  599  122                    3   7030.3
 40CW  19-Oct-24 19:01 0249  9A3VM          599  599  207           9A       3   7030.3
 40CW  19-Oct-24 19:01 0250  DQ9L           599  599  K06                    2   7030.3
 40CW  19-Oct-24 19:01 0251  SM6FPC         599  599  103           SM       3   7030.3
 40CW  19-Oct-24 19:02 0252  DK9PY          599  599  K04                    2   7030.3
 40CW  19-Oct-24 19:03 0253  OK6OK          599  599  79                     3   7030.3
 40CW  19-Oct-24 19:03 0254  UZ1P           599  599  66                     3   7030.3
 40CW  19-Oct-24 19:04 0255  UA4FCO         599  599  167                    3   7030.3
 40CW  19-Oct-24 19:04 0256  UA6LCN         599  599  213                    3   7030.3
 40CW  19-Oct-24 19:04 0257  UC7A           599  599  209                    3   7030.3
 40CW  19-Oct-24 19:05 0258  SP4TKR         599  599  130                    0   7030.3
 40CW  19-Oct-24 19:06 0259  LZ8R           599  599  211                    3   7030.3
 40CW  19-Oct-24 19:06 0260  UR7R           599  599  127                    3   7030.3
 40CW  19-Oct-24 19:06 0261  R5FQ           599  599  83                     3   7030.3
 40CW  19-Oct-24 19:07 0262  EA1G           599  599  159                    3   7030.3
 40CW  19-Oct-24 19:07 0263  MM2T           599  599  67            GM       3   7030.3
 40CW  19-Oct-24 19:08 0264  UI8C           599  599  50                     5   7030.3
 40CW  19-Oct-24 19:08 0265  OM3CPF         599  599  42                     3   7030.3
 40CW  19-Oct-24 19:09 0266  R3EG           599  599  216                    3   7030.3
 40CW  19-Oct-24 19:09 0267  9A9O           599  599  81                     3   7030.3
 40CW  19-Oct-24 19:09 0268  SQ9TX          599  599  18                     3   7030.3
 40CW  19-Oct-24 19:10 0269  SP2MKI         599  599  107                    3   7030.3
 40CW  19-Oct-24 19:11 0270  OL8R           599  599  29                     3   7030.3
 40CW  19-Oct-24 19:11 0271  IU8RQW         599  599  133                    3   7030.3
 40CW  19-Oct-24 19:12 0272  DF5EN          599  599  P51                    2   7030.3
 40CW  19-Oct-24 19:13 0273  SP6MI          599  599  53                     3   7030.3
 40CW  19-Oct-24 19:13 0274  HA8TP          599  599  105                    3   7030.3
 40CW  19-Oct-24 19:14 0275  IV3EAD         599  599  56                     3   7030.3
 40CW  19-Oct-24 19:14 0276  UT3EV          599  599  245                    3   7030.3
 40CW  19-Oct-24 19:15 0277  SP3CYY         599  599  75                     3   7030.3
 40CW  19-Oct-24 19:15 0278  LZ1QN          599  599  148                    3   7030.3
 40CW  19-Oct-24 19:15 0279  RM4F           599  599  291                    3   7030.3
 40CW  19-Oct-24 19:16 0280  UA6LCN         599  599  225                    0   7030.3
 40CW  19-Oct-24 19:16 0281  YR8BA          599  599  25            YO       3   7030.3
 40CW  19-Oct-24 19:17 0282  R8TT           599  599  327                    5   7030.3
 40CW  19-Oct-24 19:17 0283  SN5J           599  599  147                    3   7030.3
 40CW  19-Oct-24 19:18 0284  2E0CVN         599  599  64                     3   7030.3
 40CW  19-Oct-24 19:18 0285  SP6MQO         599  599  37                     3   7030.3
 40CW  19-Oct-24 19:19 0286  S54A           599  599  43                     3   7030.3
 40CW  19-Oct-24 19:20 0287  F6AUS          599  599  74                     3   7030.3
 40CW  19-Oct-24 19:21 0288  PA2A           599  599  109                    3   7030.3
 40CW  19-Oct-24 19:22 0289  F6HDI          599  599  43                     3   7030.3
 40CW  19-Oct-24 19:22 0290  IK1RQQ         599  599  45                     3   7030.3
 40CW  19-Oct-24 19:23 0291  OM5MX          599  599  75                     3   7030.3
 40CW  19-Oct-24 19:23 0292  OM6MW          599  599  25                     3   7030.3
 40CW  19-Oct-24 19:24 0293  RN3BL          599  599  186                    3   7030.3
 40CW  19-Oct-24 19:24 0294  SM5CSS         599  599  49                     3   7030.3
 40CW  19-Oct-24 19:24 0295  OK5M           599  599  73                     3   7030.3
 40CW  19-Oct-24 19:25 0296  OM3ZU          599  599  11                     3   7030.3
 40CW  19-Oct-24 19:25 0297  9A3DML         599  599  50                     3   7030.3
 40CW  19-Oct-24 19:26 0298  OE1TKW         599  599  29            OE       3   7030.3
 40CW  19-Oct-24 19:26 0299  EW8DX          599  599  211           EU       3   7030.3
 40CW  19-Oct-24 19:26 0300  YU7EE          599  599  28            YU       3   7030.3
 40CW  19-Oct-24 19:27 0301  OM7LW          599  599  247                    3   7030.3
 40CW  19-Oct-24 19:27 0302  SM5DXR         599  599  14                     3   7030.3
 40CW  19-Oct-24 19:28 0303  RA1TU          599  599  82                     3   7030.3
 40CW  19-Oct-24 19:29 0304  YO8DOH         599  599  119                    3   7030.3
 40CW  19-Oct-24 19:30 0305  G4RWD          599  599  33                     3   7030.3
 40CW  19-Oct-24 19:30 0306  HA1AH          599  599  73                     3   7030.3
 40CW  19-Oct-24 19:31 0307  SN7Q           599  599  93                     3   7030.3
 80CW  19-Oct-24 19:46 0308  DL9JSO         599  599  Y09           DL       2   3531.2
 80CW  19-Oct-24 19:47 0309  SP2QG          599  599  185           SP       3   3533.5
 80CW  19-Oct-24 19:47 0310  DM8T           599  599  T19                    2   3534.0
 80CW  19-Oct-24 19:48 0311  DL8QS          599  599  NM                     2   3537.1
 80CW  19-Oct-24 19:49 0312  F6HJO          599  599  168           F        3   3538.6
 80CW  19-Oct-24 19:49 0313  9A1AA          599  599  196           9A       3   3539.7
 80CW  19-Oct-24 19:51 0314  ON5WL          599  599  59            ON       3   3529.5
 80CW  19-Oct-24 19:51 0315  DK1WI          599  599  O16                    2   3529.0
 80CW  19-Oct-24 19:52 0316  PA3GDD         599  599  57            PA       3   3528.0
 80CW  19-Oct-24 19:52 0317  DL5YM          599  599  Y21                    2   3527.5
 80CW  19-Oct-24 19:53 0318  DL1BUG         599  599  Y15                    2   3526.2
 80CW  19-Oct-24 19:54 0319  DL7DZ          599  599  NM                     2   3524.4
 80CW  19-Oct-24 19:56 0320  RK3DK          599  599  143           UA       3   3524.1
 80CW  19-Oct-24 19:56 0321  DJ4MX          599  599  C26                    2   3523.2
 80CW  19-Oct-24 19:57 0322  DL3RHN         599  599  V22                    2   3521.4
 80CW  19-Oct-24 19:59 0323  DM6WAN         599  599  S54                    2   3517.1
 80CW  19-Oct-24 19:59 0324  DL6AG          599  599  S44                    2   3516.5
 80CW  19-Oct-24 20:00 0325  DL8UIL         599  599  Y24                    2   3515.9
 80CW  19-Oct-24 20:01 0326  DL1JDQ         599  599  S50                    2   3514.1
 80CW  19-Oct-24 20:03 0327  DP7D           599  599  L05                    2   3512.0
 80CW  19-Oct-24 20:04 0328  MM2T           599  599  152           GM       3   3511.6
 80CW  19-Oct-24 20:05 0329  DR5K           599  599  X42                    2   3511.1
 80CW  19-Oct-24 20:06 0330  OG3B           599  599  214           OH       3   3509.8
 80CW  19-Oct-24 20:07 0331  EW8DX          599  599  245           EU       3   3531.2
 80CW  19-Oct-24 20:07 0332  OK1AY          599  599  130           OK       3   3531.2
 80CW  19-Oct-24 20:08 0333  ES2MC          599  599  221           ES       3   3531.2
 80CW  19-Oct-24 20:09 0334  RU1AC          599  599  368                    3   3531.2
 80CW  19-Oct-24 20:09 0335  SQ9TX          599  599  52                     3   3531.2
 80CW  19-Oct-24 20:09 0336  IW2FUT         599  599  84            I        3   3531.2
 80CW  19-Oct-24 20:10 0337  EI5KF          599  599  220           EI       3   3531.2
 80CW  19-Oct-24 20:11 0338  I2IFT          599  599  87                     3   3531.2
 80CW  19-Oct-24 20:11 0339  DA0BCC         599  599  BCC                    2   3531.2
 80CW  19-Oct-24 20:12 0340  SP3CW          599  599  174                    3   3531.2
 80CW  19-Oct-24 20:12 0341  OM5MX          599  599  99            OM       3   3531.2
 80CW  19-Oct-24 20:12 0342  SM5CSS         599  599  71            SM       3   3531.2
 80CW  19-Oct-24 20:13 0343  ON4CAS         599  599  183                    3   3531.2
 80CW  19-Oct-24 20:13 0344  PA0RDT         599  599  110                    3   3531.2
 80CW  19-Oct-24 20:14 0345  DL6CQ          599  599  L16                    2   3531.2
 80CW  19-Oct-24 20:14 0346  LZ5EE          599  599  254           LZ       3   3531.2
 80CW  19-Oct-24 20:14 0347  F6HDI          599  599  87                     3   3531.2
 80CW  19-Oct-24 20:15 0348  DL5XL          599  599  E20                    2   3531.2
 80CW  19-Oct-24 20:15 0349  S57X           599  599  72            S5       3   3531.2
 80CW  19-Oct-24 20:15 0350  OK2BFN         599  599  93                     3   3531.2
 80CW  19-Oct-24 20:16 0351  M0TDW          599  599  163           G        3   3531.2
 80CW  19-Oct-24 20:17 0352  IZ3GNG         599  599  33                     3   3531.2
 80CW  19-Oct-24 20:18 0353  E7CW           599  599  331           E7       3   3532.8
 80CW  19-Oct-24 20:19 0354  DK4CU          599  599  O12                    2   3531.2
 80CW  19-Oct-24 20:19 0355  SN7J           599  599  171                    3   3531.2
 80CW  19-Oct-24 20:20 0356  OK7T           599  599  108                    3   3531.2
 80CW  19-Oct-24 20:21 0357  DL0WH          599  599  A20                    2   3531.2
 80CW  19-Oct-24 20:21 0358  DL3IAE         599  599  K14                    2   3531.2
 80CW  19-Oct-24 20:22 0359  HA2KMR         599  599  309           HA       3   3531.2
 80CW  19-Oct-24 20:22 0360  F8EFU          599  599  49                     3   3531.2
 80CW  19-Oct-24 20:23 0361  EU8U           599  599  326                    3   3531.2
 80CW  19-Oct-24 20:25 0362  LY6O           599  599  181           LY       3   3528.1
 80CW  19-Oct-24 20:27 0363  OZ1AAR         599  599  56            OZ       3   3529.6
 80CW  19-Oct-24 20:30 0364  LZ8R           599  599  327                    3   3533.5
 80CW  19-Oct-24 20:31 0365  DJ5CW          599  599  S07                    2   3533.5
 80CW  19-Oct-24 20:31 0366  LY2MM          599  599  186                    3   3533.5
 80CW  19-Oct-24 20:32 0367  PA2W           599  599  33                     3   3533.5
 80CW  19-Oct-24 20:32 0368  PA5WT          599  599  33                     3   3533.5
 80CW  19-Oct-24 20:33 0369  UW7X           599  599  282           UR       3   3533.5
 80CW  19-Oct-24 20:34 0370  OK1DOL         599  599  345                    3   3533.5
 80CW  19-Oct-24 20:34 0371  SQ6X           599  599  44                     3   3533.5
 80CW  19-Oct-24 20:35 0372  OK7O           599  599  102                    3   3533.5
 80CW  19-Oct-24 20:35 0373  OK2ON          599  599  11                     3   3533.5
 80CW  19-Oct-24 20:37 0374  DL0MUR         599  599  A50                    2   3533.5
 80CW  19-Oct-24 20:38 0375  IV3EAD         599  599  104                    3   3533.5
 80CW  19-Oct-24 20:38 0376  YL7A           599  599  267           YL       3   3533.5
 80CW  19-Oct-24 20:39 0377  G5C            599  599  71                     3   3533.5
 80CW  19-Oct-24 20:39 0378  SO5N           599  599  86                     3   3533.5
 80CW  19-Oct-24 20:42 0379  YU5R           599  599  565           YU       3   3538.5
 80CW  19-Oct-24 20:43 0380  LZ3ZZ          599  599  167                    3   3529.6
 20CW  19-Oct-24 20:46 0381  DK5DQ          599  599  O32                    2  14019.3
 40CW  19-Oct-24 20:47 0382  DL5WW          599  599  V22                    2   7009.7
 40CW  19-Oct-24 20:48 0383  DL7JV          599  599  D08                    2   7008.0
 40CW  19-Oct-24 20:48 0384  DL2LRT         599  599  S36                    2   7012.5
 40CW  19-Oct-24 20:49 0385  DL5YM          599  599  Y21                    2   7017.1
 40CW  19-Oct-24 20:50 0386  DL7YS          599  599  D06                    2   7019.5
 40CW  19-Oct-24 20:53 0387  IZ8EYP         599  599  19                     3   7024.4
 40CW  19-Oct-24 20:53 0388  LZ7DX          599  599  65                     3   7026.0
 40CW  19-Oct-24 20:54 0389  DR5W           599  599  Y34                    2   7027.0
 40CW  19-Oct-24 20:54 0390  DM7M           599  599  S48                    2   7026.4
 40CW  19-Oct-24 20:54 0391  CT7BJG         599  599  501           CT       3   7027.8
 40CW  19-Oct-24 20:55 0392  K1LZ           599  599  488           K        5   7028.8
 40CW  19-Oct-24 20:56 0393  IR9RDIO        599  599  000           IT9      3   7036.0
 40CW  19-Oct-24 20:58 0394  N4RV           599  599  699                    5   7032.1
 40CW  19-Oct-24 21:00 0395  DL3IAE         599  599  K14                    2   7032.1
 40CW  19-Oct-24 21:01 0396  DJ2IA          599  599  F43                    2   7032.1
 40CW  19-Oct-24 21:02 0397  K1ZZ           599  599  504                    5   7032.1
 40CW  19-Oct-24 21:06 0398  CT7/PF5X       599  599  173                    3   7029.4
 40CW  19-Oct-24 21:07 0399  S51DX          599  599  224                    3   7025.2
 40CW  19-Oct-24 21:09 0400  DF8V           599  599  Q05                    2   7021.9
 40CW  19-Oct-24 21:09 0401  E77EA          599  599  9                      3   7018.0
 80CW  19-Oct-24 21:12 0402  DL0GL          599  599  L03                    2   3545.2
 80CW  19-Oct-24 21:15 0403  DM4MN          599  599  R03                    2   3543.5
 80CW  19-Oct-24 21:15 0404  DK5DQ          599  599  O32                    2   3543.0
 80CW  19-Oct-24 21:19 0405  DL6WT          599  599  K04                    2   3555.2
 80CW  19-Oct-24 21:20 0406  DK4DS          599  599  O10                    2   3553.0
 80CW  19-Oct-24 21:21 0407  DF1PY          599  599  K01                    2   3553.6
 80CW  19-Oct-24 21:23 0408  OE3KAB         599  599  11            OE       3   3554.8
 80CW  19-Oct-24 21:23 0409  SN5J           599  599  235                    3   3554.8
 80CW  19-Oct-24 21:25 0410  DL4FN          599  599  F35                    2   3554.8
 80CW  19-Oct-24 21:25 0411  DP4VWCA        599  599  WWFF                   2   3554.8
 80CW  19-Oct-24 21:29 0412  DL5NO          599  599  C01                    2   3531.4
 80CW  19-Oct-24 21:31 0413  R8WX           599  599  318           UA9      5   3509.5
 80CW  19-Oct-24 21:34 0414  DK7HA          599  599  E02                    2   3507.6
 80CW  19-Oct-24 21:35 0415  DL1ASA         599  599  F02                    2   3507.3
 80CW  19-Oct-24 21:36 0416  R8TT           599  599  490                    5   3506.7
 80CW  19-Oct-24 21:39 0417  DK3IP          599  599  S07                    2   3515.4
 80CW  19-Oct-24 21:40 0418  SC6O           599  599  101                    3   3534.9
 40CW  19-Oct-24 21:44 0419  DM4MN          599  599  R03                    2   7018.5
 40CW  19-Oct-24 21:45 0420  AA3B           599  599  603                    5   7017.9
 40CW  19-Oct-24 21:45 0421  IV3AZV         599  599  2                      3   7017.0
 40CW  19-Oct-24 21:46 0422  EA3AR          599  599  470                    3   7015.0
 40CW  19-Oct-24 21:48 0423  CQ9A           599  599  869           CT3      5   7011.2
 40CW  19-Oct-24 21:49 0424  K3AJ           599  599  512                    5   7005.0
 40CW  19-Oct-24 21:50 0425  DM2A           599  599  Y24                    2   7020.2
 40CW  19-Oct-24 21:51 0426  N3QE           599  599  321                    5   7021.3
 40CW  19-Oct-24 21:51 0427  DL1VDL         599  599  S06                    2   7021.8
 40CW  19-Oct-24 21:52 0428  VQ5C           599  599  507           VP5      5   7022.6
 40CW  19-Oct-24 21:54 0429  SV8OVJ         599  599  187                    3   7026.2
 40CW  19-Oct-24 21:56 0430  FY5KE          599  599  651           FY       5   7036.3
 20CW  19-Oct-24 22:00 0431  DM2A           599  599  Y24                    2  14041.5
 10CW  20-Oct-24 07:55 0432  R6AF           599  599  779           UA       3  28023.5
 10CW  20-Oct-24 07:59 0433  HS0ZFV         599  599  593           HS       5  28022.0
 10CW  20-Oct-24 08:00 0434  N8LA           599  599  144                    5  28018.9
 10CW  20-Oct-24 08:00 0435  UA6AK          599  599  216                    3  28017.0
 10CW  20-Oct-24 08:01 0436  RC9A           599  599  369           UA9      5  28013.0
 10CW  20-Oct-24 08:02 0437  RA9AP          599  599  260                    5  28008.0
 10CW  20-Oct-24 08:06 0438  R4ACY          599  599  256                    3  28023.2
 10CW  20-Oct-24 08:08 0439  VU3GDS         599  599  29            VU       5  28024.0
 40CW  20-Oct-24 08:13 0440  PA2W           599  599  129                    3   7022.0
 40CW  20-Oct-24 08:14 0441  IK4DCX         599  599  67                     3   7025.6
 40CW  20-Oct-24 08:16 0442  SP8RX          599  599  55                     3   7030.6
 40CW  20-Oct-24 08:16 0443  F4HGU          599  599  13                     3   7030.6
 40CW  20-Oct-24 08:17 0444  HA1VQ          599  599  308                    0   7030.6
 40CW  20-Oct-24 08:17 0445  OK4RQ          599  599  228                    3   7030.6
 40CW  20-Oct-24 08:17 0446  DF7EE          599  599  F75                    2   7030.6
 40CW  20-Oct-24 08:18 0447  IZ3QCH         599  599  29                     3   7030.6
 40CW  20-Oct-24 08:18 0448  F6HJO          599  599  362                    3   7030.6
 40CW  20-Oct-24 08:19 0449  HA6KG          599  599  12                     3   7030.6
 40CW  20-Oct-24 08:19 0450  OK1TDX         599  599  30                     3   7030.6
 40CW  20-Oct-24 08:19 0451  F5PAL          599  599  114                    3   7030.6
 40CW  20-Oct-24 08:20 0452  DK2FG          599  599  N05                    2   7030.6
 40CW  20-Oct-24 08:21 0453  OK1DXX         599  599  63                     3   7030.6
 40CW  20-Oct-24 08:21 0454  M1X            599  599  100                    3   7030.6
 40CW  20-Oct-24 08:22 0455  OM3CDN         599  599  192                    3   7030.6
 40CW  20-Oct-24 08:23 0456  DB4REB         599  599  L12                    2   7030.6
 40CW  20-Oct-24 08:24 0457  DL2LQC         599  599  S38                    2   7030.6
 40CW  20-Oct-24 08:24 0458  DL2NBY         599  599  B26                    2   7030.6
 40CW  20-Oct-24 08:24 0459  S58D           599  599  117                    3   7030.6
 40CW  20-Oct-24 08:25 0460  DL4XU          599  599  E02                    2   7030.6
 40CW  20-Oct-24 08:25 0461  DL2AND         599  599  X41                    2   7030.6
 40CW  20-Oct-24 08:26 0462  DM2RN          599  599  NM                     2   7030.6
 40CW  20-Oct-24 08:26 0463  HB9DAX         599  599  40            HB       3   7030.6
 40CW  20-Oct-24 08:27 0464  DL2VRL         599  599  S27                    2   7030.6
 40CW  20-Oct-24 08:28 0465  DL1HAA         599  599  N22                    2   7030.6
 40CW  20-Oct-24 08:28 0466  DK9MAT         599  599  P14                    2   7030.6
 40CW  20-Oct-24 08:29 0467  DL1THB         599  599  V11                    2   7030.6
 40CW  20-Oct-24 08:30 0468  OL4W           599  599  137                    3   7030.6
 40CW  20-Oct-24 08:31 0469  PC7E           599  599  23                     3   7030.6
 40CW  20-Oct-24 08:31 0470  SM2M           599  599  553                    3   7030.6
 40CW  20-Oct-24 08:32 0471  F4HGU          599  599  25                     0   7030.6
 40CW  20-Oct-24 08:33 0472  NJ5M           599  599  45                     5   7030.6
 40CW  20-Oct-24 08:34 0473  DG0KS          599  599  V02                    2   7030.6
 40CW  20-Oct-24 08:34 0474  SE6K           599  599  27                     3   7030.6
 40CW  20-Oct-24 08:35 0475  ON4LEX         599  599  1                      3   7030.6
 40CW  20-Oct-24 08:36 0476  DL0FTL         599  599  S27                    2   7030.6
 40CW  20-Oct-24 08:38 0477  PC4Y           599  599  59                     3   7030.6
 40CW  20-Oct-24 08:38 0478  PC2F           599  599  78                     3   7030.6
 40CW  20-Oct-24 08:39 0479  OK2QA          599  599  43                     3   7030.6
 40CW  20-Oct-24 08:39 0480  IK2ULV         599  599  18                     3   7030.6
 40CW  20-Oct-24 08:39 0481  SO3O           599  599  118                    3   7030.6
 40CW  20-Oct-24 08:40 0482  HA7RY          599  599  160                    3   7030.6
 40CW  20-Oct-24 08:40 0483  E74O           599  599  64                     3   7030.6
 40CW  20-Oct-24 08:42 0484  HB9APJ         599  599  1                      3   7030.6
 40CW  20-Oct-24 08:43 0485  DL1AH          599  599  H02                    2   7030.6
 40CW  20-Oct-24 08:43 0486  S56C           599  599  102                    3   7030.6
 40CW  20-Oct-24 08:44 0487  DL7CB          599  599  E22                    2   7030.6
 40CW  20-Oct-24 08:45 0488  DK4RL          599  599  Z91                    2   7030.6
 40CW  20-Oct-24 08:45 0489  DL5ANE         599  599  X07                    2   7030.6
 40CW  20-Oct-24 08:46 0490  S56A           599  599  28                     3   7030.6
 40CW  20-Oct-24 08:48 0491  SE5T           599  599  73                     3   7030.6
 40CW  20-Oct-24 08:48 0492  SP9BCH         599  599  90                     3   7030.6
 40CW  20-Oct-24 08:49 0493  ON5QD          599  599  73                     3   7030.6
 40CW  20-Oct-24 08:49 0494  OM6TU          599  599  18                     3   7030.6
 20CW  20-Oct-24 08:59 0495  DL2NBY         599  599  B26                    2  14033.7
 20CW  20-Oct-24 09:00 0496  YT2ISM         599  599  299           YU       3  14031.1
 20CW  20-Oct-24 09:01 0497  LY4T           599  599  119           LY       3  14026.9
 20CW  20-Oct-24 09:04 0498  DF8V           599  599  Q05                    2  14024.2
 20CW  20-Oct-24 09:05 0499  SO3O           599  599  142                    3  14022.4
 20CW  20-Oct-24 09:07 0500  HA5BA          599  599  41                     3  14009.8
 20CW  20-Oct-24 09:08 0501  CT1DRB         599  599  245                    3  14009.8
 20CW  20-Oct-24 09:09 0502  SP8RX          599  599  66                     3  14009.8
 20CW  20-Oct-24 09:09 0503  OM5MX          599  599  224           OM       3  14009.8
 20CW  20-Oct-24 09:09 0504  R4DI           599  599  133                    3  14009.8
 20CW  20-Oct-24 09:10 0505  LY3CY          599  599  80                     3  14009.8
 20CW  20-Oct-24 09:10 0506  SN4K           599  599  191                    3  14009.8
 20CW  20-Oct-24 09:11 0507  LY2MM          599  599  299                    3  14009.8
 20CW  20-Oct-24 09:11 0508  SN7J           599  599  393                    3  14009.8
 20CW  20-Oct-24 09:11 0509  OK6OK          599  599  298           OK       3  14009.8
 20CW  20-Oct-24 09:12 0510  OE6JOZ         599  599  264           OE       3  14009.8
 20CW  20-Oct-24 09:13 0511  SP1AEN         599  599  411                    3  14009.8
 20CW  20-Oct-24 09:13 0512  RK3DK          599  599  408                    3  14009.8
 20CW  20-Oct-24 09:14 0513  F6HJO          599  599  392           F        3  14009.8
 20CW  20-Oct-24 09:14 0514  OL4W           599  599  169                    3  14009.8
 20CW  20-Oct-24 09:16 0515  YL1YF          599  599  366           YL       3  14015.0
 20CW  20-Oct-24 09:21 0516  HA7MF          599  599  292                    3  14024.7
 20CW  20-Oct-24 09:22 0517  HB9HTF         599  599  277           HB       3  14024.7
 20CW  20-Oct-24 09:22 0518  RU4LM          599  599  167                    3  14024.7
 20CW  20-Oct-24 09:23 0519  OM7LW          599  599  580                    3  14024.7
 20CW  20-Oct-24 09:23 0520  DL6UKL         599  599  Z86                    2  14024.7
 20CW  20-Oct-24 09:24 0521  UA6YH          599  599  211                    3  14024.7
 20CW  20-Oct-24 09:25 0522  OE5TXF         599  599  213                    3  14024.7
 20CW  20-Oct-24 09:26 0523  DL8UBR         599  599  Y33                    2  14024.7
 20CW  20-Oct-24 09:26 0524  IZ3QCH         599  599  53                     3  14024.7
 20CW  20-Oct-24 09:27 0525  IW2FUT         599  599  161                    3  14024.7
 20CW  20-Oct-24 09:27 0526  OM6MW          599  599  61                     3  14024.7
 20CW  20-Oct-24 09:28 0527  YO9HG          599  599  22                     3  14024.7
 20CW  20-Oct-24 09:29 0528  F4HGU          599  599  56                     3  14024.7
 20CW  20-Oct-24 09:30 0529  SP9JZT         599  599  101                    3  14024.7
 20CW  20-Oct-24 09:30 0530  ES3RF          599  599  72                     3  14024.7
 20CW  20-Oct-24 09:31 0531  OK4RQ          599  599  281                    3  14024.7
 20CW  20-Oct-24 09:31 0532  UA1ZZ          599  599  79                     3  14024.7
 20CW  20-Oct-24 09:32 0533  IW3ILM         599  599  53                     3  14024.7
 20CW  20-Oct-24 09:32 0534  OH8MBN         599  599  60                     3  14024.7
 20CW  20-Oct-24 09:33 0535  OM6TU          599  599  144                    3  14024.7
 20CW  20-Oct-24 09:34 0536  R4PBJ          599  599  136                    3  14024.7
 20CW  20-Oct-24 09:34 0537  R4ACY          599  599  313                    3  14024.7
 20CW  20-Oct-24 09:35 0538  LB1UK          599  599  46            LA       3  14024.7
 20CW  20-Oct-24 09:35 0539  UA4CBJ         599  599  193                    3  14024.7
 20CW  20-Oct-24 09:36 0540  EV6Z           599  599  106                    3  14024.7
 20CW  20-Oct-24 09:36 0541  K1LZ           599  599  905                    5  14024.7
 20CW  20-Oct-24 09:37 0542  IK3TCK         599  599  33                     3  14024.7
 20CW  20-Oct-24 09:37 0543  RW4C           599  599  149                    3  14024.7
 20CW  20-Oct-24 09:38 0544  IZ2BVC         599  599  534                    3  14024.7
 20CW  20-Oct-24 09:39 0545  ON4CAS         599  599  404           ON       3  14024.7
 20CW  20-Oct-24 09:39 0546  PA3AAV         599  599  374           PA       3  14024.7
 20CW  20-Oct-24 09:39 0547  S57X           599  599  217                    3  14024.7
 20CW  20-Oct-24 09:40 0548  OM3CDN         599  599  217                    3  14024.7
 20CW  20-Oct-24 09:40 0549  F5JU           599  599  116                    3  14024.7
 20CW  20-Oct-24 09:41 0550  R3OM           599  599  299                    3  14024.7
 20CW  20-Oct-24 09:42 0551  UT3UZ          599  599  126                    3  14024.7
 20CW  20-Oct-24 09:43 0552  EI6GAK         599  599  111           EI       3  14024.7
 20CW  20-Oct-24 09:44 0553  OK2EQ          599  599  76                     3  14024.7
 20CW  20-Oct-24 09:45 0554  SP7P           599  599  20                     3  14024.7
 20CW  20-Oct-24 09:45 0555  DJ4GJ          599  599  G26                    2  14024.7
 20CW  20-Oct-24 09:46 0556  DL7UP          599  599  C01                    2  14024.7
 20CW  20-Oct-24 09:47 0557  SP7M           599  599  108                    3  14024.7
 20CW  20-Oct-24 09:48 0558  DL9ABM         599  599  H07                    2  14024.7
 20CW  20-Oct-24 09:48 0559  SC6O           599  599  215                    3  14024.7
 20CW  20-Oct-24 09:49 0560  UA6HFI         599  599  110                    3  14024.7
 20CW  20-Oct-24 09:50 0561  EA5OH          599  599  131                    3  14024.7
 20CW  20-Oct-24 09:51 0562  UA1F           599  599  113                    3  14024.7
 20CW  20-Oct-24 09:52 0563  DL6UD          599  599  Y28                    2  14024.7
 20CW  20-Oct-24 09:52 0564  OK2QA          599  599  70                     3  14024.7
 20CW  20-Oct-24 09:54 0565  LY1M           599  599  244                    3  14024.7
 20CW  20-Oct-24 09:54 0566  OK1RR          599  599  301                    3  14024.7
 20CW  20-Oct-24 09:54 0567  RA9AP          599  599  407                    5  14024.7
 20CW  20-Oct-24 09:55 0568  IU0TID         599  599  57                     0  14024.7
 20CW  20-Oct-24 09:55 0569  HA8TP          599  599  201                    3  14024.7
 20CW  20-Oct-24 09:55 0570  OH1TS          599  599  19                     3  14024.7
 20CW  20-Oct-24 09:56 0571  IQ2CJ          599  599  66                     3  14024.7
 20CW  20-Oct-24 09:56 0572  SN9A           599  599  122                    3  14024.7
 20CW  20-Oct-24 09:57 0573  OK1TDX         599  599  45                     3  14024.7
 20CW  20-Oct-24 09:57 0574  IK3OBX         599  599  55                     3  14024.7
 20CW  20-Oct-24 09:58 0575  N0YY           599  599  10                     5  14024.7
 20CW  20-Oct-24 09:59 0576  OK2MBP         599  599  473                    3  14024.7
 20CW  20-Oct-24 10:01 0577  DK3DUA         599  599  S07                    2  14024.7
 20CW  20-Oct-24 10:02 0578  SP2QG          599  599  567                    3  14024.7
 20CW  20-Oct-24 10:02 0579  SD1A           599  599  25                     3  14024.7
 20CW  20-Oct-24 10:03 0580  SN5J           599  599  547                    3  14024.7
 20CW  20-Oct-24 10:03 0581  LZ2PS          599  599  204                    3  14024.7
 20CW  20-Oct-24 10:03 0582  YO8DOH         599  599  466                    3  14024.7
 20CW  20-Oct-24 10:04 0583  S57NL          599  599  111                    3  14024.7
 20CW  20-Oct-24 10:04 0584  YU1DW          599  599  332                    3  14024.7
 20CW  20-Oct-24 10:05 0585  SN4K           599  599  208                    0  14024.7
 20CW  20-Oct-24 10:05 0586  UR4QWW         599  599  45                     3  14024.7
 20CW  20-Oct-24 10:06 0587  RX7T           599  599  188                    3  14024.7
 20CW  20-Oct-24 10:06 0588  OK1PFM         599  599  52                     3  14024.7
 20CW  20-Oct-24 10:07 0589  OK1FCA         599  599  39                     3  14024.7
 20CW  20-Oct-24 10:07 0590  UA9BA          599  599  418                    5  14024.7
 20CW  20-Oct-24 10:08 0591  HA6KG          599  599  46                     3  14024.7
 20CW  20-Oct-24 10:08 0592  S51J           599  599  85                     3  14024.7
 20CW  20-Oct-24 10:09 0593  EA1IQM         599  599  5                      3  14024.7
 20CW  20-Oct-24 10:10 0594  OZ1AAR         599  599  292           OZ       3  14024.7
 20CW  20-Oct-24 10:10 0595  YU2M           599  599  34                     3  14024.7
 20CW  20-Oct-24 10:11 0596  F6AUS          599  599  204                    3  14024.7
 20CW  20-Oct-24 10:11 0597  IK4OMU         599  599  95                     3  14024.7
 20CW  20-Oct-24 10:12 0598  NN4SS          599  599  9                      5  14024.7
 20CW  20-Oct-24 10:12 0599  OK1DVA         599  599  99                     3  14024.7
 20CW  20-Oct-24 10:12 0600  LZ7DX          599  599  221                    3  14024.7
 20CW  20-Oct-24 10:13 0601  UX1CL          599  599  123                    3  14024.7
 20CW  20-Oct-24 10:16 0602  MM2T           599  599  276           GM       3  14022.9
 20CW  20-Oct-24 10:17 0603  DM5GG          599  599  S07                    2  14021.7
 20CW  20-Oct-24 10:19 0604  VQ5Y           599  599  604           VP5      5  14015.8
 15CW  20-Oct-24 10:38 0605  LY4L           599  599  1456                   3  21004.3
 15CW  20-Oct-24 10:38 0606  K1RX           599  599  20                     5  21011.6
 15CW  20-Oct-24 10:39 0607  NJ5M           599  599  129                    5  21012.9
 15CW  20-Oct-24 10:39 0608  EU8U           599  599  994           EU       3  21016.3
 15CW  20-Oct-24 10:40 0609  LZ3V           599  599  183                    3  21017.6
 15CW  20-Oct-24 10:41 0610  LZ1QN          599  599  774                    3  21019.3
 15CW  20-Oct-24 10:42 0611  DM4W           599  599  B41                    2  21021.0
 15CW  20-Oct-24 10:44 0612  YQ6A           599  599  489           YO       3  21024.5
 15CW  20-Oct-24 10:44 0613  LZ1MS          599  599  151                    3  21025.0
 15CW  20-Oct-24 10:45 0614  SV1ENG         599  599  426                    3  21025.8
 15CW  20-Oct-24 10:45 0615  UR4QWW         599  599  65                     3  21026.5
 15CW  20-Oct-24 10:47 0616  TA2DA          599  599  289           TA       5  21027.0
 15CW  20-Oct-24 10:47 0617  JA9CWJ         599  599  181           JA       5  21025.3
 15CW  20-Oct-24 10:48 0618  DA2X           599  599  S01                    2  21028.7
 15CW  20-Oct-24 10:49 0619  SP4AWE         599  599  156           SP       3  21028.0
 15CW  20-Oct-24 10:51 0620  RA9AP          599  599  438                    5  21033.4
 15CW  20-Oct-24 10:51 0621  UA5R           599  599  620                    3  21033.4
 15CW  20-Oct-24 10:53 0622  RA8A           599  599  80                     5  21033.4
 15CW  20-Oct-24 10:53 0623  LZ5EE          599  599  632                    3  21033.4
 15CW  20-Oct-24 10:54 0624  UT3UV          599  599  90                     3  21033.4
 15CW  20-Oct-24 10:55 0625  RK3P           599  599  381                    3  21033.4
 15CW  20-Oct-24 10:57 0626  UA0SBQ         599  599  24                     5  21033.4
 15CW  20-Oct-24 10:58 0627  SN9A           599  599  144                    3  21033.4
 15CW  20-Oct-24 10:59 0628  OM3CPF         599  599  276                    3  21033.4
 15CW  20-Oct-24 10:59 0629  SN5J           599  599  631                    3  21033.4
 15CW  20-Oct-24 10:59 0630  UR5EJ          599  599  206                    3  21033.4
 15CW  20-Oct-24 11:00 0631  UN7LAN         599  599  365           UN       5  21033.4
 15CW  20-Oct-24 11:00 0632  RC9A           599  599  619                    5  21033.4
 15CW  20-Oct-24 11:01 0633  R4LR           599  599  361                    3  21033.4
 15CW  20-Oct-24 11:01 0634  UG4A           599  599  217                    3  21033.4
 15CW  20-Oct-24 11:02 0635  UA9CTT         599  599  364                    5  21033.4
 15CW  20-Oct-24 11:03 0636  RM4F           599  599  1016                   3  21033.4
 15CW  20-Oct-24 11:03 0637  LZ1DQ          599  599  238                    3  21033.4
 15CW  20-Oct-24 11:04 0638  EV6Z           599  599  137                    3  21033.4
 15CW  20-Oct-24 11:04 0639  JO7KMB         599  599  39                     5  21033.4
 15CW  20-Oct-24 11:05 0640  R4PBJ          599  599  151                    3  21033.4
 15CW  20-Oct-24 11:06 0641  UN5G           599  599  458                    5  21033.4
 15CW  20-Oct-24 11:07 0642  JA4VNE         599  599  065                    5  21033.4
 15CW  20-Oct-24 11:07 0643  R7AC           599  599  161                    3  21033.4
 15CW  20-Oct-24 11:07 0644  R0RG           599  599  165                    5  21033.4
 15CW  20-Oct-24 11:08 0645  SN4K           599  599  233                    3  21033.4
 15CW  20-Oct-24 11:08 0646  R3PIQ          599  599  20                     3  21033.4
 15CW  20-Oct-24 11:10 0647  SM2M           599  599  709           SM       3  21033.4
 15CW  20-Oct-24 11:10 0648  SN7Q           599  599  103                    3  21033.4
 15CW  20-Oct-24 11:11 0649  RN4SC          599  599  82                     3  21033.4
 15CW  20-Oct-24 11:11 0650  RW9AV          599  599  112                    5  21033.4
 15CW  20-Oct-24 11:13 0651  YO4DW          599  599  103                    3  21033.4
 15CW  20-Oct-24 11:13 0652  LY4T           599  599  358                    3  21033.4
 15CW  20-Oct-24 11:14 0653  RY7C           599  599  68                     3  21033.4
 15CW  20-Oct-24 11:14 0654  RA1TU          599  599  271                    3  21033.4
 15CW  20-Oct-24 11:15 0655  SP1AEN         599  599  488                    3  21033.4
 15CW  20-Oct-24 11:16 0656  RA3FD          599  599  169                    3  21033.4
 15CW  20-Oct-24 11:16 0657  RA9JM          599  599  89                     5  21033.4
 15CW  20-Oct-24 11:16 0658  UT7EZ          599  599  134                    3  21033.4
 15CW  20-Oct-24 11:17 0659  JG6OZC         599  599  61                     5  21033.4
 15CW  20-Oct-24 11:18 0660  OG7F           599  599  195           OH       3  21033.4
 15CW  20-Oct-24 11:18 0661  SN7J           599  599  510                    3  21033.4
 15CW  20-Oct-24 11:20 0662  K5VIP          599  599  125                    5  21033.4
 15CW  20-Oct-24 11:20 0663  RN3BL          599  599  1028                   3  21033.4
 15CW  20-Oct-24 11:21 0664  LZ7DX          599  599  296                    3  21033.4
 15CW  20-Oct-24 11:21 0665  LY3CY          599  599  158                    3  21033.4
 15CW  20-Oct-24 11:21 0666  OH7CW          599  599  26                     3  21033.4
 15CW  20-Oct-24 11:22 0667  K1AR           599  599  451                    5  21033.4
 15CW  20-Oct-24 11:23 0668  SP/DL1EKO      599  599  228                    3  21033.4
 15CW  20-Oct-24 11:24 0669  UX9Q           599  599  421                    3  21033.4
 15CW  20-Oct-24 11:25 0670  RU1AC          599  599  934                    3  21033.4
 15CW  20-Oct-24 11:27 0671  UR7MZ          599  599  295                    3  21033.4
 15CW  20-Oct-24 11:27 0672  UN7CN          599  599  171                    5  21033.4
 15CW  20-Oct-24 11:29 0673  R7MM           599  599  520                    3  21033.4
 15CW  20-Oct-24 11:29 0674  UA5R           599  599  657                    0  21033.4
 15CW  20-Oct-24 11:31 0675  UA6AK          599  599  218                    3  21033.4
 15CW  20-Oct-24 11:33 0676  UR4CU          599  599  245                    3  21033.4
 15CW  20-Oct-24 11:34 0677  I2IFT          599  599  401           I        3  21033.4
 15CW  20-Oct-24 11:34 0678  LY1M           599  599  324                    3  21033.4
 15CW  20-Oct-24 11:35 0679  LZ1BP          599  599  22                     3  21033.4
 15CW  20-Oct-24 11:35 0680  JA9RPU         599  599  22                     5  21033.4
 15CW  20-Oct-24 11:36 0681  OH7QR          599  599  76                     3  21033.4
 15CW  20-Oct-24 11:36 0682  RX9CC          599  599  65                     5  21033.4
 15CW  20-Oct-24 11:37 0683  UT3EV          599  599  508                    3  21033.4
 15CW  20-Oct-24 11:39 0684  RA4CL          599  599  175                    3  21033.4
 15CW  20-Oct-24 11:39 0685  OK2BRJ         599  599  306           OK       3  21033.4
 15CW  20-Oct-24 11:40 0686  UZ7E           599  599  327                    3  21033.4
 15CW  20-Oct-24 11:41 0687  R4DI           599  599  226                    3  21033.4
 15CW  20-Oct-24 11:42 0688  OH3MF          599  599  140                    3  21033.4
 15CW  20-Oct-24 11:43 0689  OE1CIW         599  599  201           OE       3  21033.4
 15CW  20-Oct-24 11:43 0690  LY2MM          599  599  409                    3  21033.4
 15CW  20-Oct-24 11:44 0691  UN8PT          599  599  361                    5  21033.4
 15CW  20-Oct-24 11:45 0692  N4AF           599  599  156                    5  21033.4
 15CW  20-Oct-24 11:47 0693  YO8COR         599  599  146                    3  21033.4
 15CW  20-Oct-24 11:47 0694  RC2O           599  599  222                    3  21033.4
 15CW  20-Oct-24 11:48 0695  F4HGU          599  599  142           F        3  21033.4
 15CW  20-Oct-24 11:49 0696  EW8DX          599  599  917                    3  21033.4
 15CW  20-Oct-24 11:50 0697  RV6HV          599  599  173                    3  21033.4
 15CW  20-Oct-24 11:51 0698  UR7R           599  599  479                    3  21033.4
 15CW  20-Oct-24 11:53 0699  DR0W           599  599  T13                    2  21033.4
 10CW  20-Oct-24 11:56 0700  FY5KE          599  599  1213          FY       5  28002.6
 10CW  20-Oct-24 11:57 0701  YO2LEA         599  599  546           YO       3  28007.6
 10CW  20-Oct-24 11:58 0702  N3QE           599  599  494                    5  28016.0
 10CW  20-Oct-24 12:00 0703  AA3B           599  599  922                    5  28020.1
 10CW  20-Oct-24 12:00 0704  K1RX           599  599  158                    5  28020.7
 10CW  20-Oct-24 12:01 0705  NJ5M           599  599  255                    5  28021.6
 10CW  20-Oct-24 12:03 0706  SN5N           599  599  118           SP       3  28023.6
 10CW  20-Oct-24 12:04 0707  DA0W           599  599  B13                    2  28024.2
 10CW  20-Oct-24 12:04 0708  DF7A           599  599  X28                    2  28024.8
 10CW  20-Oct-24 12:05 0709  N4BP           599  599  106                    5  28028.2
 10CW  20-Oct-24 12:06 0710  DL1MRL         599  599  L24                    2  28029.0
 10CW  20-Oct-24 12:07 0711  SV8OVJ         599  599  436           SV       3  28034.6
 10CW  20-Oct-24 12:09 0712  DM2A           599  599  Y24                    2  28038.0
 10CW  20-Oct-24 12:10 0713  DH0GHU         599  599  C07                    2  28044.4
 10CW  20-Oct-24 12:12 0714  R8WX           599  599  1281                   5  28027.1
 10CW  20-Oct-24 12:14 0715  RK4HYT         599  599  329                    3  28027.1
 10CW  20-Oct-24 12:15 0716  K8GU           599  599  12                     5  28027.1
 10CW  20-Oct-24 12:16 0717  LZ5EE          599  599  704           LZ       3  28027.1
 10CW  20-Oct-24 12:16 0718  W1FJ           599  599  176                    5  28027.1
 10CW  20-Oct-24 12:17 0719  K3VAR          599  599  7                      5  28027.1
 10CW  20-Oct-24 12:19 0720  N4ZR           599  599  279                    5  28027.2
 10CW  20-Oct-24 12:24 0721  K3AJ           599  599  898                    5  28013.4
 10CW  20-Oct-24 12:30 0722  R8TT           599  599  1031                   5  28025.4
 10CW  20-Oct-24 12:31 0723  EU8U           599  599  1141          EU       3  28025.4
 10CW  20-Oct-24 12:32 0724  TA3DJ          599  599  90            TA       5  28025.4
 10CW  20-Oct-24 12:32 0725  TA6B           599  599  62                     5  28025.4
 10CW  20-Oct-24 12:34 0726  VE9AA          599  599  146                    5  28025.4
 10CW  20-Oct-24 12:35 0727  UA6LCJ         599  599  429                    3  28025.4
 10CW  20-Oct-24 12:36 0728  UA6LCN         599  599  719                    3  28025.4
 10CW  20-Oct-24 12:36 0729  R7MM           599  599  586                    3  28025.4
 10CW  20-Oct-24 12:36 0730  E7CW           599  599  852           E7       3  28025.4
 10CW  20-Oct-24 13:05 0731  CE2DX          599  599  90            CE       5  28015.9
 10CW  20-Oct-24 13:06 0732  VE3J           599  599  135                    5  28013.8
 10CW  20-Oct-24 13:08 0733  UA6GO          599  599  609                    3  28012.7
 10CW  20-Oct-24 13:09 0734  VE3NZ          599  599  584                    5  28012.4
 10CW  20-Oct-24 13:10 0735  VE3VN          599  599  112                    5  28010.7
 15CW  20-Oct-24 13:14 0736  UA3QAM         599  599  313                    3  21032.2
 15CW  20-Oct-24 13:15 0737  9A3VM          599  599  967                    3  21032.2
 15CW  20-Oct-24 13:16 0738  R3CW           599  599  124                    3  21032.2
 15CW  20-Oct-24 13:19 0739  UN0LM          599  599  888                    5  21025.7
 15CW  20-Oct-24 13:20 0740  MM2T           599  599  421           GM       3  21022.0
 20CW  20-Oct-24 13:23 0741  RL3T           599  599  128                    3  14025.0
 20CW  20-Oct-24 13:26 0742  YO4SI          599  599  32                     3  14019.9
 20CW  20-Oct-24 13:26 0743  LY9A           599  599  1215                   3  14019.9
 20CW  20-Oct-24 13:27 0744  9A3VM          599  599  977                    3  14019.9
 20CW  20-Oct-24 13:27 0745  G4SND          599  599  133           G        3  14019.9
 20CW  20-Oct-24 13:28 0746  RN3BL          599  599  1184                   3  14019.9
 20CW  20-Oct-24 13:28 0747  UR7MA          599  599  83                     3  14019.9
 20CW  20-Oct-24 13:30 0748  IK8UND         599  599  894                    3  14019.9
 20CW  20-Oct-24 13:30 0749  DL1DUS         599  599  S10                    2  14019.9
 20CW  20-Oct-24 13:31 0750  EW1TO          599  599  107                    3  14019.9
 20CW  20-Oct-24 13:32 0751  F5MGD          599  599  108                    3  14019.9
 20CW  20-Oct-24 13:32 0752  UA6AK          599  599  363                    3  14019.9
 20CW  20-Oct-24 13:32 0753  UT7EZ          599  599  155                    3  14019.9
 20CW  20-Oct-24 13:33 0754  RX9CC          599  599  120                    5  14019.9
 20CW  20-Oct-24 13:33 0755  YU7KW          599  599  166                    3  14019.9
 20CW  20-Oct-24 13:35 0756  CT3KN          599  599  239           CT3      5  14018.6
 20CW  20-Oct-24 13:37 0757  LZ1DQ          599  599  278                    3  14019.9
 20CW  20-Oct-24 13:37 0758  G3PLE          599  599  100                    3  14019.9
 20CW  20-Oct-24 13:38 0759  UI8C           599  599  136                    5  14019.9
 20CW  20-Oct-24 13:38 0760  RM4F           599  599  1125                   3  14019.9
 20CW  20-Oct-24 13:39 0761  UR4QWW         599  599  168                    0  14019.9
 20CW  20-Oct-24 13:39 0762  R9AE           599  599  277                    5  14019.9
 20CW  20-Oct-24 13:40 0763  RA3FD          599  599  212                    3  14019.9
 20CW  20-Oct-24 13:40 0764  M0XLZ          599  599  55                     3  14019.9
 20CW  20-Oct-24 13:40 0765  SN5N           599  599  265                    3  14019.9
 20CW  20-Oct-24 13:41 0766  UA3QAM         599  599  336                    3  14019.9
 20CW  20-Oct-24 13:41 0767  EW8OM          599  599  383                    3  14019.9
 20CW  20-Oct-24 13:42 0768  M1X            599  599  315                    3  14019.9
 20CW  20-Oct-24 13:42 0769  RA7C           599  599  283                    3  14019.9
 20CW  20-Oct-24 13:43 0770  R8LA           599  599  519                    5  14019.9
 20CW  20-Oct-24 13:44 0771  UT0CK          599  599  36                     3  14019.9
 20CW  20-Oct-24 13:44 0772  R8WX           599  599  1378                   5  14019.9
 20CW  20-Oct-24 13:44 0773  LZ1MS          599  599  243                    3  14019.9
 20CW  20-Oct-24 13:45 0774  SP9BCH         599  599  177                    3  14019.9
 20CW  20-Oct-24 13:45 0775  YU1ML          599  599  83                     3  14019.9
 20CW  20-Oct-24 13:45 0776  LC2W           599  599  196                    3  14019.9
 20CW  20-Oct-24 13:47 0777  9A3SM          599  599  242                    3  14019.9
 20CW  20-Oct-24 13:47 0778  OK5SA          599  599  187                    3  14019.9
 20CW  20-Oct-24 13:48 0779  EW8DX          599  599  1038                   3  14019.9
 20CW  20-Oct-24 13:49 0780  UR5EJ          599  599  259                    3  14019.9
 20CW  20-Oct-24 13:50 0781  OK8KM          599  599  91                     3  14019.9
 20CW  20-Oct-24 13:50 0782  UX5VK          599  599  87                     3  14019.9
 20CW  20-Oct-24 13:52 0783  DL6CQ          599  599  L16                    2  14019.9
 20CW  20-Oct-24 13:52 0784  UG4A           599  599  303                    3  14019.9
 20CW  20-Oct-24 13:53 0785  OM3YCA         599  599  132                    3  14019.9
 20CW  20-Oct-24 13:54 0786  OM3GI          599  599  86                     3  14019.9
 20CW  20-Oct-24 13:54 0787  F5PAL          599  599  317                    3  14019.9
 20CW  20-Oct-24 13:55 0788  OH3MZ          599  599  218                    3  14019.9
 20CW  20-Oct-24 13:55 0789  RC9A           599  599  673                    5  14019.9
 20CW  20-Oct-24 13:56 0790  SC6O           599  599  274                    0  14019.9
 20CW  20-Oct-24 13:57 0791  DL7GW          599  599  D20                    2  14019.9
 20CW  20-Oct-24 13:58 0792  RW3AI          599  599  110                    3  14019.9
 20CW  20-Oct-24 13:58 0793  SN4K           599  599  276                    0  14019.9
 20CW  20-Oct-24 14:00 0794  SQ9TX          599  599  57                     3  14019.9
 20CW  20-Oct-24 14:00 0795  9A2X           599  599  100                    3  14019.9
 20CW  20-Oct-24 14:01 0796  DL2OM          599  599  K32                    2  14019.9
 20CW  20-Oct-24 14:01 0797  UX1AA          599  599  34                     3  14019.9
 20CW  20-Oct-24 14:02 0798  UX2HB          599  599  38                     3  14019.9
 20CW  20-Oct-24 14:02 0799  YL7X           599  599  1752                   3  14019.9
 20CW  20-Oct-24 14:03 0800  LZ1QN          599  599  1097                   3  14019.9
 20CW  20-Oct-24 14:03 0801  UN8PT          599  599  426                    5  14019.9
 20CW  20-Oct-24 14:04 0802  OG6B           599  599  630                    3  14019.9
 20CW  20-Oct-24 14:04 0803  EI8JX          599  599  112                    3  14019.9
 20CW  20-Oct-24 14:04 0804  UT7NI          599  599  225                    3  14019.9
 20CW  20-Oct-24 14:05 0805  G3OTK          599  599  31                     3  14019.9
 20CW  20-Oct-24 14:06 0806  R7MM           599  599  649                    3  14019.9
 20CW  20-Oct-24 14:06 0807  LZ1BP          599  599  166                    3  14019.9
 20CW  20-Oct-24 14:07 0808  R4AY           599  599  23                     3  14019.9
 20CW  20-Oct-24 14:08 0809  EI5KG          599  599  245                    3  14019.9
 20CW  20-Oct-24 14:08 0810  OH1RX          599  599  71                     3  14019.9
 20CW  20-Oct-24 14:09 0811  S56A           599  599  84                     3  14019.9
 20CW  20-Oct-24 14:10 0812  UN0LM          599  599  959                    5  14019.9
 20CW  20-Oct-24 14:11 0813  OK1DZ          599  599  63                     3  14019.9
 20CW  20-Oct-24 14:11 0814  OH6LW          599  599  209                    3  14019.9
 20CW  20-Oct-24 14:12 0815  HA3GC          599  599  141                    3  14019.9
 20CW  20-Oct-24 14:13 0816  UT3UV          599  599  114                    3  14019.9
 20CW  20-Oct-24 14:13 0817  UZ1P           599  599  275                    3  14019.9
 15CW  20-Oct-24 14:15 0818  DK8ZZ          599  599  K07                    2  21017.6
 15CW  20-Oct-24 14:16 0819  FY5KE          599  599  1330          FY       5  21005.8
 15CW  20-Oct-24 14:17 0820  OH1NA          599  599  47                     3  21008.1
; 5aw                                                                                 
 10CW  20-Oct-24 14:23 0821  N5AW           599  599  146                    5  28027.4
 10CW  20-Oct-24 14:24 0822  DM2D           599  599  V11                    2  28029.1
 15CW  20-Oct-24 14:26 0823  ZA1RR          599  599  447           ZA       3  21035.3
 15CW  20-Oct-24 14:27 0824  HA8EN          599  599  189                    3  21035.3
 15CW  20-Oct-24 14:27 0825  OH2KW          599  599  619                    3  21035.3
 15CW  20-Oct-24 14:28 0826  KP3J           599  599  127           KP4      5  21035.3
 15CW  20-Oct-24 14:29 0827  VE3VN          599  599  159                    5  21035.3
 15CW  20-Oct-24 14:31 0828  K1TH           599  599  39                     5  21035.3
 15CW  20-Oct-24 14:31 0829  LZ3QE          599  599  624                    3  21035.3
 15CW  20-Oct-24 14:32 0830  VA3TNM         599  599  228                    5  21035.3
 15CW  20-Oct-24 14:33 0831  W6KH           599  599  101                    5  21035.3
 15CW  20-Oct-24 14:34 0832  UY7LM          599  599  433                    3  21035.3
 15CW  20-Oct-24 14:34 0833  EU6RO          599  599  401                    3  21035.3
 15CW  20-Oct-24 14:35 0834  R3OM           599  599  506                    3  21035.3
 15CW  20-Oct-24 14:37 0835  W8RJ           599  599  508                    5  21035.3
 15CW  20-Oct-24 14:37 0836  N4ZR           599  599  446                    5  21035.3
 15CW  20-Oct-24 14:38 0837  UT7NI          599  599  267                    3  21035.3
 15CW  20-Oct-24 14:40 0838  UA3RF          599  599  147                    3  21035.3
 15CW  20-Oct-24 14:40 0839  N4RV           599  599  1626                   5  21035.3
 15CW  20-Oct-24 14:42 0840  K4NMR          599  599  33                     5  21035.3
 15CW  20-Oct-24 14:43 0841  R6KEE          599  599  58                     3  21035.3
 15CW  20-Oct-24 14:43 0842  M1X            599  599  377           G        3  21035.3
 15CW  20-Oct-24 14:44 0843  UT7AXA         599  599  133                    3  21035.3
 15CW  20-Oct-24 14:44 0844  OH3MZ          599  599  229                    3  21035.3
 15CW  20-Oct-24 14:46 0845  RW4CLF         599  599  61                     3  21035.3
 15CW  20-Oct-24 14:46 0846  TF3DC          599  599  103                    3  21035.3
 15CW  20-Oct-24 14:46 0847  K1LZ           599  599  1266                   5  21035.3
 15CW  20-Oct-24 14:47 0848  IK8UND         599  599  980                    3  21035.3
 15CW  20-Oct-24 14:48 0849  UX2HB          599  599  76                     3  21035.3
 15CW  20-Oct-24 14:48 0850  ER3UA          599  599  201           ER       3  21035.3
 40CW  20-Oct-24 14:50 0851  DK8ZZ          599  599  K07                    2   7029.3
 40CW  20-Oct-24 14:53 0852  DK7TY          599  599  D06                    2   7010.3
 40CW  20-Oct-24 14:53 0853  DL1GWW         599  599  P29                    2   7010.3
 40CW  20-Oct-24 14:54 0854  R6AF           599  599  1153                   3   7010.3
 40CW  20-Oct-24 14:54 0855  SO5N           599  599  291                    3   7010.3
 40CW  20-Oct-24 14:54 0856  EU8U           599  599  1273                   3   7010.3
 40CW  20-Oct-24 14:55 0857  SN4K           599  599  296                    3   7010.3
 40CW  20-Oct-24 14:56 0858  HG6O           599  599  748                    3   7010.3
 40CW  20-Oct-24 14:56 0859  DK3WN          599  599  F35                    2   7010.3
 40CW  20-Oct-24 14:57 0860  DL1AKP         599  599  X19                    2   7010.3
 40CW  20-Oct-24 14:57 0861  DM5JBN         599  599  S60                    2   7010.3
 40CW  20-Oct-24 14:58 0862  ON7XN          599  599  50                     3   7010.3
 40CW  20-Oct-24 14:58 0863  SP/DL1EKO      599  599  258                    3   7010.3
 40CW  20-Oct-24 14:59 0864  DL5JS          599  599  R01                    2   7010.3
 40CW  20-Oct-24 14:59 0865  OH2KW          599  599  650                    3   7010.3
