 40CW  25-Nov-24 16:30 0001  DL1NKS         599  599  3             DL       2   7035.9
 40CW  25-Nov-24 16:31 0002  OM5CM          599  599  2             OM       3   7036.5
 40CW  25-Nov-24 16:31 0003  OK1FKD         599  599  3             OK       3   7037.1
 40CW  25-Nov-24 16:31 0004  M7R            599  599  3             G        3   7037.5
 40CW  25-Nov-24 16:32 0005  OK1AMX         599  599  4                      3   7039.2
 40CW  25-Nov-24 16:33 0006  S51J           599  599  7             S5       3   7027.3
 40CW  25-Nov-24 16:34 0007  DR2C           599  599  9                      2   7027.3
 40CW  25-Nov-24 16:34 0008  SN7J           599  599  7             SP       3   7027.3
 40CW  25-Nov-24 16:34 0009  DJ3WE          599  599  5                      2   7027.3
 40CW  25-Nov-24 16:35 0010  DL2NBY         599  599  13                     2   7027.3
 40CW  25-Nov-24 16:35 0011  OK2VX          599  599  5                      3   7027.3
 40CW  25-Nov-24 16:36 0012  I2CZQ          599  599  1             I        3   7027.3
 40CW  25-Nov-24 16:36 0013  OG6B           599  599  5             OH       3   7027.3
 40CW  25-Nov-24 16:37 0014  DJ5AS          599  599  8                      2   7027.3
 40CW  25-Nov-24 16:37 0015  OM3TVI         599  599  5                      3   7027.3
 40CW  25-Nov-24 16:37 0016  DJ9MH          599  599  13                     2   7027.3
 40CW  25-Nov-24 16:38 0017  OH3MZ          599  599  7                      3   7027.3
 40CW  25-Nov-24 16:38 0018  SN1I           599  599  5                      3   7027.3
 40CW  25-Nov-24 16:39 0019  DL2PR          599  599  9                      2   7027.3
 40CW  25-Nov-24 16:39 0020  DF4PD          599  599  12                     2   7027.3
 40CW  25-Nov-24 16:40 0021  OK1DOL         599  599  20                     3   7027.3
 40CW  25-Nov-24 16:40 0022  OK1EG          599  599  7                      3   7027.3
 40CW  25-Nov-24 16:40 0023  DK3AX          599  599  10                     2   7027.3
 40CW  25-Nov-24 16:41 0024  SM5DXR         599  599  12            SM       3   7027.3
 40CW  25-Nov-24 16:42 0025  OK1FMX         599  599  19                     3   7027.3
 40CW  25-Nov-24 16:42 0026  OK1TRJ         599  599  21                     3   7027.3
 40CW  25-Nov-24 16:43 0027  OK2NAJ         599  599  17                     3   7027.3
 40CW  25-Nov-24 16:43 0028  SP3VT          599  599  23                     3   7027.3
 40CW  25-Nov-24 16:44 0029  SN5N           599  599  32                     3   7027.3
 40CW  25-Nov-24 16:44 0030  OK1TD          599  599  23                     3   7027.3
 40CW  25-Nov-24 16:44 0031  OK2BFN         599  599  26                     3   7027.3
 40CW  25-Nov-24 16:44 0032  D1CW           599  599  23                     5   7027.3
 40CW  25-Nov-24 16:45 0033  OK4RM          599  599  10                     3   7027.3
 40CW  25-Nov-24 16:45 0034  RA4HBS         599  599  14            UA       3   7027.3
 40CW  25-Nov-24 16:46 0035  DA2K           599  599  21                     2   7027.3
 40CW  25-Nov-24 16:47 0036  I3VWK          599  599  17                     3   7027.3
 40CW  25-Nov-24 16:47 0037  PC4H           599  599  31            PA       3   7027.3
 40CW  25-Nov-24 16:47 0038  S52W           599  599  35                     3   7027.3
 40CW  25-Nov-24 16:48 0039  DA3T           599  599  21                     2   7027.3
 40CW  25-Nov-24 16:49 0040  OK2CW          599  599  19                     3   7027.3
 40CW  25-Nov-24 16:50 0041  HA6NL          599  599  45            HA       3   7026.5
 40CW  25-Nov-24 16:50 0042  SC6O           599  599  33                     3   7025.7
 40CW  25-Nov-24 16:51 0043  HA5OV          599  599  48                     3   7025.5
 40CW  25-Nov-24 16:52 0044  LZ5DI          599  599  56            LZ       3   7024.5
 40CW  25-Nov-24 16:53 0045  SP4TKR         599  599  46                     3   7023.8
 40CW  25-Nov-24 16:54 0046  PA3DBS         599  599  26                     3   7023.5
 40CW  25-Nov-24 16:54 0047  OK2NO          599  599  48                     3   7023.0
 40CW  25-Nov-24 16:55 0048  OK1OA          599  599  47                     3   7022.5
 40CW  25-Nov-24 16:55 0049  DF1DX          599  599  38                     2   7022.1
 40CW  25-Nov-24 16:56 0050  OK4RQ          599  599  42                     3   7021.6
 40CW  25-Nov-24 16:58 0051  DA0BCC         599  599  58                     2   7020.0
 40CW  25-Nov-24 16:59 0052  PA3AAV         599  599  77                     3   7020.4
 40CW  25-Nov-24 16:59 0053  ON4EM          599  599  66            ON       3   7021.0
 40CW  25-Nov-24 17:00 0054  RX3QNE         599  599  38                     3   7019.0
 40CW  25-Nov-24 17:01 0055  SP2XX          599  599  47                     3   7018.0
 40CW  25-Nov-24 17:01 0056  OK1FGD         599  599  50                     3   7017.5
 40CW  25-Nov-24 17:01 0057  OK2EA          599  599  60                     3   7016.7
 40CW  25-Nov-24 17:02 0058  SM5ACQ         599  599  54                     3   7016.4
 40CW  25-Nov-24 17:02 0059  PA3ARM         599  599  53                     3   7016.1
 40CW  25-Nov-24 17:03 0060  OZ/SM5S        599  599  34            OZ       3   7014.3
 40CW  25-Nov-24 17:03 0061  DL5XL          599  599  64                     2   7013.9
 40CW  25-Nov-24 17:03 0062  SD6F           599  599  65                     3   7013.5
 40CW  25-Nov-24 17:04 0063  SE80TG         599  599  42                     3   7013.0
 40CW  25-Nov-24 17:04 0064  DH0GHU         599  599  53                     2   7012.6
 80CW  25-Nov-24 17:06 0065  DL7YS          599  599  63            DL       2   3526.2
 80CW  25-Nov-24 17:06 0066  DF8V           599  599  46                     2   3527.1
 80CW  25-Nov-24 17:07 0067  OK2BFN         599  599  69            OK       3   3528.8
 80CW  25-Nov-24 17:07 0068  HA6NL          599  599  77            HA       3   3529.2
 80CW  25-Nov-24 17:08 0069  HA5OV          599  599  79                     3   3530.9
 80CW  25-Nov-24 17:09 0070  OK1FMX         599  599  56                     3   3533.6
 80CW  25-Nov-24 17:10 0071  DM7W           599  599  79                     2   3536.9
 80CW  25-Nov-24 17:10 0072  DL8QS          599  599  71                     2   3536.9
 80CW  25-Nov-24 17:10 0073  SP8BXL         599  599  29            SP       3   3536.9
 80CW  25-Nov-24 17:11 0074  OK1AY          599  599  36                     3   3536.9
 80CW  25-Nov-24 17:11 0075  OK1RZ          599  599  32                     3   3536.9
 80CW  25-Nov-24 17:11 0076  OM3FW          599  599  34            OM       3   3536.9
 80CW  25-Nov-24 17:12 0077  HB9BXE         599  599  41            HB       3   3536.9
 80CW  25-Nov-24 17:12 0078  OK1FKD         599  599  53                     3   3536.9
 80CW  25-Nov-24 17:12 0079  SP3CW          599  599  35                     3   3536.9
 80CW  25-Nov-24 17:13 0080  DJ9MH          599  599  67                     2   3536.9
 80CW  25-Nov-24 17:13 0081  OK1FRD         599  599  27                     3   3536.9
 80CW  25-Nov-24 17:13 0082  DR2C           599  599  82                     2   3536.9
 80CW  25-Nov-24 17:15 0083  HA5MA          599  599  86                     3   3536.9
 80CW  25-Nov-24 17:15 0084  SN5N           599  599  92                     3   3536.9
 80CW  25-Nov-24 17:15 0085  SM5CSS         599  599  59            SM       3   3536.9
 80CW  25-Nov-24 17:16 0086  SE5T           599  599  83                     3   3536.9
 80CW  25-Nov-24 17:18 0087  OM5TZ          599  599  40                     3   3537.5
 80CW  25-Nov-24 17:18 0088  PA3AAV         599  599  106           PA       3   3538.2
 80CW  25-Nov-24 17:19 0089  DF1DX          599  599  73                     2   3540.7
 80CW  25-Nov-24 17:21 0090  SP3MEP         599  599  26                     3   3528.0
 80CW  25-Nov-24 17:22 0091  OK7NV          599  599  40                     3   3528.5
 80CW  25-Nov-24 17:23 0092  SE80TG         599  599  50                     3   3530.5
 80CW  25-Nov-24 17:23 0093  DM6EE          599  599  59                     2   3531.0
 80CW  25-Nov-24 17:24 0094  OK2EA          599  599  97                     3   3531.6
 80CW  25-Nov-24 17:25 0095  SM5ACQ         599  599  089                    3   3533.0
 80CW  25-Nov-24 17:26 0096  OK4RQ          599  599  86                     3   3533.3
 40CW  25-Nov-24 17:27 0097  RV6HV          599  599  43                     3   7013.5
 40CW  25-Nov-24 17:27 0098  DF7YE          599  599  97                     2   7018.1
 40CW  25-Nov-24 17:28 0099  DF8V           599  599  73                     2   7018.7
 40CW  25-Nov-24 17:28 0100  DL1DQW         599  599  60                     2   7028.3
 40CW  25-Nov-24 17:29 0101  SQ8LUU         599  599  82                     3   7024.8
