 10CW  14-Jan-24 09:06 0001  DL4JU          599  599  009 R09       DL       2  28007.6
 10CW  14-Jan-24 09:08 0002  LZ4TX          599  599  015           LZ       3  28000.5
 10CW  14-Jan-24 09:19 0003  OH7MA          599  599  034           OH       3  28036.2
 10CW  14-Jan-24 09:20 0004  RV1OO          599  599  034           UA       3  28036.6
 10CW  14-Jan-24 09:22 0005  UA9CTT         599  599  050           UA9      5  28043.0
 10CW  14-Jan-24 09:25 0006  R4LR           599  599  045                    3  28024.0
 10CW  14-Jan-24 09:28 0007  RW7F           599  599  080                    3  28023.4
 10CW  14-Jan-24 09:30 0008  UA6AK          599  599  074                    3  28020.0
 10CW  14-Jan-24 09:31 0009  R4BZ           599  599  052                    3  28019.5
 10CW  14-Jan-24 09:32 0010  UR7MZ          599  599  067           UR       3  28016.3
 10CW  14-Jan-24 09:36 0011  RC9A           599  599  082                    5  28012.1
 10CW  14-Jan-24 09:46 0012  RW3RN          599  599  066                    3  28046.5
 10CW  14-Jan-24 09:48 0013  UD1A           599  599  030                    3  28053.3
 10CW  14-Jan-24 09:49 0014  RK3P           599  599  075                    3  28056.4
 10CW  14-Jan-24 09:51 0015  EA5ITT         599  599  072           EA       3  28054.1
 10CW  14-Jan-24 09:57 0016  YO4TL          599  599  036           YO       3  28044.0
 10CW  14-Jan-24 09:59 0017  DL7URH         599  599  074 S41                2  28039.0
 10CW  14-Jan-24 10:03 0018  UC5D           599  599  058                    3  28034.3
 10CW  14-Jan-24 10:06 0019  UR4L           599  599  099                    3  28027.0
 10CW  14-Jan-24 10:07 0020  R3AQ           599  599  074                    3  28027.6
 10CW  14-Jan-24 10:08 0021  UA5R           599  599  132                    3  28027.3
 10CW  14-Jan-24 10:09 0022  R8LA           599  599  033                    5  28026.1
 10CW  14-Jan-24 10:10 0023  DK8ZZ          599  599  075 K07                2  28025.2
 10CW  14-Jan-24 10:35 0024  UA6LUQ         599  599  032                    3  28001.9
 10SSB 14-Jan-24 10:43 0025  DG1E           59   59   081 R24                2  28512.5
 10CW  14-Jan-24 10:48 0026  R9AE           599  599  005                    5  28052.9
 10CW  14-Jan-24 10:52 0027  RA3AGF         599  599  102                    3  28051.0
 10CW  14-Jan-24 10:53 0028  DF1DT          599  599  054 O04                2  28055.7
 10CW  14-Jan-24 10:55 0029  UA6LCJ         599  599  121                    3  28059.1
 10CW  14-Jan-24 10:57 0030  UT3QZ          599  599  075                    3  28060.3
 10CW  14-Jan-24 10:58 0031  CT7/DJ7PR      599  599  114           CT       3  28065.4
