 40CW  18-Nov-24 16:30 0001  OK6OK          599  599  3             OK       3   7022.6
 40CW  18-Nov-24 16:31 0002  DL4ME          599  599  2             DL       2   7022.6
 40CW  18-Nov-24 16:32 0003  DA0BCC         599  599  3                      2   7022.6
 40CW  18-Nov-24 16:32 0004  DF8LY          599  599  1                      2   7022.6
 40CW  18-Nov-24 16:33 0005  G4LJU          599  599  4             G        3   7022.6
 40CW  18-Nov-24 16:34 0006  SM5CSS         599  599  9             SM       3   7022.6
 40CW  18-Nov-24 16:34 0007  OK2GU          599  599  6                      3   7022.6
 40CW  18-Nov-24 16:34 0008  RN6HG          599  599  001           UA       3   7022.6
 40CW  18-Nov-24 16:35 0009  HB9BXE         599  599  11            HB       3   7022.6
 40CW  18-Nov-24 16:35 0010  OM5KM          599  599  6             OM       3   7022.6
 40CW  18-Nov-24 16:35 0011  OK4RQ          599  599  13                     3   7022.6
 40CW  18-Nov-24 16:36 0012  DR2C           599  599  15                     2   7022.6
 40CW  18-Nov-24 16:37 0013  HA1AS          599  599  10            HA       3   7022.6
 40CW  18-Nov-24 16:37 0014  OM4AY          599  599  8                      3   7022.6
 40CW  18-Nov-24 16:38 0015  S51J           599  599  15            S5       3   7022.6
 40CW  18-Nov-24 16:38 0016  OK2NO          599  599  12                     3   7022.6
 40CW  18-Nov-24 16:38 0017  SP7N           599  599  13            SP       3   7022.6
 40CW  18-Nov-24 16:39 0018  DJ3WE          599  599  12                     2   7022.6
 40CW  18-Nov-24 16:39 0019  OK1NU          599  599  14                     3   7022.6
 40CW  18-Nov-24 16:40 0020  OK1TD          599  599  19                     3   7022.6
 40CW  18-Nov-24 16:40 0021  OK7U           599  599  8                      3   7022.6
 40CW  18-Nov-24 16:40 0022  M4N            599  599  26                     3   7022.6
 40CW  18-Nov-24 16:41 0023  DM5I           599  599  28                     2   7022.6
 40CW  18-Nov-24 16:41 0024  RX3Q           599  599  18                     3   7022.6
 40CW  18-Nov-24 16:42 0025  OK1FMX         599  599  15                     3   7022.6
 40CW  18-Nov-24 16:42 0026  SN7J           599  599  18                     3   7022.6
 40CW  18-Nov-24 16:43 0027  DK3AX          599  599  17                     2   7022.6
 40CW  18-Nov-24 16:43 0028  PA2TA          599  599  20            PA       3   7022.6
 40CW  18-Nov-24 16:43 0029  DF4ZL          599  599  23                     2   7022.6
 40CW  18-Nov-24 16:44 0030  OK1ITK         599  599  9                      3   7022.6
 40CW  18-Nov-24 16:44 0031  OH3MZ          599  599  15            OH       3   7022.6
 40CW  18-Nov-24 16:44 0032  HA5MA          599  599  29                     3   7022.6
 40CW  18-Nov-24 16:45 0033  IN3FHE         599  599  9             I        3   7022.6
 40CW  18-Nov-24 16:45 0034  OK2BFN         599  599  21                     3   7022.6
 40CW  18-Nov-24 16:46 0035  DK2DR          599  599  15                     2   7022.6
 40CW  18-Nov-24 16:46 0036  OK2CW          599  599  17                     3   7022.6
 40CW  18-Nov-24 16:47 0037  OK5SA          599  599  16                     3   7022.6
 40CW  18-Nov-24 16:47 0038  DF4PD          599  599  2                      2   7022.6
 40CW  18-Nov-24 16:48 0039  DJ9SN          599  599  25                     2   7022.6
 40CW  18-Nov-24 16:48 0040  PC0A           599  599  40                     3   7022.6
 40CW  18-Nov-24 16:48 0041  G0TRT          599  599  17                     3   7022.6
 40CW  18-Nov-24 16:49 0042  DL2NBY         599  599  22                     2   7022.6
 40CW  18-Nov-24 16:49 0043  DL7YS          599  599  36                     2   7022.6
 40CW  18-Nov-24 16:50 0044  SP3VT          599  599  26                     3   7022.6
 40CW  18-Nov-24 16:51 0045  YL3JD          599  599  28            YL       3   7022.6
 40CW  18-Nov-24 16:53 0046  DJ9MH          599  599  44                     2   7022.6
 40CW  18-Nov-24 16:53 0047  HB9HTF         599  599  46                     3   7022.6
 40CW  18-Nov-24 16:53 0048  OK1USP         599  599  23                     3   7022.6
 40CW  18-Nov-24 16:55 0049  DL8QS          599  599  54                     2   7022.6
 40CW  18-Nov-24 16:55 0050  PA3DBS         599  599  24                     3   7022.6
 40CW  18-Nov-24 16:56 0051  OK1OA          599  599  49                     3   7022.6
 40CW  18-Nov-24 16:56 0052  SN5N           599  599  56                     3   7022.6
 40CW  18-Nov-24 16:56 0053  OM3TVI         599  599  17                     3   7022.6
 40CW  18-Nov-24 16:57 0054  DJ1OJ          599  599  27                     2   7022.6
 40CW  18-Nov-24 16:57 0055  OL8R           599  599  76                     3   7022.6
 40CW  18-Nov-24 16:58 0056  DF8QB          599  599  31                     2   7022.6
 40CW  18-Nov-24 16:58 0057  DF8V           599  599  42                     2   7022.6
 40CW  18-Nov-24 16:58 0058  OG6B           599  599  35                     3   7022.6
 40CW  18-Nov-24 16:59 0059  HB9CMW         599  599  16                     3   7022.6
 40CW  18-Nov-24 16:59 0060  OK1FFA         599  599  11                     3   7022.6
 40CW  18-Nov-24 17:00 0061  DA3T           599  599  30                     2   7022.6
 40CW  18-Nov-24 17:00 0062  DF8XC          599  599  50                     2   7022.6
 40CW  18-Nov-24 17:00 0063  DD5M           599  599  60                     2   7022.6
 40CW  18-Nov-24 17:01 0064  RV6HV          599  599  39                     3   7022.6
 40CW  18-Nov-24 17:02 0065  IK5TBK         599  599  29                     3   7022.6
 40CW  18-Nov-24 17:02 0066  SN2S           599  599  56                     3   7022.6
 40CW  18-Nov-24 17:03 0067  OK1TRJ         599  599  44                     3   7022.6
 40CW  18-Nov-24 17:04 0068  I3VWK          599  599  34                     3   7022.6
 40CW  18-Nov-24 17:05 0069  OK2ON          599  599  20                     3   7022.6
 40CW  18-Nov-24 17:06 0070  DF7YE          599  599  76                     2   7022.6
 40CW  18-Nov-24 17:07 0071  SP2QG          599  599  78                     3   7022.6
 40CW  18-Nov-24 17:08 0072  D1CW           599  599  42                     5   7022.6
 40CW  18-Nov-24 17:08 0073  S52W           599  599  67                     3   7022.6
 40CW  18-Nov-24 17:09 0074  YL2TD          599  599  78                     3   7022.6
 40CW  18-Nov-24 17:10 0075  OM3CPF         599  599  59                     3   7022.6
 40CW  18-Nov-24 17:11 0076  ON4EM          599  599  92            ON       3   7023.0
 40CW  18-Nov-24 17:11 0077  DL5YM          599  599  75                     2   7023.6
 40CW  18-Nov-24 17:12 0078  SC6O           599  599  74                     3   7021.2
 40CW  18-Nov-24 17:13 0079  PA3AAV         599  599  114                    3   7020.4
 40CW  18-Nov-24 17:13 0080  DJ5AS          599  599  55                     2   7019.9
 40CW  18-Nov-24 17:14 0081  OH1SIC         599  599  41                     3   7018.6
 40CW  18-Nov-24 17:15 0082  PA3ARM         599  599  75                     3   7016.1
 40CW  18-Nov-24 17:16 0083  DJ9KH          599  599  82                     2   7014.7
 80CW  18-Nov-24 17:18 0084  DJ3WE          599  599  75            DL       2   3527.8
 80CW  18-Nov-24 17:18 0085  OK1AY          599  599  50            OK       3   3527.8
 80CW  18-Nov-24 17:19 0086  OK1RZ          599  599  47                     3   3527.8
 80CW  18-Nov-24 17:19 0087  DF8QB          599  599  52                     2   3527.8
 80CW  18-Nov-24 17:20 0088  DM5I           599  599  114                    2   3527.8
 80CW  18-Nov-24 17:20 0089  SM5IMO         599  599  109           SM       3   3527.8
 80CW  18-Nov-24 17:20 0090  DR2C           599  599  107                    2   3527.8
 80CW  18-Nov-24 17:21 0091  DL7YS          599  599  92                     2   3527.8
 80CW  18-Nov-24 17:21 0092  DL8QS          599  599  105                    2   3527.8
 80CW  18-Nov-24 17:21 0093  DD5M           599  599  94                     2   3527.8
 80CW  18-Nov-24 17:22 0094  OK2BFN         599  599  73                     3   3527.8
 80CW  18-Nov-24 17:22 0095  SP8BXL         599  599  38            SP       3   3527.8
 80CW  18-Nov-24 17:22 0096  OL8R           599  599  139                    3   3527.8
 80CW  18-Nov-24 17:22 0097  HA5MA          599  599  84            HA       3   3527.8
 80CW  18-Nov-24 17:23 0098  HA5OV          599  599  84                     3   3527.8
 80CW  18-Nov-24 17:23 0099  HA6NL          599  599  86                     3   3527.8
 80CW  18-Nov-24 17:23 0100  OM5KM          599  599  58            OM       3   3527.8
 80CW  18-Nov-24 17:24 0101  OK1FKD         599  599  67                     3   3527.8
 80CW  18-Nov-24 17:24 0102  SM0OEK         599  599  45                     3   3527.8
 80CW  18-Nov-24 17:25 0103  DR2C           599  599  112                    0   3527.8
 80CW  18-Nov-24 17:25 0104  SP2XX          599  599  94                     3   3527.8
 80CW  18-Nov-24 17:26 0105  SM5CSS         599  599  76                     3   3527.8
 80CW  18-Nov-24 17:26 0106  DJ9MH          599  599  103                    2   3527.8
 80CW  18-Nov-24 17:26 0107  SP3CW          599  599  58                     3   3527.8
 80CW  18-Nov-24 17:27 0108  OK2PYA         599  599  66                     3   3527.8
 80CW  18-Nov-24 17:28 0109  OK1FMX         599  599  77                     3   3527.8
 80CW  18-Nov-24 17:29 0110  DA0BCC         599  599  93                     2   3527.8
 80CW  18-Nov-24 17:29 0111  DL1DWR         599  599  30                     2   3527.8
 80CW  18-Nov-24 17:29 0112  OK1NG          599  599  46                     3   3527.8
