 40CW  28-Oct-24 16:31 0001  HG1G           599  599  6             HA       3   7031.4
 40CW  28-Oct-24 16:32 0002  PC4H           599  599  5             PA       3   7031.4
 40CW  28-Oct-24 16:32 0003  PC0A           599  599  7                      3   7031.4
 40CW  28-Oct-24 16:32 0004  OK1TRJ         599  599  6             OK       3   7031.4
 40CW  28-Oct-24 16:33 0005  SN1T           599  599  9             SP       3   7031.4
 40CW  28-Oct-24 16:33 0006  OK4RQ          599  599  10                     3   7031.4
 40CW  28-Oct-24 16:34 0007  OK1ITK         599  599  3                      3   7031.4
 40CW  28-Oct-24 16:34 0008  SE5T           599  599  10            SM       3   7031.4
 40CW  28-Oct-24 16:34 0009  OK5SA          599  599  6                      3   7031.4
 40CW  28-Oct-24 16:35 0010  DL2NBY         599  599  8             DL       2   7031.4
 40CW  28-Oct-24 16:35 0011  DF8TY          599  599  4                      2   7031.4
 40CW  28-Oct-24 16:35 0012  SN2S           599  599  12                     3   7031.4
 40CW  28-Oct-24 16:35 0013  OM4DU          599  599  9             OM       3   7031.4
 40CW  28-Oct-24 16:36 0014  OM4AY          599  599  4                      3   7031.4
 40CW  28-Oct-24 16:37 0015  RV6HV          599  599  11            UA       3   7031.4
 40CW  28-Oct-24 16:37 0016  DF4XX          599  599  17                     2   7031.4
 40CW  28-Oct-24 16:37 0017  OZ7BQ          599  599  08            OZ       3   7031.4
 40CW  28-Oct-24 16:38 0018  OL8R           599  599  29                     3   7031.4
 40CW  28-Oct-24 16:39 0019  DR6T           599  599  5                      2   7031.4
 40CW  28-Oct-24 16:39 0020  OK2SFP         599  599  9                      3   7031.4
 40CW  28-Oct-24 16:40 0021  OK1TN          599  599  25                     3   7031.4
 40CW  28-Oct-24 16:40 0022  HB9CMW         599  599  6             HB       3   7031.4
 40CW  28-Oct-24 16:42 0023  OK2BFN         599  599  19                     3   7031.4
 40CW  28-Oct-24 16:42 0024  HA5BA          599  599  18                     3   7031.4
 40CW  28-Oct-24 16:43 0025  DA0BCC         599  599  30                     2   7031.4
 40CW  28-Oct-24 16:43 0026  OK1DSZ         599  599  23                     3   7031.4
 40CW  28-Oct-24 16:44 0027  OM5JA          599  599  5                      3   7030.7
 40CW  28-Oct-24 16:44 0028  DD5M           599  599  35                     2   7030.3
 40CW  28-Oct-24 16:45 0029  SP4TKR         599  599  32                     3   7029.8
 40CW  28-Oct-24 16:47 0030  DL5YM          599  599  34                     2   7026.2
 40CW  28-Oct-24 16:47 0031  OK1IBP         599  599  39                     3   7025.8
 40CW  28-Oct-24 16:48 0032  DJ4MX          599  599  34                     2   7025.3
 40CW  28-Oct-24 16:48 0033  DF8V           599  599  35                     2   7024.9
 40CW  28-Oct-24 16:49 0034  DJ3WE          599  599  44                     2   7023.8
 40CW  28-Oct-24 16:49 0035  LZ5DI          599  599  45            LZ       3   7022.5
 40CW  28-Oct-24 16:50 0036  OK1OA          599  599  39                     3   7022.0
 40CW  28-Oct-24 16:50 0037  PA3ARM         599  599  42                     3   7020.6
 40CW  28-Oct-24 16:51 0038  DF7YE          599  599  52                     2   7019.1
 40CW  28-Oct-24 16:52 0039  SC6O           599  599  37                     3   7018.6
 40CW  28-Oct-24 16:52 0040  OK1RZ          599  599  56                     3   7017.4
 40CW  28-Oct-24 16:53 0041  SM5IMO         599  599  47                     3   7016.4
 40CW  28-Oct-24 16:54 0042  YU1924RB       599  599  44            YU       3   7016.0
 40CW  28-Oct-24 16:55 0043  DK3AX          599  599  29                     2   7017.5
 40CW  28-Oct-24 16:55 0044  SO3O           599  599  52                     3   7017.5
 40CW  28-Oct-24 16:56 0045  HA5MA          599  599  43                     3   7017.5
 40CW  28-Oct-24 16:56 0046  OK1AMX         599  599  36                     3   7017.5
 40CW  28-Oct-24 16:56 0047  OK1FMX         599  599  47                     3   7017.5
 40CW  28-Oct-24 16:57 0048  DM7W           599  599  46                     2   7017.5
 40CW  28-Oct-24 16:57 0049  DR2C           599  599  48                     2   7017.5
 40CW  28-Oct-24 16:58 0050  DJ9SN          599  599  37                     2   7017.5
 80CW  28-Oct-24 17:00 0051  OK1AY          599  599  18            OK       3   3537.9
 80CW  28-Oct-24 17:00 0052  OM3FW          599  599  16            OM       3   3541.1
 80CW  28-Oct-24 17:01 0053  OK1NG          599  599  17                     3   3536.5
 80CW  28-Oct-24 17:01 0054  DJ9MH          599  599  56            DL       2   3535.0
 80CW  28-Oct-24 17:02 0055  OK1JAX         599  599  57                     3   3533.4
 80CW  28-Oct-24 17:02 0056  OM5TZ          599  599  20                     3   3532.5
 80CW  28-Oct-24 17:04 0057  DM7W           599  599  61                     2   3537.5
 80CW  28-Oct-24 17:05 0058  DK3AX          599  599  37                     2   3537.5
 80CW  28-Oct-24 17:05 0059  DR6T           599  599  29                     2   3537.5
 80CW  28-Oct-24 17:06 0060  OK2BFN         599  599  64                     3   3537.5
 80CW  28-Oct-24 17:07 0061  SM5CSS         599  599  60            SM       3   3537.5
 80CW  28-Oct-24 17:08 0062  DL1DWR         599  599  22                     2   3537.5
 80CW  28-Oct-24 17:08 0063  DF1DT          599  599  56                     2   3537.5
 80CW  28-Oct-24 17:09 0064  M7R            599  599  39            G        3   3537.5
 80CW  28-Oct-24 17:09 0065  SP8BXL         599  599  22            SP       3   3537.5
 80CW  28-Oct-24 17:10 0066  OK7NV          599  599  27                     3   3537.5
 80CW  28-Oct-24 17:10 0067  DJ3WE          599  599  80                     2   3537.5
 80CW  28-Oct-24 17:11 0068  OK1LO          599  599  25                     3   3537.5
 80CW  28-Oct-24 17:11 0069  OL8R           599  599  122                    3   3537.5
 80CW  28-Oct-24 17:13 0070  SD6M           599  599  67                     3   3537.5
 80CW  28-Oct-24 17:13 0071  OK2PYA         599  599  64                     3   3537.5
 80CW  28-Oct-24 17:14 0072  HA5OV          599  599  65            HA       3   3537.5
 80CW  28-Oct-24 17:15 0073  HG1G           599  599  128                    3   3537.5
 80CW  28-Oct-24 17:15 0074  SM6TOL         599  599  83                     3   3537.5
 80CW  28-Oct-24 17:16 0075  OK1FMX         599  599  67                     3   3537.5
 80CW  28-Oct-24 17:16 0076  HA5MA          599  599  86                     3   3537.5
 80CW  28-Oct-24 17:18 0077  DA0BCC         599  599  99                     2   3536.4
 80CW  28-Oct-24 17:18 0078  DL1NKS         599  599  86                     2   3535.7
 80CW  28-Oct-24 17:19 0079  SN5N           599  599  98                     3   3535.3
 80CW  28-Oct-24 17:20 0080  DD5M           599  599  108                    2   3534.4
 80CW  28-Oct-24 17:21 0081  OK1OA          599  599  105                    3   3533.5
 80CW  28-Oct-24 17:21 0082  SM5IMO         599  599  100                    3   3533.0
 80CW  28-Oct-24 17:22 0083  OK1DOR         599  599  77                     3   3542.5
 80CW  28-Oct-24 17:24 0084  OK1DSZ         599  599  103                    3   3536.9
 80CW  28-Oct-24 17:25 0085  DL2NBU         599  599  23                     2   3532.3
 80CW  28-Oct-24 17:26 0086  OK5D           599  599  122                    3   3532.8
 80CW  28-Oct-24 17:27 0087  G4BUE          599  599  2                      3   3532.8
 80CW  28-Oct-24 17:27 0088  DL7YS          599  599  92                     2   3532.8
 80CW  28-Oct-24 17:28 0089  DJ9SN          599  599  75                     2   3532.8
 80CW  28-Oct-24 17:28 0090  SN1T           599  599  141                    3   3532.8
 80CW  28-Oct-24 17:29 0091  DF8QB          599  599  64                     2   3532.8
 80CW  28-Oct-24 17:29 0092  DR2C           599  599  118                    2   3532.8
 80CW  28-Oct-24 17:29 0093  SM5DXR         599  599  68                     3   3532.8
