 10CW  25-Sep-24 19:00 0001  DK8ZZ          599  599  ZIK DL        DL       2  28031.2
 10CW  25-Sep-24 19:02 0002  CT9ABO         599  599  Jozef CT3     CT3      5  28034.9
 15CW  25-Sep-24 19:03 0003  DK8ZZ          599  599  ZIK DL        DL       2  21037.2
 15CW  25-Sep-24 19:04 0004  WN7S           599  599  Dick 1945     K        5  21036.6
 15CW  25-Sep-24 19:04 0005  SM5IMO         599  599  Dan 1854      SM       3  21036.2
 15CW  25-Sep-24 19:07 0006  WG3J           599  599  Eric 2473              5  21033.2
 15CW  25-Sep-24 19:08 0007  N2IC           599  599  Steve 1790             5  21031.6
 15CW  25-Sep-24 19:09 0008  N3RD           599  599  Dave 232               5  21030.6
 15CW  25-Sep-24 19:10 0009  NA4J           599  599  Jim 2027               5  21029.0
 15CW  25-Sep-24 19:14 0010  N3OC           599  599  BRIAN 2944             5  21026.5
 40CW  25-Sep-24 19:15 0011  LY8O           599  599  Remi 1858     LY       3   7027.3
 40CW  25-Sep-24 19:15 0012  SM7IUN         599  599  Bjorn 2101    SM       3   7027.7
 40CW  25-Sep-24 19:16 0013  SD1A           599  599  Eric 1718              3   7028.5
 40CW  25-Sep-24 19:16 0014  PA0INA         599  599  Frans 443     PA       3   7029.8
 40CW  25-Sep-24 19:17 0015  HA6NL          599  599  Laci 3400     HA       3   7030.3
 40CW  25-Sep-24 19:17 0016  SP5LST         599  599  KOT 3539      SP       3   7031.0
 40CW  25-Sep-24 19:18 0017  SD6F           599  599  Klas 2163              3   7031.7
 40CW  25-Sep-24 19:18 0018  SM6M           599  599  Peter 2663             3   7036.7
 40CW  25-Sep-24 19:20 0019  SE5T           599  599  Kare 3467              3   7026.4
 40CW  25-Sep-24 19:22 0020  R3WRJ          599  599  229N          UA       3   7026.4
 40CW  25-Sep-24 19:23 0021  DL1NKB         599  599  Bernd 2486    DL       2   7026.4
 40CW  25-Sep-24 19:24 0022  SM6F           599  599  Lars 173               3   7026.4
 40CW  25-Sep-24 19:24 0023  DJ9BM          599  599  Volker 3154            2   7026.4
 40CW  25-Sep-24 19:27 0024  R6FS           599  599  OLEG                   3   7026.4
 40CW  25-Sep-24 19:28 0025  SM5ACQ         599  599  Don 1573               3   7026.8
 40CW  25-Sep-24 19:29 0026  DL3YM          599  599  Andy 2520              2   7028.0
 40CW  25-Sep-24 19:30 0027  DL6KVA         599  599  Axel 1678              2   7028.7
 40CW  25-Sep-24 19:31 0028  M0RYB          599  599  Peter 2061    G        3   7029.4
 40CW  25-Sep-24 19:31 0029  SE4E           599  599  Lars SM                3   7030.1
 40CW  25-Sep-24 19:32 0030  OH1SIC         599  599  GI 2094       OH       3   7030.8
 40CW  25-Sep-24 19:33 0031  SC6O           599  599  Ben 3519               3   7037.9
 40CW  25-Sep-24 19:33 0032  LY2J           599  599  PRANAS LY              3   7023.6
 40CW  25-Sep-24 19:34 0033  PA3DBS         599  599  Peter 702              3   7024.9
 80CW  25-Sep-24 19:35 0034  SM6M           599  599  Peter 2663    SM       3   3529.6
 80CW  25-Sep-24 19:35 0035  PA3AAV         599  599  Gert 2624     PA       3   3530.0
 80CW  25-Sep-24 19:36 0036  SD6F           599  599  Klas 2163              3   3530.6
 80CW  25-Sep-24 19:36 0037  SE5T           599  599  Kare 3467              3   3525.6
 80CW  25-Sep-24 19:37 0038  SO3O           599  599  Jan SP        SP       3   3539.3
 80CW  25-Sep-24 19:37 0039  SC6O           599  599  Ben 3519               3   3534.9
 20CW  25-Sep-24 19:38 0040  K2SSS          599  599  ZE NY         K        5  14023.6
 20CW  25-Sep-24 19:39 0041  E77DX          599  599  Braco E7      E7       3  14024.5
 20CW  25-Sep-24 19:39 0042  EA6BF          599  599  Josep 3072    EA6      3  14025.1
 20CW  25-Sep-24 19:40 0043  K3MM           599  599  Ty 114                 5  14026.4
 20CW  25-Sep-24 19:41 0044  K3WW           599  599  Chas 178               5  14027.6
 20CW  25-Sep-24 19:44 0045  N4ZR           599  599  Pete 1277              5  14033.4
 20CW  25-Sep-24 19:45 0046  VE3EJ          599  599  John 513      VE       5  14036.7
 20CW  25-Sep-24 19:46 0047  N6NT           599  599  Bruce 3281             5  14038.0
 20CW  25-Sep-24 19:47 0048  N4ZZ           599  599  DON 902                5  14039.0
 20CW  25-Sep-24 19:49 0049  VA2WA          599  599  Vic 2212               5  14046.3
 20CW  25-Sep-24 19:50 0050  K3MD           599  599  John 750               5  14047.4
 20CW  25-Sep-24 19:51 0051  K4RUM          599  599  Mike 1182              5  14049.0
 20CW  25-Sep-24 19:52 0052  W3FV           599  599  Barry 2025             5  14049.8
 40CW  25-Sep-24 19:52 0053  SO3O           599  599  Jan SP                 3   7023.1
 40CW  25-Sep-24 19:53 0054  OK5M           599  599  Vit 2499      OK       3   7024.6
 40CW  25-Sep-24 19:54 0055  SN5N           599  599  Chris SP               3   7025.3
 40CW  25-Sep-24 19:55 0056  IK3QAR         599  599  PA I          I        3   7026.4
 40CW  25-Sep-24 19:55 0057  DR2C           599  599  ADAM DL                2   7026.7
 40CW  25-Sep-24 19:57 0058  IK3VUT         599  599  Luca 3241              3   7028.7
 40CW  25-Sep-24 19:57 0059  DJ5CW          599  599  Fabian 1566            2   7029.7
 40CW  25-Sep-24 19:58 0060  EA6BF          599  599  Josep 3072    EA6      3   7031.3
 40CW  25-Sep-24 19:59 0061  G3WRJ          599  599  Dick 2209              3   7026.1
