 40CW  14-Feb-24 19:03 0001  SE0B           599  599  CLAES 1849    SM       3   7033.0
 40CW  14-Feb-24 19:03 0002  DL1NKS         599  599  STEVE 2963    DL       2   7033.4
 40CW  14-Feb-24 19:05 0003  SF6J           599  599  GORAN 3471             3   7033.9
 40CW  14-Feb-24 19:06 0004  DJ5CW          599  599  FABIAN 1566            2   7035.6
 40CW  14-Feb-24 19:25 0005  SF1Z           599  599  JENS 2237              3   7031.9
 40CW  14-Feb-24 19:26 0006  SM6F           599  599  LARS 173               3   7031.3
 40CW  14-Feb-24 19:27 0007  UX2HB          599  599  WADDY 2538    UR       3   7035.5
 40CW  14-Feb-24 19:30 0008  SM5ACQ         599  599  DON 1573               3   7038.1
 40CW  14-Feb-24 19:30 0009  OK2QA          599  599  RUDA 2891     OK       3   7026.3
 40CW  14-Feb-24 19:31 0010  SD1A           599  599  ERIC 1718              3   7027.0
 40CW  14-Feb-24 19:32 0011  SC6O           599  599  BEN SM                 3   7029.2
 40CW  14-Feb-24 19:33 0012  SM5S           599  599  GI 2094                3   7029.5
 40CW  14-Feb-24 19:34 0013  SD6M           599  599  PER 1773               3   7030.5
 40CW  14-Feb-24 19:40 0014  EI6FR          599  599  DECLAN 2811   EI       3   7032.0
 40CW  14-Feb-24 19:41 0015  SD6F           599  599  KLAS 2163              3   7033.3
 40CW  14-Feb-24 19:42 0016  G3WW           599  599  DEZ 3307      G        3   7036.5
 80CW  14-Feb-24 19:45 0017  DJ1OJ          599  599  HEIJO 425     DL       2   3528.6
 80CW  14-Feb-24 19:46 0018  SE0B           599  599  CLAES 1849    SM       3   3528.8
 80CW  14-Feb-24 19:46 0019  SF6J           599  599  GORAN 3471             3   3534.4
 80CW  14-Feb-24 19:49 0020  DM6EE          599  599  LUTZ 2654              2   3537.1
 80CW  14-Feb-24 19:51 0021  9A2UN          599  599  BERT 9A       9A       3   3536.4
 80CW  14-Feb-24 19:52 0022  OK2QA          599  599  RUDA 2891     OK       3   3536.4
 80CW  14-Feb-24 19:53 0023  SM5ACQ         599  599  DON 1573               3   3536.4
 80CW  14-Feb-24 19:53 0024  PC4H           599  599  HENK 3399     PA       3   3536.4
 80CW  14-Feb-24 19:53 0025  SD6F           599  599  KLAS 2163              3   3536.4
 80CW  14-Feb-24 19:55 0026  F5SGI          599  599  JEAN 2532     F        3   3535.2
 80CW  14-Feb-24 19:55 0027  SD1A           599  599  ERIC 1718              3   3536.1
 80CW  14-Feb-24 19:57 0028  SC6O           599  599  BEN SM                 3   3529.7
 80CW  14-Feb-24 19:57 0029  SN5N           599  599  CHRIS SP      SP       3   3531.2
 80CW  14-Feb-24 19:58 0030  ON7PQ          599  599  PAT 2365      ON       3   3531.7
 80CW  14-Feb-24 19:59 0031  EA1X           599  599  JUAN 2562     EA       3   3532.5
 80CW  14-Feb-24 19:59 0032  PA3DBS         599  599  PETER 702              3   3533.3
