 15CW  22-Jun-24 18:54 0001  KC7V           599  599  1D AZ         K        5  21041.7
 15CW  22-Jun-24 18:55 0002  KB4CG          599  599  1B VA                  5  21044.2
 15CW  22-Jun-24 18:58 0003  K5PI           599  599  1D STX                 5  21038.7
 15CW  22-Jun-24 19:04 0004  NS1RA          599  599  3A EMA                 5  21030.2
 15CW  22-Jun-24 19:09 0005  W8FJ           599  599  1D EPA                 5  21025.6
 15CW  22-Jun-24 19:12 0006  W5NX           599  599  3A AR                  5  21021.9
 15CW  22-Jun-24 19:12 0007  K9LJN          599  599  1E IL                  5  21020.4
 15CW  22-Jun-24 19:13 0008  KT7E           599  599  2D OR                  5  21015.6
 15CW  22-Jun-24 19:14 0009  K9OM           599  599  1E WI                  5  21015.0
 20CW  22-Jun-24 19:17 0010  IT9RZU         599  599  1D DX         IT9      3  14022.0
 20CW  22-Jun-24 19:20 0011  K1PQ           599  599  3A ME         K        5  14031.8
 20CW  22-Jun-24 19:22 0012  K2WK           599  599  1D VA                  5  14033.3
 20CW  22-Jun-24 19:23 0013  K9RN           599  599  2A IL                  5  14033.7
 20CW  22-Jun-24 19:24 0014  W4MYA          599  599  1D VA                  5  14034.0
 20CW  22-Jun-24 19:27 0015  W2MMD          599  599  9A SNJ                 5  14036.4
 20CW  22-Jun-24 19:29 0016  W8UCO          599  599  2A OH                  5  14037.4
 20CW  22-Jun-24 19:30 0017  W1M            599  599  3A ME                  5  14040.2
 20CW  22-Jun-24 19:32 0018  K2CT           599  599  4A ENY                 5  14046.6
 20CW  22-Jun-24 19:36 0019  WX4E           599  599  2A WCF                 5  14048.8
 20CW  22-Jun-24 19:39 0020  K4RC           599  599  3A VA                  5  14053.3
 20CW  22-Jun-24 19:43 0021  VO1EGH         599  599  3C NL         VE       5  14000.5
 20CW  22-Jun-24 19:46 0022  N4TRS          599  599  1B SC                  5  14003.0
 20CW  22-Jun-24 19:48 0023  K1R            599  599  3A NH                  5  14005.0
 20CW  22-Jun-24 19:52 0024  VE1LD          599  599  3A NS                  5  14014.0
 15CW  22-Jun-24 19:56 0025  W4DW           599  599  8A NC                  5  21009.4
 15CW  22-Jun-24 20:00 0026  P3X            599  599  1A DX         5B       5  21016.0
 15CW  22-Jun-24 20:04 0027  N0KV           599  599  3A CO                  5  21028.3
 15CW  22-Jun-24 20:08 0028  N5AW           599  599  1E STX                 5  21028.9
 15CW  22-Jun-24 20:10 0029  N6XI           599  599  2D SV                  5  21036.9
 15CW  22-Jun-24 20:13 0030  K1SEC          599  599  1D EMA                 5  21038.5
 15CW  22-Jun-24 20:20 0031  N5RZ           599  599  3E STX                 5  21045.1
 15CW  22-Jun-24 20:34 0032  K2NV           599  599  1D WNY                 5  21049.1
 15CW  22-Jun-24 20:37 0033  N5CXX          599  599  2E NTX                 5  21057.4
 15CW  22-Jun-24 20:39 0034  N5JB           599  599  1E NTX                 5  21059.0
 15CW  22-Jun-24 20:43 0035  KY4X           599  599  3A KY                  5  21062.2
 15CW  22-Jun-24 20:44 0036  N1TN           599  599  2A ME                  5  21063.4
 15CW  22-Jun-24 20:49 0037  K3MJW          599  599  3E WPA                 5  21068.0
 15CW  22-Jun-24 20:59 0038  VE1LD          599  599  3A NS         VE       5  21025.1
 15CW  22-Jun-24 21:01 0039  W7WA           599  599  1A WWA                 5  21026.8
 15CW  22-Jun-24 21:03 0040  K9RN           599  599  2A IL                  5  21029.4
 15CW  22-Jun-24 21:04 0041  N0SZ           599  599  4A CO                  5  21031.1
 15CW  22-Jun-24 21:07 0042  K1ZL           599  599  1D ME                  5  21032.1
 15CW  22-Jun-24 21:07 0043  KK5W           599  599  10A STX                5  21032.5
 15CW  22-Jun-24 21:08 0044  W0DK           599  599  3A CO                  5  21033.0
 15CW  22-Jun-24 21:10 0045  W3AO           599  599  13A MDC                5  21033.6
 15CW  22-Jun-24 21:12 0046  K3SMT          599  599  5A WPA                 5  21035.3
 15CW  22-Jun-24 21:13 0047  W2RDX          599  599  3A WNY                 5  21035.6
 15CW  22-Jun-24 21:16 0048  VE7SCC         599  599  3A BC                  5  21037.0
 15CW  22-Jun-24 21:24 0049  KP4EG          599  599  2B PR         KP4      5  21037.5
 15CW  22-Jun-24 21:26 0050  W1SYE          599  599  2A RI                  5  21037.8
 15CW  22-Jun-24 21:27 0051  W1RM           599  599  1D CT                  5  21039.6
 20CW  22-Jun-24 21:33 0052  N2RI           599  599  1D NLI                 5  14033.7
 20CW  22-Jun-24 21:36 0053  W1CPG          599  599  3A NH                  5  14036.7
 20CW  22-Jun-24 21:37 0054  K1PAD          599  599  1E NH                  5  14038.8
 20CW  22-Jun-24 21:38 0055  W4DXM          599  599  1E SFL                 5  14041.9
 20CW  22-Jun-24 21:39 0056  W1NVT          599  599  2A VT                  5  14042.1
 20CW  22-Jun-24 21:41 0057  K4ORD          599  599  1D VA                  5  14043.7
 20CW  22-Jun-24 21:43 0058  KC3FQF         599  599  1B DE                  5  14045.6
 20CW  22-Jun-24 22:01 0059  W3AO           599  599  13A MDC                5  14047.9
 20CW  22-Jun-24 22:03 0060  K0II           599  599  1D MN                  5  14048.9
 20CW  22-Jun-24 22:07 0061  W0KCK          599  599  2A KS                  5  14052.6
 20CW  23-Jun-24 08:49 0062  K4SV           599  599  2A SC                  5  14046.0
 20CW  23-Jun-24 09:17 0063  AJ4A           599  599  6A KY                  5  14028.5
 15CW  23-Jun-24 14:49 0064  WA4AUG         599  599  1F GA                  5  21024.4
 15CW  23-Jun-24 14:51 0065  AA3B           599  599  1E EPA                 5  21022.0
 15CW  23-Jun-24 15:02 0066  WA7NB          599  599  1A AZ                  5  21024.0
 15CW  23-Jun-24 15:02 0067  W3USA          599  599  1A OH                  5  21025.1
 15CW  23-Jun-24 15:04 0068  W0CO           599  599  1B CO                  5  21038.1
 15CW  23-Jun-24 15:05 0069  W4MYA          599  599  1D VA                  5  21039.2
 15CW  23-Jun-24 17:00 0070  W7SW           599  599  1D AZ                  5  21044.7
 15CW  23-Jun-24 17:02 0071  W4DXM          599  599  1E SFL                 5  21044.0
 15CW  23-Jun-24 17:04 0072  N6RK           599  599  1E SV                  5  21043.1
 15CW  23-Jun-24 17:05 0073  W1M            599  599  3A ME                  5  21042.3
 15CW  23-Jun-24 17:08 0074  NS0R           599  599  1D KS                  5  21039.6
 15CW  23-Jun-24 17:09 0075  HA5JI          599  599  1D DX         HA       3  21039.2
 15CW  23-Jun-24 17:10 0076  W6EK           599  599  4A SV                  5  21037.2
 15CW  23-Jun-24 17:11 0077  N9GMT          599  599  9A WI                  5  21036.2
 15CW  23-Jun-24 17:13 0078  K4PV           599  599  1D NFL                 5  21034.6
 15CW  23-Jun-24 17:15 0079  K4BFT          599  599  4A AL                  5  21034.2
 15CW  23-Jun-24 17:22 0080  W0CLA          599  599  2A CO                  5  21027.6
 15CW  23-Jun-24 17:24 0081  WA1BXY         599  599  1A NFL                 5  21026.7
 15CW  23-Jun-24 17:28 0082  K0AD           599  599  1D MN                  5  21024.4
 15CW  23-Jun-24 17:29 0083  VE2FK          599  599  1D QC                  5  21024.0
 15CW  23-Jun-24 17:32 0084  KR2Q           599  599  1D NNJ                 5  21022.3
