 40CW  04-Mar-24 16:30 0001  OK1RZ          599  599  001           OK       3   7030.8
 40CW  04-Mar-24 16:30 0002  SE5E           599  599  002           SM       3   7032.1
 40CW  04-Mar-24 16:31 0003  DJ9KH          599  599  003           DL       2   7032.8
 40CW  04-Mar-24 16:31 0004  SM6TOL         599  599  002                    3   7033.1
 40CW  04-Mar-24 16:32 0005  OK2WY          599  599  005                    3   7033.6
 40CW  04-Mar-24 16:32 0006  OM5CM          599  599  008           OM       3   7034.5
 40CW  04-Mar-24 16:33 0007  DR2C           599  599  010                    2   7035.0
 40CW  04-Mar-24 16:34 0008  DA3T           599  599  006                    2   7035.4
 40CW  04-Mar-24 16:36 0009  SE5T           599  599  009                    3   7037.2
 40CW  04-Mar-24 16:36 0010  DL1NKS         599  599  014                    2   7038.0
 40CW  04-Mar-24 16:37 0011  OK1AMX         599  599  011                    3   7038.2
 40CW  04-Mar-24 16:38 0012  DL5YAS         599  599  005                    2   7039.0
 40CW  04-Mar-24 16:38 0013  PA3AAV         599  599  021           PA       3   7018.6
 40CW  04-Mar-24 16:39 0014  DF1LON         599  599  014                    2   7019.1
 40CW  04-Mar-24 16:39 0015  HA6NL          599  599  026           HA       3   7019.6
 40CW  04-Mar-24 16:40 0016  OM2KI          599  599  027                    3   7020.3
 40CW  04-Mar-24 16:40 0017  SE0B           599  599  020                    3   7020.8
 40CW  04-Mar-24 16:41 0018  ON4EM          599  599  021           ON       3   7021.5
 40CW  04-Mar-24 16:43 0019  PA3ARM         599  599  025                    3   7022.8
 40CW  04-Mar-24 16:44 0020  SM0OEK         599  599  036                    3   7023.1
 40CW  04-Mar-24 16:45 0021  OK5D           599  599  039                    3   7023.6
 40CW  04-Mar-24 16:45 0022  SM5ACQ         599  599  020                    3   7023.9
 40CW  04-Mar-24 16:46 0023  SP4TKR         599  599  042           SP       3   7024.2
 40CW  04-Mar-24 16:47 0024  SC6O           599  599  025                    3   7024.7
 40CW  04-Mar-24 16:48 0025  OK2EA          599  599  041                    3   7025.6
 40CW  04-Mar-24 16:49 0026  E77EA          599  599  049           E7       3   7026.0
 40CW  04-Mar-24 16:50 0027  OL8R           599  599  049                    3   7026.7
 40CW  04-Mar-24 16:52 0028  OZ7BQ          599  599  030           OZ       3   7022.4
 40CW  04-Mar-24 16:52 0029  DF4ZL          599  599  031                    2   7022.4
 40CW  04-Mar-24 16:53 0030  OK5OO          599  599  044                    3   7022.4
 40CW  04-Mar-24 16:53 0031  DL4ME          599  599  033                    2   7022.4
 40CW  04-Mar-24 16:54 0032  OK1OA          599  599  040                    3   7022.4
 40CW  04-Mar-24 16:54 0033  HB9HTF         599  599  034           HB       3   7022.4
 40CW  04-Mar-24 16:54 0034  OK1TD          599  599  035                    3   7022.4
 40CW  04-Mar-24 16:55 0035  OL1T           599  599  049                    3   7022.4
 40CW  04-Mar-24 16:55 0036  YL3JD          599  599  034           YL       3   7022.4
 40CW  04-Mar-24 16:55 0037  SP7N           599  599  047                    3   7022.4
 40CW  04-Mar-24 16:56 0038  OK2VX          599  599  032                    3   7022.4
 40CW  04-Mar-24 16:57 0039  SM6IQD         599  599  027                    3   7022.4
 40CW  04-Mar-24 16:57 0040  HA5MA          599  599  048                    3   7022.4
 40CW  04-Mar-24 16:58 0041  DM1T           599  599  046                    2   7022.4
 40CW  04-Mar-24 16:58 0042  OK1FKD         599  599  034                    3   7022.4
 40CW  04-Mar-24 16:59 0043  HA5BA          599  599  041                    3   7022.4
 40CW  04-Mar-24 16:59 0044  OK1WSL         599  599  022                    3   7022.4
 40CW  04-Mar-24 17:00 0045  S52W           599  599  068           S5       3   7022.4
 40CW  04-Mar-24 17:00 0046  SD6M           599  599  052                    3   7022.4
 40CW  04-Mar-24 17:01 0047  9A3DML         599  599  025           9A       3   7022.4
 40CW  04-Mar-24 17:02 0048  SP2HSX         599  599  036                    3   7022.4
 40CW  04-Mar-24 17:02 0049  HB9CMW         599  599  006                    3   7022.4
 40CW  04-Mar-24 17:03 0050  M4N            599  599  061           G        3   7022.4
 40CW  04-Mar-24 17:03 0051  SP4JFR         599  599  049                    3   7022.4
 40CW  04-Mar-24 17:04 0052  OM5RM          599  599  067                    3   7022.4
 40CW  04-Mar-24 17:05 0053  OK1DSZ         599  599  035                    3   7022.4
 40CW  04-Mar-24 17:06 0054  OK2SFP         599  599  028                    3   7022.4
 40CW  04-Mar-24 17:06 0055  HB9BXE         599  599  070                    3   7022.4
 40CW  04-Mar-24 17:07 0056  SP8BXL         599  599  045                    3   7022.4
 80CW  04-Mar-24 17:08 0057  SM6M           599  599  069           SM       3   3524.3
 80CW  04-Mar-24 17:09 0058  SE5T           599  599  063                    3   3525.9
 80CW  04-Mar-24 17:10 0059  DJ9KH          599  599  069           DL       2   3527.1
 80CW  04-Mar-24 17:11 0060  SE5E           599  599  097                    3   3528.6
 80CW  04-Mar-24 17:12 0061  OM2KI          599  599  103           OM       3   3528.6
 80CW  04-Mar-24 17:12 0062  DL1BUG         599  599  074                    2   3528.6
 80CW  04-Mar-24 17:13 0063  OK1NU          599  599  035           OK       3   3528.6
 80CW  04-Mar-24 17:13 0064  DF7YE          599  599  060                    2   3528.6
 80CW  04-Mar-24 17:13 0065  DJ3WE          599  599  075                    2   3528.6
 80CW  04-Mar-24 17:14 0066  OK1AY          599  599  052                    3   3528.6
 80CW  04-Mar-24 17:14 0067  DR2C           599  599  101                    2   3528.6
 80CW  04-Mar-24 17:14 0068  SP3CW          599  599  037           SP       3   3528.6
 80CW  04-Mar-24 17:15 0069  DL4ME          599  599  076                    2   3528.6
 80CW  04-Mar-24 17:15 0070  OM5CM          599  599  049                    3   3528.6
 80CW  04-Mar-24 17:16 0071  OM3FW          599  599  040                    3   3528.6
 80CW  04-Mar-24 17:17 0072  OL1T           599  599  092                    3   3528.6
 80CW  04-Mar-24 17:17 0073  OK7NV          599  599  038                    3   3528.6
 80CW  04-Mar-24 17:18 0074  OK1FKD         599  599  058                    3   3528.6
 80CW  04-Mar-24 17:18 0075  DM4IM          599  599  053                    2   3528.6
 80CW  04-Mar-24 17:19 0076  HA6NL          599  599  089           HA       3   3528.6
 80CW  04-Mar-24 17:20 0077  DK3AX          599  599  051                    2   3528.6
 80CW  04-Mar-24 17:21 0078  DL5YAS         599  599  057                    2   3529.2
 80CW  04-Mar-24 17:21 0079  OM5AA          599  599  072                    3   3531.1
 80CW  04-Mar-24 17:22 0080  OL7P           599  599  019                    3   3532.5
 80CW  04-Mar-24 17:24 0081  E77EA          599  599  120           E7       3   3533.0
 80CW  04-Mar-24 17:24 0082  SC6O           599  599  092                    3   3533.4
 80CW  04-Mar-24 17:25 0083  SN5N           599  599  116                    3   3534.0
 80CW  04-Mar-24 17:26 0084  OK2EA          599  599  113                    3   3536.6
 80CW  04-Mar-24 17:28 0085  OM5TZ          599  599  058                    3   3538.4
 80CW  04-Mar-24 17:29 0086  HA5BA          599  599  085                    3   3539.6
 80CW  04-Mar-24 17:29 0087  OK1TN          599  599  106                    3   3542.6
