 20DIG 14-Dec-24 16:12 0001  LZ5E           599  599  58 TRC        LZ       3  14094.8
 40DIG 14-Dec-24 16:26 0002  ON5GQ          599  599  190 TRC       ON       3   7051.8
 40DIG 14-Dec-24 16:29 0003  OZ11A          599  599  277 TRC       OZ       3   7051.3
 40DIG 14-Dec-24 16:30 0004  OK1KKI         599  599  094           OK       3   7050.8
 40DIG 14-Dec-24 16:32 0005  LZ3QE          599  599  227 TRC       LZ       3   7050.0
 40DIG 14-Dec-24 16:34 0006  RG9A           599  599  394           UA9      5   7049.7
 40DIG 14-Dec-24 16:36 0007  LX1ER          599  599  133           LX       3   7048.5
 40DIG 14-Dec-24 16:38 0008  OF9X           599  599  124 TRC       OH       3   7047.7
 40DIG 14-Dec-24 16:40 0009  9A1CCY         599  599  105           9A       3   7046.8
 40DIG 14-Dec-24 16:41 0010  F5GKW          599  599  190 TRC       F        3   7046.2
 40DIG 14-Dec-24 16:42 0011  EA3CS          599  599  116           EA       3   7045.7
 40DIG 14-Dec-24 16:43 0012  UT7NI          599  599  019           UR       3   7045.0
 40DIG 14-Dec-24 16:44 0013  ON6AT          599  599  128                    3   7044.6
 40DIG 14-Dec-24 16:47 0014  DQ9Y           599  599  176           DL       2   7042.3
 40DIG 14-Dec-24 16:48 0015  OK2WF          599  599  2                      3   7041.5
 40DIG 14-Dec-24 16:53 0016  F4FDR          599  599  136 TRC                3   7043.9
 40DIG 14-Dec-24 16:55 0017  GE7RTI         599  599  017           G        3   7043.9
 40DIG 14-Dec-24 16:59 0018  OK2VIR         599  599  028                    3   7043.9
 40DIG 14-Dec-24 17:00 0019  HB9DAZ         599  599  030           HB       3   7043.9
 40DIG 14-Dec-24 17:01 0020  IV3LNQ         599  599  039 TRC       I        3   7043.9
 40DIG 14-Dec-24 17:02 0021  UZ1WW          599  599  241 TRC                3   7043.9
 40DIG 14-Dec-24 17:03 0022  IW2NRI         599  599  014                    3   7043.9
 40DIG 14-Dec-24 17:03 0023  RN2FQ          599  599  052           UA2      3   7043.9
 40DIG 14-Dec-24 17:04 0024  LY2BAA         599  599  076           LY       3   7043.9
 40DIG 14-Dec-24 17:08 0025  EA1IYK         599  599  11                     3   7043.9
 40DIG 14-Dec-24 17:09 0026  SP8CGU         599  599  130 TRC       SP       3   7043.9
 40DIG 14-Dec-24 17:10 0027  EA2ESU         599  599  82                     3   7043.9
 40DIG 14-Dec-24 17:11 0028  EW8G           599  599  031 TRC       EU       3   7043.9
 40DIG 14-Dec-24 17:13 0029  EA4FME         599  599  139 TRC                3   7043.9
 40DIG 14-Dec-24 17:16 0030  DK2FG          599  599  070                    2   7043.9
 40DIG 14-Dec-24 17:18 0031  YL3NU          599  599  036 TRC       YL       3   7043.9
 40DIG 14-Dec-24 17:25 0032  R5AN           599  599  064           UA       3   7040.9
 80DIG 14-Dec-24 17:28 0033  OZ11A          599  599  307 TRC       OZ       3   3584.9
 80DIG 14-Dec-24 17:31 0034  DK2FG          599  599  077           DL       2   3590.9
 80DIG 14-Dec-24 17:32 0035  PA4O           599  599  155 TRC       PA       3   3593.1
 80DIG 14-Dec-24 17:33 0036  LX1ER          599  599  166           LX       3   3593.7
 40DIG 14-Dec-24 18:44 0037  YT9WW          599  599  024           YU       3   7047.5
 40DIG 14-Dec-24 18:44 0038  EA3F           599  599  67                     3   7042.4
 40DIG 14-Dec-24 18:49 0039  DF8QB          599  599  005                    2   7052.1
 40DIG 14-Dec-24 18:54 0040  4Z5FI          599  599  089 TRC       4X       5   7043.0
 80DIG 14-Dec-24 18:57 0041  LZ3QE          599  599  272 TRC       LZ       3   3592.0
 80DIG 14-Dec-24 18:59 0042  S51CK          599  599  198           S5       3   3592.5
 80DIG 14-Dec-24 19:22 0043  R5AN           599  599  111           UA       3   3593.3
 80DIG 14-Dec-24 19:24 0044  ON5GQ          599  599  249 TRC       ON       3   3595.2
 80DIG 14-Dec-24 19:25 0045  DQ9Y           599  599  258                    2   3595.6
 80DIG 14-Dec-24 19:26 0046  ON6YYY         599  599  090                    3   3596.6
 80DIG 14-Dec-24 19:32 0047  RG9A           599  599  478           UA9      5   3598.2
 80DIG 14-Dec-24 19:43 0048  DF8QB          599  599  036                    2   3591.3
 80DIG 14-Dec-24 19:44 0049  UZ1WW          599  599  286 TRC       UR       3   3593.2
 80DIG 14-Dec-24 19:46 0050  PE1FTV         599  599  075                    3   3593.8
 80DIG 14-Dec-24 19:48 0051  PA3EWG         599  599  088 TRC                3   3597.0
 80DIG 14-Dec-24 19:49 0052  SE6K           599  599  092           SM       3   3597.7
 80DIG 14-Dec-24 19:51 0053  OK1KKI         599  599  182           OK       3   3598.5
 80DIG 14-Dec-24 19:52 0054  M0HWT          599  599  040           G        3   3598.5
 80DIG 14-Dec-24 19:52 0055  DL3DRN         599  599  097                    2   3598.5
 80DIG 14-Dec-24 19:53 0056  9A1CCY         599  599  169           9A       3   3598.5
 80DIG 14-Dec-24 19:53 0057  G4OZG          599  599  071                    3   3598.5
 80DIG 14-Dec-24 20:15 0058  SP3MEO         599  599  014           SP       3   3592.5
 80DIG 14-Dec-24 20:18 0059  YU1KT          599  599  070           YU       3   3595.5
 80DIG 14-Dec-24 20:20 0060  G0GQT          599  599  202                    3   3596.6
