 20CW  31-Dec-24 11:40 0001  G3YJQ          599  599  0             G        3  14035.0
 20CW  31-Dec-24 11:41 0002  MI0SAI         599  599  0             GI       3  14035.0
 20CW  31-Dec-24 11:42 0003  IS0LYN         599  599  0             IS       3  14035.0
 20CW  31-Dec-24 11:43 0004  DJ6CZ          599  599  0             DL       2  14035.0
 20CW  31-Dec-24 11:44 0005  LY3AB          599  599  0             LY       3  14035.0
 20CW  31-Dec-24 11:45 0006  YT7MK          599  599  0             YU       3  14035.0
 20CW  31-Dec-24 11:45 0007  DL7AQT         599  599  0                      2  14035.0
 20CW  31-Dec-24 11:45 0008  EA3CE          599  599  0             EA       3  14035.0
 20CW  31-Dec-24 11:46 0009  LY2GV          599  599  0                      3  14035.0
 20CW  31-Dec-24 11:46 0010  IW3ILM         599  599  0             I        3  14035.0
 20CW  31-Dec-24 11:47 0011  9A3BV          599  599  0             9A       3  14035.0
 20CW  31-Dec-24 11:47 0012  UT5UIA         599  599  0             UR       3  14035.0
 20CW  31-Dec-24 11:47 0013  IW3ILP         599  599  0                      3  14035.0
 20CW  31-Dec-24 11:48 0014  RA7KQ          599  599  0             UA       3  14035.0
 20CW  31-Dec-24 11:49 0015  DL7HU          599  599  0                      2  14035.0
 20CW  31-Dec-24 11:49 0016  UR9LM          599  599  0                      3  14035.0
 20CW  31-Dec-24 11:49 0017  EA4T           599  599  0                      3  14035.0
 20CW  31-Dec-24 11:50 0018  DL1YEG         599  599  0                      2  14035.0
 20CW  31-Dec-24 11:51 0019  DL6LV          599  599  0                      2  14035.0
 20CW  31-Dec-24 11:52 0020  EI8IU          599  599  0             EI       3  14035.0
 20CW  31-Dec-24 11:52 0021  DL2BBL         599  599  0                      2  14035.0
 20CW  31-Dec-24 11:52 0022  ON8VA          599  599  0             ON       3  14035.0
 20CW  31-Dec-24 11:53 0023  DL6JCB         599  599  0                      2  14035.0
 20CW  31-Dec-24 11:53 0024  EA5ADE         599  599  0                      3  14035.0
 20CW  31-Dec-24 11:54 0025  K4RUM          599  599  0             K        5  14035.0
 20CW  31-Dec-24 11:55 0026  I1HLP          599  599  0                      3  14035.0
 20CW  31-Dec-24 12:02 0027  OZ7AKT         599  599  0             OZ       3  14035.0
 20CW  31-Dec-24 12:03 0028  DF4JH          599  599  0                      2  14035.0
 20CW  31-Dec-24 12:05 0029  OK1HCC         599  599  0             OK       3  14035.0
 20CW  31-Dec-24 12:06 0030  LZ7CC          599  599  0             LZ       3  14035.0
 20CW  31-Dec-24 12:06 0031  RU6LC          599  599  0                      3  14035.0
 20CW  31-Dec-24 12:07 0032  IW2EAB         599  599  0                      3  14035.0
 20CW  31-Dec-24 12:07 0033  E72U           599  599  0             E7       3  14035.0
 20CW  31-Dec-24 12:08 0034  OM0AKM         599  599  0             OM       3  14035.0
 20CW  31-Dec-24 12:09 0035  DL6HRW         599  599  0                      2  14035.0
 20CW  31-Dec-24 12:10 0036  OK1IWS         599  599  0                      3  14035.0
 20CW  31-Dec-24 12:10 0037  F6GUF          599  599  0             F        3  14035.0
 20CW  31-Dec-24 12:11 0038  DF6QE          599  599  0                      2  14035.0
 20CW  31-Dec-24 12:12 0039  UA4FDL         599  599  0                      3  14035.0
 20CW  31-Dec-24 12:12 0040  RA4AAJ         599  599  0                      3  14035.0
 20CW  31-Dec-24 12:13 0041  ON4AEF         599  599  0                      3  14035.0
 20CW  31-Dec-24 12:13 0042  DL3BWF         599  599  0                      2  14035.0
 20CW  31-Dec-24 12:14 0043  DL3HWM         599  599  0                      2  14035.0
 20CW  31-Dec-24 12:15 0044  UR8GH          599  599  0                      3  14035.0
 20CW  31-Dec-24 12:15 0045  OK1DTN         599  599  0                      3  14035.0
 20CW  31-Dec-24 12:16 0046  G0BON          599  599  0                      3  14035.0
 20CW  31-Dec-24 12:16 0047  DJ3RA          599  599  0                      2  14035.0
 20CW  31-Dec-24 12:16 0048  E77OA          599  599  0                      3  14035.0
 20CW  31-Dec-24 12:17 0049  SM0OGQ         599  599  0             SM       3  14035.0
 20CW  31-Dec-24 12:18 0050  EW2AR          599  599  0             EU       3  14035.0
 20CW  31-Dec-24 12:18 0051  OK1FMJ         599  599  0                      3  14035.0
 20CW  31-Dec-24 12:19 0052  HA0LZ          599  599  0             HA       3  14035.0
 20CW  31-Dec-24 12:19 0053  IN3CEL         599  599  0                      3  14035.0
 20CW  31-Dec-24 12:20 0054  DF8AA          599  599  0                      2  14035.0
 20CW  31-Dec-24 12:20 0055  DL8LBR         599  599  0                      2  14035.0
 20CW  31-Dec-24 12:20 0056  DG4UF          599  599  0                      2  14035.0
 20CW  31-Dec-24 12:21 0057  IT9VDQ         599  599  0             IT9      3  14035.0
 20CW  31-Dec-24 12:22 0058  EA5ITT         599  599  0                      3  14035.0
 20CW  31-Dec-24 12:22 0059  YO2MKI         599  599  0             YO       3  14035.0
 20CW  31-Dec-24 12:23 0060  OK8AV          599  599  0                      3  14035.0
 20CW  31-Dec-24 12:25 0061  OH3MF          599  599  0             OH       3  14035.0
 20CW  31-Dec-24 12:26 0062  EI8FH          599  599  0                      3  14035.0
 20CW  31-Dec-24 12:27 0063  OV5O           599  599  0                      3  14035.0
 20CW  31-Dec-24 12:27 0064  SP7BCA         599  599  0             SP       3  14035.0
 20CW  31-Dec-24 12:28 0065  F6GCI          599  599  0                      3  14035.0
 20CW  31-Dec-24 12:29 0066  M0YBX          599  599  0                      3  14035.0
 20CW  31-Dec-24 12:29 0067  ES4BG          599  599  0             ES       3  14035.0
 20CW  31-Dec-24 12:31 0068  DM5WGL         599  599  0                      2  14035.0
 20CW  31-Dec-24 12:31 0069  IN3ZWF         599  599  0                      3  14035.0
 20CW  31-Dec-24 12:32 0070  IQ9NRF         599  599  0                      3  14035.0
 20CW  31-Dec-24 12:33 0071  G3JNB          599  599  0                      3  14035.0
 20CW  31-Dec-24 12:33 0072  IW2EAB         599  599  0                      0  14035.0
 20CW  31-Dec-24 12:34 0073  YU1XO          599  599  0                      3  14035.0
 20CW  31-Dec-24 12:35 0074  DL1MDU         599  599  0                      2  14035.0
 20CW  31-Dec-24 12:35 0075  SP8GSC         599  599  0                      3  14035.0
 20CW  31-Dec-24 12:36 0076  DL8CWA         599  599  0                      2  14035.0
 20CW  31-Dec-24 12:36 0077  OM3CAZ         599  599  0                      3  14035.0
 20CW  31-Dec-24 12:38 0078  UW7CN          599  599  0                      3  14035.0
 20CW  31-Dec-24 12:39 0079  9A2UN          599  599  0                      3  14035.0
 20CW  31-Dec-24 12:39 0080  DB9TV          599  599  0                      2  14035.0
 20CW  31-Dec-24 12:40 0081  DL1NDY         599  599  0                      2  14035.0
 20CW  31-Dec-24 12:40 0082  SM5LNE         599  599  0                      3  14035.0
 20CW  31-Dec-24 12:40 0083  LZ4UX          599  599  0                      3  14035.0
 20CW  31-Dec-24 12:41 0084  IK1XPK         599  599  0                      3  14035.0
 20CW  31-Dec-24 12:41 0085  IK3/UY7LA      599  599  0                      3  14035.0
 20CW  31-Dec-24 12:42 0086  SM1TDE         599  599  0                      3  14035.0
 20CW  31-Dec-24 12:43 0087  UT3MN          599  599  0                      3  14035.0
 20CW  31-Dec-24 12:43 0088  M0KJE          599  599  0                      3  14035.0
 20CW  31-Dec-24 12:43 0089  YU4TXT         599  599  0                      3  14035.0
 20CW  31-Dec-24 12:44 0090  G0TYM          599  599  0                      3  14035.0
 20CW  31-Dec-24 12:44 0091  IN3HUU         599  599  0                      3  14035.0
 20CW  31-Dec-24 12:45 0092  DL9DAN         599  599  0                      2  14035.0
 20CW  31-Dec-24 12:46 0093  OM2XA          599  599  0                      3  14035.0
 20CW  31-Dec-24 12:47 0094  YO3ND          599  599  0                      3  14035.0
 20CW  31-Dec-24 12:47 0095  YT5FD          599  599  0                      3  14035.0
 20CW  31-Dec-24 12:48 0096  DL3ARK         599  599  0                      2  14035.0
 20CW  31-Dec-24 12:48 0097  OK2NB          599  599  0                      3  14035.0
 20CW  31-Dec-24 12:49 0098  F5LLE          599  599  0                      3  14035.0
 20CW  31-Dec-24 12:49 0099  9A1CFN         599  599  0                      3  14035.0
 20CW  31-Dec-24 12:50 0100  SV1ENG         599  599  0             SV       3  14035.0
 20CW  31-Dec-24 12:50 0101  9A1CPB         599  599  0                      3  14035.0
 20CW  31-Dec-24 12:51 0102  LZ1DSZ         599  599  0                      3  14035.0
 20CW  31-Dec-24 12:53 0103  LZ2MI          599  599  0                      3  14035.0
 20CW  31-Dec-24 13:11 0104  GM4ARJ         599  599  0             GM       3  14035.0
 20CW  31-Dec-24 13:13 0105  DK7IF          599  599  0                      2  14035.0
 20CW  31-Dec-24 13:15 0106  F2LG           599  599  0                      3  14035.0
 20CW  31-Dec-24 13:16 0107  YU1ED          599  599  0                      3  14035.0
 20CW  31-Dec-24 13:17 0108  OM3TGK         599  599  0                      3  14035.0
 20CW  31-Dec-24 13:17 0109  YU1ED          599  599  0                      0  14035.0
 20CW  31-Dec-24 13:18 0110  EW3AB          599  599  0                      3  14035.0
 20CW  31-Dec-24 13:18 0111  DL5ST          599  599  0                      2  14035.0
 20CW  31-Dec-24 13:19 0112  R3GZ           599  599  0                      3  14035.0
 40CW  31-Dec-24 17:51 0113  9A2DS          599  599  0             9A       3   7020.5
 40CW  31-Dec-24 17:51 0114  S53K           599  599  0             S5       3   7020.5
 40CW  31-Dec-24 17:52 0115  F5RDS          599  599  0             F        3   7020.5
 40CW  31-Dec-24 17:52 0116  EA5FKT         599  599  0             EA       3   7020.5
 40CW  31-Dec-24 17:53 0117  DL4JNB         599  599  0             DL       2   7020.5
 40CW  31-Dec-24 17:53 0118  OK3DM          599  599  0             OK       3   7020.5
 40CW  31-Dec-24 17:53 0119  EA5YU          599  599  0                      3   7020.5
 40CW  31-Dec-24 17:54 0120  9A6DR          599  599  0                      3   7020.5
 40CW  31-Dec-24 17:55 0121  OH1KBX         599  599  0             OH       3   7020.5
 40CW  31-Dec-24 17:56 0122  EA7KHF         599  599  0                      3   7020.5
 40CW  31-Dec-24 17:56 0123  EW2R           599  599  0             EU       3   7020.5
 40CW  31-Dec-24 17:57 0124  UT3MN          599  599  0             UR       3   7020.5
 40CW  31-Dec-24 17:58 0125  OE3DMA         599  599  0             OE       3   7020.5
 40CW  31-Dec-24 17:58 0126  IK1RQQ         599  599  0             I        3   7020.5
 40CW  31-Dec-24 17:59 0127  OM7PY          599  599  0             OM       3   7020.5
 40CW  31-Dec-24 17:59 0128  YO4CVV         599  599  0             YO       3   7020.5
 40CW  31-Dec-24 18:00 0129  OK2BHS         599  599  0                      3   7020.5
 40CW  31-Dec-24 18:01 0130  S51J           599  599  0                      3   7020.5
 40CW  31-Dec-24 18:01 0131  UT2LA          599  599  0                      3   7020.5
 40CW  31-Dec-24 18:03 0132  SP9WZJ         599  599  0             SP       3   7020.5
 40CW  31-Dec-24 18:04 0133  EA4EPY         599  599  0                      3   7020.5
 40CW  31-Dec-24 18:05 0134  YO3BIZ         599  599  0                      3   7020.5
 40CW  31-Dec-24 18:05 0135  DF8QB          599  599  0                      2   7020.5
 40CW  31-Dec-24 18:07 0136  F/DL7BC/P      599  599  0                      3   7020.5
 40CW  31-Dec-24 18:09 0137  UT3IZ          599  599  0                      3   7020.5
 40CW  31-Dec-24 18:10 0138  LZ2YJ          599  599  0             LZ       3   7020.5
 40CW  31-Dec-24 18:11 0139  E73KW          599  599  0             E7       3   7020.5
 40CW  31-Dec-24 18:12 0140  DJ3AA          599  599  0                      2   7020.5
 40CW  31-Dec-24 18:13 0141  EA3IN          599  599  0                      3   7020.5
 40CW  31-Dec-24 18:14 0142  YO8DOH         599  599  0                      3   7020.5
 40CW  31-Dec-24 18:16 0143  S59ZZ          599  599  0                      3   7020.5
 40CW  31-Dec-24 18:17 0144  RZ3AEN         599  599  0             UA       3   7020.5
 40CW  31-Dec-24 18:18 0145  F5TVL          599  599  0                      3   7020.5
 40CW  31-Dec-24 18:19 0146  IK1MAF         599  599  0                      3   7020.5
 40CW  31-Dec-24 18:20 0147  SP9BCH         599  599  0                      3   7020.5
 40CW  31-Dec-24 18:21 0148  DL1FMG         599  599  0                      2   7020.5
 40CW  31-Dec-24 18:22 0149  9A2UN          599  599  0                      3   7020.5
 40CW  31-Dec-24 18:23 0150  HA2ERO         599  599  0             HA       3   7020.5
 40CW  31-Dec-24 18:24 0151  OH2DA          599  599  0                      3   7020.5
 40CW  31-Dec-24 18:25 0152  OH6NPV         599  599  0                      3   7020.5
 40CW  31-Dec-24 18:26 0153  R0QAW/9        599  599  0             UA9      5   7020.5
 80CW  31-Dec-24 18:29 0154  OH1X           599  599  0             OH       3   3525.0
 80CW  31-Dec-24 18:29 0155  IZ2AVK         599  599  0             I        3   3525.0
 80CW  31-Dec-24 18:31 0156  DK8LG          599  599  0             DL       2   3525.0
 80CW  31-Dec-24 18:35 0157  DF6RI          599  599  0                      2   3525.0
 80CW  31-Dec-24 18:36 0158  E72U           599  599  0             E7       3   3525.0
 80CW  31-Dec-24 18:36 0159  DJ3RA          599  599  0                      2   3525.0
 80CW  31-Dec-24 18:37 0160  EW2R           599  599  0             EU       3   3525.0
 80CW  31-Dec-24 18:37 0161  S51U           599  599  0             S5       3   3525.0
 80CW  31-Dec-24 18:38 0162  OH3RM          599  599  0                      3   3525.0
 80CW  31-Dec-24 18:38 0163  DK5MIK         599  599  0                      2   3525.0
 80CW  31-Dec-24 18:39 0164  DL6UAA         599  599  0                      2   3525.0
 80CW  31-Dec-24 18:40 0165  DL1ROT         599  599  0                      2   3525.0
 80CW  31-Dec-24 18:40 0166  OK2JOW         599  599  0             OK       3   3525.0
 80CW  31-Dec-24 18:41 0167  OK2BHS         599  599  0                      3   3525.0
 80CW  31-Dec-24 18:41 0168  OK2JOW         599  599  0                      0   3525.0
 80CW  31-Dec-24 18:42 0169  DL2JAW         599  599  0                      2   3525.0
 80CW  31-Dec-24 18:43 0170  OK2RI          599  599  0                      3   3525.0
 80CW  31-Dec-24 18:43 0171  EA1DFP         599  599  0             EA       3   3525.0
 80CW  31-Dec-24 18:44 0172  HB9TWU         599  599  0             HB       3   3525.0
 80CW  31-Dec-24 18:44 0173  S57T           599  599  0                      3   3525.0
 80CW  31-Dec-24 18:44 0174  DH3KM          599  599  0                      2   3525.0
 80CW  31-Dec-24 18:45 0175  OK2PDN         599  599  0                      3   3525.0
 80CW  31-Dec-24 18:46 0176  OK2KUB         599  599  0                      3   3525.0
 80CW  31-Dec-24 18:46 0177  DL9DXL         599  599  0                      2   3525.0
 80CW  31-Dec-24 18:48 0178  DL1FMG         599  599  0                      2   3525.0
 80CW  31-Dec-24 18:49 0179  RZ3AEN         599  599  0             UA       3   3525.0
 80CW  31-Dec-24 18:50 0180  DF7CP          599  599  0                      2   3525.0
 80CW  31-Dec-24 18:50 0181  DL8RBS         599  599  0                      2   3525.0
 80CW  31-Dec-24 18:51 0182  YO8DOH         599  599  0             YO       3   3525.0
 80CW  31-Dec-24 18:52 0183  EA7TG          599  599  0                      3   3525.0
 80CW  31-Dec-24 18:52 0184  DL5XL          599  599  0                      2   3525.0
 80CW  31-Dec-24 18:53 0185  SP8N           599  599  0             SP       3   3525.0
 80CW  31-Dec-24 18:54 0186  RD3AC          599  599  0                      3   3525.0
 80CW  31-Dec-24 18:54 0187  DF5BX          599  599  0                      2   3525.0
 80CW  31-Dec-24 18:55 0188  DL1USB         599  599  0                      2   3525.0
 80CW  31-Dec-24 18:56 0189  DG2BAR         599  599  0                      2   3525.0
 80CW  31-Dec-24 19:01 0190  DF5BX          599  599  0                      0   3525.0
 80CW  31-Dec-24 19:02 0191  DF0DG          599  599  0                      2   3525.0
 80CW  31-Dec-24 19:03 0192  UN3CTU         599  599  0             UN       5   3525.0
 80CW  31-Dec-24 19:04 0193  DN2DG          599  599  0                      2   3525.0
 80CW  31-Dec-24 19:05 0194  SM1TDE         599  599  0             SM       3   3525.0
 80CW  31-Dec-24 19:07 0195  DL0HFC         599  599  0                      2   3525.0
 80CW  31-Dec-24 19:09 0196  DL0GMH         599  599  0                      2   3525.0
 80CW  31-Dec-24 19:09 0197  DL7UN          599  599  0                      2   3525.0
