 15SSB 30-Mar-24 10:12 0001  VY2TT          59   59   781           VE       5  21151.7
 15SSB 30-Mar-24 10:17 0002  OG100AA        59   59   159           OH       3  21156.0
 15SSB 30-Mar-24 13:01 0003  VC2A           59   59   683                    5  21168.8
 15SSB 30-Mar-24 13:03 0004  LX7I           59   59   527           LX       3  21369.0
 15SSB 30-Mar-24 13:04 0005  KB3WD          59   59   963           K        5  21375.0
 15SSB 30-Mar-24 13:05 0006  LZ9W           59   59   659           LZ       3  21372.0
 15SSB 30-Mar-24 13:06 0007  CR6T           59   59   1154          CT       3  21380.6
 15SSB 30-Mar-24 13:12 0008  OM7M           59   59   377           OM       3  21393.0
 15SSB 30-Mar-24 13:14 0009  CN3A           59   59   1032          CN       5  21396.1
 15SSB 30-Mar-24 13:14 0010  LZ7A           59   59   421                    3  21403.5
 15SSB 30-Mar-24 13:16 0011  NU4E           59   59   926                    5  21412.2
 15SSB 30-Mar-24 13:18 0012  UA9MA          59   59   573           UA9      5  21415.6
 15SSB 30-Mar-24 13:57 0013  YO7SR          59   59   733           YO       3  21197.5
; yo7sr logged as df7cb                                                                
 15SSB 30-Mar-24 14:00 0014  KU2M           59   59   361                    5  21208.0
 15SSB 30-Mar-24 14:01 0015  ND7K           59   59   1966                   5  21209.0
 15SSB 30-Mar-24 14:02 0016  P33W           59   59   1534          5B       5  21210.7
 15SSB 30-Mar-24 14:04 0017  SV9FBP         59   59   727           SV9      3  21213.0
 15SSB 30-Mar-24 14:08 0018  K1LZ           59   59   688                    5  21238.4
 15SSB 30-Mar-24 14:08 0019  OH2KW          59   59   535                    3  21245.2
 15SSB 30-Mar-24 14:09 0020  SP8R           59   59   300           SP       3  21252.6
 10SSB 30-Mar-24 14:12 0021  PP4T           59   59   1329          PY       5  28290.1
 10SSB 30-Mar-24 14:14 0022  CG3T           59   59   1323          VE       5  28292.6
 10SSB 30-Mar-24 14:14 0023  VE3EJ          59   59   1707                   5  28294.8
 10SSB 30-Mar-24 14:16 0024  V31XX          59   59   903           V3       5  28298.7
 10SSB 30-Mar-24 14:18 0025  NN3W           59   59   1617          K        5  28315.2
 10SSB 30-Mar-24 14:21 0026  D4C            59   59   2734          D4       5  28334.2
 10SSB 30-Mar-24 14:23 0027  VA3LR          59   59   175                    5  28340.7
 10SSB 30-Mar-24 14:24 0028  C4W            59   59   1693          5B       5  28345.6
 10SSB 30-Mar-24 14:24 0029  K1LZ           59   59   894                    5  28348.5
 10SSB 30-Mar-24 14:26 0030  K2SSS          59   59   595                    5  28367.2
 10SSB 30-Mar-24 14:27 0031  4L2M           59   59   1313          4L       5  28374.9
 10SSB 30-Mar-24 14:28 0032  HZ7C           59   59   412           HZ       5  28379.5
 10SSB 30-Mar-24 14:30 0033  R4DS           59   59   148           UA       3  28385.0
 10SSB 30-Mar-24 14:35 0034  P33W           59   59   1602                   5  28397.8
 10SSB 30-Mar-24 14:38 0035  DL4CQ          59   59   353           DL       2  28443.9
 10SSB 30-Mar-24 14:39 0036  K3RA           59   59   763                    5  28446.7
 10SSB 30-Mar-24 14:49 0037  NG1M           59   59   333                    5  28493.0
 10SSB 30-Mar-24 14:51 0038  KT5J           59   59   2198                   5  28515.0
 10SSB 30-Mar-24 14:52 0039  NQ1DX          59   59   391                    5  28534.4
 10SSB 30-Mar-24 14:53 0040  N3RD           59   59   289                    5  28540.8
 10SSB 30-Mar-24 14:55 0041  WA7NB          59   59   301                    5  28553.8
 10SSB 30-Mar-24 14:57 0042  KR5X           59   59   683                    5  28558.5
 10SSB 30-Mar-24 14:57 0043  K5WA           59   59   672                    5  28567.6
 20SSB 30-Mar-24 15:02 0044  LZ9W           59   59   1695          LZ       3  14277.0
 20SSB 30-Mar-24 15:04 0045  IZ1SAI         59   59   068           I        3  14281.5
 20SSB 30-Mar-24 15:05 0046  OH8RX          59   59   788           OH       3  14287.6
 20SSB 30-Mar-24 15:06 0047  IZ8EFD         59   59   354                    3  14260.0
 20SSB 30-Mar-24 15:06 0048  OH5Z           59   59   1316                   3  14257.8
 20SSB 30-Mar-24 15:07 0049  II2Q           59   59   1172                   3  14261.6
 20SSB 30-Mar-24 15:08 0050  IT9RBW         59   59   1032          IT9      3  14264.5
 20SSB 30-Mar-24 15:09 0051  LZ6O           59   59   348                    3  14270.7
 20SSB 30-Mar-24 15:09 0052  SN7R           59   59   204           SP       3  14251.4
 20SSB 30-Mar-24 15:10 0053  EA5JPR         59   59   605           EA       3  14300.9
 20SSB 30-Mar-24 15:10 0054  S52WW          59   59   1094          S5       3  14304.1
 20SSB 30-Mar-24 15:11 0055  S570EOP        59   59   277                    3  14308.8
 20SSB 30-Mar-24 15:12 0056  HB0DX          59   59   804           HB0      3  14314.9
 20SSB 30-Mar-24 15:13 0057  DM0A           59   59   448           DL       2  14317.9
 20SSB 30-Mar-24 15:19 0058  ED3D           59   59   438                    3  14337.5
 20SSB 30-Mar-24 15:20 0059  YO4NF          59   59   735           YO       3  14342.5
 20SSB 30-Mar-24 15:21 0060  SP7Y           59   59   610                    3  14223.1
 15SSB 30-Mar-24 15:23 0061  DK8ZZ          59   59   1327          DL       2  21361.9
 10SSB 30-Mar-24 18:53 0062  NA8V           59   59   800                    5  28513.0
 10SSB 30-Mar-24 18:55 0063  PY2NY          59   59   407                    5  28526.0
 10SSB 31-Mar-24 11:49 0064  4X7M           59   59   2062          4X       5  28573.9
 10SSB 31-Mar-24 11:54 0065  C49C           59   59   2368                   5  28605.3
 10SSB 31-Mar-24 11:56 0066  RU9AC          59   59   703           UA9      5  28625.7
 10SSB 31-Mar-24 11:58 0067  JA9PPC         59   59   1161          JA       5  28670.0
 10SSB 31-Mar-24 12:07 0068  JG3KIV         59   59   2360                   5  28475.7
 10SSB 31-Mar-24 12:13 0069  P35A           59   59   1981                   5  28424.4
 15SSB 31-Mar-24 12:21 0070  P43A           59   59   2521          P4       5  21184.0
160SSB 31-Mar-24 18:42 0071  DK8ZZ          59   59   2604          DL       2   1859.1
160SSB 31-Mar-24 18:43 0072  DL1NKS         59   59   993                    2   1863.0
160SSB 31-Mar-24 18:45 0073  DQ55DIG        59   59   434                    2   1847.6
160SSB 31-Mar-24 18:46 0074  M6T            59   59   138           G        3   1844.9
160SSB 31-Mar-24 18:49 0075  HB9PUE         59   59   1194          HB       3   1853.6
160SSB 31-Mar-24 18:53 0076  DO1UKR         59   59   017                    2   1878.0
 20SSB 31-Mar-24 21:14 0077  UD6X           59   59   562           UA       3  14222.0
 20SSB 31-Mar-24 21:18 0078  C4W            59   59   4101          5B       5  14282.2
 20SSB 31-Mar-24 21:19 0079  P33W           59   59   3307                   5  14346.7
 15SSB 31-Mar-24 21:21 0080  KT5J           59   59   5334                   5  21209.5
 15SSB 31-Mar-24 21:25 0081  N9GB           59   59   1772                   5  21317.1
 15SSB 31-Mar-24 21:28 0082  KW8N           59   59   347                    5  21393.5
 20SSB 31-Mar-24 21:36 0083  A44A           59   59   1892          A4       5  14205.5
 40SSB 31-Mar-24 21:43 0084  RO9O           59   59   4440          UA9      5   7052.5
 40SSB 31-Mar-24 21:44 0085  YR8D           59   59   890           YO       3   7093.9
 40SSB 31-Mar-24 21:47 0086  IK0PHY         59   59   2364          I        3   7099.9
 40SSB 31-Mar-24 21:48 0087  II8K           59   59   3433                   3   7108.8
 40SSB 31-Mar-24 21:49 0088  OH5Z           59   59   1330          OH       3   7111.1
 40SSB 31-Mar-24 21:51 0089  RU1A           59   59   1380          UA       3   7122.4
 40SSB 31-Mar-24 21:52 0090  LY7J           59   59   1303          LY       3   7133.0
 40SSB 31-Mar-24 21:53 0091  UW5Y           59   59   4025          UR       3   7147.7
 40SSB 31-Mar-24 21:54 0092  RK4FD          59   59   4925                   3   7145.0
 40SSB 31-Mar-24 21:55 0093  CN3A           59   59   2188          CN       5   7155.5
 40SSB 31-Mar-24 21:58 0094  YT3D           59   59   2358          YU       3   7158.4
 40SSB 31-Mar-24 21:59 0095  IP8A           59   59   2249                   3   7172.4
 40SSB 31-Mar-24 22:00 0096  YT5A           59   59   2129                   3   7176.9
 40SSB 31-Mar-24 22:01 0097  SP8R           59   59   1078          SP       3   7181.7
 40SSB 31-Mar-24 22:02 0098  LZ5R           59   59   5600          LZ       3   7186.0
 40SSB 31-Mar-24 22:04 0099  ED5R           59   59   2295          EA       3   7199.5
 80SSB 31-Mar-24 22:07 0100  OR7G           59   59   1789          ON       3   3658.0
