 80CW  21-Dec-24 20:30 0001  S57KM          599  599  28            S5   28  3   3517.8
 80CW  21-Dec-24 20:30 0002  DL6KWN         599  599  28            DL       2   3517.4
 80CW  21-Dec-24 20:31 0003  SN5N           599  599  28            SP       3   3516.3
 80CW  21-Dec-24 20:32 0004  9A3YT          599  599  RI            9A       3   3515.4
 80CW  21-Dec-24 20:32 0005  E74E           599  599  28            E7       3   3515.0
 80CW  21-Dec-24 20:33 0006  ON5WL          599  599  27            ON   27  3   3514.3
 80CW  21-Dec-24 20:34 0007  ON6MG          599  599  27                     3   3513.0
 80CW  21-Dec-24 20:35 0008  9A5B           599  599  OS                     3   3512.4
 80CW  21-Dec-24 20:35 0009  SP2HMT         599  599  28                     3   3511.4
 80CW  21-Dec-24 20:36 0010  9A2X           599  599  UZ                     3   3510.4
 80CW  21-Dec-24 20:37 0011  OM7M           599  599  28            OM       3   3509.8
 80CW  21-Dec-24 20:40 0012  S525PMC        599  599  28                     3   3540.0
 80CW  21-Dec-24 20:41 0013  SQ9TX          599  599  28                     3   3539.0
 80CW  21-Dec-24 20:41 0014  SN1T           599  599  28                     3   3538.0
 80CW  21-Dec-24 20:41 0015  OE3KAB         599  599  28            OE       3   3537.6
 80CW  21-Dec-24 20:42 0016  OM0MM          599  599  28                     3   3537.0
 80CW  21-Dec-24 20:43 0017  S52WD          599  599  28                     3   3535.7
 80CW  21-Dec-24 20:44 0018  ES7A           599  599  29            ES   29  3   3534.0
 80CW  21-Dec-24 20:45 0019  S51W           599  599  28                     3   3533.2
 80CW  21-Dec-24 20:45 0020  PA7F           599  599  27            PA       3   3531.6
 80CW  21-Dec-24 20:45 0021  LZ2FV          599  599  28            LZ       3   3532.0
 80CW  21-Dec-24 20:46 0022  EA1X           599  599  37            EA   37  3   3530.5
 80CW  21-Dec-24 20:47 0023  F8KCF          599  599  27            F        3   3529.9
 80CW  21-Dec-24 20:48 0024  E79D           599  599  28                     3   3529.0
 80CW  21-Dec-24 20:49 0025  E7CW           599  599  28                     3   3525.9
 80CW  21-Dec-24 20:50 0026  SM2M           599  599  18            SM   18  3   3525.0
 80CW  21-Dec-24 20:51 0027  OK2IW          599  599  28            OK       3   3523.0
 80CW  21-Dec-24 20:51 0028  G4BJM          599  599  27            G        3   3522.5
 80CW  21-Dec-24 20:52 0029  OZ5W           599  599  18            OZ       3   3522.0
 80CW  21-Dec-24 20:52 0030  HA8A           599  599  28            HA       3   3521.7
 80CW  21-Dec-24 20:54 0031  OH3MZ          599  599  18            OH       3   3520.0
 80CW  21-Dec-24 20:55 0032  HA3DX          599  599  28                     3   3518.1
 80CW  21-Dec-24 20:56 0033  S57Q           599  599  28                     3   3517.0
 80CW  21-Dec-24 20:58 0034  SP3MEP         599  599  28                     3   3531.5
 80CW  21-Dec-24 21:01 0035  SN7F           599  599  28                     3   3528.0
 80CW  21-Dec-24 21:03 0036  SM5CSS         599  599  18                     3   3523.0
 40CW  21-Dec-24 21:06 0037  HA3NU          599  599  28            HA   28  3   7022.0
 40CW  21-Dec-24 21:06 0038  OK2QA          599  599  28            OK       3   7021.2
 40CW  21-Dec-24 21:07 0039  VE9XDX         599  599  09            VE   09  5   7020.5
 40CW  21-Dec-24 21:08 0040  LZ1ZM          599  599  28            LZ       3   7020.1
 40CW  21-Dec-24 21:08 0041  CR3DX          599  599  36            CT3  36  5   7019.5
 40CW  21-Dec-24 21:09 0042  LZ3QE          599  599  28                     3   7018.6
 40CW  21-Dec-24 21:10 0043  K1ZZ           599  599  08            K    08  5   7016.2
 40CW  21-Dec-24 21:12 0044  S57Q           599  599  28            S5       3   7015.5
 40CW  21-Dec-24 21:12 0045  LY5W           599  599  29            LY   29  3   7015.1
 40CW  21-Dec-24 21:14 0046  S52NY          599  599  28                     3   7014.4
 40CW  21-Dec-24 21:14 0047  WA1Z           599  599  08                     5   7013.4
 40CW  21-Dec-24 21:14 0048  EB5A           599  599  37            EA   37  3   7013.0
 40CW  21-Dec-24 21:15 0049  S570EOP        599  599  28                     3   7010.5
 40CW  21-Dec-24 21:16 0050  HA2KMR         599  599  28                     3   7009.3
 40CW  21-Dec-24 21:17 0051  LZ5M           599  599  28                     3   7005.5
 40CW  21-Dec-24 21:17 0052  EA3AR          599  599  37                     3   7004.1
 40CW  21-Dec-24 21:17 0053  F6IIT          599  599  27            F    27  3   7006.7
 40CW  21-Dec-24 21:18 0054  VE9ML          599  599  09                     5   7007.0
 40CW  21-Dec-24 21:20 0055  EA5VK          599  599  37                     3   7030.0
 40CW  21-Dec-24 21:21 0056  9A5W           599  599  ZG            9A       3   7028.8
 40CW  21-Dec-24 21:25 0057  RM1T           599  599  29            UA       3   7020.0
 40CW  21-Dec-24 21:26 0058  K1JB           599  599  08                     5   7019.0
 40CW  21-Dec-24 21:29 0059  E74A           599  599  28            E7       3   7016.0
 40CW  21-Dec-24 21:29 0060  W1UE           599  599  08                     5   7018.1
 40CW  21-Dec-24 21:32 0061  W1WEF          599  599  08                     5   7017.2
 40CW  21-Dec-24 21:33 0062  4X6FR          599  599  39            4X   39  5   7014.0
 40CW  21-Dec-24 21:34 0063  4L8A           599  599  29            4L       5   7012.5
 40CW  21-Dec-24 21:34 0064  Z33B           599  599  28            Z3       3   7009.0
 40CW  21-Dec-24 21:35 0065  ER4A           599  599  29            ER       3   7008.1
 40CW  21-Dec-24 21:35 0066  SM2M           599  599  18            SM   18  3   7007.4
 40CW  21-Dec-24 21:36 0067  K7SV           599  599  08                     5   7001.0
 40CW  21-Dec-24 21:37 0068  9A2NA          599  599  PU                     3   7027.0
 40CW  21-Dec-24 21:42 0069  IK0YUT         599  599  28            I        3   7027.3
 40CW  21-Dec-24 21:44 0070  IQ2CJ          599  599  28                     3   7036.4
 10CW  22-Dec-24 09:44 0071  R4GM           599  599  29            UA   29  3  28004.0
 10CW  22-Dec-24 09:52 0072  IT9RZU         599  599  28            IT9  28  3  28015.5
 10CW  22-Dec-24 09:55 0073  CT1DRB         599  599  37            CT   37  3  28023.7
 10CW  22-Dec-24 09:57 0074  S53M           599  599  28            S5       3  28025.1
 10CW  22-Dec-24 09:58 0075  TA2DA          599  599  39            TA   39  5  28025.9
 10CW  22-Dec-24 10:01 0076  LZ1ND          599  599  28            LZ       3  28026.5
 10CW  22-Dec-24 10:02 0077  Z35M           599  599  28            Z3       3  28031.7
 10CW  22-Dec-24 10:06 0078  UY5LW          599  599  29            UR       3  28052.7
 15CW  22-Dec-24 10:07 0079  YL24YOTA       599  599  29            YL   29  3  21007.2
 15CW  22-Dec-24 10:08 0080  OK2TJ          599  599  28            OK   28  3  21009.5
 15CW  22-Dec-24 10:12 0081  BY1RX          599  599  44            BY   44  5  21011.1
 15CW  22-Dec-24 10:13 0082  YQ8E           599  599  28            YO       3  21013.0
 15CW  22-Dec-24 10:14 0083  DL5YM          599  599  28            DL       2  21016.3
 15CW  22-Dec-24 10:27 0084  MM2T           599  599  27            GM   27  3  21021.5
 15CW  22-Dec-24 10:27 0085  OH2KW          599  599  18            OH   18  3  21023.7
 15CW  22-Dec-24 11:43 0086  UW1M           599  599  29            UR       3  21024.5
 15CW  22-Dec-24 11:44 0087  SD1A           599  599  18            SM       3  21026.0
 15CW  22-Dec-24 11:44 0088  YT5A           599  599  28            YU       3  21027.9
 15CW  22-Dec-24 11:45 0089  EA5YU          599  599  37            EA   37  3  21028.6
 15CW  22-Dec-24 11:46 0090  LY2PX          599  599  29            LY       3  21032.7
 15CW  22-Dec-24 11:47 0091  EA1G           599  599  37                     3  21034.0
 10CW  22-Dec-24 11:48 0092  UN3M           599  599  30            UN   30  5  28055.8
 10CW  22-Dec-24 11:49 0093  UN5G           599  599  31                 31  5  28051.0
 10CW  22-Dec-24 11:49 0094  UW5U           599  599  29                     3  28047.6
 10CW  22-Dec-24 11:52 0095  F5IN           599  599  27            F    27  3  28016.6
 10CW  22-Dec-24 11:53 0096  CR3DX          599  599  36            CT3  36  5  28031.6
 10CW  22-Dec-24 12:11 0097  DK8ZZ          599  599  28            DL       2  28030.3
 10CW  22-Dec-24 12:30 0098  OY1CT          599  599  18            OY   18  3  28030.1
 10CW  22-Dec-24 12:40 0099  N3RD           599  599  08            K    08  5  28028.2
 10CW  22-Dec-24 12:42 0100  IK0YVV         599  599  28            I        3  28030.5
 10CW  22-Dec-24 12:46 0101  W2YC           599  599  08                     5  28032.4
 10CW  22-Dec-24 12:46 0102  SM3EAE         599  599  18            SM       3  28033.6
 10CW  22-Dec-24 12:47 0103  OH2KW          599  599  18            OH       3  28037.0
 10CW  22-Dec-24 12:48 0104  WA1Z           599  599  08                     5  28037.8
 10CW  22-Dec-24 12:48 0105  YL24YOTA       599  599  29            YL       3  28016.0
 10CW  22-Dec-24 12:49 0106  9A2AJ          599  599  GZ            9A       3  28017.0
 20CW  22-Dec-24 12:52 0107  ON4EM          599  599  27            ON   27  3  14017.5
 20CW  22-Dec-24 12:53 0108  S50R           599  599  28            S5   28  3  14019.0
 20CW  22-Dec-24 12:54 0109  DL0MFL         599  599  28            DL       2  14019.5
 20CW  22-Dec-24 12:54 0110  IK3QAR         599  599  28            I        3  14020.6
 20CW  22-Dec-24 12:55 0111  SN9DT          599  599  28            SP       3  14021.0
 20CW  22-Dec-24 12:55 0112  SP2QG          599  599  28                     3  14021.8
 20CW  22-Dec-24 12:56 0113  SN1T           599  599  28                     3  14022.0
 20CW  22-Dec-24 12:56 0114  DL5YM          599  599  28                     2  14022.6
 20CW  22-Dec-24 12:57 0115  F8DFP          599  599  27            F        3  14023.1
 20CW  22-Dec-24 12:57 0116  EA6NB          599  599  37            EA6  37  3  14023.6
 20CW  22-Dec-24 12:58 0117  RX9CC          599  599  20            UA9  20  5  14024.0
 20CW  22-Dec-24 13:00 0118  F5OZC          599  599  27                     3  14025.6
 20CW  22-Dec-24 13:01 0119  IT9IMJ         599  599  28            IT9      3  14026.0
 20CW  22-Dec-24 13:01 0120  LY2CO          599  599  29            LY   29  3  14026.6
 20CW  22-Dec-24 13:01 0121  HA6NL          599  599  28            HA       3  14027.0
 20CW  22-Dec-24 13:02 0122  EI5KF          599  599  27            EI       3  14027.3
 20CW  22-Dec-24 13:02 0123  HA2VH          599  599  28                     3  14027.9
 20CW  22-Dec-24 13:03 0124  SQ9I           599  599  28                     3  14028.7
 20CW  22-Dec-24 13:04 0125  LY5O           599  599  29                     3  14031.7
 20CW  22-Dec-24 13:05 0126  9A4W           599  599  ST            9A       3  14032.3
 20CW  22-Dec-24 13:05 0127  LA3MHA         599  599  18            LA   18  3  14033.0
 20CW  22-Dec-24 13:06 0128  LY2PX          599  599  29                     3  14033.6
 20CW  22-Dec-24 13:07 0129  Z33B           599  599  28            Z3       3  14034.1
 20CW  22-Dec-24 13:08 0130  SQ6MS          599  599  28                     3  14034.9
 20CW  22-Dec-24 13:14 0131  LZ2PS          599  599  28            LZ       3  14038.7
 20CW  22-Dec-24 13:15 0132  IQ2CJ          599  599  28                     3  14039.4
 20CW  22-Dec-24 13:16 0133  SQ9MZ          599  599  28                     3  14041.9
 10CW  22-Dec-24 13:59 0134  UB7K           599  599  29                     3  28031.0
 10CW  22-Dec-24 13:59 0135  W1UE           599  599  08                     5  28031.5
 10CW  22-Dec-24 13:59 0136  K7SV           599  599  08                     5  28033.5
