 40CW  16-Nov-24 18:49 0001  LZ3QE          599  599  BU            LZ       3   7029.0
 40CW  16-Nov-24 18:49 0002  SP1NY          599  599  28            SP   28  3   7027.4
 40CW  16-Nov-24 18:50 0003  HB9RB          599  599  28            HB       3   7026.6
 40CW  16-Nov-24 18:51 0004  IZ3ETC         599  599  28            I        3   7025.5
 40CW  16-Nov-24 18:52 0005  SP/OK4SU/P     599  599  28                     3   7024.5
 40CW  16-Nov-24 18:54 0006  YU5A           599  599  28            YU       3   7022.9
 40CW  16-Nov-24 18:54 0007  LZ1RW          599  599  SZ                     3   7022.4
 40CW  16-Nov-24 18:55 0008  IK8UND         599  599  28                     3   7021.6
 40CW  16-Nov-24 18:55 0009  LZ7X           599  599  BL                     3   7020.6
 40CW  16-Nov-24 18:56 0010  LZ5M           599  599  PA                     3   7020.0
 40CW  16-Nov-24 18:56 0011  LZ7DL          599  599  BU                     3   7019.5
 40CW  16-Nov-24 18:57 0012  LZ4A           599  599  PD                     3   7018.6
 40CW  16-Nov-24 18:58 0013  SP4TKR         599  599  28                     3   7018.3
 40CW  16-Nov-24 18:58 0014  SQ9I           599  599  28                     3   7017.5
 40CW  16-Nov-24 18:59 0015  S52C           599  599  28            S5       3   7017.1
 40CW  16-Nov-24 18:59 0016  LZ1BP          599  599  HZ                     3   7015.9
 40CW  16-Nov-24 19:00 0017  LZ1VB          599  599  SF                     3   7015.2
 40CW  16-Nov-24 19:00 0018  EA4AOC         599  599  37            EA   37  3   7014.8
 40CW  16-Nov-24 19:01 0019  YT1A           599  599  28                     3   7014.4
 40CW  16-Nov-24 19:01 0020  LZ1EV          599  599  SM                     3   7013.9
 40CW  16-Nov-24 19:03 0021  HA8IB          599  599  28            HA       3   7013.1
 40CW  16-Nov-24 19:03 0022  E77EA          599  599  28            E7       3   7012.5
 40CW  16-Nov-24 19:04 0023  LZ6F           599  599  LV                     3   7012.0
 40CW  16-Nov-24 19:04 0024  OG7F           599  599  18            OH   18  3   7010.7
 40CW  16-Nov-24 19:06 0025  HA0ML          599  599  28                     3   7010.0
 40CW  16-Nov-24 19:07 0026  OK6OK          599  599  28            OK       3   7009.5
 40CW  16-Nov-24 19:07 0027  LZ8E           599  599  RZ                     3   7009.0
 40CW  16-Nov-24 19:08 0028  LZ7J           599  599  SZ                     3   7007.5
 40CW  16-Nov-24 19:08 0029  M5W            599  599  27            G    27  3   7006.5
 40CW  16-Nov-24 19:09 0030  IK1SPR         599  599  28                     3   7006.3
 40CW  16-Nov-24 19:09 0031  HA3DX          599  599  28                     3   7005.6
 40CW  16-Nov-24 19:10 0032  OG3B           599  599  18                     3   7004.3
 40CW  16-Nov-24 19:12 0033  LZ7W           599  599  HF                     3   7001.8
 40CW  16-Nov-24 19:13 0034  OK2MBP         599  599  28                     3   7001.8
 40CW  16-Nov-24 19:14 0035  RN4HAB         599  599  30            UA   30  3   7001.8
 40CW  16-Nov-24 19:14 0036  UT4LW          599  599  29            UR   29  3   7001.8
 40CW  16-Nov-24 19:14 0037  EA8BW          599  599  36            EA8  36  5   7001.8
 40CW  16-Nov-24 19:15 0038  IZ4JMA         599  599  28                     3   7001.8
 40CW  16-Nov-24 19:16 0039  SP8CGU         599  599  28                     3   7001.8
 40CW  16-Nov-24 19:17 0040  RA1TU          599  599  29                     3   7001.8
 40CW  16-Nov-24 19:17 0041  9A3YT          599  599  28            9A       3   7001.8
 40CW  16-Nov-24 19:18 0042  YT1FZ          599  599  28                     3   7001.8
 40CW  16-Nov-24 19:18 0043  OM5KM          599  599  28            OM       3   7001.8
 40CW  16-Nov-24 19:19 0044  EU1ST          599  599  29            EU       3   7001.8
 40CW  16-Nov-24 19:19 0045  HA4FY          599  599  28                     3   7001.8
 40CW  16-Nov-24 19:20 0046  9A3YT          599  599  28                     0   7001.8
 40CW  16-Nov-24 19:20 0047  9A1DR          599  599  28                     3   7001.8
 40CW  16-Nov-24 19:22 0048  LZ2AG          599  599  VN                     3   7007.8
 40CW  16-Nov-24 19:23 0049  EW8OM          599  599  29                     3   7007.8
 40CW  16-Nov-24 19:24 0050  9A4MZ          599  599  28                     3   7007.8
 40CW  16-Nov-24 19:25 0051  YO4LHR         599  599  28            YO       3   7007.8
 40CW  16-Nov-24 19:27 0052  F5ICC          599  599  27            F        3   7007.8
 40CW  16-Nov-24 19:28 0053  RG9A           599  599  30            UA9      5   7011.6
 40CW  16-Nov-24 19:33 0054  UP0L           599  599  30            UN       5   7022.6
 40CW  16-Nov-24 19:34 0055  LY2XW          599  599  29            LY       3   7023.5
 40CW  16-Nov-24 19:35 0056  YU1YV          599  599  28                     3   7024.2
 40CW  16-Nov-24 19:36 0057  P3X            599  599  39            5B   39  5   7026.0
 40CW  16-Nov-24 19:36 0058  ZA1RR          599  599  28            ZA       3   7026.6
 40CW  16-Nov-24 19:38 0059  LZ7Z           599  599  SF                     3   7027.7
 40CW  16-Nov-24 19:39 0060  EA2AZ          599  599  37                     3   7028.5
 40CW  16-Nov-24 19:39 0061  DJ5MO          599  599  28            DL       2   7029.7
 40CW  16-Nov-24 19:40 0062  4U30B          599  599  28                     3   7030.7
 40CW  16-Nov-24 19:42 0063  SW9AA          599  599  28            SV9      3   7034.8
 40CW  16-Nov-24 19:44 0064  LZ6Y           599  599  SL                     3   7022.0
 40CW  16-Nov-24 19:46 0065  IK0YUT         599  599  28                     3   7018.7
 40CW  16-Nov-24 19:46 0066  LZ5I           599  599  SZ                     3   7016.3
 40CW  16-Nov-24 19:47 0067  R7AW           599  599  29                     3   7015.8
 40CW  16-Nov-24 19:49 0068  LZ8A           599  599  LV                     3   7015.2
 40CW  16-Nov-24 19:49 0069  LZ7G           599  599  PD                     3   7013.4
 40CW  16-Nov-24 19:51 0070  EA5GX          599  599  37                     3   7011.2
 40CW  16-Nov-24 19:53 0071  LZ6C           599  599  MN                     3   7005.6
 40CW  16-Nov-24 19:54 0072  EA1CS          599  599  37                     3   7003.7
 40CW  16-Nov-24 20:50 0073  SV1JG          599  599  28            SV       3   7003.9
 40CW  16-Nov-24 20:51 0074  UW1M           599  599  29                     3   7007.0
 40CW  16-Nov-24 20:51 0075  YT100RB        599  599  28                     3   7010.6
 40CW  16-Nov-24 20:52 0076  M4T            599  599  27                     3   7013.1
 40CW  16-Nov-24 20:52 0077  CT7/VA3FH      599  599  37            CT       3   7015.5
 40CW  16-Nov-24 20:53 0078  9A3VM          599  599  28                     3   7016.0
 40CW  16-Nov-24 20:57 0079  K1ZZ           599  599  08            K    08  5   7017.7
 40CW  16-Nov-24 21:01 0080  K3UL           599  599  08                     5   7018.4
