 80CW  19-Jun-24 19:00 0001  G3P            599  599  001           G        3   3521.3
 80CW  19-Jun-24 19:01 0002  G5LP           599  599  004                    3   3521.7
 80CW  19-Jun-24 19:02 0003  G3RXP          599  599  005                    3   3523.3
 80CW  19-Jun-24 19:03 0004  M5M            599  599  001                    3   3524.0
 80CW  19-Jun-24 19:03 0005  G4EUW          599  599  004                    3   3525.2
 80CW  19-Jun-24 19:04 0006  G3RWF          599  599  006                    3   3525.6
 80CW  19-Jun-24 19:04 0007  G3SJJ          599  599  010                    3   3526.0
 80CW  19-Jun-24 19:06 0008  G4PIQ          599  599  010                    3   3526.4
 80CW  19-Jun-24 19:06 0009  M5G            599  599  013                    3   3528.9
 80CW  19-Jun-24 19:07 0010  M4J            599  599  010                    3   3529.4
 80CW  19-Jun-24 19:07 0011  G4ARI          599  599  016                    3   3530.0
 80CW  19-Jun-24 19:08 0012  M0URL          599  599  011                    3   3530.6
 80CW  19-Jun-24 19:10 0013  G3ZGC          599  599  017                    3   3531.1
 80CW  19-Jun-24 19:11 0014  G0GQT          599  599  010                    3   3532.4
 80CW  19-Jun-24 19:12 0015  M2A            599  599  020                    3   3532.9
 80CW  19-Jun-24 19:13 0016  G6AY           599  599  024                    3   3534.0
 80CW  19-Jun-24 19:14 0017  G3XYF          599  599  016                    3   3534.5
 80CW  19-Jun-24 19:15 0018  GM6XX          599  599  033           GM       3   3535.9
 80CW  19-Jun-24 19:15 0019  G4FAD          599  599  023                    3   3536.5
 80CW  19-Jun-24 19:15 0020  M5A            599  599  034                    3   3537.0
 80CW  19-Jun-24 19:16 0021  G3WRJ          599  599  022                    3   3537.5
 80CW  19-Jun-24 19:17 0022  G4SND          599  599  023                    3   3538.0
 80CW  19-Jun-24 19:18 0023  G4P            599  599  023                    3   3539.2
 80CW  19-Jun-24 19:20 0024  M0MUI          599  599  033                    3   3540.9
 80CW  19-Jun-24 19:21 0025  G0LZL          599  599  027                    3   3541.3
 80CW  19-Jun-24 19:24 0026  G0HSA          599  599  020                    3   3544.0
 80CW  19-Jun-24 19:25 0027  GW7W           599  599  033           GW       3   3548.1
 80CW  19-Jun-24 19:27 0028  G7M            599  599  036                    3   3550.0
 80CW  19-Jun-24 19:28 0029  G4FNL          599  599  062                    3   3510.5
 80CW  19-Jun-24 19:29 0030  G3KNU          599  599  036                    3   3511.9
 80CW  19-Jun-24 19:30 0031  G4IVV          599  599  040                    3   3514.2
 80CW  19-Jun-24 19:30 0032  G3PDH          599  599  058                    3   3514.6
 80CW  19-Jun-24 19:31 0033  G3XTT          599  599  051                    3   3515.8
 80CW  19-Jun-24 19:32 0034  G2NF           599  599  061                    3   3516.6
 80CW  19-Jun-24 19:32 0035  G4RCG          599  599  070                    3   3517.0
 80CW  19-Jun-24 19:34 0036  G5V            599  599  041                    3   3517.9
 80CW  19-Jun-24 19:35 0037  G4RCD          599  599  061                    3   3518.5
 80CW  19-Jun-24 19:35 0038  G7D            599  599  059                    3   3519.6
 80CW  19-Jun-24 19:36 0039  M7W            599  599  076                    3   3520.0
 80CW  19-Jun-24 19:37 0040  G4WUG          599  599  031                    3   3520.3
 80CW  19-Jun-24 19:39 0041  G3PHO          599  599  065                    3   3520.9
 80CW  19-Jun-24 19:42 0042  G4ZZL          599  599  031                    3   3522.1
 80CW  19-Jun-24 19:43 0043  G4N            599  599  072                    3   3522.1
 80CW  19-Jun-24 19:45 0044  G3VPW          599  599  066                    3   3522.1
 80CW  19-Jun-24 19:48 0045  G4ENZ          599  599  095                    3   3522.1
 80CW  19-Jun-24 19:50 0046  G4A            599  599  099                    3   3522.1
 80CW  19-Jun-24 19:51 0047  G4ZFE          599  599  078                    3   3522.1
 80CW  19-Jun-24 19:53 0048  M4N            599  599  103                    3   3522.1
 80CW  19-Jun-24 19:54 0049  GM4JYB         599  599  027                    3   3522.1
 80CW  19-Jun-24 19:55 0050  G3G            599  599  095                    3   3522.1
 80CW  19-Jun-24 19:57 0051  G2O            599  599  090                    3   3522.6
 80CW  19-Jun-24 19:58 0052  G5W            599  599  107                    3   3524.5
 80CW  19-Jun-24 19:59 0053  G5C            599  599  077                    3   3527.0
 80CW  19-Jun-24 20:00 0054  G3LDI          599  599  098                    3   3528.4
 80CW  19-Jun-24 20:01 0055  MI4I           599  599  066           GI       3   3532.9
 80CW  19-Jun-24 20:02 0056  G4C            599  599  051                    3   3533.3
 80CW  19-Jun-24 20:03 0057  2E0OBO         599  599  088                    3   3538.4
 80CW  19-Jun-24 20:04 0058  M0RYB/P        599  599  096                    3   3539.5
 80CW  19-Jun-24 20:05 0059  G4BYE          599  599  087                    3   3540.3
 80CW  19-Jun-24 20:05 0060  G8N            599  599  087                    3   3543.3
 80CW  19-Jun-24 20:06 0061  G0KPE          599  599  100                    3   3545.0
 80CW  19-Jun-24 20:09 0062  G3V            599  599  111                    3   3546.0
 80CW  19-Jun-24 20:09 0063  MU5E           599  599  086           GU       3   3545.5
 80CW  19-Jun-24 20:10 0064  G4KNO          599  599  074                    3   3548.5
 80CW  19-Jun-24 20:11 0065  G4PFZ          599  599  097                    3   3551.5
 80CW  19-Jun-24 20:11 0066  G5Q            599  599  105                    3   3552.2
 80CW  19-Jun-24 20:12 0067  G4JBD          599  599  072                    3   3553.0
 80CW  19-Jun-24 20:13 0068  G3MXH          599  599  115                    3   3554.7
 80CW  19-Jun-24 20:14 0069  G0HGH          599  599  077                    3   3555.7
 80CW  19-Jun-24 20:16 0070  G3DR           599  599  116                    3   3510.9
 80CW  19-Jun-24 20:17 0071  G3TKF          599  599  118                    3   3513.7
 80CW  19-Jun-24 20:21 0072  G1M            599  599  050                    3   3532.2
 80CW  19-Jun-24 20:23 0073  MW0CVT         599  599  078                    3   3534.2
 80CW  19-Jun-24 20:23 0074  M9N            599  599  085                    3   3541.5
 80CW  19-Jun-24 20:25 0075  G3ZBU          599  599  075                    3   3540.9
 80CW  19-Jun-24 20:25 0076  M8M            599  599  116                    3   3544.5
 80CW  19-Jun-24 20:26 0077  G0TZZ          599  599  087                    3   3546.5
 80CW  19-Jun-24 20:27 0078  G4XZL          599  599  070                    3   3547.5
 80CW  19-Jun-24 20:28 0079  G3SWH          599  599  139                    3   3511.5
 80CW  19-Jun-24 20:29 0080  G3RIR          599  599  099                    3   3513.5
