160SSB 24-Feb-24 17:38 0001  DC6O           59   59   14            DL   14  2   1952.3
160SSB 24-Feb-24 17:41 0002  LY4L           59   59   15            LY   15  3   1945.5
160SSB 24-Feb-24 17:42 0003  DL0WX          59   59   14                     2   1938.5
160SSB 24-Feb-24 17:44 0004  HB9NE          59   59   14            HB       3   1932.0
160SSB 24-Feb-24 17:45 0005  DK1IJ          59   59   14                     2   1919.6
160SSB 24-Feb-24 17:46 0006  DJ7YP          59   59   14                     2   1917.5
160SSB 24-Feb-24 17:47 0007  DR5Z           59   59   14                     2   1913.0
160SSB 24-Feb-24 17:48 0008  DK5T           59   59   14                     2   1910.0
160SSB 24-Feb-24 17:50 0009  OK6Y           59   59   15            OK       3   1905.8
160SSB 24-Feb-24 17:51 0010  HB9NFB         59   59   14                     3   1902.4
160SSB 24-Feb-24 17:52 0011  DL9UP          59   59   14                     2   1895.0
160SSB 24-Feb-24 17:52 0012  OK4U           59   59   15                     3   1891.8
160SSB 24-Feb-24 17:53 0013  OK1LRD         59   59   15                     3   1889.0
160SSB 24-Feb-24 17:53 0014  DR100PE        59   59   14                     2   1887.0
160SSB 24-Feb-24 17:54 0015  DA0RR          59   59   14                     2   1942.0
160SSB 24-Feb-24 17:55 0016  RZ3B           59   59   16            UA   16  3   1885.0
160SSB 24-Feb-24 17:58 0017  DL6WT          59   59   14                     2   1888.7
160SSB 24-Feb-24 17:58 0018  DM3W           59   59   14                     2   1880.0
160SSB 24-Feb-24 17:59 0019  DK6WL          59   59   14                     2   1877.0
160SSB 24-Feb-24 18:32 0020  OK7K           59   59   15                     3   1872.2
160SSB 24-Feb-24 18:32 0021  DJ5AN          59   59   14                     2   1869.0
160SSB 24-Feb-24 18:33 0022  SQ7CL          59   59   15            SP       3   1864.5
160SSB 24-Feb-24 18:34 0023  LX1NO          59   59   14            LX       3   1862.2
160SSB 24-Feb-24 18:35 0024  HB9CXZ         59   59   14                     3   1859.0
160SSB 24-Feb-24 18:47 0025  LY4A           59   59   15                     3   1854.1
160SSB 24-Feb-24 18:48 0026  EW5A           59   59   16            EU       3   1848.0
160SSB 24-Feb-24 18:49 0027  OZ0QF          59   59   14            OZ       3   1846.0
160SSB 24-Feb-24 18:52 0028  IZ1YTK         59   59   15            I        3   1838.5
160SSB 24-Feb-24 18:53 0029  SQ2PHG         59   59   15                     3   1837.0
160SSB 24-Feb-24 18:53 0030  S53O           59   59   15            S5       3   1833.7
160SSB 24-Feb-24 18:54 0031  PA4VHF         59   59   14            PA       3   1830.0
160SSB 24-Feb-24 18:56 0032  DN5EN          59   59   14                     2   1825.5
160SSB 24-Feb-24 18:57 0033  E77DX          59   59   15            E7       3   1822.0
160SSB 24-Feb-24 18:58 0034  S56X           59   59   15                     3   1817.6
160SSB 24-Feb-24 18:58 0035  DP6A           59   59   14                     2   1813.0
160SSB 24-Feb-24 19:03 0036  EI7M           59   59   14            EI       3   1915.0
160SSB 24-Feb-24 19:04 0037  YT0A           59   59   15            YU       3   1917.4
160SSB 24-Feb-24 19:04 0038  UA2FZ          59   59   15            UA2      3   1934.0
160SSB 24-Feb-24 19:05 0039  HB0DX          59   59   14            HB0      3   1949.0
160SSB 24-Feb-24 19:06 0040  LY5W           59   59   15                     3   1955.0
160SSB 24-Feb-24 19:08 0041  DR1E           59   59   14                     2   1968.0
160SSB 24-Feb-24 19:08 0042  DG5MLA         59   59   14                     2   1971.5
160SSB 24-Feb-24 19:09 0043  DL5JS          59   59   14                     2   1983.0
160SSB 24-Feb-24 19:10 0044  DL4LAM         59   59   14                     2   1920.0
160SSB 24-Feb-24 19:12 0045  DK8ZZ          59   59   14                     2   1840.2
160SSB 24-Feb-24 21:21 0046  DO4OD          59   59   14                     2   1997.3
160SSB 24-Feb-24 21:22 0047  DH9ET          59   59   14                     2   1994.0
160SSB 24-Feb-24 21:22 0048  DA2R           59   59   14                     2   1989.5
160SSB 24-Feb-24 21:23 0049  DL0NG          59   59   14                     2   1985.0
160SSB 24-Feb-24 21:24 0050  M6N            59   59   14            G        3   1981.0
160SSB 24-Feb-24 21:25 0051  DK0TP          59   59   14                     2   1972.0
160SSB 24-Feb-24 21:25 0052  DB2LS          59   59   14                     2   1963.9
160SSB 24-Feb-24 21:26 0053  S56B           59   59   15                     3   1957.5
160SSB 24-Feb-24 21:27 0054  HA3DX          59   59   15            HA       3   1951.8
160SSB 24-Feb-24 21:29 0055  HA8BE          59   59   15                     3   1944.7
160SSB 24-Feb-24 21:30 0056  OK1HBO         59   59   15                     3   1934.0
160SSB 24-Feb-24 21:31 0057  EI4KU          59   59   14                     3   1930.0
160SSB 24-Feb-24 21:33 0058  RW1A           59   59   16                     3   1923.0
160SSB 24-Feb-24 21:35 0059  LY2ZO          59   59   15                     3   1915.9
160SSB 24-Feb-24 21:38 0060  YR8D           59   59   20            YO   20  3   1897.8
160SSB 24-Feb-24 21:39 0061  SN7D           59   59   15                     3   1883.0
160SSB 25-Feb-24 21:13 0062  G0BNR          59   59   14                     3   1984.5
160SSB 25-Feb-24 21:13 0063  S53TG          59   59   15                     3   1979.0
160SSB 25-Feb-24 21:15 0064  HB9CVQ         59   59   14                     3   1970.0
160SSB 25-Feb-24 21:16 0065  SQ1OD          59   59   15                     3   1963.0
160SSB 25-Feb-24 21:17 0066  DA2A           59   59   14                     2   1957.4
160SSB 25-Feb-24 21:18 0067  DR5M           59   59   14                     2   1929.0
160SSB 25-Feb-24 21:19 0068  SP1D           59   59   15                     3   1914.0
160SSB 25-Feb-24 21:20 0069  DL7URH         59   59   14                     2   1912.0
160SSB 25-Feb-24 21:24 0070  DR4W           59   59   14                     2   1890.7
160SSB 25-Feb-24 21:26 0071  LX1ER          59   59   14                     3   1885.8
160SSB 25-Feb-24 21:27 0072  DJ5MO          59   59   14                     2   1884.0
160SSB 25-Feb-24 21:28 0073  OM7K           59   59   15            OM       3   1876.8
160SSB 25-Feb-24 21:32 0074  HA5UA          59   59   15                     3   1868.9
160SSB 25-Feb-24 21:33 0075  DF8XC          59   59   14                     2   1865.7
160SSB 25-Feb-24 21:37 0076  GI4SNA         59   59   14            GI       3   1847.5
160SSB 25-Feb-24 21:39 0077  S57AL          59   59   15                     3   1840.5
160SSB 25-Feb-24 21:40 0078  HG8DX          59   59   15                     3   1836.2
160SSB 25-Feb-24 21:41 0079  G4PIQ          59   59   14                     3   1834.0
160SSB 25-Feb-24 21:41 0080  IK3SSJ         59   59   15                     3   1830.2
160SSB 25-Feb-24 21:45 0081  UR7U           59   59   16            UR       3   1857.9
160SSB 25-Feb-24 21:46 0082  DL5LYM         59   59   14                     2   1864.0
160SSB 25-Feb-24 21:50 0083  CR6T           59   59   14            CT       3   1893.0
160SSB 25-Feb-24 21:51 0084  DL7CX          59   59   14                     2   1895.4
160SSB 25-Feb-24 21:52 0085  DK5PD          59   59   14                     2   1908.8
160SSB 25-Feb-24 21:52 0086  DA2X           59   59   14                     2   1915.2
160SSB 25-Feb-24 21:53 0087  YO3APJ         59   59   20                     3   1920.0
160SSB 25-Feb-24 21:54 0088  DR6T           59   59   14                     2   1923.0
160SSB 25-Feb-24 21:54 0089  SP4Z           59   59   15                     3   1933.8
160SSB 25-Feb-24 21:56 0090  DH1UK          59   59   14                     2   1970.1
160SSB 25-Feb-24 21:57 0091  HG6K           59   59   15                     3   1974.6
160SSB 25-Feb-24 21:58 0092  LY4I           59   59   15                     3   1987.0
160SSB 25-Feb-24 21:58 0093  DF0WH          59   59   14                     2   1992.5
160SSB 25-Feb-24 21:58 0094  DK9VC          59   59   14                     2   1995.0
160SSB 25-Feb-24 21:59 0095  HB9LB          59   59   14                     3   1958.9
