 40CW  29-Jan-24 16:31 0001  OL1T           599  599  004           OK       3   7034.0
 40CW  29-Jan-24 16:31 0002  DF7YE          599  599  005           DL       2   7033.6
 40CW  29-Jan-24 16:32 0003  OK1DSZ         599  599  004                    3   7033.1
 40CW  29-Jan-24 16:33 0004  DD5M           599  599  007                    2   7032.8
 40CW  29-Jan-24 16:34 0005  OM5AA          599  599  007           OM       3   7032.2
 40CW  29-Jan-24 16:34 0006  SF6J           599  599  007           SM       3   7031.4
 40CW  29-Jan-24 16:35 0007  SM6M           599  599  012                    3   7031.0
 40CW  29-Jan-24 16:35 0008  OK5D           599  599  011                    3   7030.6
 40CW  29-Jan-24 16:36 0009  OK1DEP         599  599  009                    3   7030.3
 40CW  29-Jan-24 16:36 0010  SN1T           599  599  018           SP       3   7029.8
 40CW  29-Jan-24 16:37 0011  SM5ACQ         599  599  009                    3   7029.5
 40CW  29-Jan-24 16:38 0012  HA5MA          599  599  020           HA       3   7031.7
 40CW  29-Jan-24 16:39 0013  DK3AX          599  599  012                    2   7031.7
 40CW  29-Jan-24 16:39 0014  HA6NL          599  599  029                    3   7031.7
 40CW  29-Jan-24 16:39 0015  SP2KAC         599  599  011                    3   7031.7
 40CW  29-Jan-24 16:40 0016  RX3QNE         599  599  013           UA       3   7031.7
 40CW  29-Jan-24 16:41 0017  DF1DT          599  599  017                    2   7031.7
 40CW  29-Jan-24 16:41 0018  UZ1P           599  599  017           UR       3   7031.7
 40CW  29-Jan-24 16:41 0019  OM5RM          599  599  015                    3   7031.7
 40CW  29-Jan-24 16:42 0020  OK1JAX         599  599  021                    3   7031.7
 40CW  29-Jan-24 16:42 0021  OK1FKD         599  599  015                    3   7031.7
 40CW  29-Jan-24 16:43 0022  SP3VT          599  599  022                    3   7031.7
 40CW  29-Jan-24 16:43 0023  DP6R           599  599  016                    2   7031.7
 40CW  29-Jan-24 16:43 0024  SP2HHX         599  599  015                    3   7031.7
 40CW  29-Jan-24 16:44 0025  DM7W           599  599  025                    2   7031.7
 40CW  29-Jan-24 16:44 0026  ON4EM          599  599  024           ON       3   7031.7
 40CW  29-Jan-24 16:45 0027  OL4W           599  599  027                    3   7031.7
 40CW  29-Jan-24 16:45 0028  DA3T           599  599  028                    2   7031.7
 40CW  29-Jan-24 16:45 0029  SN7J           599  599  016                    3   7031.7
 40CW  29-Jan-24 16:46 0030  G4ZFE          599  599  019           G        3   7031.7
 40CW  29-Jan-24 16:46 0031  OK5M           599  599  043                    3   7031.7
 40CW  29-Jan-24 16:46 0032  SP7N           599  599  025                    3   7031.7
 40CW  29-Jan-24 16:47 0033  S51J           599  599  030           S5       3   7031.7
 40CW  29-Jan-24 16:47 0034  SM5DXR         599  599  017                    3   7031.7
 40CW  29-Jan-24 16:48 0035  DR2C           599  599  048                    2   7031.7
 40CW  29-Jan-24 16:48 0036  OK1NG          599  599  028                    3   7031.7
 40CW  29-Jan-24 16:49 0037  DF8QB          599  599  009                    2   7031.7
 40CW  29-Jan-24 16:50 0038  DH0GHU         599  599  019                    2   7031.7
 40CW  29-Jan-24 16:50 0039  SD6M           599  599  029                    3   7031.7
 40CW  29-Jan-24 16:51 0040  SP8BXL         599  599  021                    3   7031.7
 40CW  29-Jan-24 16:52 0041  SN5J           599  599  041                    3   7031.7
 40CW  29-Jan-24 16:52 0042  OK1TD          599  599  035                    3   7031.7
 40CW  29-Jan-24 16:52 0043  OK1FMX         599  599  026                    3   7031.7
 40CW  29-Jan-24 16:53 0044  DJ8VH          599  599  049                    2   7031.7
 40CW  29-Jan-24 16:54 0045  Z32TO          599  599  027           Z3       3   7031.7
 40CW  29-Jan-24 16:54 0046  SM5IMO         599  599  059                    3   7031.7
 40CW  29-Jan-24 16:54 0047  OM3ZU          599  599  030                    3   7031.7
 40CW  29-Jan-24 16:56 0048  SN5N           599  599  052                    3   7031.7
 40CW  29-Jan-24 16:56 0049  DL8QS          599  599  053                    2   7031.7
 40CW  29-Jan-24 16:57 0050  M4N            599  599  055                    3   7031.7
 40CW  29-Jan-24 16:58 0051  E77EA          599  599  061           E7       3   7031.7
 40CW  29-Jan-24 16:58 0052  DA3T           599  599  047                    0   7031.7
 40CW  29-Jan-24 16:59 0053  SE5E           599  599  070                    3   7031.6
 40CW  29-Jan-24 16:59 0054  DA0BCC         599  599  064                    2   7031.6
 40CW  29-Jan-24 17:00 0055  OK5SA          599  599  036                    3   7031.6
 40CW  29-Jan-24 17:00 0056  SM5S           599  599  034                    3   7031.6
 40CW  29-Jan-24 17:01 0057  DJ9SN          599  599  044                    2   7031.6
 80CW  29-Jan-24 17:03 0058  OM5B           599  599  039           OM       3   3540.9
 80CW  29-Jan-24 17:03 0059  OK1AY          599  599  040           OK       3   3540.9
 80CW  29-Jan-24 17:04 0060  OK2SG          599  599  003                    3   3540.9
 80CW  29-Jan-24 17:05 0061  DL1DWR         599  599  028           DL       2   3540.9
 80CW  29-Jan-24 17:07 0062  OL8R           599  599  044                    3   3540.9
 80CW  29-Jan-24 17:07 0063  OM5RM          599  599  050                    3   3540.9
 80CW  29-Jan-24 17:09 0064  DJ9KH          599  599  072                    2   3539.9
 80CW  29-Jan-24 17:10 0065  SN1T           599  599  100           SP       3   3538.3
 80CW  29-Jan-24 17:10 0066  DL1NKS         599  599  080                    2   3538.0
 80CW  29-Jan-24 17:12 0067  DL5YM          599  599  042                    2   3537.1
 80CW  29-Jan-24 17:14 0068  SP3VT          599  599  072                    3   3543.4
 80CW  29-Jan-24 17:14 0069  OK2PYA         599  599  061                    3   3543.4
 80CW  29-Jan-24 17:15 0070  SP3MEP         599  599  069                    3   3543.4
 80CW  29-Jan-24 17:16 0071  OM5KM          599  599  048                    3   3543.4
 80CW  29-Jan-24 17:17 0072  9A3DML         599  599  032           9A       3   3543.4
 80CW  29-Jan-24 17:17 0073  DR2C           599  599  107                    2   3543.4
 80CW  29-Jan-24 17:18 0074  SN5J           599  599  079                    3   3543.4
 80CW  29-Jan-24 17:19 0075  OK1TD          599  599  068                    3   3543.4
 80CW  29-Jan-24 17:19 0076  DF1DT          599  599  067                    2   3543.4
 80CW  29-Jan-24 17:20 0077  OK2NAJ         599  599  086                    3   3543.4
 80CW  29-Jan-24 17:20 0078  HA1YA          599  599  070           HA       3   3543.4
 80CW  29-Jan-24 17:20 0079  OK1NU          599  599  042                    3   3543.4
 80CW  29-Jan-24 17:21 0080  HB9CMW         599  599  031           HB       3   3543.4
 80CW  29-Jan-24 17:21 0081  OL4W           599  599  090                    3   3543.4
 80CW  29-Jan-24 17:22 0082  DL8QS          599  599  096                    2   3543.4
 80CW  29-Jan-24 17:22 0083  OK1IBP         599  599  055                    3   3543.4
 80CW  29-Jan-24 17:23 0084  SM5M           599  599  124           SM       3   3543.4
 80CW  29-Jan-24 17:24 0085  S52W           599  599  101           S5       3   3543.4
 80CW  29-Jan-24 17:24 0086  OK1USP         599  599  060                    3   3543.4
 80CW  29-Jan-24 17:25 0087  SE5E           599  599  126                    3   3543.4
 80CW  29-Jan-24 17:26 0088  OK1FMX         599  599  058                    3   3543.4
 80CW  29-Jan-24 17:26 0089  HB9BXE         599  599  108                    3   3543.4
 80CW  29-Jan-24 17:28 0090  OK1TD          599  599  080                    0   3543.4
 80CW  29-Jan-24 17:29 0091  DF8V           599  599  071                    2   3543.4
 80CW  29-Jan-24 17:29 0092  G4ZFE          599  599  057           G        3   3543.4
 80CW  29-Jan-24 17:30 0093  OL1T           599  599  124                    3   3543.4
