 20CW  19-Apr-24 21:24 0001  4Z5LY          599  599  H06HF         4X       5  14021.5
 20CW  19-Apr-24 21:27 0002  9H1PI          599  599  009           9H       3  14033.0
 40CW  19-Apr-24 21:31 0003  9A3B           599  599  016           9A       3   7021.3
 40CW  19-Apr-24 21:33 0004  HA6ZQ          599  599  018           HA       3   7019.1
 20CW  19-Apr-24 21:38 0005  4X4YM          599  599  F12HS                  5  14024.1
 10CW  20-Apr-24 07:31 0006  4Z5LY          599  599  H06HF         4X       5  28018.5
 10CW  20-Apr-24 07:33 0007  4Z5LU          599  599  H05HF                  5  28020.8
 10CW  20-Apr-24 08:24 0008  4Z1AR          599  599  E15TA                  5  28010.0
 10CW  20-Apr-24 08:25 0009  4X6ZM          599  599  F14PT                  5  28035.1
 10CW  20-Apr-24 08:26 0010  4Z5PN          599  599  C19AS                  5  28038.0
 15CW  20-Apr-24 08:26 0011  4X1MM          599  599  G11HS         4X       5  21030.0
 15CW  20-Apr-24 08:27 0012  YO4FHU         599  599  063           YO       3  21025.1
 15CW  20-Apr-24 08:28 0013  4Z4KX          599  599  F15RH                  5  21021.0
 15CW  20-Apr-24 08:28 0014  4X6FR          599  599  F14HS                  5  21009.1
 20CW  20-Apr-24 08:30 0015  SN5N           599  599  045           SP       3  14015.6
 20CW  20-Apr-24 08:33 0016  CT7BJG         599  599  019           CT       3  14038.1
 40CW  20-Apr-24 08:36 0017  OK1OA          599  599  047           OK       3   7019.1
 10CW  20-Apr-24 08:39 0018  4Z4AK          599  599  G14PT                  5  28039.0
 10CW  20-Apr-24 08:45 0019  4X1MM          599  599  G11HS                  5  28025.0
 10CW  20-Apr-24 09:15 0020  4Z5TK          599  599  G06HF                  5  28012.0
 10CW  20-Apr-24 09:16 0021  LZ4TX          599  599  EU            LZ       3  28021.0
 10CW  20-Apr-24 09:18 0022  4X6GP          599  599  F16RH                  5  28025.0
 10CW  20-Apr-24 09:18 0023  R6CC           599  599  EU            UA       3  28025.7
 10CW  20-Apr-24 09:20 0024  UP0L           599  599  AS            UN       5  28028.4
 10CW  20-Apr-24 09:37 0025  9N7AA          599  599  ASM           9N       5  28031.4
 10CW  20-Apr-24 09:38 0026  FY5KE          599  599  SA            FY       5  28030.4
 10CW  20-Apr-24 09:39 0027  4X4YM          599  599  F12HS                  5  28040.8
 15CW  20-Apr-24 09:45 0028  UP0L           599  599  AS            UN       5  21026.8
 15CW  20-Apr-24 09:45 0029  CT3KN          599  599  AFM           CT3      5  21026.0
 15CW  20-Apr-24 09:47 0030  4Z1AR          599  599  E15TA                  5  21013.0
 15CW  20-Apr-24 09:55 0031  LZ5R           599  599  EUC           LZ       3  21005.9
 10CW  20-Apr-24 13:20 0032  4K6FO          599  599  AS            4J       5  28010.0
 15CW  20-Apr-24 13:22 0033  4Z1DZ          599  599  G13PT                  5  21014.8
 15CW  20-Apr-24 13:24 0034  Z62TT          599  599  EU            Z6       3  21017.6
 15CW  20-Apr-24 13:25 0035  P3X            599  599  AS            5B       5  21017.1
 15CW  20-Apr-24 13:26 0036  OM2VL          599  599  EUM           OM       3  21015.6
 15CW  20-Apr-24 13:26 0037  RM1T           599  599  EU            UA       3  21014.1
 15CW  20-Apr-24 13:29 0038  IZ8EPX         599  599  28            I        3  21012.4
 15CW  20-Apr-24 13:30 0039  K0EJ           599  599  NA            K        5  21011.8
 15CW  20-Apr-24 13:31 0040  K1LZ           599  599  NA                     5  21010.6
 15CW  20-Apr-24 13:32 0041  US2YW          599  599  EU            UR       3  21009.8
 10CW  20-Apr-24 16:07 0042  K3AJ           599  599  NAC           K        5  28006.5
 10CW  20-Apr-24 16:09 0043  4L8A           599  599  ASM           4L       5  28023.0
 10CW  20-Apr-24 16:11 0044  D2EB           599  599  AF            D2       5  28028.0
 10CW  20-Apr-24 16:12 0045  LX1NO          599  599  EUM           LX       3  28043.0
 10CW  20-Apr-24 16:13 0046  DK5DQ          599  599  027           DL       2  28056.0
 15CW  20-Apr-24 16:15 0047  9M8J           599  599  OC            9M6      5  21006.1
 15CW  20-Apr-24 16:17 0048  R3AQ           599  599  EU                     3  21016.5
 15CW  20-Apr-24 16:17 0049  UT3QZ          599  599  EU                     3  21017.1
 15CW  20-Apr-24 16:17 0050  Z35F           599  599  EU            Z3       3  21018.0
 15CW  20-Apr-24 16:18 0051  UA9XX          599  599  EU                     3  21020.7
 15CW  20-Apr-24 16:19 0052  HA8A           599  599  EUM           HA       3  21023.8
 15CW  20-Apr-24 16:20 0053  AA3B           599  599  NAM                    5  21027.7
 15CW  20-Apr-24 16:21 0054  EB7KA          599  599  EU            EA       3  21034.1
 15CW  20-Apr-24 16:23 0055  E29TGW         599  599  AS            HS       5  21038.5
 15CW  20-Apr-24 16:25 0056  CT7BJG         599  599  EU            CT       3  21056.0
 20CW  20-Apr-24 16:27 0057  DD2CW          599  599  EUM           DL       2  14044.0
 20CW  20-Apr-24 16:27 0058  ES1BH          599  599  EU            ES       3  14039.2
 20CW  20-Apr-24 16:28 0059  EA/DL1CW       599  599  EUM           EA       3  14031.7
 20CW  20-Apr-24 16:29 0060  IK2AVH         599  599  EUM           I        3  14028.8
 20CW  20-Apr-24 16:30 0061  AO75MU         599  599  EU                     3  14027.1
 20CW  20-Apr-24 16:30 0062  YO4NF          599  599  EUM           YO       3  14023.5
 20CW  20-Apr-24 16:31 0063  IV3KKW         599  599  EU                     3  14020.0
 20CW  20-Apr-24 16:32 0064  HA7TM          599  599  135           HA       3  14018.9
 20CW  20-Apr-24 16:32 0065  HG5D           599  599  EU                     3  14018.5
 20CW  20-Apr-24 16:33 0066  YQ6A           599  599  EUM                    3  14018.2
 20CW  20-Apr-24 16:33 0067  AO75CT         599  599  EU                     3  14016.0
 20CW  20-Apr-24 16:34 0068  RC9O           599  599  AS            UA9      5  14015.4
 20CW  20-Apr-24 16:36 0069  R1LN           599  599  EUY           UA       3  14013.8
 20CW  20-Apr-24 16:37 0070  ZB2TT          599  599  EU            ZB       3  14012.4
 20CW  20-Apr-24 16:38 0071  P3X            599  599  AS            5B       5  14010.0
 20CW  20-Apr-24 16:38 0072  YO8TTT         599  599  EU                     3  14009.1
 15CW  20-Apr-24 16:41 0073  9W2VGR         599  599  AS            9M2      5  21037.5
 15CW  20-Apr-24 16:43 0074  EB5F           599  599  EU                     3  21057.6
 15CW  20-Apr-24 16:45 0075  YB9ELS         599  599  OCY           YB       5  21043.0
