 80CW  09-Nov-24 20:12 0001  DL5CC          599  599  143           DL       2   3510.1
 80CW  09-Nov-24 20:13 0002  OM7K           599  599  BBY           OM       3   3514.0
 80CW  09-Nov-24 20:15 0003  OK1GSB         599  599  DPS           OK       3   3516.6
 80CW  09-Nov-24 20:15 0004  UW1M           599  599  566           UR       3   3517.5
 80CW  09-Nov-24 20:17 0005  F5OZC          599  599  227           F        3   3518.5
 80CW  09-Nov-24 20:19 0006  OK1TN          599  599  FJI                    3   3519.2
 80CW  09-Nov-24 20:20 0007  OL4W           599  599  ELI                    3   3520.3
 80CW  09-Nov-24 20:20 0008  OM6RM          599  599  SEN                    3   3520.8
 80CW  09-Nov-24 20:21 0009  OK1OA          599  599  API                    3   3521.6
 80CW  09-Nov-24 20:22 0010  IK2UEX         599  599  133           I        3   3524.0
 80CW  09-Nov-24 20:23 0011  PA3ARM         599  599  143           PA       3   3526.1
 80CW  09-Nov-24 20:24 0012  ON5WL          599  599  123           ON       3   3527.1
 80CW  09-Nov-24 20:25 0013  UR7MZ          599  599  353                    3   3528.9
 40CW  09-Nov-24 20:30 0014  9A3SM          599  599  70            9A       3   7031.5
 40CW  09-Nov-24 20:31 0015  OL3M           599  599  FUO           OK       3   7038.3
 40CW  09-Nov-24 20:33 0016  OL1C           599  599  ETE                    3   7027.2
 40CW  09-Nov-24 20:34 0017  IK4DCX         599  599  151           I        3   7026.3
 40CW  09-Nov-24 20:35 0018  LY2XW          599  599  90            LY       3   7026.0
 40CW  09-Nov-24 20:36 0019  OL2J           599  599  GJI                    3   7025.0
 40CW  09-Nov-24 20:40 0020  OK6Y           599  599  GVY                    3   7022.9
 40CW  09-Nov-24 20:40 0021  YT7X           599  599  161           YU       3   7022.5
 40CW  09-Nov-24 20:41 0022  IK5MEP         599  599  62                     3   7022.0
 40CW  09-Nov-24 20:41 0023  OK2NO          599  599  HBR                    3   7021.5
 40CW  09-Nov-24 20:42 0024  OL6P           599  599  GVY                    3   7020.8
 40CW  09-Nov-24 20:42 0025  DL5AXX         599  599  66            DL       2   7019.9
 40CW  09-Nov-24 20:43 0026  OM3ZU          599  599  PRE           OM       3   7019.3
 40CW  09-Nov-24 20:44 0027  HA6PJ          599  599  370           HA       3   7019.0
 40CW  09-Nov-24 20:45 0028  SP8GQU         599  599  102           SP       3   7018.5
 40CW  09-Nov-24 20:46 0029  I1BPU          599  599  42                     3   7017.5
 40CW  09-Nov-24 20:47 0030  OM3TBG         599  599  NIT                    3   7017.0
 40CW  09-Nov-24 20:49 0031  OK2BRJ         599  599  HFM                    3   7015.2
 40CW  09-Nov-24 20:50 0032  EI4II          599  599  94            EI       3   7014.8
 40CW  09-Nov-24 20:51 0033  9A1AA          599  599  299                    3   7013.2
 40CW  09-Nov-24 20:52 0034  YU5T           599  599  183                    3   7012.5
 40CW  09-Nov-24 20:52 0035  OK1Z           599  599  CPI                    3   7012.2
 40CW  09-Nov-24 20:53 0036  SP4TKR         599  599  266                    3   7011.6
 40CW  09-Nov-24 20:54 0037  OM5KM          599  599  NIT                    3   7009.3
 40CW  09-Nov-24 20:55 0038  HG1G           599  599  887                    3   7009.3
 40CW  09-Nov-24 20:57 0039  SQ1BVG         599  599  64                     3   7009.3
 40CW  09-Nov-24 20:58 0040  SP7OGP         599  599  103                    3   7009.3
 40CW  09-Nov-24 21:00 0041  OK3X           599  599  BPD                    3   7010.5
 40CW  09-Nov-24 21:01 0042  IK2QEI         599  599  50                     3   7008.3
 20CW  09-Nov-24 21:02 0043  CT1DRB         599  599  139           CT       3  14017.0
160CW  09-Nov-24 21:04 0044  SP2QG          599  599  55            SP       3   1829.0
160CW  09-Nov-24 21:06 0045  OM8CW          599  599  LEV           OM       3   1830.5
160CW  09-Nov-24 21:07 0046  HA8TKS         599  599  88            HA       3   1821.0
 80CW  09-Nov-24 21:10 0047  HA2KMR         599  599  113           HA       3   3531.8
 80CW  09-Nov-24 21:12 0048  OK1FLC         599  599  BRA                    3   3534.8
 80CW  09-Nov-24 21:14 0049  OM3ZU          599  599  PRE                    3   3536.4
 80CW  09-Nov-24 21:16 0050  OL2J           599  599  GJI                    3   3538.0
 80CW  09-Nov-24 21:16 0051  OK1HEH         599  599  FCR                    3   3538.7
 80CW  09-Nov-24 21:17 0052  OK7T           599  599  ECL                    3   3539.1
 80CW  09-Nov-24 21:17 0053  OK3DM          599  599  BBE                    3   3539.8
 80CW  09-Nov-24 21:20 0054  SQ9TX          599  599  50            SP       3   3537.0
 80CW  09-Nov-24 21:21 0055  YL7X           599  599  670           YL       3   3537.0
 80CW  09-Nov-24 21:21 0056  OM6TX          599  599  CAD                    3   3537.0
 80CW  09-Nov-24 21:23 0057  SP3CW          599  599  174                    3   3537.0
 80CW  09-Nov-24 21:23 0058  M4N            599  599  298           G        3   3537.0
 80CW  09-Nov-24 21:24 0059  OK1AY          599  599  DPJ                    3   3537.0
 80CW  09-Nov-24 21:25 0060  S51W           599  599  162           S5       3   3537.0
 80CW  09-Nov-24 21:25 0061  OK1JFP         599  599  EUL                    3   3537.0
 80CW  09-Nov-24 21:27 0062  DL5JQ          599  599  278                    2   3537.6
 80CW  09-Nov-24 21:28 0063  S56C           599  599  148                    3   3540.3
 10CW  10-Nov-24 11:04 0064  LZ1ND          599  599  230           LZ       3  28026.9
 10CW  10-Nov-24 11:04 0065  CT1DRB         599  599  281           CT       3  28024.0
 10CW  10-Nov-24 11:05 0066  9A3A           599  599  409           9A       3  28021.0
 10CW  10-Nov-24 11:06 0067  UR5ECW         599  599  163           UR       3  28018.7
 10CW  10-Nov-24 11:08 0068  CT9ABO         599  599  547           CT3      5  28014.0
 10CW  10-Nov-24 11:11 0069  PX4M           599  599  80            PY       5  28035.0
 10CW  10-Nov-24 11:13 0070  Z35F           599  599  62            Z3       3  28034.0
 10CW  10-Nov-24 11:15 0071  IR9RPAL        599  599  000           IT9      3  28037.0
 10CW  10-Nov-24 11:16 0072  OM3CM          599  599  MAL           OM       3  28040.0
 10CW  10-Nov-24 11:17 0073  OG6C           599  599  131           OH       3  28040.9
 15CW  10-Nov-24 11:54 0074  S59AA          599  599  110           S5       3  21027.5
 15CW  10-Nov-24 11:56 0075  SN4EE          599  599  70            SP       3  21022.5
 15CW  10-Nov-24 11:57 0076  K3UL           599  599  302           K        5  21019.5
 15CW  10-Nov-24 11:58 0077  YL1YF          599  599  460           YL       3  21012.0
