 40CW  22-Apr-24 16:30 0001  OK2WY          599  599  001           OK       3   7032.4
 40CW  22-Apr-24 16:30 0002  SD6M           599  599  001           SM       3   7032.1
 40CW  22-Apr-24 16:31 0003  OK1OFM         599  599  003                    3   7031.1
 40CW  22-Apr-24 16:32 0004  HA6NL          599  599  006           HA       3   7030.5
 40CW  22-Apr-24 16:32 0005  PA3DZM         599  599  002           PA       3   7030.1
 40CW  22-Apr-24 16:33 0006  HA5OV          599  599  008                    3   7029.7
 40CW  22-Apr-24 16:33 0007  SM5ACQ         599  599  005                    3   7028.8
 40CW  22-Apr-24 16:33 0008  DJ3WE          599  599  009           DL       2   7028.4
 40CW  22-Apr-24 16:34 0009  E77EA          599  599  015           E7       3   7028.0
 40CW  22-Apr-24 16:35 0010  SP2QG          599  599  014           SP       3   7027.6
 40CW  22-Apr-24 16:35 0011  DM1T           599  599  012                    2   7027.2
 40CW  22-Apr-24 16:36 0012  SE5V           599  599  005                    3   7026.8
 40CW  22-Apr-24 16:37 0013  SD6O           599  599  009                    3   7026.2
 40CW  22-Apr-24 16:37 0014  DL5YM          599  599  014                    2   7025.8
 40CW  22-Apr-24 16:38 0015  E77DX          599  599  018                    3   7025.0
 40CW  22-Apr-24 16:38 0016  PC0A           599  599  011                    3   7024.2
 40CW  22-Apr-24 16:38 0017  OK1IBP         599  599  016                    3   7023.8
 40CW  22-Apr-24 16:39 0018  OM2KI          599  599  027           OM       3   7023.4
 40CW  22-Apr-24 16:40 0019  PA3ARM         599  599  011                    3   7022.4
 40CW  22-Apr-24 16:41 0020  HB9BXE         599  599  026           HB       3   7021.5
 40CW  22-Apr-24 16:41 0021  S52W           599  599  030           S5       3   7020.7
 40CW  22-Apr-24 16:42 0022  OK2EA          599  599  026                    3   7020.3
 40CW  22-Apr-24 16:42 0023  SM5IMO         599  599  032                    3   7019.5
 40CW  22-Apr-24 16:43 0024  PA3AAV         599  599  035                    3   7019.0
 40CW  22-Apr-24 16:43 0025  PA3DBS         599  599  025                    3   7018.5
 40CW  22-Apr-24 16:44 0026  DK2FG          599  599  041                    2   7018.0
 40CW  22-Apr-24 16:45 0027  DF4PD          599  599  023                    2   7024.6
 40CW  22-Apr-24 16:46 0028  DG1YBN         599  599  011                    2   7024.6
 40CW  22-Apr-24 16:47 0029  OK2CW          599  599  011                    3   7024.6
 40CW  22-Apr-24 16:47 0030  DF8V           599  599  017                    2   7024.6
 40CW  22-Apr-24 16:47 0031  OM3TVI         599  599  011                    3   7024.6
 40CW  22-Apr-24 16:48 0032  DJ1OJ          599  599  016                    2   7024.6
 40CW  22-Apr-24 16:49 0033  OZ7BQ          599  599  024           OZ       3   7024.6
 40CW  22-Apr-24 16:49 0034  SP2HHX         599  599  031                    3   7024.6
 40CW  22-Apr-24 16:50 0035  OM3ZU          599  599  030                    3   7024.6
 40CW  22-Apr-24 16:50 0036  OK2NAJ         599  599  028                    3   7024.6
 40CW  22-Apr-24 16:50 0037  OK1FMX         599  599  031                    3   7024.6
 40CW  22-Apr-24 16:51 0038  DL5KUT         599  599  033                    2   7024.6
 40CW  22-Apr-24 16:52 0039  DR100PE        599  599  016                    2   7024.6
 40CW  22-Apr-24 16:53 0040  OK1AMX         599  599  031                    3   7024.6
 40CW  22-Apr-24 16:53 0041  OM4DU          599  599  029                    3   7024.6
 40CW  22-Apr-24 16:54 0042  DL25EUT        599  599  023                    2   7024.6
 40CW  22-Apr-24 16:54 0043  DL8QS          599  599  043                    2   7024.6
 40CW  22-Apr-24 16:54 0044  OL4W           599  599  045                    3   7024.6
 40CW  22-Apr-24 16:55 0045  OK2NO          599  599  050                    3   7024.6
 40CW  22-Apr-24 16:56 0046  SP4TKR         599  599  042                    3   7024.6
 40CW  22-Apr-24 16:56 0047  I2CZQ          599  599  030           I        3   7024.6
 40CW  22-Apr-24 16:57 0048  HA1YA          599  599  053                    3   7024.6
 40CW  22-Apr-24 16:57 0049  DL7VOG         599  599  011                    2   7024.6
 40CW  22-Apr-24 16:57 0050  DL7YS          599  599  045                    2   7024.6
 40CW  22-Apr-24 16:58 0051  SP3VT          599  599  056                    3   7024.6
 40CW  22-Apr-24 16:58 0052  DJ5CW          599  599  020                    2   7024.6
 40CW  22-Apr-24 16:59 0053  PA2A           599  599  045                    3   7024.6
 40CW  22-Apr-24 16:59 0054  DD5M           599  599  064                    2   7024.6
 40CW  22-Apr-24 16:59 0055  OM4AY          599  599  030                    3   7024.6
 40CW  22-Apr-24 17:00 0056  SN1T           599  599  073                    3   7024.6
 40CW  22-Apr-24 17:00 0057  OK4X           599  599  023                    3   7024.6
 40CW  22-Apr-24 17:00 0058  PC4H           599  599  048                    3   7024.6
 40CW  22-Apr-24 17:01 0059  DL1MJF         599  599  006                    2   7024.6
 40CW  22-Apr-24 17:01 0060  OK1ITK         599  599  033                    3   7024.6
 40CW  22-Apr-24 17:02 0061  OM5B           599  599  081                    3   7024.6
 40CW  22-Apr-24 17:02 0062  HB9CMW         599  599  020                    3   7024.6
 40CW  22-Apr-24 17:03 0063  OK1FHD         599  599  026                    3   7024.6
 40CW  22-Apr-24 17:03 0064  OL8R           599  599  092                    3   7024.6
 40CW  22-Apr-24 17:04 0065  G4LJU          599  599  017           G        3   7024.6
 40CW  22-Apr-24 17:04 0066  OK2PYA         599  599  040                    3   7024.6
 40CW  22-Apr-24 17:05 0067  DM7W           599  599  062                    2   7024.6
 40CW  22-Apr-24 17:05 0068  SN5N           599  599  070                    3   7024.6
 40CW  22-Apr-24 17:06 0069  OG6B           599  599  048           OH       3   7024.6
 40CW  22-Apr-24 17:07 0070  DJ4MX          599  599  076                    2   7024.6
 40CW  22-Apr-24 17:08 0071  DR2C           599  599  079                    2   7024.6
 40CW  22-Apr-24 17:08 0072  OK2VX          599  599  052                    3   7024.6
 40CW  22-Apr-24 17:11 0073  F6JOE          599  599  038           F        3   7039.1
 40CW  22-Apr-24 17:12 0074  DL1NKS         599  599  083                    2   7037.9
 40CW  22-Apr-24 17:12 0075  OM5CM          599  599  082                    3   7037.1
 40CW  22-Apr-24 17:13 0076  SP4DNX         599  599  069                    3   7036.5
 40CW  22-Apr-24 17:13 0077  OK1DOR         599  599  075                    3   7035.8
 40CW  22-Apr-24 17:14 0078  OK5D           599  599  096                    3   7034.2
 40CW  22-Apr-24 17:15 0079  DA0BCC         599  599  006                    2   7035.1
 40CW  22-Apr-24 17:16 0080  OM5JA          599  599  065                    3   7031.6
 40CW  22-Apr-24 17:17 0081  OK7NV          599  599  063                    3   7031.2
 40CW  22-Apr-24 17:18 0082  DH0GHU         599  599  047                    2   7029.5
 40CW  22-Apr-24 17:19 0083  DK8ZZ          599  599  013                    2   7027.6
 40CW  22-Apr-24 17:21 0084  SQ8LUU         599  599  086                    3   7022.9
 40CW  22-Apr-24 17:21 0085  OK1RZ          599  599  105                    3   7022.6
 40CW  22-Apr-24 17:22 0086  OK6OK          599  599  073                    3   7021.7
 40CW  22-Apr-24 17:23 0087  DL4ME          599  599  108                    2   7017.6
 40CW  22-Apr-24 17:24 0088  RA4HBS         599  599  033           UA       3   7026.8
 40CW  22-Apr-24 17:25 0089  SP4JFR         599  599  084                    3   7026.8
 40CW  22-Apr-24 17:25 0090  HA6NL          599  599  128                    0   7026.8
 40CW  22-Apr-24 17:26 0091  HB9HTF         599  599  090                    3   7026.8
 40CW  22-Apr-24 17:26 0092  DF7YE          599  599  108                    2   7026.8
 40CW  22-Apr-24 17:27 0093  G4FJW          599  599  039                    3   7026.8
 40CW  22-Apr-24 17:27 0094  HG5E           599  599  125                    3   7026.8
 40CW  22-Apr-24 17:28 0095  G8N            599  599  038                    3   7026.8
 40CW  22-Apr-24 17:28 0096  DJ9SN          599  599  073                    2   7026.8
 40CW  22-Apr-24 17:29 0097  DL2NBY         599  599  098                    2   7026.8
