 40CW  15-Jul-24 16:30 0001  OK2GU          599  599  1             OK       3   7035.5
 40CW  15-Jul-24 16:30 0002  OK2BFN         599  599  2                      3   7035.5
 40CW  15-Jul-24 16:31 0003  DF1DT          599  599  2             DL       2   7035.5
 40CW  15-Jul-24 16:31 0004  DR2C           599  599  4                      2   7035.5
 40CW  15-Jul-24 16:31 0005  DJ9MH          599  599  5                      2   7035.5
 40CW  15-Jul-24 16:32 0006  SM6TOL         599  599  2             SM       3   7035.5
 40CW  15-Jul-24 16:32 0007  DR3W           599  599  3                      2   7035.5
 40CW  15-Jul-24 16:33 0008  HB9HTF         599  599  1             HB       3   7035.5
 40CW  15-Jul-24 16:34 0009  OL4W           599  599  6                      3   7035.5
 40CW  15-Jul-24 16:34 0010  HG1G           599  599  7             HA       3   7035.5
 40CW  15-Jul-24 16:35 0011  OZ7BQ          599  599  7             OZ       3   7035.5
 40CW  15-Jul-24 16:35 0012  OK1OA          599  599  13                     3   7035.5
 40CW  15-Jul-24 16:36 0013  HA6NL          599  599  15                     3   7035.5
 40CW  15-Jul-24 16:36 0014  DF1LON/P       599  599  5                      2   7035.5
 40CW  15-Jul-24 16:36 0015  DM5I           599  599  16                     2   7035.5
 40CW  15-Jul-24 16:37 0016  SP2XX          599  599  16            SP       3   7035.5
 40CW  15-Jul-24 16:37 0017  OK2PYA         599  599  12                     3   7035.5
 40CW  15-Jul-24 16:38 0018  ON4EM          599  599  12            ON       3   7035.5
 40CW  15-Jul-24 16:39 0019  OK2SFP         599  599  8                      3   7035.5
 40CW  15-Jul-24 16:40 0020  PC4H           599  599  19            PA       3   7035.5
 40CW  15-Jul-24 16:41 0021  DJ1OJ          599  599  18                     2   7035.5
 40CW  15-Jul-24 16:41 0022  G0TRT          599  599  11            G        3   7035.5
 40CW  15-Jul-24 16:42 0023  OK1DSZ         599  599  22                     3   7035.5
 40CW  15-Jul-24 16:43 0024  OL2M           599  599  10                     3   7035.5
 40CW  15-Jul-24 16:43 0025  OK1FMX         599  599  23                     3   7035.5
 40CW  15-Jul-24 16:44 0026  OG6B           599  599  16            OH       3   7035.5
 40CW  15-Jul-24 16:45 0027  DM7W           599  599  29                     2   7035.5
 40CW  15-Jul-24 16:45 0028  OK1TRJ         599  599  26                     3   7035.5
 40CW  15-Jul-24 16:45 0029  OM3ZU          599  599  6             OM       3   7035.5
 40CW  15-Jul-24 16:46 0030  SP7N           599  599  25                     3   7035.5
 40CW  15-Jul-24 16:47 0031  DK5DQ          599  599  26                     2   7035.5
 40CW  15-Jul-24 16:47 0032  G4LJU          599  599  10                     3   7035.5
 40CW  15-Jul-24 16:48 0033  DL7YS          599  599  31                     2   7035.5
 40CW  15-Jul-24 16:48 0034  SN3K           599  599  26                     3   7035.5
 40CW  15-Jul-24 16:49 0035  OK1USP         599  599  24                     3   7035.5
 40CW  15-Jul-24 16:49 0036  OK1AMX         599  599  23                     3   7035.5
 40CW  15-Jul-24 16:49 0037  OK5SA          599  599  6                      3   7035.5
 40CW  15-Jul-24 16:50 0038  YL3FW          599  599  36            YL       3   7035.5
 40CW  15-Jul-24 16:50 0039  DM1T           599  599  32                     2   7035.5
 40CW  15-Jul-24 16:51 0040  SP3VT          599  599  42                     3   7035.5
 40CW  15-Jul-24 16:52 0041  DA0BCC         599  599  45                     2   7035.5
 40CW  15-Jul-24 16:53 0042  OK5M           599  599  52                     3   7037.2
 40CW  15-Jul-24 16:54 0043  DJ9KH          599  599  48                     2   7036.5
 40CW  15-Jul-24 16:55 0044  SD6M           599  599  30                     3   7035.1
 40CW  15-Jul-24 16:55 0045  DL1NKS         599  599  49                     2   7034.5
 40CW  15-Jul-24 16:57 0046  OM5JA          599  599  29                     3   7033.1
 40CW  15-Jul-24 16:57 0047  DJ4WT          599  599  38                     2   7032.7
 40CW  15-Jul-24 16:58 0048  DL8MBS         599  599  13                     2   7032.0
 40CW  15-Jul-24 16:59 0049  OK1DOR         599  599  48                     3   7031.1
 40CW  15-Jul-24 16:59 0050  DL8QS          599  599  60                     2   7030.6
 40CW  15-Jul-24 17:01 0051  OK1TN          599  599  69                     3   7029.9
 40CW  15-Jul-24 17:01 0052  SM5CSS         599  599  43                     3   7029.7
 40CW  15-Jul-24 17:02 0053  OK1RR          599  599  66                     3   7028.6
 40CW  15-Jul-24 17:03 0054  SP2QG          599  599  77                     3   7027.6
 40CW  15-Jul-24 17:04 0055  HA5OV          599  599  61                     3   7027.3
 40CW  15-Jul-24 17:04 0056  E77EA          599  599  70            E7       3   7026.9
 40CW  15-Jul-24 17:04 0057  SE5V           599  599  60                     3   7026.7
 40CW  15-Jul-24 17:05 0058  DL5YM          599  599  63                     2   7026.3
 40CW  15-Jul-24 17:06 0059  OK2EA          599  599  31                     3   7025.7
 40CW  15-Jul-24 17:07 0060  HA5MA          599  599  66                     3   7025.1
 40CW  15-Jul-24 17:07 0061  OK1FGD         599  599  52                     3   7024.9
 40CW  15-Jul-24 17:08 0062  SP2KAC         599  599  43                     3   7024.6
 40CW  15-Jul-24 17:09 0063  OK1RZ          599  599  82                     3   7023.8
 40CW  15-Jul-24 17:10 0064  SP2MHC         599  599  47                     3   7024.1
 40CW  15-Jul-24 17:11 0065  DA2K           599  599  52                     2   7022.9
 40CW  15-Jul-24 17:11 0066  SE5T           599  599  59                     3   7022.7
 40CW  15-Jul-24 17:12 0067  PA3ARM         599  599  60                     3   7022.2
 40CW  15-Jul-24 17:14 0068  LZ/OK5FF       599  599  48            LZ       3   7021.6
 40CW  15-Jul-24 17:15 0069  PA3AAV         599  599  94                     3   7020.5
 40CW  15-Jul-24 17:15 0070  SC6O           599  599  70                     3   7019.9
 40CW  15-Jul-24 17:16 0071  OK2VX          599  599  56                     3   7019.6
 40CW  15-Jul-24 17:17 0072  DF4ZL          599  599  67                     2   7019.3
 40CW  15-Jul-24 17:17 0073  OK2CQR/P       599  599  29                     3   7018.4
 40CW  15-Jul-24 17:18 0074  DK4DS          599  599  49                     2   7018.0
 40CW  15-Jul-24 17:19 0075  OK5TFC         599  599  71                     3   7017.7
 40CW  15-Jul-24 17:20 0076  DH0GHU         599  599  54                     2   7015.7
 40CW  15-Jul-24 17:20 0077  LZ5DI          599  599  79                     3   7016.3
 40CW  15-Jul-24 17:22 0078  OK1FMJ         599  599  25                     3   7014.3
 40CW  15-Jul-24 17:23 0079  SP4TKR         599  599  92                     3   7031.4
 40CW  15-Jul-24 17:23 0080  DF8XC          599  599  79                     2   7031.4
 40CW  15-Jul-24 17:24 0081  DF7YE          599  599  82                     2   7031.4
 40CW  15-Jul-24 17:24 0082  DA3T           599  599  40                     2   7031.4
 40CW  15-Jul-24 17:25 0083  OK5D           599  599  101                    3   7031.4
 40CW  15-Jul-24 17:27 0084  OM5CM          599  599  96                     3   7031.4
 40CW  15-Jul-24 17:27 0085  SO3O           599  599  104                    3   7031.4
 40CW  15-Jul-24 17:28 0086  OK1JAX         599  599  91                     3   7031.4
 40CW  15-Jul-24 17:29 0087  SP8BXL         599  599  66                     3   7031.4
