 80DIG 05-Oct-24 16:00 0001  DJ6XB          599  599  001           DL       2   3583.5
 80DIG 05-Oct-24 16:03 0002  DK2VM          599  599  002                    2   3586.0
 80DIG 05-Oct-24 16:04 0003  DL5XL          599  599  001                    2   3589.5
 80DIG 05-Oct-24 16:08 0004  DM2BPG         599  599  003                    2   3584.0
 80DIG 05-Oct-24 16:10 0005  DL0NS          599  599  004                    2   3582.5
 80DIG 05-Oct-24 16:14 0006  DM3CH          599  599  004                    2   3588.0
 80DIG 05-Oct-24 16:17 0007  DM1FS          599  599  004                    2   3588.0
 80DIG 05-Oct-24 16:25 0008  DJ5TR          599  599  001                    2   3588.0
 80DIG 05-Oct-24 16:32 0009  DL7AUO         599  599  010                    2   3586.0
 80DIG 05-Oct-24 16:36 0010  DD5MA          599  599  002                    2   3581.0
 80DIG 05-Oct-24 16:36 0011  DG0KS          599  599  003                    2   3581.0
 80DIG 05-Oct-24 16:49 0012  DH4BM          599  599  003                    2   3580.5
 80DIG 05-Oct-24 16:51 0013  SP3KRE         599  599  008           SP       3   3580.5
 80DIG 05-Oct-24 16:53 0014  DL5PF          599  599  002                    2   3580.5
 80DIG 05-Oct-24 16:58 0015  DL1RPR         599  599  007                    2   3580.5
 80DIG 05-Oct-24 17:17 0016  DH1ME          599  599  008                    2   3588.0
 80DIG 05-Oct-24 17:19 0017  DL0GRH         599  599  003                    2   3591.1
 80DIG 05-Oct-24 17:25 0018  DM2BPG         599  599  030                    0   3585.4
 80DIG 05-Oct-24 17:34 0019  DL9FB          599  599  004                    2   3585.2
 80DIG 05-Oct-24 17:44 0020  SA7SWA         599  599  009           SM       3   3592.2
 80DIG 05-Oct-24 17:49 0021  SQ8YHF         599  599  011                    3   3592.2
 80DIG 05-Oct-24 17:54 0022  HB9DON         599  599  001           HB       3   3592.2
 80DIG 05-Oct-24 17:57 0023  DJ5MHZ         599  599  004                    2   3592.2
 80DIG 05-Oct-24 17:59 0024  DL9FB          599  599  007                    0   3592.2
 80DIG 05-Oct-24 18:00 0025  DD7UW          599  599  016                    2   3592.2
 40DIG 06-Oct-24 09:01 0026  DK2VW          599  599  022           DL       2   7042.0
 40DIG 06-Oct-24 09:04 0027  DM2BPG         599  599  035                    2   7043.5
 40DIG 06-Oct-24 09:06 0028  DL1SE          599  599  003                    2   7044.0
 40DIG 06-Oct-24 09:07 0029  DJ2AX          599  599  005                    2   7046.0
 40DIG 06-Oct-24 09:13 0030  DL9MFY         599  599  008                    2   7048.7
 40DIG 06-Oct-24 09:15 0031  F5JJA          599  599  001           F        3   7048.7
 40DIG 06-Oct-24 09:16 0032  DL5JH          599  599  004                    2   7048.7
 40DIG 06-Oct-24 09:18 0033  DH1OL          599  599  006                    2   7048.7
 40DIG 06-Oct-24 09:23 0034  DL7AUO         599  599  019                    2   7045.5
 40DIG 06-Oct-24 09:28 0035  DF1AN          599  599  008                    2   7042.2
 40DIG 06-Oct-24 09:30 0036  DM1FS          599  599  022                    2   7041.5
 40DIG 06-Oct-24 09:41 0037  DH1ME          599  589  033                    2   7046.5
 40DIG 06-Oct-24 09:50 0038  DL5XL          599  599  043                    2   7048.5
 40DIG 06-Oct-24 09:56 0039  DM5WH          599  599  004                    2   7043.3
 40DIG 06-Oct-24 10:00 0040  DM3CH          599  599  022                    2   7041.5
 40DIG 06-Oct-24 10:07 0041  DL0NS          599  599  018                    2   7041.5
 40DIG 06-Oct-24 10:08 0042  DL1AH          599  599  008                    2   7041.5
 40DIG 06-Oct-24 10:09 0043  DL2IKE         599  599  025                    2   7041.5
 40DIG 06-Oct-24 10:15 0044  DJ5TR          599  599  011                    2   7041.5
 40DIG 06-Oct-24 10:17 0045  DL1BJO         599  599  012                    2   7041.5
 40DIG 06-Oct-24 10:18 0046  DL3LK          599  599  024                    2   7041.5
 40DIG 06-Oct-24 10:24 0047  DL800SI        599  599  015                    2   7047.5
 40DIG 06-Oct-24 10:30 0048  SP3KRE         599  599  038           SP       3   7045.5
 40DIG 06-Oct-24 10:34 0049  SA7SWA         599  599  020           SM       3   7040.9
 40DIG 06-Oct-24 10:47 0050  DD7UW          599  599  032                    2   7044.1
 40DIG 06-Oct-24 10:50 0051  DL1RPR         599  599  020                    2   7044.1
 40DIG 06-Oct-24 10:54 0052  DL6YEK         599  599  002                    2   7044.1
 40DIG 06-Oct-24 10:59 0053  DL2MCI         599  599  003                    2   7044.1
 40DIG 0037 0001 06-Oct-24 09:44   DH1ME          0001 0010 1600 DJ6XB          001     7046.5
 40DIG 0037 0002 06-Oct-24 09:44   DH1ME          0001 0010 1603 DK2VM          002     7046.5
 40DIG 0037 0003 06-Oct-24 09:44   DH1ME          0001 0010 1604 DL5XL          001     7046.5
 40DIG 0037 0004 06-Oct-24 09:44   DH1ME          0001 0010 1608 DM2BPG         003     7046.5
 40DIG 0037 0005 06-Oct-24 09:44   DH1ME          0001 0010 1610 DL0NS          004     7046.5
 40DIG 0037 0006 06-Oct-24 09:44   DH1ME          0001 0010 1614 DM3CH          004     7046.5
 40DIG 0037 0007 06-Oct-24 09:44   DH1ME          0001 0010 1617 DM1FS          004     7046.5
 40DIG 0037 0008 06-Oct-24 09:44   DH1ME          0001 0010 1625 DJ5TR          001     7046.5
 40DIG 0037 0009 06-Oct-24 09:44   DH1ME          0001 0010 1632 DL7AUO         010     7046.5
 40DIG 0037 0010 06-Oct-24 09:44   DH1ME          0001 0010 1636 DD5MA          002     7046.5
 40DIG 0038 0011 06-Oct-24 09:51   DL5XL          0002 0010 1636 DG0KS          003     7048.5
 40DIG 0038 0012 06-Oct-24 09:51   DL5XL          0002 0010 1649 DH4BM          003     7048.5
 40DIG 0038 0013 06-Oct-24 09:51   DL5XL          0002 0010 1651 SP3KRE         008     7048.5
 40DIG 0038 0014 06-Oct-24 09:51   DL5XL          0002 0010 1653 DL5PF          002     7048.5
 40DIG 0038 0015 06-Oct-24 09:51   DL5XL          0002 0010 1658 DL1RPR         007     7048.5
 40DIG 0038 0016 06-Oct-24 09:51   DL5XL          0002 0010 1717 DH1ME          008     7048.5
 40DIG 0038 0017 06-Oct-24 09:51   DL5XL          0002 0010 1719 DL0GRH         003     7048.5
 40DIG 0038 0018 06-Oct-24 09:51   DL5XL          0002 0010 1725 DM2BPG         030     7048.5
 40DIG 0038 0019 06-Oct-24 09:51   DL5XL          0002 0010 1734 DL9FB          004     7048.5
 40DIG 0038 0020 06-Oct-24 09:51   DL5XL          0002 0010 1744 SA7SWA         009     7048.5
 40DIG 0040 0021 06-Oct-24 10:01   DM3CH          0003 0010 1749 SQ8YHF         011     7041.5
 40DIG 0040 0022 06-Oct-24 10:01   DM3CH          0003 0010 1754 HB9DON         001     7041.5
 40DIG 0040 0023 06-Oct-24 10:01   DM3CH          0003 0010 1757 DJ5MHZ         004     7041.5
 40DIG 0040 0024 06-Oct-24 10:01   DM3CH          0003 0010 1759 DL9FB          007     7041.5
 40DIG 0040 0025 06-Oct-24 10:01   DM3CH          0003 0010 1800 DD7UW          016     7041.5
 40DIG 0040 0026 06-Oct-24 10:01   DM3CH          0003 0010 0901 DK2VW          022     7041.5
 40DIG 0040 0027 06-Oct-24 10:01   DM3CH          0003 0010 0904 DM2BPG         035     7041.5
 40DIG 0040 0028 06-Oct-24 10:01   DM3CH          0003 0010 0906 DL1SE          003     7041.5
 40DIG 0040 0029 06-Oct-24 10:01   DM3CH          0003 0010 0907 DJ2AX          005     7041.5
 40DIG 0040 0030 06-Oct-24 10:01   DM3CH          0003 0010 0913 DL9MFY         008     7041.5
 40DIG 0040 0031 06-Oct-24 10:04   DL7AUO         0004 0009 0915 F5JJA          001     7041.5
 40DIG 0040 0032 06-Oct-24 10:04   DL7AUO         0004 0009 0916 DL5JH          004     7041.5
 40DIG 0040 0033 06-Oct-24 10:04   DL7AUO         0004 0009 0918 DH1OL          006     7041.5
 40DIG 0040 0035 06-Oct-24 10:04   DL7AUO         0004 0009 0928 DF1AN          008     7041.5
 40DIG 0040 0036 06-Oct-24 10:04   DL7AUO         0004 0009 0930 DM1FS          022     7041.5
 40DIG 0040 0037 06-Oct-24 10:04   DL7AUO         0004 0009 0941 DH1ME          033     7041.5
 40DIG 0040 0038 06-Oct-24 10:04   DL7AUO         0004 0009 0950 DL5XL          043     7041.5
 40DIG 0040 0039 06-Oct-24 10:04   DL7AUO         0004 0009 0956 DM5WH          004     7041.5
 40DIG 0040 0040 06-Oct-24 10:04   DL7AUO         0004 0009 1000 DM3CH          022     7041.5
