 80CW  14-Nov-24 07:00 0001  ON7PQ          599  599  Pat 2365      ON7PQ    1   3530.5
 40CW  14-Nov-24 07:02 0002  G3LDI          599  599  Roger 1843    G3LDI    1   7022.9
 40CW  14-Nov-24 07:02 0003  SE4E           599  599  Lars 950      SE4E     1   7024.3
 40CW  14-Nov-24 07:03 0004  G0TRT          599  599  Cie 3429      G0TRT    1   7025.7
 40CW  14-Nov-24 07:04 0005  OK1OA          599  599  Jiri OK       OK1OA    1   7026.5
 40CW  14-Nov-24 07:05 0006  F5IN           599  599  Mike F        F5IN     1   7027.0
 40CW  14-Nov-24 07:05 0007  HA6NL          599  599  Laci 3400     HA6NL    1   7027.5
 40CW  14-Nov-24 07:07 0008  SC6O           599  599  Ben 3519      SC6O     1   7028.8
 40CW  14-Nov-24 07:07 0009  SM5ACQ         599  599  Don 1573      SM5ACQ   1   7028.3
 40CW  14-Nov-24 07:08 0010  OK1RR          599  599  Martin 87     OK1RR    1   7029.5
 40CW  14-Nov-24 07:09 0011  SF1Z           599  599  Jens 2237     SF1Z     1   7030.4
 40CW  14-Nov-24 07:10 0012  SM5IMO         599  599  Dan 1854      SM5IMO   1   7031.1
 40CW  14-Nov-24 07:11 0013  OK2QA          599  599  Ruda 2891     OK2QA    1   7033.0
 40CW  14-Nov-24 07:12 0014  M0RYB          599  599  Peter 2061    M0RYB    1   7033.4
 40CW  14-Nov-24 07:13 0015  G4BUE          599  599  Chris 1294    G4BUE    1   7033.4
 40CW  14-Nov-24 07:13 0016  SE5T           599  599  Kare 3467     SE5T     1   7033.4
 40CW  14-Nov-24 07:13 0017  G4DYC          599  599  Mike 2116     G4DYC    1   7033.4
 40CW  14-Nov-24 07:14 0018  G4IVV          599  599  Jon 3455      G4IVV    1   7033.4
 40CW  14-Nov-24 07:14 0019  SM7CIL         599  599  Arne 1410     SM7CIL   1   7033.4
 40CW  14-Nov-24 07:15 0020  OK2JIQ         599  599  JIRI OK       OK2JIQ   1   7033.4
 40CW  14-Nov-24 07:15 0021  DJ2IA          599  599  Dieter DL     DJ2IA    1   7033.4
 40CW  14-Nov-24 07:16 0022  DJ1OJ          599  599  Heijo 425     DJ1OJ    1   7033.4
 40CW  14-Nov-24 07:16 0023  PA2TA          599  599  TJ 2955       PA2TA    1   7033.4
 40CW  14-Nov-24 07:17 0024  DG1YBN         599  599  HAR DL        DG1YBN   1   7033.4
 40CW  14-Nov-24 07:17 0025  KO4VW          599  599  Steve 3096    KO4VW    1   7033.4
 40CW  14-Nov-24 07:17 0026  MM0UMH         599  599  Les 3509      MM0UMH   1   7033.4
 40CW  14-Nov-24 07:18 0027  G4RWD          599  599  Ken 2126      G4RWD    1   7033.4
 40CW  14-Nov-24 07:18 0028  F6JOE          599  599  Jean 1091     F6JOE    1   7033.4
 40CW  14-Nov-24 07:19 0029  N3JT           599  599  Jim 1         N3JT     1   7033.4
 40CW  14-Nov-24 07:19 0030  HA6NL          599  599  Laci 3400              0   7033.4
 40CW  14-Nov-24 07:20 0031  SM4JFR         599  599  3227          SM4JFR   1   7033.4
 40CW  14-Nov-24 07:21 0032  I5EFO          599  599  Emil 1486     I5EFO    1   7033.4
 40CW  14-Nov-24 07:21 0033  OK5M           599  599  Vit 2499      OK5M     1   7033.4
 40CW  14-Nov-24 07:22 0034  GW4J           599  599  Stew 919      GW4J     1   7033.4
 40CW  14-Nov-24 07:22 0035  G4LPP          599  599  Phil 2547     G4LPP    1   7033.4
 40CW  14-Nov-24 07:24 0036  KO4VW          599  599  Steve 3096             0   7033.4
 40CW  14-Nov-24 07:25 0037  LY2MM          599  599  AL 3532       LY2MM    1   7033.4
 40CW  14-Nov-24 07:25 0038  DL3GJ          599  599  Greg DL       DL3GJ    1   7033.4
 40CW  14-Nov-24 07:26 0039  PE2V           599  599  Vin 3564      PE2V     1   7033.4
 20CW  14-Nov-24 07:27 0040  IK0YVV         599  599  Marco 1505    IK0YVV   1  14032.0
 20CW  14-Nov-24 07:28 0041  SM5IMO         599  599  Dan 1854               1  14031.3
 20CW  14-Nov-24 07:29 0042  SF1Z           599  599  Jens 2237              1  14028.0
 20CW  14-Nov-24 07:31 0043  LY2MM          599  599  AL 3532                1  14035.8
 20CW  14-Nov-24 07:32 0044  E70T           599  599  Vlado 3585    E70T     1  14035.0
 20CW  14-Nov-24 07:35 0045  WU6P           599  599  Nian 2715     WU6P     1  14033.5
 20CW  14-Nov-24 07:35 0046  SP4JFR         599  599  Bolo 3227     SP4JFR   1  14033.5
 20CW  14-Nov-24 07:35 0047  OK5M           599  599  Vit 2499               1  14033.5
 20CW  14-Nov-24 07:37 0048  SE5T           599  599  Kare 3467              1  14033.5
 20CW  14-Nov-24 07:38 0049  JN1THL         599  599  Ken 161       JN1THL   1  14033.5
 20CW  14-Nov-24 07:38 0050  SE4E           599  599  Lars 950               1  14033.5
 20CW  14-Nov-24 07:40 0051  N3JT           599  599  Jim 1                  1  14033.5
 20CW  14-Nov-24 07:40 0052  DM6EE          599  599  Lutz 2654     DM6EE    1  14033.5
 20CW  14-Nov-24 07:42 0053  UR8UQ          599  599  Alex 3487     UR8UQ    1  14033.5
 20CW  14-Nov-24 07:42 0054  SM7CIL         599  599  Arne 1410              1  14033.5
 20CW  14-Nov-24 07:44 0055  PA0INA         599  599  Frans 443     PA0INA   1  14033.5
 20CW  14-Nov-24 07:44 0056  HA6NL          599  599  Laci 3400              1  14033.5
 20CW  14-Nov-24 07:45 0057  OH3BCX         599  599  Zaba 1856     OH3BCX   1  14033.5
 20CW  14-Nov-24 07:46 0058  IN3MNS         599  599  GIANI I       IN3MNS   1  14033.5
 20CW  14-Nov-24 07:48 0059  R100RU         599  599  000           R100RU   1  14033.0
 20CW  14-Nov-24 07:50 0060  SN5N           599  599  Chris SP      SN5N     1  14031.5
 20CW  14-Nov-24 07:51 0061  SM2EKM         599  599  Jim 2976      SM2EKM   1  14031.0
 20CW  14-Nov-24 07:51 0062  F5IN           599  599  Mike F                 1  14029.0
 15CW  14-Nov-24 07:54 0063  SM5IMO         599  599  Dan 1854               1  21030.4
 15CW  14-Nov-24 07:55 0064  F8DGY          599  599  Chris 3213    F8DGY    1  21029.7
 15CW  14-Nov-24 07:56 0065  UR8UQ          599  599  Alex 3487              1  21030.7
 15CW  14-Nov-24 07:57 0066  OK1RR          599  599  Martin 87              1  21031.2
 10CW  14-Nov-24 07:59 0067  R8LA           599  579  000           R8LA     1  28018.5
