 10CW  27-Mar-24 19:00 0001  WG3J           599  599  Eric 2473     WG3J     1  28032.4
 10CW  27-Mar-24 19:02 0002  K7QA           599  599  Tom 1959      K7QA     1  28030.2
 10CW  27-Mar-24 19:03 0003  N5AW           599  599  Marv 159      N5AW     1  28028.3
 10CW  27-Mar-24 19:05 0004  K1GU           599  599  Ned 884       K1GU     1  28035.4
 10CW  27-Mar-24 19:05 0005  K0EJ           599  599  MARK 2016     K0EJ     1  28029.8
 15CW  27-Mar-24 19:06 0006  NA8V           599  599  Greg 1214     NA8V     1  21024.8
 15CW  27-Mar-24 19:07 0007  N3OC           599  599  Brian 2944    N3OC     1  21025.5
 15CW  27-Mar-24 19:08 0008  N2IC           599  599  Steve 1790    N2IC     1  21026.5
 15CW  27-Mar-24 19:09 0009  KM0O           599  599  Tony 1037     KM0O     1  21027.4
 15CW  27-Mar-24 19:10 0010  K0EJ           599  599  MARK 2016              1  21027.7
 15CW  27-Mar-24 19:11 0011  N6NT           599  599  Bruce 3281    N6NT     1  21028.1
 15CW  27-Mar-24 19:11 0012  SE5E           599  599  Ingo 2097     SE5E     1  21028.5
 15CW  27-Mar-24 19:13 0013  N5TJ           599  599  Jeff 3016     N5TJ     1  21030.5
 15CW  27-Mar-24 19:14 0014  K6AR           599  599  Jim 546       K6AR     1  21030.8
 15CW  27-Mar-24 19:14 0015  N3RD           599  599  Dave 232      N3RD     1  21031.1
 15CW  27-Mar-24 19:15 0016  KC7V           599  599  Mike 260      KC7V     1  21031.4
 15CW  27-Mar-24 19:16 0017  K3MM           599  599  Ty 114        K3MM     1  21032.0
 15CW  27-Mar-24 19:16 0018  WG3J           599  599  Eric 2473              1  21032.5
 15CW  27-Mar-24 19:17 0019  KR2AA          599  599  Eric 2550     KR2AA    1  21032.8
 15CW  27-Mar-24 19:18 0020  K5KU           599  599  Gary LA       K5KU     1  21034.6
 15CW  27-Mar-24 19:19 0021  VE3EJ          599  599  John 513      VE3EJ    1  21035.1
 15CW  27-Mar-24 19:20 0022  NT6Q           599  599  ZO CA         NT6Q     1  21035.6
 15CW  27-Mar-24 19:21 0023  K7QA           599  599  Tom 1959               1  21035.9
 15CW  27-Mar-24 19:22 0024  NO5W           599  599  Chuck 311     NO5W     1  21036.8
 15CW  27-Mar-24 19:23 0025  WU6P           599  599  Nian 2715     WU6P     1  21037.2
 15CW  27-Mar-24 19:24 0026  N5NA           599  599  Alan 3354     N5NA     1  21038.2
 15CW  27-Mar-24 19:25 0027  K6NR           599  599  Dana 2380     K6NR     1  21039.0
 15CW  27-Mar-24 19:26 0028  KE4KY          599  599  Tom 1763      KE4KY    1  21040.2
 15CW  27-Mar-24 19:27 0029  WT3K           599  599  Daryl 2355    WT3K     1  21040.6
 15CW  27-Mar-24 19:28 0030  N7NR           599  599  Dave 2927     N7NR     1  21041.4
