 20CW  13-Apr-24 16:44 0001  DK8ZZ          599  599  28            DL   28  2  14033.6
 20CW  13-Apr-24 16:46 0002  RL4A           599  599  29            UA   29  3  14034.1
 20CW  13-Apr-24 16:47 0003  UB2F           599  599  29            UA2      3  14036.0
 20CW  13-Apr-24 16:50 0004  DL9ZP          599  599  28                     2  14042.0
 20CW  13-Apr-24 16:50 0005  RC2O           599  599  29                     3  14042.9
 20CW  13-Apr-24 16:51 0006  RW0A           599  599  SA            UA9      5  14043.8
 20CW  13-Apr-24 16:52 0007  IK8UND         599  599  28            I        3  14045.6
 20CW  13-Apr-24 16:53 0008  RU4SO          599  599  29                     3  14047.0
 20CW  13-Apr-24 16:53 0009  RZ1OK          599  599  19                 19  3  14047.5
 20CW  13-Apr-24 16:54 0010  RC3U           599  599  29                     3  14002.5
 20CW  13-Apr-24 16:56 0011  EA5OH          599  599  37            EA   37  3  14009.5
 20CW  13-Apr-24 16:58 0012  YU5T           599  599  28            YU       3  14011.7
 20CW  13-Apr-24 16:58 0013  UA9MA          599  599  30                 30  5  14012.5
 20CW  13-Apr-24 16:59 0014  RD4A           599  599  29                     3  14013.7
 20CW  13-Apr-24 16:59 0015  EA1CS          599  599  37                     3  14014.5
 20CW  13-Apr-24 16:59 0016  RU1AC          599  599  19                     3  14015.6
 20CW  13-Apr-24 17:00 0017  RN4SS          599  599  29                     3  14016.1
 20CW  13-Apr-24 17:00 0018  R1CX           599  599  29                     3  14016.6
 20CW  13-Apr-24 17:02 0019  TA3D           599  599  39            TA   39  5  14017.5
 20CW  13-Apr-24 17:03 0020  RT2C           599  599  29                     3  14018.5
 20CW  13-Apr-24 17:04 0021  RN3TT          599  599  29                     3  14019.1
 20CW  13-Apr-24 17:49 0022  IT9PPG         599  599  28            IT9      3  14026.0
 20CW  13-Apr-24 17:50 0023  IZ2GRG         599  599  28                     3  14027.3
 20CW  13-Apr-24 17:50 0024  R5AG           599  599  AL                     3  14029.0
 20CW  13-Apr-24 18:02 0025  RJ1O           599  599  KP                     3  14012.0
 20CW  13-Apr-24 18:03 0026  UA4S           599  599  29                     3  14014.6
 20CW  13-Apr-24 18:04 0027  RA7C           599  599  29                     3  14017.0
 20CW  13-Apr-24 18:04 0028  R9AE           599  599  30                     5  14018.0
 20CW  13-Apr-24 18:06 0029  UA3RF          599  599  29                     3  14019.0
 20CW  13-Apr-24 18:08 0030  HA3HO          599  599  28            HA       3  14020.0
 20CW  13-Apr-24 18:09 0031  RG5A           599  599  29                     3  14021.1
 20CW  13-Apr-24 18:10 0032  IZ8XXE         599  599  28                     3  14030.1
 20CW  13-Apr-24 18:16 0033  UF5A           599  599  29                     3  14036.5
 40CW  13-Apr-24 18:19 0034  HA2KMR         599  599  28            HA   28  3   7012.4
 40CW  13-Apr-24 18:20 0035  SD4W           599  599  18            SM   18  3   7012.7
 40CW  13-Apr-24 18:21 0036  DL3KWR         599  599  28            DL       2   7013.2
 40CW  13-Apr-24 18:22 0037  RM1T           599  599  29            UA   29  3   7013.6
 40CW  13-Apr-24 18:22 0038  IV3FPX         599  599  28            I        3   7014.0
 40CW  13-Apr-24 18:26 0039  YO4NF          599  599  28            YO       3   7015.0
 40CW  13-Apr-24 18:27 0040  YO8RXP         599  599  29                     3   7015.8
 40CW  13-Apr-24 18:27 0041  DL8QS          599  599  28                     2   7016.3
 40CW  13-Apr-24 18:28 0042  UR7MZ          599  599  29            UR       3   7016.6
 40CW  13-Apr-24 18:28 0043  MM2T           599  599  27            GM   27  3   7017.1
 40CW  13-Apr-24 18:29 0044  RW7F           599  599  29                     3   7017.6
 40CW  13-Apr-24 18:30 0045  IZ8XXE         599  599  28                     3   7018.0
 40CW  13-Apr-24 18:31 0046  RW0A           599  599  SA            UA9      5   7019.6
 40CW  13-Apr-24 18:32 0047  EV6Z           599  599  29            EU       3   7020.7
 40CW  13-Apr-24 18:33 0048  RA9MA          599  599  30                 30  5   7021.4
 40CW  13-Apr-24 18:37 0049  R4KO           599  599  29                     3   7023.1
 40CW  13-Apr-24 18:38 0050  R5FQ           599  599  29                     3   7023.6
 40CW  13-Apr-24 18:39 0051  R5AG           599  599  AL                     3   7024.1
 40CW  13-Apr-24 18:39 0052  UB1Q           599  599  29                     3   7024.6
 40CW  13-Apr-24 18:40 0053  OK2EA          599  599  28            OK       3   7026.4
 40CW  13-Apr-24 18:41 0054  RX9CC          599  599  20                 20  5   7027.3
 40CW  13-Apr-24 18:41 0055  9A3YT          599  599  28            9A       3   7027.9
 40CW  13-Apr-24 18:42 0056  SP5LST         599  599  28            SP       3   7028.5
 40CW  13-Apr-24 18:43 0057  UA3YFL         599  599  29                     3   7029.0
 40CW  13-Apr-24 18:44 0058  IK0HBN         599  599  28                     3   7029.3
 40CW  13-Apr-24 18:45 0059  S58MU          599  599  28            S5       3   7031.5
 80CW  13-Apr-24 18:46 0060  HA5JI          599  599  28            HA   28  3   3514.6
 80CW  13-Apr-24 18:48 0061  YO4NF          599  599  28            YO       3   3517.5
 80CW  13-Apr-24 18:49 0062  LZ5R           599  599  28            LZ       3   3516.7
 80CW  13-Apr-24 18:49 0063  LZ4A           599  599  28                     3   3521.4
 80CW  13-Apr-24 18:51 0064  DO2XU          599  599  28            DL       2   3528.1
 80CW  13-Apr-24 18:52 0065  SP2R           599  599  28            SP       3   3529.8
 80CW  13-Apr-24 19:20 0066  LZ5XQ          599  599  28                     3   3533.0
 80CW  13-Apr-24 19:20 0067  IV3FPX         599  599  28            I        3   3534.4
 80CW  13-Apr-24 19:21 0068  RM1T           599  599  29            UA   29  3   3522.0
 80CW  13-Apr-24 19:21 0069  SM3WMU         599  599  18            SM   18  3   3519.8
 80CW  13-Apr-24 19:23 0070  UA1CUR         599  599  29                     3   3518.9
 80CW  13-Apr-24 19:24 0071  LA8HGA         599  599  18            LA       3   3518.6
 80CW  13-Apr-24 19:25 0072  HA2KMR         599  599  28                     3   3513.1
 80CW  13-Apr-24 19:25 0073  9A3YT          599  599  28            9A       3   3512.3
160CW  13-Apr-24 19:26 0074  SC7DX          599  599  18            SM   18  3   1829.1
 20CW  13-Apr-24 19:29 0075  KU2M           599  599  08            K    08  5  14019.5
 20CW  13-Apr-24 19:30 0076  CQ75URE        599  599  37            CT       3  14012.7
 20CW  13-Apr-24 19:30 0077  UA9CTT         599  599  30                     5  14012.0
 15CW  13-Apr-24 19:32 0078  PY2KJ          599  599  15            PY   15  5  21022.1
