 40CW  07-Dec-24 19:24 0001  YO4NF          599  599  472/M         YO       3   7016.5
 40CW  07-Dec-24 19:25 0002  HA3NU          599  599  2             HA       3   7017.1
 40CW  07-Dec-24 19:25 0003  YU1RA          599  599  120           YU       3   7017.6
 40CW  07-Dec-24 19:27 0004  UT3N           599  599  134           UR       3   7025.0
 40CW  07-Dec-24 19:30 0005  HA1TJ          599  599  194                    3   7019.6
 40CW  07-Dec-24 19:32 0006  US7UK          599  599  60                     3   7018.9
 40CW  07-Dec-24 19:32 0007  LY9A           599  599  29            LY       3   7018.9
 40CW  07-Dec-24 19:33 0008  YP5A           599  599  159                    3   7018.9
 40CW  07-Dec-24 19:33 0009  EA1X           599  599  42            EA       3   7018.9
 40CW  07-Dec-24 19:35 0010  F5IN           599  599  450           F        3   7018.0
 40CW  07-Dec-24 19:37 0011  UA5B           599  599  23/M          UA       3   7007.1
 80CW  07-Dec-24 19:38 0012  DL7YS          599  599  57/M          DL       2   3530.1
 80CW  07-Dec-24 19:39 0013  S57X           599  599  172/M         S5       3   3531.0
 80CW  07-Dec-24 19:47 0014  LY9A           599  599  39            LY       3   3523.3
 80CW  07-Dec-24 19:48 0015  YT1WA          599  599  168           YU       3   3523.3
 80CW  07-Dec-24 19:49 0016  UA4FCO         599  599  25/M          UA       3   3523.3
 80CW  07-Dec-24 19:49 0017  LY3NX          599  599  107                    3   3523.3
 80CW  07-Dec-24 19:50 0018  YL3NU          599  599  372/M         YL       3   3523.3
 80CW  07-Dec-24 19:51 0019  OK1AY          599  599  127           OK       3   3523.3
 80CW  07-Dec-24 19:51 0020  LY2A           599  599  245                    3   3523.3
 80CW  07-Dec-24 19:52 0021  SQ1DNJ         599  599  77            SP       3   3523.3
 80CW  07-Dec-24 19:52 0022  LY2MM          599  599  81                     3   3523.3
 80CW  07-Dec-24 19:53 0023  OH2KW          599  599  478/M         OH       3   3523.3
 80CW  07-Dec-24 19:53 0024  DF8XC          599  599  41/M                   2   3523.3
 80CW  07-Dec-24 19:54 0025  YO8DOH         599  599  562/M         YO       3   3523.3
 80CW  07-Dec-24 19:56 0026  UW1M           599  599  180           UR       3   3523.3
 80CW  07-Dec-24 19:57 0027  EW8DX          599  599  472           EU       3   3523.3
 80CW  07-Dec-24 19:58 0028  YO4NF          599  599  500/M                  3   3523.3
 80CW  07-Dec-24 19:58 0029  YU3TA          599  599  98                     3   3523.3
 80CW  07-Dec-24 19:59 0030  SE4E           599  599  419/M         SM       3   3523.3
 80CW  07-Dec-24 19:59 0031  SN5J           599  599  378/M                  3   3523.3
 80CW  07-Dec-24 20:00 0032  RV3ZN          599  599  116/M                  3   3523.3
 80CW  07-Dec-24 20:01 0033  E77EA          599  599  475           E7       3   3523.3
 80CW  07-Dec-24 20:02 0034  DL5KUD         599  599  160/M                  2   3523.3
 80CW  07-Dec-24 20:03 0035  S53K           599  599  73                     3   3523.3
 80CW  07-Dec-24 20:04 0036  OK5M           599  599  114/M                  3   3523.3
 80CW  07-Dec-24 20:05 0037  DK8ZZ          599  599  87                     2   3523.3
 80CW  07-Dec-24 20:06 0038  OL8M           599  599  163                    3   3523.3
 80CW  07-Dec-24 20:10 0039  OL8R           599  599  297                    3   3518.5
 80CW  07-Dec-24 20:10 0040  F5IN           599  599  473           F        3   3518.0
 80CW  07-Dec-24 20:11 0041  DL1NKS         599  599  275                    2   3517.5
 80CW  07-Dec-24 20:12 0042  OK1KKI         599  599  198                    3   3515.6
 80CW  07-Dec-24 20:12 0043  IK4DCX         599  599  156           I        3   3525.1
 80CW  07-Dec-24 20:13 0044  DL3KWF         599  599  278/M                  2   3525.9
 80CW  07-Dec-24 20:13 0045  HA3NU          599  599  74            HA       3   3527.7
 80CW  07-Dec-24 20:15 0046  SQ9I           599  599  54                     3   3528.8
 80CW  07-Dec-24 20:17 0047  SP9KJU         599  599  30                     3   3532.0
 80CW  07-Dec-24 20:23 0048  OH3MZ          599  599  111                    3   3533.0
 80CW  07-Dec-24 20:26 0049  HA5OV          599  599  27                     3   3528.2
 80CW  07-Dec-24 20:27 0050  SO3O           599  599  131                    3   3523.0
 80CW  07-Dec-24 20:28 0051  OK2EA          599  599  334                    3   3522.0
 80CW  07-Dec-24 20:28 0052  M2G            599  599  264/M         G        3   3521.1
 80CW  07-Dec-24 20:29 0053  YO4RDW         599  599  112/M                  3   3520.5
 80CW  07-Dec-24 20:30 0054  S51DX          599  599  204                    3   3519.8
 80CW  07-Dec-24 20:31 0055  OK2MBP         599  599  364                    3   3518.1
 80CW  07-Dec-24 20:32 0056  LZ1ZJ          599  599  140           LZ       3   3516.0
 80CW  07-Dec-24 20:33 0057  DL5JQ          599  599  99/M                   2   3513.6
 80CW  07-Dec-24 20:36 0058  YU5T           599  599  209                    3   3512.7
 80CW  07-Dec-24 20:37 0059  UZ1WW          599  599  338/M                  3   3518.5
 80CW  07-Dec-24 20:39 0060  ON5WL          599  599  167           ON       3   3523.7
 10CW  08-Dec-24 11:12 0061  TA2DA          599  599  351/M         TA       5  28024.0
 10CW  08-Dec-24 11:13 0062  EA7BEZ         599  599  194           EA       3  28020.7
 10CW  08-Dec-24 11:13 0063  RW9QA          599  599  378           UA9      5  28019.1
 10CW  08-Dec-24 11:16 0064  CT1DRB         599  599  311/M         CT       3  28025.4
 15CW  08-Dec-24 11:18 0065  YO0YOTA        599  599  92            YO       3  21019.5
 15CW  08-Dec-24 11:18 0066  OH3MZ          599  599  223           OH       3  21020.1
 15CW  08-Dec-24 11:20 0067  UD6M           599  599  345           UA       3  21021.5
 15CW  08-Dec-24 11:21 0068  RU4SO          599  599  212                    3  21023.5
 15CW  08-Dec-24 11:21 0069  RW9DX          599  599  191           UA9      5  21024.0
 15CW  08-Dec-24 11:22 0070  YU1YV          599  599  562           YU       3  21024.3
 15CW  08-Dec-24 11:23 0071  EA4HKF         599  599  326/M         EA       3  21025.0
 15CW  08-Dec-24 11:24 0072  YO2IS          599  599  79                     3  21025.2
 15CW  08-Dec-24 11:25 0073  YO4FHU         599  599  453                    3  21031.5
 15CW  08-Dec-24 11:26 0074  LX1NO          599  599  456/M         LX       3  21038.2
 15CW  08-Dec-24 11:27 0075  R4BZ           599  599  121                    3  21013.5
 15CW  08-Dec-24 11:27 0076  RK3P           599  599  291/M                  3  21015.6
 15CW  08-Dec-24 11:28 0077  TA3DJ          599  599  22            TA       5  21017.0
 15CW  08-Dec-24 11:30 0078  RX6FJ          599  599  145                    3  21019.0
 20CW  08-Dec-24 11:30 0079  EA2AZ          599  599  327           EA       3  14008.0
 20CW  08-Dec-24 11:31 0080  HG5D           599  599  420           HA       3  14009.5
 20CW  08-Dec-24 11:31 0081  9A1AA          599  599  404           9A       3  14010.5
 20CW  08-Dec-24 11:32 0082  SP2FAP         599  599  632           SP       3  14014.3
 20CW  08-Dec-24 11:33 0083  HA8TP          599  599  171                    3  14016.5
 20CW  08-Dec-24 11:34 0084  OK2EA          599  599  469           OK       3  14019.5
 20CW  08-Dec-24 11:41 0085  HG6O           599  599  686                    3  14020.5
 20CW  08-Dec-24 11:45 0086  DF4XX          599  599  88            DL       2  14021.6
 20CW  08-Dec-24 11:46 0087  YL2TD          599  599  699/M         YL       3  14022.1
 20CW  08-Dec-24 11:47 0088  SO7NA          599  599  72                     3  14022.5
 20CW  08-Dec-24 11:48 0089  SP2XX          599  599  76                     3  14023.6
 20CW  08-Dec-24 11:49 0090  DL1NKS         599  599  369                    2  14024.5
 20CW  08-Dec-24 11:50 0091  SD1A           599  599  141/M         SM       3  14027.0
 20CW  08-Dec-24 11:51 0092  SP7OGP         599  599  196                    3  14028.3
 20CW  08-Dec-24 11:52 0093  SF6W           599  599  176                    3  14033.8
 20CW  08-Dec-24 11:52 0094  SQ9I           599  599  228                    3  14033.2
 20CW  08-Dec-24 11:53 0095  R2FG           599  599  292           UA2      3  14037.0
 20CW  08-Dec-24 11:53 0096  LX1NO          599  599  480/M         LX       3  14038.8
 40CW  08-Dec-24 11:55 0097  SQ3JPV         599  599  59            SP       3   7023.0
 10CW  08-Dec-24 11:57 0098  RA9AP          599  599  343                    5  28026.9
 10CW  08-Dec-24 11:57 0099  UC0A           599  599  180                    5  28031.7
 10CW  08-Dec-24 11:59 0100  UR5EJ          599  599  235           UR       3  28024.1
