 40CW  27-May-24 16:31 0001  DF7YE          599  599  004           DL       2   7032.1
 40CW  27-May-24 16:31 0002  OK1RKS         599  599  001           OK       3   7032.7
 40CW  27-May-24 16:31 0003  DA3T           599  599  007                    2   7033.0
 40CW  27-May-24 16:32 0004  DL7YS          599  599  006                    2   7033.3
 40CW  27-May-24 16:34 0005  DF4XX          599  599  010                    2   7034.4
 40CW  27-May-24 16:34 0006  SP2XX          599  599  007           SP       3   7034.7
 40CW  27-May-24 16:34 0007  OK5D           599  599  013                    3   7035.4
 40CW  27-May-24 16:35 0008  SD6M           599  599  005           SM       3   7036.1
 40CW  27-May-24 16:35 0009  DL1NKS         599  599  012                    2   7036.5
 40CW  27-May-24 16:36 0010  OK1FHI         599  599  010                    3   7036.9
 40CW  27-May-24 16:37 0011  SP4DNX         599  599  008                    3   7014.5
 40CW  27-May-24 16:37 0012  SD6F           599  599  014                    3   7016.6
 40CW  27-May-24 16:38 0013  SD1A           599  599  014                    3   7015.0
 40CW  27-May-24 16:38 0014  OK2CQR         599  599  001                    3   7016.0
 40CW  27-May-24 16:39 0015  S58MU          599  599  014           S5       3   7017.1
 40CW  27-May-24 16:40 0016  DK2FG          599  599  028                    2   7018.0
 40CW  27-May-24 16:41 0017  YL2TD          599  599  023           YL       3   7018.5
 40CW  27-May-24 16:41 0018  SM5IMO         599  599  021                    3   7018.8
 40CW  27-May-24 16:42 0019  OM2KI          599  599  029           OM       3   7020.2
 40CW  27-May-24 16:42 0020  PA3AAV         599  599  031           PA       3   7020.0
 40CW  27-May-24 16:43 0021  OK1DOR         599  599  021                    3   7021.0
 40CW  27-May-24 16:43 0022  SP4JFR         599  599  016                    3   7021.8
 40CW  27-May-24 16:44 0023  OL8R           599  599  051                    3   7022.1
 40CW  27-May-24 16:44 0024  SM0OEK         599  599  029                    3   7022.5
 40CW  27-May-24 16:45 0025  PA3ARM         599  599  024                    3   7023.2
 40CW  27-May-24 16:46 0026  SN1T           599  599  034                    3   7023.5
 40CW  27-May-24 16:46 0027  OK1DSZ         599  599  043                    3   7024.1
 40CW  27-May-24 16:47 0028  DM100FK        599  599  028                    2   7024.5
 40CW  27-May-24 16:48 0029  OK1FGD         599  599  028                    3   7025.0
 40CW  27-May-24 16:49 0030  SC6O           599  599  027                    3   7025.4
 40CW  27-May-24 16:50 0031  OL5J           599  599  026                    3   7025.8
 40CW  27-May-24 16:50 0032  SM5CSS         599  599  031                    3   7026.1
 40CW  27-May-24 16:50 0033  DL8QS          599  599  033                    2   7026.5
 40CW  27-May-24 16:51 0034  DJ4WT          599  599  032                    2   7027.0
 40CW  27-May-24 16:52 0035  OK1JAX         599  599  045                    3   7028.4
 40CW  27-May-24 16:53 0036  OK1IBP         599  599  044                    3   7029.3
 40CW  27-May-24 16:54 0037  SE5V           599  599  047                    3   7029.7
 40CW  27-May-24 16:55 0038  OK2VX          599  599  033                    3   7030.3
 40CW  27-May-24 16:56 0039  SM5ACQ         599  599  035                    3   7030.9
 40CW  27-May-24 16:57 0040  PC0A           599  599  047                    3   7031.2
 40CW  27-May-24 16:57 0041  HA6NL          599  599  064           HA       3   7031.6
 40CW  27-May-24 16:58 0042  SP3VT          599  599  058                    3   7032.4
 40CW  27-May-24 16:59 0043  DF5EN          599  599  052                    2   7032.4
 40CW  27-May-24 16:59 0044  G4LJU          599  599  015           G        3   7032.4
 40CW  27-May-24 17:00 0045  DR2C           599  599  060                    2   7032.4
 40CW  27-May-24 17:00 0046  OK4X           599  599  043                    3   7032.4
 40CW  27-May-24 17:01 0047  OL8R           599  599  091                    0   7032.4
 40CW  27-May-24 17:01 0048  DL6MHW         599  599  056                    2   7032.4
 40CW  27-May-24 17:01 0049  PA2A           599  599  052                    3   7032.4
 40CW  27-May-24 17:03 0050  YL3FW          599  599  054                    3   7017.8
 40CW  27-May-24 17:04 0051  DA0BCC         599  599  056                    2   7018.4
 40CW  27-May-24 17:04 0052  DL2NBY         599  599  059                    2   7019.2
 40CW  27-May-24 17:05 0053  OK1TN          599  599  072                    3   7022.1
 40CW  27-May-24 17:05 0054  PA3DBS         599  599  022                    3   7024.4
 40CW  27-May-24 17:09 0055  OH3BCX         599  599  041           OH       3   7030.2
 40CW  27-May-24 17:09 0056  OK5SA          599  599  011                    3   7030.2
 40CW  27-May-24 17:09 0057  DJ9MH          599  599  068                    2   7030.2
 40CW  27-May-24 17:10 0058  DL1ROT         599  599  005                    2   7030.2
 40CW  27-May-24 17:10 0059  OK1FFA         599  599  016                    3   7030.2
 40CW  27-May-24 17:11 0060  DF4PD          599  599  044                    2   7030.2
 40CW  27-May-24 17:11 0061  DK2DR          599  599  023                    2   7030.2
 40CW  27-May-24 17:12 0062  DL4ME          599  599  073                    2   7030.2
 40CW  27-May-24 17:12 0063  DF4ZL          599  599  051                    2   7030.2
 40CW  27-May-24 17:13 0064  SM6M           599  599  069                    3   7030.2
 40CW  27-May-24 17:13 0065  SP4TKR         599  599  084                    3   7030.2
 40CW  27-May-24 17:14 0066  S52J           599  599  074                    3   7030.2
 40CW  27-May-24 17:14 0067  PC4H           599  599  063                    3   7030.2
 40CW  27-May-24 17:15 0068  HB9HTF         599  599  064           HB       3   7030.2
 40CW  27-May-24 17:16 0069  OM3FW          599  599  064                    3   7030.2
 40CW  27-May-24 17:16 0070  OK2SG          599  599  018                    3   7030.2
 40CW  27-May-24 17:17 0071  SE6K           599  599  046                    3   7030.2
 40CW  27-May-24 17:18 0072  HB9BXE         599  599  83                     3   7031.4
 40CW  27-May-24 17:19 0073  OK6OK          599  599  051                    3   7034.2
 40CW  27-May-24 17:20 0074  OK1NU          599  599  059                    3   7034.6
 40CW  27-May-24 17:20 0075  OM5JA          599  599  059                    3   7035.1
 40CW  27-May-24 17:21 0076  HA5OV          599  599  070                    3   7028.7
 40CW  27-May-24 17:22 0077  DJ9KH          599  599  077                    2   7028.0
 40CW  27-May-24 17:23 0078  DF1LON         599  599  055                    2   7023.7
 40CW  27-May-24 17:26 0079  OK2NAJ         599  599  085                    3   7030.3
 40CW  27-May-24 17:26 0080  PC4H           599  599  79                     0   7030.3
 40CW  27-May-24 17:27 0081  SE5T           599  599  75                     3   7030.3
 40CW  27-May-24 17:28 0082  G8N            599  599  44                     3   7030.3
