 20CW  04-May-24 21:48 0001  KR2Q           599  599  114           K        5  14024.6
 20CW  04-May-24 21:49 0002  DK5DQ          599  599  042           DL       2  14023.5
 20CW  04-May-24 21:50 0003  VK2GR          599  599  023           VK       5  14021.2
 20CW  04-May-24 21:51 0004  NY6DX          599  599  051                    5  14018.0
 20CW  04-May-24 21:52 0005  EB7A           599  599  008           EA       3  14016.9
 20CW  04-May-24 21:53 0006  N2MF           599  599  206                    5  14015.1
 20CW  04-May-24 21:54 0007  K2NV           599  599  058                    5  14014.4
 20CW  04-May-24 21:55 0008  L33M           599  599  023           LU       5  14013.1
 20CW  04-May-24 21:55 0009  W4RN           599  599  193                    5  14010.0
 20CW  04-May-24 21:56 0010  II2Q           599  599  MB            I        3  14008.9
 20CW  04-May-24 21:57 0011  II2S           599  599  CS                     3  14001.5
 20CW  04-May-24 21:59 0012  II2C           599  599  MI                     3  14027.5
 20CW  04-May-24 21:59 0013  K1JB           599  599  001                    5  14029.4
 40CW  04-May-24 22:01 0014  IQ1RY          599  599  CN            I        3   7003.1
 40CW  04-May-24 22:04 0015  IK6PTH         599  599  AN                     3   7011.1
 40CW  04-May-24 22:05 0016  R1AT           599  599  163           UA       3   7013.6
 40CW  04-May-24 22:06 0017  PA2DK          599  599  112           PA       3   7014.1
 40CW  04-May-24 22:06 0018  IO8O           599  599  CE                     3   7014.7
 40CW  04-May-24 22:08 0019  S50R           599  599  215           S5       3   7015.6
 40CW  04-May-24 22:08 0020  IK1PMR         599  599  AL                     3   7016.0
 40CW  04-May-24 22:09 0021  IZ5BBS         599  599  FI                     3   7017.0
 40CW  04-May-24 22:10 0022  IZ8EFD         599  599  CE                     3   7019.1
 40CW  04-May-24 22:11 0023  IK2CFD         599  599  VA                     3   7019.6
 15CW  05-May-24 08:49 0024  BD3TE          599  599  129           BY       5  21048.3
 15CW  05-May-24 08:50 0025  JA6GCE         599  599  490           JA       5  21046.5
 15CW  05-May-24 08:53 0026  JR7XOD         599  559  001                    5  21045.0
 15CW  05-May-24 08:53 0027  DF5EN          599  599  420           DL       2  21038.9
 15CW  05-May-24 08:57 0028  B4CRA          599  599  001                    5  21029.0
 15CW  05-May-24 08:57 0029  RW0AJ          599  599  349           UA9      5  21028.6
 15CW  05-May-24 08:58 0030  EA7BEZ         599  599  135           EA       3  21025.4
 15CW  05-May-24 08:59 0031  BA3AX          599  599  118                    5  21024.0
 15CW  05-May-24 09:01 0032  CT7BJG         599  599  426           CT       3  21022.0
 15CW  05-May-24 09:01 0033  RM9RZ          599  599  308                    5  21021.5
 15CW  05-May-24 09:02 0034  UP0L           599  599  1460          UN       5  21021.0
 15CW  05-May-24 09:02 0035  UT3EV          599  599  582           UR       3  21015.5
 15CW  05-May-24 09:04 0036  UN3M           599  599  439                    5  21006.5
 20CW  05-May-24 09:05 0037  IO6R           599  599  AN                     3  14038.5
 20CW  05-May-24 09:06 0038  SE5E           599  599  360           SM       3  14037.0
 20CW  05-May-24 09:07 0039  EA4HKF         599  599  113                    3  14036.2
 20CW  05-May-24 09:07 0040  EW1TZ          599  599  306           EU       3  14035.8
 20CW  05-May-24 09:09 0041  II9I           599  599  PA            IT9      3  14031.4
 20CW  05-May-24 09:09 0042  YQ6A           599  599  975           YO       3  14030.1
 20CW  05-May-24 09:10 0043  R1MJ           599  599  019           UA       3  14029.0
 20CW  05-May-24 09:11 0044  EA2AZ          599  599  358                    3  14028.5
 20CW  05-May-24 09:11 0045  HA3NU          599  599  204           HA       3  14027.6
 20CW  05-May-24 09:12 0046  EA1X           599  599  758                    3  14027.1
 20CW  05-May-24 09:16 0047  IK0YVV         599  599  TR                     3  14025.8
 20CW  05-May-24 09:17 0048  EA3X           599  599  554                    3  14018.5
 20CW  05-May-24 09:18 0049  MM9I           599  599  1170          GM       3  14018.9
 20CW  05-May-24 09:19 0050  HG6O           599  599  911                    3  14017.4
 20CW  05-May-24 09:19 0051  HA4A           599  599  86                     3  14016.6
 20CW  05-May-24 09:20 0052  E70NA          599  599  236           E7       3  14014.6
 20CW  05-May-24 09:28 0053  IU8HEP         599  599  NA                     3  14009.1
 20CW  05-May-24 09:29 0054  LZ8R           599  599  988           LZ       3  14005.4
 20CW  05-May-24 09:30 0055  IZ8JFL         599  599  NA                     3  14005.0
 20CW  05-May-24 09:31 0056  EA5OH          599  599  120                    3  14048.1
 20CW  05-May-24 09:32 0057  ZA1RR          599  599  528           ZA       3  14039.0
 20CW  05-May-24 09:32 0058  YO2LEA         599  599  321                    3  14038.1
 20CW  05-May-24 09:33 0059  IK6PTH         599  599  AN                     3  14036.0
 20CW  05-May-24 09:33 0060  IZ8XXE         599  599  CE                     3  14034.5
 20CW  05-May-24 09:34 0061  HA8TKS         599  599  070                    3  14028.5
 20CW  05-May-24 09:35 0062  AO575XA        599  599  127                    3  14027.9
 20CW  05-May-24 09:36 0063  HA3DX          599  599  603                    3  14026.3
 15CW  05-May-24 09:38 0064  H25A           599  599  381           5B       5  21004.2
 15CW  05-May-24 09:38 0065  UA9BA          599  599  55                     5  21018.5
 15CW  05-May-24 09:39 0066  UA9CTT         599  599  408                    5  21017.5
 15CW  05-May-24 09:39 0067  4L8A           599  599  560           4L       5  21021.5
 15CW  05-May-24 09:39 0068  RA9AP          599  599  072                    5  21023.8
 20CW  05-May-24 09:41 0069  SV1ME          599  599  308           SV       3  14023.7
 20CW  05-May-24 09:41 0070  IZ8EFD         599  599  CE                     3  14021.4
 20CW  05-May-24 09:42 0071  E77EA          599  599  896                    3  14021.0
 20CW  05-May-24 09:44 0072  YT2RX          599  599  761           YU       3  14017.6
 20CW  05-May-24 09:45 0073  UZ5DM          599  599  116           UR       3  14011.8
 20CW  05-May-24 09:46 0074  LZ1NK          599  599  1046                   3  14010.0
 20CW  05-May-24 09:46 0075  LY7R           599  599  263           LY       3  14008.6
 20CW  05-May-24 09:47 0076  IZ8BRI         599  599  CS                     3  14007.8
 20CW  05-May-24 09:49 0077  EA2ESB         599  599  111                    3  14006.0
 20CW  05-May-24 09:51 0078  IQ6AN          599  599  AN                     3  14003.2
 15CW  05-May-24 09:52 0079  UW1M           599  599  1727                   3  21020.4
 15CW  05-May-24 09:53 0080  SV1DAY         599  599  435           SV       3  21040.5
 15CW  05-May-24 09:54 0081  RP79PW         599  599  001           UA       3  21044.0
