 40CW  25-Mar-24 16:31 0001  SP3VT          599  599  003           SP       3   7014.9
 40CW  25-Mar-24 16:31 0002  OK2BFN         599  599  004           OK       3   7014.9
 40CW  25-Mar-24 16:32 0003  RA4HBS         599  599  001           UA       3   7014.9
 40CW  25-Mar-24 16:32 0004  OK1FMX         599  599  006                    3   7014.9
 40CW  25-Mar-24 16:33 0005  DL8QS          599  599  008           DL       2   7014.9
 40CW  25-Mar-24 16:33 0006  DL8QS          599  599  009                    0   7014.9
 40CW  25-Mar-24 16:34 0007  OH1KH          599  599  001           OH       3   7014.9
 40CW  25-Mar-24 16:34 0008  IN3FHE         599  599  004           I        3   7014.9
 40CW  25-Mar-24 16:35 0009  HB9HTF         599  599  012           HB       3   7014.9
 40CW  25-Mar-24 16:36 0010  OL8R           599  599  017                    3   7014.9
 40CW  25-Mar-24 16:36 0011  DL1YCF         599  599  007                    2   7014.9
 40CW  25-Mar-24 16:36 0012  HA5MA          599  599  012           HA       3   7014.9
 40CW  25-Mar-24 16:37 0013  DR2C           599  599  016                    2   7014.9
 40CW  25-Mar-24 16:37 0014  DH4GB          599  599  008                    2   7014.9
 40CW  25-Mar-24 16:38 0015  SM5S           599  599  006           SM       3   7014.9
 40CW  25-Mar-24 16:38 0016  SP2R           599  599  014                    3   7014.9
 40CW  25-Mar-24 16:38 0017  OK2SLS         599  599  009                    3   7014.9
 40CW  25-Mar-24 16:39 0018  DA0BCC         599  599  015                    2   7014.9
 40CW  25-Mar-24 16:40 0019  R3GG           599  599  014                    3   7014.9
 40CW  25-Mar-24 16:40 0020  DF8TY          599  599  011                    2   7014.9
 40CW  25-Mar-24 16:41 0021  SP8BXL         599  599  015                    3   7014.9
 40CW  25-Mar-24 16:41 0022  SP4JFR         599  599  019                    3   7014.9
 40CW  25-Mar-24 16:41 0023  DM6EE          599  599  019                    2   7014.9
 40CW  25-Mar-24 16:42 0024  HA1YA          599  599  024                    3   7014.9
 40CW  25-Mar-24 16:42 0025  OK2VX          599  599  014                    3   7014.9
 40CW  25-Mar-24 16:44 0026  SM5IMO         599  599  031                    3   7015.2
 40CW  25-Mar-24 16:44 0027  SF6J           599  599  018                    3   7016.4
 40CW  25-Mar-24 16:45 0028  SD6F           599  599  028                    3   7016.9
 40CW  25-Mar-24 16:46 0029  DL6MHW         599  599  038                    2   7017.3
 40CW  25-Mar-24 16:46 0030  SM0OEK         599  599  037                    3   7017.6
 40CW  25-Mar-24 16:47 0031  HG5E           599  599  043                    3   7019.1
 40CW  25-Mar-24 16:47 0032  DK3GI          599  599  044                    2   7020.8
 40CW  25-Mar-24 16:48 0033  SC6O           599  599  029                    3   7021.3
 40CW  25-Mar-24 16:49 0034  OM2KI          599  599  042           OM       3   7021.6
 40CW  25-Mar-24 16:49 0035  OK1DWF         599  599  040                    3   7021.9
 40CW  25-Mar-24 16:50 0036  PA3ARM         599  599  037           PA       3   7022.3
 40CW  25-Mar-24 16:50 0037  PA3DBS         599  599  033                    3   7022.6
 40CW  25-Mar-24 16:51 0038  YU1RA          599  599  039           YU       3   7023.4
 40CW  25-Mar-24 16:53 0039  OK6OK          599  599  028                    3   7024.2
 40CW  25-Mar-24 16:54 0040  IS0JHQ         599  599  048           IS       3   7024.7
 40CW  25-Mar-24 16:55 0041  OM5AA          599  599  035                    3   7025.8
 40CW  25-Mar-24 16:56 0042  OK2WY          599  599  042                    3   7026.1
 40CW  25-Mar-24 16:56 0043  DL5YM          599  599  056                    2   7026.8
 40CW  25-Mar-24 16:58 0044  SE5T           599  599  044                    3   7027.0
 40CW  25-Mar-24 16:58 0045  SP4TKR         599  599  063                    3   7027.2
 40CW  25-Mar-24 16:59 0046  OK1DSZ         599  599  054                    3   7027.5
 40CW  25-Mar-24 17:00 0047  DD5M           599  599  072                    2   7027.8
 40CW  25-Mar-24 17:00 0048  DF1DX          599  599  037                    2   7028.2
 40CW  25-Mar-24 17:01 0049  DJ3WE          599  599  052                    2   7029.8
 40CW  25-Mar-24 17:02 0050  SE0B           599  599  063                    3   7030.8
 40CW  25-Mar-24 17:03 0051  HB9CVQ         599  599  002                    3   7031.6
 40CW  25-Mar-24 17:03 0052  OK1FHI         599  599  051                    3   7032.3
 40CW  25-Mar-24 17:04 0053  IK2AVH         599  599  036                    3   7032.7
 40CW  25-Mar-24 17:05 0054  OK1FGD         599  599  053                    3   7033.1
 40CW  25-Mar-24 17:06 0055  DJ9KH          599  599  066                    2   7033.6
 40CW  25-Mar-24 17:07 0056  OK2EA          599  599  069                    3   7034.0
 40CW  25-Mar-24 17:07 0057  OK1DOR         599  599  037                    3   7036.8
 40CW  25-Mar-24 17:08 0058  EA3AKA         599  599  016           EA       3   7037.4
 40CW  25-Mar-24 17:09 0059  OG6B           599  599  060                    3   7034.2
 40CW  25-Mar-24 17:10 0060  DJ9SN          599  599  049                    2   7034.2
 40CW  25-Mar-24 17:11 0061  M4N            599  599  075           G        3   7034.2
 40CW  25-Mar-24 17:12 0062  LZ5DI          599  599  060           LZ       3   7034.2
 40CW  25-Mar-24 17:12 0063  DM1T           599  599  064                    2   7034.2
 40CW  25-Mar-24 17:12 0064  SM6MIS         599  599  011                    3   7034.2
 40CW  25-Mar-24 17:13 0065  OK2WY          599  599  076                    0   7034.2
 40CW  25-Mar-24 17:14 0066  OK2ON          599  599  023                    3   7034.2
 40CW  25-Mar-24 17:14 0067  YL2TD          599  599  071           YL       3   7034.2
 40CW  25-Mar-24 17:14 0068  M7R            599  599  035                    3   7034.2
 40CW  25-Mar-24 17:15 0069  YU7TBA         599  599  055                    3   7034.2
 40CW  25-Mar-24 17:16 0070  PC4H           599  599  070                    3   7034.2
 40CW  25-Mar-24 17:18 0071  HB9BXE         599  599  081                    3   7034.2
 40CW  25-Mar-24 17:20 0072  HA6NL          599  599  104                    3   7034.2
 40CW  25-Mar-24 17:20 0073  OK1RZ          599  599  091                    3   7034.2
 40CW  25-Mar-24 17:21 0074  DF4XX          599  599  084                    2   7034.3
 40CW  25-Mar-24 17:22 0075  OM5CM          599  599  085                    3   7034.2
 40CW  25-Mar-24 17:23 0076  HA5BA          599  599  067                    3   7034.2
 40CW  25-Mar-24 17:29 0077  HA7RY          599  599  070                    3   7034.6
