 80CW  10-Sep-24 18:00 0001  DF1DT          599  599  O04           DL       2   3523.4
 80CW  10-Sep-24 18:03 0002  DF1OLS         599  599  H41                    2   3532.1
 80CW  10-Sep-24 18:04 0003  DL5FCO         599  599  F39                    2   3532.1
 80CW  10-Sep-24 18:05 0004  DF0FY          599  599  E31                    2   3532.1
 80CW  10-Sep-24 18:07 0005  SN1T           599  599  008           SP       3   3532.1
 80CW  10-Sep-24 18:08 0006  DM3ZF          599  599  Y28                    2   3532.1
 80CW  10-Sep-24 18:09 0007  DL5MCE         599  599  Y22                    2   3532.1
 80CW  10-Sep-24 18:09 0008  DO2PSW         599  599  W37                    2   3532.1
 80CW  10-Sep-24 18:11 0009  DG1EHM         599  599  L12                    2   3532.1
 80CW  10-Sep-24 18:12 0010  DF8V           599  599  Q05                    2   3532.1
 80CW  10-Sep-24 18:14 0011  DL4KAG         599  599  G19                    2   3532.1
 80CW  10-Sep-24 18:16 0012  DM3YBN         599  599  S35                    2   3532.1
 80CW  10-Sep-24 18:18 0013  DL4NAX         599  599  B06                    2   3532.1
 80CW  10-Sep-24 18:18 0014  DJ9BM          599  599  G55                    2   3532.1
 80CW  10-Sep-24 18:22 0015  DK5EM          599  599  Z07                    2   3532.1
 80CW  10-Sep-24 18:23 0016  DL3IAC         599  599  A12                    2   3532.1
 80CW  10-Sep-24 18:25 0017  DL1DQF         599  599  Y28                    2   3532.1
 80CW  10-Sep-24 18:26 0018  DK3GI          599  599  B40                    2   3532.1
 80CW  10-Sep-24 18:26 0019  DJ1TF          599  599  A02                    2   3532.1
 80CW  10-Sep-24 18:27 0020  DF4ZL          599  599  F16                    2   3532.1
 80CW  10-Sep-24 18:29 0021  DH5NN          599  599  E13                    2   3532.1
 80CW  10-Sep-24 18:30 0022  DF5BX          599  599  I37                    2   3532.1
 80CW  10-Sep-24 18:32 0023  DF8WU          599  599  K36                    2   3526.9
 80CW  10-Sep-24 18:34 0024  DL5IAH         599  599  K09                    2   3528.0
 80CW  10-Sep-24 18:34 0025  DL4HG          599  599  E38                    2   3534.1
 80CW  10-Sep-24 18:35 0026  SP0DXC         599  599  000                    3   3536.9
 80CW  10-Sep-24 18:36 0027  DA0T           599  599  E38                    2   3538.0
 80CW  10-Sep-24 18:38 0028  DK2LO          599  599  M21                    2   3541.8
 80CW  10-Sep-24 18:40 0029  DL0SLW         599  599  CW                     2   3543.6
 80CW  10-Sep-24 18:41 0030  DL2OE          599  599  Y15                    2   3544.9
 80CW  10-Sep-24 18:42 0031  DG9VH          599  599  Q03                    2   3546.0
 80CW  10-Sep-24 18:44 0032  DJ9MH          599  599  B10                    2   3532.1
 80CW  10-Sep-24 18:45 0033  HA5NR          599  599  015           HA       3   3532.1
 80CW  10-Sep-24 18:46 0034  DK2FG          599  599  N05                    2   3532.1
 80CW  10-Sep-24 18:47 0035  DF2ZY          599  599  Z54                    2   3532.1
 80CW  10-Sep-24 18:47 0036  DL1BUG         599  599  Y15                    2   3532.1
 80CW  10-Sep-24 18:48 0037  DL0GRH         599  599  S18                    2   3532.1
 80CW  10-Sep-24 18:49 0038  DK5OL          599  599  I57                    2   3532.1
 80CW  10-Sep-24 18:52 0039  DG2BAR         599  599  I37                    2   3532.1
 80CW  10-Sep-24 18:55 0040  DO1ZNX         599  599  N52                    2   3532.1
 80CW  10-Sep-24 18:56 0041  DM1PIO         599  599  Y21                    2   3532.1
 80CW  10-Sep-24 18:57 0042  DL7CBD         599  599  Y02                    2   3532.1
 80CW  10-Sep-24 18:59 0043  DJ9CN          599  599  I05                    2   3532.1
 80CW  10-Sep-24 18:59 0044  DL3LJ          599  599  M15                    2   3532.1
