 20CW  24-Aug-24 14:23 0001  YO4NF          599  599  CT            YO       3  14028.3
 20CW  24-Aug-24 14:24 0002  HG5D           599  599  202           HA       3  14029.4
 20CW  24-Aug-24 14:25 0003  E77DX          599  599  3             E7       3  14030.4
 20CW  24-Aug-24 14:25 0004  YO6KNY         599  599  CV                     3  14030.9
 20CW  24-Aug-24 14:26 0005  R4ACY          599  599  67            UA       3  14031.6
 20CW  24-Aug-24 14:27 0006  YO8AXP         599  599  BC                     3  14032.4
 20CW  24-Aug-24 14:49 0007  R7AM           599  599  162                    3  14034.0
 20CW  24-Aug-24 14:49 0008  HG1G           599  599  180                    3  14035.4
 20CW  24-Aug-24 14:50 0009  EW8DX          599  599  188           EU       3  14036.0
 20CW  24-Aug-24 14:51 0010  YO4FZX         599  599  TL                     3  14038.5
 20CW  24-Aug-24 14:53 0011  YT2ISM         599  599  96            YU       3  14045.3
 20CW  24-Aug-24 14:55 0012  IT9YMM         599  599  258           IT9      3  14048.0
 20CW  24-Aug-24 14:56 0013  LZ4A           599  599  174           LZ       3  14004.5
 20CW  24-Aug-24 14:57 0014  R1LN           599  599  80                     3  14006.1
 20CW  24-Aug-24 14:59 0015  EB1TR          599  599  3             EA       3  14007.1
 20CW  24-Aug-24 14:59 0016  SV2HXX         599  599  112           SV       3  14008.4
 20CW  24-Aug-24 14:59 0017  9H1PI          599  599  215           9H       3  14009.0
 20CW  24-Aug-24 15:00 0018  R4BZ           599  599  47                     3  14009.6
 20CW  24-Aug-24 15:01 0019  YR0K           599  599  BC                     3  14010.2
 20CW  24-Aug-24 15:02 0020  YP3X           599  599  BU                     3  14011.1
 20CW  24-Aug-24 15:03 0021  YU5R           599  599  207                    3  14012.5
 20CW  24-Aug-24 15:04 0022  YP8T           599  599  SV                     3  14013.1
 20CW  24-Aug-24 15:04 0023  P33W           599  599  465           5B       5  14013.8
 20CW  24-Aug-24 15:05 0024  YR0C           599  599  GR                     3  14014.9
 20CW  24-Aug-24 15:07 0025  YO4KAK         599  599  BR                     3  14016.2
 20CW  24-Aug-24 15:08 0026  YQ8E           599  599  BT                     3  14016.5
 20CW  24-Aug-24 15:08 0027  UR7R           599  599  92            UR       3  14016.9
 20CW  24-Aug-24 15:11 0028  TA3D           599  599  66            TA       5  14018.0
 20CW  24-Aug-24 15:11 0029  YQ6A           599  599  CV                     3  14018.5
 20CW  24-Aug-24 15:12 0030  S52W           599  599  143           S5       3  14020.5
 20CW  24-Aug-24 15:15 0031  YO3FFF         599  599  TR                     3  14021.8
 20CW  24-Aug-24 15:16 0032  RN4AO          599  599  88                     3  14022.1
 20CW  24-Aug-24 15:17 0033  RC9J           599  599  239           UA9      5  14023.4
 20CW  24-Aug-24 15:18 0034  YP5A           599  599  BN                     3  14025.6
 20CW  24-Aug-24 15:19 0035  SV1ME          599  599  30                     3  14028.0
 20CW  24-Aug-24 15:21 0036  EA8BW          599  599  330           EA8      5  14024.5
 20CW  24-Aug-24 15:22 0037  EW1TZ          599  599  129                    3  14024.5
 20CW  24-Aug-24 15:23 0038  UT7NI          599  599  113                    3  14024.5
 20CW  24-Aug-24 15:23 0039  EA5DO          599  599  12                     3  14024.5
 20CW  24-Aug-24 15:24 0040  RV6HV          599  599  193                    3  14024.5
 20CW  24-Aug-24 15:25 0041  RT4M           599  599  355                    3  14024.5
 20CW  24-Aug-24 15:26 0042  UA4FCO         599  599  136                    3  14024.5
 20CW  24-Aug-24 15:26 0043  YO4LHR         599  599  TL                     3  14024.5
 20CW  24-Aug-24 15:27 0044  LY6A           599  599  214           LY       3  14024.5
 20CW  24-Aug-24 15:28 0045  YO6DMR         599  599  BV                     3  14024.5
 20CW  24-Aug-24 15:28 0046  RU1AC          599  599  269                    3  14024.5
 20CW  24-Aug-24 15:30 0047  IK0OKY         599  599  14            I        3  14024.5
 20CW  24-Aug-24 15:31 0048  YO3GFH         599  599  BU                     3  14024.5
 20CW  24-Aug-24 15:31 0049  YO2QY          599  599  HD                     3  14024.5
 20CW  24-Aug-24 15:32 0050  YL3BU          599  599  59            YL       3  14024.5
 20CW  24-Aug-24 15:33 0051  YO4CAH         599  599  TL                     3  14024.5
 20CW  24-Aug-24 15:33 0052  EV6Z           599  599  61                     3  14024.5
 20CW  24-Aug-24 15:34 0053  YO8BOD         599  599  NT                     3  14024.5
 20CW  24-Aug-24 15:34 0054  HA8EN          599  599  102                    3  14024.5
 20CW  24-Aug-24 15:35 0055  RD7KW          599  599  156                    3  14024.5
 20CW  24-Aug-24 15:36 0056  R9SS           599  599  95                     5  14024.5
 20CW  24-Aug-24 15:36 0057  YU5T           599  599  16                     3  14024.5
 20CW  24-Aug-24 15:37 0058  UA6HFI         599  599  39                     3  14024.5
 20CW  24-Aug-24 15:38 0059  IU8RQW         599  599  116                    3  14024.5
 20CW  24-Aug-24 15:38 0060  YO5YM          599  599  AB                     3  14024.5
 20CW  24-Aug-24 15:39 0061  RD1T           599  599  45                     3  14024.5
 20CW  24-Aug-24 15:41 0062  LZ3PZ          599  599  26                     3  14024.5
 20CW  24-Aug-24 15:42 0063  YO4AAC         599  599  BR                     3  14024.5
 20CW  24-Aug-24 15:43 0064  IU8MOA         599  599  14                     3  14024.5
 20CW  24-Aug-24 15:43 0065  UA3QR          599  599  59                     3  14024.5
 20CW  24-Aug-24 15:44 0066  RW3AI          599  599  101                    3  14024.5
 20CW  24-Aug-24 15:44 0067  YO8OLY         599  599  NT                     3  14024.5
 20CW  24-Aug-24 15:45 0068  RX7T           599  599  97                     3  14024.5
 20CW  24-Aug-24 15:47 0069  R3OM           599  599  212                    3  14024.5
 15CW  24-Aug-24 15:53 0070  R4IO           599  599  287           UA       3  21019.6
 15CW  24-Aug-24 15:54 0071  NA8V           599  599  48            K        5  21014.9
 15CW  24-Aug-24 15:55 0072  P33W           599  599  579           5B       5  21011.0
 15CW  24-Aug-24 15:59 0073  K1LZ           599  599  363                    5  21003.0
 15CW  24-Aug-24 16:00 0074  4X1VF          599  599  163           4X       5  21017.0
 15CW  24-Aug-24 16:01 0075  PC0A           599  599  256           PA       3  21018.3
 15CW  24-Aug-24 16:03 0076  YR0C           599  599  GR            YO       3  21017.8
 15CW  24-Aug-24 16:04 0077  RL3T           599  599  164                    3  21031.1
 15CW  24-Aug-24 16:05 0078  RN4AO          599  599  116                    3  21030.3
 15CW  24-Aug-24 16:06 0079  RU9LA          599  599  313           UA9      5  21034.9
 15CW  24-Aug-24 16:09 0080  HS8NKB         599  599  83            HS       5  21047.0
 15CW  24-Aug-24 16:12 0081  UA4HEZ         599  599  101                    3  21024.5
 15CW  24-Aug-24 16:14 0082  UA3RW          599  599  59                     3  21017.3
 15CW  24-Aug-24 16:15 0083  R0AA           599  599  219                    5  21014.3
 15CW  24-Aug-24 16:16 0084  YP3A           599  599  BU                     3  21032.0
 40CW  24-Aug-24 16:21 0085  SN3F           599  599  133           SP       3   7012.2
 40CW  24-Aug-24 16:22 0086  HA1RJ          599  599  74            HA       3   7010.8
 40CW  24-Aug-24 16:24 0087  YR0C           599  599  GR            YO       3   7012.7
 40CW  24-Aug-24 16:25 0088  YO3FFF         599  599  TR                     3   7013.4
 40CW  24-Aug-24 16:26 0089  YT1A           599  599  124           YU       3   7014.0
 40CW  24-Aug-24 16:26 0090  SP9YGD         599  599  129                    3   7016.0
 40CW  24-Aug-24 16:28 0091  YO4NF          599  599  CT                     3   7016.9
 40CW  24-Aug-24 16:29 0092  UA4C           599  599  347           UA       3   7018.0
 40CW  24-Aug-24 16:32 0093  EW8DX          599  599  282           EU       3   7021.0
 40CW  24-Aug-24 16:33 0094  YP8T           599  599  SV                     3   7022.1
 40CW  24-Aug-24 16:33 0095  PA3DBS         599  599  53            PA       3   7022.7
 40CW  24-Aug-24 16:34 0096  SD1A           599  599  207           SM       3   7024.0
 40CW  24-Aug-24 16:35 0097  UR1YAA         599  599  126           UR       3   7026.0
 40CW  24-Aug-24 16:36 0098  SM2M           599  599  335                    3   7026.4
 40CW  24-Aug-24 16:37 0099  HA7PO          599  599  118                    3   7027.0
 40CW  24-Aug-24 16:39 0100  YQ6A           599  599  CV                     3   7030.2
 40CW  24-Aug-24 16:40 0101  OK2MBP         599  599  194           OK       3   7031.4
 40CW  24-Aug-24 16:46 0102  UC7A           599  599  359                    3   7021.7
 40CW  24-Aug-24 16:47 0103  HA4A           599  599  360                    3   7020.5
 40CW  24-Aug-24 16:48 0104  RN3AM          599  599  294                    3   7019.0
 40CW  24-Aug-24 16:51 0105  OE1BAA         599  599  10            OE       3   7017.3
 40CW  24-Aug-24 16:53 0106  UR7R           599  599  189                    3   7015.2
 40CW  24-Aug-24 16:54 0107  SP8GQU         599  599  47                     3   7014.7
 40CW  24-Aug-24 16:55 0108  SJ6R           599  599  257                    3   7013.8
 40CW  24-Aug-24 16:55 0109  RU1AC          599  599  347                    3   7013.1
 40CW  24-Aug-24 16:56 0110  YO5ODT         599  599  BH                     3   7011.6
 40CW  24-Aug-24 16:57 0111  HG6O           599  599  355                    3   7010.6
 20CW  24-Aug-24 17:20 0112  UA7G           599  599  211                    3  14008.5
 20CW  24-Aug-24 17:21 0113  9H1PI          599  599  330                    0  14008.0
 20CW  24-Aug-24 17:22 0114  LY6O           599  599  92                     3  14011.0
 20CW  24-Aug-24 17:23 0115  UA4PN          599  599  232                    3  14011.5
 20CW  24-Aug-24 17:24 0116  9A3SMS         599  599  148           9A       3  14012.6
 20CW  24-Aug-24 17:25 0117  US7IM          599  599  71                     3  14013.0
 20CW  24-Aug-24 17:25 0118  HG6O           599  599  392                    3  14013.5
 20CW  24-Aug-24 17:26 0119  OK1KKI         599  599  40            OK       3  14015.0
 20CW  24-Aug-24 17:27 0120  OK8IF          599  599  80                     3  14016.8
 20CW  24-Aug-24 17:28 0121  EA7Q           599  599  222                    3  14018.5
 20CW  24-Aug-24 17:30 0122  IT9IMJ         599  599  88                     3  14019.0
 20CW  24-Aug-24 17:33 0123  E77EA          599  599  319                    3  14020.5
 20CW  24-Aug-24 17:35 0124  YO8THR         599  599  NT                     3  14021.3
 20CW  24-Aug-24 17:36 0125  YO2NAA         599  599  TM                     3  14021.9
 20CW  24-Aug-24 17:38 0126  RK3TD          599  599  390                    3  14022.5
 20CW  24-Aug-24 17:40 0127  VR2GP          599  599  90            VR       5  14023.0
 20CW  24-Aug-24 17:43 0128  R3OR           599  599  38                     3  14024.0
 20CW  24-Aug-24 17:46 0129  YO2BLX         599  599  AR                     3  14025.9
 20CW  24-Aug-24 17:48 0130  VR2NC          599  599  85                     5  14028.0
 20CW  24-Aug-24 17:49 0131  CT7BJG         599  599  308           CT       3  14028.5
 20CW  24-Aug-24 17:50 0132  OM5NL          599  599  179           OM       3  14031.2
 20CW  24-Aug-24 17:51 0133  Z35F           599  599  222           Z3       3  14034.0
 20CW  24-Aug-24 17:52 0134  RC2O           599  599  199                    3  14035.2
 20CW  24-Aug-24 17:52 0135  YO9HP          599  599  PH                     3  14036.0
 20CW  24-Aug-24 17:56 0136  YO6KNE         599  599  HR                     3  14037.0
 20CW  24-Aug-24 17:59 0137  OK2PF          599  599  157                    3  14029.7
 20CW  24-Aug-24 17:59 0138  9A3YT          599  599  27                     3  14029.7
 20CW  24-Aug-24 18:00 0139  YO8AZQ         599  599  SV                     3  14029.7
 20CW  24-Aug-24 18:01 0140  UA4C           599  599  496                    3  14029.7
 20CW  24-Aug-24 18:02 0141  YO5OAC         599  599  MM                     3  14029.7
 20CW  24-Aug-24 18:02 0142  YO8FC          599  599  NT                     3  14029.7
 20CW  24-Aug-24 18:03 0143  E72U           599  599  108                    3  14029.7
 20CW  24-Aug-24 18:04 0144  R3ZZ           599  599  237                    3  14029.7
 20CW  24-Aug-24 18:04 0145  EA4Z           599  599  110                    3  14029.7
 20CW  24-Aug-24 18:06 0146  YO2CMI         599  599  TM                     3  14029.7
 20CW  24-Aug-24 18:08 0147  RT2C           599  599  375                    3  14029.7
 20CW  24-Aug-24 18:09 0148  YO4FHU         599  599  CT                     3  14029.7
 20CW  24-Aug-24 18:10 0149  YO8DOH         599  599  SV                     3  14029.7
 20CW  24-Aug-24 18:11 0150  EU8U           599  599  533                    3  14029.7
 20CW  24-Aug-24 18:12 0151  YO6BLU         599  599  SB                     3  14029.7
 20CW  24-Aug-24 18:12 0152  UZ1U           599  599  55                     3  14029.7
 20CW  24-Aug-24 18:13 0153  OH8MBN         599  599  47            OH       3  14029.7
 20CW  24-Aug-24 18:14 0154  SV1AJO         599  599  211                    3  14029.7
 20CW  24-Aug-24 18:15 0155  HG5D           599  599  391                    0  14029.7
 20CW  24-Aug-24 18:16 0156  Z35W           599  599  2                      3  14029.7
 20CW  24-Aug-24 18:17 0157  RM2R           599  599  59                     3  14029.7
 20CW  24-Aug-24 18:18 0158  RD4W           599  599  133                    3  14029.7
 20CW  24-Aug-24 18:42 0159  YB9ELS         599  599  194           YB       5  14022.3
 80CW  24-Aug-24 18:45 0160  YU7KW          599  599  162           YU       3   3530.8
 80CW  24-Aug-24 21:09 0161  E77EA          599  599  524           E7       3   3526.0
 80CW  24-Aug-24 21:10 0162  DP5X           599  599  233           DL       2   3525.6
 80CW  24-Aug-24 21:10 0163  YL1YF          599  599  367           YL       3   3524.5
 80CW  24-Aug-24 21:12 0164  R8TT           599  599  593           UA9      5   3524.0
 80CW  24-Aug-24 21:13 0165  9A3B           599  599  165           9A       3   3522.8
 80CW  24-Aug-24 21:14 0166  UN9L           599  599  597           UN       5   3522.5
 80CW  24-Aug-24 21:16 0167  OK1OA          599  599  420           OK       3   3520.2
 80CW  24-Aug-24 21:16 0168  DK1AX          599  599  176                    2   3519.3
 80CW  24-Aug-24 21:17 0169  I2WIJ          599  599  195           I        3   3518.6
 80CW  24-Aug-24 21:18 0170  UR7R           599  599  394           UR       3   3517.5
 80CW  24-Aug-24 21:22 0171  YO4NF          599  599  CT            YO       3   3516.6
 80CW  24-Aug-24 21:23 0172  SP9YGD         599  599  374           SP       3   3511.5
 80CW  24-Aug-24 21:24 0173  G3TXF          599  599  354           G        3   3532.3
 80CW  24-Aug-24 21:25 0174  OM4MW          599  599  11            OM       3   3530.8
 80CW  24-Aug-24 21:25 0175  OZ3SM          599  599  330           OZ       3   3529.7
 80CW  24-Aug-24 21:27 0176  ON3DI          599  599  215           ON       3   3529.1
 80CW  24-Aug-24 21:28 0177  OM5NL          599  599  501                    3   3527.9
 80CW  24-Aug-24 21:29 0178  OK1RR          599  599  385                    3   3526.5
 80CW  24-Aug-24 21:29 0179  UA4FCO         599  599  371           UA       3   3525.5
 80CW  24-Aug-24 21:32 0180  DA3T           599  599  48                     2   3524.8
 80CW  24-Aug-24 21:32 0181  SM5DXR         599  599  97            SM       3   3524.8
 80CW  24-Aug-24 21:34 0182  9A3YT          599  599  252                    3   3524.8
 80CW  24-Aug-24 21:34 0183  SF6W           599  599  273                    3   3524.8
 80CW  24-Aug-24 21:34 0184  OH2KW          599  599  319           OH       3   3524.8
 80CW  24-Aug-24 21:37 0185  DL5KUD         599  599  217                    2   3524.8
 80CW  24-Aug-24 21:39 0186  HA3MAR         599  599  230           HA       3   3524.4
 80CW  24-Aug-24 21:40 0187  PA2W           599  599  99            PA       3   3523.5
 80CW  24-Aug-24 21:40 0188  EU8U           599  599  811           EU       3   3521.4
 80CW  24-Aug-24 21:42 0189  YO3GCL         599  599  BU                     3   3520.4
 80CW  24-Aug-24 21:43 0190  SP4AWE         599  599  83                     3   3519.0
 80CW  24-Aug-24 21:44 0191  YO6KNY         599  599  CV                     3   3518.0
 80CW  24-Aug-24 21:44 0192  IU4JNR         599  599  532                    3   3517.0
 40CW  24-Aug-24 21:48 0193  S58D           599  599  70            S5       3   7018.6
 40CW  24-Aug-24 21:49 0194  SF1Z           599  599  95                     3   7019.4
 40CW  24-Aug-24 21:50 0195  I3FDZ          599  599  101           I        3   7020.0
 40CW  24-Aug-24 21:51 0196  T77CX          599  599  219           T7       3   7021.0
 40CW  24-Aug-24 21:52 0197  UR7LY          599  599  380                    3   7022.3
 40CW  24-Aug-24 21:52 0198  OK5D           599  599  147                    3   7022.9
 40CW  24-Aug-24 21:53 0199  SC6O           599  599  279                    3   7024.1
 40CW  24-Aug-24 21:55 0200  IT9LKX         599  599  277           IT9      3   7028.7
 10CW  25-Aug-24 08:04 0201  4L8A           599  599  877           4L       5  28018.0
 10CW  25-Aug-24 08:05 0202  UN9L           599  599  830           UN       5  28020.5
 10CW  25-Aug-24 09:28 0203  RA9MX          599  599  108           UA9      5  28020.0
 10CW  25-Aug-24 09:29 0204  RA9AP          599  599  552                    5  28014.9
 10CW  25-Aug-24 09:31 0205  HS8NKB         599  599  221           HS       5  28039.0
 10CW  25-Aug-24 09:32 0206  EB5F           599  599  214           EA       3  28041.5
 10CW  25-Aug-24 09:32 0207  EA5FID         599  599  513                    3  28030.5
 10CW  25-Aug-24 09:33 0208  EA7Q           599  599  484                    3  28023.9
 10CW  25-Aug-24 09:34 0209  EA1X           599  599  810                    3  28025.0
 10CW  25-Aug-24 09:35 0210  EA5CP          599  599  120                    3  28026.2
 10CW  25-Aug-24 09:37 0211  CT7BJG         599  599  586           CT       3  28019.3
 10CW  25-Aug-24 09:39 0212  EC5K           599  599  483                    3  28026.0
 10CW  25-Aug-24 09:41 0213  VR2GP          599  599  189           VR       5  28027.0
 10CW  25-Aug-24 09:43 0214  EA5OH          599  599  492                    3  28031.0
 15CW  25-Aug-24 09:46 0215  YR8I           599  599  IS                     3  21011.0
 15CW  25-Aug-24 09:47 0216  RV6HV          599  599  464                    3  21014.0
 15CW  25-Aug-24 09:48 0217  R4ACY          599  599  226                    3  21014.8
 15CW  25-Aug-24 09:49 0218  RL5A           599  599  6                      3  21017.2
 15CW  25-Aug-24 09:51 0219  SV1JG          599  599  752           SV       3  21020.6
 15CW  25-Aug-24 09:51 0220  YO4NF          599  599  CT                     3  21023.7
 15CW  25-Aug-24 09:52 0221  YP8T           599  599  SV                     3  21028.6
 15CW  25-Aug-24 09:53 0222  YO4AR          599  599  TL                     3  21030.2
 15CW  25-Aug-24 09:54 0223  LY6O           599  599  494           LY       3  21031.9
 15CW  25-Aug-24 09:55 0224  R3OM           599  599  842                    3  21032.3
 15CW  25-Aug-24 09:55 0225  EA4AOC         599  599  1083          EA       3  21033.0
 15CW  25-Aug-24 09:56 0226  F6AGM          599  599  458           F        3  21033.8
 15CW  25-Aug-24 09:56 0227  RX6FJ          599  599  359                    3  21034.4
 15CW  25-Aug-24 09:58 0228  YO3FFF         599  599  TR                     3  21035.1
 15CW  25-Aug-24 10:03 0229  UR7LY          599  599  722           UR       3  21036.6
 15CW  25-Aug-24 10:03 0230  EA1X           599  599  871                    3  21038.0
 15CW  25-Aug-24 10:04 0231  YO2LEA         599  599  AR                     3  21040.0
 15CW  25-Aug-24 10:04 0232  YO4DW          599  599  CT                     3  21041.6
 15CW  25-Aug-24 10:07 0233  YO4FHU         599  599  CT                     3  21043.0
 15CW  25-Aug-24 10:07 0234  EC7K           599  599  345                    3  21043.5
 15CW  25-Aug-24 10:08 0235  UA4LL          599  599  60                     3  21045.2
 15CW  25-Aug-24 10:09 0236  4L8A           599  599  1023          4L       5  21047.0
 15CW  25-Aug-24 10:10 0237  UR7VA          599  599  228                    3  21015.6
 15CW  25-Aug-24 10:11 0238  YO7ARZ         599  599  GJ                     3  21015.6
 15CW  25-Aug-24 10:12 0239  RT5P           599  599  285                    3  21015.6
 15CW  25-Aug-24 10:12 0240  US1VM          599  599  215                    3  21015.6
 15CW  25-Aug-24 10:14 0241  RA3NC          599  599  339                    3  21015.6
 15CW  25-Aug-24 10:14 0242  YO8TNB         599  599  BT                     3  21015.6
 15CW  25-Aug-24 10:14 0243  EU8U           599  599  1294          EU       3  21015.6
 15CW  25-Aug-24 10:15 0244  YO3AK          599  599  AG                     3  21015.6
 15CW  25-Aug-24 10:15 0245  DL1EAR         599  599  61            DL       2  21015.6
 15CW  25-Aug-24 10:16 0246  R7AT           599  599  772                    3  21015.6
 15CW  25-Aug-24 10:16 0247  RU1AC          599  599  937                    3  21015.6
 15CW  25-Aug-24 10:17 0248  UA4FDL         599  599  150                    3  21015.6
 15CW  25-Aug-24 10:19 0249  LZ2PS          599  599  367           LZ       3  21015.6
 15CW  25-Aug-24 10:21 0250  R4WAE          599  599  301                    3  21015.7
 15CW  25-Aug-24 10:31 0251  RD7KW          599  599  457                    3  21034.7
 15CW  25-Aug-24 10:33 0252  RW0AJ          599  599  357                    5  21037.7
 15CW  25-Aug-24 10:34 0253  TC61CAT        599  599  4             TA       5  21041.0
 15CW  25-Aug-24 10:35 0254  UN9L           599  599  1018          UN       5  21045.9
 15CW  25-Aug-24 10:36 0255  EB5F           599  599  289                    3  21047.4
 15CW  25-Aug-24 10:37 0256  YO4RDW         599  599  VN                     3  21048.0
 15CW  25-Aug-24 10:38 0257  LZ4A           599  599  571                    3  21006.0
 15CW  25-Aug-24 10:41 0258  RG9A           599  599  1283                   5  21010.0
 15CW  25-Aug-24 10:42 0259  UG4P           599  599  287                    3  21011.9
 15CW  25-Aug-24 10:45 0260  UR7R           599  599  658                    3  21021.5
 15CW  25-Aug-24 10:46 0261  LZ7O           599  599  13                     3  21024.0
 15CW  25-Aug-24 10:46 0262  LZ1ZJ          599  599  307                    3  21024.8
 20CW  25-Aug-24 10:49 0263  N2YO           599  599  1070          K        5  14005.0
 20CW  25-Aug-24 10:50 0264  IZ8XXE         599  599  239                    3  14002.5
 20CW  25-Aug-24 10:51 0265  YO5AVN         599  599  MM                     3  14005.4
 20CW  25-Aug-24 10:51 0266  EA3NO          599  599  357                    3  14006.5
 20CW  25-Aug-24 10:52 0267  K1LZ           599  599  839                    5  14007.5
 20CW  25-Aug-24 10:53 0268  R8TT           599  599  1233                   5  14009.4
 20CW  25-Aug-24 10:54 0269  LY7T           599  599  100                    3  14011.0
 20CW  25-Aug-24 10:55 0270  SM2M           599  599  1132          SM       3  14013.8
 20CW  25-Aug-24 10:56 0271  HA6QU          599  599  389                    3  14015.3
 20CW  25-Aug-24 10:57 0272  IU4JNR         599  599  925                    3  14016.1
 20CW  25-Aug-24 10:58 0273  OM3CW          599  599  287                    3  14016.9
 20CW  25-Aug-24 10:59 0274  HA2VH          599  599  493                    3  14024.3
 20CW  25-Aug-24 11:00 0275  F5OZC          599  599  416           F        3  14025.5
 20CW  25-Aug-24 11:01 0276  HA7MF          599  599  83                     3  14029.9
 20CW  25-Aug-24 11:02 0277  LY7K           599  599  134                    3  14031.2
 20CW  25-Aug-24 11:03 0278  HA8TKS         599  599  233                    3  14037.5
 10CW  25-Aug-24 11:11 0279  P33W           599  599  2034          5B       5  28015.0
 10CW  25-Aug-24 11:12 0280  VU2YYF         599  599  100           VU       5  28018.4
 20CW  25-Aug-24 11:17 0281  OK2MBP         599  599  782                    3  14026.8
 20CW  25-Aug-24 11:19 0282  LZ2MP          599  599  291                    3  14026.8
 20CW  25-Aug-24 11:19 0283  OK2EA          599  599  268                    3  14026.8
 20CW  25-Aug-24 11:20 0284  SM5DXR         599  599  149                    3  14026.8
 20CW  25-Aug-24 11:20 0285  HA8WZ          599  599  262                    3  14026.8
 20CW  25-Aug-24 11:21 0286  RG9A           599  599  1355                   5  14026.8
 20CW  25-Aug-24 11:23 0287  SP7JDI         599  599  279           SP       3  14026.8
 20CW  25-Aug-24 11:24 0288  YO5DAS         599  599  SM                     3  14026.8
 20CW  25-Aug-24 11:24 0289  9A7B           599  599  136                    3  14026.8
 20CW  25-Aug-24 11:24 0290  RT5P           599  599  325                    3  14026.8
 20CW  25-Aug-24 11:25 0291  RJ3F           599  599  338                    3  14026.8
 20CW  25-Aug-24 11:26 0292  HA/N8AH        599  599  22                     3  14026.8
 20CW  25-Aug-24 11:27 0293  HA5AX          599  599  326                    3  14026.8
 20CW  25-Aug-24 11:27 0294  LY3CY          599  599  268                    3  14026.8
 20CW  25-Aug-24 11:27 0295  LY3AB          599  599  192                    3  14026.8
 20CW  25-Aug-24 11:28 0296  EW8OM          599  599  612                    3  14026.8
 20CW  25-Aug-24 11:29 0297  LZ3ZQ          599  599  144                    3  14026.8
 20CW  25-Aug-24 11:29 0298  YO8OU          599  599  IS                     3  14026.8
 20CW  25-Aug-24 11:30 0299  SO5WD          599  599  118                    3  14026.8
 20CW  25-Aug-24 11:31 0300  UX5VK          599  599  59                     3  14026.8
 20CW  25-Aug-24 11:32 0301  YT6X           599  599  119                    3  14026.8
