 15CW  10-Feb-24 15:14 0001  UA4S           599  599  197           UA       3  21009.9
 15CW  10-Feb-24 15:16 0002  N5DX           599  599  000           K        5  21008.8
 40CW  10-Feb-24 15:20 0003  PI4AMF         599  599  UT            PA       3   7029.4
 40CW  10-Feb-24 15:21 0004  PA5N           599  599  GD                     3   7031.5
 40CW  10-Feb-24 15:22 0005  PC1PM          599  599  FR                     3   7025.6
 40CW  10-Feb-24 15:23 0006  PI4CC          599  599  ZH                     3   7021.0
 40CW  10-Feb-24 15:26 0007  PA6T           599  599  NB                     3   7014.0
 40CW  10-Feb-24 15:26 0008  PA2W           599  599  UT                     3   7012.1
 40CW  10-Feb-24 16:30 0009  PA3AAV         599  599  NH                     3   7016.0
 40CW  10-Feb-24 16:31 0010  PA8MM          599  599  NH                     3   7022.6
 40CW  10-Feb-24 16:33 0011  PA6A           599  599  GD                     3   7023.0
 40CW  10-Feb-24 16:34 0012  PI4VAD         599  599  ZH                     3   7023.6
 40CW  10-Feb-24 16:41 0013  PA3DBS         599  599  NB                     3   7027.2
 40CW  10-Feb-24 16:46 0014  PI4FRG         599  599  FR                     3   7028.8
 40CW  10-Feb-24 16:48 0015  PA6X           599  599  OV                     3   7031.4
 80CW  10-Feb-24 16:58 0016  PI4CC          599  599  ZH            PA       3   3532.0
 40CW  10-Feb-24 16:59 0017  PC6R           599  599  NH                     3   7010.6
 40CW  10-Feb-24 17:03 0018  PE3V           599  599  FR                     3   7014.0
 40CW  10-Feb-24 17:05 0019  PA3ECJ         599  599  GD                     3   7017.1
 40CW  10-Feb-24 17:17 0020  PA2VS          599  599  FR                     3   7018.0
 40CW  10-Feb-24 17:18 0021  PE6Q           599  599  DR                     3   7019.2
 40CW  10-Feb-24 17:24 0022  PI4DHV         599  599  NH                     3   7024.7
 40CW  10-Feb-24 17:25 0023  PA3EVY         599  599  ZL                     3   7024.2
 40CW  10-Feb-24 17:36 0024  PA4Y           599  599  NH                     3   7021.4
 40CW  10-Feb-24 17:38 0025  PA1LEX         599  599  GD                     3   7020.0
 40CW  10-Feb-24 17:41 0026  PA0VAJ         599  599  GR                     3   7015.5
 40CW  10-Feb-24 17:44 0027  PA3FQA         599  599  OV                     3   7013.3
 40CW  10-Feb-24 17:54 0028  PA6Y           599  599  NH                     3   7009.4
 80CW  10-Feb-24 17:56 0029  PE4A           599  599  NH                     3   3529.7
 80CW  10-Feb-24 17:59 0030  PA3EVY         599  599  ZL                     3   3531.0
 80CW  10-Feb-24 18:06 0031  PA6Y           599  599  NH                     3   3537.7
 80CW  10-Feb-24 18:07 0032  PA5N           599  599  GD                     3   3544.0
 80CW  10-Feb-24 18:14 0033  PE6Q           599  599  DR                     3   3519.8
 80CW  10-Feb-24 18:18 0034  PA3FQA         599  599  OV                     3   3518.5
 80CW  10-Feb-24 18:18 0035  PI4AMF         599  599  UT                     3   3516.2
 80CW  10-Feb-24 18:22 0036  PI4FRG         599  599  FR                     3   3514.0
 80CW  10-Feb-24 18:23 0037  PA4VHF         599  599  OV                     3   3510.9
 80CW  10-Feb-24 18:30 0038  PC5D           599  599  LB                     3   3545.5
 80CW  10-Feb-24 18:34 0039  PA0RDT         599  599  ZL                     3   3537.1
 80CW  10-Feb-24 18:35 0040  PA3AAV         599  599  NH                     3   3524.7
 80CW  10-Feb-24 18:38 0041  PA6X           599  599  OV                     3   3520.0
 80CW  10-Feb-24 18:39 0042  PA3ARM         599  599  LB                     3   3515.5
 80CW  10-Feb-24 18:42 0043  PA0RRU         599  599  DR                     3   3513.1
160CW  10-Feb-24 18:46 0044  PA6Y           599  599  NH            PA       3   1833.4
160CW  10-Feb-24 18:50 0045  PI4AMF         599  599  UT                     3   1818.0
 80CW  10-Feb-24 19:06 0046  PA3DBS         599  599  NB                     3   3525.7
 80CW  10-Feb-24 19:06 0047  PA0VAJ         599  599  GR                     3   3527.2
 80CW  10-Feb-24 19:07 0048  PA2W           599  599  UT                     3   3527.6
 80CW  10-Feb-24 19:09 0049  PC6R           599  599  NH                     3   3529.1
 80CW  10-Feb-24 19:09 0050  PA4O           599  599  GR                     3   3532.1
 80CW  10-Feb-24 19:10 0051  PA0CMU         599  599  NB                     3   3536.1
 80CW  10-Feb-24 19:12 0052  PA6T           599  599  NB                     3   3521.0
 80CW  10-Feb-24 19:14 0053  PA3EZC         599  599  OV                     3   3509.8
 80CW  10-Feb-24 19:15 0054  PA3GCU         599  599  ZL                     3   3506.1
 80CW  10-Feb-24 19:18 0055  PA3ECJ         599  599  GD                     3   3525.0
 80CW  10-Feb-24 19:18 0056  PA3ADU         599  599  DR                     3   3515.3
160CW  10-Feb-24 22:03 0054  PA5KT          599  599  ZL            PA       3   1813.3
160CW  10-Feb-24 22:04 0055  PA4VHF         599  599  OV                     3   1814.0
160CW  10-Feb-24 22:04 0056  PI4CC          599  599  ZH                     3   1816.0
160CW  10-Feb-24 22:08 0057  PI4VPO         599  599  ZH                     3   1815.7
160CW  10-Feb-24 22:15 0058  PA1T           599  599  GR                     3   1825.8
160CW  10-Feb-24 22:18 0060  PA3EZC         599  599  OV                     3   1826.7
