 10CW  27-Jan-24 14:13 0001  FY5KE          599  599  FY            FY       5  28030.4
 15CW  27-Jan-24 14:19 0002  FR4KR          599  599  DEPARTMENT    FR       5  21025.0
 15CW  27-Jan-24 14:21 0003  F5IN           599  599  45            F        3  21021.5
 15CW  27-Jan-24 14:23 0004  F6KOP          599  599  77                     3  21016.1
 20CW  27-Jan-24 14:27 0005  F4KKF          599  599  13            F        3  14042.4
 20CW  27-Jan-24 14:29 0006  F4VSR          599  599  66                     3  14041.7
 20CW  27-Jan-24 14:29 0007  F5PHY          599  599  24                     3  14047.5
 20CW  27-Jan-24 14:33 0008  F6REF          599  599  00                     3  14037.4
 20CW  27-Jan-24 14:34 0009  F6FLH          599  599  63                     3  14037.0
 20CW  27-Jan-24 14:36 0010  F5VBU          599  599  66                     3  14033.6
 20CW  27-Jan-24 14:38 0011  F6HQP          599  599  73                     3  14033.1
 20CW  27-Jan-24 14:39 0012  F4WEF          599  599  33                     3  14028.3
 20CW  27-Jan-24 14:39 0013  F4KKV          599  599  53                     3  14017.0
 20CW  27-Jan-24 14:40 0014  F5XX           599  599  81                     3  14016.6
 20CW  27-Jan-24 14:42 0015  F6KGI/P        599  599  12                     3  14011.1
 20CW  27-Jan-24 14:43 0016  F6DYX          599  599  49                     3  14010.4
 20CW  27-Jan-24 14:53 0017  F4ILK          599  599  49                     3  14001.7
 20CW  27-Jan-24 15:00 0018  F6BBQ          599  599  59                     3  14040.0
 20CW  27-Jan-24 15:09 0019  F6FZH          599  599  33                     3  14036.0
 20CW  27-Jan-24 15:15 0020  F6GUF          599  599  37                     3  14029.2
 20CW  27-Jan-24 15:16 0021  F5SGI          599  599  56                     3  14027.7
 20CW  27-Jan-24 15:28 0022  F8CFO          599  599  63                     3  14025.0
 20CW  27-Jan-24 15:29 0023  F4CWN          599  599  32                     3  14022.6
 20CW  27-Jan-24 15:32 0024  F6AGM          599  599  81                     3  14020.6
 20CW  27-Jan-24 15:33 0025  F6KUQ          599  599  33                     3  14017.9
 20CW  27-Jan-24 15:40 0026  F5OHM          599  599  36                     3  14010.0
 20CW  27-Jan-24 15:41 0027  F8FUA          599  599  46                     3  14008.6
 20CW  27-Jan-24 15:44 0028  TM12M          599  599  12                     3  14005.0
 40CW  27-Jan-24 16:46 0029  F6AUS          599  599  79            F        3   7035.1
 40CW  27-Jan-24 16:47 0030  F6FJE          599  599  77                     3   7032.7
 40CW  27-Jan-24 16:48 0031  F5VBU          599  599  66                     3   7031.9
 40CW  27-Jan-24 16:49 0032  F8OML          599  599  17                     3   7031.3
 40CW  27-Jan-24 16:50 0033  F6AGM          599  599  81                     3   7030.2
 40CW  27-Jan-24 16:51 0034  F6BGH          599  599  57                     3   7029.5
 40CW  27-Jan-24 16:52 0035  F4ELU          599  599  71                     3   7030.5
 40CW  27-Jan-24 16:53 0036  F6KHM          599  599  29                     3   7029.0
 40CW  27-Jan-24 16:55 0037  F6REF          599  599  55                     3   7028.1
 40CW  27-Jan-24 16:56 0038  F8KLY          599  599  69                     3   7025.2
 40CW  27-Jan-24 16:57 0039  TM4Y           599  599  93                     3   7024.4
 40CW  27-Jan-24 17:09 0040  F5JGL          599  599  33                     3   7024.1
 40CW  27-Jan-24 17:10 0041  F5OIH          599  599  86                     3   7023.5
 40CW  27-Jan-24 17:10 0042  TM4S           599  599  04                     3   7022.1
 40CW  27-Jan-24 17:27 0043  F6KUP          599  599  55                     3   7021.5
 40CW  27-Jan-24 17:28 0044  F4FFH/P        599  599  66                     3   7020.5
 40CW  27-Jan-24 17:28 0045  F5PTI          599  599  16                     3   7020.1
 40CW  27-Jan-24 17:30 0046  F5MMX          599  599  91                     3   7019.4
 40CW  27-Jan-24 17:31 0047  F8BVP          599  599  32                     3   7018.9
 40CW  27-Jan-24 17:32 0048  F6GCT          599  599  77                     3   7018.5
 40CW  27-Jan-24 17:33 0049  F8FUA          599  599  46                     3   7018.0
 40CW  27-Jan-24 17:34 0050  F5IAE          599  599  18                     3   7017.2
 40CW  27-Jan-24 17:34 0051  F8DGY          599  599  77                     3   7016.5
 40CW  27-Jan-24 17:36 0052  F5SGI          599  599  56                     3   7016.0
 40CW  27-Jan-24 17:37 0053  F5VV           599  599  01                     3   7015.4
 40CW  27-Jan-24 17:38 0054  F4VSR          599  599  66                     3   7014.8
 80CW  27-Jan-24 22:11 0055  F5HGI          599  599  56            F        3   3535.9
 80CW  27-Jan-24 22:12 0056  F5IQA          599  599  01                     3   3535.4
 80CW  27-Jan-24 22:13 0057  F8KLY          599  599  69                     3   3535.0
 80CW  27-Jan-24 22:13 0058  F6KJS          599  599  71                     3   3534.4
 80CW  27-Jan-24 22:14 0059  F6JOE          599  599  59                     3   3533.6
 80CW  27-Jan-24 22:15 0060  F5UTN          599  599  27                     3   3532.0
 80CW  27-Jan-24 22:15 0061  TM50KRK        599  599  78                     3   3531.6
 80CW  27-Jan-24 22:17 0062  F6KPQ          599  599  56                     3   3529.5
 80CW  27-Jan-24 22:17 0063  F4KKF          599  599  13                     3   3529.0
 80CW  27-Jan-24 22:20 0064  F5OQK          599  599  85                     3   3526.7
 80CW  27-Jan-24 22:20 0065  F6KNB          599  599  33                     3   3525.6
 80CW  27-Jan-24 22:27 0066  F6AGM          599  599  81                     3   3523.3
 80CW  27-Jan-24 22:27 0067  F5VKT          599  599  47                     3   3524.7
