 20CW  27-Jul-24 16:24 0001  S53V           599  599  091           S5       3  14024.6
 20CW  27-Jul-24 16:34 0002  IT9IVU         599  599  241EU025      IT9      3  14034.0
 20CW  27-Jul-24 16:44 0003  5Q5W           599  599  140EU171      OZ       3  14035.7
 20CW  27-Jul-24 16:47 0004  SN1A           599  599  348EU132      SP       3  14035.5
 20CW  27-Jul-24 16:50 0005  9A8DV          599  599  645EU16       9A       3  14031.3
 20CW  27-Jul-24 16:55 0006  DK3R           599  599  762EU57       DL       3  14027.7
 20CW  27-Jul-24 16:57 0007  9A0BR          599  599  242EU16                3  14025.2
 20CW  27-Jul-24 16:59 0008  II3Y           599  599  583EU130      I        3  14019.9
 20CW  27-Jul-24 17:02 0009  OV3W           599  599  492EU172               3  14017.4
 20CW  27-Jul-24 17:04 0010  9A5B/P         599  599  1103EU16               3  14015.8
 15CW  27-Jul-24 17:09 0011  N1LS           599  599  244NA137      K        5  21028.2
 15CW  27-Jul-24 17:12 0012  EA3X           599  599  81            EA       3  21018.0
 15CW  27-Jul-24 17:15 0013  GM7V           599  599  763EU10       GM       3  21047.0
 15CW  27-Jul-24 17:23 0014  EA4AOC         599  599  10                     3  21030.0
 15CW  27-Jul-24 17:24 0015  F5SGI          599  599  137           F        3  21035.3
 15CW  27-Jul-24 18:47 0016  G5O            599  599  621EU5        G        3  21024.5
 15CW  27-Jul-24 18:48 0017  G6T            599  599  320EU5                 3  21026.5
 15CW  27-Jul-24 18:51 0018  EI7M           599  599  1409EU115     EI       3  21022.0
 15CW  27-Jul-24 18:56 0019  MI5I           599  599  450EU115      GI       3  21034.1
 40CW  27-Jul-24 19:10 0020  HA7TM          599  599  465           HA       3   7023.0
 20CW  27-Jul-24 19:14 0021  IK3VUT         599  599  272                    3  14025.6
 20CW  27-Jul-24 19:16 0022  MI5I           599  599  552EU115      GI       3  14028.2
 20CW  27-Jul-24 19:18 0023  IK1JJM         599  599  35                     3  14027.8
 40CW  27-Jul-24 19:33 0024  OM7M           599  599  887           OM       3   7017.6
 40CW  27-Jul-24 19:35 0025  LZ8W           599  599  458           LZ       3   7011.9
 40CW  27-Jul-24 19:39 0026  II3Y           599  599  953EU130      I        3   7029.9
 40CW  27-Jul-24 19:45 0027  OM7K           599  599  68                     3   7022.2
 15CW  28-Jul-24 06:37 0028  EB7KA          599  599  4                      3  21034.0
 15CW  28-Jul-24 06:39 0029  EA6NB          599  599  258EU4        EA6      3  21020.5
 20CW  28-Jul-24 06:45 0030  IT9RZU         599  599  707EU25                3  14038.0
 20CW  28-Jul-24 06:50 0031  IP1X           599  599  1966EU83               3  14023.8
 20CW  28-Jul-24 06:54 0032  IS0ZOD         599  599  1601EU24      IS       3  14018.4
 20CW  28-Jul-24 07:00 0033  IF9/IT9PPG     599  599  1046EU54               3  14011.5
 20CW  28-Jul-24 07:08 0034  IO6R           599  599  129                    3  14048.0
 20CW  28-Jul-24 07:10 0035  IK0YVV         599  599  5                      3  14035.0
 20CW  28-Jul-24 07:12 0036  IB9R           599  599  1671EU25               3  14025.6
