 10CW  14-Dec-24 09:52 0001  RA9Y           599  599  693           UA9      5  28055.1
 10CW  14-Dec-24 09:54 0002  IO5O           599  599  236           I        3  28054.2
 10CW  14-Dec-24 09:55 0003  UA9MA          599  599  411                    5  28053.5
 10CW  14-Dec-24 09:58 0004  CR3DX          599  599  305           CT3      5  28050.9
 10CW  14-Dec-24 09:59 0005  RA3AN          599  599  194           UA       3  28048.3
 10CW  14-Dec-24 10:01 0006  SV1JG          599  599  102           SV       3  28041.0
 10CW  14-Dec-24 10:02 0007  RA9AP          599  599  327                    5  28040.1
 10CW  14-Dec-24 10:03 0008  IK0YVV         599  599  87                     3  28038.4
 10CW  14-Dec-24 10:03 0009  E7DX           599  599  409           E7       3  28037.8
 10CW  14-Dec-24 10:05 0010  P3X            599  599  625           5B       5  28035.0
 10CW  14-Dec-24 10:06 0011  M5B            599  599  168           G        3  28033.9
 10CW  14-Dec-24 10:07 0012  UA4C           599  599  11                     3  28033.4
 10CW  14-Dec-24 10:08 0013  IO6T           599  599  313                    3  28031.9
 10CW  14-Dec-24 10:10 0014  R9AE           599  599  463                    5  28031.3
 10CW  14-Dec-24 10:10 0015  R3ZZ           599  599  109                    3  28029.8
 10CW  14-Dec-24 10:11 0016  UA6LCN         599  599  269                    3  28029.1
 10CW  14-Dec-24 10:11 0017  R7AM           599  599  44                     3  28026.0
 10CW  14-Dec-24 10:13 0018  RW1A           599  599  379                    3  28025.8
 10CW  14-Dec-24 10:13 0019  UA6AK          599  599  57                     3  28023.0
 10CW  14-Dec-24 10:14 0020  TM3R           599  599  272           F        3  28017.9
 10CW  14-Dec-24 10:16 0021  RG0A           599  599  670                    5  28014.1
 10CW  14-Dec-24 10:16 0022  RJ3A           599  599  194                    3  28013.4
 10CW  14-Dec-24 10:17 0023  II2Q           599  599  282                    3  28012.5
 10CW  14-Dec-24 10:17 0024  RM4F           599  599  449                    3  28011.1
 10CW  14-Dec-24 10:18 0025  M2G            599  599  148                    3  28010.0
 10CW  14-Dec-24 10:18 0026  UA4FER         599  599  309                    3  28009.6
 10CW  14-Dec-24 10:19 0027  R9GM           599  599  203                    3  28009.4
 10CW  14-Dec-24 10:20 0028  DQ2C           599  599  216           DL       2  28009.0
 10CW  14-Dec-24 10:21 0029  UA9LAO         599  599  436                    5  28008.3
 10CW  14-Dec-24 10:21 0030  9A5Y           599  599  645           9A       3  28006.4
 10CW  14-Dec-24 10:22 0031  R4BZ           599  599  6                      3  28006.0
 10CW  14-Dec-24 10:23 0032  R4WDX          599  599  436                    3  28003.4
 10CW  14-Dec-24 10:24 0033  RW3RN          599  599  452                    3  28000.7
 10CW  14-Dec-24 10:39 0034  LT3E           599  599  389           LU       5  28000.4
 10CW  14-Dec-24 11:14 0035  7Q2T           599  599  668           7Q       5  28003.0
 10CW  14-Dec-24 11:16 0036  PR1T           599  599  230           PY       5  28003.9
 10CW  14-Dec-24 11:16 0037  WP3C           599  599  105           KP4      5  28004.3
 10CW  14-Dec-24 11:20 0038  VY2TT          599  599  PE            VE       5  28056.4
 10CW  14-Dec-24 11:21 0039  E7CW           599  599  414                    3  28057.8
 10CW  14-Dec-24 11:22 0040  P3C            599  599  611                    5  28062.4
 10CW  14-Dec-24 13:12 0041  N4KS           599  599  FL            K        5  28064.5
 10CW  14-Dec-24 13:47 0042  IK4VYX         599  599  14                     3  28064.6
 10CW  14-Dec-24 13:48 0043  LN8W           599  599  492           LA       3  28065.2
 10CW  14-Dec-24 13:48 0044  K2UA           599  599  NY                     5  28065.9
 10CW  14-Dec-24 13:50 0045  KS1J           599  599  RI                     5  28067.1
 10CW  14-Dec-24 13:50 0046  VE3AT          599  599  ON                     5  28067.4
 10CW  14-Dec-24 13:51 0047  N2RC           599  599  NY                     5  28067.7
 10CW  14-Dec-24 13:51 0048  PC0A           599  599  552           PA       3  28068.5
 10CW  14-Dec-24 13:55 0049  K0ZR           599  599  VA                     5  28069.3
 10CW  14-Dec-24 13:56 0050  WI9WI          599  599  WI                     5  28069.6
 10CW  14-Dec-24 13:58 0051  W8AV           599  599  OH                     5  28079.9
 10CW  14-Dec-24 13:58 0052  KD1MC          599  599  ME                     5  28080.6
 10CW  14-Dec-24 13:59 0053  VE3JM          599  599  ON                     5  28081.3
 10CW  14-Dec-24 14:00 0054  WB4AAA         599  599  FL                     5  28081.6
 10CW  14-Dec-24 14:00 0055  GU4CHY         599  599  213           GU       3  28081.8
 10CW  14-Dec-24 14:01 0056  VA1MM          599  599  NS                     5  28082.4
 10CW  14-Dec-24 14:01 0057  W4NF           599  599  VA                     5  28083.0
 10CW  14-Dec-24 14:03 0058  WT9U           599  599  IN                     5  28084.7
 10CW  14-Dec-24 14:06 0059  N5IF           599  599  TX                     5  28085.4
 10CW  14-Dec-24 14:07 0060  K3TN           599  599  MD                     5  28085.8
 10CW  14-Dec-24 14:08 0061  W4WF           599  599  FL                     5  28086.2
 10CW  14-Dec-24 14:08 0062  N4UU           599  599  FL                     5  28087.1
 10CW  14-Dec-24 14:09 0063  HB9FAP         599  599  476           HB       3  28087.7
 10CW  14-Dec-24 14:09 0064  K1TO           599  599  FL                     5  28088.8
 10CW  14-Dec-24 14:10 0065  K9BGL          599  599  IL                     5  28089.3
 10CW  14-Dec-24 14:11 0066  NM4AA          599  599  FL                     5  28089.8
 10CW  14-Dec-24 14:11 0067  XR2K           599  599  117           CE       5  28090.6
 10CW  14-Dec-24 14:13 0068  CR3Z           599  599  945                    5  28091.0
 10CW  14-Dec-24 14:14 0069  VP5V           599  599  379           VP5      5  28092.0
 10CW  14-Dec-24 14:15 0070  VA2EBI         599  599  QC                     5  28093.3
 10CW  14-Dec-24 14:17 0071  K1RO           599  599  NH                     5  28096.3
 10CW  14-Dec-24 14:17 0072  WO4O           599  599  FL                     5  28096.9
 10CW  14-Dec-24 14:18 0073  VO2AC          599  599  LB                     5  28097.5
 10CW  14-Dec-24 17:41 0074  NN7CW          599  599  FL                     5  28022.6
 10CW  15-Dec-24 08:34 0075  RL3T           599  599  321                    3  28041.0
 10CW  15-Dec-24 08:35 0076  YU5AE          599  599  799           YU       3  28042.0
 10CW  15-Dec-24 08:41 0077  TA7I           599  599  449           TA       5  28048.0
 10CW  15-Dec-24 08:43 0078  UA4Z           599  599  663                    3  28050.2
 10CW  15-Dec-24 08:44 0079  RX9WN          599  599  478                    5  28050.5
 10CW  15-Dec-24 08:46 0080  BI4LEH         599  599  723           BY       5  28056.9
 10CW  15-Dec-24 08:46 0081  EA7Q           599  599  674           EA       3  28058.0
 10CW  15-Dec-24 08:47 0082  RU4LM          599  599  128                    3  28059.4
 10CW  15-Dec-24 08:48 0083  RM2U           599  599  488                    3  28063.4
 10CW  15-Dec-24 08:50 0084  BY4SZ          599  599  1081                   5  28069.0
 10CW  15-Dec-24 08:54 0085  D4Z            599  599  2010          D4       5  28069.3
 10CW  15-Dec-24 09:07 0086  UW1M           599  599  1179          UR       3  28073.3
 10CW  15-Dec-24 09:07 0087  UT8EU          599  599  439                    3  28073.3
 10CW  15-Dec-24 09:09 0088  UZ7E           599  599  186                    3  28073.3
 10CW  15-Dec-24 09:10 0089  UT3QZ          599  599  79                     3  28073.3
 10CW  15-Dec-24 09:10 0090  UR7ZO          599  599  103                    3  28073.3
 10CW  15-Dec-24 09:13 0091  UC0A           599  599  606                    5  28073.3
 10CW  15-Dec-24 09:16 0092  UW5IM          599  599  249                    3  28072.0
 10CW  15-Dec-24 09:18 0093  EA8RM          599  599  264           EA8      5  28066.0
 10CW  15-Dec-24 09:18 0094  UX1VT          599  599  140                    3  28064.9
 10CW  15-Dec-24 09:19 0095  SP1D           599  599  513           SP       3  28063.6
 10CW  15-Dec-24 09:23 0096  RZ9UO          599  599  122                    5  28052.5
 10CW  15-Dec-24 09:24 0097  UA3RBR         599  599  93                     3  28051.8
 10CW  15-Dec-24 09:27 0098  HB9NE          599  599  903                    3  28041.2
 10CW  15-Dec-24 09:28 0099  UW2U           599  599  254                    3  28036.8
 10CW  15-Dec-24 09:29 0100  RU4PU          599  599  784                    3  28036.1
 10CW  15-Dec-24 09:36 0101  4X1MM          599  599  1318          4X       5  28009.3
 10CW  15-Dec-24 09:37 0102  LZ4TX          599  599  813           LZ       3  28003.6
 10CW  15-Dec-24 09:38 0103  RD4A           599  599  684                    3  28002.5
 10CW  15-Dec-24 09:41 0104  RD0A           599  599  1009                   5  28021.8
 10CW  15-Dec-24 09:41 0105  RW7F           599  599  754                    3  28024.5
 10CW  15-Dec-24 10:55 0106  UP0L           599  599  1521          UN       5  28031.7
 10CW  15-Dec-24 17:58 0107  KM7W           599  599  MT                     5  28048.0
 10CW  15-Dec-24 17:58 0108  W8MJ           599  599  MI                     5  28048.6
 10CW  15-Dec-24 17:59 0109  XE2X           599  599  TAM           XE       5  28044.0
 10CW  15-Dec-24 18:01 0110  VE3NE          599  599  ON                     5  28038.9
 10CW  15-Dec-24 18:03 0111  K5UZ           599  599  AR                     5  28036.1
 10CW  15-Dec-24 18:04 0112  VA2WA          599  599  QC                     5  28033.0
 10CW  15-Dec-24 18:05 0113  VE3NNT         599  599  ON                     5  28028.3
 10CW  15-Dec-24 18:06 0114  NX5M           599  599  TX                     5  28026.0
 10CW  15-Dec-24 18:08 0115  N2MF           599  599  NY                     5  28024.6
 10CW  15-Dec-24 18:10 0116  KO8SCA         599  599  NY                     5  28020.9
 10CW  15-Dec-24 18:14 0117  K9NW           599  599  IN                     5  28077.7
 10CW  15-Dec-24 18:14 0118  W0PI           599  599  MN                     5  28085.8
 10CW  15-Dec-24 18:15 0119  N9TTK          599  599  IN                     5  28097.0
