160CW  28-Dec-24 20:50 0001  F6AGM          599  599  JN13          F        3   1830.3
160CW  28-Dec-24 20:51 0002  DK5KK          599  599  JO31          DL       2   1830.7
160CW  28-Dec-24 20:54 0003  DL50WAF        599  599  JO41                   2   1817.5
160CW  28-Dec-24 20:54 0004  DJ9AO          599  599  JO50                   2   1818.6
160CW  28-Dec-24 20:55 0005  OL1A           599  599  JN79          OK       3   1819.2
160CW  28-Dec-24 20:56 0006  DL3DXX         599  599  JO61                   2   1820.1
160CW  28-Dec-24 20:58 0007  G5W            599  599  IO82          G        3   1822.5
160CW  28-Dec-24 20:58 0008  LY4A           599  599  KO15          LY       3   1824.0
160CW  28-Dec-24 20:59 0009  OK5M           599  599  JN89                   3   1824.5
160CW  28-Dec-24 21:00 0010  OM3GI          599  599  KN09          OM       3   1825.0
160CW  28-Dec-24 21:00 0011  OK3C           599  599  JN89                   3   1825.3
160CW  28-Dec-24 21:01 0012  DL7AT          599  599  JO63                   2   1825.8
160CW  28-Dec-24 21:05 0013  DL5AXX         599  599  JO40                   2   1826.6
160CW  28-Dec-24 21:05 0014  DL7CX          599  599  JO60                   2   1827.4
160CW  28-Dec-24 21:06 0015  DL4ME          599  599  JO50                   2   1827.8
160CW  28-Dec-24 21:08 0016  LC0C           599  599  JO59          LA       3   1829.3
160CW  28-Dec-24 21:08 0017  YL7X           599  599  KO07          YL       3   1829.7
160CW  28-Dec-24 21:09 0018  9A3JH          599  599  JN75          9A       3   1830.0
160CW  28-Dec-24 21:12 0019  DR5X           599  599  JO54                   2   1831.5
160CW  28-Dec-24 21:13 0020  S53M           599  599  JN86          S5       3   1831.8
160CW  28-Dec-24 21:14 0021  DL7ON          599  599  JO62                   2   1833.0
160CW  28-Dec-24 21:16 0022  OE8TED         599  599  JN76          OE       3   1833.4
160CW  28-Dec-24 21:17 0023  SN1T           599  599  JO84          SP       3   1834.5
160CW  28-Dec-24 21:25 0024  DL1REM         599  599  JO32                   2   1836.2
160CW  28-Dec-24 21:26 0025  DD2ML          599  599  JN68                   2   1836.7
160CW  28-Dec-24 21:27 0026  OK6Y           599  599  JN89                   3   1839.0
160CW  28-Dec-24 21:29 0027  DL2SAX         599  599  JN48                   2   1811.0
160CW  28-Dec-24 21:31 0028  IZ4BOY         599  599  JN54          I        3   1814.5
160CW  28-Dec-24 21:33 0029  OM3RM          599  599  JN87                   3   1815.9
160CW  28-Dec-24 21:37 0030  HB9AMO         599  599  JN36          HB       3   1817.0
160CW  28-Dec-24 21:40 0031  I2WIJ          599  599  JN45                   3   1818.0
160CW  28-Dec-24 21:41 0032  DL2OM          599  599  JO30                   2   1820.1
160CW  28-Dec-24 21:42 0033  DL2JRM         599  599  JO60                   2   1821.0
160CW  28-Dec-24 21:48 0034  F6FYA          599  599  JN07                   3   1823.1
160CW  28-Dec-24 21:49 0035  DA1DX          599  599  JO31                   2   1824.4
160CW  28-Dec-24 21:49 0036  DR2C           599  599  JO43                   2   1824.7
160CW  28-Dec-24 21:51 0037  DF9LJ          599  599  JO44                   2   1825.0
160CW  28-Dec-24 21:51 0038  9A5Y           599  599  JN85                   3   1826.1
160CW  28-Dec-24 21:52 0039  S56X           599  599  JN76                   3   1827.0
160CW  28-Dec-24 21:55 0040  8S0DX          599  599  JO99          SM       3   1828.8
160CW  28-Dec-24 21:56 0041  SM2M           599  599  KP04                   3   1830.4
160CW  28-Dec-24 21:58 0042  SK3W           599  599  JP80                   3   1833.0
160CW  28-Dec-24 22:00 0043  YL3FT          599  599  KO26                   3   1833.8
160CW  28-Dec-24 22:07 0044  OL6D           599  599  JN69                   3   1826.4
160CW  28-Dec-24 22:08 0045  DL5XL          599  599  JO43                   2   1826.4
160CW  28-Dec-24 22:10 0046  YL24YOTA       599  599  KO50                   3   1826.4
160CW  28-Dec-24 22:14 0047  S57UN          599  599  JN86                   3   1815.3
160CW  28-Dec-24 22:16 0048  G3RXP          599  599  IO93                   3   1815.9
160CW  28-Dec-24 22:19 0049  F6EZV          599  599  JN38                   3   1816.4
160CW  28-Dec-24 22:20 0050  SP1D           599  599  JO72                   3   1819.9
160CW  28-Dec-24 22:29 0051  OK1PI          599  599  JN78                   3   1828.9
160CW  28-Dec-24 22:30 0052  SM6M           599  599  JO68                   3   1830.8
160CW  28-Dec-24 22:33 0053  DL5ST          599  599  JO60                   2   1834.5
160CW  28-Dec-24 22:33 0054  G4AFF          599  599  JO02                   3   1835.4
160CW  28-Dec-24 22:34 0055  OP5T           599  599  JO21          ON       3   1836.3
160CW  28-Dec-24 22:35 0056  TM6M           599  599  IN78                   3   1837.2
160CW  28-Dec-24 22:40 0057  DL1KVN         599  599  JO31                   2   1838.9
160CW  28-Dec-24 22:43 0058  G4BRK          599  599  IO91                   3   1822.0
160CW  28-Dec-24 22:48 0059  OK1FPS         599  599  JO70                   3   1828.0
160CW  28-Dec-24 22:48 0060  HA8A           599  599  KN06          HA       3   1832.8
