 80CW  01-Jul-24 19:53 0001  G3PDH          599  599  100           G        3   3517.0
 80CW  01-Jul-24 19:54 0002  G2O            599  599  091                    3   3519.1
 80CW  01-Jul-24 19:55 0003  G4LPP          599  599  098                    3   3518.6
 80CW  01-Jul-24 19:55 0004  G3PHO          599  599  099                    3   3520.6
 80CW  01-Jul-24 19:56 0005  G3TKF          599  599  108                    3   3521.5
 80CW  01-Jul-24 19:56 0006  G5W            599  599  106                    3   3521.1
 80CW  01-Jul-24 19:57 0007  G8A            599  599  091                    3   3522.2
 80CW  01-Jul-24 19:57 0008  MM2T           599  599  048           GM       3   3521.8
 80CW  01-Jul-24 19:59 0009  M5G            599  599  110                    3   3522.8
 80CW  01-Jul-24 20:01 0010  G3UGF          599  599  056                    3   3523.1
 80CW  01-Jul-24 20:01 0011  M7W            599  599  131                    3   3523.9
 80CW  01-Jul-24 20:02 0012  G3RVM          599  599  121                    3   3525.0
 80CW  01-Jul-24 20:04 0013  G4IVV          599  599  091                    3   3525.5
 80CW  01-Jul-24 20:04 0014  G0TZZ          599  599  071                    3   3526.0
 80CW  01-Jul-24 20:04 0015  M9A            599  599  084                    3   3526.4
 80CW  01-Jul-24 20:05 0016  G0KPE          599  599  100                    3   3527.0
 80CW  01-Jul-24 20:05 0017  MI4I           599  599  071           GI       3   3527.5
 80CW  01-Jul-24 20:06 0018  M0MUI          599  599  098                    3   3528.6
 80CW  01-Jul-24 20:06 0019  M4J            599  599  119                    3   3529.4
 80CW  01-Jul-24 20:07 0020  G4ARI          599  599  123                    3   3530.0
 80CW  01-Jul-24 20:07 0021  G3SWC          599  599  104                    3   3530.5
 80CW  01-Jul-24 20:08 0022  G4BVH          599  599  112                    3   3532.9
 80CW  01-Jul-24 20:09 0023  M0URL          599  599  097                    3   3533.6
 80CW  01-Jul-24 20:10 0024  G6A            599  599  112                    3   3534.6
 80CW  01-Jul-24 20:11 0025  M7TSM          599  599  070                    3   3536.0
 80CW  01-Jul-24 20:12 0026  G4FAD          599  599  115                    3   3536.5
 80CW  01-Jul-24 20:12 0027  GM6XX          599  599  121                    3   3537.4
 80CW  01-Jul-24 20:12 0028  G3OLB          599  599  120                    3   3538.2
 80CW  01-Jul-24 20:13 0029  G3XYF          599  599  066                    3   3539.0
 80CW  01-Jul-24 20:14 0030  G4EUW          599  599  089                    3   3540.3
 80CW  01-Jul-24 20:15 0031  G3RIR          599  599  076                    3   3540.5
 80CW  01-Jul-24 20:16 0032  G3G            599  599  109                    3   3541.1
 80CW  01-Jul-24 20:17 0033  G4HIV          599  599  069                    3   3541.5
 80CW  01-Jul-24 20:17 0034  G3YLA          599  599  106                    3   3541.9
 80CW  01-Jul-24 20:18 0035  GM4JYB         599  599  053                    3   3543.3
 80CW  01-Jul-24 20:19 0036  G4BVY          599  599  125                    3   3543.6
 80CW  01-Jul-24 20:19 0037  G0GQT          599  599  089                    3   3544.0
 80CW  01-Jul-24 20:20 0038  GW7W           599  599  114           GW       3   3545.1
 80CW  01-Jul-24 20:21 0039  G0HGH          599  599  098                    3   3546.3
 80CW  01-Jul-24 20:22 0040  G3L            599  599  077                    3   3547.7
 80CW  01-Jul-24 20:23 0041  G1M            599  599  058                    3   3548.0
 80CW  01-Jul-24 20:24 0042  G4XZL          599  599  056                    3   3548.5
 80CW  01-Jul-24 20:25 0043  G3ZBU          599  599  075                    3   3549.5
 80CW  01-Jul-24 20:26 0044  G4FNL          599  599  141                    3   3510.1
 80CW  01-Jul-24 20:26 0045  M0RYB/P        599  599  145                    3   3510.5
 80CW  01-Jul-24 20:28 0046  G3SWH          599  599  140                    3   3510.9
 80CW  01-Jul-24 20:28 0047  G3KNU          599  599  103                    3   3511.2
 80CW  01-Jul-24 20:29 0048  G3DR           599  599  094                    3   3511.5
