 15CW  06-Mar-24 13:13 0001  EA6EJ          599  599  INI 3276      EA6      3  21035.6
 15CW  06-Mar-24 13:14 0002  EA6BF          599  599  JOSEP 3072             3  21033.0
 15CW  06-Mar-24 13:16 0003  K1RV           599  599  PI 639        K        5  21030.9
 15CW  06-Mar-24 13:16 0004  EA1X           599  599  JUAN 2562     EA       3  21027.0
 15CW  06-Mar-24 13:17 0005  AA3B           599  599  BUD 242                5  21026.4
 15CW  06-Mar-24 13:17 0006  K4RUM          599  599  MIKE 1182              5  21025.5
 15CW  06-Mar-24 13:24 0007  DK9PY          599  599  ARMIN 2062    DL       2  21029.5
 20CW  06-Mar-24 13:25 0008  IT9SSI         599  599  DARIO 2137    IT9      3  14046.0
 20CW  06-Mar-24 13:27 0009  SJ6R           599  599  MATS 1820     SM       3  14043.8
 20CW  06-Mar-24 13:29 0010  9A1AA          599  599  IVO 2447      9A       3  14041.0
 20CW  06-Mar-24 13:40 0011  LY8O           599  599  REMI 1858     LY       3  14034.2
 20CW  06-Mar-24 13:41 0012  EA6BF          599  599  JOSEP 3072    EA6      3  14030.7
 20CW  06-Mar-24 13:43 0013  OH1SIC         599  599  GI 2094       OH       3  14030.4
 20CW  06-Mar-24 13:44 0014  EI6FR          599  599  DECLAN 2811   EI       3  14029.8
 20CW  06-Mar-24 13:45 0015  SP7OGP         599  599  PIOTR 3147    SP       3  14027.9
 10CW  06-Mar-24 13:53 0016  N4AF           599  599  HOWIE 132     K        5  28031.9
 10CW  06-Mar-24 13:54 0017  VE3KI          599  599  RICH 783      VE       5  28032.5
 10CW  06-Mar-24 13:54 0018  W2GD           599  599  JOHN 204               5  28036.3
 10CW  06-Mar-24 13:55 0019  K3WW           599  599  CHAS 178               5  28030.1
 10CW  06-Mar-24 13:58 0020  W1KM           599  599  GREG 1411              5  28033.8
