 40CW  23-Dec-24 16:31 0001  DA3T           599  599  1             DL       2   7037.0
 40CW  23-Dec-24 16:31 0002  DJ9KH          599  599  3                      2   7036.3
 40CW  23-Dec-24 16:31 0003  DL1NKS         599  599  2                      2   7035.8
 40CW  23-Dec-24 16:32 0004  OK1RR          599  599  3             OK       3   7035.3
 40CW  23-Dec-24 16:32 0005  OM4MW          599  599  3             OM       3   7031.3
 40CW  23-Dec-24 16:33 0006  OM5CM          599  599  6                      3   7031.0
 40CW  23-Dec-24 16:33 0007  OK1TN          599  599  5                      3   7030.6
 40CW  23-Dec-24 16:34 0008  DJ3WE          599  599  11                     2   7028.7
 40CW  23-Dec-24 16:35 0009  OM5ZW          599  599  12                     3   7028.3
 40CW  23-Dec-24 16:35 0010  OK1IBP         599  599  12                     3   7027.3
 40CW  23-Dec-24 16:36 0011  OK1FGD         599  599  9                      3   7026.5
 40CW  23-Dec-24 16:36 0012  OK1FHI         599  599  13                     3   7026.0
 40CW  23-Dec-24 16:37 0013  OK1DOL         599  599  19                     3   7025.2
 40CW  23-Dec-24 16:37 0014  HA6NL          599  599  12            HA       3   7024.8
 40CW  23-Dec-24 16:38 0015  OK1OFM         599  599  13                     3   7024.5
 40CW  23-Dec-24 16:38 0016  HB9BXE         599  599  24            HB       3   7024.1
 40CW  23-Dec-24 16:38 0017  DJ0SP          599  599  13                     2   7023.5
 40CW  23-Dec-24 16:39 0018  DK2OY          599  599  22                     2   7023.1
 40CW  23-Dec-24 16:40 0019  DL1BUG         599  599  15                     2   7022.8
 40CW  23-Dec-24 16:41 0020  LZ5DI          599  599  27            LZ       3   7022.4
 40CW  23-Dec-24 16:42 0021  PA3AAV         599  599  39            PA       3   7022.0
 40CW  23-Dec-24 16:42 0022  ON4EM          599  599  28            ON       3   7021.0
 40CW  23-Dec-24 16:43 0023  SN5N           599  599  33            SP       3   7031.4
 40CW  23-Dec-24 16:44 0024  DL8QS          599  599  26                     2   7031.4
 40CW  23-Dec-24 16:44 0025  DK1KC          599  599  27                     2   7031.4
 40CW  23-Dec-24 16:44 0026  DM8T           599  599  19                     2   7031.4
 40CW  23-Dec-24 16:44 0027  DR6W           599  599  8                      2   7031.4
 40CW  23-Dec-24 16:45 0028  SD6M           599  599  20            SM       3   7031.4
 40CW  23-Dec-24 16:45 0029  DA0BCC         599  599  33                     2   7031.4
 40CW  23-Dec-24 16:45 0030  S51J           599  599  31            S5       3   7031.4
 40CW  23-Dec-24 16:46 0031  OK1CBB         599  599  9                      3   7031.4
 40CW  23-Dec-24 16:47 0032  OK1DZD         599  599  2                      3   7031.4
 40CW  23-Dec-24 16:47 0033  OK2NO          599  599  30                     3   7031.4
 40CW  23-Dec-24 16:48 0034  SP4TKR         599  599  41                     3   7031.4
 40CW  23-Dec-24 16:48 0035  OK2PYA         599  599  16                     3   7031.4
 40CW  23-Dec-24 16:48 0036  OK1TD          599  599  21                     3   7031.4
 40CW  23-Dec-24 16:49 0037  D1CW           599  599  27                     5   7031.4
 40CW  23-Dec-24 16:49 0038  IU3BRO         599  599  6             I        3   7031.4
 40CW  23-Dec-24 16:50 0039  SN1T           599  599  50                     3   7031.4
 40CW  23-Dec-24 16:51 0040  DL2NBY         599  599  37                     2   7031.4
 40CW  23-Dec-24 16:52 0041  DL8TG          599  599  2                      2   7031.4
 40CW  23-Dec-24 16:54 0042  DD5M           599  599  53                     2   7014.3
 40CW  23-Dec-24 16:55 0043  OM5B           599  599  62                     3   7014.7
 40CW  23-Dec-24 16:55 0044  SP2XX          599  599  52                     3   7015.7
 40CW  23-Dec-24 16:55 0045  YL2TD          599  599  52            YL       3   7016.6
 40CW  23-Dec-24 16:56 0046  DL6KVA         599  599  55                     2   7018.9
 40CW  23-Dec-24 16:57 0047  HA5MA          599  599  45                     3   7019.5
 40CW  23-Dec-24 16:57 0048  OK1RZ          599  599  67                     3   7020.1
 40CW  23-Dec-24 16:58 0049  SP2DKI         599  599  35                     3   7020.6
 40CW  23-Dec-24 16:59 0050  SM5ACQ         599  599  49                     3   7021.6
 40CW  23-Dec-24 17:00 0051  OK1DAR         599  599  11                     3   7015.0
 40CW  23-Dec-24 17:00 0052  OK1TRJ         599  599  52                     3   7015.0
 40CW  23-Dec-24 17:01 0053  OK2CW          599  599  5                      3   7015.0
 40CW  23-Dec-24 17:01 0054  RX3Q           599  599  38            UA       3   7015.0
 40CW  23-Dec-24 17:02 0055  OK1TD          599  599  37                     0   7015.0
 40CW  23-Dec-24 17:02 0056  M4N            599  599  53            G        3   7015.0
 40CW  23-Dec-24 17:02 0057  HA5BA          599  599  39                     3   7015.0
 40CW  23-Dec-24 17:03 0058  ZA1RR          599  599  36            ZA       3   7015.0
 40CW  23-Dec-24 17:05 0059  DR2C           599  599  71                     2   7015.0
 40CW  23-Dec-24 17:06 0060  SF6J           599  599  55                     3   7015.3
 40CW  23-Dec-24 17:07 0061  IK5MEL         599  599  46                     3   7017.4
 80CW  23-Dec-24 17:07 0062  OM5ZW          599  599  88            OM       3   3526.1
 80CW  23-Dec-24 17:08 0063  SE5T           599  599  54            SM       3   3526.5
 80CW  23-Dec-24 17:09 0064  OK1OA          599  599  59            OK       3   3526.8
 80CW  23-Dec-24 17:11 0065  DL1DWR         599  599  35            DL       2   3528.2
 80CW  23-Dec-24 17:12 0066  DK1KC          599  599  66                     2   3528.2
 80CW  23-Dec-24 17:12 0067  DJ0SP          599  599  69                     2   3528.2
 80CW  23-Dec-24 17:12 0068  DD5M           599  599  88                     2   3528.2
 80CW  23-Dec-24 17:12 0069  HA5MA          599  599  79            HA       3   3528.2
 80CW  23-Dec-24 17:13 0070  F6JOE          599  599  21            F        3   3528.2
 80CW  23-Dec-24 17:13 0071  DF8XC          599  599  62                     2   3528.2
 80CW  23-Dec-24 17:14 0072  DR2C           599  599  81                     2   3528.2
 80CW  23-Dec-24 17:15 0073  DF7YE          599  599  86                     2   3528.2
 80CW  23-Dec-24 17:16 0074  DL7YS          599  599  74                     2   3528.2
 80CW  23-Dec-24 17:16 0075  DK2OY          599  599  70                     2   3528.2
 80CW  23-Dec-24 17:16 0076  OK1FIA         599  599  52                     3   3528.2
 80CW  23-Dec-24 17:17 0077  SP8BXL         599  599  40            SP       3   3528.2
 80CW  23-Dec-24 17:18 0078  DA3T           599  599  57                     2   3528.2
 80CW  23-Dec-24 17:18 0079  DM8T           599  599  55                     2   3528.2
 80CW  23-Dec-24 17:19 0080  DL8QS          599  599  89                     2   3528.2
 80CW  23-Dec-24 17:20 0081  OK1OFM         599  599  70                     3   3528.2
 80CW  23-Dec-24 17:22 0082  DH0GHU         599  599  78                     2   3528.8
 80CW  23-Dec-24 17:23 0083  DA0BCC         599  599  102                    2   3529.1
 80CW  23-Dec-24 17:23 0084  DL6KVA         599  599  92                     2   3530.7
 80CW  23-Dec-24 17:24 0085  DR3W           599  599  76                     2   3531.0
 80CW  23-Dec-24 17:24 0086  OK1BM          599  599  65                     3   3531.7
 80CW  23-Dec-24 17:25 0087  SM5IMO         599  599  97                     3   3532.6
 80CW  23-Dec-24 17:26 0088  OM5B           599  599  122                    3   3534.2
 80CW  23-Dec-24 17:27 0089  DJ9MH          599  599  98                     2   3534.5
 80CW  23-Dec-24 17:28 0090  OK1RR          599  599  96                     3   3535.4
 80CW  23-Dec-24 17:29 0091  DL1NKS         599  599  87                     2   3536.5
 80CW  23-Dec-24 17:29 0092  OK2IW          599  599  58                     3   3536.8
