 20CW  16-Mar-24 20:50 0001  PY4HO          599  599  113           PY       5  14025.0
 20CW  16-Mar-24 20:51 0002  UA6LUQ         599  599  RO            UA       3  14018.9
 20CW  16-Mar-24 20:53 0003  K5ZD           599  599  291           K        5  14028.8
 20CW  16-Mar-24 20:54 0004  AA3B           599  599  942                    5  14029.6
 20CW  16-Mar-24 20:55 0005  KR2Q           599  599  229                    5  14014.5
 20CW  16-Mar-24 20:56 0006  K1LZ           599  599  1002                   5  14010.5
 20CW  16-Mar-24 20:59 0007  YT4W           599  599  865           YU       3  14011.8
 20CW  16-Mar-24 21:00 0008  W1FM           599  599  045                    5  14013.4
 20CW  16-Mar-24 21:00 0009  PY2XL          599  599  050                    5  14020.0
 20CW  16-Mar-24 21:01 0010  PY3TD          599  599  137                    5  14023.0
 20CW  16-Mar-24 21:02 0011  PT2AW          599  599  146                    5  14027.3
 20CW  16-Mar-24 21:02 0012  K3UL           599  599  299                    5  14029.0
 20CW  16-Mar-24 21:04 0013  PY7RP          599  599  189                    5  14037.0
 20CW  16-Mar-24 21:05 0014  KW4VA          599  599  405                    5  14039.5
 40CW  16-Mar-24 21:07 0015  RU1A           599  599  LO            UA       3   7033.0
 40CW  16-Mar-24 21:07 0016  RK1F           599  599  SP                     3   7030.6
 40CW  16-Mar-24 21:09 0017  IT9SSI         599  599  160           IT9      3   7030.3
 40CW  16-Mar-24 21:09 0018  YU1RA          599  599  411           YU       3   7029.9
 40CW  16-Mar-24 21:11 0019  HG7T           599  599  381           HA       3   7023.9
 40CW  16-Mar-24 21:14 0020  R8YB           599  599  AL            UA9      5   7023.1
 40CW  16-Mar-24 21:18 0021  LZ5DI          599  599  656           LZ       3   7018.9
 40CW  16-Mar-24 21:18 0022  HA4A           599  599  385                    3   7018.5
 40CW  16-Mar-24 21:19 0023  RM9A           599  599  CB                     5   7016.1
 40CW  16-Mar-24 21:20 0024  UC4N           599  599  KI                     3   7015.8
 40CW  16-Mar-24 21:21 0025  SP2R           599  599  966           SP       3   7015.1
 40CW  16-Mar-24 21:22 0026  UA7K           599  599  RK                     3   7013.3
 40CW  16-Mar-24 21:23 0027  RW0A           599  599  KK                     5   7012.0
 40CW  16-Mar-24 21:24 0028  HA8QZ          599  599  886                    3   7011.7
 40CW  16-Mar-24 21:26 0029  EA2AZ          599  599  113           EA       3   7011.0
 40CW  16-Mar-24 21:28 0030  S59AA          599  599  067           S5       3   7010.6
 40CW  16-Mar-24 21:29 0031  R3VR           599  599  VL                     3   7009.3
 40CW  16-Mar-24 21:30 0032  RZ4W           599  599  UD                     3   7007.0
 40CW  16-Mar-24 21:31 0033  R1ZM           599  599  MU                     3   7006.4
 40CW  16-Mar-24 21:32 0034  HA4FY          599  599  158                    3   7017.5
 40CW  16-Mar-24 21:34 0035  LZ7O           599  599  067                    3   7017.6
 80CW  16-Mar-24 21:36 0036  RT4G           599  599  PE            UA       3   3504.0
 80CW  16-Mar-24 21:39 0037  UA4M           599  599  UL                     3   3509.7
 80CW  16-Mar-24 21:39 0038  DK3GI          599  599  272           DL       2   3510.6
 80CW  16-Mar-24 21:40 0039  SJ6R           599  599  876           SM       3   3511.2
 80CW  16-Mar-24 21:40 0040  RL5A           599  599  MA                     3   3511.7
 80CW  16-Mar-24 21:42 0041  UA5L           599  599  SM                     3   3512.1
 80CW  16-Mar-24 21:42 0042  RO1M           599  599  SP                     3   3513.2
 80CW  16-Mar-24 21:43 0043  R2OA           599  599  UR                     3   3514.3
 80CW  16-Mar-24 21:44 0044  RW0A           599  599  KK            UA9      5   3515.1
 80CW  16-Mar-24 21:45 0045  DA0BCC         599  599  828                    2   3515.5
 80CW  16-Mar-24 21:46 0046  RC3W           599  599  KU                     3   3516.0
 80CW  16-Mar-24 21:46 0047  DL1NKS         599  599  486                    2   3517.6
 80CW  16-Mar-24 21:47 0048  OK1DTC         599  599  122           OK       3   3517.9
 80CW  16-Mar-24 21:49 0049  YQ6A           599  599  832           YO       3   3520.3
 80CW  16-Mar-24 21:50 0050  IK2HKT         599  599  301           I        3   3520.6
 80CW  16-Mar-24 21:52 0051  SV4FFL         599  599  141           SV       3   3524.1
 80CW  16-Mar-24 21:52 0052  YT7X           599  599  249           YU       3   3524.6
 80CW  16-Mar-24 21:54 0053  OM5AA          599  599  060           OM       3   3525.4
 80CW  16-Mar-24 21:56 0054  RK9AX          599  599  CB                     5   3528.1
 80CW  16-Mar-24 21:57 0055  R5WW           599  599  KU                     3   3528.8
 80CW  16-Mar-24 21:59 0056  RA3UAG         599  599  SV                     3   3530.0
160CW  16-Mar-24 22:00 0057  HA8QZ          599  599  935           HA       3   1827.2
160CW  16-Mar-24 22:02 0058  DD2D           599  599  999           DL       2   1830.1
 80CW  16-Mar-24 22:04 0059  G4BJM          599  599  962           G        3   3530.9
 80CW  16-Mar-24 22:07 0060  S59AA          599  599  138           S5       3   3511.7
 80CW  16-Mar-24 22:08 0061  UA6AA          599  599  KR                     3   3510.7
 10CW  17-Mar-24 09:12 0062  RM4K           599  599  SR            UA       3  28017.0
 10CW  17-Mar-24 09:12 0063  UC4N           599  599  KI                     3  28017.5
 10CW  17-Mar-24 09:16 0064  VU2TMP         599  599  343           VU       5  28037.0
 10CW  17-Mar-24 09:17 0065  RK9AX          599  599  CB            UA9      5  28037.5
 10CW  17-Mar-24 09:20 0066  ZD7BG          599  599  187           ZD7      5  28035.0
 10CW  17-Mar-24 09:23 0067  JI1RXQ         599  599  919           JA       5  28028.0
 15CW  17-Mar-24 09:41 0068  Z35W           599  599  470           Z3       3  21020.7
 15CW  17-Mar-24 09:45 0069  LZ9R           599  599  1847          LZ       3  21033.5
 10CW  17-Mar-24 09:50 0070  YC2VOC         599  599  524           YB       5  28033.5
 10CW  17-Mar-24 09:53 0071  JH4UTP         599  599  1357                   5  28040.4
 10CW  17-Mar-24 09:55 0072  JR6CSY         599  599  503                    5  28047.8
 10CW  17-Mar-24 09:56 0073  JF2FIU         599  599  205                    5  28055.6
 10CW  17-Mar-24 09:58 0074  JA6GCE         599  599  1192                   5  28056.2
 10CW  17-Mar-24 10:00 0075  BD4TS          599  599  198           BY       5  28056.8
 10CW  17-Mar-24 10:06 0076  CT9ABN         599  599  620           CT3      5  28028.7
 10CW  17-Mar-24 10:07 0077  BA5CW          599  599  952                    5  28025.5
 10CW  17-Mar-24 10:10 0078  UN5G           599  599  672           UN       5  28038.5
 10CW  17-Mar-24 10:10 0079  UN4L           599  599  350                    5  28039.0
 15CW  17-Mar-24 10:50 0080  NP4DX          599  599  1098          KP4      5  21039.6
 15CW  17-Mar-24 10:51 0081  CT7BJG         599  599  438           CT       3  21038.6
 15CW  17-Mar-24 10:55 0082  VU2TMP         599  599  389           VU       5  21025.0
 15CW  17-Mar-24 10:56 0083  BA5CW          599  599  1007          BY       5  21034.0
 15CW  17-Mar-24 11:00 0084  YQ6A           599  599  1428          YO       3  21040.0
 15CW  17-Mar-24 11:02 0085  JI1RXQ         599  599  1005          JA       5  21052.8
 15CW  17-Mar-24 11:03 0086  JA6GCE         599  599  1249                   5  21057.3
 20CW  17-Mar-24 11:44 0087  YP3X           599  599  954           YO       3  14009.5
 15CW  17-Mar-24 11:47 0088  A73A           599  599  2796          A7       5  21025.0
 10CW  17-Mar-24 11:50 0089  4K6FO          599  599  1151          4J       5  28021.4
