 15CW  25-May-24 07:16 0001  HA5JI          599  599  788           HA5      1  21043.6
 15CW  25-May-24 07:18 0002  A71WW          599  599  728           A71      3  21042.0
 15CW  25-May-24 07:21 0003  UA6AA          599  599  462           UA6      1  21041.3
 15CW  25-May-24 07:24 0004  JH6OPP         599  599  325           JH6      3  21040.7
 15CW  25-May-24 07:30 0005  II2Q           599  599  1084          II2      1  21039.9
 15CW  25-May-24 07:30 0006  CT3KN          599  599  383           CT3      3  21039.5
 15CW  25-May-24 07:31 0007  OH2T           599  599  065           OH2      1  21038.7
 15CW  25-May-24 07:39 0008  OM2VL          599  599  724           OM2      1  21032.1
 15CW  25-May-24 07:39 0009  SP5LST         599  599  535           SP5      1  21031.7
 15CW  25-May-24 07:41 0010  ED3O           599  599  254           ED3      1  21030.4
 15CW  25-May-24 07:42 0011  EC3A           599  599  326           EC3      1  21029.4
 10CW  25-May-24 07:43 0012  LZ4TX          599  599  217           LZ4      1  28001.5
 10CW  25-May-24 07:45 0013  LZ8R           599  599  166           LZ8      1  28004.9
 10CW  25-May-24 07:46 0014  4Z5PN          599  599  144           4Z5      3  28007.5
 10CW  25-May-24 07:47 0015  LZ3R           599  599  096           LZ3      1  28010.2
 10CW  25-May-24 07:48 0016  YU7EE          599  599  175           YU7      1  28010.6
 10CW  25-May-24 07:50 0017  HA8DU          599  599  384           HA8      1  28014.2
 10CW  25-May-24 07:51 0018  YT5A           599  599  189           YT5      1  28017.4
 10CW  25-May-24 07:52 0019  9N7AA          599  599  609           9N7      3  28019.3
 10CW  25-May-24 07:55 0020  4L2M           599  599  247           4L2      3  28030.6
 10CW  25-May-24 07:55 0021  E2A            599  599  599           E2       3  28031.5
 10CW  25-May-24 07:56 0022  LZ9W           599  599  172           LZ9      1  28033.4
 10CW  25-May-24 07:57 0023  A71WW          599  599  800                    3  28037.0
 10CW  25-May-24 07:59 0024  RL3A           599  599  1175          RL3      1  28038.5
 10CW  25-May-24 08:04 0025  IT9VDQ/IH9     599  599  079           IH9      3  28047.5
 10CW  25-May-24 08:05 0026  EA5DF          599  599  142           EA5      1  28048.0
 10CW  25-May-24 08:05 0027  Z35F           599  599  026           Z35      1  28051.8
 10CW  25-May-24 08:06 0028  YO4NF          599  599  524           YO4      1  28052.9
 10CW  25-May-24 08:16 0029  9A1A           599  599  171           9A1      1  28035.6
 10CW  25-May-24 08:18 0030  EF5Y           599  599  723           EF5      1  28032.2
 15CW  25-May-24 08:24 0031  LY4G           599  599  154           LY4      1  21040.1
 15CW  25-May-24 08:25 0032  RF9C           599  599  421           RF9      3  21040.1
 15CW  25-May-24 08:29 0033  BY5EA          599  599  636           BY5      3  21041.0
 15CW  25-May-24 08:30 0034  DR4A           599  599  089           DR4      1  21041.7
 15CW  25-May-24 08:31 0035  HA2NA          599  599  075           HA2      1  21042.2
 15CW  25-May-24 08:34 0036  S53M           599  599  235           S53      1  21043.8
 15CW  25-May-24 08:35 0037  RO9O           599  599  879           RO9      3  21044.3
 15CW  25-May-24 08:37 0038  UF1F           599  599  169           UF1      1  21045.5
 15CW  25-May-24 08:37 0039  JA6AVT         599  599  152           JA6      3  21046.9
 15CW  25-May-24 08:38 0040  SJ2W           599  599  1080          SJ2      1  21048.6
 15CW  25-May-24 08:39 0041  ZA/OG1N        599  599  299           ZA0      1  21051.3
 15CW  25-May-24 08:40 0042  EF5Y           599  599  791                    1  21051.7
 15CW  25-May-24 08:42 0043  UP5B           599  599  229           UP5      3  21053.7
 15CW  25-May-24 08:44 0044  CN3A           599  599  671           CN3      3  21055.7
 15CW  25-May-24 08:45 0045  S52KJ          599  599  118           S52      1  21056.2
 15CW  25-May-24 08:48 0046  OG3B           599  599  302           OG3      1  21058.7
 15CW  25-May-24 08:48 0047  YL3CW          599  599  095           YL3      1  21059.3
 15CW  25-May-24 08:50 0048  IO4R           599  599  050           IO4      1  21062.2
 15CW  25-May-24 08:52 0049  BA4DL          599  599  374           BA4      3  21063.5
 15CW  25-May-24 08:53 0050  LZ7M           599  599  179           LZ7      1  21065.5
 15CW  25-May-24 08:54 0051  KL5DX          599  599  1053          KL5      3  21068.0
 15CW  25-May-24 08:56 0052  RX3N           599  599  294           RX3      1  21068.3
 15CW  25-May-24 08:57 0053  RU3A           599  599  546           RU3      1  21069.7
 15CW  25-May-24 08:58 0054  OH8Z           599  599  302           OH8      1  21070.2
 15CW  25-May-24 08:58 0055  UX0LL          599  599  343           UX0      1  21070.9
 20CW  25-May-24 09:01 0056  OK1KKI         599  599  111           OK1      1  14037.2
 20CW  25-May-24 09:01 0057  SO4R           599  599  643           SO4      1  14036.8
 20CW  25-May-24 09:02 0058  IB9R           599  599  516           IB9      1  14036.0
 20CW  25-May-24 09:03 0059  EA3X           599  599  067           EA3      1  14035.0
 20CW  25-May-24 09:03 0060  CN3A           599  599  1020                   3  14034.1
 20CW  25-May-24 09:04 0061  YT8A           599  599  750           YT8      1  14033.0
 20CW  25-May-24 09:05 0062  UW73X          599  599  577           UW73     1  14032.8
 20CW  25-May-24 09:06 0063  LZ9W           599  599  819                    1  14031.7
 20CW  25-May-24 09:07 0064  OG3B           599  599  661                    1  14031.4
 20CW  25-May-24 09:08 0065  K1LZ           599  599  845           K1       3  14030.9
 20CW  25-May-24 09:09 0066  GM3YOR         599  599  080           GM3      1  14030.0
 20CW  25-May-24 09:10 0067  MI5I           599  599  312           MI5      1  14029.0
 20CW  25-May-24 09:11 0068  W8MJ           599  599  693           W8       3  14028.6
 20CW  25-May-24 09:36 0069  HG5D           599  599  756           HG5      1  14026.1
 20CW  25-May-24 09:36 0070  ED8M           599  599  1392          ED8      3  14026.1
 20CW  25-May-24 09:38 0071  G4ZZL          599  599  006           G4       1  14026.1
 20CW  25-May-24 09:39 0072  EA7BEZ         599  599  074           EA7      1  14026.1
 20CW  25-May-24 09:52 0073  ER4A           599  599  1301          ER4      1  14024.9
 20CW  25-May-24 09:56 0074  EA5/UW1WA      599  599  097                    1  14022.8
 20CW  25-May-24 09:56 0075  SP8PAI         599  599  542           SP8      1  14022.0
 20CW  25-May-24 09:57 0076  VE3JM          599  599  712           VE3      3  14021.5
 20CW  25-May-24 09:58 0077  EA8ZS          599  599  359           EA8      3  14020.2
 20CW  25-May-24 09:58 0078  OH1NA          599  599  661           OH1      1  14019.5
 20CW  25-May-24 09:59 0079  LA8HGA         599  599  138           LA8      1  14018.8
 20CW  25-May-24 09:59 0080  VE3NNT         599  599  696                    3  14018.4
 20CW  25-May-24 10:00 0081  SP1R           599  599  110           SP1      1  14018.0
 20CW  25-May-24 10:01 0082  SP2FAP         599  599  111           SP2      1  14017.5
 20CW  25-May-24 10:05 0083  OZ1IVA         599  599  064           OZ1      1  14015.7
 20CW  25-May-24 10:05 0084  MW4R           599  599  1330          MW4      1  14013.8
 20CW  25-May-24 10:07 0085  YL2BJ          599  599  386           YL2      1  14011.5
 20CW  25-May-24 10:08 0086  NR4M           599  599  893           NR4      3  14009.8
 20CW  25-May-24 10:09 0087  VC2A           599  599  662           VC2      3  14006.3
 20CW  25-May-24 10:09 0088  VP5M           599  599  1164          VP5      3  14005.8
 10CW  25-May-24 10:12 0089  SV2JAO         599  599  351           SV2      1  28018.0
 10CW  25-May-24 10:12 0090  9H6EE          599  599  670           9H6      1  28016.6
 10CW  25-May-24 10:15 0091  ER4A           599  599  1348                   1  28015.0
 10CW  25-May-24 10:16 0092  YU0T           599  599  257           YU0      1  28014.5
 10CW  25-May-24 10:16 0093  EA3NO          599  599  088                    1  28010.0
 10CW  25-May-24 10:17 0094  ED7W           599  599  302           ED7      1  28006.5
 10CW  25-May-24 10:18 0095  OQ5M           599  599  105           OQ5      1  28007.9
 10CW  25-May-24 10:20 0096  HA3DX          599  599  117           HA3      1  28005.3
 10CW  25-May-24 10:21 0097  YT1X           599  599  312           YT1      1  28000.1
 10CW  25-May-24 10:21 0098  EA3AR          599  599  196                    1  28029.0
 10CW  25-May-24 10:28 0099  EI7M           599  599  199           EI7      1  28034.0
 10CW  25-May-24 10:29 0100  EC3A           599  599  523                    1  28041.1
 10CW  25-May-24 10:31 0101  S58Y           599  599  269           S58      1  28053.7
 10CW  25-May-24 10:33 0102  CS2C           599  599  162           CS2      1  28061.4
 10CW  25-May-24 10:38 0103  3V8SS          599  599  721           3V8      3  28063.0
 10CW  25-May-24 10:39 0104  S53X           599  599  154                    1  28046.8
 10CW  25-May-24 10:40 0105  II9P           599  599  225           II9      1  28043.1
 10CW  25-May-24 10:41 0106  9A3XV          599  599  560           9A3      1  28027.2
 10CW  25-May-24 10:42 0107  EA5EL          599  599  208                    1  28024.3
 10CW  25-May-24 10:43 0108  TM7A           599  599  245           TM7      1  28022.6
 10CW  25-May-24 10:44 0109  EA2KV          599  599  091           EA2      1  28004.0
 10CW  25-May-24 10:45 0110  E77EA          599  599  835           E77      1  28003.5
 10CW  25-May-24 10:45 0111  S50C           599  599  330           S50      1  28002.8
 15CW  25-May-24 11:30 0112  9A7T           599  599  587           9A7      1  21070.3
 15CW  25-May-24 11:31 0113  EI7M           599  599  517                    1  21072.6
 15CW  25-May-24 11:33 0114  8P5A           599  599  1717          8P5      3  21071.3
 15CW  25-May-24 11:34 0115  AA3B           599  599  965           AA3      3  21070.7
 15CW  25-May-24 11:35 0116  W2YC           599  599  302           W2       3  21069.4
 15CW  25-May-24 11:37 0117  NC1CC          599  599  395           NC1      3  21069.0
 15CW  25-May-24 11:38 0118  EC5K           599  599  171           EC5      1  21068.5
 15CW  25-May-24 11:38 0119  EF8R           599  599  745           EF8      3  21068.0
 15CW  25-May-24 11:40 0120  NN7CW          599  599  970           NN7      3  21065.1
 15CW  25-May-24 11:41 0121  JA3YBK         599  599  740           JA3      3  21064.1
 15CW  25-May-24 11:42 0122  SM3EVR         599  599  132           SM3      1  21062.9
 15CW  25-May-24 11:43 0123  SV5DKL         599  599  536           SV5      1  21061.6
 15CW  25-May-24 11:44 0124  DA3X           599  599  469           DA3      1  21060.7
 15CW  25-May-24 11:45 0125  UW4E           599  599  796           UW4      1  21060.4
 15CW  25-May-24 11:50 0126  D4Z            599  599  1259          D4       3  21055.0
 15CW  25-May-24 11:51 0127  P40L           599  599  1198          P40      3  21054.5
 15CW  25-May-24 11:51 0128  FY5KE          599  599  576           FY5      3  21053.8
 15CW  25-May-24 11:53 0129  EA8KR          599  599  340                    3  21052.2
 15CW  25-May-24 11:53 0130  YL2BJ          599  599  528                    1  21051.7
 15CW  25-May-24 11:55 0131  EW8DX          599  599  679           EW8      1  21050.7
 15CW  25-May-24 11:57 0132  KF3P           599  599  1103          KF3      3  21049.3
 15CW  25-May-24 11:59 0133  NA8V           599  599  991           NA8      3  21048.7
 15CW  25-May-24 12:01 0134  K9CT           599  599  351           K9       3  21045.3
 15CW  25-May-24 12:03 0135  RL3A           599  599  1747                   1  21043.1
 15CW  25-May-24 12:04 0136  YT8A           599  599  1000                   1  21042.2
 15CW  25-May-24 12:04 0137  RU7M           599  599  717           RU7      1  21041.7
 15CW  25-May-24 12:06 0138  N1LN           599  599  787           N1       3  21040.9
 15CW  25-May-24 12:07 0139  HA1AG          599  599  880           HA1      1  21040.3
 15CW  25-May-24 12:07 0140  NJ4U           599  599  198           NJ4      3  21039.8
 15CW  25-May-24 12:13 0141  9A5Y           599  599  1787          9A5      1  21038.8
 15CW  25-May-24 12:13 0142  XM3T           599  599  884           XM3      3  21037.3
 15CW  25-May-24 12:14 0143  N3RD           599  599  392           N3       3  21037.1
 15CW  25-May-24 12:14 0144  NI4W           599  599  237           NI4      3  21036.8
 15CW  25-May-24 12:16 0145  P35A           599  599  906           P35      3  21036.4
 15CW  25-May-24 12:16 0146  RG6G           599  599  1141          RG6      1  21036.0
 15CW  25-May-24 12:18 0147  YT0Z           599  599  906           YT0      1  21035.5
 15CW  25-May-24 12:20 0148  C7A            599  599  412           C7       1  21033.0
 15CW  25-May-24 12:21 0149  ED7W           599  599  644                    1  21031.0
 15CW  25-May-24 12:23 0150  NQ2F           599  599  147           NQ2      3  21030.0
 15CW  25-May-24 12:24 0151  WN1GIV         599  599  230           WN1      3  21029.8
 15CW  25-May-24 12:35 0152  VE3NNT         599  599  885                    3  21028.5
 15CW  25-May-24 12:36 0153  K1AR           599  599  787                    3  21060.8
 15CW  25-May-24 12:38 0154  ED8M           599  599  1748                   3  21061.2
 15CW  25-May-24 12:41 0155  RX6FJ          599  599  234           RX6      1  21061.2
 15CW  25-May-24 12:41 0156  DL2NBY         599  599  478           DL2      1  21061.2
 20CW  25-May-24 12:45 0157  E74C           599  599  581           E74      1  14005.9
 20CW  25-May-24 12:46 0158  YT4W           599  599  678           YT4      1  14008.1
 20CW  25-May-24 12:47 0159  YL3FT          599  599  836                    1  14010.3
 20CW  25-May-24 12:48 0160  UW5Y           599  599  1145          UW5      1  14012.4
 20CW  25-May-24 12:49 0161  RG2A           599  599  843           RG2      1  14014.9
 20CW  25-May-24 12:49 0162  SP5LST         599  599  745                    1  14017.3
 20CW  25-May-24 12:50 0163  TM7A           599  599  710                    1  14018.9
 20CW  25-May-24 12:51 0164  YT7X           599  599  530           YT7      1  14019.5
 20CW  25-May-24 12:52 0165  UT5NC          599  599  203           UT5      1  14020.5
 20CW  25-May-24 12:53 0166  9H6A           599  599  655                    1  14022.6
 20CW  25-May-24 12:54 0167  ZA1RST         599  599  226           ZA1      1  14023.0
 20CW  25-May-24 12:55 0168  EU8U           599  599  1026          EU8      1  14024.6
 20CW  25-May-24 12:56 0169  SM0Q           599  599  158           SM0      1  14025.0
 20CW  25-May-24 12:57 0170  R8TT           599  599  514           R8       3  14025.9
 20CW  25-May-24 12:58 0171  YT5A           599  599  1112                   1  14027.3
 20CW  25-May-24 12:59 0172  UZ0U           599  599  328           UZ0      1  14028.1
 20CW  25-May-24 13:00 0173  9A1A           599  599  1065                   1  14030.5
 20CW  25-May-24 13:01 0174  YL7X           599  599  836           YL7      1  14031.4
 20CW  25-May-24 13:02 0175  AO175WH        599  599  386           AO175    1  14032.5
 20CW  25-May-24 13:03 0176  EA4KA          599  599  275           EA4      1  14034.1
 20CW  25-May-24 13:04 0177  II9P           599  599  691                    1  14035.3
 20CW  25-May-24 13:05 0178  OH2T           599  599  342                    1  14038.0
 20CW  25-May-24 13:06 0179  YU5M           599  599  731           YU5      1  14038.8
 20CW  25-May-24 13:06 0180  S54K           599  599  833           S54      1  14039.4
 20CW  25-May-24 13:09 0181  OH0V           599  599  890           OH0      1  14041.6
 20CW  25-May-24 13:10 0182  UW5U           599  599  187                    1  14044.7
 20CW  25-May-24 13:21 0183  OH8X           599  599  1046                   1  14045.8
 20CW  25-May-24 13:24 0184  EF5Y           599  599  1253                   1  14047.3
 20CW  25-May-24 13:25 0185  SM6NT          599  599  289           SM6      1  14047.9
 20CW  25-May-24 13:28 0186  E7DX           599  599  812           E7       1  14052.2
 20CW  25-May-24 13:30 0187  IZ8GUQ         599  599  440           IZ8      1  14056.6
 20CW  25-May-24 13:31 0188  ME5W           599  599  331           ME5      1  14057.5
 20CW  25-May-24 13:32 0189  OG1F           599  599  1431          OG1      1  14058.3
 10CW  25-May-24 13:33 0190  PT7WM          599  599  142           PT7      3  28000.5
 10CW  25-May-24 13:38 0191  YR9F           599  599  417           YR9      1  28007.7
 10CW  25-May-24 13:42 0192  PV2K           599  599  349           PV2      3  28008.0
 10CW  25-May-24 13:43 0193  ZW8T           599  599  515           ZW8      3  28012.7
 10CW  25-May-24 13:46 0194  PT5J           599  599  802           PT5      3  28038.1
 40CW  25-May-24 13:49 0195  OR5Z           599  599  579           OR5      2   7017.0
 40CW  25-May-24 13:50 0196  DK3YD          599  599  460           DK3      1   7018.0
 40CW  25-May-24 13:53 0197  DK2FG          599  599  126           DK2      1   7019.0
 40CW  25-May-24 13:54 0198  I2IFT          599  599  595           I2       2   7024.5
 40CW  25-May-24 13:55 0199  DR7W           599  599  027           DR7      1   7025.2
 40CW  25-May-24 13:55 0200  9A1A           599  599  749                    2   7026.3
 40CW  25-May-24 13:57 0201  DL5KUD         599  599  154           DL5      1   7029.0
 20CW  25-May-24 13:59 0202  LY4L           599  599  897                    1  14000.6
 20CW  25-May-24 14:00 0203  ES7A           599  599  1403          ES7      1  14000.1
 20CW  25-May-24 14:01 0204  II4M           599  599  831           II4      1  14003.4
 20CW  25-May-24 14:03 0205  RM3F           599  599  1012          RM3      1  14007.2
 20CW  25-May-24 14:15 0206  R1MJ           599  599  110           R1       1  14012.8
 20CW  25-May-24 14:16 0207  UT3EV          599  599  486           UT3      1  14014.6
 20CW  25-May-24 14:16 0208  YT6X           599  599  674           YT6      1  14015.0
 20CW  25-May-24 14:17 0209  UR1YAA         599  599  198           UR1      1  14017.0
 20CW  25-May-24 14:17 0210  UR4UWY         599  599  171           UR4      1  14017.2
 20CW  25-May-24 14:22 0211  RM4F           599  599  891           RM4      1  14018.5
 20CW  25-May-24 14:23 0212  SX5R           599  599  1317          SX5      1  14018.9
 20CW  25-May-24 14:25 0213  R9MM           599  599  124           R9       3  14021.0
 20CW  25-May-24 14:25 0214  RC9J           599  599  636           RC9      3  14021.6
 20CW  25-May-24 14:26 0215  HG7T           599  599  753           HG7      1  14022.2
 20CW  25-May-24 14:30 0216  OM8AA          599  599  507           OM8      1  14024.2
 20CW  25-May-24 14:31 0217  SN5T           599  599  423           SN5      1  14026.5
 20CW  25-May-24 14:32 0218  S53F           599  599  1008                   1  14028.2
 20CW  25-May-24 14:32 0219  S53M           599  599  752                    1  14028.6
 20CW  25-May-24 14:33 0220  HG5E           599  599  972                    1  14029.5
 20CW  25-May-24 14:34 0221  LZ1FH          599  599  227           LZ1      1  14031.1
 20CW  25-May-24 14:35 0222  YO4FHU         599  599  535                    1  14032.5
 20CW  25-May-24 14:38 0223  UF1F           599  599  673                    1  14034.9
 20CW  25-May-24 14:40 0224  G4C            599  599  076                    1  14039.1
 20CW  25-May-24 14:42 0225  OZ5W           599  599  576           OZ5      1  14039.5
 20CW  25-May-24 14:43 0226  RT5C           599  599  087           RT5      1  14041.0
 20CW  25-May-24 14:44 0227  LZ7M           599  599  461                    1  14041.5
 20CW  25-May-24 14:45 0228  UY2UZ          599  599  526           UY2      1  14044.3
 20CW  25-May-24 14:45 0229  RO9O           599  599  1527                   3  14044.7
 20CW  25-May-24 14:47 0230  EF6T           599  599  1365          EF6      1  14045.2
 20CW  25-May-24 14:50 0231  EA2KV          599  599  198                    1  14048.2
 20CW  25-May-24 14:51 0232  EA5OH          599  599  223                    1  14048.5
 20CW  25-May-24 15:00 0233  UA6LUQ         599  599  391                    1  14053.4
 20CW  25-May-24 15:01 0234  RN6AT          599  599  553           RN6      1  14054.8
 20CW  25-May-24 15:02 0235  YL2PJ          599  599  332                    1  14056.2
 20CW  25-May-24 15:02 0236  R1DX           599  599  726                    1  14057.3
 20CW  25-May-24 15:04 0237  M5P            599  599  166           M5       1  14061.5
 20CW  25-May-24 15:04 0238  HG3N           599  599  128           HG3      1  14062.0
 20CW  25-May-24 15:05 0239  UT3SO          599  599  323                    1  14063.9
 20CW  25-May-24 15:06 0240  RF9C           599  599  694                    3  14064.3
 20CW  25-May-24 15:11 0241  SF6J           599  599  449           SF6      1  14058.5
 20CW  25-May-24 15:12 0242  US7UK          599  599  038           US7      1  14058.5
 20CW  25-May-24 15:12 0243  SQ9MZ          599  599  134           SQ9      1  14058.5
 10CW  25-May-24 15:22 0244  PY2WH          599  599  564           PY2      3  28002.5
 10CW  25-May-24 15:24 0245  PU1LEO         599  599  046           PU1      3  28016.0
 10CW  25-May-24 15:27 0246  PP4T           599  599  954           PP4      3  28021.0
 10CW  25-May-24 15:28 0247  LT3E           599  599  706           LT3      3  28046.5
 10CW  25-May-24 15:30 0248  PS2E           599  599  937           PS2      3  28055.2
 10CW  25-May-24 15:31 0249  CE3CT          599  599  343           CE3      3  28062.0
 15CW  25-May-24 15:33 0250  WM9C           599  599  611           WM9      3  21099.4
 15CW  25-May-24 15:34 0251  KQ7I           599  599  451           KQ7      3  21099.0
 15CW  25-May-24 15:37 0252  AA4NC          599  599  1373          AA4      3  21089.6
 15CW  25-May-24 15:40 0253  W9ILY          599  599  087           W9       3  21086.4
 15CW  25-May-24 15:41 0254  KM7W           599  599  1399          KM7      3  21086.1
 15CW  25-May-24 15:41 0255  VP5M           599  599  1720                   3  21085.5
 15CW  25-May-24 15:43 0256  PY2PT          599  599  620                    3  21084.0
 15CW  25-May-24 15:43 0257  E70X           599  599  959           E70      1  21083.0
 15CW  25-May-24 15:44 0258  UC7A           599  599  730           UC7      1  21082.5
 15CW  25-May-24 15:45 0259  GM4X           599  599  189           GM4      1  21082.1
 15CW  25-May-24 15:46 0260  WZ4F           599  599  1014          WZ4      3  21079.5
 15CW  25-May-24 15:47 0261  K9OM           599  599  501                    3  21080.0
 15CW  25-May-24 15:49 0262  OK7O           599  599  1447          OK7      1  21071.7
 15CW  25-May-24 15:49 0263  AC0W           599  599  564           AC0      3  21071.3
 15CW  25-May-24 15:50 0264  UA7K           599  599  1438          UA7      1  21070.4
 15CW  25-May-24 15:54 0265  WX7T           599  599  172           WX7      3  21069.3
 15CW  25-May-24 15:54 0266  VE6BBP         599  599  585           VE6      3  21068.8
 15CW  25-May-24 15:55 0267  KD9LSV         599  599  565           KD9      3  21067.9
 15CW  25-May-24 15:56 0268  F6ARC          599  599  846           F6       1  21066.8
 15CW  25-May-24 15:58 0269  NF6A           599  599  1419          NF6      3  21063.5
 15CW  25-May-24 15:59 0270  CE3CT          599  599  479                    3  21064.4
 15CW  25-May-24 15:59 0271  R4RE           599  599  667           R4       1  21062.9
 15CW  25-May-24 16:00 0272  VC7X           599  599  515           VC7      3  21062.6
 15CW  25-May-24 16:01 0273  KM9P           599  599  1303          KM9      3  21061.3
 15CW  25-May-24 16:02 0274  K3UA           599  599  917           K3       3  21060.8
 15CW  25-May-24 16:03 0275  VY2TT          599  599  1910          VY2      3  21060.4
 15CW  25-May-24 16:04 0276  W8MJ           599  599  1197                   3  21058.4
 15CW  25-May-24 16:05 0277  RT4F           599  599  1449          RT4      1  21058.0
 15CW  25-May-24 16:06 0278  MX3W           599  599  1737          MX3      1  21057.1
 15CW  25-May-24 16:08 0279  RC2O           599  599  327           RC2      1  21056.2
 15CW  25-May-24 16:49 0280  VE3YAA         599  599  406                    3  21056.1
 15CW  25-May-24 16:53 0281  K3RA           599  599  1385                   3  21067.9
 15CW  25-May-24 16:54 0282  VE7ZO          599  599  465           VE7      3  21067.9
 15CW  25-May-24 16:55 0283  N4QS           599  599  890           N4       3  21067.9
 15CW  25-May-24 16:56 0284  N7DR           599  599  280           N7       3  21067.9
 15CW  25-May-24 16:59 0285  UN4Q           599  599  927           UN4      3  21067.9
 15CW  25-May-24 17:00 0286  K3PA           599  599  996                    3  21067.9
 15CW  25-May-24 17:01 0287  WK1O           599  599  1035          WK1      3  21067.9
 15CW  25-May-24 17:01 0288  WO4O           599  599  1014          WO4      3  21067.9
 15CW  25-May-24 17:02 0289  NS2N           599  599  228           NS2      3  21067.9
 15CW  25-May-24 17:04 0290  W1CW           599  599  411           W1       3  21067.9
 15CW  25-May-24 17:05 0291  N8OH           599  599  037           N8       3  21067.9
 15CW  25-May-24 17:05 0292  NS0R           599  599  1113          NS0      3  21067.9
 15CW  25-May-24 17:06 0293  VX3A           599  599  878           VX3      3  21067.9
 15CW  25-May-24 17:07 0294  WK5T           599  599  2127          WK5      3  21067.9
 15CW  25-May-24 17:08 0295  W4TM           599  599  314           W4       3  21067.9
 15CW  25-May-24 17:12 0296  VE3EJ          599  599  1389                   3  21069.4
 15CW  25-May-24 17:13 0297  NT2DR          599  599  823           NT2      3  21069.9
 15CW  25-May-24 17:14 0298  KR4Z           599  599  021           KR4      3  21073.0
 15CW  25-May-24 17:16 0299  K1LZ           599  599  1302                   3  21000.6
 15CW  25-May-24 17:17 0300  WX3B           599  599  414           WX3      3  21000.2
 15CW  25-May-24 17:19 0301  4X7M           599  599  1202          4X7      3  21001.2
 15CW  25-May-24 17:19 0302  P44W           599  599  1648          P44      3  21001.0
 15CW  25-May-24 17:21 0303  K3WW           599  599  1208                   3  21002.3
 15CW  25-May-24 17:22 0304  WM3T           599  599  1169          WM3      3  21003.1
 15CW  25-May-24 17:25 0305  WT2J           599  599  786           WT2      3  21003.3
 15CW  25-May-24 17:27 0306  ND7K           599  599  2638          ND7      3  21004.4
 15CW  25-May-24 17:31 0307  RL4F           599  599  104           RL4      1  21005.2
 15CW  25-May-24 17:31 0308  KK5I           599  599  1183          KK5      3  21005.6
 15CW  25-May-24 17:32 0309  NY6DX          599  599  1185          NY6      3  21006.0
 15CW  25-May-24 17:33 0310  RA9P           599  599  1532          RA9      3  21006.4
 15CW  25-May-24 17:33 0311  H25A           599  599  1982          H25      3  21007.6
 15CW  25-May-24 17:34 0312  NR4M           599  599  1109                   3  21008.0
 15CW  25-May-24 17:35 0313  WX0B           599  599  1881          WX0      3  21008.3
 15CW  25-May-24 17:38 0314  YR8D           599  599  2080          YR8      1  21012.5
 15CW  25-May-24 17:41 0315  WG3J           599  599  1025          WG3      3  21016.8
 15CW  25-May-24 17:43 0316  KP2M           599  599  1223          KP2      3  21017.2
 15CW  25-May-24 17:44 0317  CR3DX          599  599  1691          CR3      3  21018.2
 15CW  25-May-24 17:45 0318  VE5MX          599  599  1580          VE5      3  21018.6
 15CW  25-May-24 17:47 0319  VE3JM          599  599  1443                   3  21022.8
 15CW  25-May-24 17:47 0320  NR6O           599  599  767           NR6      3  21023.5
 15CW  25-May-24 17:48 0321  SN3A           599  599  1381          SN3      1  21023.8
 15CW  25-May-24 17:49 0322  R4KO           599  599  132                    1  21024.2
 15CW  25-May-24 17:51 0323  UW5Y           599  599  1703                   1  21025.9
 15CW  25-May-24 17:52 0324  NU5A           599  599  1043          NU5      3  21028.2
 15CW  25-May-24 17:54 0325  AC1U           599  599  975           AC1      3  21028.8
 15CW  25-May-24 17:55 0326  TM7A           599  599  890                    1  21029.6
 15CW  25-May-24 17:56 0327  SX5R           599  599  1651                   1  21032.3
 15CW  25-May-24 17:58 0328  PJ4A           599  599  2318          PJ4      3  21034.3
 15CW  25-May-24 17:59 0329  XM3R           599  599  1355                   3  21035.4
 15CW  25-May-24 18:02 0330  K8LX           599  599  353           K8       3  21037.5
 15CW  25-May-24 18:03 0331  NT6Q           599  599  2134          NT6      3  21038.2
 15CW  25-May-24 18:05 0332  W2CDO          599  599  698                    3  21039.1
 15CW  25-May-24 18:06 0333  P3AA           599  599  2847          P3       3  21039.1
 15CW  25-May-24 18:08 0334  OL3Z           599  599  805           OL3      1  21039.1
 15CW  25-May-24 18:09 0335  OK6Y           599  599  663           OK6      1  21039.1
 15CW  25-May-24 18:09 0336  WQ3O           599  599  576           WQ3      3  21039.1
 15CW  25-May-24 18:10 0337  WR2G           599  599  456           WR2      3  21039.1
 15CW  25-May-24 18:12 0338  N4EL           599  599  166                    3  21039.1
 15CW  25-May-24 18:13 0339  K8GL           599  599  194                    3  21039.1
 15CW  25-May-24 18:14 0340  KU6W           599  599  511           KU6      3  21039.1
 15CW  25-May-24 18:14 0341  VA7DZ          599  599  630           VA7      3  21039.1
 15CW  25-May-24 18:15 0342  WA3AAN         599  599  789           WA3      3  21039.1
 15CW  25-May-24 18:22 0343  NU7Y           599  599  1194          NU7      3  21039.8
 15CW  25-May-24 18:32 0344  AD4EB          599  599  1414          AD4      3  21044.9
 15CW  25-May-24 18:32 0345  KQ1F           599  599  985           KQ1      3  21045.2
 15CW  25-May-24 18:33 0346  EW5A           599  599  1530          EW5      1  21048.0
 15CW  25-May-24 18:34 0347  HG8R           599  599  1262          HG8      1  21049.0
 15CW  25-May-24 18:35 0348  OH0Z           599  599  260                    1  21049.8
 15CW  25-May-24 18:37 0349  PY2XL          599  599  406                    3  21050.2
 15CW  25-May-24 18:39 0350  S56M           599  599  1326          S56      1  21054.0
 15CW  25-May-24 18:39 0351  IQ2MI          599  599  308           IQ2      1  21055.5
 15CW  25-May-24 18:42 0352  NY4A           599  599  1117          NY4      3  21057.7
 15CW  25-May-24 18:43 0353  WP3C           599  599  1501          WP3      3  21058.8
 15CW  25-May-24 18:44 0354  AG3I           599  599  510           AG3      3  21059.2
 15CW  25-May-24 18:45 0355  PC0A           599  599  1054          PC0      1  21059.7
 15CW  25-May-24 18:46 0356  KI7WX          599  599  1434          KI7      3  21065.0
 15CW  25-May-24 18:47 0357  E7DX           599  599  1248                   1  21064.7
 15CW  25-May-24 18:48 0358  NO5W           599  599  338           NO5      3  21067.4
 15CW  25-May-24 18:51 0359  WP4X           599  599  1352          WP4      3  21069.3
 15CW  25-May-24 18:52 0360  WJ9B           599  599  094           WJ9      3  21070.3
 15CW  25-May-24 18:54 0361  SV8OVJ         599  599  490           SV8      1  21071.2
 15CW  25-May-24 18:55 0362  LZ3R           599  599  896                    1  21073.5
 15CW  25-May-24 18:57 0363  AJ9C           599  599  287           AJ9      3  21078.8
 15CW  25-May-24 18:58 0364  XQ1KZ          599  599  541           XQ1      3  21080.0
 15CW  25-May-24 18:59 0365  R9AE           599  599  127                    3  21082.4
 15CW  25-May-24 19:00 0366  AJ1AJ          599  599  154           AJ1      3  21086.5
 20CW  25-May-24 19:02 0367  IU8RIA         599  599  185           IU8      1  14078.3
 20CW  25-May-24 19:03 0368  YT2ISM         599  599  495           YT2      1  14071.6
 20CW  25-May-24 19:04 0369  9A1AA          599  599  700                    1  14070.5
 20CW  25-May-24 19:07 0370  SJ2W           599  599  2335                   1  14067.8
 20CW  25-May-24 19:08 0371  DR4A           599  599  661                    1  14064.2
 20CW  25-May-24 19:10 0372  LZ1QN          599  599  031                    1  14062.2
 20CW  25-May-24 19:10 0373  S58Y           599  599  1299                   1  14061.1
 20CW  25-May-24 19:17 0374  WR2G           599  599  500                    3  14060.1
 20CW  25-May-24 19:18 0375  OG6N           599  599  1133          OG6      1  14057.9
 20CW  25-May-24 19:18 0376  LA3BO          599  599  221           LA3      1  14057.6
 20CW  25-May-24 19:19 0377  WC1M           599  599  1481          WC1      3  14057.2
 20CW  25-May-24 19:22 0378  UG4A           599  599  736           UG4      1  14055.4
 20CW  25-May-24 19:22 0379  EF3T           599  599  623           EF3      1  14055.4
 20CW  25-May-24 19:23 0380  9A2IK          599  599  221           9A2      1  14055.4
 20CW  25-May-24 19:25 0381  NQ1DX          599  599  1206          NQ1      3  14055.4
 20CW  25-May-24 19:26 0382  YO4AR          599  599  511                    1  14055.4
 20CW  25-May-24 19:29 0383  HL2BQG         599  599  907           HL2      3  14055.0
 20CW  25-May-24 19:31 0384  YO4DW          599  599  442                    1  14053.0
 20CW  25-May-24 19:36 0385  9M6NA          599  599  1589          9M6      3  14052.5
 20CW  25-May-24 19:36 0386  E70X           599  599  1156                   1  14052.2
 20CW  25-May-24 19:38 0387  9N7AA          599  599  1241                   3  14051.2
 20CW  25-May-24 19:40 0388  UC8Y           599  599  754           UC8      3  14050.4
 20CW  25-May-24 19:41 0389  HG0Y           599  599  1148          HG0      1  14049.4
 20CW  25-May-24 19:41 0390  SN7Q           599  599  1550          SN7      1  14048.1
 20CW  25-May-24 19:42 0391  SQ9C           599  599  142                    1  14047.8
 20CW  25-May-24 19:42 0392  LY6O           599  599  419           LY6      1  14047.6
 20CW  25-May-24 19:44 0393  OK7O           599  599  1768                   1  14046.7
 20CW  25-May-24 19:45 0394  JE6RPM         599  599  1608          JE6      3  14044.9
 20CW  25-May-24 19:46 0395  UT0RS          599  599  280           UT0      1  14044.3
 20CW  25-May-24 19:46 0396  YL4U           599  599  1435          YL4      1  14043.7
 20CW  25-May-24 19:47 0397  A71WW          599  599  1930                   3  14043.0
 20CW  25-May-24 19:47 0398  DS4EOI         599  599  732           DS4      3  14042.5
 20CW  25-May-24 19:49 0399  AK1W           599  599  2084          AK1      3  14042.1
 20CW  25-May-24 19:51 0400  PC0A           599  599  1149                   1  14041.5
 20CW  25-May-24 19:52 0401  EI7M           599  599  1045                   1  14039.5
 20CW  25-May-24 19:54 0402  YP3X           599  599  830           YP3      1  14037.7
 20CW  25-May-24 19:56 0403  RM2U           599  599  1004          RM2      1  14037.1
 20CW  25-May-24 19:57 0404  P35A           599  599  1675                   3  14036.4
 20CW  25-May-24 19:58 0405  OZ3SM          599  599  893           OZ3      1  14035.6
 20CW  25-May-24 20:02 0406  PY4HO          599  599  254           PY4      3  14035.3
 20CW  25-May-24 20:03 0407  HA7A           599  599  516           HA7      1  14034.2
 20CW  25-May-24 20:04 0408  JA3YBK         599  599  719                    3  14033.9
 20CW  25-May-24 20:04 0409  EA2W           599  599  1933                   1  14033.3
 20CW  25-May-24 20:06 0410  DR100PE        599  599  316           DR100    1  14032.8
 20CW  25-May-24 20:07 0411  M4T            599  599  1612          M4       1  14029.5
 20CW  25-May-24 20:08 0412  YR9J           599  599  364                    1  14029.1
 20CW  25-May-24 20:09 0413  HA7I           599  599  1252                   1  14029.0
 20CW  25-May-24 20:09 0414  SV1ME          599  599  611           SV1      1  14028.5
 20CW  25-May-24 20:10 0415  LY7R           599  599  1009          LY7      1  14027.3
 20CW  25-May-24 20:11 0416  R1CI           599  599  649                    1  14026.9
 20CW  25-May-24 20:12 0417  RG6G           599  599  1918                   1  14026.6
 20CW  25-May-24 20:13 0418  LZ3R           599  599  967                    1  14025.7
 20CW  25-May-24 20:14 0419  HZ1TT          599  599  440           HZ1      3  14024.6
 20CW  25-May-24 20:15 0420  DK1NO          599  599  047           DK1      1  14024.0
 20CW  25-May-24 20:17 0421  HB7X           599  599  579           HB7      1  14023.6
 20CW  25-May-24 20:18 0422  CT7BJG         599  599  435           CT7      1  14023.2
 20CW  25-May-24 20:20 0423  SZ1A           599  599  963           SZ1      1  14021.9
 20CW  25-May-24 20:28 0424  BY8AC          599  599  1452          BY8      3  14021.6
 20CW  25-May-24 20:29 0425  J42L           599  599  437           J42      1  14019.9
 20CW  25-May-24 20:30 0426  E2A            599  599  1333                   3  14019.4
 20CW  25-May-24 20:30 0427  S53MM          599  599  1272                   1  14019.0
 20CW  25-May-24 20:31 0428  HA4A           599  599  896           HA4      1  14017.1
 40CW  25-May-24 20:42 0429  P3AA           599  599  3219                   6   7000.4
 40CW  25-May-24 20:43 0430  YT3EWW         599  599  1111          YT3      2   7001.0
 40CW  25-May-24 20:46 0431  SE5E           599  599  479           SE5      2   7002.4
 40CW  25-May-24 20:47 0432  F4HGU          599  599  100           F4       2   7003.1
 40CW  25-May-24 20:48 0433  OL4N           599  599  923           OL4      2   7003.7
 40CW  25-May-24 20:48 0434  YU1A           599  599  487           YU1      2   7004.0
 40CW  25-May-24 20:49 0435  UP2L           599  599  3382          UP2      6   7004.4
 40CW  25-May-24 20:50 0436  OM6NM          599  599  713           OM6      2   7004.8
 40CW  25-May-24 20:51 0437  HA1AG          599  599  1543                   2   7005.6
 40CW  25-May-24 20:51 0438  EW1I           599  599  755           EW1      2   7006.1
 40CW  25-May-24 20:52 0439  PA3DBS         599  599  198           PA3      2   7006.6
 40CW  25-May-24 20:54 0440  ED8M           599  599  2694                   6   7007.2
 40CW  25-May-24 20:54 0441  SP8GQA         599  599  440                    2   7007.2
 40CW  25-May-24 20:56 0442  OM2XW          599  599  880                    2   7007.2
 40CW  25-May-24 20:56 0443  OK2MBP         599  599  702           OK2      2   7007.2
 40CW  25-May-24 20:56 0444  SP3VT          599  599  154           SP3      2   7007.2
 40CW  25-May-24 20:57 0445  DL6TK          599  599  067           DL6      1   7007.2
 40CW  25-May-24 20:58 0446  IK2AUK         599  599  080           IK2      2   7007.2
 40CW  25-May-24 20:59 0447  DP9A           599  599  467           DP9      1   7007.2
 40CW  25-May-24 20:59 0448  OK1UKY         599  599  268                    2   7007.2
 40CW  25-May-24 21:00 0449  YT5RA          599  599  831                    2   7007.2
 40CW  25-May-24 21:00 0450  F5PAL          599  599  693           F5       2   7007.2
 40CW  25-May-24 21:01 0451  UY2UZ          599  599  830                    2   7007.2
 40CW  25-May-24 21:01 0452  HB9HTF         599  599  129           HB9      2   7007.2
 40CW  25-May-24 21:02 0453  LZ3R           599  599  1020                   2   7007.2
 40CW  25-May-24 21:04 0454  IK2CFD         599  599  188                    2   7007.2
 40CW  25-May-24 21:04 0455  E79Q           599  599  655           E79      2   7007.2
 40CW  25-May-24 21:05 0456  EW8OM          599  599  798                    2   7007.2
 40CW  25-May-24 21:06 0457  HB9HDC         599  599  818                    2   7007.2
 40CW  25-May-24 21:06 0458  OK1AY          599  599  425                    2   7007.2
 40CW  25-May-24 21:07 0459  UZ1WW          599  599  389           UZ1      2   7007.2
 40CW  25-May-24 21:07 0460  OM8DD          599  599  093                    2   7007.2
 40CW  25-May-24 21:08 0461  LZ7DX          599  599  574                    2   7007.2
 40CW  25-May-24 21:09 0462  SP2QG          599  599  369                    2   7007.2
 40CW  25-May-24 21:09 0463  OM5JA          599  599  498           OM5      2   7007.2
 40CW  25-May-24 21:10 0464  IU2RNU         599  599  001           IU2      2   7007.2
 40CW  25-May-24 21:11 0465  LZ9W           599  599  898                    2   7007.2
 40CW  25-May-24 21:12 0466  R3HD           599  599  033           R3       2   7007.2
 40CW  25-May-24 21:13 0467  G4OZG          599  599  238                    2   7007.2
 40CW  25-May-24 21:13 0468  OE5CYL         599  599  396           OE5      2   7007.2
 40CW  25-May-24 21:15 0469  S51MM          599  599  217           S51      2   7007.2
 40CW  25-May-24 21:15 0470  DP8M           599  599  615           DP8      1   7007.2
 40CW  25-May-24 21:16 0471  SM0Q           599  599  368                    2   7007.2
 40CW  25-May-24 21:17 0472  DJ8EW          599  599  119           DJ8      1   7007.2
 40CW  25-May-24 21:17 0473  YO3GEK         599  599  364           YO3      2   7007.2
 40CW  25-May-24 21:18 0474  UF1F           599  599  123                    2   7007.2
 40CW  25-May-24 21:19 0475  OK1MKH         599  599  529                    2   7007.2
 40CW  25-May-24 21:19 0476  S51J           599  599  711                    2   7007.2
 40CW  25-May-24 21:19 0477  LZ1VKD         599  599  599                    2   7007.2
 40CW  25-May-24 21:20 0478  EA6ZS          599  599  177           EA6      2   7007.2
 40CW  25-May-24 21:20 0479  DG5MEX         599  599  045           DG5      1   7007.2
 40CW  25-May-24 21:20 0480  LZ3ZZ          599  599  1380                   2   7007.2
 40CW  25-May-24 21:21 0481  YU2NPC         599  599  835           YU2      2   7007.2
 40CW  25-May-24 21:22 0482  DF7A           599  599  1343          DF7      1   7007.2
 40CW  25-May-24 21:22 0483  HA8WZ          599  599  511                    2   7007.2
 40CW  25-May-24 21:23 0484  OK1FKD         599  599  293                    2   7007.2
 40CW  25-May-24 21:23 0485  DN5EN          599  599  052           DN5      1   7007.2
 40CW  25-May-24 21:24 0486  IV3EAD         599  599  212           IV3      2   7007.2
 40CW  25-May-24 21:24 0487  SN7O           599  599  1038                   2   7007.2
 40CW  25-May-24 21:25 0488  R5AJ           599  599  983           R5       2   7007.2
 40CW  25-May-24 21:26 0489  OK2NAJ         599  599  101                    2   7007.2
 40CW  25-May-24 21:28 0490  YO3GCL         599  599  132                    2   7007.2
 40CW  25-May-24 21:28 0491  DL1EFW         599  599  500           DL1      1   7007.2
 40CW  25-May-24 21:29 0492  PA9M           599  599  584           PA9      2   7007.2
 40CW  25-May-24 21:29 0493  UZ1U           599  599  243                    2   7007.2
 40CW  25-May-24 21:29 0494  9A5Y           599  599  2817                   2   7007.2
 40CW  25-May-24 21:30 0495  LZ9W           599  599  923                    0   7007.2
 40CW  25-May-24 21:31 0496  OE1XA          599  599  148           OE1      2   7007.2
 40CW  25-May-24 21:31 0497  DR7T           599  599  985                    1   7007.2
 40CW  25-May-24 21:32 0498  YU9YAU         599  599  520           YU9      2   7007.2
 40CW  25-May-24 21:34 0499  UA5D           599  599  528           UA5      2   7007.2
 40CW  25-May-24 21:35 0500  HA9RP          599  599  231           HA9      2   7007.2
 40CW  25-May-24 21:37 0501  R3RK           599  599  411                    2   7007.2
 40CW  25-May-24 21:37 0502  DL7ANR         599  599  551           DL7      1   7007.2
 40CW  25-May-24 21:38 0503  G4N            599  599  362                    2   7007.2
160CW  25-May-24 21:40 0504  LY0UKR         599  599  213           LY0      2   1833.0
160CW  25-May-24 21:41 0505  S56X           599  599  181                    2   1827.0
160CW  25-May-24 21:41 0506  9A1A           599  599  208                    2   1815.0
160CW  25-May-24 21:43 0507  OK1OA          599  599  602                    2   1829.4
160CW  25-May-24 21:43 0508  I2WIJ          599  599  299                    2   1830.5
 80CW  25-May-24 21:45 0509  RM1T           599  599  1158          RM1      2   3511.7
 80CW  25-May-24 21:47 0510  HG7T           599  599  169                    2   3512.3
 80CW  25-May-24 21:47 0511  OE6JXA         599  599  152           OE6      2   3513.1
 80CW  25-May-24 21:48 0512  EU8U           599  599  1545                   2   3513.4
 80CW  25-May-24 21:49 0513  UW2U           599  599  1121          UW2      2   3514.2
 80CW  25-May-24 21:50 0514  OM5NL          599  599  302                    2   3514.8
 80CW  25-May-24 21:51 0515  IQ2DN          599  599  1485                   2   3515.3
 80CW  25-May-24 21:53 0516  9A1A           599  599  515                    2   3523.9
 80CW  25-May-24 21:54 0517  OH1NA          599  599  1335                   2   3523.9
 80CW  25-May-24 21:54 0518  YU1ED          599  599  208                    2   3523.9
 80CW  25-May-24 21:54 0519  PE6X           599  599  308           PE6      2   3523.9
 80CW  25-May-24 21:55 0520  PC4H           599  599  687           PC4      2   3523.9
 80CW  25-May-24 21:56 0521  YO5AVN         599  599  320           YO5      2   3523.9
 80CW  25-May-24 21:56 0522  DL4ME          599  599  456           DL4      1   3523.9
 80CW  25-May-24 21:57 0523  OM0RX          599  599  252           OM0      2   3523.9
 80CW  25-May-24 21:58 0524  SO4R           599  599  139                    2   3523.9
 80CW  25-May-24 21:59 0525  E79D           599  599  320                    2   3523.9
 80CW  25-May-24 22:00 0526  S53FO          599  599  432                    2   3523.9
 80CW  25-May-24 22:00 0527  DP9A           599  599  340                    1   3523.9
 80CW  25-May-24 22:01 0528  HG5P           599  599  368                    2   3523.9
 80CW  25-May-24 22:02 0529  DF3CE          599  599  138           DF3      1   3523.9
 80CW  25-May-24 22:02 0530  OK2EA          599  599  631                    2   3523.9
 80CW  25-May-24 22:03 0531  G4DDL          599  599  543                    2   3523.9
 80CW  25-May-24 22:03 0532  DL8ZAJ         599  599  082           DL8      1   3523.9
 80CW  25-May-24 22:04 0533  DR2Q           599  599  224           DR2      1   3523.9
 80CW  25-May-24 22:05 0534  G4PVM          599  599  1040                   2   3523.9
 80CW  25-May-24 22:05 0535  OG3B           599  599  281                    2   3523.9
 80CW  25-May-24 22:06 0536  LY7R           599  599  1115                   2   3523.9
 80CW  25-May-24 22:07 0537  S57Q           599  599  460           S57      2   3523.9
 80CW  25-May-24 22:07 0538  SP4AWE         599  599  200           SP4      2   3523.9
 80CW  25-May-24 22:07 0539  S54A           599  599  406                    2   3523.9
 80CW  25-May-24 22:08 0540  LY2AT          599  599  103           LY2      2   3523.9
 80CW  25-May-24 22:08 0541  G5Q            599  599  027           G5       2   3523.9
 80CW  25-May-24 22:09 0542  LA8OM          599  599  1351                   2   3523.9
 80CW  25-May-24 22:10 0543  YO8DOH         599  599  1003          YO8      2   3523.9
 80CW  25-May-24 22:12 0544  YL7A           599  599  467                    2   3523.9
 80CW  25-May-24 22:14 0545  4L5O           599  599  311           4L5      6   3500.1
 80CW  25-May-24 22:15 0546  LZ33E          599  599  261           LZ33     2   3501.0
 80CW  25-May-24 22:18 0547  YP3X           599  599  1005                   2   3507.0
 80CW  25-May-24 22:20 0548  UP2L           599  599  3650                   6   3511.0
 80CW  25-May-24 22:21 0549  F8DFP          599  599  418           F8       2   3511.8
 80CW  25-May-24 22:21 0550  OZ3SM          599  599  1003                   2   3512.2
 80CW  25-May-24 22:22 0551  SP1NY          599  599  1068                   2   3512.7
 80CW  25-May-24 22:24 0552  IK1JJM         599  599  671           IK1      2   3516.4
 80CW  25-May-24 22:25 0553  SZ1A           599  599  092                    2   3517.7
 80CW  25-May-24 22:26 0554  OM8AA          599  599  736                    2   3517.9
 80CW  25-May-24 22:26 0555  DR0W           599  599  2181          DR0      1   3519.0
 80CW  25-May-24 22:27 0556  SO6OO          599  599  032           SO6      2   3519.5
 80CW  25-May-24 22:29 0557  IO3C           599  599  185           IO3      2   3522.0
 80CW  25-May-24 22:30 0558  OL0W           599  599  1642          OL0      2   3522.5
 80CW  25-May-24 22:31 0559  SP5ELA         599  599  284                    2   3523.0
 80CW  25-May-24 22:31 0560  OK7AW          599  599  481                    2   3523.5
 80CW  25-May-24 22:33 0561  PC0A           599  599  1357                   2   3524.4
 80CW  25-May-24 22:33 0562  YT5A           599  599  434                    2   3525.0
 80CW  25-May-24 22:34 0563  G5O            599  599  144                    2   3526.2
 80CW  25-May-24 22:34 0564  MD2C           599  599  711           MD2      2   3527.1
 80CW  25-May-24 22:35 0565  9A5M           599  599  536                    2   3528.0
 80CW  25-May-24 22:35 0566  EA3AR          599  599  686                    2   3532.9
 80CW  25-May-24 22:36 0567  UW5Y           599  599  2164                   2   3534.0
 80CW  25-May-24 22:36 0568  LZ9W           599  599  466                    2   3534.5
 80CW  25-May-24 22:38 0569  DJ4MX          599  599  456           DJ4      1   3536.6
 80CW  25-May-24 22:39 0570  UW73X          599  599  1347                   2   3539.0
 80CW  25-May-24 22:42 0571  PA9M           599  599  644                    2   3548.0
 80CW  25-May-24 22:43 0572  OK3X           599  599  849           OK3      2   3540.0
 10CW  26-May-24 08:13 0573  OH2T           599  599  928                    1  28021.8
 10CW  26-May-24 08:14 0574  IB8A           599  599  638           IB8      1  28028.0
 10CW  26-May-24 08:15 0575  EC7R           599  599  182           EC7      1  28023.1
 15CW  26-May-24 08:16 0576  OH2PQ          599  599  1211                   1  21065.5
 20CW  26-May-24 08:23 0577  R3BC           599  599  725                    1  14000.8
 20CW  26-May-24 08:24 0578  9A5Y           599  599  3824                   1  14002.0
 20CW  26-May-24 08:25 0579  HG6N           599  599  3410          HG6      1  14002.7
 20CW  26-May-24 08:25 0580  LY7T           599  599  176                    1  14003.6
 20CW  26-May-24 08:26 0581  HG9X           599  599  1022          HG9      1  14004.4
 20CW  26-May-24 08:28 0582  LZ3FN          599  599  1673                   1  14006.6
 20CW  26-May-24 08:30 0583  EA1DP          599  599  340           EA1      1  14008.2
 20CW  26-May-24 08:30 0584  IZ8EFD         599  599  862                    1  14008.9
 20CW  26-May-24 08:31 0585  OM6AL          599  599  741                    1  14010.8
 20CW  26-May-24 08:35 0586  S52W           599  599  912                    1  14014.5
 20CW  26-May-24 08:36 0587  IP0T           599  599  108           IP0      1  14014.5
 20CW  26-May-24 08:37 0588  LC2F           599  599  468           LC2      1  14014.5
 20CW  26-May-24 08:38 0589  SE5T           599  599  725                    1  14014.5
 20CW  26-May-24 08:38 0590  HA3DX          599  599  1279                   1  14014.5
 20CW  26-May-24 08:40 0591  9A3YT          599  599  460                    1  14014.5
 20CW  26-May-24 08:43 0592  LZ05RN         599  599  208           LZ05     1  14016.1
 20CW  26-May-24 08:44 0593  IP1M           599  599  2046          IP1      1  14017.0
 20CW  26-May-24 08:48 0594  HA5JI          599  599  2209                   1  14020.2
 20CW  26-May-24 09:00 0595  OL7T           599  599  2349          OL7      1  14020.5
 20CW  26-May-24 09:02 0596  OM7M           599  599  1607          OM7      1  14022.8
 10CW  26-May-24 09:22 0597  LZ5R           599  599  3509          LZ5      1  28000.9
 10CW  26-May-24 09:22 0598  YT5K           599  599  633                    1  28003.2
 10CW  26-May-24 09:23 0599  UR5R           599  599  1449          UR5      1  28015.0
 10CW  26-May-24 09:24 0600  9A2AJ          599  599  376                    1  28028.1
 10CW  26-May-24 09:31 0601  IP9T           599  599  956           IP9      1  28031.0
 15CW  26-May-24 09:37 0602  GM0AZC         599  599  125           GM0      1  21044.0
 15CW  26-May-24 09:41 0603  PP4T           599  599  1322                   3  21044.6
 15CW  26-May-24 09:43 0604  PW2F           599  599  2626          PW2      3  21047.1
 15CW  26-May-24 09:45 0605  UN5G           599  599  213           UN5      3  21049.1
 15CW  26-May-24 09:49 0606  BY1AS          599  599  841           BY1      3  21050.6
 15CW  26-May-24 09:52 0607  YL2QV          599  599  296                    1  21056.9
 15CW  26-May-24 09:54 0608  UX5UN          599  599  282           UX5      1  21057.4
 15CW  26-May-24 09:55 0609  SZ1A           599  599  1046                   1  21058.1
 15CW  26-May-24 09:57 0610  SV1ENG         599  599  614                    1  21063.7
 15CW  26-May-24 09:57 0611  IK0YVV         599  599  428           IK0      1  21065.5
 15CW  26-May-24 09:58 0612  TM1W           599  599  073           TM1      1  21067.4
 15CW  26-May-24 10:00 0613  HG6N           599  599  3593                   1  21052.9
 15CW  26-May-24 10:01 0614  HA8TKS         599  599  519                    1  21052.9
 15CW  26-May-24 10:01 0615  UP2L           599  599  4638                   3  21052.9
 15CW  26-May-24 10:05 0616  I/G4BJM        599  599  811           I0       1  21054.5
 15CW  26-May-24 10:06 0617  LY6O           599  599  832                    1  21055.5
 15CW  26-May-24 10:07 0618  UT8EU          599  599  625           UT8      1  21058.8
 15CW  26-May-24 10:08 0619  S50K           599  599  1798                   1  21000.7
 15CW  26-May-24 10:10 0620  R3BC           599  599  832                    1  21001.1
 15CW  26-May-24 10:11 0621  B1Z            599  599  2190          B1       3  21002.9
 15CW  26-May-24 10:12 0622  LZ1GU          599  599  416                    1  21004.0
 15CW  26-May-24 10:14 0623  YL6W           599  599  1199          YL6      1  21006.7
 15CW  26-May-24 10:19 0624  UN9GD          599  599  994           UN9      3  21011.5
 15CW  26-May-24 10:20 0625  YT9A           599  599  1805          YT9      1  21012.3
 15CW  26-May-24 10:22 0626  YT3EWW         599  599  1618                   1  21017.9
 15CW  26-May-24 10:25 0627  LZ79ZZ         599  599  228           LZ79     1  21020.0
 15CW  26-May-24 10:28 0628  9A3XV          599  599  1823                   1  21022.0
 15CW  26-May-24 10:29 0629  9A5D           599  599  1970                   1  21022.5
 15CW  26-May-24 10:30 0630  IO6A           599  599  1671          IO6      1  21023.2
 15CW  26-May-24 10:30 0631  OI3V           599  599  2227          OI3      1  21026.3
 15CW  26-May-24 10:32 0632  EG3DZ          599  599  1158          EG3      1  21029.0
 15CW  26-May-24 10:35 0633  UW1M           599  599  3303          UW1      1  21034.6
 15CW  26-May-24 10:36 0634  YT2RX          599  599  1304                   1  21034.6
 15CW  26-May-24 10:36 0635  OH5QY          599  599  151           OH5      1  21034.6
 10CW  26-May-24 10:41 0636  P3AA           599  599  4668                   3  28004.6
 10CW  26-May-24 10:44 0637  Z61DX          599  599  213           Z61      1  28007.3
 10CW  26-May-24 10:45 0638  YR8D           599  599  3713                   1  28010.7
 10CW  26-May-24 10:45 0639  HA5JI          599  599  2368                   1  28011.7
 10CW  26-May-24 10:46 0640  LZ1JZ          599  599  463                    1  28014.3
 10CW  26-May-24 10:46 0641  I/G4BJM        599  599  845                    1  28015.1
 10CW  26-May-24 10:48 0642  YR8I           599  599  403                    1  28023.2
 10CW  26-May-24 10:48 0643  UR7R           599  599  263           UR7      1  28024.5
 10CW  26-May-24 10:49 0644  E75M           599  599  326           E75      1  28024.8
 10CW  26-May-24 10:49 0645  E70X           599  599  2059                   1  28028.8
 10CW  26-May-24 10:50 0646  UW2U           599  599  1714                   1  28038.2
 10CW  26-May-24 10:51 0647  UW73X          599  599  1475                   1  28041.0
 10CW  26-May-24 10:52 0648  HA0HV          599  599  292           HA0      1  28044.4
 10CW  26-May-24 10:53 0649  9A9R           599  599  382           9A9      1  28049.5
 10CW  26-May-24 10:54 0650  RK7A           599  599  1064          RK7      1  28053.5
 10CW  26-May-24 10:56 0651  II8K           599  599  3538          II8      1  28063.1
 10CW  26-May-24 10:57 0652  YO8DOH         599  599  1510                   1  28009.5
 10CW  26-May-24 10:58 0653  E7CW           599  599  1903                   1  28021.6
 10CW  26-May-24 10:59 0654  ER3R           599  599  674           ER3      1  28023.0
 40CW  26-May-24 11:03 0655  YT5A           599  599  1386                   2   7016.0
 40CW  26-May-24 11:04 0656  YT7A           599  599  1087                   2   7022.5
 40CW  26-May-24 11:04 0657  DR3W           599  599  151           DR3      1   7024.7
 40CW  26-May-24 11:07 0658  DL1NKS         599  599  736                    1   7025.5
 40CW  26-May-24 11:08 0659  OZ5W           599  599  913                    2   7031.6
 40CW  26-May-24 11:09 0660  DM1BM          599  599  018           DM1      1   7032.3
 20CW  26-May-24 11:11 0661  LZ5R           599  599  3685                   1  14001.0
 20CW  26-May-24 11:12 0662  IO6A           599  599  1739                   1  14005.6
 20CW  26-May-24 11:14 0663  EA2GR          599  599  272                    1  14007.5
 20CW  26-May-24 11:16 0664  LY2MM          599  599  1516                   1  14011.8
 20CW  26-May-24 11:17 0665  WK5T           599  599  3247                   3  14013.0
 20CW  26-May-24 11:20 0666  SP1NY          599  599  1628                   1  14013.7
 20CW  26-May-24 11:23 0667  HB4FG          599  599  2312          HB4      1  14014.8
 20CW  26-May-24 11:23 0668  N3RD           599  599  992                    3  14016.5
 20CW  26-May-24 11:24 0669  LY4A           599  599  2958                   1  14016.9
 20CW  26-May-24 11:25 0670  DQ2C           599  599  1911          DQ2      1  14017.2
 20CW  26-May-24 11:26 0671  OL3Z           599  599  1849                   1  14017.6
 20CW  26-May-24 11:30 0672  IV3UHL         599  599  854                    1  14018.1
 20CW  26-May-24 11:32 0673  IK1PMR         599  599  1561                   1  14020.5
 20CW  26-May-24 11:48 0674  OI3V           599  599  2315                   1  14026.7
 20CW  26-May-24 11:50 0675  US7IM          599  599  518                    1  14027.9
 20CW  26-May-24 11:54 0676  VA3SB          599  599  530           VA3      3  14029.2
 20CW  26-May-24 11:54 0677  ED7W           599  599  2208                   1  14031.0
 20CW  26-May-24 11:55 0678  CR3DX          599  599  1866                   3  14033.1
 20CW  26-May-24 11:56 0679  IO3F           599  599  693                    1  14033.8
 20CW  26-May-24 11:57 0680  OM7K           599  599  1706                   1  14035.5
 20CW  26-May-24 11:58 0681  EF8R           599  599  2402                   3  14038.0
 20CW  26-May-24 12:03 0682  SO0N           599  599  174           SO0      1  14040.8
 20CW  26-May-24 12:04 0683  UA0D           599  599  738           UA0      3  14041.2
 20CW  26-May-24 12:04 0684  YL5T           599  599  077           YL5      1  14042.2
 20CW  26-May-24 12:06 0685  NH7T           599  599  1672          NH7      3  14043.0
 20CW  26-May-24 12:08 0686  K1TR           599  599  1018                   3  14046.5
 20CW  26-May-24 12:09 0687  M3AWD          599  599  906           M3       1  14047.5
 20CW  26-May-24 12:12 0688  IZ3NYG         599  599  1035          IZ3      1  14048.1
 20CW  26-May-24 12:13 0689  SK0QO          599  599  1215          SK0      1  14049.0
 20CW  26-May-24 12:17 0690  OK7AW          599  599  832                    1  14056.0
 20CW  26-May-24 12:17 0691  M8A            599  599  078           M8       1  14057.2
 20CW  26-May-24 12:22 0692  OH2PQ          599  599  1368                   1  14060.8
 20CW  26-May-24 12:23 0693  M5G            599  599  462                    1  14063.4
 20CW  26-May-24 12:30 0694  9A7A           599  599  4076                   1  14007.0
 20CW  26-May-24 12:30 0695  WT2J           599  599  1337                   3  14007.4
 20CW  26-May-24 12:31 0696  KB4DX          599  599  1197          KB4      3  14008.5
 20CW  26-May-24 12:33 0697  LZ1DQ          599  599  1176                   1  14011.1
 20CW  26-May-24 12:36 0698  LZ55ZF         599  599  502           LZ55     1  14015.6
 20CW  26-May-24 12:37 0699  TF3W           599  599  1798          TF3      1  14017.8
 20CW  26-May-24 12:38 0700  MM1E           599  599  322           MM1      1  14022.5
 20CW  26-May-24 12:40 0701  MM9I           599  599  2380          MM9      1  14028.3
 20CW  26-May-24 14:06 0702  RU0LL          599  599  1220          RU0      3  14032.0
 20CW  26-May-24 14:07 0703  RA9P           599  599  2385                   3  14033.2
 20CW  26-May-24 14:08 0704  EF1A           599  599  1908          EF1      1  14034.1
 20CW  26-May-24 14:09 0705  UA3YFL         599  599  256           UA3      1  14035.0
 20CW  26-May-24 14:10 0706  HA8TA          599  599  1616                   1  14036.8
 20CW  26-May-24 14:11 0707  OH0Z           599  599  309                    1  14038.6
 20CW  26-May-24 14:12 0708  G4IIY          599  599  1315                   1  14039.1
 20CW  26-May-24 14:13 0709  YR8D           599  599  4043                   1  14042.4
 20CW  26-May-24 14:14 0710  UX1VX          599  599  629           UX1      1  14042.9
 20CW  26-May-24 14:19 0711  LZ5EE          599  599  1458                   1  14047.7
 20CW  26-May-24 14:22 0712  OH7KBF         599  599  465           OH7      1  14052.0
 20CW  26-May-24 14:27 0713  JA1ZGO         599  599  1094          JA1      3  14052.5
 20CW  26-May-24 14:28 0714  EI4II          599  599  253           EI4      1  14053.4
 20CW  26-May-24 14:29 0715  EA3AR          599  599  832                    1  14054.0
 20CW  26-May-24 14:35 0716  IT9RGY         599  599  488           IT9      1  14059.1
 20CW  26-May-24 14:36 0717  R9GM           599  599  462                    1  14059.9
 20CW  26-May-24 14:36 0718  UA7K           599  599  2660                   1  14061.1
 20CW  26-May-24 14:38 0719  UA1ANA         599  599  406           UA1      1  14064.8
 20CW  26-May-24 14:40 0720  UN4Q           599  599  2180                   3  14057.2
 20CW  26-May-24 14:41 0721  R8CT           599  599  1914                   3  14057.2
 20CW  26-May-24 14:41 0722  RA3U           599  599  152           RA3      1  14057.2
 20CW  26-May-24 14:41 0723  UP2L           599  599  5078                   3  14057.2
 20CW  26-May-24 14:42 0724  SE4E           599  599  1248          SE4      1  14057.2
 20CW  26-May-24 14:43 0725  UZ7T           599  599  1105          UZ7      1  14057.2
 20CW  26-May-24 14:43 0726  LZ2MP          599  599  658           LZ2      1  14057.2
 20CW  26-May-24 14:44 0727  SP2GMA         599  599  803                    1  14057.2
 20CW  26-May-24 14:47 0728  IW2FUT         599  599  359           IW2      1  14057.2
 20CW  26-May-24 14:49 0729  OH5ZA          599  599  135                    1  14057.2
 20CW  26-May-24 14:49 0730  OE5ARN         599  599  329                    1  14057.2
 20CW  26-May-24 14:50 0731  RZ3F           599  599  209           RZ3      1  14057.2
 20CW  26-May-24 14:51 0732  UT4LW          599  599  1743          UT4      1  14057.2
 20CW  26-May-24 14:53 0733  LY3CY          599  599  683           LY3      1  14057.2
 20CW  26-May-24 14:53 0734  UY5QJ          599  599  549           UY5      1  14057.2
 20CW  26-May-24 14:54 0735  UT5R           599  599  1039                   1  14057.2
 20CW  26-May-24 15:04 0736  EW8DX          599  599  1761                   1  14046.7
 20CW  26-May-24 15:04 0737  LY4R           599  599  400                    1  14046.7
 20CW  26-May-24 15:05 0738  SV2SIF         599  599  110                    1  14046.7
 20CW  26-May-24 15:06 0739  UA3R           599  599  308                    1  14046.7
 20CW  26-May-24 15:07 0740  GX4GA          599  599  1639          GX4      1  14046.7
 20CW  26-May-24 15:08 0741  HA3NU          599  599  1433                   1  14046.7
 20CW  26-May-24 15:08 0742  RG2A           599  599  1741                   0  14046.7
 20CW  26-May-24 15:09 0743  UW1M           599  599  3426                   1  14046.7
 20CW  26-May-24 15:10 0744  RL3A           599  599  4420                   1  14046.7
 20CW  26-May-24 15:10 0745  UN2E           599  599  425           UN2      3  14046.7
 20CW  26-May-24 15:11 0746  RC9T           599  599  696                    3  14046.7
 20CW  26-May-24 15:13 0747  UT7NI          599  599  906           UT7      1  14046.7
 20CW  26-May-24 15:16 0748  RN4HAB         599  599  652           RN4      1  14046.7
 20CW  26-May-24 15:20 0749  OG2N           599  599  243           OG2      1  14046.7
 20CW  26-May-24 15:21 0750  YL2EA          599  599  275                    1  14046.7
 20CW  26-May-24 15:23 0751  UR5WX          599  599  586                    1  14046.7
 20CW  26-May-24 15:23 0752  DK1FT          599  599  529                    1  14046.7
 20CW  26-May-24 15:24 0753  UT3UV          599  599  379                    1  14046.7
 20CW  26-May-24 15:26 0754  UA9D           599  599  605           UA9      3  14046.7
 20CW  26-May-24 15:27 0755  LY3AB          599  599  628                    1  14046.7
 20CW  26-May-24 15:30 0756  9A3YT          599  599  625                    0  14046.7
 20CW  26-May-24 15:32 0757  S51YI          599  599  1634                   1  14046.7
 20CW  26-May-24 15:32 0758  UR8RF          599  599  1004          UR8      1  14046.7
 20CW  26-May-24 15:33 0759  YL5W           599  599  1006                   1  14046.7
 20CW  26-May-24 15:33 0760  YO4CAH         599  599  821                    1  14046.7
 20CW  26-May-24 15:34 0761  SV1AJO         599  599  530                    1  14046.7
 20CW  26-May-24 15:35 0762  YO4AAC         599  599  419                    1  14046.7
 20CW  26-May-24 15:36 0763  EA4CWW         599  599  264                    1  14046.7
 20CW  26-May-24 15:36 0764  OE3RLV         599  599  071           OE3      1  14046.7
 20CW  26-May-24 15:37 0765  R1FB           599  599  568                    1  14046.7
 20CW  26-May-24 15:38 0766  SM5IMO         599  599  944           SM5      1  14046.7
 20CW  26-May-24 15:39 0767  UR7VA          599  599  120                    1  14046.7
 20CW  26-May-24 15:41 0768  SM6CNN         599  599  574                    1  14046.6
 20CW  26-May-24 15:42 0769  Z35W           599  599  956                    1  14046.6
 20CW  26-May-24 15:44 0770  EW2ES          599  599  727           EW2      1  14046.6
 20CW  26-May-24 15:44 0771  LY5I           599  599  746           LY5      1  14046.6
 20CW  26-May-24 15:46 0772  RA1TU          599  599  515           RA1      1  14046.6
 20CW  26-May-24 15:47 0773  RA9AP          599  599  1121                   3  14046.6
 20CW  26-May-24 15:48 0774  SD6M           599  599  580           SD6      1  14046.6
 10CW  26-May-24 15:52 0775  IO5X           599  599  405           IO5      1  28004.9
 10CW  26-May-24 15:53 0776  CR3DX          599  599  1252                   3  28010.7
 10CW  26-May-24 15:54 0777  PX2A           599  599  1696          PX2      3  28018.5
 10CW  26-May-24 15:55 0778  VE3EJ          599  599  2831                   3  28020.7
 10CW  26-May-24 15:56 0779  EF6T           599  599  3539                   1  28022.9
 10CW  26-May-24 15:58 0780  D4Z            599  599  4046                   3  28031.9
 10CW  26-May-24 15:59 0781  CR6K           599  599  3779          CR6      1  28033.3
 10CW  26-May-24 16:01 0782  EA3D           599  599  081                    1  28043.0
 10CW  26-May-24 16:02 0783  YT8A           599  599  2230                   1  28044.5
 10CW  26-May-24 16:02 0784  PY5FB          599  599  1053          PY5      3  28050.0
 10CW  26-May-24 16:03 0785  XR2K           599  599  866           XR2      3  28056.0
 10CW  26-May-24 16:04 0786  EF8R           599  599  2594                   3  28051.0
 10CW  26-May-24 16:07 0787  AC0W           599  599  1381                   3  28011.2
 15CW  26-May-24 16:22 0788  W0AAE          599  599  1782          W0       3  21038.3
 15CW  26-May-24 16:23 0789  OE3G           599  599  1882                   1  21035.2
 15CW  26-May-24 16:24 0790  IP4E           599  599  624           IP4      1  21034.5
 15CW  26-May-24 16:24 0791  K1TZQ          599  599  678                    3  21034.2
 15CW  26-May-24 16:25 0792  EF1A           599  599  2187                   1  21032.8
 15CW  26-May-24 16:27 0793  LZ9W           599  599  2188                   1  21032.0
 15CW  26-May-24 16:28 0794  BA7MT          599  599  1709          BA7      3  21031.3
 15CW  26-May-24 16:29 0795  SP5CNA         599  599  1273                   1  21029.2
 15CW  26-May-24 16:30 0796  K1ZZ           599  599  2633                   3  21026.7
 15CW  26-May-24 16:31 0797  KF3DI          599  599  1241                   3  21026.2
 15CW  26-May-24 16:32 0798  OK5Z           599  599  3136          OK5      1  21025.9
 15CW  26-May-24 16:34 0799  IO0A           599  599  1721          IO0      1  21024.1
 15CW  26-May-24 16:37 0800  HA8M           599  599  278                    1  21020.7
 15CW  26-May-24 16:38 0801  EA2W           599  599  3242                   1  21020.3
 15CW  26-May-24 16:40 0802  WZ7F           599  599  1380          WZ7      3  21019.4
 15CW  26-May-24 16:47 0803  EF3T           599  599  1302                   1  21014.2
 15CW  26-May-24 16:48 0804  NR7DX          599  599  3084          NR7      3  21013.3
 15CW  26-May-24 16:49 0805  UA9MA          599  599  675                    3  21013.0
 15CW  26-May-24 16:54 0806  KU2M           599  599  1340          KU2      3  21006.0
 15CW  26-May-24 17:05 0807  UA9D           599  599  653                    3  21022.9
 15CW  26-May-24 17:05 0808  AA3S           599  599  424                    3  21022.9
 15CW  26-May-24 17:06 0809  S57WO          599  599  357                    1  21022.9
 15CW  26-May-24 17:07 0810  YO2NAA         599  599  940           YO2      1  21022.9
 15CW  26-May-24 17:12 0811  KQ4R           599  599  234           KQ4      3  21022.9
 15CW  26-May-24 17:14 0812  F5SGI          599  599  871                    1  21022.9
 15CW  26-May-24 17:16 0813  N3QE           599  599  2372                   3  21022.9
 15CW  26-May-24 17:17 0814  N6HK           599  599  112           N6       3  21022.9
 15CW  26-May-24 17:18 0815  KN7NV          599  599  687           KN7      3  21022.9
 15CW  26-May-24 17:21 0816  KV4DX          599  599  770           KV4      3  21022.9
 15CW  26-May-24 17:21 0817  9A5D           599  599  2320                   0  21022.9
 15CW  26-May-24 17:24 0818  YT9W           599  599  1287                   1  21022.9
 15CW  26-May-24 17:25 0819  KE2D           599  599  662           KE2      3  21022.9
 15CW  26-May-24 17:26 0820  K3AU           599  599  728                    3  21022.9
 15CW  26-May-24 17:28 0821  N7AT           599  599  2124                   3  21022.9
 15CW  26-May-24 17:28 0822  N5YT           599  599  630           N5       3  21022.9
 15CW  26-May-24 17:30 0823  SP3CYY         599  599  942                    1  21022.9
 15CW  26-May-24 17:32 0824  K3MD           599  599  860                    3  21022.9
 15CW  26-May-24 17:32 0825  N7EPD          599  599  606                    3  21022.9
 15CW  26-May-24 17:36 0826  N6AR           599  599  1393                   3  21022.9
 15CW  26-May-24 17:39 0827  R8TT           599  599  2201                   3  21022.9
 15CW  26-May-24 17:40 0828  AK1MD          599  599  1434                   3  21022.9
 10CW  26-May-24 17:44 0829  PY3TD          599  599  721           PY3      3  28003.6
 10CW  26-May-24 17:47 0830  PW2F           599  599  3081                   3  28049.5
 10CW  26-May-24 17:48 0831  LU7HN          599  599  831           LU7      3  28050.5
 10CW  26-May-24 17:50 0832  YO9HP          599  599  1465          YO9      1  28052.6
 10CW  26-May-24 17:56 0833  PY2NY          599  599  1313                   3  28021.8
 10CW  26-May-24 17:58 0834  PY2EX          599  599  1031                   3  28062.1
 40CW  26-May-24 19:08 0835  F6FJE          599  599  329                    2   7044.8
 40CW  26-May-24 19:08 0836  GM2S           599  599  485           GM2      2   7044.8
 40CW  26-May-24 19:10 0837  DM100FK        599  599  1417          DM100    1   7044.8
 40CW  26-May-24 19:12 0838  LC5P           599  599  504           LC5      2   7045.4
 80CW  26-May-24 19:13 0839  EU2F           599  599  1671          EU2      2   3547.7
 80CW  26-May-24 19:14 0840  DM100FK        599  599  1422                   1   3541.6
 80CW  26-May-24 19:15 0841  RG6G           599  599  3294                   2   3520.5
 80CW  26-May-24 19:16 0842  YT4T           599  599  702                    2   3519.7
 80CW  26-May-24 19:17 0843  SP9GFI         599  599  968           SP9      2   3519.0
 40CW  26-May-24 19:19 0844  II8K           599  599  4125                   2   7046.0
 40CW  26-May-24 19:20 0845  UW73X          599  599  1684                   2   7046.4
 40CW  26-May-24 19:21 0846  IT9BLB/IH9     599  599  782                    6   7046.9
 40CW  26-May-24 19:22 0847  G0MTN          599  599  2303          G0       2   7051.2
 40CW  26-May-24 19:22 0848  OG3B           599  599  841                    2   7043.5
 40CW  26-May-24 19:23 0849  DP4X           599  599  124           DP4      1   7042.7
 40CW  26-May-24 19:23 0850  IV3FPX         599  599  782                    2   7042.3
 40CW  26-May-24 19:27 0851  5Z4VJ          599  599  529           5Z4      6   7040.9
 40CW  26-May-24 19:45 0852  YT2RX          599  599  1549                   2   7040.5
 40CW  26-May-24 19:47 0853  MM1E           599  599  779                    2   7039.5
 40CW  26-May-24 19:48 0854  F4WEJ          599  599  1717                   2   7039.1
 40CW  26-May-24 19:48 0855  SP4Z           599  599  1986                   2   7038.7
 40CW  26-May-24 19:49 0856  CN3A           599  599  1350                   6   7037.9
 40CW  26-May-24 19:50 0857  SA6NIA         599  599  1271          SA6      2   7037.5
 40CW  26-May-24 19:50 0858  LY4T           599  599  158                    2   7037.0
 40CW  26-May-24 19:51 0859  Z39A           599  599  584           Z39      2   7035.5
 40CW  26-May-24 19:52 0860  OL6P           599  599  653           OL6      2   7035.1
 40CW  26-May-24 19:54 0861  II9P           599  599  997                    2   7034.9
 40CW  26-May-24 19:55 0862  OK1KKI         599  599  1433                   2   7034.4
 40CW  26-May-24 19:55 0863  PA3EWP         599  599  146                    2   7032.0
 40CW  26-May-24 19:56 0864  HA8A           599  599  576                    2   7031.3
 40CW  26-May-24 19:56 0865  LY4A           599  599  3539                   2   7030.5
 40CW  26-May-24 19:57 0866  E2X            599  599  1923                   6   7030.2
 40CW  26-May-24 19:57 0867  LY2J           599  599  1665                   2   7029.9
 40CW  26-May-24 19:57 0868  P35A           599  599  3114                   6   7029.6
 40CW  26-May-24 19:59 0869  YO5PBW         599  599  845                    2   7028.8
 40CW  26-May-24 20:01 0870  OK6Y           599  599  1364                   2   7027.3
 40CW  26-May-24 20:02 0871  ED5R           599  599  1525          ED5      2   7027.0
 40CW  26-May-24 20:02 0872  R8CT           599  599  2188                   6   7026.6
 40CW  26-May-24 20:03 0873  F8DFP          599  599  670                    2   7026.1
 40CW  26-May-24 20:04 0874  LZ8E           599  599  3098                   2   7025.3
 40CW  26-May-24 20:04 0875  R1MJ           599  599  445                    2   7025.0
 40CW  26-May-24 20:05 0876  II2Q           599  599  3508                   2   7024.7
 40CW  26-May-24 20:06 0877  HG8R           599  599  2986                   2   7024.3
 40CW  26-May-24 20:07 0878  DL3KWF         599  599  432           DL3      1   7023.8
 40CW  26-May-24 20:07 0879  CR3DX          599  599  1160                   6   7023.5
 40CW  26-May-24 20:08 0880  SM5CSS         599  599  907                    2   7023.1
 40CW  26-May-24 20:08 0881  DR5X           599  599  2511          DR5      1   7022.9
 40CW  26-May-24 20:09 0882  HG6N           599  599  4387                   2   7022.3
 40CW  26-May-24 20:12 0883  IZ0DHC         599  599  683           IZ0      2   7022.1
 40CW  26-May-24 20:12 0884  LY6O           599  599  1096                   2   7021.5
 40CW  26-May-24 20:13 0885  OM0WR          599  599  1049                   2   7020.1
 40CW  26-May-24 20:14 0886  DL6JF          599  599  216                    1   7019.7
 40CW  26-May-24 20:14 0887  TM7A           599  599  1009                   2   7019.5
 40CW  26-May-24 20:15 0888  PA7F           599  599  255           PA7      2   7018.7
 40CW  26-May-24 20:16 0889  RY6Y/4         599  599  841           RY4      2   7018.4
 40CW  26-May-24 20:17 0890  HB4FG          599  599  2664                   2   7018.0
 40CW  26-May-24 20:17 0891  EW1M           599  599  1591                   2   7017.4
 40CW  26-May-24 20:18 0892  UT2WW          599  599  275           UT2      2   7016.0
 40CW  26-May-24 20:19 0893  OM7M           599  599  926                    2   7015.2
 40CW  26-May-24 20:19 0894  IP3A           599  599  2394          IP3      2   7014.5
 40CW  26-May-24 20:21 0895  PE6A           599  599  438                    2   7013.2
 40CW  26-May-24 20:22 0896  F6KRK          599  599  088                    2   7013.8
 40CW  26-May-24 20:22 0897  GS7A           599  599  484           GS7      2   7013.1
 40CW  26-May-24 20:24 0898  RL3A           599  599  4801                   2   7012.7
 40CW  26-May-24 20:25 0899  PA2W           599  599  449           PA2      2   7012.3
 40CW  26-May-24 20:26 0900  LY4L           599  599  2243                   2   7011.6
 40CW  26-May-24 20:27 0901  C4W            599  599  1828          C4       6   7010.8
 40CW  26-May-24 20:27 0902  M0RYB          599  599  918           M0       2   7010.5
 40CW  26-May-24 20:28 0903  UW5U           599  599  659                    2   7010.0
 40CW  26-May-24 20:35 0904  LA3BO          599  599  1189                   2   7008.4
 40CW  26-May-24 20:36 0905  OM2VL          599  599  615                    2   7008.7
 40CW  26-May-24 20:37 0906  GM6XX          599  599  1951          GM6      2   7007.7
 40CW  26-May-24 20:37 0907  S57AL          599  599  2823                   2   7007.4
 40CW  26-May-24 20:38 0908  B1Z            599  599  2739                   6   7007.0
 40CW  26-May-24 20:39 0909  MM2T           599  599  1082          MM2      2   7006.7
 40CW  26-May-24 20:39 0910  LZ5R           599  599  4550                   2   7006.4
 40CW  26-May-24 20:43 0911  RU3A           599  599  2408                   2   7004.1
 40CW  26-May-24 20:45 0912  R8TT           599  599  2390                   6   7013.4
 40CW  26-May-24 20:47 0913  SM5DXR         599  599  355                    2   7020.5
 40CW  26-May-24 20:48 0914  YT1A           599  599  1487                   2   7020.5
 40CW  26-May-24 20:50 0915  YL4U           599  599  2909                   2   7020.5
 40CW  26-May-24 20:50 0916  RD4A           599  599  1381          RD4      2   7020.5
 40CW  26-May-24 20:51 0917  PB7TT          599  599  133           PB7      2   7020.5
 40CW  26-May-24 20:52 0918  YO8DOH         599  599  1950                   2   7020.5
 40CW  26-May-24 20:52 0919  SP1D           599  599  1567                   2   7020.5
 40CW  26-May-24 20:53 0920  II1P           599  599  1575          II1      2   7020.5
 40CW  26-May-24 20:53 0921  PA8MM          599  599  1416          PA8      2   7020.5
 40CW  26-May-24 20:53 0922  IP8A           599  599  1448          IP8      2   7020.5
 40CW  26-May-24 20:54 0923  G3OOU          599  599  100           G3       2   7020.5
 40CW  26-May-24 20:54 0924  OK3SN          599  599  801                    2   7020.5
 40CW  26-May-24 20:55 0925  EF3T           599  599  1493                   2   7020.5
 40CW  26-May-24 20:56 0926  DL8UKW         599  599  174                    1   7020.5
 40CW  26-May-24 20:57 0927  RA4Y           599  599  883           RA4      2   7020.5
 40CW  26-May-24 20:58 0928  OE5TXF         599  599  1096                   2   7020.5
 40CW  26-May-24 20:59 0929  IZ5AHB         599  599  369           IZ5      2   7020.5
 40CW  26-May-24 21:00 0930  M1X            599  599  1059          M1       2   7020.5
 40CW  26-May-24 21:00 0931  OL5Y           599  599  2012          OL5      2   7020.5
 40CW  26-May-24 21:01 0932  OK4X           599  599  665           OK4      2   7020.5
 40CW  26-May-24 21:01 0933  G4DDL          599  599  735                    2   7020.5
 40CW  26-May-24 21:02 0934  RM2U           599  599  1868                   2   7020.5
 40CW  26-May-24 21:03 0935  DG1EHM         599  599  048           DG1      1   7020.5
 40CW  26-May-24 21:03 0936  RO9O           599  599  3843                   6   7020.5
 40CW  26-May-24 21:05 0937  UT7NI          599  599  1205                   2   7020.5
 40CW  26-May-24 21:06 0938  YO4NF          599  599  2327                   2   7020.6
 40CW  26-May-24 21:08 0939  UW1M           599  599  3987                   2   7020.6
 40CW  26-May-24 21:08 0940  HA3DX          599  599  942                    2   7020.6
 40CW  26-May-24 21:09 0941  G4MDR          599  599  097                    2   7020.6
 40CW  26-May-24 21:09 0942  RM3F           599  599  2627                   2   7020.6
 40CW  26-May-24 21:10 0943  SP2LNW         599  599  716                    2   7020.6
 40CW  26-May-24 21:11 0944  DM6EE          599  599  1022          DM6      1   7020.6
 40CW  26-May-24 21:13 0945  UT2UB          599  599  1292                   2   7020.6
 40CW  26-May-24 21:14 0946  II2C           599  599  1575                   2   7020.6
 40CW  26-May-24 21:15 0947  UN4Q           599  599  2734                   6   7020.4
 40CW  26-May-24 21:15 0948  TA3D           599  599  1298          TA3      6   7020.4
 40CW  26-May-24 21:17 0949  LY7K           599  599  855                    2   7020.4
 40CW  26-May-24 21:20 0950  Z33F           599  599  1251          Z33      2   7020.4
 40CW  26-May-24 21:22 0951  ER4A           599  599  4756                   2   7020.4
 80CW  26-May-24 21:24 0952  DA3M           599  599  2272                   1   3527.4
 80CW  26-May-24 21:26 0953  OM5KM          599  599  436                    2   3527.0
 80CW  26-May-24 21:26 0954  OL5Y           599  599  2044                   2   3527.0
 80CW  26-May-24 21:26 0955  G6A            599  599  411           G6       2   3527.0
 80CW  26-May-24 21:27 0956  HA7RY          599  599  686                    2   3527.0
 80CW  26-May-24 21:28 0957  DK5WO          599  599  145           DK5      1   3527.0
 80CW  26-May-24 21:28 0958  M1X            599  599  1095                   2   3527.0
 80CW  26-May-24 21:29 0959  SN7O           599  599  1997                   2   3527.0
 80CW  26-May-24 21:30 0960  HA7UI          599  599  1902                   2   3527.0
 80CW  26-May-24 21:31 0961  GW0VSW         599  599  328           GW0      2   3527.0
 80CW  26-May-24 21:49 0962  MM9I           599  599  2878                   2   3505.1
 80CW  26-May-24 21:50 0963  HA4N           599  599  498                    2   3507.0
 80CW  26-May-24 21:52 0964  F6KRK          599  599  206                    2   3507.8
 80CW  26-May-24 21:53 0965  SP2R           599  599  2232                   2   3508.5
 80CW  26-May-24 21:54 0966  ER4A           599  599  4823                   2   3509.9
 80CW  26-May-24 21:55 0967  OH0V           599  599  2410                   2   3511.1
 80CW  26-May-24 21:56 0968  IU4JNR         599  599  179           IU4      2   3511.4
 80CW  26-May-24 21:58 0969  I3FIY          599  599  630           I3       2   3512.2
 80CW  26-May-24 21:59 0970  SP2FAP         599  599  783                    2   3512.6
 80CW  26-May-24 21:59 0971  E7DX           599  599  4027                   2   3513.0
 80CW  26-May-24 22:03 0972  MW4R           599  599  3875                   2   3515.0
 80CW  26-May-24 22:04 0973  ON5JT          599  599  1364          ON5      2   3515.8
 80CW  26-May-24 22:06 0974  OH2T           599  599  1603                   2   3516.9
 80CW  26-May-24 22:07 0975  LZ8A           599  599  1405                   2   3517.5
 80CW  26-May-24 22:08 0976  SX5R           599  599  3543                   2   3518.0
 80CW  26-May-24 22:09 0977  S53F           599  599  3192                   2   3519.0
 80CW  26-May-24 22:11 0978  OK1KKI         599  599  1539                   2   3519.7
 80CW  26-May-24 22:11 0979  OL7T           599  599  3076                   2   3520.2
 80CW  26-May-24 22:12 0980  OL6D           599  599  144                    2   3520.6
 80CW  26-May-24 22:13 0981  M7Q            599  599  1075          M7       2   3520.9
 80CW  26-May-24 22:15 0982  SP7JLH         599  599  977           SP7      2   3521.2
 80CW  26-May-24 22:15 0983  S51DX          599  599  1128                   2   3521.8
 80CW  26-May-24 22:16 0984  DQ2C           599  599  2576                   1   3522.9
 80CW  26-May-24 22:17 0985  DL2NBU         599  599  1082                   1   3523.1
 80CW  26-May-24 22:18 0986  S53M           599  599  374                    2   3523.9
 80CW  26-May-24 22:18 0987  LY7K           599  599  920                    2   3524.3
 80CW  26-May-24 22:23 0988  SP5CNA         599  599  1494                   2   3538.2
 80CW  26-May-24 22:26 0989  YO9HP          599  599  1856                   2   3541.3
 80CW  26-May-24 22:28 0990  OK7T           599  599  255                    2   3543.5
 80CW  26-May-24 22:29 0991  YU1A           599  599  542                    2   3543.8
 80CW  26-May-24 22:30 0992  S52KJ          599  599  1026                   2   3546.0
 80CW  26-May-24 22:31 0993  SN7Q           599  599  3278                   2   3546.5
 80CW  26-May-24 22:32 0994  OM6AL          599  599  925                    2   3547.4
 80CW  26-May-24 22:33 0995  CN3A           599  599  730                    6   3548.8
 80CW  26-May-24 22:35 0996  II8K           599  599  4367                   2   3549.5
 80CW  26-May-24 22:37 0997  F6EZV          599  599  1201                   2   3554.4
 80CW  26-May-24 22:38 0998  OK6Y           599  599  1445                   2   3557.6
 80CW  26-May-24 22:39 0999  LY4L           599  599  2421                   2   3558.7
 80CW  26-May-24 22:42 1000  DM9EE          599  599  075           DM9      1   3557.0
 80CW  26-May-24 22:44 1001  MM1E           599  599  1011                   2   3528.0
 80CW  26-May-24 22:47 1002  HG8R           599  599  3170                   2   3521.3
 80CW  26-May-24 22:50 1003  OP5T           599  599  1297          OP5      2   3517.4
 80CW  26-May-24 22:53 1004  E77EA          599  599  2176                   2   3512.0
 80CW  26-May-24 22:54 1005  SM2U           599  599  2314          SM2      2   3511.5
 80CW  26-May-24 22:54 1006  UT1WW          599  599  325           UT1      2   3509.5
 80CW  26-May-24 22:55 1007  M6T            599  599  3118          M6       2   3508.8
 80CW  26-May-24 22:55 1008  DH0GHU         599  599  1611          DH0      1   3504.5
 80CW  26-May-24 22:56 1009  YO4NF          599  599  2463                   2   3526.0
 80CW  26-May-24 22:57 1010  II2Q           599  599  3746                   2   3526.4
