 40CW  15-Jan-24 16:30 0001  DD5M           599  599  001           M        1   7032.6
 40CW  15-Jan-24 16:30 0002  OK1DEP         599  599  001           P        1   7032.4
 40CW  15-Jan-24 16:31 0003  OM5ZW          599  599  004           W        1   7031.4
 40CW  15-Jan-24 16:32 0004  DL6MHW         599  599  005                    1   7030.8
 40CW  15-Jan-24 16:32 0005  OK5D           599  599  008           D        1   7030.4
 40CW  15-Jan-24 16:33 0006  DH4GB          599  599  003           B        1   7029.8
 40CW  15-Jan-24 16:35 0007  SP2QG          599  599  010           G        1   7029.7
 40CW  15-Jan-24 16:36 0008  HB9BXE         599  599  017           E        1   7029.3
 40CW  15-Jan-24 16:37 0009  OM3ZU          599  599  008           U        1   7027.8
 40CW  15-Jan-24 16:38 0010  DF4ZL          599  599  014           L        1   7027.8
 40CW  15-Jan-24 16:38 0011  DL2YBG         599  599  009                    1   7027.8
 40CW  15-Jan-24 16:38 0012  OL8R           599  599  028           R        1   7027.8
 40CW  15-Jan-24 16:39 0013  DF1DT          599  599  017           T        1   7027.8
 40CW  15-Jan-24 16:40 0014  ON4EM          599  599  018                    1   7027.8
 40CW  15-Jan-24 16:40 0015  DM5I           599  599  024           I        1   7027.7
 40CW  15-Jan-24 16:41 0016  SM6IQD         599  599  011                    1   7027.7
 40CW  15-Jan-24 16:41 0017  DJ3WE          599  599  017                    1   7027.7
 40CW  15-Jan-24 16:42 0018  OK1NG          599  599  011                    1   7027.7
 40CW  15-Jan-24 16:42 0019  OK5M           599  599  021                    1   7027.7
 40CW  15-Jan-24 16:44 0020  HA5BA          599  599  015           A        1   7027.7
 40CW  15-Jan-24 16:44 0021  YL2TD          599  599  030                    1   7027.7
 40CW  15-Jan-24 16:45 0022  SN7J           599  599  017           J        1   7027.7
 40CW  15-Jan-24 16:45 0023  OK1OA          599  599  024                    1   7027.7
 40CW  15-Jan-24 16:46 0024  SP4TKR         599  599  026                    1   7027.7
 40CW  15-Jan-24 16:47 0025  OK1FKD         599  599  026                    1   7027.7
 40CW  15-Jan-24 16:47 0026  SP3VT          599  599  033                    1   7027.7
 40CW  15-Jan-24 16:48 0027  OK1FMX         599  599  027           X        1   7027.7
 40CW  15-Jan-24 16:48 0028  SM5TOG         599  599  011                    1   7027.7
 40CW  15-Jan-24 16:49 0029  DF8V           599  599  017           V        1   7027.7
 40CW  15-Jan-24 16:50 0030  DM7W           599  599  032                    1   7027.7
 40CW  15-Jan-24 16:50 0031  SM6M           599  599  043                    1   7027.7
 40CW  15-Jan-24 16:51 0032  R3GG           599  599  027                    1   7027.7
 40CW  15-Jan-24 16:52 0033  OK1ITK         599  599  015           K        1   7027.7
 40CW  15-Jan-24 16:52 0034  SM5IMO         599  599  041           O        1   7027.7
 40CW  15-Jan-24 16:53 0035  M4N            599  599  045           N        1   7027.7
 40CW  15-Jan-24 16:54 0036  IN3FHE         599  599  023                    1   7027.7
 40CW  15-Jan-24 16:55 0037  PA3DBS         599  599  039           S        1   7027.7
 40CW  15-Jan-24 16:55 0038  DM4IM          599  599  038                    1   7027.7
 40CW  15-Jan-24 16:56 0039  OK5SA          599  599  025                    1   7027.7
 40CW  15-Jan-24 16:56 0040  HA7MF          599  599  023           F        1   7027.7
 40CW  15-Jan-24 16:57 0041  OM3CPF         599  599  040                    1   7027.7
 40CW  15-Jan-24 16:57 0042  9A4BA          599  599  021                    1   7027.7
 40CW  15-Jan-24 16:58 0043  OK1JAX         599  599  058                    1   7027.7
 40CW  15-Jan-24 16:58 0044  PC4H           599  599  051           H        1   7027.7
 40CW  15-Jan-24 16:59 0045  SD6M           599  599  038                    1   7027.7
 40CW  15-Jan-24 16:59 0046  E77EA          599  599  051                    1   7027.7
 40CW  15-Jan-24 17:00 0047  DL7SX          599  599  016                    1   7027.7
 40CW  15-Jan-24 17:02 0048  S59CMW         599  599  017                    1   7027.7
 40CW  15-Jan-24 17:02 0049  OH5ZA          599  599  037                    1   7027.7
 40CW  15-Jan-24 17:02 0050  OE4EIE         599  599  022                    1   7027.7
 40CW  15-Jan-24 17:03 0051  PA3DZM         599  599  020                    1   7027.7
 40CW  15-Jan-24 17:04 0052  DK1KC          599  599  050           C        1   7027.7
 40CW  15-Jan-24 17:04 0053  SF6J           599  599  042                    1   7027.7
 40CW  15-Jan-24 17:06 0054  G4ZFE          599  599  036                    1   7027.7
 80CW  15-Jan-24 17:08 0055  DK3GI          599  599  010           I        1   3538.2
 80CW  15-Jan-24 17:09 0056  OM5KM          599  599  048           M        1   3538.2
 80CW  15-Jan-24 17:09 0057  OM5B           599  599  061           B        1   3538.2
 80CW  15-Jan-24 17:10 0058  SP3VT          599  599  067           T        1   3538.2
 80CW  15-Jan-24 17:10 0059  OM5AA          599  599  062           A        1   3538.2
 80CW  15-Jan-24 17:11 0060  OK1FRD         599  599  044                    1   3538.2
 80CW  15-Jan-24 17:11 0061  OK2WY          599  599  069           Y        1   3538.2
 80CW  15-Jan-24 17:12 0062  OK1AY          599  599  065                    1   3538.2
 80CW  15-Jan-24 17:12 0063  SF6J           599  599  051           J        1   3538.2
 80CW  15-Jan-24 17:13 0064  OK1FMX         599  599  074           X        1   3538.2
 80CW  15-Jan-24 17:13 0065  OL4W           599  599  066           W        1   3538.2
 80CW  15-Jan-24 17:14 0066  OK1NG          599  599  062           G        1   3538.2
 80CW  15-Jan-24 17:15 0067  OM5CM          599  599  067                    1   3538.2
 80CW  15-Jan-24 17:15 0068  DK3AX          599  599  035                    1   3538.2
 80CW  15-Jan-24 17:16 0069  DL1DWR         599  599  052           R        1   3538.2
 80CW  15-Jan-24 17:17 0070  SE5T           599  599  068                    1   3538.2
 80CW  15-Jan-24 17:18 0071  PA3DBS         599  599  060           S        1   3538.0
 80CW  15-Jan-24 17:19 0072  OL8R           599  599  133                    1   3538.0
 80CW  15-Jan-24 17:19 0073  SM6M           599  599  101                    1   3538.0
 80CW  15-Jan-24 17:21 0074  DF1DT          599  599  070                    1   3538.0
 80CW  15-Jan-24 17:21 0075  OM5AW          599  599  082                    1   3537.3
 80CW  15-Jan-24 17:22 0076  DL5YM          599  599  060                    1   3537.0
 80CW  15-Jan-24 17:22 0077  M7R            599  599  039                    1   3536.5
 80CW  15-Jan-24 17:24 0078  DL1NKS         599  599  114                    1   3536.0
 80CW  15-Jan-24 17:25 0079  OK2EA          599  599  096                    1   3535.3
 80CW  15-Jan-24 17:26 0080  LY7K           599  599  034           K        1   3534.8
 80CW  15-Jan-24 17:26 0081  OK1RZ          599  599  084           Z        1   3534.5
 80CW  15-Jan-24 17:27 0082  SO3O           599  599  074           O        1   3534.0
 80CW  15-Jan-24 17:27 0083  DJ3WE          599  599  078           E        1   3533.8
 80CW  15-Jan-24 17:28 0084  OM2KI          599  599  122                    1   3533.6
