 15CW  15-Jun-24 18:36 0001  UA9LAO         599  599  60            UA9      1  21031.2
 15CW  15-Jun-24 18:37 0002  JF2QNM         599  599  60            JA       1  21046.2
 15CW  15-Jun-24 18:38 0003  VU2FGQ         599  599  37            VU       1  21010.4
 15CW  15-Jun-24 18:41 0004  JE6RWM         599  599  58                     1  21009.6
 15CW  15-Jun-24 18:41 0005  JJ2YRE         599  599  68                     1  21005.3
 20CW  15-Jun-24 18:45 0006  JA1BJI         599  599  60            JA       1  14004.3
 20CW  15-Jun-24 19:34 0007  JE1LFX         599  599  64                     1  14005.6
 20CW  15-Jun-24 19:40 0008  BA8CY          599  599  55            BY       1  14010.0
 20CW  15-Jun-24 19:41 0009  BY4DX          599  599  45                     1  14016.3
 20CW  15-Jun-24 19:44 0010  JG6JAV         599  599  65                     1  14017.5
 20CW  15-Jun-24 19:50 0011  9N7AA          599  599  62            9N       1  14030.5
 20CW  15-Jun-24 19:53 0012  JH1GEX         599  599  60                     1  14035.0
 20CW  15-Jun-24 20:01 0013  JF2QNM         599  599  60                     1  14047.6
 20CW  15-Jun-24 20:09 0014  JH4UTP         599  599  62                     1  14051.1
 20CW  15-Jun-24 20:13 0015  JR1YRI         599  599  53                     1  14056.0
 20CW  15-Jun-24 20:16 0016  JR4DAH         599  599  60                     1  14060.0
 20CW  15-Jun-24 20:18 0017  9W2VGR         599  599  40            9M2      1  14064.1
 20CW  15-Jun-24 20:22 0018  HS8NKB         599  599  44            HS       1  14065.3
 20CW  15-Jun-24 20:23 0019  JH8YOH         599  599  56                     1  14001.9
 20CW  15-Jun-24 20:23 0020  JE6RPM         599  599  58                     1  14003.4
 20CW  15-Jun-24 20:26 0021  V85RH          599  599  57            V8       1  14013.0
 15CW  15-Jun-24 20:33 0022  JR6CSY         599  599  64                     1  21018.0
 15CW  15-Jun-24 20:41 0023  JH1GEX         599  599  60                     1  21025.7
 15CW  15-Jun-24 20:42 0024  JN4MMO         599  599  63                     1  21029.1
 15CW  15-Jun-24 20:45 0025  JK1YMM         599  599  61                     1  21030.7
 15CW  15-Jun-24 20:46 0026  JA1PNA         599  599  77                     1  21035.0
 15CW  15-Jun-24 20:49 0027  9W2VGR         599  599  40            9M2      1  21037.0
 15CW  15-Jun-24 20:50 0028  JG3SVP         599  599  61                     1  21042.4
 15CW  15-Jun-24 20:51 0029  JA3YBK         599  599  58                     1  21043.9
 15CW  15-Jun-24 20:53 0030  JR4OZR         599  599  72                     1  21051.0
 15CW  15-Jun-24 20:59 0031  JE6RPM         599  599  58                     1  21005.3
 15CW  15-Jun-24 21:00 0032  JA6BZI         599  599  79                     1  21016.2
 15CW  15-Jun-24 21:02 0033  JH4UYB         599  599  59                     1  21019.6
 15CW  15-Jun-24 21:03 0034  JF3BFS         599  599  64                     1  21024.3
 15CW  15-Jun-24 21:07 0035  JR3RIU         599  599  64                     1  21032.8
 20CW  15-Jun-24 21:34 0036  DS1TUW         599  599  27            HL       1  14003.7
 20CW  15-Jun-24 21:38 0037  R8TT           599  599  60            UA9      1  14018.0
 20CW  15-Jun-24 21:39 0038  BA4TB          599  599  52                     1  14019.3
 20CW  15-Jun-24 21:43 0039  JA6BZI         599  599  79                     1  14027.5
 20CW  15-Jun-24 21:45 0040  RW0AJ          599  599  66                     1  14030.8
 20CW  16-Jun-24 09:30 0041  UN9GD          599  599  64            UN       1  14029.0
 15CW  16-Jun-24 09:37 0042  BG3GRU         599  599  46            BY       1  21000.3
 15CW  16-Jun-24 09:40 0043  P3X            599  599  50            5B       1  21012.0
 15CW  16-Jun-24 09:44 0044  JA2PFO         599  599  72                     1  21012.4
 15CW  16-Jun-24 09:47 0045  BD4VGZ         599  599  21                     1  21017.5
 15CW  16-Jun-24 09:54 0046  JF5SIM         599  599  46                     1  21022.0
 15CW  16-Jun-24 09:54 0047  RT0O           599  599  68                     1  21026.0
 15CW  16-Jun-24 09:57 0048  BY4SZ          599  599  34                     1  21028.5
 15CW  16-Jun-24 10:02 0049  RU0LL          599  599  58                     1  21030.0
 15CW  16-Jun-24 10:02 0050  UA9BA          599  599  66                     1  21033.2
 10CW  16-Jun-24 10:11 0051  P3X            599  599  50            5B       1  28011.0
 10CW  16-Jun-24 10:55 0052  R8TT           599  599  60            UA9      1  28017.0
 15CW  16-Jun-24 11:26 0053  BA8CY          599  599  55                     1  21009.2
 15CW  16-Jun-24 11:26 0054  UP5B           599  599  37            UN       1  21012.2
 15CW  16-Jun-24 11:27 0055  RA9AP          599  599  69                     1  21014.9
 15CW  16-Jun-24 11:29 0056  4K6FO          599  599  59            4J       1  21018.5
 15CW  16-Jun-24 11:31 0057  JA3KGF         599  599  75                     1  21021.0
 15CW  16-Jun-24 12:53 0058  JH4UTP         599  599  62                     1  21012.9
 15CW  16-Jun-24 12:58 0059  UN7QF          599  599  78                     1  21004.0
 15CW  16-Jun-24 13:03 0060  JH6WDG         599  599  65                     1  21022.0
 20CW  16-Jun-24 13:29 0061  JA0FVU         599  599  68                     1  14006.3
 20CW  16-Jun-24 13:36 0062  RT0O           599  599  68                     1  14019.0
 20CW  16-Jun-24 19:12 0063  BY4SZ          599  599  34                     1  14030.3
 20CW  16-Jun-24 19:13 0064  UN4Q           599  599  43                     1  14025.3
 20CW  16-Jun-24 19:14 0065  BG0DLA         599  599  37                     1  14023.3
 20CW  16-Jun-24 19:16 0066  BA5CW          599  599  56                     1  14020.5
 20CW  16-Jun-24 19:21 0067  P3X            599  599  50            5B       1  14011.6
 20CW  16-Jun-24 19:23 0068  HL2BQG         599  599  63                     1  14010.0
 20CW  16-Jun-24 19:25 0069  BD3TE          599  599  51                     1  14002.3
 20CW  16-Jun-24 19:32 0070  A71WW          599  599  48            A7       1  14047.0
 20CW  16-Jun-24 19:42 0071  E2A            599  599  47                     1  14038.8
 20CW  16-Jun-24 19:44 0072  JH7QXJ         599  599  63                     1  14036.5
 20CW  16-Jun-24 19:50 0073  JA1PNA         599  599  77                     1  14035.8
 20CW  16-Jun-24 19:51 0074  4K6FO          599  599  59            4J       1  14032.5
 20CW  16-Jun-24 19:53 0075  RM9I           599  599  53                     1  14026.0
 20CW  16-Jun-24 19:56 0076  JN2AMD         599  599  66                     1  14025.0
 20CW  16-Jun-24 19:57 0077  JE5HTN         599  599  55                     1  14022.3
 20CW  16-Jun-24 20:03 0078  JA1ZGP         599  599  20                     1  14019.0
 20CW  16-Jun-24 20:05 0079  JE6WOQ         599  599  01                     1  14051.2
 20CW  16-Jun-24 20:11 0080  JA8FXO         599  599  70                     1  14050.5
 20CW  16-Jun-24 20:39 0081  BA3MM          599  599  49                     1  14037.6
 20CW  16-Jun-24 20:40 0082  JR3KQJ         599  599  68                     1  14040.5
 20CW  16-Jun-24 20:42 0083  JA1CTZ         599  599  61                     1  14041.1
