 10CW  06-Nov-24 19:00 0001  WG3J           599  599  Eric 2473     WG3J     1  28032.0
 15CW  06-Nov-24 19:05 0002  N3RD           599  599  Dave 232      N3RD     1  21030.6
 15CW  06-Nov-24 19:06 0003  N7NR           599  599  Dave 2927     N7NR     1  21029.5
 15CW  06-Nov-24 19:07 0004  K0EJ           599  599  Mark 2016     K0EJ     1  21028.5
 15CW  06-Nov-24 19:07 0005  N6NT           599  599  Bruce 3281    N6NT     1  21028.0
 15CW  06-Nov-24 19:07 0006  KM0O           599  599  Tony 1037     KM0O     1  21027.5
 15CW  06-Nov-24 19:08 0007  PA3AAV         599  599  Gert 2624     PA3AAV   1  21026.6
 15CW  06-Nov-24 19:09 0008  N8KH           599  599  Ken FL        N8KH     1  21025.5
 15CW  06-Nov-24 19:09 0009  K5GN           599  599  Dave 855      K5GN     1  21031.2
 15CW  06-Nov-24 19:11 0010  W8FJ           599  599  John 201      W8FJ     1  21032.4
 15CW  06-Nov-24 19:12 0011  VE3KI          599  599  Rich 783      VE3KI    1  21037.9
 15CW  06-Nov-24 19:13 0012  N3OC           599  599  Brian 2944    N3OC     1  21041.5
 15CW  06-Nov-24 19:14 0013  KR2Q           599  599  Doug 438      KR2Q     1  21039.7
 15CW  06-Nov-24 19:15 0014  N7US           599  599  Jim 486       N7US     1  21037.1
 20CW  06-Nov-24 19:16 0015  W1WEF          599  599  Jack 48       W1WEF    1  14030.1
 20CW  06-Nov-24 19:17 0016  N1LN           599  599  Bruce 1141    N1LN     1  14032.0
 20CW  06-Nov-24 19:18 0017  N3OC           599  599  Brian 2944             1  14037.0
 20CW  06-Nov-24 19:19 0018  K3ZA           599  599  Tony 2695     K3ZA     1  14043.5
 20CW  06-Nov-24 19:19 0019  VA2WA          599  599  Vic 2212      VA2WA    1  14045.9
 20CW  06-Nov-24 19:20 0020  K1DJ           599  599  Rich 1556     K1DJ     1  14046.4
 20CW  06-Nov-24 19:20 0021  DL1REM         599  599  Frank DL      DL1REM   1  14047.0
 20CW  06-Nov-24 19:21 0022  WT3K           599  599  Daryl 2355    WT3K     1  14049.2
 40CW  06-Nov-24 19:23 0023  LY2MM          599  599  AL 3532       LY2MM    1   7026.5
 40CW  06-Nov-24 19:24 0024  OZ3SM          599  599  Steve 2361    OZ3SM    1   7027.2
 40CW  06-Nov-24 19:24 0025  DR2C           599  599  ADAM DL       DR2C     1   7027.5
 40CW  06-Nov-24 19:25 0026  SM5ACQ         599  599  Don 1573      SM5ACQ   1   7028.1
 40CW  06-Nov-24 19:25 0027  RW1A           599  599  VLAD UA       RW1A     1   7028.8
 40CW  06-Nov-24 19:26 0028  SM7IUN         599  599  Bjorn 2101    SM7IUN   1   7029.5
 40CW  06-Nov-24 19:28 0029  OK1TRJ         599  599  MIKE 3589     OK1TRJ   1   7031.0
 40CW  06-Nov-24 19:28 0030  OH3BCX         599  599  Zaba 1856     OH3BCX   1   7031.0
 40CW  06-Nov-24 19:28 0031  MM0UMH         599  599  Les 3509      MM0UMH   1   7031.0
 40CW  06-Nov-24 19:29 0032  G4YTK          599  599  Steve 3449    G4YTK    1   7031.0
 40CW  06-Nov-24 19:30 0033  SD6F           599  599  Klas 2163     SD6F     1   7031.0
 40CW  06-Nov-24 19:30 0034  DL5XL          599  599  Felix 2268    DL5XL    1   7031.0
 40CW  06-Nov-24 19:30 0035  HA6NL          599  599  Laci 3400     HA6NL    1   7031.0
 40CW  06-Nov-24 19:31 0036  G4HSO          599  599  Peter G       G4HSO    1   7031.0
 40CW  06-Nov-24 19:31 0037  OK2JIQ         599  599  JIRI OK       OK2JIQ   1   7031.0
 40CW  06-Nov-24 19:32 0038  DD6CW/M        599  599  ARD 1890      DD6CW/M  1   7031.0
 40CW  06-Nov-24 19:32 0039  SP5LST         599  599  KOT 3549      SP5LST   1   7031.0
 40CW  06-Nov-24 19:33 0040  PA3DRL         599  599  WILL PA       PA3DRL   1   7031.0
 40CW  06-Nov-24 19:33 0041  I2WIJ          599  599  Bob 2406      I2WIJ    1   7031.0
 40CW  06-Nov-24 19:34 0042  M0SHM          599  599  Steve CWA     M0SHM    1   7031.0
 40CW  06-Nov-24 19:34 0043  OH2BN          599  599  Jarmo 135     OH2BN    1   7031.0
 40CW  06-Nov-24 19:36 0044  SE5T           599  599  Kare 3467     SE5T     1   7031.0
 40CW  06-Nov-24 19:37 0045  PA3AAV         599  599  Gert 2624              1   7031.0
 40CW  06-Nov-24 19:37 0046  G4HLN          599  599  Larry 3073    G4HLN    1   7031.0
 40CW  06-Nov-24 19:38 0047  M0XUU          599  599  Pan 2895      M0XUU    1   7031.0
 40CW  06-Nov-24 19:38 0048  SE4E           599  599  Lars 909      SE4E     1   7031.0
 40CW  06-Nov-24 19:39 0049  SN5J           599  599  Jan 2887      SN5J     1   7031.0
 40CW  06-Nov-24 19:40 0050  GM0EUL         599  599  Peter 1899    GM0EUL   1   7031.0
 40CW  06-Nov-24 19:41 0051  G4BUE          599  599  Chris 1294    G4BUE    1   7031.0
 40CW  06-Nov-24 19:42 0052  OK2NAJ         599  599  Jiri 2740     OK2NAJ   1   7031.0
 40CW  06-Nov-24 19:45 0053  OM3GI          599  599  Jozef OM      OM3GI    1   7027.6
 40CW  06-Nov-24 19:45 0054  E77EA          599  599  Dragan E7     E77EA    1   7027.2
 40CW  06-Nov-24 19:46 0055  9A/W3WM        599  599  WILL 3602     9A/W3WM  1   7025.4
 40CW  06-Nov-24 19:47 0056  SN5N           599  599  CHRIS SP      SN5N     1   7023.6
 40CW  06-Nov-24 19:48 0057  IK3VUT         599  599  Luca 3241     IK3VUT   1   7025.1
 40CW  06-Nov-24 19:49 0058  HS19IARU       599  599  IARU          HS19IARU 1   7024.5
 80CW  06-Nov-24 19:51 0059  LY2MM          599  599  AL 3532                1   3528.1
 80CW  06-Nov-24 19:51 0060  SM5ACQ         599  599  Don 1573               1   3529.0
 80CW  06-Nov-24 19:51 0061  SM6M           599  599  Peter 2663    SM6M     1   3529.7
 80CW  06-Nov-24 19:52 0062  SP5LST         599  599  KOT 3549               1   3530.5
 80CW  06-Nov-24 19:52 0063  PA3DBS         599  599  Peter 702     PA3DBS   1   3531.7
 80CW  06-Nov-24 19:53 0064  DR2C           599  599  ADAM DL                1   3532.5
 80CW  06-Nov-24 19:54 0065  SN5N           599  599  CHRIS SP               1   3532.8
 80CW  06-Nov-24 19:55 0066  SD6M           599  599  Per 1773      SD6M     1   3534.2
 80CW  06-Nov-24 19:56 0067  M0RYB          599  599  Peter 2061    M0RYB    1   3536.2
 80CW  06-Nov-24 19:56 0068  PA3AAV         599  599  Gert 2624              1   3535.0
 80CW  06-Nov-24 19:57 0069  OM3GI          599  599  Jozef OM               1   3533.6
 80CW  06-Nov-24 19:57 0070  ON7PQ          599  599  Pat 2365      ON7PQ    1   3531.2
 80CW  06-Nov-24 19:58 0071  DL5XL          599  599  Felix 2268             1   3530.2
 80CW  06-Nov-24 19:59 0072  DL6KVA         599  599  Axel 1678     DL6KVA   1   3528.6
