 40CW  08-Apr-24 16:30 0001  OM3ZU          599  599  001           OM       3   7036.2
 40CW  08-Apr-24 16:31 0002  DA3T           599  599  003           DL       2   7036.2
 40CW  08-Apr-24 16:31 0003  YL3FW          599  599  001           YL       3   7036.2
 40CW  08-Apr-24 16:32 0004  OK2NAJ         599  599  003           OK       3   7036.2
 40CW  08-Apr-24 16:32 0005  HA5BA          599  599  002           HA       3   7036.2
 40CW  08-Apr-24 16:32 0006  OK2SFP         599  599  003                    3   7036.2
 40CW  08-Apr-24 16:34 0007  OZ7BQ          599  599  006           OZ       3   7036.2
 40CW  08-Apr-24 16:34 0008  S52W           599  599  007           S5       3   7036.2
 40CW  08-Apr-24 16:34 0009  DM7W           599  599  009                    2   7036.2
 40CW  08-Apr-24 16:35 0010  M7R            599  599  007           G        3   7036.2
 40CW  08-Apr-24 16:36 0011  DL6MHW         599  599  008                    2   7036.2
 40CW  08-Apr-24 16:36 0012  OK1OA          599  599  011                    3   7036.2
 40CW  08-Apr-24 16:38 0013  OK1DZD         599  599  004                    3   7036.2
 40CW  08-Apr-24 16:38 0014  OK2NO          599  599  020                    3   7036.2
 40CW  08-Apr-24 16:39 0015  OK5SA          599  599  006                    3   7036.2
 40CW  08-Apr-24 16:39 0016  PC4H           599  599  007           PA       3   7036.2
 40CW  08-Apr-24 16:40 0017  RX3Q           599  599  017           UA       3   7036.2
 40CW  08-Apr-24 16:41 0018  DL2NBY         599  599  016                    2   7036.2
 40CW  08-Apr-24 16:42 0019  OK2BFN         599  599  023                    3   7036.2
 40CW  08-Apr-24 16:43 0020  IN3FHE         599  599  018           I        3   7036.2
 40CW  08-Apr-24 16:44 0021  OK1AMX         599  599  022                    3   7036.2
 40CW  08-Apr-24 16:44 0022  SM5ACQ         599  599  013           SM       3   7036.2
 40CW  08-Apr-24 16:45 0023  G0TRT          599  599  016                    3   7036.2
 40CW  08-Apr-24 16:45 0024  SP2HHX         599  599  003           SP       3   7036.2
 40CW  08-Apr-24 16:46 0025  DJ9MH          599  599  028                    2   7036.2
 40CW  08-Apr-24 16:46 0026  OK1TD          599  599  023                    3   7036.2
 40CW  08-Apr-24 16:46 0027  OG6B           599  599  026           OH       3   7036.2
 40CW  08-Apr-24 16:46 0028  HA6NL          599  599  049                    3   7036.2
 40CW  08-Apr-24 16:47 0029  OK1WSL         599  599  017                    3   7036.2
 40CW  08-Apr-24 16:48 0030  PA/DL3IAS      599  599  009                    3   7036.2
 40CW  08-Apr-24 16:49 0031  OK1DSZ         599  599  042                    3   7036.2
 40CW  08-Apr-24 16:49 0032  DJ5AS          599  599  013                    2   7036.2
 40CW  08-Apr-24 16:50 0033  OK1FKD         599  599  028                    3   7036.2
 40CW  08-Apr-24 16:50 0034  DM6EE          599  599  039                    2   7036.2
 40CW  08-Apr-24 16:51 0035  HB9BXE         599  599  038           HB       3   7036.2
 40CW  08-Apr-24 16:51 0036  DJ3WE          599  599  033                    2   7036.2
 40CW  08-Apr-24 16:51 0037  SP8BXL         599  599  025                    3   7036.2
 40CW  08-Apr-24 16:52 0038  DL8QS          599  599  042                    2   7036.2
 40CW  08-Apr-24 16:52 0039  SP2XX          599  599  037                    3   7036.2
 40CW  08-Apr-24 16:53 0040  SD6M           599  599  032                    3   7036.2
 40CW  08-Apr-24 16:53 0041  DK5DQ          599  599  041                    2   7036.2
 40CW  08-Apr-24 16:54 0042  HA1YA          599  599  054                    3   7036.2
 40CW  08-Apr-24 16:54 0043  OM4AGW         599  599  015                    3   7036.2
 40CW  08-Apr-24 16:55 0044  HG5E           599  599  077                    3   7036.2
 40CW  08-Apr-24 16:56 0045  SP3VT          599  599  053                    3   7036.2
 40CW  08-Apr-24 16:57 0046  YL2TD          599  599  048                    3   7036.2
 40CW  08-Apr-24 16:58 0047  OL4W           599  599  049                    3   7036.2
 40CW  08-Apr-24 16:59 0048  DF8TY          599  599  014                    2   7036.2
 40CW  08-Apr-24 17:00 0049  OK2WY          599  599  058                    3   7036.2
 40CW  08-Apr-24 17:01 0050  DL1NKS         599  599  059                    2   7035.7
 40CW  08-Apr-24 17:01 0051  HA5OV          599  599  055                    3   7034.3
 40CW  08-Apr-24 17:02 0052  I2CZQ          599  599  025                    3   7033.4
 40CW  08-Apr-24 17:03 0053  OK2EA          599  599  059                    3   7030.9
 40CW  08-Apr-24 17:04 0054  OL1WARD        599  599  063                    3   7030.5
 40CW  08-Apr-24 17:05 0055  DJ4MX          599  599  082                    2   7030.1
 40CW  08-Apr-24 17:06 0056  OK1FHI         599  599  008                    3   7029.5
 40CW  08-Apr-24 17:06 0057  SE0B           599  599  078                    3   7028.7
 40CW  08-Apr-24 17:07 0058  SP2KAC         599  599  043                    3   7028.4
 40CW  08-Apr-24 17:08 0059  PA2A           599  599  066                    3   7027.5
 40CW  08-Apr-24 17:10 0060  SM5DXR         599  599  047                    3   7027.0
 40CW  08-Apr-24 17:10 0061  DJ1OJ          599  599  058                    2   7026.1
 40CW  08-Apr-24 17:10 0062  DL5YM          599  599  080                    2   7025.2
 40CW  08-Apr-24 17:11 0063  DJ4WT          599  599  058                    2   7024.1
 40CW  08-Apr-24 17:12 0064  PA3ARM         599  599  069                    3   7022.2
 40CW  08-Apr-24 17:12 0065  SD1A           599  599  065                    3   7021.9
 40CW  08-Apr-24 17:13 0066  SP4TKR         599  599  084                    3   7021.2
 40CW  08-Apr-24 17:14 0067  PA3AAV         599  599  053                    3   7020.9
 40CW  08-Apr-24 17:14 0068  ON4EM          599  599  064           ON       3   7020.0
 40CW  08-Apr-24 17:15 0069  OK1RZ          599  599  085                    3   7017.9
 40CW  08-Apr-24 17:16 0070  R3GG           599  599  053                    3   7016.6
 40CW  08-Apr-24 17:17 0071  OK1NU          599  599  043                    3   7042.2
 40CW  08-Apr-24 17:18 0072  SN2S           599  599  036                    3   7037.3
 40CW  08-Apr-24 17:19 0073  OM5JA          599  599  058                    3   7036.4
 40CW  08-Apr-24 17:20 0074  OK1TN          599  599  092                    3   7031.8
 40CW  08-Apr-24 17:20 0075  E77EA          599  599  115           E7       3   7031.0
 40CW  08-Apr-24 17:21 0076  SC6O           599  599  073                    3   7030.6
