 15CW  21-Sep-24 14:31 0001  SJ2W           599  599  421           SM       3  21005.0
 15CW  21-Sep-24 14:35 0002  SC7DX          599  599  193                    3  21010.9
 15CW  21-Sep-24 14:36 0003  SM2U           599  599  207                    3  21012.2
 15CW  21-Sep-24 14:38 0004  SC6O           599  599  124                    3  21016.5
 15CW  21-Sep-24 14:38 0005  SK3W           599  599  253                    3  21017.1
 15CW  21-Sep-24 14:39 0006  SM5INC         599  599  200                    3  21018.0
 15CW  21-Sep-24 14:40 0007  OH1NA          599  599  252           OH       3  21019.8
 20CW  21-Sep-24 20:30 0008  XP2I           599  599  662           OX       5  14016.3
 20CW  21-Sep-24 20:31 0009  SM6M           599  599  455           SM       3  14018.1
 20CW  21-Sep-24 20:32 0010  OH7K           599  599  683           OH       3  14025.3
 20CW  21-Sep-24 20:35 0011  OZ1IKY         599  599  723           OZ       3  14027.0
 20CW  21-Sep-24 20:39 0012  SK3W           599  599  432                    3  14028.4
 20CW  21-Sep-24 20:41 0013  OG1D           599  599  591                    3  14032.8
 40CW  21-Sep-24 20:45 0014  OH3MZ          599  599  413           OH       3   7006.0
 40CW  21-Sep-24 20:46 0015  LN2T           599  599  207           LA       3   7005.5
 40CW  21-Sep-24 20:51 0016  TF3D           599  599  963           TF       3   7008.8
 40CW  21-Sep-24 20:53 0017  SM5IMO         599  599  786           SM       3   7010.5
 40CW  21-Sep-24 20:54 0018  LB4UH          599  599  611                    3   7011.0
 40CW  21-Sep-24 20:55 0019  OH1RX          599  599  745                    3   7012.7
 40CW  21-Sep-24 20:56 0020  SC6O           599  599  533                    3   7013.1
 40CW  21-Sep-24 20:56 0021  OH1X           599  599  600                    3   7014.1
 40CW  21-Sep-24 20:57 0022  OG1D           599  599  620                    3   7014.4
 40CW  21-Sep-24 21:00 0023  OG6K           599  599  921                    3   7016.0
 40CW  21-Sep-24 21:01 0024  SM6LJU         599  599  542                    3   7017.4
 40CW  21-Sep-24 21:05 0025  SM3GSK         599  599  374                    3   7024.3
 40CW  21-Sep-24 21:09 0026  OH4BCS         599  599  474                    3   7025.5
 40CW  21-Sep-24 21:09 0027  LA8OM          599  599  904                    3   7026.9
 40CW  21-Sep-24 21:10 0028  SE0I           599  599  376                    3   7028.0
 40CW  21-Sep-24 21:10 0029  SM5/DL2SWW     599  599  427                    3   7028.4
 40CW  21-Sep-24 21:11 0030  SB3W           599  599  850                    3   7029.6
 40CW  21-Sep-24 21:12 0031  OH0M           599  599  1314          OH0      3   7030.1
 40CW  21-Sep-24 21:12 0032  OH7K           599  599  407                    3   7030.8
 40CW  21-Sep-24 21:14 0033  SM5ACQ         599  599  336                    3   7005.7
 40CW  21-Sep-24 21:15 0034  SK4EA          599  599  686                    3   7006.1
 40CW  21-Sep-24 21:17 0035  SD0W           599  599  620                    3   7009.9
 40CW  21-Sep-24 21:19 0036  SK3W           599  599  300                    3   7011.8
 40CW  21-Sep-24 21:21 0037  LN3C           599  599  1046                   3   7014.6
 40CW  21-Sep-24 21:21 0038  SE5E           599  599  1250                   3   7015.7
 40CW  21-Sep-24 21:26 0039  LN4BBC         599  599  404                    3   7018.8
 40CW  21-Sep-24 21:26 0040  SF6W           599  599  581                    3   7022.5
 40CW  21-Sep-24 21:29 0041  LA2AB          599  599  840                    3   7024.9
 40CW  21-Sep-24 21:33 0042  LC5T           599  599  847                    3   7027.0
 40CW  21-Sep-24 21:34 0043  OG1F           599  599  1287                   3   7028.8
 40CW  21-Sep-24 21:37 0044  OH2BA          599  599  236                    3   7038.1
 40CW  21-Sep-24 21:39 0045  SM5DXR         599  599  259                    3   7038.6
 40CW  21-Sep-24 21:39 0046  OG6W           599  599  821                    3   7031.7
 80CW  21-Sep-24 21:40 0047  SE5B           599  599  377           SM       3   3529.6
 80CW  21-Sep-24 21:41 0048  OH2AM          599  599  1234          OH       3   3530.6
 80CW  21-Sep-24 21:42 0049  OZ5W           599  599  204           OZ       3   3531.2
 80CW  21-Sep-24 21:43 0050  OH3FM          599  599  737                    3   3532.2
 80CW  21-Sep-24 21:44 0051  SC7DX          599  599  191                    3   3532.9
 80CW  21-Sep-24 21:45 0052  OH2BA          599  599  141                    3   3533.2
 80CW  21-Sep-24 21:45 0053  SE5E           599  599  1288                   3   3533.8
 80CW  21-Sep-24 21:45 0054  OH8L           599  599  921                    3   3534.4
 80CW  21-Sep-24 21:48 0055  OH6CT          599  599  445                    3   3537.2
 80CW  21-Sep-24 21:48 0056  SM5IMO         599  599  869                    3   3537.7
 80CW  21-Sep-24 21:49 0057  7S1DX          599  599  267                    3   3511.0
 80CW  21-Sep-24 21:50 0058  SM6LJU         599  599  595                    3   3512.9
 80CW  21-Sep-24 21:50 0059  SE4A           599  599  616                    3   3515.3
 80CW  21-Sep-24 21:52 0060  LA2AB          599  599  871           LA       3   3517.6
 80CW  21-Sep-24 21:54 0061  SM5/DL2SWW     599  599  499                    3   3519.1
 80CW  21-Sep-24 21:55 0062  OH8X           599  599  664                    3   3519.6
 80CW  21-Sep-24 21:56 0063  OG1F           599  599  1320                   3   3520.9
 80CW  21-Sep-24 21:57 0064  OH3MZ          599  599  460                    3   3523.1
 80CW  21-Sep-24 22:01 0065  OH0M           599  599  1394          OH0      3   3525.0
 80CW  21-Sep-24 22:01 0066  OH7K           599  599  220                    3   3525.4
 80CW  21-Sep-24 22:03 0067  OG4A           599  599  605                    3   3529.0
 80CW  21-Sep-24 22:04 0068  OH2PQ          599  599  816                    3   3532.8
 80CW  21-Sep-24 22:05 0069  OZ6SYL         599  599  461                    3   3526.0
 80CW  21-Sep-24 22:07 0070  LC5T           599  599  882                    3   3521.0
 80CW  21-Sep-24 22:08 0071  LC8G           599  599  890                    3   3516.0
 80CW  21-Sep-24 22:11 0072  OG6K           599  599  992                    3   3515.4
 80CW  21-Sep-24 22:11 0073  LN2T           599  599  88                     3   3515.0
 80CW  21-Sep-24 22:12 0074  SB7S           599  599  941                    3   3511.6
 80CW  21-Sep-24 22:14 0075  OZ11A          599  599  531                    3   3514.2
 15CW  22-Sep-24 08:51 0076  OH7K           599  599  744                    3  21021.4
 15CW  22-Sep-24 08:52 0077  TF3W           599  599  1644          TF       3  21015.5
 15CW  22-Sep-24 08:54 0078  LA6M           599  599  475           LA       3  21008.8
 15CW  22-Sep-24 09:27 0079  OH8L           599  599  1526                   3  21035.5
 15CW  22-Sep-24 09:28 0080  OH8DR          599  599  86                     3  21039.5
 15CW  22-Sep-24 09:29 0081  TF3D           599  599  1659                   3  21015.3
 20CW  22-Sep-24 09:32 0082  SE5B           599  599  518                    3  14025.0
 20CW  22-Sep-24 09:33 0083  OH2AM          599  599  1800                   3  14022.4
 20CW  22-Sep-24 09:35 0084  LN4BBC         599  599  691           LA       3  14021.5
 20CW  22-Sep-24 09:38 0085  SM5/DL2SWW     599  599  952                    3  14017.7
 20CW  22-Sep-24 09:38 0086  OH4MDY         599  599  139                    3  14016.2
 20CW  22-Sep-24 10:15 0087  SM5CSS         599  599  1194                   3  14015.7
 20CW  22-Sep-24 10:16 0088  LC5T           599  599  1366                   3  14007.0
 20CW  22-Sep-24 10:17 0089  LN7TTT         599  599  596                    3  14002.6
 20CW  22-Sep-24 10:17 0090  SM0Q           599  599  543                    3  14048.0
 20CW  22-Sep-24 10:18 0091  OH2CV          599  599  1105                   3  14045.0
 20CW  22-Sep-24 10:19 0092  SM5EPO         599  599  908                    3  14044.3
 20CW  22-Sep-24 10:19 0093  SM3EAE         599  599  511                    3  14043.2
 20CW  22-Sep-24 10:21 0094  OH2PM          599  599  1218                   3  14041.6
 20CW  22-Sep-24 10:21 0095  LC2W           599  599  58                     3  14041.0
 20CW  22-Sep-24 10:21 0096  OH0V           599  599  1527          OH0      3  14039.9
 20CW  22-Sep-24 10:22 0097  OH8X           599  599  1111                   3  14037.0
 20CW  22-Sep-24 10:40 0098  OH8L           599  599  1611                   3  14035.3
 20CW  22-Sep-24 10:40 0099  LA2AB          599  599  1443                   3  14034.9
 20CW  22-Sep-24 10:41 0100  SM2U           599  599  693                    3  14033.5
