 20SSB 07-Sep-24 14:29 0001  EA6URP         59   59   25            EA6      3  14207.0
 20SSB 07-Sep-24 14:32 0002  IZ0PAU/P       59   59   54            I        3  14220.0
 20SSB 07-Sep-24 14:36 0003  IW0HLZ         59   59   95                     3  14245.0
 20SSB 07-Sep-24 14:39 0004  MW1B/P         59   59   132           GW       3  14260.5
 20SSB 07-Sep-24 14:58 0005  IQ3TS/P        59   59   52                     3  14280.0
 20SSB 07-Sep-24 15:00 0006  LA4C/P         59   59   80            LA       3  14276.0
 20SSB 07-Sep-24 15:08 0007  SQ9JWK/P       59   59   98            SP       3  14270.0
 20SSB 07-Sep-24 15:09 0008  S57WX/P        59   59   99            S5       3  14267.6
 20SSB 07-Sep-24 15:11 0009  LA1T/P         59   59   91                     3  14257.9
 20SSB 07-Sep-24 15:13 0010  IQ0PG/P        59   59   43                     3  14251.4
 20SSB 07-Sep-24 15:14 0011  G4OO/P         59   59   101           G        3  14249.4
 20SSB 07-Sep-24 15:22 0012  HA5N/P         59   59   75            HA       3  14237.0
 20SSB 07-Sep-24 15:23 0013  OE4C/P         59   59   138           OE       3  14237.0
 20SSB 07-Sep-24 15:25 0014  S59DCD/P       59   59   109                    3  14235.0
 20SSB 07-Sep-24 15:30 0015  IW0RQJ         59   59   39                     3  14187.0
 20SSB 07-Sep-24 15:34 0016  EI1DRC/P       59   59   33            EI       3  14127.0
 20SSB 07-Sep-24 15:37 0017  G6AAQ/P        59   59   96                     3  14299.0
 20SSB 07-Sep-24 15:41 0018  LA1K/P         59   59   142                    3  14275.0
 20SSB 07-Sep-24 15:43 0019  G3AMW/P        59   59   135                    3  14263.9
 20SSB 07-Sep-24 15:45 0020  IT9FRX         59   59   88            IT9      3  14250.0
 20SSB 07-Sep-24 15:53 0021  IU8PWS         59   59   73                     3  14318.0
 20SSB 07-Sep-24 15:57 0022  SV8SXF/P       59   59   26            SV       3  14322.0
 20SSB 07-Sep-24 16:00 0023  G8SRC/P        59   59   136                    3  14339.0
 20SSB 07-Sep-24 16:01 0024  OH3GZ          59   59   35            OH       3  14342.0
 20SSB 07-Sep-24 16:09 0025  F5PYI          59   59   001           F        3  14342.0
 40SSB 07-Sep-24 16:21 0026  OU7K/P         59   59   216           OZ       3   7198.0
 40SSB 07-Sep-24 16:26 0027  DL0AT/P        59   59   108           DL       2   7188.5
 40SSB 07-Sep-24 16:30 0028  G4EKT/P        59   59   162           G        3   7186.1
 40SSB 07-Sep-24 16:31 0029  DR5W/P         59   59   152                    2   7185.0
 40SSB 07-Sep-24 16:33 0030  ON6UB/P        59   59   242           ON       3   7181.0
 40SSB 07-Sep-24 16:36 0031  DL0VE/P        59   59   164                    2   7175.0
 40SSB 07-Sep-24 16:40 0032  DL0LI/P        59   59   203                    2   7173.0
 40SSB 07-Sep-24 16:47 0033  OR5R/P         59   59   302                    3   7162.0
 40SSB 07-Sep-24 16:49 0034  DP6M/P         59   59   168                    2   7159.5
 40SSB 07-Sep-24 16:55 0035  DK0MN/P        59   59   169                    2   7156.0
 40SSB 07-Sep-24 16:58 0036  S59DCD/P       59   59   164           S5       3   7149.0
 40SSB 07-Sep-24 17:07 0037  DK0RZ/P        59   59   128                    2   7100.1
 40SSB 07-Sep-24 17:09 0038  S55W/P         59   59   172                    3   7097.5
 40SSB 07-Sep-24 17:16 0039  DK2A/P         59   59   125                    2   7072.3
 10SSB 07-Sep-24 17:26 0040  5B4AIF         59   59   62            5B       5  28524.9
 20SSB 07-Sep-24 17:44 0041  DL0GC/P        59   59   182           DL       2  14261.0
 20SSB 07-Sep-24 17:48 0042  CT1DUD         59   59   49            CT       3  14207.0
 20SSB 07-Sep-24 17:50 0043  EI1E/P         59   59   103                    3  14172.0
 40SSB 07-Sep-24 17:55 0044  DF0A/P         59   59   107                    2   7198.5
 40SSB 07-Sep-24 18:00 0045  G6MC/P         59   59   337                    3   7188.3
 40SSB 07-Sep-24 18:01 0046  G9X/P          59   59   141                    3   7186.0
 40SSB 07-Sep-24 18:06 0047  IQ0PG/P        59   59   163           I        3   7178.8
 40SSB 07-Sep-24 18:12 0048  5P2F/P         59   59   070                    3   7174.0
 40SSB 07-Sep-24 18:20 0049  ON6SI/P        59   59   289                    3   7161.3
 40SSB 07-Sep-24 18:29 0050  IK2IQD         59   59   160                    3   7137.0
 40SSB 07-Sep-24 18:34 0051  MW5L/P         59   59   156           GW       3   7131.6
 40SSB 07-Sep-24 18:36 0052  DL0CS/P        59   59   195                    2   7130.5
 80SSB 07-Sep-24 19:32 0053  DK0B/P         59   59   197           DL       2   3709.6
 80SSB 07-Sep-24 19:34 0054  DK0FD/P        59   59   378                    2   3733.5
 80SSB 07-Sep-24 19:36 0055  DK0RZ/P        59   59   263                    2   3743.3
 80SSB 07-Sep-24 19:37 0056  DL0GC/P        59   59   238                    2   3745.8
 80SSB 07-Sep-24 19:39 0057  DF0CQ/P        59   59   207                    2   3756.0
 80SSB 07-Sep-24 19:43 0058  DH1O/P         59   59   216                    2   3794.0
 80SSB 07-Sep-24 19:45 0059  DP6C           59   59   174                    2   3785.6
 80SSB 07-Sep-24 19:46 0060  DK0MM/P        59   59   455                    2   3791.1
