 20CW  18-Dec-24 19:00 0001  K3WW           599  599  Chas 178      K3WW     1  14030.5
 40CW  18-Dec-24 19:02 0002  SM5ACQ         599  599  Don 1573      SM5ACQ   1   7037.7
 40CW  18-Dec-24 19:04 0003  EA6BF          599  599  Josep 3072    EA6BF    1   7030.9
 40CW  18-Dec-24 19:04 0004  EI6FR          599  599  Declan 2811   EI6FR    1   7029.5
 40CW  18-Dec-24 19:07 0005  VK2GR          599  599  Allan 3087    VK2GR    1   7027.6
 40CW  18-Dec-24 19:08 0006  G4YTK          599  599  Steve 3449    G4YTK    1   7027.6
 40CW  18-Dec-24 19:09 0007  SP7OGP         599  599  Piotr 3147    SP7OGP   1   7027.6
 40CW  18-Dec-24 19:10 0008  M0XUU          599  599  Pan 2895      M0XUU    1   7027.6
 40CW  18-Dec-24 19:12 0009  DK9PY          599  599  Armin 2062    DK9PY    1   7028.5
 40CW  18-Dec-24 19:13 0010  EA1X           599  599  Juan 2562     EA1X     1   7027.5
 40CW  18-Dec-24 19:14 0011  EA6EJ          599  599  Ini 3276      EA6EJ    1   7027.0
 40CW  18-Dec-24 19:15 0012  IK3VUT         599  599  Luca 3241     IK3VUT   1   7025.5
 40CW  18-Dec-24 19:16 0013  SV1ME          599  599  Manos 3583    SV1ME    1   7026.0
 80CW  18-Dec-24 19:17 0014  SD6F           599  599  Klas 2163     SD6F     1   3530.8
 80CW  18-Dec-24 19:17 0015  OK5M           599  599  Vit 2499      OK5M     1   3531.5
 80CW  18-Dec-24 19:18 0016  DJ2IA          599  599  Dieter DL     DJ2IA    1   3532.1
 80CW  18-Dec-24 19:19 0017  OZ3SM          599  599  Steve 2361    OZ3SM    1   3532.5
 80CW  18-Dec-24 19:19 0018  PA3DBS         599  599  Peter 702     PA3DBS   1   3534.0
 80CW  18-Dec-24 19:20 0019  DK9PY          599  599  Armin 2062             1   3533.4
 80CW  18-Dec-24 19:22 0020  PA3AAV         599  599  Gert 2624     PA3AAV   1   3537.1
 80CW  18-Dec-24 19:23 0021  M0RYB          599  599  Peter 2061    M0RYB    1   3538.4
 80CW  18-Dec-24 19:23 0022  DL5XL          599  599  FELIX 2268    DL5XL    1   3536.0
 80CW  18-Dec-24 19:24 0023  LY2MM          599  599  Al 3532       LY2MM    1   3536.5
 80CW  18-Dec-24 19:25 0024  GI4SJQ         599  599  George GI     GI4SJQ   1   3536.5
 80CW  18-Dec-24 19:25 0025  SD6M           599  599  Per 1773      SD6M     1   3536.5
 80CW  18-Dec-24 19:26 0026  DR2C           599  599  Adam DL       DR2C     1   3536.5
 80CW  18-Dec-24 19:26 0027  SC6O           599  599  Ben 3519      SC6O     1   3536.5
 80CW  18-Dec-24 19:27 0028  DJ1OJ          599  599  Heijo 425     DJ1OJ    1   3536.5
 80CW  18-Dec-24 19:27 0029  SM7IUN         599  599  Bjorn 2101    SM7IUN   1   3536.5
 80CW  18-Dec-24 19:28 0030  PA0INA         599  599  Frans 443     PA0INA   1   3536.5
 80CW  18-Dec-24 19:29 0031  SP3FSM         599  599  Stan 2961     SP3FSM   1   3536.5
 80CW  18-Dec-24 19:29 0032  OK1TRJ         599  599  Michal 3589   OK1TRJ   1   3536.5
 80CW  18-Dec-24 19:30 0033  ON4CLF         599  599  Theo ON       ON4CLF   1   3536.5
 80CW  18-Dec-24 19:32 0034  HA6NL          599  599  Laci 3400     HA6NL    1   3536.5
 80CW  18-Dec-24 19:33 0035  E77EA          599  599  Dragan E7     E77EA    1   3534.5
 80CW  18-Dec-24 19:34 0036  SE5T           599  599  Kare 3467     SE5T     1   3533.2
 80CW  18-Dec-24 19:34 0037  DL6KVA         599  599  Axel 1678     DL6KVA   1   3532.9
 80CW  18-Dec-24 19:36 0038  SP4JFR         599  599  Bolo 3227     SP4JFR   1   3530.6
 80CW  18-Dec-24 19:36 0039  ON7PQ          599  599  Pat 2365      ON7PQ    1   3530.3
 80CW  18-Dec-24 19:37 0040  SP5LST         599  599  Kot 3539      SP5LST   1   3530.0
 80CW  18-Dec-24 19:38 0041  EI6FR          599  599  Declan 2811            1   3529.1
 80CW  18-Dec-24 19:39 0042  9A/W3WM        599  599  Will 3602     9A/W3WM  1   3531.9
 80CW  18-Dec-24 19:39 0043  SM5IMO         599  599  Dan 1854      SM5IMO   1   3533.5
 80CW  18-Dec-24 19:42 0044  SM5ACQ         599  599  Don 1573               1   3536.6
 80CW  18-Dec-24 19:46 0045  G4KKU          599  599  Andy 3562     G4KKU    1   3537.5
 80CW  18-Dec-24 19:48 0046  OK2IW          599  599  Swat 3111     OK2IW    1   3535.3
 80CW  18-Dec-24 19:50 0047  GW4J           599  599  Stew 919      GW4J     1   3539.4
 80CW  18-Dec-24 19:51 0048  SN5N           599  599  Chris SP      SN5N     1   3533.9
 80CW  18-Dec-24 19:51 0049  DJ3TU          599  599  Norbert DL    DJ3TU    1   3533.9
 80CW  18-Dec-24 19:52 0050  G4RCG          599  599  John 2379     G4RCG    1   3533.9
 80CW  18-Dec-24 19:52 0051  DL3YM          599  599  Andy 2520     DL3YM    1   3533.9
 80CW  18-Dec-24 19:53 0052  SP7OGP         599  599  Piotr 3147             1   3533.9
 80CW  18-Dec-24 19:53 0053  GW0KRL         599  599  Ian 2896      GW0KRL   1   3533.9
 80CW  18-Dec-24 19:54 0054  YL2YOTA        599  599  AR AL         YL2YOTA  1   3533.9
 80CW  18-Dec-24 19:55 0055  OK2JIQ         599  599  JIRI          OK2JIQ   1   3533.9
 80CW  18-Dec-24 19:57 0056  EA3FZT         599  599  Francis 2560  EA3FZT   1   3532.8
 80CW  18-Dec-24 19:59 0057  DM6EE          599  599  Lutz 2654     DM6EE    1   3527.5
