 10CW  20-Mar-24 19:00 0001  K6RB           599  599  Rob 3         K6RB     1  28029.6
 10CW  20-Mar-24 19:02 0002  K7QA           599  599  Tom 1959      K7QA     1  28030.8
 10CW  20-Mar-24 19:03 0003  WD6T           599  599  Dave CA       WD6T     1  28032.2
 10CW  20-Mar-24 19:04 0004  WS7L           599  599  Carl 2557     WS7L     1  28025.6
 10CW  20-Mar-24 19:05 0005  XQ3SK          599  579  TU            XQ3SK    1  28024.0
 10CW  20-Mar-24 19:06 0006  K1GUP          599  599  Jerry 363     K1GUP    1  28026.0
 15CW  20-Mar-24 19:08 0007  N4LSJ          599  599  Tom 3094      N4LSJ    1  21026.0
 15CW  20-Mar-24 19:09 0008  N3OC           599  599  Brian 2944    N3OC     1  21025.4
 15CW  20-Mar-24 19:10 0009  N5TJ           599  599  Jeff 3016     N5TJ     1  21026.5
 15CW  20-Mar-24 19:11 0010  N2IC           599  599  Steve 1790    N2IC     1  21027.3
 15CW  20-Mar-24 19:12 0011  N5NA           599  599  Alan 3354     N5NA     1  21028.0
 15CW  20-Mar-24 19:12 0012  PA3AAV         599  599  Gert 2624     PA3AAV   1  21028.5
 15CW  20-Mar-24 19:14 0013  K7RL           599  599  MITCH WA      K7RL     1  21029.0
 15CW  20-Mar-24 19:15 0014  WD6T           599  599  Dave CA                1  21029.5
 15CW  20-Mar-24 19:15 0015  EA1X           599  599  Juan 2562     EA1X     1  21030.1
 15CW  20-Mar-24 19:16 0016  K0PC           599  599  Pat 947       K0PC     1  21030.6
 15CW  20-Mar-24 19:17 0017  N3RD           599  599  Dave 232      N3RD     1  21031.2
 15CW  20-Mar-24 19:20 0018  K5KU           599  599  Gary LA       K5KU     1  21032.2
 15CW  20-Mar-24 19:22 0019  KC1TEK         599  599  Len ME        KC1TEK   1  21033.6
 15CW  20-Mar-24 19:22 0020  K3MM           599  599  Ty 114        K3MM     1  21034.0
 15CW  20-Mar-24 19:23 0021  PA3DBS         599  599  Peter 702     PA3DBS   1  21035.2
 15CW  20-Mar-24 19:25 0022  W6KC           599  599  Jim 1266      W6KC     1  21036.0
