 20CW  27-Apr-24 15:08 0001  EA3NO          599  599  134           EA       3  14005.9
 20CW  27-Apr-24 15:10 0002  9H1PI          599  599  108           9H       3  14009.0
 20CW  27-Apr-24 15:11 0003  LZ4A           599  599  045           LZ       3  14010.5
 20CW  27-Apr-24 15:11 0004  YU5R           599  599  208           YU       3  14013.0
 20CW  27-Apr-24 15:12 0005  GM2V           599  599  306 IV        GM       3  14014.6
 20CW  27-Apr-24 15:12 0006  OH1NA          599  599  160           OH       3  14015.7
 20CW  27-Apr-24 15:13 0007  W4RN           599  599  036           K        5  14018.0
 20CW  27-Apr-24 15:13 0008  RG5A           599  599  098           UA       3  14018.3
 20CW  27-Apr-24 15:16 0009  EI2KA          599  599  147 CK        EI       3  14020.0
 20CW  27-Apr-24 15:16 0010  HA5OV          599  599  053           HA       3  14022.0
 20CW  27-Apr-24 15:25 0011  4X1VF          599  599  59            4X       5  14035.0
 20CW  27-Apr-24 15:28 0012  AA3B           599  599  111                    5  14029.4
 20CW  27-Apr-24 15:33 0013  CQ75URE        599  599  044           CT       3  14028.3
 20CW  27-Apr-24 15:33 0014  MM2N           599  599  039 GS                 3  14030.7
 20CW  27-Apr-24 15:36 0015  GM9R           599  599  102 GS                 3  14038.6
 20CW  27-Apr-24 15:38 0016  OM7LW          599  599  043           OM       3  14042.5
 40CW  27-Apr-24 15:46 0017  HB1A           599  599  ZH            HB       3   7007.5
 40CW  27-Apr-24 16:14 0018  HB9ABB         599  599  VD                     3   7011.0
 40CW  27-Apr-24 16:15 0019  F5IN           599  599  158           F        3   7015.0
 20CW  27-Apr-24 19:59 0020  9N7AA          599  599  102           9N       5  14030.0
 20CW  27-Apr-24 20:01 0021  N4KS           599  599  VOL                    5  14031.7
 20CW  27-Apr-24 20:03 0022  W4K            599  599  ESC                    5  14032.9
 40CW  27-Apr-24 20:07 0023  HB9HC          599  599  AR                     3   7010.2
 40CW  27-Apr-24 20:07 0024  LY2MM          599  599  193           LY       3   7010.9
 40CW  27-Apr-24 20:10 0025  GM3YEH         599  599  236 KA        GM       3   7012.3
 40CW  27-Apr-24 20:10 0026  HG5E           599  599  023           HA       3   7013.1
 40CW  27-Apr-24 20:11 0027  G3RWF          599  599  218 CT        G        3   7013.9
 40CW  27-Apr-24 20:12 0028  HB9CA          599  599  AG                     3   7015.0
 40CW  27-Apr-24 20:13 0029  IV3AZV         599  599  021           I        3   7016.1
 40CW  27-Apr-24 20:14 0030  IK1JJM         599  599  098                    3   7016.4
 40CW  27-Apr-24 20:15 0031  MM4D           599  599  288 KA                 3   7017.6
 40CW  27-Apr-24 20:16 0032  GS8VL          599  599  223 PA                 3   7018.4
 40CW  27-Apr-24 20:17 0033  S53V           599  599  108           S5       3   7020.4
 40CW  27-Apr-24 20:19 0034  SC6O           599  599  062           SM       3   7020.8
 40CW  27-Apr-24 20:19 0035  LZ3ZZ          599  599  030           LZ       3   7021.4
 40CW  27-Apr-24 20:20 0036  YP3X           599  599  106           YO       3   7023.5
 40CW  27-Apr-24 20:21 0037  IQ2CJ          599  599  064                    3   7024.5
 40CW  27-Apr-24 20:21 0038  YL7X           599  599  581           YL       3   7027.6
 40CW  27-Apr-24 20:23 0039  GW4OKT         599  599  119 CH        GW       3   7028.1
 40CW  27-Apr-24 20:23 0040  IK2SND         599  599  101                    3   7028.5
 40CW  27-Apr-24 20:24 0041  EI8X           599  599  452 CK        EI       3   7029.1
 40CW  27-Apr-24 20:25 0042  EA1X           599  599  178           EA       3   7031.1
 40CW  27-Apr-24 20:26 0043  G0MTN          599  599  011 BM                 3   7031.7
 40CW  27-Apr-24 20:27 0044  HB9AA          599  599  LN                     3   7033.4
 40CW  27-Apr-24 20:31 0045  IQ4RN          599  599  159                    3   7034.0
 40CW  27-Apr-24 20:31 0046  I2WIJ          599  599  090                    3   7035.2
 40CW  27-Apr-24 20:32 0047  S53N           599  599  105                    3   7036.1
 80CW  27-Apr-24 20:34 0048  M5DX           599  599  439 SD        G        3   3510.0
 80CW  27-Apr-24 20:35 0049  9A2X           599  599  134           9A       3   3512.6
 80CW  27-Apr-24 20:36 0050  GM3A           599  599  266 AB        GM       3   3513.5
 80CW  27-Apr-24 20:39 0051  HB9CDH         599  599  LU            HB       3   3513.8
 80CW  27-Apr-24 20:41 0052  G3RWF          599  599  257 CT                 3   3515.7
 80CW  27-Apr-24 20:41 0053  M0RYB          599  599  226 NK                 3   3516.4
 80CW  27-Apr-24 20:44 0054  F5OZC          599  599  132           F        3   3517.6
 80CW  27-Apr-24 20:45 0055  PA5N           599  599  091           PA       3   3518.0
160CW  27-Apr-24 20:46 0056  HB9CA          599  599  AG            HB       3   1817.4
 80CW  27-Apr-24 20:47 0057  GM2V           599  599  523 IV                 3   3518.7
 80CW  27-Apr-24 20:49 0058  OK1TN          599  599  182           OK       3   3519.2
 80CW  27-Apr-24 20:51 0059  MM2N           599  599  197 GS                 3   3520.1
 80CW  27-Apr-24 20:52 0060  G4PVM          599  599  259 CM                 3   3521.0
 80CW  27-Apr-24 20:53 0061  9A1AA          599  599  138                    3   3521.7
