 40CW  02-Sep-24 17:09 0001  OM5B           599  599  93            OM       3   7026.7
 40CW  02-Sep-24 17:10 0002  DR2C           599  599  82            DL       2   7026.7
 40CW  02-Sep-24 17:10 0003  DF5EN          599  599  63                     2   7026.7
 40CW  02-Sep-24 17:10 0004  DF7YE          599  599  76                     2   7026.7
 40CW  02-Sep-24 17:10 0005  OK1TRJ         599  599  46            OK       3   7026.7
 40CW  02-Sep-24 17:11 0006  SP3VT          599  599  76            SP       3   7026.7
 40CW  02-Sep-24 17:11 0007  DF8XC          599  599  54                     2   7026.7
 40CW  02-Sep-24 17:11 0008  YL2TD          599  599  66            YL       3   7026.7
 40CW  02-Sep-24 17:12 0009  ON4EM          599  599  85            ON       3   7026.7
 40CW  02-Sep-24 17:13 0010  PC4H           599  599  60            PA       3   7026.7
 40CW  02-Sep-24 17:13 0011  DK5DQ          599  599  39                     2   7026.7
 40CW  02-Sep-24 17:14 0012  DM5I           599  599  99                     2   7026.7
 40CW  02-Sep-24 17:14 0013  RA4HBS         599  599  24            UA       3   7026.7
 40CW  02-Sep-24 17:15 0014  SP4DNX         599  599  51                     3   7026.7
 40CW  02-Sep-24 17:15 0015  G4LJU          599  599  13            G        3   7026.7
 40CW  02-Sep-24 17:16 0016  HA6NL          599  599  106           HA       3   7026.7
 40CW  02-Sep-24 17:17 0017  OK1TN          599  599  96                     3   7026.7
 40CW  02-Sep-24 17:17 0018  SP3VT          599  599  85                     0   7026.7
 40CW  02-Sep-24 17:17 0019  HG5E           599  599  110                    3   7026.7
 40CW  02-Sep-24 17:18 0020  OM5CM          599  599  76                     3   7026.7
 40CW  02-Sep-24 17:18 0021  DL4ME          599  599  85                     2   7026.7
 40CW  02-Sep-24 17:18 0022  OK5D           599  599  108                    3   7026.7
 40CW  02-Sep-24 17:19 0023  OL8R           599  599  126                    3   7026.7
 40CW  02-Sep-24 17:19 0024  PA3AAV         599  599  113                    3   7026.7
 40CW  02-Sep-24 17:20 0025  HG1G           599  599  83                     3   7026.7
 40CW  02-Sep-24 17:20 0026  OK1RZ          599  599  102                    3   7026.7
 40CW  02-Sep-24 17:20 0027  OK7U           599  599  78                     3   7026.7
 40CW  02-Sep-24 17:21 0028  DK2DR          599  599  24                     2   7026.7
 40CW  02-Sep-24 17:21 0029  HA5BA          599  599  63                     3   7026.7
 40CW  02-Sep-24 17:22 0030  DM7W           599  599  89                     2   7026.7
 40CW  02-Sep-24 17:23 0031  OK4X           599  599  64                     3   7026.7
 40CW  02-Sep-24 17:23 0032  HA1AS          599  599  35                     3   7026.7
 40CW  02-Sep-24 17:24 0033  OK1YM          599  599  96                     3   7026.7
 40CW  02-Sep-24 17:24 0034  SP1JXJ         599  599  36                     3   7026.7
 40CW  02-Sep-24 17:26 0035  OK2NAJ         599  599  91                     3   7026.7
 40CW  02-Sep-24 17:26 0036  OM2KI          599  599  112                    3   7026.7
 40CW  02-Sep-24 17:26 0037  OK2SFP         599  599  46                     3   7026.7
 40CW  02-Sep-24 17:27 0038  DL2NBY         599  599  83                     2   7026.7
 40CW  02-Sep-24 17:27 0039  DF8QB          599  599  43                     2   7026.7
 40CW  02-Sep-24 17:28 0040  SE4E           599  599  78            SM       3   7026.7
 40CW  02-Sep-24 17:28 0041  Z35M           599  599  63            Z3       3   7026.7
 40CW  02-Sep-24 17:28 0042  OK1USP         599  599  84                     3   7026.7
 40CW  02-Sep-24 17:29 0043  DR6W           599  599  28                     2   7026.7
 40CW  02-Sep-24 17:29 0044  SP8BXL         599  599  60                     3   7026.7
 40CW  02-Sep-24 17:29 0045  S52W           599  599  114           S5       3   7026.7
 40CW  02-Sep-24 17:29 0046  SP4TKR         599  599  114                    3   7026.7
