 15CW  04-Jul-24 07:03 0001  RU0LL          599  599  ALEX UA0      RU0LL    1  21032.0
 15CW  04-Jul-24 07:06 0002  JN1THL         599  599  Ken 161       JN1THL   1  21032.7
 20CW  04-Jul-24 07:07 0003  SM2EKM         599  599  Jim 2976      SM2EKM   1  14027.0
 20CW  04-Jul-24 07:08 0004  EA6BF          599  599  Josep 3072    EA6BF    1  14027.7
 20CW  04-Jul-24 07:09 0005  G4RCG          599  599  John 2379     G4RCG    1  14028.9
 20CW  04-Jul-24 07:09 0006  SN5N           599  599  Chris SP      SN5N     1  14031.5
 20CW  04-Jul-24 07:10 0007  IK0YVV         599  599  Marco 1505    IK0YVV   1  14032.1
 20CW  04-Jul-24 07:11 0008  SQ9S           599  599  Adam 2309     SQ9S     1  14034.0
 20CW  04-Jul-24 07:12 0009  G4ERW          599  599  Dave G        G4ERW    1  14036.4
 20CW  04-Jul-24 07:12 0010  EA6EJ          599  599  INI 3276      EA6EJ    1  14038.0
 20CW  04-Jul-24 07:13 0011  9A1AA          599  599  Ivo 2447      9A1AA    1  14041.0
 20CW  04-Jul-24 07:14 0012  K3MM           599  599  Ty 114        K3MM     1  14025.6
 40CW  04-Jul-24 07:16 0013  ON7PQ          599  599  Pat 2365      ON7PQ    1   7030.1
 40CW  04-Jul-24 07:17 0014  G3LHJ          599  599  Derrick 3048  G3LHJ    1   7031.7
 40CW  04-Jul-24 07:18 0015  SE5V           599  599  CLAS 1849     SE5V     1   7033.8
 40CW  04-Jul-24 07:20 0016  GW4J           599  599  Stew 919      GW4J     1   7037.5
 40CW  04-Jul-24 07:20 0017  SF6J           599  599  Goran 3471    SF6J     1   7029.7
 20CW  04-Jul-24 07:21 0018  N3JT           599  599  Jim 1         N3JT     1  14026.3
 20CW  04-Jul-24 07:22 0019  OH1SIC         599  599  GI 2094       OH1SIC   1  14027.5
 20CW  04-Jul-24 07:23 0020  ON7PQ          599  599  Pat 2365               1  14028.9
 20CW  04-Jul-24 07:24 0021  N2YO           599  599  Chip 405      N2YO     1  14033.0
 20CW  04-Jul-24 07:25 0022  PA3AAV         599  599  Gert 2624     PA3AAV   1  14034.6
 20CW  04-Jul-24 07:26 0023  SD1A           599  599  Eric 1718     SD1A     1  14035.0
 20CW  04-Jul-24 07:27 0024  SF1Z           599  599  Jens 2237     SF1Z     1  14035.5
 20CW  04-Jul-24 07:27 0025  SM5IMO         599  599  Dan 1854      SM5IMO   1  14036.4
 20CW  04-Jul-24 07:28 0026  K1DJ           599  599  Rich 1556     K1DJ     1  14037.5
 20CW  04-Jul-24 07:29 0027  SP7OGP         599  599  Piotr 3147    SP7OGP   1  14038.5
 20CW  04-Jul-24 07:30 0028  SE4E           599  599  Lars SM       SE4E     1  14039.2
 20CW  04-Jul-24 07:32 0029  OH5ZA          599  599  Zaba 1856     OH5ZA    1  14040.4
 20CW  04-Jul-24 07:33 0030  HA6NL          599  599  Laci 3400     HA6NL    1  14040.4
 20CW  04-Jul-24 07:33 0031  N5ZO           599  599  Mark 1224     N5ZO     1  14040.4
 20CW  04-Jul-24 07:36 0032  VK6HG          599  599  Rob 1029      VK6HG    1  14040.3
 20CW  04-Jul-24 07:37 0033  DK9PY          599  599  ARMIN 2062    DK9PY    1  14040.3
 20CW  04-Jul-24 07:38 0034  OH2BN          599  599  Jarmo 135     OH2BN    1  14040.3
 20CW  04-Jul-24 07:38 0035  K3MM           599  599  Ty 114                 0  14040.3
 15CW  04-Jul-24 07:41 0036  LZ3ND          599  599  Nick LZ       LZ3ND    1  21032.0
 40CW  04-Jul-24 07:43 0037  HA6NL          599  599  Laci 3400              1   7036.9
 40CW  04-Jul-24 07:43 0038  PC4H           599  599  Henk 3399     PC4H     1   7036.9
 40CW  04-Jul-24 07:44 0039  PA2TA          599  599  TJ 2955       PA2TA    1   7036.9
 40CW  04-Jul-24 07:44 0040  MM0UMH         599  599  LES 3509      MM0UMH   1   7036.9
 40CW  04-Jul-24 07:45 0041  DL1ROT         599  599  Tom DL        DL1ROT   1   7036.9
 40CW  04-Jul-24 07:46 0042  G4HLN          599  599  Larry 3073    G4HLN    1   7036.9
 40CW  04-Jul-24 07:47 0043  HB9BJL         599  599  Chris 2541    HB9BJL   1   7036.9
 40CW  04-Jul-24 07:47 0044  PE2K           599  599  Adi 2638      PE2K     1   7036.9
 20CW  04-Jul-24 07:54 0045  WU6P           599  599  Nian 2715     WU6P     1  14027.7
 15CW  04-Jul-24 07:55 0046  EA6BF          599  599  Josep 3072             1  21031.6
 15CW  04-Jul-24 07:56 0047  LZ1ZF          599  599  Gosho 2824    LZ1ZF    1  21032.0
 15CW  04-Jul-24 07:57 0048  K3MM           599  599  Ty 114                 1  21037.0
 15CW  04-Jul-24 07:59 0049  SM2EKM         599  599  Jim 2976               1  21027.0
