 40CW  08-Jan-24 16:31 0001  DD5M           599  599  002           M        1   7035.5
 40CW  08-Jan-24 16:32 0002  R3GG           599  599  004           G        1   7029.6
 40CW  08-Jan-24 16:33 0003  SN7J           599  599  002           J        1   7029.6
 40CW  08-Jan-24 16:33 0004  OK1WSL         599  599  005           L        1   7029.6
 40CW  08-Jan-24 16:34 0005  SM0OEK         599  599  008           K        1   7029.6
 40CW  08-Jan-24 16:35 0006  SP3VT          599  599  004           T        1   7029.6
 40CW  08-Jan-24 16:35 0007  OT6E           599  599  006           E        1   7029.6
 40CW  08-Jan-24 16:37 0008  OK2VX          599  599  004           X        1   7029.6
 40CW  08-Jan-24 16:37 0009  OL8R           599  599  017           R        1   7029.6
 40CW  08-Jan-24 16:38 0010  OM5CM          599  599  012                    1   7029.6
 40CW  08-Jan-24 16:38 0011  SN2S           599  599  008           S        1   7029.6
 40CW  08-Jan-24 16:39 0012  OK2ON          599  599  004           N        1   7029.6
 40CW  08-Jan-24 16:40 0013  SP4TKR         599  599  015                    1   7029.6
 40CW  08-Jan-24 16:40 0014  G8N            599  599  007                    1   7029.6
 40CW  08-Jan-24 16:41 0015  SP7N           599  599  016                    1   7029.6
 40CW  08-Jan-24 16:42 0016  DJ5CL          599  599  011                    1   7029.6
 40CW  08-Jan-24 16:44 0017  SP2XX          599  599  013                    1   7029.6
 40CW  08-Jan-24 16:45 0018  S51J           599  599  022                    1   7029.6
 40CW  08-Jan-24 16:46 0019  DM5I           599  599  041           I        1   7029.6
 40CW  08-Jan-24 16:46 0020  OK2CW          599  599  010           W        1   7029.6
 40CW  08-Jan-24 16:46 0021  OK6OK          599  599  018                    1   7029.6
 40CW  08-Jan-24 16:47 0022  HA7MF          599  599  016           F        1   7029.6
 40CW  08-Jan-24 16:47 0023  YL2KO          599  599  022           O        1   7029.6
 40CW  08-Jan-24 16:48 0024  SM5IMO         599  599  035                    1   7029.6
 40CW  08-Jan-24 16:49 0025  HA6NL          599  599  021                    1   7029.6
 40CW  08-Jan-24 16:50 0026  OM3CQ          599  599  022           Q        1   7029.6
 40CW  08-Jan-24 16:50 0027  RX3Q           599  599  030                    1   7029.6
 40CW  08-Jan-24 16:51 0028  Z32TO          599  599  039                    1   7029.6
 40CW  08-Jan-24 16:51 0029  OK5SA          599  599  022           A        1   7029.6
 40CW  08-Jan-24 16:53 0030  OK5D           599  599  031           D        1   7029.6
 40CW  08-Jan-24 16:53 0031  M4N            599  599  033                    1   7029.6
 40CW  08-Jan-24 16:54 0032  9A4BA          599  599  012                    1   7029.6
 80CW  08-Jan-24 16:57 0033  OM5B           599  599  052           B        1   3537.7
 80CW  08-Jan-24 16:58 0034  SN2S           599  599  034           S        1   3537.7
 80CW  08-Jan-24 16:59 0035  OK1AY          599  599  046           Y        1   3537.7
 80CW  08-Jan-24 16:59 0036  OK1FRD         599  599  030           D        1   3537.7
 80CW  08-Jan-24 17:01 0037  DK3AX          599  599  027           X        1   3537.7
 80CW  08-Jan-24 17:02 0038  OK1TN          599  599  047           N        1   3537.7
 80CW  08-Jan-24 17:02 0039  OK2PYA         599  599  052           A        1   3537.7
 80CW  08-Jan-24 17:03 0040  G8N            599  599  027                    1   3537.7
 80CW  08-Jan-24 17:04 0041  DJ3WE          599  599  042           E        1   3537.7
 80CW  08-Jan-24 17:04 0042  DR2C           599  599  041           C        1   3537.7
 80CW  08-Jan-24 17:05 0043  DK2FG          599  599  049           G        1   3537.7
 80CW  08-Jan-24 17:05 0044  DL8QS          599  599  051                    1   3537.7
 80CW  08-Jan-24 17:06 0045  SP3VT          599  599  034           T        1   3537.7
 80CW  08-Jan-24 17:08 0046  OK2BFN         599  599  061                    1   3540.8
 80CW  08-Jan-24 17:12 0047  OL4W           599  599  064           W        1   3541.5
 80CW  08-Jan-24 17:13 0048  OL8R           599  599  113           R        1   3541.5
 80CW  08-Jan-24 17:13 0049  OK1TD          599  599  059                    1   3541.5
 80CW  08-Jan-24 17:14 0050  SN1T           599  599  079                    1   3541.5
 80CW  08-Jan-24 17:14 0051  SM5DXR         599  599  038                    1   3541.5
 80CW  08-Jan-24 17:14 0052  DF1MM          599  599  068           M        1   3541.5
 80CW  08-Jan-24 17:15 0053  DM5I           599  599  102           I        1   3541.5
 80CW  08-Jan-24 17:15 0054  DR7T           599  599  071                    1   3541.5
 80CW  08-Jan-24 17:16 0055  DM6EE          599  599  063                    1   3541.5
 80CW  08-Jan-24 17:16 0056  SP2QG          599  599  074                    1   3541.5
 80CW  08-Jan-24 17:17 0057  SD6M           599  599  041                    1   3541.5
 80CW  08-Jan-24 17:17 0058  SP3CW          599  599  071                    1   3541.5
 80CW  08-Jan-24 17:18 0059  DL5XL          599  599  068           L        1   3541.5
 80CW  08-Jan-24 17:19 0060  OM5KM          599  599  063                    1   3541.5
 80CW  08-Jan-24 17:21 0061  SP8BXL         599  599  045                    1   3541.5
 80CW  08-Jan-24 17:23 0062  DL6MHW         599  599  088                    1   3541.4
 80CW  08-Jan-24 17:24 0063  M7R            599  599  043                    1   3541.4
 80CW  08-Jan-24 17:25 0064  OK1TRJ         599  599  064           J        1   3541.4
 80CW  08-Jan-24 17:28 0065  SO3O           599  599  086           O        1   3541.4
 80CW  08-Jan-24 17:29 0066  SD6F           599  599  085           F        1   3541.4
 80CW  08-Jan-24 17:29 0067  DL1DWR         599  599  070                    1   3541.4
 80CW  08-Jan-24 17:29 0068  DL3RAR         599  599  051                    1   3541.4
