160CW  27-Jan-24 22:33 0001  9A5W           599  599  15            9A   15  3   1813.2
160CW  27-Jan-24 22:33 0002  HB9AUS         599  599  14            HB   14  3   1813.6
160CW  27-Jan-24 22:34 0003  S56X           599  599  15            S5       3   1814.0
160CW  27-Jan-24 22:34 0004  OL3Z           599  599  15            OK       3   1814.2
160CW  27-Jan-24 22:35 0005  9A5Y           599  599  15                     3   1815.2
160CW  27-Jan-24 22:36 0006  S50C           599  599  15                     3   1816.8
160CW  27-Jan-24 22:37 0007  DL2SWW         599  599  14            DL       2   1817.2
160CW  27-Jan-24 22:37 0008  DL2CC          599  599  14                     2   1817.5
160CW  27-Jan-24 22:38 0009  DR3V           599  599  14                     2   1818.2
160CW  27-Jan-24 22:39 0010  S50W           599  599  15                     3   1818.8
160CW  27-Jan-24 22:39 0011  OE2S           599  599  15            OE       3   1819.2
160CW  27-Jan-24 22:39 0012  YT3X           599  599  15            YU       3   1819.5
160CW  27-Jan-24 22:41 0013  DK1NO          599  599  14                     2   1820.5
160CW  27-Jan-24 22:43 0014  II2A           599  599  15            I        3   1821.4
160CW  27-Jan-24 22:43 0015  G5W            599  599  14            G        3   1821.7
160CW  27-Jan-24 22:43 0016  9A5M           599  599  15                     3   1822.6
160CW  27-Jan-24 22:44 0017  DL2SAX         599  599  14                     2   1823.4
160CW  27-Jan-24 22:44 0018  OM7M           599  599  15            OM       3   1824.0
160CW  27-Jan-24 22:45 0019  DK8FD          599  599  14                     2   1824.4
160CW  27-Jan-24 22:45 0020  DJ0MDR         599  599  14                     2   1825.0
160CW  27-Jan-24 22:46 0021  S57Q           599  599  15                     3   1825.7
160CW  27-Jan-24 22:48 0022  OG9W           599  599  15            OH       3   1826.6
160CW  27-Jan-24 22:49 0023  9A5TW          599  599  15                     3   1827.0
160CW  27-Jan-24 22:50 0024  HB9CVQ         599  599  14                     3   1827.3
160CW  27-Jan-24 22:50 0025  SP9LAS         599  599  15            SP       3   1827.5
160CW  27-Jan-24 22:50 0026  E7DX           599  599  15            E7       3   1827.8
160CW  27-Jan-24 22:51 0027  DR4A           599  599  14                     2   1828.5
160CW  27-Jan-24 22:52 0028  SM2U           599  599  14            SM       3   1828.8
160CW  27-Jan-24 22:52 0029  OM7K           599  599  15                     3   1829.1
160CW  27-Jan-24 22:56 0030  DL7ON          599  599  14                     2   1829.8
160CW  27-Jan-24 22:56 0031  HB9PUE         599  599  14                     3   1830.1
160CW  27-Jan-24 22:58 0032  SC7DX          599  599  14                     3   1831.5
160CW  27-Jan-24 22:58 0033  HG8DX          599  599  15            HA       3   1831.7
160CW  27-Jan-24 22:59 0034  SE4A           599  599  14                     3   1832.3
160CW  27-Jan-24 22:59 0035  SN2B           599  599  15                     3   1832.7
160CW  27-Jan-24 23:00 0036  S52NY          599  599  15                     3   1833.3
160CW  27-Jan-24 23:00 0037  HA3DX          599  599  15                     3   1834.0
160CW  27-Jan-24 23:01 0038  DA0RR          599  599  14                     2   1834.2
160CW  27-Jan-24 23:01 0039  SP2QG          599  599  15                     3   1834.5
160CW  27-Jan-24 23:02 0040  OK5T           599  599  15                     3   1835.1
160CW  27-Jan-24 23:02 0041  G4AQG          599  599  14                     3   1835.6
160CW  27-Jan-24 23:03 0042  OK5Z           599  599  15                     3   1836.0
160CW  27-Jan-24 23:03 0043  IO3F           599  599  15                     3   1836.2
160CW  27-Jan-24 23:05 0044  DP4E           599  599  14                     2   1836.8
160CW  27-Jan-24 23:06 0045  S58M           599  599  15                     3   1837.3
160CW  27-Jan-24 23:07 0046  II2Q           599  599  15                     3   1837.6
160CW  27-Jan-24 23:07 0047  LX1NO          599  599  14            LX       3   1837.9
160CW  27-Jan-24 23:08 0048  II4B           599  599  15                     3   1838.5
160CW  27-Jan-24 23:08 0049  HB0DX          599  599  14            HB0      3   1839.2
160CW  27-Jan-24 23:10 0050  G4BUO          599  599  14                     3   1844.3
160CW  27-Jan-24 23:10 0051  G6T            599  599  14                     3   1844.7
160CW  27-Jan-24 23:11 0052  IN3ASW         599  599  15                     3   1846.2
160CW  27-Jan-24 23:11 0053  SN7Q           599  599  15                     3   1846.8
160CW  27-Jan-24 23:12 0054  OK1DOL         599  599  15                     3   1847.6
160CW  27-Jan-24 23:12 0055  IP0A           599  599  15                     3   1848.2
160CW  27-Jan-24 23:13 0056  LY2XW          599  599  15            LY       3   1848.5
160CW  27-Jan-24 23:16 0057  SP3HLM         599  599  15                     3   1850.8
160CW  27-Jan-24 23:17 0058  IK4DCX         599  599  15                     3   1851.5
160CW  27-Jan-24 23:18 0059  S53M           599  599  15                     3   1852.8
160CW  27-Jan-24 23:18 0060  PA4VHF         599  599  14            PA       3   1853.1
160CW  27-Jan-24 23:19 0061  SP8R           599  599  15                     3   1854.2
160CW  27-Jan-24 23:20 0062  OK2ZV          599  599  15                     3   1855.5
160CW  27-Jan-24 23:20 0063  DM3F           599  599  14                     2   1857.0
160CW  27-Jan-24 23:21 0064  DL5JS          599  599  14                     2   1858.3
160CW  27-Jan-24 23:21 0065  UW5ZO          599  599  16            UR   16  3   1859.8
160CW  27-Jan-24 23:22 0066  LX7I           599  599  14                     3   1864.8
160CW  27-Jan-24 23:23 0067  LY4A           599  599  15                     3   1866.0
160CW  27-Jan-24 23:24 0068  DJ9AO          599  599  14                     2   1867.3
160CW  27-Jan-24 23:24 0069  OK6Y           599  599  15                     3   1868.9
160CW  27-Jan-24 23:24 0070  S57KM          599  599  15                     3   1870.8
160CW  27-Jan-24 23:25 0071  S50K           599  599  15                     3   1826.1
160CW  27-Jan-24 23:27 0072  DL2RTJ         599  599  14                     2   1824.4
160CW  28-Jan-24 17:20 0073  DL7URH         599  599  14                     2   1872.7
160CW  28-Jan-24 17:20 0074  DL4ZA          599  599  14                     2   1874.0
160CW  28-Jan-24 17:22 0075  DJ5IW          599  599  14                     2   1864.0
160CW  28-Jan-24 17:24 0076  OM3CPF         599  599  15                     3   1860.0
160CW  28-Jan-24 17:25 0077  DF4PD          599  599  14                     2   1858.9
160CW  28-Jan-24 17:26 0078  HA2KMR         599  599  15                     3   1854.8
160CW  28-Jan-24 17:27 0079  DJ5AN          599  599  14                     2   1854.0
160CW  28-Jan-24 17:27 0080  DF3VM          599  599  14                     2   1853.2
160CW  28-Jan-24 17:28 0081  DP6A           599  599  14                     2   1850.8
160CW  28-Jan-24 17:30 0082  IK1PMR         599  599  15                     3   1847.5
160CW  28-Jan-24 17:31 0083  OP3T           599  599  14            ON       3   1846.0
160CW  28-Jan-24 17:35 0084  MU5E           599  599  14            GU       3   1845.2
160CW  28-Jan-24 17:36 0085  G4PVM          599  599  14                     3   1843.7
160CW  28-Jan-24 17:37 0086  9A9R           599  599  15                     3   1843.0
160CW  28-Jan-24 17:37 0087  PA2A           599  599  14                     3   1841.7
160CW  28-Jan-24 17:40 0088  IG9/S57DX      599  599  33            IG9  33  5   1819.2
160CW  28-Jan-24 17:47 0089  DM100FK        599  599  14                     2   1827.0
160CW  28-Jan-24 17:48 0090  UT6UD          599  599  16                     3   1826.0
160CW  28-Jan-24 17:51 0091  SM5IMO         599  599  14                     3   1847.8
160CW  28-Jan-24 17:53 0092  DK5KK          599  599  14                     2   1831.1
160CW  28-Jan-24 17:54 0093  DF0RW          599  599  14                     2   1865.0
160CW  28-Jan-24 17:54 0094  DA0T           599  599  14                     2   1862.7
160CW  28-Jan-24 17:55 0095  SP3GTS         599  599  15                     3   1858.4
160CW  28-Jan-24 17:57 0096  OK1FMX         599  599  15                     3   1855.7
160CW  28-Jan-24 17:58 0097  DK1FT          599  599  14                     2   1854.7
160CW  28-Jan-24 18:07 0098  9A3JH          599  599  15                     3   1844.1
160CW  28-Jan-24 18:25 0099  EI6JK          599  599  14            EI       3   1839.7
160CW  28-Jan-24 18:27 0100  OZ2TF          599  599  14            OZ       3   1839.0
160CW  28-Jan-24 18:29 0101  DL5IAH         599  599  14                     2   1838.1
160CW  28-Jan-24 18:31 0102  YL7X           599  599  15            YL       3   1857.0
160CW  28-Jan-24 18:32 0103  SP9DLY         599  599  15                     3   1857.0
160CW  28-Jan-24 18:33 0104  DL6ON          599  599  14                     2   1857.0
160CW  28-Jan-24 18:33 0105  DL4CF          599  599  14                     2   1857.0
160CW  28-Jan-24 18:34 0106  LY4L           599  599  15                     3   1857.0
160CW  28-Jan-24 18:34 0107  SP2LNW         599  599  15                     3   1857.0
160CW  28-Jan-24 18:35 0108  DA0BCC         599  599  14                     2   1857.0
160CW  28-Jan-24 18:35 0109  DK5DQ          599  599  14                     2   1857.0
160CW  28-Jan-24 18:36 0110  DC6O           599  599  14                     2   1857.0
160CW  28-Jan-24 18:38 0111  DK7HA          599  599  14                     2   1857.0
160CW  28-Jan-24 18:38 0112  S54A           599  599  15                     3   1857.0
160CW  28-Jan-24 18:38 0113  IZ3GNG         599  599  15                     3   1857.0
160CW  28-Jan-24 18:39 0114  DJ9CN          599  599  14                     2   1857.0
160CW  28-Jan-24 18:39 0115  ES5QA          599  599  15            ES       3   1857.0
160CW  28-Jan-24 18:40 0116  HA8TKS         599  599  15                     3   1857.0
160CW  28-Jan-24 18:41 0117  US6EX          599  599  16                     3   1857.0
160CW  28-Jan-24 18:41 0118  EU4E           599  599  16            EU       3   1857.0
160CW  28-Jan-24 18:42 0119  DJ8VH          599  599  14                     2   1857.0
160CW  28-Jan-24 18:42 0120  DK2OY          599  599  14                     2   1857.0
160CW  28-Jan-24 18:43 0121  E7CW           599  599  15                     3   1857.0
160CW  28-Jan-24 18:43 0122  DK9IP          599  599  14                     2   1857.0
160CW  28-Jan-24 18:43 0123  DK3WW          599  599  14                     2   1857.0
160CW  28-Jan-24 18:44 0124  OL7P           599  599  15                     3   1857.0
160CW  28-Jan-24 18:44 0125  S51YI          599  599  15                     3   1857.0
160CW  28-Jan-24 18:44 0126  HA8BE          599  599  15                     3   1857.0
160CW  28-Jan-24 18:45 0127  OL1C           599  599  15                     3   1857.0
160CW  28-Jan-24 18:45 0128  PA0O           599  599  14                     3   1857.0
160CW  28-Jan-24 18:45 0129  DL9EE          599  599  14                     2   1857.0
160CW  28-Jan-24 18:46 0130  DL4WA          599  599  14                     2   1857.0
160CW  28-Jan-24 18:46 0131  DM4X           599  599  14                     2   1857.0
160CW  28-Jan-24 19:22 0132  DM7C           599  599  14                     2   1856.8
160CW  28-Jan-24 19:23 0133  DK2A           599  599  14                     2   1856.8
160CW  28-Jan-24 19:23 0134  DK5MB          599  599  14                     2   1856.8
160CW  28-Jan-24 19:23 0135  9A4M           599  599  15                     3   1856.8
160CW  28-Jan-24 19:24 0136  LY3B           599  599  15                     3   1856.8
160CW  28-Jan-24 19:24 0137  SD6F           599  599  14                     3   1856.8
160CW  28-Jan-24 19:24 0138  LY5R           599  599  15                     3   1856.8
160CW  28-Jan-24 19:25 0139  SP5BYC         599  599  15                     3   1856.8
160CW  28-Jan-24 19:25 0140  DF8XC          599  599  14                     2   1856.8
160CW  28-Jan-24 19:25 0141  F5TFW          599  599  14            F        3   1856.8
160CW  28-Jan-24 19:26 0142  OE5TXF         599  599  15                     3   1856.8
160CW  28-Jan-24 19:26 0143  DP9A           599  599  14                     2   1856.8
160CW  28-Jan-24 19:26 0144  PA5WT          599  599  14                     3   1856.8
160CW  28-Jan-24 19:27 0145  DJ8EW          599  599  14                     2   1856.8
160CW  28-Jan-24 19:28 0146  OL1A           599  599  15                     3   1856.8
160CW  28-Jan-24 19:28 0147  DK6WL          599  599  14                     2   1856.8
160CW  28-Jan-24 19:28 0148  S53O           599  599  15                     3   1856.8
160CW  28-Jan-24 19:29 0149  G3P            599  599  14                     3   1856.8
160CW  28-Jan-24 19:29 0150  4U1A           599  599  15                     3   1856.8
160CW  28-Jan-24 19:30 0151  HA1BC          599  599  15                     3   1856.8
160CW  28-Jan-24 19:32 0152  RK4FD          599  599  16            UA       3   1856.8
160CW  28-Jan-24 19:32 0153  G3V            599  599  14                     3   1856.8
160CW  28-Jan-24 19:33 0154  LY7M           599  599  15                     3   1856.8
160CW  28-Jan-24 19:33 0155  OZ3SM          599  599  14                     3   1856.8
160CW  28-Jan-24 19:34 0156  DK8NT          599  599  14                     2   1856.8
160CW  28-Jan-24 19:34 0157  DJ5KW          599  599  14                     2   1856.8
160CW  28-Jan-24 19:35 0158  DF3CE          599  599  14                     2   1856.8
160CW  28-Jan-24 19:36 0159  DM6EE          599  599  14                     2   1856.8
160CW  28-Jan-24 19:36 0160  OL7T           599  599  15                     3   1856.8
160CW  28-Jan-24 19:37 0161  DM3XRF         599  599  14                     2   1856.8
160CW  28-Jan-24 19:39 0162  LY5W           599  599  15                     3   1858.5
160CW  28-Jan-24 19:40 0163  RL3A           599  599  16                     3   1858.5
160CW  28-Jan-24 19:40 0164  S51KD          599  599  15                     3   1858.5
160CW  28-Jan-24 19:42 0165  DF9XV          599  599  14                     2   1858.5
160CW  28-Jan-24 19:42 0166  9A3B           599  599  15                     3   1858.5
160CW  28-Jan-24 19:43 0167  SO3O           599  599  15                     3   1858.5
160CW  28-Jan-24 19:44 0168  DK7ZT          599  599  14                     2   1858.5
160CW  28-Jan-24 19:44 0169  SN7O           599  599  15                     3   1858.5
160CW  28-Jan-24 19:44 0170  OK2YZ          599  599  15                     3   1858.5
160CW  28-Jan-24 19:45 0171  OE5MON         599  599  15                     3   1858.5
160CW  28-Jan-24 19:46 0172  S51J           599  599  15                     3   1858.5
160CW  28-Jan-24 19:46 0173  OL5Y           599  599  15                     3   1858.5
160CW  28-Jan-24 19:46 0174  OM8CW          599  599  15                     3   1858.5
160CW  28-Jan-24 19:47 0175  DK3UW          599  599  14                     2   1858.5
160CW  28-Jan-24 19:48 0176  IW2FUT         599  599  15                     3   1858.5
160CW  28-Jan-24 19:48 0177  PA5PR          599  599  14                     3   1858.5
160CW  28-Jan-24 19:48 0178  YT7KM          599  599  15                     3   1858.5
160CW  28-Jan-24 19:49 0179  OK2BFN         599  599  15                     3   1858.5
160CW  28-Jan-24 19:50 0180  OM2XA          599  599  15                     3   1858.5
160CW  28-Jan-24 19:51 0181  RK7M           599  599  16                     3   1858.5
160CW  28-Jan-24 19:51 0182  DL0NG          599  599  14                     2   1858.5
160CW  28-Jan-24 19:53 0183  9A3NC          599  599  15                     3   1858.5
160CW  28-Jan-24 19:53 0184  DL1KWK         599  599  14                     2   1858.5
160CW  28-Jan-24 19:54 0185  ES7A           599  599  15                     3   1858.5
160CW  28-Jan-24 19:54 0186  IK0YUT         599  599  15                     3   1858.5
160CW  28-Jan-24 19:55 0187  CR3W           599  599  33            CT3      5   1858.5
160CW  28-Jan-24 19:55 0188  HA8BT          599  599  15                     3   1858.5
160CW  28-Jan-24 19:55 0189  UY0ZG          599  599  16                     3   1858.5
160CW  28-Jan-24 19:56 0190  I4VEQ          599  599  15                     3   1858.5
160CW  28-Jan-24 19:56 0191  LY2J           599  599  15                     3   1858.5
160CW  28-Jan-24 19:57 0192  RM4F           599  599  16                     3   1858.5
160CW  28-Jan-24 19:57 0193  DK2CX          599  599  14                     2   1858.5
160CW  28-Jan-24 19:57 0194  HG7T           599  599  15                     3   1858.5
160CW  28-Jan-24 19:57 0195  OK1DTC         599  599  15                     3   1858.5
160CW  28-Jan-24 19:58 0196  HG6K           599  599  15                     3   1858.5
160CW  28-Jan-24 19:59 0197  HA4YF          599  599  15                     3   1858.5
160CW  28-Jan-24 19:59 0198  SM3U           599  599  14                     3   1858.5
160CW  28-Jan-24 19:59 0199  SP1D           599  599  15                     3   1858.5
160CW  28-Jan-24 20:00 0200  DL5XJ          599  599  14                     2   1858.5
160CW  28-Jan-24 20:00 0201  EW4A           599  599  16                     3   1858.5
160CW  28-Jan-24 20:00 0202  S54X           599  599  15                     3   1858.5
160CW  28-Jan-24 20:02 0203  DK2BJ          599  599  14                     2   1858.5
160CW  28-Jan-24 20:02 0204  DL1QQ          599  599  14                     2   1858.5
160CW  28-Jan-24 20:07 0205  OM5R           599  599  15                     3   1812.9
160CW  28-Jan-24 20:09 0206  F6EZV          599  599  14                     3   1816.0
160CW  28-Jan-24 20:10 0207  DF4XF          599  599  14                     2   1816.8
160CW  28-Jan-24 20:11 0208  OT4A           599  599  14                     3   1818.4
160CW  28-Jan-24 20:14 0209  HA3YE          599  599  15                     3   1821.3
160CW  28-Jan-24 20:15 0210  SN9Z           599  599  15                     3   1823.1
160CW  28-Jan-24 20:18 0211  R5WW           599  599  16                     3   1828.3
160CW  28-Jan-24 20:21 0212  G3T            599  599  14                     3   1829.8
160CW  28-Jan-24 20:23 0213  SE0X           599  599  14                     3   1832.7
160CW  28-Jan-24 20:23 0214  M4T            599  599  14                     3   1833.3
160CW  28-Jan-24 20:25 0215  DL2NBU         599  599  14                     2   1838.1
160CW  28-Jan-24 20:26 0216  SM6EAN         599  599  14                     3   1838.8
160CW  28-Jan-24 20:27 0217  IK5ZWU         599  599  15                     3   1839.1
160CW  28-Jan-24 20:29 0218  IK4VET         599  599  15                     3   1839.8
160CW  28-Jan-24 20:32 0219  UT5UGR         599  599  16                     3   1842.6
160CW  28-Jan-24 20:32 0220  OK7K           599  599  15                     3   1844.2
160CW  28-Jan-24 20:33 0221  OK2EA          599  599  15                     3   1845.7
160CW  28-Jan-24 20:34 0222  SP9W           599  599  15                     3   1846.2
160CW  28-Jan-24 20:35 0223  DK6SX          599  599  14                     2   1848.3
160CW  28-Jan-24 20:36 0224  SP2EWQ         599  599  15                     3   1848.8
160CW  28-Jan-24 20:41 0225  G3RLE          599  599  14                     3   1849.4
160CW  28-Jan-24 20:48 0226  DK6QW          599  599  14                     2   1851.7
160CW  28-Jan-24 20:48 0227  DJ0IF          599  599  14                     2   1851.7
160CW  28-Jan-24 20:49 0228  DL1BUG         599  599  14                     2   1851.7
160CW  28-Jan-24 20:49 0229  S53F           599  599  15                     3   1851.7
160CW  28-Jan-24 20:50 0230  DL6MHW         599  599  14                     2   1851.7
160CW  28-Jan-24 20:51 0231  S56A           599  599  15                     3   1851.7
160CW  28-Jan-24 20:53 0232  LC7X           599  599  14            LA       3   1851.7
160CW  28-Jan-24 20:54 0233  9A6M           599  599  15                     3   1851.7
160CW  28-Jan-24 20:55 0234  EA2AZ          599  599  14            EA       3   1851.7
160CW  28-Jan-24 20:56 0235  G4IRN          599  599  14                     3   1851.7
160CW  28-Jan-24 20:56 0236  US2YW          599  599  16                     3   1851.7
160CW  28-Jan-24 20:56 0237  IW5DPF         599  599  15                     3   1851.7
160CW  28-Jan-24 20:57 0238  OR3A           599  599  14                     3   1851.7
160CW  28-Jan-24 20:59 0239  SE3P           599  599  14                     3   1851.7
160CW  28-Jan-24 20:59 0240  YL2VW          599  599  15                     3   1851.7
160CW  28-Jan-24 21:00 0241  DM2X           599  599  14                     2   1851.9
160CW  28-Jan-24 21:01 0242  OL3R           599  599  15                     3   1854.4
160CW  28-Jan-24 21:01 0243  DM5GG          599  599  14                     2   1854.9
160CW  28-Jan-24 21:02 0244  DJ5MO          599  599  14                     2   1855.8
160CW  28-Jan-24 21:05 0245  9A7V           599  599  15                     3   1856.5
160CW  28-Jan-24 21:05 0246  SP9JZT         599  599  15                     3   1856.5
160CW  28-Jan-24 21:07 0247  OK1FKD         599  599  15                     3   1856.5
160CW  28-Jan-24 21:08 0248  M5M            599  599  14                     3   1856.5
160CW  28-Jan-24 21:09 0249  OH5Z           599  599  15                     3   1856.5
160CW  28-Jan-24 21:09 0250  YO5AVN         599  599  20            YO   20  3   1856.5
160CW  28-Jan-24 21:10 0251  LY9A           599  599  15                     3   1856.5
160CW  28-Jan-24 21:11 0252  LY2BKT         599  599  15                     3   1856.5
160CW  28-Jan-24 21:11 0253  G6XX           599  599  14                     3   1856.5
160CW  28-Jan-24 21:15 0254  DL6NBC         599  599  14                     2   1856.5
160CW  28-Jan-24 21:16 0255  EU8U           599  599  16                     3   1856.5
160CW  28-Jan-24 21:18 0256  DL3IAE         599  599  14                     2   1853.2
160CW  28-Jan-24 21:26 0257  OH7K           599  599  15                     3   1837.7
160CW  28-Jan-24 21:28 0258  II9P           599  599  15            IT9      3   1835.9
160CW  28-Jan-24 21:28 0259  4L5O           599  599  21            4L   21  5   1830.0
160CW  28-Jan-24 21:31 0260  DF8V           599  599  14                     2   1829.8
160CW  28-Jan-24 21:31 0261  CR6K           599  599  14            CT       3   1828.8
160CW  28-Jan-24 21:32 0262  SQ7U           599  599  15                     3   1828.6
160CW  28-Jan-24 21:33 0263  GM4Z           599  599  14            GM       3   1834.3
160CW  28-Jan-24 21:34 0264  OH3FM          599  599  15                     3   1833.4
160CW  28-Jan-24 21:34 0265  SO6OO          599  599  15                     3   1832.7
160CW  28-Jan-24 21:35 0266  CT9ABO         599  599  33                     5   1833.6
160CW  28-Jan-24 21:35 0267  DR5X           599  599  14                     2   1828.0
160CW  28-Jan-24 21:40 0268  G4PIQ          599  599  14                     3   1811.7
160CW  28-Jan-24 21:44 0269  SN4D           599  599  15                     3   1814.3
160CW  28-Jan-24 21:44 0270  DL5ANS         599  599  14                     2   1814.3
160CW  28-Jan-24 21:45 0271  DK6WA          599  599  14                     2   1814.3
160CW  28-Jan-24 21:45 0272  LY2ZO          599  599  15                     3   1814.3
160CW  28-Jan-24 21:46 0273  MM1E           599  599  14                     3   1814.3
160CW  28-Jan-24 21:47 0274  OK1TN          599  599  15                     3   1814.3
160CW  28-Jan-24 21:49 0275  P33W           599  599  20            5B       5   1813.5
160CW  28-Jan-24 21:50 0276  EU3A           599  599  16                     3   1814.3
160CW  28-Jan-24 21:51 0277  DP7A           599  599  14                     2   1814.3
160CW  28-Jan-24 21:52 0278  DK1KC          599  599  14                     2   1814.3
160CW  28-Jan-24 21:52 0279  SQ9IDE         599  599  15                     3   1814.3
160CW  28-Jan-24 21:53 0280  OK2VV          599  599  15                     3   1814.3
160CW  28-Jan-24 21:54 0281  OK1DKR         599  599  15                     3   1814.3
160CW  28-Jan-24 21:57 0282  HA8V           599  599  15                     3   1814.3
160CW  28-Jan-24 21:57 0283  SP7AS          599  599  15                     3   1814.3
160CW  28-Jan-24 21:57 0284  DP3P           599  599  14                     2   1814.3
160CW  28-Jan-24 21:59 0285  DJ2BC          599  599  14                     2   1814.3
