 40CW  06-Jan-24 14:27 0001  GM4Z           599  599  154           GM       3   7017.2
 40CW  06-Jan-24 14:29 0002  G4BUO          599  599  178           G        3   7018.0
 40CW  06-Jan-24 14:32 0003  G4R            599  599  072                    3   7019.3
 40CW  06-Jan-24 14:34 0004  M7Z            599  599  168                    3   7020.4
 40CW  06-Jan-24 14:34 0005  G4ARI          599  599  151                    3   7020.8
 40CW  06-Jan-24 14:36 0006  G3KNU          599  599  100                    3   7021.1
 40CW  06-Jan-24 14:37 0007  G6C            599  599  107                    3   7021.6
 40CW  06-Jan-24 14:42 0008  G3ZNU          599  599  081                    3   7025.7
 40CW  06-Jan-24 14:45 0009  SN7J           599  599  124           SP       3   7025.4
 40CW  06-Jan-24 14:48 0010  G3P            599  599  113                    3   7027.9
 40CW  06-Jan-24 14:50 0011  G0GQT          599  599  126                    3   7028.4
 40CW  06-Jan-24 14:51 0012  S52W           599  599  15            S5       3   7029.0
 40CW  06-Jan-24 14:52 0013  M0DHO          599  599  169                    3   7029.4
 40CW  06-Jan-24 14:53 0014  G3XTZ          599  599  128                    3   7030.2
 40CW  06-Jan-24 16:02 0015  IK1PMR         599  599  15            I        3   7006.1
 40CW  06-Jan-24 16:03 0016  G5W            599  599  304                    3   7006.6
 40CW  06-Jan-24 16:06 0017  LY4Y           599  599  035           LY       3   7010.2
 40CW  06-Jan-24 16:07 0018  MM0T           599  599  214                    3   7011.4
 40CW  06-Jan-24 16:08 0019  LZ1ZJ          599  599  20            LZ       3   7012.4
 40CW  06-Jan-24 16:09 0020  S57AW          599  599  LJA                    3   7013.1
 40CW  06-Jan-24 16:12 0021  SP2FAP         599  599  15                     3   7015.4
 40CW  06-Jan-24 16:13 0022  S53F           599  599  15                     3   7016.0
 40CW  06-Jan-24 16:15 0023  M7W            599  599  295                    3   7017.8
