 40CW  01-Apr-24 16:55 0001  SD6M           599  599  034           SM       3   7039.5
 40CW  01-Apr-24 16:56 0002  OK1DOR         599  599  036           OK       3   7038.9
 40CW  01-Apr-24 16:58 0003  OK1FGD         599  599  031                    3   7036.7
 40CW  01-Apr-24 16:59 0004  SM5ACQ         599  599  026                    3   7036.0
 40CW  01-Apr-24 17:00 0005  OK1DM          599  599  039                    3   7031.6
 40CW  01-Apr-24 17:01 0006  HA5OV          599  599  042           HA       3   7031.0
 40CW  01-Apr-24 17:01 0007  SP2QG          599  599  057           SP       3   7030.7
 40CW  01-Apr-24 17:02 0008  OK1RZ          599  599  056                    3   7030.3
 40CW  01-Apr-24 17:03 0009  SN5N           599  599  055                    3   7027.8
 40CW  01-Apr-24 17:04 0010  SE0B           599  599  050                    3   7027.2
 40CW  01-Apr-24 17:05 0011  YL3FW          599  599  030           YL       3   7026.5
 40CW  01-Apr-24 17:06 0012  SV1DAY         599  599  043           SV       3   7026.0
 40CW  01-Apr-24 17:14 0013  PA3ARM         599  599  043           PA       3   7021.9
 40CW  01-Apr-24 17:14 0014  YU1RA          599  599  047           YU       3   7021.0
 40CW  01-Apr-24 17:15 0015  OK2NO          599  599  068                    3   7019.5
 40CW  01-Apr-24 17:16 0016  OZ7BQ          599  599  049           OZ       3   7018.3
 40CW  01-Apr-24 17:16 0017  OM5CM          599  599  060           OM       3   7030.5
 40CW  01-Apr-24 17:17 0018  SP4TKR         599  599  075                    3   7028.2
 40CW  01-Apr-24 17:18 0019  HB9BXE         599  599  071           HB       3   7027.9
 40CW  01-Apr-24 17:18 0020  PA3AAV         599  599  077                    3   7027.4
 40CW  01-Apr-24 17:19 0021  OK2VX          599  599  046                    3   7026.9
 40CW  01-Apr-24 17:19 0022  OK2WY          599  599  064                    3   7026.5
 40CW  01-Apr-24 17:20 0023  OM3TBG         599  599  051                    3   7025.3
 40CW  01-Apr-24 17:20 0024  OK1TN          599  599  072                    3   7024.8
 40CW  01-Apr-24 17:21 0025  DF7YE          599  599  060           DL       2   7023.5
 40CW  01-Apr-24 17:22 0026  IK2AVH         599  599  038           I        3   7022.4
 40CW  01-Apr-24 17:23 0027  9A1AAD         599  599  016           9A       3   7020.4
 80CW  01-Apr-24 17:26 0028  SN1T           599  599  111           SP       3   3539.0
 80CW  01-Apr-24 17:27 0029  OK1DSZ         599  599  102           OK       3   3540.2
 80CW  01-Apr-24 17:28 0030  S53F           599  599  104           S5       3   3541.9
 80CW  01-Apr-24 17:29 0031  OK1AY          599  599  055                    3   3542.6
