 40CW  22-Jan-24 16:33 0001  SP2QG          599  599  001           SP       3   7038.8
 40CW  22-Jan-24 16:35 0002  OZ7BQ          599  599  006           OZ       3   7038.8
 40CW  22-Jan-24 16:35 0003  OK1WSL         599  599  008           OK       3   7038.8
 40CW  22-Jan-24 16:36 0004  OK1DSZ         599  599  009                    3   7038.8
 40CW  22-Jan-24 16:36 0005  OK1FKD         599  599  010                    3   7038.8
 40CW  22-Jan-24 16:37 0006  M4N            599  599  014           G        3   7038.8
 40CW  22-Jan-24 16:37 0007  OK2VX          599  599  009                    3   7038.8
 40CW  22-Jan-24 16:38 0008  DK5DQ          599  599  014           DL       2   7038.8
 40CW  22-Jan-24 16:38 0009  OM2KI          599  599  021           OM       3   7038.8
 40CW  22-Jan-24 16:39 0010  OK1OA          599  599  011                    3   7038.8
 40CW  22-Jan-24 16:39 0011  SP3VT          599  599  018                    3   7038.8
 40CW  22-Jan-24 16:39 0012  SM5CSS         599  599  019           SM       3   7038.8
 40CW  22-Jan-24 16:40 0013  OK5SA          599  599  012                    3   7038.8
 40CW  22-Jan-24 16:40 0014  DF1DX          599  599  014                    2   7038.8
 40CW  22-Jan-24 16:42 0015  OG6B           599  599  021           OH       3   7038.8
 40CW  22-Jan-24 16:42 0016  S52W           599  599  024           S5       3   7038.8
 40CW  22-Jan-24 16:43 0017  OK1NG          599  599  020                    3   7038.8
 40CW  22-Jan-24 16:44 0018  OM3ZU          599  599  019                    3   7038.8
 40CW  22-Jan-24 16:44 0019  HA6NL          599  599  029           HA       3   7038.8
 40CW  22-Jan-24 16:45 0020  OK1DRQ         599  599  030                    3   7038.8
 40CW  22-Jan-24 16:45 0021  DL6MHW         599  599  020                    2   7038.8
 40CW  22-Jan-24 16:46 0022  DA0BCC         599  599  026                    2   7038.8
 40CW  22-Jan-24 16:46 0023  DF4ZL          599  599  023                    2   7038.8
 40CW  22-Jan-24 16:47 0024  DM7W           599  599  032                    2   7038.8
 40CW  22-Jan-24 16:48 0025  OK5M           599  599  048                    3   7038.8
 40CW  22-Jan-24 16:48 0026  OL1T           599  599  036                    3   7038.8
 40CW  22-Jan-24 16:49 0027  OK1TD          599  599  028                    3   7038.8
 40CW  22-Jan-24 16:50 0028  OM5AA          599  599  025                    3   7038.8
 40CW  22-Jan-24 16:51 0029  SM6M           599  599  054                    3   7038.1
 40CW  22-Jan-24 16:52 0030  DL5YAS         599  599  031                    2   7036.7
 40CW  22-Jan-24 16:53 0031  SN1F           599  599  026                    3   7036.1
 40CW  22-Jan-24 16:54 0032  OK1DOR         599  599  043                    3   7034.1
 40CW  22-Jan-24 16:55 0033  DL1NKS         599  599  055                    2   7033.5
 40CW  22-Jan-24 16:56 0034  SP4G           599  599  055                    3   7032.4
 40CW  22-Jan-24 16:57 0035  DJ3WE          599  599  049                    2   7031.1
 40CW  22-Jan-24 16:58 0036  OK1DEP         599  599  047                    3   7029.7
 40CW  22-Jan-24 16:58 0037  EA3X           599  599  056           EA       3   7029.0
 40CW  22-Jan-24 16:59 0038  SM5ACQ         599  599  045                    3   7028.7
 40CW  22-Jan-24 17:01 0039  SC6O           599  599  045                    3   7026.9
 40CW  22-Jan-24 17:01 0040  SM5S           599  599  031                    3   7026.0
 40CW  22-Jan-24 17:02 0041  DJ9SN          599  599  036                    2   7025.1
 40CW  22-Jan-24 17:03 0042  OK2EA          599  599  060                    3   7024.4
 40CW  22-Jan-24 17:04 0043  OL8R           599  599  090                    3   7024.0
 40CW  22-Jan-24 17:05 0044  Z32TO          599  599  053           Z3       3   7030.5
 40CW  22-Jan-24 17:06 0045  OK5D           599  599  058                    3   7030.5
 40CW  22-Jan-24 17:06 0046  SP8IOV         599  599  035                    3   7030.5
 40CW  22-Jan-24 17:07 0047  SE5T           599  599  056                    3   7030.5
 80CW  22-Jan-24 17:09 0048  SP3CW          599  599  043           SP       3   3546.1
 80CW  22-Jan-24 17:09 0049  DM4IM          599  599  061           DL       2   3546.1
 80CW  22-Jan-24 17:09 0050  OM5B           599  599  059           OM       3   3546.1
 80CW  22-Jan-24 17:10 0051  OK2PYA         599  599  055           OK       3   3546.1
 80CW  22-Jan-24 17:10 0052  OK1DSZ         599  599  075                    3   3546.1
 80CW  22-Jan-24 17:11 0053  SP3VT          599  599  070                    3   3546.1
 80CW  22-Jan-24 17:13 0054  HA5MA          599  599  073           HA       3   3546.0
 80CW  22-Jan-24 17:13 0055  OM5KM          599  599  056                    3   3546.0
 80CW  22-Jan-24 17:14 0056  OK2BFN         599  599  060                    3   3546.0
 80CW  22-Jan-24 17:14 0057  DR2C           599  599  092                    2   3546.0
 80CW  22-Jan-24 17:15 0058  OK1NU          599  599  041                    3   3546.0
 80CW  22-Jan-24 17:16 0059  OL4W           599  599  063                    3   3546.0
 80CW  22-Jan-24 17:16 0060  OK1TD          599  599  060                    3   3546.0
 80CW  22-Jan-24 17:18 0061  SN5J           599  599  063                    3   3546.0
 80CW  22-Jan-24 17:19 0062  OK2WY          599  599  061                    3   3546.5
 80CW  22-Jan-24 17:20 0063  SO3O           599  599  054                    3   3545.5
 80CW  22-Jan-24 17:20 0064  OK1DRQ         599  599  090                    3   3544.5
 80CW  22-Jan-24 17:22 0065  OK1DEP         599  599  089                    3   3541.4
 80CW  22-Jan-24 17:22 0066  DF7YE          599  599  094                    2   3540.9
 80CW  22-Jan-24 17:23 0067  OM5JA          599  599  052                    3   3540.0
 80CW  22-Jan-24 17:24 0068  DL1NKS         599  599  111                    2   3539.0
 80CW  22-Jan-24 17:24 0069  OK1TN          599  599  077                    3   3538.6
 80CW  22-Jan-24 17:25 0070  SD6F           599  599  101           SM       3   3538.3
 80CW  22-Jan-24 17:26 0071  DJ9MH          599  599  093                    2   3537.5
 80CW  22-Jan-24 17:26 0072  DL5YM          599  599  049                    2   3536.8
 80CW  22-Jan-24 17:27 0073  DF3VM          599  599  018                    2   3536.5
 80CW  22-Jan-24 17:27 0074  PA3DBS         599  599  069           PA       3   3535.4
 80CW  22-Jan-24 17:28 0075  DL5YAS         599  599  076                    2   3534.7
 80CW  22-Jan-24 17:29 0076  DF1DX          599  599  081                    2   3532.9
