 40CW  28-Nov-24 07:03 0001  OK1OA          599  599  Jiri OK       OK1OA    1   7023.6
 40CW  28-Nov-24 07:04 0002  OK5M           599  599  Vit 2499      OK5M     1   7026.9
 40CW  28-Nov-24 07:06 0003  SM5ACQ         599  599  Don 1573      SM5ACQ   1   7028.6
 40CW  28-Nov-24 07:07 0004  HA6NL          599  599  Laci 3400     HA6NL    1   7027.9
 40CW  28-Nov-24 07:07 0005  GW0KRL         599  599  Ian 2896      GW0KRL   1   7027.9
 40CW  28-Nov-24 07:07 0006  G0TRT          599  599  Cie 3429      G0TRT    1   7027.9
 40CW  28-Nov-24 07:08 0007  N4DW           599  599  Dave 923      N4DW     1   7027.9
 40CW  28-Nov-24 07:08 0008  DL3GJ          599  599  Greg DL       DL3GJ    1   7027.9
 40CW  28-Nov-24 07:09 0009  M4N            599  599  Mike 2511     M4N      1   7027.9
 40CW  28-Nov-24 07:09 0010  LY2MM          599  599  AL            LY2MM    1   7027.9
 40CW  28-Nov-24 07:10 0011  MM0UMH         599  599  Les 3509      MM0UMH   1   7027.9
 40CW  28-Nov-24 07:10 0012  PA2TA          599  599  TJ 2955       PA2TA    1   7027.9
 40CW  28-Nov-24 07:10 0013  G0OOD          599  599  Tim 2941      G0OOD    1   7027.9
 40CW  28-Nov-24 07:11 0014  DM6EE          599  599  Lutz 2654     DM6EE    1   7027.9
 40CW  28-Nov-24 07:11 0015  PC4H           599  599  Henk 3399     PC4H     1   7027.9
 40CW  28-Nov-24 07:12 0016  DJ2IA          599  599  Dieter DL     DJ2IA    1   7027.9
 40CW  28-Nov-24 07:12 0017  SM7CIL         599  599  Arne 1410     SM7CIL   1   7027.9
 40CW  28-Nov-24 07:13 0018  G3LDI          599  599  Roger 1843    G3LDI    1   7027.9
 40CW  28-Nov-24 07:13 0019  OH3BCX         599  599  Zaba 1856     OH3BCX   1   7027.9
 40CW  28-Nov-24 07:14 0020  F8GNV          599  599  RIC F         F8GNV    1   7027.9
 40CW  28-Nov-24 07:14 0021  G4PVM          599  599  Paul 2413     G4PVM    1   7027.9
 40CW  28-Nov-24 07:15 0022  SE4E           599  599  Lars 950      SE4E     1   7027.9
 40CW  28-Nov-24 07:15 0023  G4LJU          599  599  Colin G       G4LJU    1   7027.9
 40CW  28-Nov-24 07:16 0024  ON4ATK         599  599  ON            ON4ATK   1   7027.9
 40CW  28-Nov-24 07:16 0025  PA0INA         599  599  Frans 443     PA0INA   1   7027.9
 40CW  28-Nov-24 07:19 0026  SM5IMO         599  599  Dan 1854      SM5IMO   1   7027.4
 40CW  28-Nov-24 07:20 0027  N2NT           599  599  Andy 2036     N2NT     1   7026.9
 40CW  28-Nov-24 07:21 0028  SM2EKM         599  599  Jim 2976      SM2EKM   1   7026.0
 40CW  28-Nov-24 07:21 0029  SE80TG         599  599  ERIK 178      SE80TG   1   7025.5
 40CW  28-Nov-24 07:23 0030  SE5T           599  599  Kare 3467     SE5T     1   7024.4
 40CW  28-Nov-24 07:24 0031  9A1AA          599  599  Ivo 2447      9A1AA    1   7038.1
 40CW  28-Nov-24 07:25 0032  DM2DZM         599  599  Peter DL      DM2DZM   1   7037.0
 40CW  28-Nov-24 07:26 0033  EA6BF          599  599  Josep 3072    EA6BF    1   7036.6
 40CW  28-Nov-24 07:28 0034  ON7PQ          599  599  Pat 2365      ON7PQ    1   7032.0
 40CW  28-Nov-24 07:28 0035  SF6J           599  599  Goran 3471    SF6J     1   7031.6
 40CW  28-Nov-24 07:30 0036  F5IN           599  599  Mike F        F5IN     1   7030.5
 40CW  28-Nov-24 07:30 0037  SM3EVR         599  599  Tord 261      SM3EVR   1   7030.2
 40CW  28-Nov-24 07:32 0038  K3MM           599  599  Ty 114        K3MM     1   7027.7
 40CW  28-Nov-24 07:32 0039  K1DJ           599  599  Rich 1556     K1DJ     1   7027.7
 20CW  28-Nov-24 07:34 0040  9A1AA          599  599  Ivo 2447               1  14043.0
 20CW  28-Nov-24 07:35 0041  LY2MM          599  599  AL 3532                1  14039.8
 20CW  28-Nov-24 07:35 0042  Z35M           599  599  Vlado Z3      Z35M     1  14038.0
 20CW  28-Nov-24 07:37 0043  OK2NAJ         599  599  Jiri 2740     OK2NAJ   1  14032.9
 20CW  28-Nov-24 07:37 0044  SM5IMO         599  599  Dan 1854               1  14032.1
 20CW  28-Nov-24 07:38 0045  OK2BFN         599  599  TOM OK        OK2BFN   1  14031.5
 20CW  28-Nov-24 07:40 0046  NA8V           599  599  Greg 1214     NA8V     1  14035.6
 20CW  28-Nov-24 07:41 0047  HA6NL          599  599  Laci 3400              1  14035.6
 20CW  28-Nov-24 07:41 0048  OH2BN          599  599  Jarmo 135     OH2BN    1  14035.6
 20CW  28-Nov-24 07:42 0049  SM7CIL         599  599  Arne 1410              1  14035.6
 20CW  28-Nov-24 07:43 0050  SE5T           599  599  Kare 3467              1  14035.6
 20CW  28-Nov-24 07:45 0051  OH3BCX         599  599  Zaba 1856              1  14035.6
 20CW  28-Nov-24 07:46 0052  W2QL           599  599  John 2331     W2QL     1  14035.6
 20CW  28-Nov-24 07:47 0053  SN5N           599  599  Chris SP      SN5N     1  14035.6
 20CW  28-Nov-24 07:48 0054  PC4H           599  599  Henk 3399              1  14035.6
 20CW  28-Nov-24 07:48 0055  SE4E           599  599  Lars 950               1  14035.6
 20CW  28-Nov-24 07:49 0056  N3JT           599  599  Jim 1         N3JT     1  14035.6
 20CW  28-Nov-24 07:50 0057  K1DJ           599  599  Rich 1556              1  14035.6
 20CW  28-Nov-24 07:51 0058  K3MM           599  599  Ty 114                 1  14035.6
 20CW  28-Nov-24 07:53 0059  SO5CW          599  599  Fabian 1566   SO5CW    1  14035.6
 20CW  28-Nov-24 07:55 0060  SE80TG         599  599  ERIK 178               1  14035.0
 20CW  28-Nov-24 07:56 0061  F6HKA          599  599  Bert 1088     F6HKA    1  14033.8
 20CW  28-Nov-24 07:57 0062  OK2QA          599  599  Ruda 2891     OK2QA    1  14030.9
 20CW  28-Nov-24 07:59 0063  SF6J           599  599  Goran 3471             1  14026.8
