 40CW  18-Mar-24 16:30 0001  DD5M           599  599  001           DL       2   7039.4
 40CW  18-Mar-24 16:30 0002  SM5CSS         599  599  001           SM       3   7039.4
 40CW  18-Mar-24 16:30 0003  DL2NBY         599  599  001                    2   7039.4
 40CW  18-Mar-24 16:31 0004  DL4ME          599  599  003                    2   7039.4
 40CW  18-Mar-24 16:32 0005  M7R            599  599  002           G        3   7039.4
 40CW  18-Mar-24 16:32 0006  SP2HHX         599  599  004           SP       3   7039.4
 40CW  18-Mar-24 16:33 0007  OZ7BQ          599  599  004           OZ       3   7039.4
 40CW  18-Mar-24 16:33 0008  OK1DSZ         599  599  006           OK       3   7039.4
 40CW  18-Mar-24 16:34 0009  OM2KI          599  599  011           OM       3   7039.4
 40CW  18-Mar-24 16:34 0010  OK1FKD         599  599  008                    3   7039.4
 40CW  18-Mar-24 16:35 0011  DM7W           599  599  009                    2   7039.4
 40CW  18-Mar-24 16:35 0012  OK2BFN         599  599  011                    3   7039.4
 40CW  18-Mar-24 16:36 0013  DJ1OJ          599  599  008                    2   7039.4
 40CW  18-Mar-24 16:36 0014  OK2QA          599  599  009                    3   7039.4
 40CW  18-Mar-24 16:36 0015  OM3ZU          599  599  013                    3   7039.4
 40CW  18-Mar-24 16:38 0016  OL4W           599  599  012                    3   7039.4
 40CW  18-Mar-24 16:38 0017  OK1OA          599  599  013                    3   7039.4
 40CW  18-Mar-24 16:39 0018  OK4RQ          599  599  018                    3   7039.4
 40CW  18-Mar-24 16:39 0019  OK5SA          599  599  014                    3   7039.4
 40CW  18-Mar-24 16:40 0020  M4N            599  599  022                    3   7039.4
 40CW  18-Mar-24 16:40 0021  HA1YA          599  599  024           HA       3   7039.4
 40CW  18-Mar-24 16:41 0022  HB9BXE         599  599  020           HB       3   7039.4
 40CW  18-Mar-24 16:41 0023  SP2KAC         599  599  011                    3   7039.4
 40CW  18-Mar-24 16:42 0024  OK1TN          599  599  027                    3   7039.4
 40CW  18-Mar-24 16:42 0025  SP3VT          599  599  022                    3   7039.4
 40CW  18-Mar-24 16:43 0026  SP3MEP         599  599  028                    3   7039.4
 40CW  18-Mar-24 16:43 0027  SM6MIS         599  599  004                    3   7039.4
 40CW  18-Mar-24 16:44 0028  OK4X           599  599  008                    3   7039.4
 40CW  18-Mar-24 16:44 0029  SM6IQD         599  599  017                    3   7039.4
 40CW  18-Mar-24 16:45 0030  OG6B           599  599  020           OH       3   7039.4
 40CW  18-Mar-24 16:46 0031  HB9CMW         599  599  006                    3   7039.4
 40CW  18-Mar-24 16:47 0032  PA3DBS         599  599  018           PA       3   7039.4
 40CW  18-Mar-24 16:48 0033  DL1VDL         599  599  038                    2   7038.6
 40CW  18-Mar-24 16:50 0034  OM5JA          599  599  030                    3   7037.3
 40CW  18-Mar-24 16:50 0035  DJ9KH          599  599  043                    2   7035.9
 40CW  18-Mar-24 16:51 0036  OK1RKS         599  599  012                    3   7035.5
 40CW  18-Mar-24 16:52 0037  SP2XX          599  599  045                    3   7034.7
 40CW  18-Mar-24 16:52 0038  SM6TOL         599  599  033                    3   7034.2
 40CW  18-Mar-24 16:55 0039  DL1NKS         599  599  047                    2   7032.8
 40CW  18-Mar-24 16:56 0040  SD6M           599  599  047                    3   7031.6
 40CW  18-Mar-24 16:56 0041  OK1IBP         599  599  062                    3   7031.1
 40CW  18-Mar-24 16:57 0042  OK6OK          599  599  027                    3   7030.5
 40CW  18-Mar-24 16:58 0043  SN5N           599  599  061                    3   7030.3
 40CW  18-Mar-24 16:59 0044  DF7YE          599  599  053                    2   7029.9
 40CW  18-Mar-24 17:00 0045  OK1FGD         599  599  053                    3   7029.6
 40CW  18-Mar-24 17:00 0046  SE0B           599  599  073                    3   7029.3
 40CW  18-Mar-24 17:01 0047  OK2VX          599  599  037                    3   7029.0
 40CW  18-Mar-24 17:01 0048  SM5ACQ         599  599  056                    3   7028.8
 40CW  18-Mar-24 17:03 0049  DL5YM          599  599  004                    2   7028.5
 40CW  18-Mar-24 17:03 0050  DL8QS          599  599  037                    2   7028.2
 40CW  18-Mar-24 17:04 0051  DL5YAS         599  599  046                    2   7027.1
 40CW  18-Mar-24 17:04 0052  OM5ZW          599  599  089                    3   7024.1
 40CW  18-Mar-24 17:05 0053  SC6O           599  599  053                    3   7023.5
 40CW  18-Mar-24 17:05 0054  DF8V           599  599  030                    2   7023.3
 40CW  18-Mar-24 17:06 0055  OK1DWF         599  599  071                    3   7023.0
 40CW  18-Mar-24 17:06 0056  PA2A           599  599  058                    3   7022.3
 40CW  18-Mar-24 17:07 0057  IN3FHE         599  599  039           I        3   7021.9
 40CW  18-Mar-24 17:07 0058  SE5T           599  599  046                    3   7021.6
 40CW  18-Mar-24 17:08 0059  SD6F           599  599  073                    3   7021.0
 40CW  18-Mar-24 17:08 0060  S51J           599  599  065           S5       3   7020.4
 40CW  18-Mar-24 17:08 0061  SP4TKR         599  599  075                    3   7020.0
 40CW  18-Mar-24 17:09 0062  PA3ARM         599  599  060                    3   7019.8
 40CW  18-Mar-24 17:10 0063  OK1JAX         599  599  061                    3   7018.9
 40CW  18-Mar-24 17:11 0064  OK2IW          599  599  039                    3   7017.5
 40CW  18-Mar-24 17:11 0065  PA3DZM         599  599  033                    3   7015.9
 40CW  18-Mar-24 17:12 0066  OM5AA          599  599  063                    3   7015.6
 40CW  18-Mar-24 17:13 0067  PA5WT          599  599  056                    3   7014.4
 40CW  18-Mar-24 17:13 0068  DH0GHU         599  599  039                    2   7013.4
 40CW  18-Mar-24 17:13 0069  DK3GI          599  599  073                    2   7012.8
 40CW  18-Mar-24 17:17 0070  SM6M           599  599  111                    3   7037.3
 40CW  18-Mar-24 17:17 0071  F6JOE          599  599  050           F        3   7036.6
 40CW  18-Mar-24 17:18 0072  HG1G           599  599  092                    3   7032.4
 40CW  18-Mar-24 17:21 0073  S50R           599  599  026                    3   7027.7
 40CW  18-Mar-24 17:22 0074  OK1DOR         599  599  091                    3   7022.1
 40CW  18-Mar-24 17:23 0075  SP7N           599  599  078                    3   7021.5
 40CW  18-Mar-24 17:24 0076  OK1NG          599  599  053                    3   7020.6
 40CW  18-Mar-24 17:24 0077  YT5RA          599  599  040           YU       3   7016.4
 40CW  18-Mar-24 17:25 0078  SN1F           599  599  091                    3   7016.2
 40CW  18-Mar-24 17:26 0079  DF4XX          599  599  090                    2   7019.1
 40CW  18-Mar-24 17:28 0080  LZ/OK5FF       599  599  057           LZ       3   7028.2
 40CW  18-Mar-24 17:29 0081  OL8R           599  599  155                    3   7035.6
