???CW  02-Nov-24 16:34 0001  DK9TF          599  599  40 JO31NF     DL       2  144026.       
???CW  02-Nov-24 16:39 0002  F6DWG/P        599  599  115 JN19BQ    F        3  144042.       
???CW  02-Nov-24 16:42 0003  OL7C           599  599  157 JO60JJ    OK       3  144037.       
???CW  02-Nov-24 16:47 0004  OL7M           599  599  187 JO80FG             3  144067.       
???CW  02-Nov-24 16:52 0005  HB9FAP         599  599  158 JN47PH    HB       3  144116.       
???CW  02-Nov-24 16:54 0006  F8KID          599  599  130 JN38AT             3  144118.       
???CW  02-Nov-24 17:02 0007  DR7C           599  599  170 JO50WB             2  144112.       
???CW  02-Nov-24 17:04 0008  OK1DOY         599  599  002 JO60UQ             3  144146.       
???CW  02-Nov-24 17:17 0009  DL5JS          599  599  9 JO31JF               2  144059.       
???CW  02-Nov-24 17:28 0010  PA5WT          599  599  82 JO22HG     PA       3  144049.       
???CW  02-Nov-24 17:43 0011  DL4M           599  599  102 JO31QX             2  144136.       
???CW  02-Nov-24 18:00 0012  ON4KHG         599  599  36 JO10XO     ON       3  144030.       
???CW  02-Nov-24 18:22 0013  DF7DJ          599  599  36 JO31TO              2  144041.       
???CW  02-Nov-24 19:57 0014  DR2L           599  599  198 JO41PW             2  144057.       
???CW  02-Nov-24 21:01 0015  DL2OM          599  599  187 JO30SN             2  144093.       
???CW  02-Nov-24 21:03 0016  OE1W           599  599  364 JN77TX    OE       3  144101.       
???CW  02-Nov-24 21:16 0017  HA2R           599  599  276 JN87UE    HA       3  144133.       
???CW  02-Nov-24 21:25 0018  DF8QB          599  599  7 JO31MI               2  144128.       
???CW  02-Nov-24 21:34 0019  DL5NEN         599  599  313 JN59OP             2  144100.       
???CW  02-Nov-24 21:58 0020  DK5EQ          599  599  37 JO31QG              2  144089.         
???CW  02-Nov-24 22:19 0021  TM3A           599  599  219 JN36BP             3  144029.         
???CW  02-Nov-24 22:30 0022  DJ0WW          599  599  146 JO40CF             2  144052.         
???CW  02-Nov-24 22:49 0023  DK0NA          599  599  290 JO50TI             2  144073.         
???CW  02-Nov-24 22:53 0024  DK0A           599  599  345 JN48CO             2  144078.         
???CW  02-Nov-24 22:55 0025  DL6EB          599  599  19 JO31MH              2  144050.         
???CW  03-Nov-24 10:14 0026  OM3FW          599  599  428 JN98AS    OM       0  144077.
???CW  03-Nov-24 10:17 0027  OM3KII         599  599  616 JN98UU    OM       0  144089.
???CW  03-Nov-24 10:20 0028  DA2A           599  599  47 JO31QH     DL       0  144097.
???CW  03-Nov-24 10:25 0029  OK5P           599  599  118 JO70UK    OK       0  144108.
???CW  03-Nov-24 10:30 0030  DR3K           599  599  97 JO31PP     DL       0  144064.
???CW  03-Nov-24 10:34 0031  HB9IAB/P       599  599  243 JN36GU    HB       0  144129.
???CW  03-Nov-24 11:01 0032  DL3HAH         599  599  68 JO30DQ     DL       0  144058.
???CW  03-Nov-24 11:03 0033  DL6EZ          599  599  43 JO31JE     DL       0  144058.
???CW  03-Nov-24 11:05 0034  DK5PD          599  599  199 JN39VV    DL       0  144079.
???CW  03-Nov-24 11:29 0035  DM5M           599  599  455 JO51IJ    DL       0  144148.
???CW  03-Nov-24 11:33 0036  DL6NDW         599  599  322 JN58MD    DL       0  144114.
???CW  03-Nov-24 11:36 0037  DJ5MW          599  599  196 JN47WN    DL       0  144094.
???CW  03-Nov-24 11:40 0038  OK2KAA         599  599  569 JN79QJ    OK       0  144083.
???CW  03-Nov-24 11:42 0039  PA2DW/P        599  599  237 JO33II    PA       0  144081.
