 40CW  05-Feb-24 16:32 0001  2E0CVN         599  599  002           G        3   7034.4
 40CW  05-Feb-24 16:32 0002  OK2NO          599  599  004           OK       3   7034.4
 40CW  05-Feb-24 16:33 0003  DM7W           599  599  003           DL       2   7034.4
 40CW  05-Feb-24 16:34 0004  SP8BXL         599  599  006           SP       3   7034.4
 40CW  05-Feb-24 16:34 0005  DL9ZP          599  599  004                    2   7034.4
 40CW  05-Feb-24 16:35 0006  DK5DQ          599  599  007                    2   7034.4
 40CW  05-Feb-24 16:35 0007  RX3Q           599  599  008           UA       3   7034.4
 40CW  05-Feb-24 16:35 0008  HB9BXE         599  599  013           HB       3   7034.4
 40CW  05-Feb-24 16:37 0009  OK2VX          599  599  008                    3   7034.4
 40CW  05-Feb-24 16:37 0010  DM6EE          599  599  015                    2   7034.4
 40CW  05-Feb-24 16:37 0011  OK5SA          599  599  005                    3   7034.4
 40CW  05-Feb-24 16:38 0012  OK2WY          599  599  014                    3   7034.4
 40CW  05-Feb-24 16:39 0013  OK1PI          599  599  016                    3   7034.4
 40CW  05-Feb-24 16:39 0014  OG6B           599  599  016           OH       3   7034.4
 40CW  05-Feb-24 16:40 0015  OK6OK          599  599  015                    3   7034.4
 40CW  05-Feb-24 16:40 0016  SM6IQD         599  599  014           SM       3   7034.4
 40CW  05-Feb-24 16:40 0017  OM5CM          599  599  010           OM       3   7034.4
 40CW  05-Feb-24 16:41 0018  ON4CLF         599  599  003           ON       3   7034.4
 40CW  05-Feb-24 16:41 0019  OK1CBA         599  599  006                    3   7034.4
 40CW  05-Feb-24 16:42 0020  OM4DU          599  599  016                    3   7034.4
 40CW  05-Feb-24 16:42 0021  DR2C           599  599  036                    2   7034.4
 40CW  05-Feb-24 16:43 0022  HB9HTF         599  599  025                    3   7034.4
 40CW  05-Feb-24 16:45 0023  SD6M           599  599  025                    3   7033.0
 40CW  05-Feb-24 16:47 0024  DA0BCC         599  599  030                    2   7032.8
 40CW  05-Feb-24 16:47 0025  SP4G           599  599  036                    3   7032.5
 40CW  05-Feb-24 16:47 0026  DJ3WE          599  599  031                    2   7031.8
 40CW  05-Feb-24 16:48 0027  SM5ACQ         599  599  031                    3   7031.4
 40CW  05-Feb-24 16:50 0028  SE5E           599  599  052                    3   7030.2
 40CW  05-Feb-24 16:51 0029  E77EA          599  599  054           E7       3   7030.0
 40CW  05-Feb-24 16:52 0030  OK1DOR         599  599  039                    3   7029.6
 40CW  05-Feb-24 16:52 0031  SE0B           599  599  032                    3   7029.0
 40CW  05-Feb-24 16:53 0032  OK2NAJ         599  599  036                    3   7028.8
 40CW  05-Feb-24 16:54 0033  OK2EA          599  599  059                    3   7028.5
 40CW  05-Feb-24 16:56 0034  OM4AY          599  599  024                    3   7021.2
 40CW  05-Feb-24 16:56 0035  DJ1OJ          599  599  033                    2   7021.2
 40CW  05-Feb-24 16:56 0036  OK2BFN         599  599  039                    3   7021.2
 40CW  05-Feb-24 16:57 0037  OK1ITK         599  599  027                    3   7021.2
 40CW  05-Feb-24 16:58 0038  OK1JAX         599  599  050                    3   7021.2
 40CW  05-Feb-24 16:58 0039  OK1FKD         599  599  026                    3   7021.2
 40CW  05-Feb-24 16:59 0040  HA5MA          599  599  058           HA       3   7021.2
 40CW  05-Feb-24 17:00 0041  IN3FHE         599  599  025           I        3   7021.2
 40CW  05-Feb-24 17:00 0042  PA2A           599  599  061           PA       3   7021.2
 40CW  05-Feb-24 17:01 0043  S52W           599  599  072           S5       3   7021.2
 40CW  05-Feb-24 17:01 0044  SP2XX          599  599  048                    3   7021.2
 40CW  05-Feb-24 17:01 0045  SP4JFR         599  599  057                    3   7021.2
 40CW  05-Feb-24 17:02 0046  SM0OEK         599  599  069                    3   7021.2
 40CW  05-Feb-24 17:02 0047  SM5DXR         599  599  031                    3   7021.2
 40CW  05-Feb-24 17:03 0048  M7R            599  599  044                    3   7021.2
 40CW  05-Feb-24 17:03 0049  DL/OK5FF       599  599  036                    2   7021.2
 40CW  05-Feb-24 17:04 0050  OK1DAR         599  599  016                    3   7021.2
 40CW  05-Feb-24 17:05 0051  OE8CWG         599  599  009           OE       3   7021.2
 40CW  05-Feb-24 17:06 0052  OK1DBE         599  599  029                    3   7021.2
 40CW  05-Feb-24 17:06 0053  DF8KY          599  599  030                    2   7021.2
 40CW  05-Feb-24 17:06 0054  S57T           599  599  004                    3   7021.2
 40CW  05-Feb-24 17:07 0055  SP4TKR         599  599  068                    3   7021.2
 40CW  05-Feb-24 17:07 0056  OK2CW          599  599  033                    3   7021.2
 40CW  05-Feb-24 17:08 0057  DL4MFM         599  599  093                    2   7021.2
 40CW  05-Feb-24 17:09 0058  RX3QNE         599  599  044                    3   7021.2
 40CW  05-Feb-24 17:09 0059  DJ9MH          599  599  069                    2   7021.2
 40CW  05-Feb-24 17:10 0060  SD6F           599  599  078                    3   7021.2
 40CW  05-Feb-24 17:10 0061  PA3AAV         599  599  109                    3   7021.2
 40CW  05-Feb-24 17:11 0062  G4FJW          599  599  009                    3   7021.2
 40CW  05-Feb-24 17:11 0063  SP2KAC         599  599  043                    3   7021.2
 40CW  05-Feb-24 17:12 0064  SP2HHX         599  599  048                    3   7021.2
 40CW  05-Feb-24 17:13 0065  OK4X           599  599  055                    3   7021.2
 40CW  05-Feb-24 17:14 0066  YL2TD          599  599  051           YL       3   7021.2
 40CW  05-Feb-24 17:14 0067  DL3IAE         599  599  056                    2   7021.2
 40CW  05-Feb-24 17:16 0068  S51J           599  599  096                    3   7021.2
 40CW  05-Feb-24 17:17 0069  YL3JD          599  599  051                    3   7022.5
 40CW  05-Feb-24 17:20 0070  PA3DBS         599  599  073                    3   7025.7
 40CW  05-Feb-24 17:21 0071  EA3X           599  599  079           EA       3   7027.0
 40CW  05-Feb-24 17:21 0072  OK1RKS         599  599  045                    3   7028.6
 40CW  05-Feb-24 17:22 0073  OK5D           599  599  090                    3   7029.2
 40CW  05-Feb-24 17:25 0074  OK2CQR         599  599  063                    3   7018.6
 40CW  05-Feb-24 17:26 0075  DF7YE          599  599  095                    2   7031.1
 40CW  05-Feb-24 17:27 0076  F5UTN          599  599  005           F        3   7029.2
 40CW  05-Feb-24 17:29 0077  DA3T           599  599  054                    2   7030.3
 40CW  05-Feb-24 17:29 0078  SD6M           599  599  081                    0   7030.3
