 80CW  10-Dec-24 18:05 0001  DJ3WE          599  599  C01           DL       2   3525.3
 80CW  10-Dec-24 18:06 0002  DM6WAN         599  599  S54                    2   3525.9
 80CW  10-Dec-24 18:07 0003  DF7IS          599  599  K26                    2   3527.5
 80CW  10-Dec-24 18:08 0004  DK2FG          599  599  N05                    2   3529.0
 80CW  10-Dec-24 18:09 0005  DM6EE          599  599  H24                    2   3530.4
 80CW  10-Dec-24 18:10 0006  DF0SX          599  599  P51                    2   3532.9
 80CW  10-Dec-24 18:13 0007  DJ1TF          599  599  A12                    2   3536.0
 80CW  10-Dec-24 18:15 0008  DJ9MH          599  599  B10                    2   3530.9
 80CW  10-Dec-24 18:16 0009  DF1DT          599  599  O04                    2   3530.9
 80CW  10-Dec-24 18:16 0010  DJ9BM          599  599  G55                    2   3530.9
 80CW  10-Dec-24 18:17 0011  DK1VY          599  599  F10                    2   3530.9
 80CW  10-Dec-24 18:17 0012  DL1LZ          599  599  NM                     2   3530.9
 80CW  10-Dec-24 18:18 0013  DG0KS          599  599  V02                    2   3530.9
 80CW  10-Dec-24 18:19 0014  DL2NBY         599  599  B26                    2   3530.9
 80CW  10-Dec-24 18:19 0015  DL6FKK         599  599  D20                    2   3530.9
 80CW  10-Dec-24 18:22 0016  DC1UH          599  599  X22                    2   3530.9
 80CW  10-Dec-24 18:23 0017  DO3RCX         599  599  C15                    2   3530.9
 80CW  10-Dec-24 18:24 0018  DL9EBA         599  599  L20                    2   3530.9
 80CW  10-Dec-24 18:25 0019  DL4NAX         599  599  B06                    2   3530.9
 80CW  10-Dec-24 18:25 0020  OE3OMK         599  599  NM            OE       3   3530.9
 80CW  10-Dec-24 18:27 0021  DL0RN          599  599  L20                    2   3530.9
 80CW  10-Dec-24 18:27 0022  DL3LJ          599  599  M15                    2   3530.9
 80CW  10-Dec-24 18:28 0023  DF5BX          599  599  I37                    2   3530.9
 80CW  10-Dec-24 18:29 0024  DO2PSW         599  599  W37                    2   3530.9
 80CW  10-Dec-24 18:30 0025  DG9VH          599  599  Q03                    2   3530.9
 80CW  10-Dec-24 18:30 0026  DF4ZL          599  599  F16                    2   3530.9
 80CW  10-Dec-24 18:32 0027  DL1KGT         599  599  G53                    2   3530.9
 80CW  10-Dec-24 18:33 0028  DH7CB          599  599  E05                    2   3530.9
 80CW  10-Dec-24 18:35 0029  DJ1YF          599  599  E03                    2   3534.6
 80CW  10-Dec-24 18:37 0030  DJ5CW          599  599  S07                    2   3536.7
 80CW  10-Dec-24 18:37 0031  DF8WU          599  599  K36                    2   3537.3
 80CW  10-Dec-24 18:38 0032  DL4DAC         599  599  L05                    2   3538.8
 80CW  10-Dec-24 18:39 0033  DK2LO          599  599  M21                    2   3541.2
 80CW  10-Dec-24 18:41 0034  DF8KY          599  599  G22                    2   3530.9
 80CW  10-Dec-24 18:42 0035  DL0SLW         599  599  CW                     2   3530.9
 80CW  10-Dec-24 18:43 0036  DF2ZY          599  599  Z54                    2   3530.9
 80CW  10-Dec-24 18:43 0037  DL4CW          599  599  C73                    2   3530.9
 80CW  10-Dec-24 18:44 0038  DL0GEL         599  599  S22                    2   3530.9
 80CW  10-Dec-24 18:45 0039  DH0GDS         599  599  P30                    2   3530.9
 80CW  10-Dec-24 18:46 0040  HB9GVC         599  599  NM            HB       3   3530.9
 80CW  10-Dec-24 18:49 0041  ON7XF          599  599  2             ON       3   3530.9
 80CW  10-Dec-24 18:51 0042  DK0FWS         599  599  Y21                    2   3522.0
 80CW  10-Dec-24 18:53 0043  DF6RI          599  599  U15                    2   3539.5
 80CW  10-Dec-24 18:55 0044  DO1AYJ         599  599  X22                    2   3547.0
 80CW  10-Dec-24 18:57 0045  DM6BU          599  599  P35                    2   3552.5
 80CW  10-Dec-24 18:59 0046  DF1PY          599  599  K01                    2   3559.3
