 40CW  30-Dec-24 19:14 0001  9A3SMS         599  599  24            9A       3   7014.0
 80CW  30-Dec-24 19:16 0002  SP2QG          599  599  67            SP       3   3525.4
 80CW  30-Dec-24 19:19 0003  LY7T           599  599  55            LY       3   3525.9
 80CW  30-Dec-24 19:46 0004  IU4JNR         599  599  58            I        3   3528.2
 80CW  30-Dec-24 19:48 0005  DL7PIA         599  599  16            DL       2   3526.0
 80CW  30-Dec-24 19:49 0006  DK2FG          599  599  83                     2   3525.5
 80CW  30-Dec-24 19:49 0007  SN9DT          599  599  41                     3   3525.0
 80CW  30-Dec-24 19:51 0008  LY5O           599  599  69                     3   3524.0
 80CW  30-Dec-24 19:52 0009  ON7PQ          599  599  65            ON       3   3522.3
 80CW  30-Dec-24 19:53 0010  LC0C           599  599  65            LA       3   3522.0
 80CW  30-Dec-24 20:01 0011  DL1BUG         599  599  69                     2   3519.6
 80CW  30-Dec-24 20:01 0012  RG5A           599  599  67            UA       3   3518.1
 80CW  30-Dec-24 20:03 0013  YL24YOTA       599  599  17            YL       3   3516.1
 80CW  30-Dec-24 20:06 0014  HG8W           599  599  75            HA       3   3514.0
 80CW  30-Dec-24 20:09 0015  YO8OLY         599  599  10            YO       3   3513.0
 80CW  30-Dec-24 20:10 0016  SN1T           599  599  69                     3   3512.5
 80CW  30-Dec-24 20:11 0017  HA6YOTA        599  599  15                     3   3511.3
 80CW  30-Dec-24 20:13 0018  LZ5XQ          599  599  67            LZ       3   3510.5
 80CW  30-Dec-24 20:23 0019  I2IFT          599  599  66                     3   3529.9
 80CW  30-Dec-24 20:24 0020  PA0RDT         599  599  77            PA       3   3529.9
 80CW  30-Dec-24 20:24 0021  YO5AVN         599  599  74                     3   3529.9
 80CW  30-Dec-24 20:25 0022  YT2RX          599  599  43            YU       3   3529.9
 80CW  30-Dec-24 20:25 0023  9A3SM          599  599  60            9A       3   3529.9
 80CW  30-Dec-24 20:26 0024  HA1NB          599  599  13                     3   3529.9
 80CW  30-Dec-24 20:30 0025  YL7X           599  599  62                     3   3527.5
 80CW  30-Dec-24 20:32 0026  SP9JZT         599  599  66                     3   3526.0
 80CW  30-Dec-24 20:33 0027  G3RXP          599  599  80            G        3   3523.9
 80CW  30-Dec-24 20:36 0028  S51YOTA        599  599  24            S5       3   3521.3
 80CW  30-Dec-24 20:38 0029  EI2KA          599  599  71            EI       3   3517.5
 80CW  30-Dec-24 20:39 0030  HA6P           599  599  55                     3   3516.8
 80CW  30-Dec-24 20:41 0031  HA8AR          599  599  65                     3   3516.0
 80CW  30-Dec-24 20:42 0032  E7Y            599  599  20            E7       3   3514.8
 80CW  30-Dec-24 20:43 0033  S51J           599  599  75                     3   3513.4
 80CW  30-Dec-24 20:52 0034  SM3EVR         599  599  68            SM       3   3510.8
 80CW  30-Dec-24 20:58 0035  HA3NU          599  599  65                     3   3522.0
 80CW  30-Dec-24 20:59 0036  PF5X           599  599  67                     3   3524.5
 80CW  30-Dec-24 21:00 0037  SM5CSS         599  599  79                     3   3522.3
 80CW  30-Dec-24 21:03 0038  S56V           599  599  19                     3   3524.9
 80CW  30-Dec-24 21:05 0039  UA3MIF         599  599  60                     3   3524.9
 80CW  30-Dec-24 21:06 0040  S53K           599  599  50                     3   3524.9
 80CW  30-Dec-24 21:06 0041  HA7MF          599  599  73                     3   3524.9
 80CW  30-Dec-24 21:07 0042  EW1M           599  599  58            EU       3   3524.9
 80CW  30-Dec-24 21:08 0043  SN5J           599  599  64                     3   3524.9
 80CW  30-Dec-24 21:09 0044  OK1OA          599  599  75            OK       3   3524.9
 80CW  30-Dec-24 21:10 0045  IZ3ZOO         599  599  48                     3   3524.9
 80CW  30-Dec-24 21:11 0046  SN1T           599  599  69                     0   3524.9
 80CW  30-Dec-24 21:12 0047  DK2FG          599  599  83                     0   3524.9
 80CW  30-Dec-24 21:12 0048  OH8CZF         599  599  60            OH       3   3524.9
 80CW  30-Dec-24 21:13 0049  OK1TRJ         599  599  39                     3   3524.9
 80CW  30-Dec-24 21:13 0050  ON4EM          599  599  53                     3   3524.9
 80CW  30-Dec-24 21:14 0051  I1IMA          599  599  66                     3   3524.9
 80CW  30-Dec-24 21:15 0052  SP9DLY         599  599  73                     3   3524.9
 80CW  30-Dec-24 21:16 0053  HG6O           599  599  70                     3   3524.9
 80CW  30-Dec-24 21:19 0054  SC6O           599  599  72                     3   3524.0
 80CW  30-Dec-24 21:21 0055  DJ1OJ          599  599  87                     2   3523.6
 80CW  30-Dec-24 21:21 0056  DM6EE          599  599  57                     2   3523.1
 80CW  30-Dec-24 21:23 0057  DJ0SP          599  599  64                     2   3520.8
 80CW  30-Dec-24 21:24 0058  OQ5M           599  599  50                     3   3518.0
 80CW  30-Dec-24 21:26 0059  I1BPU          599  599  71                     3   3537.0
 80CW  30-Dec-24 21:28 0060  OK2MBP         599  599  66                     3   3535.0
 80CW  30-Dec-24 21:28 0061  I1NVU          599  599  66                     3   3533.6
 80CW  30-Dec-24 21:29 0062  HA8MV          599  599  62                     3   3532.1
 80CW  30-Dec-24 21:30 0063  OM3TBG         599  599  78            OM       3   3531.5
 80CW  30-Dec-24 21:31 0064  IZ5DIY         599  599  47                     3   3531.0
 80CW  30-Dec-24 21:32 0065  S57X           599  599  72                     3   3530.5
 80CW  30-Dec-24 21:38 0066  DJ9MH          599  599  84                     2   3529.8
 80CW  30-Dec-24 21:39 0067  SO7NA          599  599  46                     3   3528.6
 80CW  30-Dec-24 21:41 0068  EA1WH          599  599  45            EA       3   3523.0
 80CW  30-Dec-24 21:44 0069  9A5Y           599  599  18                     3   3522.5
