 20CW  21-Feb-24 19:13 0001  N4AF           599  599  HOWIE 132     K        5  14033.7
 40CW  21-Feb-24 19:14 0002  ON7PQ          599  599  PAT 2365      ON       3   7035.4
 40CW  21-Feb-24 19:15 0003  OK2IW          599  599  SWAT 3111     OK       3   7034.7
 40CW  21-Feb-24 19:16 0004  EA6EJ          599  599  INI 3276      EA6      3   7034.1
 40CW  21-Feb-24 19:17 0005  SD6F           599  599  KER 2163      SM       3   7032.0
 40CW  21-Feb-24 19:18 0006  HA6NL          599  599  LACI 3400     HA       3   7032.5
 80CW  21-Feb-24 19:21 0007  SA6NIA         599  599  OSCAR SM      SM       3   3531.0
 20CW  21-Feb-24 19:23 0008  KC3M           599  599  JACK 3099              5  14034.6
 20CW  21-Feb-24 19:25 0009  KR2Q           599  599  DOUG 438               5  14035.1
 20CW  21-Feb-24 19:26 0010  K3MM           599  599  TY 114                 5  14036.1
 15CW  21-Feb-24 19:28 0011  K9OM           599  599  DICK 1440     K        5  21044.0
 15CW  21-Feb-24 19:29 0012  N5NA           599  599  ALAN 3354              5  21040.5
 15CW  21-Feb-24 19:31 0013  KR3E           599  599  ED 133                 5  21039.9
 15CW  21-Feb-24 19:38 0014  K3MM           599  599  TY 114                 5  21032.7
 40CW  21-Feb-24 19:42 0015  OZ3SM          599  599  STEVE 2361    OZ       3   7029.4
 40CW  21-Feb-24 19:44 0016  LZ5DI          599  599  DAVE LZ       LZ       3   7030.8
 40CW  21-Feb-24 19:45 0017  SP5NZF         599  599  KUBA 3315     SP       3   7031.9
 40CW  21-Feb-24 19:46 0018  SM6M           599  599  PETER 2663             3   7033.8
 40CW  21-Feb-24 19:48 0019  EA3FZT         599  599  FRANCIS 2560  EA       3   7035.2
 40CW  21-Feb-24 19:49 0020  IT9SSI         599  599  DARIO 2137    IT9      3   7037.4
 40CW  21-Feb-24 19:50 0021  G4PFZ          599  599  JOHN 2777     G        3   7028.3
 40CW  21-Feb-24 19:51 0022  SN5N           599  599  CHRIS SP               3   7029.6
 40CW  21-Feb-24 19:53 0023  OK4MM          599  599  JARA 2669              3   7034.3
 80CW  21-Feb-24 19:54 0024  OZ3SM          599  599  STEVE 2361    OZ       3   3532.9
 80CW  21-Feb-24 19:55 0025  M0RYB          599  599  PETER 2061    G        3   3533.7
 80CW  21-Feb-24 19:55 0026  SM6F           599  599  LARS 173               3   3535.3
 80CW  21-Feb-24 19:56 0027  SD6M           599  599  PER 1773               3   3535.9
 80CW  21-Feb-24 19:57 0028  SP5LST         599  599  KOT SP        SP       3   3537.5
 80CW  21-Feb-24 19:58 0029  F5SGI          599  599  JEAN 2532     F        3   3536.8
