 40CW  19-Oct-24 12:01 0001  DF0VK          599  599  O47           DL       2   7034.2
 40CW  19-Oct-24 12:05 0002  DK2FG          599  599  N05                    2   7035.7
 40CW  19-Oct-24 12:05 0003  DF7WY          599  599  G01                    2   7035.7
 40CW  19-Oct-24 12:07 0004  DM6BU          599  599  P35                    2   7035.7
 40CW  19-Oct-24 12:10 0005  DK5MIK/P       599  599  L12                    2   7035.7
 40CW  19-Oct-24 12:11 0006  DK3IP          599  599  S07                    2   7035.7
 40CW  19-Oct-24 12:17 0007  DK1KC          599  599  C06                    2   7035.7
 40CW  19-Oct-24 12:36 0008  DL2ERL         599  599  L20                    2   7032.0
 40CW  19-Oct-24 12:42 0009  DL8MAS         599  599  T19                    2   7033.2
 40CW  19-Oct-24 12:43 0010  DJ5TG          599  599  V14                    2   7030.5
 40CW  19-Oct-24 12:45 0011  DF1OLS         599  599  H41                    2   7025.8
 40CW  19-Oct-24 12:48 0012  DJ9MH          599  599  B10                    2   7032.6
 40CW  19-Oct-24 12:50 0013  DL3ABD         599  599  H02                    2   7032.6
 40CW  19-Oct-24 12:51 0014  MW0SAW         599  599  000           GW       3   7032.6
 40CW  19-Oct-24 12:52 0015  DB7AL          599  599  F39                    2   7032.6
 40CW  19-Oct-24 12:52 0016  DF4ZL          599  599  F16                    2   7032.6
 40CW  19-Oct-24 12:54 0017  DF5WN          599  599  W18                    2   7032.6
 40CW  19-Oct-24 12:58 0018  DL9EBA         599  599  L20                    2   7036.0
 40CW  19-Oct-24 13:04 0019  M0YNW          599  599  000           G        3   7027.7
 80CW  19-Oct-24 13:08 0020  DK2FG          599  599  N05           DL       2   3531.0
 80CW  19-Oct-24 13:09 0021  DF0VK          599  599  O47                    2   3524.0
