 40CW  24-Feb-24 21:43 0001  IT9ATF         599  599  178           IT9      3   7010.4
 40CW  24-Feb-24 21:48 0002  IC8JOH         599  599  371           I        3   7018.4
 40CW  24-Feb-24 21:50 0003  OZ5W           599  599  480           OZ       3   7023.8
 40CW  24-Feb-24 21:50 0004  LZ2CJ          599  599  257           LZ       3   7025.3
 40CW  24-Feb-24 21:51 0005  EA5OH          599  599  234           EA       3   7036.6
 40CW  24-Feb-24 21:53 0006  US7IDX         599  599  051           UR       3   7017.6
 80CW  24-Feb-24 21:56 0007  OH1X           599  599  415           OH       3   3510.1
 80CW  24-Feb-24 21:57 0008  ON6BR          599  599  558 OSD       ON       3   3510.6
 80CW  24-Feb-24 21:57 0009  YT4T           599  599  228           YU       3   3511.6
 80CW  24-Feb-24 21:58 0010  S56A           599  599  231           S5       3   3512.1
 80CW  24-Feb-24 22:00 0011  MM2T           599  599  227           GM       3   3513.3
 80CW  24-Feb-24 22:00 0012  SP7CF          599  599  338           SP       3   3513.6
 80CW  24-Feb-24 22:01 0013  LY4BF          599  599  244           LY       3   3514.3
 80CW  24-Feb-24 22:02 0014  HA2VH          599  599  450           HA       3   3515.7
 80CW  24-Feb-24 22:03 0015  OH1TM          599  599  493                    3   3516.1
 80CW  24-Feb-24 22:03 0016  ON7EH          599  599  129 NBT                3   3516.6
 80CW  24-Feb-24 22:04 0017  IK2UEX         599  599  151           I        3   3516.8
 80CW  24-Feb-24 22:04 0018  DL3KWR         599  599  143           DL       2   3517.3
 80CW  24-Feb-24 22:06 0019  TA2DA          599  599  258           TA       5   3518.0
 80CW  24-Feb-24 22:07 0020  US7IDX         599  599  069           UR       3   3518.3
 80CW  24-Feb-24 22:08 0021  E77EA          599  599  601           E7       3   3519.0
 80CW  24-Feb-24 22:08 0022  DO2XU          599  599  152                    2   3519.5
 80CW  24-Feb-24 22:09 0023  HA2KMR         599  599  050                    3   3520.0
 80CW  24-Feb-24 22:11 0024  IK4DCX         599  599  194                    3   3520.5
 80CW  24-Feb-24 22:12 0025  SE0B           599  599  280           SM       3   3521.6
 80CW  24-Feb-24 22:13 0026  IZ8VKW         599  599  006                    3   3522.1
 80CW  24-Feb-24 22:14 0027  OT5X           599  599  660 CRD                3   3522.5
 80CW  24-Feb-24 22:15 0028  OM7LW          599  599  546           OM       3   3522.8
 80CW  24-Feb-24 22:16 0029  PA3DBS         599  599  296           PA       3   3523.2
 80CW  24-Feb-24 22:17 0030  LZ5R           599  599  639           LZ       3   3523.7
 80CW  24-Feb-24 22:17 0031  IK2GWH         599  599  156                    3   3524.4
 80CW  24-Feb-24 22:21 0032  F5OZC          599  599  226           F        3   3527.7
 80CW  24-Feb-24 22:22 0033  HG6O           599  599  428                    3   3529.0
 80CW  24-Feb-24 22:24 0034  SO5N           599  599  131                    3   3530.0
 80CW  24-Feb-24 22:26 0035  OK1TN          599  599  087           OK       3   3530.6
 80CW  24-Feb-24 22:26 0036  LZ3ZZ          599  599  100                    3   3531.1
 80CW  24-Feb-24 22:29 0037  SQ5W           599  599  105                    3   3534.0
 80CW  24-Feb-24 22:30 0038  HA6NL          599  599  337                    3   3534.6
 80CW  24-Feb-24 22:32 0039  IK2GZU         599  599  211                    3   3535.1
 80CW  24-Feb-24 22:32 0040  SE5E           599  599  271                    3   3536.1
 80CW  24-Feb-24 22:32 0041  LZ9W           599  599  626                    3   3536.5
 80CW  24-Feb-24 22:33 0042  SM0Q           599  599  215                    3   3538.0
 80CW  24-Feb-24 22:34 0043  OT5Q           599  599  570 BLW                3   3542.8
 80CW  24-Feb-24 22:37 0044  OS4M           599  599  507 LLV                3   3514.8
 80CW  24-Feb-24 22:41 0045  OZ5W           599  599  535           OZ       3   3518.4
 80CW  24-Feb-24 22:41 0046  PA2W           599  599  244                    3   3519.2
 80CW  24-Feb-24 22:43 0047  OK2EA          599  599  475                    3   3520.7
 80CW  24-Feb-24 22:45 0048  SA7DXR         599  599  023                    3   3522.4
 80CW  24-Feb-24 22:45 0049  SP2FAP         599  599  194                    3   3523.9
 80CW  24-Feb-24 22:47 0050  YU1RA          599  599  142                    3   3527.4
 80CW  24-Feb-24 22:48 0051  OM3CDN         599  599  075                    3   3529.2
 80CW  24-Feb-24 22:49 0052  IK2ULV         599  599  225                    3   3530.8
 80CW  24-Feb-24 22:51 0053  OK2HBR         599  599  407                    3   3532.7
 10CW  25-Feb-24 08:51 0054  UY5LW          599  599  147           UR       3  28034.7
 10CW  25-Feb-24 08:52 0055  JA6GCE         599  599  226           JA       5  28034.2
 10CW  25-Feb-24 08:54 0056  JF3BFS         599  599  559                    5  28031.0
 10CW  25-Feb-24 08:55 0057  JT1BV          599  599  036           JT       5  28028.0
 10CW  25-Feb-24 08:56 0058  DL2OM          599  599  181           DL       2  28018.4
 10CW  25-Feb-24 09:00 0059  OT4A           599  599  935 XXO       ON       3  28012.4
 15CW  25-Feb-24 09:02 0060  SV1BJW         599  599  260           SV       3  21010.3
 15CW  25-Feb-24 09:02 0061  SM5IMO         599  599  524           SM       3  21011.4
 15CW  25-Feb-24 09:07 0062  SK5A           599  599  754                    3  21013.4
 15CW  25-Feb-24 09:08 0063  YO9HP          599  599  164           YO       3  21014.9
 15CW  25-Feb-24 09:13 0064  F5IN           599  599  752           F        3  21017.0
 15CW  25-Feb-24 09:13 0065  DK8ZZ          599  599  160           DL       2  21017.5
 15CW  25-Feb-24 09:18 0066  UR5ECW         599  599  094           UR       3  21023.7
 15CW  25-Feb-24 09:18 0067  IT9WDC         599  599  278           IT9      3  21024.4
 15CW  25-Feb-24 09:21 0068  LY2PX          599  599  462           LY       3  21034.3
 15CW  25-Feb-24 09:22 0069  UN8PT          599  599  238           UN       5  21035.0
 15CW  25-Feb-24 09:25 0070  JA6GCE         599  599  253           JA       5  21036.9
 15CW  25-Feb-24 09:25 0071  EB5F           599  599  074           EA       3  21039.5
 20CW  25-Feb-24 10:32 0072  OE5TXF         599  599  590           OE       3  14011.2
 20CW  25-Feb-24 10:33 0073  E70Y           599  599  277           E7       3  14012.0
 20CW  25-Feb-24 10:34 0074  LZ4R           599  599  230           LZ       3  14014.0
 20CW  25-Feb-24 10:34 0075  9A3SMS         599  599  503           9A       3  14015.1
 20CW  25-Feb-24 10:34 0076  S53V           599  599  433           S5       3  14015.8
 20CW  25-Feb-24 10:35 0077  HA8IB          599  599  107           HA       3  14016.4
 20CW  25-Feb-24 10:35 0078  IK1SPR         599  599  143           I        3  14017.2
 20CW  25-Feb-24 10:36 0079  S52ZD          599  599  362                    3  14017.7
 20CW  25-Feb-24 10:37 0080  YO8DOH         599  599  243           YO       3  14018.1
 20CW  25-Feb-24 10:37 0081  TA3D           599  599  210           TA       5  14018.5
 20CW  25-Feb-24 10:38 0082  ON6VL          599  599  758 BDX       ON       3  14018.9
 20CW  25-Feb-24 10:39 0083  OK2HBR         599  599  563           OK       3  14019.6
 20CW  25-Feb-24 10:39 0084  IK1PMR         599  599  402                    3  14020.0
 20CW  25-Feb-24 10:40 0085  OK1OA          599  599  279                    3  14021.4
 20CW  25-Feb-24 10:42 0086  OS4M           599  599  779 LLV                3  14022.2
 20CW  25-Feb-24 10:44 0087  PA3EYC         599  599  094           PA       3  14022.6
 20CW  25-Feb-24 10:45 0088  HA2VH          599  599  642                    3  14025.0
 20CW  25-Feb-24 10:46 0089  G4IIY          599  599  079           G        3  14025.7
 20CW  25-Feb-24 10:46 0090  YT2ISM         599  599  430           YU       3  14026.9
 20CW  25-Feb-24 10:47 0091  IK2UEX         599  599  305                    3  14027.6
 20CW  25-Feb-24 10:48 0092  CT1GFK         599  599  139           CT       3  14028.0
 20CW  25-Feb-24 10:48 0093  GI4SJQ         599  599  244           GI       3  14028.3
 20CW  25-Feb-24 10:50 0094  IK2CFD         599  599  296                    3  14029.4
 20CW  25-Feb-24 10:52 0095  OY1CT          599  599  472           OY       3  14030.4
 20CW  25-Feb-24 10:52 0096  HA6NL          599  599  771                    3  14032.0
 20CW  25-Feb-24 10:53 0097  YT7X           599  599  183                    3  14033.1
 20CW  25-Feb-24 10:54 0098  SE5E           599  599  454           SM       3  14034.5
 20CW  25-Feb-24 10:55 0099  YQ6A           599  599  659                    3  14035.1
 20CW  25-Feb-24 10:56 0100  LY2PX          599  599  552           LY       3  14036.0
 20CW  25-Feb-24 10:57 0101  ON7TK          599  599  510 TNA                3  14036.8
 20CW  25-Feb-24 10:57 0102  YL2BJ          599  599  501           YL       3  14037.4
 20CW  25-Feb-24 10:58 0103  S59AA          599  599  373                    3  14038.4
 20CW  25-Feb-24 10:59 0104  LY5T           599  599  084                    3  14039.7
 20CW  25-Feb-24 11:00 0105  9A7R           599  599  049                    3  14040.2
 20CW  25-Feb-24 11:01 0106  IV3KKW         599  599  097                    3  14041.8
 10CW  25-Feb-24 12:44 0107  UV1IX          599  599  340                    3  28018.5
 15CW  25-Feb-24 12:45 0108  IT9IVU         599  599  249                    3  21032.5
 15CW  25-Feb-24 12:45 0109  HA6NL          599  599  855           HA       3  21035.0
 15CW  25-Feb-24 12:46 0110  LZ1ZJ          599  599  361           LZ       3  21036.8
 15CW  25-Feb-24 12:47 0111  YO4RDW         599  599  226                    3  21031.5
 15CW  25-Feb-24 12:50 0112  LY2GV          599  599  096                    3  21020.5
 15CW  25-Feb-24 12:50 0113  K1JB           599  599  242           K        5  21018.5
 15CW  25-Feb-24 12:51 0114  YO4NF          599  599  1071                   3  21016.9
 15CW  25-Feb-24 12:52 0115  IK4ZHH         599  599  167           I        3  21016.0
 15CW  25-Feb-24 12:54 0116  UR1YAA         599  599  195                    3  21013.0
 15CW  25-Feb-24 12:55 0117  K2NV           599  599  158                    5  21012.1
 15CW  25-Feb-24 12:55 0118  LZ8R           599  599  916                    3  21006.5
 20CW  25-Feb-24 12:56 0119  IK3UNA         599  599  707                    3  14040.0
 20CW  25-Feb-24 12:57 0120  CT1DRB         599  599  415                    3  14034.4
