 20CW  31-Oct-24 07:01 0001  HG1G           599  599  Gus HA        HG1G     1  14028.8
 20CW  31-Oct-24 07:02 0002  EA6BF          599  599  Josep 3072    EA6BF    1  14030.4
 20CW  31-Oct-24 07:02 0003  OK2IW          599  599  Swat 3111     OK2IW    1  14031.2
 20CW  31-Oct-24 07:05 0004  IR3RITS        599  599  599           IR3RITS  1  14018.1
 40CW  31-Oct-24 07:07 0005  SF1Z           599  599  Jens 2237     SF1Z     1   7025.3
 40CW  31-Oct-24 07:07 0006  SM5ACQ         599  599  Don 1573      SM5ACQ   1   7024.4
 40CW  31-Oct-24 07:08 0007  LY2J           599  599  PRANAS LY     LY2J     1   7026.3
 40CW  31-Oct-24 07:09 0008  NA8V           599  599  Greg 1214     NA8V     1   7027.0
 40CW  31-Oct-24 07:10 0009  LY8O           599  599  Remi 1858     LY8O     1   7027.6
 40CW  31-Oct-24 07:10 0010  G0TRT          599  599  Cie 3429      G0TRT    1   7027.9
 40CW  31-Oct-24 07:11 0011  I2WIJ          599  599  Bob 2406      I2WIJ    1   7028.5
 40CW  31-Oct-24 07:11 0012  SC6O           599  599  Ben 3519      SC6O     1   7028.7
 40CW  31-Oct-24 07:12 0013  PA3DBS         599  599  Peter 702     PA3DBS   1   7029.5
 40CW  31-Oct-24 07:13 0014  OK1RR          599  599  Martin 87     OK1RR    1   7030.6
 40CW  31-Oct-24 07:14 0015  9A1AA          599  599  Ivo 2447      9A1AA    1   7029.9
 40CW  31-Oct-24 07:15 0016  PA7RA          599  599  Rien 284      PA7RA    1   7031.9
 40CW  31-Oct-24 07:15 0017  SD1A           599  599  Eric 1718     SD1A     1   7036.0
 40CW  31-Oct-24 07:16 0018  F6HKA          599  599  Bert 1088     F6HKA    1   7036.5
 40CW  31-Oct-24 07:16 0019  OK5M           599  599  Vit 2499      OK5M     1   7037.1
 40CW  31-Oct-24 07:17 0020  G4PFZ          599  599  John 2777     G4PFZ    1   7039.3
 40CW  31-Oct-24 07:19 0021  LB1UK          599  599  LA            LB1UK    1   7032.8
 40CW  31-Oct-24 07:19 0022  PA2TA          599  599  TJ 2955       PA2TA    1   7032.8
 40CW  31-Oct-24 07:20 0023  G4BUE          599  599  Chris 1294    G4BUE    1   7032.8
 40CW  31-Oct-24 07:20 0024  DK2FG          599  599  Peter DL      DK2FG    1   7032.8
 40CW  31-Oct-24 07:20 0025  G4CMY          599  599  Tony G        G4CMY    1   7032.8
 40CW  31-Oct-24 07:21 0026  OK2QA          599  599  Ruda 2891     OK2QA    1   7032.8
 40CW  31-Oct-24 07:21 0027  G4RWD          599  599  Ken 2126      G4RWD    1   7032.8
 40CW  31-Oct-24 07:22 0028  M4N            599  599  Mike 2511     M4N      1   7032.8
 40CW  31-Oct-24 07:22 0029  SP5NZF         599  599  Kuba 3315     SP5NZF   1   7032.8
 40CW  31-Oct-24 07:23 0030  G0ELZ          599  599  Bill 239      G0ELZ    1   7032.8
 40CW  31-Oct-24 07:23 0031  G4PVM          599  599  Paul 2413     G4PVM    1   7032.8
 40CW  31-Oct-24 07:23 0032  PA0INA         599  599  Frans 443     PA0INA   1   7032.8
 40CW  31-Oct-24 07:24 0033  SM7CIL         599  599  Arne 1410     SM7CIL   1   7032.8
 40CW  31-Oct-24 07:24 0034  MM0UMH         599  599  Les 3509      MM0UMH   1   7032.8
 40CW  31-Oct-24 07:25 0035  DJ1OJ          599  599  Heijo 425     DJ1OJ    1   7032.8
 40CW  31-Oct-24 07:25 0036  DD6CW/M        599  599  ART 1890      DD6CW/M  1   7032.8
 40CW  31-Oct-24 07:25 0037  K3MM           599  599  Ty 114        K3MM     1   7032.8
 40CW  31-Oct-24 07:26 0038  SM5IMO         599  599  Dan 1854      SM5IMO   1   7032.8
 40CW  31-Oct-24 07:27 0039  DL3GJ          599  599  Greg DL       DL3GJ    1   7032.8
 40CW  31-Oct-24 07:27 0040  PC4H           599  599  Henk 3399     PC4H     1   7032.8
 40CW  31-Oct-24 07:27 0041  DL1NKB         599  599  Bernd 2486    DL1NKB   1   7032.8
 40CW  31-Oct-24 07:28 0042  DL4ME          599  599  R DL          DL4ME    1   7032.8
 20CW  31-Oct-24 07:31 0043  N4BP           599  599  Bob 2463      N4BP     1  14028.3
 20CW  31-Oct-24 07:31 0044  K1DJ           599  599  RICH 1556     K1DJ     1  14028.8
 20CW  31-Oct-24 07:32 0045  SM5IMO         599  599  Dan 1854               1  14031.2
 20CW  31-Oct-24 07:33 0046  PA3DBS         599  599  Peter 702              1  14031.9
 20CW  31-Oct-24 07:33 0047  SQ9S           599  599  Adam 2309     SQ9S     1  14036.2
 20CW  31-Oct-24 07:34 0048  OK2QA          599  599  Ruda 2891              1  14023.2
 20CW  31-Oct-24 07:37 0049  E70NA          599  599  ADO E7        E70NA    1  14031.4
 20CW  31-Oct-24 07:37 0050  F5PLC          599  599  Mike 2370     F5PLC    1  14031.4
 20CW  31-Oct-24 07:38 0051  OH3BCX         599  599  Zaba 1856     OH3BCX   1  14031.4
 20CW  31-Oct-24 07:38 0052  SM6F           599  599  Lars 173      SM6F     1  14031.4
 20CW  31-Oct-24 07:39 0053  N3JT           599  599  Jim 1         N3JT     1  14031.4
 20CW  31-Oct-24 07:39 0054  GW4J           599  599  Stew 919      GW4J     1  14031.4
 20CW  31-Oct-24 07:40 0055  MM0UMH         599  599  Les 3509               1  14031.4
 20CW  31-Oct-24 07:40 0056  SE4E           599  599  Lars SM       SE4E     1  14031.4
 20CW  31-Oct-24 07:42 0057  OK5M           599  599  Vit 2499               1  14031.4
 20CW  31-Oct-24 07:42 0058  PA2TA          599  599  TJ 2955                1  14031.4
 20CW  31-Oct-24 07:43 0059  SM7CIL         599  599  Arne 1410              1  14031.4
 20CW  31-Oct-24 07:44 0060  PA0INA         599  599  Frans 443              1  14031.4
 20CW  31-Oct-24 07:45 0061  SP5LST         599  599  3539          SP5LST   1  14031.4
 20CW  31-Oct-24 07:45 0062  DM6EE          599  599  Lutz 2654     DM6EE    1  14031.4
 20CW  31-Oct-24 07:45 0063  LY2J           599  599  PRANAS LY              1  14031.4
 20CW  31-Oct-24 07:46 0064  EA6EJ          599  599  INI 3276      EA6EJ    1  14031.4
 20CW  31-Oct-24 07:47 0065  NA8V           599  599  Greg 1214              1  14031.4
 20CW  31-Oct-24 07:49 0066  HB9BJL         599  599  Chris 2541    HB9BJL   1  14031.4
 20CW  31-Oct-24 07:49 0067  F5SGI          599  599  Jean 2532     F5SGI    1  14031.4
 20CW  31-Oct-24 07:50 0068  OH2BN          599  599  Jarmo 135     OH2BN    1  14031.4
 20CW  31-Oct-24 07:50 0069  DL1ROT         599  599  Tom DL        DL1ROT   1  14031.4
 20CW  31-Oct-24 07:51 0070  PC4H           599  599  Henk 3399              1  14031.4
 20CW  31-Oct-24 07:51 0071  SC6O           599  599  Ben 3519               1  14031.4
 20CW  31-Oct-24 07:53 0072  SM5ACQ         599  599  Don 1573               1  14032.0
 20CW  31-Oct-24 07:54 0073  SF1Z           599  599  Jens 2237              1  14034.4
 20CW  31-Oct-24 07:55 0074  F6HKA          599  599  Bert 1088              1  14036.0
 20CW  31-Oct-24 07:56 0075  IK0YVV         599  599  Marco 1505    IK0YVV   1  14036.9
 20CW  31-Oct-24 07:57 0076  EA4M           599  599  Rick 1070     EA4M     1  14042.5
 20CW  31-Oct-24 07:58 0077  9A1AA          599  599  Ivo 2447               1  14043.0
 20CW  31-Oct-24 07:59 0078  SE5T           599  599  Kare 3467     SE5T     1  14029.8
