 20CW  03-Apr-24 13:00 0001  EA6EJ          599  599  INI 3276      EA6EJ    1  14023.4
 20CW  03-Apr-24 13:01 0002  OK5M           599  599  Vit 2499      OK5M     1  14025.1
 20CW  03-Apr-24 13:02 0003  EA1X           599  599  Juan 2562     EA1X     1  14026.0
 20CW  03-Apr-24 13:07 0004  SM5ACQ         599  599  Don 1573      SM5ACQ   1  14029.4
 20CW  03-Apr-24 13:08 0005  SP5LST         599  599  KOT SP        SP5LST   1  14032.1
 20CW  03-Apr-24 13:09 0006  SP4JFR         599  599  Bolo 3227     SP4JFR   1  14031.8
 20CW  03-Apr-24 13:10 0007  SN5N           599  599  Chris SP      SN5N     1  14034.0
 20CW  03-Apr-24 13:11 0008  R9AE           599  599  Alex R9       R9AE     1  14035.4
 20CW  03-Apr-24 13:12 0009  DK2FG          599  599  Peter DL      DK2FG    1  14037.0
 20CW  03-Apr-24 13:16 0010  IT9SSI         599  599  Dario 2137    IT9SSI   1  14039.2
 20CW  03-Apr-24 13:17 0011  SM5IMO         599  599  Dan 1854      SM5IMO   1  14039.8
 20CW  03-Apr-24 13:19 0012  SF6J           599  599  Goran 3471    SF6J     1  14040.9
 20CW  03-Apr-24 13:19 0013  SO3O           599  599  Jan SP        SO3O     1  14040.4
 20CW  03-Apr-24 13:21 0014  M0NGN          599  599  Nige 2459     M0NGN    1  14041.5
 20CW  03-Apr-24 13:22 0015  9A1AA          599  599  Ivo 2447      9A1AA    1  14044.0
 20CW  03-Apr-24 13:22 0016  LY2J           599  599  PRANS LY      LY2J     1  14046.6
 20CW  03-Apr-24 13:24 0017  SD1A           599  599  Eric 1718     SD1A     1  14022.5
; logged as df7cb                                                                      
 15CW  03-Apr-24 13:28 0018  KM0O           599  599  Tony 1037     KM0O     1  21035.9
 15CW  03-Apr-24 13:30 0019  N5AW           599  599  Marv 157      N5AW     1  21033.5
 15CW  03-Apr-24 13:32 0020  UR8UQ          599  599  Alex 3487     UR8UQ    1  21033.1
 15CW  03-Apr-24 13:34 0021  DF4XX          599  599  Kurt 1753     DF4XX    1  21032.3
 15CW  03-Apr-24 13:35 0022  K3WJV          599  599  Bill 1465     K3WJV    1  21030.1
 15CW  03-Apr-24 13:35 0023  WG3J           599  599  ERIC 2473     WG3J     1  21029.1
