 15CW  18-Sep-24 19:19 0001  K6AR           599  599  Jim 546       K        5  21027.6
 15CW  18-Sep-24 19:20 0002  N2IC           599  599  Steve 1790             5  21028.0
 15CW  18-Sep-24 19:21 0003  NT6Q           599  599  ZO CA                  5  21028.4
 15CW  18-Sep-24 19:22 0004  N5OT           599  599  Mark 2197              5  21036.0
 20CW  18-Sep-24 19:24 0005  SV1ME          599  599  MANOS 3583    SV       3  14030.6
 20CW  18-Sep-24 19:26 0006  DK5KK          599  599  Kolja 1965    DL       2  14032.0
 20CW  18-Sep-24 19:26 0007  Z35M           599  599  Vlado Z3      Z3       3  14032.6
 20CW  18-Sep-24 19:28 0008  N3RD           599  599  Dave 232      K        5  14034.0
 20CW  18-Sep-24 19:29 0009  KC3M           599  599  Jack 3099              5  14034.5
 20CW  18-Sep-24 19:30 0010  N4KS           599  599  Ken 1274               5  14035.3
 20CW  18-Sep-24 19:31 0011  N1LN           599  599  Bruce 1141             5  14036.5
 20CW  18-Sep-24 19:33 0012  W3RJ           599  599  Rich PA                5  14036.9
 20CW  18-Sep-24 19:33 0013  KR2AA          599  599  Eric 2550              5  14037.1
 20CW  18-Sep-24 19:35 0014  K4RUM          599  599  Mike 1182              5  14039.5
 20CW  18-Sep-24 19:36 0015  VE3EJ          599  599  JOHN 513      VE       5  14040.3
 20CW  18-Sep-24 19:38 0016  K8MP           599  599  Joe 2415               5  14046.3
 20CW  18-Sep-24 19:39 0017  W8FN           599  599  Randy 1864             5  14048.9
 20CW  18-Sep-24 19:40 0018  9A1AA          599  599  Ivo 2447      9A       3  14049.5
 20CW  18-Sep-24 19:41 0019  K1SEC          599  599  Paul 1710              5  14051.2
 20CW  18-Sep-24 19:42 0020  W2GD           599  599  John 204               5  14051.6
 40CW  18-Sep-24 19:45 0021  SD6M           599  599  Per 1773      SM       3   7031.8
 40CW  18-Sep-24 19:46 0022  PA0INA         599  599  FRANS 443     PA       3   7031.5
 40CW  18-Sep-24 19:47 0023  OZ1AAR         599  599  Villy 2694    OZ       3   7030.6
 40CW  18-Sep-24 19:47 0024  ON7PQ          599  599  Pat 2365      ON       3   7030.3
 40CW  18-Sep-24 19:49 0025  MM2T           599  599  Phil 3456     GM       3   7028.8
 40CW  18-Sep-24 19:50 0026  SM5IMO         599  599  Dan 1854               3   7028.4
 40CW  18-Sep-24 19:51 0027  UX2HB          599  599  Waddy 2538    UR       3   7028.0
 40CW  18-Sep-24 19:52 0028  DL6KVA         599  599  Axel 1678     DL       2   7027.5
 40CW  18-Sep-24 19:52 0029  SN5N           599  599  Chris SP      SP       3   7027.2
 40CW  18-Sep-24 19:53 0030  DL3YM          599  599  Andy 2520              2   7026.2
 40CW  18-Sep-24 19:54 0031  SM2M           599  599  PER 2906               3   7025.6
 80CW  18-Sep-24 19:56 0032  DJ1OJ          599  599  Heijo 425     DL       2   3535.0
 80CW  18-Sep-24 19:56 0033  ON7PQ          599  599  Pat 2365      ON       3   3534.1
 80CW  18-Sep-24 19:57 0034  OZ1AAR         599  599  Villy 2694    OZ       3   3532.9
 80CW  18-Sep-24 19:57 0035  SF1Z           599  599  Jens 2237     SM       3   3531.7
 80CW  18-Sep-24 19:58 0036  SM5IMO         599  599  Dan 1854               3   3531.0
 80CW  18-Sep-24 19:59 0037  PA3DBS         599  599  Peter 702     PA       3   3530.5
