 40CW  12-Feb-24 16:31 0001  M7R            599  599  002           G        3   7036.7
 40CW  12-Feb-24 16:31 0002  RK7X           599  599  003           UA       3   7036.7
 40CW  12-Feb-24 16:32 0003  OM4DU          599  599  004           OM       3   7036.7
 40CW  12-Feb-24 16:33 0004  G0TRT          599  599  003                    3   7036.7
 40CW  12-Feb-24 16:33 0005  OK1OFM         599  599  007           OK       3   7036.7
 40CW  12-Feb-24 16:34 0006  S51J           599  599  006           S5       3   7036.7
 40CW  12-Feb-24 16:34 0007  OK1TN          599  599  009                    3   7036.7
 40CW  12-Feb-24 16:34 0008  SP8BXL         599  599  005           SP       3   7036.7
 40CW  12-Feb-24 16:35 0009  OK2SLS         599  599  004                    3   7036.7
 40CW  12-Feb-24 16:35 0010  OG6B           599  599  008           OH       3   7036.7
 40CW  12-Feb-24 16:36 0011  OE8TIR         599  599  005           OE       3   7036.7
 40CW  12-Feb-24 16:37 0012  OK1PI          599  599  019                    3   7036.7
 40CW  12-Feb-24 16:37 0013  DA0BCC         599  599  015           DL       2   7036.7
 40CW  12-Feb-24 16:38 0014  DL4ME          599  599  007                    2   7036.7
 40CW  12-Feb-24 16:38 0015  SF6J           599  599  009           SM       3   7036.7
 40CW  12-Feb-24 16:39 0016  HB9HTF         599  599  012           HB       3   7036.7
 40CW  12-Feb-24 16:39 0017  SP4TKR         599  599  016                    3   7036.7
 40CW  12-Feb-24 16:40 0018  DF1DX          599  599  012                    2   7036.7
 40CW  12-Feb-24 16:40 0019  DL6TK          599  599  001                    2   7036.7
 40CW  12-Feb-24 16:41 0020  SM5CSS         599  599  018                    3   7036.7
 40CW  12-Feb-24 16:41 0021  OK1TD          599  599  023                    3   7036.7
 40CW  12-Feb-24 16:42 0022  PA2A           599  599  017           PA       3   7036.7
 40CW  12-Feb-24 16:42 0023  OK2NO          599  599  030                    3   7036.7
 40CW  12-Feb-24 16:43 0024  S53F           599  599  005                    3   7036.7
 40CW  12-Feb-24 16:43 0025  DK3AX          599  599  014                    2   7036.7
 40CW  12-Feb-24 16:44 0026  G4ZFE          599  599  015                    3   7036.7
 40CW  12-Feb-24 16:45 0027  M4N            599  599  031                    3   7036.7
 40CW  12-Feb-24 16:45 0028  DK5DQ          599  599  019                    2   7036.7
 40CW  12-Feb-24 16:46 0029  OK1AMX         599  599  022                    3   7036.7
 40CW  12-Feb-24 16:47 0030  YO4TL          599  599  003           YO       3   7036.7
 40CW  12-Feb-24 16:48 0031  HB9CMW         599  599  006                    3   7036.7
 40CW  12-Feb-24 16:48 0032  OK5SA          599  599  026                    3   7036.7
 40CW  12-Feb-24 16:48 0033  DR2C           599  599  042                    2   7036.7
 40CW  12-Feb-24 16:50 0034  YL3JD          599  599  031           YL       3   7036.7
 40CW  12-Feb-24 16:50 0035  DF6QV          599  599  001                    2   7036.7
 40CW  12-Feb-24 16:51 0036  DJ3WE          599  599  031                    2   7036.7
 40CW  12-Feb-24 16:51 0037  OL8R           599  599  069                    3   7036.7
 40CW  12-Feb-24 16:52 0038  R3GG           599  599  035                    3   7036.7
 40CW  12-Feb-24 16:52 0039  HB9BXE         599  599  053                    3   7036.7
 40CW  12-Feb-24 16:54 0040  G4LJU          599  599  019                    3   7036.7
 40CW  12-Feb-24 16:54 0041  OK1WSL         599  599  028                    3   7036.7
 40CW  12-Feb-24 16:55 0042  OH1KH          599  599  022                    3   7036.7
 40CW  12-Feb-24 16:55 0043  OM5ZW          599  599  061                    3   7036.7
 40CW  12-Feb-24 16:56 0044  SP3VT          599  599  052                    3   7036.7
 40CW  12-Feb-24 16:57 0045  OK1RKS         599  599  025                    3   7036.7
 40CW  12-Feb-24 16:57 0046  OM2KI          599  599  072                    3   7036.7
 40CW  12-Feb-24 16:58 0047  SN1T           599  599  067                    3   7036.7
 40CW  12-Feb-24 16:58 0048  SP7N           599  599  040                    3   7036.7
 40CW  12-Feb-24 17:00 0049  DG1NPM         599  599  001                    2   7036.7
 40CW  12-Feb-24 17:00 0050  DL8QS          599  599  058                    2   7036.7
 40CW  12-Feb-24 17:01 0051  S57EA          599  599  038                    3   7036.7
 40CW  12-Feb-24 17:01 0052  OE3KAB         599  599  038                    3   7036.7
 40CW  12-Feb-24 17:03 0053  SP2DKI         599  599  056                    3   7036.7
 40CW  12-Feb-24 17:04 0054  HA5BA          599  599  040           HA       3   7036.7
 40CW  12-Feb-24 17:05 0055  DJ8UL          599  599  073                    2   7036.7
 80CW  12-Feb-24 17:09 0056  OM5B           599  599  056           OM       3   3543.7
 80CW  12-Feb-24 17:09 0057  DA0BCC         599  599  074           DL       2   3543.7
 80CW  12-Feb-24 17:10 0058  OK2IW          599  599  043           OK       3   3543.7
 80CW  12-Feb-24 17:12 0059  DL1DWR         599  599  049                    2   3543.7
 80CW  12-Feb-24 17:15 0060  OL4W           599  599  061                    3   3532.4
 80CW  12-Feb-24 17:16 0061  DL2OE          599  599  047                    2   3532.4
 80CW  12-Feb-24 17:17 0062  OK1AY          599  599  063                    3   3532.4
 80CW  12-Feb-24 17:17 0063  SP2XX          599  599  079           SP       3   3532.4
 80CW  12-Feb-24 17:17 0064  OK1TD          599  599  069                    3   3532.4
 80CW  12-Feb-24 17:18 0065  OM5ZW          599  599  109                    3   3532.4
 80CW  12-Feb-24 17:18 0066  DL1BUG         599  599  086                    2   3532.4
 80CW  12-Feb-24 17:19 0067  OM5RM          599  599  059                    3   3532.4
 80CW  12-Feb-24 17:19 0068  SD6M           599  599  046           SM       3   3532.4
 80CW  12-Feb-24 17:19 0069  SP3CW          599  599  057                    3   3532.4
 80CW  12-Feb-24 17:20 0070  OK1USP         599  599  053                    3   3532.4
 80CW  12-Feb-24 17:20 0071  OK2PYA         599  599  070                    3   3532.4
 80CW  12-Feb-24 17:20 0072  HA5MA          599  599  081           HA       3   3532.4
 80CW  12-Feb-24 17:21 0073  OM3ZU          599  599  071                    3   3532.4
 80CW  12-Feb-24 17:22 0074  DK5DQ          599  599  091                    2   3532.4
 80CW  12-Feb-24 17:23 0075  DF1DX          599  599  080                    2   3532.4
 80CW  12-Feb-24 17:23 0076  OM5KM          599  599  063                    3   3532.4
 80CW  12-Feb-24 17:24 0077  SP3VT          599  599  104                    3   3532.4
 80CW  12-Feb-24 17:24 0078  DR2C           599  599  132                    2   3532.4
 80CW  12-Feb-24 17:25 0079  DJ3WE          599  599  085                    2   3532.4
 80CW  12-Feb-24 17:25 0080  OK2BFN         599  599  112                    3   3532.4
 80CW  12-Feb-24 17:25 0081  OM4AY          599  599  051                    3   3532.4
 80CW  12-Feb-24 17:26 0082  DF8V           599  599  056                    2   3532.4
 80CW  12-Feb-24 17:27 0083  OK1NU          599  599  056                    3   3532.4
 80CW  12-Feb-24 17:28 0084  OM2KI          599  599  140                    3   3532.4
 80CW  12-Feb-24 17:28 0085  DL1NKS         599  599  107                    2   3532.4
 80CW  12-Feb-24 17:29 0086  DL8QS          599  599  109                    2   3532.4
 80CW  12-Feb-24 17:29 0087  DF7YE          599  599  101                    2   3532.4
