 40CW  26-Dec-24 09:55 0001  DJ9AO          599  599  X22           DL       2   7035.7
 40CW  26-Dec-24 09:56 0002  DL8WAA         599  599  S41                    2   7035.7
 40CW  26-Dec-24 09:59 0003  DJ4WT          599  599  K06                    2   7022.1
 40CW  26-Dec-24 09:59 0004  DF4XX          599  599  NM                     2   7022.1
 40CW  26-Dec-24 10:01 0005  OK2NAJ         599  599  30            OK       3   7020.1
 40CW  26-Dec-24 10:01 0006  M4N            599  599  000           G        3   7020.1
 40CW  26-Dec-24 10:02 0007  DL6NCY         599  599  B07                    2   7041.1
 40CW  26-Dec-24 10:13 0008  DF4UM          599  599  P07                    2   7017.0
 40CW  26-Dec-24 10:13 0009  IN3FHE         599  599  75            I        3   7017.0
 40CW  26-Dec-24 10:15 0010  DF2IX          599  599  A24                    2   7018.7
 40CW  26-Dec-24 10:15 0011  DQ6Q           599  599  M30                    2   7018.7
 40CW  26-Dec-24 10:17 0012  DL8ULF         599  599  Y37                    2   7017.4
 40CW  26-Dec-24 10:17 0013  DL9ABM         599  599  H07                    2   7017.4
 40CW  26-Dec-24 10:20 0014  DF4ZL          599  599  F16                    2   7016.6
 40CW  26-Dec-24 10:21 0015  DF4KJ          599  599  F31                    2   7016.6
 40CW  26-Dec-24 10:23 0016  DM3ZF          599  599  Y28                    2   7016.3
 40CW  26-Dec-24 10:24 0017  DM8T           599  599  T19                    2   7016.3
 40CW  26-Dec-24 10:26 0018  DK4LX          599  599  F06                    2   7014.4
 40CW  26-Dec-24 10:27 0019  DL5RDO         599  599  F01                    2   7014.4
 40CW  26-Dec-24 10:45 0020  DJ3TF          599  599  U01                    2   7012.6
 40CW  26-Dec-24 10:45 0021  DF7CP          599  599  V19                    2   7012.6
 40CW  26-Dec-24 10:47 0022  DL6RDE         599  599  Z64                    2   7010.8
 40CW  26-Dec-24 10:47 0023  DL1GKC         599  599  A48                    2   7010.8
