 20CW  20-Jan-24 12:56 0001  DL3KWF         599  599  052           DL       2  14015.7
 20CW  20-Jan-24 12:59 0002  DJ0SP          599  599  055                    2  14022.2
 20CW  20-Jan-24 14:58 0003  DK8ZZ          599  599  236                    2  14011.8
 15CW  20-Jan-24 14:59 0004  DL5YL          599  599  096           DL       2  21015.8
 40CW  20-Jan-24 15:02 0005  DL1WA          599  599  038           DL       2   7029.5
 20CW  20-Jan-24 15:03 0006  HA8FY          599  599  CS            HA       3  14005.1
 20CW  20-Jan-24 16:48 0007  DL4YR          599  599  156                    2  14025.2
 15CW  20-Jan-24 16:50 0008  DL5YM          599  599  098                    2  21026.8
 40CW  20-Jan-24 17:05 0009  OK2BFN         599  599  079           OK       3   7029.9
 40CW  20-Jan-24 17:14 0010  DK2FG          599  599  147                    2   7004.5
 40CW  20-Jan-24 17:44 0011  YT1A           599  599  315           YU       3   7004.5
 40CW  20-Jan-24 17:45 0012  9A4W           599  599  067           9A       3   7013.9
 40CW  20-Jan-24 17:57 0013  9A6A           599  599  321                    3   7028.4
160CW  20-Jan-24 18:54 0014  DL7YS          599  599  046           DL       2   1813.4
160CW  20-Jan-24 18:56 0015  HG5D           599  599  BE            HA       3   1829.1
160CW  20-Jan-24 18:57 0016  HA3YE          599  599  BA                     3   1827.0
160CW  20-Jan-24 18:57 0017  OZ0B           599  599  052           OZ       3   1835.0
 15CW  20-Jan-24 19:07 0018  PY3TD          599  599  102           PY       5  21020.1
 20CW  20-Jan-24 19:09 0019  K2SSS          599  599  722           K        5  14028.0
 20CW  20-Jan-24 19:11 0020  HG5E           599  599  GY                     3  14025.6
 20CW  20-Jan-24 19:13 0021  ZD7BG          599  599  173           ZD7      5  14019.5
 40CW  20-Jan-24 19:15 0022  YU7GMN         599  599  096                    3   7028.1
 40CW  20-Jan-24 19:17 0023  EU2F           599  599  541           EU       3   7025.4
 40CW  20-Jan-24 19:19 0024  UW1M           599  599  430           UR       3   7015.1
 40CW  20-Jan-24 19:19 0025  RM1T           599  599  494           UA       3   7011.1
 40CW  20-Jan-24 19:25 0026  EA1CS          599  599  319           EA       3   7009.5
 40CW  20-Jan-24 19:26 0027  4L8A           599  599  730           4L       5   7007.6
 80CW  20-Jan-24 19:31 0028  OK2TJ          599  599  384           OK       3   3532.5
 80CW  20-Jan-24 19:35 0029  HA9A           599  599  BO            HA       3   3530.9
 80CW  20-Jan-24 19:36 0030  LZ7G           599  599  711           LZ       3   3530.7
 80CW  20-Jan-24 19:36 0031  OK2EA          599  599  485                    3   3529.3
 80CW  20-Jan-24 19:37 0032  9A7V           599  599  307           9A       3   3528.6
 80CW  20-Jan-24 19:38 0033  RM2U           599  599  486           UA       3   3527.8
 80CW  20-Jan-24 19:40 0034  HA1TJ          599  599  GY                     3   3527.2
 80CW  20-Jan-24 19:40 0035  UI5A           599  599  140                    3   3526.5
 80CW  20-Jan-24 19:42 0036  S53V           599  599  237           S5       3   3525.5
160CW  20-Jan-24 19:45 0037  DL1WA          599  599  314                    2   1830.2
 80CW  20-Jan-24 19:45 0038  DL3KWF         599  599  181           DL       2   3513.6
 20CW  20-Jan-24 19:52 0039  CT7BJG         599  599  439           CT       3  14009.7
 20CW  20-Jan-24 19:53 0040  CR5O           599  599  614                    3  14010.8
160CW  20-Jan-24 20:43 0041  G2E            599  599  416           G        3   1829.5
160CW  20-Jan-24 20:44 0042  HA3NU          599  599  TO                     3   1828.3
160CW  20-Jan-24 20:49 0043  OK2TJ          599  599  486           OK       3   1825.0
160CW  20-Jan-24 20:51 0044  HG0R           599  599  HB                     3   1824.0
 40CW  20-Jan-24 21:03 0045  EW8DX          599  599  570                    3   7030.3
 40CW  20-Jan-24 21:03 0046  UT3EV          599  599  477                    3   7022.7
 40CW  20-Jan-24 21:04 0047  LZ5R           599  599  799           LZ       3   7007.8
 80CW  20-Jan-24 21:06 0048  II2WWA         599  599  000           I        3   3504.1
 80CW  20-Jan-24 21:08 0049  F6FYA          599  599  515           F        3   3507.0
 80CW  20-Jan-24 21:09 0050  HA8FY          599  599  CS                     3   3508.6
 80CW  20-Jan-24 21:10 0051  OK1KKI         599  599  325                    3   3510.0
 80CW  20-Jan-24 21:10 0052  HG6N           599  599  NG                     3   3511.0
 80CW  20-Jan-24 21:11 0053  DJ9SN          599  599  155                    2   3513.0
 80CW  20-Jan-24 21:13 0054  SD1A           599  599  243           SM       3   3513.5
 80CW  20-Jan-24 21:14 0055  9A5Y           599  599  1298                   3   3513.9
 80CW  20-Jan-24 21:15 0056  HG6B           599  599  BO                     3   3515.0
 80CW  20-Jan-24 21:16 0057  PA3DBS         599  599  333           PA       3   3515.5
 80CW  20-Jan-24 21:16 0058  OM8AA          599  599  522           OM       3   3516.1
 80CW  20-Jan-24 21:18 0059  RM1T           599  599  629                    3   3518.5
 80CW  20-Jan-24 21:19 0060  OK1AGE         599  599  183                    3   3519.1
160CW  20-Jan-24 21:20 0061  IZ4ZZB         599  599  202           I        3   1832.5
160CW  20-Jan-24 21:21 0062  SP7CF          599  599  220           SP       3   1831.0
160CW  20-Jan-24 21:27 0063  F5IN           599  599  647           F        3   1829.0
160CW  20-Jan-24 21:28 0064  S54A           599  599  233           S5       3   1828.3
160CW  20-Jan-24 21:29 0065  OE9AMJ/P       599  599  051           OE       3   1827.0
160CW  20-Jan-24 21:31 0066  HG6N           599  599  NG                     3   1823.0
 15CW  21-Jan-24 10:06 0067  E77EA          599  599  837           E7       3  21017.0
 15CW  21-Jan-24 10:13 0068  4L8A           599  599  1225          4L       5  21016.0
 15CW  21-Jan-24 10:14 0069  EU2F           599  599  1228          EU       3  21014.9
 15CW  21-Jan-24 10:14 0070  LY2J           599  599  532           LY       3  21013.9
 15CW  21-Jan-24 10:15 0071  HA7RJA         599  599  PE            HA       3  21013.1
 15CW  21-Jan-24 10:18 0072  DK8ZZ          599  599  385                    2  21011.5
 15CW  21-Jan-24 10:22 0073  PV2K           599  599  340                    5  21005.6
 15CW  21-Jan-24 10:31 0074  SV4FFL         599  599  344           SV       3  21003.0
 10CW  21-Jan-24 10:34 0075  EA5XA          599  599  233           EA       3  28035.0
 10CW  21-Jan-24 10:35 0076  EA7A           599  599  114                    3  28043.1
 10CW  21-Jan-24 10:37 0077  UA4C           599  599  026           UA       3  28028.0
 10CW  21-Jan-24 11:28 0078  UA9CTT         599  599  782           UA9      5  28025.0
 10CW  21-Jan-24 11:30 0079  9N7AA          599  599  191           9N       5  28028.8
 10CW  21-Jan-24 11:31 0080  UR4L           599  599  047           UR       3  28030.8
 10CW  21-Jan-24 11:33 0081  RO5X           599  599  767                    3  28034.7
 10CW  21-Jan-24 11:34 0082  RA1QD          599  599  193                    3  28037.7
