 15CW  01-Jul-24 20:55 0001  VE3YAA         599  599  ON            VE       5  21026.2
 15CW  01-Jul-24 20:55 0002  JA7ACM         599  599  139           JA       5  21030.3
 15CW  01-Jul-24 20:56 0003  WB8JUI         599  599  183           K        5  21031.3
 15CW  01-Jul-24 20:57 0004  AA3B           599  599  256                    5  21039.4
 20CW  01-Jul-24 20:59 0005  K2J            599  599  NC            K        5  14031.5
 20CW  01-Jul-24 21:09 0006  W5ZR           599  599  152                    5  14035.7
 20CW  01-Jul-24 21:09 0007  VE9HF          599  599  96            VE       5  14036.9
 20CW  01-Jul-24 21:10 0008  OZ5W           599  599  419           OZ       3  14023.0
 20CW  01-Jul-24 21:12 0009  VE9RAC         599  599  NB                     5  14025.0
 20CW  01-Jul-24 21:17 0010  N8AA           599  599  181                    5  14026.3
 20CW  01-Jul-24 21:18 0011  PY3TD          599  599  032           PY       5  14027.0
 20CW  01-Jul-24 21:19 0012  VE3BR          599  599  ON                     5  14028.0
 20CW  01-Jul-24 21:20 0013  N4BP           599  599  514                    5  14028.4
 20CW  01-Jul-24 21:21 0014  KL2R           599  599  122           KL       5  14028.9
 20CW  01-Jul-24 21:23 0015  K6NR           599  599  297                    5  14037.0
 20CW  01-Jul-24 21:27 0016  VE1ANF         599  599  NS                     5  14039.5
 20CW  01-Jul-24 21:33 0017  N4GO           599  599  250                    5  14029.8
 20CW  01-Jul-24 21:33 0018  N5CW           599  599  266                    5  14031.1
 20CW  01-Jul-24 21:35 0019  K2B            599  599  VA                     5  14033.5
 20CW  01-Jul-24 21:36 0020  VE3VN          599  599  ON                     5  14034.9
 20CW  01-Jul-24 21:37 0021  VE6RST         599  599  AB                     5  14035.5
