 40CW  26-Feb-24 16:32 0001  DL2NBY         599  599  003           DL       2   7038.8
 40CW  26-Feb-24 16:34 0002  OK2BFN         599  599  007           OK       3   7038.8
 40CW  26-Feb-24 16:34 0003  OK1FKD         599  599  010                    3   7038.8
 40CW  26-Feb-24 16:35 0004  OK1TD          599  599  010                    3   7038.8
 40CW  26-Feb-24 16:36 0005  OK1OA          599  599  010                    3   7038.8
 40CW  26-Feb-24 16:36 0006  DM7W           599  599  010                    2   7038.8
 40CW  26-Feb-24 16:37 0007  OL8R           599  599  020                    3   7038.8
 40CW  26-Feb-24 16:37 0008  DA3T           599  599  012                    2   7038.8
 40CW  26-Feb-24 16:37 0009  SN1T           599  599  022           SP       3   7038.8
 40CW  26-Feb-24 16:38 0010  DR2C           599  599  021                    2   7038.8
 40CW  26-Feb-24 16:38 0011  M7R            599  599  011           G        3   7038.8
 40CW  26-Feb-24 16:39 0012  OK2WY          599  599  010                    3   7038.8
 40CW  26-Feb-24 16:39 0013  SN5J           599  599  023                    3   7038.8
 40CW  26-Feb-24 16:40 0014  SP2KAC         599  599  008                    3   7038.8
 40CW  26-Feb-24 16:40 0015  IU8RQW         599  599  006           I        3   7038.8
 40CW  26-Feb-24 16:41 0016  SP3VT          599  599  022                    3   7038.8
 40CW  26-Feb-24 16:41 0017  DJ9MH          599  599  022                    2   7038.8
 40CW  26-Feb-24 16:42 0018  HA1AH          599  599  013           HA       3   7038.8
 40CW  26-Feb-24 16:42 0019  SP3MEP         599  599  027                    3   7038.8
 40CW  26-Feb-24 16:43 0020  OK1TN          599  599  031                    3   7038.8
 40CW  26-Feb-24 16:43 0021  OM5CM          599  599  022           OM       3   7038.8
 40CW  26-Feb-24 16:44 0022  DK5DQ          599  599  019                    2   7038.8
 40CW  26-Feb-24 16:45 0023  CT7BJG         599  599  002           CT       3   7038.9
 40CW  26-Feb-24 16:46 0024  OG6B           599  599  030           OH       3   7038.9
 40CW  26-Feb-24 16:47 0025  DF4ZL          599  599  025                    2   7038.9
 40CW  26-Feb-24 16:47 0026  DF1DT          599  599  030                    2   7038.9
 40CW  26-Feb-24 16:47 0027  OK1FMX         599  599  028                    3   7038.9
 40CW  26-Feb-24 16:48 0028  OK1RKS         599  599  030                    3   7038.9
 40CW  26-Feb-24 16:48 0029  SE5T           599  599  030           SM       3   7038.9
 40CW  26-Feb-24 16:48 0030  OK1ORA         599  599  036                    3   7038.9
 40CW  26-Feb-24 16:49 0031  SD6M           599  599  032                    3   7038.9
 40CW  26-Feb-24 16:49 0032  OK1FFA         599  599  013                    3   7038.9
 40CW  26-Feb-24 16:49 0033  HB9HTF         599  599  031           HB       3   7038.9
 40CW  26-Feb-24 16:50 0034  DF1LON         599  599  027                    2   7038.9
 40CW  26-Feb-24 16:50 0035  OK1JAX         599  599  036                    3   7038.9
 40CW  26-Feb-24 16:50 0036  HG5E           599  599  049                    3   7038.9
 40CW  26-Feb-24 16:51 0037  DD5M           599  599  049                    2   7038.9
 40CW  26-Feb-24 16:51 0038  DF8KY          599  599  019                    2   7038.9
 40CW  26-Feb-24 16:52 0039  YU7TBA         599  599  019           YU       3   7038.9
 40CW  26-Feb-24 16:52 0040  OM3TVI         599  599  010                    3   7038.9
 40CW  26-Feb-24 16:53 0041  M4N            599  599  044                    3   7038.9
 40CW  26-Feb-24 16:53 0042  DL1BUG         599  599  052                    2   7038.9
 40CW  26-Feb-24 16:53 0043  SN7J           599  599  025                    3   7038.9
 40CW  26-Feb-24 16:54 0044  S52W           599  599  049           S5       3   7038.9
 40CW  26-Feb-24 16:54 0045  SE5E           599  599  060                    3   7038.9
 40CW  26-Feb-24 16:54 0046  OH1KH          599  599  021                    3   7038.9
 40CW  26-Feb-24 16:55 0047  OK1DSZ         599  599  052                    3   7038.9
 40CW  26-Feb-24 16:55 0048  DA0BCC         599  599  055                    2   7038.9
 40CW  26-Feb-24 16:56 0049  DM5I           599  599  061                    2   7038.9
 40CW  26-Feb-24 16:56 0050  OK1WSL         599  599  035                    3   7038.9
 40CW  26-Feb-24 16:57 0051  HA5MA          599  599  047                    3   7038.9
 40CW  26-Feb-24 16:58 0052  OK1DSZ         599  599  056                    0   7038.9
 40CW  26-Feb-24 17:01 0053  Z35M           599  599  023           Z3       3   7037.4
 40CW  26-Feb-24 17:02 0054  DF7YE          599  599  030                    2   7036.9
 40CW  26-Feb-24 17:03 0055  OZ7BQ          599  599  040           OZ       3   7036.6
 40CW  26-Feb-24 17:03 0056  DJ9SN          599  599  040                    2   7036.0
 40CW  26-Feb-24 17:04 0057  DL1NKS         599  599  069                    2   7035.5
 40CW  26-Feb-24 17:04 0058  OK1FGD         599  599  042                    3   7034.7
 40CW  26-Feb-24 17:06 0059  OM3ZU          599  599  051                    3   7032.7
 40CW  26-Feb-24 17:06 0060  OK2NAJ         599  599  059                    3   7031.9
 40CW  26-Feb-24 17:07 0061  SP4TKR         599  599  072                    3   7029.1
 80CW  26-Feb-24 17:09 0062  DM5I           599  599  093           DL       2   3531.0
 80CW  26-Feb-24 17:10 0063  DR2C           599  599  084                    2   3534.5
 80CW  26-Feb-24 17:11 0064  OM5TD          599  599  039           OM       3   3537.2
 80CW  26-Feb-24 17:11 0065  OM5B           599  599  051                    3   3537.2
 80CW  26-Feb-24 17:12 0066  OL8R           599  599  101           OK       3   3537.2
 80CW  26-Feb-24 17:12 0067  HA5MA          599  599  074           HA       3   3537.2
 80CW  26-Feb-24 17:12 0068  OK1RZ          599  599  053                    3   3537.2
 80CW  26-Feb-24 17:15 0069  DA0BCC         599  599  078                    2   3547.6
 80CW  26-Feb-24 17:16 0070  OG7Z           599  599  073           OH       3   3545.6
 80CW  26-Feb-24 17:16 0071  PA3AAV         599  599  122           PA       3   3544.2
 80CW  26-Feb-24 17:17 0072  OK2BFN         599  599  078                    3   3543.7
 80CW  26-Feb-24 17:19 0073  OK1MSL         599  599  041                    3   3541.1
 80CW  26-Feb-24 17:20 0074  OK1DOR         599  599  094                    3   3540.7
 80CW  26-Feb-24 17:20 0075  OM2IW          599  599  049                    3   3540.3
 80CW  26-Feb-24 17:21 0076  OK2NAJ         599  599  091                    3   3539.5
 80CW  26-Feb-24 17:22 0077  DL5YM          599  599  052                    2   3538.6
 80CW  26-Feb-24 17:23 0078  SD6F           599  599  118           SM       3   3537.9
 80CW  26-Feb-24 17:23 0079  DL1BUG         599  599  099                    2   3537.4
 80CW  26-Feb-24 17:25 0080  SN1T           599  599  132           SP       3   3536.0
 80CW  26-Feb-24 17:26 0081  OK2WY          599  599  112                    3   3535.0
 80CW  26-Feb-24 17:26 0082  SP2XX          599  599  104                    3   3534.5
 80CW  26-Feb-24 17:27 0083  OK1AY          599  599  077                    3   3533.9
 80CW  26-Feb-24 17:28 0084  DK5DQ          599  599  092                    2   3532.9
 80CW  26-Feb-24 17:28 0085  DL1NKS         599  599  119                    2   3531.7
 80CW  26-Feb-24 17:29 0086  LY7K           599  599  021           LY       3   3531.2
 80CW  26-Feb-24 17:29 0087  OM5RM          599  599  112                    3   3530.6
 80CW  26-Feb-24 17:29 0088  DJ9KH          599  599  097                    2   3529.6
