 40CW  19-Feb-24 16:30 0001  OK1TN          599  599  001           OK       3   7035.5
 40CW  19-Feb-24 16:30 0002  DJ9KH          599  599  002           DL       2   7034.7
 40CW  19-Feb-24 16:31 0003  DM7W           599  599  003                    2   7034.1
 40CW  19-Feb-24 16:32 0004  HB9BXE         599  599  004           HB       3   7033.6
 40CW  19-Feb-24 16:33 0005  DA0BCC         599  599  007                    2   7037.8
 40CW  19-Feb-24 16:35 0006  RX3QNE         599  599  006           UA       3   7037.9
 40CW  19-Feb-24 16:35 0007  RK7X           599  599  009                    3   7037.9
 40CW  19-Feb-24 16:36 0008  HA5BA          599  599  007           HA       3   7037.9
 40CW  19-Feb-24 16:37 0009  IN3FHE         599  599  008           I        3   7037.9
 40CW  19-Feb-24 16:37 0010  DK5DQ          599  599  013                    2   7037.9
 40CW  19-Feb-24 16:38 0011  G4LJU          599  599  007           G        3   7037.9
 40CW  19-Feb-24 16:39 0012  OG6B           599  599  016           OH       3   7037.9
 40CW  19-Feb-24 16:39 0013  SM5CSS         599  599  016           SM       3   7037.9
 40CW  19-Feb-24 16:40 0014  HA5MA          599  599  019                    3   7037.9
 40CW  19-Feb-24 16:41 0015  PA2A           599  599  023           PA       3   7037.9
 40CW  19-Feb-24 16:42 0016  DL1VDL         599  599  018                    2   7037.1
 40CW  19-Feb-24 16:42 0017  SM6TOL         599  599  015                    3   7036.5
 40CW  19-Feb-24 16:43 0018  SP2XX          599  599  022           SP       3   7033.8
 40CW  19-Feb-24 16:44 0019  DL1NKS         599  599  023                    2   7032.7
 40CW  19-Feb-24 16:46 0020  EA3X           599  599  021           EA       3   7031.0
 40CW  19-Feb-24 16:47 0021  OK1DOR         599  599  034                    3   7030.4
 40CW  19-Feb-24 16:47 0022  DF7YE          599  599  033                    2   7030.1
 40CW  19-Feb-24 16:48 0023  HA5OV          599  599  044                    3   7029.6
 40CW  19-Feb-24 16:48 0024  SN5N           599  599  042                    3   7029.0
 40CW  19-Feb-24 16:49 0025  DM5I           599  599  051                    2   7028.5
 40CW  19-Feb-24 16:50 0026  SE0B           599  599  037                    3   7028.3
 40CW  19-Feb-24 16:50 0027  E77EA          599  599  038           E7       3   7028.0
 40CW  19-Feb-24 16:51 0028  OK1FGD         599  599  036                    3   7027.6
 40CW  19-Feb-24 16:51 0029  DL8MBS         599  599  024                    2   7026.6
 40CW  19-Feb-24 16:52 0030  SM0OEK         599  599  050                    3   7026.0
 40CW  19-Feb-24 16:53 0031  DF1DX          599  599  026                    2   7025.3
 40CW  19-Feb-24 16:53 0032  RX3Q           599  599  050                    3   7025.0
 40CW  19-Feb-24 16:54 0033  OK1RKS         599  599  045                    3   7024.6
 40CW  19-Feb-24 16:55 0034  DL4ME          599  599  042                    2   7024.3
 40CW  19-Feb-24 16:56 0035  SE5E           599  599  061                    3   7023.8
 40CW  19-Feb-24 16:57 0036  PA3ARM         599  599  052                    3   7022.8
 40CW  19-Feb-24 16:58 0037  OK2EA          599  599  068                    3   7021.9
 40CW  19-Feb-24 16:59 0038  DL1BUG         599  599  072                    2   7021.5
 40CW  19-Feb-24 17:00 0039  YL2TD          599  599  062           YL       3   7026.7
 40CW  19-Feb-24 17:01 0040  SP8BXL         599  599  031                    3   7026.7
 40CW  19-Feb-24 17:01 0041  M7R            599  599  036                    3   7026.7
 40CW  19-Feb-24 17:02 0042  OK1FKD         599  599  040                    3   7026.7
 40CW  19-Feb-24 17:03 0043  PA3DBS         599  599  033                    3   7026.7
 40CW  19-Feb-24 17:03 0044  OM5CM          599  599  045           OM       3   7026.7
 40CW  19-Feb-24 17:04 0045  SP7N           599  599  056                    3   7026.7
 40CW  19-Feb-24 17:04 0046  DR2C           599  599  072                    2   7026.7
 40CW  19-Feb-24 17:04 0047  SP2KAC         599  599  036                    3   7026.7
 40CW  19-Feb-24 17:05 0048  OK2NO          599  599  061                    3   7026.7
 40CW  19-Feb-24 17:05 0049  HB9HTF         599  599  051                    3   7026.7
 40CW  19-Feb-24 17:07 0050  ZA1RR          599  599  000           ZA       3   7024.4
 40CW  19-Feb-24 17:07 0051  S51J           599  599  072           S5       3   7021.0
 40CW  19-Feb-24 17:08 0052  LZ5DI          599  599  065           LZ       3   7020.6
 40CW  19-Feb-24 17:09 0053  OK2QA          599  599  066                    3   7039.0
 40CW  19-Feb-24 17:10 0054  SM5DXR         599  599  041                    3   7037.2
 40CW  19-Feb-24 17:10 0055  OK1DTP         599  599  015                    3   7034.5
 40CW  19-Feb-24 17:11 0056  F6JOE          599  599  042           F        3   7034.1
 40CW  19-Feb-24 17:12 0057  OK6OK          599  599  048                    3   7032.3
 40CW  19-Feb-24 17:12 0058  DJ9MH          599  599  079                    2   7031.4
 40CW  19-Feb-24 17:14 0059  YO4TL          599  599  015           YO       3   7029.2
 40CW  19-Feb-24 17:16 0060  I2CZQ          599  599  005                    3   7028.3
 40CW  19-Feb-24 17:17 0061  SD6F           599  599  084                    3   7026.3
 40CW  19-Feb-24 17:17 0062  SP4TKR         599  599  080                    3   7025.9
 40CW  19-Feb-24 17:18 0063  DK2FG          599  599  024                    2   7024.8
 40CW  19-Feb-24 17:19 0064  DH0GHU         599  599  048                    2   7027.3
 40CW  19-Feb-24 17:20 0065  OK1ORA         599  599  075                    3   7026.6
 40CW  19-Feb-24 17:20 0066  SP4JFR         599  599  081                    3   7026.6
 40CW  19-Feb-24 17:21 0067  ON4EM          599  599  074           ON       3   7026.6
 40CW  19-Feb-24 17:22 0068  HB9CMW         599  599  021                    3   7030.1
 40CW  19-Feb-24 17:23 0069  M4N            599  599  076                    3   7030.1
 40CW  19-Feb-24 17:24 0070  Z32TO          599  599  077           Z3       3   7030.1
 40CW  19-Feb-24 17:25 0071  PA3AAV         599  599  121                    3   7030.1
 40CW  19-Feb-24 17:26 0072  OK2SLS         599  599  050                    3   7030.1
 40CW  19-Feb-24 17:26 0073  OK1JAX         599  599  094                    3   7030.1
 40CW  19-Feb-24 17:27 0074  LZ/OK5FF       599  599  054                    3   7030.1
 40CW  19-Feb-24 17:29 0075  SV1DAY         599  599  064           SV       3   7030.1
