 40CW  17-Jun-24 16:30 0001  DF7YE          599  599  002           DL       2   7031.7
 40CW  17-Jun-24 16:30 0002  OK1RR          599  599  001           OK       3   7032.2
 40CW  17-Jun-24 16:31 0003  OK1JAX         599  599  001                    3   7032.5
 40CW  17-Jun-24 16:32 0004  SM5ACQ         599  599  003           SM       3   7033.2
 40CW  17-Jun-24 16:33 0005  OK1DEP         599  599  004                    3   7033.6
 40CW  17-Jun-24 16:33 0006  DA3T           599  599  002                    2   7034.7
 40CW  17-Jun-24 16:35 0007  DJ9KH          599  599  012                    2   7036.6
 40CW  17-Jun-24 16:36 0008  SN7Q           599  599  016           SP       3   7037.1
 40CW  17-Jun-24 16:36 0009  OK2QA          599  599  008                    3   7038.0
 40CW  17-Jun-24 16:36 0010  OK1AMX         599  599  013                    3   7039.1
 40CW  17-Jun-24 16:37 0011  DK2FG          599  599  018                    2   7019.5
 40CW  17-Jun-24 16:37 0012  OM2KI          599  599  018           OM       3   7020.3
 40CW  17-Jun-24 16:38 0013  SM5IMO         599  599  017                    3   7020.7
 40CW  17-Jun-24 16:38 0014  PA3ARM         599  599  019           PA       3   7021.1
 40CW  17-Jun-24 16:39 0015  OK5TFC         599  599  010                    3   7021.3
 40CW  17-Jun-24 16:39 0016  PA3AAV         599  599  025                    3   7021.7
 40CW  17-Jun-24 16:40 0017  DL1NKS         599  599  021                    2   7022.3
 40CW  17-Jun-24 16:40 0018  OK5D           599  599  025                    3   7022.7
 40CW  17-Jun-24 16:41 0019  SD6M           599  599  019                    3   7023.1
 40CW  17-Jun-24 16:42 0020  SP2XX          599  599  022                    3   7023.7
 40CW  17-Jun-24 16:42 0021  OK1TN          599  599  032                    3   7024.0
 40CW  17-Jun-24 16:43 0022  OK2NAJ         599  599  014                    3   7024.2
 40CW  17-Jun-24 16:43 0023  S52W           599  599  030           S5       3   7024.9
 40CW  17-Jun-24 16:47 0024  OK1DZD         599  599  006                    3   7028.2
 40CW  17-Jun-24 16:47 0025  DR6W           599  599  009                    2   7028.2
 40CW  17-Jun-24 16:48 0026  DF4PD          599  599  028                    2   7028.2
 40CW  17-Jun-24 16:48 0027  DA0BCC         599  599  033                    2   7028.2
 40CW  17-Jun-24 16:49 0028  OK1DSZ         599  599  027                    3   7028.2
 40CW  17-Jun-24 16:49 0029  SE6K           599  599  020                    3   7028.2
 40CW  17-Jun-24 16:51 0030  OK2SFP         599  599  015                    3   7028.2
 40CW  17-Jun-24 16:51 0031  DM8T           599  599  021                    2   7028.2
 40CW  17-Jun-24 16:52 0032  DK2DQ          599  599  015                    2   7028.2
 40CW  17-Jun-24 16:52 0033  DJ5AS          599  599  023                    2   7028.2
 40CW  17-Jun-24 16:53 0034  DR3W           599  599  035                    2   7028.2
 40CW  17-Jun-24 16:53 0035  HB9BXE         599  599  046           HB       3   7028.2
 40CW  17-Jun-24 16:54 0036  HB9HTF         599  599  033                    3   7028.2
 40CW  17-Jun-24 16:55 0037  DL4ME          599  599  052                    2   7028.2
 40CW  17-Jun-24 16:55 0038  OM5CM          599  599  033                    3   7028.2
 40CW  17-Jun-24 16:55 0039  G4LJU          599  599  013           G        3   7028.2
 40CW  17-Jun-24 16:56 0040  DR6T           599  599  028                    2   7028.2
 40CW  17-Jun-24 16:56 0041  DL1YCF         599  599  027                    2   7028.2
 40CW  17-Jun-24 16:57 0042  PA3DZM         599  599  016                    3   7028.2
 40CW  17-Jun-24 16:57 0043  DF8KY          599  599  012                    2   7028.2
 40CW  17-Jun-24 16:58 0044  G8N            599  599  019                    3   7028.2
 40CW  17-Jun-24 16:58 0045  DF8V           599  599  020                    2   7028.2
 40CW  17-Jun-24 16:58 0046  OK1FHI         599  599  031                    3   7028.2
 40CW  17-Jun-24 16:59 0047  SP7N           599  599  052                    3   7028.2
 40CW  17-Jun-24 16:59 0048  DJ9MH          599  599  052                    2   7028.2
 40CW  17-Jun-24 16:59 0049  OM5JA          599  599  022                    3   7028.2
 40CW  17-Jun-24 17:00 0050  DR2C           599  599  057                    2   7028.2
 40CW  17-Jun-24 17:01 0051  HA1AS          599  599  032           HA       3   7028.2
 40CW  17-Jun-24 17:01 0052  OL4W           599  599  048                    3   7028.2
 40CW  17-Jun-24 17:01 0053  SM5CSS         599  599  038                    3   7028.2
 40CW  17-Jun-24 17:02 0054  OK1USP         599  599  042                    3   7028.2
 40CW  17-Jun-24 17:03 0055  DF6RI          599  599  031                    2   7028.2
 40CW  17-Jun-24 17:05 0056  OK1HDU         599  599  029                    3   7028.2
 40CW  17-Jun-24 17:05 0057  IK3QAR         599  599  056           I        3   7028.2
 40CW  17-Jun-24 17:06 0058  OK2IW          599  599  038                    3   7028.2
 40CW  17-Jun-24 17:07 0059  PC4H           599  599  051                    3   7028.2
 40CW  17-Jun-24 17:07 0060  SP3VT          599  599  069                    3   7028.2
 40CW  17-Jun-24 17:08 0061  SN1T           599  599  084                    3   7028.2
 40CW  17-Jun-24 17:09 0062  PA2A           599  599  029                    3   7028.2
 40CW  17-Jun-24 17:09 0063  SN5N           599  599  083                    3   7028.2
 40CW  17-Jun-24 17:10 0064  OH1SIC         599  599  040           OH       3   7028.2
 40CW  17-Jun-24 17:10 0065  SN2S           599  599  056                    3   7028.2
 40CW  17-Jun-24 17:11 0066  SM0OEK         599  599  076                    3   7028.2
 40CW  17-Jun-24 17:11 0067  OK5SA          599  599  018                    3   7028.2
 40CW  17-Jun-24 17:12 0068  HA1YA          599  599  081                    3   7028.2
 40CW  17-Jun-24 17:12 0069  OG6B           599  599  045                    3   7028.2
 40CW  17-Jun-24 17:13 0070  LZ5DI          599  599  074           LZ       3   7028.2
 40CW  17-Jun-24 17:13 0071  DM5I           599  599  084                    2   7028.2
 40CW  17-Jun-24 17:13 0072  OK1ITK         599  599  034                    3   7028.2
 40CW  17-Jun-24 17:14 0073  S51J           599  599  082                    3   7028.2
 40CW  17-Jun-24 17:15 0074  PC0A           599  599  073                    3   7028.2
 40CW  17-Jun-24 17:15 0075  OK2EA          599  599  061                    3   7028.2
 40CW  17-Jun-24 17:16 0076  YL3FW          599  599  069           YL       3   7028.2
 40CW  17-Jun-24 17:16 0077  HA5BA          599  599  060                    3   7028.2
 40CW  17-Jun-24 17:17 0078  DF7IH          599  599  033                    2   7028.2
 40CW  17-Jun-24 17:17 0079  HA6NL          599  599  111                    3   7028.2
 40CW  17-Jun-24 17:18 0080  SP4TKR         599  599  093                    3   7028.2
 40CW  17-Jun-24 17:18 0081  SD6F           599  599  039                    3   7028.2
 40CW  17-Jun-24 17:19 0082  SN7J           599  599  060                    3   7028.2
 40CW  17-Jun-24 17:19 0083  OM3TVI         599  599  030                    3   7028.2
 40CW  17-Jun-24 17:20 0084  SC6O           599  599  058                    3   7028.2
 40CW  17-Jun-24 17:21 0085  DL2NBY         599  599  076                    2   7028.2
 40CW  17-Jun-24 17:22 0086  SE5T           599  599  071                    3   7028.2
 40CW  17-Jun-24 17:22 0087  OK2TJ          599  599  084                    3   7028.2
 40CW  17-Jun-24 17:24 0088  OK1TD          599  599  058                    3   7028.2
 40CW  17-Jun-24 17:24 0089  E77EA          599  599  113           E7       3   7028.2
 40CW  17-Jun-24 17:27 0090  OK4RQ          599  599  058                    3   7031.4
 40CW  17-Jun-24 17:29 0091  HA5OV          599  599  097                    3   7033.1
