 40CW  04-Nov-24 16:30 0001  OK2QA          599  599  1             OK       3   7030.3
 40CW  04-Nov-24 16:30 0002  DM1T           599  599  2             DL       2   7029.7
 40CW  04-Nov-24 16:31 0003  OK1DOR         599  599  3                      3   7028.2
 40CW  04-Nov-24 16:31 0004  DJ3WE          599  599  4                      2   7028.0
 40CW  04-Nov-24 16:33 0005  SP2QG          599  599  4             SP       3   7026.8
 40CW  04-Nov-24 16:33 0006  RX3QNE         599  599  8             UA       3   7024.6
 40CW  04-Nov-24 16:35 0007  SN7J           599  599  9                      3   7013.3
 40CW  04-Nov-24 16:35 0008  OK1FMX         599  599  10                     3   7013.3
 40CW  04-Nov-24 16:36 0009  SN1T           599  599  17                     3   7013.3
 40CW  04-Nov-24 16:36 0010  OK1FFA         599  599  2                      3   7013.3
 40CW  04-Nov-24 16:36 0010  OK1JAX         599  599  11                     3   7013.3
 40CW  04-Nov-24 16:37 0012  DL1DQW         599  599  11                     2   7013.3
 40CW  04-Nov-24 16:38 0013  OK1TN          599  599  17                     3   7013.3
 40CW  04-Nov-24 16:38 0014  OM5CM          599  599  11            OM       3   7013.3
 40CW  04-Nov-24 16:38 0015  DJ5AS          599  599  10                     2   7013.3
 40CW  04-Nov-24 16:39 0016  DK2DR          599  599  10                     2   7013.3
 40CW  04-Nov-24 16:39 0017  OQ5M           599  599  11            ON       3   7013.3
 40CW  04-Nov-24 16:40 0018  OK2VX          599  599  13                     3   7013.3
 40CW  04-Nov-24 16:40 0019  SN2S           599  599  19                     3   7013.3
 40CW  04-Nov-24 16:40 0020  OL4W           599  599  26                     3   7013.3
 40CW  04-Nov-24 16:41 0021  OK4RQ          599  599  21                     3   7013.3
 40CW  04-Nov-24 16:41 0022  OK1TD          599  599  16                     3   7013.3
 40CW  04-Nov-24 16:42 0023  HA9AX          599  599  39            HA       3   7013.3
 40CW  04-Nov-24 16:42 0024  DR2C           599  599  34                     2   7013.3
 40CW  04-Nov-24 16:42 0025  HA5MA          599  599  26                     3   7013.3
 40CW  04-Nov-24 16:43 0026  DJ3CQ          599  599  9                      2   7013.3
 40CW  04-Nov-24 16:43 0027  DM5I           599  599  30                     2   7013.3
 40CW  04-Nov-24 16:43 0028  DL2NBY         599  599  19                     2   7013.3
 40CW  04-Nov-24 16:44 0029  OM3CPF         599  599  25                     3   7013.3
 40CW  04-Nov-24 16:44 0030  PC0A           599  599  34            PA       3   7013.3
 40CW  04-Nov-24 16:44 0031  G4LJU          599  599  12            G        3   7013.3
 40CW  04-Nov-24 16:45 0032  DJ1OJ          599  599  15                     2   7013.3
 40CW  04-Nov-24 16:45 0033  OK2BFN         599  599  29                     3   7013.3
 40CW  04-Nov-24 16:45 0034  HA1YI          599  599  47                     3   7013.3
 40CW  04-Nov-24 16:46 0035  OK1FIA         599  599  5                      3   7013.3
 40CW  04-Nov-24 16:47 0036  OK1USP         599  599  26                     3   7013.3
 40CW  04-Nov-24 16:47 0037  OG6B           599  599  18            OH       3   7013.3
 40CW  04-Nov-24 16:47 0038  DA2K           599  599  31                     2   7013.3
 40CW  04-Nov-24 16:47 0039  PA3DBS         599  599  18                     3   7013.3
 40CW  04-Nov-24 16:48 0040  DF8TY          599  599  11                     2   7013.3
 40CW  04-Nov-24 16:48 0041  HB9CMW         599  599  10            HB       3   7013.3
 40CW  04-Nov-24 16:49 0042  PA2A           599  599  38                     3   7013.3
 40CW  04-Nov-24 16:49 0043  OL8R           599  599  50                     3   7013.3
 40CW  04-Nov-24 16:50 0044  SM5CSS         599  599  26            SM       3   7013.3
 40CW  04-Nov-24 16:50 0045  DJ9SN          599  599  27                     2   7013.3
 40CW  04-Nov-24 16:51 0046  HA5OV          599  599  41                     3   7013.3
 40CW  04-Nov-24 16:51 0047  DM7W           599  599  39                     2   7013.3
 40CW  04-Nov-24 16:51 0048  SP2MHC         599  599  21                     3   7013.3
 40CW  04-Nov-24 16:52 0049  DQ55DIG        599  599  27                     2   7013.3
 40CW  04-Nov-24 16:52 0050  IN3FHE         599  599  25            I        3   7013.3
 40CW  04-Nov-24 16:52 0051  OK1ITK         599  599  21                     3   7013.3
 40CW  04-Nov-24 16:53 0052  DL1DWR         599  599  33                     2   7013.3
 40CW  04-Nov-24 16:53 0053  HA6NL          599  599  63                     3   7013.3
 40CW  04-Nov-24 16:54 0054  HA5BVG         599  599  4                      3   7013.3
 40CW  04-Nov-24 16:55 0055  G0TRT          599  599  27                     3   7013.3
 40CW  04-Nov-24 16:55 0056  OK2PYA         599  599  31                     3   7013.3
 40CW  04-Nov-24 16:56 0057  SP3VT          599  599  50                     3   7013.3
 40CW  04-Nov-24 16:57 0058  LZ5DI          599  599  57            LZ       3   7013.3
 40CW  04-Nov-24 16:57 0059  OK1FHI         599  599  52                     3   7013.3
 40CW  04-Nov-24 16:58 0060  OM3ZU          599  599  33                     3   7013.3
 40CW  04-Nov-24 16:58 0061  PC4H           599  599  59                     3   7013.3
 40CW  04-Nov-24 16:59 0062  YU5T           599  599  25            YU       3   7013.3
 40CW  04-Nov-24 17:00 0063  DF7YE          599  599  73                     2   7013.3
 40CW  04-Nov-24 17:00 0064  DL9UP          599  599  21                     2   7013.3
 40CW  04-Nov-24 17:01 0065  SM0OEK         599  599  53                     3   7013.3
 40CW  04-Nov-24 17:01 0066  OH3MZ          599  599  34                     3   7013.3
 40CW  04-Nov-24 17:02 0067  DF4PD          599  599  44                     2   7013.3
 40CW  04-Nov-24 17:02 0068  OK1FKD         599  599  37                     3   7013.3
 40CW  04-Nov-24 17:03 0069  DM6EE          599  599  27                     2   7013.3
 40CW  04-Nov-24 17:04 0070  PA3DZM         599  599  29                     3   7013.3
 40CW  04-Nov-24 17:04 0071  DF8KY          599  599  33                     2   7013.3
 40CW  04-Nov-24 17:05 0072  SP3VT          599  599  66                     0   7013.3
 40CW  04-Nov-24 17:05 0073  HG5E           599  599  65                     3   7013.3
 40CW  04-Nov-24 17:06 0074  SP2XX          599  599  72                     3   7013.3
 40CW  04-Nov-24 17:07 0075  OK1IBP         599  599  68                     3   7013.3
 40CW  04-Nov-24 17:08 0076  SM5DXR         599  599  44                     3   7013.3
 40CW  04-Nov-24 17:08 0077  OH1SIC         599  599  37                     3   7013.3
 40CW  04-Nov-24 17:09 0078  DJ9MH          599  599  75                     2   7013.3
 40CW  04-Nov-24 17:09 0079  OK2SFP         599  599  31                     3   7013.3
 40CW  04-Nov-24 17:10 0080  SN5N           599  599  90                     3   7013.3
 40CW  04-Nov-24 17:10 0081  SP2HSX         599  599  39                     3   7013.3
 40CW  04-Nov-24 17:10 0082  PA2TA          599  599  49                     3   7013.3
 40CW  04-Nov-24 17:11 0083  SE5T           599  599  75                     3   7013.3
 40CW  04-Nov-24 17:11 0084  UT4LW          599  599  76            UR       3   7013.3
 80CW  04-Nov-24 17:14 0085  DJ9KH          599  599  78            DL       2   3531.2
 80CW  04-Nov-24 17:15 0086  OK2EA          599  599  111           OK       3   3533.7
 80CW  04-Nov-24 17:15 0087  DL1NKS         599  599  95                     2   3534.7
 80CW  04-Nov-24 17:17 0088  SN1T           599  599  126           SP       3   3539.3
 80CW  04-Nov-24 17:17 0089  DL7YS          599  599  84                     2   3539.3
 80CW  04-Nov-24 17:18 0090  OK2BFN         599  599  89                     3   3539.3
 80CW  04-Nov-24 17:18 0091  SO3O           599  599  94                     3   3539.3
 80CW  04-Nov-24 17:19 0092  DA0BCC         599  599  95                     2   3539.3
 80CW  04-Nov-24 17:19 0093  DK3GI          599  599  21                     2   3539.3
 80CW  04-Nov-24 17:19 0094  DM5I           599  599  103                    2   3539.3
 80CW  04-Nov-24 17:20 0095  OL8R           599  599  127                    3   3539.3
 80CW  04-Nov-24 17:20 0096  OK2PYA         599  599  67                     3   3539.3
 80CW  04-Nov-24 17:20 0097  SM0OEK         599  599  91            SM       3   3539.3
 80CW  04-Nov-24 17:21 0098  DR2C           599  599  124                    2   3539.3
 80CW  04-Nov-24 17:21 0099  DL4ME          599  599  101                    2   3539.3
 80CW  04-Nov-24 17:21 0100  DL8QS          599  599  82                     2   3539.3
 80CW  04-Nov-24 17:22 0101  DJ9MH          599  599  95                     2   3539.3
 80CW  04-Nov-24 17:22 0102  PA2TA          599  599  66            PA       3   3539.3
 80CW  04-Nov-24 17:22 0103  DL1DWR         599  599  65                     2   3539.3
 80CW  04-Nov-24 17:23 0104  SP8BXL         599  599  39                     3   3539.3
 80CW  04-Nov-24 17:23 0105  SM6M           599  599  116                    3   3539.3
 80CW  04-Nov-24 17:24 0106  HA5OV          599  599  97            HA       3   3539.3
 80CW  04-Nov-24 17:25 0107  SN5N           599  599  123                    3   3539.3
 80CW  04-Nov-24 17:25 0108  SP3CW          599  599  51                     3   3539.3
 80CW  04-Nov-24 17:26 0109  DM7W           599  599  94                     2   3539.3
 80CW  04-Nov-24 17:26 0110  HA5MA          599  599  106                    3   3539.3
 80CW  04-Nov-24 17:27 0111  OK1AY          599  599  61                     3   3539.3
 80CW  04-Nov-24 17:27 0112  SP3CW          599  599  54                     0   3539.3
 80CW  04-Nov-24 17:28 0113  OK1NG          599  599  46                     3   3539.3
 80CW  04-Nov-24 17:28 0114  OK1FKD         599  599  70                     3   3539.3
