 10SSB 27-Oct-24 15:15 0001  ZY2N           59   59   11            PY   11  3  28246.0
 10SSB 27-Oct-24 15:16 0002  TF3W           59   59   40            TF   40  1  28252.5
 10SSB 27-Oct-24 15:18 0003  CT1CAD         59   59   14            CT   14  1  28260.0
 10SSB 27-Oct-24 15:19 0004  VE3EJ          59   59   04            VE   04  3  28266.0
 10SSB 27-Oct-24 15:19 0005  AZ1D           59   59   13            LU   13  3  28274.0
 10SSB 27-Oct-24 15:20 0006  CF3A           59   59   04                     3  28276.7
 10SSB 27-Oct-24 15:22 0007  VE3JM          59   59   04                     3  28279.6
 10SSB 27-Oct-24 15:23 0008  R5AJ           59   59   16            UA   16  1  28291.9
 10SSB 27-Oct-24 15:24 0009  N4XD           59   59   05            K    05  3  29052.7
 10SSB 27-Oct-24 15:24 0010  K8AZ           59   59   04                     3  29060.5
 10SSB 27-Oct-24 15:28 0011  PJ4SON         59   59   09            PJ4  09  3  29063.0
 10SSB 27-Oct-24 17:28 0012  K0EJ           59   59   04                     3  29063.0
 10SSB 27-Oct-24 17:29 0013  WP3Z           59   59   08            KP4  08  3  29065.0
 10SSB 27-Oct-24 17:29 0014  N4OX           59   59   05                     3  29070.9
 10SSB 27-Oct-24 17:32 0015  W0W            59   59   05                     3  29084.0
 10SSB 27-Oct-24 17:32 0016  PJ2T           59   59   09            PJ2      3  29097.0
 10SSB 27-Oct-24 17:33 0017  KS2G           59   59   05                     3  29100.0
 10SSB 27-Oct-24 17:34 0018  NO9E           59   59   05                     3  28945.1
 10SSB 27-Oct-24 17:38 0019  J62K           59   59   08            J6       3  28744.5
 10SSB 27-Oct-24 17:44 0020  CX2BAH         59   59   13            CX       3  28629.8
 10SSB 27-Oct-24 19:10 0021  GM5X           59   59   14            GM       1  28720.6
 10SSB 27-Oct-24 19:11 0022  WP3C           59   59   08                     3  28715.0
 10SSB 27-Oct-24 19:12 0023  LU3DK          59   59   13                     3  28702.4
 10SSB 27-Oct-24 19:13 0024  N5YT           59   59   04                     3  28695.0
 10SSB 27-Oct-24 19:13 0025  K1TO           59   59   05                     3  28687.7
 10SSB 27-Oct-24 19:14 0026  N2PP           59   59   05                     3  28683.2
 10SSB 27-Oct-24 19:15 0027  WB2ZAB         59   59   05                     3  28673.7
 10SSB 27-Oct-24 19:16 0028  P40W           59   59   09            P4       3  28671.5
 10SSB 27-Oct-24 19:18 0029  KC1XX          59   59   05                     3  28659.0
 10SSB 27-Oct-24 19:19 0030  CE7VP          59   59   12            CE   12  3  28647.1
 10SSB 27-Oct-24 19:20 0031  CE4PPC         59   59   12                     3  28637.5
 10SSB 27-Oct-24 19:23 0032  CX2CC          59   59   13                     3  28591.5
 10SSB 27-Oct-24 19:24 0033  ZF1A           59   59   08            ZF       3  28650.0
 10SSB 27-Oct-24 19:29 0034  PW2A           59   59   11                     3  28508.9
 10SSB 27-Oct-24 19:32 0035  LU8YE          59   59   13                     3  28533.6
 10SSB 27-Oct-24 19:33 0036  TO5A           59   59   08            FM       3  28507.5
 10SSB 27-Oct-24 19:36 0037  LU1WCL         59   59   13                     3  28449.0
 10SSB 27-Oct-24 19:38 0038  9Z4BM          59   59   09            9Y       3  28417.6
 10SSB 27-Oct-24 19:39 0039  KZ2I           59   59   05                     3  28381.0
 15SSB 27-Oct-24 19:44 0040  8P5A           59   59   08            8P   08  3  21341.0
 15SSB 27-Oct-24 19:47 0041  PY2PT          59   59   11            PY   11  3  21356.0
 15SSB 27-Oct-24 19:48 0042  NN3L           59   59   05            K    05  3  21372.0
 15SSB 27-Oct-24 19:49 0043  V26B           59   59   08            V2       3  21381.3
 15SSB 27-Oct-24 19:53 0044  K9CT           59   59   04                 04  3  21417.8
 15SSB 27-Oct-24 19:53 0045  K3RV           59   59   05                     3  21421.0
 15SSB 27-Oct-24 19:54 0046  PJ4K           59   59   09            PJ4  09  3  21441.0
 15SSB 27-Oct-24 19:55 0047  KP4AA          59   59   08            KP4      3  21447.1
 15SSB 27-Oct-24 19:56 0048  PY3TD          59   59   11                     3  21338.6
 15SSB 27-Oct-24 19:57 0049  V47T           59   59   08            V4       3  21330.4
 15SSB 27-Oct-24 19:58 0050  PJ4G           59   59   09                     3  21325.7
 15SSB 27-Oct-24 20:02 0051  KP2B           59   59   08            KP2      3  21260.2
 15SSB 27-Oct-24 20:03 0052  PP4T           59   59   11                     3  21229.0
 15SSB 27-Oct-24 20:04 0053  PW2A           59   59   11                     3  21231.0
 15SSB 27-Oct-24 20:06 0054  LU9LZR         59   59   13            LU   13  3  21215.9
 15SSB 27-Oct-24 20:08 0055  PY2QT          59   59   11                     3  21205.0
 15SSB 27-Oct-24 20:08 0056  PY2UD          59   59   11                     3  21193.0
 15SSB 27-Oct-24 20:10 0057  PY5ZHP         59   59   11                     3  21188.0
 15SSB 27-Oct-24 20:12 0058  P43A           59   59   09            P4       3  21178.9
 15SSB 27-Oct-24 20:13 0059  V48K           59   59   08                     3  21181.3
 15SSB 27-Oct-24 20:14 0060  CE6CGX         59   59   12            CE   12  3  21175.0
 15SSB 27-Oct-24 20:15 0061  HI3T           59   59   08            HI       3  21168.3
 15SSB 27-Oct-24 20:16 0062  PY5QW          59   59   11                     3  21165.0
 15SSB 27-Oct-24 20:19 0063  TI5VMJ         59   59   07            TI   07  3  21158.0
160SSB 27-Oct-24 20:24 0064  DF6QV          59   59   14            DL   14  0   1895.7
160SSB 27-Oct-24 20:27 0065  DA0RR          59   59   14                     0   1883.0
 20SSB 27-Oct-24 20:29 0066  HZ1HZ          59   59   21            HZ   21  3  14203.0
 20SSB 27-Oct-24 20:46 0067  P33W           59   59   20            5B   20  3  14306.1
 15SSB 27-Oct-24 20:51 0068  FY5KE          59   59   09            FY       3  21383.1
160SSB 27-Oct-24 20:53 0069  HF7A           59   59   15            SP   15  1   1880.0
160SSB 27-Oct-24 20:54 0070  M6C            59   59   14            G        1   1870.0
160SSB 27-Oct-24 20:56 0071  II2Q           59   59   15            I        1   1832.1
