 40CW  16-Dec-24 16:30 0001  OK1YM          599  599  1             OK       3   7022.4
 40CW  16-Dec-24 16:30 0002  SP4TKR         599  599  1             SP       3   7022.8
 40CW  16-Dec-24 16:31 0003  SM6TOL         599  599  1             SM       3   7023.2
 40CW  16-Dec-24 16:31 0004  E77EA          599  599  5             E7       3   7023.5
 40CW  16-Dec-24 16:32 0005  OM5B           599  599  8             OM       3   7025.3
 40CW  16-Dec-24 16:32 0006  DM7W           599  599  7             DL       2   7025.3
 40CW  16-Dec-24 16:33 0007  OZ7BQ          599  599  5             OZ       3   7025.3
 40CW  16-Dec-24 16:33 0008  SN5N           599  599  9                      3   7025.3
 40CW  16-Dec-24 16:34 0009  OG6B           599  599  6             OH       3   7025.3
 40CW  16-Dec-24 16:34 0010  HB9HTF         599  599  7             HB       3   7025.3
 40CW  16-Dec-24 16:35 0011  OK5SA          599  599  10                     3   7025.3
 40CW  16-Dec-24 16:35 0012  G4LJU          599  599  5             G        3   7025.3
 40CW  16-Dec-24 16:35 0013  OK4RM          599  599  4                      3   7025.3
 40CW  16-Dec-24 16:36 0014  OK4RQ          599  599  11                     3   7025.3
 40CW  16-Dec-24 16:36 0015  OM3ZU          599  599  7                      3   7025.3
 40CW  16-Dec-24 16:36 0016  DR2C           599  599  8                      2   7025.3
 40CW  16-Dec-24 16:37 0017  OM2KI          599  599  16                     3   7025.3
 40CW  16-Dec-24 16:37 0018  SN1T           599  599  14                     3   7025.3
 40CW  16-Dec-24 16:37 0019  OL8R           599  599  22                     3   7025.3
 40CW  16-Dec-24 16:38 0020  F6JOE          599  599  9             F        3   7025.3
 40CW  16-Dec-24 16:38 0021  SM5DXR         599  599  8                      3   7025.3
 40CW  16-Dec-24 16:39 0022  G8N            599  599  11                     3   7025.3
 40CW  16-Dec-24 16:39 0023  SP2DKI         599  599  9                      3   7025.3
 40CW  16-Dec-24 16:39 0024  DF4PD          599  599  16                     2   7025.3
 40CW  16-Dec-24 16:40 0025  HA5BA          599  599  13            HA       3   7025.3
 40CW  16-Dec-24 16:40 0026  OK4RQ          599  599  20                     0   7025.3
 40CW  16-Dec-24 16:40 0027  HA5MA          599  599  18                     3   7025.3
 40CW  16-Dec-24 16:41 0028  RX3QNE         599  599  13            UA       3   7025.3
 40CW  16-Dec-24 16:42 0029  OK1TD          599  599  15                     3   7025.3
 40CW  16-Dec-24 16:42 0030  DK3AX          599  599  15                     2   7025.3
 40CW  16-Dec-24 16:42 0031  SP2QG          599  599  12                     3   7025.3
 40CW  16-Dec-24 16:43 0032  SN1I           599  599  9                      3   7025.3
 40CW  16-Dec-24 16:44 0033  OK1FMX         599  599  20                     3   7025.3
 40CW  16-Dec-24 16:44 0034  OK1USP         599  599  15                     3   7025.3
 40CW  16-Dec-24 16:45 0035  SN7Q           599  599  32                     3   7025.3
 40CW  16-Dec-24 16:45 0036  HA1YI          599  599  39                     3   7025.3
 40CW  16-Dec-24 16:46 0037  OK2PYA         599  599  13                     3   7025.3
 40CW  16-Dec-24 16:47 0038  OK1OA          599  599  25                     3   7025.3
 40CW  16-Dec-24 16:48 0039  HG5E           599  599  38                     3   7025.3
 40CW  16-Dec-24 16:49 0040  OK2VX          599  599  14                     3   7025.3
 40CW  16-Dec-24 16:49 0041  SE5T           599  599  26                     3   7025.3
 40CW  16-Dec-24 16:49 0042  OK2QA          599  599  26                     3   7025.3
 40CW  16-Dec-24 16:50 0043  HB9BXE         599  599  44                     3   7025.3
 40CW  16-Dec-24 16:50 0044  SP2KAC         599  599  16                     3   7025.3
 40CW  16-Dec-24 16:51 0045  DL6KVA         599  599  32                     2   7025.3
 40CW  16-Dec-24 16:51 0046  DJ3WE          599  599  31                     2   7025.3
 40CW  16-Dec-24 16:51 0047  DF7YE          599  599  45                     2   7025.3
 40CW  16-Dec-24 16:52 0048  SM5IMO         599  599  44                     3   7025.3
 40CW  16-Dec-24 16:53 0049  OK1IBP         599  599  33                     3   7026.6
 40CW  16-Dec-24 16:54 0050  SM5CSS         599  599  39                     3   7027.4
 40CW  16-Dec-24 16:55 0051  SN7J           599  599  27                     3   7029.0
 40CW  16-Dec-24 16:56 0052  DJ4WT          599  599  23                     2   7029.6
 40CW  16-Dec-24 16:57 0053  DL1NKS         599  599  48                     2   7031.5
 40CW  16-Dec-24 16:57 0054  OM5JA          599  599  21                     3   7031.9
 40CW  16-Dec-24 16:58 0055  OK2IW          599  599  18                     3   7025.3
 40CW  16-Dec-24 17:00 0056  OK1TRJ         599  599  33                     3   7014.8
 40CW  16-Dec-24 17:00 0057  DJ9SN          599  599  28                     2   7014.8
 40CW  16-Dec-24 17:02 0058  DA0BCC         599  599  76                     2   7014.3
 80CW  16-Dec-24 17:05 0059  OL8R           599  599  94            OK       3   3535.8
 80CW  16-Dec-24 17:06 0060  OK1AY          599  599  42                     3   3535.8
 80CW  16-Dec-24 17:06 0061  DF7YE          599  599  65            DL       2   3535.8
 80CW  16-Dec-24 17:07 0062  DK3AX          599  599  33                     2   3535.8
 80CW  16-Dec-24 17:08 0063  OK1NG          599  599  22                     3   3535.8
 80CW  16-Dec-24 17:09 0064  OL4W           599  599  44                     3   3535.8
 80CW  16-Dec-24 17:10 0065  HA1YI          599  599  97            HA       3   3535.8
 80CW  16-Dec-24 17:11 0066  SN1T           599  599  75            SP       3   3535.8
 80CW  16-Dec-24 17:11 0067  OK1FMX         599  599  41                     3   3535.8
 80CW  16-Dec-24 17:11 0068  DL1DWR         599  599  36                     2   3535.8
 80CW  16-Dec-24 17:12 0069  DM6EE          599  599  42                     2   3535.8
 80CW  16-Dec-24 17:12 0070  OK1TN          599  599  69                     3   3535.8
 80CW  16-Dec-24 17:12 0071  DL8QS          599  599  75                     2   3535.8
 80CW  16-Dec-24 17:13 0072  DL6KVA         599  599  66                     2   3535.8
 80CW  16-Dec-24 17:13 0073  DK4DS          599  599  25                     2   3535.8
 80CW  16-Dec-24 17:15 0074  OK2BFN         599  599  53                     3   3535.8
 80CW  16-Dec-24 17:16 0075  OM5B           599  599  92            OM       3   3535.8
 80CW  16-Dec-24 17:16 0076  SP3CW          599  599  47                     3   3535.8
 80CW  16-Dec-24 17:18 0077  DJ9SN          599  599  54                     2   3535.2
 80CW  16-Dec-24 17:18 0078  DJ4WT          599  599  50                     2   3534.9
 80CW  16-Dec-24 17:19 0079  E77EA          599  599  114           E7       3   3534.5
 80CW  16-Dec-24 17:20 0080  OK2EA          599  599  70                     3   3533.4
 80CW  16-Dec-24 17:21 0081  SE5T           599  599  80            SM       3   3529.3
 80CW  16-Dec-24 17:22 0082  OK1RZ          599  599  62                     3   3529.3
 80CW  16-Dec-24 17:23 0083  DL6AA          599  599  103                    2   3529.3
 80CW  16-Dec-24 17:23 0084  HA5MA          599  599  82                     3   3529.3
 80CW  16-Dec-24 17:23 0085  OK1IBP         599  599  80                     3   3529.3
 80CW  16-Dec-24 17:25 0086  DF8QB          599  599  55                     2   3529.3
 80CW  16-Dec-24 17:25 0087  HB9BXE         599  599  100           HB       3   3529.3
 80CW  16-Dec-24 17:25 0088  DR2C           599  599  87                     2   3529.3
 80CW  16-Dec-24 17:26 0089  OK1OA          599  599  81                     3   3529.3
 80CW  16-Dec-24 17:26 0090  OM5TB          599  599  70                     3   3529.3
 80CW  16-Dec-24 17:27 0091  OM3ZU          599  599  71                     3   3529.3
 80CW  16-Dec-24 17:28 0092  SN7Q           599  599  89                     3   3529.3
 80CW  16-Dec-24 17:28 0093  DJ3WE          599  599  86                     2   3529.3
 80CW  16-Dec-24 17:29 0094  UA4FCO         599  599  38            UA       3   3529.3
