 80CW  07-Oct-24 19:05 0001  G0HSA          599  599  3             G        3   3541.0
 80CW  07-Oct-24 19:06 0002  G4BVY          599  599  010                    3   3540.6
 80CW  07-Oct-24 19:06 0003  GM3YEH         599  599  8             GM       3   3540.1
 80CW  07-Oct-24 19:07 0004  G3PDH          599  599  16                     3   3539.6
 80CW  07-Oct-24 19:08 0005  G7M            599  599  11                     3   3539.0
 80CW  07-Oct-24 19:09 0006  M0MUI          599  599  16                     3   3538.1
 80CW  07-Oct-24 19:10 0007  M2A            599  599  21                     3   3537.3
 80CW  07-Oct-24 19:10 0008  G2F            599  599  17                     3   3536.0
 80CW  07-Oct-24 19:11 0009  G4ZFE          599  599  21                     3   3535.6
 80CW  07-Oct-24 19:11 0010  G4FAD          599  599  20                     3   3535.0
 80CW  07-Oct-24 19:13 0011  G4SND          599  599  18                     3   3534.5
 80CW  07-Oct-24 19:14 0012  G1M            599  599  14                     3   3533.8
 80CW  07-Oct-24 19:15 0013  G4IVV          599  599  19                     3   3534.2
 80CW  07-Oct-24 19:16 0014  G6AY           599  599  35                     3   3533.2
 80CW  07-Oct-24 19:17 0015  G4RGK          599  599  24                     3   3532.9
 80CW  07-Oct-24 19:18 0016  M3V            599  599  30                     3   3532.5
 80CW  07-Oct-24 19:18 0017  G3WRJ          599  599  24                     3   3532.0
 80CW  07-Oct-24 19:18 0018  G3ZGC          599  599  27                     3   3531.7
 80CW  07-Oct-24 19:19 0019  G4ARI          599  599  37                     3   3531.0
 80CW  07-Oct-24 19:20 0020  GM4JYB         599  599  21                     3   3530.5
 80CW  07-Oct-24 19:21 0021  GW5P           599  599  37            GW       3   3530.0
 80CW  07-Oct-24 19:21 0022  GI6XX          599  599  45            GI       3   3529.6
 80CW  07-Oct-24 19:22 0023  G3SJJ          599  599  46                     3   3529.0
 80CW  07-Oct-24 19:22 0024  G4MEM          599  599  16                     3   3528.3
 80CW  07-Oct-24 19:23 0025  G5LP           599  599  47                     3   3527.3
 80CW  07-Oct-24 19:24 0026  M7W            599  599  45                     3   3526.5
 80CW  07-Oct-24 19:24 0027  G5C            599  599  36                     3   3526.1
 80CW  07-Oct-24 19:25 0028  MM2T           599  599  31                     3   3525.8
 80CW  07-Oct-24 19:26 0029  GM3YOR         599  599  30                     3   3525.1
 80CW  07-Oct-24 19:28 0030  GM4OSS         599  599  33                     3   3522.6
 80CW  07-Oct-24 19:30 0031  G3OLB          599  599  58                     3   3524.0
 80CW  07-Oct-24 19:31 0032  G3XTT          599  599  61                     3   3521.6
 80CW  07-Oct-24 19:32 0033  M5M            599  599  59                     3   3521.3
 80CW  07-Oct-24 19:32 0034  G3PJT          599  599  32                     3   3520.7
 80CW  07-Oct-24 19:33 0035  G3TKF          599  599  66                     3   3518.0
 80CW  07-Oct-24 19:34 0036  G3YHV          599  599  45                     3   3517.6
 80CW  07-Oct-24 19:34 0037  G4LPP          599  599  61                     3   3516.8
 80CW  07-Oct-24 19:35 0038  G2F            599  599  64                     0   3516.4
 80CW  07-Oct-24 19:37 0039  G0TZZ          599  599  52                     3   3515.8
 80CW  07-Oct-24 19:37 0040  M0B            599  599  54                     3   3515.3
 80CW  07-Oct-24 19:38 0041  G8N            599  599  58                     3   3514.5
 80CW  07-Oct-24 19:38 0042  G3DR           599  599  66                     3   3514.0
 80CW  07-Oct-24 19:40 0043  G3VPW          599  599  63                     3   3513.0
 80CW  07-Oct-24 19:40 0044  G4A            599  599  85                     3   3512.5
 80CW  07-Oct-24 19:41 0045  G3L            599  599  49                     3   3512.1
 80CW  07-Oct-24 19:41 0046  G4FNL          599  599  83                     3   3511.2
 80CW  07-Oct-24 19:42 0047  G3KNU          599  599  51                     3   3510.8
 80CW  07-Oct-24 19:43 0048  G0BKU          599  599  39                     3   3549.0
 80CW  07-Oct-24 19:44 0049  G5T            599  599  48                     3   3545.0
 80CW  07-Oct-24 19:45 0050  GW7W           599  599  45                     3   3544.0
 80CW  07-Oct-24 19:46 0051  G3YLA          599  599  67                     3   3543.3
 80CW  07-Oct-24 19:46 0052  M8M            599  599  68                     3   3542.7
 80CW  07-Oct-24 19:48 0053  M0RYB/P        599  599  63                     3   3542.2
 80CW  07-Oct-24 19:49 0054  G4N            599  599  64                     3   3529.0
 80CW  07-Oct-24 19:50 0055  G0GQT          599  599  40                     3   3529.0
 80CW  07-Oct-24 19:53 0056  G3AB           599  599  53                     3   3529.0
 80CW  07-Oct-24 19:54 0057  G0LZL          599  599  76                     3   3529.0
 80CW  07-Oct-24 19:54 0058  G3G            599  599  72                     3   3529.0
 80CW  07-Oct-24 19:55 0059  GX4AAX         599  599  22                     3   3529.0
 80CW  07-Oct-24 19:55 0060  G4FJC          599  599  35                     3   3529.0
 80CW  07-Oct-24 19:57 0061  G4SGX          599  599  75                     3   3529.0
 80CW  07-Oct-24 19:58 0062  G4HSO          599  599  57                     3   3529.0
 80CW  07-Oct-24 19:58 0063  M9M            599  599  42                     3   3529.0
 80CW  07-Oct-24 19:58 0064  G6GLP          599  599  30                     3   3529.0
 80CW  07-Oct-24 20:00 0065  GW4XMR         599  599  7                      3   3529.0
 80CW  07-Oct-24 20:01 0066  G4BVY          599  599  083                    0   3529.0
 80CW  07-Oct-24 20:01 0067  G3V            599  599  82                     3   3529.0
 80CW  07-Oct-24 20:03 0068  M7R            599  599  94                     3   3529.0
 80CW  07-Oct-24 20:04 0069  G4ZZL          599  599  32                     3   3529.0
 80CW  07-Oct-24 20:05 0070  M0CZR          599  599  30                     3   3529.0
 80CW  07-Oct-24 20:06 0071  G6A            599  599  102                    3   3529.0
 80CW  07-Oct-24 20:07 0072  G3VYI          599  599  93                     3   3529.0
 80CW  07-Oct-24 20:08 0073  G3PHO          599  599  97                     3   3529.0
 80CW  07-Oct-24 20:12 0074  GM3ZRT         599  599  85                     3   3529.0
 80CW  07-Oct-24 20:14 0075  G3ZNU          599  599  11                     3   3529.0
 80CW  07-Oct-24 20:15 0076  G4ENZ          599  599  109                    3   3529.0
 80CW  07-Oct-24 20:16 0077  G3KLH          599  599  107                    3   3529.0
 80CW  07-Oct-24 20:16 0078  G4ERW          599  599  101                    3   3529.0
 80CW  07-Oct-24 20:18 0079  G3LDI          599  599  116                    3   3529.0
 80CW  07-Oct-24 20:19 0080  G4SWH          599  599  118                    3   3529.0
 80CW  07-Oct-24 20:19 0081  G3RVM          599  599  119                    3   3529.0
 80CW  07-Oct-24 20:24 0082  M4N            599  599  117                    3   3541.8
 80CW  07-Oct-24 20:25 0083  G4GVC          599  599  56                     3   3543.4
 80CW  07-Oct-24 20:26 0084  G3RIR          599  599  84                     3   3538.5
 80CW  07-Oct-24 20:28 0085  G4XZL          599  599  53                     3   3532.0
