 40CW  21-Oct-24 16:30 0001  DJ3WE          599  599  3             DL       2   7028.5
 40CW  21-Oct-24 16:31 0002  DJ9SN          599  599  2                      2   7028.1
 40CW  21-Oct-24 16:31 0003  OM5CM          599  599  3             OM       3   7027.7
 40CW  21-Oct-24 16:33 0004  SM5ACQ         599  599  5             SM       3   7016.3
 40CW  21-Oct-24 16:33 0005  HA1YA          599  599  6             HA       3   7016.3
 40CW  21-Oct-24 16:33 0006  OK1USP         599  599  8             OK       3   7016.3
 40CW  21-Oct-24 16:33 0007  SE5T           599  599  4                      3   7016.3
 40CW  21-Oct-24 16:34 0008  OK2GU          599  599  4                      3   7016.3
 40CW  21-Oct-24 16:34 0009  OK1TD          599  599  8                      3   7016.3
 40CW  21-Oct-24 16:35 0010  OK2BFN         599  599  13                     3   7016.3
 40CW  21-Oct-24 16:35 0011  DA3T           599  599  7                      2   7016.3
 40CW  21-Oct-24 16:36 0012  DR6W           599  599  3                      2   7016.3
 40CW  21-Oct-24 16:36 0013  OM5B           599  599  14                     3   7016.3
 40CW  21-Oct-24 16:37 0014  HA5MA          599  599  15                     3   7016.3
 40CW  21-Oct-24 16:38 0015  PC4H           599  599  4             PA       3   7016.3
 40CW  21-Oct-24 16:38 0016  DJ9MH          599  599  2                      2   7016.3
 40CW  21-Oct-24 16:40 0017  HG5E           599  599  14                     3   7017.1
 40CW  21-Oct-24 16:41 0018  DF8V           599  599  6                      2   7019.2
 40CW  21-Oct-24 16:41 0019  SO3O           599  599  28            SP       3   7019.5
 40CW  21-Oct-24 16:42 0020  DL7YS          599  599  26                     2   7020.0
 40CW  21-Oct-24 16:42 0021  SM5IMO         599  599  26                     3   7020.3
 40CW  21-Oct-24 16:43 0022  PA3ARM         599  599  20                     3   7020.6
 40CW  21-Oct-24 16:43 0023  DA2K           599  599  22                     2   7020.9
 40CW  21-Oct-24 16:44 0024  OK1FGD         599  599  23                     3   7021.2
 40CW  21-Oct-24 16:45 0025  PA3AAV         599  599  49                     3   7021.5
 40CW  21-Oct-24 16:45 0026  OK2EA          599  599  34                     3   7022.0
 40CW  21-Oct-24 16:46 0027  SP4TKR         599  599  38                     3   7022.9
 40CW  21-Oct-24 16:47 0028  OK1IBP         599  599  39                     3   7023.2
 40CW  21-Oct-24 16:47 0029  SP8RX/5        599  599  35                     3   7023.6
 40CW  21-Oct-24 16:48 0030  LZ5DI          599  599  40            LZ       3   7024.4
 40CW  21-Oct-24 16:48 0031  HA6NL          599  599  45                     3   7025.0
 40CW  21-Oct-24 16:49 0032  SM0OEK         599  599  39                     3   7025.6
 40CW  21-Oct-24 16:49 0033  DL4ME          599  599  44                     2   7026.0
 40CW  21-Oct-24 16:50 0034  SQ8LUU         599  599  39                     3   7026.4
 40CW  21-Oct-24 16:50 0035  OK1OA          599  599  33                     3   7026.8
 40CW  21-Oct-24 16:51 0036  OK1RR          599  599  49                     3   7027.2
 40CW  21-Oct-24 16:52 0037  SN5N           599  599  53                     3   7029.0
 40CW  21-Oct-24 16:53 0038  OK1YM          599  599  44                     3   7030.6
 40CW  21-Oct-24 16:54 0039  OM5JA          599  599  39                     3   7031.4
 40CW  21-Oct-24 16:55 0040  OK2NO          599  599  43                     3   7031.0
 40CW  21-Oct-24 16:55 0041  DL1NKS         599  599  48                     2   7037.7
 40CW  21-Oct-24 16:56 0042  DM6EE          599  599  9                      2   7038.7
 40CW  21-Oct-24 16:56 0043  SM6M           599  599  34                     3   7039.0
 40CW  21-Oct-24 16:57 0044  SQ9S           599  599  22                     3   7039.5
 40CW  21-Oct-24 16:58 0045  SP3VT          599  599  60                     3   7012.2
 40CW  21-Oct-24 16:59 0046  OK1JAX         599  599  53                     3   7012.2
 40CW  21-Oct-24 16:59 0047  RA4HBS         599  599  20            UA       3   7012.2
 40CW  21-Oct-24 16:59 0048  OL4W           599  599  50                     3   7012.2
 40CW  21-Oct-24 17:01 0049  OK1TRJ         599  599  58                     3   7012.2
 40CW  21-Oct-24 17:01 0050  OK2VX          599  599  34                     3   7012.2
 40CW  21-Oct-24 17:01 0051  DL8QS          599  599  55                     2   7012.2
 40CW  21-Oct-24 17:02 0052  OM4DU          599  599  33                     3   7012.2
 40CW  21-Oct-24 17:03 0053  OG6B           599  599  45            OH       3   7012.2
 40CW  21-Oct-24 17:03 0054  SP2XX          599  599  64                     3   7012.2
 40CW  21-Oct-24 17:04 0055  SP2QG          599  599  65                     3   7012.2
 40CW  21-Oct-24 17:04 0056  M7R            599  599  38            G        3   7012.2
 80CW  21-Oct-24 17:06 0057  SP3CW          599  599  19            SP       3   3540.5
 80CW  21-Oct-24 17:06 0058  DA0BCC         599  599  63            DL       2   3541.2
 80CW  21-Oct-24 17:07 0059  OK1OA          599  599  62            OK       3   3537.9
 80CW  21-Oct-24 17:07 0060  OM5TZ          599  599  25            OM       3   3537.5
 80CW  21-Oct-24 17:08 0061  OK1RR          599  599  75                     3   3536.0
 80CW  21-Oct-24 17:09 0062  SM5IMO         599  599  79            SM       3   3535.6
 80CW  21-Oct-24 17:09 0063  S53F           599  599  82            S5       3   3535.0
 80CW  21-Oct-24 17:10 0064  SO3O           599  599  83                     3   3534.3
 80CW  21-Oct-24 17:11 0065  OK2EA          599  599  87                     3   3533.7
 80CW  21-Oct-24 17:12 0066  OM5B           599  599  97                     3   3533.2
 80CW  21-Oct-24 17:12 0067  HA5OV          599  599  65            HA       3   3532.5
 80CW  21-Oct-24 17:14 0068  DL1BUG         599  599  84                     2   3534.6
 80CW  21-Oct-24 17:14 0069  OK1AY          599  599  35                     3   3534.6
 80CW  21-Oct-24 17:15 0070  SD6M           599  599  69                     3   3534.6
 80CW  21-Oct-24 17:15 0071  HA5MA          599  599  82                     3   3534.6
 40CW  21-Oct-24 17:20 0072  RV6HV          599  599  61                     3   7027.1
 40CW  21-Oct-24 17:20 0073  HB9HTF         599  599  85            HB       3   7027.1
 40CW  21-Oct-24 17:20 0074  HB9BXE         599  599  94                     3   7027.1
 40CW  21-Oct-24 17:21 0075  OK2GG          599  599  62                     3   7027.1
 40CW  21-Oct-24 17:21 0076  DF7YE          599  599  110                    2   7027.1
 40CW  21-Oct-24 17:22 0077  M4N            599  599  83                     3   7027.1
 40CW  21-Oct-24 17:23 0078  HA5BA          599  599  69                     3   7027.1
 40CW  21-Oct-24 17:24 0079  SD6F           599  599  87                     3   7027.1
 40CW  21-Oct-24 17:25 0080  OK1RZ          599  599  99                     3   7027.1
 40CW  21-Oct-24 17:25 0081  OK1ORA         599  599  99                     3   7027.1
 40CW  21-Oct-24 17:25 0082  YL2TD          599  599  100           YL       3   7027.1
 40CW  21-Oct-24 17:26 0083  DK5DQ          599  599  61                     2   7027.1
 40CW  21-Oct-24 17:26 0084  OK1TN          599  599  103                    3   7027.1
 40CW  21-Oct-24 17:27 0085  DF4PD          599  599  63                     2   7027.1
 40CW  21-Oct-24 17:27 0086  OK1FFA         599  599  42                     3   7027.1
 40CW  21-Oct-24 17:28 0087  G4DJX          599  599  1                      3   7027.1
 40CW  21-Oct-24 17:28 0088  OM4AY          599  599  49                     3   7027.1
 40CW  21-Oct-24 17:29 0089  OK1NU          599  599  77                     3   7027.1
 40CW  21-Oct-24 17:29 0090  DA2K           599  599  86                     0   7027.1
 40CW  21-Oct-24 17:30 0091  OK1JAX         599  599  101                    0   7027.1
