 40CW  22-Aug-24 07:29 0001  E77DX          599  599  Braco E7      E77DX    1   7029.7
 40CW  22-Aug-24 07:30 0002  OZ3SM          599  599  Steve 2361    OZ3SM    1   7031.3
 40CW  22-Aug-24 07:32 0003  IK3VUT         599  599  Luca 3241     IK3VUT   1   7032.8
 20CW  22-Aug-24 07:34 0004  UX2HB          599  599  Waddy 2538    UX2HB    1  14027.4
 20CW  22-Aug-24 07:35 0005  E77DX          599  599  Braco E7               1  14028.4
 20CW  22-Aug-24 07:36 0006  SM5IMO         599  599  Dan 1854      SM5IMO   1  14030.9
 20CW  22-Aug-24 07:38 0007  SV1ME          599  599  MANOS 3583    SV1ME    1  14033.0
 20CW  22-Aug-24 07:38 0008  OH1NA          599  599  Timo 2967     OH1NA    1  14035.0
 20CW  22-Aug-24 07:40 0009  OH3BCX         599  599  Zaba 1856     OH3BCX   1  14037.1
 20CW  22-Aug-24 07:40 0010  E77EA          599  599  Dragan E7     E77EA    1  14038.0
 20CW  22-Aug-24 07:42 0011  SM5ACQ         599  599  Don 1573      SM5ACQ   1  14040.3
 20CW  22-Aug-24 07:42 0012  9A1AA          599  599  Ivo 2447      9A1AA    1  14042.0
 20CW  22-Aug-24 07:43 0013  HG1G           599  599  Gus HA        HG1G     1  14042.6
 20CW  22-Aug-24 07:45 0014  DF8QB          599  599  WILLI DL      DF8QB    1  14039.0
 20CW  22-Aug-24 07:47 0015  OH1SIC         599  599  GI 2094       OH1SIC   1  14039.0
 20CW  22-Aug-24 07:53 0016  HA6NL          599  599  Laci 3400     HA6NL    1  14038.4
 20CW  22-Aug-24 07:53 0017  SP5LST         599  599  KOT 3539      SP5LST   1  14036.6
 20CW  22-Aug-24 07:54 0018  SE5T           599  599  Kare 3467     SE5T     1  14036.1
 20CW  22-Aug-24 07:55 0019  LY2MM          599  599  AL 3532       LY2MM    1  14031.8
 20CW  22-Aug-24 07:56 0020  SE4E           599  599  Lars SM       SE4E     1  14033.8
 40CW  22-Aug-24 07:57 0021  DL6KVA         599  599  Axel 1678     DL6KVA   1   7027.9
 40CW  22-Aug-24 07:58 0022  MM2T           599  599  Phil 3456     MM2T     1   7030.7
 40CW  22-Aug-24 07:59 0023  G0TRT          599  599  Cie 3429      G0TRT    1   7031.9
