 20CW  25-Feb-24 14:03 0001  SO4P           599  599  NM            SP       3  14020.8
 20CW  25-Feb-24 14:03 0002  DL3KWF         599  599  489           DL       2  14022.0
 20CW  25-Feb-24 14:04 0003  OE8TIR         599  599  1630          OE       3  14024.8
 20CW  25-Feb-24 14:05 0004  I2CZQ          599  599  1395          I        3  14025.8
 20CW  25-Feb-24 14:08 0005  DF4XX          599  599  1676                   2  14026.6
 20CW  25-Feb-24 14:11 0006  E77EA          599  599  NM            E7       3  14029.0
 20CW  25-Feb-24 14:11 0007  HA8TA          599  599  NM            HA       3  14031.0
 20CW  25-Feb-24 14:12 0008  SD1A           599  599  NM            SM       3  14031.5
 20CW  25-Feb-24 14:56 0009  LY6A           599  599  NM            LY       3  14034.5
 20CW  25-Feb-24 14:57 0010  9A1AA          599  599  NM            9A       3  14036.0
 20CW  25-Feb-24 15:33 0011  RA3AN          599  599  NM            UA       3  14035.8
 20CW  25-Feb-24 15:35 0012  IT9VDQ         599  599  1451          IT9      3  14036.6
 20CW  25-Feb-24 15:35 0013  SN8T           599  599  NM                     3  14036.1
 20CW  25-Feb-24 15:36 0014  RK3P           599  599  NM                     3  14034.2
 20CW  25-Feb-24 15:36 0015  RD0A           599  599  NM            UA9      5  14033.2
 20CW  25-Feb-24 15:38 0016  DL1VDL         599  599  776                    2  14031.7
 20CW  25-Feb-24 15:38 0017  HA1YA          599  599  728                    3  14030.7
 20CW  25-Feb-24 15:39 0018  S59AA          599  599  189           S5       3  14029.1
 20CW  25-Feb-24 15:40 0019  EA4OR          599  599  2015          EA       3  14027.5
 20CW  25-Feb-24 15:41 0020  SP9EML         599  599  775                    3  14023.6
 20CW  25-Feb-24 15:42 0021  UY5ZZ          599  599  NM            UR       3  14021.8
 20CW  25-Feb-24 15:43 0022  RU9LA          599  599  1801                   5  14021.2
 20CW  25-Feb-24 15:45 0023  LZ1ZJ          599  599  NM            LZ       3  14019.4
 20CW  25-Feb-24 15:46 0024  UC5D           599  599  NM                     3  14016.2
 20CW  25-Feb-24 15:50 0025  UA9XX          599  599  NM                     3  14014.8
 20CW  25-Feb-24 15:50 0026  DL1NKS         599  599  NM                     2  14014.5
 15CW  25-Feb-24 15:52 0027  EA6BF          599  599  2016          EA6      3  21026.4
 40CW  25-Feb-24 15:53 0028  DM2AUJ         599  599  817           DL       2   7010.1
 40CW  25-Feb-24 15:54 0029  YU1RA          599  599  NM            YU       3   7011.6
 40CW  25-Feb-24 15:55 0030  S59AA          599  599  189           S5       3   7012.5
 40CW  25-Feb-24 15:56 0031  DL5JQ          599  599  839                    2   7013.0
 40CW  25-Feb-24 15:57 0032  DL3TC          599  599  628                    2   7013.7
 40CW  25-Feb-24 15:57 0033  HG5E           599  599  NM            HA       3   7014.1
 40CW  25-Feb-24 15:58 0034  DR100FK        599  599  NM                     2   7015.1
 40CW  25-Feb-24 15:58 0035  SN1T           599  599  NM            SP       3   7015.8
 40CW  25-Feb-24 15:59 0036  DM2DZM         599  599  768                    2   7016.3
 40CW  25-Feb-24 15:59 0037  E77EA          599  599  NM            E7       3   7016.8
 40CW  25-Feb-24 15:59 0038  DL3KWF         599  599  489                    2   7017.3
 40CW  25-Feb-24 16:00 0039  DL9UJF         599  599  674                    2   7017.8
 40CW  25-Feb-24 16:00 0040  PA7RA          599  599  1886          PA       3   7018.5
 40CW  25-Feb-24 16:01 0041  9A1AA          599  599  NM            9A       3   7019.0
 40CW  25-Feb-24 16:01 0042  DR2C           599  599  NM                     2   7019.7
 40CW  25-Feb-24 16:02 0043  DM7AA          599  599  NM                     2   7020.2
 40CW  25-Feb-24 16:02 0044  M1X            599  599  1548          G        3   7020.6
 40CW  25-Feb-24 16:03 0045  DL1DXL         599  599  627                    2   7021.1
 40CW  25-Feb-24 16:03 0046  DK2FG          599  599  1941                   2   7021.6
 40CW  25-Feb-24 16:05 0047  SE0B           599  599  NM            SM       3   7022.6
 40CW  25-Feb-24 16:06 0048  I2CZQ          599  599  1395          I        3   7024.8
 40CW  25-Feb-24 16:07 0049  DL1VDL         599  599  776                    2   7025.8
 40CW  25-Feb-24 16:07 0050  DL6KVA         599  599  1647                   2   7026.4
 40CW  25-Feb-24 16:07 0051  PA3DBS         599  599  NM                     3   7026.8
 40CW  25-Feb-24 16:09 0052  SP3LPR         599  599  1481                   3   7028.1
 40CW  25-Feb-24 16:09 0053  DL8LBK         599  599  1737                   2   7032.4
 40CW  25-Feb-24 16:10 0054  EU1KY          599  599  1612          EU       3   7032.7
 40CW  25-Feb-24 16:10 0055  DF5EN          599  599  912                    2   7037.4
 40CW  25-Feb-24 16:11 0056  F8GNV          599  599  1912          F        3   7005.0
 40CW  25-Feb-24 16:11 0057  HA3HO          599  599  1338                   3   7006.3
 40CW  25-Feb-24 16:12 0058  UR7MZ          599  599  NM            UR       3   7007.9
 40CW  25-Feb-24 16:13 0059  DF0HSC         599  599  2000                   2   7011.1
 40CW  25-Feb-24 16:14 0060  DL1NKS         599  599  NM                     2   7011.8
 40CW  25-Feb-24 16:15 0061  DK1WU          599  599  632                    2   7012.9
 10CW  25-Feb-24 16:15 0062  CT1DRB         599  599  NM            CT       3  28033.2
 80CW  25-Feb-24 16:17 0063  DL0HSC         599  599  1001          DL       2   3534.0
 80CW  25-Feb-24 16:17 0064  DL1CW          599  599  1714                   2   3532.6
 80CW  25-Feb-24 16:18 0065  HB0/DL2JRM     599  599  1804          HB0      3   3533.5
 80CW  25-Feb-24 16:19 0066  DL4ME          599  599  1935                   2   3531.4
 80CW  25-Feb-24 16:20 0067  DL9UJF         599  599  674                    2   3528.7
 80CW  25-Feb-24 16:21 0068  DJ1YF          599  599  NM                     2   3528.1
 80CW  25-Feb-24 16:22 0069  DL1BUG         599  599  1704                   2   3526.5
 80CW  25-Feb-24 16:23 0070  DF2RQ          599  599  843                    2   3525.7
 80CW  25-Feb-24 16:23 0071  DL5IAH         599  599  1969                   2   3525.0
 80CW  25-Feb-24 16:24 0072  DL1DXL         599  599  627                    2   3524.0
 80CW  25-Feb-24 16:25 0073  DJ5CW          599  599  1754                   2   3523.3
 80CW  25-Feb-24 16:26 0074  DJ9AO          599  599  1991                   2   3518.6
 80CW  25-Feb-24 16:27 0075  DL3TC          599  599  628                    2   3517.6
 80CW  25-Feb-24 16:28 0076  DL3KWF         599  599  489                    2   3517.3
 80CW  25-Feb-24 16:28 0077  SP2R           599  599  NM            SP       3   3516.8
 80CW  25-Feb-24 16:29 0078  DL1NKS         599  599  NM                     2   3525.7
