 40CW  10-Jun-24 16:30 0001  DJ9KH          599  599  001           DL       2   7036.1
 40CW  10-Jun-24 16:31 0002  OK1DOR         599  599  003           OK       3   7035.6
 40CW  10-Jun-24 16:31 0003  OK1DM          599  599  002                    3   7034.5
 40CW  10-Jun-24 16:32 0004  SD6M           599  599  005           SM       3   7033.9
 40CW  10-Jun-24 16:33 0005  DL1NKS         599  599  008                    2   7032.5
 40CW  10-Jun-24 16:34 0006  OK1RR          599  599  010                    3   7031.6
 40CW  10-Jun-24 16:35 0007  SE5T           599  599  011                    3   7031.4
 40CW  10-Jun-24 16:35 0008  DF7YE          599  599  010                    2   7030.4
 40CW  10-Jun-24 16:36 0009  SP2QG          599  599  013           SP       3   7029.7
 40CW  10-Jun-24 16:38 0010  SN5N           599  599  021                    3   7028.0
 40CW  10-Jun-24 16:39 0011  OK2ABU         599  599  008                    3   7021.2
 40CW  10-Jun-24 16:39 0012  DJ5AS          599  599  007                    2   7021.2
 40CW  10-Jun-24 16:40 0013  DF8TY          599  599  010                    2   7021.2
 40CW  10-Jun-24 16:41 0014  OK1FFA         599  599  012                    3   7021.2
 40CW  10-Jun-24 16:41 0015  M7R            599  599  008           G        3   7021.2
 40CW  10-Jun-24 16:42 0016  DL4ME          599  599  025                    2   7021.2
 40CW  10-Jun-24 16:44 0017  OM3TVI         599  599  012           OM       3   7021.2
 40CW  10-Jun-24 16:44 0018  DK5FN          599  599  016                    2   7021.2
 40CW  10-Jun-24 16:45 0019  DA3T           599  599  021                    2   7021.2
 40CW  10-Jun-24 16:45 0020  OK2NO          599  599  025                    3   7021.2
 40CW  10-Jun-24 16:46 0021  DL8QS          599  599  031                    2   7021.2
 40CW  10-Jun-24 16:46 0022  PA0CT          599  599  021           PA       3   7021.2
 40CW  10-Jun-24 16:47 0023  HA1AS          599  599  016           HA       3   7021.2
 40CW  10-Jun-24 16:47 0024  G0TRT          599  599  011                    3   7021.2
 40CW  10-Jun-24 16:48 0025  OK1DZD         599  599  003                    3   7021.2
 40CW  10-Jun-24 16:48 0026  DF5EN          599  599  036                    2   7021.2
 40CW  10-Jun-24 16:49 0027  OK2PYA         599  599  017                    3   7021.2
 40CW  10-Jun-24 16:49 0028  OM5ZW          599  599  054                    3   7021.2
 40CW  10-Jun-24 16:49 0029  DM7W           599  599  038                    2   7021.2
 40CW  10-Jun-24 16:51 0030  DJ1OJ          599  599  013                    2   7021.2
 40CW  10-Jun-24 16:51 0031  HA5MA          599  599  036                    3   7021.2
 40CW  10-Jun-24 16:51 0032  OK5D           599  599  051                    3   7021.2
 40CW  10-Jun-24 16:52 0033  DF8KY          599  599  017                    2   7021.2
 40CW  10-Jun-24 16:52 0034  OZ7BQ          599  599  022           OZ       3   7021.2
 40CW  10-Jun-24 16:53 0035  OK1TN          599  599  056                    3   7021.2
 40CW  10-Jun-24 16:53 0036  OL8R           599  599  065                    3   7021.2
 40CW  10-Jun-24 16:54 0037  SP2HHX         599  599  033                    3   7021.2
 40CW  10-Jun-24 16:54 0038  DR2C           599  599  049                    2   7021.2
 40CW  10-Jun-24 16:55 0039  OE8CWG         599  599  012           OE       3   7021.2
 40CW  10-Jun-24 16:56 0040  OM5CM          599  599  034                    3   7021.2
 40CW  10-Jun-24 16:56 0041  OK1FKD         599  599  028                    3   7021.2
 40CW  10-Jun-24 16:57 0042  OM4DU          599  599  032                    3   7021.2
 40CW  10-Jun-24 16:59 0043  DL2NBY         599  599  044                    2   7021.2
 40CW  10-Jun-24 17:00 0044  SP4JFR         599  599  050                    3   7021.2
 40CW  10-Jun-24 17:00 0045  HA1YA          599  599  060                    3   7021.2
 40CW  10-Jun-24 17:01 0046  OK1DAR         599  599  008                    3   7021.2
 40CW  10-Jun-24 17:01 0047  S51J           599  599  049           S5       3   7021.2
 40CW  10-Jun-24 17:01 0048  DJ9MH          599  599  053                    2   7021.2
 40CW  10-Jun-24 17:02 0049  SP2XX          599  599  054                    3   7021.2
 40CW  10-Jun-24 17:02 0050  G4LJU          599  599  014                    3   7021.2
 40CW  10-Jun-24 17:03 0051  DR7T           599  599  046                    2   7021.2
 40CW  10-Jun-24 17:03 0052  SN1T           599  599  079                    3   7021.2
 40CW  10-Jun-24 17:03 0053  OK5SA          599  599  031                    3   7021.2
 40CW  10-Jun-24 17:03 0054  OG6B           599  599  028           OH       3   7021.2
 40CW  10-Jun-24 17:04 0055  PC4H           599  599  052                    3   7021.2
 40CW  10-Jun-24 17:05 0056  HA6NL          599  599  084                    3   7021.2
 40CW  10-Jun-24 17:06 0057  OM5JA          599  599  048                    3   7038.8
 40CW  10-Jun-24 17:07 0058  SM5ACQ         599  599  038                    3   7036.8
 40CW  10-Jun-24 17:08 0059  DJ9SN          599  599  053                    2   7036.6
 40CW  10-Jun-24 17:09 0060  SP4DNX         599  599  051                    3   7035.2
 40CW  10-Jun-24 17:09 0061  DJ4WT          599  599  056                    2   7034.0
 40CW  10-Jun-24 17:10 0062  DJ0SP          599  599  051                    2   7031.7
 40CW  10-Jun-24 17:11 0063  OK2NAJ         599  599  068                    3   7029.7
 40CW  10-Jun-24 17:12 0064  OV1CDX         599  599  000                    3   7029.0
 40CW  10-Jun-24 17:16 0065  OK1JAX         599  599  074                    3   7027.6
 40CW  10-Jun-24 17:17 0066  DL5YM          599  599  098                    2   7026.0
 40CW  10-Jun-24 17:19 0067  SM0OEK         599  599  076                    3   7023.5
 40CW  10-Jun-24 17:20 0068  E77EA          599  599  110           E7       3   7022.8
 40CW  10-Jun-24 17:21 0069  SP4TKR         599  599  089                    3   7022.8
 40CW  10-Jun-24 17:21 0070  S52W           599  599  087                    3   7022.8
 40CW  10-Jun-24 17:22 0071  LZ5DI          599  599  075           LZ       3   7022.8
 40CW  10-Jun-24 17:22 0072  SM5S           599  599  052                    3   7022.8
 40CW  10-Jun-24 17:23 0073  SD6F           599  599  074                    3   7022.8
 40CW  10-Jun-24 17:23 0074  IN3FHE         599  599  046           I        3   7022.8
 40CW  10-Jun-24 17:24 0075  OK1TD          599  599  063                    3   7022.8
 40CW  10-Jun-24 17:25 0076  PA3AAV         599  599  097                    3   7022.8
 40CW  10-Jun-24 17:25 0077  HB9ABO         599  599  009           HB       3   7022.8
 40CW  10-Jun-24 17:25 0078  DJ3WE          599  599  078                    2   7022.8
 40CW  10-Jun-24 17:26 0079  HG5E           599  599  099                    3   7022.8
 40CW  10-Jun-24 17:27 0080  DH3MS          599  599  037                    2   7022.8
 40CW  10-Jun-24 17:29 0081  SC6O           599  599  061                    3   7022.8
 40CW  10-Jun-24 17:29 0082  SP2WGB         599  599  005                    3   7022.8
