 40CW  23-Sep-24 16:30 0001  DL1NKS         599  599  1             DL       2   7031.3
 40CW  23-Sep-24 16:31 0002  DJ3WE          599  599  2                      2   7031.7
 40CW  23-Sep-24 16:31 0003  HA6NL          599  599  2             HA       3   7027.7
 40CW  23-Sep-24 16:32 0004  DR2C           599  599  5                      2   7016.4
 40CW  23-Sep-24 16:33 0005  OK1TRJ         599  599  6             OK       3   7022.7
 40CW  23-Sep-24 16:33 0006  OL8R           599  599  11                     3   7022.7
 40CW  23-Sep-24 16:33 0007  DR3W           599  599  7                      2   7022.7
 40CW  23-Sep-24 16:33 0008  OK2BFN         599  599  7                      3   7022.7
 40CW  23-Sep-24 16:34 0009  SN1T           599  599  13            SP       3   7022.7
 40CW  23-Sep-24 16:34 0010  OK1USP         599  599  10                     3   7022.7
 40CW  23-Sep-24 16:35 0011  OK5M           599  599  15                     3   7022.7
 40CW  23-Sep-24 16:36 0012  S51J           599  599  12            S5       3   7022.7
 40CW  23-Sep-24 16:36 0013  DM7W           599  599  14                     2   7022.7
 40CW  23-Sep-24 16:38 0014  OH3MZ          599  599  6             OH       3   7022.7
 40CW  23-Sep-24 16:38 0015  DL1BUG         599  599  10                     2   7022.7
 40CW  23-Sep-24 16:39 0016  OM5JA          599  599  12            OM       3   7022.7
 40CW  23-Sep-24 16:39 0017  OM4DU          599  599  10                     3   7022.7
 40CW  23-Sep-24 16:40 0018  DJ9SN          599  599  13                     2   7022.7
 40CW  23-Sep-24 16:41 0019  PC4H           599  599  23            PA       3   7022.7
 40CW  23-Sep-24 16:41 0020  PC0A           599  599  24                     3   7022.7
 40CW  23-Sep-24 16:42 0021  SN2S           599  599  26                     3   7022.7
 40CW  23-Sep-24 16:43 0022  DA3T           599  599  11                     2   7022.7
 40CW  23-Sep-24 16:43 0023  DM50LOW        599  599  15                     2   7022.7
 40CW  23-Sep-24 16:44 0024  SN7J           599  599  17                     3   7022.7
 40CW  23-Sep-24 16:44 0025  SE5T           599  599  22            SM       3   7022.7
 40CW  23-Sep-24 16:44 0026  PA0CT          599  599  25                     3   7022.7
 40CW  23-Sep-24 16:45 0027  OL4W           599  599  31                     3   7022.7
 40CW  23-Sep-24 16:45 0028  OK1NU          599  599  19                     3   7022.7
 40CW  23-Sep-24 16:45 0029  OK1TN          599  599  42                     3   7022.7
 40CW  23-Sep-24 16:46 0030  DM5I           599  599  39                     2   7022.7
 40CW  23-Sep-24 16:46 0031  OM4AY          599  599  19                     3   7022.7
 40CW  23-Sep-24 16:46 0032  SN7Q           599  599  42                     3   7022.7
 40CW  23-Sep-24 16:47 0033  OK1WSL         599  599  13                     3   7022.7
 40CW  23-Sep-24 16:47 0034  OM5B           599  599  48                     3   7022.7
 40CW  23-Sep-24 16:47 0035  OK1RKS         599  599  13                     3   7022.7
 40CW  23-Sep-24 16:48 0036  SP4TKR         599  599  39                     3   7022.7
 40CW  23-Sep-24 16:48 0037  YL3FW          599  599  30            YL       3   7022.7
 40CW  23-Sep-24 16:48 0038  DM8T           599  599  27                     2   7022.7
 40CW  23-Sep-24 16:49 0039  SP3OCC         599  599  14                     3   7022.7
 40CW  23-Sep-24 16:49 0040  OK1ITK         599  599  20                     3   7022.7
 40CW  23-Sep-24 16:49 0041  DF8V           599  599  19                     2   7022.7
 40CW  23-Sep-24 16:50 0042  HA5MA          599  599  36                     3   7022.7
 40CW  23-Sep-24 16:51 0043  DF8QB          599  599  25                     2   7022.7
 40CW  23-Sep-24 16:51 0044  OK2PYA         599  599  18                     3   7022.7
 40CW  23-Sep-24 16:52 0045  M4N            599  599  33            G        3   7022.7
 40CW  23-Sep-24 16:53 0046  IN3FHE         599  599  14            I        3   7022.7
 40CW  23-Sep-24 16:53 0047  DJ4MX          599  599  45                     2   7022.7
 40CW  23-Sep-24 16:54 0048  PA3DBS         599  599  24                     3   7022.7
 40CW  23-Sep-24 16:54 0049  SP3VT          599  599  50                     3   7022.7
 40CW  23-Sep-24 16:55 0050  HA5BA          599  599  40                     3   7022.7
 40CW  23-Sep-24 16:55 0051  DL4ME          599  599  49                     2   7022.7
 40CW  23-Sep-24 16:56 0052  S53ZO          599  599  43                     3   7022.7
 40CW  23-Sep-24 16:58 0053  DF7YE          599  599  57                     2   7022.7
 40CW  23-Sep-24 16:58 0054  S52W           599  599  68                     3   7022.7
 40CW  23-Sep-24 17:02 0055  DK2FG          599  599  76                     2   7022.0
 80CW  23-Sep-24 17:03 0056  OK1AY          599  599  18            OK       3   3534.1
 80CW  23-Sep-24 17:04 0057  DL8QS          599  599  65            DL       2   3534.1
 80CW  23-Sep-24 17:04 0058  HA5OV          599  599  15            HA       3   3534.1
 80CW  23-Sep-24 17:05 0059  DM7W           599  599  69                     2   3534.1
 80CW  23-Sep-24 17:05 0060  OM5TZ          599  599  16            OM       3   3534.1
 80CW  23-Sep-24 17:06 0061  OM5B           599  599  94                     3   3534.1
 80CW  23-Sep-24 17:06 0062  SN7Q           599  599  80            SP       3   3534.1
 80CW  23-Sep-24 17:07 0063  OL8R           599  599  111                    3   3534.1
 80CW  23-Sep-24 17:07 0064  DL7YS          599  599  56                     2   3534.1
 80CW  23-Sep-24 17:07 0065  DM5I           599  599  87                     2   3534.1
 80CW  23-Sep-24 17:08 0066  OK1RKS         599  599  26                     3   3534.1
 80CW  23-Sep-24 17:09 0067  HA5MA          599  599  70                     3   3534.1
 80CW  23-Sep-24 17:10 0068  DR6T           599  599  44                     2   3534.1
 80CW  23-Sep-24 17:11 0069  OK1FMX         599  599  63                     3   3533.2
 80CW  23-Sep-24 17:12 0070  OK2EA          599  599  82                     3   3532.0
 80CW  23-Sep-24 17:12 0071  DR3W           599  599  66                     2   3531.6
 80CW  23-Sep-24 17:13 0072  DL1NKS         599  599  65                     2   3538.0
 80CW  23-Sep-24 17:14 0073  OK1OA          599  599  84                     3   3537.6
 80CW  23-Sep-24 17:15 0074  SN5N           599  599  95                     3   3536.8
 40CW  23-Sep-24 17:17 0075  S55OO          599  599  67                     3   7019.8
 40CW  23-Sep-24 17:18 0076  OK1OFM         599  599  72                     3   7021.6
 40CW  23-Sep-24 17:19 0077  OZ7BQ          599  599  61            OZ       3   7022.6
 40CW  23-Sep-24 17:19 0078  S59A           599  599  31                     3   7023.4
 40CW  23-Sep-24 17:20 0079  OK1FGD         599  599  79                     3   7024.5
 40CW  23-Sep-24 17:21 0080  OK1IBP         599  599  98                     3   7025.4
 40CW  23-Sep-24 17:22 0081  LZ/OK5FF       599  599  45            LZ       3   7025.8
 40CW  23-Sep-24 17:22 0082  DL5YM          599  599  83                     2   7026.3
 40CW  23-Sep-24 17:23 0083  OG6B           599  599  63                     3   7023.1
 40CW  23-Sep-24 17:24 0084  OM5CM          599  599  83                     3   7023.1
 40CW  23-Sep-24 17:25 0085  OK1RZ          599  599  104                    3   7023.1
 40CW  23-Sep-24 17:25 0086  DK4DS          599  599  11                     2   7023.1
 40CW  23-Sep-24 17:25 0087  DR6T           599  599  63                     2   7023.1
 40CW  23-Sep-24 17:26 0088  HA6NL          599  599  117                    0   7023.1
 40CW  23-Sep-24 17:27 0089  HB9HTF         599  599  88            HB       3   7023.1
 40CW  23-Sep-24 17:28 0090  DL5KUT         599  599  80                     2   7023.1
 40CW  23-Sep-24 17:29 0091  HG5E           599  599  110                    3   7023.1
