 20CW  17-Oct-24 07:01 0001  F5IN           599  599  MIKE F        MIKE F   3  14029.0
 40CW  17-Oct-24 07:03 0002  SF6J           599  599  GORAN 3471    GORAN 34 3   7027.1
 40CW  17-Oct-24 07:03 0003  SM5ACQ         599  599  DON 1573      DON 1573 3   7027.4
 40CW  17-Oct-24 07:05 0004  PA3DBS         599  599  PETER 702     PETER 70 3   7027.8
 40CW  17-Oct-24 07:05 0005  SF1Z           599  599  GE  2237      GE  2237 3   7028.3
 40CW  17-Oct-24 07:06 0006  OZ3SM          599  599  STEW  361     STEW  36 3   7028.6
 40CW  17-Oct-24 07:06 0007  OE8TIR         599  599  STEVE 2354    STEVE 23 3   7029.0
 40CW  17-Oct-24 07:07 0008  SM5IMO         599  599  DAN 1854      DAN 1854 3   7029.4
 40CW  17-Oct-24 07:09 0009  G4WFZ          599  599  JOHN  2777    JOHN  27 3   7029.9
 40CW  17-Oct-24 07:10 0010  OK1RR          599  599  MARTIN 87     MARTIN 8 3   7030.3
 40CW  17-Oct-24 07:11 0011  ON7PQ          599  599  PAT  2365     PAT  236 3   7030.6
 40CW  17-Oct-24 07:11 0012  OK1OA          599  599  JIRI OK       JIRI OK  3   7031.0
 40CW  17-Oct-24 07:13 0013  S58M           599  599  DARE  S5      DARE  S5 3   7031.5
 40CW  17-Oct-24 07:14 0014  LY2MM          599  599  AL  3532      AL  3532 3   7031.8
 40CW  17-Oct-24 07:15 0015  K3MM           599  599  TY            TY       5   7033.5
 40CW  17-Oct-24 07:16 0016  IK3VUT         599  599  LUCA 3241     LUCA 324 3   7034.0
 40CW  17-Oct-24 07:17 0017  HB9ARF         599  599  PSI  1354     PSI  135 3   7035.0
 40CW  17-Oct-24 07:18 0018  PA0INA         599  599  FRANS 443     FRANS 44 3   7036.3
 40CW  17-Oct-24 07:19 0019  9A1AA          599  599  IVO 2447      IVO 2447 3   7037.0
 40CW  17-Oct-24 07:20 0020  F6JOE          599  599  JOE 1091      JOE 1091 3   7038.4
 20CW  17-Oct-24 07:22 0021  SM2EKM         599  599  JE  2976      JE  2976 3  14028.0
 20CW  17-Oct-24 07:23 0022  IK0YVV         599  599  1505          1505     3  14031.0
 20CW  17-Oct-24 07:23 0023  SM5IMO         599  599  DAN 1854      DAN 1854 3  14031.5
 20CW  17-Oct-24 07:24 0024  K5ZX           599  599  MIKE  1       MIKE  1  5  14032.1
 20CW  17-Oct-24 07:24 0025  S58M           599  599  DARE S5       DARE S5  3  14033.1
 20CW  17-Oct-24 07:26 0026  NT6Q           599  599  CA            CA       5  14036.3
 40CW  17-Oct-24 07:27 0027  G4HLN          599  599  GGFG          GGFG     3   7037.7
 40CW  17-Oct-24 07:28 0028  PA2TA          599  599  TA 2955       TA 2955  3   7037.7
 40CW  17-Oct-24 07:28 0029  OK2QA          599  599  2891          2891     3   7037.7
 40CW  17-Oct-24 07:28 0030  G4IVV          599  599  4             4        3   7037.7
 40CW  17-Oct-24 07:29 0031  G0TRT          599  599  CIE           CIE      3   7037.7
 40CW  17-Oct-24 07:29 0032  OH3BCX         599  599  1856          1856     3   7037.7
 40CW  17-Oct-24 07:30 0033  DL1ROT         599  599  TOM DL        TOM DL   2   7037.7
 40CW  17-Oct-24 07:31 0034  F5IN           599  599  MIKE F        MIKE F   3   7037.7
 40CW  17-Oct-24 07:32 0035  DJ1OJ          599  599  425           425      2   7037.7
 40CW  17-Oct-24 07:32 0036  DK2FG          599  599  PETER DL      PETER DL 2   7037.7
 40CW  17-Oct-24 07:32 0037  DL1NKB         599  599  2486          2486     2   7037.7
 40CW  17-Oct-24 07:33 0038  PE2V           599  599  345           345      3   7037.7
 40CW  17-Oct-24 07:33 0039  G4HZV          599  599  1636          1636     3   7037.6
 40CW  17-Oct-24 07:34 0040  2E0JGV         599  599  G             G        3   7037.6
 40CW  17-Oct-24 07:35 0041  M4N            599  599  MIKE 2511     MIKE 251 3   7037.6
 20CW  17-Oct-24 07:39 0042  RM2D           599  599  181           181      3  14025.8
 20CW  17-Oct-24 07:39 0043  K3MM           599  599  TY A44        TY A44   5  14026.4
 20CW  17-Oct-24 07:41 0044  Z35M           599  599  VLADO Z3      VLADO Z3 3  14028.0
 20CW  17-Oct-24 07:42 0045  E70T           599  599  VLADO 3585    VLADO 35 3  14030.0
 20CW  17-Oct-24 07:44 0046  WU6P           599  599  2715          2715     5  14033.6
 20CW  17-Oct-24 07:46 0047  EA6EJ          599  599  3276          3276     3  14038.4
 20CW  17-Oct-24 07:47 0048  HB9BJL         599  599  CHRIS 2       CHRIS 2  3  14039.2
 20CW  17-Oct-24 07:49 0049  HA5AX          599  599  HA            HA       3  14045.0
 20CW  17-Oct-24 07:49 0050  9A1AA          599  599  IVO 2447      IVO 2447 3  14042.9
 40CW  17-Oct-24 07:51 0051  G4KKU          599  599  AE 3562       AE 3562  3   7037.9
 40CW  17-Oct-24 07:53 0052  G3LHJ          599  599  DE 3          DE 3     3   7032.3
 40CW  17-Oct-24 07:54 0053  I2WIJ          599  599  2406          2406     3   7033.4
 40CW  17-Oct-24 07:55 0054  F5SGI          599  599  JEAN 2532     JEAN 253 3   7026.9
 40CW  17-Oct-24 07:57 0055  G5SOW          599  599  CWA           CWA      3   7030.8
 40CW  17-Oct-24 07:57 0056  DG1YBN         599  599  SAR DL        SAR DL   2   7030.8
 40CW  17-Oct-24 07:59 0057  G4BUE          599  599  CHRIS 2       CHRIS 2  3   7030.8
