 40CW  15-Apr-24 16:32 0001  SN2S           599  599  004           004      3   7036.9
 40CW  15-Apr-24 16:32 0002  OK2BFN         599  599  005           005      3   7036.9
 40CW  15-Apr-24 16:35 0003  PA0CT          599  599  006           006      3   7033.1
 40CW  15-Apr-24 16:36 0004  OK1OA          599  599  013           013      3   7033.1
 40CW  15-Apr-24 16:37 0005  M4N            599  599  014           014      3   7033.1
 40CW  15-Apr-24 16:37 0006  SN1T           599  599  016           016      3   7033.1
 40CW  15-Apr-24 16:37 0007  DF4PD          599  599  011           011      2   7033.1
 40CW  15-Apr-24 16:37 0008  HA6NL          599  599  022           022      3   7033.1
 40CW  15-Apr-24 16:38 0009  OK6OK          599  599  009           009      3   7033.1
 40CW  15-Apr-24 16:38 0010  DL2NBY         599  599  008           008      2   7033.1
 40CW  15-Apr-24 16:39 0011  OK1DZD         599  599  003           003      3   7033.1
 40CW  15-Apr-24 16:40 0012  OK4RQ          599  599  005                    3   7033.1
 40CW  15-Apr-24 16:41 0013  OT6E           599  599  025           025      3   7031.9
 40CW  15-Apr-24 16:42 0014  HA5OV          599  599  033           033      3   7031.0
 40CW  15-Apr-24 16:43 0015  OK1DOR         599  599  024           024      3   7030.7
 40CW  15-Apr-24 16:44 0016  PA3DZM         599  599  015           015      3   7030.5
 40CW  15-Apr-24 16:44 0017  SD6M           599  599  030           030      3   7030.2
 40CW  15-Apr-24 16:45 0018  SP2QG          599  599  039           039      3   7029.8
 40CW  15-Apr-24 16:46 0019  SN5N           599  599  036           036      3   7029.1
 40CW  15-Apr-24 16:47 0020  OK1IBP         599  599  033                    3   7028.7
 40CW  15-Apr-24 16:47 0021  SM5ACQ         599  599  029           029      3   7028.5
 40CW  15-Apr-24 16:49 0022  OK1FGD         599  599  026           026      3   7027.8
 40CW  15-Apr-24 16:49 0023  OK1NU          599  599  030                    3   7027.5
 40CW  15-Apr-24 16:50 0024  OK2NAJ         599  599  034           034      3   7027.3
 40CW  15-Apr-24 16:51 0025  DJ9KH          599  599  043           043      2   7027.1
 40CW  15-Apr-24 16:51 0026  PA2A           599  599  041           041      3   7026.1
 40CW  15-Apr-24 16:52 0027  DJ9SN          599  599  039                    2   7025.7
 40CW  15-Apr-24 16:53 0028  HG5E           599  599  059           059      3   7025.4
 40CW  15-Apr-24 16:54 0029  DQ9L           599  599  017           017      2   7025.1
 40CW  15-Apr-24 16:54 0030  SP4TKR         599  599  059                    3   7024.9
 40CW  15-Apr-24 16:55 0031  OK2VX          599  599  031           031      3   7024.5
 40CW  15-Apr-24 16:56 0032  DL8QS          599  599  052           052      2   7024.2
 40CW  15-Apr-24 16:56 0033  LZ5DI          599  599  036                    3   7023.5
 40CW  15-Apr-24 16:57 0034  OK2EA          599  599  061           061      3   7023.1
 40CW  15-Apr-24 16:58 0035  PA3ARM         599  599  048           048      3   7022.8
 40CW  15-Apr-24 16:59 0036  SC6O           599  599  053           053      3   7022.4
 40CW  15-Apr-24 17:00 0037  OK1RZ          599  599  068           068      3   7022.0
 40CW  15-Apr-24 17:00 0038  DK5DQ          599  599  052                    2   7021.6
 40CW  15-Apr-24 17:01 0039  SP4JFR         599  599  049           049      3   7021.2
 80CW  15-Apr-24 17:03 0040  OK1AY          599  599  027           027      3   3533.9
 40CW  15-Apr-24 17:06 0041  S52W           599  599  089           089      3   7039.4
 40CW  15-Apr-24 17:06 0042  DR2C           599  599  087           087      2   7039.4
 40CW  15-Apr-24 17:07 0043  OK2WY          599  599  076           076      3   7039.4
 40CW  15-Apr-24 17:07 0044  DF1DT          599  599  047           047      2   7039.4
 40CW  15-Apr-24 17:07 0045  SE5E           599  599  064           064      3   7039.4
 40CW  15-Apr-24 17:09 0046  DM1T           599  599  034                    2   7039.4
 40CW  15-Apr-24 17:10 0047  SE6EK          599  599  043                    3   7039.4
 40CW  15-Apr-24 17:11 0048  SD1A           599  599  069           069      3   7015.5
 40CW  15-Apr-24 17:13 0049  RX3Q           599  599  056           056      3   7016.0
 40CW  15-Apr-24 17:13 0050  DK3GI          599  599  072           072      2   7016.6
 40CW  15-Apr-24 17:14 0051  SN7Z           599  599  061                    3   7017.4
 40CW  15-Apr-24 17:14 0052  LY7M           599  599  039                    3   7017.8
 40CW  15-Apr-24 17:15 0053  YL2TD          599  599  081           081      3   7018.2
 40CW  15-Apr-24 17:16 0054  S51J           599  599  090           090      3   7018.6
 40CW  15-Apr-24 17:17 0055  OZ7BQ          599  599  057           057      3   7020.0
 40CW  15-Apr-24 17:18 0056  OM5AA          599  599  097           097      3   7020.5
 40CW  15-Apr-24 17:19 0057  DM100FK        599  599  068                    2   7021.5
 40CW  15-Apr-24 17:20 0058  PA3DBS         599  599  054           054      3   7027.4
 40CW  15-Apr-24 17:22 0059  OK5D           599  599  096           096      3   7027.1
 40CW  15-Apr-24 17:22 0060  DL4ME          599  599  102           102      2   7027.1
 40CW  15-Apr-24 17:23 0061  YU7TBA         599  599  055           055      3   7027.1
 40CW  15-Apr-24 17:24 0062  YL3FW          599  599  081                    3   7027.1
 40CW  15-Apr-24 17:25 0063  OM4AY          599  599  055                    3   7027.1
 40CW  15-Apr-24 17:25 0064  OK1TN          599  599  111           111      3   7027.1
 40CW  15-Apr-24 17:26 0065  HB9HTF         599  599  089                    3   7027.1
 40CW  15-Apr-24 17:27 0066  DF7IH          599  599  017                    2   7027.1
 40CW  15-Apr-24 17:28 0067  DA3T           599  599  085           085      2   7027.1
 40CW  15-Apr-24 17:28 0068  PA3AAV         599  599  120           120      3   7027.1
 40CW  15-Apr-24 17:29 0069  SO7NA          599  599  053                    3   7027.1
