 40CW  26-Aug-24 16:31 0001  OK5D           599  599  2             OK       3   7030.5
 40CW  26-Aug-24 16:31 0002  PC0A           599  599  5             PA       3   7030.0
 40CW  26-Aug-24 16:31 0003  SP2QG          599  599  6             SP       3   7029.4
 40CW  26-Aug-24 16:32 0004  SE5V           599  599  4             SM       3   7028.8
 40CW  26-Aug-24 16:34 0005  SM5ACQ         599  599  7                      3   7028.5
 40CW  26-Aug-24 16:34 0006  OM5CM          599  599  9             OM       3   7028.0
 40CW  26-Aug-24 16:35 0007  DL5YM          599  599  11            DL       2   7027.7
 40CW  26-Aug-24 16:36 0008  DL7YS          599  599  11                     2   7027.1
 40CW  26-Aug-24 16:36 0009  SC6O           599  599  9                      3   7026.7
 40CW  26-Aug-24 16:37 0010  DM5I           599  599  23                     2   7026.4
 40CW  26-Aug-24 16:37 0011  OM5ZW          599  599  22                     3   7026.1
 40CW  26-Aug-24 16:37 0012  OK1TN          599  599  21                     3   7025.6
 40CW  26-Aug-24 16:39 0013  OK1JAX         599  599  19                     3   7025.3
 40CW  26-Aug-24 16:40 0014  HA6NL          599  599  27            HA       3   7024.4
 40CW  26-Aug-24 16:41 0015  DL8QS          599  599  17                     2   7021.6
 40CW  26-Aug-24 16:41 0016  DF8XC          599  599  16                     2   7021.6
 40CW  26-Aug-24 16:42 0017  DR6T           599  599  10                     2   7021.6
 40CW  26-Aug-24 16:42 0018  SN1T           599  599  33                     3   7021.6
 40CW  26-Aug-24 16:42 0019  DR2C           599  599  36                     2   7021.6
 40CW  26-Aug-24 16:42 0020  DF5EN          599  599  27                     2   7021.6
 40CW  26-Aug-24 16:43 0021  OK4RQ          599  599  25                     3   7021.6
 40CW  26-Aug-24 16:43 0022  SP8BXL         599  599  19                     3   7021.6
 40CW  26-Aug-24 16:43 0023  OM2KI          599  599  34                     3   7021.6
 40CW  26-Aug-24 16:44 0024  DL9UP          599  599  12                     2   7021.6
 40CW  26-Aug-24 16:44 0025  HA5OV          599  599  29                     3   7021.6
 40CW  26-Aug-24 16:44 0026  DJ3WE          599  599  24                     2   7021.6
 40CW  26-Aug-24 16:45 0027  DJ1OJ          599  599  8                      2   7021.6
 40CW  26-Aug-24 16:45 0028  YL3FW          599  599  28            YL       3   7021.6
 40CW  26-Aug-24 16:46 0029  DF4ZL          599  599  22                     2   7021.6
 40CW  26-Aug-24 16:46 0030  HA5MA          599  599  29                     3   7021.6
 40CW  26-Aug-24 16:47 0031  PA0CT          599  599  22                     3   7021.6
 40CW  26-Aug-24 16:47 0032  OM3CPF         599  599  26                     3   7021.6
 40CW  26-Aug-24 16:47 0033  OK2BFN         599  599  26                     3   7021.6
 40CW  26-Aug-24 16:48 0034  SM5CSS         599  599  20                     3   7021.6
 40CW  26-Aug-24 16:48 0035  HA5NR          599  599  24                     3   7021.6
 40CW  26-Aug-24 16:49 0036  SP3VT          599  599  33                     3   7021.6
 40CW  26-Aug-24 16:49 0037  DA0BCC         599  599  45                     2   7021.6
 40CW  26-Aug-24 16:50 0038  DL2NBY         599  599  33                     2   7021.6
 40CW  26-Aug-24 16:50 0039  OK1USP         599  599  27                     3   7021.6
 40CW  26-Aug-24 16:51 0040  DF1DT          599  599  28                     2   7021.6
 40CW  26-Aug-24 16:52 0041  OK1AMX         599  599  35                     3   7021.6
 40CW  26-Aug-24 16:52 0042  HB9HTF         599  599  36            HB       3   7021.6
 40CW  26-Aug-24 16:53 0043  PC4H           599  599  41                     3   7021.6
 40CW  26-Aug-24 16:53 0044  PC0A           599  599  45                     0   7021.6
 40CW  26-Aug-24 16:53 0045  DA3T           599  599  23                     2   7021.6
 40CW  26-Aug-24 16:54 0046  OK1FMX         599  599  30                     3   7021.6
 40CW  26-Aug-24 16:54 0047  DR3W           599  599  48                     2   7021.6
 40CW  26-Aug-24 16:54 0048  OK2CW          599  599  13                     3   7021.6
 40CW  26-Aug-24 16:55 0049  OK1DSZ         599  599  61                     3   7021.6
 40CW  26-Aug-24 16:55 0050  SE6K           599  599  14                     3   7021.6
 40CW  26-Aug-24 16:55 0051  DM8T           599  599  29                     2   7021.6
 40CW  26-Aug-24 16:56 0052  PA9M           599  599  25                     3   7021.6
 40CW  26-Aug-24 16:56 0053  SN2S           599  599  44                     3   7021.6
 40CW  26-Aug-24 16:56 0054  DM7W           599  599  48                     2   7021.6
 40CW  26-Aug-24 16:57 0055  SM0OEK         599  599  58                     3   7021.6
 40CW  26-Aug-24 16:57 0056  PA3AAV         599  599  77                     3   7021.6
 40CW  26-Aug-24 16:57 0057  OK4X           599  599  39                     3   7021.6
 40CW  26-Aug-24 16:58 0058  YL2TD          599  599  46                     3   7021.6
 40CW  26-Aug-24 16:59 0059  OM3FW          599  599  42                     3   7021.6
 40CW  26-Aug-24 16:59 0060  S52W           599  599  59            S5       3   7021.6
 40CW  26-Aug-24 16:59 0061  DL4ME          599  599  68                     2   7021.6
 40CW  26-Aug-24 17:01 0062  DK5DQ          599  599  19                     2   7021.6
 40CW  26-Aug-24 17:01 0063  ON4EM          599  599  54            ON       3   7021.6
 40CW  26-Aug-24 17:02 0064  HB9CMW         599  599  21                     3   7021.6
 40CW  26-Aug-24 17:03 0065  HA1AS          599  599  27                     3   7021.6
 40CW  26-Aug-24 17:03 0066  OK2SFP         599  599  29                     3   7021.6
 40CW  26-Aug-24 17:04 0067  SP2XX          599  599  58                     3   7021.6
 40CW  26-Aug-24 17:04 0068  DL8LR          599  599  45                     2   7021.6
 40CW  26-Aug-24 17:04 0069  S51J           599  599  61                     3   7021.6
 40CW  26-Aug-24 17:05 0070  PA3DBS         599  599  35                     3   7021.6
 40CW  26-Aug-24 17:06 0071  SE5T           599  599  57                     3   7021.6
 40CW  26-Aug-24 17:06 0072  OK2NO          599  599  65                     3   7021.6
 40CW  26-Aug-24 17:07 0073  SN7Q           599  599  68                     3   7021.6
 40CW  26-Aug-24 17:08 0074  OK2PYA         599  599  41                     3   7021.6
 40CW  26-Aug-24 17:08 0075  DK2DR          599  599  18                     2   7021.6
 40CW  26-Aug-24 17:09 0076  OG6B           599  599  40            OH       3   7021.6
 40CW  26-Aug-24 17:13 0077  DF7YE          599  599  88                     2   7018.4
 80CW  26-Aug-24 17:16 0078  DR2C           599  599  94            DL       2   3536.7
 80CW  26-Aug-24 17:16 0079  DL1BUG         599  599  75                     2   3536.7
 80CW  26-Aug-24 17:17 0080  DA0BCC         599  599  92                     2   3536.7
 80CW  26-Aug-24 17:17 0081  DK2FG          599  599  31                     2   3536.7
 80CW  26-Aug-24 17:17 0082  DL8QS          599  599  70                     2   3536.7
 80CW  26-Aug-24 17:18 0083  OK1AY          599  599  31            OK       3   3536.7
 80CW  26-Aug-24 17:18 0084  SN1T           599  599  118           SP       3   3536.7
 80CW  26-Aug-24 17:18 0085  DL7YS          599  599  83                     2   3536.7
 80CW  26-Aug-24 17:19 0086  DM5I           599  599  102                    2   3536.7
 80CW  26-Aug-24 17:19 0087  DR6T           599  599  47                     2   3536.7
 80CW  26-Aug-24 17:20 0088  OM4MW          599  599  111           OM       3   3536.7
 80CW  26-Aug-24 17:20 0089  DJ3WE          599  599  74                     2   3536.7
 80CW  26-Aug-24 17:21 0090  DL3YM          599  599  81                     2   3536.7
 80CW  26-Aug-24 17:21 0091  OK1DSZ         599  599  106                    3   3536.7
 80CW  26-Aug-24 17:22 0092  DM7W           599  599  79                     2   3536.7
 80CW  26-Aug-24 17:22 0093  DF1DT          599  599  73                     2   3536.7
 80CW  26-Aug-24 17:25 0094  OM5ZW          599  599  114                    3   3533.0
 80CW  26-Aug-24 17:26 0095  DJ1OJ          599  599  70                     2   3531.8
 40CW  26-Aug-24 17:28 0096  DJ9KH          599  599  100                    2   7024.8
 40CW  26-Aug-24 17:28 0097  OK1FGD         599  599  75                     3   7024.2
 40CW  26-Aug-24 17:29 0098  DJ4WT          599  599  82                     2   7022.2
