 40CW  11-Mar-24 16:32 0001  DL8QS          599  599  003           DL       2   7034.5
 40CW  11-Mar-24 16:33 0002  SP2QG          599  599  005           SP       3   7034.0
 40CW  11-Mar-24 16:34 0003  OM5CM          599  599  010           OM       3   7033.5
 40CW  11-Mar-24 16:34 0004  DD5M           599  599  009                    2   7033.1
 40CW  11-Mar-24 16:34 0005  SE0B           599  599  009           SM       3   7032.2
 40CW  11-Mar-24 16:35 0006  DM1T           599  599  013                    2   7031.9
 40CW  11-Mar-24 16:36 0007  OK1DSZ         599  599  019           OK       3   7028.4
 40CW  11-Mar-24 16:40 0008  YL3FW          599  599  002           YL       3   7030.3
 40CW  11-Mar-24 16:41 0009  G4LJU          599  599  010           G        3   7039.4
 40CW  11-Mar-24 16:41 0010  G8N            599  599  011                    3   7039.4
 40CW  11-Mar-24 16:42 0011  OK2BFN         599  599  020                    3   7039.4
 40CW  11-Mar-24 16:43 0012  OK2WY          599  599  023                    3   7039.4
 40CW  11-Mar-24 16:43 0013  DF1LON         599  599  018                    2   7039.4
 40CW  11-Mar-24 16:43 0014  DR2C           599  599  026                    2   7039.4
 40CW  11-Mar-24 16:43 0015  SM5DXR         599  599  016                    3   7039.4
 40CW  11-Mar-24 16:45 0016  OL4W           599  599  024                    3   7039.4
 40CW  11-Mar-24 16:45 0017  OM2KI          599  599  032                    3   7039.4
 40CW  11-Mar-24 16:46 0018  DA0BCC         599  599  037                    2   7039.4
 40CW  11-Mar-24 16:46 0019  DF1DX          599  599  020                    2   7039.4
 40CW  11-Mar-24 16:47 0020  OG6B           599  599  024           OH       3   7039.4
 40CW  11-Mar-24 16:47 0021  OM4DU          599  599  020                    3   7039.4
 40CW  11-Mar-24 16:47 0022  SM5S           599  599  021                    3   7039.4
 40CW  11-Mar-24 16:47 0023  OK1TD          599  599  028                    3   7039.4
 40CW  11-Mar-24 16:48 0024  SD6M           599  599  035                    3   7039.4
 40CW  11-Mar-24 16:50 0025  OK1ORA         599  599  034                    3   7039.4
 40CW  11-Mar-24 16:51 0026  OH1KH          599  599  023                    3   7039.4
 40CW  11-Mar-24 16:51 0027  OL8R           599  599  063                    3   7039.4
 40CW  11-Mar-24 16:52 0028  DL8TG          599  599  039                    2   7039.4
 40CW  11-Mar-24 16:53 0029  HA1VQ          599  599  023           HA       3   7039.4
 40CW  11-Mar-24 16:53 0030  DL1BUG         599  599  028                    2   7039.4
 40CW  11-Mar-24 16:54 0031  HA5MA          599  599  042                    3   7039.4
 40CW  11-Mar-24 16:54 0032  RX3QNE         599  599  035           UA       3   7039.4
 40CW  11-Mar-24 16:55 0033  DJ3WE          599  599  045                    2   7039.4
 40CW  11-Mar-24 16:55 0034  HA1AS          599  599  027                    3   7039.4
 40CW  11-Mar-24 16:55 0035  DJ5AS          599  599  019                    2   7039.4
 40CW  11-Mar-24 16:56 0036  OM4AY          599  599  028                    3   7039.4
 40CW  11-Mar-24 16:56 0037  HG5E           599  599  068                    3   7039.4
 40CW  11-Mar-24 16:57 0038  S52W           599  599  057           S5       3   7039.4
 40CW  11-Mar-24 16:57 0039  OK1NG          599  599  033                    3   7039.4
 40CW  11-Mar-24 16:58 0040  SN5J           599  599  049                    3   7039.4
 40CW  11-Mar-24 16:58 0041  DA3T           599  599  037                    2   7039.4
 40CW  11-Mar-24 16:58 0042  PA2A           599  599  046           PA       3   7039.4
 40CW  11-Mar-24 16:59 0043  DM5I           599  599  063                    2   7039.4
 40CW  11-Mar-24 16:59 0044  OK4X           599  599  041                    3   7039.4
 40CW  11-Mar-24 16:59 0045  DF4PD          599  599  037                    2   7039.4
 40CW  11-Mar-24 17:00 0046  SP2KAC         599  599  030                    3   7039.4
 40CW  11-Mar-24 17:02 0047  F6JOE          599  599  027           F        3   7038.7
 40CW  11-Mar-24 17:03 0048  DJ9SN          599  599  024                    2   7037.8
 40CW  11-Mar-24 17:04 0049  OK2IW          599  599  038                    3   7037.3
 40CW  11-Mar-24 17:04 0050  OK6OK          599  599  040                    3   7036.5
 40CW  11-Mar-24 17:06 0051  DF8V           599  599  035                    2   7036.2
 40CW  11-Mar-24 17:06 0052  OK2VX          599  599  042                    3   7035.9
 40CW  11-Mar-24 17:07 0053  OK1IBP         599  599  091                    3   7035.6
 40CW  11-Mar-24 17:08 0054  OL1T           599  599  005                    3   7035.3
 40CW  11-Mar-24 17:09 0055  SV1DAY         599  599  058           SV       3   7034.9
 40CW  11-Mar-24 17:09 0056  DF1DT          599  599  059                    2   7034.5
 40CW  11-Mar-24 17:11 0057  YL3JD          599  599  034                    3   7032.3
 40CW  11-Mar-24 17:12 0058  OK1FGD         599  599  060                    3   7030.8
 40CW  11-Mar-24 17:13 0059  OK1NU          599  599  051                    3   7030.4
 40CW  11-Mar-24 17:13 0060  IN3FHE         599  599  042           I        3   7029.6
 40CW  11-Mar-24 17:14 0061  SE5E           599  599  098                    3   7029.1
 40CW  11-Mar-24 17:14 0062  SP4TKR         599  599  096                    3   7028.8
 40CW  11-Mar-24 17:17 0063  DL5YM          599  599  086                    2   7028.0
 40CW  11-Mar-24 17:18 0064  DJ9KH          599  599  091                    2   7027.1
 40CW  11-Mar-24 17:18 0065  EA3X           599  599  037           EA       3   7025.5
 40CW  11-Mar-24 17:19 0066  DJ4WT          599  599  039                    2   7024.1
 40CW  11-Mar-24 17:20 0067  OK1JAX         599  599  083                    3   7023.1
 40CW  11-Mar-24 17:21 0068  PA3ARM         599  599  088                    3   7022.3
 40CW  11-Mar-24 17:21 0069  SP2DKI         599  599  070                    3   7020.9
 40CW  11-Mar-24 17:23 0070  DD5KG          599  599  052                    2   7034.0
 40CW  11-Mar-24 17:24 0071  DM7W           599  599  023                    2   7037.8
 40CW  11-Mar-24 17:25 0072  PA5WT          599  599  074                    3   7038.2
 40CW  11-Mar-24 17:25 0073  OK1RZ          599  599  105                    3   7033.6
 40CW  11-Mar-24 17:26 0074  DF8TY          599  599  033                    2   7031.8
 40CW  11-Mar-24 17:27 0075  OK1TN          599  599  093                    3   7030.4
 40CW  11-Mar-24 17:28 0076  OM5AA          599  599  030                    3   7028.9
 40CW  11-Mar-24 17:28 0077  S50R           599  599  061                    3   7028.5
