 40CW  30-Sep-24 16:31 0001  HA6NL          599  599  1             HA       3   7028.8
 40CW  30-Sep-24 16:31 0002  OM5CM          599  599  3             OM       3   7028.5
 40CW  30-Sep-24 16:32 0003  OK1IBP         599  599  4             OK       3   7028.1
 40CW  30-Sep-24 16:33 0004  DR7T           599  599  2             DL       2   7026.9
 40CW  30-Sep-24 16:33 0005  DR2C           599  599  11                     2   7026.9
 40CW  30-Sep-24 16:34 0006  OL8R           599  599  13                     3   7026.9
 40CW  30-Sep-24 16:34 0007  SM5CSS         599  599  9             SM       3   7026.9
 40CW  30-Sep-24 16:34 0008  OK5SA          599  599  2                      3   7026.9
 40CW  30-Sep-24 16:35 0009  SN1T           599  599  11            SP       3   7026.9
 40CW  30-Sep-24 16:36 0010  DJ9SN          599  599  9                      2   7026.9
 40CW  30-Sep-24 16:36 0011  SP3VT          599  599  12                     3   7026.9
 40CW  30-Sep-24 16:37 0012  R2XX           599  599  14            UA       3   7026.9
 40CW  30-Sep-24 16:37 0013  OK1TRJ         599  599  13                     3   7026.9
 40CW  30-Sep-24 16:38 0014  SM5DXR         599  599  11                     3   7026.9
 40CW  30-Sep-24 16:38 0015  OK1USP         599  599  10                     3   7026.9
 40CW  30-Sep-24 16:38 0016  HB9BXE         599  599  20            HB       3   7026.9
 40CW  30-Sep-24 16:39 0017  OK2NO          599  599  19                     3   7026.9
 40CW  30-Sep-24 16:39 0018  DM8T           599  599  17                     2   7026.9
 40CW  30-Sep-24 16:40 0019  DL4ME          599  599  19                     2   7026.9
 40CW  30-Sep-24 16:40 0020  S51J           599  599  20            S5       3   7026.9
 40CW  30-Sep-24 16:40 0021  OK1TD          599  599  14                     3   7026.9
 40CW  30-Sep-24 16:41 0022  OK4X           599  599  17                     3   7026.9
 40CW  30-Sep-24 16:42 0023  G3SQU          599  599  1             G        3   7026.9
 40CW  30-Sep-24 16:42 0024  PC4H           599  599  26            PA       3   7026.9
 40CW  30-Sep-24 16:43 0025  OK1FMX         599  599  19                     3   7026.9
 40CW  30-Sep-24 16:43 0026  PA0CT          599  599  20                     3   7026.9
 40CW  30-Sep-24 16:44 0027  OM4AY          599  599  20                     3   7026.9
 40CW  30-Sep-24 16:45 0028  DA0BCC         599  599  25                     2   7026.9
 40CW  30-Sep-24 16:45 0029  S55OO          599  599  24                     3   7026.9
 40CW  30-Sep-24 16:45 0030  YL3FW          599  599  34            YL       3   7026.9
 40CW  30-Sep-24 16:46 0031  IN3FHE         599  599  14            I        3   7026.9
 40CW  30-Sep-24 16:46 0032  DF8V           599  599  16                     2   7026.9
 40CW  30-Sep-24 16:46 0033  DM50LOW        599  599  14                     2   7026.9
 40CW  30-Sep-24 16:47 0034  HA5MA          599  599  30                     3   7026.9
 40CW  30-Sep-24 16:48 0035  S53M           599  599  41                     3   7026.9
 40CW  30-Sep-24 16:48 0036  DF4PD          599  599  26                     2   7026.9
 40CW  30-Sep-24 16:49 0037  DL2NBY         599  599  32                     2   7026.9
 40CW  30-Sep-24 16:49 0038  SP2KAC         599  599  21                     3   7026.9
 40CW  30-Sep-24 16:50 0039  OK5M           599  599  48                     3   7026.9
 40CW  30-Sep-24 16:50 0040  PA2A           599  599  38                     3   7026.9
 40CW  30-Sep-24 16:51 0041  OZ7BQ          599  599  22            OZ       3   7026.9
 40CW  30-Sep-24 16:51 0042  PC0A           599  599  43                     3   7026.9
 40CW  30-Sep-24 16:52 0043  OK2PYA         599  599  30                     3   7026.9
 80CW  30-Sep-24 16:54 0044  DF1DT          599  599  13            DL       2   3535.3
 80CW  30-Sep-24 16:55 0045  OK1AY          599  599  13            OK       3   3537.0
 80CW  30-Sep-24 16:56 0046  DJ9MH          599  599  39                     2   3540.0
 80CW  30-Sep-24 16:56 0047  SP3CW          599  599  15            SP       3   3541.0
 80CW  30-Sep-24 16:56 0048  OM3FW          599  599  31            OM       3   3542.1
 40CW  30-Sep-24 16:57 0049  DJ4WT          599  599  45                     2   7025.7
 40CW  30-Sep-24 16:58 0050  OK1DSZ         599  599  43                     3   7025.4
 40CW  30-Sep-24 16:59 0051  OK2XX          599  599  34                     3   7025.2
 40CW  30-Sep-24 16:59 0052  OK2BFN         599  599  62                     3   7023.8
 40CW  30-Sep-24 17:00 0053  DL5YM          599  599  56                     2   7023.3
 40CW  30-Sep-24 17:00 0054  SE5T           599  599  61                     3   7022.9
 40CW  30-Sep-24 17:01 0055  OK2IW          599  599  33                     3   7021.7
 40CW  30-Sep-24 17:02 0056  LZ5DI          599  599  70            LZ       3   7021.5
 40CW  30-Sep-24 17:03 0057  PA3AAV         599  599  86                     3   7020.4
 40CW  30-Sep-24 17:04 0058  PA3ARM         599  599  53                     3   7018.6
 40CW  30-Sep-24 17:05 0059  SM5IMO         599  599  66                     3   7016.7
 40CW  30-Sep-24 17:06 0060  YL2TD          599  599  52                     3   7015.6
 40CW  30-Sep-24 17:06 0061  OK2EA          599  599  82                     3   7015.0
 40CW  30-Sep-24 17:07 0062  HB9HTF         599  599  60                     3   7014.4
 40CW  30-Sep-24 17:07 0063  RX3QNE         599  599  40                     3   7014.1
 40CW  30-Sep-24 17:08 0064  SD1A           599  599  63                     3   7013.5
 40CW  30-Sep-24 17:09 0065  HG5E           599  599  85                     3   7013.0
 40CW  30-Sep-24 17:09 0066  SO3O           599  599  45                     3   7012.0
 80CW  30-Sep-24 17:11 0067  OK7NV          599  599  32                     3   3540.8
 80CW  30-Sep-24 17:11 0068  OM5B           599  599  100                    3   3540.8
 80CW  30-Sep-24 17:12 0069  SN1T           599  599  101                    3   3540.8
 80CW  30-Sep-24 17:12 0070  DA0BCC         599  599  71                     2   3540.8
 80CW  30-Sep-24 17:13 0071  DJ3WE          599  599  58                     2   3540.8
 80CW  30-Sep-24 17:15 0072  OK1DOR         599  599  79                     3   3540.3
 80CW  30-Sep-24 17:15 0073  S58MU          599  599  28            S5       3   3539.7
 80CW  30-Sep-24 17:16 0074  SQ7M           599  599  24                     3   3539.0
 80CW  30-Sep-24 17:17 0075  DL1NKS         599  599  49                     2   3538.5
 80CW  30-Sep-24 17:17 0076  OK5M           599  599  107                    3   3538.0
 80CW  30-Sep-24 17:18 0077  OM5TZ          599  599  41                     3   3537.5
 80CW  30-Sep-24 17:19 0078  SN5N           599  599  103                    3   3536.1
 80CW  30-Sep-24 17:19 0079  OK1DSZ         599  599  78                     3   3536.4
 80CW  30-Sep-24 17:20 0080  SP2QG          599  599  110                    3   3535.0
 80CW  30-Sep-24 17:20 0081  OK2EA          599  599  100                    3   3534.5
 80CW  30-Sep-24 17:21 0082  SE5T           599  599  93            SM       3   3532.7
 80CW  30-Sep-24 17:22 0083  HA5MA          599  599  85            HA       3   3532.4
 80CW  30-Sep-24 17:22 0084  DL5XL          599  599  79                     2   3532.0
 80CW  30-Sep-24 17:23 0085  DJ9KH          599  599  96                     2   3531.2
 80CW  30-Sep-24 17:23 0086  SM5IMO         599  599  103                    3   3530.7
 80CW  30-Sep-24 17:25 0087  OM2KI          599  599  128                    3   3537.7
 80CW  30-Sep-24 17:26 0088  OK2NAJ         599  599  89                     3   3537.7
 80CW  30-Sep-24 17:26 0089  DJ9SN          599  599  73                     2   3537.7
 80CW  30-Sep-24 17:26 0090  DL4ME          599  599  112                    2   3537.7
 80CW  30-Sep-24 17:27 0091  SD6F           599  599  112                    3   3537.7
 80CW  30-Sep-24 17:28 0092  DM8T           599  599  69                     2   3537.7
 80CW  30-Sep-24 17:29 0093  DR2C           599  599  127                    2   3537.7
 80CW  30-Sep-24 17:29 0094  OK2BFN         599  599  104                    3   3537.7
