 15CW  03-Jul-24 19:03 0001  N3OC           599  599  Brian 2944    N3OC     1  21025.5
 15CW  03-Jul-24 19:11 0002  EA6BF          599  599  Josep 3072    EA6BF    1  21031.5
 15CW  03-Jul-24 19:12 0003  SN7Q           599  599  CHRIS SP      SN7Q     1  21031.8
 15CW  03-Jul-24 19:13 0004  LZ3ND          599  599  Nick LZ       LZ3ND    1  21032.7
 15CW  03-Jul-24 19:14 0005  WG3J           599  599  Eric 2473     WG3J     1  21034.4
 15CW  03-Jul-24 19:15 0006  VE3EJ          599  599  John 513      VE3EJ    1  21034.7
 15CW  03-Jul-24 19:15 0007  N5ZO           599  599  Mark 1224     N5ZO     1  21035.4
 15CW  03-Jul-24 19:16 0008  SP5LST         599  599  KOT 3539      SP5LST   1  21036.7
 15CW  03-Jul-24 19:16 0009  K2B            599  599  CHUCK VA      K2B      1  21037.4
 15CW  03-Jul-24 19:19 0010  K6NR           599  599  Dana 2380     K6NR     1  21039.7
 20CW  03-Jul-24 19:19 0011  EA6BF          599  599  Josep 3072             1  14034.4
 20CW  03-Jul-24 19:20 0012  LY2MM          599  599  AL 3532       LY2MM    1  14036.4
 20CW  03-Jul-24 19:22 0013  SN5N           599  599  Chris SP      SN5N     1  14033.0
 20CW  03-Jul-24 19:23 0014  8E1YB          599  599  599           8E1YB    1  14030.0
 20CW  03-Jul-24 19:24 0015  N3RD           599  599  Dave 232      N3RD     1  14029.7
 20CW  03-Jul-24 19:25 0016  DK9PY          599  599  Armin 2062    DK9PY    1  14029.0
 20CW  03-Jul-24 19:26 0017  OH1SIC         599  599  GI 2094       OH1SIC   1  14028.5
 20CW  03-Jul-24 19:27 0018  EA3FZT         599  599  Francis 2560  EA3FZT   1  14027.9
 20CW  03-Jul-24 19:27 0019  K3WW           599  599  Chas 178      K3WW     1  14031.3
 20CW  03-Jul-24 19:28 0020  N1LN           599  599  Bruce 1141    N1LN     1  14032.5
 20CW  03-Jul-24 19:28 0021  N4IQ           599  599  Bill 1610     N4IQ     1  14033.2
 20CW  03-Jul-24 19:29 0022  KE4KY          599  599  Tom 1763      KE4KY    1  14033.7
 20CW  03-Jul-24 19:30 0023  EA6EJ          599  599  INI 3276      EA6EJ    1  14035.5
 20CW  03-Jul-24 19:32 0024  N4BA           599  599  Fred 2221     N4BA     1  14036.8
 20CW  03-Jul-24 19:33 0025  AA3B           599  599  Bud 242       AA3B     1  14038.1
 40CW  03-Jul-24 19:34 0026  SD1A           599  599  Eric 1718     SD1A     1   7031.0
 40CW  03-Jul-24 19:35 0027  OZ1AAR         599  599  Villy 2694    OZ1AAR   1   7029.7
 40CW  03-Jul-24 19:36 0028  G0TRT          599  599  Cie 3429      G0TRT    1   7036.4
 20CW  03-Jul-24 19:37 0029  KR3E           599  599  Ed 133        KR3E     1  14037.0
 20CW  03-Jul-24 19:39 0030  AD8J           599  599  John 1395     AD8J     1  14053.3
 20CW  03-Jul-24 19:40 0031  9A1AA          599  599  Ivo 2447      9A1AA    1  14052.4
 20CW  03-Jul-24 19:40 0032  F5SGI          599  599  Jean 2532     F5SGI    1  14050.8
 20CW  03-Jul-24 19:41 0033  SF1Z           599  599  Jens 2237     SF1Z     1  14049.7
 20CW  03-Jul-24 19:43 0034  G3LHJ          599  599  Derrick 3048  G3LHJ    1  14048.7
 20CW  03-Jul-24 19:44 0035  AA4GA          599  599  Lee 973       AA4GA    1  14048.4
 20CW  03-Jul-24 19:47 0036  KR2Q           599  599  Doug 438      KR2Q     1  14047.6
 20CW  03-Jul-24 19:47 0037  VE3EJ          599  599  John 513               1  14045.4
 20CW  03-Jul-24 19:48 0038  K3MD           599  599  John 750      K3MD     1  14044.7
 20CW  03-Jul-24 19:48 0039  PA3AAV         599  599  Gert 2624     PA3AAV   1  14043.3
 20CW  03-Jul-24 19:50 0040  SV1SXV         599  599  2802          SV1SXV   1  14037.6
 20CW  03-Jul-24 19:52 0041  SN7Q           599  599  CHRIS SP               1  14035.2
 40CW  03-Jul-24 19:53 0042  SM5IMO         599  599  Dan 1854      SM5IMO   1   7028.4
 40CW  03-Jul-24 19:53 0043  EA2KV          599  599  JC 2845       EA2KV    1   7027.0
 40CW  03-Jul-24 19:55 0044  OK2IW          599  599  Swat 3111     OK2IW    1   7023.8
 40CW  03-Jul-24 19:55 0045  PA3AAV         599  599  Gert 2624              1   7039.1
 40CW  03-Jul-24 19:56 0046  G4PFZ          599  599  John 2777     G4PFZ    1   7037.5
 40CW  03-Jul-24 19:57 0047  EA3FZT         599  599  Francis 2560           1   7035.9
 40CW  03-Jul-24 19:57 0048  HA6NL          599  599  Laci 3400     HA6NL    1   7034.4
 40CW  03-Jul-24 19:58 0049  G4RWD          599  599  Ken 2126      G4RWD    1   7033.4
