 15CW  10-Aug-24 15:54 0001  W1WEF          599  599  131           K        5  21025.0
 15CW  10-Aug-24 15:57 0002  N3RS           599  599  151                    5  21025.0
 15CW  10-Aug-24 16:02 0003  ND7K           599  599  803                    5  21001.3
 15CW  10-Aug-24 16:02 0004  KC1XX          599  599  1052                   5  21001.3
 15CW  10-Aug-24 16:03 0005  K5ZD           599  599  1085                   5  21001.3
 15CW  10-Aug-24 16:06 0006  WQ6X           599  599  79                     5  21003.8
 15CW  10-Aug-24 16:07 0007  W7VJ           599  599  186                    5  21004.8
 15CW  10-Aug-24 16:13 0008  K6XX           599  599  471                    5  21005.3
 15CW  10-Aug-24 16:14 0009  KU2C           599  599  62                     5  21005.3
 15CW  10-Aug-24 16:15 0010  WA7NB          599  599  156                    5  21006.2
 15CW  10-Aug-24 16:16 0011  K0EJ           599  599  857                    5  21007.2
 15CW  10-Aug-24 16:26 0012  K1MK           599  599  327                    5  21010.0
 15CW  10-Aug-24 16:31 0013  KU2M           599  599  182                    5  21012.8
 15CW  10-Aug-24 16:33 0014  N9RV           599  599  545                    5  21013.5
 15CW  10-Aug-24 16:35 0015  W9KKN          599  599  461                    5  21019.1
 15CW  10-Aug-24 16:39 0016  UP0L           599  599  1054          UN       5  21024.9
 15CW  10-Aug-24 16:41 0017  K3WW           599  599  443                    5  21014.1
 15CW  10-Aug-24 16:48 0018  TI7W           599  599  1112          TI       5  21003.0
 15CW  10-Aug-24 16:50 0019  N8UM           599  599  280                    5  21003.9
 20CW  10-Aug-24 16:50 0020  4Z4AK          599  599  703           4X       5  14025.0
 15CW  10-Aug-24 19:52 0021  N9NB           599  599  445                    5  21004.2
 15CW  10-Aug-24 20:04 0022  CT9ABO         599  599  1416          CT3      5  21013.0
 15CW  10-Aug-24 20:05 0023  W1CSM          599  599  323                    5  21014.9
 15CW  10-Aug-24 20:07 0024  CB3A           599  599  444           CE       5  21017.5
