 40SSB 24-Feb-24 16:44 0001  F4GQP          59   59   18            F        3   7061.0
 40SSB 24-Feb-24 16:45 0002  TM1HR          59   59   68                     3   7064.9
 40SSB 24-Feb-24 16:47 0003  F6GCT          59   59   77                     3   7058.8
 40SSB 24-Feb-24 16:51 0004  F5PSS          59   59   19                     3   7074.0
 40SSB 24-Feb-24 16:52 0005  F8ATS          59   59   91                     3   7080.5
 40SSB 24-Feb-24 16:55 0006  F4EMI          59   59   85                     3   7088.0
 40SSB 24-Feb-24 16:57 0007  F6BYJ          59   59   16                     3   7093.6
 40SSB 24-Feb-24 17:01 0008  F8KGZ          59   59   54                     3   7107.0
 40SSB 24-Feb-24 17:03 0009  F4KLR          59   59   62                     3   7109.0
 40SSB 24-Feb-24 17:07 0010  F5KMB          59   59   60                     3   7116.0
 40SSB 24-Feb-24 17:08 0011  TM6Y           59   59   46                     3   7118.0
 40SSB 24-Feb-24 17:09 0012  TM0P           59   59   75                     3   7120.0
 40SSB 24-Feb-24 17:13 0013  F8FUA          59   59   46                     3   7132.2
 40SSB 24-Feb-24 17:16 0014  F6REF          59   59   00                     3   7139.0
 40SSB 24-Feb-24 17:18 0015  F6FMX          59   59   07                     3   7141.6
 40SSB 24-Feb-24 17:19 0016  F6FTB          59   59   21                     3   7143.8
 40SSB 24-Feb-24 17:21 0017  TM5W           59   59   63                     3   7145.5
 40SSB 24-Feb-24 17:22 0018  F5PWK          59   59   69                     3   7150.0
 40SSB 24-Feb-24 17:30 0019  F5FJU          59   59   58                     3   7158.0
 40SSB 24-Feb-24 17:31 0020  F8CHM          59   59   37                     3   7160.0
 40SSB 24-Feb-24 18:03 0021  F5KKD          59   59   93                     3   7169.9
 40SSB 24-Feb-24 18:05 0022  F4IYO          59   59   24                     3   7171.5
 40SSB 24-Feb-24 18:09 0023  F6FWQ          59   59   86                     3   7176.5
 40SSB 24-Feb-24 18:13 0024  F4CTJ          59   59   76                     3   7183.8
 40SSB 24-Feb-24 18:14 0025  F5PGP/P        59   59   06                     3   7185.1
 40SSB 24-Feb-24 18:15 0026  F4KNS          59   59   28                     3   7188.0
 40SSB 24-Feb-24 18:18 0027  TM50KRK        59   59   78                     3   7191.0
 40SSB 24-Feb-24 18:25 0028  F1RHS          59   59   82                     3   7199.0
 40SSB 24-Feb-24 18:28 0029  F6KSD          59   59   25                     3   7196.5
 40SSB 24-Feb-24 18:29 0030  F5NIB          59   59   36                     3   7175.5
 40SSB 24-Feb-24 18:30 0031  F4HEC          59   59   37                     3   7173.0
 40SSB 24-Feb-24 19:15 0032  F6KLO          59   59   19                     3   7168.7
 80SSB 24-Feb-24 20:02 0033  TM50KRK        59   59   78            F        3   3744.0
 80SSB 24-Feb-24 20:03 0034  F8KCF          59   59   74                     3   3743.0
 80SSB 24-Feb-24 20:05 0035  F4KJP          59   59   08                     3   3734.2
 80SSB 24-Feb-24 20:05 0036  TM4P           59   59   38                     3   3731.0
 80SSB 24-Feb-24 20:08 0037  F4EKQ          59   59   86                     3   3726.6
 80SSB 24-Feb-24 20:11 0038  F4AIF          59   59   01                     3   3713.0
 80SSB 24-Feb-24 20:12 0039  TM3RH          59   59   57                     3   3707.9
 80SSB 24-Feb-24 20:13 0040  F4IFF          59   59   37                     3   3707.0
 80SSB 24-Feb-24 20:15 0041  F4CWN          59   59   32                     3   3702.4
 80SSB 24-Feb-24 20:18 0042  F4CTJ          59   59   76                     3   3700.0
 80SSB 24-Feb-24 20:20 0043  F6GCT          59   59   77                     3   3698.0
 80SSB 24-Feb-24 20:25 0044  F6CQU          59   59   19                     3   3686.7
 80SSB 24-Feb-24 20:31 0045  F5ASO          59   59   52                     3   3678.0
 80SSB 24-Feb-24 20:33 0046  F6APE          59   59   49                     3   3672.1
 80SSB 24-Feb-24 20:37 0047  F6KSD          59   59   25                     3   3668.0
 80SSB 24-Feb-24 20:39 0048  F8KHN          59   59   76                     3   3665.0
 80SSB 24-Feb-24 20:44 0049  F8EMH          59   59   54                     3   3647.6
 80SSB 24-Feb-24 20:47 0050  TM2RJ          59   59   45                     3   3640.8
 80SSB 24-Feb-24 20:52 0051  TM4K           59   59   03                     3   3632.0
 80SSB 24-Feb-24 20:53 0052  F4HQB          59   59   62                     3   3623.0
 80SSB 24-Feb-24 20:55 0053  F6GOE          59   59   19                     3   3619.5
 80SSB 24-Feb-24 20:59 0054  F4KLR          59   59   52                     3   3612.0
 80SSB 24-Feb-24 21:02 0055  F5NIB          59   59   36                     3   3608.0
 80SSB 24-Feb-24 21:03 0056  F5TLZ          59   59   54                     3   3606.0
 80SSB 24-Feb-24 21:07 0057  F4ENJ/P        59   59   15                     3   3773.1
 80SSB 24-Feb-24 21:12 0058  F6KJU          59   59   59                     3   3759.5
 80SSB 24-Feb-24 21:15 0059  F1AGR          59   59   46                     3   3748.0
 80SSB 24-Feb-24 21:19 0060  F4BIT          59   59   54                     3   3707.1
