 40CW  30-Dec-24 16:53 0001  SP2XX          599  599  32            SP       3   7014.1
 40CW  30-Dec-24 16:53 0002  DF7YE          599  599  41            DL       2   7014.1
 40CW  30-Dec-24 16:54 0003  DR2C           599  599  45                     2   7014.1
 40CW  30-Dec-24 16:54 0004  ES3RF          599  599  77            ES       3   7014.1
 40CW  30-Dec-24 16:56 0005  M4N            599  599  42            G        3   7014.1
 40CW  30-Dec-24 16:58 0006  DL8TG          599  599  34                     2   7014.1
 40CW  30-Dec-24 17:00 0007  OM5CM          599  599  45            OM       3   7014.1
 40CW  30-Dec-24 17:01 0008  OK1DSZ         599  599  57            OK       3   7014.1
 40CW  30-Dec-24 17:02 0009  HA6QU          599  599  000           HA       3   7014.1
 40CW  30-Dec-24 17:03 0010  DF4ZL          599  599  5                      2   7014.1
 40CW  30-Dec-24 17:03 0011  SN5N           599  599  56                     3   7014.1
 40CW  30-Dec-24 17:04 0012  OK4RQ          599  599  43                     3   7014.1
 40CW  30-Dec-24 17:04 0013  HA5MA          599  599  44                     3   7014.1
 40CW  30-Dec-24 17:04 0014  PA2TA          599  599  40            PA       3   7014.1
 40CW  30-Dec-24 17:07 0015  OM4AY          599  599  36                     3   7014.1
 40CW  30-Dec-24 17:07 0016  OG6B           599  599  24            OH       3   7014.1
 40CW  30-Dec-24 17:08 0017  LY2J           599  599  71            LY       3   7014.1
 40CW  30-Dec-24 17:09 0018  SP9KJU         599  599  62                     3   7014.1
 40CW  30-Dec-24 17:09 0019  DK2BK          599  599  24                     2   7014.1
 40CW  30-Dec-24 17:10 0020  DK2MU          599  599  70                     2   7014.1
 40CW  30-Dec-24 17:11 0021  OK5D           599  599  65                     3   7014.1
 40CW  30-Dec-24 17:11 0022  DL1RPR         599  599  75                     2   7014.1
 40CW  30-Dec-24 17:12 0023  HA7MF          599  599  73                     3   7014.1
 40CW  30-Dec-24 17:13 0024  OK2VX          599  599  43                     3   7014.1
 40CW  30-Dec-24 17:13 0025  IK4DRU         599  599  72            I        3   7014.1
 40CW  30-Dec-24 17:15 0026  F4DKW          599  599  000           F        3   7014.1
 40CW  30-Dec-24 17:15 0027  DJ0SP          599  599  000                    2   7014.1
 80CW  30-Dec-24 17:17 0028  DM7W           599  599  74            DL       2   3523.7
 80CW  30-Dec-24 17:18 0029  OL4W           599  599  58            OK       3   3523.7
 80CW  30-Dec-24 17:19 0030  DM8T           599  599  44                     2   3523.7
 80CW  30-Dec-24 17:19 0031  OE6VIE         599  599  1             OE       3   3523.7
 80CW  30-Dec-24 17:19 0032  DF7YE          599  599  83                     2   3523.7
 80CW  30-Dec-24 17:20 0033  DL1DWR         599  599  44                     2   3523.7
 80CW  30-Dec-24 17:21 0034  SP3MEP         599  599  69            SP       3   3523.7
 80CW  30-Dec-24 17:22 0035  DL8QS          599  599  92                     2   3523.7
 80CW  30-Dec-24 17:23 0036  SP2QG          599  599  67                     3   3523.7
 80CW  30-Dec-24 17:25 0037  OK1AY          599  599  68                     3   3523.7
 80CW  30-Dec-24 17:26 0038  OK1TD          599  599  57                     3   3523.7
 80CW  30-Dec-24 17:27 0039  DJ9MH          599  599  88                     2   3523.7
 80CW  30-Dec-24 17:29 0040  OM5B           599  599  119           OM       3   3523.7
 80CW  30-Dec-24 17:30 0041  SP3CW          599  599  71                     3   3523.7
