 40CW  30-Jun-25 16:30 0001  S53F           599  599  1             S5       3   7016.5
 40CW  30-Jun-25 16:31 0002  SN1T           599  599  3             SP       3   7016.1
 40CW  30-Jun-25 16:31 0003  OK2CW          599  599  2             OK       3   7016.1
 40CW  30-Jun-25 16:31 0004  SP3MEP         599  599  4                      3   7016.1
 40CW  30-Jun-25 16:32 0005  OK2BFN         599  599  6                      3   7016.1
 40CW  30-Jun-25 16:32 0006  OK2EA          599  599  4                      3   7016.1
 40CW  30-Jun-25 16:33 0007  SP9OUV         599  599  5                      3   7016.1
 40CW  30-Jun-25 16:33 0008  M4N            599  599  7             G        3   7016.1
 40CW  30-Jun-25 16:34 0009  SP2XX          599  599  9                      3   7016.1
 40CW  30-Jun-25 16:35 0010  OK1RZ          599  599  6                      3   7016.1
 40CW  30-Jun-25 16:35 0011  OK2GG          599  599  7                      3   7016.1
 40CW  30-Jun-25 16:35 0012  OM4WM          599  599  8             OM       3   7016.1
 40CW  30-Jun-25 16:36 0013  OK1TD          599  599  5                      3   7016.1
 40CW  30-Jun-25 16:36 0014  OK1FMX         599  599  9                      3   7016.1
 40CW  30-Jun-25 16:37 0015  SP1JXJ         599  599  9                      3   7016.1
 40CW  30-Jun-25 16:38 0016  OK2NAJ         599  599  14                     3   7016.1
 40CW  30-Jun-25 16:38 0017  OK1KKI         599  599  8                      3   7016.1
 40CW  30-Jun-25 16:39 0018  OK6OK          599  599  5                      3   7016.1
 40CW  30-Jun-25 16:41 0019  OH1SIC         599  599  13            OH       3   7016.1
 40CW  30-Jun-25 16:41 0020  OK1DSZ         599  599  11                     3   7016.1
 40CW  30-Jun-25 16:42 0021  OK1ITK         599  599  5                      3   7016.1
 40CW  30-Jun-25 16:42 0022  HG5E           599  599  33            HA       3   7016.1
 40CW  30-Jun-25 16:43 0023  HA6NL          599  599  28                     3   7016.1
 40CW  30-Jun-25 16:43 0024  UT4LW          599  599  31            UR       3   7016.1
 40CW  30-Jun-25 16:44 0025  S51J           599  599  14                     3   7016.1
 40CW  30-Jun-25 16:44 0026  HA1AS          599  599  12                     3   7016.1
 40CW  30-Jun-25 16:44 0027  HB9HTF         599  599  26            HB       3   7016.1
 40CW  30-Jun-25 16:45 0028  YU1XO          599  599  26            YU       3   7016.1
 40CW  30-Jun-25 16:46 0029  OZ7BQ          599  599  18            OZ       3   7016.1
 40CW  30-Jun-25 16:46 0030  IU3BRO         599  599  9             I        3   7016.1
 40CW  30-Jun-25 16:47 0031  SO3O           599  599  26                     3   7016.1
 40CW  30-Jun-25 16:48 0032  OM5ZW          599  599  46                     3   7016.1
 40CW  30-Jun-25 16:49 0033  OH3MZ          599  599  22                     3   7016.1
 40CW  30-Jun-25 16:49 0034  OK2VX          599  599  16                     3   7016.1
 40CW  30-Jun-25 16:50 0035  OK2GU          599  599  8                      3   7016.1
 40CW  30-Jun-25 16:50 0036  OK2PYA         599  599  25                     3   7016.1
 40CW  30-Jun-25 16:50 0037  OK1OA          599  599  37                     3   7016.1
 40CW  30-Jun-25 16:51 0038  G0TRT          599  599  21                     3   7016.1
 40CW  30-Jun-25 16:52 0039  OM2KI          599  599  50                     3   7016.1
 40CW  30-Jun-25 16:52 0040  SE6K           599  599  16            SM       3   7016.1
 40CW  30-Jun-25 16:53 0041  SD1A           599  599  40                     3   7012.5
 40CW  30-Jun-25 16:54 0042  OM3FW          599  599  41                     3   7018.1
 40CW  30-Jun-25 16:55 0043  PA3AAV         599  599  68            PA       3   7021.1
 40CW  30-Jun-25 16:55 0044  LZ5DI          599  599  66            LZ       3   7021.4
 40CW  30-Jun-25 16:56 0045  PC0A           599  599  58                     3   7022.7
 40CW  30-Jun-25 16:56 0046  OK1TN          599  599  20                     3   7023.5
 40CW  30-Jun-25 16:57 0047  SD6F           599  599  39                     3   7023.9
 40CW  30-Jun-25 16:57 0048  OM5CM          599  599  1                      3   7024.5
 40CW  30-Jun-25 16:58 0049  SE5T           599  599  35                     3   7025.1
 40CW  30-Jun-25 16:58 0050  DJ9SN          599  599  28            DL       2   7026.4
 40CW  30-Jun-25 16:59 0051  IK5TBK         599  599  27                     3   7027.0
 40CW  30-Jun-25 17:00 0052  RX3Q           599  599  34            UA       3   7027.6
 40CW  30-Jun-25 17:01 0053  HB9BXE         599  599  61                     3   7028.9
 40CW  30-Jun-25 17:04 0054  OK2ON          599  599  17                     3   7028.1
 40CW  30-Jun-25 17:05 0055  HA5BMS         599  599  55                     3   7028.1
 40CW  30-Jun-25 17:07 0056  DJ9MH          599  599  44                     2   7028.1
 40CW  30-Jun-25 17:07 0057  OK2QA          599  599  44                     3   7028.1
 40CW  30-Jun-25 17:07 0058  DA0BCC         599  599  47                     2   7028.1
 40CW  30-Jun-25 17:08 0059  SD6M           599  599  52                     3   7028.1
 40CW  30-Jun-25 17:09 0060  ON4EM          599  599  68            ON       3   7028.1
 40CW  30-Jun-25 17:09 0061  DL2OE          599  599  13                     2   7028.1
 40CW  30-Jun-25 17:11 0062  DJ9SN          599  599  35                     0   7028.1
 40CW  30-Jun-25 17:11 0063  OK2SFP         599  599  18                     3   7028.1
 40CW  30-Jun-25 17:11 0064  SP3EFD         599  599  17                     3   7028.1
 40CW  30-Jun-25 17:12 0065  OK1IBP         599  599  47                     3   7028.1
 40CW  30-Jun-25 17:12 0066  SP8BXL         599  599  41                     3   7028.1
 40CW  30-Jun-25 17:13 0067  DA3T           599  599  36                     2   7028.1
 40CW  30-Jun-25 17:14 0068  RX3QNE         599  599  46                     3   7028.1
 40CW  30-Jun-25 17:15 0069  HA5MA          599  599  67                     3   7028.1
 40CW  30-Jun-25 17:15 0070  RV6HV          599  599  51                     3   7028.1
 40CW  30-Jun-25 17:16 0071  OG6B           599  599  45                     3   7028.1
 40CW  30-Jun-25 17:16 0072  DL1SAN         599  599  11                     2   7028.1
 40CW  30-Jun-25 17:19 0073  HB9DAX         599  599  21                     3   7028.1
 40CW  30-Jun-25 17:20 0074  OK5M           599  599  74                     3   7028.1
 40CW  30-Jun-25 17:20 0075  9A3SM          599  599  11            9A       3   7028.1
 40CW  30-Jun-25 17:21 0076  SP2QG          599  599  80                     3   7028.1
 40CW  30-Jun-25 17:21 0077  DL4ME          599  599  71                     2   7028.1
 40CW  30-Jun-25 17:22 0078  HA6NL          599  599  79                     0   7028.1
 40CW  30-Jun-25 17:23 0079  E77EA          599  599  27            E7       3   7022.0
 40CW  30-Jun-25 17:24 0080  DQ9L           599  599  56                     2   7022.4
 40CW  30-Jun-25 17:25 0081  OK5D           599  599  70                     3   7019.1
 40CW  30-Jun-25 17:25 0082  DR2C           599  599  81                     2   7019.4
 40CW  30-Jun-25 17:26 0083  DF2RQ          599  599  58                     2   7016.1
 40CW  30-Jun-25 17:27 0084  SF6J           599  599  63                     3   7021.6
 40CW  30-Jun-25 17:29 0085  OK5NZ          599  599  63                     3   7031.0
 40CW  30-Jun-25 17:29 0086  OK1AMX         599  599  45                     3   7031.7
