 10CW  22-Jan-25 13:03 0001  VU2TMP         599  599  1             VU2TMP   1  28027.0
 15CW  22-Jan-25 13:06 0002  SE5V           599  599  Claes 1849    SE5V     1  21018.3
 15CW  22-Jan-25 13:21 0003  DK9PY          599  599  Armin 2062    DK9PY    1  21028.0
 15CW  22-Jan-25 13:22 0004  DM4G           599  599  Klaus 2524    DM4G     1  21028.6
 15CW  22-Jan-25 13:23 0005  IK3VUT         599  599  Luca 3241     IK3VUT   1  21031.9
 15CW  22-Jan-25 13:24 0006  OH7CW          599  599  Panu 1559     OH7CW    1  21036.5
 15CW  22-Jan-25 13:24 0007  KR2Q           599  599  Doug 438      KR2Q     1  21025.8
 20CW  22-Jan-25 13:27 0008  SM6F           599  599  Lars 173      SM6F     1  14026.0
 20CW  22-Jan-25 13:29 0009  N3RD           599  599  Dave 232      N3RD     1  14026.9
 20CW  22-Jan-25 13:29 0010  SM5S           599  599  GI 2094       SM5S     1  14027.6
 20CW  22-Jan-25 13:31 0011  HA5BMS         599  599  Sandor 3372   HA5BMS   1  14028.5
 20CW  22-Jan-25 13:31 0012  OZ3SM          599  599  Steve 2361    OZ3SM    1  14029.1
 20CW  22-Jan-25 13:33 0013  MM2T           599  599  Phil 3456     MM2T     1  14034.5
 20CW  22-Jan-25 13:34 0014  OK2NAJ         599  599  Jiri 2740     OK2NAJ   1  14035.7
 20CW  22-Jan-25 13:35 0015  LY2MM          599  599  Al 3532       LY2MM    1  14036.9
 20CW  22-Jan-25 13:36 0016  OK5M           599  599  Vit 2499      OK5M     1  14037.4
 20CW  22-Jan-25 13:36 0017  AA3B           599  599  Bud 242       AA3B     1  14037.9
 40CW  22-Jan-25 13:42 0018  PA7RA          599  599  Rien 284      PA7RA    1   7018.9
 40CW  22-Jan-25 13:43 0019  OK5M           599  599  Vit 2499               1   7034.0
 40CW  22-Jan-25 13:43 0020  DK2FG          599  599  Peter DL      DK2FG    1   7035.0
 20CW  22-Jan-25 13:50 0021  MM0UMH         599  599  Les 3509      MM0UMH   1  14044.7
 20CW  22-Jan-25 13:50 0022  G4HLN          599  599  Larry 3073    G4HLN    1  14044.7
 20CW  22-Jan-25 13:51 0023  SF6J           599  599  Goran 3471    SF6J     1  14044.7
 20CW  22-Jan-25 13:52 0024  M0XUU          599  599  Pan 2895      M0XUU    1  14044.7
 20CW  22-Jan-25 13:53 0025  N4ZR           599  599  Pete 1277     N4ZR     1  14044.7
 20CW  22-Jan-25 13:54 0026  M0AGP          599  599  Mike 3246     M0AGP    1  14044.7
 20CW  22-Jan-25 13:55 0027  SF1Z           599  599  Jens 2237     SF1Z     1  14044.7
 20CW  22-Jan-25 13:56 0028  UX2HB          599  599  Waddy 2538    UX2HB    1  14044.7
 20CW  22-Jan-25 13:57 0029  9A2NB          599  599  ALND 9A       9A2NB    1  14044.7
 20CW  22-Jan-25 13:57 0030  G0OBQ          599  599  Gerry 3385    G0OBQ    1  14044.7
 20CW  22-Jan-25 13:58 0031  SC6O           599  599  Ben 3519      SC6O     1  14044.7
 20CW  22-Jan-25 13:58 0032  M4N            599  599  Mike 2511     M4N      1  14044.7
 20CW  22-Jan-25 13:59 0033  GW4J           599  599  Stew 919      GW4J     1  14044.7
