 40CW  27-Oct-25 16:31 0001  HA5MA          599  599  2             HA       3   7031.3
 40CW  27-Oct-25 16:31 0002  OK1TRJ         599  599  3             OK       3   7031.3
 40CW  27-Oct-25 16:32 0003  SK0QO          599  599  2             SM       3   7031.3
 40CW  27-Oct-25 16:32 0004  OK1TN          599  599  6                      3   7031.3
 40CW  27-Oct-25 16:33 0005  SQ1DNJ         599  599  3             SP       3   7031.3
 40CW  27-Oct-25 16:33 0006  OM3ZU          599  599  4             OM       3   7031.3
 40CW  27-Oct-25 16:33 0007  DF8TY          599  599  3             DL       2   7031.3
 40CW  27-Oct-25 16:34 0008  OZ1AAR         599  599  5             OZ       3   7031.3
 40CW  27-Oct-25 16:35 0009  DL1RTL         599  599  7                      2   7031.3
 40CW  27-Oct-25 16:35 0010  SN1T           599  599  16                     3   7031.3
 40CW  27-Oct-25 16:36 0011  OZ7BQ          599  599  8                      3   7031.3
 40CW  27-Oct-25 16:36 0012  OK2NAJ         599  599  13                     3   7031.3
 40CW  27-Oct-25 16:36 0013  SP4TKR         599  599  11                     3   7031.3
 40CW  27-Oct-25 16:37 0014  OK1FMX         599  599  15                     3   7031.3
 40CW  27-Oct-25 16:37 0015  OK1FKD         599  599  12                     3   7031.3
 40CW  27-Oct-25 16:38 0016  DL4ME          599  599  8                      2   7031.3
 40CW  27-Oct-25 16:38 0017  DM5I           599  599  9                      2   7031.3
 40CW  27-Oct-25 16:38 0018  RL3O           599  599  9             UA       3   7031.3
 40CW  27-Oct-25 16:39 0019  SP7N           599  599  17                     3   7031.3
 40CW  27-Oct-25 16:40 0020  SN5N           599  599  23                     3   7031.3
 40CW  27-Oct-25 16:40 0021  IU4JNR         599  599  21            I        3   7031.3
 40CW  27-Oct-25 16:40 0022  S51J           599  599  17            S5       3   7031.3
 40CW  27-Oct-25 16:41 0023  DJ3WE          599  599  20                     2   7031.3
 40CW  27-Oct-25 16:41 0024  OK5WA          599  599  22                     3   7031.3
 40CW  27-Oct-25 16:41 0025  DF1DT          599  599  21                     2   7031.3
 40CW  27-Oct-25 16:42 0026  DL1SAN         599  599  5                      2   7031.3
 40CW  27-Oct-25 16:42 0027  DM7W           599  599  28                     2   7031.3
 40CW  27-Oct-25 16:43 0028  DJ9MH          599  599  24                     2   7031.3
 40CW  27-Oct-25 16:43 0029  OM5CM          599  599  27                     3   7031.3
 40CW  27-Oct-25 16:43 0030  OM3TVI         599  599  11                     3   7031.3
 40CW  27-Oct-25 16:44 0031  SM9F           599  599  9                      3   7031.3
 40CW  27-Oct-25 16:44 0032  DL7YS          599  599  23                     2   7031.3
 40CW  27-Oct-25 16:45 0033  OL4W           599  599  30                     3   7031.3
 40CW  27-Oct-25 16:45 0034  DF7TS          599  599  19                     2   7031.3
 40CW  27-Oct-25 16:45 0035  SP2MKI         599  599  14                     3   7031.3
 40CW  27-Oct-25 16:46 0036  DL1BUG         599  599  26                     2   7031.3
 40CW  27-Oct-25 16:46 0037  DR3W           599  599  34                     2   7031.3
 40CW  27-Oct-25 16:47 0038  M4N            599  599  23            G        3   7031.3
 40CW  27-Oct-25 16:47 0039  DA3T           599  599  25                     2   7031.3
 40CW  27-Oct-25 16:47 0040  OK5SA          599  599  20                     3   7031.3
 40CW  27-Oct-25 16:48 0041  SP2HHX         599  599  10                     3   7031.3
 40CW  27-Oct-25 16:48 0042  HA1A           599  599  38                     3   7031.3
 40CW  27-Oct-25 16:49 0043  OG6B           599  599  29            OH       3   7031.3
 40CW  27-Oct-25 16:49 0044  DK1AX          599  599  26                     2   7031.3
 40CW  27-Oct-25 16:49 0045  DF2RQ          599  599  30                     2   7031.3
 40CW  27-Oct-25 16:50 0046  PC0A           599  599  41            PA       3   7029.6
 40CW  27-Oct-25 16:51 0047  OK5NZ          599  599  36                     3   7028.5
 40CW  27-Oct-25 16:51 0048  OK1KKI         599  599  50                     3   7027.5
 40CW  27-Oct-25 16:52 0049  DK4DS          599  599  30                     2   7027.2
 40CW  27-Oct-25 16:52 0050  DJ9KH          599  599  53                     2   7026.4
 40CW  27-Oct-25 16:53 0051  OK5D           599  599  57                     3   7026.0
 40CW  27-Oct-25 16:53 0052  OK1RKS         599  599  42                     3   7024.7
 40CW  27-Oct-25 16:54 0053  DL5YM          599  599  43                     2   7024.3
 40CW  27-Oct-25 16:54 0054  DA0BCC         599  599  51                     2   7023.1
 40CW  27-Oct-25 16:55 0055  OM3CW          599  599  47                     3   7022.2
 40CW  27-Oct-25 16:55 0056  PA3AAV         599  599  65                     3   7020.5
 40CW  27-Oct-25 16:56 0057  SP4G           599  599  56                     3   7019.8
 40CW  27-Oct-25 16:56 0058  DF8V           599  599  38                     2   7020.1
 40CW  27-Oct-25 16:57 0059  EU1DC          599  599  39            EU       3   7019.2
 40CW  27-Oct-25 16:57 0060  DL3KWF         599  599  44                     2   7018.8
 40CW  27-Oct-25 16:58 0061  OK1OA          599  599  57                     3   7018.4
 40CW  27-Oct-25 16:58 0062  YU1XO          599  599  37            YU       3   7018.1
 40CW  27-Oct-25 16:59 0063  IK5MEL         599  599  47                     3   7017.4
 40CW  27-Oct-25 16:59 0064  DM5EE          599  599  75                     2   7017.0
 40CW  27-Oct-25 17:00 0065  SM5IMO         599  599  56                     3   7016.6
 40CW  27-Oct-25 17:01 0066  SP2XX          599  599  62                     3   7015.4
 40CW  27-Oct-25 17:01 0067  SM5ACQ         599  599  62                     3   7015.0
 40CW  27-Oct-25 17:01 0068  SD6F           599  599  58                     3   7014.1
 40CW  27-Oct-25 17:02 0069  EA3X           599  599  61            EA       3   7013.5
 40CW  27-Oct-25 17:02 0070  PA3DBS         599  599  55                     3   7012.5
 40CW  27-Oct-25 17:03 0071  OK5M           599  599  67                     3   7012.1
 40CW  27-Oct-25 17:03 0072  OK5TFC         599  599  47                     3   7011.2
 40CW  27-Oct-25 17:03 0073  DR2C           599  599  81                     2   7010.6
 40CW  27-Oct-25 17:05 0074  SP3CW          599  599  68                     3   7014.5
 40CW  27-Oct-25 17:05 0075  S53F           599  599  79                     3   7014.5
 40CW  27-Oct-25 17:05 0076  SN7J           599  599  49                     3   7014.5
 40CW  27-Oct-25 17:05 0077  OK1RZ          599  599  75                     3   7014.5
 40CW  27-Oct-25 17:06 0078  OK7NV          599  599  36                     3   7014.5
 40CW  27-Oct-25 17:06 0079  SP3VT          599  599  65                     3   7014.5
 40CW  27-Oct-25 17:07 0080  OK2PYA         599  599  68                     3   7014.5
 40CW  27-Oct-25 17:08 0081  RX3Q           599  599  61                     3   7014.5
 40CW  27-Oct-25 17:09 0082  OK1NU          599  599  54                     3   7013.1
 40CW  27-Oct-25 17:10 0083  YU1RA          599  599  21                     3   7013.9
 40CW  27-Oct-25 17:11 0084  OH3MZ          599  599  51                     3   7010.7
 40CW  27-Oct-25 17:11 0085  G3BOY          599  599  37                     3   7019.4
 80CW  27-Oct-25 17:12 0086  DL8QS          599  599  71            DL       2   3530.5
 80CW  27-Oct-25 17:13 0087  DR3W           599  599  86                     2   3531.2
 80CW  27-Oct-25 17:14 0088  OK2EA          599  599  88            OK       3   3535.0
 80CW  27-Oct-25 17:15 0089  OK2BFN         599  599  84                     3   3536.6
 80CW  27-Oct-25 17:16 0090  DM5I           599  599  99                     2   3527.6
 80CW  27-Oct-25 17:16 0091  DJ9MH          599  599  76                     2   3527.6
 80CW  27-Oct-25 17:16 0092  OK1AY          599  599  43                     3   3527.6
 80CW  27-Oct-25 17:17 0093  SN1T           599  599  118           SP       3   3527.6
 80CW  27-Oct-25 17:17 0094  DJ3WE          599  599  74                     2   3527.6
 80CW  27-Oct-25 17:18 0095  DR2C           599  599  108                    2   3527.6
 80CW  27-Oct-25 17:18 0096  DF7YE          599  599  91                     2   3527.6
 80CW  27-Oct-25 17:19 0097  HA5OV          599  599  84            HA       3   3527.6
 80CW  27-Oct-25 17:20 0098  OK1KKI         599  599  97                     3   3527.6
 80CW  27-Oct-25 17:20 0099  IU4JNR         599  599  74            I        3   3527.6
 80CW  27-Oct-25 17:20 0100  OK2PYA         599  599  92                     3   3527.6
 80CW  27-Oct-25 17:21 0101  DJ0SP          599  599  104                    2   3527.6
 80CW  27-Oct-25 17:21 0102  DL7YS          599  599  81                     2   3527.6
 80CW  27-Oct-25 17:22 0103  OK1FKD         599  599  56                     3   3527.6
 80CW  27-Oct-25 17:22 0104  SP3CW          599  599  98                     3   3527.6
 80CW  27-Oct-25 17:22 0105  OK5WA          599  599  94                     3   3527.6
 80CW  27-Oct-25 17:23 0106  SM0OEK         599  599  95            SM       3   3527.6
 80CW  27-Oct-25 17:24 0107  OK1TRJ         599  599  99                     3   3527.6
 80CW  27-Oct-25 17:24 0108  SM5IMO         599  599  93                     3   3527.6
 80CW  27-Oct-25 17:25 0109  SP2XX          599  599  105                    3   3527.6
 80CW  27-Oct-25 17:25 0110  DL1DWR         599  599  34                     2   3527.6
 80CW  27-Oct-25 17:26 0111  DL1RTL         599  599  89                     2   3527.6
 80CW  27-Oct-25 17:26 0112  DM7W           599  599  107                    2   3527.6
 80CW  27-Oct-25 17:27 0113  OK1USP         599  599  61                     3   3527.6
 80CW  27-Oct-25 17:27 0114  OK1FMX         599  599  73                     3   3527.6
 80CW  27-Oct-25 17:28 0115  SM5CSS         599  599  70                     3   3527.6
 80CW  27-Oct-25 17:28 0116  DF1DT          599  599  83                     2   3527.6
 80CW  27-Oct-25 17:29 0117  SN5N           599  599  130                    3   3527.6
 80CW  27-Oct-25 17:29 0118  I3VWK          599  599  35                     3   3527.6
 80CW  27-Oct-25 17:29 0119  G3BOY          599  599  69            G        3   3527.6
