 40CW  08-Dec-25 16:30 0001  OK5M           599  599  001                    1   7013.9
 40CW  08-Dec-25 16:31 0002  DR2C           599  599  003                    1   7015.3
 40CW  08-Dec-25 16:32 0003  SM5DXR         599  599  003                    1   7010.9
 40CW  08-Dec-25 16:32 0004  SQ6MIH         599  599  002                    1   7010.9
 40CW  08-Dec-25 16:32 0005  SP7N           599  599  003                    1   7010.9
 40CW  08-Dec-25 16:32 0006  OK2BFN         599  599  004                    1   7010.9
 40CW  08-Dec-25 16:33 0007  SP3JDZ         599  599  003                    1   7010.9
 40CW  08-Dec-25 16:33 0008  SP3VT          599  599  004                    1   7010.9
 40CW  08-Dec-25 16:34 0009  HB9HTF         599  599  007                    1   7010.9
 40CW  08-Dec-25 16:34 0010  OK2NAJ         599  599  010                    1   7010.9
 40CW  08-Dec-25 16:35 0011  OM4AY          599  599  006                    1   7010.9
 40CW  08-Dec-25 16:36 0012  SN1T           599  599  015                    1   7010.9
 40CW  08-Dec-25 16:37 0013  SM5ACQ         599  599  015                    1   7014.2
 40CW  08-Dec-25 16:38 0014  DL3KWF         599  599  003                    1   7015.0
 40CW  08-Dec-25 16:39 0015  HG5E           599  599  024                    1   7015.6
 40CW  08-Dec-25 16:39 0016  SD6F           599  599  022                    1   7015.9
 40CW  08-Dec-25 16:40 0017  SF6J           599  599  026                    1   7017.0
 40CW  08-Dec-25 16:43 0018  HA5MA          599  599  021                    1   7019.8
 40CW  08-Dec-25 16:43 0019  OM5ZW          599  599  042                    1   7020.9
 40CW  08-Dec-25 16:44 0020  E77EA          599  599  045                    1   7021.4
 40CW  08-Dec-25 16:44 0021  DJ0SP          599  599  033                    1   7021.9
 40CW  08-Dec-25 16:45 0022  IK5MEL         599  599  030                    1   7023.9
 40CW  08-Dec-25 16:46 0023  OK2QA          599  599  030                    1   7024.8
 40CW  08-Dec-25 16:46 0024  SO3O           599  599  022                    1   7025.3
 40CW  08-Dec-25 16:47 0025  HB9BXE         599  599  033                    1   7026.7
 40CW  08-Dec-25 16:48 0026  OM2KI          599  599  029                    1   7026.7
 40CW  08-Dec-25 16:48 0027  OM2KI          599  599  029                    0   7026.7
 40CW  08-Dec-25 16:49 0028  OM3CPF         599  599  023                    1   7026.7
 40CW  08-Dec-25 16:49 0029  OG6B           599  599  019                    1   7026.7
 40CW  08-Dec-25 16:50 0030  DM5I           599  599  035                    1   7026.7
 40CW  08-Dec-25 16:51 0031  DM5EE          599  599  032                    1   7026.7
 40CW  08-Dec-25 16:51 0032  OK1KKI         599  599  020                    1   7026.7
 40CW  08-Dec-25 16:51 0033  HA6NL          599  599  026                    1   7026.7
 40CW  08-Dec-25 16:51 0034  OM2ADM         599  599  030                    1   7026.7
 40CW  08-Dec-25 16:51 0035  SN5N           599  599  043                    1   7026.7
 40CW  08-Dec-25 16:52 0036  OM3TVI         599  599  012                    1   7026.7
 40CW  08-Dec-25 16:53 0037  HA2OS          599  599  023                    1   7026.7
 40CW  08-Dec-25 16:53 0038  SM5IMO         599  599  041                    1   7026.7
 40CW  08-Dec-25 16:54 0039  SP2MKI         599  599  022                    1   7026.7
 40CW  08-Dec-25 16:54 0040  IU5RLQ         599  599  004                    1   7026.7
 40CW  08-Dec-25 16:55 0041  HB9DBM         599  599  022                    1   7026.7
 40CW  08-Dec-25 16:55 0042  SP8BXL         599  599  025                    1   7026.7
 40CW  08-Dec-25 16:55 0043  DL4ME          599  599  034                    1   7026.7
 40CW  08-Dec-25 16:57 0044  DF7TS          599  599  022                    1   7026.7
 40CW  08-Dec-25 16:58 0045  SP2XX          599  599  047                    1   7026.7
 40CW  08-Dec-25 16:58 0046  DF7YE          599  599  056                    1   7026.7
 40CW  08-Dec-25 16:58 0047  PC0A           599  599  066                    1   7026.7
 40CW  08-Dec-25 16:59 0048  S53F           599  599  053                    1   7026.7
 80CW  08-Dec-25 17:00 0049  DA1DX          599  599  080                    1   3526.7
 80CW  08-Dec-25 17:02 0050  DA0BCC         599  599  055                    1   3531.9
 80CW  08-Dec-25 17:03 0051  SP3MEP         599  599  047                    1   3531.9
 80CW  08-Dec-25 17:03 0052  OK1AY          599  599  052                    1   3531.9
 80CW  08-Dec-25 17:03 0053  OK1AY          599  599  040                    0   3531.9
 80CW  08-Dec-25 17:04 0054  HA1WD          599  599  035                    1   3531.9
 80CW  08-Dec-25 17:04 0055  OK1IBP         599  599  032                    1   3531.9
 80CW  08-Dec-25 17:05 0056  OK1KKI         599  599  031                    1   3531.9
 80CW  08-Dec-25 17:05 0057  SP3JDZ         599  599  041                    1   3531.9
 80CW  08-Dec-25 17:05 0058  PA2TA          599  599  058                    1   3531.9
 80CW  08-Dec-25 17:06 0059  OK7NV          599  599  047                    1   3531.9
 80CW  08-Dec-25 17:07 0060  OM5ZW          599  599  094                    1   3531.9
 80CW  08-Dec-25 17:09 0061  OK2EA          599  599  048                    1   3530.0
 80CW  08-Dec-25 17:09 0062  SM5IMO         599  599  069                    1   3529.3
 80CW  08-Dec-25 17:11 0063  DL4ME          599  599  059                    1   3527.3
 80CW  08-Dec-25 17:12 0064  DF7YE          599  599  083                    1   3525.5
 80CW  08-Dec-25 17:14 0065  DM5I           599  599  086                    1   3524.7
 80CW  08-Dec-25 17:15 0066  OK1DOL         599  599  080                    1   3523.6
 80CW  08-Dec-25 17:15 0067  OK5WA          599  599  061                    1   3522.4
 80CW  08-Dec-25 17:16 0068  DR3W           599  599  047                    1   3521.5
 80CW  08-Dec-25 17:17 0069  DF8V           599  599  071                    1   3521.1
 80CW  08-Dec-25 17:18 0070  HA6NL          599  599  074                    1   3522.7
 80CW  08-Dec-25 17:18 0071  OK1NU          599  599  054                    1   3522.7
 80CW  08-Dec-25 17:18 0072  OK5FF          599  599  060                    1   3522.7
 80CW  08-Dec-25 17:19 0073  OM2KI          599  599  090                    1   3522.7
 80CW  08-Dec-25 17:19 0074  OM5KM          599  599  053                    1   3522.7
 80CW  08-Dec-25 17:19 0075  IU4JNR         599  599  076                    1   3522.7
 80CW  08-Dec-25 17:20 0076  OK1FMX         599  599  52                     1   3522.7
 80CW  08-Dec-25 17:20 0077  OK5WA          599  599  068                    0   3522.7
 80CW  08-Dec-25 17:20 0078  S53F           599  599  094                    1   3522.7
 80CW  08-Dec-25 17:21 0079  OK2BFN         599  599  085                    1   3522.7
 80CW  08-Dec-25 17:21 0080  DJ0SP          599  599  093                    1   3522.7
 80CW  08-Dec-25 17:21 0081  SO3O           599  599  073                    1   3522.7
 80CW  08-Dec-25 17:22 0082  DM5EE          599  599  080                    1   3522.7
 80CW  08-Dec-25 17:22 0083  DJ9MH          599  599  073                    1   3522.7
 80CW  08-Dec-25 17:22 0084  DL4MFM         599  599  054                    1   3522.7
 80CW  08-Dec-25 17:23 0085  OK1TN          599  599  093                    1   3522.7
 80CW  08-Dec-25 17:23 0086  OL4W           599  599  075                    1   3522.7
 80CW  08-Dec-25 17:24 0087  OK1JAX         599  599  076                    1   3522.7
 80CW  08-Dec-25 17:24 0088  OM2ADM         599  599  085                    1   3522.7
 80CW  08-Dec-25 17:24 0089  OK1TD          599  599  079                    1   3522.7
 80CW  08-Dec-25 17:25 0090  SM0OEK         599  599  095                    1   3522.7
 80CW  08-Dec-25 17:25 0091  DJ3WE          599  599  068                    1   3522.7
 80CW  08-Dec-25 17:25 0092  HA5MA          599  599  092                    1   3522.7
 80CW  08-Dec-25 17:26 0093  HB9BXE         599  599  092                    1   3522.7
 80CW  08-Dec-25 17:26 0094  SO5O           599  599  082                    1   3522.7
 80CW  08-Dec-25 17:26 0095  LY6A           599  599  106                    1   3522.7
 80CW  08-Dec-25 17:27 0096  SN1T           599  599  136                    1   3522.7
 80CW  08-Dec-25 17:27 0097  OK2PYA         599  599  085                    1   3522.7
 80CW  08-Dec-25 17:27 0098  OK1TRJ         599  599  075                    1   3522.7
 80CW  08-Dec-25 17:28 0099  DR2C           599  599  115                    1   3522.7
 80CW  08-Dec-25 17:29 0100  OK1FKD         599  599  052                    1   3522.7
