 40CW  15-Dec-25 16:30 0001  OK1RKS         599  599  001           S        1   7017.5
 40CW  15-Dec-25 16:31 0002  OM2KI          599  599  006           I        1   7017.2
 40CW  15-Dec-25 16:31 0003  OK1DSZ         599  599  002           Z        1   7016.9
 40CW  15-Dec-25 16:32 0004  OK1OA          599  599  006           A        1   7016.8
 40CW  15-Dec-25 16:33 0005  DK1KC          599  599  007           C        1   7016.3
 40CW  15-Dec-25 16:34 0006  OM5CM          599  599  005           M        1   7016.3
 40CW  15-Dec-25 16:34 0007  OK1FMX         599  599  005           X        1   7016.3
 40CW  15-Dec-25 16:34 0008  OK1TN          599  599  008           N        1   7016.3
 40CW  15-Dec-25 16:35 0009  OH3MZ          599  599  004                    1   7016.3
 40CW  15-Dec-25 16:35 0010  SN1T           599  599  014           T        1   7016.3
 40CW  15-Dec-25 16:35 0011  DJ1OJ          599  599  008           J        1   7016.3
 40CW  15-Dec-25 16:36 0012  OK2BFN         599  599  011                    1   7016.3
 40CW  15-Dec-25 16:37 0013  HA5MA          599  599  014                    1   7016.3
 40CW  15-Dec-25 16:37 0014  DL8TG          599  599  010           G        1   7016.3
 40CW  15-Dec-25 16:37 0015  OK2NO          599  599  008           O        1   7016.3
 40CW  15-Dec-25 16:38 0016  SP9OUV         599  599  009           V        1   7016.3
 40CW  15-Dec-25 16:38 0017  OK2ZV          599  599  012                    1   7016.3
 40CW  15-Dec-25 16:38 0018  SP3JDZ         599  599  006                    1   7016.3
 40CW  15-Dec-25 16:39 0019  DF1DT          599  599  015                    1   7016.3
 40CW  15-Dec-25 16:39 0020  OK2B           599  599  005           B        1   7016.3
 40CW  15-Dec-25 16:40 0021  LY6A           599  599  021                    1   7016.3
 40CW  15-Dec-25 16:41 0022  OK1TRJ         599  599  016                    1   7016.3
 40CW  15-Dec-25 16:41 0023  OK1TD          599  599  013           D        1   7016.3
 40CW  15-Dec-25 16:41 0024  S52W           599  599  028           W        1   7016.3
 40CW  15-Dec-25 16:41 0025  IU4JNR         599  599  026           R        1   7016.3
 40CW  15-Dec-25 16:42 0026  OK1FKD         599  599  011                    1   7016.3
 40CW  15-Dec-25 16:42 0027  DM1T           599  599  027                    1   7016.3
 40CW  15-Dec-25 16:43 0028  IN3FHE         599  599  004           E        1   7016.3
 40CW  15-Dec-25 16:43 0029  HA6NL          599  599  021           L        1   7016.3
 40CW  15-Dec-25 16:43 0030  DL2025C        599  599  015                    1   7016.3
 40CW  15-Dec-25 16:44 0031  DL2NBY         599  599  019           Y        1   7016.3
 40CW  15-Dec-25 16:44 0032  DL7AU          599  599  008           U        1   7016.3
 40CW  15-Dec-25 16:45 0033  HB9BXE         599  599  028                    1   7016.3
 40CW  15-Dec-25 16:45 0034  SP8BXL         599  599  026                    1   7016.3
 40CW  15-Dec-25 16:46 0035  DM6M           599  599  021                    1   7016.3
 40CW  15-Dec-25 16:46 0036  OK1FRJ         599  599  010                    1   7016.3
 40CW  15-Dec-25 16:46 0037  M4N            599  599  033                    1   7016.3
 40CW  15-Dec-25 16:47 0038  DL0YY          599  599  016                    1   7016.3
 40CW  15-Dec-25 16:47 0039  OM3CPF         599  599  025           F        1   7016.3
 40CW  15-Dec-25 16:48 0040  OK1RZ          599  599  035                    1   7016.3
 40CW  15-Dec-25 16:48 0041  RV6HV          599  599  025                    1   7016.3
 40CW  15-Dec-25 16:49 0042  SM5DXR         599  599  028                    1   7016.3
 40CW  15-Dec-25 16:50 0043  OK1KKI         599  599  030                    1   7016.3
 40CW  15-Dec-25 16:50 0044  OK2PYA         599  599  029                    1   7016.3
 40CW  15-Dec-25 16:50 0045  DJ9MH          599  599  015           H        1   7016.3
 40CW  15-Dec-25 16:51 0046  SP3VT          599  599  039                    1   7016.3
 40CW  15-Dec-25 16:51 0047  DJ3WE          599  599  033                    1   7016.3
 40CW  15-Dec-25 16:51 0048  OK1AMX         599  599  023                    1   7016.3
 40CW  15-Dec-25 16:52 0049  SO3O           599  599  034                    1   7016.3
 40CW  15-Dec-25 16:52 0050  SM5IMO         599  599  030                    1   7016.3
 40CW  15-Dec-25 16:53 0051  HB9CMW         599  599  022                    1   7016.3
 40CW  15-Dec-25 16:53 0052  DM7W           599  599  039                    1   7016.3
 40CW  15-Dec-25 16:53 0053  SM0OEK         599  599  053           K        1   7016.0
 40CW  15-Dec-25 16:54 0054  SM5ACQ         599  599  051           Q        1   7014.4
 40CW  15-Dec-25 16:54 0055  OM4AY          599  599  029                    1   7016.3
 40CW  15-Dec-25 16:55 0056  DR3W           599  599  048                    1   7016.3
 40CW  15-Dec-25 16:55 0057  SN5N           599  599  052                    1   7016.3
 40CW  15-Dec-25 16:55 0058  DJ4WT          599  599  027                    1   7016.3
 40CW  15-Dec-25 16:56 0059  OZ7BQ          599  599  028                    1   7016.3
 40CW  15-Dec-25 16:57 0060  DL4ME          599  599  046                    1   7016.3
 40CW  15-Dec-25 16:57 0061  HA5BA          599  599  023                    1   7016.3
 40CW  15-Dec-25 16:57 0062  SP2MKI         599  599  029                    1   7016.3
 40CW  15-Dec-25 16:58 0063  SQ6JNX         599  599  019                    1   7016.3
 40CW  15-Dec-25 16:58 0064  OG6B           599  599  036                    1   7016.3
 40CW  15-Dec-25 16:59 0065  HA5BMS         599  599  013                    1   7016.3
 40CW  15-Dec-25 16:59 0066  OK2PXX         599  599  016                    1   7016.3
 80CW  15-Dec-25 17:01 0067  DK1KC          599  599  050           C        1   3533.9
 80CW  15-Dec-25 17:02 0068  OK1AY          599  599  038           Y        1   3533.9
 80CW  15-Dec-25 17:02 0069  SP3MEP         599  599  041           P        1   3533.9
 80CW  15-Dec-25 17:02 0070  DM800KM        599  599  031           M        1   3533.9
 80CW  15-Dec-25 17:03 0071  DL1DWR         599  599  029           R        1   3533.9
 80CW  15-Dec-25 17:03 0072  DL1YCF         599  599  022           F        1   3533.9
 80CW  15-Dec-25 17:04 0073  SQ6MIH         599  599  037           H        1   3533.9
 80CW  15-Dec-25 17:04 0074  DR3W           599  599  067           W        1   3533.9
 80CW  15-Dec-25 17:05 0075  OK2ZV          599  599  047           V        1   3533.9
 80CW  15-Dec-25 17:05 0076  DL8QS          599  599  080           S        1   3533.9
 80CW  15-Dec-25 17:05 0077  DK3AX          599  599  018           X        1   3533.9
 80CW  15-Dec-25 17:06 0078  OL4W           599  599  048                    1   3533.9
 80CW  15-Dec-25 17:06 0079  OK1TRJ         599  599  052           J        1   3533.9
 80CW  15-Dec-25 17:07 0080  HA5MA          599  599  058           A        1   3533.9
 80CW  15-Dec-25 17:07 0081  OL8R           599  599  103                    1   3533.9
 80CW  15-Dec-25 17:07 0082  OK2BFN         599  599  056           N        1   3533.9
 80CW  15-Dec-25 17:08 0083  OK1IBP         599  599  049                    1   3533.9
 80CW  15-Dec-25 17:09 0084  OK1FMX         599  599  038                    1   3533.9
 80CW  15-Dec-25 17:09 0085  DR7X           599  599  071                    1   3533.9
 80CW  15-Dec-25 17:09 0086  DJ1OJ          599  599  050                    1   3533.9
 80CW  15-Dec-25 17:10 0087  IU4JNR         599  599  072                    1   3533.9
 80CW  15-Dec-25 17:10 0088  DD5M           599  599  081                    1   3533.9
 80CW  15-Dec-25 17:11 0089  OM2KI          599  599  084           I        1   3533.9
 80CW  15-Dec-25 17:11 0090  DJ3WE          599  599  063           E        1   3533.9
 80CW  15-Dec-25 17:12 0091  HB9BXE         599  599  080                    1   3533.9
 80CW  15-Dec-25 17:12 0092  SN1T           599  599  106           T        1   3533.9
 80CW  15-Dec-25 17:13 0093  OK1USP         599  599  028                    1   3533.9
 80CW  15-Dec-25 17:14 0094  DL5YM          599  599  041                    1   3534.7
 80CW  15-Dec-25 17:14 0095  DL4ME          599  599  081                    1   3535.7
 80CW  15-Dec-25 17:17 0096  SM5IMO         599  599  074           O        1   3531.1
 80CW  15-Dec-25 17:17 0097  OK2EA          599  599  070                    1   3530.6
 80CW  15-Dec-25 17:17 0098  DL2025S        599  599  065                    1   3529.2
 80CW  15-Dec-25 17:18 0099  LY6A           599  599  092                    1   3528.1
 80CW  15-Dec-25 17:19 0100  SM5ACQ         599  599  095           Q        1   3526.6
 80CW  15-Dec-25 17:20 0101  DA0BCC         599  599  114                    1   3525.0
 80CW  15-Dec-25 17:21 0102  DJ9MH          599  599  079                    1   3524.1
 80CW  15-Dec-25 17:21 0103  SM0OEK         599  599  100           K        1   3524.1
 80CW  15-Dec-25 17:22 0104  HA6NL          599  599  082           L        1   3524.1
 80CW  15-Dec-25 17:22 0105  HA9A           599  599  068                    1   3524.1
 80CW  15-Dec-25 17:22 0106  DA1DX          599  599  127                    1   3524.1
 80CW  15-Dec-25 17:23 0107  HA1WD          599  599  069           D        1   3524.1
 80CW  15-Dec-25 17:23 0108  OK1DSZ         599  599  098           Z        1   3524.1
 80CW  15-Dec-25 17:23 0109  DR2C           599  599  110                    1   3524.1
 80CW  15-Dec-25 17:24 0110  SP4TKR         599  599  069                    1   3524.1
 80CW  15-Dec-25 17:24 0111  DL2OE          599  599  002                    1   3524.1
 80CW  15-Dec-25 17:25 0112  OK2PYA         599  599  091                    1   3524.1
 80CW  15-Dec-25 17:25 0113  OK1KKI         599  599  082                    1   3524.1
 80CW  15-Dec-25 17:25 0114  OK1FKD         599  599  059                    1   3524.1
 80CW  15-Dec-25 17:26 0115  SE5T           599  599  079                    1   3524.1
 80CW  15-Dec-25 17:26 0116  PA3AAV         599  599  126                    1   3524.1
 80CW  15-Dec-25 17:26 0117  SP3VT          599  599  100                    1   3524.1
 80CW  15-Dec-25 17:27 0118  DF7YE          599  599  117                    1   3524.1
 80CW  15-Dec-25 17:28 0119  E77EA          599  599  114                    1   3524.1
 80CW  15-Dec-25 17:28 0120  DR6W           599  599  033                    1   3524.1
 80CW  15-Dec-25 17:29 0121  DM7W           599  599  093                    1   3524.1
