 10CW  12-Jan-25 09:04 0001  EA8RM          599  599  11            EA8      5  28002.0
 10CW  12-Jan-25 09:05 0002  9J2FI          599  599  10            9J       5  28003.0
 10CW  12-Jan-25 09:08 0003  UA6LUQ         599  599  13            UA       3  28010.1
 10CW  12-Jan-25 09:09 0004  DL8LAS         599  599  17 M11        DL       2  28013.4
 10CW  12-Jan-25 09:11 0005  DK8ZZ          599  599  9 K07                  2  28015.3
 10CW  12-Jan-25 09:13 0006  LZ1ZF          599  599  34            LZ       3  28017.1
 10CW  12-Jan-25 09:14 0007  UA6AK          599  599  32                     3  28020.0
 10CW  12-Jan-25 09:15 0008  DF1LON         599  599  2 R11                  2  28023.8
 10CW  12-Jan-25 09:16 0009  DK5KK          599  599  16 L05                 2  28025.4
 10CW  12-Jan-25 09:23 0010  UW7CN          599  599  12            UR       3  28039.6
 10CW  12-Jan-25 09:24 0011  R3DCX          599  599  51                     3  28041.6
 10CW  12-Jan-25 09:25 0012  RK3P           599  599  40                     3  28042.9
 10CW  12-Jan-25 09:26 0013  RK3DK          599  599  13                     3  28044.5
 10CW  12-Jan-25 10:02 0014  UA5R           599  599  137                    3  28044.8
 10CW  12-Jan-25 10:04 0015  D4L            599  599  153           D4       5  28008.4
 10CW  12-Jan-25 10:09 0016  UA7G           599  599  69                     3  28011.5
 10CW  12-Jan-25 10:10 0017  RW7F           599  599  181                    3  28016.1
 10CW  12-Jan-25 10:19 0018  RN6LG          599  599  43                     3  28040.5
 10CW  12-Jan-25 10:21 0019  UW5IM          599  599  104                    3  28039.8
 10CW  12-Jan-25 10:22 0020  UW4E           599  599  230                    3  28023.2
 10CW  12-Jan-25 10:29 0021  UA6LCN         599  599  171                    3  28031.6
 10CW  12-Jan-25 10:35 0022  UN0L           599  599  154           UN       5  28040.5
 10CW  12-Jan-25 10:36 0023  RW3AI          599  599  96                     3  28017.1
 10CW  12-Jan-25 10:37 0024  RA3BQ          599  599  72                     3  28008.8
 10CW  12-Jan-25 10:38 0025  UR7MZ          599  599  201                    3  28038.0
 10CW  12-Jan-25 10:39 0026  R7NK           599  599  140                    3  28039.0
 10CW  12-Jan-25 10:42 0027  CT7/DJ7PR      599  599  82            CT       3  28050.3
