 10CW  14-Jun-25 15:04 0001  F5RRS          599  599  JN36 736      F        3  28380.0
 10CW  14-Jun-25 15:07 0002  VU2EEI         599  599  MO88 287      VU       5  28389.2
 10CW  14-Jun-25 15:09 0003  HB9EHJ         599  599  JN47 1234     HB       3  28400.7
 10CW  14-Jun-25 15:13 0004  G4GIR          599  599  IO92 336      G        3  28421.0
 10CW  14-Jun-25 15:14 0005  DL1EAL         599  599  JO31 843      DL       2  28421.0
 10CW  14-Jun-25 15:15 0006  EU2AA          599  599  KO34 196      EU       3  28421.0
 10CW  14-Jun-25 15:16 0007  DJ4FF/M        599  599  JN47 377               2  28421.0
 10CW  14-Jun-25 15:17 0008  F5RRS          599  599  JN36 736               0  28421.0
 10CW  14-Jun-25 15:19 0009  DF3IS          599  599  003 JN49               2  28421.0
 10CW  14-Jun-25 15:19 0010  EU6DZ          599  599  KO35 749               3  28421.0
 10CW  14-Jun-25 15:31 0011  R3LO           599  599  KO64 972      UA       3  28393.2
 10CW  14-Jun-25 15:34 0012  EI3DP          599  599  IO51 348      EI       3  28404.6
 10CW  14-Jun-25 15:35 0013  RM2P           599  599  KO93                   3  28406.1
 10CW  14-Jun-25 15:37 0014  CU3AA          599  599  HM68 753      CU       3  28414.2
 10CW  14-Jun-25 15:40 0015  DL3NCR         599  599  JN48 001               2  28421.0
 10CW  14-Jun-25 15:42 0016  YO2MAX         599  599  KN15 821      YO       3  28421.0
 10CW  14-Jun-25 15:43 0017  PP2RON         599  599  GH53 75       PY       5  28421.0
 10CW  14-Jun-25 15:51 0018  OH3DP          599  599  KP10 1585     OH       3  28410.0
 10CW  14-Jun-25 15:53 0019  DL9DRA         599  599  JO61                   2  28421.7
 10CW  14-Jun-25 15:56 0020  US0SY          599  599  KN28 1587     UR       3  28425.3
