 10SSB 25-Oct-25 19:28 0001  EF8R           59   59   33            EA8  33  5  28305.2
 15SSB 25-Oct-25 19:31 0002  HP3/VE3DZ      59   59   07            HP   07  5  21146.0
 15SSB 25-Oct-25 19:50 0003  PR1T           59   59   11            PY   11  5  21171.0
 15SSB 25-Oct-25 19:53 0004  VE3EJ          59   59   04            VE   04  5  21179.5
 15SSB 25-Oct-25 19:55 0005  AA3B           59   59   05            K    05  5  21228.5
 15SSB 25-Oct-25 19:56 0006  VE2AED         59   59   05                     5  21231.0
 15SSB 25-Oct-25 19:59 0007  K3LR           59   59   05                     5  21206.6
 15SSB 25-Oct-25 20:00 0008  XL3T           59   59   04                     5  21192.9
 15SSB 25-Oct-25 20:03 0009  PJ2T           59   59   09            PJ2  09  5  21251.8
 15SSB 25-Oct-25 20:08 0010  J62K           59   59   08            J6   08  5  21271.9
 40SSB 25-Oct-25 20:11 0011  ES9C           59   59   15            ES   15  3   7087.9
 40SSB 25-Oct-25 20:14 0012  ER4A           59   59   16            ER   16  3   7096.7
160SSB 25-Oct-25 20:16 0013  DF0HQ          59   59   14            DL   14  1   1868.0
160SSB 25-Oct-25 20:17 0014  SN0R           59   59   15            SP   15  3   1865.0
160SSB 25-Oct-25 20:22 0015  OE4C           59   59   15            OE       3   1883.0
160SSB 25-Oct-25 20:25 0016  LX1NO          59   59   14            LX       3   1856.0
160SSB 25-Oct-25 20:29 0017  S56X           59   59   15            S5       3   1838.0
 15SSB 25-Oct-25 20:32 0018  WW3S           59   59   05                     5  21246.5
 15SSB 25-Oct-25 20:33 0019  K8AZ           59   59   04                     5  21240.0
 15SSB 25-Oct-25 20:33 0020  K1JB           59   59   05                     5  21232.5
 15SSB 25-Oct-25 20:45 0021  WF4DX          59   59   05                     5  21208.7
 15SSB 25-Oct-25 20:45 0022  W3LPL          59   59   05                     5  21203.0
 20SSB 25-Oct-25 20:53 0023  HP3/VE3DZ      59   59   07            HP   07  5  14117.0
 20SSB 25-Oct-25 20:53 0024  8P5A           59   59   08            8P   08  5  14119.4
 20SSB 25-Oct-25 20:56 0025  CQ9A           59   59   33            CT3  33  5  14125.0
 20SSB 25-Oct-25 20:57 0026  VE9XX          59   59   05            VE   05  5  14127.0
 20SSB 25-Oct-25 20:57 0027  VA1EET         59   59   05                     5  14131.0
 20SSB 25-Oct-25 20:59 0028  VA3WB          59   59   04                 04  5  14141.9
 20SSB 25-Oct-25 21:03 0029  K3LR           59   59   05            K        5  14150.8
 20SSB 25-Oct-25 21:05 0030  W3PP           59   59   05                     5  14161.5
 80SSB 25-Oct-25 21:11 0031  OH2PQ          59   59   15            OH   15  3   3621.0
 80SSB 25-Oct-25 21:12 0032  F6KOP          59   59   14            F    14  3   3635.0
 80SSB 25-Oct-25 21:12 0033  HG6N           59   59   15            HA       3   3637.6
 80SSB 25-Oct-25 21:13 0034  S52WW          59   59   15            S5       3   3657.5
 80SSB 25-Oct-25 21:14 0035  OM5M           59   59   15            OM       3   3677.0
 80SSB 25-Oct-25 21:16 0036  G2EC           59   59   14            G        3   3689.0
 80SSB 25-Oct-25 21:21 0037  ES9C           59   59   15            ES       3   3767.0
160SSB 25-Oct-25 21:24 0038  OZ4MD          59   59   14            OZ       3   1835.0
 20SSB 25-Oct-25 21:31 0039  VY2TT          59   59   05                     5  14104.0
 40SSB 25-Oct-25 21:34 0040  ED3X           59   59   14            EA   14  3   7073.8
 40SSB 26-Oct-25 10:51 0041  OT5A           59   59   14            ON       3   7150.0
 40SSB 26-Oct-25 10:52 0042  OK5D           59   59   15            OK       3   7158.3
 40SSB 26-Oct-25 10:52 0043  MX4Y           59   59   14            G        3   7156.4
 40SSB 26-Oct-25 10:53 0044  M6C            59   59   14                     3   7182.6
 40SSB 26-Oct-25 10:54 0045  OZ4GM          59   59   14            OZ       3   7185.0
 40SSB 26-Oct-25 10:55 0046  M6T            59   59   14                     3   7198.0
 10SSB 26-Oct-25 10:58 0047  FY5KE          59   59   09            FY   09  5  28737.0
 10SSB 26-Oct-25 10:59 0048  PJ6Y           59   59   08            PJ5  08  5  28763.0
 10SSB 26-Oct-25 11:00 0049  PP4T           59   59   11            PY   11  5  28767.0
 10SSB 26-Oct-25 11:02 0050  CQ3W           59   59   33            CT3      5  28885.0
 15SSB 26-Oct-25 11:05 0051  EF8R           59   59   33            EA8  33  5  21376.0
 40SSB 26-Oct-25 11:06 0052  ES9C           59   59   15                     0   7138.0
 40SSB 26-Oct-25 11:07 0053  LN8W           59   59   14            LA       3   7113.0
 15SSB 26-Oct-25 11:11 0054  EA1L           59   59   14            EA   14  3  21365.0
 15SSB 26-Oct-25 11:11 0055  UT5EL          59   59   16            UR   16  3  21358.9
 15SSB 26-Oct-25 11:12 0056  CR6K           59   59   14            CT       3  21356.2
 15SSB 26-Oct-25 11:12 0057  CR3A           59   59   33            CT3      5  21345.0
 15SSB 26-Oct-25 11:13 0058  CU2ARA         59   59   14            CU       3  21337.0
 15SSB 26-Oct-25 11:15 0059  UK9AA          59   59   17            UK   17  5  21333.3
 15SSB 26-Oct-25 11:15 0060  YP8T           59   59   20            YO   20  3  21330.0
 15SSB 26-Oct-25 11:16 0061  LZ9W           59   59   20            LZ       3  21320.0
 15SSB 26-Oct-25 11:18 0062  ES9C           59   59   15            ES   15  3  21296.7
 15SSB 26-Oct-25 11:19 0063  P33W           59   59   20            5B       5  21290.0
 15SSB 26-Oct-25 11:21 0064  SJ2W           59   59   14            SM       3  21279.0
 20SSB 26-Oct-25 11:52 0065  ES9C           59   59   15            ES   15  3  14311.0
 10SSB 26-Oct-25 11:56 0066  ES9C           59   59   15            ES   15  3  28593.0
 10SSB 26-Oct-25 12:05 0067  K3LR           59   59   05            K    05  5  28588.0
 20SSB 26-Oct-25 12:06 0068  SJ2W           59   59   14            SM   14  3  14284.0
 10SSB 26-Oct-25 12:21 0069  D4C            59   59   35            D4   35  5  28524.4
 15SSB 26-Oct-25 12:26 0070  CN3A           59   59   33            CN       5  21276.6
 15SSB 26-Oct-25 12:35 0071  IB9T           59   59   15            IT9      3  21299.1
 15SSB 26-Oct-25 12:35 0072  SX3S           59   59   20            SV       3  21302.1
 15SSB 26-Oct-25 12:36 0073  LZ5R           59   59   20                     3  21306.4
 10SSB 26-Oct-25 12:51 0074  K9RS           59   59   05                     5  28867.7
 10SSB 26-Oct-25 12:52 0075  RT5T           59   59   16            UA   16  3  28846.0
 10SSB 26-Oct-25 13:39 0076  R3RZ           59   59   16                     3  28786.1
 10SSB 26-Oct-25 13:42 0077  8P5A           59   59   08            8P       5  28818.0
 10SSB 26-Oct-25 13:43 0078  WM9C           59   59   04                 04  5  28815.1
 10SSB 26-Oct-25 13:43 0079  LZ4TX          59   59   20            LZ   20  3  28811.0
 10SSB 26-Oct-25 13:44 0080  RD4A           59   59   16                     3  28804.0
 10SSB 26-Oct-25 13:45 0081  VY2TT          59   59   05            VE       5  28864.6
 15SSB 26-Oct-25 13:46 0082  CQ9A           59   59   33                     5  21318.2
 15SSB 26-Oct-25 13:47 0083  DK8ZZ          59   59   14            DL       1  21445.7
 15SSB 26-Oct-25 13:48 0084  K9CT           59   59   04                     5  21434.0
 10SSB 26-Oct-25 13:51 0085  ZF1A           59   59   08            ZF       5  28898.1
 10SSB 26-Oct-25 13:55 0086  AB3CX          59   59   05                     5  28905.0
 10SSB 26-Oct-25 13:57 0087  W3LPL          59   59   05                     5  28909.0
 10SSB 26-Oct-25 13:57 0088  N2AA           59   59   05                     5  28912.9
 10SSB 26-Oct-25 13:58 0089  K9BGL          59   59   04                     5  28918.0
 15SSB 26-Oct-25 14:03 0090  LY2NK          59   59   15            LY       3  21129.0
 15SSB 26-Oct-25 14:03 0091  VA1EET         59   59   05                     5  21135.0
 15SSB 26-Oct-25 14:05 0092  VE4VT          59   59   04                     5  21136.5
 15SSB 26-Oct-25 14:06 0093  UP0L           59   59   17            UN       5  21143.0
 15SSB 26-Oct-25 14:06 0094  VA3SWG         59   59   04                     5  21147.9
 20SSB 26-Oct-25 14:08 0095  YT9X           59   59   15            YU       3  14254.5
 20SSB 26-Oct-25 14:09 0096  CN3A           59   59   33            CN       5  14183.0
 10SSB 26-Oct-25 17:05 0097  PY4JW          59   59   11                     5  28670.5
 10SSB 26-Oct-25 17:24 0098  LT3E           59   59   13            LU   13  5  28567.0
 10SSB 26-Oct-25 17:24 0099  NJ4P           59   59   04                     5  28575.0
 10SSB 26-Oct-25 17:26 0100  LU8YE          59   59   13                     5  28513.1
 15SSB 26-Oct-25 17:37 0101  TO2M           59   59   08            FM       5  21163.0
 40SSB 26-Oct-25 17:41 0102  OZ0AR          59   59   14                     3   7176.3
 40SSB 26-Oct-25 17:43 0103  F6KOP          59   59   14            F        3   7186.0
160SSB 26-Oct-25 17:47 0104  ES9C           59   59   15            ES       3   1849.9
 80SSB 26-Oct-25 17:48 0105  M6C            59   59   14                     3   3766.0
 80SSB 26-Oct-25 17:49 0106  9A5DX          59   59   15            9A       3   3761.7
 80SSB 26-Oct-25 17:50 0107  M6T            59   59   14                     3   3782.0
 80SSB 26-Oct-25 17:51 0108  OR7K           59   59   14            ON       3   3792.1
 80SSB 26-Oct-25 17:52 0109  SQ2PHG         59   59   15            SP       3   3710.0
 80SSB 26-Oct-25 17:54 0110  OL7T           59   59   15            OK       3   3705.6
 80SSB 26-Oct-25 17:56 0111  S58Y           59   59   15                     3   3687.5
 80SSB 26-Oct-25 17:56 0112  SN3U           59   59   15                     3   3668.0
 80SSB 26-Oct-25 17:57 0113  S51RH          59   59   15                     3   3635.0
 10SSB 26-Oct-25 18:04 0114  KN7K           59   59   03                 03  5  28464.0
 10SSB 26-Oct-25 18:06 0115  N7DX           59   59   03                     5  28596.8
 10SSB 26-Oct-25 18:07 0116  N4OX           59   59   05                     5  28657.8
 10SSB 26-Oct-25 18:08 0117  N1PGA          59   59   05                     5  28677.0
 10SSB 26-Oct-25 18:09 0118  DR1D           59   59   14            DL   14  1  28615.0
 10SSB 26-Oct-25 18:12 0119  CQ8M           59   59   14            CU       3  28477.0
 15SSB 26-Oct-25 18:15 0120  EA8BS          59   59   33                     5  21186.0
 15SSB 26-Oct-25 18:19 0121  K2LE           59   59   05                     5  21300.0
 15SSB 26-Oct-25 18:20 0122  W7VJ           59   59   03                 03  5  21313.7
 20SSB 26-Oct-25 18:26 0123  SZ1A           59   59   20            SV   20  3  14253.2
 20SSB 26-Oct-25 18:26 0124  A61HA          59   59   21            A6   21  5  14251.5
 20SSB 26-Oct-25 18:27 0125  RU1A           59   59   16            UA   16  3  14267.2
 20SSB 26-Oct-25 18:28 0126  P33W           59   59   20            5B       5  14273.1
 20SSB 26-Oct-25 18:28 0127  YP0C           59   59   20            YO       3  14279.9
 20SSB 26-Oct-25 18:30 0128  LZ5R           59   59   20            LZ       3  14290.3
 20SSB 26-Oct-25 18:31 0129  UA7K           59   59   16                     3  14298.6
 20SSB 26-Oct-25 18:36 0130  II9P           59   59   15            IT9      3  14305.4
 20SSB 26-Oct-25 18:36 0131  LZ1QN          59   59   20                     3  14329.0
 20SSB 26-Oct-25 18:37 0132  A44A           59   59   21            A4       5  14202.0
 20SSB 26-Oct-25 18:39 0133  SX9X           59   59   20            SV9      3  14215.0
 20SSB 26-Oct-25 18:42 0134  UX0LL          59   59   16            UR       3  14227.0
 20SSB 26-Oct-25 18:53 0135  CR5T           59   59   14            CT       3  14316.0
160SSB 26-Oct-25 18:58 0136  EI5GUB         59   59   14            EI       3   1889.0
160SSB 26-Oct-25 19:02 0137  OT5A           59   59   14            ON       3   1845.0
 80SSB 26-Oct-25 19:17 0138  MX4Y           59   59   14                     3   3629.0
 80SSB 26-Oct-25 19:18 0139  PI4M           59   59   14            PA       3   3663.0
 80SSB 26-Oct-25 19:21 0140  TM6B           59   59   14                     3   3678.0
 80SSB 26-Oct-25 19:21 0141  OL3A           59   59   15                     3   3682.4
 80SSB 26-Oct-25 19:23 0142  ON30HRT        59   59   14                     3   3696.0
 80SSB 26-Oct-25 19:26 0143  UA7K           59   59   16            UA   16  3   3738.5
 15SSB 26-Oct-25 19:31 0144  TO4K           59   59   08            FJ       5  21287.0
 15SSB 26-Oct-25 19:32 0145  K1XM           59   59   05                     5  21291.0
 15SSB 26-Oct-25 19:34 0146  K1LZ           59   59   05                     5  21231.9
 15SSB 26-Oct-25 19:35 0147  K4AB           59   59   04                     5  21235.4
 15SSB 26-Oct-25 19:36 0148  W8FJ           59   59   05                     5  21243.9
 15SSB 26-Oct-25 19:50 0149  K3OO           59   59   05                     5  21249.3
 15SSB 26-Oct-25 19:50 0150  K9RS           59   59   05                     5  21255.5
 40SSB 26-Oct-25 20:22 0151  EI9E           59   59   14            EI       3   7141.4
 40SSB 26-Oct-25 20:23 0152  CN3A           59   59   33            CN   33  5   7139.6
 40SSB 26-Oct-25 20:25 0153  ES3V           59   59   15                     3   7112.0
160SSB 26-Oct-25 20:39 0154  M6T            59   59   14            G        3   1858.5
