 15CW  14-Jun-25 20:29 0001  PY1AX          599  599  11            PY   11  5  21030.9
 15CW  14-Jun-25 20:30 0002  KP4NZ          599  599  08            KP4  08  5  21034.0
 15CW  14-Jun-25 20:31 0003  PY2WMW         599  599  11                     5  21031.7
 15CW  14-Jun-25 20:32 0004  PY4XX          599  599  11                     5  21027.5
 15CW  14-Jun-25 20:33 0005  PY3TD          599  599  11                     5  21025.0
 15CW  14-Jun-25 20:34 0006  LU1HLH         599  599  13            LU   13  5  21023.0
 15CW  14-Jun-25 20:34 0007  FY5KE          599  599  09            FY   09  5  21021.5
 15CW  14-Jun-25 20:35 0008  PP5RT          599  599  11                     5  21020.0
 15CW  14-Jun-25 20:35 0009  PT9DX          599  599  11                     5  21019.1
 15CW  14-Jun-25 20:36 0010  XQ3SK          599  599  12            CE   12  5  21014.6
 15CW  14-Jun-25 20:37 0011  PT2AW          599  599  11                     5  21036.4
 15CW  14-Jun-25 20:42 0012  4U1U           599  599  15            I    15  3  21025.5
 15CW  14-Jun-25 20:42 0013  E72U           599  599  15            E7       3  21025.5
 15CW  14-Jun-25 20:42 0014  PY2QT          599  599  11                     5  21025.5
 15CW  14-Jun-25 20:45 0015  AZ6H           599  599  13                     5  21019.8
 15CW  14-Jun-25 20:45 0016  LZ5R           599  599  20            LZ   20  3  21017.7
 10CW  14-Jun-25 20:48 0017  PY1NSC         599  599  11            PY   11  5  28038.0
 20CW  14-Jun-25 20:49 0018  EW8DX          599  599  16            EU   16  3  14039.0
 20CW  14-Jun-25 20:50 0019  Z35M           599  599  15            Z3   15  3  14038.3
 20CW  14-Jun-25 20:50 0020  E72U           599  599  15            E7       3  14035.0
 20CW  14-Jun-25 20:51 0021  JA6GCE         599  599  25            JA   25  5  14033.5
 20CW  14-Jun-25 20:52 0022  UA9CTT         599  599  17            UA9  17  5  14033.0
 20CW  14-Jun-25 20:54 0023  PT2AW          599  599  11            PY   11  5  14026.3
 20CW  14-Jun-25 20:55 0024  PY2NY          599  599  11                     5  14024.9
 20CW  14-Jun-25 20:58 0025  R9GM           599  599  16            UA       3  14012.9
 20CW  14-Jun-25 20:58 0026  PY2XL          599  599  11                     5  14012.6
 20CW  14-Jun-25 20:59 0027  KU2M           599  599  05            K    05  5  14011.1
 20CW  14-Jun-25 20:59 0028  LZ5R           599  599  20            LZ   20  3  14007.7
 20CW  14-Jun-25 21:00 0029  R7CA           599  599  16                     3  14006.5
 20CW  14-Jun-25 21:02 0030  EA8BW          599  599  33            EA8  33  5  14018.4
 20CW  14-Jun-25 21:03 0031  VE3CT          599  599  04            VE   04  5  14018.4
 20CW  14-Jun-25 21:03 0032  LT4A           599  599  13            LU   13  5  14018.4
 20CW  14-Jun-25 21:05 0033  R6AF           599  599  16                     3  14018.4
 20CW  14-Jun-25 21:06 0034  UN0LM          599  599  17            UN       5  14018.4
 20CW  14-Jun-25 21:07 0035  EA7/PA5JF      599  599  14            EA   14  3  14018.4
 20CW  14-Jun-25 21:07 0036  HG5E           599  599  15            HA       3  14018.4
 20CW  14-Jun-25 21:10 0037  UC7N           599  599  16                     3  14018.4
 20CW  14-Jun-25 21:13 0038  W3RJ           599  599  05                     5  14020.0
 20CW  14-Jun-25 21:14 0039  E77EA          599  599  15                     3  14020.5
 20CW  14-Jun-25 21:15 0040  CT9ABN         599  599  33            CT3      5  14016.6
 15CW  14-Jun-25 21:16 0041  PY2XL          599  599  11                     5  21019.0
 15CW  14-Jun-25 21:17 0042  PU2UAF         599  599  11                     5  21045.3
 40CW  14-Jun-25 21:20 0043  OK2MBP         599  599  15            OK   15  3   7016.8
 40CW  14-Jun-25 21:20 0044  CT9ABN         599  599  33            CT3  33  5   7017.6
 40CW  14-Jun-25 21:22 0045  S59ZZ          599  599  15            S5       3   7021.1
 40CW  14-Jun-25 21:22 0046  PA5WT          599  599  14            PA   14  3   7026.1
 40CW  14-Jun-25 21:23 0047  SM5CSS         599  599  14            SM       3   7026.6
 40CW  14-Jun-25 21:24 0048  S52W           599  599  15                     3   7028.7
 40CW  14-Jun-25 21:25 0049  9A925T         599  599  15            9A       3   7029.3
 40CW  14-Jun-25 21:26 0050  DF8V           599  599  14            DL       2   7016.1
 40CW  14-Jun-25 21:26 0051  E77EA          599  599  15            E7       3   7015.0
 40CW  14-Jun-25 21:26 0052  UZ1WW          599  599  16            UR   16  3   7014.5
 40CW  14-Jun-25 21:27 0053  ON6PJ          599  599  14            ON       3   7012.0
 40CW  14-Jun-25 21:27 0054  PY2NY          599  599  11            PY   11  5   7011.4
 40CW  14-Jun-25 21:28 0055  MM2T           599  599  14            GM       3   7011.1
 40CW  14-Jun-25 21:30 0056  PE2K           599  599  14                     3   7020.8
 40CW  14-Jun-25 21:31 0057  R6CC           599  599  16            UA       3   7020.8
 40CW  14-Jun-25 21:31 0058  EA8BW          599  599  33            EA8      5   7020.8
 40CW  14-Jun-25 21:31 0059  YL/DL1CW       599  599  15            YL       3   7020.8
 40CW  14-Jun-25 21:32 0060  HA6PJ          599  599  15            HA       3   7020.8
 40CW  14-Jun-25 21:33 0061  PA2W           599  599  14                     3   7020.8
 40CW  14-Jun-25 21:34 0062  UA3RBR         599  599  16                     3   7020.8
 40CW  14-Jun-25 21:34 0063  LZ1ZJ          599  599  20            LZ   20  3   7020.8
 40CW  14-Jun-25 21:35 0064  LC2F           599  599  14            LA       3   7020.8
 40CW  14-Jun-25 21:35 0065  DL1ROT         599  599  14                     2   7020.8
 40CW  14-Jun-25 21:35 0066  9A1DR          599  599  15                     3   7020.8
 40CW  14-Jun-25 21:36 0067  OK1VK          599  599  15                     3   7020.8
 40CW  14-Jun-25 21:36 0068  RA3DS          599  599  16                     3   7020.8
 40CW  14-Jun-25 21:36 0069  LZ1QV          599  599  20                     3   7020.8
 40CW  14-Jun-25 21:37 0070  SN5J           599  599  15            SP       3   7020.8
 40CW  14-Jun-25 21:37 0071  OK2BFN         599  599  15                     3   7020.8
 40CW  14-Jun-25 21:38 0072  OK1FCA         599  599  15                     3   7020.8
 40CW  14-Jun-25 21:39 0073  DL8UKW         599  599  14                     2   7020.8
 40CW  14-Jun-25 21:40 0074  DJ0YI          599  599  14                     2   7020.8
 40CW  14-Jun-25 21:47 0075  S52WD          599  599  15                     3   7017.7
 40CW  14-Jun-25 21:48 0076  SP2HMT         599  599  15                     3   7017.3
 40CW  14-Jun-25 21:50 0077  UN0LM          599  599  17            UN   17  5   7016.5
 40CW  14-Jun-25 21:50 0078  LZ5R           599  599  20                     3   7015.8
 40CW  14-Jun-25 21:51 0079  E70X           599  599  15                     3   7012.8
 15CW  15-Jun-25 14:36 0080  RA9AP          599  599  17            UA9  17  5  21015.9
 15CW  15-Jun-25 14:37 0081  ND3T           599  599  05            K    05  5  21020.0
 15CW  15-Jun-25 14:40 0082  EA8BW          599  599  33            EA8  33  5  21029.5
 15CW  15-Jun-25 14:41 0083  PY5IQ          599  599  11                     5  21017.0
 15CW  15-Jun-25 14:42 0084  PY5AMF         599  599  11                     5  21013.0
 20CW  15-Jun-25 14:44 0085  UA9AT          599  599  17                     5  14025.0
 20CW  15-Jun-25 14:44 0086  RJ3A           599  599  16                     3  14027.3
 20CW  15-Jun-25 14:45 0087  OH1SIC         599  599  15            OH       3  14028.2
 20CW  15-Jun-25 14:45 0088  E70X           599  599  15                     3  14030.6
 20CW  15-Jun-25 14:46 0089  R3OM           599  599  16                     3  14031.7
 20CW  15-Jun-25 14:47 0090  RQ9O           599  599  18                 18  5  14012.7
 20CW  15-Jun-25 14:47 0091  YL3NU          599  599  15            YL       3  14013.9
 20CW  15-Jun-25 14:48 0092  RX6FJ          599  599  16                     3  14015.9
 20CW  15-Jun-25 14:49 0093  S53M           599  599  15            S5       3  14016.9
 20CW  15-Jun-25 14:50 0094  PA5WT          599  599  14            PA       3  14017.4
 20CW  15-Jun-25 14:50 0095  EV6Z           599  599  16                     3  14018.0
 20CW  15-Jun-25 14:51 0096  SV1ME          599  599  20            SV       3  14020.1
 20CW  15-Jun-25 14:51 0097  YQ8E           599  599  20            YO       3  14020.7
 20CW  15-Jun-25 14:52 0098  RM3F           599  599  16                     3  14021.6
 20CW  15-Jun-25 14:54 0099  ND3T           599  599  05                     5  14016.0
 20CW  15-Jun-25 14:54 0100  HA6NL          599  599  15                     3  14016.0
 20CW  15-Jun-25 14:55 0101  UA6LCJ         599  599  16                     3  14016.0
 20CW  15-Jun-25 14:55 0102  SA2OLM         599  599  14            SM       3  14016.0
 20CW  15-Jun-25 14:55 0103  LZ2MP          599  599  20                     3  14016.0
 20CW  15-Jun-25 14:56 0104  OH5ZA          599  599  15                     3  14016.0
 20CW  15-Jun-25 14:56 0105  UZ1WW          599  599  16            UR       3  14016.0
 20CW  15-Jun-25 14:56 0106  R7AO           599  599  16                     3  14016.0
 20CW  15-Jun-25 14:57 0107  RX3VF          599  599  16                     3  14016.0
 20CW  15-Jun-25 14:57 0108  UT5NC          599  599  16                     3  14016.0
 20CW  15-Jun-25 14:58 0109  LZ1QV          599  599  20                     3  14016.0
 20CW  15-Jun-25 14:59 0110  RN6AT          599  599  16                     3  14016.0
