 40DIG 08-Feb-25 09:42 0001  DJ8EW          599  599  021           DL       2   7053.4
 40DIG 08-Feb-25 09:44 0002  DG6ME          599  599  039                    2   7052.9
 40DIG 08-Feb-25 09:46 0003  OK5IM          599  599  076           OK       3   7050.9
 40DIG 08-Feb-25 09:46 0004  G4SJX          599  599  101           G        3   7048.6
 40DIG 08-Feb-25 09:47 0005  PA3DBS         599  599  022           PA       3   7048.1
 40DIG 08-Feb-25 09:48 0006  F5TFW          599  599  079           F        3   7047.6
 40DIG 08-Feb-25 09:50 0007  S51J           599  599  308           S5       3   7045.4
 40DIG 08-Feb-25 09:50 0008  IO3M           599  599  047           I        3   7044.2
 40DIG 08-Feb-25 09:53 0009  DD7UW          599  599  015                    2   7041.0
 10DIG 08-Feb-25 09:54 0010  EA8DED         599  599  473           EA8      5  28091.4
 10DIG 08-Feb-25 09:56 0011  4Z5FI          599  599  336           4X       5  28092.5
 10DIG 08-Feb-25 10:11 0012  CS5FAT         599  599  071           CT       3  28099.0
 10DIG 08-Feb-25 10:12 0013  SV2AEL         599  599  122           SV       3  28087.0
 10DIG 08-Feb-25 10:14 0014  DN0UKW         599  599  082           DL       2  28089.0
 10DIG 08-Feb-25 10:18 0015  EA9E           599  599  079           EA9      5  28124.9
 10DIG 08-Feb-25 10:18 0016  UT5EPP         599  599  333           UR       3  28102.8
 40DIG 08-Feb-25 10:31 0017  ON2AD          599  599  052           ON       3   7041.6
 40DIG 08-Feb-25 10:32 0018  G4N            599  599  221                    3   7045.5
 40DIG 08-Feb-25 10:33 0019  9A1A           599  599  595           9A       3   7041.0
 40DIG 08-Feb-25 10:34 0020  EA2XR          599  599  077           EA       3   7045.9
 40DIG 08-Feb-25 10:37 0021  DK2FG          599  599  076                    2   7049.0
 40DIG 08-Feb-25 10:39 0022  OE5LHM         599  599  65            OE       3   7050.0
 40DIG 08-Feb-25 10:41 0023  HA1TIB         599  599  081           HA       3   7051.1
 40DIG 08-Feb-25 10:42 0024  IW1RLC         599  599  219                    3   7052.0
 40DIG 08-Feb-25 10:43 0025  DH0DX          599  599  041                    2   7055.0
 40DIG 08-Feb-25 10:49 0026  DL1MGB         599  599  54                     2   7059.0
 40DIG 08-Feb-25 11:04 0027  DL2025S        599  599  535                    2   7058.4
 40DIG 08-Feb-25 11:05 0028  IZ3KUY         599  599  049                    3   7058.3
 40DIG 08-Feb-25 11:07 0029  IC8SQS         599  599  263                    3   7058.4
 40DIG 08-Feb-25 11:09 0030  M9M            599  599  024                    3   7058.4
 40DIG 08-Feb-25 11:10 0031  DL1NEO         599  599  018                    2   7058.4
 40DIG 08-Feb-25 11:10 0032  DL1ASA         599  599  069                    2   7058.4
 40DIG 08-Feb-25 11:11 0033  G3L            599  599  004                    3   7058.4
 40DIG 08-Feb-25 11:13 0034  G2W            599  599  087                    3   7058.4
 40DIG 08-Feb-25 11:13 0035  DJ9RR          599  599  150                    2   7058.4
 40DIG 08-Feb-25 11:15 0036  M7YKG          599  599  005                    3   7058.4
 15DIG 08-Feb-25 11:17 0037  OG100AA        599  599  323           OH       3  21081.0
 15DIG 08-Feb-25 11:19 0038  PZ5RA          599  599  138           PZ       5  21081.8
 15DIG 08-Feb-25 11:20 0039  9A1A           599  599  268           9A       3  21083.0
 15DIG 08-Feb-25 11:22 0040  RA3Y           599  599  235           UA       3  21086.3
 15DIG 08-Feb-25 11:23 0041  ED7O           599  599  373           EA       3  21087.5
 15DIG 08-Feb-25 11:25 0042  EA5GOR         599  599  103                    3  21087.8
 15DIG 08-Feb-25 11:25 0043  UW4E           599  599  361           UR       3  21088.5
 15DIG 08-Feb-25 11:26 0044  YU5R           599  599  419           YU       3  21090.5
 15DIG 08-Feb-25 11:28 0045  LZ7A           599  599  041           LZ       3  21091.5
 15DIG 08-Feb-25 11:32 0046  HG7T           599  599  537           HA       3  21092.8
 15DIG 08-Feb-25 11:33 0047  RG5A           599  599  397                    3  21095.7
 15DIG 08-Feb-25 11:35 0048  IB9T           599  599  309           IT9      3  21097.6
 15DIG 08-Feb-25 11:36 0049  EU8U           599  599  392           EU       3  21098.3
 15DIG 08-Feb-25 11:37 0050  8S9J           599  599  199           SM       3  21098.7
 15DIG 08-Feb-25 11:38 0051  EW8DX          599  599  410                    3  21100.6
 15DIG 08-Feb-25 11:41 0052  UT7NI          599  599  370                    3  21117.4
 15DIG 08-Feb-25 11:42 0053  RT9A           599  599  578           UA9      5  21117.4
 15DIG 08-Feb-25 11:44 0054  UT4LW          599  599  826                    3  21117.4
 15DIG 08-Feb-25 11:44 0055  SM2M           599  599  293                    3  21117.4
 15DIG 08-Feb-25 11:44 0056  UT8EU          599  599  282                    3  21117.4
 15DIG 08-Feb-25 11:47 0057  UC0A           599  599  469                    5  21117.4
 15DIG 08-Feb-25 11:48 0058  EE4Y           599  599  573                    3  21117.4
 15DIG 08-Feb-25 11:51 0059  UC6N           599  599  253                    3  21117.3
 20DIG 08-Feb-25 12:23 0060  YU5R           599  599  474           YU       3  14088.3
 20DIG 08-Feb-25 12:26 0061  UZ1WW          599  599  217           UR       3  14122.7
 20DIG 08-Feb-25 12:28 0062  EA4HOS         599  599  133           EA       3  14128.2
 20DIG 08-Feb-25 12:29 0063  YO9HP          599  599  543           YO       3  14128.2
 20DIG 08-Feb-25 12:29 0064  LY5W           599  599  316           LY       3  14128.2
 20DIG 08-Feb-25 12:31 0065  IU8RQW         599  599  044           I        3  14128.2
 20DIG 08-Feb-25 12:32 0066  CT7AUP         599  599  095           CT       3  14128.2
 20DIG 08-Feb-25 12:35 0067  SO5WD          599  599  083           SP       3  14128.2
 20DIG 08-Feb-25 12:38 0068  9A3BBF         599  599  230           9A       3  14128.2
 20DIG 08-Feb-25 12:38 0069  IP4M           599  599  1066                   3  14128.2
 20DIG 08-Feb-25 12:39 0070  IP3F           599  599  110                    3  14128.2
 20DIG 08-Feb-25 12:39 0071  MM9I           599  599  496           GM       3  14128.2
 20DIG 08-Feb-25 12:40 0072  EA5HJO         599  599  105                    3  14128.2
 20DIG 08-Feb-25 12:41 0073  UW5Y           599  599  1059                   3  14128.2
 20DIG 08-Feb-25 12:44 0074  IQ2DN          599  599  234                    3  14128.2
 10DIG 08-Feb-25 12:51 0075  UF4S           599  599  719           UA       3  28101.4
 10DIG 08-Feb-25 12:54 0076  LU6ETB         599  599  191           LU       5  28086.0
 10DIG 08-Feb-25 12:55 0077  D450ICV        599  599  349           D4       5  28087.5
 10DIG 08-Feb-25 12:57 0078  CN3A           599  599  1044          CN       5  28088.5
 10DIG 08-Feb-25 13:00 0079  UT2II          599  599  217                    3  28098.5
 10DIG 08-Feb-25 13:04 0080  UT4LW          599  599  855                    3  28111.6
 10DIG 08-Feb-25 13:05 0081  PY5AMF         599  599  045           PY       5  28111.6
 10DIG 08-Feb-25 13:15 0082  PJ4R           599  599  761           PJ4      5  28112.3
 10DIG 08-Feb-25 13:18 0083  VE2CSM         599  599  262           VE       5  28115.0
 10DIG 08-Feb-25 13:18 0084  K4RUM          599  599  298           K        5  28116.6
 10DIG 08-Feb-25 13:20 0085  AA3R           599  599  246                    5  28118.0
 10DIG 08-Feb-25 13:21 0086  NP3Y           599  599  708           KP4      5  28118.5
 10DIG 08-Feb-25 13:22 0087  AA3B           599  599  962                    5  28119.9
 10DIG 08-Feb-25 13:23 0088  K2NV           599  599  171                    5  28120.7
 10DIG 08-Feb-25 13:25 0089  AD4EB          599  599  185                    5  28121.2
 10DIG 08-Feb-25 13:27 0090  ND3D           599  599  534                    5  28122.7
 10DIG 08-Feb-25 13:28 0091  TF3AO          599  599  055           TF       3  28123.7
 10DIG 08-Feb-25 13:29 0092  PW2L           599  599  192                    5  28127.0
 10DIG 08-Feb-25 13:31 0093  CB1C           599  599  20            CE       5  28127.3
 10DIG 08-Feb-25 13:31 0094  PY2UD          599  599  209                    5  28129.3
 10DIG 08-Feb-25 13:34 0095  DL2025S        599  599  165                    2  28130.8
 10DIG 08-Feb-25 13:43 0096  WT3K           599  599  97                     5  28132.9
 10DIG 08-Feb-25 13:45 0097  N1MGO          599  599  157                    5  28137.0
 10DIG 08-Feb-25 13:46 0098  HK6P           599  599  111           HK       5  28136.3
 10DIG 08-Feb-25 13:55 0099  LO7H           599  599  213                    5  28137.8
 10DIG 08-Feb-25 13:57 0100  TI3DK          599  599  49            TI       5  28094.5
 10DIG 08-Feb-25 13:59 0101  N8CWU          599  599  171                    5  28095.7
 10DIG 08-Feb-25 14:00 0102  9A1A           599  599  352           9A       3  28096.0
 10DIG 08-Feb-25 15:31 0103  KG2GL          599  599  051                    5  28113.1
 10DIG 08-Feb-25 15:32 0104  NA3M           599  599  557                    5  28113.1
 10DIG 08-Feb-25 15:32 0105  K9CT           599  599  235                    5  28113.1
 10DIG 08-Feb-25 15:33 0106  W9ILY          599  599  050                    5  28113.1
 10DIG 08-Feb-25 15:33 0107  K2TNO          599  599  100                    5  28113.1
 10DIG 08-Feb-25 15:34 0108  WA2CP          599  599  498                    5  28113.1
 10DIG 08-Feb-25 15:35 0109  W5DM           599  599  37                     5  28113.1
 10DIG 08-Feb-25 15:36 0110  VE1LG          599  599  022                    5  28113.1
 10DIG 08-Feb-25 15:37 0111  W3GQ           599  599  003                    5  28113.1
 10DIG 08-Feb-25 15:37 0112  N6MA           599  599  115                    5  28113.1
 10DIG 08-Feb-25 15:38 0113  K9CW           599  599  182                    5  28113.1
 10DIG 08-Feb-25 15:40 0114  WM5DX          599  599  141                    5  28113.1
 10DIG 08-Feb-25 15:43 0115  M2A            599  599  358           G        3  28113.0
 10DIG 08-Feb-25 15:47 0116  K2RB           599  599  291                    5  28115.5
 10DIG 08-Feb-25 15:49 0117  WJ1X           599  599  158                    5  28116.0
 10DIG 08-Feb-25 15:50 0118  LU1EHX         599  599  021                    5  28118.0
 15DIG 08-Feb-25 15:54 0119  NG1R           599  599  154           K        5  21121.1
 40DIG 08-Feb-25 16:01 0120  TM3Z           599  599  981                    3   7040.6
 40DIG 08-Feb-25 16:01 0121  YT9VM          599  599  294           YU       3   7040.6
 40DIG 08-Feb-25 16:02 0122  S52W           599  599  360                    3   7040.6
 40DIG 08-Feb-25 16:03 0123  DL3MXX         599  599  210                    2   7040.6
 40DIG 08-Feb-25 16:04 0124  IN3OWY         599  599  179                    3   7040.6
 40DIG 08-Feb-25 16:05 0125  PA0CMF         599  599  108                    3   7040.6
 40DIG 08-Feb-25 16:07 0126  DM2BPG         599  599  139                    2   7040.6
 40DIG 08-Feb-25 16:10 0127  EA5O           599  599  104                    3   7040.6
 40DIG 08-Feb-25 16:11 0128  I4AVG          599  599  292                    3   7040.6
 40DIG 08-Feb-25 16:14 0129  UT3SO          599  599  274           UR       3   7041.6
 40DIG 08-Feb-25 16:17 0130  HB9FXU         599  599  022           HB       3   7043.6
 40DIG 08-Feb-25 16:18 0131  DG9RAB         599  599  074                    2   7043.9
 40DIG 08-Feb-25 16:23 0132  OK2HBR         599  599  270                    3   7045.5
 40DIG 08-Feb-25 16:26 0133  DK1RF          599  599  079                    2   7046.4
 40DIG 08-Feb-25 16:27 0134  LX5M           599  599  307           LX       3   7046.7
 40DIG 08-Feb-25 16:28 0135  ON6OM          599  599  058                    3   7047.0
 40DIG 08-Feb-25 16:29 0136  SP1DOZ         599  599  078           SP       3   7047.3
 40DIG 08-Feb-25 16:30 0137  DM4AA          599  599  060                    2   7048.0
 40DIG 08-Feb-25 16:31 0138  DJ6VX          599  599  223                    2   7049.3
 40DIG 08-Feb-25 16:32 0139  UR4UWY         599  599  136                    3   7049.6
 40DIG 08-Feb-25 16:33 0140  S58M           599  599  893                    3   7051.0
 40DIG 08-Feb-25 16:34 0141  HB9KG          599  599  482                    3   7051.9
 40DIG 08-Feb-25 16:35 0142  IW6PWC         599  599  112                    3   7052.7
 40DIG 08-Feb-25 16:39 0143  R5AJ           599  599  087           UA       3   7054.5
 40DIG 08-Feb-25 16:40 0144  DK1WU          599  599  155                    2   7055.0
 40DIG 08-Feb-25 17:05 0145  IZ4JMA         599  599  107                    3   7056.4
 40DIG 08-Feb-25 17:07 0146  EU8U           599  599  639           EU       3   7057.5
 40DIG 08-Feb-25 17:07 0147  SX2I           599  599  397           SV       3   7058.0
 40DIG 08-Feb-25 17:08 0148  IK5FKF         599  599  304                    3   7058.5
 40DIG 08-Feb-25 17:11 0149  YO4NF          599  599  725           YO       3   7059.5
 40DIG 08-Feb-25 17:12 0150  IQ3PN          599  599  096                    3   7060.3
 40DIG 08-Feb-25 17:17 0151  SO4R           599  599  189                    3   7060.8
 40DIG 08-Feb-25 17:18 0152  SP5ELA         599  599  311                    3   7061.5
 40DIG 08-Feb-25 17:19 0153  EW7B           599  599  447                    3   7062.4
 40DIG 08-Feb-25 17:19 0154  OM5JA          599  599  299           OM       3   7063.2
 40DIG 08-Feb-25 17:20 0155  SP6AXW         599  599  046                    3   7063.5
 40DIG 08-Feb-25 17:35 0156  IO5M           599  599  284                    3   7064.0
 40DIG 08-Feb-25 17:36 0157  G6WQN          599  599  179                    3   7064.5
 40DIG 08-Feb-25 17:38 0158  OE2LCM         599  599  295                    3   7065.0
 40DIG 08-Feb-25 17:40 0159  DA0BCC         599  599  427                    2   7066.1
 40DIG 08-Feb-25 17:44 0160  HB0DX          599  599  542           HB0      3   7066.7
 40DIG 08-Feb-25 17:47 0161  EA3CI          599  599  275                    3   7067.5
 40DIG 08-Feb-25 17:51 0162  S53F           599  599  809                    3   7070.2
 40DIG 08-Feb-25 17:52 0163  I4JED          599  599  464                    3   7072.0
 40DIG 08-Feb-25 17:53 0164  EN60NK         599  599  172                    3   7072.6
 40DIG 08-Feb-25 17:57 0165  IO6T           599  599  1157                   3   7073.6
 40DIG 08-Feb-25 17:57 0166  HG1G           599  599  478                    3   7073.6
 40DIG 08-Feb-25 17:58 0167  OE5TXF         599  599  433                    3   7073.6
 40DIG 08-Feb-25 17:59 0168  R7MM           599  599  537                    3   7073.6
 40DIG 08-Feb-25 18:00 0169  YU1NR          599  599  095                    3   7073.6
 40DIG 08-Feb-25 18:00 0170  HA1WD          599  599  087                    3   7073.6
 40DIG 08-Feb-25 18:01 0171  P3X            599  599  1400          5B       5   7073.6
 40DIG 08-Feb-25 18:02 0172  EE4Y           599  599  1043                   3   7073.6
 40DIG 08-Feb-25 18:02 0173  SV2BXA         599  599  383                    3   7073.6
 40DIG 08-Feb-25 18:03 0174  OM7AG          599  599  207                    3   7073.5
 40DIG 08-Feb-25 18:04 0175  HA8WY          599  599  331                    3   7073.6
 40DIG 08-Feb-25 18:05 0176  UT4LW          599  599  1263                   3   7073.6
 40DIG 08-Feb-25 18:06 0177  OH2HAN         599  599  590           OH       3   7073.6
 40DIG 08-Feb-25 18:06 0178  OK4GP          599  599  262                    3   7073.6
 40DIG 08-Feb-25 18:07 0179  OM1FW          599  599  081                    3   7073.6
 40DIG 08-Feb-25 18:08 0180  IK4XQT         599  599  127                    3   7073.6
 40DIG 08-Feb-25 18:08 0181  LZ7X           599  599  364           LZ       3   7073.6
 40DIG 08-Feb-25 18:09 0182  I5WNN          599  599  166                    3   7073.6
 40DIG 08-Feb-25 18:09 0183  LY2SA          599  599  164           LY       3   7073.6
 40DIG 08-Feb-25 18:10 0184  HA6NL          599  599  251                    3   7073.6
 40DIG 08-Feb-25 18:10 0185  DM3PKK         599  599  107                    2   7073.6
 40DIG 08-Feb-25 18:11 0186  UR5LY          599  599  237                    3   7073.6
 40DIG 08-Feb-25 18:12 0187  DL3ON          599  599  94                     2   7073.6
 40DIG 08-Feb-25 18:13 0188  SQ8YHF         599  599  304                    3   7073.6
 40DIG 08-Feb-25 18:13 0189  OZ1JVX         599  599  81            OZ       3   7073.6
 40DIG 08-Feb-25 18:14 0190  SQ3OOK         599  599  109                    3   7073.6
 40DIG 08-Feb-25 18:14 0191  SO5WD          599  599  177                    3   7073.6
 40DIG 08-Feb-25 18:15 0192  IO3A           599  599  272                    3   7073.6
 40DIG 08-Feb-25 18:16 0193  G7SLP          599  599  229                    3   7073.6
 40DIG 08-Feb-25 18:16 0194  YT3H           599  599  135                    3   7073.6
 40DIG 08-Feb-25 18:17 0195  LZ1GE          599  599  051                    3   7073.6
 40DIG 08-Feb-25 18:17 0196  GU0SUP         599  599  330           GU       3   7073.6
 40DIG 08-Feb-25 18:18 0197  G2U            599  599  053                    3   7073.6
 40DIG 08-Feb-25 18:19 0198  PA4G           599  599  336                    3   7073.6
 40DIG 08-Feb-25 18:19 0199  IK3ORD         599  599  196                    3   7073.6
 80DIG 08-Feb-25 18:23 0200  S53X           599  599  390           S5       3   3586.7
 80DIG 08-Feb-25 18:24 0201  HA1TJ          599  599  403           HA       3   3586.7
 80DIG 08-Feb-25 18:25 0202  9A1A           599  599  432           9A       3   3586.7
 80DIG 08-Feb-25 18:25 0203  F5BEG          599  599  222           F        3   3586.7
 80DIG 08-Feb-25 18:26 0204  SP/IT9RGY      599  599  352           SP       3   3586.7
 80DIG 08-Feb-25 18:27 0205  9A1CCY         599  599  392                    3   3586.7
 80DIG 08-Feb-25 18:28 0206  S53F           599  599  863                    3   3586.7
 80DIG 08-Feb-25 18:28 0207  SO5CW          599  599  098                    3   3586.7
 80DIG 08-Feb-25 18:29 0208  DF3GY          599  599  005           DL       2   3586.7
 80DIG 08-Feb-25 18:29 0209  DL4DRG         599  599  063                    2   3586.7
 80DIG 08-Feb-25 18:30 0210  GM8U           599  599  203           GM       3   3586.7
 80DIG 08-Feb-25 18:32 0211  M1X            599  599  173           G        3   3586.7
 80DIG 08-Feb-25 18:32 0212  SN7Q           599  599  1383                   3   3586.7
 80DIG 08-Feb-25 18:34 0213  G6WQN          599  599  206                    3   3586.7
 80DIG 08-Feb-25 18:35 0214  LY6A           599  599  829           LY       3   3586.7
 80DIG 08-Feb-25 18:36 0215  OM5KM          599  599  185           OM       3   3586.7
 80DIG 08-Feb-25 19:25 0216  DO4OD          599  599  509                    2   3586.7
 80DIG 08-Feb-25 19:25 0217  I0WBX          599  599  439           I        3   3586.7
 80DIG 08-Feb-25 19:26 0218  DF8XC          599  599  615                    2   3586.7
 80DIG 08-Feb-25 19:27 0219  DL8TG          599  599  417                    2   3586.7
 80DIG 08-Feb-25 19:29 0220  DL2025S        599  599  301                    2   3586.7
 80DIG 08-Feb-25 19:30 0221  DM7XX          599  599  1046                   2   3586.8
 80DIG 08-Feb-25 19:30 0222  US6EX          599  599  213           UR       3   3586.7
 20DIG 08-Feb-25 19:34 0223  UB7K           599  599  1149          UA       3  14124.5
 20DIG 08-Feb-25 19:40 0224  W4CQE          599  599  302           K        5  14126.3
 40DIG 08-Feb-25 19:45 0225  OE5BGN         599  599  665                    3   7070.7
 40DIG 08-Feb-25 19:49 0226  DR5N           599  599  1098                   2   7068.2
 40DIG 08-Feb-25 19:51 0227  SD3T           599  599  617           SM       3   7067.3
 40DIG 08-Feb-25 20:01 0228  SM5FQQ         599  599  112                    3   7068.3
 40DIG 08-Feb-25 20:02 0229  HA8BT          599  599  344                    3   7068.3
 40DIG 08-Feb-25 20:02 0230  UW5Y           599  599  1567                   3   7068.3
 40DIG 08-Feb-25 20:04 0231  SP2BAS         599  599  215                    3   7068.3
 40DIG 08-Feb-25 20:05 0232  RT9A           599  599  1017          UA9      5   7068.3
 40DIG 08-Feb-25 20:06 0233  R9FE           599  599  476                    3   7068.3
 40DIG 08-Feb-25 20:07 0234  EW1P           599  599  272                    3   7068.3
 40DIG 08-Feb-25 20:08 0235  S57ZT          599  599  532                    3   7068.3
 40DIG 08-Feb-25 20:09 0236  EW8OM          599  599  204                    3   7068.3
 40DIG 08-Feb-25 20:09 0237  ED1R           599  599  498                    3   7068.3
 40DIG 08-Feb-25 20:10 0238  G0GQT          599  599  404                    3   7068.3
 40DIG 08-Feb-25 20:11 0239  SN3C           599  599  176                    3   7068.3
 40DIG 08-Feb-25 20:12 0240  DJ0YI          599  599  113                    2   7068.3
 40DIG 08-Feb-25 20:13 0241  OZ4GM          599  599  166                    3   7068.3
 40DIG 08-Feb-25 20:13 0242  OK1KKI         599  599  792                    3   7068.3
 40DIG 08-Feb-25 20:15 0243  OK2PF          599  599  616                    3   7068.3
 40DIG 08-Feb-25 20:16 0244  IZ0IRH         599  599  003                    3   7068.3
 40DIG 08-Feb-25 20:18 0245  DM7HB          599  599  122                    2   7068.3
 40DIG 08-Feb-25 20:19 0246  S51A           599  599  879                    3   7068.3
 40DIG 08-Feb-25 20:20 0247  EV1R           599  599  482                    3   7068.3
 40DIG 08-Feb-25 20:20 0248  EU4E           599  599  708                    3   7068.3
 40DIG 08-Feb-25 20:21 0249  EA3CFV         599  599  087                    3   7068.3
 40DIG 08-Feb-25 20:22 0250  US1VS          599  599  091                    3   7068.3
 40DIG 08-Feb-25 20:23 0251  DL9GTB         599  599  511                    2   7068.3
 40DIG 08-Feb-25 20:23 0252  LY3CY          599  599  130                    3   7068.3
 40DIG 08-Feb-25 20:24 0253  DM4X           599  599  697                    2   7068.3
 40DIG 08-Feb-25 20:24 0254  OK2WY          599  599  729                    3   7068.3
 40DIG 08-Feb-25 20:26 0255  SE4E           599  599  568                    3   7068.3
 40DIG 08-Feb-25 20:28 0256  IT9MRM         599  599  213           IT9      3   7068.3
 40DIG 08-Feb-25 20:31 0257  DM1KM          599  599  243                    2   7068.3
 40DIG 08-Feb-25 20:32 0258  EA2KU          599  599  211                    3   7068.3
 40DIG 08-Feb-25 20:33 0259  UR5EPM         599  599  105                    3   7068.3
 40DIG 08-Feb-25 20:33 0260  EA3IAZ         599  599  219                    3   7068.3
 40DIG 08-Feb-25 20:35 0261  DR6T           599  599  087                    2   7068.3
 20DIG 08-Feb-25 20:39 0262  WJ1X           599  599  237                    5  14122.5
 20DIG 08-Feb-25 20:41 0263  K4RUM          599  599  550                    5  14123.9
 20DIG 08-Feb-25 20:42 0264  9A925T         599  599  863                    3  14126.3
 20DIG 08-Feb-25 20:43 0265  AI6O           599  599  462                    5  14126.8
 20DIG 08-Feb-25 20:43 0266  WV4P           599  599  303                    5  14127.3
 20DIG 08-Feb-25 20:44 0267  WA2CP          599  599  727                    5  14128.3
 20DIG 08-Feb-25 20:45 0268  N4QS           599  599  147                    5  14129.9
 20DIG 08-Feb-25 20:47 0269  DK5MB          599  599  450           DL       2  14132.0
 20DIG 08-Feb-25 20:47 0270  WR2G           599  599  218                    5  14134.0
 20DIG 08-Feb-25 20:48 0271  HK1T           599  599  942           HK       5  14137.6
 20DIG 08-Feb-25 20:49 0272  VE3GYL         599  599  319           VE       5  14118.6
 20DIG 08-Feb-25 20:49 0273  N3QE           599  599  938                    5  14119.0
 20DIG 08-Feb-25 20:51 0274  K5EK           599  599  171                    5  14117.7
 20DIG 08-Feb-25 20:52 0275  VE3DZ          599  599  399                    5  14115.4
 20DIG 08-Feb-25 20:54 0276  W4TTY          599  599  662                    5  14113.0
 20DIG 08-Feb-25 20:55 0277  K0ZR           599  599  941                    5  14112.0
 20DIG 08-Feb-25 20:56 0278  AC9S           599  599  502                    5  14108.1
 20DIG 08-Feb-25 20:58 0279  K5VIP          599  599  272                    5  14114.7
 20DIG 08-Feb-25 20:58 0280  N9OK           599  599  274                    5  14114.7
 20DIG 08-Feb-25 21:01 0281  AC3U           599  599  146                    5  14114.7
 20DIG 08-Feb-25 21:01 0282  KA4RRU         599  599  907                    5  14114.7
 20DIG 08-Feb-25 21:02 0283  NA3M           599  599  969                    5  14114.7
 80DIG 08-Feb-25 21:06 0284  S58M           599  599  1135                   3   3597.7
 80DIG 08-Feb-25 21:07 0285  DM2X           599  599  653                    2   3597.7
 80DIG 08-Feb-25 21:09 0286  DL1GKC         599  599  93                     2   3597.6
 80DIG 08-Feb-25 21:10 0287  UW5Y           599  599  1652                   3   3597.6
 80DIG 08-Feb-25 21:12 0288  DO2MOG         599  599  107                    2   3597.6
 80DIG 08-Feb-25 21:13 0289  TM3Z           599  599  1444                   3   3597.6
 80DIG 08-Feb-25 21:14 0290  LY2MM          599  599  192                    3   3597.6
 80DIG 08-Feb-25 21:15 0291  DP7D           599  599  1354                   2   3597.6
 80DIG 08-Feb-25 21:16 0292  DQ2C           599  599  1072                   2   3597.6
 80DIG 08-Feb-25 21:17 0293  DL5RMH         599  599  337                    2   3597.6
 80DIG 08-Feb-25 21:17 0294  HG5BMU         599  599  020                    3   3597.6
 80DIG 08-Feb-25 21:19 0295  LY2F           599  599  112                    3   3597.6
 80DIG 08-Feb-25 21:20 0296  DL1ABR         599  599  345                    2   3597.6
 80DIG 08-Feb-25 21:21 0297  II1R           599  599  404                    3   3597.6
 80DIG 08-Feb-25 21:23 0298  IP4A           599  599  332                    3   3597.6
 80DIG 08-Feb-25 21:23 0299  DK1KC          599  599  425                    2   3597.6
 80DIG 08-Feb-25 21:26 0300  DN0UKW         599  599  265                    2   3597.6
 80DIG 08-Feb-25 21:26 0301  DJ3NG          599  599  619                    2   3597.6
 80DIG 08-Feb-25 21:27 0302  IO6T           599  599  1407                   3   3597.6
 80DIG 08-Feb-25 21:27 0303  SO5WD          599  599  238                    3   3597.6
 80DIG 08-Feb-25 21:28 0304  DL2FQ          599  599  235                    2   3597.6
 80DIG 08-Feb-25 21:28 0305  G7D            599  599  371                    3   3597.6
 80DIG 08-Feb-25 21:29 0306  F6BUL          599  599  179                    3   3597.6
 80DIG 08-Feb-25 21:29 0307  SP2MKI         599  599  277                    3   3597.6
 80DIG 08-Feb-25 21:30 0308  LA3BPA         599  599  215           LA       3   3597.6
 80DIG 08-Feb-25 21:31 0309  IO5Y           599  599  070                    3   3597.6
 80DIG 08-Feb-25 21:32 0310  E74O           599  599  245           E7       3   3597.6
 80DIG 08-Feb-25 21:33 0311  UT2II          599  599  263                    3   3597.6
 80DIG 08-Feb-25 21:33 0312  PA3I           599  599  275           PA       3   3597.6
 80DIG 08-Feb-25 21:35 0313  IQ4RN          599  599  053                    3   3597.6
 80DIG 08-Feb-25 21:35 0314  DL4ME          599  599  474                    2   3597.6
 80DIG 08-Feb-25 21:36 0315  DL3YM          599  599  471                    2   3597.6
 80DIG 08-Feb-25 21:38 0316  OE5TXF         599  599  582           OE       3   3597.6
 80DIG 08-Feb-25 21:39 0317  MW9W           599  599  643           GW       3   3597.6
 80DIG 08-Feb-25 21:39 0318  DH6BH          599  599  131                    2   3597.6
 80DIG 08-Feb-25 21:41 0319  DL2LBK         599  599  245                    2   3597.6
 80DIG 08-Feb-25 21:42 0320  UB7K           599  599  1310          UA       3   3597.6
 80DIG 08-Feb-25 21:43 0321  DP6K           599  599  136                    2   3597.6
 80DIG 08-Feb-25 21:44 0322  DJ7TW          599  599  061                    2   3597.6
 80DIG 08-Feb-25 21:45 0323  S51A           599  599  964                    3   3597.6
 80DIG 08-Feb-25 21:46 0324  S54E           599  599  603                    3   3597.6
 80DIG 08-Feb-25 21:48 0325  EW7B           599  599  604           EU       3   3597.6
 80DIG 08-Feb-25 21:49 0326  YO3GCL         599  599  084           YO       3   3597.6
 80DIG 08-Feb-25 21:50 0327  IK3ORD         599  599  197                    3   3597.6
 80DIG 08-Feb-25 21:51 0328  DL7URH         599  599  281                    2   3597.6
 80DIG 08-Feb-25 21:55 0329  DM3W           599  599  1099                   2   3597.9
 80DIG 08-Feb-25 21:56 0330  LX5M           599  599  425           LX       3   3599.6
 80DIG 08-Feb-25 22:00 0331  OM5CD          599  599  334                    3   3600.3
 80DIG 08-Feb-25 22:01 0332  DL3MXX         599  599  324                    2   3601.4
 80DIG 08-Feb-25 22:03 0333  OR7G           599  599  401           ON       3   3602.2
 10DIG 09-Feb-25 09:15 0334  UB7K           599  599  1728                   3  28111.8
 10DIG 09-Feb-25 09:16 0335  R7MM           599  599  733                    3  28113.1
 10DIG 09-Feb-25 09:17 0336  RW0SR          599  599  628           UA9      5  28114.3
 10DIG 09-Feb-25 16:23 0337  DL0DX          599  599  1026                   2  28107.1
 10DIG 09-Feb-25 16:25 0338  PV2K           599  599  912                    5  28103.8
 10DIG 09-Feb-25 16:27 0339  N7US           599  599  236                    5  28100.6
 10DIG 09-Feb-25 16:28 0340  NS4X           599  599  689                    5  28097.5
 10DIG 09-Feb-25 16:28 0341  KI1G           599  599  310                    5  28096.8
 10DIG 09-Feb-25 16:29 0342  WT9U           599  599  1079                   5  28095.9
 10DIG 09-Feb-25 16:30 0343  AE1P           599  599  1286                   5  28095.1
 10DIG 09-Feb-25 19:28 0344  NK5P           599  599  2016                   5  28091.3
 10DIG 09-Feb-25 19:32 0345  KB3VQC         599  599  211                    5  28095.3
 10DIG 09-Feb-25 19:35 0346  KZ0US          599  599  600                    5  28095.3
 10DIG 09-Feb-25 19:36 0347  NR4M           599  599  341                    5  28095.3
 10DIG 09-Feb-25 19:38 0348  PY2GZ          599  599  285                    5  28092.9
 10DIG 09-Feb-25 19:40 0349  P49X           599  599  3577          P4       5  28084.8
 15DIG 09-Feb-25 19:41 0350  AE1P           599  599  1513                   5  21122.3
 15DIG 09-Feb-25 19:43 0351  CB1C           599  599  405           CE       5  21120.3
 15DIG 09-Feb-25 19:44 0352  CT7BJG         599  599  1065          CT       3  21119.9
 15DIG 09-Feb-25 19:45 0353  DP7D           599  599  2490          DL       2  21119.0
 15DIG 09-Feb-25 19:46 0354  N5SMQ          599  599  418                    5  21118.0
 15DIG 09-Feb-25 19:47 0355  K9OM           599  599  581                    5  21117.0
 15DIG 09-Feb-25 19:47 0356  N7GP           599  599  1094                   5  21116.6
 15DIG 09-Feb-25 19:48 0357  4U1WB          599  599  484                    5  21116.0
 15DIG 09-Feb-25 19:49 0358  K1GU           599  599  104                    5  21115.5
 15DIG 09-Feb-25 19:52 0359  N8CWU          599  599  863                    5  21110.6
 15DIG 09-Feb-25 19:53 0360  K3ANI          599  599  965                    5  21109.6
 15DIG 09-Feb-25 19:54 0361  N9OK           599  599  751                    5  21107.7
 15DIG 09-Feb-25 19:55 0362  WT9U           599  599  1239                   5  21106.6
 15DIG 09-Feb-25 20:01 0363  SN3A           599  599  1422          SP       3  21104.9
 15DIG 09-Feb-25 20:02 0364  WW3S           599  599  790                    5  21104.9
 15DIG 09-Feb-25 20:02 0365  XL2X           599  599  705           VE       5  21104.9
 15DIG 09-Feb-25 20:03 0366  KS3F           599  599  152                    5  21104.9
 15DIG 09-Feb-25 20:06 0367  9A5Y           599  599  111                    3  21104.9
 15DIG 09-Feb-25 20:08 0368  K2RB           599  599  985                    5  21104.3
 15DIG 09-Feb-25 20:09 0369  AH2O           599  599  1320                   5  21103.8
 15DIG 09-Feb-25 20:10 0370  K9CT           599  599  1117                   5  21103.2
 15DIG 09-Feb-25 20:11 0371  K5DHY          599  599  515                    5  21099.4
 15DIG 09-Feb-25 20:12 0372  NR4M           599  599  899                    5  21097.1
 15DIG 09-Feb-25 20:17 0373  PR1T           599  599  1685          PY       5  21092.2
 40DIG 09-Feb-25 20:21 0374  DL9UP          599  599  297                    2   7066.3
 40DIG 09-Feb-25 20:21 0375  IK5PWS         599  599  464                    3   7066.3
 40DIG 09-Feb-25 20:22 0376  F4EQN          599  599  782                    3   7066.3
 40DIG 09-Feb-25 20:23 0377  SF5X           599  599  1829                   3   7066.3
 40DIG 09-Feb-25 20:25 0378  LY2F           599  599  1244                   3   7066.3
 40DIG 09-Feb-25 20:25 0379  UW8SM          599  599  542                    3   7066.3
 40DIG 09-Feb-25 20:27 0380  HB9HQX         599  599  318                    3   7066.3
 40DIG 09-Feb-25 20:27 0381  YQ6A           599  599  1568                   3   7066.3
 40DIG 09-Feb-25 20:28 0382  DL6RDR         599  599  661                    2   7066.3
 40DIG 09-Feb-25 20:29 0383  RW4WA          599  599  723                    3   7066.3
 40DIG 09-Feb-25 20:30 0384  SP2EWQ         599  599  485                    3   7066.3
 40DIG 09-Feb-25 20:31 0385  UB7K           599  599  2373                   3   7066.3
 40DIG 09-Feb-25 20:31 0386  DL5NO          599  599  157                    2   7066.3
 40DIG 09-Feb-25 20:34 0387  R9MA           599  599  476                    5   7066.3
 40DIG 09-Feb-25 20:35 0388  YO9HP          599  599  1925                   3   7066.3
 40DIG 09-Feb-25 20:35 0389  IZ2WYA         599  599  247                    3   7066.3
 40DIG 09-Feb-25 20:36 0390  SP4NKJ         599  599  247                    3   7066.3
 40DIG 09-Feb-25 20:37 0391  LY5T           599  599  323                    3   7066.3
 40DIG 09-Feb-25 20:38 0392  4Z4AK          599  599  997           4X       5   7066.3
 40DIG 09-Feb-25 20:40 0393  YO4BEW         599  599  374                    3   7066.3
 40DIG 09-Feb-25 20:40 0394  SP1TJ          599  599  492                    3   7066.3
 40DIG 09-Feb-25 20:41 0395  OL0W           599  599  1004                   3   7066.3
 40DIG 09-Feb-25 20:42 0396  IK2AHB         599  599  384                    3   7066.3
 40DIG 09-Feb-25 20:42 0397  RV3DBK         599  599  242                    3   7066.3
 40DIG 09-Feb-25 20:43 0398  G4ZOB          599  599  402                    3   7066.3
 80DIG 09-Feb-25 20:47 0399  OK2WY          599  599  1481          OK       3   3602.5
 80DIG 09-Feb-25 20:48 0400  IP4R           599  599  379                    3   3602.5
 80DIG 09-Feb-25 20:48 0401  DF4ZL          599  599  764                    2   3602.5
 80DIG 09-Feb-25 20:49 0402  DF1DT          599  599  482                    2   3602.5
 80DIG 09-Feb-25 20:49 0403  IK3BVD         599  599  213                    3   3602.5
 80DIG 09-Feb-25 20:51 0404  SP1TJ          599  599  496                    3   3602.5
 80DIG 09-Feb-25 20:52 0405  F1MKC          599  599  335                    3   3602.5
 80DIG 09-Feb-25 21:03 0406  OK1DEZ         599  599  520                    3   3603.1
 80DIG 09-Feb-25 21:04 0407  YO4NF          599  599  154                    3   3601.5
 80DIG 09-Feb-25 21:06 0408  IZ3ZPO         599  599  437                    3   3601.1
 80DIG 09-Feb-25 21:08 0409  LZ5XQ          599  599  255           LZ       3   3600.5
 80DIG 09-Feb-25 21:09 0410  II1A           599  599  102                    3   3598.6
 80DIG 09-Feb-25 21:16 0411  OK1HMP         599  599  124                    3   3596.2
 80DIG 09-Feb-25 21:16 0412  DL3FCG         599  599  158                    2   3596.2
 80DIG 09-Feb-25 21:17 0413  DL2MLU         599  599  649                    2   3596.2
 80DIG 09-Feb-25 21:19 0414  OE9NRH         599  599  263                    3   3596.2
 80DIG 09-Feb-25 21:20 0415  OK4GP          599  599  747                    3   3596.2
 80DIG 09-Feb-25 21:21 0416  S56A           599  599  505                    3   3596.2
 80DIG 09-Feb-25 21:22 0417  HB9HQX         599  599  344           HB       3   3596.2
 80DIG 09-Feb-25 21:23 0418  DD1UN          599  599  076                    2   3596.2
 80DIG 09-Feb-25 21:23 0419  DH4BM          599  599  288                    2   3596.2
 80DIG 09-Feb-25 21:27 0420  4U1ITU         599  599  543           4U1I     3   3594.4
