 40CW  06-Jan-25 16:33 0001  DL0YY          599  599  8             DL       2   7018.5
 40CW  06-Jan-25 16:34 0002  S51J           599  599  6             S5       3   7018.5
 40CW  06-Jan-25 16:35 0003  OK2BFN         599  599  11            OK       3   7018.5
 40CW  06-Jan-25 16:35 0004  SM5DXR         599  599  6             SM       3   7018.5
 40CW  06-Jan-25 16:36 0005  SM5S           599  599  1                      3   7018.5
 40CW  06-Jan-25 16:36 0006  DL8QS          599  599  14                     2   7018.5
 40CW  06-Jan-25 16:36 0007  I3VWK          599  599  9             I        3   7018.5
 40CW  06-Jan-25 16:37 0008  DF7YE          599  599  9                      2   7018.5
 40CW  06-Jan-25 16:38 0009  DK3AX          599  599  6                      2   7018.5
 40CW  06-Jan-25 16:38 0010  HB9HTF         599  599  16            HB       3   7018.5
 40CW  06-Jan-25 16:38 0011  OK1RKS         599  599  7                      3   7018.5
 40CW  06-Jan-25 16:39 0012  SN7J           599  599  14            SP       3   7018.5
 40CW  06-Jan-25 16:40 0013  M4N            599  599  16            G        3   7018.5
 40CW  06-Jan-25 16:41 0014  OK2NAJ         599  599  11                     3   7018.5
 40CW  06-Jan-25 16:41 0015  OK1OA          599  599  20                     3   7018.5
 40CW  06-Jan-25 16:42 0016  OM4DU          599  599  11            OM       3   7018.5
 40CW  06-Jan-25 16:42 0017  OK5M           599  599  37                     3   7018.5
 40CW  06-Jan-25 16:42 0018  HG5E           599  599  32            HA       3   7018.5
 40CW  06-Jan-25 16:43 0019  OK1ITK         599  599  12                     3   7018.5
 40CW  06-Jan-25 16:43 0020  SE4E           599  599  19                     3   7018.5
 40CW  06-Jan-25 16:44 0021  G4LJU          599  599  12                     3   7018.5
 40CW  06-Jan-25 16:45 0022  G0TRT          599  599  14                     3   7018.5
 40CW  06-Jan-25 16:45 0023  DF4XX          599  599  24                     2   7018.5
 40CW  06-Jan-25 16:45 0024  OL8R           599  599  52                     3   7018.5
 40CW  06-Jan-25 16:46 0025  HA5BA          599  599  23                     3   7018.5
 40CW  06-Jan-25 16:46 0026  HB9BXE         599  599  35                     3   7018.5
 40CW  06-Jan-25 16:46 0027  HB9CMW         599  599  12                     3   7018.5
 40CW  06-Jan-25 16:47 0028  OK2NO          599  599  30                     3   7018.5
 40CW  06-Jan-25 16:47 0029  OK1DOL         599  599  46                     3   7018.5
 40CW  06-Jan-25 16:47 0030  OK4RQ          599  599  31                     3   7018.5
 40CW  06-Jan-25 16:48 0031  DM8T           599  599  22                     2   7018.5
 40CW  06-Jan-25 16:48 0032  M7TSM          599  599  10                     3   7018.5
 40CW  06-Jan-25 16:48 0033  OH3MZ          599  599  18            OH       3   7018.5
 40CW  06-Jan-25 16:49 0034  DF7TS          599  599  18                     2   7018.5
 40CW  06-Jan-25 16:49 0035  OM5B           599  599  48                     3   7018.5
 40CW  06-Jan-25 16:50 0036  OK4X           599  599  26                     3   7018.5
 40CW  06-Jan-25 16:51 0037  OK5OO          599  599  42                     3   7018.5
 40CW  06-Jan-25 16:51 0038  DR6W           599  599  11                     2   7018.5
 40CW  06-Jan-25 16:51 0039  M7TAW          599  599  1                      3   7018.5
 40CW  06-Jan-25 16:52 0040  DL6AA          599  599  34                     2   7018.5
 40CW  06-Jan-25 16:53 0041  IU2OZV         599  599  18                     3   7018.5
 40CW  06-Jan-25 16:53 0042  DL5XL          599  599  41                     2   7018.5
 40CW  06-Jan-25 16:54 0043  SP1JXJ         599  599  19                     3   7018.5
 40CW  06-Jan-25 16:55 0044  HA1YI          599  599  72                     3   7018.5
 40CW  06-Jan-25 16:55 0045  RA4HBS         599  599  15            UA       3   7018.5
 40CW  06-Jan-25 16:55 0046  DF8QB          599  599  28                     2   7018.5
 40CW  06-Jan-25 16:56 0047  SM5CSS         599  599  31                     3   7018.5
 40CW  06-Jan-25 16:56 0048  OK2SFP         599  599  25                     3   7018.5
 40CW  06-Jan-25 16:57 0049  DF8V           599  599  59                     2   7018.5
 40CW  06-Jan-25 16:57 0050  OK1TD          599  599  38                     3   7018.5
 40CW  06-Jan-25 16:57 0051  D1CW           599  599  34                     5   7018.5
 40CW  06-Jan-25 16:58 0052  SM0OEK         599  599  45                     3   7018.5
 40CW  06-Jan-25 16:59 0053  SM5ACQ         599  599  51                     3   7019.5
 40CW  06-Jan-25 17:00 0054  ZA1RR          599  599  33            ZA       3   7019.7
 40CW  06-Jan-25 17:01 0055  SF6J           599  599  46                     3   7020.5
 40CW  06-Jan-25 17:01 0056  DJ4WT          599  599  16                     2   7021.3
 40CW  06-Jan-25 17:03 0057  IK5MEL         599  599  24                     3   7022.0
 40CW  06-Jan-25 17:03 0058  OL1T           599  599  66                     3   7022.9
 40CW  06-Jan-25 17:04 0059  LZ5DI          599  599  84            LZ       3   7023.8
 40CW  06-Jan-25 17:04 0060  DR3W           599  599  47                     2   7024.1
 40CW  06-Jan-25 17:05 0061  S55OO          599  599  63                     3   7024.7
 40CW  06-Jan-25 17:05 0062  OK2PYA         599  599  55                     3   7025.1
 40CW  06-Jan-25 17:07 0063  I2CZQ          599  599  40                     3   7027.9
 40CW  06-Jan-25 17:07 0064  YU5T           599  599  42            YU       3   7028.6
 40CW  06-Jan-25 17:08 0065  OK1TN          599  599  78                     3   7029.3
 40CW  06-Jan-25 17:08 0066  SP2QG          599  599  72                     3   7029.7
 40CW  06-Jan-25 17:09 0067  YL2TD          599  599  63            YL       3   7030.5
 40CW  06-Jan-25 17:10 0068  Z35M           599  599  39            Z3       3   7031.2
 40CW  06-Jan-25 17:10 0069  OK2CQR         599  599  16                     3   7031.8
 40CW  06-Jan-25 17:11 0070  OM3TVI         599  599  30                     3   7020.4
 40CW  06-Jan-25 17:12 0071  HA6NL          599  599  36                     3   7020.4
 40CW  06-Jan-25 17:12 0072  SM6M           599  599  75                     3   7020.4
 40CW  06-Jan-25 17:12 0073  SQ8LUU         599  599  42                     3   7020.4
 40CW  06-Jan-25 17:13 0074  OK5M           599  599  99                     0   7020.4
 40CW  06-Jan-25 17:13 0075  DD7NT          599  599  24                     2   7020.4
 40CW  06-Jan-25 17:14 0076  OK3NR          599  599  22                     3   7020.4
 40CW  06-Jan-25 17:15 0077  ON4EM          599  599  73            ON       3   7020.4
 40CW  06-Jan-25 17:16 0078  PA3AAV         599  599  114           PA       3   7020.4
 40CW  06-Jan-25 17:16 0079  OK2ON          599  599  20                     3   7020.4
 40CW  06-Jan-25 17:17 0080  DJ9MH          599  599  80                     2   7020.4
 40CW  06-Jan-25 17:18 0081  OK2VX          599  599  45                     3   7020.4
 40CW  06-Jan-25 17:19 0082  OK1RZ          599  599  95                     3   7020.4
 40CW  06-Jan-25 17:19 0083  PA2A           599  599  98                     3   7020.4
 40CW  06-Jan-25 17:20 0084  RV6HV          599  599  52                     3   7020.4
 40CW  06-Jan-25 17:20 0085  Z32TO          599  599  79                     3   7020.4
 40CW  06-Jan-25 17:21 0086  G4BUE          599  599  7                      3   7020.4
 40CW  06-Jan-25 17:21 0087  SD6F           599  599  87                     3   7020.4
 40CW  06-Jan-25 17:22 0088  SN7O           599  599  101                    3   7020.4
 40CW  06-Jan-25 17:23 0089  OK1FIA         599  599  76                     3   7020.4
 40CW  06-Jan-25 17:24 0090  IK5TBK         599  599  22                     3   7020.4
 40CW  06-Jan-25 17:26 0091  OK2QA          599  599  78                     3   7020.4
 40CW  06-Jan-25 17:26 0092  DA2K           599  599  67                     2   7020.4
 40CW  06-Jan-25 17:26 0093  DM6EE          599  599  72                     2   7020.4
