 15SSB 13-Sep-25 08:11 0001  4L2M           59   59   399           4L       5  21247.0
 15SSB 13-Sep-25 08:14 0002  BY1RX          59   59   146           BY       5  21201.0
 15SSB 13-Sep-25 08:16 0003  RM9I           59   59   276           UA9      5  21205.0
 15SSB 13-Sep-25 08:16 0004  EX7CQ          59   59   259           EX       5  21216.8
 15SSB 13-Sep-25 08:18 0005  R9RA           59   59   93                     5  21227.9
 15SSB 13-Sep-25 08:23 0006  A60A           59   59   440           A6       5  21270.0
 15SSB 13-Sep-25 08:29 0007  P3CR           59   59   555           5B       5  21283.0
 15SSB 13-Sep-25 08:34 0008  UN8PT          59   59   137           UN       5  21315.0
 15SSB 13-Sep-25 08:35 0009  VK9A           59   59   109           VK9N     5  21318.0
 10SSB 13-Sep-25 08:41 0010  P3CR           59   59   580           5B       5  28444.0
 10SSB 13-Sep-25 08:44 0011  4L2M           59   59   451           4L       5  28473.0
 10SSB 13-Sep-25 08:44 0012  4Z5ML          59   59   42            4X       5  28470.0
 10SSB 13-Sep-25 08:49 0013  UA9BA          59   59   54            UA9      5  28498.0
 10SSB 13-Sep-25 08:50 0014  HZ7C           59   59   113           HZ       5  28435.0
 10SSB 13-Sep-25 08:54 0015  9K2HN          59   59   181           9K       5  28460.0
 10SSB 13-Sep-25 08:59 0016  4X0T           59   59   371                    5  28486.0
 20SSB 13-Sep-25 09:10 0017  K1LZ           59   59   414           K        5  14215.9
 20SSB 13-Sep-25 09:17 0018  TI1K           59   59   389           TI       5  14240.0
 15SSB 13-Sep-25 09:28 0019  UA9BA          59   59   189                    5  21235.0
 15SSB 13-Sep-25 09:31 0020  JG1ZUY         59   59   154           JA       5  21239.0
 15SSB 13-Sep-25 09:31 0021  RA0AY          59   59   106                    5  21244.0
 15SSB 13-Sep-25 09:35 0022  RK8I           59   59   046                    5  21185.5
 15SSB 13-Sep-25 09:36 0023  JH4UTP         59   59   74                     5  21191.0
 15SSB 13-Sep-25 09:42 0024  BI6LFJ         59   59   145                    5  21220.0
 15SSB 13-Sep-25 09:44 0025  TA4RC          59   59   023           TA       5  21230.0
 15SSB 13-Sep-25 09:52 0026  CR3Z           59   59   262           CT3      5  21264.0
 15SSB 13-Sep-25 09:54 0027  PV2K           59   59   135           PY       5  21267.0
 15SSB 13-Sep-25 09:56 0028  A60A           59   59   556                    0  21270.0
 15SSB 13-Sep-25 09:58 0029  PY2KJ          59   59   76                     5  21292.0
 15SSB 13-Sep-25 10:00 0030  TC4DX          59   59   385                    5  21312.0
 15SSB 13-Sep-25 10:09 0031  CT3HF          59   59   47                     5  21324.0
 15SSB 13-Sep-25 10:13 0032  CR3W           59   59   700                    5  21317.0
 15SSB 13-Sep-25 10:43 0033  PP1WW          59   59   175                    5  21221.0
 15SSB 13-Sep-25 10:59 0034  HZ1LG          59   59   98            HZ       5  21214.0
 15SSB 13-Sep-25 11:01 0035  PT5J           59   59   380                    5  21260.0
 15SSB 13-Sep-25 11:09 0036  A41CK          59   59   73            A4       5  21314.0
 15SSB 13-Sep-25 11:19 0037  UP7L           59   59   347                    5  21324.0
 10SSB 13-Sep-25 11:34 0038  A60A           59   59   705           A6       5  28447.0
 10SSB 13-Sep-25 11:37 0039  YB9ELS         59   59   88            YB       5  28468.0
 10SSB 13-Sep-25 11:42 0040  PT5J           59   59   444           PY       5  28450.2
 10SSB 13-Sep-25 11:48 0041  YC0BDB         59   59   2                      5  28475.0
 10SSB 13-Sep-25 11:51 0042  UN3M           59   59   46            UN       5  28400.0
 10SSB 13-Sep-25 12:04 0043  DZ3B           59   59   77            DU       5  28482.0
 10SSB 13-Sep-25 16:25 0044  CR3Z           59   59   952           CT3      5  28475.0
 10SSB 13-Sep-25 16:30 0045  PY2XC          59   59   049                    5  28435.2
 10SSB 13-Sep-25 16:31 0046  ZW2WSP         59   59   165                    5  28433.0
 10SSB 13-Sep-25 16:33 0047  PY8ML          59   59   63                     5  28430.0
 10SSB 13-Sep-25 16:34 0048  PY2SNX         59   59   4                      5  28427.0
 10SSB 13-Sep-25 16:43 0049  PY2DY          59   59   259                    5  28382.0
 10SSB 13-Sep-25 16:48 0050  PY2CX          59   59   193                    5  28446.0
 10SSB 13-Sep-25 16:49 0051  PY2NY          59   59   149                    5  28457.0
 10SSB 13-Sep-25 16:55 0052  CX6TU          59   59   137           CX       5  28520.0
 10SSB 13-Sep-25 16:56 0053  PX5X           59   59   588                    5  28528.0
 10SSB 13-Sep-25 16:56 0054  CR3W           59   59   1288                   5  28535.0
 20SSB 13-Sep-25 17:02 0055  TC4DX          59   59   721           TA       5  14175.0
 20SSB 13-Sep-25 17:10 0056  EX7CQ          59   59   794           EX       5  14193.2
 20SSB 13-Sep-25 17:18 0057  VE9CF/VY2      59   59   282           VE       5  14171.0
 15SSB 13-Sep-25 17:20 0058  FY5KE          59   59   783           FY       5  21251.0
 15SSB 13-Sep-25 17:23 0059  PY2QT          59   59   164                    5  21245.0
 15SSB 13-Sep-25 17:25 0060  NA8V           59   59   103           K        5  21227.6
 15SSB 13-Sep-25 17:26 0061  WX3B           59   59   451                    5  21200.3
 15SSB 13-Sep-25 17:27 0062  K1LZ           59   59   902                    5  21246.9
 15SSB 13-Sep-25 17:30 0063  PP5KR          59   59   093                    5  21256.0
 20SSB 13-Sep-25 17:32 0064  BH7FFR         59   59   276           BY       5  14176.8
 10SSB 13-Sep-25 18:08 0065  PY2MP          59   59   194                    5  28467.0
 10SSB 13-Sep-25 18:34 0066  CB3A           59   59   113           CE       5  28445.0
 10SSB 13-Sep-25 18:36 0067  PY2KJ          59   59   153                    5  28440.0
 10SSB 13-Sep-25 18:39 0068  PY3TD          59   59   142                    5  28400.9
 10SSB 13-Sep-25 18:40 0069  PY2DR          59   59   48                     5  28396.0
 10SSB 13-Sep-25 18:42 0070  PZ5RA          59   59   182           PZ       5  28390.0
 10SSB 13-Sep-25 18:43 0071  CA1NPK         59   59   024                    5  28355.0
 10SSB 13-Sep-25 18:50 0072  PR1T           59   59   904                    5  28470.0
 10SSB 13-Sep-25 19:04 0073  PU2UAF         59   59   103                    5  28505.0
 15SSB 13-Sep-25 19:11 0074  PP5RT          59   59   332                    5  21217.0
 15SSB 13-Sep-25 19:12 0075  PY2DY          59   59   373                    5  21225.0
 15SSB 13-Sep-25 19:15 0076  PT2AW          59   59   101                    5  21262.0
 15SSB 13-Sep-25 19:18 0077  PY1AX          59   59   194                    5  21291.0
 15SSB 13-Sep-25 19:21 0078  OA4DKN         59   59   95            OA       5  21306.0
 15SSB 13-Sep-25 19:23 0079  PX5X           59   59   727                    5  21309.0
 15SSB 13-Sep-25 19:23 0080  ZZ2O           59   59   442                    5  21315.0
 15SSB 13-Sep-25 19:26 0081  PR1T           59   59   935                    5  21330.0
 15SSB 13-Sep-25 19:27 0082  LU2PWY         59   59   174           LU       5  21342.0
 15SSB 13-Sep-25 19:29 0083  PY2CX          59   59   265                    5  21284.0
 20SSB 13-Sep-25 19:38 0084  YB1RKT         59   59   195           YB       5  14215.0
 20SSB 13-Sep-25 19:39 0085  NN7CW          59   59   474                    5  14217.5
 20SSB 13-Sep-25 19:41 0086  A41CK          59   59   674           A4       5  14222.0
 20SSB 13-Sep-25 19:44 0087  HZ1TT          59   59   470           HZ       5  14229.0
 20SSB 13-Sep-25 19:45 0088  A60A           59   59   1308          A6       5  14240.0
 20SSB 13-Sep-25 19:49 0089  4L2M           59   59   1133          4L       5  14236.9
 20SSB 13-Sep-25 19:54 0090  FY5KE          59   59   1017          FY       5  14285.0
 20SSB 13-Sep-25 19:55 0091  PP5RT          59   59   367           PY       5  14260.0
 20SSB 13-Sep-25 19:56 0092  KE2AY          59   59   501                    5  14209.5
 20SSB 13-Sep-25 19:58 0093  NE1C           59   59   523                    5  14196.0
 20SSB 13-Sep-25 20:00 0094  VE2ACP         59   59   30                     5  14192.8
 20SSB 13-Sep-25 20:04 0095  PT5J           59   59   1110                   5  14190.0
 20SSB 13-Sep-25 20:06 0096  N1RM           59   59   444                    5  14186.5
 20SSB 13-Sep-25 20:08 0097  VE3NNT         59   59   301                    5  14184.0
 20SSB 13-Sep-25 20:09 0098  K3RA           59   59   66                     5  14179.8
 20SSB 13-Sep-25 20:14 0099  P3X            59   59   657           5B       5  14200.0
 20SSB 13-Sep-25 20:18 0100  CR3W           59   59   1575          CT3      5  14240.1
 20SSB 13-Sep-25 20:19 0101  7X2VFK         59   59   207           7X       5  14235.0
 20SSB 13-Sep-25 20:21 0102  PP1WW          59   59   646                    5  14213.8
 20SSB 13-Sep-25 20:23 0103  N3RS           59   59   591                    5  14197.9
 20SSB 13-Sep-25 20:24 0104  K1RM           59   59   63                     5  14188.0
 20SSB 13-Sep-25 20:28 0105  PX5X           59   59   774                    5  14166.0
 20SSB 13-Sep-25 20:29 0106  K6JO           59   59   712                    5  14165.0
 20SSB 13-Sep-25 20:33 0107  V26K           59   59   132           V2       5  14128.4
 20SSB 13-Sep-25 20:34 0108  WX3B           59   59   713                    5  14150.5
 20SSB 13-Sep-25 20:36 0109  VE5MX          59   59   119                    5  14154.1
 20SSB 13-Sep-25 20:37 0110  PY2NA          59   59   85                     5  14170.0
 20SSB 13-Sep-25 20:40 0111  ZZ2O           59   59   536                    5  14181.5
 20SSB 13-Sep-25 20:41 0112  PY8WW          59   59   274                    5  14207.0
 20SSB 13-Sep-25 20:46 0113  PV8DX          59   59   15                     5  14218.0
 20SSB 13-Sep-25 20:52 0114  PY2UD          59   59   476                    5  14328.0
 20SSB 13-Sep-25 20:56 0115  PY5AMF         59   59   173                    5  14255.0
 20SSB 13-Sep-25 21:00 0116  N9RV           59   59   57                     5  14249.3
 20SSB 13-Sep-25 21:02 0117  BH8GFN         59   59   445                    5  14238.0
 40SSB 13-Sep-25 21:11 0118  TA7I           59   59   124           TA       5   7140.0
 40SSB 13-Sep-25 21:15 0119  RM9I           59   59   1165          UA9      5   7162.7
 40SSB 13-Sep-25 21:17 0120  P3CR           59   59   1580          5B       5   7188.0
 40SSB 13-Sep-25 21:20 0121  BY1RX          59   59   307           BY       5   7166.0
 40SSB 13-Sep-25 21:58 0122  CR3Z           59   59   1413          CT3      5   7141.0
 40SSB 13-Sep-25 22:01 0123  EX7CQ          59   59   995           EX       5   7158.5
 40SSB 13-Sep-25 22:03 0124  4L2M           59   59   1309          4L       5   7169.6
 15SSB 14-Sep-25 08:59 0125  UN3M           59   59   634                    5  21298.0
 15SSB 14-Sep-25 09:00 0126  JE6RPM         59   59   656                    5  21307.4
 15SSB 14-Sep-25 09:04 0127  TA7I           59   59   368                    5  21295.0
 15SSB 14-Sep-25 09:06 0128  4X0T           59   59   1130          4X       5  21275.0
 15SSB 14-Sep-25 09:09 0129  BH7FFR         59   59   500                    5  21273.1
 15SSB 14-Sep-25 09:49 0130  PY4JW          59   59   367                    5  21268.0
 20SSB 14-Sep-25 09:52 0131  CR3Z           59   59   1758                   5  14292.0
 20SSB 14-Sep-25 09:53 0132  V31MA          59   59   240           V3       5  14247.0
 15SSB 14-Sep-25 11:43 0133  HZ7C           59   59   766                    5  21233.0
 15SSB 14-Sep-25 11:46 0134  4X6DK          59   59   529                    5  21256.0
 15SSB 14-Sep-25 11:48 0135  TI1K           59   59   962           TI       5  21274.0
 15SSB 14-Sep-25 11:52 0136  V31MA          59   59   274           V3       5  21310.0
 15SSB 14-Sep-25 15:08 0137  N1RM           59   59   551                    5  21275.0
 15SSB 14-Sep-25 15:22 0138  NN7CW          59   59   1010                   5  21283.1
 10SSB 14-Sep-25 15:41 0139  PU1KPS         59   59   45                     5  28411.0
 10SSB 14-Sep-25 15:41 0140  PP5RT          59   59   576                    5  28417.0
 10SSB 14-Sep-25 15:43 0141  PU1SKO         59   59   39                     5  28420.0
 10SSB 14-Sep-25 15:46 0142  LU5EA          59   59   165           LU       5  28455.0
 10SSB 14-Sep-25 15:46 0143  PP1WW          59   59   904                    5  28472.0
 15SSB 14-Sep-25 15:55 0144  9J2FI          59   59   811           9J       5  21197.0
 15SSB 14-Sep-25 15:58 0145  A61QQ          59   59   112                    5  21212.0
 15SSB 14-Sep-25 16:14 0146  AA3R           59   59   290                    5  21279.0
 15SSB 14-Sep-25 16:23 0147  CX6TU          59   59   273           CX       5  21308.0
 15SSB 14-Sep-25 16:31 0148  VU2BGG         59   59   165           VU       5  21338.0
 15SSB 14-Sep-25 16:33 0149  E2M            59   59   699           HS       5  21379.0
 10SSB 14-Sep-25 17:59 0150  FY5KE          59   59   1687          FY       5  28434.0
 10SSB 14-Sep-25 18:00 0151  PU2USM         59   59   107                    5  28440.0
 10SSB 14-Sep-25 18:03 0152  PY4JW          59   59   647                    5  28463.0
 10SSB 14-Sep-25 18:08 0153  AZ1D           59   59   213                    5  28477.0
 10SSB 14-Sep-25 18:11 0154  PV2K           59   59   882                    5  28490.0
 15SSB 14-Sep-25 18:15 0155  VE9CZ          59   59   154           VE       5  21350.0
 15SSB 14-Sep-25 18:19 0156  K6JO           59   59   1248                   5  21300.0
 15SSB 14-Sep-25 18:21 0157  VE3NNT         59   59   484                    5  21254.4
 20SSB 14-Sep-25 18:47 0158  YB5DDE         59   59   414                    5  14217.0
 20SSB 14-Sep-25 19:27 0159  YB3RPS         59   59   145                    5  14295.0
 20SSB 14-Sep-25 19:28 0160  E2M            59   59   807           HS       5  14320.5
 40SSB 14-Sep-25 19:33 0161  UN3M           59   59   1089          UN       5   7069.5
 40SSB 14-Sep-25 19:45 0162  HZ7C           59   59   961           HZ       5   7097.0
 20SSB 14-Sep-25 19:58 0163  N0GJW          59   59   105                    5  14160.0
 20SSB 14-Sep-25 20:00 0164  N4YDU          59   59   227                    5  14196.4
 20SSB 14-Sep-25 20:05 0165  WA2DNI         59   59   329                    5  14266.0
 20SSB 14-Sep-25 20:08 0166  N6AR           59   59   161                    5  14280.7
 20SSB 14-Sep-25 20:09 0167  WP3C           59   59   106           KP4      5  14317.0
 40SSB 14-Sep-25 20:38 0168  CR3W           59   59   2807                   5   7098.0
 20SSB 14-Sep-25 20:45 0169  CX6TU          59   59   444           CX       5  14245.0
 20SSB 14-Sep-25 20:46 0170  PP5KR          59   59   316                    5  14242.0
