 40CW  16-Apr-25 19:00 0001  F5SGI          599  599  Jean 2532     F5SGI    1   7023.2
 40CW  16-Apr-25 19:01 0002  PA3DBS         599  599  Peter 702     PA3DBS   1   7024.6
 40CW  16-Apr-25 19:04 0003  EA6EJ          599  599  Ini 3276      EA6EJ    1   7026.5
 40CW  16-Apr-25 19:04 0004  DK9PY          599  599  Armin 2062    DK9PY    1   7027.0
 40CW  16-Apr-25 19:05 0005  G0TRT          599  599  Cie 3429      G0TRT    1   7027.6
 40CW  16-Apr-25 19:05 0006  SM5ACQ         599  599  Don 1573      SM5ACQ   1   7028.0
 40CW  16-Apr-25 19:06 0007  SC6O           599  599  Ben 3519      SC6O     1   7028.3
 40CW  16-Apr-25 19:06 0008  SD6F           599  599  Klas 2163     SD6F     1   7028.6
 40CW  16-Apr-25 19:07 0009  DL5XL          599  599  Felix 2268    DL5XL    1   7028.9
 40CW  16-Apr-25 19:07 0010  PA3AAV         599  599  Gert 2624     PA3AAV   1   7029.3
 40CW  16-Apr-25 19:09 0011  I2WIJ          599  599  Bob 2406      I2WIJ    1   7030.5
 40CW  16-Apr-25 19:10 0012  ON7PQ          599  599  Pat 2365      ON7PQ    1   7030.9
 40CW  16-Apr-25 19:10 0013  SN5N           599  599  Chris SP      SN5N     1   7031.2
 40CW  16-Apr-25 19:11 0014  MM2T           599  599  Phil 3456     MM2T     1   7031.5
 40CW  16-Apr-25 19:11 0015  IK3VUT         599  599  Luca 3241     IK3VUT   1   7031.8
 40CW  16-Apr-25 19:11 0016  E77EA          599  599  Dragan E7     E77EA    1   7034.8
 40CW  16-Apr-25 19:12 0017  9A1AA          599  599  Ivo 2447      9A1AA    1   7037.0
 40CW  16-Apr-25 19:13 0018  PA2TA          599  599  TJ 2955       PA2TA    1   7025.4
 40CW  16-Apr-25 19:13 0019  I2IFT          599  599  John 2704     I2IFT    1   7025.4
 40CW  16-Apr-25 19:14 0020  DL8TG          599  599  Klaus 2524    DL8TG    1   7025.4
 40CW  16-Apr-25 19:14 0021  PD5BS          599  599  BILL CWA      PD5BS    1   7025.4
 40CW  16-Apr-25 19:15 0022  HB9EGA         599  599  Marcin 2047   HB9EGA   1   7025.4
 40CW  16-Apr-25 19:15 0023  DL1NKB         599  599  Bernd 2486    DL1NKB   1   7025.4
 40CW  16-Apr-25 19:16 0024  SM6D           599  599  LARS1773      SM6D     1   7025.4
 40CW  16-Apr-25 19:16 0025  PA0INA         599  599  Frans 443     PA0INA   1   7025.4
 40CW  16-Apr-25 19:17 0026  DJ2IA          599  599  Dieter DL     DJ2IA    1   7025.4
 40CW  16-Apr-25 19:17 0027  G4HLN          599  599  Larry 3073    G4HLN    1   7025.4
 40CW  16-Apr-25 19:18 0028  LY2MM          599  599  Al 3532       LY2MM    1   7025.4
 40CW  16-Apr-25 19:18 0029  SP7OGP         599  599  Piotr 3147    SP7OGP   1   7025.4
 40CW  16-Apr-25 19:19 0030  G4RWD          599  599  Ken 2126      G4RWD    1   7025.4
 40CW  16-Apr-25 19:20 0031  OK2NAJ         599  599  Jiri 2740     OK2NAJ   1   7025.4
 40CW  16-Apr-25 19:22 0032  SM5IMO         599  599  Dan 1854      SM5IMO   1   7025.8
 40CW  16-Apr-25 19:23 0033  HA100IARU      599  599  LACI          HA100IAR 1   7028.2
 80CW  16-Apr-25 19:26 0034  M0XUU          599  599  Pan 2895      M0XUU    1   3527.2
 80CW  16-Apr-25 19:26 0035  I2WIJ          599  599  Bob 2406               1   3528.5
 80CW  16-Apr-25 19:27 0036  DJ2IA          599  599  Dieter DL              1   3530.0
 80CW  16-Apr-25 19:28 0037  ON7PQ          599  599  PAT 2365               1   3531.1
 80CW  16-Apr-25 19:30 0038  SM6F           599  599  Lars 173      SM6F     1   3529.0
 80CW  16-Apr-25 19:31 0039  DK9PY          599  599  Armin 2062             1   3526.5
 80CW  16-Apr-25 19:32 0040  SN5N           599  599  Chris SP               1   3526.0
 80CW  16-Apr-25 19:34 0041  SM5ACQ         599  599  Don 1573               1   3528.9
 80CW  16-Apr-25 19:34 0042  EA3FZT         599  599  Francis 2560  EA3FZT   1   3529.5
 80CW  16-Apr-25 19:35 0043  PA3DBS         599  599  Peter 702              1   3530.2
 80CW  16-Apr-25 19:36 0044  SM5IMO         599  599  Dan 1854               1   3530.8
 80CW  16-Apr-25 19:37 0045  F5SGI          599  599  Jean 2532              1   3534.2
 80CW  16-Apr-25 19:38 0046  SD6M           599  599  Per 1773      SD6M     1   3534.6
 80CW  16-Apr-25 19:39 0047  EA6EJ          599  599  Ini 3276               1   3535.6
 80CW  16-Apr-25 19:42 0048  9A1AA          599  599  Ivo 2447               1   3538.7
 40CW  16-Apr-25 19:44 0049  IT9SSI         599  599  Dario 2137    IT9SSI   1   7028.5
 80CW  16-Apr-25 19:48 0050  E77EA          599  599  Dragan E7              1   3537.0
 80CW  16-Apr-25 19:48 0051  MM2T           599  599  Phil 3456              1   3537.8
 80CW  16-Apr-25 19:49 0052  DL5XL          599  599  Felix 2268             1   3527.8
 80CW  16-Apr-25 19:49 0053  PA3AAV         599  599  Gert 2624              1   3526.3
 80CW  16-Apr-25 19:51 0054  SP4JFR         599  599  Bolo 3227     SP4JFR   1   3524.8
