 40CW  24-Mar-25 16:30 0001  OK5NZ          599  599  1             OK       3   7030.0
 40CW  24-Mar-25 16:31 0002  OM4WM          599  599  2             OM       3   7031.0
 40CW  24-Mar-25 16:31 0003  OK1NU          599  599  4                      3   7026.8
 40CW  24-Mar-25 16:32 0004  IK3CHK         599  599  3             I        3   7026.8
 40CW  24-Mar-25 16:32 0005  OM5KM          599  599  3                      3   7026.8
 40CW  24-Mar-25 16:33 0006  OK2VX          599  599  6                      3   7026.8
 40CW  24-Mar-25 16:33 0007  DR7T           599  599  6             DL       2   7026.8
 40CW  24-Mar-25 16:34 0008  ON4EM          599  599  9             ON       3   7026.8
 40CW  24-Mar-25 16:34 0009  PC4H           599  599  11            PA       3   7026.8
 40CW  24-Mar-25 16:34 0010  DF1DT          599  599  8                      2   7026.8
 40CW  24-Mar-25 16:35 0011  OL4W           599  599  10                     3   7026.8
 40CW  24-Mar-25 16:35 0012  SP2XX          599  599  10            SP       3   7026.8
 40CW  24-Mar-25 16:36 0013  I3VWK          599  599  10                     3   7026.8
 40CW  24-Mar-25 16:36 0014  DL4ME          599  599  15                     2   7026.8
 40CW  24-Mar-25 16:37 0015  SQ1DNJ         599  599  7                      3   7026.8
 40CW  24-Mar-25 16:37 0016  DH0GDS         599  599  6                      2   7026.8
 40CW  24-Mar-25 16:37 0017  OH3MZ          599  599  11            OH       3   7026.8
 40CW  24-Mar-25 16:38 0018  OK2NO          599  599  18                     3   7026.8
 40CW  24-Mar-25 16:38 0019  HB9BXE         599  599  19            HB       3   7026.8
 40CW  24-Mar-25 16:39 0020  DR6T           599  599  6                      2   7026.8
 40CW  24-Mar-25 16:39 0021  OK1TRJ         599  599  17                     3   7026.8
 40CW  24-Mar-25 16:39 0022  OK1ITK         599  599  10                     3   7026.8
 40CW  24-Mar-25 16:40 0023  SN7J           599  599  19                     3   7026.8
 40CW  24-Mar-25 16:41 0024  OK1OA          599  599  20                     3   7026.8
 40CW  24-Mar-25 16:41 0025  DR2C           599  599  26                     2   7026.8
 40CW  24-Mar-25 16:41 0026  OK1JAX         599  599  21                     3   7026.8
 40CW  24-Mar-25 16:42 0027  OK1HEH         599  599  12                     3   7026.8
 40CW  24-Mar-25 16:43 0028  PA0CT          599  599  22                     3   7026.8
 40CW  24-Mar-25 16:43 0029  SP3MEP         599  599  23                     3   7026.8
 40CW  24-Mar-25 16:43 0030  OM4AY          599  599  15                     3   7026.8
 40CW  24-Mar-25 16:44 0031  DA2K           599  599  25                     2   7026.8
 40CW  24-Mar-25 16:44 0032  DA0BCC         599  599  34                     2   7026.8
 40CW  24-Mar-25 16:44 0033  OK1FMX         599  599  19                     3   7026.8
 40CW  24-Mar-25 16:45 0034  OK1FKD         599  599  16                     3   7026.8
 40CW  24-Mar-25 16:45 0035  DL2025C        599  599  18                     2   7026.8
 40CW  24-Mar-25 16:46 0036  SN5N           599  599  32                     3   7026.8
 40CW  24-Mar-25 16:46 0037  PA2TA          599  599  23                     3   7026.8
 40CW  24-Mar-25 16:46 0038  OK2NAJ         599  599  30                     3   7026.8
 40CW  24-Mar-25 16:47 0039  DD5M           599  599  37                     2   7026.8
 40CW  24-Mar-25 16:48 0040  SP3EFD         599  599  11                     3   7026.8
 40CW  24-Mar-25 16:48 0041  OM2KI          599  599  47                     3   7026.8
 40CW  24-Mar-25 16:49 0042  HA2ZB          599  599  19            HA       3   7026.8
 40CW  24-Mar-25 16:49 0043  OH1KH          599  599  11                     3   7026.8
 40CW  24-Mar-25 16:49 0044  YL2KO          599  599  39            YL       3   7026.8
 40CW  24-Mar-25 16:50 0045  G4LJU          599  599  19            G        3   7026.8
 40CW  24-Mar-25 16:51 0046  DF4XX          599  599  40                     2   7026.8
 40CW  24-Mar-25 16:51 0047  OK1AMX         599  599  39                     3   7026.8
 40CW  24-Mar-25 16:51 0048  YL3JD          599  599  23                     3   7026.8
 40CW  24-Mar-25 16:53 0049  RX3Q           599  599  39            UA       3   7026.5
 40CW  24-Mar-25 16:54 0050  EA3X           599  599  12            EA       3   7025.3
 40CW  24-Mar-25 16:54 0051  S51J           599  599  38            S5       3   7025.0
 40CW  24-Mar-25 16:55 0052  SP2MHC         599  599  31                     3   7024.3
 40CW  24-Mar-25 16:55 0053  HA2OS          599  599  38                     3   7023.5
 40CW  24-Mar-25 16:56 0054  IK5MEL         599  599  40                     3   7023.3
 40CW  24-Mar-25 16:57 0055  SC6O           599  599  49            SM       3   7022.5
 40CW  24-Mar-25 16:58 0056  OL8R           599  599  88                     3   7021.8
 40CW  24-Mar-25 16:58 0057  OK5D           599  599  65                     3   7021.2
 40CW  24-Mar-25 16:59 0058  SN7Q           599  599  80                     3   7020.7
 80CW  24-Mar-25 17:00 0059  OK1AY          599  599  25            OK       3   3537.5
 80CW  24-Mar-25 17:00 0060  DL5YM          599  599  19            DL       2   3538.0
 80CW  24-Mar-25 17:01 0061  DL7YS          599  599  69                     2   3536.0
 80CW  24-Mar-25 17:02 0062  YL2KO          599  599  61            YL       3   3534.4
 80CW  24-Mar-25 17:03 0063  DA0BCC         599  599  66                     2   3538.6
 80CW  24-Mar-25 17:04 0064  OK2BFN         599  599  64                     3   3538.6
 80CW  24-Mar-25 17:04 0065  SP3CW          599  599  26            SP       3   3538.6
 80CW  24-Mar-25 17:04 0066  OM3FW          599  599  26            OM       3   3538.6
 80CW  24-Mar-25 17:05 0067  OK1IBP         599  599  26                     3   3538.6
 80CW  24-Mar-25 17:05 0068  OK1USP         599  599  26                     3   3538.6
 80CW  24-Mar-25 17:06 0069  DJ3WE          599  599  64                     2   3538.6
 80CW  24-Mar-25 17:06 0070  S53F           599  599  88            S5       3   3538.6
 80CW  24-Mar-25 17:07 0071  DL8QS          599  599  72                     2   3538.6
 80CW  24-Mar-25 17:07 0072  OM5KM          599  599  53                     3   3538.6
 40CW  24-Mar-25 17:10 0073  HA6NL          599  599  87                     3   7018.0
 40CW  24-Mar-25 17:10 0074  DK1KC          599  599  61                     2   7018.0
 40CW  24-Mar-25 17:11 0075  DR3W           599  599  57                     2   7018.0
 40CW  24-Mar-25 17:11 0076  DM7W           599  599  68                     2   7018.0
 40CW  24-Mar-25 17:12 0077  IN3FHE         599  599  40                     3   7018.0
 40CW  24-Mar-25 17:12 0078  RX3QNE         599  599  54                     3   7018.0
 40CW  24-Mar-25 17:12 0079  F8AOF          599  599  30            F        3   7018.0
 40CW  24-Mar-25 17:12 0080  OM5CM          599  599  62                     3   7018.0
 40CW  24-Mar-25 17:13 0081  Z32TO          599  599  76            Z3       3   7018.0
 40CW  24-Mar-25 17:13 0082  HB9HTF         599  599  74                     3   7018.0
 40CW  24-Mar-25 17:14 0083  SP5Y           599  599  84                     3   7018.0
 40CW  24-Mar-25 17:14 0084  G0TRT          599  599  51                     3   7018.0
 40CW  24-Mar-25 17:15 0085  SP7N           599  599  75                     3   7018.0
 80CW  24-Mar-25 17:16 0086  OK1TD          599  599  66                     3   3538.5
 80CW  24-Mar-25 17:16 0087  OK1DOL         599  599  98                     3   3538.5
 80CW  24-Mar-25 17:16 0088  OK1FMX         599  599  59                     3   3538.5
 80CW  24-Mar-25 17:17 0089  OM2KI          599  599  120                    3   3538.5
 80CW  24-Mar-25 17:17 0090  OL8R           599  599  147                    3   3538.5
 80CW  24-Mar-25 17:17 0091  OK1RZ          599  599  43                     3   3538.5
 80CW  24-Mar-25 17:18 0092  DK1KC          599  599  77                     2   3538.5
 80CW  24-Mar-25 17:18 0093  DR2C           599  599  99                     2   3538.5
 80CW  24-Mar-25 17:18 0094  DR7T           599  599  82                     2   3538.5
 80CW  24-Mar-25 17:19 0095  DM7W           599  599  81                     2   3538.5
 80CW  24-Mar-25 17:19 0096  S52AW          599  599  69                     3   3538.5
 80CW  24-Mar-25 17:20 0097  DD5M           599  599  103                    2   3538.5
 80CW  24-Mar-25 17:20 0098  HB9CMW         599  599  28            HB       3   3538.5
 80CW  24-Mar-25 17:20 0099  OK1TRJ         599  599  86                     3   3538.5
 80CW  24-Mar-25 17:21 0100  SN7Q           599  599  127                    3   3538.5
 80CW  24-Mar-25 17:21 0101  SP8BXL         599  599  41                     3   3538.5
 80CW  24-Mar-25 17:22 0102  SP3MEP         599  599  109                    3   3538.5
 80CW  24-Mar-25 17:22 0103  SO3O           599  599  32                     3   3538.5
 80CW  24-Mar-25 17:22 0104  DJ1OJ          599  599  68                     2   3538.5
 80CW  24-Mar-25 17:23 0105  OK1FKD         599  599  61                     3   3538.5
 80CW  24-Mar-25 17:23 0106  OK2PYA         599  599  105                    3   3538.5
 80CW  24-Mar-25 17:23 0107  SM5IMO         599  599  91            SM       3   3538.5
 80CW  24-Mar-25 17:24 0108  SP8FHK         599  599  96                     3   3538.5
 80CW  24-Mar-25 17:24 0109  OK7NV          599  599  43                     3   3538.5
 80CW  24-Mar-25 17:25 0110  SN5N           599  599  119                    3   3538.5
 80CW  24-Mar-25 17:26 0111  PA2TA          599  599  77            PA       3   3538.5
 80CW  24-Mar-25 17:27 0112  DF1DT          599  599  92                     2   3538.5
 80CW  24-Mar-25 17:28 0113  DJ9MH          599  599  109                    2   3538.5
 80CW  24-Mar-25 17:28 0114  OL4W           599  599  115                    3   3538.5
 80CW  24-Mar-25 17:29 0115  HB9BXE         599  599  104                    3   3538.5
 80CW  24-Mar-25 17:29 0116  S59A           599  599  26                     3   3538.5
