 40CW  27-Jan-25 16:31 0001  DL1BUG         599  599  2             DL       2   7026.4
 40CW  27-Jan-25 16:32 0002  DJ3WE          599  599  4                      2   7025.5
 40CW  27-Jan-25 16:32 0003  YU1RA          599  599  3             YU       3   7025.2
 40CW  27-Jan-25 16:33 0004  OK5D           599  599  5             OK       3   7024.4
 40CW  27-Jan-25 16:33 0005  OK1RKS         599  599  6                      3   7023.8
 40CW  27-Jan-25 16:34 0006  DF8V           599  599  8                      2   7023.1
 40CW  27-Jan-25 16:35 0007  HA6NL          599  599  14            HA       3   7023.4
 40CW  27-Jan-25 16:35 0008  SM5IMO         599  599  8             SM       3   7022.4
 40CW  27-Jan-25 16:36 0009  LZ5DI          599  599  10            LZ       3   7021.8
 40CW  27-Jan-25 16:36 0010  SM0OEK         599  599  13                     3   7021.0
 40CW  27-Jan-25 16:38 0011  DF1DX          599  599  10                     2   7030.6
 40CW  27-Jan-25 16:38 0012  DM6EE          599  599  7                      2   7030.6
 40CW  27-Jan-25 16:38 0013  DA3T           599  599  16                     2   7030.6
 40CW  27-Jan-25 16:39 0014  RX3QNE         599  599  11            UA       3   7030.6
 40CW  27-Jan-25 16:39 0015  DR2C           599  599  21                     2   7030.6
 40CW  27-Jan-25 16:39 0016  UX2HB          599  599  8             UR       3   7030.6
 40CW  27-Jan-25 16:40 0017  DL2NBY         599  599  13                     2   7030.6
 40CW  27-Jan-25 16:40 0018  IN3FHE         599  599  11            I        3   7030.6
 40CW  27-Jan-25 16:40 0019  OK4RQ          599  599  20                     3   7030.6
 40CW  27-Jan-25 16:41 0020  OK1KKI         599  599  14                     3   7030.6
 40CW  27-Jan-25 16:41 0021  DJ9MH          599  599  25                     2   7030.6
 40CW  27-Jan-25 16:41 0022  HA5MA          599  599  20                     3   7030.6
 40CW  27-Jan-25 16:42 0023  OK2PYA         599  599  21                     3   7030.6
 40CW  27-Jan-25 16:42 0024  SP2XX          599  599  24            SP       3   7030.6
 40CW  27-Jan-25 16:42 0025  OK1FMX         599  599  20                     3   7030.6
 40CW  27-Jan-25 16:43 0026  OM5CM          599  599  21            OM       3   7030.6
 40CW  27-Jan-25 16:43 0027  DR7T           599  599  24                     2   7030.6
 40CW  27-Jan-25 16:43 0028  M4N            599  599  29            G        3   7030.6
 40CW  27-Jan-25 16:44 0029  OQ5M           599  599  32            ON       3   7030.6
 40CW  27-Jan-25 16:44 0030  HA1AS          599  599  13                     3   7030.6
 40CW  27-Jan-25 16:45 0031  PC4H           599  599  27            PA       3   7030.6
 40CW  27-Jan-25 16:45 0032  SP3MEP         599  599  25                     3   7030.6
 40CW  27-Jan-25 16:45 0033  SN7J           599  599  22                     3   7030.6
 40CW  27-Jan-25 16:46 0034  SN5N           599  599  36                     3   7030.6
 40CW  27-Jan-25 16:46 0035  OK1TN          599  599  33                     3   7030.6
 40CW  27-Jan-25 16:47 0036  DL6GCE         599  599  15                     2   7030.6
 40CW  27-Jan-25 16:48 0037  OK1AMX         599  599  27                     3   7030.6
 40CW  27-Jan-25 16:48 0038  OK1DOL         599  599  47                     3   7030.6
 40CW  27-Jan-25 16:48 0039  HB9BXE         599  599  32            HB       3   7030.6
 40CW  27-Jan-25 16:49 0040  PA3DBS         599  599  17                     3   7030.6
 40CW  27-Jan-25 16:49 0041  OK1WSL         599  599  21                     3   7030.6
 40CW  27-Jan-25 16:49 0042  D1CW           599  599  27                     5   7030.6
 40CW  27-Jan-25 16:50 0043  OK1FKD         599  599  22                     3   7030.6
 40CW  27-Jan-25 16:51 0044  IK3CHK         599  599  20                     3   7030.6
 40CW  27-Jan-25 16:51 0045  DK3AX          599  599  23                     2   7030.6
 40CW  27-Jan-25 16:51 0046  S51J           599  599  35            S5       3   7030.6
 40CW  27-Jan-25 16:52 0047  G8N            599  599  23                     3   7030.6
 40CW  27-Jan-25 16:52 0048  RA4HBS         599  599  19                     3   7030.6
 40CW  27-Jan-25 16:52 0049  OK5SA          599  599  20                     3   7030.6
 40CW  27-Jan-25 16:53 0050  DM7W           599  599  48                     2   7030.6
 40CW  27-Jan-25 16:53 0051  YU5T           599  599  26                     3   7030.6
 40CW  27-Jan-25 16:54 0052  SM5DXR         599  599  28                     3   7030.6
 40CW  27-Jan-25 16:54 0053  PA2A           599  599  54                     3   7030.6
 40CW  27-Jan-25 16:55 0054  OK2CW          599  599  26                     3   7030.6
 40CW  27-Jan-25 16:55 0055  OK1TRJ         599  599  50                     3   7030.6
 40CW  27-Jan-25 16:56 0056  YL2KO          599  599  28            YL       3   7030.6
 40CW  27-Jan-25 16:57 0057  OL8R           599  599  95                     3   7030.6
 40CW  27-Jan-25 16:57 0058  OH3MZ          599  599  27            OH       3   7030.6
 40CW  27-Jan-25 16:58 0059  OM4DU          599  599  26                     3   7030.6
 40CW  27-Jan-25 16:58 0060  DL4ME          599  599  70                     2   7030.6
 40CW  27-Jan-25 16:58 0061  G0TRT          599  599  30                     3   7030.6
 40CW  27-Jan-25 16:59 0062  DF1LON         599  599  34                     2   7030.6
 40CW  27-Jan-25 16:59 0063  DL8QS          599  599  63                     2   7030.6
 40CW  27-Jan-25 17:00 0064  SN7Q           599  599  56                     3   7030.6
 40CW  27-Jan-25 17:01 0065  OL4W           599  599  39                     3   7030.6
 40CW  27-Jan-25 17:02 0066  HA7MF          599  599  36                     3   7030.6
 40CW  27-Jan-25 17:02 0067  RX3Q           599  599  49                     3   7030.6
 40CW  27-Jan-25 17:03 0068  HB9HTF         599  599  58                     3   7030.6
 40CW  27-Jan-25 17:03 0069  OH1KH          599  599  19                     3   7030.6
 40CW  27-Jan-25 17:04 0070  OK2WY          599  599  71                     3   7030.6
 40CW  27-Jan-25 17:04 0071  S52W           599  599  78                     3   7030.6
 40CW  27-Jan-25 17:05 0072  HB9CMW         599  599  23                     3   7030.6
 40CW  27-Jan-25 17:06 0073  OK1DOR         599  599  55                     3   7031.2
 40CW  27-Jan-25 17:07 0074  OK5NZ          599  599  67                     3   7032.0
 40CW  27-Jan-25 17:07 0075  HA5BMS         599  599  52                     3   7032.4
 40CW  27-Jan-25 17:08 0076  DL1NKS         599  599  68                     2   7034.3
 40CW  27-Jan-25 17:09 0077  DA0BCC         599  599  49                     2   7015.6
 40CW  27-Jan-25 17:10 0078  PA3ARM         599  599  60                     3   7017.8
 40CW  27-Jan-25 17:10 0079  HG5E           599  599  93                     3   7018.8
 40CW  27-Jan-25 17:11 0080  PA3AAV         599  599  103                    3   7019.3
 40CW  27-Jan-25 17:11 0081  OK2QA          599  599  82                     3   7019.8
 40CW  27-Jan-25 17:12 0082  SE4E           599  599  66                     3   7021.1
 40CW  27-Jan-25 17:12 0083  OZ7BQ          599  599  47            OZ       3   7021.6
 40CW  27-Jan-25 17:13 0084  S53F           599  599  84                     3   7024.0
 40CW  27-Jan-25 17:15 0085  IK5TBK         599  599  26                     3   7030.8
 80CW  27-Jan-25 17:17 0086  OL5WWA         599  599  WWA           OK       3   3537.0
 80CW  27-Jan-25 17:18 0087  DJ3WE          599  599  79            DL       2   3537.0
 80CW  27-Jan-25 17:18 0088  OK5FF          599  599  61                     3   3537.0
 80CW  27-Jan-25 17:19 0089  OK5D           599  599  106                    3   3537.0
 80CW  27-Jan-25 17:19 0090  DJ9MH          599  599  86                     2   3537.0
 80CW  27-Jan-25 17:19 0091  OM5KM          599  599  60            OM       3   3537.0
 80CW  27-Jan-25 17:20 0092  HB9BXE         599  599  87            HB       3   3537.0
 80CW  27-Jan-25 17:20 0093  DL4ME          599  599  116                    2   3537.0
 80CW  27-Jan-25 17:21 0094  OK1DOL         599  599  106                    3   3537.0
 80CW  27-Jan-25 17:21 0095  OK1USP         599  599  50                     3   3537.0
 80CW  27-Jan-25 17:22 0096  OK1RZ          599  599  70                     3   3537.0
 80CW  27-Jan-25 17:22 0097  OK1NG          599  599  54                     3   3537.0
 80CW  27-Jan-25 17:22 0098  DL1BUG         599  599  102                    2   3537.0
 80CW  27-Jan-25 17:23 0099  DM7W           599  599  105                    2   3537.0
 80CW  27-Jan-25 17:23 0100  OM5CM          599  599  64                     3   3537.0
 80CW  27-Jan-25 17:24 0101  DL8QS          599  599  110                    2   3537.0
 80CW  27-Jan-25 17:24 0102  OK1TRJ         599  599  101                    3   3537.0
 80CW  27-Jan-25 17:25 0103  DL1DWR         599  599  61                     2   3537.0
 80CW  27-Jan-25 17:25 0104  DR2C           599  599  130                    2   3537.0
 80CW  27-Jan-25 17:25 0105  OK1FMX         599  599  83                     3   3537.0
 80CW  27-Jan-25 17:25 0106  OK1FKD         599  599  68                     3   3537.0
 80CW  27-Jan-25 17:26 0107  DD5M           599  599  118                    2   3537.0
 80CW  27-Jan-25 17:26 0108  OK4RQ          599  599  100                    3   3537.0
 80CW  27-Jan-25 17:27 0109  SM5IMO         599  599  115           SM       3   3537.0
 80CW  27-Jan-25 17:27 0110  OM3FW          599  599  53                     3   3537.0
 80CW  27-Jan-25 17:27 0111  OL8R           599  599  182                    3   3537.0
 80CW  27-Jan-25 17:28 0112  OK2PYA         599  599  107                    3   3537.0
 80CW  27-Jan-25 17:28 0113  SM0OEK         599  599  117                    3   3537.0
 80CW  27-Jan-25 17:28 0114  SP3VT          599  599  84            SP       3   3537.0
 80CW  27-Jan-25 17:29 0115  SP2XX          599  599  102                    3   3537.0
 80CW  27-Jan-25 17:29 0116  SP8BXL         599  599  72                     3   3537.0
 80CW  27-Jan-25 17:29 0117  DF7YE          599  599  117                    2   3537.0
