 10CW  02-Aug-25 12:01 0001  OM7M           599  599  87            87       1  28017.5
 10CW  02-Aug-25 12:01 0002  UZ6U           599  599  85            85       1  28020.5
 10CW  02-Aug-25 12:03 0003  OH0R           599  599  59            59       1  28026.1
 10CW  02-Aug-25 12:04 0004  R2FK           599  599  81            81       1  28026.6
 10CW  02-Aug-25 12:04 0005  EU1A           599  599  95            95       1  28027.0
 10CW  02-Aug-25 12:05 0006  HA5JI          599  599  70            70       1  28028.0
 10CW  02-Aug-25 12:05 0007  HA6PJ          599  599  86            86       1  28030.0
 10CW  02-Aug-25 12:05 0008  UZ1WW          599  599  68            68       1  28031.4
 10CW  02-Aug-25 12:06 0009  EW4A           599  599  82            82       1  28033.0
 10CW  02-Aug-25 12:06 0010  HG5D           599  599  78            78       1  28034.9
 10CW  02-Aug-25 12:07 0011  RA6CA          599  599  84            84       1  28035.3
 10CW  02-Aug-25 12:08 0012  UW7LL          599  599  00            00       1  28009.1
 10CW  02-Aug-25 12:08 0013  LZ6K           599  599  86                     1  28009.5
 10CW  02-Aug-25 12:08 0014  HA6NL          599  599  72            72       1  28011.2
 10CW  02-Aug-25 12:09 0015  UR5R           599  599  99            99       1  28012.0
 10CW  02-Aug-25 12:09 0016  OG1F           599  599  88            88       1  28013.1
 10CW  02-Aug-25 12:10 0017  EU4A           599  599  80            80       1  28017.0
 10CW  02-Aug-25 12:12 0018  HF5WIM         599  599  68                     1  28030.9
 10CW  02-Aug-25 12:13 0019  DL5JS          599  599  77            77       1  28030.9
 10CW  02-Aug-25 12:14 0020  US6EX          599  599  77                     1  28030.9
 10CW  02-Aug-25 12:17 0021  HA4A           599  599  78                     1  28030.0
 10CW  02-Aug-25 12:19 0022  LX7I           599  599  82                     1  28008.1
 15CW  02-Aug-25 12:21 0023  HA5JI          599  599  70            70       1  21008.0
 15CW  02-Aug-25 12:21 0024  EA1X           599  599  04            04       1  21012.0
 15CW  02-Aug-25 12:21 0025  LZ6K           599  599  86            86       1  21013.5
 15CW  02-Aug-25 12:22 0026  CT1DRB         599  599  86                     1  21014.2
 15CW  02-Aug-25 12:23 0027  RC6U           599  599  89            89       1  21015.8
 15CW  02-Aug-25 12:23 0028  OK3C           599  599  93            93       1  21016.3
 15CW  02-Aug-25 12:25 0029  UR5R           599  599  99            99       1  21017.6
 15CW  02-Aug-25 12:25 0030  RL5A           599  599  82            82       1  21019.5
 15CW  02-Aug-25 12:26 0031  UW7LL          599  599  00            00       1  21020.0
 15CW  02-Aug-25 12:26 0032  SP2QG          599  599  78            78       1  21020.5
 15CW  02-Aug-25 12:27 0033  OG1F           599  599  88            88       1  21021.1
 15CW  02-Aug-25 12:27 0034  SN7Z           599  599  72            72       1  21022.1
 15CW  02-Aug-25 12:28 0035  HA3NU          599  599  72                     1  21025.0
 15CW  02-Aug-25 12:28 0036  LZ9W           599  599  21            21       1  21025.5
 15CW  02-Aug-25 12:29 0037  CT7BJG         599  599  74            74       1  21026.3
 15CW  02-Aug-25 12:30 0038  EC5K           599  599  96            96       1  21027.0
 15CW  02-Aug-25 12:30 0039  HA8FK          599  599  87            87       1  21028.4
 15CW  02-Aug-25 12:31 0040  OK2HBR         599  599  69            69       1  21029.2
 15CW  02-Aug-25 12:31 0041  OM7M           599  599  87                     1  21029.0
 15CW  02-Aug-25 12:32 0042  OL8R           599  599  85            85       1  21031.8
 15CW  02-Aug-25 12:32 0043  OH0R           599  599  59            59       1  21032.5
 15CW  02-Aug-25 12:33 0044  YO8XMT         599  599  88                     1  21033.0
 15CW  02-Aug-25 12:33 0045  HG5D           599  599  78                     1  21033.8
 15CW  02-Aug-25 12:34 0046  SP7LIE         599  599  78                     1  21035.2
 15CW  02-Aug-25 12:34 0047  OG3B           599  599  83            83       1  21036.2
 15CW  02-Aug-25 12:34 0048  EU8U           599  599  79            79       1  21037.4
 15CW  02-Aug-25 12:37 0049  HA1RJ          599  599  84            84       1  21038.0
 15CW  02-Aug-25 12:37 0050  UT7NI          599  599  76            76       1  21038.0
 15CW  02-Aug-25 12:39 0051  UZ7E           599  599  95            95       1  21038.0
 15CW  02-Aug-25 12:39 0052  DL0RD          599  599  86                     1  21038.0
 15CW  02-Aug-25 12:40 0053  UY2RA          599  599  73            73       1  21038.0
 15CW  02-Aug-25 12:40 0054  EW1E           599  599  79                     1  21038.0
 15CW  02-Aug-25 12:41 0055  HG6C           599  599  84                     1  21038.0
 15CW  02-Aug-25 12:41 0056  OK2MBP         599  599  95                     1  21038.0
 15CW  02-Aug-25 12:42 0057  OK2NMA         599  599  87                     1  21038.0
 15CW  02-Aug-25 12:43 0058  DH1DAC         599  599  87                     1  21038.0
 15CW  02-Aug-25 12:48 0059  LZ1NK          599  599  81            81       1  21002.9
 15CW  02-Aug-25 12:48 0060  UX0LL          599  599  95                     1  21003.7
 15CW  02-Aug-25 12:49 0061  EU1A           599  599  95                     1  21005.7
 15CW  02-Aug-25 12:49 0062  LZ2XA          599  599  89                     1  21007.5
 15CW  02-Aug-25 12:52 0063  UT2II          599  599  74                     1  21013.5
 15CW  02-Aug-25 12:53 0064  UA6LCN         599  599  73                     1  21016.6
 15CW  02-Aug-25 12:53 0065  OH2KW          599  599  79                     1  21017.0
 15CW  02-Aug-25 12:54 0066  YQ6A           599  599  74                     1  21018.2
 15CW  02-Aug-25 13:17 0067  UR7EU          599  599  00                     1  21022.7
 15CW  02-Aug-25 13:18 0068  RN3AM          599  599  79                     1  21022.2
 15CW  02-Aug-25 13:21 0069  RN3AC          599  599  79                     1  21028.0
 15CW  02-Aug-25 13:22 0070  HA6NL          599  599  72                     1  21030.0
 15CW  02-Aug-25 13:23 0071  UR8RF          599  599  84                     1  21030.9
 15CW  02-Aug-25 13:24 0072  UZ6U           599  599  85                     1  21035.2
 15CW  02-Aug-25 13:24 0073  OY1CT          599  599  78                     1  21035.4
 15CW  02-Aug-25 13:25 0074  LY5R           599  599  75            75       1  21037.2
 15CW  02-Aug-25 13:26 0075  OG7F           599  599  76                     1  21037.6
 15CW  02-Aug-25 13:27 0076  RA6CA          599  599  84                     1  21041.5
 15CW  02-Aug-25 13:28 0077  R2RA           599  599  73                     1  21044.0
 15CW  02-Aug-25 13:29 0078  LY7R           599  599  82                     1  21000.7
 15CW  02-Aug-25 13:29 0079  ES5Q           599  599  79                     1  21002.0
 15CW  02-Aug-25 13:32 0080  MM9I           599  599  93                     1  21008.7
 15CW  02-Aug-25 13:33 0081  UA6CC          599  599  80            80       1  21016.8
 15CW  02-Aug-25 13:34 0082  TM1W           599  599  84                     1  21015.5
 15CW  02-Aug-25 13:35 0083  EW8DX          599  599  65            65       1  21022.6
 15CW  02-Aug-25 13:37 0084  UA6GO          599  599  69                     1  21021.8
 15CW  02-Aug-25 13:41 0085  EW1I           599  599  90            90       1  21031.0
 15CW  02-Aug-25 13:45 0086  EU8T           599  599  99                     1  21041.5
 15CW  02-Aug-25 13:46 0087  YL2PJ          599  599  69                     1  21039.8
 15CW  02-Aug-25 13:47 0088  YL3NU          599  599  68            68       1  21036.6
 15CW  02-Aug-25 13:48 0089  UW3WF          599  599  88                     1  21036.6
 15CW  02-Aug-25 13:50 0090  RN6AT          599  599  70                     1  21011.1
 15CW  02-Aug-25 13:52 0091  DF7JC          599  599  77            77       1  21011.1
 15CW  02-Aug-25 13:53 0092  US1VM          599  599  85                     1  21011.1
 15CW  02-Aug-25 13:54 0093  UR1UU          599  599  67            67       1  21011.1
 15CW  02-Aug-25 13:54 0094  R1DX           599  599  79                     1  21011.1
 15CW  02-Aug-25 13:56 0095  HA6PJ          599  599  86                     1  21011.1
 15CW  02-Aug-25 13:56 0096  EW1A           599  599  80                     1  21011.1
 15CW  02-Aug-25 13:57 0097  R2AA           599  599  83                     1  21011.1
 15CW  02-Aug-25 13:58 0098  UT8EU          599  599  99                     1  21011.1
 15CW  02-Aug-25 13:59 0099  EU1DM          599  599  85                     1  21011.1
 15CW  02-Aug-25 14:01 0100  EU2M           599  599  86                     1  21011.1
 15CW  02-Aug-25 14:01 0101  RL2Y           599  599  81                     1  21011.1
 15CW  02-Aug-25 14:02 0102  HA0GK          599  599  79                     1  21011.1
 15CW  02-Aug-25 14:03 0103  RU1A           599  599  85                     1  21011.1
 15CW  02-Aug-25 14:04 0104  UT4LW          599  599  98            98       1  21011.1
 15CW  02-Aug-25 14:04 0105  LZ1ND          599  599  61            61       1  21011.1
 15CW  02-Aug-25 14:05 0106  R3LC           599  599  85                     1  21011.1
 15CW  02-Aug-25 14:06 0107  UR5CC          599  599  84                     1  21011.1
 15CW  02-Aug-25 14:06 0108  US6EX          599  599  77                     1  21011.1
 15CW  02-Aug-25 14:08 0109  UR5CC          599  599  84                     0  21011.1
 15CW  02-Aug-25 14:09 0110  YT3KD          599  599  88                     1  21011.1
 15CW  02-Aug-25 14:10 0111  UX9Q           599  599  78                     1  21011.1
 10CW  02-Aug-25 14:13 0112  YO9HP          599  599  76            76       1  28010.3
 10CW  02-Aug-25 14:13 0113  UA6CC          599  599  80                     1  28008.6
 10CW  02-Aug-25 14:14 0114  LZ3QE          599  599  88                     1  28015.8
 10CW  02-Aug-25 14:17 0115  UR7EU          599  599  00                     1  28009.0
 10CW  02-Aug-25 14:18 0116  LZ6E           599  599  59                     1  28005.0
 10CW  02-Aug-25 14:19 0117  EU2F           599  599  76                     1  28020.5
 10CW  02-Aug-25 14:19 0118  UX0LL          599  599  95                     1  28021.1
 10CW  02-Aug-25 14:20 0119  UW5Y           599  599  88                     1  28022.0
 10CW  02-Aug-25 14:22 0120  YO2IS          599  599  57            57       1  28014.5
 10CW  02-Aug-25 14:23 0121  RL2Y           599  599  81                     1  28014.5
 10CW  02-Aug-25 14:24 0122  LZ2CH          599  599  90            90       1  28014.5
 10CW  02-Aug-25 14:25 0123  R7KZ           599  599  59                     1  28014.5
 10CW  02-Aug-25 14:26 0124  UT6UD          599  599  79            79       1  28014.5
 10CW  02-Aug-25 14:29 0125  EI6JK          599  599  00                     1  28013.8
 10CW  02-Aug-25 14:30 0126  CT7BJG         599  599  74            74       1  28012.0
 10CW  02-Aug-25 14:33 0127  LZ9W           599  599  21            21       1  28029.6
 20CW  02-Aug-25 14:36 0128  HA7A           599  599  73            73       1  14025.0
 20CW  02-Aug-25 14:37 0129  E74A           599  599  77            77       1  14025.7
 20CW  02-Aug-25 14:39 0130  EW8DX          599  599  65            65       1  14026.5
 20CW  02-Aug-25 14:39 0131  EU1DC          599  599  90            90       1  14026.9
 20CW  02-Aug-25 14:40 0132  R7AT           599  599  82            82       1  14027.5
 20CW  02-Aug-25 14:41 0133  R7AM           599  599  72            72       1  14028.0
 20CW  02-Aug-25 14:41 0134  OK2TJ          599  599  76            76       1  14028.5
 20CW  02-Aug-25 14:42 0135  US6EX          599  599  77                     1  14028.9
 20CW  02-Aug-25 14:42 0136  SE5E           599  599  76                     1  14029.5
 20CW  02-Aug-25 14:43 0137  RD1T           599  599  71            71       1  14029.9
 20CW  02-Aug-25 14:44 0138  SV8/DH5FS      599  599  94            94       1  14030.7
 20CW  02-Aug-25 14:44 0139  RN6AT          599  599  70            70       1  14030.4
 20CW  02-Aug-25 14:45 0140  OM7M           599  599  87            87       1  14032.4
 20CW  02-Aug-25 14:45 0141  EC3A           599  599  79            79       1  14032.9
 20CW  02-Aug-25 14:45 0142  SE5V           599  599  65                     1  14033.3
 20CW  02-Aug-25 14:46 0143  HA8LNN         599  599  98            98       1  14033.7
 20CW  02-Aug-25 14:46 0144  YU5A           599  599  73                     1  14034.1
 20CW  02-Aug-25 14:47 0145  HA4CW          599  599  95            95       1  14035.0
 20CW  02-Aug-25 14:47 0146  OE5YEL         599  599  65                     1  14035.3
 20CW  02-Aug-25 14:48 0147  YR8R           599  599  80            80       1  14035.8
 20CW  02-Aug-25 14:49 0148  UR8RF          599  599  84            84       1  14037.0
 20CW  02-Aug-25 14:49 0149  S57KM          599  599  90                     1  14037.4
 20CW  02-Aug-25 14:50 0150  RL3T           599  599  95                     1  14038.2
 20CW  02-Aug-25 14:50 0151  HA5JI          599  599  70                     1  14039.0
 20CW  02-Aug-25 14:52 0152  YL2PJ          599  599  69            69       1  14041.2
 20CW  02-Aug-25 14:52 0153  F6AGM          599  599  67            67       1  14041.7
 20CW  02-Aug-25 14:53 0154  UW7LL          599  599  00            00       1  14044.0
 20CW  02-Aug-25 14:54 0155  MI5I           599  599  91            91       1  14044.6
 20CW  02-Aug-25 14:54 0156  LY2TS          599  599  75            75       1  14046.0
 20CW  02-Aug-25 14:55 0157  OG3B           599  599  83            83       1  14047.6
 20CW  02-Aug-25 14:55 0158  EU1A           599  599  95                     1  14048.8
 20CW  02-Aug-25 14:56 0159  R7MM           599  599  68            68       1  14049.6
 20CW  02-Aug-25 14:56 0160  Z35F           599  599  82                     1  14050.0
 20CW  02-Aug-25 14:59 0161  S53O           599  599  72                     1  14002.6
 20CW  02-Aug-25 15:00 0162  SO7NA          599  599  02            02       1  14004.3
 20CW  02-Aug-25 15:01 0163  EA5OH          599  599  13            13       1  14006.6
 20CW  02-Aug-25 15:01 0164  IG9/IK8PGM     599  599  00                     1  14007.1
 20CW  02-Aug-25 15:07 0165  UI3A           599  599  14            14       1  14005.8
 20CW  02-Aug-25 15:08 0166  OK2NO          599  599  84                     1  14005.8
 20CW  02-Aug-25 15:08 0167  UT4LW          599  599  98                     1  14005.8
 20CW  02-Aug-25 15:08 0168  UA3AP          599  599  81            81       1  14005.8
 20CW  02-Aug-25 15:08 0169  HA8TKS         599  599  81                     1  14005.8
 20CW  02-Aug-25 15:09 0170  UT7NI          599  599  76                     1  14005.8
 20CW  02-Aug-25 15:09 0171  RC2R           599  599  86            86       1  14005.8
 20CW  02-Aug-25 15:09 0172  RA3DS          599  599  74            74       1  14005.8
 20CW  02-Aug-25 15:10 0173  SV3RF          599  599  82                     1  14005.8
 20CW  02-Aug-25 15:10 0174  OM6TU          599  599  88            88       1  14005.8
 20CW  02-Aug-25 15:11 0175  TM1W           599  599  84                     1  14005.8
 20CW  02-Aug-25 15:11 0176  SN7O           599  599  75                     1  14005.8
 20CW  02-Aug-25 15:12 0177  HA3HK          599  599  74                     1  14005.8
 20CW  02-Aug-25 15:13 0178  UZ6U           599  599  85            85       1  14005.8
 20CW  02-Aug-25 15:14 0179  G3TXF          599  599  65                     1  14005.8
 20CW  02-Aug-25 15:15 0180  HA6QU          599  599  84                     1  14005.8
 20CW  02-Aug-25 15:16 0181  UF5A           599  599  71                     1  14005.8
 20CW  02-Aug-25 15:16 0182  RT4M           599  599  76                     1  14005.8
 20CW  02-Aug-25 15:17 0183  SN9A           599  599  72                     1  14005.8
 20CW  02-Aug-25 15:17 0184  RA3AN          599  599  71                     1  14005.8
 20CW  02-Aug-25 15:18 0185  UT8EU          599  599  99            99       1  14005.8
 20CW  02-Aug-25 15:18 0186  YT3H           599  599  66            66       1  14005.8
 20CW  02-Aug-25 15:19 0187  R1QE           599  599  72                     1  14005.8
 20CW  02-Aug-25 15:20 0188  EI6JK          599  599  00                     1  14005.8
 20CW  02-Aug-25 15:21 0189  IT9VDQ         599  599  75                     1  14005.8
 20CW  02-Aug-25 15:21 0190  F6AUS          599  599  70                     1  14005.8
 20CW  02-Aug-25 15:21 0191  HG6O           599  599  73                     1  14005.8
 20CW  02-Aug-25 15:21 0192  UW8SM          599  599  95                     1  14005.8
 20CW  02-Aug-25 15:22 0193  DL0RD          599  599  86                     1  14005.8
 20CW  02-Aug-25 15:22 0194  UI3F           599  599  75                     1  14005.8
 20CW  02-Aug-25 15:22 0195  UW5EMC         599  599  19            19       1  14005.8
 20CW  02-Aug-25 15:23 0196  RA5BF          599  599  13                     1  14005.8
 20CW  02-Aug-25 15:23 0197  RN3AM          599  599  79                     1  14005.8
 20CW  02-Aug-25 15:24 0198  R3OM           599  599  72                     1  14005.8
 20CW  02-Aug-25 15:24 0199  RN4SC          599  599  68                     1  14005.8
 20CW  02-Aug-25 15:24 0200  UY5TE          599  599  68                     1  14005.8
 20CW  02-Aug-25 15:25 0201  UA3RBR         599  599  79                     1  14005.8
 20CW  02-Aug-25 15:25 0202  LY5R           599  599  75                     1  14005.8
 20CW  02-Aug-25 15:25 0203  HA6PJ          599  599  86                     1  14005.8
 20CW  02-Aug-25 15:26 0204  GD4EIP         599  599  62            62       1  14005.8
 20CW  02-Aug-25 15:27 0205  HA6QU          599  599  84                     0  14005.8
 20CW  02-Aug-25 15:27 0206  UA3XFO         599  599  98                     1  14005.8
 20CW  02-Aug-25 15:28 0207  OM5KM          599  599  70                     1  14005.8
 20CW  02-Aug-25 15:28 0208  RM2U           599  599  79                     1  14005.8
 20CW  02-Aug-25 15:29 0209  M4N            599  599  79                     1  14005.8
 20CW  02-Aug-25 15:30 0210  LY3CY          599  599  74                     1  14005.8
 20CW  02-Aug-25 15:30 0211  R7KZ           599  599  59            59       1  14005.8
 20CW  02-Aug-25 15:31 0212  LZ2PS          599  599  87                     1  14005.8
 20CW  02-Aug-25 15:32 0213  RA3XEV         599  599  98                     1  14005.8
 20CW  02-Aug-25 15:33 0214  GM0EGI         599  599  86                     1  14005.8
 20CW  02-Aug-25 15:34 0215  LY5T           599  599  89            89       1  14005.8
 20CW  02-Aug-25 15:35 0216  UA4Q           599  599  77                     1  14005.8
 20CW  02-Aug-25 15:36 0217  UR2Y           599  599  82                     1  14005.8
 20CW  02-Aug-25 15:36 0218  OK5SA          599  599  62                     1  14005.8
 20CW  02-Aug-25 15:36 0219  HA1TJ          599  599  78            78       1  14005.8
 20CW  02-Aug-25 15:37 0220  9A925T         599  599  76                     1  14005.8
 20CW  02-Aug-25 15:38 0221  HA1VQ          599  599  71                     1  14005.8
 20CW  02-Aug-25 15:40 0222  9A9O           599  599  99                     1  14005.8
 20CW  02-Aug-25 15:41 0223  2E0KDJ         599  599  24            24       1  14005.8
 20CW  02-Aug-25 15:41 0224  YO3GEK         599  599  94                     1  14005.8
 20CW  02-Aug-25 15:41 0225  M2G            599  599  82                     1  14005.8
 20CW  02-Aug-25 15:41 0226  UZ7E           599  599  95                     1  14005.8
 20CW  02-Aug-25 15:42 0227  OK2IW          599  599  82                     1  14005.8
 20CW  02-Aug-25 15:44 0228  RL2Y           599  599  81                     1  14005.8
 20CW  02-Aug-25 15:46 0229  YT9X           599  599  97            97       1  14005.4
 20CW  02-Aug-25 15:47 0230  SP9XCN         599  599  93            93       1  14004.9
 20CW  02-Aug-25 15:47 0231  LY2DX          599  599  83                     1  14003.7
 20CW  02-Aug-25 15:47 0232  Z39A           599  599  87                     1  14003.2
 20CW  02-Aug-25 15:49 0233  OH0Z           599  599  78                     1  14002.0
 20CW  02-Aug-25 15:50 0234  MM9I           599  599  93                     1  14008.1
 20CW  02-Aug-25 15:50 0235  9A5Y           599  599  98                     1  14009.3
 20CW  02-Aug-25 15:50 0236  S52P           599  599  77                     1  14010.5
 20CW  02-Aug-25 15:51 0237  LZ1QV          599  599  74                     1  14011.7
 20CW  02-Aug-25 15:51 0238  IK3VUT         599  599  93                     1  14012.2
 20CW  02-Aug-25 15:51 0239  IT9IMJ         599  599  00                     1  14012.5
 20CW  02-Aug-25 15:52 0240  RD4A           599  599  88                     1  14013.5
 20CW  02-Aug-25 15:53 0241  I2WIJ          599  599  73                     1  14016.3
 20CW  02-Aug-25 15:53 0242  OM3CW          599  599  73                     1  14017.0
 20CW  02-Aug-25 15:57 0243  R5QQ           599  599  79                     1  14017.6
 20CW  02-Aug-25 15:57 0244  OY1CT          599  599  78                     1  14018.0
 20CW  02-Aug-25 15:58 0245  OK2QA          599  599  64            64       1  14019.1
 20CW  02-Aug-25 15:59 0246  YT2AAA         599  599  07            07       1  14020.6
 20CW  02-Aug-25 16:00 0247  EW1P           599  599  82                     1  14021.7
 20CW  02-Aug-25 16:00 0248  RU1A           599  599  85                     1  14022.0
 20CW  02-Aug-25 16:02 0249  9A3VM          599  599  69                     1  14024.2
 20CW  02-Aug-25 16:03 0250  EA4FL          599  599  91                     1  14025.0
 20CW  02-Aug-25 16:04 0251  E7DX           599  599  77                     1  14026.2
 20CW  02-Aug-25 16:04 0252  YO4NF          599  599  90                     1  14026.6
 20CW  02-Aug-25 16:05 0253  IU8RQW         599  599  88                     1  14027.7
 20CW  02-Aug-25 16:06 0254  HA2VH          599  599  85                     1  14029.5
 20CW  02-Aug-25 16:06 0255  HA3NU          599  599  72                     1  14031.2
 20CW  02-Aug-25 16:07 0256  SP6GCU         599  599  72                     1  14032.5
 20CW  02-Aug-25 16:08 0257  RJ2M           599  599  08            08       1  14033.0
 20CW  02-Aug-25 16:09 0258  HA8TP          599  599  71                     1  14036.0
 20CW  02-Aug-25 16:10 0259  IK5MEP         599  599  89                     1  14037.5
 20CW  02-Aug-25 16:10 0260  S51Z           599  599  77                     1  14037.9
 20CW  02-Aug-25 16:12 0261  LX7I           599  599  82                     1  14040.5
 20CW  02-Aug-25 16:13 0262  DJ9AO          599  599  00                     1  14041.4
 20CW  02-Aug-25 16:14 0263  OK2HBR         599  599  69                     1  14042.1
 20CW  02-Aug-25 16:14 0264  OK1HCG         599  599  74                     1  14042.5
 20CW  02-Aug-25 16:15 0265  LY2J           599  599  84                     1  14045.6
 20CW  02-Aug-25 16:15 0266  IT9ATF         599  599  72                     1  14046.1
 20CW  02-Aug-25 16:16 0267  UW5IM          599  599  02                     1  14048.0
 20CW  02-Aug-25 16:16 0268  R2RA           599  599  73                     1  14051.1
 20CW  02-Aug-25 16:17 0269  R7KX           599  599  68                     1  14054.0
 20CW  02-Aug-25 16:18 0270  UW5ZM          599  599  07                     1  14055.0
 20CW  02-Aug-25 16:19 0271  OH3RM          599  599  92            92       1  14053.1
 10CW  02-Aug-25 16:20 0272  EA3NO          599  599  91            91       1  28001.1
 10CW  02-Aug-25 16:20 0273  EV1R           599  599  87                     1  28005.6
 10CW  02-Aug-25 16:21 0274  EW1I           599  599  90                     1  28007.5
 10CW  02-Aug-25 16:21 0275  IT9KHI         599  599  24            24       1  28008.0
 10CW  02-Aug-25 16:22 0276  EC3A           599  599  79                     1  28011.2
 10CW  02-Aug-25 16:22 0277  EA5FID         599  599  92            92       1  28011.5
 10CW  02-Aug-25 16:23 0278  EA3JW          599  599  92                     1  28012.0
 10CW  02-Aug-25 16:23 0279  EW1M           599  599  80                     1  28013.2
 10CW  02-Aug-25 16:23 0280  9A3SMS         599  599  17            17       1  28014.1
 10CW  02-Aug-25 16:24 0281  EW8DX          599  599  65            65       1  28017.7
 10CW  02-Aug-25 16:25 0282  R1DX           599  599  79                     1  28018.2
 10CW  02-Aug-25 16:25 0283  UR1UU          599  599  67            67       1  28018.6
 10CW  02-Aug-25 16:25 0284  EA5OH          599  599  13            13       1  28023.2
 10CW  02-Aug-25 16:29 0285  IT9RGY         599  599  05            05       1  28028.8
 10CW  02-Aug-25 16:31 0286  UR6EA          599  599  88                     1  28030.0
 10CW  02-Aug-25 16:32 0287  UR8RF          599  599  84                     1  28032.7
 10CW  02-Aug-25 16:33 0288  UY7LM          599  599  74                     1  28038.0
 10CW  02-Aug-25 16:33 0289  Z35F           599  599  82                     1  28043.6
 10CW  02-Aug-25 16:34 0290  LY5I           599  599  79                     1  28003.5
 10CW  02-Aug-25 16:36 0291  EA3FZT         599  599  85                     1  28019.3
 10CW  02-Aug-25 16:37 0292  RN3AC          599  599  79                     1  28025.0
 10CW  02-Aug-25 16:37 0293  EW2A           599  599  78                     1  28028.3
 10CW  02-Aug-25 16:37 0294  E74A           599  599  77                     1  28028.8
 10CW  02-Aug-25 16:38 0295  EW2ES          599  599  75            75       1  28030.4
 10CW  02-Aug-25 16:39 0296  EW1TO          599  599  13                     1  28035.9
 10CW  02-Aug-25 16:40 0297  RG2Y           599  599  85                     1  28031.1
 10CW  02-Aug-25 16:40 0298  LZ1IQ          599  599  73            73       1  28031.1
 10CW  02-Aug-25 16:40 0299  EW1EA          599  599  80                     1  28031.1
 10CW  02-Aug-25 16:41 0300  UW5IM          599  599  02            02       1  28031.1
 10CW  02-Aug-25 16:43 0301  RA3AN          599  599  71            71       1  28031.1
 15CW  02-Aug-25 16:49 0302  RA3YDA         599  599  82                     1  21004.6
 15CW  02-Aug-25 16:50 0303  LY3CY          599  599  74                     1  21004.6
 15CW  02-Aug-25 16:51 0304  UT5NC          599  599  73                     1  21004.6
 15CW  02-Aug-25 16:51 0305  R7AT           599  599  82                     1  21004.6
 15CW  02-Aug-25 16:53 0306  UA3AP          599  599  81                     1  21004.6
 15CW  02-Aug-25 16:53 0307  E74A           599  599  77                     1  21004.6
 15CW  02-Aug-25 16:54 0308  HA5GF          599  599  73                     1  21004.6
 15CW  02-Aug-25 16:55 0309  RG2Y           599  599  85                     1  21004.6
 15CW  02-Aug-25 16:56 0310  IK1PMR         599  599  90                     1  21004.0
 15CW  02-Aug-25 16:57 0311  HB9AMO         599  599  68                     1  21008.5
 15CW  02-Aug-25 16:58 0312  RX6FJ          599  599  86                     1  21009.7
 15CW  02-Aug-25 16:58 0313  LZ4AE          599  599  95                     1  21011.0
 15CW  02-Aug-25 16:59 0314  LY2J           599  599  84                     1  21012.1
 15CW  02-Aug-25 16:59 0315  EU2F           599  599  76                     1  21015.0
 15CW  02-Aug-25 17:00 0316  YL5T           599  599  04                     1  21015.6
 15CW  02-Aug-25 17:02 0317  UY7LM          599  599  74                     1  21023.0
 15CW  02-Aug-25 17:03 0318  OM4WM          599  599  51            51       1  21027.5
 15CW  02-Aug-25 17:05 0319  EA3X           599  599  86                     1  21029.5
 15CW  02-Aug-25 17:05 0320  YL5W           599  599  67                     1  21030.1
 15CW  02-Aug-25 17:05 0321  LY5T           599  599  89                     1  21032.9
 15CW  02-Aug-25 17:07 0322  EA5BY          599  599  81                     1  21035.4
 15CW  02-Aug-25 17:08 0323  EW1TO          599  599  13            13       1  21041.6
 15CW  02-Aug-25 17:09 0324  9A2CT          599  599  72                     1  21042.7
 15CW  02-Aug-25 17:09 0325  EW1M           599  599  80                     1  21045.0
 15CW  02-Aug-25 17:09 0326  EA3NO          599  599  91            91       1  21046.1
 15CW  02-Aug-25 17:11 0327  UW5ZM          599  599  07            07       1  21019.7
 15CW  02-Aug-25 17:12 0328  IK6VXO         599  599  93                     1  21019.7
 15CW  02-Aug-25 17:12 0329  LY5W           599  599  81                     1  21019.7
 15CW  02-Aug-25 17:13 0330  IT9ATF         599  599  72                     1  21019.7
 15CW  02-Aug-25 17:13 0331  IK3VUT         599  599  93                     1  21019.7
 20CW  02-Aug-25 17:16 0332  OK2BFN         599  599  63            63       1  14047.8
 20CW  02-Aug-25 17:17 0333  RM4F           599  599  82                     1  14045.7
 20CW  02-Aug-25 17:18 0334  SN2B           599  599  97                     1  14042.7
 20CW  02-Aug-25 17:18 0335  IK2AVH         599  599  82                     1  14042.0
 20CW  02-Aug-25 17:20 0336  S59AA          599  599  50            50       1  14041.2
 20CW  02-Aug-25 17:21 0337  SP1D           599  599  95                     1  14040.8
 20CW  02-Aug-25 17:21 0338  OG1N           599  599  79                     1  14040.1
 20CW  02-Aug-25 17:22 0339  F4WEJ          599  599  81                     1  14039.2
 20CW  02-Aug-25 17:23 0340  DL5JS          599  599  77                     1  14035.3
 20CW  02-Aug-25 17:24 0341  SN7Z           599  599  72                     1  14034.0
 20CW  02-Aug-25 17:25 0342  UZ5DM          599  599  58            58       1  14033.1
 20CW  02-Aug-25 17:26 0343  F8DFP          599  599  01            01       1  14032.7
 20CW  02-Aug-25 17:26 0344  HA1WD          599  599  82                     1  14029.6
 20CW  02-Aug-25 17:27 0345  RC6U           599  599  89                     1  14028.5
 20CW  02-Aug-25 17:28 0346  OM4WM          599  599  51            51       1  14027.0
 20CW  02-Aug-25 17:28 0347  SP2QG          599  599  78                     1  14025.9
 20CW  02-Aug-25 17:29 0348  LZ9W           599  599  21            21       1  14025.5
 20CW  02-Aug-25 17:29 0349  EC5K           599  599  96            96       1  14025.0
 20CW  02-Aug-25 17:29 0350  RT5P           599  599  79                     1  14024.6
 20CW  02-Aug-25 17:30 0351  YO3LW          599  599  96                     1  14024.3
 20CW  02-Aug-25 17:31 0352  OM5R           599  599  89                     1  14020.7
 20CW  02-Aug-25 17:31 0353  EA4AOC         599  599  95                     1  14020.0
 20CW  02-Aug-25 17:32 0354  F5IN           599  599  65                     1  14019.5
 20CW  02-Aug-25 17:33 0355  E73Y           599  599  87                     1  14017.5
 20CW  02-Aug-25 17:34 0356  EW1TO          599  599  13                     1  14017.0
 20CW  02-Aug-25 17:34 0357  DJ2QV          599  599  87                     1  14016.0
 20CW  02-Aug-25 17:35 0358  EU2M           599  599  86                     1  14015.6
 20CW  02-Aug-25 17:35 0359  F6IFY          599  599  82                     1  14013.9
 20CW  02-Aug-25 17:36 0360  S57AL          599  599  83                     1  14013.1
 20CW  02-Aug-25 17:37 0361  EV6Z           599  599  74                     1  14011.5
 20CW  02-Aug-25 17:38 0362  EW1M           599  599  80                     1  14011.1
 20CW  02-Aug-25 17:38 0363  LZ1NK          599  599  81                     1  14010.0
 20CW  02-Aug-25 17:39 0364  R2AA           599  599  83                     1  14008.9
 20CW  02-Aug-25 17:39 0365  LY6O           599  599  79                     1  14008.3
 20CW  02-Aug-25 17:40 0366  9A8A           599  599  72                     1  14007.9
 20CW  02-Aug-25 17:41 0367  LY5W           599  599  81                     1  14006.0
 20CW  02-Aug-25 17:41 0368  EA3JW          599  599  92                     1  14005.5
 20CW  02-Aug-25 17:42 0369  HB9AMO         599  599  68                     1  14002.6
 20CW  02-Aug-25 17:43 0370  E7AA           599  599  93                     1  14001.3
 15CW  02-Aug-25 17:45 0371  OM3CW          599  599  73                     1  21022.4
 15CW  02-Aug-25 17:45 0372  HA7A           599  599  73                     1  21021.7
 15CW  02-Aug-25 17:45 0373  HA2VH          599  599  85                     1  21023.0
 15CW  02-Aug-25 17:46 0374  YL2GD          599  599  73                     1  21024.9
 15CW  02-Aug-25 17:47 0375  SP4AWE         599  599  63            63       1  21027.5
 15CW  02-Aug-25 17:48 0376  EW2A           599  599  78                     1  21035.8
 15CW  02-Aug-25 17:50 0377  LZ6E           599  599  59                     1  21004.5
 15CW  02-Aug-25 17:51 0378  UT0U           599  599  73                     1  21005.3
 15CW  02-Aug-25 17:52 0379  YT2AAA         599  599  07                     1  21015.0
 15CW  02-Aug-25 17:53 0380  LZ4AE          599  599  95                     0  21015.5
 40CW  02-Aug-25 18:19 0381  OP5T           599  599  67            67       1   7010.1
 40CW  02-Aug-25 18:20 0382  LY6O           599  599  79            79       1   7010.6
 40CW  02-Aug-25 18:22 0383  R4YT           599  599  83            83       1   7005.5
 40CW  02-Aug-25 18:22 0384  UA4Q           599  599  77            77       1   7005.5
 40CW  02-Aug-25 18:22 0385  E74A           599  599  77                     1   7005.5
 40CW  02-Aug-25 18:23 0386  HA8TKS         599  599  81            81       1   7005.5
 40CW  02-Aug-25 18:23 0387  DK2ZO          599  599  68            68       1   7005.5
 40CW  02-Aug-25 18:23 0388  UT7NI          599  599  76            76       1   7005.5
 40CW  02-Aug-25 18:24 0389  UC7T           599  599  05            05       1   7005.5
 40CW  02-Aug-25 18:24 0390  OK5SA          599  599  62            62       1   7005.5
 40CW  02-Aug-25 18:25 0391  UT2II          599  599  74            74       1   7005.5
 40CW  02-Aug-25 18:25 0392  UR2Y           599  599  82            82       1   7005.5
 40CW  02-Aug-25 18:25 0393  PA6AA          599  599  06            06       1   7005.5
 40CW  02-Aug-25 18:26 0394  SP3CW          599  599  91            91       1   7005.5
 40CW  02-Aug-25 18:26 0395  OK2NMA         599  599  87            87       1   7005.5
 40CW  02-Aug-25 18:26 0396  YQ6A           599  599  74                     1   7005.5
 40CW  02-Aug-25 18:27 0397  PA0RBA         599  599  74                     1   7005.5
 40CW  02-Aug-25 18:28 0398  LY2MM          599  599  70            70       1   7005.5
 40CW  02-Aug-25 18:28 0399  LZ2XA          599  599  89            89       1   7005.5
 40CW  02-Aug-25 18:28 0400  UR5WX          599  599  79                     1   7005.5
 40CW  02-Aug-25 18:29 0401  PA0RDT         599  599  69            69       1   7005.5
 40CW  02-Aug-25 18:29 0402  UR2Y           599  599  82                     0   7005.5
 40CW  02-Aug-25 18:30 0403  OK1AY          599  599  80            80       1   7005.5
 40CW  02-Aug-25 18:30 0404  S53X           599  599  79                     1   7005.5
 40CW  02-Aug-25 18:30 0405  YT3H           599  599  66            66       1   7005.5
 40CW  02-Aug-25 18:31 0406  EU1DM          599  599  85            85       1   7005.5
 40CW  02-Aug-25 18:32 0407  RJ2M           599  599  08            08       1   7005.5
 40CW  02-Aug-25 18:32 0408  E7AA           599  599  93            93       1   7005.5
 40CW  02-Aug-25 18:32 0409  SO7NA          599  599  02            02       1   7005.5
 40CW  02-Aug-25 18:32 0410  LZ1QV          599  599  74                     1   7005.5
 40CW  02-Aug-25 18:33 0411  DL7ALM         599  599  83                     1   7005.5
 40CW  02-Aug-25 18:33 0412  RG2Y           599  599  85                     1   7005.5
 40CW  02-Aug-25 18:34 0413  9A3SMS         599  599  17            17       1   7005.5
 40CW  02-Aug-25 18:34 0414  SP9XCN         599  599  93                     1   7005.5
 40CW  02-Aug-25 18:34 0415  OK1MDK         599  599  65            65       1   7005.5
 40CW  02-Aug-25 18:35 0416  UA3AP          599  599  81                     1   7005.5
 40CW  02-Aug-25 18:35 0417  UG4A           599  599  72            72       1   7005.5
 40CW  02-Aug-25 18:36 0418  PA3ADU         599  599  77                     1   7005.5
 40CW  02-Aug-25 18:36 0419  UI3A           599  599  14            14       1   7005.5
 40CW  02-Aug-25 18:37 0420  EW2A           599  599  78            78       1   7005.5
 40CW  02-Aug-25 18:37 0421  PA5N           599  599  99            99       1   7005.5
 40CW  02-Aug-25 18:38 0422  DL8MBS         599  599  81                     1   7005.5
 40CW  02-Aug-25 18:38 0423  YL5T           599  599  04            04       1   7005.5
 40CW  02-Aug-25 18:38 0424  LY2DX          599  599  83                     1   7005.5
 40CW  02-Aug-25 18:39 0425  SN7Z           599  599  72                     1   7005.5
 40CW  02-Aug-25 18:40 0426  HA6PJ          599  599  86            86       1   7005.5
 40CW  02-Aug-25 18:40 0427  RA3DS          599  599  74                     1   7005.5
 40CW  02-Aug-25 18:41 0428  DL1EFW         599  599  77                     1   7005.5
 40CW  02-Aug-25 18:41 0429  YO4NF          599  599  90            90       1   7005.5
 40CW  02-Aug-25 18:42 0430  DL8NAC         599  599  67                     1   7005.5
 40CW  02-Aug-25 18:42 0431  DL2PR          599  599  78                     1   7005.5
 40CW  02-Aug-25 18:42 0432  S50U           599  599  79                     1   7005.5
 40CW  02-Aug-25 18:43 0433  SN7O           599  599  75            75       1   7005.5
 40CW  02-Aug-25 18:43 0434  DG0KS          599  599  93                     1   7005.5
 40CW  02-Aug-25 18:43 0435  M4N            599  599  79                     1   7005.5
 40CW  02-Aug-25 18:45 0436  DM2DZM         599  599  62                     1   7005.4
 40CW  02-Aug-25 18:46 0437  SP9ATE         599  599  76                     1   7005.4
 40CW  02-Aug-25 18:46 0438  UZ1WW          599  599  68                     1   7005.4
 40CW  02-Aug-25 18:47 0439  EU1FQ          599  599  88            88       1   7005.4
 40CW  02-Aug-25 18:47 0440  RD1T           599  599  71            71       1   7005.4
 40CW  02-Aug-25 18:47 0441  UW7LL          599  599  00            00       1   7005.4
 40CW  02-Aug-25 18:48 0442  SP2GCE         599  599  73            73       1   7005.4
 40CW  02-Aug-25 18:48 0443  PA3DRL         599  599  75                     1   7005.4
 40CW  02-Aug-25 18:49 0444  G4LJU          599  599  81                     1   7005.4
 40CW  02-Aug-25 18:49 0445  UW5ZM          599  599  07            07       1   7005.4
 40CW  02-Aug-25 18:50 0446  LZ1ZU          599  599  84            84       1   7005.4
 40CW  02-Aug-25 18:50 0447  DF7TS          599  599  78                     1   7005.4
 40CW  02-Aug-25 18:51 0448  MM9I           599  599  93                     1   7005.4
 40CW  02-Aug-25 18:51 0449  SN3C           599  599  74                     1   7005.4
 40CW  02-Aug-25 18:52 0450  DL1JHR         599  599  87                     1   7005.4
 40CW  02-Aug-25 18:52 0451  UY2RA          599  599  73                     1   7005.4
 40CW  02-Aug-25 18:52 0452  OK1KKI         599  599  82                     1   7005.4
 40CW  02-Aug-25 18:54 0453  MI5I           599  599  91                     1   7005.4
 40CW  02-Aug-25 18:54 0454  IK1PMR         599  599  90                     1   7005.4
 40CW  02-Aug-25 18:54 0455  OZ7BQ          599  599  57            57       1   7005.4
 40CW  02-Aug-25 18:55 0456  R7MM           599  599  68                     1   7005.4
 40CW  02-Aug-25 18:56 0457  R3AQ           599  599  82                     1   7005.4
 40CW  02-Aug-25 18:56 0458  OG3B           599  599  83                     1   7005.4
 40CW  02-Aug-25 18:57 0459  9A1CFR         599  599  68                     1   7005.4
 40CW  02-Aug-25 18:57 0460  OM7M           599  599  87                     1   7005.4
 40CW  02-Aug-25 18:58 0461  YL3GQ          599  599  80                     1   7005.4
 40CW  02-Aug-25 18:58 0462  LZ5M           599  599  60            60       1   7005.4
 40CW  02-Aug-25 18:58 0463  IZ8EFD         599  599  01            01       1   7005.4
 40CW  02-Aug-25 18:59 0464  UW5IM          599  599  02                     1   7005.4
 40CW  02-Aug-25 18:59 0465  R1QE           599  599  72                     1   7005.4
 40CW  02-Aug-25 18:59 0466  RA3FD          599  599  89                     1   7005.4
 40CW  02-Aug-25 19:01 0467  OK4RQ          599  599  75                     1   7005.4
 40CW  02-Aug-25 19:01 0468  SP7LIE         599  599  78                     1   7005.4
 40CW  02-Aug-25 19:02 0469  US6EX          599  599  77                     1   7005.4
 40CW  02-Aug-25 19:03 0470  LY5R           599  599  75                     1   7005.4
 40CW  02-Aug-25 19:03 0471  ES2MC          599  599  81                     1   7005.4
 40CW  02-Aug-25 19:04 0472  SP6AKK         599  599  01                     1   7005.4
 40CW  02-Aug-25 19:05 0473  R2AA           599  599  83                     1   7005.4
 40CW  02-Aug-25 19:06 0474  PA2A           599  599  81                     1   7005.7
 40CW  02-Aug-25 19:06 0475  DM3ZF          599  599  76                     1   7006.7
 40CW  02-Aug-25 19:07 0476  OK3C           599  599  93                     1   7007.7
 40CW  02-Aug-25 19:07 0477  S52AW          599  599  71                     1   7008.3
 40CW  02-Aug-25 19:08 0478  OL0W           599  599  86                     1   7008.9
 40CW  02-Aug-25 19:08 0479  EU8U           599  599  79                     1   7009.8
 40CW  02-Aug-25 19:09 0480  DL3KWF         599  599  58            58       1   7010.1
 40CW  02-Aug-25 19:09 0481  S53R           599  599  75                     1   7011.0
 40CW  02-Aug-25 19:10 0482  HG1A           599  599  75                     1   7011.6
 40CW  02-Aug-25 19:11 0483  HA4A           599  599  78                     1   7012.1
 40CW  02-Aug-25 19:12 0484  DK5XG          599  599  93                     1   7012.4
 40CW  02-Aug-25 19:13 0485  UA1F           599  599  71                     1   7013.0
 40CW  02-Aug-25 19:13 0486  RX6FJ          599  599  86                     1   7013.4
 40CW  02-Aug-25 19:14 0487  F6HJO          599  599  61            61       1   7013.7
 40CW  02-Aug-25 19:15 0488  F5IN           599  599  65                     1   7014.0
 40CW  02-Aug-25 19:15 0489  SP1D           599  599  96            96       1   7014.5
 40CW  02-Aug-25 19:16 0490  M5M            599  599  71                     1   7015.0
 40CW  02-Aug-25 19:18 0491  LA8HGA         599  599  88                     1   7017.2
 40CW  02-Aug-25 19:19 0492  LA7GIA         599  599  92            92       1   7017.6
 40CW  02-Aug-25 19:20 0493  OG1N           599  599  79                     1   7017.9
 40CW  02-Aug-25 19:20 0494  SP0I           599  599  81                     1   7018.2
 40CW  02-Aug-25 19:21 0495  OH2KW          599  599  79                     1   7018.5
 40CW  02-Aug-25 19:22 0496  OK1OA          599  599  64            64       1   7018.8
 40CW  02-Aug-25 19:24 0497  UZ6U           599  599  85                     1   7019.2
 40CW  02-Aug-25 19:24 0498  DL1CW          599  599  79                     1   7019.6
 40CW  02-Aug-25 19:25 0499  9A3VM          599  599  69                     1   7020.3
 40CW  02-Aug-25 19:25 0500  RN3AM          599  599  79                     1   7020.6
 40CW  02-Aug-25 19:25 0501  E77EA          599  599  87                     1   7021.0
 40CW  02-Aug-25 19:26 0502  YL2BJ          599  599  72                     1   7021.3
 40CW  02-Aug-25 19:26 0503  UR7EU          599  599  00                     1   7021.5
 40CW  02-Aug-25 19:27 0504  OL8R           599  599  85                     1   7022.4
 40CW  02-Aug-25 19:27 0505  EU1A           599  599  95            95       1   7022.8
 40CW  02-Aug-25 19:27 0506  DL5YM          599  599  71                     1   7023.1
 40CW  02-Aug-25 19:28 0507  OM6TU          599  599  88                     1   7023.5
 40CW  02-Aug-25 19:29 0508  DK4WW          599  599  90                     1   7023.7
 40CW  02-Aug-25 19:29 0509  OM5R           599  599  89                     1   7024.0
 40CW  02-Aug-25 19:29 0510  SP5Y           599  599  93                     1   7024.3
 40CW  02-Aug-25 19:30 0511  SP2XX          599  599  70                     1   7025.1
 40CW  02-Aug-25 19:30 0512  EI5KF          599  599  11            11       1   7025.4
 40CW  02-Aug-25 19:32 0513  SE5E           599  599  76                     1   7026.3
 40CW  02-Aug-25 19:33 0514  OH0R           599  599  59            59       1   7025.9
 40CW  02-Aug-25 19:34 0515  DF1LON         599  599  94            94       1   7026.6
 40CW  02-Aug-25 19:34 0516  HA3NU          599  599  72                     1   7027.0
 40CW  02-Aug-25 19:35 0517  SN5N           599  599  69                     1   7027.3
 40CW  02-Aug-25 19:35 0518  HA7A           599  599  73                     1   7027.7
 40CW  02-Aug-25 19:36 0519  LZ9W           599  599  21            21       1   7029.3
 40CW  02-Aug-25 19:37 0520  SM5CSS         599  599  60                     1   7030.4
 40CW  02-Aug-25 19:37 0521  LX7I           599  599  82                     1   7031.3
 40CW  02-Aug-25 19:38 0522  EU2F           599  599  76                     1   7031.8
 40CW  02-Aug-25 19:38 0523  SF0A           599  599  80                     1   7032.1
 40CW  02-Aug-25 19:39 0524  S57X           599  599  65                     1   7032.2
 40CW  02-Aug-25 19:40 0525  YU7KW          599  599  75                     1   7034.6
 40CW  02-Aug-25 19:41 0526  OK1DOL         599  599  77                     1   7036.0
 40CW  02-Aug-25 19:42 0527  UA4FCO         599  599  70                     1   7036.5
 40CW  02-Aug-25 19:42 0528  Z35M           599  599  87                     1   7037.1
 40CW  02-Aug-25 19:43 0529  OK1OPT         599  599  83                     1   7037.6
 40CW  02-Aug-25 19:43 0530  IK5MEP         599  599  89                     1   7038.8
 40CW  02-Aug-25 19:44 0531  HA3OU          599  599  83                     1   7039.2
 40CW  02-Aug-25 19:44 0532  EU2M           599  599  86                     1   7040.4
 40CW  02-Aug-25 19:46 0533  EW1M           599  599  80                     1   7041.6
 40CW  02-Aug-25 19:47 0534  ES5Q           599  599  79                     1   7042.0
 40CW  02-Aug-25 19:47 0535  RT2F           599  599  77                     1   7042.5
 40CW  02-Aug-25 19:48 0536  IK3VUT         599  599  93                     1   7043.7
 40CW  02-Aug-25 19:49 0537  PA5KT          599  599  86                     1   7045.0
 40CW  02-Aug-25 19:49 0538  IZ3NVR         599  599  08                     1   7045.9
 40CW  02-Aug-25 19:49 0539  EU1DC          599  599  90                     1   7046.3
 40CW  02-Aug-25 19:50 0540  G4DBW          599  599  74                     1   7046.6
 40CW  02-Aug-25 19:50 0541  R7OV           599  599  88                     1   7047.3
 40CW  02-Aug-25 19:52 0542  OH2PQ          599  599  76                     1   7047.7
 40CW  02-Aug-25 19:52 0543  YO3GEK         599  599  94                     1   7049.0
 40CW  02-Aug-25 19:53 0544  HG5D           599  599  78                     1   7051.5
 80CW  02-Aug-25 19:55 0545  DL7ET          599  599  92            92       1   3508.4
 80CW  02-Aug-25 19:55 0546  SP9ATE         599  599  76            76       1   3508.4
 80CW  02-Aug-25 19:55 0547  OK3C           599  599  93            93       1   3508.4
 80CW  02-Aug-25 19:56 0548  DL2SWR         599  599  67            67       1   3508.4
 80CW  02-Aug-25 19:56 0549  M1X            599  599  85            85       1   3508.4
 80CW  02-Aug-25 19:56 0550  9A3VM          599  599  69            69       1   3508.4
 80CW  02-Aug-25 19:57 0551  F4BPO          599  599  97            97       1   3508.4
 80CW  02-Aug-25 19:57 0552  PA4O           599  599  99            99       1   3508.4
 80CW  02-Aug-25 19:58 0553  LZ2XA          599  599  89            89       1   3508.4
 80CW  02-Aug-25 19:59 0554  HG6O           599  599  73            73       1   3508.4
 80CW  02-Aug-25 19:59 0555  DL4ME          599  599  58            58       1   3508.4
 80CW  02-Aug-25 20:00 0556  UX0LL          599  599  95            95       1   3508.4
 80CW  02-Aug-25 20:00 0557  LY5I           599  599  79            79       1   3508.4
 80CW  02-Aug-25 20:00 0558  UR7EU          599  599  00            00       1   3508.4
 80CW  02-Aug-25 20:01 0559  SP2QG          599  599  78            78       1   3508.4
 80CW  02-Aug-25 20:01 0560  HA5JI          599  599  70            70       1   3508.4
 80CW  02-Aug-25 20:01 0561  OL8R           599  599  85                     1   3508.4
 80CW  02-Aug-25 20:02 0562  IK1PMR         599  599  90            90       1   3508.4
 80CW  02-Aug-25 20:02 0563  SN7O           599  599  75            75       1   3508.4
 80CW  02-Aug-25 20:03 0564  LZ6E           599  599  59            59       1   3508.4
 80CW  02-Aug-25 20:04 0565  S53X           599  599  79                     1   3508.4
 80CW  02-Aug-25 20:06 0566  YT9X           599  599  97                     1   3509.4
 80CW  02-Aug-25 20:10 0567  IO3T           599  599  90                     1   3510.8
 80CW  02-Aug-25 20:11 0568  OG3B           599  599  83            83       1   3511.1
 80CW  02-Aug-25 20:11 0569  DK3QZ          599  599  99                     1   3511.6
 80CW  02-Aug-25 20:12 0570  OM6TU          599  599  88            88       1   3512.5
 80CW  02-Aug-25 20:12 0571  ON5JT          599  599  69                     1   3513.3
 80CW  02-Aug-25 20:13 0572  LA2AB          599  599  66            66       1   3513.7
 80CW  02-Aug-25 20:13 0573  SP9XCN         599  599  93                     1   3514.1
 80CW  02-Aug-25 20:15 0574  YL1YF          599  599  95                     1   3514.9
 80CW  02-Aug-25 20:15 0575  RM4F           599  599  82            82       1   3515.3
 80CW  02-Aug-25 20:18 0576  9A5Y           599  599  98            98       1   3517.1
 80CW  02-Aug-25 20:19 0577  SP4AWE         599  599  63            63       1   3517.7
 80CW  02-Aug-25 20:20 0578  SM5CSS         599  599  60            60       1   3519.1
 80CW  02-Aug-25 20:21 0579  LA8HGA         599  599  88                     1   3520.1
 80CW  02-Aug-25 20:21 0580  F5IN           599  599  65            65       1   3520.7
 80CW  02-Aug-25 20:21 0581  OH2KW          599  599  79                     1   3521.0
 80CW  02-Aug-25 20:22 0582  S53R           599  599  75                     1   3521.4
 80CW  02-Aug-25 20:24 0583  R2FK           599  599  81            81       1   3522.5
 80CW  02-Aug-25 20:25 0584  DL3KWF         599  599  58                     1   3523.5
 80CW  02-Aug-25 20:26 0585  DK8ZB          599  599  71            71       1   3524.2
 80CW  02-Aug-25 20:26 0586  SM6F           599  599  61            61       1   3525.3
 80CW  02-Aug-25 20:27 0587  PA7F           599  599  80            80       1   3525.9
 80CW  02-Aug-25 20:27 0588  HA4A           599  599  78                     1   3526.5
 80CW  02-Aug-25 20:28 0589  MI5I           599  599  91            91       1   3527.3
 80CW  02-Aug-25 20:33 0590  SN9DT          599  599  10            10       1   3527.7
 80CW  02-Aug-25 20:34 0591  E77EA          599  599  87            87       1   3529.0
 80CW  02-Aug-25 20:34 0592  S57KM          599  599  90                     1   3529.4
 80CW  02-Aug-25 20:35 0593  LY6O           599  599  79                     1   3535.0
 80CW  02-Aug-25 20:39 0594  YT2AAA         599  599  07            07       1   3537.0
 80CW  02-Aug-25 20:40 0595  OK2BFN         599  599  63                     1   3539.0
 80CW  02-Aug-25 20:41 0596  SE5E           599  599  76                     1   3539.5
 80CW  02-Aug-25 20:41 0597  HG5D           599  599  78                     1   3540.9
160CW  02-Aug-25 20:43 0598  ON7PQ          599  599  78            78       1   1826.5
160CW  02-Aug-25 20:44 0599  S57WX          599  599  24            24       1   1827.8
160CW  02-Aug-25 20:45 0600  SM6F           599  599  61            61       1   1830.9
160CW  02-Aug-25 20:48 0601  HG6O           599  599  73            73       1   1823.1
160CW  02-Aug-25 20:48 0602  DF5BM          599  599  76            76       1   1823.7
160CW  02-Aug-25 20:49 0603  SN7Z           599  599  72            72       1   1825.1
160CW  02-Aug-25 20:49 0604  DJ4MX          599  599  17            17       1   1825.8
160CW  02-Aug-25 20:50 0605  DL1CW          599  599  79            79       1   1828.8
160CW  02-Aug-25 20:52 0606  DK3QZ          599  599  99            99       1   1833.0
160CW  02-Aug-25 20:53 0607  OM7M           599  599  87            87       1   1834.7
160CW  02-Aug-25 20:55 0608  SN7O           599  599  75            75       1   1835.3
160CW  02-Aug-25 20:56 0609  MI5I           599  599  91            91       1   1835.3
160CW  02-Aug-25 20:57 0610  HG5D           599  599  78                     1   1835.3
160CW  02-Aug-25 21:00 0611  OG3B           599  599  83            83       1   1831.8
160CW  02-Aug-25 21:01 0612  F5IN           599  599  65            65       1   1829.0
160CW  02-Aug-25 21:04 0613  SP1NY          599  599  74            74       1   1827.3
160CW  02-Aug-25 21:05 0614  DL6KWN         599  599  65                     1   1825.0
160CW  02-Aug-25 21:05 0615  LA2AB          599  599  66            66       1   1824.5
160CW  02-Aug-25 21:07 0616  SP2QG          599  599  78                     1   1824.1
160CW  02-Aug-25 21:08 0617  OK3C           599  599  93            93       1   1823.7
160CW  02-Aug-25 21:09 0618  OP5T           599  599  67            67       1   1822.2
160CW  02-Aug-25 21:09 0619  SP1AEN         599  599  72                     1   1826.4
160CW  02-Aug-25 21:13 0620  SP1D           599  599  96            96       1   1829.8
 80CW  02-Aug-25 21:17 0621  OK4RQ          599  599  75                     1   3526.4
 80CW  02-Aug-25 21:17 0622  EA1X           599  599  04            04       1   3526.4
 80CW  02-Aug-25 21:18 0623  UW5Y           599  599  88                     1   3526.4
 80CW  02-Aug-25 21:18 0624  YL5T           599  599  04                     1   3526.4
 80CW  02-Aug-25 21:19 0625  ES5Q           599  599  79                     1   3526.4
 80CW  02-Aug-25 21:20 0626  S59AA          599  599  50            50       1   3526.4
 80CW  02-Aug-25 21:20 0627  OT1A           599  599  95                     1   3526.4
 80CW  02-Aug-25 21:22 0628  LZ1QV          599  599  74            74       1   3526.4
 80CW  02-Aug-25 21:23 0629  UW7LL          599  599  00                     1   3526.4
 80CW  02-Aug-25 21:23 0630  DL5DXX         599  599  78                     1   3526.4
 80CW  02-Aug-25 21:23 0631  HA6NL          599  599  72            72       1   3526.4
 80CW  02-Aug-25 21:24 0632  UT0U           599  599  73                     1   3526.4
 80CW  02-Aug-25 21:24 0633  OG1F           599  599  88                     1   3526.4
 80CW  02-Aug-25 21:25 0634  HA8TKS         599  599  81                     1   3526.4
 80CW  02-Aug-25 21:25 0635  PA5WT          599  599  77            77       1   3526.4
 80CW  02-Aug-25 21:26 0636  DL5JS          599  599  77                     1   3526.4
 80CW  02-Aug-25 21:26 0637  DK2OY          599  599  67                     1   3526.4
 80CW  02-Aug-25 21:27 0638  DJ2XY          599  599  90                     1   3526.4
 80CW  02-Aug-25 21:28 0639  MM9I           599  599  93                     1   3526.4
 80CW  02-Aug-25 21:28 0640  DL3RC          599  599  81                     1   3526.4
 80CW  02-Aug-25 21:28 0641  YL2GD          599  599  73                     1   3526.4
 80CW  02-Aug-25 21:29 0642  SP7LIE         599  599  78                     1   3526.4
 80CW  02-Aug-25 21:29 0643  EW2A           599  599  78                     1   3526.4
 80CW  02-Aug-25 21:30 0644  DF5BM          599  599  76                     1   3526.4
 80CW  02-Aug-25 21:30 0645  DK5XG          599  599  93                     1   3526.4
 80CW  02-Aug-25 21:31 0646  LZ6K           599  599  86            86       1   3526.4
 80CW  02-Aug-25 21:32 0647  ON6NL          599  599  75                     1   3526.4
 80CW  02-Aug-25 21:32 0648  DL1CW          599  599  79                     1   3526.4
 80CW  02-Aug-25 21:33 0649  YU5A           599  599  73                     1   3526.4
 80CW  02-Aug-25 21:34 0650  M4N            599  599  79                     1   3526.4
 80CW  02-Aug-25 21:35 0651  OK1GK          599  599  94            94       1   3526.4
 80CW  02-Aug-25 21:35 0652  M5M            599  599  71                     1   3526.4
 80CW  02-Aug-25 21:35 0653  I2WIJ          599  599  73                     1   3526.4
 80CW  02-Aug-25 21:37 0654  LY2MM          599  599  70                     1   3528.2
 80CW  02-Aug-25 21:38 0655  S57WX          599  599  24            24       1   3527.7
 80CW  02-Aug-25 21:39 0656  SP7JLH         599  599  77                     1   3532.9
 80CW  02-Aug-25 21:39 0657  EI5KF          599  599  11            11       1   3533.5
 80CW  02-Aug-25 21:40 0658  OK1OPT         599  599  83                     1   3534.1
 80CW  02-Aug-25 21:40 0659  UZ6U           599  599  85                     1   3535.5
 80CW  02-Aug-25 21:41 0660  EC3A           599  599  79                     1   3535.0
 80CW  02-Aug-25 21:41 0661  DO2XU          599  599  20            20       1   3534.8
 80CW  02-Aug-25 21:42 0662  DL5AXX         599  599  78                     1   3537.6
 80CW  02-Aug-25 21:42 0663  SP1NY          599  599  74                     1   3539.9
 80CW  02-Aug-25 21:43 0664  EW1I           599  599  90                     1   3540.4
 80CW  02-Aug-25 21:43 0665  SM0Q           599  599  83                     1   3541.0
 80CW  02-Aug-25 21:46 0666  SP0I           599  599  81                     1   3542.8
 80CW  02-Aug-25 21:46 0667  S53O           599  599  72                     1   3541.8
 80CW  02-Aug-25 21:48 0668  EU1A           599  599  95                     1   3545.4
 80CW  02-Aug-25 21:48 0669  SO7NA          599  599  02            02       1   3550.0
 80CW  02-Aug-25 21:49 0670  S50U           599  599  79                     1   3553.0
 80CW  02-Aug-25 21:50 0671  RL5A           599  599  82                     1   3501.8
 80CW  02-Aug-25 21:51 0672  IK3VUT         599  599  93                     1   3503.6
 80CW  02-Aug-25 21:52 0673  LY7R           599  599  82                     1   3504.5
 80CW  02-Aug-25 21:53 0674  S52AW          599  599  71                     1   3505.4
 80CW  02-Aug-25 21:54 0675  F8GNV          599  599  11                     1   3506.0
 80CW  02-Aug-25 21:55 0676  SP3CW          599  599  91                     1   3507.8
 80CW  02-Aug-25 21:55 0677  R1TE           599  599  79                     1   3508.5
 80CW  02-Aug-25 21:55 0678  LX7I           599  599  82                     1   3509.2
 80CW  02-Aug-25 21:57 0679  OH0R           599  599  59                     1   3510.3
 80CW  02-Aug-25 21:58 0680  M4T            599  599  97                     1   3511.0
 80CW  02-Aug-25 21:58 0681  IP4A           599  599  99                     1   3511.4
 80CW  02-Aug-25 21:59 0682  LZ3ZZ          599  599  81                     1   3512.0
 80CW  02-Aug-25 21:59 0683  LY1DZ          599  599  86                     1   3513.7
 80CW  02-Aug-25 22:00 0684  EW1M           599  599  80                     1   3515.7
 80CW  02-Aug-25 22:01 0685  EV1R           599  599  87                     1   3516.9
 80CW  02-Aug-25 22:02 0686  UT1WW          599  599  85                     1   3517.8
 80CW  02-Aug-25 22:03 0687  EA5BY          599  599  81                     1   3518.3
 80CW  02-Aug-25 22:04 0688  DL5JQ          599  599  77                     1   3518.6
 40CW  02-Aug-25 22:09 0689  OM1PT          599  599  22            22       1   7021.2
 40CW  02-Aug-25 22:09 0690  YU1KW          599  599  83                     1   7021.2
 40CW  02-Aug-25 22:10 0691  SM5/UY5OO      599  599  67                     1   7021.2
 40CW  02-Aug-25 22:12 0692  SP3WKW         599  599  21                     1   7021.2
 40CW  02-Aug-25 22:12 0693  UX0LL          599  599  95                     1   7021.2
 40CW  02-Aug-25 22:12 0694  DL6KWN         599  599  65                     1   7021.2
 40CW  02-Aug-25 22:13 0695  YO4NF          599  599  90                     0   7021.2
 40CW  02-Aug-25 22:13 0696  UA3RBR         599  599  79                     1   7021.2
 40CW  02-Aug-25 22:13 0697  GM4GZW         599  599  76                     1   7021.2
 40CW  02-Aug-25 22:14 0698  OK2MBP         599  599  95                     1   7021.2
 40CW  02-Aug-25 22:14 0699  IU2TNJ         599  599  82                     1   7021.2
 40CW  02-Aug-25 22:15 0700  YU1AT          599  599  77                     1   7021.2
 40CW  02-Aug-25 22:15 0701  II6C           599  599  91                     1   7021.2
 40CW  02-Aug-25 22:16 0702  YU1KW          599  599  83                     0   7021.2
 40CW  02-Aug-25 22:16 0703  EA7BEZ         599  599  83                     1   7021.2
 40CW  02-Aug-25 22:18 0704  OK7SE          599  599  18            18       1   7021.2
 40CW  02-Aug-25 22:19 0705  R2ZU           599  599  86                     1   7021.2
 40CW  02-Aug-25 22:20 0706  R3LC           599  599  85                     1   7021.2
 40CW  02-Aug-25 22:22 0707  LA2AB          599  599  66                     1   7022.8
 40CW  02-Aug-25 22:23 0708  F5SGI          599  599  95                     1   7023.3
 40CW  02-Aug-25 22:24 0709  HB9CDH         599  599  78                     1   7025.6
 40CW  02-Aug-25 22:25 0710  SP1NY          599  599  74                     1   7030.3
 40CW  02-Aug-25 22:26 0711  IK2ULV         599  599  86                     1   7033.2
 40CW  02-Aug-25 22:26 0712  CT7BJG         599  599  74                     1   7034.3
 40CW  02-Aug-25 22:27 0713  DL2NBY         599  599  70                     1   7035.7
 40CW  02-Aug-25 22:28 0714  R6CC           599  599  81                     1   7037.6
 40CW  02-Aug-25 22:28 0715  OK1HCG         599  599  74                     1   7008.0
 40CW  02-Aug-25 22:29 0716  PA3AAV         599  599  77                     1   7008.6
 40CW  02-Aug-25 22:30 0717  RW4CLF         599  599  99                     1   7010.4
 40CW  02-Aug-25 22:30 0718  S52P           599  599  77                     1   7010.7
 40CW  02-Aug-25 22:30 0719  HA7MF          599  599  67                     1   7011.8
 40CW  02-Aug-25 22:31 0720  SM3EVR         599  599  74                     1   7013.7
 40CW  02-Aug-25 22:32 0721  RN4HAB         599  599  00                     1   7015.1
 40CW  02-Aug-25 22:32 0722  S57AL          599  599  83                     1   7016.5
 40CW  02-Aug-25 22:33 0723  OL6D           599  599  79                     1   7016.8
 40CW  02-Aug-25 22:34 0724  YL1YF          599  599  95                     1   7018.7
 40CW  02-Aug-25 22:36 0725  UT3UZ          599  599  78                     1   7018.2
 40CW  02-Aug-25 22:37 0726  OK1FCA         599  599  71                     1   7018.2
 40CW  02-Aug-25 22:37 0727  OH5ZA          599  599  71                     1   7018.2
 40CW  02-Aug-25 22:37 0728  SP7IWA         599  599  75                     1   7018.2
 40CW  02-Aug-25 22:39 0729  EU6RO          599  599  77                     1   7018.2
 40CW  02-Aug-25 22:40 0730  M0JWT          599  599  95                     1   7018.2
 40CW  02-Aug-25 22:41 0731  DF9SJ          599  599  75                     1   7018.2
 40CW  02-Aug-25 22:42 0732  S5/M0MPM       599  599  79                     1   7018.2
 40CW  02-Aug-25 22:43 0733  PA3I           599  599  77                     1   7018.2
 40CW  02-Aug-25 22:43 0734  LZ1NK          599  599  81                     1   7018.2
 40CW  02-Aug-25 22:43 0735  YR8R           599  599  80                     1   7018.2
 40CW  02-Aug-25 22:44 0736  G3TXF          599  599  65                     1   7018.2
 40CW  02-Aug-25 22:44 0737  F8GNV          599  599  11                     1   7018.2
 40CW  02-Aug-25 22:44 0738  OM4WM          599  599  51            51       1   7018.2
 40CW  02-Aug-25 22:45 0739  S52W           599  599  80                     1   7018.2
 80CW  02-Aug-25 22:47 0740  UI3A           599  599  14            14       1   3516.8
 80CW  02-Aug-25 22:47 0741  OK2NMA         599  599  87                     1   3516.8
 80CW  02-Aug-25 22:48 0742  EU8U           599  599  79                     1   3516.8
 80CW  02-Aug-25 22:48 0743  OG7F           599  599  76                     1   3516.8
 80CW  02-Aug-25 22:49 0744  F6DCQ          599  599  74                     1   3516.8
 80CW  02-Aug-25 22:50 0745  DF7TV          599  599  79                     1   3516.8
 80CW  02-Aug-25 22:52 0746  UA4S           599  599  98                     1   3503.0
 80CW  02-Aug-25 22:55 0747  MM2T           599  599  87                     1   3507.0
 80CW  02-Aug-25 22:56 0748  DL6KVA         599  599  84            84       1   3510.1
 80CW  02-Aug-25 22:57 0749  HA7UI          599  599  73                     1   3510.8
 80CW  02-Aug-25 22:57 0750  S56C           599  599  83                     1   3511.4
 80CW  02-Aug-25 22:58 0751  SC6O           599  599  83                     1   3515.7
 80CW  02-Aug-25 22:59 0752  E7DX           599  599  77                     1   3516.3
 80CW  02-Aug-25 23:00 0753  S52W           599  599  80                     1   3516.9
 80CW  02-Aug-25 23:01 0754  EU2M           599  599  86                     1   3517.6
 80CW  02-Aug-25 23:02 0755  M2G            599  599  82                     1   3519.3
 80CW  02-Aug-25 23:03 0756  OK1OA          599  599  64            64       1   3519.8
 80CW  02-Aug-25 23:03 0757  HB9ON          599  599  85                     1   3520.5
 80CW  02-Aug-25 23:04 0758  YQ6A           599  599  74                     1   3521.1
 80CW  02-Aug-25 23:04 0759  OK2NO          599  599  84                     1   3522.6
 80CW  02-Aug-25 23:05 0760  SD6O           599  599  78                     1   3522.9
 80CW  02-Aug-25 23:06 0761  OM3RM          599  599  71                     1   3524.2
 80CW  02-Aug-25 23:07 0762  DJ1MM          599  599  73                     1   3525.3
 80CW  02-Aug-25 23:07 0763  OK1HCG         599  599  74                     1   3525.8
 80CW  02-Aug-25 23:08 0764  HB9AMO         599  599  68            68       1   3527.6
 80CW  02-Aug-25 23:09 0765  PA2W           599  599  85                     1   3528.0
 80CW  02-Aug-25 23:09 0766  YT6X           599  599  00                     1   3533.5
 80CW  02-Aug-25 23:14 0767  IZ2FDU         599  599  02                     1   3534.0
 80CW  02-Aug-25 23:14 0768  S51W           599  599  72                     1   3536.2
 80CW  02-Aug-25 23:15 0769  HA3NU          599  599  72                     1   3538.1
 80CW  02-Aug-25 23:17 0770  OK1KMU         599  599  82                     1   3540.1
 80CW  02-Aug-25 23:17 0771  LY5W           599  599  81                     1   3544.0
 80CW  02-Aug-25 23:18 0772  YL5W           599  599  67                     1   3544.5
 80CW  02-Aug-25 23:18 0773  IK2AVH         599  599  82                     1   3545.0
 80CW  02-Aug-25 23:18 0774  LN5O           599  599  94                     1   3545.6
 80CW  02-Aug-25 23:19 0775  EW1TO          599  599  13            13       1   3548.2
 80CW  02-Aug-25 23:20 0776  LY6C           599  599  17            17       1   3549.5
 80CW  02-Aug-25 23:21 0777  RM2U           599  599  79                     1   3524.6
 80CW  02-Aug-25 23:23 0778  LB2WG          599  599  81                     1   3524.6
 80CW  02-Aug-25 23:23 0779  DL5ARM         599  599  77                     1   3524.6
 80CW  02-Aug-25 23:24 0780  G3TXF          599  599  65                     1   3524.6
 80CW  02-Aug-25 23:25 0781  G4DRS          599  599  74                     1   3524.6
 80CW  02-Aug-25 23:28 0782  SP4TKR         599  599  91                     1   3523.6
 80CW  02-Aug-25 23:28 0783  EW8DX          599  599  65                     1   3523.3
 80CW  02-Aug-25 23:29 0784  OL1T           599  599  91                     1   3522.0
 80CW  02-Aug-25 23:31 0785  OK1DOL         599  599  77                     1   3518.6
 80CW  02-Aug-25 23:32 0786  OK1KKI         599  599  82                     1   3516.8
 80CW  02-Aug-25 23:35 0787  R2AA           599  599  83                     1   3515.8
 80CW  02-Aug-25 23:35 0788  YL2PJ          599  599  69                     1   3514.9
 80CW  02-Aug-25 23:36 0789  UT2II          599  599  74                     1   3514.5
 80CW  02-Aug-25 23:36 0790  HA1RJ          599  599  84                     1   3514.1
 80CW  02-Aug-25 23:37 0791  SP2HMT         599  599  74                     1   3510.9
160CW  02-Aug-25 23:38 0792  LX7I           599  599  82            82       1   1812.5
160CW  02-Aug-25 23:39 0793  SN1F           599  599  52            52       1   1811.0
160CW  02-Aug-25 23:40 0794  SO7NA          599  599  02            02       1   1813.5
160CW  02-Aug-25 23:40 0795  EV1R           599  599  87                     1   1815.2
160CW  02-Aug-25 23:41 0796  E7DX           599  599  77            77       1   1818.1
160CW  02-Aug-25 23:43 0797  YU5A           599  599  73                     1   1819.9
160CW  02-Aug-25 23:43 0798  DQ2A           599  599  81            81       1   1822.3
160CW  02-Aug-25 23:44 0799  OK1OA          599  599  64            64       1   1825.3
160CW  02-Aug-25 23:46 0800  EW1M           599  599  80            80       1   1826.0
160CW  02-Aug-25 23:47 0801  UZ1WW          599  599  68            68       1   1828.7
160CW  02-Aug-25 23:49 0802  S59AA          599  599  50            50       1   1829.8
160CW  02-Aug-25 23:50 0803  UZ6U           599  599  85            85       1   1831.8
160CW  02-Aug-25 23:51 0804  SE5E           599  599  76                     1   1833.0
160CW  02-Aug-25 23:54 0805  OL6D           599  599  79                     1   1834.5
160CW  02-Aug-25 23:55 0806  R2AA           599  599  83                     1   1835.0
160CW  02-Aug-25 23:56 0807  SP6AEG         599  599  59            59       1   1835.7
160CW  02-Aug-25 23:59 0808  S57KM          599  599  90            90       1   1817.0
