 10CW  18-Oct-25 15:13 0001  N4BP           599  599  21            K        5  28028.5
 15CW  18-Oct-25 15:18 0002  N4CW           599  599  13            K        5  21031.3
 15CW  18-Oct-25 15:18 0003  R8TT           599  599  14            UA9      5  21031.3
 15CW  18-Oct-25 15:19 0004  EA5OH          599  599  20            EA       3  21031.3
 15CW  18-Oct-25 15:20 0005  R7MM           599  599  28            UA       3  21031.3
 15CW  18-Oct-25 15:21 0006  LZ6K           599  599  26            LZ       3  21031.3
 15CW  18-Oct-25 15:21 0007  R6AF           599  599  25                     3  21031.3
 15CW  18-Oct-25 15:21 0008  IK8UND         599  599  2             I        3  21031.3
 15CW  18-Oct-25 15:22 0009  YO4FHU         599  599  12            YO       3  21031.3
 15CW  18-Oct-25 15:23 0010  UZ7E           599  599  25            UR       3  21031.3
 15CW  18-Oct-25 15:24 0011  RK3TD          599  599  33                     3  21031.3
 15CW  18-Oct-25 15:24 0012  RK3DK          599  599  22                     3  21031.3
 15CW  18-Oct-25 15:24 0013  IT9IVU         599  599  6             IT9      3  21031.3
 15CW  18-Oct-25 15:25 0014  LZ1ND          599  599  32                     3  21031.3
 15CW  18-Oct-25 15:25 0015  UA1ZZ          599  599  3                      3  21031.3
 15CW  18-Oct-25 15:26 0016  RC2O           599  599  15                     3  21031.3
 15CW  18-Oct-25 15:27 0017  TA3DJ          599  599  9             TA       5  21031.3
 15CW  18-Oct-25 15:28 0018  RV3AJ          599  599  10                     3  21031.3
 15CW  18-Oct-25 15:29 0019  R3VL           599  599  21                     3  21031.3
 15CW  18-Oct-25 15:29 0020  YQ6A           599  599  33                     3  21031.3
 15CW  18-Oct-25 15:29 0021  IU0ITX         599  599  5                      3  21031.3
 15CW  18-Oct-25 15:30 0022  LZ3PZ          599  599  5                      3  21031.3
 15CW  18-Oct-25 15:32 0023  SV8/DL2TM      599  599  6             SV       3  21031.3
 15CW  18-Oct-25 15:33 0024  R3OM           599  599  8                      3  21031.3
 15CW  18-Oct-25 15:33 0025  RA1TU          599  599  21                     3  21031.3
 15CW  18-Oct-25 15:34 0026  K3WW           599  599  43                     5  21031.3
 15CW  18-Oct-25 15:35 0027  UT7EZ          599  599  22                     3  21031.3
 15CW  18-Oct-25 15:35 0028  UA6LCN         599  599  44                     3  21031.3
 15CW  18-Oct-25 15:35 0029  LA2AB          599  599  22            LA       3  21031.3
 15CW  18-Oct-25 15:38 0030  EA4XT          599  599  13                     3  21031.3
 15CW  18-Oct-25 15:40 0031  RN3BL          599  599  28                     3  21031.3
 15CW  18-Oct-25 15:40 0032  UA4FCO         599  599  44                     3  21031.3
 15CW  18-Oct-25 15:41 0033  VE3TM          599  599  31            VE       5  21031.3
 15CW  18-Oct-25 15:41 0034  LZ3QE          599  599  34                     3  21031.3
 15CW  18-Oct-25 15:42 0035  W6KH           599  599  11                     5  21031.3
 15CW  18-Oct-25 15:43 0036  W9RNY          599  599  1                      5  21031.3
 15CW  18-Oct-25 15:44 0037  SN8T           599  599  38            SP       3  21031.3
 15CW  18-Oct-25 15:44 0038  SP2QG          599  599  37                     3  21031.3
 10CW  18-Oct-25 15:47 0039  DA2X           599  599  S01           DL       1  28014.2
 10CW  18-Oct-25 15:51 0040  W1FJ           599  599  37                     5  28008.6
 10CW  18-Oct-25 15:54 0041  SV8OVJ         599  599  48            SV       3  28010.5
 10CW  18-Oct-25 15:54 0042  K1ZZ           599  599  108                    5  28006.2
 10CW  18-Oct-25 15:55 0043  DA3M           599  599  V22                    1  28005.8
 10CW  18-Oct-25 15:55 0044  N5RZ           599  599  27                     5  28017.0
 10CW  18-Oct-25 15:56 0045  DM4MN          599  599  R03                    1  28014.7
 10CW  18-Oct-25 16:00 0046  CT7BJG         599  599  105           CT       3  28023.4
 10CW  18-Oct-25 16:01 0047  KC1XX          599  599  244                    5  28024.9
 10CW  18-Oct-25 16:01 0048  W4NF           599  599  27                     5  28026.0
 10CW  18-Oct-25 16:02 0049  K3IE           599  599  39                     5  28026.6
 10CW  18-Oct-25 16:03 0050  K1AR           599  599  95                     5  28028.5
 10CW  18-Oct-25 16:04 0051  DR1D           599  599  G20                    1  28031.0
 10CW  18-Oct-25 16:05 0052  NP4Z           599  599  17            KP4      5  28034.2
 10CW  18-Oct-25 16:05 0053  W4RM           599  599  37                     5  28036.5
 20CW  18-Oct-25 16:07 0054  SV1ME          599  599  41            SV       3  14025.4
 20CW  18-Oct-25 16:08 0055  DJ9DZ          599  599  N06           DL       1  14027.1
 20CW  18-Oct-25 16:08 0056  YR8R           599  599  38            YO       3  14030.6
 20CW  18-Oct-25 16:10 0057  YU7KW          599  599  51            YU       3  14033.0
 20CW  18-Oct-25 16:12 0058  UY5QJ          599  599  6             UR       3  14034.1
 20CW  18-Oct-25 16:12 0059  OK2BRJ         599  599  3             OK       3  14034.1
 20CW  18-Oct-25 16:13 0060  E7CQ           599  599  41            E7       3  14034.1
 20CW  18-Oct-25 16:13 0061  LZ3PZ          599  599  16            LZ       3  14034.1
 20CW  18-Oct-25 16:14 0062  R4LR           599  599  53            UA       3  14034.1
 20CW  18-Oct-25 16:14 0063  9A1DR          599  599  10            9A       3  14034.1
 20CW  18-Oct-25 16:14 0064  EW8DX          599  599  60            EU       3  14034.1
 20CW  18-Oct-25 16:15 0065  OG7F           599  599  38            OH       3  14034.1
 20CW  18-Oct-25 16:15 0066  HA7TM          599  599  76            HA       3  14034.1
 20CW  18-Oct-25 16:16 0067  YU0X           599  599  17                     3  14034.1
 20CW  18-Oct-25 16:16 0068  LZ6E           599  599  36                     3  14034.1
 20CW  18-Oct-25 16:16 0069  RX9CC          599  599  32            UA9      5  14034.1
 20CW  18-Oct-25 16:17 0070  IK1RQQ         599  599  7             I        3  14034.1
 20CW  18-Oct-25 16:17 0071  SO5O           599  599  41            SP       3  14034.1
 20CW  18-Oct-25 16:17 0072  UP4L           599  599  85            UN       5  14034.1
 20CW  18-Oct-25 16:18 0073  SN8T           599  599  62                     3  14034.1
 20CW  18-Oct-25 16:18 0074  IO5O           599  599  42                     3  14034.1
 20CW  18-Oct-25 16:19 0075  RN4HAB         599  599  43                     3  14034.1
 20CW  18-Oct-25 16:19 0076  ES5NY          599  599  19            ES       3  14034.1
 20CW  18-Oct-25 16:19 0077  LY2A           599  599  26            LY       3  14034.1
 20CW  18-Oct-25 16:20 0078  EU8U           599  599  83                     3  14034.1
 20CW  18-Oct-25 16:20 0079  RM4N           599  599  24                     3  14034.1
 20CW  18-Oct-25 16:20 0080  SM0Q           599  599  26            SM       3  14034.1
 20CW  18-Oct-25 16:21 0081  OK2MBP         599  599  24                     3  14034.1
 20CW  18-Oct-25 16:21 0082  S57X           599  599  32            S5       3  14034.1
 20CW  18-Oct-25 16:22 0083  OM7AT          599  599  13            OM       3  14034.1
 20CW  18-Oct-25 16:22 0084  EU6RO          599  599  34                     3  14034.1
 20CW  18-Oct-25 16:23 0085  SV8GGI         599  599  26                     3  14034.1
 20CW  18-Oct-25 16:23 0086  IK4RVY         599  599  49                     3  14034.1
 20CW  18-Oct-25 16:23 0087  RN3BL          599  599  64                     3  14034.1
 20CW  18-Oct-25 16:23 0088  YO4NF          599  599  96                     3  14034.1
 20CW  18-Oct-25 16:24 0089  RA1QX          599  599  39                     3  14034.1
 20CW  18-Oct-25 16:24 0090  IW3ILM         599  599  15                     3  14034.1
 20CW  18-Oct-25 16:25 0091  HA2KMR         599  599  59                     3  14034.1
 20CW  18-Oct-25 16:25 0092  UA6GO          599  599  38                     3  14034.1
 20CW  18-Oct-25 16:26 0093  YO2IS          599  599  28                     3  14034.1
 20CW  18-Oct-25 16:27 0094  R7TD           599  599  23                     3  14034.1
 20CW  18-Oct-25 16:27 0095  E74E           599  599  59                     3  14034.1
 20CW  18-Oct-25 16:27 0096  HA8EN          599  599  38                     3  14034.1
 20CW  18-Oct-25 16:28 0097  OR4T           599  599  76            ON       3  14034.1
 20CW  18-Oct-25 16:29 0098  R7AC           599  599  24                     3  14034.1
 20CW  18-Oct-25 16:29 0099  YO4FHU         599  599  42                     3  14034.1
 20CW  18-Oct-25 16:31 0100  LY2J           599  599  68                     3  14034.1
 20CW  18-Oct-25 16:31 0101  M1X            599  599  102           G        3  14034.1
 20CW  18-Oct-25 16:32 0102  P3N            599  599  289           5B       5  14034.1
 20CW  18-Oct-25 16:33 0103  SN4K           599  599  20                     3  14034.1
 20CW  18-Oct-25 16:33 0104  RU4AA          599  599  41                     3  14034.1
 20CW  18-Oct-25 16:34 0105  9A3SMS         599  599  80                     3  14034.1
 20CW  18-Oct-25 16:34 0106  OM3TBG         599  599  11                     3  14034.1
 20CW  18-Oct-25 16:35 0107  UA9CTT         599  599  69                     5  14034.1
 20CW  18-Oct-25 16:35 0108  UT7EZ          599  599  61                     3  14034.1
 20CW  18-Oct-25 16:35 0109  S57X           599  599  37                     0  14034.1
 20CW  18-Oct-25 16:36 0110  R1TE           599  599  51                     3  14034.1
 20CW  18-Oct-25 16:36 0111  LY2MM          599  599  18                     3  14034.1
 20CW  18-Oct-25 16:37 0112  UT5NC          599  599  24                     3  14034.1
 20CW  18-Oct-25 16:37 0113  UZ7E           599  599  104                    3  14034.1
 20CW  18-Oct-25 16:37 0114  IK2NUX         599  599  15                     3  14034.1
 20CW  18-Oct-25 16:38 0115  RT9YA          599  599  27                     5  14034.1
 20CW  18-Oct-25 16:38 0116  RA1TU          599  599  40                     3  14034.1
 20CW  18-Oct-25 16:39 0117  RU4LM          599  599  31                     3  14034.1
 20CW  18-Oct-25 16:40 0118  SN4K           599  599  22                     0  14034.1
 20CW  18-Oct-25 16:40 0119  LY2CO          599  599  1                      3  14034.1
 20CW  18-Oct-25 16:41 0120  RT4M           599  599  163                    3  14034.1
 20CW  18-Oct-25 16:41 0121  R3VL           599  599  88                     3  14034.1
 20CW  18-Oct-25 16:42 0122  R3LC           599  599  37                     3  14034.1
 20CW  18-Oct-25 16:43 0123  UA4PN          599  599  82                     3  14034.1
 20CW  18-Oct-25 16:45 0124  R9GM           599  599  90                     3  14034.1
 20CW  18-Oct-25 16:45 0125  SP2QG          599  599  87                     3  14034.1
 20CW  18-Oct-25 16:45 0126  YT7X           599  599  59                     3  14034.1
 20CW  18-Oct-25 16:46 0127  UO2L           599  599  99                     5  14034.1
 20CW  18-Oct-25 16:47 0128  IK6FAW         599  599  1                      3  14034.1
 20CW  18-Oct-25 16:47 0129  9A3VM          599  599  106                    3  14034.1
 20CW  18-Oct-25 16:48 0130  RN4SC          599  599  16                     3  14034.1
 20CW  18-Oct-25 16:49 0131  RC2O           599  599  69                     3  14034.1
 20CW  18-Oct-25 16:50 0132  SV1BJW/6       599  599  86                     3  14034.1
 20CW  18-Oct-25 16:50 0133  R3OM           599  599  83                     3  14034.1
 20CW  18-Oct-25 16:51 0134  YO5BDL         599  599  10                     3  14034.1
 20CW  18-Oct-25 16:51 0135  UV3RT          599  599  11                     3  14034.1
 20CW  18-Oct-25 16:52 0136  LZ1ND          599  599  146                    3  14034.1
 20CW  18-Oct-25 16:52 0137  RM7F           599  599  20                     3  14034.1
 20CW  18-Oct-25 16:54 0138  SD3A           599  599  33                     3  14034.1
 20CW  18-Oct-25 16:55 0139  DM6EE          599  599  H24                    1  14034.1
 20CW  18-Oct-25 16:56 0140  E77EA          599  599  126                    3  14032.5
 20CW  18-Oct-25 16:56 0141  F5SGI          599  599  64            F        3  14031.5
 20CW  18-Oct-25 16:57 0142  SV1FWV         599  599  55                     3  14028.7
 20CW  18-Oct-25 16:59 0143  DL0RD          599  599  L16                    1  14026.5
 20CW  18-Oct-25 17:01 0144  CT7BJG         599  599  232           CT       3  14023.4
 20CW  18-Oct-25 17:02 0145  DJ0YI          599  599  P42                    1  14020.2
 20CW  18-Oct-25 17:02 0146  OK1KKI         599  599  112                    3  14019.3
 20CW  18-Oct-25 17:04 0147  ZA1EM          599  599  60            ZA       3  14017.8
 20CW  18-Oct-25 17:04 0148  SV1JG          599  599  118                    3  14018.1
 20CW  18-Oct-25 17:05 0149  IK5MEL         599  599  82                     3  14017.5
 20CW  18-Oct-25 17:05 0150  OM2ADM         599  599  43                     3  14016.8
 20CW  18-Oct-25 17:06 0151  DF8V           599  599  Q05                    1  14016.0
 20CW  18-Oct-25 17:07 0152  YU1YV          599  599  114                    3  14014.2
 20CW  18-Oct-25 17:07 0153  S52AW          599  599  126                    3  14010.0
 15CW  18-Oct-25 17:09 0154  DR1D           599  599  G20           DL       1  21031.3
 15CW  18-Oct-25 17:09 0155  9J2FI          599  599  266           9J       5  21030.5
 15CW  18-Oct-25 17:10 0156  NM4AA          599  599  195                    5  21029.7
 15CW  18-Oct-25 17:11 0157  NM2A           599  599  OSW                    5  21037.2
 15CW  18-Oct-25 17:14 0158  SN1T           599  599  159                    3  21032.9
 15CW  18-Oct-25 17:15 0159  VE7ZO          599  599  77                     5  21032.9
 15CW  18-Oct-25 17:15 0160  RV3ZN          599  599  55                     3  21032.9
 15CW  18-Oct-25 17:16 0161  Z35F           599  599  84            Z3       3  21032.9
 15CW  18-Oct-25 17:17 0162  N5RZ           599  599  133                    5  21032.9
 15CW  18-Oct-25 17:17 0163  SN2B           599  599  215                    3  21032.9
 15CW  18-Oct-25 17:18 0164  AC8Y           599  599  14                     5  21032.9
 15CW  18-Oct-25 17:19 0165  VA1TTY         599  599  1                      5  21032.9
 15CW  18-Oct-25 17:20 0166  KE1J           599  599  106                    5  21032.9
 15CW  18-Oct-25 17:21 0167  KQ4R           599  599  51                     5  21032.9
 15CW  18-Oct-25 17:23 0168  N3QE           599  599  181                    5  21032.9
 15CW  18-Oct-25 17:23 0169  K1ZZ           599  599  230                    5  21032.9
 15CW  18-Oct-25 17:24 0170  UA6LCJ         599  599  98                     3  21032.9
 15CW  18-Oct-25 17:27 0171  ZD7BG          599  599  96            ZD7      5  21032.7
 10CW  18-Oct-25 17:28 0172  PY1AX          599  599  22            PY       5  28030.8
 10CW  18-Oct-25 17:29 0173  PT2AW          599  599  112                    5  28033.7
 10CW  18-Oct-25 17:29 0174  DP7D           599  599  L05                    1  28025.0
 10CW  18-Oct-25 17:30 0175  KP2M           599  599  62            KP2      5  28022.4
 10CW  18-Oct-25 17:31 0176  DL6ED          599  599  R15                    1  28021.5
 10CW  18-Oct-25 17:32 0177  PY3TD          599  599  84                     5  28017.4
 10CW  18-Oct-25 17:32 0178  XQ3WD          599  599  99            CE       5  28012.0
 10CW  18-Oct-25 17:36 0179  FY5KE          599  599  123           FY       5  28041.4
 10CW  18-Oct-25 17:46 0180  WK2G           599  599  22                     5  28026.5
 10CW  18-Oct-25 17:47 0181  W1RCR          599  599  98                     5  28025.5
 10CW  18-Oct-25 17:48 0182  PY5AMF         599  599  139                    5  28012.0
 15CW  18-Oct-25 17:50 0183  PY2NY          599  599  49            PY       5  21029.7
 15CW  18-Oct-25 17:50 0184  DM4MN          599  599  R03                    1  21029.0
 15CW  18-Oct-25 17:52 0185  CT7BJG         599  599  317           CT       3  21023.0
 15CW  18-Oct-25 17:53 0186  EA1X           599  599  211                    3  21007.0
 15CW  18-Oct-25 17:54 0187  DF7A           599  599  X28                    1  21002.0
 15CW  18-Oct-25 17:54 0188  NN3W           599  599  456                    5  21009.0
 15CW  18-Oct-25 17:55 0189  SV8OVJ         599  599  164                    3  21012.0
 15CW  18-Oct-25 17:57 0190  VE9DX          599  599  40                     5  21032.5
 20CW  18-Oct-25 18:00 0191  UA6AA          599  599  239                    3  14029.1
 20CW  18-Oct-25 18:02 0192  LZ3ZZ          599  599  87                     3  14027.8
 20CW  18-Oct-25 18:03 0193  YU2M           599  599  28                     3  14024.6
 20CW  18-Oct-25 18:05 0194  RD4A           599  599  225                    3  14010.2
 20CW  18-Oct-25 18:06 0195  LZ6K           599  599  146                    3  14009.0
 20CW  18-Oct-25 18:06 0196  DF7A           599  599  X28                    1  14007.2
 20CW  18-Oct-25 18:06 0197  SV8SXF         599  599  136                    3  14006.5
 20CW  18-Oct-25 18:07 0198  RN1B           599  599  19                     3  14004.6
 20CW  18-Oct-25 18:09 0199  OH2KW          599  599  103                    3  14015.0
 20CW  18-Oct-25 18:12 0200  UA4FCO         599  599  164                    3  14026.1
 20CW  18-Oct-25 18:14 0201  UA4Q           599  599  85                     3  14029.6
 20CW  18-Oct-25 18:15 0202  YO4DW          599  599  3                      3  14029.6
 20CW  18-Oct-25 18:15 0203  UT4LW          599  599  49                     3  14029.6
 20CW  18-Oct-25 18:17 0204  K0ZR           599  599  42            K        5  14029.6
 20CW  18-Oct-25 18:18 0205  UR4LIN         599  599  24                     3  14029.6
 20CW  18-Oct-25 18:19 0206  KE1J           599  599  133                    5  14029.6
 20CW  18-Oct-25 18:20 0207  KE1J           599  599  133                    0  14029.6
 20CW  18-Oct-25 18:20 0208  K3WW           599  599  157                    5  14029.6
 20CW  18-Oct-25 18:22 0209  OY1CT          599  599  191           OY       3  14029.1
 20CW  18-Oct-25 18:25 0210  W4RM           599  599  109                    5  14021.2
 20CW  18-Oct-25 18:26 0211  R2FK           599  599  103           UA2      3  14043.0
 20CW  18-Oct-25 18:27 0212  W2FU           599  599  MON                    5  14041.4
 20CW  18-Oct-25 18:29 0213  EA5DF          599  599  200           EA       3  14051.0
 40CW  18-Oct-25 18:31 0214  LY4T           599  599  15            LY       3   7018.2
 40CW  18-Oct-25 18:31 0215  YU1AT          599  599  23            YU       3   7018.2
 40CW  18-Oct-25 18:32 0216  UT4LW          599  599  59            UR       3   7018.2
 40CW  18-Oct-25 18:32 0217  OR5T           599  599  118           ON       3   7018.2
 40CW  18-Oct-25 18:32 0218  OK1AY          599  599  109           OK       3   7018.2
 40CW  18-Oct-25 18:33 0219  M7TEI          599  599  6             G        3   7018.2
 40CW  18-Oct-25 18:34 0220  EW8DX          599  599  190           EU       3   7018.2
 40CW  18-Oct-25 18:34 0221  S57X           599  599  73            S5       3   7018.2
 40CW  18-Oct-25 18:34 0222  RU4AA          599  599  115           UA       3   7018.2
 40CW  18-Oct-25 18:35 0223  PA3DRL         599  599  75            PA       3   7018.2
 40CW  18-Oct-25 18:36 0224  SP8GQU         599  599  112           SP       3   7018.2
 40CW  18-Oct-25 18:36 0225  OK2BRQ         599  599  26                     3   7018.2
 40CW  18-Oct-25 18:37 0226  HA3SX          599  599  28            HA       3   7018.2
 40CW  18-Oct-25 18:37 0227  HG5E           599  599  154                    3   7018.2
 40CW  18-Oct-25 18:38 0228  R6AF           599  599  272                    3   7018.2
 40CW  18-Oct-25 18:39 0229  OK2BRJ         599  599  80                     3   7018.2
 40CW  18-Oct-25 18:39 0230  S56C           599  599  47                     3   7018.2
 40CW  18-Oct-25 18:40 0231  RN3BL          599  599  182                    3   7018.2
 40CW  18-Oct-25 18:40 0232  OK4RQ          599  599  102                    3   7018.2
 40CW  18-Oct-25 18:41 0233  IU0ITX         599  599  23            I        3   7018.2
 40CW  18-Oct-25 18:41 0234  OK1CZ          599  599  54                     3   7018.2
 40CW  18-Oct-25 18:42 0235  UT5NC          599  599  31                     3   7018.2
 40CW  18-Oct-25 18:42 0236  SN8T           599  599  169                    3   7018.2
 40CW  18-Oct-25 18:43 0237  UF5A           599  599  59                     3   7018.2
 40CW  18-Oct-25 18:43 0238  UA4Q           599  599  120                    3   7018.2
 40CW  18-Oct-25 18:43 0239  9A2EY          599  599  48            9A       3   7018.2
 40CW  18-Oct-25 18:44 0240  R1TE           599  599  106                    3   7018.2
 40CW  18-Oct-25 18:44 0241  UP4L           599  599  262           UN       5   7018.2
 40CW  18-Oct-25 18:45 0242  EW1I           599  599  256                    3   7018.2
 40CW  18-Oct-25 18:45 0243  RU4LM          599  599  128                    3   7018.2
 40CW  18-Oct-25 18:46 0244  RK3DK          599  599  143                    3   7018.2
 40CW  18-Oct-25 18:46 0245  HA2KMR         599  599  250                    3   7018.2
 40CW  18-Oct-25 18:46 0246  LY2CO          599  599  61                     3   7018.2
 40CW  18-Oct-25 18:47 0247  DD7NT          599  599  S06           DL       1   7018.2
 40CW  18-Oct-25 18:47 0248  RT5C           599  599  85                     3   7018.2
 40CW  18-Oct-25 18:48 0249  DL5MEL         599  599  T21                    1   7018.2
 40CW  18-Oct-25 18:48 0250  OK2MBP         599  599  92                     3   7018.2
 40CW  18-Oct-25 18:49 0251  OK1DVA         599  599  49                     3   7018.2
 40CW  18-Oct-25 18:49 0252  RX6FJ          599  599  125                    3   7018.2
 40CW  18-Oct-25 18:51 0253  S51J           599  599  46                     3   7018.2
 40CW  18-Oct-25 18:51 0254  LY3CY          599  599  43                     3   7018.2
 40CW  18-Oct-25 18:52 0255  OK2B           599  599  25                     3   7018.2
 40CW  18-Oct-25 18:52 0256  DM7W           599  599  T19                    1   7018.2
 40CW  18-Oct-25 18:53 0257  M4N            599  599  102                    3   7018.2
 40CW  18-Oct-25 18:53 0258  RV3AJ          599  599  67                     3   7018.2
 40CW  18-Oct-25 18:56 0259  YO4NF          599  599  277           YO       3   7008.5
 40CW  18-Oct-25 18:57 0260  SV1ENG         599  599  239           SV       3   7006.5
 40CW  18-Oct-25 18:58 0261  RN1B           599  599  63                     3   7005.6
 40CW  18-Oct-25 18:58 0262  UA6LUQ         599  599  139                    3   7003.6
 40CW  18-Oct-25 18:59 0263  LZ3ZZ          599  599  161           LZ       3   7014.1
 40CW  18-Oct-25 19:00 0264  LZ6K           599  599  214                    3   7015.5
 80CW  18-Oct-25 19:05 0265  HA3HX          599  599  45            HA       3   3526.4
 80CW  18-Oct-25 19:07 0266  SP1AEN         599  599  69            SP       3   3531.0
 80CW  18-Oct-25 19:08 0267  SD6M           599  599  401           SM       3   3532.9
 80CW  18-Oct-25 19:09 0268  DM3A           599  599  Y01           DL       1   3533.5
 80CW  18-Oct-25 19:11 0269  DL1JDQ         599  599  S50                    1   3536.1
 80CW  18-Oct-25 19:12 0270  EA5DF          599  599  239           EA       3   3537.9
 80CW  18-Oct-25 19:13 0271  R2FK           599  599  122           UA2      3   3530.4
 80CW  18-Oct-25 19:14 0272  SP3CW          599  599  75                     3   3530.0
 80CW  18-Oct-25 19:16 0273  DL9FBF         599  599  F16                    1   3528.1
 80CW  18-Oct-25 19:17 0274  ON3EBR         599  599  104           ON       3   3526.1
 80CW  18-Oct-25 19:18 0275  DM5EA          599  599  D27                    1   3525.7
 80CW  18-Oct-25 19:19 0276  DL3KWF         599  599  V11                    1   3524.8
 80CW  18-Oct-25 19:21 0277  OK1OA          599  599  102           OK       3   3524.2
 80CW  18-Oct-25 19:22 0278  IK2CZQ         599  599  48            I        3   3523.7
 80CW  18-Oct-25 19:22 0279  DL4HG          599  599  E38                    1   3523.0
 80CW  18-Oct-25 19:23 0280  ON5WL          599  599  27                     3   3520.9
 80CW  18-Oct-25 19:25 0281  DL8ULF         599  599  Y37                    1   3518.5
 80CW  18-Oct-25 19:27 0282  YL1YF          599  599  126           YL       3   3512.4
 80CW  18-Oct-25 19:28 0283  DF6QV          599  599  N15                    1   3511.3
 80CW  18-Oct-25 19:29 0284  LY6O           599  599  168           LY       3   3510.5
 80CW  18-Oct-25 19:30 0285  OK1KKI         599  599  312                    3   3509.7
 80CW  18-Oct-25 19:31 0286  DF4ZL          599  599  F16                    1   3512.9
 80CW  18-Oct-25 19:35 0287  S53V           599  599  253           S5       3   3516.2
 80CW  18-Oct-25 19:36 0288  F5JU           599  599  79            F        3   3516.2
 80CW  18-Oct-25 19:37 0289  G5C            599  599  28            G        3   3516.2
 80CW  18-Oct-25 19:38 0290  SQ6MIH         599  599  151                    3   3516.2
 80CW  18-Oct-25 19:39 0291  S56C           599  599  97                     3   3516.2
 80CW  18-Oct-25 19:40 0292  SP9XCN         599  599  236                    3   3516.2
 80CW  18-Oct-25 19:40 0293  IK1PMR         599  599  92                     3   3516.2
 80CW  18-Oct-25 19:41 0294  EW8DX          599  599  246           EU       3   3516.2
 80CW  18-Oct-25 19:41 0295  DL8MKG         599  599  W13                    1   3516.2
 80CW  18-Oct-25 19:41 0296  DJ6OI          599  599  H34                    1   3516.2
 80CW  18-Oct-25 19:43 0297  SP4TKR         599  599  135                    3   3516.2
 80CW  18-Oct-25 19:43 0298  SP3VT          599  599  272                    3   3516.2
 80CW  18-Oct-25 19:44 0299  OK4RQ          599  599  181                    3   3516.2
 80CW  18-Oct-25 19:44 0300  LY3CY          599  599  59                     3   3516.2
 80CW  18-Oct-25 19:45 0301  S52AW          599  599  292                    3   3516.2
 80CW  18-Oct-25 19:47 0302  EU8U           599  599  330                    3   3516.2
 80CW  18-Oct-25 19:47 0303  E77EA          599  599  328           E7       3   3516.2
 80CW  18-Oct-25 19:47 0304  ES5NY          599  599  119           ES       3   3516.2
 80CW  18-Oct-25 19:48 0305  SN1T           599  599  308                    3   3516.2
 80CW  18-Oct-25 19:49 0306  LY2MM          599  599  163                    3   3516.2
 80CW  18-Oct-25 19:49 0307  UF5A           599  599  99            UA       3   3516.2
 80CW  18-Oct-25 19:50 0308  SO5O           599  599  181                    3   3516.2
 80CW  18-Oct-25 19:52 0309  PA0RDT         599  599  88            PA       3   3516.2
 80CW  18-Oct-25 19:53 0310  LZ3QE          599  599  196           LZ       3   3516.2
 80CW  18-Oct-25 19:55 0311  ZA1RR          599  599  195           ZA       3   3520.6
 80CW  18-Oct-25 19:57 0312  LA2AB          599  599  226           LA       3   3529.4
 80CW  18-Oct-25 19:59 0313  SV2DSJ         599  599  65            SV       3   3533.3
 80CW  18-Oct-25 20:00 0314  YO4NF          599  599  362           YO       3   3538.6
 80CW  18-Oct-25 20:01 0315  DF5EN          599  599  P51                    1   3555.0
 80CW  18-Oct-25 20:04 0316  DL8UBR         599  599  Y33                    1   3551.2
 80CW  18-Oct-25 20:05 0317  OM2ADM         599  599  81            OM       3   3534.1
 80CW  18-Oct-25 20:06 0318  DL2NBU         599  599  C12                    1   3521.8
 40CW  18-Oct-25 20:10 0319  UT7EZ          599  599  196                    3   7009.3
 40CW  18-Oct-25 20:10 0320  UX7IW          599  599  77                     3   7009.3
 40CW  18-Oct-25 20:12 0321  UR3QX          599  599  46                     3   7009.3
 40CW  18-Oct-25 20:13 0322  EA5ITT         599  599  215           EA       3   7009.3
 40CW  18-Oct-25 20:13 0323  EA7GZQ         599  599  37                     3   7009.3
 40CW  18-Oct-25 20:14 0324  LZ3TL          599  599  19                     3   7009.3
 40CW  18-Oct-25 20:15 0325  EA5FID         599  599  299                    3   7009.3
 40CW  18-Oct-25 20:15 0326  UZ7E           599  599  298                    3   7009.3
 40CW  18-Oct-25 20:15 0327  RA6L           599  599  94                     3   7009.3
 40CW  18-Oct-25 20:16 0328  R8TT           599  599  325           UA9      5   7009.3
 40CW  18-Oct-25 20:17 0329  UP4L           599  599  363                    0   7009.3
 40CW  18-Oct-25 20:19 0330  LZ2PS          599  599  188                    3   7009.3
 40CW  18-Oct-25 20:20 0331  IK6QRH         599  599  100                    3   7009.3
 40CW  18-Oct-25 20:22 0332  UA6LCN         599  599  345                    3   7009.3
 40CW  18-Oct-25 20:23 0333  RM7F           599  599  95                     3   7009.3
 40CW  18-Oct-25 20:24 0334  N4AF           599  599  218           K        5   7009.3
 40CW  18-Oct-25 20:24 0335  UA6AA          599  599  333                    3   7009.3
 40CW  18-Oct-25 20:24 0336  SV3RF          599  599  22                     3   7009.3
 40CW  18-Oct-25 20:26 0337  K3AJ           599  599  321                    5   7009.3
 40CW  18-Oct-25 20:27 0338  NN3W           599  599  589                    5   7009.3
 40CW  18-Oct-25 20:29 0339  R4LC           599  599  12                     3   7009.3
 40CW  18-Oct-25 20:30 0340  R3QX           599  599  36                     3   7009.3
 40CW  18-Oct-25 20:32 0341  ZA1EM          599  599  172           ZA       3   7018.9
 40CW  18-Oct-25 20:33 0342  Z35F           599  599  237           Z3       3   7022.0
 40CW  18-Oct-25 20:34 0343  CT7BJG         599  599  536           CT       3   7023.0
 40CW  18-Oct-25 20:37 0344  CR3Z           599  599  1090          CT3      5   7028.6
 40CW  18-Oct-25 20:39 0345  UN3M           599  599  231                    5   7036.0
 20CW  18-Oct-25 20:40 0346  DL3QQ          599  599  L03                    1  14032.0
 20CW  18-Oct-25 20:41 0347  DK5DQ          599  599  O32                    1  14022.7
 20CW  18-Oct-25 20:41 0348  FY5KE          599  599  219           FY       5  14020.5
 20CW  18-Oct-25 20:42 0349  L33M           599  599  54            LU       5  14016.3
 20CW  18-Oct-25 20:43 0350  PY3TD          599  599  157           PY       5  14015.0
 80CW  18-Oct-25 20:46 0351  P3C            599  599  141           5B       5   3516.9
 80CW  18-Oct-25 20:48 0352  9A3VM          599  599  449           9A       3   3521.4
 80CW  18-Oct-25 20:53 0353  M1X            599  599  281                    3   3526.9
 80CW  18-Oct-25 20:54 0354  YO4DW          599  599  74                     3   3526.9
 80CW  18-Oct-25 20:54 0355  S54A           599  599  54                     3   3526.9
 80CW  18-Oct-25 20:55 0356  EW1I           599  599  398                    3   3526.9
 80CW  18-Oct-25 20:56 0357  HA7TM          599  599  315                    3   3526.9
 80CW  18-Oct-25 20:57 0358  SN9S           599  599  188                    3   3526.9
 80CW  18-Oct-25 20:58 0359  SN8T           599  599  309                    3   3526.9
 80CW  18-Oct-25 20:59 0360  PA2A           599  599  209                    3   3526.9
 80CW  18-Oct-25 21:01 0361  DL4KWA         599  599  V01                    1   3513.9
 80CW  18-Oct-25 21:02 0362  DF1LON         599  599  R11                    1   3514.8
 40CW  18-Oct-25 21:03 0363  HS0ZFV         599  599  346           HS       5   7034.8
 40CW  18-Oct-25 21:06 0364  YL3CW          599  599  82            YL       3   7015.1
 40CW  18-Oct-25 21:08 0365  KC1XX          599  599  865                    5   7003.4
 40CW  18-Oct-25 21:09 0366  TA3X           599  599  38            TA       5   7000.7
 40CW  18-Oct-25 21:10 0367  LZ5R           599  599  751                    3   7007.7
 40CW  18-Oct-25 21:11 0368  KP2M           599  599  262           KP2      5   7008.7
 40CW  18-Oct-25 21:12 0369  W4NF           599  599  134                    5   7012.2
 40CW  18-Oct-25 21:14 0370  SV1ME          599  599  223                    3   7016.0
 20CW  19-Oct-25 06:07 0371  SV1ENG         599  599  333                    3  14031.6
 20CW  19-Oct-25 06:09 0372  DA1DX          599  599  L06                    1  14026.0
 20CW  19-Oct-25 06:09 0373  SV1PMQ         599  599  59                     3  14026.5
 20CW  19-Oct-25 06:11 0374  IT9RZU         599  599  286           IT9      3  14023.0
 20CW  19-Oct-25 06:12 0375  ZS1C           599  599  61            ZS       5  14021.1
 20CW  19-Oct-25 06:13 0376  RW0AJ          599  599  69                     5  14020.4
 20CW  19-Oct-25 06:14 0377  R6AF           599  599  630                    3  14015.0
 80CW  19-Oct-25 06:17 0378  OK1AY          599  599  326                    3   3510.5
 80CW  19-Oct-25 06:18 0379  DK0OG          599  599  C15                    1   3515.6
 80CW  19-Oct-25 06:20 0380  OZ7AEI         599  599  41            OZ       3   3511.8
 80CW  19-Oct-25 06:21 0381  IS0AFM         599  599  74            IS       3   3530.0
 80CW  19-Oct-25 06:24 0382  DL3NEY         599  599  B36                    1   3518.0
 80CW  19-Oct-25 06:25 0383  DK3WN          599  599  F35                    1   3518.0
 80CW  19-Oct-25 06:26 0384  DK2FG          599  599  N05                    1   3518.0
 80CW  19-Oct-25 06:27 0385  CR3Z           599  599  1719          CT3      5   3518.0
 80CW  19-Oct-25 06:27 0386  DQ7Y           599  599  B19                    1   3518.0
 80CW  19-Oct-25 06:28 0387  DO2TO          599  599  Y22                    1   3518.0
 80CW  19-Oct-25 06:28 0388  OU3A           599  599  81                     3   3518.0
 80CW  19-Oct-25 06:30 0389  LY4D           599  599  823                    3   3518.0
 80CW  19-Oct-25 06:31 0390  DL3AZ          599  599  NM                     1   3518.0
 80CW  19-Oct-25 06:32 0391  DL1BUG         599  599  Y15                    1   3518.0
 80CW  19-Oct-25 06:32 0392  DJ2IA          599  599  F43                    1   3518.0
 80CW  19-Oct-25 06:35 0393  IW2FUT         599  599  73                     3   3518.0
 80CW  19-Oct-25 06:37 0394  DL5KAT         599  599  Z31                    1   3517.4
 80CW  19-Oct-25 06:38 0395  DK9HE          599  599  E33                    1   3528.5
 40CW  19-Oct-25 06:41 0396  9A1DR          599  599  103                    3   7017.2
 40CW  19-Oct-25 06:42 0397  SP9XCN         599  599  488                    3   7017.2
 40CW  19-Oct-25 06:42 0398  YL7X           599  599  726                    3   7017.2
 40CW  19-Oct-25 06:42 0399  9A3VM          599  599  717                    3   7017.2
 40CW  19-Oct-25 06:43 0400  HB9HTF         599  599  345           HB       3   7017.2
 40CW  19-Oct-25 06:43 0401  SP2QG          599  599  475                    3   7017.2
 40CW  19-Oct-25 06:43 0402  SP4DEU         599  599  86                     3   7017.2
 40CW  19-Oct-25 06:44 0403  OK8SMS         599  599  222                    3   7017.2
 40CW  19-Oct-25 06:44 0404  SP3VT          599  599  567                    3   7017.2
 40CW  19-Oct-25 06:45 0405  DG4UF          599  599  S21                    1   7017.2
 40CW  19-Oct-25 06:45 0406  OK5SA          599  599  87                     3   7017.2
 40CW  19-Oct-25 06:45 0407  LY2J           599  599  376                    3   7017.2
 40CW  19-Oct-25 06:46 0408  DM5NN          599  599  S07                    1   7017.2
 40CW  19-Oct-25 06:46 0409  EV6Z           599  599  294                    3   7017.2
 40CW  19-Oct-25 06:47 0410  GM4EZR         599  599  8             GM       3   7017.2
 40CW  19-Oct-25 06:47 0411  HA1RJ          599  599  381                    3   7017.2
 40CW  19-Oct-25 06:47 0412  DL4KWA         599  599  V01                    1   7017.2
 40CW  19-Oct-25 06:47 0413  K1ZZ           599  599  744                    5   7017.2
 40CW  19-Oct-25 06:48 0414  LY7M           599  599  86                     3   7017.2
 40CW  19-Oct-25 06:48 0415  LA8OM          599  599  165           LA       3   7017.2
 40CW  19-Oct-25 06:48 0416  DL6UD          599  599  Y28                    1   7017.2
 40CW  19-Oct-25 06:49 0417  R1TE           599  599  342                    0   7017.2
 40CW  19-Oct-25 06:49 0418  OK1KKI         599  599  865                    3   7017.2
 40CW  19-Oct-25 06:50 0419  DF2DR          599  599  P14                    1   7017.2
 40CW  19-Oct-25 06:50 0420  DL1USB         599  599  S45                    1   7017.2
 40CW  19-Oct-25 06:50 0421  K3MM           599  599  401                    5   7017.2
 40CW  19-Oct-25 06:51 0422  EA5BM          599  599  38                     3   7017.2
 40CW  19-Oct-25 06:51 0423  LY2MM          599  599  364                    3   7017.2
 40CW  19-Oct-25 06:51 0424  F8DFP          599  599  7             F        3   7017.2
 40CW  19-Oct-25 06:51 0425  DL2DXA         599  599  S01                    1   7017.2
 40CW  19-Oct-25 06:52 0426  DJ2IA          599  599  F43                    1   7017.2
 40CW  19-Oct-25 06:52 0427  EU8U           599  599  705                    3   7017.2
 40CW  19-Oct-25 06:53 0428  DL2NBY         599  599  B26                    1   7017.2
 40CW  19-Oct-25 06:53 0429  OL4W           599  599  160                    3   7017.2
 40CW  19-Oct-25 06:54 0430  DL2RTU         599  599  Y21                    1   7017.2
 40CW  19-Oct-25 06:54 0431  DL5ANS         599  599  X23                    1   7017.2
 40CW  19-Oct-25 06:54 0432  SN4K           599  599  99                     3   7017.2
 40CW  19-Oct-25 06:55 0433  HA4FY          599  599  124                    3   7017.2
 40CW  19-Oct-25 06:55 0434  OK1FKD         599  599  151                    3   7017.2
 40CW  19-Oct-25 06:55 0435  SN5J           599  599  367                    3   7017.2
 40CW  19-Oct-25 06:56 0436  RX1AG          599  599  16                     3   7017.2
 40CW  19-Oct-25 06:56 0437  IK1PMR         599  599  184                    3   7017.2
 40CW  19-Oct-25 06:57 0438  ES2JJ          599  599  85            ES       3   7017.2
 40CW  19-Oct-25 06:57 0439  HA7RY          599  599  199                    3   7017.2
 40CW  19-Oct-25 06:58 0440  DJ3RA          599  599  Y22                    1   7017.2
 40CW  19-Oct-25 06:58 0441  LC2F           599  599  64                     3   7017.2
 40CW  19-Oct-25 06:58 0442  OK6OK          599  599  269                    3   7017.2
 40CW  19-Oct-25 06:59 0443  SN2B           599  599  1067                   3   7017.2
 40CW  19-Oct-25 06:59 0444  IZ4IRR         599  599  70                     3   7017.2
 40CW  19-Oct-25 07:00 0445  DL1THB         599  599  V11                    1   7017.2
 40CW  19-Oct-25 07:00 0446  OE5TXF         599  599  466           OE       3   7017.2
 40CW  19-Oct-25 07:00 0447  SM7CIL         599  599  80            SM       3   7017.2
 40CW  19-Oct-25 07:01 0448  IW2FUT         599  599  89                     3   7017.2
 40CW  19-Oct-25 07:01 0449  M1X            599  599  331                    3   7017.2
 40CW  19-Oct-25 07:02 0450  UA3MIF         599  599  352                    3   7017.2
 40CW  19-Oct-25 07:02 0451  EA5YU          599  599  163                    3   7017.2
 40CW  19-Oct-25 07:03 0452  YO2IS          599  599  189                    3   7017.2
 40CW  19-Oct-25 07:03 0453  DL4ME          599  599  X30                    1   7017.2
 40CW  19-Oct-25 07:04 0454  SP2MKT         599  599  186                    3   7017.2
 40CW  19-Oct-25 07:04 0455  SP1AEN         599  599  222                    3   7017.2
 40CW  19-Oct-25 07:04 0456  SP3CYY         599  599  27                     3   7017.2
 40CW  19-Oct-25 07:05 0457  DA3T           599  599  S22                    1   7017.2
 40CW  19-Oct-25 07:06 0458  SM2M           599  599  386                    3   7017.2
 40CW  19-Oct-25 07:06 0459  DJ9DZ          599  599  N06                    1   7017.2
 40CW  19-Oct-25 07:07 0460  NA8V           599  599  34                     5   7017.2
 40CW  19-Oct-25 07:07 0461  IZ2BVC         599  599  75                     3   7017.2
 40CW  19-Oct-25 07:08 0462  SD1A           599  599  98                     3   7017.2
 40CW  19-Oct-25 07:09 0463  S52AW          599  599  567                    3   7017.2
 40CW  19-Oct-25 07:09 0464  W3RJ           599  599  92                     5   7017.2
 40CW  19-Oct-25 07:09 0465  SN1T           599  599  627                    3   7017.2
 40CW  19-Oct-25 07:10 0466  YQ6A           599  599  499                    3   7017.2
 40CW  19-Oct-25 07:11 0467  IK0FUX         599  599  99                     3   7017.2
 40CW  19-Oct-25 07:11 0468  YU0X           599  599  257                    3   7017.2
 40CW  19-Oct-25 07:12 0469  DH0JAE         599  599  Y28                    1   7017.2
 40CW  19-Oct-25 07:12 0470  S53V           599  599  437                    3   7017.2
 40CW  19-Oct-25 07:13 0471  G4ZFE          599  599  233                    3   7017.2
 40CW  19-Oct-25 07:14 0472  F8KLY          599  599  251                    3   7017.2
 40CW  19-Oct-25 07:15 0473  SQ6MIH         599  599  286                    3   7017.2
 40CW  19-Oct-25 07:16 0474  SP4TKR         599  599  330                    3   7017.2
 40CW  19-Oct-25 07:17 0475  SP9JZT         599  599  106                    3   7017.2
 40CW  19-Oct-25 07:17 0476  SO5O           599  599  370                    3   7017.2
 40CW  19-Oct-25 07:17 0477  E7CW           599  599  845           E7       3   7017.2
 40CW  19-Oct-25 07:19 0478  DL0FOR         599  599  Y27                    1   7017.2
 40CW  19-Oct-25 07:20 0479  DF0A/P         599  599  T01                    1   7017.2
 40CW  19-Oct-25 07:21 0480  OE5CYL         599  599  93                     3   7017.2
 40CW  19-Oct-25 07:21 0481  NN7CW          599  599  320                    5   7017.2
 40CW  19-Oct-25 07:22 0482  SD3A           599  599  60                     3   7017.2
 40CW  19-Oct-25 07:23 0483  IZ2BVC         599  599  82                     0   7017.2
 40CW  19-Oct-25 07:23 0484  PA3AAV         599  599  316                    3   7017.2
 40CW  19-Oct-25 07:24 0485  YL7A           599  599  405                    3   7017.2
 40CW  19-Oct-25 07:26 0486  DM500FR        599  599  500FR                  1   7017.2
 40CW  19-Oct-25 07:27 0487  SN7J           599  599  410                    3   7017.2
 40CW  19-Oct-25 07:28 0488  DF1DT          599  599  G38                    1   7017.2
 40CW  19-Oct-25 07:29 0489  OK1DXX         599  599  28                     3   7017.2
 40CW  19-Oct-25 07:30 0490  LA7SI          599  599  24                     3   7017.2
 40CW  19-Oct-25 07:31 0491  DL1SL          599  599  P19                    1   7017.2
 40CW  19-Oct-25 07:32 0492  UR2Y           599  599  359                    3   7017.2
 40CW  19-Oct-25 07:33 0493  OK1FCA         599  599  82                     3   7017.2
 40CW  19-Oct-25 07:34 0494  IV3HAX         599  599  48                     3   7017.2
 40CW  19-Oct-25 07:34 0495  DL1NEO         599  599  B36                    1   7017.2
 40CW  19-Oct-25 07:35 0496  DL6KVA         599  599  V01                    1   7017.5
 40CW  19-Oct-25 07:36 0497  OY1CT          599  599  392           OY       3   7014.3
 40CW  19-Oct-25 07:36 0498  DK0JRS         599  599  JR                     1   7011.6
 40CW  19-Oct-25 07:37 0499  HB9RB          599  599  133                    3   7010.5
 40CW  19-Oct-25 07:39 0500  LC5A           599  599  214                    3   7005.5
 40CW  19-Oct-25 07:40 0501  9A3J           599  599  120                    3   7012.1
 40CW  19-Oct-25 07:41 0502  F5IN           599  599  85                     3   7013.1
 40CW  19-Oct-25 07:42 0503  DL2LRT         599  599  S36                    1   7013.8
 40CW  19-Oct-25 07:42 0504  SP0I           599  599  260                    3   7014.8
 40CW  19-Oct-25 07:43 0505  YL1YF          599  599  342                    3   7016.6
 40CW  19-Oct-25 07:43 0506  DM4L           599  599  B41                    1   7016.9
 40CW  19-Oct-25 07:44 0507  DL3KWF         599  599  V11                    1   7017.8
 40CW  19-Oct-25 07:45 0508  DL0XM          599  599  S41                    1   7018.4
 40CW  19-Oct-25 07:45 0509  YT7X           599  599  225                    3   7020.0
 40CW  19-Oct-25 07:46 0510  DA0BCC         599  599  BCC                    1   7021.3
 40CW  19-Oct-25 07:47 0511  OH2KW          599  599  280           OH       3   7021.9
 40CW  19-Oct-25 07:47 0512  SQ5J           599  599  131                    3   7022.3
 40CW  19-Oct-25 07:48 0513  LY6O           599  599  321                    3   7023.0
 40CW  19-Oct-25 07:49 0514  DF7TS          599  599  Z46                    1   7026.9
 40CW  19-Oct-25 07:50 0515  DD5M           599  599  C01                    1   7027.5
 40CW  19-Oct-25 08:08 0516  DM5WW          599  599  Z91                    1   7028.9
 40CW  19-Oct-25 08:09 0517  OZ7BQ          599  599  082           OZ       3   7027.6
 40CW  19-Oct-25 08:10 0518  IT9RZU         599  599  354           IT9      3   7014.1
 10CW  19-Oct-25 08:12 0519  DF5EN          599  599  P51                    1  28040.0
 15CW  19-Oct-25 08:14 0520  DA1DX          599  599  L06                    1  21031.7
 15CW  19-Oct-25 08:14 0521  LX9S           599  599  000           LX       3  21030.0
 15CW  19-Oct-25 08:15 0522  UA6GO          599  599  253                    3  21028.0
 15CW  19-Oct-25 08:17 0523  UN3M           599  599  526           UN       5  21026.6
 15CW  19-Oct-25 08:18 0524  HS0ZFV         599  599  427           HS       5  21025.0
 15CW  19-Oct-25 08:19 0525  DL5JS          599  599  R01                    1  21023.7
 15CW  19-Oct-25 08:19 0526  UA9CTT         599  599  326                    5  21020.7
 15CW  19-Oct-25 08:21 0527  CR3Z           599  599  1887          CT3      5  21005.0
 20CW  19-Oct-25 08:29 0528  UR1UU          599  599  181                    3  14025.0
 20CW  19-Oct-25 08:29 0529  LZ3QE          599  599  448                    3  14025.5
 20CW  19-Oct-25 08:32 0530  EA6NB          599  599  216           EA6      3  14027.0
 20CW  19-Oct-25 08:32 0531  Z35F           599  599  299           Z3       3  14023.0
 20CW  19-Oct-25 08:33 0532  TA3D           599  599  91            TA       5  14021.5
 20CW  19-Oct-25 08:37 0533  DK2JX          599  599  N05                    1  14031.8
 20CW  19-Oct-25 08:38 0534  RV3ZN          599  599  173                    3  14031.8
 20CW  19-Oct-25 08:39 0535  UA3MIF         599  599  447                    3  14031.8
 20CW  19-Oct-25 08:39 0536  RW9DX          599  599  202                    5  14031.8
 20CW  19-Oct-25 08:40 0537  R7MM           599  599  558                    3  14031.8
 20CW  19-Oct-25 08:40 0538  UR3QX          599  599  183                    3  14031.8
 20CW  19-Oct-25 08:43 0539  Z32U           599  599  42                     3  14031.8
 20CW  19-Oct-25 08:44 0540  RV3AJ          599  599  160                    3  14031.8
 20CW  19-Oct-25 08:45 0541  UN7LV          599  599  58                     5  14031.8
 20CW  19-Oct-25 08:45 0542  UA3RBN         599  599  63                     3  14031.8
 20CW  19-Oct-25 08:46 0543  EA1X           599  599  283                    3  14031.8
 20CW  19-Oct-25 08:46 0544  UT3UV          599  599  76                     3  14031.8
 20CW  19-Oct-25 08:48 0545  UR5CC          599  599  81                     3  14031.8
 20CW  19-Oct-25 08:48 0546  LZ2CH          599  599  176                    3  14031.8
 20CW  19-Oct-25 08:49 0547  RA4CL          599  599  129                    3  14031.8
 20CW  19-Oct-25 08:49 0548  RA9AP          599  599  221                    5  14031.8
 20CW  19-Oct-25 08:49 0549  RA3FD          599  599  94                     3  14031.8
 20CW  19-Oct-25 08:50 0550  RA7R           599  599  51                     3  14031.8
 20CW  19-Oct-25 08:50 0551  RK3DK          599  599  415                    3  14031.8
 20CW  19-Oct-25 08:51 0552  UG4A           599  599  152                    3  14031.8
 20CW  19-Oct-25 08:52 0553  LZ2MP          599  599  80                     3  14031.8
 20CW  19-Oct-25 08:52 0554  UA1ZZ          599  599  104                    3  14031.8
 15CW  19-Oct-25 08:56 0555  RN4HAB         599  599  261                    3  21019.2
 15CW  19-Oct-25 08:57 0556  JA9CWJ         599  599  27            JA       5  21019.0
 15CW  19-Oct-25 08:59 0557  ZS1C           599  599  112           ZS       5  21024.0
 15CW  19-Oct-25 09:02 0558  UA4Q           599  599  420                    3  21030.8
 15CW  19-Oct-25 09:03 0559  UG4A           599  599  164                    3  21030.8
 15CW  19-Oct-25 09:05 0560  DF1DT          599  599  G38                    1  21030.8
 15CW  19-Oct-25 09:07 0561  RW0AJ          599  599  147                    5  21023.9
 15CW  19-Oct-25 09:07 0562  RN4AO          599  599  46                     3  21023.3
 15CW  19-Oct-25 09:09 0563  RW9DX          599  599  244                    5  21020.6
 15CW  19-Oct-25 09:10 0564  UA9BA          599  599  72                     5  21018.2
 20CW  19-Oct-25 09:12 0565  DL4A           599  599  P55                    1  14003.7
 20CW  19-Oct-25 09:12 0566  DP6T           599  599  F49                    1  14005.4
 20CW  19-Oct-25 09:13 0567  R1MS           599  599  307                    3  14011.6
 20CW  19-Oct-25 09:14 0568  YO6ZS          599  599  14                     3  14014.0
 20CW  19-Oct-25 09:15 0569  IT9/DK6XZ      599  599  350                    3  14017.0
 20CW  19-Oct-25 09:16 0570  E7CW           599  599  911                    3  14017.5
 20CW  19-Oct-25 09:18 0571  K3MM           599  599  494                    5  14023.2
 20CW  19-Oct-25 09:19 0572  F6HKA          599  599  101                    3  14024.5
 20CW  19-Oct-25 09:20 0573  DL0VG          599  599  V11                    1  14026.6
 20CW  19-Oct-25 09:21 0574  DL6KVA         599  599  V01                    1  14028.5
 20CW  19-Oct-25 09:21 0575  DD2D           599  599  F39                    1  14029.0
 20CW  19-Oct-25 09:24 0576  EA4OR          599  599  76                     3  14032.0
 20CW  19-Oct-25 09:25 0577  DL4JU          599  599  R09                    1  14032.4
 20CW  19-Oct-25 09:32 0578  IZ8FWN         599  599  282                    3  14028.5
 20CW  19-Oct-25 09:33 0579  YO4TL          599  599  157                    3  14030.2
 20CW  19-Oct-25 09:34 0580  DR7T           599  599  O47                    1  14031.5
 20CW  19-Oct-25 09:36 0581  SV1DKR         599  599  64                     3  14041.0
 20CW  19-Oct-25 09:38 0582  RD6AY          599  599  54                     3  14048.6
 20CW  19-Oct-25 09:41 0583  IK8UND         599  599  612                    3  14032.2
 20CW  19-Oct-25 09:41 0584  LZ1KZ          599  599  43                     3  14032.2
 20CW  19-Oct-25 09:42 0585  SP9XCN         599  599  589                    3  14032.2
 20CW  19-Oct-25 09:42 0586  NN3W           599  599  1119                   5  14032.2
 20CW  19-Oct-25 09:42 0587  YL7X           599  599  888           YL       3  14032.2
 20CW  19-Oct-25 09:43 0588  N3CW           599  599  18                     5  14032.2
 20CW  19-Oct-25 09:44 0589  UA6LCN         599  599  676                    3  14032.2
 20CW  19-Oct-25 09:44 0590  YL7A           599  599  477                    3  14032.2
 20CW  19-Oct-25 09:45 0591  EA5YU          599  599  256                    3  14032.2
 20CW  19-Oct-25 09:45 0592  HA9TKS         599  599  91                     3  14032.2
 20CW  19-Oct-25 09:46 0593  ZA1RR          599  599  349                    3  14032.2
 20CW  19-Oct-25 09:47 0594  UW3WF          599  599  46                     3  14032.2
 20CW  19-Oct-25 09:48 0595  KC1XX          599  599  1474                   5  14032.2
 20CW  19-Oct-25 09:49 0596  EA5OH          599  599  470                    3  14032.2
 20CW  19-Oct-25 09:49 0597  SV3RF          599  599  157                    3  14032.2
 20CW  19-Oct-25 09:50 0598  EA5FID         599  599  537                    3  14032.2
 20CW  19-Oct-25 09:51 0599  RK3LC          599  599  157                    3  14032.2
 20CW  19-Oct-25 09:52 0600  RX1AG          599  599  74                     3  14032.2
 20CW  19-Oct-25 09:53 0601  DL6CQ          599  599  L16                    1  14032.2
 20CW  19-Oct-25 09:53 0602  EU1EU          599  599  19                     3  14032.2
 20CW  19-Oct-25 09:54 0603  HA2OLM         599  599  30                     3  14032.2
 20CW  19-Oct-25 09:55 0604  YQ6A           599  599  546                    3  14032.2
 20CW  19-Oct-25 09:56 0605  RX7T           599  599  149                    3  14032.2
 20CW  19-Oct-25 09:57 0606  HA7MF          599  599  200                    3  14032.2
 20CW  19-Oct-25 09:58 0607  OH7QR          599  599  50                     3  14032.2
 20CW  19-Oct-25 09:59 0608  EV6Z           599  599  366                    3  14032.2
 20CW  19-Oct-25 09:59 0609  RM4F           599  599  612                    3  14032.2
 20CW  19-Oct-25 10:00 0610  R0RG           599  599  119                    5  14032.2
 20CW  19-Oct-25 10:00 0611  HG6C           599  599  275                    3  14032.2
 20CW  19-Oct-25 10:01 0612  S53V           599  599  599                    3  14032.2
 20CW  19-Oct-25 10:02 0613  R1TE           599  599  446                    0  14032.2
 20CW  19-Oct-25 10:04 0614  CR3Z           599  599  2110          CT3      5  14032.2
 20CW  19-Oct-25 10:05 0615  HA5BA          599  599  115                    3  14032.2
 20CW  19-Oct-25 10:06 0616  SM2M           599  599  499                    3  14032.2
 20CW  19-Oct-25 10:08 0617  UT0CK          599  599  75                     3  14032.2
 20CW  19-Oct-25 10:09 0618  UT3UZ          599  599  159                    3  14032.2
 20CW  19-Oct-25 10:10 0619  MM2T           599  599  331           GM       3  14032.2
 20CW  19-Oct-25 10:10 0620  ES2JJ          599  599  118                    3  14032.2
 20CW  19-Oct-25 10:11 0621  RA6L           599  599  225                    3  14032.2
 40CW  19-Oct-25 10:16 0622  DF1LON         599  599  R11                    1   7028.8
 40CW  19-Oct-25 10:16 0623  DK1WB          599  599  H24                    1   7029.6
 40CW  19-Oct-25 10:17 0624  DQ9L           599  599  K06                    1   7030.9
 40CW  19-Oct-25 10:17 0625  R2FK           599  599  252           UA2      3   7019.2
 40CW  19-Oct-25 10:21 0626  DL1QS          599  599  E03                    1   7013.6
 40CW  19-Oct-25 10:21 0627  PA0RDT         599  599  170                    3   7013.6
 40CW  19-Oct-25 10:21 0628  M0AGP          599  599  136                    3   7013.6
 40CW  19-Oct-25 10:23 0629  DG0KS          599  599  V02                    1   7013.6
 40CW  19-Oct-25 10:23 0630  DL7USW/P       599  599  D26                    1   7013.6
 40CW  19-Oct-25 10:25 0631  OE1CIW         599  599  366                    3   7013.6
 40CW  19-Oct-25 10:25 0632  DK4DS          599  599  O10                    1   7013.6
 40CW  19-Oct-25 10:27 0633  OM3ZU          599  599  209           OM       3   7013.6
 40CW  19-Oct-25 10:27 0634  DF6PK          599  599  K32                    1   7013.6
 40CW  19-Oct-25 10:27 0635  DL6FA          599  599  F38                    1   7013.6
 40CW  19-Oct-25 10:28 0636  DD2JB          599  599  G40                    1   7013.6
 40CW  19-Oct-25 10:29 0637  IK2CFD         599  599  29                     3   7013.6
 40CW  19-Oct-25 10:30 0638  M0XLZ          599  599  27                     3   7013.6
 40CW  19-Oct-25 10:30 0639  DK4RL          599  599  Z91                    1   7013.6
 40CW  19-Oct-25 10:31 0640  G0SKW          599  599  157                    3   7013.6
 40CW  19-Oct-25 10:31 0641  S59AA          599  599  47                     3   7013.6
 40CW  19-Oct-25 10:31 0642  MM2T           599  599  343                    3   7013.6
 40CW  19-Oct-25 10:32 0643  DK0RPO         599  599  K26                    1   7013.6
 40CW  19-Oct-25 10:32 0644  PD7CJT         599  599  48                     3   7013.6
 40CW  19-Oct-25 10:33 0645  SF0A           599  599  244                    3   7013.6
 40CW  19-Oct-25 10:34 0646  DM5A           599  599  S02                    1   7009.1
 40CW  19-Oct-25 10:35 0647  DK5FN          599  599  F12                    1   7009.1
 40CW  19-Oct-25 10:36 0648  DJ1MM          599  599  NM                     1   7009.1
 40CW  19-Oct-25 10:36 0649  DL7PV          599  599  Y08                    1   7009.1
 40CW  19-Oct-25 10:37 0650  DK7TY          599  599  D06                    1   7009.1
 40CW  19-Oct-25 10:37 0651  DF4ZL          599  599  F16                    1   7009.1
 40CW  19-Oct-25 10:38 0652  PG2AA          599  599  35                     3   7009.1
 40CW  19-Oct-25 10:39 0653  M8JLZ          599  599  122                    3   7009.1
 40CW  19-Oct-25 10:39 0654  PA2VS          599  599  67                     3   7009.1
 40CW  19-Oct-25 10:41 0655  IV3TRK         599  599  2                      3   7009.1
 40CW  19-Oct-25 10:41 0656  DL6HCC         599  599  E14                    1   7009.1
 40CW  19-Oct-25 10:42 0657  DL1KJB         599  599  A17                    1   7009.1
 40CW  19-Oct-25 10:43 0658  DF7XR          599  599  N30                    1   7009.1
 40CW  19-Oct-25 10:44 0659  DL8KAZ         599  599  G26                    1   7009.1
 40CW  19-Oct-25 10:45 0660  M0MPM          599  599  81                     3   7009.1
 40CW  19-Oct-25 10:45 0661  OU3A           599  599  151                    3   7009.1
 40CW  19-Oct-25 10:46 0662  2E0YEM         599  599  110                    3   7009.1
 40CW  19-Oct-25 10:46 0663  HB9CYV         599  599  45                     3   7009.1
 40CW  19-Oct-25 10:47 0664  LY4L           599  599  1024                   3   7009.1
 40CW  19-Oct-25 10:48 0665  EI5LB          599  599  10            EI       3   7009.1
 40CW  19-Oct-25 10:48 0666  DK3WN          599  599  F35                    1   7009.1
 40CW  19-Oct-25 10:49 0667  DL9LBT         599  599  M13                    1   7009.1
 40CW  19-Oct-25 10:49 0668  DL7CB          599  599  E22                    1   7009.1
 40CW  19-Oct-25 10:50 0669  OM5MX          599  599  245                    3   7009.1
 40CW  19-Oct-25 10:50 0670  DL2PR          599  599  F27                    1   7009.1
 40CW  19-Oct-25 10:50 0671  OK1TN          599  599  47                     3   7009.1
 40CW  19-Oct-25 10:50 0672  I2IFT          599  599  259                    3   7009.1
 40CW  19-Oct-25 10:51 0673  HA7TM          599  599  410                    3   7009.1
 40CW  19-Oct-25 10:52 0674  DL2RPS         599  599  H02                    1   7009.1
 40CW  19-Oct-25 10:53 0675  SE6K           599  599  28                     3   7009.1
 40CW  19-Oct-25 10:54 0676  YL3CW          599  599  195                    0   7009.1
 40CW  19-Oct-25 10:54 0677  F5MOO          599  599  2                      3   7009.1
 10CW  19-Oct-25 11:22 0678  LZ1ND          599  599  511           LZ       3  28023.4
 10CW  19-Oct-25 11:22 0679  DK9PY          599  599  K04                    1  28025.0
 10CW  19-Oct-25 11:23 0680  LZ3QE          599  599  543                    3  28027.0
 10CW  19-Oct-25 11:26 0681  4Z4DX          599  599  143           4X       5  28017.0
 10CW  19-Oct-25 11:27 0682  LZ6K           599  599  647                    3  28018.0
 15CW  19-Oct-25 11:32 0683  N3RS           599  599  711                    5  21014.5
 15CW  19-Oct-25 11:33 0684  YU7KW          599  599  292           YU       3  21024.7
 15CW  19-Oct-25 11:36 0685  K3AJ           599  599  607                    5  21029.7
 15CW  19-Oct-25 11:36 0686  K1AR           599  599  449                    5  21029.7
 15CW  19-Oct-25 11:42 0687  YU1YV          599  599  588                    3  21020.5
 15CW  19-Oct-25 11:42 0688  RC9T           599  599  5                      5  21021.7
 15CW  19-Oct-25 11:43 0689  W1XX           599  599  407                    5  21002.5
 15CW  19-Oct-25 11:44 0690  DL1BUG         599  599  Y15                    1  21005.7
 15CW  19-Oct-25 11:45 0691  DA2DX          599  599  O47                    1  21006.0
 15CW  19-Oct-25 11:46 0692  RX6FJ          599  599  290                    3  21011.4
 15CW  19-Oct-25 11:47 0693  UN8PT          599  599  356                    5  21013.0
 15CW  19-Oct-25 11:52 0694  K1RM           599  599  109                    5  21023.6
 20CW  19-Oct-25 11:57 0695  LZ1QN          599  599  1442                   3  14013.5
 20CW  19-Oct-25 11:58 0696  NA8V           599  599  61                     5  14006.8
 20CW  19-Oct-25 12:02 0697  NM5M           599  599  108                    5  14025.0
 20CW  19-Oct-25 12:02 0698  R5FQ           599  599  27                     3  14025.0
 20CW  19-Oct-25 12:02 0699  N4AF           599  599  365                    5  14025.0
 20CW  19-Oct-25 12:03 0700  AA3S           599  599  83                     5  14025.0
 20CW  19-Oct-25 12:04 0701  K8MP           599  599  49                     5  14025.0
 20CW  19-Oct-25 12:05 0702  RL4R           599  599  103                    3  14025.0
 20CW  19-Oct-25 12:05 0703  OH1RX          599  599  90                     3  14025.0
 20CW  19-Oct-25 12:06 0704  IU8RQW         599  599  322                    3  14025.0
 20CW  19-Oct-25 12:06 0705  W1ARY          599  599  63                     5  14025.0
 20CW  19-Oct-25 12:07 0706  VE3TM          599  599  138           VE       5  14025.0
 20CW  19-Oct-25 12:08 0707  OH3GZ          599  599  119                    3  14025.0
 20CW  19-Oct-25 12:09 0708  VA3DXA         599  599  187                    5  14025.0
 20CW  19-Oct-25 12:09 0709  K5VIP          599  599  233                    5  14025.0
 20CW  19-Oct-25 12:10 0710  TF3SG          599  599  269           TF       3  14025.0
 20CW  19-Oct-25 12:11 0711  VA3TNM         599  599  291                    5  14025.0
 20CW  19-Oct-25 12:12 0712  SN2B           599  599  1520                   3  14025.0
 20CW  19-Oct-25 12:12 0713  K3QP           599  599  171                    5  14025.0
 20CW  19-Oct-25 12:13 0714  UR4LIN         599  599  114                    0  14025.0
 20CW  19-Oct-25 12:14 0715  K1ZZ           599  599  918                    5  14025.0
 20CW  19-Oct-25 12:15 0716  N3AM           599  599  345                    5  14025.0
 20CW  19-Oct-25 12:16 0717  UR2Y           599  599  477                    3  14025.0
 20CW  19-Oct-25 12:17 0718  K4BAI          599  599  136                    5  14025.0
 20CW  19-Oct-25 12:17 0719  N3QE           599  599  436                    5  14025.0
 20CW  19-Oct-25 12:18 0720  IT9WDC         599  599  294                    3  14025.0
 20CW  19-Oct-25 12:21 0721  4O/DL1CW       599  599  43            4O       3  14031.3
 20CW  19-Oct-25 12:22 0722  KM5G           599  599  229                    5  14018.8
 40CW  19-Oct-25 12:25 0723  OM6MW          599  599  97                     3   7016.8
 40CW  19-Oct-25 12:25 0724  DL1BZA         599  599  Y22                    1   7016.8
 40CW  19-Oct-25 12:26 0725  OK1PFM         599  599  45                     3   7016.8
 40CW  19-Oct-25 12:27 0726  I2JIN          599  599  47                     3   7016.8
 40CW  19-Oct-25 12:27 0727  OK8KM          599  599  74                     3   7016.8
 40CW  19-Oct-25 12:29 0728  OK1DZ          599  599  38                     3   7016.8
 40CW  19-Oct-25 12:30 0729  SP3CW          599  599  444                    3   7016.8
 40CW  19-Oct-25 12:30 0730  DJ3HW          599  599  H04                    1   7016.8
 40CW  19-Oct-25 12:31 0731  OZ0B           599  599  504                    3   7016.8
 40CW  19-Oct-25 12:31 0732  OK1GSB         599  599  86                     3   7016.8
 40CW  19-Oct-25 12:32 0733  IK1RQQ         599  599  28                     3   7016.8
 40CW  19-Oct-25 12:33 0734  F5JU           599  599  200                    3   7016.8
 40CW  19-Oct-25 12:33 0735  DL9GS          599  599  O04                    1   7016.8
 40CW  19-Oct-25 12:34 0736  OK2IW          599  599  30                     3   7016.8
 40CW  19-Oct-25 12:35 0737  F/PA2JWN       599  599  4                      3   7016.8
 40CW  19-Oct-25 12:35 0738  DK5SF          599  599  Z46                    1   7016.8
 40CW  19-Oct-25 12:36 0739  SF6J           599  599  167                    3   7016.8
 40CW  19-Oct-25 12:37 0740  PC1PM          599  599  115                    3   7016.8
 40CW  19-Oct-25 12:38 0741  DL3AMB         599  599  X41                    1   7016.8
 40CW  19-Oct-25 12:38 0742  SD6M           599  599  108                    3   7016.8
 40CW  19-Oct-25 12:40 0743  DL5KUD         599  599  NM                     1   7016.8
 40CW  19-Oct-25 12:41 0744  HA3LN          599  599  206                    3   7016.8
 40CW  19-Oct-25 12:41 0745  G4HSO          599  599  144                    3   7016.8
 40CW  19-Oct-25 12:42 0746  DL1JDQ         599  599  S50                    1   7016.8
 40CW  19-Oct-25 12:42 0747  SP6AKK         599  599  1                      3   7016.8
 40CW  19-Oct-25 12:43 0748  DL6NAN         599  599  B20                    1   7016.8
 40CW  19-Oct-25 12:43 0749  GM4CXM         599  599  52                     3   7016.8
 40CW  19-Oct-25 12:43 0750  SC6O           599  599  116                    3   7016.8
 40CW  19-Oct-25 12:44 0751  DL1EFW         599  599  R17                    1   7016.8
 40CW  19-Oct-25 12:45 0752  DL8MBS         599  599  X19                    1   7016.8
 40CW  19-Oct-25 12:45 0753  DF1XC          599  599  Y24                    1   7016.8
 40CW  19-Oct-25 12:47 0754  DL9MWG         599  599  W10                    1   7011.2
 40CW  19-Oct-25 12:47 0755  DK7FZ          599  599  Z11                    1   7011.2
 40CW  19-Oct-25 12:48 0756  OK2BLD         599  599  190                    3   7011.2
 40CW  19-Oct-25 12:48 0757  DK2CB          599  599  Y26                    1   7011.2
 40CW  19-Oct-25 12:50 0758  DJ3XM          599  599  E35                    1   7011.2
 40CW  19-Oct-25 12:53 0759  DF8TM          599  599  P50                    1   7011.2
 40CW  19-Oct-25 12:54 0760  9A3SM          599  599  164                    3   7011.2
 40CW  19-Oct-25 12:55 0761  DL0FTL         599  599  S27                    1   7011.2
 40CW  19-Oct-25 12:55 0762  DL3HXD         599  599  W29                    1   7011.2
 40CW  19-Oct-25 12:56 0763  DH7NK          599  599  NM                     1   7011.2
 40CW  19-Oct-25 12:57 0764  DF7WY          599  599  G01                    1   7011.2
 40CW  19-Oct-25 12:58 0765  DK1IZ          599  599  M05                    1   7011.2
 40CW  19-Oct-25 12:58 0766  HA8TP          599  599  144                    3   7011.2
 40CW  19-Oct-25 12:59 0767  DH0GDS         599  599  P30                    1   7011.2
 40CW  19-Oct-25 13:00 0768  OM3CPF         599  599  378                    3   7011.2
 40CW  19-Oct-25 13:01 0769  DM6EE          599  599  H24                    1   7011.2
 40CW  19-Oct-25 13:01 0770  DG1FN          599  599  K01                    1   7011.2
 40CW  19-Oct-25 13:02 0771  OK8GMA/P       599  599  000                    3   7011.2
 40CW  19-Oct-25 13:03 0772  DL1OJ          599  599  N01                    1   7011.2
 40CW  19-Oct-25 13:04 0773  DL8BEL         599  599  E04                    1   7011.2
 40CW  19-Oct-25 13:04 0774  DL8CO          599  599  F33                    1   7011.2
 40CW  19-Oct-25 13:05 0775  G3XUD          599  599  50                     3   7011.2
 40CW  19-Oct-25 13:05 0776  DK2CB          599  599  Y26                    0   7011.2
 40CW  19-Oct-25 13:07 0777  DL8ZAJ         599  599  F09                    1   7011.2
 40CW  19-Oct-25 13:07 0778  G3ZGC          599  599  108                    3   7011.2
 40CW  19-Oct-25 13:09 0779  F8GNV          599  599  147                    3   7011.2
 10CW  19-Oct-25 13:11 0780  UN3M           599  599  862           UN       5  28035.2
 10CW  19-Oct-25 13:12 0781  NN7CW          599  599  403                    5  28028.3
 10CW  19-Oct-25 13:13 0782  UA6GO          599  599  691           UA       3  28024.8
 10CW  19-Oct-25 13:13 0783  DL0CK          599  599  R04                    1  28021.3
 10CW  19-Oct-25 13:14 0784  9A3VM          599  599  1017          9A       3  28017.0
 10CW  19-Oct-25 13:15 0785  RX6FJ          599  599  321                    3  28016.6
 10CW  19-Oct-25 13:15 0786  N3RS           599  599  845                    5  28011.1
 10CW  19-Oct-25 13:16 0787  N4AF           599  599  421                    5  28010.7
 10CW  19-Oct-25 13:16 0788  W1XX           599  599  510                    5  28002.5
 10CW  19-Oct-25 13:17 0789  K1JB           599  599  268                    5  28013.9
 10CW  19-Oct-25 13:23 0790  K8PK           599  599  33                     5  28032.3
 10CW  19-Oct-25 13:24 0791  K2WK           599  599  14                     5  28032.3
 10CW  19-Oct-25 13:28 0792  IZ8FWN         599  599  722           I        3  28030.5
 10CW  19-Oct-25 13:29 0793  K3MM           599  599  783                    5  28026.5
 10CW  19-Oct-25 13:30 0794  UP4L           599  599  1003                   5  28006.5
 10CW  19-Oct-25 13:33 0795  N4YDU          599  599  101                    5  28019.1
 15CW  19-Oct-25 13:34 0796  SV8SXF         599  599  401                    3  21008.5
 15CW  19-Oct-25 13:35 0797  KC1XX          599  599  1943                   5  21011.0
 15CW  19-Oct-25 13:36 0798  N2RC           599  599  43                     5  21015.5
 15CW  19-Oct-25 13:36 0799  W1RCR          599  599  354                    5  21016.8
 15CW  19-Oct-25 13:37 0800  UA6LCN         599  599  896                    0  21019.6
 15CW  19-Oct-25 13:42 0801  LZ1YF          599  599  199                    3  21028.5
 15CW  19-Oct-25 13:43 0802  RX9CC          599  599  201                    5  21028.5
 15CW  19-Oct-25 13:43 0803  RT4M           599  599  498                    3  21028.5
 15CW  19-Oct-25 13:43 0804  W1ARY          599  599  118                    5  21028.5
 15CW  19-Oct-25 13:44 0805  K0EA           599  599  140                    5  21028.5
 15CW  19-Oct-25 13:45 0806  N9CK           599  599  34                     5  21028.5
 15CW  19-Oct-25 13:45 0807  VE1RSM         599  599  47                     5  21028.5
 15CW  19-Oct-25 13:47 0808  9A3VM          599  599  1067          9A       3  21028.5
 15CW  19-Oct-25 13:51 0809  ZA1RR          599  599  498           ZA       3  21025.1
 15CW  19-Oct-25 13:51 0810  K3MM           599  599  845                    5  21025.9
 40CW  19-Oct-25 13:55 0811  S55OO          599  599  34                     3   7011.4
 40CW  19-Oct-25 13:55 0812  LY2A           599  599  143                    3   7011.4
 40CW  19-Oct-25 13:56 0813  DR5W           599  599  Y34                    1   7011.4
 40CW  19-Oct-25 13:56 0814  F5PBM          599  599  58                     3   7011.4
 40CW  19-Oct-25 13:56 0815  DL7ALM         599  599  D06                    1   7011.4
 40CW  19-Oct-25 13:58 0816  9A2CT          599  599  83                     3   7011.4
 40CW  19-Oct-25 13:58 0817  OK1OA          599  599  402                    3   7011.4
 40CW  19-Oct-25 13:58 0818  DL8MKG         599  599  W13                    1   7011.4
 40CW  19-Oct-25 13:59 0819  SP2MKI         599  599  365                    3   7011.4
 40CW  19-Oct-25 13:59 0820  DL8DXW         599  599  S20                    1   7011.4
 40CW  19-Oct-25 14:00 0821  SD1A           599  599  168                    0   7011.4
 40CW  19-Oct-25 14:00 0822  M4T            599  599  302                    3   7011.4
 40CW  19-Oct-25 14:01 0823  PD8MD          599  599  89                     3   7011.4
 40CW  19-Oct-25 14:01 0824  DL7RAV         599  599  I18                    1   7011.4
 40CW  19-Oct-25 14:04 0825  DL2NBU         599  599  C12                    1   7011.8
 40CW  19-Oct-25 14:06 0826  DF4ZL          599  599  F16                    0   7016.1
 40CW  19-Oct-25 14:07 0827  LY2AX          599  599  84                     3   7016.5
 40CW  19-Oct-25 14:08 0828  OK2TJ          599  599  240                    3   7017.0
 40CW  19-Oct-25 14:08 0829  DK2ZO          599  599  P05                    1   7017.5
 40CW  19-Oct-25 14:09 0830  DL9ZOG         599  599  W09                    1   7018.5
 40CW  19-Oct-25 14:10 0831  DM5M           599  599  X08                    1   7019.0
 40CW  19-Oct-25 14:11 0832  DL4HG          599  599  E38                    1   7022.0
 40CW  19-Oct-25 14:11 0833  S57NL          599  599  206                    3   7022.4
 40CW  19-Oct-25 14:12 0834  SP4AWE         599  599  238                    3   7023.0
 40CW  19-Oct-25 14:13 0835  DJ2FR          599  599  C06                    1   7023.5
 40CW  19-Oct-25 14:14 0836  OM5R           599  599  312                    3   7024.5
 40CW  19-Oct-25 14:15 0837  DL5YL          599  599  Y21                    1   7025.8
 40CW  19-Oct-25 14:15 0838  DK2OY          599  599  M15                    1   7026.3
 40CW  19-Oct-25 14:16 0839  DL4A           599  599  P55                    1   7026.5
 40CW  19-Oct-25 14:16 0840  DH8WE          599  599  X23                    1   7027.0
 40CW  19-Oct-25 14:17 0841  DA3M           599  599  V22                    1   7028.0
 40CW  19-Oct-25 14:18 0842  OK5NZ          599  599  252                    3   7029.2
 40CW  19-Oct-25 14:19 0843  DL3GA          599  599  A04                    1   7030.9
 40CW  19-Oct-25 14:20 0844  4O/DL1CW       599  599  162           4O       3   7031.7
 40CW  19-Oct-25 14:20 0845  HA5MIG         599  599  112                    3   7032.3
 40CW  19-Oct-25 14:22 0846  DF7A           599  599  X28                    1   7001.3
 40CW  19-Oct-25 14:23 0847  DM5GG          599  599  S07                    1   7002.6
 40CW  19-Oct-25 14:24 0848  9A3YT          599  599  170                    3   7004.4
 40CW  19-Oct-25 14:24 0849  DL7JV          599  599  D08                    1   7005.1
 40CW  19-Oct-25 14:25 0850  DL2VK          599  599  U14                    1   7006.7
 40CW  19-Oct-25 14:26 0851  DL2RTJ         599  599  X36                    1   7007.1
 40CW  19-Oct-25 14:27 0852  DF1PU          599  599  Z11                    1   7008.4
 40CW  19-Oct-25 14:28 0853  DL1DAW         599  599  O47                    1   7009.3
 40CW  19-Oct-25 14:28 0854  DL1DTL         599  599  S01                    1   7009.8
 40CW  19-Oct-25 14:30 0855  DF7CP          599  599  V19                    1   7011.1
 40CW  19-Oct-25 14:30 0856  DL6NBB         599  599  B26                    1   7013.0
 40CW  19-Oct-25 14:31 0857  DA0LH          599  599  25ILLW                 1   7013.3
 40CW  19-Oct-25 14:32 0858  G4SND          599  599  140                    3   7014.5
 40CW  19-Oct-25 14:33 0859  S51DX          599  599  154                    3   7015.7
 40CW  19-Oct-25 14:33 0860  IT9IVU         599  599  140                    3   7016.0
 40CW  19-Oct-25 14:36 0861  DK2FG          599  599  N05                    1   7016.3
 20CW  19-Oct-25 14:37 0862  EA7BEZ         599  599  38                     3  14010.5
 20CW  19-Oct-25 14:38 0863  EW1I           599  599  901                    3  14011.5
 20CW  19-Oct-25 14:38 0864  EU2F           599  599  543                    3  14013.4
 20CW  19-Oct-25 14:41 0865  DL2RPS         599  599  H02                    1  14029.0
 20CW  19-Oct-25 14:42 0866  YO6KPT         599  599  770                    3  14033.3
 20CW  19-Oct-25 14:44 0867  OH3BCX         599  599  15                     3  14031.8
 20CW  19-Oct-25 14:44 0868  LZ5R           599  599  2103                   3  14031.8
 20CW  19-Oct-25 14:45 0869  CT1ELZ         599  599  148                    3  14031.8
 20CW  19-Oct-25 14:46 0870  SN1T           599  599  854                    3  14031.8
 20CW  19-Oct-25 14:46 0871  R1QF           599  599  104                    3  14031.8
 20CW  19-Oct-25 14:47 0872  W8FJ           599  599  419                    5  14031.8
 20CW  19-Oct-25 14:47 0873  RA3BQ          599  599  137                    3  14031.8
 20CW  19-Oct-25 14:48 0874  RA3AGF         599  599  107                    3  14031.8
 20CW  19-Oct-25 14:49 0875  UA4LL          599  599  114                    3  14031.8
 20CW  19-Oct-25 14:50 0876  AA3B           599  599  426                    5  14031.8
 20CW  19-Oct-25 14:50 0877  UN8PT          599  599  435                    5  14031.8
 20CW  19-Oct-25 14:52 0878  LZ2PS          599  599  294                    3  14031.8
 20CW  19-Oct-25 14:53 0879  UR4CU          599  599  228                    3  14031.8
 20CW  19-Oct-25 14:55 0880  HS0ZFV         599  599  750           HS       5  14031.8
 20CW  19-Oct-25 14:56 0881  UA4LL          599  599  126                    0  14031.8
 20CW  19-Oct-25 14:56 0882  RK4HYT         599  599  511                    3  14031.8
 20CW  19-Oct-25 14:57 0883  RW3AI          599  599  153                    3  14031.8
 20CW  19-Oct-25 14:58 0884  RL3T           599  599  79                     3  14031.8
 20CW  19-Oct-25 14:59 0885  VE7ZO          599  599  117                    5  14031.8
