 40CW  01-Sep-25 16:30 0001  DK4DS          599  599  1             DL       2   7023.0
 40CW  01-Sep-25 16:30 0002  SF6J           599  599  1             SM       3   7022.6
 40CW  01-Sep-25 16:31 0003  YU1XO          599  599  1             YU       3   7022.4
 40CW  01-Sep-25 16:31 0004  DM5I           599  599  7                      2   7021.6
 40CW  01-Sep-25 16:32 0005  OM2KI          599  599  9             OM       3   7021.2
 40CW  01-Sep-25 16:32 0006  S53F           599  599  6             S5       3   7018.5
 40CW  01-Sep-25 16:33 0007  ON4EM          599  599  10            ON       3   7019.5
 40CW  01-Sep-25 16:34 0008  SE6K           599  599  6                      3   7033.8
 40CW  01-Sep-25 16:34 0009  DA3T           599  599  11                     2   7033.8
 40CW  01-Sep-25 16:35 0010  OM3ZU          599  599  8                      3   7033.8
 40CW  01-Sep-25 16:35 0011  OZ7BQ          599  599  5             OZ       3   7033.8
 40CW  01-Sep-25 16:35 0012  OM4DU          599  599  5                      3   7033.8
 40CW  01-Sep-25 16:36 0013  OK1FKD         599  599  13            OK       3   7033.8
 40CW  01-Sep-25 16:37 0014  PA2TA          599  599  7             PA       3   7033.8
 40CW  01-Sep-25 16:37 0015  DL6AA          599  599  11                     2   7033.8
 40CW  01-Sep-25 16:37 0016  SN1T           599  599  18            SP       3   7033.8
 40CW  01-Sep-25 16:38 0017  HA5BA          599  599  8             HA       3   7033.8
 40CW  01-Sep-25 16:39 0018  OK1TN          599  599  20                     3   7033.8
 40CW  01-Sep-25 16:39 0019  HB9BXE         599  599  23            HB       3   7033.8
 40CW  01-Sep-25 16:39 0020  OK1DSZ         599  599  22                     3   7033.8
 40CW  01-Sep-25 16:40 0021  OK1FMX         599  599  17                     3   7033.8
 40CW  01-Sep-25 16:40 0022  PA5WT          599  599  15                     3   7033.8
 40CW  01-Sep-25 16:40 0023  DL8IH          599  599  8                      2   7033.8
 40CW  01-Sep-25 16:41 0024  IQ4FE          599  599  15            I        3   7033.8
 40CW  01-Sep-25 16:41 0025  OM5CM          599  599  21                     3   7033.8
 40CW  01-Sep-25 16:41 0026  DR3W           599  599  24                     2   7033.8
 40CW  01-Sep-25 16:42 0027  HB9CMW         599  599  10                     3   7033.8
 40CW  01-Sep-25 16:42 0028  OK5SA          599  599  14                     3   7033.8
 40CW  01-Sep-25 16:42 0029  DK1KC          599  599  28                     2   7033.8
 40CW  01-Sep-25 16:43 0030  OK6OK          599  599  18                     3   7033.8
 40CW  01-Sep-25 16:43 0031  DF4ZL          599  599  25                     2   7033.8
 40CW  01-Sep-25 16:43 0032  SP9OUV         599  599  19                     3   7033.8
 40CW  01-Sep-25 16:44 0033  G4LJU          599  599  14            G        3   7033.8
 40CW  01-Sep-25 16:44 0034  DF7IS          599  599  6                      2   7033.8
 40CW  01-Sep-25 16:44 0035  DL7YS          599  599  31                     2   7033.8
 40CW  01-Sep-25 16:45 0036  HB9HTF         599  599  27                     3   7033.8
 40CW  01-Sep-25 16:45 0037  DA0BCC         599  599  32                     2   7033.8
 40CW  01-Sep-25 16:45 0038  DD5M           599  599  41                     2   7033.8
 40CW  01-Sep-25 16:46 0039  SP3MEP         599  599  36                     3   7033.8
 40CW  01-Sep-25 16:46 0040  PA2A           599  599  23                     3   7033.8
 40CW  01-Sep-25 16:47 0041  DF8KY          599  599  4                      2   7033.8
 40CW  01-Sep-25 16:47 0042  SM5IMO         599  599  29                     3   7033.8
 40CW  01-Sep-25 16:48 0043  M4N            599  599  34                     3   7033.8
 40CW  01-Sep-25 16:49 0044  OK1KKI         599  599  28                     3   7033.8
 40CW  01-Sep-25 16:49 0045  DF8TY          599  599  13                     2   7033.8
 40CW  01-Sep-25 16:51 0046  SP5Y           599  599  49                     3   7031.0
 40CW  01-Sep-25 16:52 0047  DJ9MH          599  599  38                     2   7029.8
 40CW  01-Sep-25 16:52 0048  HA6NL          599  599  57                     3   7029.5
 40CW  01-Sep-25 16:53 0049  OK1IBP         599  599  53                     3   7028.5
 40CW  01-Sep-25 16:54 0050  SM5CSS         599  599  36                     3   7027.2
 40CW  01-Sep-25 16:54 0051  OK2BFN         599  599  62                     3   7026.5
 40CW  01-Sep-25 16:54 0052  OK2NO          599  599  54                     3   7026.2
 40CW  01-Sep-25 16:55 0053  SD6F           599  599  34                     3   7025.1
 40CW  01-Sep-25 16:55 0054  DJ4WT          599  599  46                     2   7024.7
 40CW  01-Sep-25 16:56 0055  DL5YM          599  599  50                     2   7024.3
 40CW  01-Sep-25 16:57 0056  OK5NZ          599  599  47                     3   7023.9
 40CW  01-Sep-25 16:57 0057  OK1RKS         599  599  49                     3   7023.5
 40CW  01-Sep-25 16:58 0058  OK2IW          599  599  35                     3   7020.2
 40CW  01-Sep-25 16:58 0059  OK5WA          599  599  50                     3   7019.2
 40CW  01-Sep-25 16:59 0060  PA3AAV         599  599  85                     3   7019.0
 40CW  01-Sep-25 16:59 0061  SP2XX          599  599  63                     3   7018.2
 40CW  01-Sep-25 17:00 0062  OK2PYA         599  599  58                     3   7017.9
 40CW  01-Sep-25 17:01 0063  SP8FHK         599  599  63                     3   7017.0
 40CW  01-Sep-25 17:02 0064  SM5ACQ         599  599  69                     3   7016.3
 40CW  01-Sep-25 17:02 0065  OK1RZ          599  599  61                     3   7015.6
 40CW  01-Sep-25 17:03 0066  HG5E           599  599  86                     3   7015.1
 40CW  01-Sep-25 17:03 0067  OK1DOR         599  599  61                     3   7014.7
 40CW  01-Sep-25 17:04 0068  DL3KWF         599  599  58                     2   7013.0
 40CW  01-Sep-25 17:05 0069  PC0A           599  599  76                     3   7012.2
 40CW  01-Sep-25 17:05 0070  Z35M           599  599  51            Z3       3   7011.8
 40CW  01-Sep-25 17:06 0071  SD1A           599  599  62                     3   7011.4
 40CW  01-Sep-25 17:06 0072  OK5TFC         599  599  71                     3   7010.5
 40CW  01-Sep-25 17:08 0073  DF7YE          599  599  78                     2   7011.1
 40CW  01-Sep-25 17:08 0074  OK1DOL         599  599  90                     3   7011.1
 40CW  01-Sep-25 17:09 0075  IU4JNR         599  599  52                     3   7011.1
 40CW  01-Sep-25 17:09 0076  SN7J           599  599  59                     3   7011.1
 40CW  01-Sep-25 17:09 0077  OK1NU          599  599  40                     3   7011.1
 40CW  01-Sep-25 17:10 0078  DJ1OJ          599  599  56                     2   7011.1
 40CW  01-Sep-25 17:10 0079  OH3MZ          599  599  39            OH       3   7011.1
 40CW  01-Sep-25 17:10 0080  OM4WM          599  599  41                     3   7011.1
 40CW  01-Sep-25 17:11 0081  DK2DR          599  599  30                     2   7011.1
 40CW  01-Sep-25 17:11 0082  OG6B           599  599  47                     3   7011.1
 40CW  01-Sep-25 17:12 0083  DL2NBY         599  599  73                     2   7011.1
 40CW  01-Sep-25 17:12 0084  SP2QG          599  599  101                    3   7011.1
 40CW  01-Sep-25 17:13 0085  DJ2FR          599  599  3                      2   7011.1
 40CW  01-Sep-25 17:13 0086  LY3QA          599  599  58            LY       3   7011.1
 40CW  01-Sep-25 17:14 0087  SP3EFD         599  599  27                     3   7011.1
 40CW  01-Sep-25 17:14 0088  SP8BXL         599  599  57                     3   7011.1
 40CW  01-Sep-25 17:15 0089  OL8R           599  599  144                    3   7011.1
 40CW  01-Sep-25 17:16 0090  PC4H           599  599  82                     3   7011.1
 40CW  01-Sep-25 17:16 0091  DF1PU          599  599  37                     2   7011.1
 40CW  01-Sep-25 17:18 0092  DH0GHU         599  599  50                     2   7013.8
 40CW  01-Sep-25 17:19 0093  DC8YZ          599  599  73                     2   7013.4
 40CW  01-Sep-25 17:19 0094  SM6TOL         599  599  71                     3   7014.4
 40CW  01-Sep-25 17:20 0095  PA3DBS         599  599  73                     3   7016.4
 40CW  01-Sep-25 17:20 0096  SC6O           599  599  86                     3   7017.5
 40CW  01-Sep-25 17:21 0097  OZ1AAR         599  599  44                     3   7018.0
 40CW  01-Sep-25 17:21 0098  SE5T           599  599  88                     3   7020.9
 40CW  01-Sep-25 17:22 0099  DM7XX          599  599  68                     2   7022.0
 40CW  01-Sep-25 17:23 0100  OK1AMX         599  599  76                     3   7025.6
 40CW  01-Sep-25 17:26 0101  YL3FW          599  599  36            YL       3   7028.7
 40CW  01-Sep-25 17:26 0102  OK2NAJ         599  599  87                     3   7028.7
 40CW  01-Sep-25 17:27 0103  OK1IF          599  599  107                    3   7028.7
 40CW  01-Sep-25 17:28 0104  OL730PLZ       599  599  44                     3   7034.4
 40CW  01-Sep-25 17:29 0105  PA3AM          599  599  53                     3   7035.0
 40CW  01-Sep-25 17:29 0106  DJ9KH          599  599  92                     2   7032.5
 40CW  01-Sep-25 17:29 0107  SP4TKR         599  599  69                     3   7030.0
