 40CW  22-Sep-25 16:30 0001  DL1NKS         599  599  1             DL       2   7030.7
 40CW  22-Sep-25 16:30 0002  DL7YS          599  599  2                      2   7031.1
 40CW  22-Sep-25 16:30 0003  OK2IW          599  599  2             OK       3   7031.9
 40CW  22-Sep-25 16:31 0004  OL730PLZ       599  599  3                      3   7031.5
 40CW  22-Sep-25 16:31 0005  DA0BCC         599  599  5                      2   7033.1
 40CW  22-Sep-25 16:33 0006  IU4JNR         599  599  7             I        3   7035.6
 40CW  22-Sep-25 16:33 0007  HG5E           599  599  6             HA       3   7035.6
 40CW  22-Sep-25 16:34 0008  LY3QA          599  599  5             LY       3   7035.6
 40CW  22-Sep-25 16:34 0009  OK4Y           599  599  9                      3   7035.6
 40CW  22-Sep-25 16:34 0010  DL2NBY         599  599  9                      2   7035.6
 40CW  22-Sep-25 16:34 0011  SP2HHX         599  599  6             SP       3   7035.6
 40CW  22-Sep-25 16:35 0012  OK2SFP         599  599  6                      3   7035.6
 40CW  22-Sep-25 16:35 0013  DF1DT          599  599  7                      2   7035.6
 40CW  22-Sep-25 16:36 0014  DF1DN          599  599  8                      2   7035.6
 40CW  22-Sep-25 16:36 0015  HB9BXE         599  599  16            HB       3   7035.6
 40CW  22-Sep-25 16:37 0016  OK1TN          599  599  16                     3   7035.6
 40CW  22-Sep-25 16:38 0017  HG1G           599  599  20                     3   7035.6
 40CW  22-Sep-25 16:38 0018  SO3O           599  599  17                     3   7035.6
 40CW  22-Sep-25 16:39 0019  OK1KKI         599  599  17                     3   7035.6
 40CW  22-Sep-25 16:39 0020  M4N            599  599  17            G        3   7035.6
 40CW  22-Sep-25 16:39 0021  PC0A           599  599  25            PA       3   7035.6
 40CW  22-Sep-25 16:40 0022  OM3ZU          599  599  13            OM       3   7035.6
 40CW  22-Sep-25 16:40 0023  PA5WT          599  599  14                     3   7035.6
 40CW  22-Sep-25 16:40 0024  S51J           599  599  18            S5       3   7035.6
 40CW  22-Sep-25 16:41 0025  PC4H           599  599  20                     3   7035.6
 40CW  22-Sep-25 16:41 0026  OM3TBG         599  599  15                     3   7035.6
 40CW  22-Sep-25 16:41 0027  SN5N           599  599  32                     3   7035.6
 40CW  22-Sep-25 16:42 0028  DA3T           599  599  21                     2   7035.6
 40CW  22-Sep-25 16:43 0029  SP4TKR         599  599  17                     3   7035.6
 40CW  22-Sep-25 16:43 0030  RA4HBS         599  599  7             UA       3   7035.6
 40CW  22-Sep-25 16:44 0031  DL1Y           599  599  26                     2   7035.6
 40CW  22-Sep-25 16:45 0032  OZ/DF4ZL       599  599  14            OZ       3   7033.8
 40CW  22-Sep-25 16:45 0033  OK6OK          599  599  25                     3   7033.2
 40CW  22-Sep-25 16:47 0034  SP4G           599  599  31                     3   7030.1
 40CW  22-Sep-25 16:47 0035  OK2BFN         599  599  49                     3   7029.9
 40CW  22-Sep-25 16:48 0036  DD5M           599  599  41                     2   7028.6
 40CW  22-Sep-25 16:48 0037  HA5OV          599  599  45                     3   7029.1
 40CW  22-Sep-25 16:49 0038  OK5D           599  599  46                     3   7028.3
 40CW  22-Sep-25 16:49 0039  OK1IBP         599  599  43                     3   7027.9
 40CW  22-Sep-25 16:50 0040  OM4WM          599  599  37                     3   7027.5
 40CW  22-Sep-25 16:51 0041  OK1DSZ         599  599  56                     3   7025.8
 40CW  22-Sep-25 16:52 0042  OK2NAJ         599  599  35                     3   7025.5
 40CW  22-Sep-25 16:52 0043  F5PZR          599  599  28            F        3   7025.3
 40CW  22-Sep-25 16:53 0044  HA6NL          599  599  58                     3   7025.0
 40CW  22-Sep-25 16:53 0045  DL4ME          599  599  50                     2   7024.8
 40CW  22-Sep-25 16:54 0046  DL5YM          599  599  39                     2   7022.6
 40CW  22-Sep-25 16:55 0047  OK1RZ          599  599  60                     3   7022.2
 40CW  22-Sep-25 16:55 0048  OK2EA          599  599  48                     3   7021.7
 40CW  22-Sep-25 16:56 0049  OM3FW          599  599  54                     3   7021.2
 40CW  22-Sep-25 16:56 0050  OK1RKS         599  599  45                     3   7020.6
 40CW  22-Sep-25 16:57 0051  DM7XX          599  599  42                     2   7020.3
 40CW  22-Sep-25 16:57 0052  DL1BUG         599  599  52                     2   7019.8
 40CW  22-Sep-25 16:58 0053  OK1DOR         599  599  50                     3   7019.2
 40CW  22-Sep-25 16:58 0054  SD6M           599  599  57            SM       3   7018.6
 40CW  22-Sep-25 16:59 0055  SC6O           599  599  57                     3   7018.0
 40CW  22-Sep-25 17:00 0056  YU1XO          599  599  45            YU       3   7017.3
 40CW  22-Sep-25 17:00 0057  SP3MEP         599  599  66                     3   7016.9
 40CW  22-Sep-25 17:01 0058  S53F           599  599  74                     3   7016.0
 40CW  22-Sep-25 17:02 0059  SM5ACQ         599  599  61                     3   7015.4
 40CW  22-Sep-25 17:02 0060  OL4W           599  599  59                     3   7015.1
 40CW  22-Sep-25 17:02 0061  DM5I           599  599  76                     2   7014.9
 40CW  22-Sep-25 17:03 0062  DK4DS          599  599  45                     2   7012.8
 40CW  22-Sep-25 17:04 0063  OZ/DL3KWF      599  599  40                     3   7012.4
 40CW  22-Sep-25 17:04 0064  OK2PYA         599  599  57                     3   7011.5
 40CW  22-Sep-25 17:05 0065  OK5TFC         599  599  53                     3   7010.3
 40CW  22-Sep-25 17:05 0066  G0TRT          599  599  47                     3   7026.6
 40CW  22-Sep-25 17:06 0067  HA5NR          599  599  28                     3   7027.5
 40CW  22-Sep-25 17:07 0068  ON4EM          599  599  68            ON       3   7027.5
 40CW  22-Sep-25 17:08 0069  SD1A           599  599  59                     3   7027.5
 40CW  22-Sep-25 17:08 0070  SP2QG          599  599  76                     3   7027.5
 40CW  22-Sep-25 17:09 0071  PA0CT          599  599  52                     3   7027.5
 40CW  22-Sep-25 17:09 0072  SM9F           599  599  25                     3   7027.5
 40CW  22-Sep-25 17:10 0073  RA4HBS         599  599  28                     0   7027.5
 40CW  22-Sep-25 17:10 0074  OK2PXX         599  599  26                     3   7027.5
 40CW  22-Sep-25 17:10 0075  DL2CM          599  599  65                     2   7027.5
 80CW  22-Sep-25 17:12 0076  OK1KKI         599  599  68            OK       3   3532.0
 80CW  22-Sep-25 17:12 0077  DD5M           599  599  93            DL       2   3531.3
 80CW  22-Sep-25 17:12 0078  DA0BCC         599  599  81                     2   3530.9
 80CW  22-Sep-25 17:13 0079  SM5ACQ         599  599  74            SM       3   3530.2
 80CW  22-Sep-25 17:14 0080  OK2EA          599  599  85                     3   3529.5
 80CW  22-Sep-25 17:15 0081  SN5N           599  599  111           SP       3   3528.8
 80CW  22-Sep-25 17:16 0082  SD1A           599  599  66                     3   3528.0
 80CW  22-Sep-25 17:17 0083  OK2PYA         599  599  78                     3   3533.0
 80CW  22-Sep-25 17:18 0084  SP3CW          599  599  94                     3   3536.5
 80CW  22-Sep-25 17:18 0085  DL1NKS         599  599  73                     2   3537.0
 80CW  22-Sep-25 17:19 0086  OK1RKS         599  599  81                     3   3532.4
 80CW  22-Sep-25 17:20 0087  DL1BUG         599  599  83                     2   3532.4
 80CW  22-Sep-25 17:20 0088  SP3MEP         599  599  100                    3   3532.4
 80CW  22-Sep-25 17:20 0089  DL8QS          599  599  100                    2   3532.4
 80CW  22-Sep-25 17:21 0090  OK1AY          599  599  35                     3   3532.4
 80CW  22-Sep-25 17:21 0091  OK1USP         599  599  33                     3   3532.4
 80CW  22-Sep-25 17:22 0092  SP8BXL         599  599  32                     3   3532.4
 80CW  22-Sep-25 17:23 0093  DM6EE          599  599  66                     2   3533.6
 80CW  22-Sep-25 17:24 0094  IU4JNR         599  599  73            I        3   3535.2
 40CW  22-Sep-25 17:26 0095  SP2DKI         599  599  47                     3   7031.0
 40CW  22-Sep-25 17:27 0096  LZ/OK5FF       599  599  58            LZ       3   7030.2
 40CW  22-Sep-25 17:27 0097  OM5JA          599  599  83                     3   7028.8
 40CW  22-Sep-25 17:28 0098  DJ4WT          599  599  81                     2   7024.0
 40CW  22-Sep-25 17:29 0099  OG6B           599  599  81            OH       3   7013.9
