 10CW  12-Jul-25 12:00 0001  II9HQ          599  599  ARI           IT9      3  28036.0
 10CW  12-Jul-25 12:01 0002  EA8RM          599  599  36            EA8  36  5  28028.9
 10CW  12-Jul-25 12:03 0003  ED0HQ          599  599  URE           EA       3  28016.0
 15CW  12-Jul-25 12:06 0004  9A0HQ          599  599  HRS           9A       3  21031.0
 15CW  12-Jul-25 12:06 0005  PY4BZ          599  599  15            PY   15  5  21030.4
 15CW  12-Jul-25 12:07 0006  ED0HQ          599  599  URE           EA       3  21028.0
 15CW  12-Jul-25 12:09 0007  OP0HQ          599  599  UBA           ON       3  21020.6
 15CW  12-Jul-25 12:12 0008  RT4F           599  599  29            UA   29  3  21000.4
 15CW  12-Jul-25 12:14 0009  EA8RM          599  599  36            EA8  36  5  21003.0
 15CW  12-Jul-25 12:17 0010  LZ0HQ          599  599  BFRA          LZ       3  21019.0
 15CW  12-Jul-25 12:20 0011  ER7HQ          599  599  ARM           ER       3  21024.0
 15CW  12-Jul-25 12:21 0012  UX0LL          599  599  29            UR       3  21026.8
 15CW  12-Jul-25 12:24 0013  5B/WJ2O        599  599  39            5B   39  5  21048.6
 20CW  12-Jul-25 12:29 0014  LZ0HQ          599  599  BFRA          LZ       3  14034.2
 20CW  12-Jul-25 12:29 0015  SE5T           599  599  18            SM   18  3  14033.7
 20CW  12-Jul-25 12:29 0016  E71A           599  599  28            E7   28  3  14033.2
 20CW  12-Jul-25 12:30 0017  9A0HQ          599  599  HRS           9A       3  14031.0
 20CW  12-Jul-25 12:31 0018  RZ9L           599  599  30            UA9  30  5  14030.3
 20CW  12-Jul-25 12:32 0019  UW5Y           599  599  29            UR   29  3  14029.0
 20CW  12-Jul-25 12:35 0020  OG1F           599  599  18            OH       3  14028.1
 20CW  12-Jul-25 12:35 0021  HA3NU          599  599  28            HA       3  14027.6
 20CW  12-Jul-25 12:35 0022  SN0HQ          599  599  PZK           SP       3  14027.2
 20CW  12-Jul-25 12:36 0023  HA8A           599  599  28                     3  14026.7
 20CW  12-Jul-25 12:37 0024  SK9HQ          599  599  SSA                    3  14026.0
 20CW  12-Jul-25 12:38 0025  UN1HQ          599  599  KFRR          UN       5  14025.7
 20CW  12-Jul-25 12:39 0026  RC9J           599  599  21                 21  5  14025.2
 20CW  12-Jul-25 12:41 0027  OY1CT          599  599  FRA           OY       3  14022.8
 20CW  12-Jul-25 12:41 0028  EU2F           599  599  29            EU       3  14022.4
 20CW  12-Jul-25 12:42 0029  LY5W           599  599  29            LY       3  14022.0
 20CW  12-Jul-25 12:42 0030  ER7HQ          599  599  ARM           ER       3  14021.5
 20CW  12-Jul-25 12:43 0031  YR0HQ          599  599  FRR           YO       3  14021.0
 20CW  12-Jul-25 12:47 0032  UI3F           599  599  29            UA       3  14056.1
 20CW  12-Jul-25 12:48 0033  RA3DS          599  599  29                     3  14056.1
 20CW  12-Jul-25 12:49 0034  UA6LCN         599  599  29                     3  14056.1
 20CW  12-Jul-25 12:49 0035  SM6TOL         599  599  18                     3  14056.1
 20CW  12-Jul-25 12:49 0036  LY2MM          599  599  29                     3  14056.1
 20CW  12-Jul-25 12:50 0037  UT4LW          599  599  29                     3  14056.1
 20CW  12-Jul-25 12:51 0038  R3OR           599  599  29                     3  14056.1
 20CW  12-Jul-25 12:52 0039  SO5CW          599  599  28                     3  14055.5
 20CW  12-Jul-25 12:53 0040  ED0HQ          599  599  URE           EA       3  14056.2
 20CW  12-Jul-25 12:54 0041  HA4CW          599  599  28                     3  14056.2
 20CW  12-Jul-25 12:55 0042  EW8DX          599  599  29                     3  14056.2
 20CW  12-Jul-25 12:56 0043  RN6AT          599  599  29                     3  14056.2
 20CW  12-Jul-25 12:57 0044  ER3UA          599  599  29                     3  14056.2
 20CW  12-Jul-25 12:58 0045  UY7LM          599  599  29                     3  14056.2
 20CW  12-Jul-25 12:59 0046  LY2K           599  599  29                     3  14068.6
 20CW  12-Jul-25 13:00 0047  RK9A           599  599  30                     5  14062.1
 20CW  12-Jul-25 13:00 0048  RN4HAB         599  599  30                     3  14061.5
 20CW  12-Jul-25 13:00 0049  R7KX           599  599  29                     3  14054.6
 20CW  12-Jul-25 13:01 0050  OG3B           599  599  18                     3  14054.3
 20CW  12-Jul-25 13:01 0051  SD1A           599  599  18                     3  14053.0
 20CW  12-Jul-25 13:01 0052  R2RF           599  599  29                     3  14052.2
 20CW  12-Jul-25 13:01 0053  RF9C           599  599  30                     5  14051.4
 20CW  12-Jul-25 13:02 0054  LY2J           599  599  29                     3  14050.4
 20CW  12-Jul-25 13:04 0055  OH2HQ          599  599  SRAL                   3  14044.0
 20CW  12-Jul-25 13:05 0056  HG8R           599  599  28                     3  14043.3
 20CW  12-Jul-25 13:05 0057  OH1NA          599  599  18                     3  14042.4
 20CW  12-Jul-25 13:06 0058  SP7IFM         599  599  28                     3  14042.0
 20CW  12-Jul-25 13:07 0059  EW1I           599  599  29                     3  14040.5
 20CW  12-Jul-25 13:07 0060  LZ1ND          599  599  28                     3  14039.4
 20CW  12-Jul-25 13:08 0061  HG0HQ          599  599  MRASZ                  3  14039.0
 20CW  12-Jul-25 13:08 0062  Z60HQ          599  599  SHRAK         Z6       3  14038.2
 20CW  12-Jul-25 14:01 0063  UT5EL          599  599  29                     3  14037.4
 20CW  12-Jul-25 14:03 0064  VK6T           599  599  58            VK   58  5  14038.1
 20CW  12-Jul-25 14:03 0065  UR5R           599  599  29                     3  14039.6
 20CW  12-Jul-25 14:04 0066  RW9DX          599  599  30                     5  14040.3
 20CW  12-Jul-25 14:04 0067  OH5Z           599  599  18                     3  14041.6
 20CW  12-Jul-25 14:05 0068  4Z4AK          599  599  39            4X   39  5  14000.6
 20CW  12-Jul-25 14:05 0069  UF5A           599  599  29                     3  14001.0
 20CW  12-Jul-25 14:06 0070  ND3T           599  599  08            K    08  5  14002.0
 20CW  12-Jul-25 14:07 0071  OM0WR          599  599  28            OM       3  14002.8
 20CW  12-Jul-25 14:08 0072  R4HQ           599  599  SRR                    3  14003.7
 20CW  12-Jul-25 14:09 0073  LY7R           599  599  29                     3  14004.7
 20CW  12-Jul-25 14:13 0074  RM3F           599  599  29                     3  14008.7
 20CW  12-Jul-25 14:16 0075  YL2PJ          599  599  29            YL       3  14024.4
 20CW  12-Jul-25 14:17 0076  EW2ES          599  599  29                     3  14024.4
 20CW  12-Jul-25 14:18 0077  LY1DX          599  599  29                     3  14024.4
 20CW  12-Jul-25 14:20 0078  UR2Y           599  599  29                     3  14024.4
 20CW  12-Jul-25 14:20 0079  LN4BBC         599  599  18            LA       3  14024.4
 20CW  12-Jul-25 14:21 0080  EW8DX          599  599  29                     0  14024.4
 20CW  12-Jul-25 14:21 0081  UR2Y           599  599  29                     0  14024.4
 20CW  12-Jul-25 14:21 0082  R2BT           599  599  29                     3  14024.4
 20CW  12-Jul-25 14:22 0083  LZ1QB          599  599  28                     3  14024.4
 20CW  12-Jul-25 14:22 0084  UT7NI          599  599  29                     3  14024.4
 20CW  12-Jul-25 14:23 0085  UA3AP          599  599  29                     3  14024.4
 10CW  12-Jul-25 14:26 0086  ZV1A           599  599  15            PY   15  5  28018.6
 15CW  12-Jul-25 14:32 0087  P3X            599  599  39                     5  21010.4
 15CW  12-Jul-25 14:33 0088  4X1DX          599  599  39            4X       5  21005.4
 40CW  12-Jul-25 14:34 0089  LY7R           599  599  29            LY   29  3   7002.6
 40CW  12-Jul-25 14:35 0090  OP0HQ          599  599  UBA           ON       3   7006.0
 40CW  12-Jul-25 14:35 0091  E7HQ           599  599  ARABH         E7       3   7007.1
 40CW  12-Jul-25 14:36 0092  DM7A           599  599  28            DL   28  1   7009.0
 40CW  12-Jul-25 14:38 0093  DF4ZL          599  599  28                     1   7011.7
 40CW  12-Jul-25 14:38 0094  S50HQ          599  599  ZRS           S5       3   7012.5
 40CW  12-Jul-25 14:38 0095  YT0HQ          599  599  SRS           YU       3   7013.9
 40CW  12-Jul-25 14:39 0096  DL6KWN         599  599  28                     1   7015.2
 40CW  12-Jul-25 14:39 0097  GB2WR          599  599  27            G    27  3   7017.4
 40CW  12-Jul-25 14:40 0098  HG0HQ          599  599  MRASZ         HA       3   7017.8
 40CW  12-Jul-25 14:40 0099  DL2LRT         599  599  28                     1   7018.4
 40CW  12-Jul-25 14:41 0100  GR2HQ          599  599  RSGB                   3   7019.4
 40CW  12-Jul-25 14:41 0101  TM0HQ          599  599  REF           F        3   7020.0
 40CW  12-Jul-25 14:42 0102  9A0HQ          599  599  HRS           9A       3   7022.0
 40CW  12-Jul-25 14:42 0103  OK5TFC         599  599  28            OK       3   7022.5
 40CW  12-Jul-25 14:43 0104  HB9HQ          599  599  USKA          HB       3   7025.2
 40CW  12-Jul-25 14:44 0105  SK9HQ          599  599  SSA           SM       3   7025.6
 40CW  12-Jul-25 14:44 0106  OE0HQ          599  599  OV            OE       3   7027.0
 40CW  12-Jul-25 14:44 0107  DA0HQ          599  599  DARC                   1   7028.0
 40CW  12-Jul-25 14:45 0108  SN0HQ          599  599  PZK           SP       3   7028.7
 40CW  12-Jul-25 14:45 0109  OH2HQ          599  599  SRAL          OH       3   7029.3
 40CW  12-Jul-25 14:46 0110  II4HQ          599  599  ARI           I        3   7024.0
 40CW  12-Jul-25 14:46 0111  YR0HQ          599  599  FRR           YO       3   7017.0
 40CW  12-Jul-25 17:53 0112  DF8V           599  599  28                     1   7023.1
 40CW  12-Jul-25 17:54 0113  M0TDW          599  599  27                     3   7034.3
 40CW  12-Jul-25 17:55 0114  SP3EMA         599  599  28                     3   7034.3
 40CW  12-Jul-25 17:55 0115  SC6O           599  599  18                 18  3   7034.3
 40CW  12-Jul-25 17:56 0116  UW1G           599  599  29            UR       3   7034.3
 40CW  12-Jul-25 17:58 0117  OK1AY          599  599  28                     3   7034.3
 10CW  12-Jul-25 18:00 0118  TY5AD          599  599  46            TY   46  5  28010.0
 10CW  12-Jul-25 18:01 0119  YT1X           599  599  28            YU   28  3  28000.2
 10CW  12-Jul-25 18:01 0120  YT0HQ          599  599  SRS                    3  28015.1
 10CW  12-Jul-25 18:02 0121  SN0HQ          599  599  PZK           SP       3  28028.0
 10CW  12-Jul-25 18:03 0122  4Z5ML          599  599  39            4X   39  5  28031.0
 10CW  12-Jul-25 18:05 0123  LT4RCA         599  599  RCA           LU       5  28025.0
 10CW  12-Jul-25 18:07 0124  DA0HQ          599  599  DARC          DL       1  28032.0
 10CW  12-Jul-25 18:08 0125  TY5FR          599  599  46                     5  28033.3
 10CW  12-Jul-25 18:11 0126  CX1AA          599  599  RCU           CX       5  28029.2
 10CW  12-Jul-25 18:11 0127  D2UY           599  599  52            D2   52  5  28001.1
 10CW  12-Jul-25 18:13 0128  GR2HQ          599  599  RSGB          G        3  28023.7
 15CW  12-Jul-25 18:18 0129  CQ9A           599  599  36            CT3      5  21004.2
 15CW  12-Jul-25 18:18 0130  P44W           599  599  11            P4   11  5  21004.8
 15CW  12-Jul-25 18:22 0131  CR3A           599  599  36                     5  21011.8
 15CW  12-Jul-25 18:22 0132  PP5AX          599  599  15                     5  21013.0
 15CW  12-Jul-25 18:23 0133  PP5WX          599  599  15                     5  21013.5
 15CW  12-Jul-25 18:25 0134  PY2PLL         599  599  15                     5  21014.9
 15CW  12-Jul-25 18:25 0135  PY3TD          599  599  15                     5  21016.3
 15CW  12-Jul-25 18:26 0136  DJ0IF          599  599  28            DL   28  1  21017.2
 15CW  12-Jul-25 18:27 0137  OK1KKI         599  599  28            OK       3  21017.5
 15CW  12-Jul-25 18:28 0138  HG7T           599  599  28            HA       3  21022.9
 15CW  12-Jul-25 18:29 0139  GR2HQ          599  599  RSGB          G        3  21025.8
 15CW  12-Jul-25 18:29 0140  PX1C           599  599  15                     5  21026.6
 15CW  12-Jul-25 18:30 0141  DA0HQ          599  599  DARC                   1  21032.0
 15CW  12-Jul-25 18:32 0142  II4HQ          599  599  ARI           I        3  21034.5
 15CW  12-Jul-25 18:34 0143  ZD7TIM         599  599  66            ZD7  66  5  21046.9
 15CW  12-Jul-25 18:36 0144  AZ1A           599  599  14            LU   14  5  21048.5
 15CW  12-Jul-25 18:36 0145  CT3KN          599  599  36                     5  21050.5
 15CW  12-Jul-25 18:37 0146  PY2XL          599  599  15                     5  21055.1
 15CW  12-Jul-25 18:37 0147  EA4M           599  599  37                 37  3  21056.5
 15CW  12-Jul-25 18:39 0148  PT7BI          599  599  13                 13  5  21058.0
 15CW  12-Jul-25 18:40 0149  EA8BW          599  599  36                     5  21051.5
 10CW  12-Jul-25 18:42 0150  PW2F           599  599  15                     5  28020.1
160CW  12-Jul-25 18:44 0151  II4HQ          599  599  ARI           I        3   1831.0
160CW  12-Jul-25 18:46 0152  DA0HQ          599  599  DARC          DL       1   1832.0
160CW  12-Jul-25 18:55 0153  TM0HQ          599  599  REF           F        3   1821.0
160CW  12-Jul-25 18:55 0154  9A0HQ          599  599  HRS           9A       3   1814.1
 80CW  12-Jul-25 18:56 0155  LX7I           599  599  RL            LX       3   3501.0
 80CW  12-Jul-25 18:58 0156  LZ0HQ          599  599  BFRA          LZ       3   3505.1
 80CW  12-Jul-25 18:59 0157  S50HQ          599  599  ZRS           S5       3   3510.1
 80CW  12-Jul-25 18:59 0158  DA0HQ          599  599  DARC          DL       1   3511.0
 80CW  12-Jul-25 18:59 0159  GR2HQ          599  599  RSGB          G        3   3511.7
 80CW  12-Jul-25 19:00 0160  HA7UI          599  599  28            HA   28  3   3512.7
 80CW  12-Jul-25 19:01 0161  YT0HQ          599  599  SRS           YU       3   3513.7
 80CW  12-Jul-25 19:01 0162  SP3CW          599  599  28            SP       3   3514.0
 80CW  12-Jul-25 19:03 0163  SN0HQ          599  599  PZK                    3   3516.1
 80CW  12-Jul-25 19:04 0164  OM3RM          599  599  28            OM       3   3517.1
 80CW  12-Jul-25 19:04 0165  OE0HQ          599  599  OV            OE       3   3518.1
 80CW  12-Jul-25 19:05 0166  HB9HQ          599  599  USKA          HB       3   3519.1
 80CW  12-Jul-25 19:06 0167  9A0HQ          599  599  HRS           9A       3   3522.0
 80CW  12-Jul-25 19:07 0168  OP0HQ          599  599  UBA           ON       3   3523.4
 80CW  12-Jul-25 19:08 0169  TM0HQ          599  599  REF           F        3   3524.0
 80CW  12-Jul-25 19:08 0170  GB2WR          599  599  27                 27  3   3524.7
 80CW  12-Jul-25 19:09 0171  HG0HQ          599  599  MRASZ                  3   3525.1
 80CW  12-Jul-25 19:10 0172  OM6TU          599  599  28                     3   3529.0
 80CW  12-Jul-25 19:11 0173  II1HQ          599  599  ARI           I        3   3535.0
 80CW  12-Jul-25 19:12 0174  SO5CW          599  599  28                     3   3535.9
 80CW  12-Jul-25 19:12 0175  SK9HQ          599  599  SSA           SM       3   3536.5
 40CW  12-Jul-25 19:17 0176  RA3DS          599  599  29            UA       3   7003.7
 40CW  12-Jul-25 19:18 0177  LZ2CH          599  599  28            LZ       3   7004.2
 40CW  12-Jul-25 19:18 0178  S51RW          599  599  28                     3   7004.2
 40CW  12-Jul-25 19:19 0179  IZ3NVR         599  599  28                     3   7004.2
 40CW  12-Jul-25 19:22 0180  YT3D           599  599  28                     3   7006.6
 40CW  12-Jul-25 19:22 0181  IP3A           599  599  28                     3   7007.6
 40CW  12-Jul-25 19:23 0182  UP4L           599  599  30            UN   30  5   7008.0
 40CW  12-Jul-25 19:24 0183  RL5A           599  599  29                     3   7008.6
 40CW  12-Jul-25 19:24 0184  OK6OK          599  599  28                     3   7009.3
 40CW  12-Jul-25 19:25 0185  LZ0HQ          599  599  BFRA                   3   7010.0
 40CW  12-Jul-25 19:26 0186  Z30HQ          599  599  RSM           Z3       3   7010.8
 40CW  12-Jul-25 19:27 0187  OM8CW          599  599  28            OM       3   7012.9
 40CW  12-Jul-25 19:28 0188  DL3KWF         599  599  28                     1   7014.1
 40CW  12-Jul-25 19:29 0189  YU1ANO         599  599  28                     3   7014.6
 40CW  12-Jul-25 19:29 0190  E7AA           599  599  28                     3   7015.0
 40CW  12-Jul-25 19:31 0191  HG7T           599  599  28                     3   7016.5
 40CW  12-Jul-25 19:31 0192  HA6NL          599  599  28                     3   7016.8
 40CW  12-Jul-25 19:32 0193  LA8HGA         599  599  18            LA       3   7017.4
 40CW  12-Jul-25 19:32 0194  R2FZ           599  599  29            UA2      3   7017.8
 40CW  12-Jul-25 19:32 0195  G4IIY          599  599  27                     3   7018.2
 40CW  12-Jul-25 19:33 0196  ED0HQ          599  599  URE           EA       3   7020.6
 40CW  12-Jul-25 19:44 0197  ER7HQ          599  599  ARM           ER       3   7021.1
 40CW  12-Jul-25 19:44 0198  UR5R           599  599  29                     3   7022.4
 40CW  12-Jul-25 19:45 0199  R9GM           599  599  29                     3   7023.2
 40CW  12-Jul-25 19:46 0200  UA1F           599  599  19                 19  3   7023.5
 40CW  12-Jul-25 19:46 0201  DL1EFW         599  599  28                     1   7023.8
 40CW  12-Jul-25 19:47 0202  R5BD           599  599  29                     3   7024.4
 40CW  12-Jul-25 19:47 0203  HA3NU          599  599  28                     3   7025.5
 40CW  12-Jul-25 19:48 0204  M/NP4Z         599  599  27                     3   7025.8
 40CW  12-Jul-25 19:48 0205  OG1F           599  599  18                     3   7026.1
 40CW  12-Jul-25 19:49 0206  LA2AB          599  599  18                     3   7027.4
 40CW  12-Jul-25 19:49 0207  PA2DK          599  599  27            PA       3   7028.3
 40CW  12-Jul-25 19:50 0208  OK2BFN         599  599  28                     3   7030.4
 40CW  12-Jul-25 19:51 0209  RC6U           599  599  29                     3   7034.0
 20CW  12-Jul-25 19:53 0210  DA0HQ          599  599  DARC          DL       1  14023.6
160CW  12-Jul-25 19:55 0211  YT0HQ          599  599  SRS           YU       3   1817.5
160CW  12-Jul-25 19:56 0212  GR2HQ          599  599  RSGB          G        3   1824.0
160CW  12-Jul-25 19:58 0213  S50HQ          599  599  ZRS           S5       3   1823.0
160CW  12-Jul-25 19:59 0214  OE0HQ          599  599  OV            OE       3   1819.0
160CW  12-Jul-25 20:02 0215  OM7K           599  599  28            OM   28  3   1826.2
160CW  12-Jul-25 20:03 0216  SN0HQ          599  599  PZK           SP       3   1828.0
160CW  12-Jul-25 20:04 0217  SK9HQ          599  599  SSA           SM       3   1833.0
160CW  12-Jul-25 20:05 0218  HB9HQ          599  599  USKA          HB       3   1834.1
160CW  12-Jul-25 20:07 0219  E7HQ           599  599  ARABH         E7       3   1820.0
160CW  12-Jul-25 20:11 0220  SP1NY          599  599  28                     3   1828.8
 80CW  12-Jul-25 20:18 0221  DA0AA          599  599  28                     1   3504.5
 80CW  12-Jul-25 20:19 0222  ED0HQ          599  599  URE           EA       3   3520.0
 80CW  12-Jul-25 20:20 0223  F5OZC          599  599  27                     3   3520.4
 80CW  12-Jul-25 20:20 0224  E7DX           599  599  28            E7       3   3521.1
 80CW  12-Jul-25 20:21 0225  OH2HQ          599  599  SRAL          OH       3   3528.5
 80CW  12-Jul-25 20:21 0226  YR0HQ          599  599  FRR           YO       3   3533.7
 80CW  12-Jul-25 20:41 0227  ER7HQ          599  599  ARM           ER       3   3537.1
 80CW  12-Jul-25 20:43 0228  ON8GA          599  599  27                     3   3540.6
 80CW  12-Jul-25 20:43 0229  IO8O           599  599  28                     3   3540.9
 80CW  12-Jul-25 20:44 0230  SP5CNA         599  599  28                     3   3542.2
 80CW  12-Jul-25 20:45 0231  DM7W           599  599  28                     1   3545.2
 40CW  12-Jul-25 20:46 0232  DL1JDQ         599  599  28                     1   7025.7
 40CW  12-Jul-25 20:47 0233  GB9WR          599  599  27                     3   7025.7
 40CW  12-Jul-25 20:47 0234  DL4KG          599  599  28                     1   7025.7
 40CW  12-Jul-25 20:48 0235  SP9JZT         599  599  28                     3   7025.7
 40CW  12-Jul-25 20:48 0236  M1X            599  599  27                     3   7025.7
 40CW  12-Jul-25 20:50 0237  OM3RM          599  599  28                     3   7025.7
 40CW  12-Jul-25 20:51 0238  PC4H           599  599  27                     3   7025.7
 40CW  12-Jul-25 20:52 0239  DL7ET          599  599  28                     1   7025.7
 40CW  12-Jul-25 20:52 0240  9A3YT          599  599  28                     3   7025.7
 40CW  12-Jul-25 20:53 0241  EW1E           599  599  29            EU       3   7025.7
 40CW  12-Jul-25 20:53 0242  LN4BBC         599  599  18                     3   7025.7
 40CW  12-Jul-25 20:53 0243  R2BT           599  599  29                     3   7025.7
 40CW  12-Jul-25 20:53 0244  9A2NO          599  599  28                     3   7025.7
 40CW  12-Jul-25 20:54 0245  UA3RBR         599  599  29                     3   7025.7
 40CW  12-Jul-25 20:54 0246  OM/UT2WW       599  599  28                     3   7025.7
 40CW  12-Jul-25 20:55 0247  RU9AC          599  599  30            UA9      5   7025.7
 40CW  12-Jul-25 20:56 0248  DC1KWB         599  599  28                     1   7025.7
 40CW  12-Jul-25 20:56 0249  OM7K           599  599  28                     3   7025.7
 40CW  12-Jul-25 20:56 0250  SP9R           599  599  28                     3   7025.7
 40CW  12-Jul-25 20:57 0251  SQ1DNJ         599  599  28                     3   7025.7
 40CW  12-Jul-25 20:57 0252  PA2TA          599  599  27                     3   7025.7
 40CW  12-Jul-25 20:58 0253  EA8BW          599  599  36            EA8  36  5   7025.7
 40CW  12-Jul-25 20:58 0254  DL4XU          599  599  28                     1   7025.7
 40CW  12-Jul-25 20:58 0255  OG7F           599  599  18                     3   7025.7
 40CW  12-Jul-25 20:59 0256  PC5Q           599  599  27                     3   7025.7
 40CW  12-Jul-25 21:00 0257  R3ST           599  599  29                     3   7025.7
 40CW  12-Jul-25 21:00 0258  CR5HQ          599  599  REP           CT       3   7025.7
 40CW  12-Jul-25 21:01 0259  EU3U           599  599  29                     3   7025.7
 40CW  12-Jul-25 21:01 0260  OH1NA          599  599  18                     3   7025.7
 40CW  12-Jul-25 21:01 0261  R4HQ           599  599  SRR                    3   7025.7
 40CW  12-Jul-25 21:02 0262  LY4L           599  599  29                     3   7025.7
 40CW  12-Jul-25 21:02 0263  OM0RX          599  599  28                     3   7025.7
 40CW  12-Jul-25 21:03 0264  OK1FCA         599  599  28                     3   7025.7
