 40CW  12-May-25 16:30 0001  HG5E           599  599  5             HA       3   7016.6
 40CW  12-May-25 16:31 0002  SP2XX          599  599  5             SP       3   7026.3
 40CW  12-May-25 16:32 0003  OH3MZ          599  599  3             OH       3   7026.3
 40CW  12-May-25 16:32 0004  DF8KY          599  599  4             DL       2   7026.3
 40CW  12-May-25 16:33 0005  OM5KM          599  599  6             OM       3   7026.3
 40CW  12-May-25 16:33 0006  OK1IBP         599  599  5             OK       3   7026.3
 40CW  12-May-25 16:33 0007  DL3FCG         599  599  6                      2   7026.3
 40CW  12-May-25 16:34 0008  OM5B           599  599  10                     3   7026.3
 40CW  12-May-25 16:34 0009  OK1DOR         599  599  2                      3   7026.3
 40CW  12-May-25 16:34 0010  DL7UGN         599  599  7                      2   7026.3
 40CW  12-May-25 16:35 0011  OK1FKD         599  599  4                      3   7026.3
 40CW  12-May-25 16:35 0012  DF4ZL          599  599  10                     2   7026.3
 40CW  12-May-25 16:36 0013  OK2NO          599  599  12                     3   7026.3
 40CW  12-May-25 16:36 0014  OK5SA          599  599  9                      3   7026.3
 40CW  12-May-25 16:37 0015  EI2KA          599  599  2             EI       3   7026.3
 40CW  12-May-25 16:37 0016  SN1T           599  599  16                     3   7026.3
 40CW  12-May-25 16:38 0017  DJ9MH          599  599  17                     2   7026.3
 40CW  12-May-25 16:38 0018  OK2NAJ         599  599  15                     3   7026.3
 40CW  12-May-25 16:38 0019  DA3T           599  599  18                     2   7026.3
 40CW  12-May-25 16:39 0020  HA5BMS         599  599  11                     3   7026.3
 40CW  12-May-25 16:39 0021  OK1RKS         599  599  4                      3   7026.3
 40CW  12-May-25 16:39 0022  OK1TD          599  599  15                     3   7026.3
 40CW  12-May-25 16:40 0023  S52W           599  599  20            S5       3   7026.7
 40CW  12-May-25 16:41 0024  OK1JAX         599  599  17                     3   7027.0
 40CW  12-May-25 16:41 0025  SE5T           599  599  10            SM       3   7027.9
 40CW  12-May-25 16:42 0026  DL7YS          599  599  23                     2   7028.8
 40CW  12-May-25 16:42 0027  S55OO          599  599  2                      3   7029.1
 40CW  12-May-25 16:43 0028  DR2C           599  599  33                     2   7029.9
 40CW  12-May-25 16:45 0029  DJ4MX          599  599  3                      2   7030.8
 40CW  12-May-25 16:45 0030  SM5IMO         599  599  26                     3   7031.1
 40CW  12-May-25 16:45 0031  DK2OY          599  599  30                     2   7031.4
 40CW  12-May-25 16:46 0032  DJ9KH          599  599  30                     2   7031.9
 40CW  12-May-25 16:47 0033  OK4RQ          599  599  23                     3   7034.7
 40CW  12-May-25 16:47 0034  DL1NKS         599  599  41                     2   7036.0
 40CW  12-May-25 16:48 0035  OL4W           599  599  31                     3   7036.5
 40CW  12-May-25 16:48 0036  OK5TFC         599  599  21                     3   7011.0
 40CW  12-May-25 16:49 0037  DH0GHU         599  599  24                     2   7011.5
 40CW  12-May-25 16:49 0038  SD6F           599  599  36                     3   7012.4
 40CW  12-May-25 16:50 0039  HA3HO          599  599  13                     3   7012.9
 40CW  12-May-25 16:50 0040  SD1A           599  599  28                     3   7014.0
 40CW  12-May-25 16:52 0041  PA3DBS         599  599  27            PA       3   7015.0
 40CW  12-May-25 16:53 0042  SM5ACQ         599  599  36                     3   7015.8
 40CW  12-May-25 16:54 0043  OL8R           599  599  74                     3   7016.2
 40CW  12-May-25 16:55 0044  DL1BUG         599  599  55                     2   7018.4
 40CW  12-May-25 16:57 0045  HA5BA          599  599  38                     3   7030.8
 40CW  12-May-25 16:57 0046  DR6W           599  599  17                     2   7030.8
 40CW  12-May-25 16:57 0047  DR2C           599  599  661                    0   7030.8
 40CW  12-May-25 16:58 0048  LZ5DI          599  599  44            LZ       3   7030.8
 40CW  12-May-25 16:58 0049  SP8FHK         599  599  47                     3   7030.8
 40CW  12-May-25 16:59 0050  OK1NU          599  599  36                     3   7030.8
 40CW  12-May-25 16:59 0051  HB9BXE         599  599  57            HB       3   7030.8
 40CW  12-May-25 16:59 0052  DL1SAN         599  599  5                      2   7030.8
 40CW  12-May-25 17:00 0053  E77EA          599  599  99            E7       3   7030.8
 40CW  12-May-25 17:00 0054  OK2BFN         599  599  59                     3   7030.8
 40CW  12-May-25 17:01 0055  DM7W           599  599  57                     2   7030.8
 40CW  12-May-25 17:01 0056  PA3DZM         599  599  23                     3   7030.8
 40CW  12-May-25 17:02 0057  PC4H           599  599  47                     3   7030.8
 40CW  12-May-25 17:02 0058  DL5IAH         599  599  1                      2   7030.8
 40CW  12-May-25 17:02 0059  SP8BXL         599  599  42                     3   7030.8
 40CW  12-May-25 17:03 0060  DA2K           599  599  51                     2   7030.8
 40CW  12-May-25 17:03 0061  OK2PYA         599  599  53                     3   7030.8
 40CW  12-May-25 17:03 0062  SP9OUV         599  599  35                     3   7030.8
 40CW  12-May-25 17:04 0063  DA0BCC         599  599  61                     2   7030.8
 40CW  12-May-25 17:04 0064  SM5CSS         599  599  37                     3   7030.8
 40CW  12-May-25 17:05 0065  HB9HTF         599  599  49                     3   7030.8
 40CW  12-May-25 17:05 0066  PA2TA          599  599  46                     3   7030.8
 40CW  12-May-25 17:05 0067  OK2GU          599  599  22                     3   7030.8
 40CW  12-May-25 17:06 0068  OK1AMX         599  599  47                     3   7030.8
 40CW  12-May-25 17:06 0069  SN5N           599  599  74                     3   7030.8
 40CW  12-May-25 17:06 0070  HB9EGA         599  599  27                     3   7030.8
 40CW  12-May-25 17:07 0071  HB9CMW         599  599  23                     3   7030.8
 40CW  12-May-25 17:07 0072  HA6NL          599  599  93                     3   7030.8
 40CW  12-May-25 17:08 0073  SP2HHX         599  599  49                     3   7030.8
 40CW  12-May-25 17:08 0074  SP4DNX         599  599  37                     3   7030.8
 40CW  12-May-25 17:09 0075  SP3MEP         599  599  5                      3   7030.8
 40CW  12-May-25 17:09 0076  DH0GDS         599  599  17                     2   7030.8
 40CW  12-May-25 17:11 0077  YL2TD          599  599  71            YL       3   7030.6
 40CW  12-May-25 17:12 0078  OZ7BQ          599  599  49            OZ       3   7028.6
 40CW  12-May-25 17:12 0079  SP7LIE         599  599  28                     3   7028.3
 40CW  12-May-25 17:13 0080  IN3FHE         599  599  54            I        3   7026.8
 40CW  12-May-25 17:13 0081  OK2IW          599  599  56                     3   7026.5
 40CW  12-May-25 17:14 0082  OK5NZ          599  599  79                     3   7026.0
 40CW  12-May-25 17:14 0083  OK2EA          599  599  77                     3   7025.7
 40CW  12-May-25 17:16 0084  RX3QNE         599  599  47            UA       3   7027.3
 40CW  12-May-25 17:17 0085  OK1TN          599  599  74                     3   7023.1
 40CW  12-May-25 17:17 0086  DL4YR          599  599  28                     2   7022.8
 40CW  12-May-25 17:17 0087  S51J           599  599  87                     3   7022.3
 40CW  12-May-25 17:18 0088  PA3AAV         599  599  113                    3   7020.6
 40CW  12-May-25 17:18 0089  SP8IOV         599  599  71                     3   7021.1
 40CW  12-May-25 17:19 0090  DL5YM          599  599  86                     2   7020.4
 40CW  12-May-25 17:19 0091  DK4DS          599  599  61                     2   7020.0
 40CW  12-May-25 17:20 0092  DJ4WT          599  599  73                     2   7019.7
 40CW  12-May-25 17:20 0093  YU1RA          599  599  73            YU       3   7019.0
 40CW  12-May-25 17:21 0094  ON4EM          599  599  78            ON       3   7018.5
 40CW  12-May-25 17:21 0095  YL2KO          599  599  85                     3   7014.8
 40CW  12-May-25 17:22 0096  IK5MEL         599  599  51                     3   7013.3
 40CW  12-May-25 17:22 0097  SQ8LUU         599  599  73                     3   7012.7
 40CW  12-May-25 17:23 0098  YT1WA          599  599  58                     3   7012.3
 40CW  12-May-25 17:25 0099  SP2KAC         599  599  48                     3   7016.0
 40CW  12-May-25 17:25 0100  DL6WT          599  599  92                     2   7016.0
 40CW  12-May-25 17:26 0101  DL4ME          599  599  111                    2   7016.0
 40CW  12-May-25 17:26 0102  DL7URB         599  599  15                     2   7016.0
 40CW  12-May-25 17:28 0103  SC6O           599  599  71                     3   7019.3
 40CW  12-May-25 17:29 0104  SM5CSS         599  599  67                     0   7017.8
