 40CW  12-Oct-25 09:17 0001  OR5T           599  599  168 NNV       ON       3   7013.0
 40CW  12-Oct-25 09:18 0002  ON5JT          599  599  143 LLV                3   7011.6
 40CW  12-Oct-25 09:19 0003  ON4FI          599  599  94 HCC                 3   7011.1
 40CW  12-Oct-25 09:22 0004  ON4RAC         599  599  81 RAC                 3   7008.0
 40CW  12-Oct-25 09:26 0005  ON4EM          599  599  146 CRD                3   7015.0
 40CW  12-Oct-25 09:27 0006  OO7J           599  599  70 NBT                 3   7014.0
 40CW  12-Oct-25 09:30 0007  OT0K           599  599  137 MWV                3   7016.3
 40CW  12-Oct-25 09:31 0008  OP2C           599  599  125 NBT                3   7015.7
 40CW  12-Oct-25 09:32 0009  ON6MG          599  599  147 MNS                3   7018.0
 40CW  12-Oct-25 09:34 0010  ON7ARQ         599  599  78 WRC                 3   7020.7
 40CW  12-Oct-25 09:38 0011  ON6NL          599  599  150 NOL                3   7029.2
 40CW  12-Oct-25 09:39 0012  ON4SM          599  599  35 NMR                 3   7029.2
 40CW  12-Oct-25 09:40 0013  ON4ASG         599  599  86 MWV                 3   7029.2
 40CW  12-Oct-25 09:44 0014  ON4RSX         599  599  71 RSX                 3   7023.0
 40CW  12-Oct-25 09:45 0015  ON4AUB         599  599  64 WLD                 3   7023.6
 40CW  12-Oct-25 09:51 0016  ON4UBA         599  599  152 UBA                3   7025.0
 40CW  12-Oct-25 09:51 0017  ON4MCL         599  599  140 MCL                3   7027.1
 40CW  12-Oct-25 09:54 0018  ON6WL          599  599  135 WLD                3   7016.3
 40CW  12-Oct-25 09:55 0019  OR3A           599  599  181 NOL                3   7013.7
 40CW  12-Oct-25 09:58 0020  OT2X/P         599  599  152 ZTM                3   7030.0
