160CW  29-Nov-25 07:02 0001  LX1NO          599  599  14            LX   14  1   1837.1
 80CW  29-Nov-25 07:13 0002  M0X            599  599  14            G    14  1   3530.9
 80CW  29-Nov-25 07:13 0003  DA0T           599  599  14            DL       0   3531.9
 80CW  29-Nov-25 07:14 0004  F8KLY          599  599  14            F        1   3532.5
 80CW  29-Nov-25 07:15 0005  VE3JM          599  599  04            VE   04  3   3529.0
 80CW  29-Nov-25 07:15 0006  CR6K           599  599  14            CT       1   3528.5
 80CW  29-Nov-25 07:16 0007  F5OZC          599  599  14                     1   3527.2
 80CW  29-Nov-25 07:17 0008  VY2TT          599  599  05                 05  3   3526.2
 80CW  29-Nov-25 07:17 0009  ON5WL          599  599  14            ON       1   3525.7
 80CW  29-Nov-25 07:18 0010  G4AMT          599  599  14                     1   3525.2
 80CW  29-Nov-25 07:20 0011  S53X           599  599  15            S5   15  1   3518.5
 80CW  29-Nov-25 07:20 0012  KC1XX          599  599  05            K        3   3516.1
 80CW  29-Nov-25 07:21 0013  LN8W           599  599  14            LA       1   3513.3
 80CW  29-Nov-25 07:21 0014  TM29X          599  599  14                     1   3512.8
 80CW  29-Nov-25 07:22 0015  OT5L           599  599  14                     1   3511.3
 80CW  29-Nov-25 07:23 0016  W1KM           599  599  05                     3   3511.0
 80CW  29-Nov-25 07:24 0017  EA4KD          599  599  14            EA       1   3508.3
 80CW  29-Nov-25 07:24 0018  GM7A           599  599  14            GM       1   3507.1
 80CW  29-Nov-25 07:27 0019  W3LPL          599  599  05                     3   3503.9
 80CW  29-Nov-25 07:27 0020  M5A            599  599  14                     1   3504.3
 80CW  29-Nov-25 07:28 0021  K3LR           599  599  05                     3   3502.3
 80CW  29-Nov-25 07:29 0022  M6T            599  599  14                     1   3528.0
 80CW  29-Nov-25 07:30 0023  9A1CCY         599  599  15            9A       1   3529.2
 80CW  29-Nov-25 07:31 0024  OY1CT          599  599  14            OY       1   3530.4
 80CW  29-Nov-25 07:34 0025  9A1A           599  599  15                     1   3541.9
 80CW  29-Nov-25 07:35 0026  OZ5W           599  599  14            OZ       1   3541.6
 80CW  29-Nov-25 07:36 0027  EI6FR          599  599  14            EI       1   3545.0
 80CW  29-Nov-25 07:37 0028  K3WW           599  599  05                     3   3549.6
 80CW  29-Nov-25 07:38 0029  CR3W           599  599  33            CT3  33  3   3551.7
 40CW  29-Nov-25 07:40 0030  HA2KMR         599  599  15            HA   15  1   7000.6
 40CW  29-Nov-25 07:41 0031  ND3T           599  599  05            K    05  3   7000.1
 40CW  29-Nov-25 07:41 0032  KB4DX          599  599  05                     3   7001.3
 40CW  29-Nov-25 07:41 0033  HG7T           599  599  15                     1   7001.7
 40CW  29-Nov-25 07:44 0034  UA2FZ          599  599  15            UA2      1   7002.7
 40CW  29-Nov-25 07:44 0035  EA4KD          599  599  14            EA   14  1   7002.3
 40CW  29-Nov-25 07:44 0036  LA8OM          599  599  14            LA       1   7003.3
 40CW  29-Nov-25 07:45 0037  N2MF           599  599  05                     3   7003.6
 40CW  29-Nov-25 07:45 0038  F5NZY          599  599  14            F        1   7003.9
 40CW  29-Nov-25 07:46 0039  YT1A           599  599  15            YU       1   7004.0
 40CW  29-Nov-25 07:46 0040  W3RJ           599  599  05                     3   7004.3
 40CW  29-Nov-25 07:47 0041  EA1CS          599  599  14                     1   7004.7
 40CW  29-Nov-25 07:48 0042  ON5JT          599  599  14            ON       1   7004.9
 40CW  29-Nov-25 07:48 0043  YU7WW          599  599  15                     1   7005.4
 40CW  29-Nov-25 07:49 0044  G3V            599  599  14            G        1   7006.0
 40CW  29-Nov-25 07:49 0045  OL3A           599  599  15            OK       1   7006.3
 40CW  29-Nov-25 07:50 0046  AB3CX          599  599  05                     3   7006.7
 40CW  29-Nov-25 07:52 0047  II2T           599  599  15            I        1   7007.0
 40CW  29-Nov-25 07:52 0048  LY7R           599  599  15            LY       1   7007.4
 40CW  29-Nov-25 07:54 0049  KB3WD          599  599  05                     3   7008.0
 40CW  29-Nov-25 07:54 0050  KC1XX          599  599  05                     3   7008.4
 40CW  29-Nov-25 07:55 0051  S51J           599  599  15            S5       1   7008.7
 40CW  29-Nov-25 07:55 0052  OT7T           599  599  14                     1   7009.0
 40CW  29-Nov-25 07:56 0053  IP0A           599  599  15            IS       1   7009.7
 40CW  29-Nov-25 07:56 0054  OK1KKI         599  599  15                     1   7009.3
 40CW  29-Nov-25 07:58 0055  W2FU           599  599  05                     3   7010.4
 40CW  29-Nov-25 07:58 0056  MM9I           599  599  14            GM       1   7010.9
 40CW  29-Nov-25 07:59 0057  K1RX           599  599  05                     3   7011.4
 40CW  29-Nov-25 08:01 0058  YT4T           599  599  15                     1   7011.6
 40CW  29-Nov-25 08:02 0059  LY2PX          599  599  15                     1   7012.0
 40CW  29-Nov-25 08:02 0060  YT7A           599  599  15                     1   7012.4
 40CW  29-Nov-25 08:03 0061  NR4M           599  599  05                     3   7012.9
 40CW  29-Nov-25 08:03 0062  TM2Y           599  599  14                     1   7013.2
 40CW  29-Nov-25 08:04 0063  S51SL          599  599  15                     1   7006.5
 40CW  29-Nov-25 08:05 0064  DJ3RA          599  599  14            DL       0   7006.5
 40CW  29-Nov-25 08:05 0065  TK0C           599  599  15            TK       1   7006.5
 40CW  29-Nov-25 08:05 0066  OK1AY          599  599  15                     1   7006.5
 40CW  29-Nov-25 08:07 0067  I2IFT          599  599  15                     1   7023.6
 40CW  29-Nov-25 08:07 0068  OM5CM          599  599  15            OM       1   7023.6
 40CW  29-Nov-25 08:08 0069  I2CZQ          599  599  15                     1   7023.6
 40CW  29-Nov-25 08:08 0070  SP8GQU         599  599  15            SP       1   7023.6
 40CW  29-Nov-25 08:09 0071  G4MKR          599  599  14                     1   7023.6
 40CW  29-Nov-25 08:09 0072  OM5JA          599  599  15                     1   7023.6
 40CW  29-Nov-25 08:10 0073  ON5QD          599  599  14                     1   7023.6
 40CW  29-Nov-25 08:10 0074  OU3A           599  599  14            OZ       1   7023.6
 40CW  29-Nov-25 08:10 0075  F6KMB          599  599  14                     1   7023.6
 40CW  29-Nov-25 08:11 0076  F4MQH          599  599  14                     1   7023.6
 40CW  29-Nov-25 08:13 0077  M4M            599  599  14                     1   7023.6
 40CW  29-Nov-25 08:14 0078  DL7UFR         599  599  14                     0   7023.6
 40CW  29-Nov-25 08:15 0079  K3LR           599  599  05                     3   7023.4
 40CW  29-Nov-25 08:16 0080  SD6F           599  599  14            SM       1   7022.6
 40CW  29-Nov-25 08:17 0081  VY2TT          599  599  05            VE       3   7020.9
 40CW  29-Nov-25 08:18 0082  OE6VIE         599  599  15            OE       1   7021.3
 15CW  29-Nov-25 08:19 0083  P3AA           599  599  20            5B   20  3  21000.2
 15CW  29-Nov-25 08:20 0084  JA0FVU         599  599  25            JA   25  3  21001.4
 15CW  29-Nov-25 08:28 0085  RZ1OA          599  599  16            UA   16  1  21002.5
 15CW  29-Nov-25 08:29 0086  4X6FR          599  599  20            4X       3  21002.8
 15CW  29-Nov-25 08:30 0087  SZ1A           599  599  20            SV       1  21003.8
 15CW  29-Nov-25 08:32 0088  UA7K           599  599  16                     1  21005.3
 15CW  29-Nov-25 08:34 0089  BY1AS          599  599  24            BY   24  3  21006.2
 15CW  29-Nov-25 08:35 0090  JH4UYB         599  599  25                     3  21006.8
 15CW  29-Nov-25 08:37 0091  LZ9W           599  599  20            LZ       1  21008.7
 15CW  29-Nov-25 08:38 0092  BY4JN          599  599  24                     3  21009.5
 15CW  29-Nov-25 08:39 0093  UK9AA          599  599  17            UK   17  3  21010.0
 15CW  29-Nov-25 08:40 0094  OL0W           599  599  15            OK   15  1  21011.0
 15CW  29-Nov-25 08:40 0095  YP3X           599  599  20            YO       1  21011.5
 15CW  29-Nov-25 08:42 0096  EF8R           599  599  33            EA8  33  3  21012.3
 15CW  29-Nov-25 08:42 0097  LZ5EE          599  599  20                     1  21012.6
 15CW  29-Nov-25 08:45 0098  RU1A           599  599  16                     1  21016.1
 15CW  29-Nov-25 08:47 0099  9A7A           599  599  15            9A       1  21018.0
 15CW  29-Nov-25 08:49 0100  M6T            599  599  14            G    14  1  21019.8
 15CW  29-Nov-25 08:53 0101  EA5RS          599  599  14            EA       1  21020.7
 15CW  29-Nov-25 08:54 0102  SN3A           599  599  15            SP       1  21021.6
 15CW  29-Nov-25 08:55 0103  SV4FFL         599  599  20                     1  21022.0
 15CW  29-Nov-25 08:55 0104  BD7MM          599  599  24                     3  21022.3
 15CW  29-Nov-25 08:56 0105  CT7BJG         599  599  14            CT       1  21022.5
 15CW  29-Nov-25 08:56 0106  OG1F           599  599  15            OH       1  21022.9
 15CW  29-Nov-25 08:57 0107  YB2VSH         599  599  28            YB   28  3  21023.2
 15CW  29-Nov-25 08:59 0108  UO2L           599  599  17            UN       3  21024.3
 15CW  29-Nov-25 08:59 0109  RL3A           599  599  16                     1  21025.0
 15CW  29-Nov-25 09:00 0110  9A5D           599  599  15                     1  21025.3
 15CW  29-Nov-25 09:01 0111  BG0DLA         599  599  23                 23  3  21025.6
 15CW  29-Nov-25 09:01 0112  OM4Q           599  599  15            OM       1  21026.1
 15CW  29-Nov-25 09:05 0113  RM9I           599  599  18            UA9  18  3  21028.0
 15CW  29-Nov-25 09:06 0114  MD4K           599  599  14            GD       1  21028.8
 15CW  29-Nov-25 09:06 0115  BD1IIJ         599  599  24                     3  21028.5
 15CW  29-Nov-25 09:07 0116  UA6LCN         599  599  16                     1  21029.4
 15CW  29-Nov-25 09:09 0117  HA8A           599  599  15            HA       1  21029.7
 15CW  29-Nov-25 09:10 0118  IU1GHC         599  599  15            I        1  21030.0
 15CW  29-Nov-25 09:12 0119  CQ9A           599  599  33            CT3      3  21047.0
 15CW  29-Nov-25 09:13 0120  PT1M           599  599  11            PY   11  3  21047.2
 15CW  29-Nov-25 09:16 0121  DJ4RAM         599  599  14            DL       0  21046.2
 15CW  29-Nov-25 09:20 0122  CR6K           599  599  14                     1  21049.0
 15CW  29-Nov-25 09:21 0123  R9MM           599  599  17                     3  21049.8
 15CW  29-Nov-25 09:24 0124  HB2Y           599  599  14            HB       1  21052.3
 15CW  29-Nov-25 09:25 0125  SN4X           599  599  15                     1  21052.8
 15CW  29-Nov-25 09:26 0126  OH8WW          599  599  15                     1  21053.4
 15CW  29-Nov-25 09:27 0127  A71WW          599  599  21            A7   21  3  21054.2
 15CW  29-Nov-25 09:28 0128  EW5A           599  599  16            EU       1  21056.0
 15CW  29-Nov-25 09:29 0129  HG8R           599  599  15                     1  21056.8
 15CW  29-Nov-25 09:30 0130  II9R           599  599  15            IT9      1  21057.8
 15CW  29-Nov-25 09:30 0131  RU0A           599  599  18                     3  21058.2
 15CW  29-Nov-25 09:31 0132  EF6T           599  599  14            EA6      1  21058.5
 15CW  29-Nov-25 09:34 0133  EA5J           599  599  14                     1  21061.0
 15CW  29-Nov-25 09:35 0134  ZD7VJ          599  599  36            ZD7  36  3  21062.0
 15CW  29-Nov-25 09:35 0135  RT6A           599  599  16                     1  21062.4
 15CW  29-Nov-25 09:36 0136  OH0V           599  599  15            OH0      1  21062.8
 15CW  29-Nov-25 09:37 0137  5X1XA          599  599  37            5X   37  3  21063.8
 15CW  29-Nov-25 09:37 0138  LY4L           599  599  15            LY       1  21064.3
 15CW  29-Nov-25 09:38 0139  LY2K           599  599  15                     1  21065.3
 15CW  29-Nov-25 09:41 0140  8P5A           599  599  08            8P   08  3  21064.8
 15CW  29-Nov-25 09:41 0141  SJ2W           599  599  14            SM       1  21067.7
 15CW  29-Nov-25 09:42 0142  YR8I           599  599  20                     1  21069.7
 15CW  29-Nov-25 09:44 0143  B0A            599  599  23                     3  21070.5
 15CW  29-Nov-25 09:45 0144  LZ6W           599  599  20                     1  21071.3
 15CW  29-Nov-25 09:46 0145  IO4X           599  599  15                     1  21056.3
 15CW  29-Nov-25 09:48 0146  EA8BW          599  599  33                     3  21051.3
 10CW  29-Nov-25 09:50 0147  RT8U           599  599  18            UA9  18  3  28000.3
 10CW  29-Nov-25 09:51 0148  IO4X           599  599  15            I    15  1  28001.6
 10CW  29-Nov-25 09:52 0149  YT9W           599  599  15            YU       1  28002.0
 10CW  29-Nov-25 09:54 0150  EF8R           599  599  33            EA8  33  3  28002.4
 10CW  29-Nov-25 09:58 0151  UA6CC          599  599  16            UA   16  1  28003.8
 10CW  29-Nov-25 09:59 0152  UY2UA          599  599  16            UR       1  28004.3
 10CW  29-Nov-25 09:59 0153  RY3D           599  599  16                     1  28004.9
 10CW  29-Nov-25 10:00 0154  LZ4TX          599  599  20            LZ   20  1  28006.0
 10CW  29-Nov-25 10:01 0155  HA3DX          599  599  15            HA       1  28006.3
 10CW  29-Nov-25 10:03 0156  RM3F           599  599  16                     1  28008.4
 10CW  29-Nov-25 10:06 0157  BD8CS          599  599  24            BY   24  3  28009.8
 10CW  29-Nov-25 10:07 0158  M6T            599  599  14            G    14  1  28010.2
 10CW  29-Nov-25 10:07 0159  IK3SSO         599  599  15                     1  28010.5
 10CW  29-Nov-25 10:10 0160  VK6T           599  599  29            VK   29  3  28013.2
 10CW  29-Nov-25 10:11 0161  RW0A           599  599  18                     3  28014.4
 10CW  29-Nov-25 10:12 0162  UA7K           599  599  16                     1  28018.8
 10CW  29-Nov-25 10:13 0163  UT6ER          599  599  16                     1  28019.8
 10CW  29-Nov-25 10:15 0164  CR3W           599  599  33            CT3      3  28021.1
 10CW  29-Nov-25 10:26 0165  TL8GD          599  599  36            TL   36  3  28023.1
 10CW  29-Nov-25 10:28 0166  BY7WZ          599  599  24                     3  28024.2
 10CW  29-Nov-25 10:29 0167  LA7GIA         599  599  14            LA       1  28025.0
 10CW  29-Nov-25 10:30 0168  LZ9W           599  599  20                     1  28026.3
 10CW  29-Nov-25 10:32 0169  VU2YYF         599  599  22            VU   22  3  28026.7
 10CW  29-Nov-25 10:34 0170  P3X            599  599  20            5B       3  28028.9
 10CW  29-Nov-25 10:34 0171  EF3W           599  599  14            EA       1  28028.5
 10CW  29-Nov-25 10:35 0172  DR1D           599  599  14            DL       0  28029.7
 10CW  29-Nov-25 10:37 0173  RK2M           599  599  16                     1  28031.7
 10CW  29-Nov-25 10:40 0174  RZ9L           599  599  17                 17  3  28034.1
 10CW  29-Nov-25 10:40 0175  R9AE           599  599  17                     3  28034.4
 10CW  29-Nov-25 10:41 0176  OT7T           599  599  14            ON       1  28035.5
 10CW  29-Nov-25 10:41 0177  RM2E           599  599  16                     1  28036.0
 10CW  29-Nov-25 10:45 0178  EF6T           599  599  14            EA6      1  28038.6
 10CW  29-Nov-25 10:46 0179  OL9Z           599  599  15            OK       1  28039.3
 10CW  29-Nov-25 10:47 0180  SK3W           599  599  14            SM       1  28039.6
 10CW  29-Nov-25 10:48 0181  EA7OR          599  599  14                     1  28040.6
 10CW  29-Nov-25 10:48 0182  EA7/HA3NZ      599  599  14                     1  28041.0
 10CW  29-Nov-25 10:56 0183  UN3J           599  599  17            UN       3  28047.4
 10CW  29-Nov-25 10:56 0184  EA5RS          599  599  14                     1  28048.0
 10CW  29-Nov-25 10:57 0185  A92GE          599  599  21            A9   21  3  28048.3
 10CW  29-Nov-25 10:58 0186  C4W            599  599  20                     3  28050.0
 10CW  29-Nov-25 10:58 0187  TA3D           599  599  20            TA       3  28051.0
 10CW  29-Nov-25 11:03 0188  CW5W           599  599  13            CX   13  3  28051.6
 10CW  29-Nov-25 11:07 0189  UA1ANA         599  599  16                     1  28055.4
 10CW  29-Nov-25 11:07 0190  HZ7C           599  599  21            HZ       3  28056.0
 10CW  29-Nov-25 11:09 0191  CT3KN          599  599  33                     3  28056.9
 10CW  29-Nov-25 11:18 0192  LU7HF          599  599  13            LU       3  28060.0
 10CW  29-Nov-25 11:18 0193  RT5T           599  599  16                     1  28061.9
 10CW  29-Nov-25 11:28 0194  P3CR           599  599  20                     3  28072.1
 10CW  29-Nov-25 11:29 0195  PW2K           599  599  11            PY   11  3  28059.5
 20CW  29-Nov-25 11:30 0196  UA7K           599  599  16            UA   16  1  14000.5
 20CW  29-Nov-25 11:31 0197  S58M           599  599  15            S5   15  1  14001.1
 20CW  29-Nov-25 11:33 0198  KC1XX          599  599  05            K    05  3  14001.7
 20CW  29-Nov-25 11:33 0199  WY3A           599  599  05                     3  14002.0
 20CW  29-Nov-25 11:34 0200  HQ9X           599  599  07            HR   07  3  14002.5
 20CW  29-Nov-25 11:35 0201  K3LR           599  599  05                     3  14002.8
 20CW  29-Nov-25 11:35 0202  OM0WR          599  599  15            OM       1  14003.0
 20CW  29-Nov-25 11:35 0203  LY2K           599  599  15            LY       1  14003.3
 20CW  29-Nov-25 11:36 0204  WT3Q           599  599  05                     3  14003.8
 20CW  29-Nov-25 11:37 0205  OH5Z           599  599  15            OH       1  14004.0
 20CW  29-Nov-25 11:37 0206  9A4M           599  599  15            9A       1  14004.3
 20CW  29-Nov-25 11:37 0207  RA3DS          599  599  16                     1  14004.5
 20CW  29-Nov-25 11:38 0208  K1RU           599  599  05                     3  14004.8
 20CW  29-Nov-25 11:39 0209  YT2RX          599  599  15            YU       1  14005.6
 20CW  29-Nov-25 11:39 0210  OT7T           599  599  14            ON   14  1  14006.0
 20CW  29-Nov-25 11:40 0211  9A3VMT         599  599  15                     1  14006.4
 20CW  29-Nov-25 11:41 0212  OM2X           599  599  15                     1  14007.0
 20CW  29-Nov-25 11:42 0213  YT5A           599  599  15                     1  14007.5
 20CW  29-Nov-25 11:43 0214  TM29X          599  599  14            F        1  14008.6
 20CW  29-Nov-25 11:44 0215  EA3IN          599  599  14            EA       1  14009.6
 20CW  29-Nov-25 11:45 0216  RM9A           599  599  17            UA9  17  3  14010.7
 20CW  29-Nov-25 11:47 0217  W3RJ           599  599  05                     3  14011.6
 20CW  29-Nov-25 11:47 0218  AB3CX          599  599  05                     3  14011.9
 20CW  29-Nov-25 11:48 0219  NR4M           599  599  05                     3  14012.4
 20CW  29-Nov-25 11:48 0220  SM0D           599  599  14            SM       1  14012.8
 20CW  29-Nov-25 11:50 0221  SZ1A           599  599  20            SV   20  1  14014.1
 20CW  29-Nov-25 11:50 0222  UR8RF          599  599  16            UR       1  14014.3
 20CW  29-Nov-25 11:51 0223  M6T            599  599  14            G        1  14014.8
 20CW  29-Nov-25 11:51 0224  SM6TOL         599  599  14                     1  14015.0
 20CW  29-Nov-25 11:52 0225  HG5E           599  599  15            HA       1  14016.6
 20CW  29-Nov-25 11:53 0226  F6KOP          599  599  14                     1  14017.3
 20CW  29-Nov-25 11:55 0227  IQ3ME          599  599  15            I        1  14017.5
 20CW  29-Nov-25 11:56 0228  G5W            599  599  14                     1  14018.1
 20CW  29-Nov-25 11:57 0229  OM7M           599  599  15                     1  14018.8
 20CW  29-Nov-25 11:58 0230  VE3VN          599  599  04            VE   04  3  14019.6
 20CW  29-Nov-25 11:59 0231  IP8R           599  599  15                     1  14020.0
 20CW  29-Nov-25 11:59 0232  LZ5R           599  599  20            LZ       1  14020.4
 20CW  29-Nov-25 12:00 0233  YT7BA          599  599  15                     1  14021.7
 20CW  29-Nov-25 12:01 0234  BD8CS          599  599  24            BY   24  3  14022.2
 20CW  29-Nov-25 12:01 0235  N2AA           599  599  05                     3  14022.4
 20CW  29-Nov-25 12:02 0236  WK1O           599  599  05                     3  14022.8
 20CW  29-Nov-25 12:02 0237  PA6X           599  599  14            PA       1  14023.1
 20CW  29-Nov-25 12:03 0238  N4WW           599  599  05                     3  14023.9
 20CW  29-Nov-25 12:04 0239  SN2B           599  599  15            SP       1  14024.2
 20CW  29-Nov-25 12:04 0240  K3WW           599  599  05                     3  14025.3
 20CW  29-Nov-25 12:04 0241  S51TA          599  599  15                     1  14025.8
 20CW  29-Nov-25 12:05 0242  LN8W           599  599  14            LA       1  14026.0
 20CW  29-Nov-25 12:07 0243  R1DX           599  599  16                     1  14027.1
 20CW  29-Nov-25 12:08 0244  VE2IM          599  599  02                 02  3  14027.4
 20CW  29-Nov-25 12:09 0245  SO4M           599  599  15                     1  14028.2
 20CW  29-Nov-25 12:09 0246  UW5Y           599  599  16                     1  14028.4
 20CW  29-Nov-25 12:09 0247  E7DX           599  599  15            E7       1  14028.6
 20CW  29-Nov-25 12:10 0248  VA2WA          599  599  05                     3  14029.4
 20CW  29-Nov-25 12:10 0249  OH8L           599  599  15                     1  14030.0
 20CW  29-Nov-25 12:14 0250  YO8PUF         599  599  20            YO       1  14030.4
 20CW  29-Nov-25 12:33 0251  IS0AFM         599  599  15            IS       1  14031.1
 20CW  29-Nov-25 12:33 0252  GI5I           599  599  14            GI       1  14031.5
 20CW  29-Nov-25 12:34 0253  YT3X           599  599  15                     1  14032.7
 20CW  29-Nov-25 12:37 0254  AD4TJ          599  599  05                     3  14047.2
 20CW  29-Nov-25 12:37 0255  W2RD           599  599  05                     3  14047.2
 20CW  29-Nov-25 12:37 0256  HA3MAR         599  599  15                     1  14047.2
 20CW  29-Nov-25 12:38 0257  SP2HOU         599  599  15                     1  14047.2
 20CW  29-Nov-25 12:39 0258  RV6ANI         599  599  16                     1  14047.2
 20CW  29-Nov-25 12:39 0259  RM1C           599  599  16                     1  14047.2
 20CW  29-Nov-25 12:39 0260  EI2IH          599  599  14            EI       1  14047.2
 20CW  29-Nov-25 12:40 0261  K1TTT          599  599  05                     3  14047.2
 20CW  29-Nov-25 12:43 0262  IO5O           599  599  15                     1  14047.8
 20CW  29-Nov-25 12:44 0263  TK0C           599  599  15            TK       1  14049.7
 20CW  29-Nov-25 12:46 0264  S52GO          599  599  15                     1  14051.1
 20CW  29-Nov-25 12:47 0265  SQ9KDT         599  599  15                     1  14051.5
 20CW  29-Nov-25 12:47 0266  OL3A           599  599  15            OK       1  14052.5
 20CW  29-Nov-25 12:52 0267  LZ1AQ          599  599  20                     1  14053.7
 20CW  29-Nov-25 12:52 0268  SO7M           599  599  15                     1  14054.1
 20CW  29-Nov-25 12:52 0269  SP6GCU         599  599  15                     1  14055.0
 20CW  29-Nov-25 12:53 0270  LZ2VP          599  599  20                     1  14055.5
 20CW  29-Nov-25 12:54 0271  RW0A           599  599  18                 18  3  14056.0
 20CW  29-Nov-25 12:55 0272  UN9L           599  599  17            UN       3  14058.1
 20CW  29-Nov-25 12:56 0273  CR3W           599  599  33            CT3  33  3  14059.0
 20CW  29-Nov-25 12:58 0274  LY2J           599  599  15                     1  14059.4
 20CW  29-Nov-25 13:00 0275  DA0T           599  599  14            DL       0  14061.6
 20CW  29-Nov-25 13:00 0276  LN2T           599  599  14                     1  14063.5
 20CW  29-Nov-25 13:00 0277  SQ9RM          599  599  15                     1  14064.3
 20CW  29-Nov-25 13:01 0278  4X1MM          599  599  20            4X       3  14064.8
 20CW  29-Nov-25 13:01 0279  E72U           599  599  15                     1  14065.5
 20CW  29-Nov-25 13:03 0280  W1RCR          599  599  05                     3  14065.9
 20CW  29-Nov-25 13:03 0281  SP2AYC         599  599  15                     1  14066.4
 20CW  29-Nov-25 13:04 0282  VA2UR          599  599  05                     3  14067.5
 20CW  29-Nov-25 13:04 0283  OK6Y           599  599  15                     1  14068.6
 20CW  29-Nov-25 13:05 0284  OR4M           599  599  14                     1  14069.0
 20CW  29-Nov-25 13:05 0285  RA9Y           599  599  18                     3  14069.8
 20CW  29-Nov-25 13:06 0286  PA1AW          599  599  14                     1  14070.3
 20CW  29-Nov-25 13:06 0287  EW1TZ          599  599  16            EU       1  14070.9
 20CW  29-Nov-25 13:07 0288  RK9A           599  599  17                     3  14073.7
 15CW  29-Nov-25 13:08 0289  LZ1RW          599  599  20                     1  21050.9
 15CW  29-Nov-25 13:08 0290  WY3A           599  599  05            K    05  3  21050.5
 15CW  29-Nov-25 13:09 0291  YB1MR          599  599  28                     3  21051.5
 15CW  29-Nov-25 13:11 0292  TO7A           599  599  08            FM       3  21051.9
 15CW  29-Nov-25 13:12 0293  N4WW           599  599  05                     3  21053.7
 15CW  29-Nov-25 13:14 0294  VE3JM          599  599  04            VE   04  3  21054.5
 15CW  29-Nov-25 13:16 0295  OE5OH          599  599  15            OE       1  21056.7
 15CW  29-Nov-25 13:17 0296  K1TZQ          599  599  05                     3  21057.4
 15CW  29-Nov-25 13:19 0297  R5FQ           599  599  16                     1  21058.2
 15CW  29-Nov-25 13:20 0298  V47T           599  599  08            V4       3  21058.8
 15CW  29-Nov-25 13:21 0299  YO3KRM         599  599  20                     1  21059.0
 15CW  29-Nov-25 13:24 0300  OT2A           599  599  14            ON       1  21061.1
 15CW  29-Nov-25 13:27 0301  LX7I           599  599  14            LX       1  21062.6
 15CW  29-Nov-25 13:27 0302  YL2GD          599  599  15            YL       1  21066.1
 15CW  29-Nov-25 13:30 0303  VU2SRT         599  599  22            VU   22  3  21067.8
 15CW  29-Nov-25 13:31 0304  ZB2BU          599  599  14            ZB       1  21068.2
 15CW  29-Nov-25 13:33 0305  W1EQ           599  599  05                     3  21069.3
 15CW  29-Nov-25 13:33 0306  KP4AA          599  599  08            KP4      3  21070.9
 15CW  29-Nov-25 13:33 0307  IB9T           599  599  15                     1  21071.4
 15CW  29-Nov-25 13:35 0308  OH0Z           599  599  15                     1  21071.8
 15CW  29-Nov-25 13:36 0309  OZ8X           599  599  14            OZ       1  21073.3
 15CW  29-Nov-25 13:38 0310  9Z4BM          599  599  09            9Y   09  3  21073.7
 15CW  29-Nov-25 13:38 0311  Z32ID          599  599  15            Z3       1  21078.4
 15CW  29-Nov-25 13:39 0312  SX1T           599  599  20                     1  21078.7
 15CW  29-Nov-25 13:40 0313  5J1DX          599  599  09            HK       3  21079.1
 15CW  29-Nov-25 13:42 0314  UA2FZ          599  599  15            UA2      1  21079.7
 15CW  29-Nov-25 13:43 0315  WM9C           599  599  04                     3  21080.8
 15CW  29-Nov-25 13:43 0316  OE6Z           599  599  15                     1  21081.5
 15CW  29-Nov-25 13:44 0317  F5PLC          599  599  14            F        1  21082.7
 15CW  29-Nov-25 13:46 0318  VK6T           599  599  29            VK   29  3  21084.3
 15CW  29-Nov-25 13:47 0319  CT3KN          599  599  33                     3  21085.0
 15CW  29-Nov-25 13:47 0320  KB4DX          599  599  05                     3  21086.2
 15CW  29-Nov-25 13:48 0321  YT9X           599  599  15            YU       1  21086.9
 15CW  29-Nov-25 13:48 0322  VP9I           599  599  05            VP9      3  21087.5
 15CW  29-Nov-25 13:49 0323  OH7K           599  599  15                     1  21088.0
 15CW  29-Nov-25 13:49 0324  UA5D           599  599  16                     1  21088.5
 15CW  29-Nov-25 13:50 0325  WT9U           599  599  04                     3  21089.8
 15CW  29-Nov-25 13:50 0326  OG9X           599  599  15                     1  21090.6
 15CW  29-Nov-25 13:54 0327  KP2B           599  599  08            KP2      3  21091.8
 15CW  29-Nov-25 13:56 0328  LZ2A           599  599  20                     1  21092.3
 15CW  29-Nov-25 13:57 0329  HK1MW          599  599  09                     3  21092.9
 15CW  29-Nov-25 13:58 0330  OY1CT          599  599  14            OY       1  21093.3
 15CW  29-Nov-25 13:58 0331  OH0X           599  599  15                     1  21094.0
 15CW  29-Nov-25 13:59 0332  OL1C           599  599  15                     1  21094.5
 15CW  29-Nov-25 13:59 0333  8R1/AG6UT      599  599  09            8R       3  21095.0
 15CW  29-Nov-25 14:00 0334  N4HB           599  599  05                     3  21095.8
 15CW  29-Nov-25 14:01 0335  AA6KJ          599  599  04                     3  21097.3
 15CW  29-Nov-25 14:01 0336  PA3AAV         599  599  14            PA       1  21098.1
 15CW  29-Nov-25 14:04 0337  3B8M           599  599  39            3B8  39  3  21098.6
 15CW  29-Nov-25 14:04 0338  UA4M           599  599  16                     1  21099.5
 15CW  29-Nov-25 14:05 0339  OH1VR          599  599  15                     1  21100.0
 15CW  29-Nov-25 14:12 0340  S53M           599  599  15            S5       1  21100.5
 15CW  29-Nov-25 14:12 0341  WA3A           599  599  05                     3  21101.0
 15CW  29-Nov-25 14:13 0342  PA5KT          599  599  14                     1  21101.9
 15CW  29-Nov-25 14:17 0343  K8MP           599  599  04                     3  21103.7
 15CW  29-Nov-25 14:18 0344  R4GM           599  599  16                     1  21104.0
 15CW  29-Nov-25 14:18 0345  HB9LCW         599  599  14                     1  21104.5
 15CW  29-Nov-25 14:19 0346  K2NV           599  599  05                     3  21107.0
 15CW  29-Nov-25 14:20 0347  SV1AZL         599  599  20                     1  21109.0
 15CW  29-Nov-25 14:20 0348  YO6FNA         599  599  20                     1  21116.0
 15CW  29-Nov-25 14:21 0349  FY5FY          599  599  09            FY       3  21117.8
 10CW  29-Nov-25 14:26 0350  W3RJ           599  599  05            K    05  3  28055.2
 10CW  29-Nov-25 14:27 0351  NO3U           599  599  05                     3  28055.5
 10CW  29-Nov-25 14:27 0352  CQ9A           599  599  33                     3  28056.0
 10CW  29-Nov-25 14:28 0353  PJ2T           599  599  09            PJ2  09  3  28056.5
 10CW  29-Nov-25 14:29 0354  S59L           599  599  15            S5       1  28056.8
 10CW  29-Nov-25 14:30 0355  NN1SS          599  599  05                     3  28058.3
 10CW  29-Nov-25 14:31 0356  OM7M           599  599  15            OM       1  28058.8
 10CW  29-Nov-25 14:44 0357  PJ4A           599  599  09            PJ4      3  28059.1
 10CW  29-Nov-25 14:45 0358  WK2G           599  599  05                     3  28060.0
 10CW  29-Nov-25 14:46 0359  K9CT           599  599  04                 04  3  28060.9
 10CW  29-Nov-25 14:52 0360  W3LPL          599  599  05                     3  28063.7
 10CW  29-Nov-25 14:52 0361  NP3Y           599  599  08            KP4  08  3  28064.0
 10CW  29-Nov-25 14:53 0362  SK6D           599  599  14                     1  28064.7
 10CW  29-Nov-25 14:54 0363  HA3OU          599  599  15                     1  28066.0
 10CW  29-Nov-25 14:57 0364  WA2OAX         599  599  05                     3  28067.2
 10CW  29-Nov-25 14:58 0365  AA5JF          599  599  05                     3  28068.6
 10CW  29-Nov-25 14:59 0366  VE9DX          599  599  05            VE       3  28070.8
 10CW  29-Nov-25 15:00 0367  3B8M           599  599  39            3B8  39  3  28073.4
 10CW  29-Nov-25 15:01 0368  V47T           599  599  08            V4       3  28077.8
 10CW  29-Nov-25 15:01 0369  N4UU           599  599  05                     3  28078.1
 10CW  29-Nov-25 15:02 0370  OE2S           599  599  15            OE       1  28078.7
 10CW  29-Nov-25 15:02 0371  K2SE           599  599  05                     3  28079.0
 10CW  29-Nov-25 15:02 0372  K8AZ           599  599  04                     3  28079.3
 10CW  29-Nov-25 15:04 0373  KP4AA          599  599  08                     3  28080.2
 10CW  29-Nov-25 15:05 0374  N1DC           599  599  05                     3  28080.7
 10CW  29-Nov-25 15:06 0375  D4Z            599  599  35            D4   35  3  28081.5
 10CW  29-Nov-25 15:07 0376  XR1D           599  599  12            CE   12  3  28082.0
 10CW  29-Nov-25 15:07 0377  PV8DX          599  599  11                     3  28082.5
 10CW  29-Nov-25 15:09 0378  K3WU           599  599  05                     3  28083.8
 10CW  29-Nov-25 15:11 0379  GM5X           599  599  14            GM       1  28084.2
 10CW  29-Nov-25 15:12 0380  N2NT           599  599  05                     3  28085.3
 10CW  29-Nov-25 15:12 0381  KP2B           599  599  08            KP2      3  28085.7
 10CW  29-Nov-25 15:15 0382  N4HB           599  599  05                     3  28086.3
 10CW  29-Nov-25 15:15 0383  K1LT           599  599  04                     3  28087.0
 10CW  29-Nov-25 15:16 0384  XQ3WD          599  599  12                     3  28087.2
 10CW  29-Nov-25 15:17 0385  CE2LR          599  599  12                     3  28088.0
 10CW  29-Nov-25 15:18 0386  8P5A           599  599  08            8P       3  28088.3
 10CW  29-Nov-25 15:19 0387  K1TO           599  599  05                     3  28089.6
 10CW  29-Nov-25 15:19 0388  VE3CT          599  599  04                     3  28090.5
 10CW  29-Nov-25 15:20 0389  N1DE           599  599  05                     3  28091.8
 10CW  29-Nov-25 15:20 0390  LW2DHD         599  599  13                     3  28092.2
 10CW  29-Nov-25 15:21 0391  NO9E           599  599  05                     3  28092.8
 10CW  29-Nov-25 15:22 0392  II9P           599  599  15            IT9      1  28094.7
 10CW  29-Nov-25 15:22 0393  PY2NY          599  599  11                     3  28095.4
 10CW  29-Nov-25 15:23 0394  VA2WA          599  599  05                     3  28095.7
 10CW  29-Nov-25 15:23 0395  F4DNW          599  599  14            F        1  28096.2
 10CW  29-Nov-25 15:24 0396  K5KG           599  599  05                     3  28099.0
 10CW  29-Nov-25 15:24 0397  W8MJ           599  599  04                     3  28099.4
 10CW  29-Nov-25 15:27 0398  N3XF           599  599  05                     3  28101.3
 10CW  29-Nov-25 15:30 0399  K2PS           599  599  05                     3  28103.2
 10CW  29-Nov-25 15:32 0400  PR1T           599  599  11                     3  28104.0
 10CW  29-Nov-25 15:33 0401  NN7CW          599  599  05                     3  28104.5
 10CW  29-Nov-25 15:34 0402  WB8AKW         599  599  04                     3  28105.3
 10CW  29-Nov-25 15:34 0403  PY2RSA         599  599  11                     3  28106.0
 10CW  29-Nov-25 15:36 0404  PY2XL          599  599  11                     3  28110.0
 10CW  29-Nov-25 15:36 0405  PW2F           599  599  11                     3  28110.5
 10CW  29-Nov-25 15:37 0406  NA8V           599  599  04                     3  28111.8
 10CW  29-Nov-25 15:37 0407  WW4XX          599  599  05                     3  28112.9
 10CW  29-Nov-25 15:38 0408  PX2W           599  599  11                     3  28115.1
 10CW  29-Nov-25 15:39 0409  PA5KT          599  599  14            PA       1  28115.6
 10CW  29-Nov-25 15:42 0410  K2AX           599  599  05                     3  28117.0
 10CW  29-Nov-25 15:42 0411  VY2TT          599  599  05                     3  28117.5
 10CW  29-Nov-25 15:42 0412  N0AX           599  599  04                     3  28118.9
 10CW  29-Nov-25 15:43 0413  KT4XA          599  599  04                     3  28119.5
 10CW  29-Nov-25 15:44 0414  VA1MM          599  599  05                     3  28120.9
 10CW  29-Nov-25 15:44 0415  PY3CW          599  599  11                     3  28121.5
 10CW  29-Nov-25 15:44 0416  WQ5L           599  599  04                     3  28122.0
 10CW  29-Nov-25 15:45 0417  VE1ANU         599  599  05                     3  28122.5
 10CW  29-Nov-25 15:45 0418  WT9U           599  599  04                     3  28123.5
 10CW  29-Nov-25 15:46 0419  W4NF           599  599  05                     3  28124.9
 10CW  29-Nov-25 15:46 0420  K8LX           599  599  04                     3  28125.3
 10CW  29-Nov-25 15:47 0421  N5RZ           599  599  04                     3  28128.6
 10CW  29-Nov-25 15:47 0422  WR2G           599  599  05                     3  28131.2
 10CW  29-Nov-25 15:48 0423  K1TTT          599  599  05                     3  28133.4
 10CW  29-Nov-25 15:48 0424  ZW5B           599  599  11                     3  28136.0
 10CW  29-Nov-25 15:52 0425  HQ9X           599  599  07            HR   07  3  28137.0
 10CW  29-Nov-25 15:52 0426  W1YW           599  599  05                     3  28138.4
 10CW  29-Nov-25 15:56 0427  V26K           599  599  08            V2       3  28067.9
 10CW  29-Nov-25 15:59 0428  AB3CX          599  599  05                     3  28063.4
 10CW  29-Nov-25 16:00 0429  K1DG           599  599  05                     3  28061.5
 10CW  29-Nov-25 16:00 0430  5J1DX          599  599  09            HK       3  28061.2
 10CW  29-Nov-25 16:03 0431  CN3A           599  599  33            CN       3  28049.6
 10CW  29-Nov-25 16:06 0432  KC1XX          599  599  05                     3  28024.8
 10CW  29-Nov-25 16:09 0433  CR3A           599  599  33                     3  28008.9
 10CW  29-Nov-25 16:10 0434  ND3T           599  599  05                     3  28003.7
 15CW  29-Nov-25 16:12 0435  EA9ACD         599  599  33            EA9      3  21001.0
 15CW  29-Nov-25 16:14 0436  K1JB           599  599  05                     3  21001.6
 15CW  29-Nov-25 16:14 0437  N2PP           599  599  05                     3  21002.7
 15CW  29-Nov-25 16:15 0438  NY3A           599  599  05                     3  21003.2
 15CW  29-Nov-25 16:16 0439  KC1XX          599  599  05                     3  21003.5
 15CW  29-Nov-25 16:16 0440  K9CT           599  599  04                     3  21003.8
 15CW  29-Nov-25 16:18 0441  CR3A           599  599  33                     3  21004.9
 15CW  29-Nov-25 16:19 0442  W3LPL          599  599  05                     3  21005.8
 20CW  29-Nov-25 16:28 0443  9H6A           599  599  15            9H       1  14049.2
 20CW  29-Nov-25 16:29 0444  CT1DRB         599  599  14            CT       1  14050.4
 20CW  29-Nov-25 16:31 0445  UT4LW          599  599  16                     1  14054.2
 20CW  29-Nov-25 16:33 0446  EA8BW          599  599  33            EA8      3  14054.2
 20CW  29-Nov-25 16:34 0447  UZ7E           599  599  16                     1  14054.2
 20CW  29-Nov-25 16:35 0448  RL5A           599  599  16                     1  14054.2
 20CW  29-Nov-25 16:35 0449  RU3XY          599  599  16                     1  14054.2
 20CW  29-Nov-25 16:37 0450  SV2BXA         599  599  20                     1  14054.2
 20CW  29-Nov-25 16:39 0451  OE2S           599  599  15            OE       1  14049.6
 20CW  29-Nov-25 16:43 0452  RT6A           599  599  16                     1  14043.0
 20CW  29-Nov-25 16:45 0453  P3X            599  599  20            5B       3  14041.3
 20CW  29-Nov-25 16:46 0454  ES9C           599  599  15            ES       1  14038.0
 20CW  29-Nov-25 16:50 0455  OZ8X           599  599  14            OZ       1  14034.8
 20CW  29-Nov-25 16:51 0456  N9RV           599  599  04                     3  14033.9
 20CW  29-Nov-25 16:54 0457  W1KM           599  599  05                     3  14031.7
 20CW  29-Nov-25 16:55 0458  M0X            599  599  14                     1  14031.4
 20CW  29-Nov-25 16:58 0459  HB7X           599  599  14            HB       1  14029.9
 40CW  29-Nov-25 17:02 0460  BG0DLA         599  599  23            BY   23  3   7024.3
 40CW  29-Nov-25 17:04 0461  F5OKB          599  599  14                     1   7035.1
 40CW  29-Nov-25 17:06 0462  S57KM          599  599  15                     1   7035.1
 40CW  29-Nov-25 17:06 0463  UA4M           599  599  16            UA   16  1   7035.1
 40CW  29-Nov-25 17:06 0464  HA4FY          599  599  15                     1   7035.1
 40CW  29-Nov-25 17:06 0465  UT4LW          599  599  16            UR       1   7035.1
 40CW  29-Nov-25 17:07 0466  M6T            599  599  14                     1   7035.1
 40CW  29-Nov-25 17:08 0467  IZ6BXQ         599  599  15                     1   7035.1
 40CW  29-Nov-25 17:08 0468  OM3CPF         599  599  15                     1   7035.1
 40CW  29-Nov-25 17:09 0469  S51YI          599  599  15                     1   7035.1
 40CW  29-Nov-25 17:10 0470  RM9A           599  599  17            UA9  17  3   7035.1
 40CW  29-Nov-25 17:10 0471  IO3A           599  599  15                     1   7035.1
 40CW  29-Nov-25 17:12 0472  R9FT           599  599  17                     1   7035.1
 40CW  29-Nov-25 17:13 0473  UA7K           599  599  16                     1   7035.1
 40CW  29-Nov-25 17:14 0474  OH3EX          599  599  15            OH       1   7035.1
 40CW  29-Nov-25 17:14 0475  OM5ALL         599  599  15                     1   7035.1
 40CW  29-Nov-25 17:15 0476  IK3BVD         599  599  15                     1   7035.1
 40CW  29-Nov-25 17:15 0477  R2HL           599  599  16                     1   7035.1
 40CW  29-Nov-25 17:18 0478  RX6FJ          599  599  16                     1   7035.1
 40CW  29-Nov-25 17:19 0479  SP8IOV         599  599  15                     1   7035.1
 40CW  29-Nov-25 17:20 0480  SP7CF          599  599  15                     1   7035.1
 40CW  29-Nov-25 17:21 0481  RG6ZF          599  599  16                     1   7035.1
 40CW  29-Nov-25 17:21 0482  SM0Q           599  599  14                     1   7035.1
 40CW  29-Nov-25 17:22 0483  SN7J           599  599  15                     1   7035.1
 40CW  29-Nov-25 17:23 0484  IZ4JMA         599  599  15                     1   7035.1
 40CW  29-Nov-25 17:24 0485  HB9BXE         599  599  14            HB       1   7035.1
 40CW  29-Nov-25 17:24 0486  OH3MZ          599  599  15                     1   7035.1
 40CW  29-Nov-25 17:24 0487  SM5LW          599  599  14                     1   7035.1
 40CW  29-Nov-25 17:25 0488  9A2EY          599  599  15            9A       1   7035.1
 40CW  29-Nov-25 17:27 0489  ME5W           599  599  14                     1   7036.3
 40CW  29-Nov-25 17:27 0490  SP8UFT         599  599  15                     1   7037.0
 40CW  29-Nov-25 17:28 0491  SP5CNA         599  599  15                     1   7037.2
 40CW  29-Nov-25 17:29 0492  CN3A           599  599  33            CN   33  3   7037.9
 40CW  29-Nov-25 17:30 0493  OK1Z           599  599  15                     1   7038.1
 40CW  29-Nov-25 17:30 0494  HG5A           599  599  15                     1   7038.9
 40CW  29-Nov-25 17:30 0495  SQ9KDT         599  599  15                     1   7039.3
 40CW  29-Nov-25 17:31 0496  UN3J           599  599  17            UN       3   7039.7
 40CW  29-Nov-25 17:32 0497  R7NW           599  599  16                     1   7041.4
 40CW  29-Nov-25 17:37 0498  F6KOP          599  599  14                     1   7041.7
 40CW  29-Nov-25 17:37 0499  HG8R           599  599  15                     1   7042.7
 40CW  29-Nov-25 17:38 0500  B0A            599  599  23                     3   7043.1
 40CW  29-Nov-25 18:23 0501  R7HF           599  599  16                     1   7043.1
 40CW  29-Nov-25 18:29 0502  YU1LA          599  599  15                     1   7046.8
 40CW  29-Nov-25 18:30 0503  HB9FBS         599  599  14                     1   7052.5
 40CW  29-Nov-25 18:33 0504  PC0A           599  599  14            PA       1   7053.8
 40CW  29-Nov-25 18:35 0505  CQ9A           599  599  33            CT3      3   7054.6
 40CW  29-Nov-25 18:35 0506  SN9S           599  599  15                     1   7054.9
 40CW  29-Nov-25 18:36 0507  IS0KNZ         599  599  15                     1   7056.3
 40CW  29-Nov-25 18:37 0508  CR3W           599  599  33                     3   7057.3
 40CW  29-Nov-25 18:38 0509  G6XX           599  599  14                     1   7058.8
 40CW  29-Nov-25 18:42 0510  9A7Y           599  599  15                     1   7061.5
 40CW  29-Nov-25 18:42 0511  RW4W           599  599  16                     1   7062.2
 40CW  29-Nov-25 18:43 0512  UA1OMS         599  599  16                     1   7063.0
 40CW  29-Nov-25 18:44 0513  YO3KRM         599  599  20            YO   20  1   7064.0
 40CW  29-Nov-25 18:44 0514  HG6Z           599  599  15                     1   7064.3
 40CW  29-Nov-25 18:45 0515  E73QI          599  599  15            E7       1   7065.5
 40CW  29-Nov-25 18:45 0516  E73B           599  599  15                     1   7066.1
 40CW  29-Nov-25 18:46 0517  EA5KM          599  599  14                     1   7068.1
 40CW  29-Nov-25 18:46 0518  HA5MIG         599  599  15                     1   7068.8
 40CW  29-Nov-25 18:47 0519  P3CR           599  599  20            5B       3   7071.0
 40CW  29-Nov-25 18:47 0520  JE4YMO         599  599  25            JA   25  3   7071.4
 40CW  29-Nov-25 18:49 0521  LZ5M           599  599  20            LZ       1   7012.4
 40CW  29-Nov-25 18:52 0522  RW0A           599  599  18                 18  3   7009.8
 40CW  29-Nov-25 18:54 0523  4K6FO          599  599  21            4J   21  3   7008.7
 40CW  29-Nov-25 18:54 0524  EM5K           599  599  16                     1   7008.3
 40CW  29-Nov-25 18:57 0525  E29TGW         599  599  26            HS   26  3   7004.3
 40CW  29-Nov-25 18:59 0526  E7AA           599  599  15                     1   7006.8
 40CW  29-Nov-25 19:00 0527  B1Z            599  599  24                 24  3   7008.0
 40CW  29-Nov-25 19:01 0528  YL7X           599  599  15            YL       1   7010.4
 40CW  29-Nov-25 19:02 0529  ES9C           599  599  15            ES       1   7027.0
 40CW  29-Nov-25 19:03 0530  UA6CC          599  599  16                     1   7027.8
 20CW  29-Nov-25 19:06 0531  EF8R           599  599  33                     3  14012.2
 20CW  29-Nov-25 19:07 0532  PJ4K           599  599  09            PJ4  09  3  14006.9
 20CW  29-Nov-25 19:08 0533  PZ5DX          599  599  09            PZ       3  14001.6
 20CW  29-Nov-25 19:09 0534  IO3F           599  599  15                     1  14013.5
 20CW  29-Nov-25 19:13 0535  PS8HF          599  599  11            PY   11  3  14017.0
 20CW  29-Nov-25 19:21 0536  KP4AA          599  599  08            KP4  08  3  14036.5
 20CW  29-Nov-25 19:23 0537  II9P           599  599  15            IT9      1  14043.3
 80CW  29-Nov-25 19:28 0538  YT2ZE          599  599  15            YU       1   3529.1
 80CW  29-Nov-25 19:28 0539  S57Q           599  599  15                     1   3530.2
 80CW  29-Nov-25 19:30 0540  RW4W           599  599  16            UA   16  1   3531.0
 80CW  29-Nov-25 19:31 0541  OK1KKI         599  599  15            OK       1   3531.3
 80CW  29-Nov-25 19:33 0542  PA7F           599  599  14            PA       1   3531.7
 80CW  29-Nov-25 19:33 0543  OL3Z           599  599  15                     1   3532.3
 80CW  29-Nov-25 19:34 0544  HA6FQ          599  599  15            HA       1   3533.6
 80CW  29-Nov-25 19:34 0545  UN4Q           599  599  17            UN   17  3   3534.0
 80CW  29-Nov-25 19:36 0546  OL0W           599  599  15                     1   3535.4
 80CW  29-Nov-25 19:37 0547  SP1AEN         599  599  15            SP       1   3535.8
 80CW  29-Nov-25 19:38 0548  HG5A           599  599  15                     1   3536.1
 80CW  29-Nov-25 19:39 0549  S58W           599  599  15                     1   3537.5
 80CW  29-Nov-25 19:40 0550  ES9C           599  599  15            ES       1   3538.0
 80CW  29-Nov-25 19:40 0551  LY7K           599  599  15            LY       1   3538.4
 80CW  29-Nov-25 19:41 0552  TK0C           599  599  15            TK       1   3538.7
 80CW  29-Nov-25 19:41 0553  OK1OPT         599  599  15                     1   3539.1
 80CW  29-Nov-25 19:42 0554  UW5Y           599  599  16            UR       1   3540.0
 80CW  29-Nov-25 19:43 0555  PC1PM          599  599  14                     1   3540.8
 80CW  29-Nov-25 19:45 0556  CN3A           599  599  33            CN       3   3543.0
 80CW  29-Nov-25 19:46 0557  LZ9W           599  599  20            LZ   20  1   3544.2
 80CW  29-Nov-25 19:46 0558  PA3ARM         599  599  14                     1   3544.5
 80CW  29-Nov-25 19:46 0559  YT3E           599  599  15                     1   3545.0
 80CW  29-Nov-25 19:47 0560  HA1NB          599  599  15                     1   3545.6
 80CW  29-Nov-25 19:48 0561  SQ9S           599  599  15                     1   3547.9
 80CW  29-Nov-25 19:49 0562  EF6T           599  599  14            EA6      1   3549.5
 80CW  29-Nov-25 19:49 0563  OM5NL          599  599  15            OM       1   3549.9
 80CW  29-Nov-25 19:50 0564  SQ8LUU         599  599  15                     1   3550.8
 80CW  29-Nov-25 19:50 0565  LY2J           599  599  15                     1   3553.8
 80CW  29-Nov-25 19:51 0566  SF6W           599  599  14            SM       1   3554.5
 80CW  29-Nov-25 19:51 0567  LA8OM          599  599  14                     1   3557.0
 80CW  29-Nov-25 19:52 0568  S57X           599  599  15                     1   3557.6
 80CW  29-Nov-25 19:54 0569  ED1K           599  599  14                     1   3559.3
 80CW  29-Nov-25 19:55 0570  OK1DEZ         599  599  15                     1   3560.0
 80CW  29-Nov-25 19:56 0571  RA5A           599  599  16                     1   3560.9
 80CW  29-Nov-25 19:57 0572  OL3M           599  599  15                     1   3561.7
 80CW  29-Nov-25 19:57 0573  SC6O           599  599  14                     1   3562.1
 80CW  29-Nov-25 19:58 0574  UD2F           599  599  15            UA2      1   3563.5
 80CW  29-Nov-25 19:59 0575  S58Y           599  599  15                     1   3567.5
 80CW  29-Nov-25 20:00 0576  OE8TED         599  599  15            OE       1   3546.9
 80CW  29-Nov-25 20:02 0577  IO4A           599  599  15            I        1   3550.4
 80CW  29-Nov-25 20:03 0578  YT6X           599  599  15                     1   3501.5
 80CW  29-Nov-25 20:04 0579  OT7T           599  599  14                     1   3503.2
 80CW  29-Nov-25 20:05 0580  EW2ZC          599  599  16            EU       1   3503.0
 80CW  29-Nov-25 20:06 0581  OH0Z           599  599  15            OH0      1   3503.8
 80CW  29-Nov-25 20:07 0582  UP0L           599  599  17                     3   3504.5
 80CW  29-Nov-25 20:12 0583  SD6F           599  599  14                     1   3507.9
 80CW  29-Nov-25 20:13 0584  SO3O           599  599  15                     1   3509.0
 80CW  29-Nov-25 20:13 0585  S53Z           599  599  15                     1   3509.7
 80CW  29-Nov-25 20:17 0586  OT4A           599  599  14                     1   3512.3
 80CW  29-Nov-25 20:18 0587  S51DX          599  599  15                     1   3512.9
 80CW  29-Nov-25 20:19 0588  OE8XEF         599  599  15                     1   3513.7
 80CW  29-Nov-25 20:21 0589  OG5B           599  599  15            OH       1   3515.3
 80CW  29-Nov-25 20:22 0590  HB0DX          599  599  14            HB0      1   3516.0
 80CW  29-Nov-25 20:22 0591  SP3CW          599  599  15                     1   3516.5
 80CW  29-Nov-25 20:22 0592  G4DBW          599  599  14                     1   3517.0
 80CW  29-Nov-25 20:23 0593  SK6D           599  599  14                     1   3517.5
 80CW  29-Nov-25 20:24 0594  OK2EA          599  599  15                     1   3518.8
 80CW  29-Nov-25 20:25 0595  YO6KPT         599  599  20            YO       1   3519.2
 80CW  29-Nov-25 20:25 0596  F8AAN          599  599  14                     1   3519.5
 80CW  29-Nov-25 20:27 0597  YL3FT          599  599  15            YL       1   3521.4
 80CW  29-Nov-25 20:27 0598  SP9GFI         599  599  15                     1   3521.8
160CW  29-Nov-25 20:30 0599  M0RYB          599  599  14            G        1   1811.6
160CW  29-Nov-25 20:31 0600  S53V           599  599  15            S5   15  1   1811.1
160CW  29-Nov-25 20:31 0601  8S0DX          599  599  14            SM       1   1810.6
160CW  29-Nov-25 20:34 0602  DP9A           599  599  14            DL       0   1812.0
160CW  29-Nov-25 20:35 0603  SN8A           599  599  15            SP       1   1812.5
160CW  29-Nov-25 20:38 0604  9A1A           599  599  15            9A       1   1815.2
160CW  29-Nov-25 20:38 0605  SN0R           599  599  15                     1   1815.6
160CW  29-Nov-25 20:39 0606  IZ2FME         599  599  15            I        1   1816.0
160CW  29-Nov-25 20:40 0607  ON7PQ          599  599  14            ON       1   1819.5
160CW  29-Nov-25 20:41 0608  OK2W           599  599  15            OK       1   1820.8
160CW  29-Nov-25 20:41 0609  TK0C           599  599  15            TK       1   1821.0
160CW  29-Nov-25 20:42 0610  S56X           599  599  15                     1   1823.0
160CW  29-Nov-25 20:43 0611  LN8W           599  599  14            LA       1   1824.5
160CW  29-Nov-25 20:45 0612  S53O           599  599  15                     1   1825.7
160CW  29-Nov-25 20:47 0613  OZ4MM          599  599  14            OZ       1   1827.3
160CW  29-Nov-25 20:49 0614  OK7AW          599  599  15                     1   1829.2
160CW  29-Nov-25 20:49 0615  ES9C           599  599  15            ES       1   1829.6
160CW  29-Nov-25 20:50 0616  PC0A           599  599  14            PA       1   1823.9
160CW  29-Nov-25 20:52 0617  M6T            599  599  14                     1   1831.1
160CW  29-Nov-25 20:52 0618  OE3WMA         599  599  15            OE       1   1831.7
160CW  29-Nov-25 20:53 0619  S51W           599  599  15                     1   1834.2
160CW  29-Nov-25 20:54 0620  UT6UD          599  599  16            UR   16  1   1834.5
160CW  29-Nov-25 20:55 0621  PI4CC          599  599  14                     1   1834.8
160CW  29-Nov-25 20:55 0622  SP4T           599  599  15                     1   1835.1
160CW  29-Nov-25 20:56 0623  OE6Z           599  599  15                     1   1837.0
160CW  29-Nov-25 20:57 0624  LZ9W           599  599  20            LZ   20  1   1837.5
160CW  29-Nov-25 20:57 0625  HA5TOP         599  599  15            HA       1   1837.8
160CW  29-Nov-25 20:58 0626  OK5ET          599  599  15                     1   1838.8
160CW  29-Nov-25 20:59 0627  CR6K           599  599  14            CT       1   1837.3
160CW  29-Nov-25 21:00 0628  OZ5W           599  599  14                     1   1834.0
160CW  29-Nov-25 21:01 0629  SP4G           599  599  15                     1   1833.5
160CW  29-Nov-25 21:01 0630  LY4A           599  599  15            LY       1   1833.0
160CW  29-Nov-25 21:02 0631  F6KOP          599  599  14            F        1   1832.5
160CW  29-Nov-25 21:03 0632  S54W           599  599  15                     1   1829.9
160CW  29-Nov-25 21:04 0633  LY0UKR         599  599  15                     1   1828.3
160CW  29-Nov-25 21:05 0634  G6PZ           599  599  14                     1   1826.1
160CW  29-Nov-25 21:10 0635  RM9A           599  599  17            UA9  17  3   1818.9
160CW  29-Nov-25 21:12 0636  OK2TJ          599  599  15                     1   1816.5
160CW  29-Nov-25 21:13 0637  ON6FC          599  599  14                     1   1814.7
160CW  29-Nov-25 21:13 0638  G4DBW          599  599  14                     1   1814.4
160CW  29-Nov-25 21:14 0639  OH3FM          599  599  15            OH       1   1813.3
160CW  29-Nov-25 21:15 0640  OL1C           599  599  15                     1   1844.4
160CW  29-Nov-25 21:16 0641  UZ1WW          599  599  16                     1   1847.7
160CW  29-Nov-25 21:16 0642  OY9JD          599  599  14            OY       1   1848.4
 80CW  29-Nov-25 21:18 0643  HB7X           599  599  14            HB       1   3536.3
 80CW  29-Nov-25 21:19 0644  HA4A           599  599  15                     1   3536.8
 40CW  29-Nov-25 21:23 0645  YO/LZ4UU       599  599  20                     1   7006.4
 40CW  29-Nov-25 21:23 0646  LZ1IQ          599  599  20                     1   7006.4
 40CW  29-Nov-25 21:24 0647  CR3A           599  599  33                     3   7006.4
 80CW  29-Nov-25 21:27 0648  CQ9A           599  599  33                     3   3546.2
 40CW  29-Nov-25 21:30 0649  SV4FFL         599  599  20            SV       1   7000.3
 40CW  29-Nov-25 21:33 0650  YT9VM          599  599  15                     1   7033.3
 40CW  29-Nov-25 21:34 0651  YU9YAU         599  599  15                     1   7033.3
 40CW  29-Nov-25 21:35 0652  IN3KFF         599  599  15                     1   7033.3
 40CW  29-Nov-25 21:38 0653  EF8R           599  599  33            EA8      3   7049.6
 20CW  29-Nov-25 21:42 0654  ZF5T           599  599  08            ZF       3  14029.0
 20CW  29-Nov-25 21:42 0655  TM4W           599  599  14                     1  14035.3
 20CW  29-Nov-25 21:46 0656  5J1DX          599  599  09            HK       3  14058.8
 20CW  29-Nov-25 21:47 0657  V26K           599  599  08            V2       3  14068.5
 20CW  29-Nov-25 21:49 0658  KP2B           599  599  08            KP2      3  14067.0
 40CW  29-Nov-25 21:50 0659  4L2M           599  599  21            4L       3   7047.7
 40CW  29-Nov-25 21:55 0660  CN3A           599  599  33                     0   7037.9
160CW  30-Nov-25 06:55 0661  OQ5M           599  599  14                     1   1835.6
 80CW  30-Nov-25 06:56 0662  F6EZV          599  599  14                     1   3541.3
 80CW  30-Nov-25 07:03 0663  LX7I           599  599  14            LX       1   3509.8
 80CW  30-Nov-25 07:06 0664  G6XX           599  599  14                     1   3521.4
 80CW  30-Nov-25 07:07 0665  K1TTT          599  599  05                     3   3519.4
 80CW  30-Nov-25 07:08 0666  ON6MG          599  599  14                     1   3519.0
 80CW  30-Nov-25 07:09 0667  IZ2FME         599  599  15                     1   3518.6
 10CW  30-Nov-25 07:14 0668  R6AF           599  599  16                     1  28009.5
 10CW  30-Nov-25 07:14 0669  RD4A           599  599  16                     1  28010.1
 10CW  30-Nov-25 07:15 0670  A44A           599  599  21            A4       3  28011.7
 40CW  30-Nov-25 07:17 0671  NA8V           599  599  04                 04  3   7037.7
 40CW  30-Nov-25 07:18 0672  K5ZD           599  599  04                     3   7038.0
 40CW  30-Nov-25 07:19 0673  TO7A           599  599  08            FM   08  3   7043.0
 40CW  30-Nov-25 07:21 0674  K1TTT          599  599  05                     3   7049.5
 40CW  30-Nov-25 07:21 0675  CR6K           599  599  14            CT       1   7049.9
 40CW  30-Nov-25 07:22 0676  LZ9W           599  599  20                     1   7050.1
 40CW  30-Nov-25 07:24 0677  ZF5T           599  599  08            ZF       3   7057.1
 40CW  30-Nov-25 07:25 0678  V26K           599  599  08            V2       3   7057.5
 40CW  30-Nov-25 07:26 0679  CR2M           599  599  14            CU       1   7046.8
 40CW  30-Nov-25 07:26 0680  LY5T           599  599  15                     1   7046.1
 40CW  30-Nov-25 07:27 0681  SP1D           599  599  15                     1   7044.0
 40CW  30-Nov-25 07:27 0682  K5GN           599  599  04                     3   7043.7
 40CW  30-Nov-25 07:28 0683  N2NT           599  599  05                     3   7041.8
 40CW  30-Nov-25 07:28 0684  SM6EAN         599  599  14                     1   7040.7
 40CW  30-Nov-25 07:29 0685  EA8/TF3CW      599  599  33                     3   7039.0
 40CW  30-Nov-25 07:31 0686  HQ9X           599  599  07            HR   07  3   7038.3
 40CW  30-Nov-25 07:32 0687  F5OZC          599  599  14                     1   7030.5
 40CW  30-Nov-25 07:33 0688  OZ5E           599  599  14                     1   7033.2
 40CW  30-Nov-25 07:34 0689  W3LPL          599  599  05                     3   7033.0
 40CW  30-Nov-25 07:35 0690  Z32TO          599  599  15            Z3       1   7033.0
 40CW  30-Nov-25 07:37 0691  M0TDW          599  599  14                     1   7033.0
 40CW  30-Nov-25 07:37 0692  N4WW           599  599  05                     3   7033.0
 40CW  30-Nov-25 07:38 0693  PJ4K           599  599  09            PJ4  09  3   7033.0
 40CW  30-Nov-25 07:40 0694  KA1IS          599  599  05                     3   7033.0
 40CW  30-Nov-25 07:40 0695  LZ7DX          599  599  20                     1   7033.0
 40CW  30-Nov-25 07:41 0696  SP7OGP         599  599  15                     1   7033.0
 40CW  30-Nov-25 07:43 0697  5J1DX          599  599  09            HK       3   7030.2
 40CW  30-Nov-25 07:44 0698  PJ4A           599  599  09                     3   7029.8
 40CW  30-Nov-25 07:44 0699  LN8W           599  599  14                     1   7029.4
 40CW  30-Nov-25 07:45 0700  V47T           599  599  08            V4       3   7031.3
 40CW  30-Nov-25 07:52 0701  OK1HEH         599  599  15                     1   7034.2
 40CW  30-Nov-25 07:53 0702  N3AD           599  599  05                     3   7045.2
 40CW  30-Nov-25 07:54 0703  N4RV           599  599  05                     3   7050.8
 40CW  30-Nov-25 07:57 0704  N1DE           599  599  05                     3   7051.5
 40CW  30-Nov-25 07:57 0705  LY2NK          599  599  15                     1   7051.8
 40CW  30-Nov-25 07:58 0706  ON8GA          599  599  14                     1   7052.8
 40CW  30-Nov-25 07:59 0707  PI4CC          599  599  14                     1   7053.6
 40CW  30-Nov-25 08:01 0708  KP2B           599  599  08            KP2      3   7054.6
 40CW  30-Nov-25 08:04 0709  SP3SRN         599  599  15                     1   7056.4
 40CW  30-Nov-25 08:04 0710  IO4A           599  599  15                     1   7061.2
 40CW  30-Nov-25 08:05 0711  OL3M           599  599  15                     1   7061.6
 40CW  30-Nov-25 08:05 0712  NF9V           599  599  04                     3   7064.2
 40CW  30-Nov-25 08:07 0713  PJ2T           599  599  09            PJ2      3   7066.0
 40CW  30-Nov-25 08:08 0714  SP9XCN         599  599  15                     1   7066.3
 40CW  30-Nov-25 08:08 0715  K9CT           599  599  04                     3   7068.7
 40CW  30-Nov-25 08:09 0716  F5NKX          599  599  14                     1   7001.0
 40CW  30-Nov-25 08:10 0717  OK5NZ          599  599  15                     1   7001.4
 40CW  30-Nov-25 08:11 0718  WT3Q           599  599  05                     3   7002.7
 40CW  30-Nov-25 08:13 0719  W2YC           599  599  05                     3   7005.4
 40CW  30-Nov-25 08:14 0720  G4DBW          599  599  14                     1   7006.4
 40CW  30-Nov-25 08:14 0721  ED1R           599  599  14                     1   7007.7
 40CW  30-Nov-25 08:15 0722  SK6EI          599  599  14                     1   7008.9
 40CW  30-Nov-25 08:16 0723  ED9U           599  599  33            EA9      3   7010.7
 40CW  30-Nov-25 08:17 0724  WX0B           599  599  04                     3   7011.1
 40CW  30-Nov-25 08:18 0725  F4BIT          599  599  14                     1   7011.6
 40CW  30-Nov-25 08:19 0726  NN4N           599  599  05                     3   7013.2
 40CW  30-Nov-25 08:19 0727  OM4Q           599  599  15                     1   7013.5
 40CW  30-Nov-25 08:20 0728  ED8X           599  599  33                     3   7014.0
 40CW  30-Nov-25 08:21 0729  HA8IH          599  599  15                     1   7014.4
 40CW  30-Nov-25 08:22 0730  OZ3SM          599  599  14                     1   7014.8
 40CW  30-Nov-25 08:22 0731  SP3MEP         599  599  15                     1   7016.2
 40CW  30-Nov-25 08:23 0732  OE5TXF         599  599  15                     1   7016.7
 40CW  30-Nov-25 08:24 0733  OM6TU          599  599  15                     1   7017.4
 40CW  30-Nov-25 08:25 0734  LY1M           599  599  15                     1   7018.9
 40CW  30-Nov-25 08:26 0735  IK2HKT         599  599  15                     1   7019.2
 40CW  30-Nov-25 08:26 0736  9A4V           599  599  15                     1   7019.7
 40CW  30-Nov-25 08:28 0737  EW4KA          599  599  16            EU       1   7005.1
 10CW  30-Nov-25 08:29 0738  RT6A           599  599  16                     1  28013.0
 10CW  30-Nov-25 08:29 0739  UA3QGT         599  599  16                     1  28014.6
 10CW  30-Nov-25 08:30 0740  RL3A           599  599  16                     1  28014.9
 10CW  30-Nov-25 08:31 0741  UA4M           599  599  16                     1  28016.0
 10CW  30-Nov-25 08:32 0742  ZS1C           599  599  38            ZS   38  3  28018.9
 10CW  30-Nov-25 08:35 0743  EK8A           599  599  21            EK       3  28021.2
 10CW  30-Nov-25 08:37 0744  UA0SR          599  599  18                     3  28022.0
 10CW  30-Nov-25 08:38 0745  BY7KP          599  599  24                     3  28022.6
 10CW  30-Nov-25 08:39 0746  R7LV           599  599  16                     1  28024.2
 10CW  30-Nov-25 08:42 0747  VL4A           599  599  30                 30  3  28023.6
 10CW  30-Nov-25 08:47 0748  R9IR           599  599  18                     3  28032.4
 10CW  30-Nov-25 08:49 0749  3B9KW          599  599  39            3B9      3  28036.5
 10CW  30-Nov-25 08:50 0750  BA3OM          599  599  24                     3  28037.5
 10CW  30-Nov-25 08:53 0751  R3MAI          599  599  16                     1  28046.2
 10CW  30-Nov-25 08:54 0752  CR6K           599  599  14            CT       1  28047.4
 10CW  30-Nov-25 08:55 0753  RZ1OK          599  599  16                     1  28053.0
 10CW  30-Nov-25 08:56 0754  VR2GP          599  599  24            VR       3  28053.6
 10CW  30-Nov-25 08:58 0755  RT8O           599  599  18                     3  28054.0
 10CW  30-Nov-25 08:59 0756  R4KB           599  599  16                     1  28054.4
 10CW  30-Nov-25 09:01 0757  BA7MT          599  599  24                     3  28056.2
 10CW  30-Nov-25 09:13 0758  R9DX           599  599  17                     3  28064.2
 10CW  30-Nov-25 09:18 0759  BG0DLA         599  599  23                 23  3  28066.6
 10CW  30-Nov-25 09:18 0760  UN8PT          599  599  17                     3  28067.0
 10CW  30-Nov-25 09:18 0761  UA1OMS         599  599  16                     1  28067.8
 10CW  30-Nov-25 09:19 0762  RA9Y           599  599  18                     3  28069.0
 10CW  30-Nov-25 09:21 0763  PA4WM          599  599  14                     1  28072.4
 10CW  30-Nov-25 09:21 0764  BA7LOK         599  599  24                     3  28073.1
 10CW  30-Nov-25 09:22 0765  VR2TA          599  599  24                     3  28078.7
 10CW  30-Nov-25 09:24 0766  HA5UA          599  599  15                     1  28086.0
 10CW  30-Nov-25 09:25 0767  AH2R           599  599  27            KH2  27  3  28086.3
 10CW  30-Nov-25 09:30 0768  ZD7VI          599  599  36            ZD7      3  28087.9
 20CW  30-Nov-25 09:40 0769  CQ9A           599  599  33                     3  14068.0
 20CW  30-Nov-25 09:41 0770  LX7I           599  599  14            LX       1  14066.2
 20CW  30-Nov-25 09:42 0771  8P5A           599  599  08            8P       3  14063.2
 20CW  30-Nov-25 09:43 0772  EF3T           599  599  14                     1  14062.4
 20CW  30-Nov-25 09:45 0773  OH0Z           599  599  15            OH0      1  14059.1
 20CW  30-Nov-25 09:45 0774  PJ5C           599  599  08            PJ5      3  14058.8
 20CW  30-Nov-25 09:47 0775  VK6T           599  599  29            VK   29  3  14057.9
 20CW  30-Nov-25 09:48 0776  HG0R           599  599  15                     1  14057.4
 20CW  30-Nov-25 09:48 0777  MM9I           599  599  14            GM       1  14056.9
 20CW  30-Nov-25 09:50 0778  S53R           599  599  15                     1  14056.7
 20CW  30-Nov-25 09:51 0779  IB3N           599  599  15                     1  14055.0
 20CW  30-Nov-25 09:52 0780  EB7KA          599  599  14                     1  14053.0
 20CW  30-Nov-25 09:53 0781  IP2A           599  599  15                     1  14049.6
 20CW  30-Nov-25 09:54 0782  GM2V           599  599  14                     1  14048.7
 20CW  30-Nov-25 09:55 0783  JF1NHD         599  599  25            JA   25  3  14048.3
 20CW  30-Nov-25 09:55 0784  OF9X           599  599  15                     1  14047.9
 20CW  30-Nov-25 09:56 0785  SM2U           599  599  14                     1  14047.4
 20CW  30-Nov-25 09:56 0786  CN3A           599  599  33            CN       3  14039.6
 20CW  30-Nov-25 10:30 0787  PJ2T           599  599  09            PJ2      3  14035.3
 20CW  30-Nov-25 10:31 0788  YL2SM          599  599  15            YL       1  14035.0
 20CW  30-Nov-25 10:32 0789  EF6T           599  599  14            EA6      1  14030.4
 20CW  30-Nov-25 10:32 0790  R2FK           599  599  15            UA2      1  14030.1
 20CW  30-Nov-25 10:33 0791  II1X           599  599  15                     1  14028.5
 20CW  30-Nov-25 10:33 0792  P40L           599  599  09            P4       3  14027.7
 20CW  30-Nov-25 10:34 0793  VY2TT          599  599  05                     3  14025.9
 20CW  30-Nov-25 10:39 0794  VK9DX          599  599  32            VK9N 32  3  14021.5
 20CW  30-Nov-25 10:48 0795  4L9M           599  599  21            4L   21  3  14007.9
 20CW  30-Nov-25 10:50 0796  4O3A           599  599  15            4O       1  14004.5
 20CW  30-Nov-25 10:51 0797  LY5W           599  599  15                     1  14000.7
 20CW  30-Nov-25 10:51 0798  YU1A           599  599  15                     1  14001.0
 20CW  30-Nov-25 10:52 0799  SP7IIT         599  599  15                     1  14001.5
 20CW  30-Nov-25 10:54 0800  R7CA           599  599  16                     1  14003.0
 20CW  30-Nov-25 10:54 0801  OL3R           599  599  15                     1  14003.2
 20CW  30-Nov-25 10:56 0802  YL73R          599  599  15                     1  14006.0
 20CW  30-Nov-25 10:56 0803  SP5NZF         599  599  15                     1  14006.2
 20CW  30-Nov-25 10:58 0804  HB9TOC         599  599  14                     1  14006.5
 20CW  30-Nov-25 10:59 0805  IK1JJM         599  599  15                     1  14007.0
 20CW  30-Nov-25 11:02 0806  EC6AAE         599  599  14                     1  14007.5
 20CW  30-Nov-25 11:03 0807  YT9X           599  599  15                     1  14009.5
 20CW  30-Nov-25 11:04 0808  HA3DX          599  599  15                     1  14009.9
 20CW  30-Nov-25 11:04 0809  SP9GFI         599  599  15                     1  14010.3
 20CW  30-Nov-25 11:04 0810  SV1ME          599  599  20                     1  14011.2
 20CW  30-Nov-25 11:05 0811  9A7A           599  599  15                     1  14011.5
 20CW  30-Nov-25 11:05 0812  LZ4R           599  599  20                     1  14012.0
 20CW  30-Nov-25 11:06 0813  HA2PP          599  599  15                     1  14012.8
 20CW  30-Nov-25 11:06 0814  B1Z            599  599  24                     3  14013.2
 20CW  30-Nov-25 11:10 0815  MM2T           599  599  14                     1  14016.6
 20CW  30-Nov-25 11:12 0816  N2NT           599  599  05                     3  14018.3
 20CW  30-Nov-25 11:16 0817  IB9R           599  599  15                     1  14021.0
 20CW  30-Nov-25 11:17 0818  R3MAI          599  599  16                     1  14023.3
 20CW  30-Nov-25 11:18 0819  I3FIY          599  599  15                     1  14023.5
 20CW  30-Nov-25 11:18 0820  EA5O           599  599  14                     1  14024.7
 20CW  30-Nov-25 11:19 0821  SV4FFL         599  599  20                     1  14025.0
 20CW  30-Nov-25 11:19 0822  K1RX           599  599  05                     3  14025.3
 20CW  30-Nov-25 11:20 0823  UA9MA          599  599  17                     3  14026.0
 20CW  30-Nov-25 11:20 0824  9A1A           599  599  15                     1  14026.9
 20CW  30-Nov-25 11:20 0825  S56A           599  599  15                     1  14027.1
 20CW  30-Nov-25 11:22 0826  GW5P           599  599  14            GW       1  14027.6
 20CW  30-Nov-25 11:23 0827  MI5I           599  599  14                     1  14027.9
 20CW  30-Nov-25 11:24 0828  UN3J           599  599  17                     3  14028.2
 20CW  30-Nov-25 11:25 0829  EA6EJ          599  599  14                     1  14028.9
 20CW  30-Nov-25 11:26 0830  K9RS           599  599  05                     3  14029.3
 20CW  30-Nov-25 11:26 0831  TM1T           599  599  14                     1  14029.6
 20CW  30-Nov-25 11:26 0832  PJ4A           599  599  09                     3  14030.6
 20CW  30-Nov-25 11:28 0833  YR8R           599  599  20                     1  14031.9
 20CW  30-Nov-25 11:30 0834  RK4FD          599  599  16                     1  14032.2
 20CW  30-Nov-25 11:31 0835  W4NF           599  599  05                     3  14033.0
 20CW  30-Nov-25 11:35 0836  OK2QA          599  599  15                     1  14033.6
 20CW  30-Nov-25 11:35 0837  OM5DX          599  599  15                     1  14034.0
 20CW  30-Nov-25 11:36 0838  LC2W           599  599  14                     1  14035.3
 20CW  30-Nov-25 11:36 0839  N2MM           599  599  05                     3  14035.5
 20CW  30-Nov-25 11:38 0840  OK5Z           599  599  15                     1  14036.8
 20CW  30-Nov-25 11:39 0841  IO4M           599  599  15                     1  14037.1
 20CW  30-Nov-25 11:47 0842  SQ8LUU         599  599  15                     1  14038.2
 20CW  30-Nov-25 11:47 0843  ZF1A           599  599  08                     3  14038.6
 20CW  30-Nov-25 11:47 0844  LZ9W           599  599  20                     1  14038.8
 20CW  30-Nov-25 11:49 0845  W2XL           599  599  05                     3  14039.2
 20CW  30-Nov-25 11:50 0846  IK5OJB         599  599  15                     1  14040.7
 20CW  30-Nov-25 11:50 0847  YU5M           599  599  15                     1  14041.1
 20CW  30-Nov-25 11:51 0848  LY7T           599  599  15                     1  14041.4
 20CW  30-Nov-25 11:52 0849  OK7K           599  599  15                     1  14042.1
 20CW  30-Nov-25 11:52 0850  OK7O           599  599  15                     1  14042.4
 20CW  30-Nov-25 11:54 0851  OT2A           599  599  14                     1  14045.3
 20CW  30-Nov-25 11:55 0852  K5ZD           599  599  04                     3  14047.5
 20CW  30-Nov-25 11:57 0853  ED8X           599  599  33                     3  14048.4
 20CW  30-Nov-25 11:58 0854  EA4KD          599  599  14                     1  14050.8
 20CW  30-Nov-25 11:59 0855  YT6T           599  599  15                     1  14053.0
 20CW  30-Nov-25 11:59 0856  K3WU           599  599  05                     3  14053.4
 20CW  30-Nov-25 12:00 0857  IO6R           599  599  15                     1  14053.7
 20CW  30-Nov-25 12:00 0858  9A2CT          599  599  15                     1  14054.9
 20CW  30-Nov-25 12:01 0859  VE3JM          599  599  04                     3  14055.5
 20CW  30-Nov-25 12:02 0860  N4AF           599  599  05                     3  14055.8
 20CW  30-Nov-25 12:02 0861  GU4CHY         599  599  14            GU       1  14056.3
 20CW  30-Nov-25 12:02 0862  OH3FM          599  599  15                     1  14057.1
 20CW  30-Nov-25 12:03 0863  G6XX           599  599  14                     1  14057.9
 20CW  30-Nov-25 12:04 0864  3Z1K           599  599  15                     1  14058.6
 20CW  30-Nov-25 12:05 0865  CR3B           599  599  33                     3  14059.2
 20CW  30-Nov-25 12:05 0866  OQ5M           599  599  14                     1  14059.9
 20CW  30-Nov-25 12:14 0867  N3AD           599  599  05                     3  14060.4
 20CW  30-Nov-25 12:26 0868  K5KG           599  599  05                     3  14064.1
 20CW  30-Nov-25 12:27 0869  KU2C           599  599  05                     3  14066.5
 20CW  30-Nov-25 12:27 0870  E7CW           599  599  15                     1  14067.0
 20CW  30-Nov-25 12:28 0871  OK2HBR         599  599  15                     1  14070.8
 20CW  30-Nov-25 12:30 0872  OK1DEZ         599  599  15                     1  14072.5
 20CW  30-Nov-25 12:32 0873  YO/LZ4UU       599  599  20                     1  14083.5
 20CW  30-Nov-25 12:33 0874  LY4L           599  599  15                     1  14085.7
 20CW  30-Nov-25 12:33 0875  WF4DX          599  599  05                     3  14086.3
 20CW  30-Nov-25 12:34 0876  OM7LW          599  599  15                     1  14087.8
 20CW  30-Nov-25 12:34 0877  GJ2A           599  599  14            GJ       1  14089.9
 20CW  30-Nov-25 12:35 0878  SP4Z           599  599  15                     1  14092.0
 20CW  30-Nov-25 12:35 0879  LY4T           599  599  15                     1  14093.0
 20CW  30-Nov-25 12:36 0880  ON8GA          599  599  14                     1  14093.6
 20CW  30-Nov-25 12:36 0881  OL3M           599  599  15                     1  14095.0
 20CW  30-Nov-25 12:37 0882  G0SYP          599  599  14                     1  14096.5
 20CW  30-Nov-25 12:38 0883  3W9A           599  599  26            3W   26  3  14098.0
 20CW  30-Nov-25 12:39 0884  K3PH           599  599  05                     3  14099.0
 20CW  30-Nov-25 12:41 0885  BG0DLA         599  599  23                 23  3  14066.1
 20CW  30-Nov-25 12:43 0886  CE0Y           599  599  12            CE0Y 12  3  14061.3
 20CW  30-Nov-25 12:44 0887  9A2X           599  599  15                     1  14044.7
 20CW  30-Nov-25 12:52 0888  LY2PX          599  599  15                     1  14035.5
 15CW  30-Nov-25 12:55 0889  VE3WUE         599  599  04                     3  21000.5
 15CW  30-Nov-25 12:55 0890  ND3T           599  599  05                     3  21000.9
 15CW  30-Nov-25 12:56 0891  YL5T           599  599  15                     1  21001.8
 15CW  30-Nov-25 12:56 0892  P3CR           599  599  20                     3  21002.2
 15CW  30-Nov-25 12:56 0893  W4RM           599  599  05                     3  21003.0
 15CW  30-Nov-25 12:57 0894  EA5KM          599  599  14                     1  21003.2
 15CW  30-Nov-25 12:57 0895  S50K           599  599  15                     1  21004.4
 15CW  30-Nov-25 12:58 0896  ZF5T           599  599  08            ZF       3  21004.7
 15CW  30-Nov-25 12:59 0897  OH5Z           599  599  15                     1  21005.4
 15CW  30-Nov-25 13:00 0898  NR4M           599  599  05                     3  21005.8
 15CW  30-Nov-25 13:01 0899  ZF1A           599  599  08                     3  21006.5
 15CW  30-Nov-25 13:04 0900  AB3CX          599  599  05                     3  21007.7
 15CW  30-Nov-25 13:06 0901  W4PM           599  599  05                     3  21008.0
 15CW  30-Nov-25 13:06 0902  W2FU           599  599  05                     3  21008.3
 15CW  30-Nov-25 13:07 0903  SN2B           599  599  15                     1  21008.7
 15CW  30-Nov-25 13:08 0904  WG3J           599  599  05                     3  21009.1
 15CW  30-Nov-25 13:08 0905  RW4W           599  599  16                     1  21009.9
 15CW  30-Nov-25 13:09 0906  M2G            599  599  14                     1  21010.5
 15CW  30-Nov-25 13:10 0907  ED7O           599  599  14                     1  21010.8
 15CW  30-Nov-25 13:10 0908  K1RX           599  599  05                     3  21011.2
 15CW  30-Nov-25 13:11 0909  EC6AAE         599  599  14                     1  21011.6
 15CW  30-Nov-25 13:12 0910  EF6B           599  599  14                     1  21013.3
 15CW  30-Nov-25 13:14 0911  KQ4R           599  599  05                     3  21014.4
 15CW  30-Nov-25 13:14 0912  LZ5R           599  599  20                     1  21014.8
 15CW  30-Nov-25 13:16 0913  UA1ZZ          599  599  16                     1  21015.2
 15CW  30-Nov-25 13:16 0914  N3RS           599  599  05                     3  21015.9
 15CW  30-Nov-25 13:18 0915  TA2DA          599  599  20            TA       3  21016.5
 15CW  30-Nov-25 13:18 0916  IP8R           599  599  15                     1  21017.1
 15CW  30-Nov-25 13:21 0917  9A4M           599  599  15                     1  21018.0
 15CW  30-Nov-25 13:22 0918  PJ4K           599  599  09            PJ4      3  21018.3
 15CW  30-Nov-25 13:24 0919  ZA1EM          599  599  15            ZA       1  21018.8
 15CW  30-Nov-25 13:25 0920  W3RJ           599  599  05                     3  21019.2
 15CW  30-Nov-25 13:26 0921  F6ARC          599  599  14                     1  21020.7
 15CW  30-Nov-25 13:27 0922  HB9TOC         599  599  14                     1  21021.0
 15CW  30-Nov-25 13:27 0923  PJ2T           599  599  09            PJ2      3  21021.4
 15CW  30-Nov-25 13:28 0924  W8FJ           599  599  05                     3  21022.1
 15CW  30-Nov-25 13:28 0925  K5GN           599  599  04                     3  21022.4
 15CW  30-Nov-25 13:29 0926  K1BX           599  599  05                     3  21022.7
 15CW  30-Nov-25 13:30 0927  9A1A           599  599  15                     1  21023.1
 15CW  30-Nov-25 13:30 0928  K3WW           599  599  05                     3  21024.2
 15CW  30-Nov-25 13:31 0929  NN4N           599  599  05                     3  21025.5
 15CW  30-Nov-25 13:31 0930  YL2BJ          599  599  15                     1  21025.7
 15CW  30-Nov-25 13:32 0931  IO4M           599  599  15                     1  21026.0
 15CW  30-Nov-25 13:32 0932  II9P           599  599  15                     1  21026.7
 15CW  30-Nov-25 13:33 0933  ES9C           599  599  15            ES       1  21027.1
 15CW  30-Nov-25 13:34 0934  HA5JI          599  599  15                     1  21027.7
 15CW  30-Nov-25 13:37 0935  YV4ABR         599  599  09            YV       3  21029.2
 15CW  30-Nov-25 13:41 0936  F5IN           599  599  14                     1  21029.4
 15CW  30-Nov-25 13:42 0937  EA4JI          599  599  14                     1  21030.3
 15CW  30-Nov-25 13:44 0938  TM2Y           599  599  14                     1  21031.2
 15CW  30-Nov-25 13:45 0939  NB1N           599  599  05                     3  21032.0
 15CW  30-Nov-25 13:46 0940  N2AA           599  599  05                     3  21032.3
 15CW  30-Nov-25 13:57 0941  E7Y            599  599  15            E7       1  21034.5
 15CW  30-Nov-25 13:58 0942  YU9DX          599  599  15                     1  21034.8
 15CW  30-Nov-25 13:58 0943  SK3W           599  599  14                     1  21035.6
 15CW  30-Nov-25 14:01 0944  CR3W           599  599  33                     3  21041.2
 20CW  30-Nov-25 19:50 0945  N3RS           599  599  05                     3  14052.7
 20CW  30-Nov-25 19:50 0946  NN7CW          599  599  05                     3  14053.5
 20CW  30-Nov-25 19:54 0947  CR3A           599  599  33                     3  14007.5
 40CW  30-Nov-25 20:02 0948  LZ5R           599  599  20                     1   7001.2
 40CW  30-Nov-25 20:02 0949  UY2UA          599  599  16                     1   7001.7
 40CW  30-Nov-25 20:03 0950  9A4M           599  599  15                     1   7002.3
 40CW  30-Nov-25 20:04 0951  K3WW           599  599  05                     3   7003.7
 40CW  30-Nov-25 20:08 0952  S52AW          599  599  15                     1   7007.5
 40CW  30-Nov-25 20:08 0953  IK3SSO         599  599  15                     1   7008.6
 40CW  30-Nov-25 20:13 0954  LZ1ZF          599  599  20                     1   7010.6
 40CW  30-Nov-25 20:14 0955  EA6EJ          599  599  14            EA6      1   7011.3
 40CW  30-Nov-25 20:14 0956  SZ1A           599  599  20                     1   7012.6
 40CW  30-Nov-25 20:14 0957  9A1P           599  599  15                     1   7013.8
 40CW  30-Nov-25 20:15 0958  HA3DX          599  599  15                     1   7014.3
 40CW  30-Nov-25 20:16 0959  UR7MZ          599  599  16                     1   7014.9
 40CW  30-Nov-25 20:18 0960  E7DX           599  599  15                     1   7021.3
 40CW  30-Nov-25 20:19 0961  RT6A           599  599  16                     1   7021.8
 40CW  30-Nov-25 20:19 0962  EA1X           599  599  14                     1   7022.2
 40CW  30-Nov-25 20:20 0963  IU8RIA         599  599  15                     1   7024.5
 40CW  30-Nov-25 20:21 0964  IZ8EFD         599  599  15                     1   7025.4
 40CW  30-Nov-25 20:21 0965  S53M           599  599  15                     1   7026.5
 40CW  30-Nov-25 20:22 0966  YP3X           599  599  20                     1   7028.6
 40CW  30-Nov-25 20:23 0967  OK7O           599  599  15                     1   7029.1
 40CW  30-Nov-25 20:24 0968  S58M           599  599  15                     1   7029.6
 40CW  30-Nov-25 20:25 0969  P3X            599  599  20                     3   7030.4
 40CW  30-Nov-25 20:25 0970  9A1A           599  599  15                     1   7032.4
 40CW  30-Nov-25 20:26 0971  E2A            599  599  26                     3   7033.0
 40CW  30-Nov-25 20:27 0972  VK6T           599  599  29            VK   29  3   7033.6
 40CW  30-Nov-25 20:28 0973  EK8A           599  599  21            EK       3   7034.4
 40CW  30-Nov-25 20:31 0974  IO4X           599  599  15                     1   7037.6
 40CW  30-Nov-25 20:32 0975  4O3A           599  599  15            4O       1   7039.1
 40CW  30-Nov-25 20:33 0976  P3AA           599  599  20                     3   7039.5
 40CW  30-Nov-25 20:34 0977  OK5Z           599  599  15                     1   7039.7
 40CW  30-Nov-25 20:38 0978  EA3AR          599  599  14                     1   7045.1
 40CW  30-Nov-25 20:38 0979  9A2L           599  599  15                     1   7045.5
 40CW  30-Nov-25 20:38 0980  A71WW          599  599  21            A7       3   7046.3
 40CW  30-Nov-25 20:39 0981  RA5G           599  599  16                     1   7047.3
 40CW  30-Nov-25 20:40 0982  4Z5LY          599  599  20            4X       3   7049.6
 40CW  30-Nov-25 20:41 0983  OM7LM          599  599  15                     1   7051.4
 40CW  30-Nov-25 20:42 0984  Z32U           599  599  15                     1   7051.9
 40CW  30-Nov-25 20:46 0985  9H6A           599  599  15            9H       1   7054.8
 40CW  30-Nov-25 20:49 0986  RA9Y           599  599  18                     3   7057.4
 40CW  30-Nov-25 20:50 0987  SX0W           599  599  20                     1   7059.0
 40CW  30-Nov-25 20:51 0988  UZ3U           599  599  16                     1   7060.4
 40CW  30-Nov-25 20:52 0989  T70A           599  599  15            T7       1   7061.0
 40CW  30-Nov-25 20:56 0990  EA2W           599  599  14                     1   7063.8
 40CW  30-Nov-25 20:58 0991  K2AX           599  599  05                     3   7065.8
 40CW  30-Nov-25 20:58 0992  OY1CT          599  599  14            OY       1   7066.5
 40CW  30-Nov-25 20:59 0993  YU1Q           599  599  15                     1   7071.7
 40CW  30-Nov-25 21:03 0994  OE6Z           599  599  15                     1   7082.1
 40CW  30-Nov-25 21:05 0995  UZ7E           599  599  16                     1   7058.7
 40CW  30-Nov-25 21:06 0996  RL3A           599  599  16                     1   7058.7
 80CW  30-Nov-25 21:09 0997  S53M           599  599  15                     1   3502.3
 80CW  30-Nov-25 21:09 0998  YL73R          599  599  15                     1   3503.7
 80CW  30-Nov-25 21:11 0999  HB9DCM         599  599  14                     1   3505.0
 80CW  30-Nov-25 21:11 1000  LZ5R           599  599  20                     1   3505.4
 80CW  30-Nov-25 21:12 1001  SN3U           599  599  15                     1   3506.4
 80CW  30-Nov-25 21:14 1002  SZ1A           599  599  20            SV       1   3506.7
 80CW  30-Nov-25 21:15 1003  9A5M           599  599  15                     1   3509.3
 80CW  30-Nov-25 21:17 1004  RM9A           599  599  17            UA9      3   3510.0
 80CW  30-Nov-25 21:18 1005  SK0QO          599  599  14                     1   3510.9
 80CW  30-Nov-25 21:20 1006  HA8AR          599  599  15                     1   3512.0
 80CW  30-Nov-25 21:24 1007  4O3A           599  599  15            4O       1   3512.2
 80CW  30-Nov-25 21:25 1008  OK1CO          599  599  15                     1   3513.2
 80CW  30-Nov-25 21:27 1009  M4T            599  599  14                     1   3513.4
 80CW  30-Nov-25 21:28 1010  SQ1EUG         599  599  15                     1   3514.0
 80CW  30-Nov-25 21:28 1011  S57AJ          599  599  15                     1   3514.4
 80CW  30-Nov-25 21:29 1012  OM4Q           599  599  15                     1   3514.8
 80CW  30-Nov-25 21:30 1013  SP4Z           599  599  15                     1   3516.8
 80CW  30-Nov-25 21:31 1014  HB9AGA         599  599  14                     1   3517.2
 80CW  30-Nov-25 21:32 1015  R5WW           599  599  16                     1   3518.5
 80CW  30-Nov-25 21:32 1016  OR7G           599  599  14                     1   3519.1
 80CW  30-Nov-25 21:33 1017  SN2B           599  599  15                     1   3520.7
 80CW  30-Nov-25 21:36 1018  RT6A           599  599  16                     1   3522.7
 80CW  30-Nov-25 21:36 1019  OE5TXF         599  599  15                     1   3523.2
 80CW  30-Nov-25 21:38 1020  I5MXX          599  599  15                     1   3523.6
 80CW  30-Nov-25 21:39 1021  TM5T           599  599  14                     1   3524.1
 80CW  30-Nov-25 21:40 1022  GE5E           599  599  14                     1   3524.7
 80CW  30-Nov-25 21:40 1023  HA1TJ          599  599  15                     1   3525.2
 80CW  30-Nov-25 21:41 1024  IP3U           599  599  15                     1   3526.9
 80CW  30-Nov-25 21:41 1025  F8DFP          599  599  14                     1   3527.2
 80CW  30-Nov-25 21:42 1026  OL5Y           599  599  15                     1   3527.5
 80CW  30-Nov-25 21:43 1027  YR7A           599  599  20                     1   3528.3
 80CW  30-Nov-25 21:43 1028  YU5R           599  599  15                     1   3528.7
 80CW  30-Nov-25 21:43 1029  SP8R           599  599  15                     1   3529.0
 80CW  30-Nov-25 21:45 1030  HB9CPS         599  599  14                     1   3530.0
 80CW  30-Nov-25 21:46 1031  UR7UD          599  599  16                     1   3530.7
 80CW  30-Nov-25 21:48 1032  OM8AQ          599  599  15                     1   3531.4
 80CW  30-Nov-25 21:49 1033  SO7NA          599  599  15                     1   3531.8
 80CW  30-Nov-25 21:50 1034  9A1P           599  599  15                     1   3533.0
 80CW  30-Nov-25 21:50 1035  SP2ASJ         599  599  15                     1   3533.5
 80CW  30-Nov-25 21:51 1036  RU1A           599  599  16                     1   3534.0
 80CW  30-Nov-25 21:51 1037  UY2UZ          599  599  16                     1   3534.4
 80CW  30-Nov-25 21:52 1038  OE3A           599  599  15                     1   3534.9
 80CW  30-Nov-25 21:53 1039  HA7NK          599  599  15                     1   3536.5
 80CW  30-Nov-25 21:53 1040  F5NZY          599  599  14                     1   3537.5
 80CW  30-Nov-25 21:54 1041  OM7M           599  599  15                     1   3537.9
 80CW  30-Nov-25 21:54 1042  S52F           599  599  15                     1   3538.7
 80CW  30-Nov-25 21:56 1043  HG1R           599  599  15                     1   3540.2
 80CW  30-Nov-25 21:57 1044  OK7T           599  599  15                     1   3540.5
 80CW  30-Nov-25 21:58 1045  IP8R           599  599  15                     1   3542.1
 80CW  30-Nov-25 21:59 1046  EA1X           599  599  14                     1   3545.1
 80CW  30-Nov-25 22:00 1047  IB9R           599  599  15            IT9      1   3545.8
 80CW  30-Nov-25 22:00 1048  E79D           599  599  15            E7       1   3546.5
 80CW  30-Nov-25 22:01 1049  YO3FRI         599  599  20                     1   3547.0
 80CW  30-Nov-25 22:01 1050  M0RYB          599  599  14                     1   3548.2
 80CW  30-Nov-25 22:02 1051  YO3GEK         599  599  20                     1   3548.5
 80CW  30-Nov-25 22:03 1052  9A7RR          599  599  15                     1   3549.7
 80CW  30-Nov-25 22:03 1053  HA3HO          599  599  15                     1   3550.1
 80CW  30-Nov-25 22:06 1054  F4FFH          599  599  14                     1   3552.4
 80CW  30-Nov-25 22:06 1055  PA2KW          599  599  14                     1   3553.1
 80CW  30-Nov-25 22:07 1056  S54A           599  599  15                     1   3553.8
 80CW  30-Nov-25 22:07 1057  OL4W           599  599  15                     1   3554.4
 80CW  30-Nov-25 22:10 1058  EI7M           599  599  14                     1   3556.1
 80CW  30-Nov-25 22:12 1059  TM8F           599  599  14                     1   3558.3
 80CW  30-Nov-25 22:12 1060  ON8GA          599  599  14                     1   3558.9
 80CW  30-Nov-25 22:13 1061  M6N            599  599  14                     1   3559.3
 80CW  30-Nov-25 22:13 1062  HG1G           599  599  15                     1   3559.7
 80CW  30-Nov-25 22:13 1063  G9F            599  599  14                     1   3560.5
 80CW  30-Nov-25 22:14 1064  IO4X           599  599  15                     1   3563.0
 80CW  30-Nov-25 22:16 1065  4Z5PN          599  599  20            4X       3   3565.1
 80CW  30-Nov-25 22:17 1066  LY4L           599  599  15                     1   3566.5
 80CW  30-Nov-25 22:17 1067  RA9Y           599  599  18                 18  3   3568.6
 80CW  30-Nov-25 22:18 1068  OK2MBP         599  599  15                     1   3569.4
 80CW  30-Nov-25 22:18 1069  EF8R           599  599  33            EA8      3   3554.8
 80CW  30-Nov-25 22:19 1070  OK7O           599  599  15                     1   3555.3
 80CW  30-Nov-25 22:21 1071  ER3UA          599  599  16            ER       1   3542.6
 80CW  30-Nov-25 22:25 1072  GW0FRE         599  599  14            GW       1   3513.3
 80CW  30-Nov-25 22:26 1073  EA5KM          599  599  14                     1   3516.5
 80CW  30-Nov-25 22:29 1074  YO5AVN         599  599  20                     1   3530.4
 80CW  30-Nov-25 22:29 1075  OH2PM          599  599  15                     1   3530.4
 80CW  30-Nov-25 22:30 1076  SN7O           599  599  15                     1   3530.4
 80CW  30-Nov-25 22:30 1077  OK1PI          599  599  15                     1   3530.4
 80CW  30-Nov-25 22:30 1078  G6A            599  599  14                     1   3530.4
 80CW  30-Nov-25 22:30 1079  S52WD          599  599  15                     1   3530.4
 80CW  30-Nov-25 22:31 1080  R8TT           599  599  16                     3   3530.4
 80CW  30-Nov-25 22:31 1081  HG5T           599  599  15                     1   3530.4
160CW  30-Nov-25 22:35 1082  E73T           599  599  15            E7       1   1817.2
160CW  30-Nov-25 22:36 1083  OK1AGE         599  599  15                     1   1819.2
160CW  30-Nov-25 22:38 1084  LY7K           599  599  15                     1   1822.5
160CW  30-Nov-25 22:39 1085  HA8TKS         599  599  15                     1   1823.0
160CW  30-Nov-25 22:45 1086  OT7T           599  599  14                     1   1828.8
160CW  30-Nov-25 22:50 1087  SK3W           599  599  14                     1   1832.5
160CW  30-Nov-25 22:50 1088  EF6T           599  599  14            EA6      1   1834.3
160CW  30-Nov-25 22:52 1089  OM6AL          599  599  15            OM       1   1839.3
160CW  30-Nov-25 22:53 1090  OZ5E           599  599  14                     1   1843.2
160CW  30-Nov-25 22:54 1091  9A2L           599  599  15                     1   1840.9
160CW  30-Nov-25 23:01 1092  M4E            599  599  14                     1   1825.6
160CW  30-Nov-25 23:03 1093  MM9I           599  599  14            GM       1   1830.5
 80CW  30-Nov-25 23:05 1094  IP2A           599  599  15                     1   3502.6
 80CW  30-Nov-25 23:05 1095  OK5WA          599  599  15                     1   3506.0
 80CW  30-Nov-25 23:06 1096  F6KOP          599  599  14                     1   3506.4
 80CW  30-Nov-25 23:06 1097  G4FNL          599  599  14                     1   3506.9
 80CW  30-Nov-25 23:09 1098  OK4YL          599  599  15                     1   3509.1
 80CW  30-Nov-25 23:10 1099  EM5K           599  599  16                     1   3511.4
 80CW  30-Nov-25 23:11 1100  OK2J           599  599  15                     1   3511.7
 80CW  30-Nov-25 23:13 1101  RM4F           599  599  16                     1   3517.4
 80CW  30-Nov-25 23:14 1102  HB9AWS         599  599  14                     1   3519.2
 80CW  30-Nov-25 23:15 1103  9A4M           599  599  15                     1   3520.0
 40CW  30-Nov-25 23:19 1104  IP2A           599  599  15                     1   7029.4
 40CW  30-Nov-25 23:20 1105  II1X           599  599  15                     1   7026.2
 40CW  30-Nov-25 23:20 1106  IO4M           599  599  15                     1   7025.7
 40CW  30-Nov-25 23:21 1107  II9P           599  599  15            IT9      1   7023.8
 40CW  30-Nov-25 23:22 1108  UX1VX          599  599  16                     1   7021.8
 40CW  30-Nov-25 23:23 1109  OL3Z           599  599  15                     1   7019.0
 40CW  30-Nov-25 23:26 1110  P40L           599  599  09            P4       3   7000.9
 40CW  30-Nov-25 23:28 1111  II2Q           599  599  15                     1   7026.8
 40CW  30-Nov-25 23:29 1112  LX7I           599  599  14            LX       1   7026.0
 40CW  30-Nov-25 23:35 1113  HA8A           599  599  15                     1   7043.9
 40CW  30-Nov-25 23:36 1114  N2AA           599  599  05                     3   7046.4
 40CW  30-Nov-25 23:37 1115  UT2II          599  599  16                     1   7050.2
 40CW  30-Nov-25 23:41 1116  E7CW           599  599  15                     1   7054.1
 40CW  30-Nov-25 23:41 1117  UW5Y           599  599  16                     1   7056.0
 40CW  30-Nov-25 23:42 1118  YU7KW          599  599  15                     1   7057.5
 40CW  30-Nov-25 23:43 1119  KU2M           599  599  05                     3   7058.3
 40CW  30-Nov-25 23:45 1120  S58N           599  599  15                     1   7059.5
 40CW  30-Nov-25 23:46 1121  OH7K           599  599  15                     1   7062.3
 40CW  30-Nov-25 23:48 1122  VE3JM          599  599  04                     3   7063.5
 40CW  30-Nov-25 23:48 1123  HG6N           599  599  15                     1   7064.2
 40CW  30-Nov-25 23:53 1124  UX5UN          599  599  16                     1   7073.0
 40CW  30-Nov-25 23:53 1125  UP4L           599  599  17                     3   7077.4
 40CW  30-Nov-25 23:54 1126  YT5W           599  599  15                     1   7078.1
 40CW  30-Nov-25 23:54 1127  NP3A           599  599  08            KP4      3   7082.0
