 15CW  05-Nov-25 19:12 0001  WG3J           599  599  Eric 2473     WG3J     1  21029.2
 20CW  05-Nov-25 19:15 0002  NA8V           599  599  Greg 1214     NA8V     1  14022.0
 20CW  05-Nov-25 19:16 0003  K4RUM          599  599  Mike 1182     K4RUM    1  14022.6
 20CW  05-Nov-25 19:17 0004  WA3AAN         599  599  Grant PA      WA3AAN   1  14024.2
 20CW  05-Nov-25 19:19 0005  N3OC           599  599  Brian 2944    N3OC     1  14025.5
 20CW  05-Nov-25 19:21 0006  K9CW           599  599  Drew 979      K9CW     1  14026.5
 20CW  05-Nov-25 19:23 0007  W1WEF          599  599  Jack 48       W1WEF    1  14026.8
 20CW  05-Nov-25 19:25 0008  N4AF           599  599  Howie 132     N4AF     1  14027.7
 20CW  05-Nov-25 19:26 0009  WG3J           599  599  Eric 2473              1  14028.4
 20CW  05-Nov-25 19:26 0010  K3MM           599  599  Ty 114        K3MM     1  14028.7
 20CW  05-Nov-25 19:28 0011  N3RD           599  599  Dave 232      N3RD     1  14031.0
 20CW  05-Nov-25 19:28 0012  W4SPR          599  599  Spray 2259    W4SPR    1  14031.3
 20CW  05-Nov-25 19:28 0013  K3WW           599  599  Chas 178      K3WW     1  14032.0
 20CW  05-Nov-25 19:29 0014  K3ATO          599  599  Hal 2552      K3ATO    1  14033.0
 20CW  05-Nov-25 19:30 0015  N4BP           599  599  Bob 2463      N4BP     1  14033.3
 20CW  05-Nov-25 19:31 0016  N5TOO          599  599  Van 1557      N5TOO    1  14034.1
 20CW  05-Nov-25 19:31 0017  N6NT           599  599  Bruce 3281    N6NT     1  14034.4
 20CW  05-Nov-25 19:32 0018  VE3EJ          599  599  John 513      VE3EJ    1  14035.0
 20CW  05-Nov-25 19:33 0019  NE2V           599  599  Justin 2810   NE2V     1  14036.8
 20CW  05-Nov-25 19:33 0020  KR3E           599  599  Ed 133        KR3E     1  14038.0
 20CW  05-Nov-25 19:34 0021  AA3B           599  599  Bud 242       AA3B     1  14039.7
 40CW  05-Nov-25 19:35 0022  IS0AFM         599  599  Simone 692    IS0AFM   1   7021.0
 40CW  05-Nov-25 19:37 0023  SV1ME          599  599  Manos 3583    SV1ME    1   7029.1
 20CW  05-Nov-25 19:41 0024  VA2WA          599  599  Vic 2212      VA2WA    1  14023.0
 20CW  05-Nov-25 19:42 0025  W2RQ           599  599  Bill 1764     W2RQ     1  14023.8
 20CW  05-Nov-25 19:44 0026  K1TR           599  599  Ed 1957       K1TR     1  14027.4
 80CW  05-Nov-25 19:46 0027  SN5N           599  599  Chris SP      SN5N     1   3532.4
 80CW  05-Nov-25 19:47 0028  OK1RR          599  599  Martin 87     OK1RR    1   3532.0
 80CW  05-Nov-25 19:47 0029  G4PVM          599  599  Paul 2413     G4PVM    1   3533.3
 80CW  05-Nov-25 19:48 0030  IK3VUT         599  599  Luca 3241     IK3VUT   1   3534.3
 80CW  05-Nov-25 19:49 0031  DC8YZ          599  599  DL            DC8YZ    1   3529.3
 80CW  05-Nov-25 19:49 0032  SM5IMO         599  599  Dan 1854      SM5IMO   1   3529.7
 80CW  05-Nov-25 19:50 0033  SC6O           599  599  Ben 3519      SC6O     1   3528.6
 80CW  05-Nov-25 19:50 0034  HA6NL          599  599  Laci 3400     HA6NL    1   3527.5
 80CW  05-Nov-25 19:51 0035  ON7PQ          599  599  Pat 2365      ON7PQ    1   3531.2
 40CW  05-Nov-25 19:55 0036  EA6BF          599  599  Josep 3072    EA6BF    1   7028.7
 40CW  05-Nov-25 19:56 0037  N4AF           599  599  Howie 132              1   7031.1
 40CW  05-Nov-25 19:57 0038  EA3FZT         599  599  Francis 2560  EA3FZT   1   7033.2
