 40CW  10-Mar-25 16:30 0001  SP2QG          599  599  3             SP       3   7025.3
 40CW  10-Mar-25 16:31 0002  IK3QAR         599  599  2             I        3   7025.8
 40CW  10-Mar-25 16:32 0003  SM6M           599  599  5             SM       3   7027.2
 40CW  10-Mar-25 16:32 0004  E77EA          599  599  6             E7       3   7028.5
 40CW  10-Mar-25 16:33 0005  HA5BMS         599  599  7             HA       3   7029.0
 40CW  10-Mar-25 16:33 0006  DD5M           599  599  10            DL       2   7029.7
 40CW  10-Mar-25 16:34 0007  OH3MZ          599  599  6             OH       3   7029.3
 40CW  10-Mar-25 16:34 0008  PA2TA          599  599  8             PA       3   7029.3
 40CW  10-Mar-25 16:34 0009  DJ9MH          599  599  10                     2   7029.3
 40CW  10-Mar-25 16:35 0010  DL1BUG         599  599  10                     2   7029.3
 40CW  10-Mar-25 16:35 0011  OK1ITK         599  599  5             OK       3   7029.3
 40CW  10-Mar-25 16:37 0012  OK4RQ          599  599  11                     3   7029.3
 40CW  10-Mar-25 16:37 0013  OH1KH          599  599  7                      3   7029.3
 40CW  10-Mar-25 16:37 0014  SP4DNX         599  599  10                     3   7029.3
 40CW  10-Mar-25 16:38 0015  DR3W           599  599  18                     2   7029.3
 40CW  10-Mar-25 16:39 0016  OK1FMX         599  599  18                     3   7029.3
 40CW  10-Mar-25 16:39 0017  DF8KY          599  599  7                      2   7029.3
 40CW  10-Mar-25 16:39 0018  OK1FKD         599  599  12                     3   7029.3
 40CW  10-Mar-25 16:40 0019  OK2BFN         599  599  23                     3   7029.3
 40CW  10-Mar-25 16:40 0020  SN1T           599  599  29                     3   7029.3
 40CW  10-Mar-25 16:40 0021  SP1JXJ         599  599  9                      3   7029.3
 40CW  10-Mar-25 16:41 0022  OZ7BQ          599  599  12            OZ       3   7029.3
 40CW  10-Mar-25 16:41 0023  OK1TRJ         599  599  23                     3   7029.3
 40CW  10-Mar-25 16:41 0024  HB9HTF         599  599  22            HB       3   7029.3
 40CW  10-Mar-25 16:42 0025  SN5N           599  599  35                     3   7029.3
 40CW  10-Mar-25 16:43 0026  M4N            599  599  27            G        3   7029.3
 40CW  10-Mar-25 16:44 0027  DH4GB          599  599  16                     2   7029.3
 40CW  10-Mar-25 16:44 0028  DJ5AS          599  599  28                     2   7029.3
 40CW  10-Mar-25 16:45 0029  OK2SFP         599  599  13                     3   7029.3
 40CW  10-Mar-25 16:45 0030  IN3FHE         599  599  19                     3   7029.3
 40CW  10-Mar-25 16:46 0031  OK1JAX         599  599  30                     3   7029.3
 40CW  10-Mar-25 16:47 0032  HA5MA          599  599  34                     3   7029.3
 40CW  10-Mar-25 16:47 0033  OQ5M           599  599  36            ON       3   7029.3
 40CW  10-Mar-25 16:47 0034  OK2IW          599  599  16                     3   7029.3
 40CW  10-Mar-25 16:48 0035  M7R            599  599  15                     3   7029.3
 40CW  10-Mar-25 16:48 0036  DJ3WE          599  599  40                     2   7029.3
 40CW  10-Mar-25 16:48 0037  S51J           599  599  31            S5       3   7029.3
 40CW  10-Mar-25 16:49 0038  HA6NL          599  599  49                     3   7029.3
 40CW  10-Mar-25 16:49 0039  I3VWK          599  599  26                     3   7029.3
 40CW  10-Mar-25 16:50 0040  DL7YS          599  599  27                     2   7029.3
 40CW  10-Mar-25 16:50 0041  IK3CHK         599  599  26                     3   7029.3
 40CW  10-Mar-25 16:51 0042  RX3QNE         599  599  27            UA       3   7029.3
 40CW  10-Mar-25 16:51 0043  OK1NG          599  599  30                     3   7029.3
 40CW  10-Mar-25 16:52 0044  DL8QS          599  599  40                     2   7029.3
 40CW  10-Mar-25 16:52 0045  OK2NAJ         599  599  37                     3   7029.3
 40CW  10-Mar-25 16:53 0046  OK1DZD         599  599  6                      3   7029.3
 40CW  10-Mar-25 16:53 0047  DA3T           599  599  35                     2   7029.3
 40CW  10-Mar-25 16:54 0048  DF7TS          599  599  30                     2   7029.3
 40CW  10-Mar-25 16:54 0049  DL8TG          599  599  35                     2   7029.3
 40CW  10-Mar-25 16:54 0050  SM0OEK         599  599  43                     3   7029.3
 40CW  10-Mar-25 16:55 0051  OK1AMX         599  599  43                     3   7029.3
 40CW  10-Mar-25 16:55 0052  DR2C           599  599  71                     2   7029.3
 40CW  10-Mar-25 16:55 0053  OM5CM          599  599  39            OM       3   7029.3
 40CW  10-Mar-25 16:56 0054  DF7YE          599  599  67                     2   7029.3
 40CW  10-Mar-25 16:56 0055  G0TRT          599  599  26                     3   7029.3
 40CW  10-Mar-25 16:57 0056  SM5CSS         599  599  33                     3   7029.3
 40CW  10-Mar-25 16:58 0057  PA3EMN         599  599  34                     3   7029.3
 40CW  10-Mar-25 16:59 0058  S52W           599  599  63                     3   7029.3
 40CW  10-Mar-25 16:59 0059  DL4ME          599  599  68                     2   7029.3
 40CW  10-Mar-25 17:00 0060  OL8R           599  599  90                     3   7029.3
 40CW  10-Mar-25 17:00 0061  HG5E           599  599  85                     3   7029.3
 40CW  10-Mar-25 17:00 0062  OM3ZU          599  599  39                     3   7029.3
 40CW  10-Mar-25 17:01 0063  SP2KAC         599  599  41                     3   7029.3
 40CW  10-Mar-25 17:01 0064  HA5BA          599  599  47                     3   7029.3
 40CW  10-Mar-25 17:02 0065  SP2XX          599  599  65                     3   7029.3
 40CW  10-Mar-25 17:03 0066  DJ1OJ          599  599  8                      2   7029.3
 40CW  10-Mar-25 17:03 0067  DR7T           599  599  64                     2   7029.3
 40CW  10-Mar-25 17:03 0068  DR6W           599  599  20                     2   7029.3
 40CW  10-Mar-25 17:04 0069  SP9OUV         599  599  33                     3   7029.3
 80CW  10-Mar-25 17:05 0070  OM5AA          599  599  23            OM       3   3531.6
 80CW  10-Mar-25 17:06 0071  DA0BCC         599  599  64            DL       2   3532.0
 80CW  10-Mar-25 17:07 0072  OL8R           599  599  107           OK       3   3535.5
 80CW  10-Mar-25 17:07 0073  OM5CM          599  599  55                     3   3535.5
 80CW  10-Mar-25 17:08 0074  SP3MEP         599  599  28            SP       3   3535.5
 80CW  10-Mar-25 17:08 0075  DR7T           599  599  72                     2   3535.5
 80CW  10-Mar-25 17:08 0076  SP3CW          599  599  39                     3   3535.5
 80CW  10-Mar-25 17:09 0077  OK1TD          599  599  63                     3   3535.5
 80CW  10-Mar-25 17:09 0078  DR3W           599  599  81                     2   3535.5
 80CW  10-Mar-25 17:10 0079  OK1TRJ         599  599  76                     3   3535.5
 80CW  10-Mar-25 17:10 0080  SM5CSS         599  599  53            SM       3   3535.5
 80CW  10-Mar-25 17:11 0081  DM5LS          599  599  56                     2   3535.5
 80CW  10-Mar-25 17:12 0082  SD6F           599  599  84                     3   3535.5
 80CW  10-Mar-25 17:12 0083  OK1AY          599  599  46                     3   3535.5
 80CW  10-Mar-25 17:13 0084  DF7YE          599  599  92                     2   3535.5
 80CW  10-Mar-25 17:13 0085  DK3AX          599  599  42                     2   3535.5
 80CW  10-Mar-25 17:14 0086  HA5MA          599  599  76            HA       3   3535.5
 80CW  10-Mar-25 17:14 0087  OK1IBP         599  599  51                     3   3535.4
 80CW  10-Mar-25 17:15 0088  OK1ITK         599  599  39                     3   3535.4
 80CW  10-Mar-25 17:16 0089  DL1NKS         599  599  66                     2   3536.8
 80CW  10-Mar-25 17:17 0090  SD6M           599  599  89                     3   3535.0
 80CW  10-Mar-25 17:17 0091  OK2PYA         599  599  98                     3   3534.0
 80CW  10-Mar-25 17:18 0092  SM0OEK         599  599  83                     3   3533.5
 80CW  10-Mar-25 17:18 0093  OK2EA          599  599  98                     3   3533.0
 80CW  10-Mar-25 17:18 0094  SM5ACQ         599  599  82                     3   3532.6
 80CW  10-Mar-25 17:19 0095  SM5IMO         599  599  95                     3   3531.2
 80CW  10-Mar-25 17:20 0096  SP2QG          599  599  114                    3   3530.0
 80CW  10-Mar-25 17:21 0097  DF8V           599  599  101                    2   3528.5
 80CW  10-Mar-25 17:22 0098  DJ9SN          599  599  74                     2   3525.7
 80CW  10-Mar-25 17:22 0099  DL5YM          599  599  46                     2   3537.8
 80CW  10-Mar-25 17:22 0100  OK4RQ          599  599  88                     3   3538.1
 80CW  10-Mar-25 17:23 0101  OM5JA          599  599  75                     3   3539.0
 80CW  10-Mar-25 17:24 0102  OK1JAX         599  599  92                     3   3533.7
 80CW  10-Mar-25 17:25 0103  OK2BFN         599  599  107                    3   3533.7
 80CW  10-Mar-25 17:25 0104  E77EA          599  599  126           E7       3   3533.7
 80CW  10-Mar-25 17:26 0105  DM7W           599  599  104                    2   3533.7
 80CW  10-Mar-25 17:26 0106  DL1BUG         599  599  110                    2   3533.7
 80CW  10-Mar-25 17:26 0107  SN5N           599  599  129                    3   3533.7
 80CW  10-Mar-25 17:27 0108  DJ3WE          599  599  92                     2   3533.7
 80CW  10-Mar-25 17:27 0109  DF8KY          599  599  51                     2   3533.7
 80CW  10-Mar-25 17:27 0110  SN1T           599  599  139                    3   3533.7
 80CW  10-Mar-25 17:28 0111  SM6M           599  599  120                    3   3533.7
 80CW  10-Mar-25 17:28 0112  HA2OS          599  599  82                     3   3533.7
 80CW  10-Mar-25 17:29 0113  OK1FKD         599  599  68                     3   3533.7
 80CW  10-Mar-25 17:29 0114  OK1FMX         599  599  76                     3   3533.7
 80CW  10-Mar-25 17:29 0115  HB9BXE         599  599  58            HB       3   3533.7
