 40CW  17-Mar-25 16:31 0001  OK1FMX         599  599  2             OK       3   7029.8
 40CW  17-Mar-25 16:31 0002  DR3W           599  599  4             DL       2   7029.8
 40CW  17-Mar-25 16:32 0003  DF7TS          599  599  2                      2   7029.8
 40CW  17-Mar-25 16:32 0004  I3VWK          599  599  5             I        3   7029.8
 40CW  17-Mar-25 16:34 0005  OZ7BQ          599  599  6             OZ       3   7029.8
 40CW  17-Mar-25 16:35 0006  OK1ITK         599  599  5                      3   7029.8
 40CW  17-Mar-25 16:35 0007  DJ3WE          599  599  10                     2   7029.8
 40CW  17-Mar-25 16:36 0008  M4N            599  599  10            G        3   7029.8
 40CW  17-Mar-25 16:36 0009  SQ1DNJ         599  599  10            SP       3   7029.8
 40CW  17-Mar-25 16:37 0010  HB9BXE         599  599  11            HB       3   7029.8
 40CW  17-Mar-25 16:37 0011  OK2VX          599  599  11                     3   7029.8
 40CW  17-Mar-25 16:38 0012  PA0CT          599  599  11            PA       3   7029.8
 40CW  17-Mar-25 16:38 0013  DR2C           599  599  18                     2   7029.8
 40CW  17-Mar-25 16:39 0014  DK1KC          599  599  17                     2   7029.8
 40CW  17-Mar-25 16:39 0015  DJ0SP          599  599  12                     2   7029.8
 40CW  17-Mar-25 16:40 0016  DM5LS          599  599  12                     2   7029.8
 40CW  17-Mar-25 16:40 0017  OK5SA          599  599  14                     3   7029.8
 40CW  17-Mar-25 16:40 0018  DR7T           599  599  21                     2   7029.8
 40CW  17-Mar-25 16:41 0019  G4ZIB          599  599  1                      3   7029.8
 40CW  17-Mar-25 16:41 0020  HA5BA          599  599  20            HA       3   7029.8
 40CW  17-Mar-25 16:43 0021  SN5N           599  599  30                     3   7029.5
 40CW  17-Mar-25 16:43 0022  OL730PLZ       599  599  19                     3   7028.6
 40CW  17-Mar-25 16:44 0023  IK5MEL         599  599  20                     3   7027.8
 40CW  17-Mar-25 16:45 0024  OK5NZ          599  599  25                     3   7028.1
 40CW  17-Mar-25 16:45 0025  DL4YR          599  599  13                     2   7027.3
 40CW  17-Mar-25 16:46 0026  HA2OS          599  599  37                     3   7026.5
 40CW  17-Mar-25 16:48 0027  OK5D           599  599  46                     3   7024.2
 40CW  17-Mar-25 16:48 0028  DF8V           599  599  36                     2   7023.4
 40CW  17-Mar-25 16:50 0029  HB9HTF         599  599  37                     3   7029.9
 40CW  17-Mar-25 16:50 0030  OK1TRJ         599  599  39                     3   7029.9
 40CW  17-Mar-25 16:50 0031  OK1FKD         599  599  24                     3   7029.9
 40CW  17-Mar-25 16:51 0032  DK3AX          599  599  25                     2   7029.9
 40CW  17-Mar-25 16:51 0033  OK1AMX         599  599  33                     3   7029.9
 40CW  17-Mar-25 16:51 0034  S51J           599  599  39            S5       3   7029.9
 40CW  17-Mar-25 16:51 0035  SN7J           599  599  34                     3   7029.9
 40CW  17-Mar-25 16:52 0036  DJ1OJ          599  599  25                     2   7029.9
 40CW  17-Mar-25 16:52 0037  DL8QS          599  599  35                     2   7029.9
 40CW  17-Mar-25 16:52 0038  DF7YE          599  599  53                     2   7029.9
 40CW  17-Mar-25 16:53 0039  SP3EFD         599  599  10                     3   7029.9
 40CW  17-Mar-25 16:53 0040  DL7YS          599  599  47                     2   7029.9
 40CW  17-Mar-25 16:54 0041  SM0OEK         599  599  41            SM       3   7029.9
 40CW  17-Mar-25 16:54 0042  OK2PYA         599  599  44                     3   7029.9
 40CW  17-Mar-25 16:55 0043  DA0BCC         599  599  52                     2   7029.9
 40CW  17-Mar-25 16:55 0044  DJ1PQ          599  599  13                     2   7029.9
 40CW  17-Mar-25 16:55 0045  SP7N           599  599  51                     3   7029.9
 40CW  17-Mar-25 16:55 0046  OK2BFN         599  599  52                     3   7029.9
 40CW  17-Mar-25 16:56 0047  PA3EMN         599  599  38                     3   7029.9
 40CW  17-Mar-25 16:57 0048  DD5M           599  599  60                     2   7029.9
 40CW  17-Mar-25 16:57 0049  OK4X           599  599  28                     3   7029.9
 40CW  17-Mar-25 16:57 0050  IK3CHK         599  599  24                     3   7029.9
 40CW  17-Mar-25 16:57 0051  G0TRT          599  599  20                     3   7029.9
 40CW  17-Mar-25 16:58 0052  HA6NL          599  599  75                     3   7029.9
 40CW  17-Mar-25 16:58 0053  DM7T           599  599  43                     2   7029.9
 40CW  17-Mar-25 16:58 0054  HA5MA          599  599  43                     3   7029.9
 40CW  17-Mar-25 16:59 0055  Z32TO          599  599  30            Z3       3   7029.9
 40CW  17-Mar-25 17:01 0056  OL8R           599  599  94                     3   7029.9
 40CW  17-Mar-25 17:01 0057  ON4EM          599  599  69            ON       3   7029.9
 40CW  17-Mar-25 17:01 0058  OK1RZ          599  599  65                     3   7029.9
 40CW  17-Mar-25 17:02 0059  DR6W           599  599  23                     2   7029.9
 40CW  17-Mar-25 17:02 0060  YL2KO          599  599  45            YL       3   7029.9
 40CW  17-Mar-25 17:02 0061  DK2DR          599  599  27                     2   7029.9
 40CW  17-Mar-25 17:03 0062  HG5E           599  599  85                     3   7029.9
 40CW  17-Mar-25 17:03 0063  DA2K           599  599  52                     2   7029.9
 40CW  17-Mar-25 17:03 0064  OK1TN          599  599  65                     3   7029.9
 40CW  17-Mar-25 17:04 0065  LZ5DI          599  599  76            LZ       3   7029.9
 40CW  17-Mar-25 17:04 0066  RX3QNE         599  599  40            UA       3   7029.9
 40CW  17-Mar-25 17:05 0067  DF3VM          599  599  47                     2   7029.9
 40CW  17-Mar-25 17:05 0068  HB9CMW         599  599  29                     3   7029.9
 40CW  17-Mar-25 17:05 0069  DM6EE          599  599  46                     2   7029.9
 40CW  17-Mar-25 17:06 0070  PA2A           599  599  67                     3   7029.9
 40CW  17-Mar-25 17:06 0071  DG1YBN         599  599  21                     2   7029.9
 40CW  17-Mar-25 17:07 0072  SP2XX          599  599  68                     3   7029.9
 40CW  17-Mar-25 17:07 0073  OH1KH          599  599  18            OH       3   7029.9
 40CW  17-Mar-25 17:07 0074  OM3TVI         599  599  28            OM       3   7029.9
 80CW  17-Mar-25 17:10 0075  SP3MEP         599  599  47            SP       3   3538.3
 80CW  17-Mar-25 17:10 0076  OK5FF          599  599  39            OK       3   3538.3
 80CW  17-Mar-25 17:10 0077  DR3W           599  599  89            DL       2   3538.3
 80CW  17-Mar-25 17:11 0078  DM7T           599  599  58                     2   3538.3
 80CW  17-Mar-25 17:11 0079  OK1USP         599  599  34                     3   3538.3
 80CW  17-Mar-25 17:12 0080  OK1TD          599  599  57                     3   3538.3
 80CW  17-Mar-25 17:12 0081  DR2C           599  599  88                     2   3538.3
 80CW  17-Mar-25 17:13 0082  IU4JNR         599  599  34            I        3   3538.3
 80CW  17-Mar-25 17:13 0083  OM5KM          599  599  48            OM       3   3538.3
 80CW  17-Mar-25 17:13 0084  DF7YE          599  599  91                     2   3538.3
 80CW  17-Mar-25 17:14 0085  OZ1AAR         599  599  53            OZ       3   3538.3
 80CW  17-Mar-25 17:14 0086  DD5M           599  599  091                    2   3538.3
 80CW  17-Mar-25 17:15 0087  DA0BCC         599  599  89                     2   3538.3
 80CW  17-Mar-25 17:15 0088  DJ3WE          599  599  67                     2   3538.3
 80CW  17-Mar-25 17:15 0089  DL7YS          599  599  84                     2   3538.3
 80CW  17-Mar-25 17:16 0090  OK1TRJ         599  599  80                     3   3538.3
 80CW  17-Mar-25 17:17 0091  OL8R           599  599  137                    3   3538.3
 80CW  17-Mar-25 17:17 0092  OK1FMX         599  599  67                     3   3538.3
 80CW  17-Mar-25 17:17 0093  DJ9MH          599  599  47                     2   3538.3
 80CW  17-Mar-25 17:18 0094  OK2QA          599  599  89                     3   3538.3
 80CW  17-Mar-25 17:19 0095  HA2OS          599  599  85            HA       3   3538.3
 80CW  17-Mar-25 17:19 0096  OM3FW          599  599  39                     3   3538.3
 80CW  17-Mar-25 17:19 0097  DR7T           599  599  93                     2   3538.3
 80CW  17-Mar-25 17:19 0098  SP3CW          599  599  46                     3   3538.3
 80CW  17-Mar-25 17:20 0099  DR6T           599  599  61                     2   3538.3
 80CW  17-Mar-25 17:20 0100  SP3VT          599  599  48                     3   3538.3
 80CW  17-Mar-25 17:21 0101  OK2PYA         599  599  100                    3   3538.3
 80CW  17-Mar-25 17:21 0102  OK1FKD         599  599  62                     3   3538.3
 80CW  17-Mar-25 17:21 0103  OK1IBP         599  599  56                     3   3538.3
 80CW  17-Mar-25 17:22 0104  OK2BFN         599  599  102                    3   3538.3
 80CW  17-Mar-25 17:22 0105  SP8BXL         599  599  44                     3   3538.3
 80CW  17-Mar-25 17:22 0106  DK1KC          599  599  88                     2   3538.3
 80CW  17-Mar-25 17:23 0107  DL6JF          599  599  91                     2   3538.3
 80CW  17-Mar-25 17:24 0108  SP2XX          599  599  94                     3   3538.3
 80CW  17-Mar-25 17:25 0109  DL8QS          599  599  87                     2   3538.3
 80CW  17-Mar-25 17:25 0110  DL1DWR         599  599  46                     2   3538.3
 80CW  17-Mar-25 17:26 0111  SN5N           599  599  118                    3   3538.3
 80CW  17-Mar-25 17:26 0112  S53F           599  599  137           S5       3   3538.3
 80CW  17-Mar-25 17:27 0113  HB9CMW         599  599  44            HB       3   3538.3
 80CW  17-Mar-25 17:27 0114  DM6EE          599  599  79                     2   3538.3
 80CW  17-Mar-25 17:28 0115  OK2NAJ         599  599  99                     3   3538.3
 80CW  17-Mar-25 17:29 0116  OK1AY          599  599  68                     3   3538.3
 80CW  17-Mar-25 17:29 0117  SP2QG          599  599  127                    3   3538.3
