 40CW  16-Jun-25 16:30 0001  OM4WM          599  599  1             OM       3   7025.6
 40CW  16-Jun-25 16:30 0002  DL6WT          599  599  3             DL       2   7026.6
 40CW  16-Jun-25 16:31 0003  OK1FHI         599  599  5             OK       3   7027.0
 40CW  16-Jun-25 16:31 0004  DL7YS          599  599  5                      2   7027.2
 40CW  16-Jun-25 16:32 0005  LZ5DI          599  599  5             LZ       3   7027.5
 40CW  16-Jun-25 16:33 0006  OM5ZW          599  599  9                      3   7027.9
 40CW  16-Jun-25 16:33 0007  HA5OV          599  599  8             HA       3   7028.5
 40CW  16-Jun-25 16:34 0008  DG0KS          599  599  6                      2   7031.8
 40CW  16-Jun-25 16:35 0009  SM5IMO         599  599  6             SM       3   7031.8
 40CW  16-Jun-25 16:35 0010  OK2NO          599  599  11                     3   7031.8
 40CW  16-Jun-25 16:35 0011  DR2C           599  599  16                     2   7031.8
 40CW  16-Jun-25 16:36 0012  DJ9SN          599  599  6                      2   7031.8
 40CW  16-Jun-25 16:36 0013  DG1YBN         599  599  5                      2   7031.8
 40CW  16-Jun-25 16:37 0014  YL2KO          599  599  11            YL       3   7031.7
 40CW  16-Jun-25 16:38 0015  OK1TN          599  599  11                     3   7031.7
 40CW  16-Jun-25 16:38 0016  OK2NAJ         599  599  19                     3   7031.7
 40CW  16-Jun-25 16:38 0017  DF1DT          599  599  18                     2   7031.7
 40CW  16-Jun-25 16:39 0018  M4N            599  599  16            G        3   7031.7
 40CW  16-Jun-25 16:39 0019  PA2TA          599  599  13            PA       3   7031.7
 40CW  16-Jun-25 16:39 0020  HA6NL          599  599  26                     3   7031.7
 40CW  16-Jun-25 16:41 0021  DL0DIX         599  599  9                      2   7031.7
 40CW  16-Jun-25 16:41 0022  DJ1OJ          599  599  13                     2   7031.7
 40CW  16-Jun-25 16:42 0023  PC4H           599  599  16                     3   7031.7
 40CW  16-Jun-25 16:43 0024  E77EA          599  599  21            E7       3   7032.0
 40CW  16-Jun-25 16:43 0025  OL730PLZ       599  599  17                     3   7032.6
 40CW  16-Jun-25 16:44 0026  OK1IBP         599  599  25                     3   7032.8
 40CW  16-Jun-25 16:44 0027  DA0BCC         599  599  37                     2   7033.6
 40CW  16-Jun-25 16:45 0028  PA3DBS         599  599  19                     3   7034.1
 40CW  16-Jun-25 16:46 0029  OL8R           599  599  50                     3   7034.6
 40CW  16-Jun-25 16:48 0030  DJ9KH          599  599  37                     2   7036.3
 40CW  16-Jun-25 16:48 0031  SM6TOL         599  599  25                     3   7036.9
 40CW  16-Jun-25 16:49 0032  OK2QA          599  599  38                     3   7037.3
 40CW  16-Jun-25 16:50 0033  OK1TRJ         599  599  39                     3   7034.4
 40CW  16-Jun-25 16:51 0034  OK1AMX         599  599  30                     3   7034.4
 40CW  16-Jun-25 16:51 0035  DA3T           599  599  28                     2   7034.4
 40CW  16-Jun-25 16:51 0036  LY4K           599  599  37            LY       3   7034.4
 40CW  16-Jun-25 16:52 0037  DM7T           599  599  29                     2   7034.4
 40CW  16-Jun-25 16:52 0038  DL4ME          599  599  40                     2   7034.4
 40CW  16-Jun-25 16:52 0039  OL3W           599  599  29                     3   7034.4
 40CW  16-Jun-25 16:53 0040  IK5TBK         599  599  6             I        3   7034.4
 40CW  16-Jun-25 16:54 0041  DR3W           599  599  50                     2   7034.4
 40CW  16-Jun-25 16:54 0042  SM9X           599  599  30                     3   7034.4
 40CW  16-Jun-25 16:55 0043  OK1KKI         599  599  35                     3   7034.4
 40CW  16-Jun-25 16:55 0044  DJ3WE          599  599  25                     2   7034.4
 40CW  16-Jun-25 16:56 0045  OK2PYA         599  599  35                     3   7034.4
 40CW  16-Jun-25 16:56 0046  OM2KI          599  599  61                     3   7034.4
 40CW  16-Jun-25 16:57 0047  HA2OS          599  599  41                     3   7034.4
 40CW  16-Jun-25 16:58 0048  DF7YE          599  599  63                     2   7034.4
 40CW  16-Jun-25 16:58 0049  SP8FHK         599  599  41            SP       3   7034.4
 40CW  16-Jun-25 16:59 0050  S51J           599  599  47            S5       3   7034.4
 40CW  16-Jun-25 16:59 0051  OK1ITK         599  599  24                     3   7034.4
 40CW  16-Jun-25 16:59 0052  DL8QS          599  599  52                     2   7034.4
 40CW  16-Jun-25 17:00 0053  DR6W           599  599  17                     2   7034.4
 40CW  16-Jun-25 17:00 0054  OL4W           599  599  61                     3   7034.4
 40CW  16-Jun-25 17:01 0055  PA3AAV         599  599  71                     3   7034.4
 40CW  16-Jun-25 17:01 0056  ON4EM          599  599  58            ON       3   7034.4
 40CW  16-Jun-25 17:02 0057  SP8BXL         599  599  43                     3   7034.4
 40CW  16-Jun-25 17:03 0058  SO3O           599  599  58                     3   7034.4
 40CW  16-Jun-25 17:03 0059  DM5I           599  599  66                     2   7034.4
 40CW  16-Jun-25 17:04 0060  S53F           599  599  67                     3   7034.4
 40CW  16-Jun-25 17:04 0061  OK5D           599  599  74                     3   7034.4
 40CW  16-Jun-25 17:05 0062  DH0GDS         599  599  20                     2   7034.4
 40CW  16-Jun-25 17:05 0063  OK1RKS         599  599  56                     3   7034.4
 40CW  16-Jun-25 17:06 0064  DL6GCE         599  599  17                     2   7034.4
 40CW  16-Jun-25 17:07 0065  OK5TFC         599  599  49                     3   7012.3
 40CW  16-Jun-25 17:08 0066  SD1A           599  599  43                     3   7013.2
 40CW  16-Jun-25 17:09 0067  HG5E           599  599  91                     3   7016.5
 40CW  16-Jun-25 17:10 0068  SC6O           599  599  59                     3   7017.0
 40CW  16-Jun-25 17:11 0069  DC8YZ          599  599  15                     2   7018.3
 40CW  16-Jun-25 17:12 0070  PC0A           599  599  83                     3   7020.8
 40CW  16-Jun-25 17:13 0071  OK5FF          599  599  69                     3   7021.2
 40CW  16-Jun-25 17:14 0072  DJ4WT          599  599  69                     2   7022.6
 40CW  16-Jun-25 17:15 0073  OK2IW          599  599  69                     3   7023.8
 40CW  16-Jun-25 17:15 0074  DL4YR          599  599  38                     2   7024.1
 40CW  16-Jun-25 17:16 0075  OK1RZ          599  599  85                     3   7024.8
 40CW  16-Jun-25 17:16 0076  DL5YM          599  599  78                     2   7025.7
 40CW  16-Jun-25 17:18 0077  OK1NU          599  599  58                     3   7021.4
 40CW  16-Jun-25 17:18 0078  HB9BJL         599  599  25            HB       3   7021.4
 40CW  16-Jun-25 17:20 0079  YU1RA          599  599  52            YU       3   7021.4
 40CW  16-Jun-25 17:21 0080  RX3QNE         599  599  56            UA       3   7019.6
 40CW  16-Jun-25 17:22 0081  SF6J           599  599  60                     3   7022.2
 40CW  16-Jun-25 17:23 0082  OK2VX          599  599  65                     3   7020.2
 40CW  16-Jun-25 17:24 0083  OK5NZ          599  599  62                     3   7023.8
 40CW  16-Jun-25 17:25 0084  OK1DOR         599  599  77                     3   7021.7
 40CW  16-Jun-25 17:26 0085  RX3Q           599  599  56                     3   7018.0
 40CW  16-Jun-25 17:27 0086  IK5MEL         599  599  67                     3   7017.5
 40CW  16-Jun-25 17:27 0087  YU1XO          599  599  46                     3   7020.4
 40CW  16-Jun-25 17:28 0088  DF8V           599  599  94                     2   7026.8
 40CW  16-Jun-25 17:29 0089  SD6M           599  599  66                     3   7028.1
 40CW  16-Jun-25 17:29 0090  SP7LIE         599  599  55                     3   7028.5
