 15CW  29-Oct-25 19:01 0001  WG3J           599  599  Eric 2473     WG3J     1  21029.0
 15CW  29-Oct-25 19:02 0002  K3WW           599  599  Chas 178      K3WW     1  21031.0
 15CW  29-Oct-25 19:02 0003  K5KU           599  599  Gary LA       K5KU     1  21032.3
 15CW  29-Oct-25 19:03 0004  AC1ZF          599  599  Gosho 2824    AC1ZF    1  21030.5
 20CW  29-Oct-25 19:06 0005  EA1X           599  599  Juan 2562     EA1X     1  14030.1
 20CW  29-Oct-25 19:08 0006  N4KS           599  599  Ken 1274      N4KS     1  14031.5
 20CW  29-Oct-25 19:08 0007  N7US           599  599  Jim 486       N7US     1  14032.0
 20CW  29-Oct-25 19:09 0008  EA6BF          599  599  Josep 3072    EA6BF    1  14033.9
 20CW  29-Oct-25 19:09 0009  W2RQ           599  599  Bill 1764     W2RQ     1  14035.0
 20CW  29-Oct-25 19:11 0010  N1LN           599  599  Bruce 1141    N1LN     1  14036.5
 20CW  29-Oct-25 19:13 0011  K1SM           599  599  Bill 506      K1SM     1  14037.4
 20CW  29-Oct-25 19:16 0012  K3WW           599  599  Chas 178               1  14031.0
 20CW  29-Oct-25 19:17 0013  N6NT           599  599  Bruce 3281    N6NT     1  14030.3
 20CW  29-Oct-25 19:19 0014  W1WEF          599  599  Jack 48       W1WEF    1  14027.8
 20CW  29-Oct-25 19:20 0015  W8FJ           599  599  John 201      W8FJ     1  14026.6
 20CW  29-Oct-25 19:21 0016  WG3J           599  599  Eric 2473              1  14025.0
 40CW  29-Oct-25 19:21 0017  E77EA          599  599  Dragan E7     E77EA    1   7030.0
 20CW  29-Oct-25 19:23 0018  AD8J           599  599  John 1395     AD8J     1  14023.2
 20CW  29-Oct-25 19:24 0019  WT9U           599  599  Jim 1674      WT9U     1  14022.6
 20CW  29-Oct-25 19:24 0020  KY4GS          599  599  Amanda 3208   KY4GS    1  14021.5
 20CW  29-Oct-25 19:26 0021  N3JT           599  599  Jim 1         N3JT     1  14026.1
 20CW  29-Oct-25 19:29 0022  K2TW           599  599  Tom 2000      K2TW     1  14036.1
 20CW  29-Oct-25 19:30 0023  K3ZA           599  599  Tony 2695     K3ZA     1  14038.0
 20CW  29-Oct-25 19:31 0024  VE3KI          599  599  Rich 783      VE3KI    1  14040.9
 20CW  29-Oct-25 19:33 0025  K5KU           599  599  Gary LA                1  14043.4
 20CW  29-Oct-25 19:34 0026  K4RUM          599  599  Mike 1182     K4RUM    1  14045.9
 20CW  29-Oct-25 19:35 0027  VE3EJ          599  599  John 513      VE3EJ    1  14047.2
 40CW  29-Oct-25 19:37 0028  EA3NO          599  599  3800          EA3NO    1   7031.7
 20CW  29-Oct-25 19:46 0029  KR3E           599  599  Ed 133        KR3E     1  14045.0
 20CW  29-Oct-25 19:47 0030  W8FN           599  599  Randy 1864    W8FN     1  14044.3
 20CW  29-Oct-25 19:48 0031  K1AR           599  599  John 1741     K1AR     1  14040.6
 20CW  29-Oct-25 19:51 0032  EA8/S53R       599  599  Rob 492       EA8/S53R 1  14038.3
 20CW  29-Oct-25 19:53 0033  K3ATO          599  599  Hal 2552      K3ATO    1  14033.4
