 40CW  22-Nov-25 21:14 0001  P3X            599  599  39            5B   39  3   7009.6
 40CW  22-Nov-25 21:39 0002  RZ9L           599  599  30            UA9  30  3   7023.7
 40CW  22-Nov-25 21:55 0003  IK0YUT         599  599  28            I    28  1   7025.0
 40CW  22-Nov-25 21:55 0004  UN7LZ          599  599  30            UN       3   7032.3
 40CW  22-Nov-25 22:01 0005  R8TT           599  599  30                     3   7013.5
 40CW  22-Nov-25 22:02 0006  W3RJ           599  599  08            K    08  3   7008.1
 40CW  22-Nov-25 22:02 0007  DA1DX          599  599  28            DL       1   7007.6
 80CW  22-Nov-25 22:05 0008  OK2EA          599  599  28            OK   28  1   3524.1
 80CW  22-Nov-25 22:05 0009  S52A           599  599  28            S5       1   3527.5
 80CW  22-Nov-25 22:08 0010  HA4A           599  599  28            HA       1   3531.8
 80CW  22-Nov-25 22:10 0011  HB9BXE         599  599  28            HB       1   3536.7
 80CW  22-Nov-25 22:11 0012  YL73R          599  599  29            YL   29  1   3542.0
 80CW  22-Nov-25 22:11 0013  LZ6K           599  599  RS            LZ      10   3542.5
 80CW  22-Nov-25 22:12 0014  RN3QO          599  599  29            UA       1   3546.0
 80CW  22-Nov-25 22:12 0015  OM5R           599  599  28            OM       1   3547.6
 80CW  22-Nov-25 22:13 0016  S5100IARU      599  599  28                     1   3556.0
 80CW  22-Nov-25 22:21 0017  UW2U           599  599  29            UR       1   3520.2
 80CW  22-Nov-25 22:24 0018  EA8BW          599  599  36            EA8  36  3   3508.3
 80CW  22-Nov-25 22:24 0019  S53V           599  599  28                     1   3508.3
 80CW  22-Nov-25 22:26 0020  OZ/SM5S        599  599  18            OZ   18  1   3508.3
 80CW  22-Nov-25 22:26 0021  SP2MKI         599  599  28            SP       1   3508.3
 80CW  22-Nov-25 22:27 0022  OG3B           599  599  18            OH       1   3508.3
 80CW  22-Nov-25 22:28 0023  YP2R           599  599  28            YO       1   3508.3
 80CW  22-Nov-25 22:28 0024  YO3GCL         599  599  28                     1   3508.3
 80CW  22-Nov-25 22:28 0025  MM2T           599  599  27            GM   27  1   3508.3
 80CW  22-Nov-25 22:29 0026  SP4TKR         599  599  28                     1   3508.3
 80CW  22-Nov-25 22:31 0027  SP6AEG         599  599  28                     1   3508.3
 80CW  22-Nov-25 22:32 0028  SP3VT          599  599  28                     1   3508.3
 80CW  22-Nov-25 22:33 0029  HG1G           599  599  28                     1   3508.3
 40CW  22-Nov-25 22:36 0030  W2MKM          599  599  08                     3   7016.5
 40CW  22-Nov-25 22:36 0031  YU5A           599  599  28            YU       1   7015.9
 40CW  22-Nov-25 22:38 0032  ND3T           599  599  08                     3   7012.9
 10CW  23-Nov-25 11:10 0033  RA9P           599  599  31            UA9  31  3  28019.5
 10CW  23-Nov-25 11:12 0034  RC9A           599  599  30                 30  3  28023.2
 10CW  23-Nov-25 11:12 0035  UN5G           599  599  31            UN       3  28024.5
 10CW  23-Nov-25 11:13 0036  4L8A           599  599  29            4L   29  3  28029.0
 10CW  23-Nov-25 11:14 0037  UC4L           599  599  29            UA       1  28017.1
 15CW  23-Nov-25 11:15 0038  LZ4ZP          599  599  VT            LZ      10  21024.9
 15CW  23-Nov-25 11:16 0039  RZ9L           599  599  30            UA9  30  3  21025.4
 15CW  23-Nov-25 11:17 0040  SV8OVJ         599  599  28            SV   28  1  21027.0
 15CW  23-Nov-25 11:17 0041  IZ8XXE         599  599  28            I        1  21028.0
 15CW  23-Nov-25 11:19 0042  R7HF           599  599  29            UA   29  1  21031.0
 15CW  23-Nov-25 11:20 0043  EA5PI          599  599  37            EA   37  1  21031.8
 15CW  23-Nov-25 11:21 0044  R7AT           599  599  29                     1  21033.8
 15CW  23-Nov-25 11:22 0045  LZ3TL          599  599  SF                    10  21034.2
 15CW  23-Nov-25 11:22 0046  LZ1AQ          599  599  KD                    10  21036.3
 15CW  23-Nov-25 11:23 0047  DB0DH          599  599  28            DL       1  21037.0
 15CW  23-Nov-25 11:23 0048  RK3P           599  599  29                     1  21037.8
 15CW  23-Nov-25 11:24 0049  RN4AO          599  599  29                     1  21038.3
 15CW  23-Nov-25 11:25 0050  R9MM           599  599  30                     3  21039.3
 15CW  23-Nov-25 11:25 0051  LY2NK          599  599  29            LY       1  21040.6
 15CW  23-Nov-25 11:26 0052  Z35F           599  599  28            Z3       1  21045.5
 15CW  23-Nov-25 11:26 0053  YL73R          599  599  29            YL       1  21046.1
 15CW  23-Nov-25 11:27 0054  LZ1WF          599  599  PD                    10  21049.0
 15CW  23-Nov-25 11:27 0055  H25A           599  599  39            5B   39  3  21049.4
 15CW  23-Nov-25 11:28 0056  KC1XX          599  599  08            K    08  3  21000.8
 15CW  23-Nov-25 11:29 0057  VA1EET         599  599  09            VE   09  3  21007.1
 15CW  23-Nov-25 11:30 0058  LZ1MC          599  599  SZ                    10  21008.5
 15CW  23-Nov-25 11:31 0059  OP5T           599  599  27            ON   27  1  21007.7
 15CW  23-Nov-25 11:33 0060  P3X            599  599  39                     3  21010.1
 15CW  23-Nov-25 11:34 0061  LX7I           599  599  27            LX       1  21011.3
 15CW  23-Nov-25 11:34 0062  ND3T           599  599  08                     3  21012.4
 15CW  23-Nov-25 11:34 0063  LZ1QV          599  599  BU                    10  21013.1
 15CW  23-Nov-25 11:35 0064  SV9DJO         599  599  28            SV9      1  21014.5
 15CW  23-Nov-25 11:37 0065  LA8HGA         599  599  18            LA   18  1  21017.0
 15CW  23-Nov-25 11:38 0066  YL7X           599  599  29                     1  21019.0
 15CW  23-Nov-25 11:39 0067  LY6O           599  599  29                     1  21019.7
 15CW  23-Nov-25 11:40 0068  IU8RIA         599  599  28                     1  21021.5
 15CW  23-Nov-25 11:40 0069  YO8DOH         599  599  28            YO       1  21021.7
 15CW  23-Nov-25 11:41 0070  LZ2A           599  599  DO                    10  21022.1
 15CW  23-Nov-25 11:42 0071  EB7KA          599  599  37                     1  21028.0
 15CW  23-Nov-25 11:43 0072  LZ3RM          599  599  PK                    10  21033.2
 15CW  23-Nov-25 11:43 0073  R9AE           599  599  30                     3  21034.4
 20CW  23-Nov-25 11:44 0074  S58M           599  599  28            S5   28  1  14024.9
 20CW  23-Nov-25 11:45 0075  LZ9W           599  599  PK            LZ      10  14025.2
 20CW  23-Nov-25 11:46 0076  RZ9L           599  599  30            UA9  30  3  14027.1
 20CW  23-Nov-25 11:47 0077  P3F            599  599  39            5B   39  3  14027.5
 20CW  23-Nov-25 11:48 0078  HA7RY          599  599  28            HA       1  14028.1
 20CW  23-Nov-25 11:48 0079  YU3M           599  599  28            YU       1  14029.0
 20CW  23-Nov-25 11:49 0080  SQ9KDT         599  599  28            SP       1  14030.5
 20CW  23-Nov-25 11:50 0081  LZ4UX          599  599  VT                    10  14031.0
 20CW  23-Nov-25 11:51 0082  LY6A           599  599  29            LY   29  1  14032.6
 20CW  23-Nov-25 11:51 0083  SP9KDA         599  599  28                     1  14034.1
 20CW  23-Nov-25 11:52 0084  LB2WD          599  599  18            LA   18  1  14035.0
 20CW  23-Nov-25 11:53 0085  IZ8XXE         599  599  28            I        1  14036.0
 20CW  23-Nov-25 11:53 0086  HG5D           599  599  28                     1  14037.2
 20CW  23-Nov-25 11:54 0087  SV1PMQ         599  599  28            SV       1  14039.3
 20CW  23-Nov-25 11:55 0088  4L8A           599  599  29            4L       3  14042.0
 20CW  23-Nov-25 11:56 0089  LZ5Y           599  599  SZ                    10  14045.0
 20CW  23-Nov-25 11:57 0090  LZ5EO          599  599  SM                    10  14046.2
 20CW  23-Nov-25 11:57 0091  SX1T           599  599  28                     1  14047.0
 20CW  23-Nov-25 11:59 0092  LZ2PS          599  599  VT                    10  14048.7
 20CW  23-Nov-25 11:59 0093  F4FFH          599  599  27            F    27  1  14049.4
 20CW  23-Nov-25 11:59 0094  LZ1AQ          599  599  KD                    10  14049.9
