 40CW  19-May-25 16:30 0001  DL8QS          599  599  2             DL       2   7030.0
 40CW  19-May-25 16:31 0002  SP2XX          599  599  2             SP       3   7030.0
 40CW  19-May-25 16:31 0003  OK1TN          599  599  3             OK       3   7030.0
 40CW  19-May-25 16:32 0004  OK2VX          599  599  3                      3   7030.0
 40CW  19-May-25 16:32 0005  S51J           599  599  4             S5       3   7030.0
 40CW  19-May-25 16:33 0006  DG0KS          599  599  4                      2   7030.0
 40CW  19-May-25 16:33 0007  DL1SAN         599  599  5                      2   7030.0
 40CW  19-May-25 16:33 0008  SN5N           599  599  10                     3   7030.0
 40CW  19-May-25 16:34 0009  HB9HTF         599  599  9             HB       3   7030.0
 40CW  19-May-25 16:35 0010  G4LJU          599  599  5             G        3   7030.0
 40CW  19-May-25 16:35 0011  DL1DTL         599  599  6                      2   7030.0
 40CW  19-May-25 16:36 0012  M4N            599  599  16                     3   7030.0
 40CW  19-May-25 16:37 0013  PA5WT          599  599  11            PA       3   7030.0
 40CW  19-May-25 16:38 0014  PC4H           599  599  17                     3   7030.0
 40CW  19-May-25 16:38 0015  OZ7BQ          599  599  9             OZ       3   7030.0
 40CW  19-May-25 16:38 0016  OK2SG          599  599  4                      3   7030.0
 40CW  19-May-25 16:39 0017  OK1ITK         599  599  10                     3   7030.0
 40CW  19-May-25 16:40 0018  OK2CW          599  599  11                     3   7030.0
 40CW  19-May-25 16:40 0019  DF8KY          599  599  13                     2   7030.0
 40CW  19-May-25 16:41 0020  OK1DSZ         599  599  20                     3   7030.0
 40CW  19-May-25 16:41 0021  OK2SFP         599  599  11                     3   7030.0
 40CW  19-May-25 16:42 0022  SP4DNX         599  599  13                     3   7030.0
 40CW  19-May-25 16:42 0023  OK2PKT         599  599  2                      3   7030.0
 40CW  19-May-25 16:43 0024  DF7TS          599  599  16                     2   7030.0
 40CW  19-May-25 16:44 0025  DL1SKK         599  599  10                     2   7030.0
 40CW  19-May-25 16:45 0026  OL4W           599  599  24                     3   7030.0
 40CW  19-May-25 16:46 0027  OM4AY          599  599  14            OM       3   7030.0
 40CW  19-May-25 16:46 0028  HA5BA          599  599  26            HA       3   7030.0
 40CW  19-May-25 16:47 0029  DL4ME          599  599  35                     2   7030.0
 40CW  19-May-25 16:47 0030  LZ5DI          599  599  38            LZ       3   7030.0
 40CW  19-May-25 16:48 0031  DH0GDS         599  599  12                     2   7030.0
 40CW  19-May-25 16:48 0032  DL3FCG         599  599  30                     2   7030.0
 40CW  19-May-25 16:49 0033  OK5SA          599  599  21                     3   7030.0
 40CW  19-May-25 16:49 0034  HB9CMW         599  599  10                     3   7030.0
 40CW  19-May-25 16:51 0035  PA2TA          599  599  30                     3   7030.0
 40CW  19-May-25 16:51 0036  DM7T           599  599  19                     2   7030.0
 40CW  19-May-25 16:52 0037  DA0BCC         599  599  44                     2   7030.0
 40CW  19-May-25 16:53 0038  DA3T           599  599  43                     2   7030.0
 40CW  19-May-25 16:55 0039  OM4WM          599  599  33                     3   7030.0
 40CW  19-May-25 16:55 0040  HA2OS          599  599  37                     3   7030.0
 40CW  19-May-25 16:56 0041  DR2C           599  599  63                     2   7030.0
 40CW  19-May-25 16:56 0042  DL5IAH         599  599  4                      2   7030.0
 40CW  19-May-25 16:57 0043  DL0CS          599  599  40                     2   7030.0
 40CW  19-May-25 16:57 0044  SP8FHK         599  599  46                     3   7030.0
 40CW  19-May-25 16:59 0045  OM3YCA         599  599  11                     3   7030.0
 40CW  19-May-25 17:00 0046  PA5WT          599  599  43                     0   7030.0
 40CW  19-May-25 17:01 0047  S52W           599  599  69                     3   7030.0
 40CW  19-May-25 17:02 0048  OM5B           599  599  78                     3   7030.0
 40CW  19-May-25 17:03 0049  SF6J           599  599  44            SM       3   7030.0
 40CW  19-May-25 17:03 0050  YL2TD          599  599  91            YL       3   7030.0
 40CW  19-May-25 17:04 0051  SM9X           599  599  49                     3   7030.0
 40CW  19-May-25 17:04 0052  HB9BXE         599  599  63                     3   7030.0
 40CW  19-May-25 17:05 0053  SM5S           599  599  33                     3   7030.0
 40CW  19-May-25 17:05 0054  HG5E           599  599  83                     3   7030.0
 40CW  19-May-25 17:06 0055  SP2HHX         599  599  50                     3   7030.0
 40CW  19-May-25 17:07 0056  DR7T           599  599  77                     2   7030.0
 40CW  19-May-25 17:08 0057  ON4EM          599  599  64            ON       3   7030.0
 40CW  19-May-25 17:09 0058  PA3DBS         599  599  47                     3   7030.0
 40CW  19-May-25 17:10 0059  DA2K           599  599  61                     2   7030.0
 80CW  19-May-25 17:13 0060  DR7T           599  599  87            DL       2   3534.3
 80CW  19-May-25 17:14 0061  DR2C           599  599  96                     2   3534.3
 80CW  19-May-25 17:15 0062  DL7YS          599  599  80                     2   3534.3
 80CW  19-May-25 17:16 0063  DL8QS          599  599  87                     2   3534.3
 80CW  19-May-25 17:17 0064  DR3W           599  599  91                     2   3534.3
 80CW  19-May-25 17:17 0065  DF8KY          599  599  47                     2   3534.3
 80CW  19-May-25 17:17 0066  OK1DSZ         599  599  90            OK       3   3534.3
 80CW  19-May-25 17:18 0067  PA2TA          599  599  67            PA       3   3534.3
 80CW  19-May-25 17:22 0068  DM7T           599  599  54                     2   3534.3
 80CW  19-May-25 17:22 0069  DH0GDS         599  599  35                     2   3534.3
 80CW  19-May-25 17:24 0070  OK1TD          599  599  70                     3   3534.3
 80CW  19-May-25 17:25 0071  OM2KI          599  599  119           OM       3   3534.3
 80CW  19-May-25 17:26 0072  OK2PYA         599  599  100                    3   3534.3
 80CW  19-May-25 17:27 0073  OK7NV          599  599  31                     3   3534.3
 80CW  19-May-25 17:28 0074  DJ1OJ          599  599  83                     2   3534.3
 80CW  19-May-25 17:29 0075  DF7YE          599  599  115                    2   3534.3
