 40CW  04-Aug-25 16:30 0001  DF8V           599  599  1             DL       2   7021.3
 40CW  04-Aug-25 16:30 0002  SF6J           599  599  1             SM       3   7020.9
 40CW  04-Aug-25 16:31 0003  OL730PLZ       599  599  2             OK       3   7020.6
 40CW  04-Aug-25 16:31 0004  SD6M           599  599  2                      3   7020.1
 40CW  04-Aug-25 16:31 0005  ON4EM          599  599  6             ON       3   7019.5
 40CW  04-Aug-25 16:32 0006  PA3AAV         599  599  9             PA       3   7019.2
 40CW  04-Aug-25 16:32 0007  YU1XO          599  599  6             YU       3   7019.9
 40CW  04-Aug-25 16:33 0008  OK2BFN         599  599  6                      3   7018.8
 40CW  04-Aug-25 16:33 0009  DK4DS          599  599  2                      2   7018.5
 40CW  04-Aug-25 16:34 0010  SP5Y           599  599  10            SP       3   7018.4
 40CW  04-Aug-25 16:34 0011  IV3DXW         599  599  2             I        3   7018.0
 40CW  04-Aug-25 16:35 0012  LZ5DI          599  599  17            LZ       3   7017.7
 40CW  04-Aug-25 16:36 0013  YL1CAT         599  599  13            YL       3   7017.0
 40CW  04-Aug-25 16:36 0014  PA3DBS         599  599  8                      3   7016.7
 40CW  04-Aug-25 16:38 0015  OH1SIC         599  599  11            OH       3   7017.3
 40CW  04-Aug-25 16:38 0016  SP3MEP         599  599  17                     3   7017.3
 40CW  04-Aug-25 16:38 0017  DR3W           599  599  16                     2   7017.3
 40CW  04-Aug-25 16:39 0018  DR6T           599  599  11                     2   7017.3
 40CW  04-Aug-25 16:39 0019  DR2C           599  599  20                     2   7017.3
 40CW  04-Aug-25 16:40 0020  DF7TS          599  599  13                     2   7017.3
 40CW  04-Aug-25 16:40 0021  OK2NO          599  599  22                     3   7017.3
 40CW  04-Aug-25 16:40 0022  DL4ME          599  599  19                     2   7017.3
 40CW  04-Aug-25 16:40 0023  HB9BXE         599  599  24            HB       3   7017.3
 40CW  04-Aug-25 16:41 0024  OK1NU          599  599  16                     3   7017.3
 40CW  04-Aug-25 16:41 0025  G4LJU          599  599  8             G        3   7017.3
 40CW  04-Aug-25 16:41 0026  OK1TN          599  599  20                     3   7017.3
 40CW  04-Aug-25 16:42 0027  DJ3WE          599  599  18                     2   7017.3
 40CW  04-Aug-25 16:42 0028  OM5CM          599  599  19            OM       3   7017.3
 40CW  04-Aug-25 16:42 0029  DL8QS          599  599  27                     2   7017.3
 40CW  04-Aug-25 16:43 0030  DJ9SN          599  599  19                     2   7017.3
 40CW  04-Aug-25 16:43 0031  LY3QA          599  599  13            LY       3   7017.3
 40CW  04-Aug-25 16:43 0032  DL8QS          599  599  29                     0   7017.3
 40CW  04-Aug-25 16:44 0033  OL8R           599  599  50                     3   7017.3
 40CW  04-Aug-25 16:44 0034  DL7YS          599  599  23                     2   7017.3
 40CW  04-Aug-25 16:44 0035  IN3FHE         599  599  12                     3   7017.3
 40CW  04-Aug-25 16:45 0036  HB9HTF         599  599  22                     3   7017.3
 40CW  04-Aug-25 16:45 0037  OK1DSZ         599  599  35                     3   7017.3
 40CW  04-Aug-25 16:46 0038  OK1YM          599  599  32                     3   7017.3
 40CW  04-Aug-25 16:46 0039  OK1IBP         599  599  32                     3   7017.3
 40CW  04-Aug-25 16:46 0040  OK1FKD         599  599  25                     3   7017.3
 40CW  04-Aug-25 16:47 0041  PA0CT          599  599  28                     3   7017.3
 40CW  04-Aug-25 16:47 0042  DA0BCC         599  599  28                     2   7017.3
 40CW  04-Aug-25 16:47 0043  M4N            599  599  33                     3   7017.3
 40CW  04-Aug-25 16:48 0044  DF1PU          599  599  9                      2   7017.3
 40CW  04-Aug-25 16:48 0045  DM7W           599  599  42                     2   7017.3
 40CW  04-Aug-25 16:48 0046  SP4JFR         599  599  28                     3   7017.3
 40CW  04-Aug-25 16:49 0047  OK1ITK         599  599  17                     3   7017.3
 40CW  04-Aug-25 16:50 0048  DL2NBY         599  599  35                     2   7017.3
 40CW  04-Aug-25 16:50 0049  SP2MKI         599  599  24                     3   7017.3
 40CW  04-Aug-25 16:50 0050  SP8FHK         599  599  44                     3   7017.3
 40CW  04-Aug-25 16:51 0051  OK1TD          599  599  37                     3   7017.3
 40CW  04-Aug-25 16:51 0052  DL1YCF         599  599  17                     2   7017.3
 40CW  04-Aug-25 16:53 0053  OM3ZU          599  599  35                     3   7017.3
 40CW  04-Aug-25 16:54 0054  OK1AMX         599  599  31                     3   7017.3
 40CW  04-Aug-25 16:54 0055  OK2PYA         599  599  38                     3   7017.3
 40CW  04-Aug-25 16:54 0056  DA3T           599  599  37                     2   7017.3
 40CW  04-Aug-25 16:55 0057  PA3DZM         599  599  17                     3   7017.3
 40CW  04-Aug-25 16:55 0058  PA5WT          599  599  37                     3   7017.3
 40CW  04-Aug-25 16:55 0059  OL4W           599  599  45                     3   7017.3
 40CW  04-Aug-25 16:56 0060  PC4H           599  599  41                     3   7017.3
 40CW  04-Aug-25 16:56 0061  DF1LON         599  599  21                     2   7017.3
 40CW  04-Aug-25 16:57 0062  OK1FMX         599  599  40                     3   7017.3
 40CW  04-Aug-25 16:57 0063  DK1KC          599  599  27                     2   7017.3
 40CW  04-Aug-25 16:57 0064  HB9CMW         599  599  18                     3   7017.3
 40CW  04-Aug-25 16:58 0065  SP2QG          599  599  56                     3   7017.3
 40CW  04-Aug-25 16:58 0066  OK1JAX         599  599  56                     3   7017.3
 40CW  04-Aug-25 16:58 0067  IK5TBK         599  599  12                     3   7017.3
 40CW  04-Aug-25 16:59 0068  HA6NL          599  599  64            HA       3   7017.3
 40CW  04-Aug-25 17:00 0069  SE5T           599  599  51                     3   7017.3
 40CW  04-Aug-25 17:01 0070  OK5M           599  599  78                     3   7008.9
 40CW  04-Aug-25 17:02 0071  OK1OA          599  599  66                     3   7010.4
 40CW  04-Aug-25 17:03 0072  DL3KWF         599  599  50                     2   7011.5
 40CW  04-Aug-25 17:03 0073  SD1A           599  599  54                     3   7011.0
 40CW  04-Aug-25 17:03 0074  G0TRT          599  599  32                     3   7012.6
 40CW  04-Aug-25 17:04 0075  DC8YZ          599  599  41                     2   7013.7
 40CW  04-Aug-25 17:05 0076  OK1KKI         599  599  18                     3   7014.6
 40CW  04-Aug-25 17:05 0077  S51J           599  599  46            S5       3   7015.1
 40CW  04-Aug-25 17:06 0078  OK1OFM         599  599  32                     3   7020.4
 40CW  04-Aug-25 17:07 0079  YU5A           599  599  39                     3   7020.6
 40CW  04-Aug-25 17:07 0080  S52W           599  599  83                     3   7021.9
 40CW  04-Aug-25 17:08 0081  SP2XX          599  599  74                     3   7024.1
 40CW  04-Aug-25 17:09 0082  SO3O           599  599  66                     3   7024.4
 40CW  04-Aug-25 17:10 0083  SM6TOL         599  599  64                     3   7025.1
 40CW  04-Aug-25 17:11 0084  OK2EA          599  599  87                     3   7025.4
 40CW  04-Aug-25 17:12 0085  DL5YM          599  599  73                     2   7026.0
 40CW  04-Aug-25 17:12 0086  SP9OUV         599  599  50                     3   7027.1
 40CW  04-Aug-25 17:13 0087  DJ4WT          599  599  38                     2   7027.6
 40CW  04-Aug-25 17:13 0088  IU4JNR         599  599  62                     3   7028.0
 40CW  04-Aug-25 17:14 0089  SN5N           599  599  100                    3   7029.0
 40CW  04-Aug-25 17:14 0090  OK2IW          599  599  47                     3   7029.8
 40CW  04-Aug-25 17:15 0091  SE5V           599  599  33                     3   7030.4
 40CW  04-Aug-25 17:15 0092  OK5NZ          599  599  50                     3   7030.8
 80CW  04-Aug-25 17:18 0093  SN1T           599  599  125           SP       3   3534.4
 80CW  04-Aug-25 17:18 0094  DR3W           599  599  86            DL       2   3534.4
 80CW  04-Aug-25 17:18 0095  OK1AY          599  599  27            OK       3   3534.4
 80CW  04-Aug-25 17:20 0096  OK1FMX         599  599  64                     3   3534.4
 80CW  04-Aug-25 17:20 0097  OK2PYA         599  599  78                     3   3534.4
 80CW  04-Aug-25 17:21 0098  DM6EE          599  599  22                     2   3534.4
 80CW  04-Aug-25 17:22 0099  DL2CC          599  599  118                    2   3534.4
 80CW  04-Aug-25 17:23 0100  SP3MEP         599  599  116                    3   3534.4
 80CW  04-Aug-25 17:23 0101  OK1DOL         599  599  128                    3   3534.4
 80CW  04-Aug-25 17:23 0102  IU4JNR         599  599  74            I        3   3534.4
 80CW  04-Aug-25 17:24 0103  DL8QS          599  599  94                     2   3534.4
 80CW  04-Aug-25 17:25 0104  DL7YS          599  599  85                     2   3534.4
 80CW  04-Aug-25 17:26 0105  SP3VT          599  599  36                     3   3534.4
 80CW  04-Aug-25 17:27 0106  DF8V           599  599  91                     2   3523.8
 80CW  04-Aug-25 17:29 0107  OK1DSZ         599  599  123                    3   3531.8
