 40CW  27-Nov-25 07:19 0001  IK3VUT         599  599  Luca 3241     IK3VUT   1   7033.7
 40CW  27-Nov-25 07:19 0002  K3MM           599  599  Ty 114        K3MM     1   7032.5
 40CW  27-Nov-25 07:20 0003  9A1AA          599  599  Ivo 2447      9A1AA    1   7031.8
 40CW  27-Nov-25 07:21 0004  EA6BF          599  599  Josep 3072    EA6BF    1   7030.3
 40CW  27-Nov-25 07:21 0005  PA3AAV         599  599  Gert 2624     PA3AAV   1   7029.1
 40CW  27-Nov-25 07:23 0006  SC6O           599  599  Ben 3519      SC6O     1   7026.6
 40CW  27-Nov-25 07:24 0007  SM5IMO         599  599  Dan 1854      SM5IMO   1   7031.4
 40CW  27-Nov-25 07:24 0008  IU3BRO         599  599  Tilio I       IU3BRO   1   7031.4
 40CW  27-Nov-25 07:27 0009  N3JT           599  599  Jim 1         N3JT     1   7031.4
 40CW  27-Nov-25 07:27 0010  SM5S           599  599  GI 2094       SM5S     1   7031.4
 40CW  27-Nov-25 07:28 0011  SP4JFR         599  599  Bolo 3227     SP4JFR   1   7031.4
 40CW  27-Nov-25 07:28 0012  M0WXG          599  599  Shirley 3488  M0WXG    1   7031.4
 40CW  27-Nov-25 07:29 0013  M0WXG          599  599  Shirley 3488           0   7031.4
 40CW  27-Nov-25 07:30 0014  M0ITM          599  599  Andy 3669     M0ITM    1   7031.4
 40CW  27-Nov-25 07:31 0015  LY6A           599  599  Rim LY        LY6A     1   7031.4
 40CW  27-Nov-25 07:32 0016  HA6NL          599  599  Laci 3400     HA6NL    1   7031.4
 40CW  27-Nov-25 07:32 0017  LY2J           599  599  Pranas LY     LY2J     1   7031.4
 40CW  27-Nov-25 07:33 0018  SM5ACQ         599  599  Don 1573      SM5ACQ   1   7031.4
 40CW  27-Nov-25 07:35 0019  I5EFO          599  599  Emil 1486     I5EFO    1   7031.4
 40CW  27-Nov-25 07:36 0020  SM7CIL         599  599  Arne 1410     SM7CIL   1   7031.4
 40CW  27-Nov-25 07:36 0021  MM2T           599  599  Phil 3456     MM2T     1   7031.4
 40CW  27-Nov-25 07:37 0022  ON4ATK         599  599  TU            ON4ATK   1   7031.4
 40CW  27-Nov-25 07:38 0023  OH3BCX         599  599  Zaba 1856     OH3BCX   1   7031.4
 40CW  27-Nov-25 07:39 0024  MM0UMH         599  599  Les 3509      MM0UMH   1   7031.4
 40CW  27-Nov-25 07:40 0025  SM6F           599  599  Lars 173      SM6F     1   7031.4
 40CW  27-Nov-25 07:41 0026  DL1NKB         599  599  Bernd 2486    DL1NKB   1   7031.4
 40CW  27-Nov-25 07:41 0027  DR3W           599  599  MIKE DL       DR3W     1   7031.4
 40CW  27-Nov-25 07:43 0028  G4RCG          599  599  John 2379     G4RCG    1   7031.4
 20CW  27-Nov-25 07:44 0029  EA6BF          599  599  Josep 3072             1  14027.2
 20CW  27-Nov-25 07:45 0030  9A1AA          599  599  Ivo 2447               1  14041.0
 20CW  27-Nov-25 07:49 0031  Z35M           599  599  Vlado Z3      Z35M     1  14034.5
 20CW  27-Nov-25 07:50 0032  HA6NL          599  599  Laci 3400              1  14034.0
 20CW  27-Nov-25 07:51 0033  IT9SSI         599  599  Dario 2137    IT9SSI   1  14035.0
 20CW  27-Nov-25 07:52 0034  ZA1RR          599  599  Miri 3279     ZA1RR    1  14031.4
 40CW  27-Nov-25 07:55 0035  M0BEW          599  599  Tim 2985      M0BEW    1   7032.0
 40CW  27-Nov-25 07:56 0036  HB9BJL         599  599  Chris 2541    HB9BJL   1   7033.8
 40CW  27-Nov-25 07:57 0037  SD1A           599  599  Eric 1718     SD1A     1   7031.0
 40CW  27-Nov-25 07:59 0038  ON7PQ          599  599  Pat 2365      ON7PQ    1   7028.3
