 10CW  24-May-25 19:12 0001  LP1H           599  599  753           LU       5  28025.1
 10CW  24-May-25 19:13 0002  PY3TD          599  599  453           PY       5  28026.2
 10CW  24-May-25 19:14 0003  PY2FRQ         599  599  149                    5  28030.6
 10CW  24-May-25 19:16 0004  LU9GBR         599  599  265                    5  28040.0
 10CW  24-May-25 19:17 0005  LU3WC          599  599  352                    5  28046.0
 10CW  24-May-25 19:18 0006  PY1NSC         599  599  156                    5  28048.0
 10CW  24-May-25 19:20 0007  EC1A           599  599  84            EA       3  28024.0
 10CW  24-May-25 19:24 0008  PT5J           599  599  1351                   5  28010.0
 10CW  24-May-25 19:25 0009  ZP6WX          599  599  508           ZP       5  28008.8
 10CW  24-May-25 19:26 0010  LT6T           599  599  479                    5  28008.0
 10CW  24-May-25 19:30 0011  D4DX           599  599  2614          D4       5  28031.5
 10CW  24-May-25 19:31 0012  FY5KE          599  599  824           FY       5  28048.5
 10CW  24-May-25 19:33 0013  LU5HCB         599  599  35                     5  28049.3
 10CW  24-May-25 19:34 0014  XQ3WD          599  599  271           CE       5  28050.5
 10CW  24-May-25 19:34 0015  LU4HK          599  599  173                    5  28059.2
 10CW  24-May-25 19:36 0016  8P5A           599  599  2812          8P       5  28055.3
 10CW  24-May-25 19:38 0017  PR2E           599  599  375                    5  28000.4
 10CW  24-May-25 19:38 0018  PS2T           599  599  777                    5  28003.1
 15CW  24-May-25 19:40 0019  UN3M           599  599  982           UN       5  21000.8
 15CW  24-May-25 19:41 0020  KM9P           599  599  1052          K        5  21002.8
 15CW  24-May-25 19:41 0021  4X6FR          599  599  356           4X       5  21003.1
 15CW  24-May-25 19:42 0022  RT4F           599  599  1910          UA       3  21005.0
 15CW  24-May-25 19:43 0023  K3LR           599  599  1150                   5  21001.6
 15CW  24-May-25 19:44 0024  9A6M           599  599  1433          9A       3  21004.2
 15CW  24-May-25 19:44 0025  PR1T           599  599  1634          PY       5  21005.5
 15CW  24-May-25 19:45 0026  ZZ2O           599  599  669                    5  21006.0
 15CW  24-May-25 19:46 0027  KK5I           599  599  1328                   5  21007.2
 15CW  24-May-25 19:47 0028  NS0R           599  599  1174                   5  21007.8
 15CW  24-May-25 19:48 0029  UA7K           599  599  1304                   3  21008.2
 15CW  24-May-25 19:50 0030  KC1XX          599  599  1338                   5  21010.6
 15CW  24-May-25 19:50 0031  R4DI           599  599  10                     3  21011.1
 15CW  24-May-25 19:51 0032  KP2M           599  599  1858          KP2      5  21011.7
 15CW  24-May-25 19:53 0033  CR3DX          599  599  1858          CT3      5  21013.3
 15CW  24-May-25 19:55 0034  WX0B           599  599  2153                   5  21017.0
 15CW  24-May-25 19:56 0035  OQ5M           599  599  1065          ON       3  21018.4
 15CW  24-May-25 19:58 0036  TI8X           599  599  1239          TI       5  21019.3
 15CW  24-May-25 20:00 0037  TM8K           599  599  1411          F        3  21019.6
 15CW  24-May-25 20:00 0038  LT1F           599  599  515           LU       5  21020.4
 15CW  24-May-25 20:01 0039  XR3A           599  599  723           CE       5  21021.7
 15CW  24-May-25 20:01 0040  S53M           599  599  654           S5       3  21022.0
 15CW  24-May-25 20:02 0041  N6NT           599  599  1182                   5  21023.1
 15CW  24-May-25 20:04 0042  VU7T           599  599  1888          VU7      5  21023.6
 15CW  24-May-25 20:07 0043  DJ2YA          599  599  1385          DL       2  21024.3
 15CW  24-May-25 20:10 0044  KP2B           599  599  1582                   5  21026.0
 15CW  24-May-25 20:12 0045  4O4A           599  599  232           4O       3  21026.7
 15CW  24-May-25 20:13 0046  TM1X           599  599  1481                   3  21029.2
 15CW  24-May-25 20:15 0047  VP5M           599  599  1916          VP5      5  21031.2
 15CW  24-May-25 20:16 0048  VY2TT          599  599  2143          VE       5  21033.6
 15CW  24-May-25 20:17 0049  WI0WA          599  599  15                     5  21034.4
 15CW  24-May-25 20:19 0050  JL3JRY         599  599  46            JA       5  21035.4
 15CW  24-May-25 20:20 0051  VE3EJ          599  599  1652                   5  21035.7
 15CW  24-May-25 20:20 0052  WK1O           599  599  253                    5  21036.5
 15CW  24-May-25 20:24 0053  HA8FK          599  599  679           HA       3  21036.9
 15CW  24-May-25 20:25 0054  TM4ZZ          599  599  1427                   3  21037.4
 15CW  24-May-25 20:26 0055  PW2F           599  599  1670                   5  21038.4
 15CW  24-May-25 20:27 0056  P44W           599  599  1798          P4       5  21042.6
 15CW  24-May-25 20:29 0057  WG4R           599  599  730                    5  21043.8
 15CW  24-May-25 20:30 0058  OG1F           599  599  918           OH       3  21045.2
 15CW  24-May-25 20:35 0059  ND3T           599  599  2561                   5  21053.1
 15CW  24-May-25 20:36 0060  CT7BJG         599  599  951           CT       3  21054.4
 15CW  24-May-25 20:36 0061  LN8W           599  599  730           LA       3  21055.3
 15CW  24-May-25 20:37 0062  CQ9A           599  599  3521                   5  21057.0
 15CW  24-May-25 20:38 0063  4T4O           599  599  478           OA       5  21057.3
 15CW  24-May-25 20:39 0064  8P5A           599  599  3003          8P       5  21057.7
 15CW  24-May-25 20:42 0065  JE1LFX         599  599  452                    5  21055.7
 15CW  24-May-25 20:44 0066  CN100IARU      599  599  1135          CN       5  21068.7
 15CW  24-May-25 20:44 0067  OH0V           599  599  1161          OH0      3  21069.4
 15CW  24-May-25 20:46 0068  RG2A           599  599  1319                   3  21066.3
 15CW  24-May-25 20:47 0069  UI5A           599  599  1307                   3  21066.3
 15CW  24-May-25 20:49 0070  3D2SP          599  599  594           3D2      5  21067.0
 15CW  24-May-25 20:50 0071  AA3B           599  599  1918                   5  21067.9
 40CW  24-May-25 20:53 0072  OK5TFC         599  599  257           OK       3   7041.3
 40CW  24-May-25 20:54 0073  DL5NEN         599  599  8             DL       2   7041.3
 40CW  24-May-25 20:54 0074  Z32TO          599  599  790           Z3       3   7041.3
 40CW  24-May-25 20:54 0075  M9N            599  599  40            G        3   7041.3
 40CW  24-May-25 20:55 0076  SP8BXL         599  599  87            SP       3   7041.3
 40CW  24-May-25 20:55 0077  DK1FT          599  599  431                    2   7041.3
 40CW  24-May-25 20:56 0078  HA6QU          599  599  646           HA       3   7041.3
 40CW  24-May-25 20:56 0079  UT7W           599  599  534           UR       3   7041.3
 40CW  24-May-25 20:57 0080  SQ9FMU         599  599  190                    3   7041.3
 40CW  24-May-25 20:57 0081  DH0GHU         599  599  696                    2   7041.3
 40CW  24-May-25 20:57 0082  SC6O           599  599  575           SM       3   7041.3
 40CW  24-May-25 20:58 0083  G4N            599  599  454                    3   7041.3
 40CW  24-May-25 20:58 0084  UT4LW          599  599  1624                   3   7041.3
 40CW  24-May-25 20:58 0085  LN8W           599  599  958           LA       3   7041.3
 40CW  24-May-25 20:59 0086  DL3FCG         599  599  120                    2   7041.3
 40CW  24-May-25 20:59 0087  ON6LO          599  599  168           ON       3   7041.3
 40CW  24-May-25 20:59 0088  I2IFT          599  599  904           I        3   7041.3
 40CW  24-May-25 21:00 0089  SN9S           599  599  431                    3   7041.3
 40CW  24-May-25 21:00 0090  UT8SQ          599  599  266                    3   7041.3
 40CW  24-May-25 21:01 0091  PA7KY          599  599  330           PA       3   7041.3
 40CW  24-May-25 21:01 0092  LZ1GE          599  599  205           LZ       3   7041.3
 40CW  24-May-25 21:01 0093  DJ8EW          599  599  358                    2   7041.3
 40CW  24-May-25 21:02 0094  EA5BM          599  599  463           EA       3   7041.3
 40CW  24-May-25 21:03 0095  LZ5R           599  599  1092                   3   7041.3
 40CW  24-May-25 21:03 0096  UA7K           599  599  886           UA       3   7041.3
 40CW  24-May-25 21:04 0097  PC5Q           599  599  275                    3   7041.3
 40CW  24-May-25 21:04 0098  UR5WX          599  599  93                     3   7041.3
 40CW  24-May-25 21:05 0099  IZ4JMA         599  599  437                    3   7041.3
 40CW  24-May-25 21:06 0100  R8TT           599  599  687           UA9      5   7041.3
 40CW  24-May-25 21:06 0101  DK4LX          599  599  419                    2   7041.3
 40CW  24-May-25 21:07 0102  OK1Z           599  599  915                    3   7041.3
 40CW  24-May-25 21:07 0103  OV3X           599  599  491           OZ       3   7041.3
 40CW  24-May-25 21:08 0104  UA4M           599  599  1733                   3   7041.3
 40CW  24-May-25 21:08 0105  R8WX           599  599  417                    5   7041.3
 40CW  24-May-25 21:09 0106  SV1AZL         599  599  126           SV       3   7041.3
 40CW  24-May-25 21:09 0107  LZ9W           599  599  797                    3   7041.3
 40CW  24-May-25 21:10 0108  UZ1WW          599  599  474                    3   7041.3
 40CW  24-May-25 21:10 0109  PA2W           599  599  148                    3   7041.3
 40CW  24-May-25 21:11 0110  YO5AVN         599  599  731           YO       3   7041.3
 40CW  24-May-25 21:12 0111  DK1KC          599  599  453                    2   7041.3
 40CW  24-May-25 21:13 0112  R2LM           599  599  203                    3   7041.3
 40CW  24-May-25 21:14 0113  UT3SO          599  599  548                    3   7041.3
 40CW  24-May-25 21:15 0114  RM9I           599  599  1896                   5   7041.3
 40CW  24-May-25 21:15 0115  SP9OUV         599  599  41                     3   7041.3
 40CW  24-May-25 21:16 0116  YT0Z           599  599  1041          YU       3   7041.3
 40CW  24-May-25 21:17 0117  OK1TRJ         599  599  126                    3   7041.3
 40CW  24-May-25 21:18 0118  SN7O           599  599  1164                   3   7041.3
 40CW  24-May-25 21:18 0119  CN100IARU      599  599  140           CN       5   7042.0
 40CW  24-May-25 21:19 0120  IZ8XXE         599  599  387                    3   7042.5
 40CW  24-May-25 21:19 0121  DK2FG          599  599  648                    2   7042.9
 40CW  24-May-25 21:20 0122  LZ3TL          599  599  112                    3   7043.4
 40CW  24-May-25 21:21 0123  UW5Y           599  599  756                    3   7044.1
 40CW  24-May-25 21:21 0124  OZ5W           599  599  1147                   3   7045.9
 40CW  24-May-25 21:22 0125  EA5GX          599  599  275                    3   7047.0
 40CW  24-May-25 21:23 0126  E7/S50B        599  599  39            E7       3   7050.1
 40CW  24-May-25 21:23 0127  M5M            599  599  205                    3   7050.8
 40CW  24-May-25 21:24 0128  Z35F           599  599  544                    3   7051.1
 40CW  24-May-25 21:25 0129  SP1AEN         599  599  795                    3   7054.2
 40CW  24-May-25 21:26 0130  4Z5LY          599  599  1009          4X       5   7055.8
 40CW  24-May-25 21:27 0131  SF1Z           599  599  434                    3   7056.5
 40CW  24-May-25 21:28 0132  DR4A           599  599  1299                   2   7058.6
 40CW  24-May-25 21:28 0133  SP7CF          599  599  457                    3   7059.0
 40CW  24-May-25 21:29 0134  E77G           599  599  287                    3   7060.4
 40CW  24-May-25 21:30 0135  TF3EO          599  599  303           TF       3   7039.7
 40CW  24-May-25 21:31 0136  CQ3W           599  599  2073          CT3      5   7038.8
 40CW  24-May-25 21:32 0137  OE5OHO         599  599  373           OE       3   7038.0
 40CW  24-May-25 21:33 0138  ON6NL          599  599  1030                   3   7037.0
 40CW  24-May-25 21:33 0139  DF8V           599  599  532                    2   7037.7
 40CW  24-May-25 21:34 0140  EE8E           599  599  1649          EA8      5   7035.8
 40CW  24-May-25 21:36 0141  PT1M           599  599  652           PY       5   7019.0
 40CW  24-May-25 21:38 0142  9A4V           599  599  892           9A       3   7019.4
 40CW  24-May-25 21:38 0143  SP5ELA         599  599  172                    3   7020.0
 40CW  24-May-25 21:39 0144  DF7CP          599  599  90                     2   7020.4
 40CW  24-May-25 21:39 0145  9A7V           599  599  1114                   3   7020.9
 40CW  24-May-25 21:40 0146  OZ1HDF         599  599  473                    3   7021.5
 20CW  24-May-25 21:40 0147  ES9C           599  599  2035          ES       3  14048.1
 20CW  24-May-25 21:41 0148  ED5U           599  599  909           EA       3  14051.5
 20CW  24-May-25 21:42 0149  AD4TR          599  599  1568          K        5  14052.5
 20CW  24-May-25 21:43 0150  DK9PY          599  599  1769          DL       2  14053.0
160CW  24-May-25 21:46 0151  OK4U           599  599  139           OK       3   1835.8
160CW  24-May-25 21:48 0152  DL1BUG         599  599  754           DL       2   1834.4
160CW  24-May-25 21:48 0153  SP2HMT         599  599  204           SP       3   1834.1
160CW  24-May-25 21:51 0154  LY0UKR         599  599  289           LY       3   1832.1
160CW  24-May-25 21:53 0155  IK0XBX         599  599  80            I        3   1828.9
160CW  24-May-25 21:54 0156  S56X           599  599  246           S5       3   1826.6
160CW  24-May-25 21:54 0157  M0RYB/P        599  599  82            G        3   1823.6
160CW  24-May-25 21:55 0158  TM19REF        599  599  386           F        3   1822.5
160CW  24-May-25 21:55 0159  9A1A           599  599  286           9A       3   1815.0
160CW  24-May-25 21:57 0160  DR5X           599  599  1267                   2   1832.6
160CW  24-May-25 21:58 0161  M6T            599  599  123                    3   1837.5
 20CW  24-May-25 22:00 0162  DJ2YA          599  599  1579                   2  14050.4
 20CW  24-May-25 22:00 0163  W8FJ           599  599  937                    5  14050.9
 20CW  24-May-25 22:01 0164  VE3NE          599  599  773           VE       5  14051.2
 20CW  24-May-25 22:02 0165  N7NA           599  599  735                    5  14054.6
 20CW  24-May-25 22:03 0166  PE3T           599  599  72            PA       3  14055.0
 20CW  24-May-25 22:03 0167  EF5Y           599  599  2265                   3  14055.9
 20CW  24-May-25 22:04 0168  CR3DX          599  599  2166          CT3      5  14056.2
 20CW  24-May-25 22:04 0169  NS4T           599  599  621                    5  14056.6
 20CW  24-May-25 22:05 0170  BA7LOK         599  599  1309          BY       5  14056.9
 20CW  24-May-25 22:08 0171  VL2G           599  599  185           VK       5  14057.7
 20CW  24-May-25 22:10 0172  DP7D           599  599  911                    2  14060.8
 20CW  24-May-25 22:11 0173  OM2VL          599  599  1716          OM       3  14061.2
 20CW  24-May-25 22:12 0174  KP2B           599  599  1767          KP2      5  14061.7
 20CW  24-May-25 22:12 0175  K6NR           599  599  503                    5  14062.7
 20CW  24-May-25 22:13 0176  NI4W           599  599  981                    5  14063.0
 20CW  24-May-25 22:14 0177  TM160ITU       599  599  717           F        3  14064.6
 20CW  24-May-25 22:14 0178  WY3A           599  599  523                    5  14065.0
 20CW  24-May-25 22:15 0179  LY2XW          599  599  922           LY       3  14067.1
 20CW  24-May-25 22:16 0180  NE2V           599  599  712                    5  14067.4
 20CW  24-May-25 22:16 0181  VA3OKG         599  599  578                    5  14068.2
 20CW  24-May-25 22:17 0182  N9NC           599  599  366                    5  14068.4
 20CW  24-May-25 22:18 0183  D4DX           599  599  3074          D4       5  14069.1
 20CW  24-May-25 22:19 0184  KX8AA          599  599  707                    5  14069.6
 20CW  24-May-25 22:20 0185  AA3B           599  599  2073                   5  14070.4
 20CW  24-May-25 22:20 0186  WJ1U           599  599  830                    5  14070.7
 20CW  24-May-25 22:23 0187  R4LR           599  599  889           UA       3  14066.5
 20CW  24-May-25 22:24 0188  KB4DX          599  599  950                    5  14066.5
 20CW  24-May-25 22:26 0189  K6WSC          599  599  275                    5  14066.5
 20CW  24-May-25 22:26 0190  K3LR           599  599  1565                   5  14066.5
 20CW  24-May-25 22:29 0191  VP5M           599  599  2125          VP5      5  14057.9
 20CW  24-May-25 22:30 0192  DD2D           599  599  970                    2  14036.3
 20CW  24-May-25 22:31 0193  EA1X           599  599  1046                   3  14035.4
 20CW  24-May-25 22:32 0194  HG40CW         599  599  1806          HA       3  14035.0
 20CW  24-May-25 22:33 0195  KA1EFO         599  599  57                     5  14032.5
 20CW  24-May-25 22:33 0196  VA2WA          599  599  2148                   5  14032.3
 20CW  24-May-25 22:34 0197  K1VMT          599  599  143                    5  14031.9
 20CW  24-May-25 22:35 0198  9H6A           599  599  1023          9H       3  14028.0
 20CW  24-May-25 22:35 0199  OL5W           599  599  1738          OK       3  14027.3
 20CW  24-May-25 22:37 0200  HA8A           599  599  1596                   3  14023.7
 20CW  25-May-25 07:50 0201  LZ9W           599  599  2235          LZ       3  14028.8
 20CW  25-May-25 07:52 0202  SK0QO          599  599  1063          SM       3  14030.4
 20CW  25-May-25 07:54 0203  RK3LC          599  599  38                     3  14031.6
 20CW  25-May-25 07:55 0204  YO4NF          599  599  1626          YO       3  14032.4
 20CW  25-May-25 07:57 0205  P30A           599  599  2761          5B       5  14033.0
 20CW  25-May-25 07:59 0206  OM3CW          599  599  909                    3  14038.7
 20CW  25-May-25 08:00 0207  YL1YF          599  599  534           YL       3  14039.5
 20CW  25-May-25 08:01 0208  DR4A           599  599  1992                   2  14040.5
 20CW  25-May-25 08:02 0209  UC7N           599  599  358                    3  14041.2
 20CW  25-May-25 08:02 0210  SP9JZT         599  599  699           SP       3  14042.7
 20CW  25-May-25 08:03 0211  YO6FNA         599  599  292                    3  14043.4
 20CW  25-May-25 08:04 0212  OE3XAS         599  599  1055          OE       3  14044.8
 20CW  25-May-25 08:05 0213  YU3A           599  599  1175          YU       3  14045.0
 20CW  25-May-25 08:05 0214  LY6M           599  599  592                    3  14045.6
 20CW  25-May-25 08:06 0215  EU1DC          599  599  729           EU       3  14046.3
 20CW  25-May-25 08:07 0216  UW5Y           599  599  1892          UR       3  14048.1
 20CW  25-May-25 08:07 0217  EU3U           599  599  302                    3  14048.7
 20CW  25-May-25 08:08 0218  YT7X           599  599  441                    3  14049.7
 20CW  25-May-25 08:09 0219  LY2MM          599  599  1171                   3  14052.4
 20CW  25-May-25 08:10 0220  RM3F           599  599  2421                   3  14053.9
 20CW  25-May-25 08:10 0221  IK0YVV         599  599  331           I        3  14054.7
 20CW  25-May-25 08:12 0222  PA5KT          599  599  930                    3  14057.5
 20CW  25-May-25 08:12 0223  OH0V           599  599  1629          OH0      3  14058.3
 20CW  25-May-25 08:13 0224  IN3FHE         599  599  177                    3  14059.5
 20CW  25-May-25 08:14 0225  9A1AA          599  599  742           9A       3  14061.0
 20CW  25-May-25 08:15 0226  UG3G           599  599  1199                   3  14061.5
 20CW  25-May-25 08:19 0227  EA1WH          599  599  952                    3  14068.0
 20CW  25-May-25 08:21 0228  HG6C           599  599  432                    3  14063.6
 20CW  25-May-25 08:21 0229  UA9LAO         599  599  924           UA9      5  14063.6
 20CW  25-May-25 08:22 0230  TM6M           599  599  1526                   3  14063.6
 20CW  25-May-25 08:22 0231  RT4F           599  599  2204                   3  14063.6
 20CW  25-May-25 08:23 0232  DR1D           599  599  3609                   2  14063.6
 20CW  25-May-25 08:24 0233  LY2DX          599  599  639                    3  14063.6
 20CW  25-May-25 08:25 0234  US3EW          599  599  399                    3  14063.6
 20CW  25-May-25 08:25 0235  LY7T           599  599  1096                   3  14063.6
 20CW  25-May-25 08:26 0236  SC7DX          599  599  946                    3  14063.6
 20CW  25-May-25 08:27 0237  IK0PXD         599  599  59                     3  14063.6
 20CW  25-May-25 08:29 0238  UT5EPP         599  599  317                    3  14063.6
 10CW  25-May-25 09:02 0239  EU8U           599  599  2257          EU       3  28026.4
 10CW  25-May-25 09:03 0240  EW2ZC          599  599  506                    3  28028.0
 10CW  25-May-25 09:04 0241  EW3LN          599  599  389                    3  28029.1
 10CW  25-May-25 09:05 0242  RU1A           599  599  208           UA       3  28022.3
 10CW  25-May-25 09:06 0243  UN5G           599  599  722           UN       5  28019.1
 10CW  25-May-25 09:06 0244  YL2SM          599  599  60            YL       3  28017.3
 10CW  25-May-25 09:07 0245  9K2HN          599  599  3198          9K       5  28014.1
 10CW  25-May-25 09:08 0246  5Z4A           599  599  1442          5Z       5  28004.7
 10CW  25-May-25 09:10 0247  LZ4TX          599  599  482           LZ       3  28000.5
 10CW  25-May-25 09:14 0248  4K6FO          599  599  748           4J       5  28027.8
 10CW  25-May-25 09:18 0249  ES9C           599  599  320           ES       3  28036.0
 10CW  25-May-25 09:18 0250  A62A           599  599  1205          A6       5  28036.7
 10CW  25-May-25 09:19 0251  OG3B           599  599  201           OH       3  28037.6
 10CW  25-May-25 09:20 0252  OG1F           599  599  175                    3  28043.0
 10CW  25-May-25 09:23 0253  A71WW          599  599  2137          A7       5  28047.4
 10CW  25-May-25 09:25 0254  7Z1GD          599  599  585           HZ       5  28052.8
 10CW  25-May-25 09:28 0255  3W9A           599  599  1391          3W       5  28041.0
 10CW  25-May-25 09:32 0256  RG6G           599  599  516                    3  28024.5
 10CW  25-May-25 09:33 0257  4Z5ML          599  599  583           4X       5  28020.5
 15CW  25-May-25 09:38 0258  P3AA           599  599  5163          5B       5  21000.3
 15CW  25-May-25 09:38 0259  ES7A           599  599  2096          ES       3  21001.0
 15CW  25-May-25 09:39 0260  B1Z            599  599  1478          BY       5  21002.6
 15CW  25-May-25 09:39 0261  UA9MA          599  599  1462          UA9      5  21003.5
 15CW  25-May-25 09:39 0262  RU1A           599  599  1922                   3  21004.2
 15CW  25-May-25 09:40 0263  UW4E           599  599  1555          UR       3  21005.5
 15CW  25-May-25 09:41 0264  YO8DOH         599  599  1325          YO       3  21009.3
 15CW  25-May-25 09:42 0265  LZ6K           599  599  740           LZ       3  21013.3
 15CW  25-May-25 09:43 0266  UT3EV          599  599  676                    3  21014.0
 15CW  25-May-25 09:48 0267  JA3YBK         599  599  1750                   5  21018.2
 15CW  25-May-25 09:49 0268  SF1Z           599  599  655           SM       3  21018.7
 15CW  25-May-25 09:53 0269  IB9R           599  599  1405          IT9      3  21019.2
 15CW  25-May-25 09:55 0270  UG3G           599  599  1089                   3  21020.1
 15CW  25-May-25 09:57 0271  UR7LY          599  599  656                    3  21021.7
 15CW  25-May-25 09:58 0272  A71WW          599  599  2215          A7       5  21024.5
 15CW  25-May-25 10:00 0273  RV3ZN          599  599  805                    3  21024.8
 15CW  25-May-25 10:03 0274  RT5Z           599  599  1179                   3  21049.2
 15CW  25-May-25 10:04 0275  YO4NF          599  599  1739                   3  21049.2
 15CW  25-May-25 10:04 0276  LZ5R           599  599  1986                   3  21049.2
 15CW  25-May-25 10:05 0277  R7OV           599  599  330                    3  21049.2
 15CW  25-May-25 10:05 0278  SV1IU          599  599  210           SV       3  21049.2
 15CW  25-May-25 10:06 0279  UT4LW          599  599  1938                   3  21049.2
 15CW  25-May-25 10:06 0280  UR4LIN         599  599  185                    3  21049.2
 15CW  25-May-25 10:07 0281  SP9EMI         599  599  84            SP       3  21049.2
 15CW  25-May-25 10:07 0282  UN8PT          599  599  551                    5  21049.2
 15CW  25-May-25 10:08 0283  TA2BD          599  599  341           TA       5  21049.2
 15CW  25-May-25 10:10 0284  LZ1EV          599  599  392                    3  21049.2
 15CW  25-May-25 10:12 0285  HA5GF          599  599  490                    3  21049.2
 15CW  25-May-25 10:12 0286  RQ9O           599  599  3406                   5  21049.2
 15CW  25-May-25 10:12 0287  EW1P           599  599  1238          EU       3  21049.2
 15CW  25-May-25 10:13 0288  LZ1QV          599  599  663                    3  21049.2
 15CW  25-May-25 10:14 0289  UA3R           599  599  663                    3  21049.2
 15CW  25-May-25 10:14 0290  YU0X           599  599  764           YU       3  21049.2
 15CW  25-May-25 10:15 0291  R9XS           599  599  413                    3  21049.2
 15CW  25-May-25 10:15 0292  UA3UBT         599  599  344                    3  21049.2
 15CW  25-May-25 10:16 0293  R6XD           599  599  178                    3  21049.2
 15CW  25-May-25 10:17 0294  RA4Y           599  599  36                     3  21049.2
 15CW  25-May-25 10:17 0295  RA0R           599  599  1403                   5  21049.2
 15CW  25-May-25 10:18 0296  RT9C           599  599  1660                   5  21049.2
 15CW  25-May-25 10:18 0297  UF5A           599  599  549                    3  21049.2
 15CW  25-May-25 10:22 0298  YU1AT          599  599  151                    3  21049.2
 15CW  25-May-25 10:22 0299  R4FDH          599  599  218                    3  21049.2
 15CW  25-May-25 10:23 0300  HA2EOU         599  599  742                    3  21049.2
 15CW  25-May-25 10:24 0301  UT8EU          599  599  313                    3  21049.2
 15CW  25-May-25 10:25 0302  SV1RK          599  599  269                    3  21049.2
 15CW  25-May-25 10:26 0303  R3RK           599  599  419                    3  21049.2
 15CW  25-May-25 10:27 0304  A62A           599  599  2054          A6       5  21049.2
 15CW  25-May-25 10:27 0305  UA6LCN         599  599  857                    3  21049.2
 15CW  25-May-25 10:28 0306  UN4Q           599  599  2137                   5  21049.2
 15CW  25-May-25 10:29 0307  UY5LW          599  599  497                    3  21049.2
 15CW  25-May-25 10:31 0308  UA9XL          599  599  311                    3  21049.2
 15CW  25-May-25 10:33 0309  HA5BA          599  599  784                    3  21049.2
 15CW  25-May-25 10:33 0310  ES9C           599  599  2196                   3  21049.2
 15CW  25-May-25 10:33 0311  R7AC           599  599  314                    3  21049.2
 15CW  25-May-25 10:34 0312  OM3YCA         599  599  156           OM       3  21049.2
 15CW  25-May-25 10:34 0313  UA3XFO         599  599  484                    3  21049.2
 15CW  25-May-25 10:35 0314  UR6QS          599  599  139                    3  21049.2
 15CW  25-May-25 10:37 0315  OE3XAS         599  599  1119          OE       3  21049.2
 15CW  25-May-25 10:37 0316  HG8W           599  599  285                    3  21049.2
 15CW  25-May-25 10:38 0317  EA3DA          599  599  280           EA       3  21049.2
 15CW  25-May-25 10:39 0318  RZ4AG          599  599  375                    3  21049.2
 15CW  25-May-25 10:39 0319  ED5N           599  599  1404                   3  21049.2
 15CW  25-May-25 10:40 0320  UA4AF          599  599  512                    3  21049.2
 15CW  25-May-25 10:41 0321  UT3QZ          599  599  313                    3  21049.2
 15CW  25-May-25 10:41 0322  R4RD           599  599  408                    3  21049.2
 15CW  25-May-25 10:42 0323  HA1TMP         599  599  751                    3  21049.2
 15CW  25-May-25 10:46 0324  YT9A           599  599  1353                   3  21016.8
 20CW  25-May-25 10:47 0325  UT1G           599  599  301                    3  14057.8
 20CW  25-May-25 10:49 0326  UA7K           599  599  2625                   3  14057.8
 20CW  25-May-25 10:49 0327  SP4JCQ         599  599  1170                   3  14057.8
 20CW  25-May-25 10:50 0328  LZ5R           599  599  2206                   3  14057.8
 20CW  25-May-25 10:50 0329  LY5I           599  599  386                    3  14057.8
 20CW  25-May-25 10:50 0330  HA8TP          599  599  642                    3  14057.8
 20CW  25-May-25 10:51 0331  LY2LF          599  599  133                    3  14057.8
 20CW  25-May-25 10:52 0332  OH4BCS         599  599  157           OH       3  14057.8
 20CW  25-May-25 10:52 0333  R9CX           599  599  712                    5  14057.8
 20CW  25-May-25 10:52 0334  LY3CY          599  599  541                    3  14057.8
 20CW  25-May-25 10:53 0335  LZ2MP          599  599  494                    3  14057.8
 20CW  25-May-25 10:54 0336  UT4LW          599  599  1984                   3  14057.8
 20CW  25-May-25 10:54 0337  HG6N           599  599  3805                   3  14057.8
 20CW  25-May-25 10:54 0338  SN7Q           599  599  2563                   3  14057.8
 20CW  25-May-25 10:55 0339  S53M           599  599  1719          S5       3  14057.8
 20CW  25-May-25 10:55 0340  HA8TKS         599  599  933                    3  14057.8
 20CW  25-May-25 10:57 0341  S50K           599  599  1891                   3  14057.8
 20CW  25-May-25 10:57 0342  HA5BA          599  599  795                    3  14057.8
 20CW  25-May-25 10:58 0343  SP2AYC         599  599  406                    3  14057.8
 20CW  25-May-25 10:58 0344  IK1PMR         599  599  1110                   3  14057.8
 20CW  25-May-25 10:59 0345  SF0A           599  599  753                    3  14057.8
 20CW  25-May-25 11:00 0346  UR5KO          599  599  581                    3  14057.8
 20CW  25-May-25 11:00 0347  S53O           599  599  758                    3  14057.8
 20CW  25-May-25 11:01 0348  RV3FF          599  599  1026                   3  14057.8
 20CW  25-May-25 11:01 0349  SP8CGU         599  599  252                    3  14057.8
 20CW  25-May-25 11:02 0350  RU1A           599  599  2284                   3  14057.8
 20CW  25-May-25 11:04 0351  HA7MF          599  599  849                    3  14057.8
 20CW  25-May-25 11:05 0352  IU8RQW         599  599  253                    3  14057.8
 20CW  25-May-25 11:05 0353  OZ5W           599  599  1742          OZ       3  14057.8
 20CW  25-May-25 11:07 0354  OM7LW          599  599  1019                   3  14057.8
 20CW  25-May-25 11:08 0355  HA8EN          599  599  435                    3  14057.8
 20CW  25-May-25 11:08 0356  II8K           599  599  3387                   3  14057.8
 20CW  25-May-25 11:10 0357  EA5JA          599  599  317                    3  14057.8
 20CW  25-May-25 11:10 0358  II9P           599  599  3370          IT9      3  14057.8
 20CW  25-May-25 11:11 0359  IZ4JMA         599  599  758                    3  14057.8
 20CW  25-May-25 11:11 0360  HG8K           599  599  415                    3  14057.8
 20CW  25-May-25 11:12 0361  OM7M           599  599  2094                   3  14057.8
 20CW  25-May-25 11:12 0362  YL3NU          599  599  515                    3  14057.8
 20CW  25-May-25 11:13 0363  E7CW           599  599  1190          E7       3  14057.8
 20CW  25-May-25 11:13 0364  UT3SO          599  599  936                    3  14057.8
 20CW  25-May-25 11:14 0365  SA2OLM         599  599  267                    3  14057.8
 10CW  25-May-25 11:17 0366  LZ5R           599  599  716                    3  28026.0
 10CW  25-May-25 11:18 0367  II8K           599  599  3404          I        3  28026.4
 10CW  25-May-25 11:18 0368  EA1G           599  599  402                    3  28033.0
 10CW  25-May-25 11:19 0369  LZ9W           599  599  287                    3  28035.2
 10CW  25-May-25 11:20 0370  4X1VF          599  599  356                    5  28037.4
 10CW  25-May-25 11:21 0371  4X5IB          599  599  823                    5  28042.7
 10CW  25-May-25 11:31 0372  YU1AO          599  599  163           YU       3  28047.9
 10CW  25-May-25 11:33 0373  YT1X           599  599  729                    3  28003.1
 10CW  25-May-25 11:41 0374  4Z5PN          599  599  336                    5  28011.5
 15CW  25-May-25 13:07 0375  EA1WH          599  599  1303                   3  21032.5
 15CW  25-May-25 13:08 0376  CR6K           599  599  3773                   3  21018.7
 15CW  25-May-25 13:08 0377  RC9A           599  599  1465                   5  21014.2
 15CW  25-May-25 13:09 0378  KR2Q           599  599  1322                   5  21013.1
 15CW  25-May-25 13:10 0379  K3CCR          599  599  782                    5  21009.9
 15CW  25-May-25 13:13 0380  RT4W           599  599  30                     3  21062.1
 15CW  25-May-25 13:13 0381  UA7G           599  599  636                    3  21062.1
 20CW  25-May-25 13:22 0382  RQ9O           599  599  3670                   5  14043.7
 20CW  25-May-25 13:22 0383  LN8W           599  599  1967          LA       3  14043.7
 20CW  25-May-25 13:23 0384  K8LX           599  599  1460                   5  14043.7
 20CW  25-May-25 13:26 0385  VE3NNT         599  599  1818                   5  14043.7
 20CW  25-May-25 13:26 0386  OM5R           599  599  1443                   3  14043.7
 20CW  25-May-25 13:28 0387  NU2F           599  599  1144                   5  14043.7
 20CW  25-May-25 13:28 0388  NJ3K           599  599  987                    5  14043.7
 20CW  25-May-25 13:29 0389  SM0Q           599  599  448                    3  14043.7
 40CW  25-May-25 13:31 0390  LX100IARU      599  599  378           LX       3   7037.4
 40CW  25-May-25 13:32 0391  DL2025C        599  599  318                    2   7022.5
 40CW  25-May-25 13:33 0392  OR4M           599  599  330                    3   7019.1
 40CW  25-May-25 13:33 0393  HG75MAV        599  599  785                    3   7019.7
 40CW  25-May-25 13:34 0394  OP7B           599  599  561                    3   7017.0
 40CW  25-May-25 13:38 0395  DM3DL          599  599  282                    2   7014.4
 40CW  25-May-25 13:39 0396  DM3M           599  599  1147                   2   7013.0
 40CW  25-May-25 13:40 0397  PI4COM         599  599  1325                   3   7008.3
 40CW  25-May-25 13:41 0398  9A1A           599  599  1687                   3   7028.9
 40CW  25-May-25 13:42 0399  DP7D           599  599  1186                   2   7027.8
 40CW  25-May-25 13:43 0400  IO5M           599  599  934                    3   7027.0
 40CW  25-May-25 13:44 0401  G0MTN          599  599  931                    3   7023.6
 40CW  25-May-25 13:45 0402  ON4CAU         599  599  729                    3   7021.0
 40CW  25-May-25 13:47 0403  DL9NEI         599  599  428                    2   7030.3
 10CW  25-May-25 13:54 0404  CX2BR          599  599  395           CX       5  28017.8
 10CW  25-May-25 13:55 0405  LT1F           599  599  621                    5  28003.8
 10CW  25-May-25 13:56 0406  VU1IARU        599  599  616           VU       5  28019.6
 15CW  25-May-25 14:02 0407  WP3Z           599  599  2504          KP4      5  21042.7
 15CW  25-May-25 14:02 0408  WO4O           599  599  1777                   5  21043.0
 15CW  25-May-25 14:03 0409  UP0L           599  599  3204                   5  21043.3
 15CW  25-May-25 14:04 0410  P30A           599  599  3168                   5  21043.7
 15CW  25-May-25 14:05 0411  AD5A           599  599  1656                   5  21045.1
 15CW  25-May-25 14:06 0412  JE6WOQ         599  599  1524                   5  21048.0
 15CW  25-May-25 14:07 0413  D4DX           599  599  4817          D4       5  21049.5
 15CW  25-May-25 14:12 0414  PJ2T           599  599  2047          PJ2      5  21050.2
 15CW  25-May-25 14:14 0415  WP4X           599  599  1702                   5  21054.5
 15CW  25-May-25 14:14 0416  WK2G           599  599  1152                   5  21055.9
 15CW  25-May-25 14:15 0417  CQ3W           599  599  3309                   5  21056.6
 15CW  25-May-25 14:15 0418  KU2M           599  599  1278                   5  21059.5
 15CW  25-May-25 14:17 0419  E2A            599  599  1529          HS       5  21063.8
 15CW  25-May-25 14:19 0420  B4S            599  599  1746                   5  21066.5
 15CW  25-May-25 14:36 0421  BH7JUO         599  599  1253                   5  21070.0
 15CW  25-May-25 14:37 0422  9M6NA          599  599  1502          9M6      5  21070.7
 15CW  25-May-25 14:37 0423  YB0ECT         599  599  1076          YB       5  21072.1
 15CW  25-May-25 14:38 0424  7A3K           599  599  721                    5  21049.2
 15CW  25-May-25 14:41 0425  EE8E           599  599  2049          EA8      5  21040.3
 15CW  25-May-25 14:42 0426  K4NMR          599  599  525                    5  21039.5
 15CW  25-May-25 14:42 0427  DR1D           599  599  4171                   2  21039.1
 15CW  25-May-25 14:44 0428  7D1C           599  599  2219                   5  21038.6
 15CW  25-May-25 14:45 0429  W9RE           599  599  2696                   5  21034.2
 15CW  25-May-25 14:46 0430  II9P           599  599  3716                   3  21032.9
 15CW  25-May-25 14:47 0431  W1GD           599  599  726                    5  21031.9
 15CW  25-May-25 14:48 0432  UA4M           599  599  2697                   3  21030.3
 15CW  25-May-25 14:50 0433  AK1MD          599  599  965                    5  21030.0
 15CW  25-May-25 14:52 0434  RX9WN          599  599  1392                   5  21027.6
 15CW  25-May-25 14:53 0435  NU5A           599  599  3543                   5  21028.8
 15CW  25-May-25 14:53 0436  9A5D           599  599  1737                   3  21028.5
 15CW  25-May-25 14:55 0437  NO3Y           599  599  2757                   5  21029.1
 15CW  25-May-25 14:56 0438  WK1Q           599  599  717                    5  21029.1
 20CW  25-May-25 15:00 0439  ZA1RR          599  599  934           ZA       3  14041.5
 20CW  25-May-25 15:01 0440  OH8KA          599  599  205                    3  14041.5
 20CW  25-May-25 15:01 0441  OH8MJ          599  599  232                    3  14041.5
 20CW  25-May-25 15:04 0442  VE7JH          599  599  1562                   5  14041.5
 20CW  25-May-25 15:05 0443  EV6Z           599  599  1223                   3  14041.5
 20CW  25-May-25 15:05 0444  LB1UK          599  599  835                    3  14041.5
 20CW  25-May-25 15:06 0445  UA7G           599  599  701                    3  14041.5
 20CW  25-May-25 15:07 0446  IZ7XIB         599  599  244                    3  14041.5
 20CW  25-May-25 15:09 0447  KU6W           599  599  1426                   5  14041.5
 20CW  25-May-25 15:11 0448  DP9A           599  599  1728                   2  14044.6
 20CW  25-May-25 15:14 0449  ZM1A           599  599  1753          ZL       5  14044.1
 20CW  25-May-25 15:15 0450  LZ3QE          599  599  1090                   3  14043.7
 20CW  25-May-25 15:44 0451  LA8HGA         599  599  941                    3  14043.7
 20CW  25-May-25 16:58 0452  E2A            599  599  1673          HS       5  14041.3
 20CW  25-May-25 17:00 0453  Z3/SV1DAY      599  599  212           Z3       3  14040.8
 20CW  25-May-25 17:05 0454  LX7I           599  599  3422          LX       3  14047.5
 20CW  25-May-25 17:06 0455  YO8TNB         599  599  297                    3  14046.0
 20CW  25-May-25 17:07 0456  ES1QD          599  599  78                     3  14046.0
 20CW  25-May-25 17:08 0457  YU1UN          599  599  522                    3  14046.0
 20CW  25-May-25 17:08 0458  SE5E           599  599  2261                   3  14046.0
 20CW  25-May-25 17:09 0459  R9MA           599  599  443                    5  14046.0
 20CW  25-May-25 17:09 0460  YU1AO          599  599  216                    3  14046.0
 20CW  25-May-25 17:11 0461  UA6GO          599  599  1375                   3  14046.0
 20CW  25-May-25 17:12 0462  EU2F           599  599  1765                   3  14046.0
 20CW  25-May-25 17:12 0463  RL3A           599  599  4588                   3  14046.0
 20CW  25-May-25 17:12 0464  EW6EW          599  599  696                    3  14046.0
 20CW  25-May-25 17:13 0465  SC6O           599  599  860                    3  14046.0
 20CW  25-May-25 17:14 0466  YT1XC          599  599  93                     3  14046.0
 20CW  25-May-25 17:14 0467  EU8U           599  599  2625                   3  14046.0
 20CW  25-May-25 17:15 0468  SE8X           599  599  2112                   3  14046.0
 20CW  25-May-25 17:16 0469  LC2F           599  599  579                    3  14046.0
 20CW  25-May-25 17:17 0470  UW1G           599  599  920                    3  14046.0
 20CW  25-May-25 17:17 0471  LY4K           599  599  453                    3  14046.0
 20CW  25-May-25 17:18 0472  DP5X           599  599  288                    2  14046.0
 20CW  25-May-25 17:20 0473  YL2BJ          599  599  1653                   3  14045.9
 20CW  25-May-25 17:21 0474  EA2ESU         599  599  192                    3  14045.9
 20CW  25-May-25 17:23 0475  VE5MX          599  599  2157                   5  14045.9
 20CW  25-May-25 17:25 0476  UR6EA          599  599  1078                   3  14045.9
 20CW  25-May-25 17:25 0477  DL7ON          599  599  1741                   2  14045.9
 20CW  25-May-25 17:26 0478  HG5E           599  599  2110                   3  14045.9
 20CW  25-May-25 17:26 0479  OM5KM          599  599  372                    3  14045.9
 20CW  25-May-25 17:27 0480  EW2ES          599  599  961                    3  14045.9
 20CW  25-May-25 17:27 0481  EV1R           599  599  1576                   3  14045.9
 20CW  25-May-25 17:27 0482  RO5K           599  599  521                    3  14045.9
 20CW  25-May-25 17:28 0483  Z32U           599  599  654                    3  14045.9
 20CW  25-May-25 17:29 0484  LZ8A           599  599  1818                   3  14045.9
 20CW  25-May-25 17:29 0485  RX7T           599  599  353                    3  14045.9
 20CW  25-May-25 17:30 0486  YO3GND         599  599  118                    3  14045.9
 20CW  25-May-25 17:30 0487  UY5QJ          599  599  417                    3  14045.9
 20CW  25-May-25 17:31 0488  R3OM           599  599  1004                   3  14045.9
 20CW  25-May-25 17:31 0489  RV6ANI         599  599  309                    3  14045.9
 20CW  25-May-25 17:32 0490  S52OT          599  599  871                    3  14045.9
 20CW  25-May-25 17:32 0491  YU1Q           599  599  1268                   3  14045.9
 20CW  25-May-25 17:33 0492  YO5AXF         599  599  413                    3  14045.9
 20CW  25-May-25 17:33 0493  EA4EPY         599  599  210                    3  14045.9
 20CW  25-May-25 17:34 0494  YT3X           599  599  2357                   3  14045.9
 20CW  25-May-25 17:35 0495  OG5M           599  599  312                    3  14045.9
 20CW  25-May-25 17:35 0496  EA1IYK         599  599  164                    3  14045.9
 20CW  25-May-25 17:36 0497  JA0FVU         599  599  1665          JA       5  14045.9
 20CW  25-May-25 17:37 0498  YO3GEK         599  599  929                    3  14045.9
 20CW  25-May-25 17:37 0499  YU1YV          599  599  1288                   3  14045.9
 20CW  25-May-25 17:38 0500  SV2/Z35M/P     599  599  228           SV       3  14045.9
 20CW  25-May-25 17:39 0501  UP4L           599  599  3067          UN       5  14045.9
 20CW  25-May-25 17:39 0502  YQ8E           599  599  1005                   3  14045.9
 20CW  25-May-25 17:41 0503  HA2EOU         599  599  990                    3  14045.9
 20CW  25-May-25 17:42 0504  3Z1K           599  599  1379                   3  14045.9
 20CW  25-May-25 17:43 0505  S590AA         599  599  1094                   3  14045.9
 20CW  25-May-25 17:44 0506  UN4Q           599  599  2495                   5  14045.9
 20CW  25-May-25 17:44 0507  SV1ME          599  599  832                    3  14045.9
 20CW  25-May-25 17:45 0508  S52WD          599  599  182                    3  14045.9
 20CW  25-May-25 17:46 0509  OE3NHW         599  599  240                    3  14045.9
 20CW  25-May-25 17:47 0510  OK8IF          599  599  207                    3  14045.9
 20CW  25-May-25 17:47 0511  YL2EA          599  599  297                    3  14045.9
 20CW  25-May-25 17:47 0512  RD8D           599  599  660                    5  14045.9
 20CW  25-May-25 17:49 0513  DL8UKW         599  599  147                    2  14045.9
 20CW  25-May-25 17:49 0514  S571C          599  599  1657                   3  14045.9
 20CW  25-May-25 17:50 0515  YO4FHU         599  599  1017                   3  14045.9
 20CW  25-May-25 17:51 0516  LY3VD          599  599  157                    3  14045.9
 20CW  25-May-25 17:53 0517  DL1FMG         599  599  95                     2  14045.9
 20CW  25-May-25 17:54 0518  UA3YFL         599  599  355                    3  14045.9
 20CW  25-May-25 17:55 0519  EB3WH          599  599  106                    3  14045.9
 20CW  25-May-25 17:56 0520  EA3MS          599  599  74                     3  14045.9
 20CW  25-May-25 17:56 0521  SQ9MZ          599  599  440                    3  14045.9
 20CW  25-May-25 17:58 0522  S58MU          599  599  660                    3  14045.9
 20CW  25-May-25 17:59 0523  SV1AAK         599  599  336                    3  14045.9
 20CW  25-May-25 17:59 0524  LZ2CH          599  599  465                    3  14045.9
 20CW  25-May-25 18:00 0525  OK5RM          599  599  210                    3  14045.9
 20CW  25-May-25 18:01 0526  RA0LQ          599  599  1362                   5  14046.0
 20CW  25-May-25 18:02 0527  OH6LW          599  599  393                    3  14046.0
 20CW  25-May-25 18:05 0528  4L8A           599  599  1964          4L       5  14041.0
 40CW  25-May-25 18:11 0529  LY4L           599  599  2273          LY       3   7009.0
 40CW  25-May-25 18:39 0530  9K2HN          599  599  4098          9K       5   7002.6
 40CW  25-May-25 18:43 0531  YU5T           599  599  380                    3   7039.5
 40CW  25-May-25 18:44 0532  OM0RX          599  599  967           OM       3   7039.5
 40CW  25-May-25 18:44 0533  RT4F           599  599  1052                   3   7039.5
 40CW  25-May-25 18:45 0534  ES9C           599  599  1402          ES       3   7039.5
 40CW  25-May-25 18:45 0535  S57EA          599  599  478           S5       3   7039.5
 40CW  25-May-25 18:46 0536  DL5WW          599  599  560                    2   7039.5
 40CW  25-May-25 18:46 0537  YO5BRE         599  599  617                    3   7039.5
 40CW  25-May-25 18:47 0538  RU1A           599  599  1314                   3   7039.5
 40CW  25-May-25 18:47 0539  UI3F           599  599  458                    3   7039.5
 40CW  25-May-25 18:49 0540  PC4H           599  599  877                    3   7039.5
 40CW  25-May-25 18:49 0541  HA6NL          599  599  995                    3   7039.5
 40CW  25-May-25 18:49 0542  OK1GSB         599  599  489                    3   7039.5
 40CW  25-May-25 18:50 0543  YO3GEK         599  599  980                    3   7039.5
 40CW  25-May-25 18:52 0544  HA6PJ          599  599  824                    3   7039.6
 40CW  25-May-25 18:52 0545  DL1EFW         599  599  557                    2   7039.6
 40CW  25-May-25 18:53 0546  DL9UP          599  599  12                     2   7039.6
 40CW  25-May-25 18:53 0547  DJ2RG          599  599  636                    2   7039.6
 40CW  25-May-25 18:54 0548  LY5G           599  599  815                    3   7039.6
 40CW  25-May-25 18:55 0549  M7M            599  599  1111                   3   7039.6
 40CW  25-May-25 18:55 0550  DF5BX          599  599  155                    2   7039.6
 40CW  25-May-25 18:56 0551  DK5WO          599  599  96                     2   7039.6
 40CW  25-May-25 18:56 0552  YO9IUP         599  599  385                    3   7039.6
 40CW  25-May-25 18:57 0553  UX1VT          599  599  370                    3   7039.6
 40CW  25-May-25 18:58 0554  UT7NI          599  599  1714                   3   7039.6
 40CW  25-May-25 18:58 0555  S51J           599  599  1148                   3   7039.6
 40CW  25-May-25 18:59 0556  F5ICC          599  599  732           F        3   7039.6
 40CW  25-May-25 18:59 0557  LY3B           599  599  479                    3   7039.6
 40CW  25-May-25 19:00 0558  OK2BFN         599  599  402                    3   7039.6
 40CW  25-May-25 19:01 0559  UN4Q           599  599  2586          UN       5   7039.6
 40CW  25-May-25 19:02 0560  9A2NO          599  599  747                    3   7039.6
 40CW  25-May-25 19:02 0561  LY2MM          599  599  1352                   3   7039.6
 40CW  25-May-25 19:03 0562  DA0BCC         599  599  1216                   2   7039.6
 40CW  25-May-25 19:03 0563  EW1P           599  599  1479          EU       3   7039.6
 40CW  25-May-25 19:03 0564  OE7AFT         599  599  247                    3   7039.6
 40CW  25-May-25 19:04 0565  HG6N           599  599  4428                   3   7039.6
 40CW  25-May-25 19:06 0566  EA5QG          599  599  426                    3   7032.9
 40CW  25-May-25 19:07 0567  Z39A           599  599  632                    3   7036.2
 40CW  25-May-25 19:07 0568  HA7A           599  599  2017                   3   7035.9
 40CW  25-May-25 19:09 0569  4X5IB          599  599  1286                   5   7040.3
 40CW  25-May-25 19:09 0570  HG1R           599  599  2229                   3   7041.5
 40CW  25-May-25 19:10 0571  RQ9O           599  599  4051                   5   7041.9
 40CW  25-May-25 19:10 0572  RX6FJ          599  599  1068                   3   7043.2
 40CW  25-May-25 19:11 0573  SQ8LUU         599  599  614                    3   7043.8
 40CW  25-May-25 19:12 0574  SP0I           599  599  1224                   3   7044.5
 40CW  25-May-25 19:12 0575  OK1BM          599  599  971                    3   7045.2
 40CW  25-May-25 19:13 0576  GE5E           599  599  2077                   3   7045.9
 40CW  25-May-25 19:16 0577  HA4CW          599  599  273                    3   7047.4
 40CW  25-May-25 19:16 0578  ON8GA          599  599  1454                   3   7048.3
 40CW  25-May-25 19:17 0579  OM2VL          599  599  3057                   3   7051.0
 40CW  25-May-25 19:17 0580  DP6A           599  599  2376                   2   7055.5
 40CW  25-May-25 19:18 0581  UN9L           599  599  2027                   5   7055.8
 40CW  25-May-25 19:21 0582  R4SA           599  599  183                    3   7000.5
 40CW  25-May-25 19:22 0583  SE5E           599  599  2469                   3   7000.9
 40CW  25-May-25 19:22 0584  OM5TX          599  599  722                    3   7001.3
 40CW  25-May-25 19:23 0585  B1Z            599  599  605           BY       5   7001.6
 40CW  25-May-25 19:24 0586  P3AA           599  599  6035          5B       5   7001.9
 40CW  25-May-25 19:26 0587  SX9V           599  599  800           SV9      3   7003.0
 80CW  25-May-25 19:27 0588  YL3FT          599  599  757           YL       3   3515.5
 80CW  25-May-25 19:28 0589  HG5C           599  599  2679          HA       3   3516.2
 80CW  25-May-25 19:28 0590  DR1D           599  599  4620          DL       2   3518.0
 80CW  25-May-25 19:30 0591  DL6JF          599  599  310                    2   3520.1
 80CW  25-May-25 19:31 0592  YO4AAC         599  599  788           YO       3   3521.7
 80CW  25-May-25 19:32 0593  LZ1AQ          599  599  335           LZ       3   3522.6
 80CW  25-May-25 19:34 0594  HA6T           599  599  1491                   3   3524.2
 80CW  25-May-25 19:34 0595  HA1TJ          599  599  882                    3   3525.3
 80CW  25-May-25 19:36 0596  F5OZC          599  599  570           F        3   3526.0
 80CW  25-May-25 19:37 0597  PC0A           599  599  586           PA       3   3528.6
 80CW  25-May-25 19:37 0598  DD2D           599  599  259                    2   3530.4
 80CW  25-May-25 19:38 0599  S57Q           599  599  777           S5       3   3532.0
 80CW  25-May-25 19:38 0600  9A1A           599  599  930           9A       3   3533.0
 80CW  25-May-25 19:39 0601  SP0I           599  599  1237          SP       3   3534.2
 80CW  25-May-25 19:39 0602  PA4O           599  599  1487                   3   3534.6
 80CW  25-May-25 19:40 0603  SP7JLH         599  599  450                    3   3536.2
 80CW  25-May-25 19:42 0604  S53WW          599  599  465                    3   3536.6
 80CW  25-May-25 19:43 0605  R2FZ           599  599  334           UA2      3   3537.0
 80CW  25-May-25 19:45 0606  SN2B           599  599  860                    3   3538.2
 80CW  25-May-25 19:46 0607  DL8RDL         599  599  466                    2   3505.0
 80CW  25-May-25 19:46 0608  OK1KKI         599  599  2394          OK       3   3505.6
 80CW  25-May-25 19:47 0609  YU3A           599  599  1511          YU       3   3508.2
 80CW  25-May-25 19:48 0610  OK2TJ          599  599  1202                   3   3511.0
 80CW  25-May-25 19:49 0611  OM5JA          599  599  842           OM       3   3511.5
 80CW  25-May-25 19:49 0612  LN8W           599  599  720           LA       3   3511.9
 80CW  25-May-25 19:50 0613  OM7M           599  599  333                    3   3513.1
 80CW  25-May-25 19:51 0614  DF7CP          599  599  504                    2   3514.1
 80CW  25-May-25 19:52 0615  HA4A           599  599  671                    3   3514.8
 80CW  25-May-25 19:52 0616  SP7CF          599  599  928                    3   3515.3
 80CW  25-May-25 19:53 0617  ON5WL          599  599  129           ON       3   3516.7
 80CW  25-May-25 19:55 0618  DL4ZA          599  599  689                    2   3522.5
 80CW  25-May-25 19:56 0619  RL3A           599  599  4841          UA       3   3523.5
 80CW  25-May-25 19:59 0620  OH0TXF         599  599  3099          OH0      3   3525.1
 80CW  25-May-25 20:00 0621  LZ3QE          599  599  1316                   3   3525.5
 80CW  25-May-25 20:02 0622  DF7GG          599  599  255                    2   3530.2
 80CW  25-May-25 20:02 0623  LY7Z           599  599  505           LY       3   3530.2
 80CW  25-May-25 20:03 0624  DL7ET          599  599  111                    2   3530.2
 80CW  25-May-25 20:03 0625  HG6Z           599  599  842                    3   3530.2
 80CW  25-May-25 20:04 0626  OZ5W           599  599  680           OZ       3   3530.2
 80CW  25-May-25 20:04 0627  9A5Y           599  599  967                    3   3530.2
 80CW  25-May-25 20:04 0628  SN7J           599  599  503                    3   3530.2
 80CW  25-May-25 20:05 0629  9A5M           599  599  865                    3   3530.2
 80CW  25-May-25 20:06 0630  F4VVG          599  599  416                    3   3530.2
 80CW  25-May-25 20:07 0631  EW3LN          599  599  474           EU       3   3530.2
 80CW  25-May-25 20:07 0632  M6T            599  599  720           G        3   3530.2
 80CW  25-May-25 20:08 0633  G3OOU          599  599  253                    3   3530.2
 20CW  25-May-25 20:13 0634  TA3NE          599  599  829           TA       5  14038.5
 20CW  25-May-25 20:13 0635  4X6FR          599  599  653           4X       5  14039.6
 20CW  25-May-25 20:14 0636  G2E            599  599  650           G        3  14040.1
 20CW  25-May-25 20:15 0637  M6T            599  599  2462                   3  14040.3
 20CW  25-May-25 20:16 0638  KD1MC          599  599  1358                   5  14041.7
 20CW  25-May-25 20:16 0639  AC1U           599  599  1853                   5  14042.5
 20CW  25-May-25 20:17 0640  JJ0JML         599  599  1109                   5  14043.2
 20CW  25-May-25 20:18 0641  DA2X           599  599  1210                   2  14043.5
 20CW  25-May-25 20:19 0642  OK5Z           599  599  3632                   3  14044.6
 20CW  25-May-25 20:20 0643  EW5A           599  599  2590                   3  14044.9
 20CW  25-May-25 20:20 0644  YL5W           599  599  979                    3  14046.3
 20CW  25-May-25 20:21 0645  S53MM          599  599  3095                   3  14046.9
 15CW  25-May-25 20:24 0646  NR6O           599  599  1600                   5  21021.6
 15CW  25-May-25 20:27 0647  NR7DX          599  599  2358                   5  21031.5
 15CW  25-May-25 20:27 0648  TA7I           599  599  1022                   5  21033.0
 20CW  25-May-25 20:31 0649  HG3N           599  599  2918                   3  14031.6
 20CW  25-May-25 20:33 0650  WG4R           599  599  1021                   5  14055.4
 20CW  25-May-25 20:35 0651  NR6O           599  599  1899                   5  14055.4
 20CW  25-May-25 20:36 0652  K7QA           599  599  1386                   5  14055.4
 20CW  25-May-25 20:37 0653  KB1W           599  599  1045                   5  14055.4
 20CW  25-May-25 20:38 0654  KC1XX          599  599  2503                   5  14055.4
 20CW  25-May-25 20:38 0655  WJ2D           599  599  544                    5  14055.4
 20CW  25-May-25 20:39 0656  WA4JUK         599  599  747                    5  14055.4
 20CW  25-May-25 20:39 0657  KM4HI          599  599  233                    5  14055.4
 20CW  25-May-25 20:41 0658  EA2CAR         599  599  207                    3  14055.4
 20CW  25-May-25 20:41 0659  N2ZA           599  599  854                    5  14055.4
 20CW  25-May-25 20:43 0660  VA7OM          599  599  460                    5  14055.4
 20CW  25-May-25 20:43 0661  WX8S           599  599  297                    5  14055.4
 20CW  25-May-25 20:43 0662  N6EED          599  599  3                      5  14055.4
 20CW  25-May-25 20:44 0663  KZ1M           599  599  1032                   5  14055.4
 20CW  25-May-25 20:44 0664  NG1R           599  599  803                    5  14055.4
 20CW  25-May-25 20:45 0665  KM4FOC         599  599  1122                   5  14055.4
 20CW  25-May-25 20:46 0666  WA3KCP         599  599  593                    5  14055.4
 20CW  25-May-25 20:46 0667  W2YR           599  599  223                    5  14055.4
 20CW  25-May-25 20:46 0668  W3FV           599  599  914                    5  14055.4
 20CW  25-May-25 20:48 0669  K1AR           599  599  1993                   5  14055.4
 20CW  25-May-25 20:48 0670  WJ1X           599  599  672                    5  14055.4
 20CW  25-May-25 20:49 0671  RA9MX          599  599  733                    5  14055.4
 20CW  25-May-25 20:51 0672  ED7W           599  599  2503                   3  14055.4
 20CW  25-May-25 20:51 0673  KT3Q           599  599  968                    5  14055.4
 20CW  25-May-25 20:52 0674  UT7EZ          599  599  892                    3  14055.4
 20CW  25-May-25 20:54 0675  N7DR           599  599  3416                   5  14055.4
 20CW  25-May-25 20:55 0676  EU1DX          599  599  173                    3  14055.4
 40CW  25-May-25 20:58 0677  II8K           599  599  4125                   3   7019.8
 40CW  25-May-25 20:59 0678  SO4M           599  599  3634                   3   7019.8
 40CW  25-May-25 20:59 0679  OM7M           599  599  1624                   3   7019.8
 40CW  25-May-25 21:00 0680  UR3LPM         599  599  1208                   3   7019.8
 40CW  25-May-25 21:01 0681  DP5P           599  599  263                    2   7019.8
 40CW  25-May-25 21:02 0682  OK7SE          599  599  141                    3   7019.8
 40CW  25-May-25 21:03 0683  DF1LX          599  599  878                    2   7019.8
 40CW  25-May-25 21:04 0684  M6T            599  599  1764                   3   7019.8
 40CW  25-May-25 21:04 0685  LY1DX          599  599  306                    3   7019.8
 40CW  25-May-25 21:05 0686  MM2T           599  599  1675          GM       3   7019.8
 40CW  25-May-25 21:05 0687  OL7T           599  599  3083                   3   7019.8
 40CW  25-May-25 21:05 0688  DA2K           599  599  705                    2   7019.8
 40CW  25-May-25 21:06 0689  UA6GO          599  599  1477                   3   7019.8
 40CW  25-May-25 21:06 0690  OK3X           599  599  1938                   3   7019.8
 40CW  25-May-25 21:06 0691  DL7YS          599  599  524                    2   7019.8
 40CW  25-May-25 21:07 0692  UC9A           599  599  1715                   5   7019.8
 40CW  25-May-25 21:07 0693  S57EA          599  599  537                    0   7019.8
 40CW  25-May-25 21:07 0694  PI4RS          599  599  428                    3   7019.8
 40CW  25-May-25 21:08 0695  SV0SYH         599  599  372                    3   7019.8
 40CW  25-May-25 21:09 0696  EU4A           599  599  1845                   3   7019.8
 40CW  25-May-25 21:10 0697  HA2KMR         599  599  1354                   3   7019.8
 40CW  25-May-25 21:10 0698  UT8W           599  599  357                    3   7019.8
 40CW  25-May-25 21:10 0699  DK9DA          599  599  540                    2   7019.8
 40CW  25-May-25 21:11 0700  II9P           599  599  4248          IT9      3   7019.8
 40CW  25-May-25 21:11 0701  S54A           599  599  591                    3   7019.8
 40CW  25-May-25 21:12 0702  CR2M           599  599  2655          CU       3   7019.8
 40CW  25-May-25 21:13 0703  RM4F           599  599  1935                   3   7019.8
 40CW  25-May-25 21:14 0704  EI2GLB         599  599  127           EI       3   7019.8
 40CW  25-May-25 21:14 0705  HB9IIH         599  599  400           HB       3   7019.8
 40CW  25-May-25 21:15 0706  IW3ILM         599  599  305                    3   7019.8
 40CW  25-May-25 21:15 0707  IU7X           599  599  115                    3   7019.8
 40CW  25-May-25 21:16 0708  OM4Q           599  599  2546                   3   7019.8
 40CW  25-May-25 21:16 0709  LB1TI          599  599  563                    3   7019.8
 40CW  25-May-25 21:17 0710  S53M           599  599  1334                   3   7019.7
 40CW  25-May-25 21:18 0711  ED1R           599  599  1111                   3   7019.7
 40CW  25-May-25 21:18 0712  DF7IH          599  599  93                     2   7019.7
 40CW  25-May-25 21:20 0713  PE2K           599  599  600                    3   7019.7
 40CW  25-May-25 21:20 0714  DP9A           599  599  1686                   2   7019.7
 40CW  25-May-25 21:21 0715  MM0DGI         599  599  77                     3   7019.7
 40CW  25-May-25 21:22 0716  DK7CC          599  599  189                    2   7019.7
 40CW  25-May-25 21:23 0717  DL2W           599  599  117                    2   7019.3
 40CW  25-May-25 21:24 0718  DF3OL          599  599  458                    2   7019.3
 40CW  25-May-25 21:26 0719  DR1D           599  599  4798                   2   7019.3
 40CW  25-May-25 21:26 0720  G4RMV          599  599  172                    3   7019.3
 40CW  25-May-25 21:27 0721  DM1SV          599  599  193                    2   7019.3
 40CW  25-May-25 21:29 0722  SP6PRT         599  599  1316                   3   7019.3
 40CW  25-May-25 21:29 0723  UY5LW          599  599  696                    3   7019.3
 40CW  25-May-25 21:30 0724  IK3BVD         599  599  151                    3   7019.3
 40CW  25-May-25 21:30 0725  I3YPD          599  599  97                     3   7019.3
 40CW  25-May-25 21:31 0726  S51YI          599  599  1537                   3   7019.3
 40CW  25-May-25 21:31 0727  LZ1QV          599  599  1000                   3   7019.3
 40CW  25-May-25 21:31 0728  SP8GNF         599  599  480                    3   7019.3
 40CW  25-May-25 21:32 0729  OK3X           599  599  1957                   0   7019.3
 40CW  25-May-25 21:32 0730  HA6T           599  599  1593                   3   7019.3
 40CW  25-May-25 21:33 0731  IZ5AHB         599  599  425                    3   7019.3
 40CW  25-May-25 21:35 0732  9A7VA          599  599  1880                   3   7019.3
 40CW  25-May-25 21:35 0733  ED5N           599  599  2012                   3   7019.3
 40CW  25-May-25 21:36 0734  F8CRS          599  599  1288                   3   7019.3
 40CW  25-May-25 21:36 0735  HA7I           599  599  2613                   3   7019.3
 40CW  25-May-25 21:37 0736  SN5J           599  599  1315                   3   7019.3
 40CW  25-May-25 21:39 0737  OK4NEO         599  599  1275                   3   7018.5
 40CW  25-May-25 21:40 0738  EV1R           599  599  1810                   3   7014.9
 40CW  25-May-25 21:40 0739  DK1NO          599  599  217                    2   7014.5
 40CW  25-May-25 21:41 0740  M4T            599  599  2528                   3   7013.8
 40CW  25-May-25 21:41 0741  LZ1JZ          599  599  730                    3   7013.1
 40CW  25-May-25 21:42 0742  G4BJM          599  599  1172                   3   7011.8
 40CW  25-May-25 21:43 0743  S57AL          599  599  2866                   3   7011.0
 40CW  25-May-25 21:44 0744  9A3YT          599  599  1486                   3   7010.0
 40CW  25-May-25 21:44 0745  OK2TJ          599  599  1368                   3   7009.5
 40CW  25-May-25 21:46 0746  HB0A           599  599  1934          HB0      3   7008.9
 40CW  25-May-25 21:46 0747  IZ8GCB         599  599  399                    3   7008.5
 40CW  25-May-25 21:47 0748  CQ9A           599  599  6032                   5   7007.4
 40CW  25-May-25 21:50 0749  TM40REF        599  599  12664                  3   7006.6
 40CW  25-May-25 21:50 0750  VE3NZ          599  599  375           VE       5   7002.1
