 40CW  10-Feb-25 16:30 0001  SC6O           599  599  2             SM       3   7022.9
 40CW  10-Feb-25 16:31 0002  DJ0SP          599  599  3             DL       2   7024.1
 40CW  10-Feb-25 16:32 0003  S55OO          599  599  6             S5       3   7024.1
 40CW  10-Feb-25 16:32 0004  DM7W           599  599  5                      2   7024.1
 40CW  10-Feb-25 16:32 0005  SN1T           599  599  7             SP       3   7024.1
 40CW  10-Feb-25 16:32 0006  DJ9MH          599  599  6                      2   7024.1
 40CW  10-Feb-25 16:33 0007  DL4ME          599  599  4                      2   7024.1
 40CW  10-Feb-25 16:33 0008  SP2XX          599  599  9                      3   7024.1
 40CW  10-Feb-25 16:34 0009  HB9HTF         599  599  7             HB       3   7024.1
 40CW  10-Feb-25 16:35 0010  OK2EA          599  599  9             OK       3   7024.1
 40CW  10-Feb-25 16:35 0011  S52W           599  599  9                      3   7024.1
 40CW  10-Feb-25 16:35 0012  DF4XX          599  599  9                      2   7024.1
 40CW  10-Feb-25 16:36 0013  S51J           599  599  11                     3   7024.1
 40CW  10-Feb-25 16:36 0014  DR2C           599  599  15                     2   7024.1
 40CW  10-Feb-25 16:38 0015  PA3DBS         599  599  18            PA       3   7026.0
 40CW  10-Feb-25 16:39 0016  DM5I           599  599  24                     2   7026.5
 40CW  10-Feb-25 16:39 0017  SD6M           599  599  21                     3   7026.8
 40CW  10-Feb-25 16:40 0018  IK3QAR         599  599  23            I        3   7027.6
 40CW  10-Feb-25 16:41 0019  OK1FHI         599  599  30                     3   7028.3
 40CW  10-Feb-25 16:41 0020  OK2WY          599  599  23                     3   7028.8
 40CW  10-Feb-25 16:42 0021  SP2QG          599  599  28                     3   7029.8
 40CW  10-Feb-25 16:44 0022  HA6NL          599  599  36            HA       3   7034.7
 40CW  10-Feb-25 16:44 0023  OK1FRJ         599  599  14                     3   7034.7
 40CW  10-Feb-25 16:45 0024  OK1OFM         599  599  28                     3   7034.7
 40CW  10-Feb-25 16:45 0025  M4N            599  599  26            G        3   7034.7
 40CW  10-Feb-25 16:45 0026  DL7YS          599  599  33                     2   7034.7
 40CW  10-Feb-25 16:46 0027  OM3TBG         599  599  17            OM       3   7034.7
 40CW  10-Feb-25 16:47 0028  OK2PYA         599  599  29                     3   7034.7
 40CW  10-Feb-25 16:47 0029  SN7J           599  599  24                     3   7034.7
 40CW  10-Feb-25 16:48 0030  OK1FKD         599  599  24                     3   7034.7
 40CW  10-Feb-25 16:48 0031  PC4H           599  599  31                     3   7034.7
 40CW  10-Feb-25 16:49 0032  SM5DXR         599  599  23                     3   7034.7
 40CW  10-Feb-25 16:49 0033  DR7T           599  599  17                     2   7034.7
 40CW  10-Feb-25 16:50 0034  OM5CM          599  599  27                     3   7034.7
 40CW  10-Feb-25 16:50 0035  OK1TN          599  599  37                     3   7034.7
 40CW  10-Feb-25 16:50 0036  OK6OK          599  599  23                     3   7034.7
 40CW  10-Feb-25 16:51 0037  DK5FN          599  599  7                      2   7034.7
 40CW  10-Feb-25 16:51 0038  SQ1DNJ         599  599  24                     3   7034.7
 40CW  10-Feb-25 16:51 0039  DA3T           599  599  23                     2   7034.7
 40CW  10-Feb-25 16:52 0040  OK1AMX         599  599  35                     3   7034.7
 40CW  10-Feb-25 16:52 0041  YU5T           599  599  26            YU       3   7034.7
 40CW  10-Feb-25 16:53 0042  SF6J           599  599  39                     3   7034.7
 40CW  10-Feb-25 16:54 0043  OK1FMX         599  599  27                     3   7010.5
 40CW  10-Feb-25 16:54 0044  SO3O           599  599  45                     3   7011.0
 40CW  10-Feb-25 16:55 0045  9A5CW          599  599  19            9A       3   7011.7
 40CW  10-Feb-25 16:56 0046  DK5KF          599  599  000                    2   7012.0
 40CW  10-Feb-25 16:56 0047  DH0GHU         599  599  41                     2   7012.6
 40CW  10-Feb-25 16:57 0048  SM6TOL         599  599  50                     3   7013.6
 40CW  10-Feb-25 16:58 0049  HG5E           599  599  63                     3   7014.4
 40CW  10-Feb-25 16:58 0050  SD6F           599  599  64                     3   7016.3
 40CW  10-Feb-25 16:59 0051  OE8TIR         599  599  47            OE       3   7016.6
 80CW  10-Feb-25 17:00 0052  DA0BCC         599  599  62            DL       2   3535.5
 80CW  10-Feb-25 17:01 0053  DF7YE          599  599  65                     2   3536.6
 80CW  10-Feb-25 17:01 0054  DL5YM          599  599  33                     2   3537.1
 80CW  10-Feb-25 17:02 0055  DJ3WE          599  599  49                     2   3537.4
 80CW  10-Feb-25 17:02 0056  OM2KI          599  599  64            OM       3   3537.8
 80CW  10-Feb-25 17:03 0057  YL2KO          599  599  61            YL       3   3538.8
 80CW  10-Feb-25 17:03 0058  OK2PYA         599  599  54            OK       3   3541.0
 80CW  10-Feb-25 17:04 0059  OL8R           599  599  111                    3   3541.3
 80CW  10-Feb-25 17:04 0060  SP2DKI         599  599  16            SP       3   3542.1
 80CW  10-Feb-25 17:06 0061  DK3AX          599  599  30                     2   3530.7
 80CW  10-Feb-25 17:06 0062  SP8BXL         599  599  34                     3   3530.7
 80CW  10-Feb-25 17:06 0063  DJ9MH          599  599  63                     2   3530.7
 80CW  10-Feb-25 17:07 0064  SP3CW          599  599  47                     3   3530.7
 80CW  10-Feb-25 17:07 0065  OK1NU          599  599  31                     3   3530.7
 80CW  10-Feb-25 17:07 0066  OM5KM          599  599  44                     3   3530.7
 80CW  10-Feb-25 17:08 0067  OM3FW          599  599  35                     3   3530.7
 80CW  10-Feb-25 17:08 0068  OK1NG          599  599  40                     3   3530.7
 80CW  10-Feb-25 17:08 0069  OK5FF          599  599  42                     3   3530.7
 80CW  10-Feb-25 17:09 0070  HB9BXE         599  599  75            HB       3   3530.7
 80CW  10-Feb-25 17:09 0071  OK1TRJ         599  599  63                     3   3530.7
 80CW  10-Feb-25 17:09 0072  SE5E           599  599  81            SM       3   3530.7
 80CW  10-Feb-25 17:10 0073  SP3VT          599  599  52                     3   3530.7
 80CW  10-Feb-25 17:10 0074  DM5I           599  599  97                     2   3530.7
 80CW  10-Feb-25 17:11 0075  SN1T           599  599  106                    3   3530.7
 80CW  10-Feb-25 17:11 0076  OK1ITK         599  599  31                     3   3530.7
 80CW  10-Feb-25 17:12 0077  OM5ZW          599  599  105                    3   3530.7
 80CW  10-Feb-25 17:12 0078  DM8T           599  599  55                     2   3530.7
 80CW  10-Feb-25 17:13 0079  DL1BUG         599  599  84                     2   3530.7
 80CW  10-Feb-25 17:13 0080  OK1RZ          599  599  55                     3   3530.7
 80CW  10-Feb-25 17:13 0081  SM6M           599  599  90                     3   3530.7
 80CW  10-Feb-25 17:14 0082  SP2QG          599  599  93                     3   3530.7
 80CW  10-Feb-25 17:14 0083  HA6NL          599  599  99            HA       3   3530.7
 80CW  10-Feb-25 17:15 0084  SO3O           599  599  83                     3   3530.7
 80CW  10-Feb-25 17:16 0085  OK1OA          599  599  106                    3   3531.2
 80CW  10-Feb-25 17:17 0086  OM5JA          599  599  74                     3   3531.9
 80CW  10-Feb-25 17:17 0087  OK1FMX         599  599  48                     3   3532.5
 80CW  10-Feb-25 17:18 0088  E77EA          599  599  84            E7       3   3533.0
 80CW  10-Feb-25 17:19 0089  DJ0SP          599  599  105                    2   3534.9
 80CW  10-Feb-25 17:20 0090  OM5AA          599  599  47                     3   3533.9
 80CW  10-Feb-25 17:21 0091  OK2EA          599  599  111                    3   3537.4
 80CW  10-Feb-25 17:23 0092  SP4JFR         599  599  65                     3   3532.7
 80CW  10-Feb-25 17:23 0093  OK2BFN         599  599  92                     3   3532.7
 80CW  10-Feb-25 17:23 0094  OK1AY          599  599  73                     3   3532.7
 80CW  10-Feb-25 17:24 0095  OK1IBP         599  599  58                     3   3532.7
 80CW  10-Feb-25 17:24 0096  DR2C           599  599  108                    2   3532.7
 80CW  10-Feb-25 17:24 0097  DL4ME          599  599  95                     2   3532.7
 80CW  10-Feb-25 17:25 0098  OK1USP         599  599  56                     3   3532.7
 80CW  10-Feb-25 17:25 0099  SP2XX          599  599  95                     3   3532.7
 80CW  10-Feb-25 17:25 0100  DR7T           599  599  73                     2   3532.7
 80CW  10-Feb-25 17:25 0101  OK1AMX         599  599  75                     3   3532.7
 80CW  10-Feb-25 17:26 0102  SM5IMO         599  599  95                     3   3532.7
 80CW  10-Feb-25 17:26 0103  OM5CM          599  599  83                     3   3532.7
 80CW  10-Feb-25 17:27 0104  DM7W           599  599  87                     2   3532.7
 80CW  10-Feb-25 17:27 0105  DL8QS          599  599  107                    2   3532.7
 80CW  10-Feb-25 17:27 0106  SP3MEP         599  599  101                    3   3532.7
 80CW  10-Feb-25 17:28 0107  OK1FKD         599  599  68                     3   3532.7
 80CW  10-Feb-25 17:28 0108  SN5N           599  599  136                    3   3532.7
 80CW  10-Feb-25 17:29 0109  OL4W           599  599  106                    3   3532.7
 80CW  10-Feb-25 17:29 0110  DL7YS          599  599  103                    2   3532.7
 80CW  10-Feb-25 17:29 0111  DL1DWR         599  599  63                     2   3532.7
