 40CW  20-Apr-25 18:04 0001  SP1AEN         599  599  EU            SP       3   7027.0
 40CW  20-Apr-25 18:06 0002  SP2HMT         599  599  EU                     3   7008.2
 40CW  20-Apr-25 18:06 0003  DK2FG          599  599  EU            DL       2   7009.0
 40CW  20-Apr-25 18:07 0004  P3X            599  599  AS            5B       5   7010.5
 40CW  20-Apr-25 18:07 0005  OE1BAA         599  599  EU            OE       3   7011.9
 40CW  20-Apr-25 18:08 0006  EW1I           599  599  EU            EU       3   7014.0
 40CW  20-Apr-25 18:08 0007  IU2SZF         599  599  EU            I        3   7014.5
 40CW  20-Apr-25 18:08 0008  IZ3ETC         599  599  EU                     3   7015.0
 40CW  20-Apr-25 18:09 0009  OZ/DL3KWF      599  599  EU            OZ       3   7015.5
 40CW  20-Apr-25 18:10 0010  PA4O           599  599  EUM           PA       3   7016.0
 40CW  20-Apr-25 18:11 0011  RK3P           599  599  EU            UA       3   7019.7
 40CW  20-Apr-25 18:12 0012  SF0A           599  599  EUQ           SM       3   7021.2
 40CW  20-Apr-25 18:13 0013  LZ1QV          599  599  EU            LZ       3   7022.0
 40CW  20-Apr-25 18:14 0014  F5OZC          599  599  EU            F        3   7022.2
 40CW  20-Apr-25 18:15 0015  SF6W           599  599  EU                     3   7022.9
 40CW  20-Apr-25 18:15 0016  DM7W           599  599  EU                     2   7024.1
 40CW  20-Apr-25 18:16 0017  OR100U         599  599  EU            ON       3   7024.5
 40CW  20-Apr-25 18:17 0018  SE4E           599  599  EU                     3   7025.6
 40CW  20-Apr-25 18:17 0019  AO2IARU        599  599  EU            EA       3   7028.0
 10CW  20-Apr-25 18:18 0020  PW2F           599  599  SA            PY       5  28010.5
 10CW  20-Apr-25 18:20 0021  LU9GBR         599  599  SA            LU       5  28028.0
 10CW  20-Apr-25 18:21 0022  PY2ZEA         599  599  SA                     5  28026.3
 10CW  20-Apr-25 18:23 0023  LU1VKQ         599  599  SA                     5  28021.6
 10CW  20-Apr-25 18:24 0024  LU9MA          599  599  SA                     5  28020.0
 10CW  20-Apr-25 18:25 0025  K1LZ           599  599  NA            K        5  28017.7
 10CW  20-Apr-25 18:32 0026  PR4C           599  599  SA                     5  28047.1
 10CW  20-Apr-25 18:32 0027  PP2RON         599  599  SA                     5  28048.0
 10CW  20-Apr-25 18:33 0028  NP2X           599  599  NAM           KP2      5  28043.0
 10CW  20-Apr-25 18:33 0029  PX1M           599  599  SAM                    5  28040.8
 10CW  20-Apr-25 19:15 0030  PY4AA          599  599  SA                     5  28039.5
 10CW  20-Apr-25 19:17 0031  PY1NSC         599  599  SA                     5  28038.6
 10CW  20-Apr-25 19:20 0032  LQ3D           599  599  SAM                    5  28031.9
 10CW  20-Apr-25 19:21 0033  LT6T           599  599  SAM                    5  28029.0
 15CW  20-Apr-25 20:30 0034  PW2F           599  599  SA            PY       5  21002.0
 15CW  20-Apr-25 20:31 0035  PX1C           599  599  SA                     5  21010.0
 15CW  20-Apr-25 20:33 0036  CB3A           599  599  SA            CE       5  21018.8
 15CW  20-Apr-25 20:34 0037  LQ3D           599  599  SAM           LU       5  21018.0
 15CW  20-Apr-25 20:35 0038  NP4Z           599  599  NA            KP4      5  21017.3
 15CW  20-Apr-25 20:36 0039  LU9GBR         599  599  SA                     5  21028.1
 15CW  20-Apr-25 20:37 0040  LS2D           599  599  SAM                    5  21045.0
 15CW  20-Apr-25 20:38 0041  3G2O           599  599  SAQ                    5  21046.8
 15CW  20-Apr-25 20:39 0042  PU2UAF         599  599  SA                     5  21055.3
 20CW  20-Apr-25 20:39 0043  UW2U           599  599  EU            UR       3  14010.5
 20CW  20-Apr-25 20:42 0044  EA1DP          599  599  EU            EA       3  14020.5
 20CW  20-Apr-25 20:42 0045  K3WW           599  599  NAM           K        5  14021.5
 20CW  20-Apr-25 20:43 0046  CT3KN          599  599  AFM           CT3      5  14022.5
 20CW  20-Apr-25 20:44 0047  PY3TD          599  599  SA            PY       5  14023.1
 20CW  20-Apr-25 20:45 0048  WP3Z           599  599  NAC           KP4      5  14024.5
 20CW  20-Apr-25 20:47 0049  OR5T           599  599  EU            ON       3  14027.0
 40CW  20-Apr-25 20:59 0050  OG50YL         599  599  EU            OH       3   7000.5
 40CW  20-Apr-25 21:00 0051  YT2RX          599  599  EU            YU       3   7003.4
 40CW  20-Apr-25 21:01 0052  ON7PQ          599  599  EU                     3   7005.4
 40CW  20-Apr-25 21:02 0053  SQ9IWA         599  599  EUM                    3   7007.0
 40CW  20-Apr-25 21:05 0054  4L8A           599  599  ASM           4L       5   7011.0
 40CW  20-Apr-25 21:05 0055  HA8TA          599  599  EUM           HA       3   7012.0
 40CW  20-Apr-25 21:07 0056  HB9AMO         599  599  EUM           HB       3   7016.8
 40CW  20-Apr-25 21:08 0057  IK5MEP         599  599  EUQ                    3   7017.5
 40CW  20-Apr-25 21:09 0058  DL/UT8AL       599  599  EU                     2   7017.9
 40CW  20-Apr-25 21:11 0059  HB9TSW         599  599  EU                     3   7019.5
 40CW  20-Apr-25 21:11 0060  I/SP9NY        599  599  EU                     3   7020.0
 40CW  20-Apr-25 21:11 0061  SM5ACQ         599  599  EU                     3   7020.6
 40CW  20-Apr-25 21:12 0062  HA5UA          599  599  EU                     3   7021.1
 40CW  20-Apr-25 21:13 0063  YO4NF          599  599  EUM           YO       3   7021.5
 40CW  20-Apr-25 21:13 0064  PA3GPX         599  599  EU                     3   7022.5
 40CW  20-Apr-25 21:14 0065  YU1EW          599  599  EU                     3   7023.5
 40CW  20-Apr-25 21:15 0066  DL8ULF         599  599  EU                     2   7024.1
 40CW  20-Apr-25 21:15 0067  SE5E           599  599  EU                     3   7025.8
 40CW  20-Apr-25 21:19 0068  YU5T           599  599  EU                     3   7028.6
 40CW  20-Apr-25 21:20 0069  G3L            599  599  EUQ           G        3   7029.0
 40CW  20-Apr-25 21:20 0070  EU4E           599  599  EU                     3   7029.6
 40CW  20-Apr-25 21:21 0071  2E0CVN         599  599  EU                     3   7030.3
 40CW  20-Apr-25 21:22 0072  PW2F           599  599  SA            PY       5   7031.0
 40CW  20-Apr-25 21:23 0073  AO1IARU        599  599  EU                     3   7036.4
 40CW  20-Apr-25 21:25 0074  CT3KN          599  599  AFM           CT3      5   7031.5
 40CW  20-Apr-25 21:26 0075  HA7MF          599  599  EU                     3   7026.7
 40CW  20-Apr-25 21:27 0076  SV2DSJ         599  599  EU            SV       3   7025.0
 40CW  20-Apr-25 21:28 0077  LB4UH          599  599  EU            LA       3   7024.4
 40CW  20-Apr-25 21:29 0078  B100IARU       599  599  AS            BY       5   7021.9
 40CW  20-Apr-25 21:30 0079  EA7BEZ         599  599  EU                     3   7021.5
 40CW  20-Apr-25 21:31 0080  UT7NI          599  599  EU            UR       3   7020.7
 40CW  20-Apr-25 21:31 0081  UW2U           599  599  EU                     3   7019.1
 40CW  20-Apr-25 21:32 0082  RW1A           599  599  EU                     3   7017.0
 40CW  20-Apr-25 21:33 0083  YT1WA          599  599  EU                     3   7015.0
 40CW  20-Apr-25 21:33 0084  EI4II          599  599  EU            EI       3   7014.6
 40CW  20-Apr-25 21:34 0085  EA1R           599  599  EU                     3   7013.9
 40CW  20-Apr-25 21:35 0086  YU1RA          599  599  EU                     3   7011.6
 40CW  20-Apr-25 21:37 0087  TM35REF        599  599  EU                     3   7009.2
 40CW  20-Apr-25 21:38 0088  SM2M           599  599  EU                     3   7007.8
 40CW  20-Apr-25 21:38 0089  OQ5M           599  599  EU                     3   7006.5
 40CW  20-Apr-25 21:38 0090  TM40REF        599  599  EU                     3   7005.9
 80CW  20-Apr-25 21:40 0091  SP1C           599  599  EU            SP       3   3509.9
 80CW  20-Apr-25 21:41 0092  OG3B           599  599  EU            OH       3   3509.5
 80CW  20-Apr-25 21:41 0093  4U1A           599  599  EU            OE       3   3513.1
 80CW  20-Apr-25 21:42 0094  SE5E           599  599  EU            SM       3   3515.0
 80CW  20-Apr-25 21:42 0095  LY1DZ          599  599  EU            LY       3   3516.2
 80CW  20-Apr-25 21:43 0096  S52AW          599  599  EU            S5       3   3516.8
 80CW  20-Apr-25 21:43 0097  SM5CSS         599  599  EUM                    3   3517.7
 80CW  20-Apr-25 21:44 0098  EW1M           599  599  EU            EU       3   3519.0
 80CW  20-Apr-25 21:46 0099  SQ9IWA         599  599  EUM                    3   3520.1
 80CW  20-Apr-25 21:46 0100  UW2U           599  599  EU            UR       3   3520.5
 80CW  20-Apr-25 21:48 0101  DJ1MM          599  599  EU            DL       2   3525.5
 80CW  20-Apr-25 21:48 0102  9A5Y           599  599  EU            9A       3   3525.9
 80CW  20-Apr-25 21:49 0103  IU4JNR         599  599  EU            I        3   3529.3
 80CW  20-Apr-25 21:50 0104  IV3EAD         599  599  EU                     3   3533.0
 80CW  20-Apr-25 21:50 0105  EU4E           599  599  EU                     3   3533.7
 80CW  20-Apr-25 21:51 0106  TM35REF        599  599  EU            F        3   3535.0
