 40CW  31-Mar-25 16:30 0001  G0TRT          599  599  1             G        3   7024.6
 40CW  31-Mar-25 16:31 0002  OK2EA          599  599  2             OK       3   7025.3
 40CW  31-Mar-25 16:32 0003  SP3EFD         599  599  3             SP       3   7028.7
 40CW  31-Mar-25 16:32 0004  SM5CSS         599  599  5             SM       3   7028.7
 40CW  31-Mar-25 16:33 0005  HB9BXE         599  599  8             HB       3   7028.7
 40CW  31-Mar-25 16:33 0006  OM2KI          599  599  10            OM       3   7028.7
 40CW  31-Mar-25 16:34 0007  OK2BFN         599  599  10                     3   7028.7
 40CW  31-Mar-25 16:34 0008  IK3CHK         599  599  5             I        3   7028.7
 40CW  31-Mar-25 16:34 0009  OG6B           599  599  5             OH       3   7028.7
 40CW  31-Mar-25 16:35 0010  SP3MEP         599  599  13                     3   7028.7
 40CW  31-Mar-25 16:35 0011  DL2NBY         599  599  9             DL       2   7028.7
 40CW  31-Mar-25 16:35 0012  OH3MZ          599  599  7                      3   7028.7
 40CW  31-Mar-25 16:36 0013  OK1FKD         599  599  10                     3   7028.7
 40CW  31-Mar-25 16:36 0014  DL2025C        599  599  9                      2   7028.7
 40CW  31-Mar-25 16:37 0015  OK1FMX         599  599  12                     3   7028.7
 40CW  31-Mar-25 16:37 0016  OK2NO          599  599  17                     3   7028.7
 40CW  31-Mar-25 16:37 0017  SN7J           599  599  13                     3   7028.7
 40CW  31-Mar-25 16:38 0018  OK1TD          599  599  15                     3   7028.7
 40CW  31-Mar-25 16:39 0019  SP2XX          599  599  18                     3   7028.7
 40CW  31-Mar-25 16:39 0020  DJ9MH          599  599  19                     2   7028.7
 40CW  31-Mar-25 16:39 0021  OL4W           599  599  14                     3   7028.7
 40CW  31-Mar-25 16:40 0022  OM3TVI         599  599  9                      3   7028.7
 40CW  31-Mar-25 16:40 0023  DL4ME          599  599  14                     2   7028.7
 40CW  31-Mar-25 16:40 0024  PA2TA          599  599  11            PA       3   7028.7
 40CW  31-Mar-25 16:41 0025  OK3EQ          599  599  10                     3   7028.7
 40CW  31-Mar-25 16:41 0026  PA0CT          599  599  16                     3   7028.7
 40CW  31-Mar-25 16:41 0027  F6JOE          599  599  11            F        3   7028.7
 40CW  31-Mar-25 16:42 0028  SP2HHX         599  599  17                     3   7028.7
 40CW  31-Mar-25 16:42 0029  DH0GDS         599  599  11                     2   7028.7
 40CW  31-Mar-25 16:42 0030  DR2C           599  599  36                     2   7028.7
 40CW  31-Mar-25 16:43 0031  IN3FHE         599  599  16                     3   7028.7
 40CW  31-Mar-25 16:43 0032  S51J           599  599  21            S5       3   7028.7
 40CW  31-Mar-25 16:43 0033  OM5CM          599  599  27                     3   7028.7
 40CW  31-Mar-25 16:43 0034  OM4AY          599  599  16                     3   7028.7
 40CW  31-Mar-25 16:44 0035  I3VWK          599  599  18                     3   7028.7
 40CW  31-Mar-25 16:44 0036  HA6NL          599  599  38            HA       3   7028.7
 40CW  31-Mar-25 16:45 0037  OK2CW          599  599  17                     3   7028.7
 40CW  31-Mar-25 16:45 0038  DR3W           599  599  34                     2   7028.7
 40CW  31-Mar-25 16:46 0039  SE6K           599  599  14                     3   7028.7
 40CW  31-Mar-25 16:47 0040  OL8R           599  599  53                     3   7028.7
 40CW  31-Mar-25 16:47 0041  DJ1OJ          599  599  25                     2   7028.7
 40CW  31-Mar-25 16:47 0042  OQ5M           599  599  36            ON       3   7028.7
 40CW  31-Mar-25 16:48 0043  DL1EMA         599  599  20                     2   7028.7
 40CW  31-Mar-25 16:48 0044  HA5MA          599  599  37                     3   7028.7
 40CW  31-Mar-25 16:48 0045  HB9CMW         599  599  15                     3   7028.7
 40CW  31-Mar-25 16:49 0046  OK2PYA         599  599  38                     3   7028.7
 40CW  31-Mar-25 16:49 0047  OK5M           599  599  29                     3   7028.7
 40CW  31-Mar-25 16:50 0048  DM6EE          599  599  51                     2   7028.7
 40CW  31-Mar-25 16:51 0049  OK1AMX         599  599  35                     3   7028.7
 40CW  31-Mar-25 16:51 0050  OK1JAX         599  599  35                     3   7028.7
 40CW  31-Mar-25 16:51 0051  DL8QS          599  599  44                     2   7028.7
 40CW  31-Mar-25 16:52 0052  S52AW          599  599  42                     3   7028.7
 40CW  31-Mar-25 16:52 0053  DL7AU          599  599  23                     2   7028.7
 40CW  31-Mar-25 16:53 0054  RX3QNE         599  599  35            UA       3   7028.7
 40CW  31-Mar-25 16:53 0055  DR7T           599  599  28                     2   7028.7
 40CW  31-Mar-25 16:54 0056  SN5N           599  599  53                     3   7028.7
 40CW  31-Mar-25 16:54 0057  S52W           599  599  62                     3   7028.7
 40CW  31-Mar-25 16:55 0058  S58RU          599  599  8                      3   7028.7
 40CW  31-Mar-25 16:56 0059  DM7W           599  599  49                     2   7028.7
 40CW  31-Mar-25 16:56 0060  PA5WT          599  599  30                     3   7028.7
 40CW  31-Mar-25 16:57 0061  DM5LS          599  599  36                     2   7028.5
 40CW  31-Mar-25 16:57 0062  DL5YAS         599  599  35                     2   7028.2
 40CW  31-Mar-25 16:58 0063  PA3DBS         599  599  43                     3   7026.8
 40CW  31-Mar-25 16:58 0064  SP5Y           599  599  50                     3   7026.4
 40CW  31-Mar-25 16:59 0065  OK6OK          599  599  38                     3   7026.1
 40CW  31-Mar-25 16:59 0066  DJ4WT          599  599  29                     2   7024.6
 40CW  31-Mar-25 17:00 0067  DJ4MX          599  599  68                     2   7024.3
 40CW  31-Mar-25 17:00 0068  PA3AAV         599  599  80                     3   7023.5
 40CW  31-Mar-25 17:01 0069  DK4DS          599  599  38                     2   7021.5
 40CW  31-Mar-25 17:02 0070  EA3X           599  599  42            EA       3   7020.3
 40CW  31-Mar-25 17:03 0071  DL4YR          599  599  32                     2   7018.8
 40CW  31-Mar-25 17:04 0072  YL2TD          599  599  75            YL       3   7016.5
 40CW  31-Mar-25 17:04 0073  DA0BCC         599  599  79                     2   7014.5
 40CW  31-Mar-25 17:05 0074  OK2IW          599  599  50                     3   7014.1
 40CW  31-Mar-25 17:05 0075  DH0GHU         599  599  52                     2   7013.6
 40CW  31-Mar-25 17:06 0076  RV6HV          599  599  52                     3   7012.5
 40CW  31-Mar-25 17:06 0077  YL3JD          599  599  61                     3   7012.0
 40CW  31-Mar-25 17:07 0078  SC6O           599  599  63                     3   7011.5
 40CW  31-Mar-25 17:07 0079  SD1A           599  599  70                     3   7010.5
 40CW  31-Mar-25 17:08 0080  PA2A           599  599  64                     3   7015.4
 40CW  31-Mar-25 17:09 0081  RX3Q           599  599  57                     3   7015.4
 40CW  31-Mar-25 17:09 0082  HB9HTF         599  599  76                     3   7015.4
 40CW  31-Mar-25 17:10 0083  DR2C           599  599  93                     0   7015.4
 40CW  31-Mar-25 17:10 0084  DA3T           599  599  49                     2   7015.4
 40CW  31-Mar-25 17:11 0085  G4BUE          599  599  3                      3   7015.4
 40CW  31-Mar-25 17:12 0086  OK1RZ          599  599  92                     3   7015.4
 40CW  31-Mar-25 17:12 0087  SP8FHK         599  599  37                     3   7015.4
 40CW  31-Mar-25 17:13 0088  PA3EMN         599  599  58                     3   7015.4
 40CW  31-Mar-25 17:13 0089  OK1NU          599  599  37                     3   7015.4
 40CW  31-Mar-25 17:14 0090  DF2RQ          599  599  5                      2   7015.4
 40CW  31-Mar-25 17:15 0091  DJ9KH          599  599  73                     2   7015.4
 40CW  31-Mar-25 17:16 0092  OK2NAJ         599  599  85                     3   7015.4
 40CW  31-Mar-25 17:16 0093  DF7YE          599  599  89                     2   7015.4
 40CW  31-Mar-25 17:18 0094  OK2WY          599  599  97                     3   7017.2
 40CW  31-Mar-25 17:19 0095  PA3ARM         599  599  80                     3   7017.9
 40CW  31-Mar-25 17:20 0096  OK1TN          599  599  100                    3   7020.8
 40CW  31-Mar-25 17:21 0097  SM6TOL         599  599  84                     3   7022.2
 40CW  31-Mar-25 17:21 0098  DM5I           599  599  115                    2   7023.1
 40CW  31-Mar-25 17:22 0099  OE8TIR         599  599  28            OE       3   7025.2
 40CW  31-Mar-25 17:22 0100  DF8V           599  599  69                     2   7025.8
 40CW  31-Mar-25 17:23 0101  OK2VX          599  599  69                     3   7026.4
 40CW  31-Mar-25 17:23 0102  OK1RKS         599  599  70                     3   7027.6
 40CW  31-Mar-25 17:24 0103  Z35M           599  599  28            Z3       3   7029.7
 40CW  31-Mar-25 17:26 0104  SN7O           599  599  114                    3   7031.0
 40CW  31-Mar-25 17:26 0105  OK5NZ          599  599  81                     3   7030.5
 40CW  31-Mar-25 17:27 0106  OL730PLZ       599  599  62                     3   7035.5
 40CW  31-Mar-25 17:28 0107  OK1DOR         599  599  79                     3   7036.7
 40CW  31-Mar-25 17:28 0108  YO4TL          599  599  37            YO       3   7036.9
 40CW  31-Mar-25 17:29 0109  OK1YM          599  599  52                     3   7014.4
 40CW  31-Mar-25 17:29 0110  SP9OUV         599  599  66                     3   7016.6
