 40CW  17-Feb-25 17:01 0001  HA6NL          599  599  100           HA       3   7034.3
 40CW  17-Feb-25 17:01 0002  E77EA          599  599  100           E7       3   7034.3
 40CW  17-Feb-25 17:02 0003  DR7T           599  599  82            DL       2   7034.3
 40CW  17-Feb-25 17:02 0004  OK1FKD         599  599  34            OK       3   7034.3
 40CW  17-Feb-25 17:03 0005  DM7W           599  599  61                     2   7034.3
 40CW  17-Feb-25 17:03 0006  SM5IMO         599  599  73            SM       3   7034.3
 40CW  17-Feb-25 17:03 0007  SN1T           599  599  74            SP       3   7034.3
 40CW  17-Feb-25 17:04 0008  RX3QNE         599  599  41            UA       3   7034.3
 40CW  17-Feb-25 17:04 0009  HA5OV          599  599  51                     3   7034.3
 40CW  17-Feb-25 17:05 0010  DA3T           599  599  42                     2   7034.3
 40CW  17-Feb-25 17:05 0011  IK3QAR         599  599  70            I        3   7034.3
 40CW  17-Feb-25 17:06 0012  IK3CHK         599  599  22                     3   7034.3
 40CW  17-Feb-25 17:10 0013  PA3AAV         599  599  97            PA       3   7034.3
 40CW  17-Feb-25 17:11 0014  ON4EM          599  599  71            ON       3   7034.3
 40CW  17-Feb-25 17:11 0015  S53F           599  599  103           S5       3   7034.3
 40CW  17-Feb-25 17:12 0016  OK1TN          599  599  79                     3   7034.3
 40CW  17-Feb-25 17:12 0017  OK1WSL         599  599  44                     3   7034.3
 40CW  17-Feb-25 17:12 0018  DJ9MH          599  599  74                     2   7034.3
 40CW  17-Feb-25 17:13 0019  SN7J           599  599  58                     3   7034.3
 40CW  17-Feb-25 17:13 0020  I3VWK          599  599  47                     3   7034.3
 40CW  17-Feb-25 17:14 0021  SP1JXJ         599  599  40                     3   7034.3
 40CW  17-Feb-25 17:14 0022  HB9BXE         599  599  79            HB       3   7034.3
 40CW  17-Feb-25 17:15 0023  OK2NO          599  599  78                     3   7034.3
 40CW  17-Feb-25 17:15 0024  DK1KC          599  599  76                     2   7034.3
 40CW  17-Feb-25 17:15 0025  OK1JAX         599  599  67                     3   7034.3
 40CW  17-Feb-25 17:16 0026  LZ5DI          599  599  100           LZ       3   7034.3
 40CW  17-Feb-25 17:16 0027  OH1KH          599  599  25            OH       3   7034.3
 40CW  17-Feb-25 17:16 0028  DF1LON         599  599  57                     2   7034.3
 40CW  17-Feb-25 17:17 0029  YL2TD          599  599  82            YL       3   7034.3
 40CW  17-Feb-25 17:17 0030  SP4DNX         599  599  35                     3   7034.3
 40CW  17-Feb-25 17:18 0031  DF7YE          599  599  97                     2   7034.3
 40CW  17-Feb-25 17:18 0032  OK1TN          599  599  88                     0   7034.3
 40CW  17-Feb-25 17:19 0033  RV6HV          599  599  67                     3   7034.3
 40CW  17-Feb-25 17:19 0034  Z32TO          599  599  64            Z3       3   7034.3
 80CW  17-Feb-25 17:21 0035  HA5OV          599  599  80            HA       3   3533.7
 80CW  17-Feb-25 17:21 0036  SN1T           599  599  120           SP       3   3533.7
 80CW  17-Feb-25 17:22 0037  DR2C           599  599  116           DL       2   3533.7
 80CW  17-Feb-25 17:22 0038  DL1BUG         599  599  95                     2   3533.7
 80CW  17-Feb-25 17:22 0039  DJ3WE          599  599  84                     2   3533.7
 80CW  17-Feb-25 17:23 0040  OK1RZ          599  599  59            OK       3   3533.7
 80CW  17-Feb-25 17:24 0041  OK1IBP         599  599  53                     3   3533.7
 80CW  17-Feb-25 17:24 0042  OM3FW          599  599  57            OM       3   3533.7
 80CW  17-Feb-25 17:24 0043  DJ9MH          599  599  89                     2   3533.7
 80CW  17-Feb-25 17:24 0044  DL7YS          599  599  98                     2   3533.7
 80CW  17-Feb-25 17:25 0045  DF7YE          599  599  109                    2   3533.7
 80CW  17-Feb-25 17:25 0046  OK7NV          599  599  50                     3   3533.7
 80CW  17-Feb-25 17:26 0047  DR7T           599  599  99                     2   3533.7
 80CW  17-Feb-25 17:26 0048  OK1DSZ         599  599  106                    3   3533.7
 80CW  17-Feb-25 17:26 0049  OK1TRJ         599  599  93                     3   3533.7
 80CW  17-Feb-25 17:27 0050  HA2OS          599  599  53                     3   3533.7
 80CW  17-Feb-25 17:27 0051  DM7W           599  599  98                     2   3533.7
 80CW  17-Feb-25 17:27 0052  OK1RKS         599  599  86                     3   3533.7
 80CW  17-Feb-25 17:27 0053  DK1KC          599  599  95                     2   3533.7
 80CW  17-Feb-25 17:28 0054  SP3CW          599  599  70                     3   3533.7
 80CW  17-Feb-25 17:28 0055  SN5N           599  599  130                    3   3533.7
 80CW  17-Feb-25 17:29 0056  OK5FF          599  599  65                     3   3533.7
 80CW  17-Feb-25 17:29 0057  OK1FMX         599  599  77                     3   3533.7
 80CW  17-Feb-25 17:29 0058  SM5IMO         599  599  123           SM       3   3533.7
 80CW  17-Feb-25 17:30 0059  OL4W           599  599  116                    3   3533.7
