 40CW  15-Sep-25 16:30 0001  OK5WA          599  599  2             OK       3   7028.5
 40CW  15-Sep-25 16:31 0002  S52W           599  599  6             S5       3   7029.1
 40CW  15-Sep-25 16:31 0003  SN5N           599  599  4             SP       3   7029.5
 40CW  15-Sep-25 16:32 0004  SE5V           599  599  2             SM       3   7030.2
 40CW  15-Sep-25 16:33 0005  LY3QA          599  599  1             LY       3   7030.7
 40CW  15-Sep-25 16:34 0006  SP2QG          599  599  7                      3   7031.2
 40CW  15-Sep-25 16:34 0007  OK1IBP         599  599  10                     3   7032.5
 40CW  15-Sep-25 16:36 0008  OK6OK          599  599  7                      3   7031.7
 40CW  15-Sep-25 16:36 0009  DA3T           599  599  7             DL       2   7031.7
 40CW  15-Sep-25 16:36 0010  DL1Y           599  599  14                     2   7031.7
 40CW  15-Sep-25 16:36 0011  OK1TN          599  599  12                     3   7031.7
 40CW  15-Sep-25 16:37 0012  SP3MEP         599  599  18                     3   7031.7
 40CW  15-Sep-25 16:38 0013  DF9SJ          599  599  3                      2   7031.7
 40CW  15-Sep-25 16:38 0014  G4HSO          599  599  8             G        3   7031.7
 40CW  15-Sep-25 16:38 0015  OK2SFP         599  599  8                      3   7031.7
 40CW  15-Sep-25 16:39 0016  HG1G           599  599  21            HA       3   7031.7
 40CW  15-Sep-25 16:39 0017  OG6B           599  599  13            OH       3   7031.7
 40CW  15-Sep-25 16:39 0018  LY3QA          599  599  11                     0   7031.7
 40CW  15-Sep-25 16:40 0019  DR2C           599  599  24                     2   7031.7
 40CW  15-Sep-25 16:40 0020  OM3ZU          599  599  12            OM       3   7031.7
 40CW  15-Sep-25 16:40 0021  PC4H           599  599  22            PA       3   7031.7
 40CW  15-Sep-25 16:41 0022  DK1KC          599  599  24                     2   7031.7
 40CW  15-Sep-25 16:42 0023  OK1DZD         599  599  4                      3   7031.7
 40CW  15-Sep-25 16:42 0024  OL4W           599  599  17                     3   7031.7
 40CW  15-Sep-25 16:42 0025  IK3CHK         599  599  13            I        3   7031.7
 40CW  15-Sep-25 16:43 0026  OM3CPF         599  599  18                     3   7031.7
 40CW  15-Sep-25 16:44 0027  IU4JNR         599  599  22                     3   7031.7
 40CW  15-Sep-25 16:44 0028  SP2MKI         599  599  5                      3   7031.7
 40CW  15-Sep-25 16:44 0029  OK1DOL         599  599  39                     3   7031.7
 40CW  15-Sep-25 16:45 0030  DJ9MH          599  599  28                     2   7031.7
 40CW  15-Sep-25 16:45 0031  OK1DSZ         599  599  33                     3   7031.7
 40CW  15-Sep-25 16:46 0032  HA5BA          599  599  23                     3   7031.7
 40CW  15-Sep-25 16:46 0033  OM5KM          599  599  23                     3   7031.7
 40CW  15-Sep-25 16:46 0034  OK1FKD         599  599  14                     3   7031.7
 40CW  15-Sep-25 16:47 0035  HB9BXE         599  599  35            HB       3   7031.7
 40CW  15-Sep-25 16:47 0036  OK2NO          599  599  33                     3   7031.7
 40CW  15-Sep-25 16:47 0037  HA5MA          599  599  32                     3   7031.7
 40CW  15-Sep-25 16:48 0038  S51J           599  599  32                     3   7031.7
 40CW  15-Sep-25 16:49 0039  DK5ZX          599  599  13                     2   7031.7
 40CW  15-Sep-25 16:49 0040  SM9F           599  599  9                      3   7031.7
 40CW  15-Sep-25 16:50 0041  DL4ME          599  599  37                     2   7031.7
 40CW  15-Sep-25 16:50 0042  DG1YBN         599  599  12                     2   7031.7
 40CW  15-Sep-25 16:50 0043  PA2A           599  599  36                     3   7031.7
 40CW  15-Sep-25 16:50 0044  OM5CM          599  599  26                     3   7031.7
 40CW  15-Sep-25 16:51 0045  OK1TD          599  599  24                     3   7031.7
 40CW  15-Sep-25 16:51 0046  DF2RQ          599  599  30                     2   7031.7
 40CW  15-Sep-25 16:51 0047  ON4EM          599  599  46            ON       3   7031.7
 40CW  15-Sep-25 16:52 0048  G0TRT          599  599  21                     3   7031.7
 40CW  15-Sep-25 16:52 0049  SP9OUV         599  599  36                     3   7031.7
 40CW  15-Sep-25 16:52 0050  S51J           599  599  35                     0   7031.7
 40CW  15-Sep-25 16:53 0051  OK1RZ          599  599  53                     3   7031.7
 40CW  15-Sep-25 16:53 0052  SP2HHX         599  599  5                      3   7031.7
 40CW  15-Sep-25 16:55 0053  OK2ON          599  599  24                     3   7031.7
 40CW  15-Sep-25 16:56 0054  DJ4WT          599  599  29                     2   7027.7
 40CW  15-Sep-25 16:58 0055  DL5YM          599  599  43                     2   7026.3
 40CW  15-Sep-25 16:58 0056  EA3X           599  599  11            EA       3   7026.0
 40CW  15-Sep-25 16:58 0057  DK4DS          599  599  38                     2   7025.4
 40CW  15-Sep-25 16:59 0058  PC0A           599  599  63                     3   7024.8
 40CW  15-Sep-25 17:00 0059  IK5MEL         599  599  34                     3   7024.4
 40CW  15-Sep-25 17:00 0060  OK1DOR         599  599  60                     3   7024.1
 40CW  15-Sep-25 17:00 0061  OZ1AAR         599  599  46            OZ       3   7023.7
 40CW  15-Sep-25 17:01 0062  OK1RKS         599  599  54                     3   7023.3
 40CW  15-Sep-25 17:01 0063  SE5T           599  599  58                     3   7023.1
 40CW  15-Sep-25 17:02 0064  SM5CSS         599  599  48                     3   7022.7
 40CW  15-Sep-25 17:02 0065  DF8V           599  599  57                     2   7022.3
 40CW  15-Sep-25 17:03 0066  OH1SIC         599  599  40                     3   7021.3
 40CW  15-Sep-25 17:03 0067  SC6O           599  599  63                     3   7021.0
 40CW  15-Sep-25 17:04 0068  SD6F           599  599  49                     3   7020.6
 40CW  15-Sep-25 17:05 0069  OK1BM          599  599  29                     3   7020.3
 40CW  15-Sep-25 17:05 0070  E77EA          599  599  84            E7       3   7019.5
 40CW  15-Sep-25 17:06 0071  PA3AAV         599  599  85                     3   7019.0
 40CW  15-Sep-25 17:07 0072  OK2EA          599  599  77                     3   7016.4
 40CW  15-Sep-25 17:08 0073  OZ7BQ          599  599  46                     3   7015.5
 40CW  15-Sep-25 17:08 0074  DF7YE          599  599  88                     2   7015.3
 40CW  15-Sep-25 17:09 0075  OZ/DL3KWF      599  599  45                     3   7012.9
 40CW  15-Sep-25 17:09 0076  DF4ZL          599  599  27                     2   7012.3
 40CW  15-Sep-25 17:11 0077  SP4JFR         599  599  51                     3   7016.8
 40CW  15-Sep-25 17:11 0078  OK1KKI         599  599  64                     3   7016.8
 40CW  15-Sep-25 17:11 0079  HA6NL          599  599  96                     3   7016.8
 80CW  15-Sep-25 17:13 0080  DJ9MH          599  599  76            DL       2   3529.5
 80CW  15-Sep-25 17:14 0081  OK5WA          599  599  84            OK       3   3529.1
 80CW  15-Sep-25 17:15 0082  SP3VT          599  599  30            SP       3   3531.0
 80CW  15-Sep-25 17:16 0083  OZ1AAR         599  599  69            OZ       3   3534.1
 80CW  15-Sep-25 17:17 0084  SM6M           599  599  93            SM       3   3535.7
 80CW  15-Sep-25 17:19 0085  DL7YS          599  599  72                     2   3532.2
 80CW  15-Sep-25 17:19 0086  SP3MEP         599  599  92                     3   3532.2
 80CW  15-Sep-25 17:20 0087  DJ0SP          599  599  76                     2   3532.2
 80CW  15-Sep-25 17:20 0088  DL1BUG         599  599  85                     2   3532.2
 80CW  15-Sep-25 17:21 0089  OK1FKD         599  599  51                     3   3532.2
 80CW  15-Sep-25 17:21 0090  SO3O           599  599  37                     3   3532.2
 80CW  15-Sep-25 17:22 0091  SP2DKI         599  599  71                     3   3532.2
 80CW  15-Sep-25 17:22 0092  DL8QS          599  599  88                     2   3532.2
 80CW  15-Sep-25 17:23 0093  DL1Y           599  599  99                     2   3532.2
 80CW  15-Sep-25 17:23 0094  OK1DOL         599  599  99                     3   3532.2
 80CW  15-Sep-25 17:23 0095  OK1DSZ         599  599  107                    3   3532.2
 80CW  15-Sep-25 17:24 0096  DF7YE          599  599  114                    2   3532.2
 80CW  15-Sep-25 17:24 0097  OK1DOL         599  599  128                    0   3532.2
 80CW  15-Sep-25 17:24 0098  DM6EE          599  599  94                     2   3532.2
 80CW  15-Sep-25 17:25 0099  DK1KC          599  599  97                     2   3532.2
 80CW  15-Sep-25 17:25 0100  DR2C           599  599  108                    2   3532.2
 80CW  15-Sep-25 17:25 0101  OK1AY          599  599  40                     3   3532.2
 80CW  15-Sep-25 17:26 0102  OK2NAJ         599  599  31                     3   3532.2
 80CW  15-Sep-25 17:26 0103  OM3FW          599  599  87            OM       3   3532.2
 80CW  15-Sep-25 17:27 0104  IU4JNR         599  599  77            I        3   3532.2
 80CW  15-Sep-25 17:28 0105  SN5N           599  599  119                    3   3532.2
 80CW  15-Sep-25 17:28 0106  OK2BFN         599  599  116                    3   3532.2
 80CW  15-Sep-25 17:29 0107  OK1KKI         599  599  88                     3   3532.2
 80CW  15-Sep-25 17:29 0108  SM9X           599  599  86                     3   3532.2
