 10SSB 29-Mar-25 16:21 0001  CR3DX          59   59   1289          CT3      5  28378.2
 10SSB 29-Mar-25 16:22 0002  P33W           59   59   1340          5B       5  28370.8
 10SSB 29-Mar-25 16:23 0003  ED8Y           59   59   403           EA8      5  28413.0
 10SSB 29-Mar-25 16:25 0004  PT5J           59   59   1748          PY       5  28433.7
 10SSB 29-Mar-25 16:26 0005  HI8R           59   59   852           HI       5  28460.0
 15SSB 29-Mar-25 16:35 0006  VE3JM          59   59   259           VE       5  21185.6
 15SSB 29-Mar-25 16:36 0007  LZ1RW          59   59   151           LZ       3  21188.5
 15SSB 29-Mar-25 16:42 0008  IT9FRX         59   59   558           IT9      3  21223.0
 15SSB 30-Mar-25 15:52 0009  CQ3W           59   59   4016          CT3      5  21393.2
 15SSB 30-Mar-25 15:54 0010  CR3DX          59   59   2823                   5  21374.0
 15SSB 30-Mar-25 15:56 0011  DP7D           59   59   1353          DL       2  21379.1
 15SSB 30-Mar-25 15:57 0012  DF7A           59   59   2502                   2  21406.6
 15SSB 30-Mar-25 16:01 0013  LZ8A           59   59   1117                   3  21436.1
 15SSB 30-Mar-25 16:01 0014  ER4A           59   59   2857          ER       3  21442.5
 15SSB 30-Mar-25 16:03 0015  UT0H           59   59   1112          UR       3  21389.0
 15SSB 30-Mar-25 16:04 0016  E2A            59   59   1743          HS       5  21386.5
 15SSB 30-Mar-25 16:06 0017  V55Y           59   59   1092          V5       5  21381.0
 15SSB 30-Mar-25 16:06 0018  EB5A           59   59   3066          EA       3  21370.7
 15SSB 30-Mar-25 16:08 0019  P35A           59   59   2349          5B       5  21366.4
 15SSB 30-Mar-25 16:09 0020  P3CR           59   59   1589                   5  21362.0
