 40CW  24-Nov-25 16:30 0001  IS0JHQ         599  599  001           Q        1   7023.4
 40CW  24-Nov-25 16:31 0002  S52W           599  599  003           W        1   7024.2
 40CW  24-Nov-25 16:31 0003  PA3AAV         599  599  005           V        1   7024.5
 40CW  24-Nov-25 16:31 0004  PC0A           599  599  007           A        1   7024.8
 40CW  24-Nov-25 16:32 0005  DA1DX          599  599  008           X        1   7025.2
 40CW  24-Nov-25 16:32 0006  DL5YM          599  599  005           M        1   7025.5
 40CW  24-Nov-25 16:33 0007  E77EA          599  599  007                    1   7027.1
 40CW  24-Nov-25 16:34 0008  DA3T           599  599  008           T        1   7027.4
 40CW  24-Nov-25 16:34 0009  HA6NL          599  599  010           L        1   7027.7
 40CW  24-Nov-25 16:35 0010  DC8YZ          599  599  007           Z        1   7028.1
 40CW  24-Nov-25 16:35 0011  DM5I           599  599  016           I        1   7028.3
 40CW  24-Nov-25 16:35 0012  SN5N           599  599  014           N        1   7028.6
 40CW  24-Nov-25 16:36 0013  DL4YR          599  599  008           R        1   7028.8
 40CW  24-Nov-25 16:37 0014  OK5D           599  599  015           D        1   7029.7
 40CW  24-Nov-25 16:37 0015  OK5NZ          599  599  012                    1   7030.0
 40CW  24-Nov-25 16:38 0016  PA3DBS         599  599  014           S        1   7030.4
 40CW  24-Nov-25 16:38 0017  OK1RKS         599  599  011                    1   7030.7
 40CW  24-Nov-25 16:39 0018  OK1JAX         599  599  020                    1   7031.2
 40CW  24-Nov-25 16:39 0019  EA3X           599  599  013                    1   7031.9
 40CW  24-Nov-25 16:40 0020  DA0BCC         599  599  024           C        1   7032.1
 40CW  24-Nov-25 16:40 0021  OK2BFN         599  599  025                    1   7032.5
 40CW  24-Nov-25 16:41 0022  OK1IBP         599  599  028           P        1   7032.8
 40CW  24-Nov-25 16:41 0023  OM5B           599  599  029           B        1   7033.1
 40CW  24-Nov-25 16:42 0024  DM5EE          599  599  035           E        1   7033.6
 40CW  24-Nov-25 16:42 0025  DF7TS          599  599  016                    1   7033.9
 40CW  24-Nov-25 16:43 0026  OK2PYA         599  599  030                    1   7034.5
 40CW  24-Nov-25 16:43 0027  PA3DZM         599  599  014                    1   7034.8
 40CW  24-Nov-25 16:44 0028  DJ9KH          599  599  030           H        1   7035.2
 40CW  24-Nov-25 16:46 0029  SP4TKR         599  599  016                    1   7034.3
 40CW  24-Nov-25 16:46 0030  OK1USP         599  599  013                    1   7034.3
 40CW  24-Nov-25 16:46 0031  DL2025C        599  599  013                    1   7034.3
 40CW  24-Nov-25 16:47 0032  OL4W           599  599  024                    1   7034.3
 40CW  24-Nov-25 16:47 0033  HB9BXE         599  599  033                    1   7034.3
 40CW  24-Nov-25 16:48 0034  DK1KC          599  599  033                    1   7034.3
 40CW  24-Nov-25 16:48 0035  DR7X           599  599  028                    1   7034.3
 40CW  24-Nov-25 16:49 0036  OK1AMX         599  599  032                    1   7034.3
 40CW  24-Nov-25 16:49 0037  IK3QAR         599  599  044                    1   7034.3
 40CW  24-Nov-25 16:50 0038  DJ3WE          599  599  037                    1   7034.3
 40CW  24-Nov-25 16:50 0039  OK1TRJ         599  599  032           J        1   7034.3
 40CW  24-Nov-25 16:50 0040  OL8R           599  599  075                    1   7034.3
 40CW  24-Nov-25 16:51 0041  M4N            599  599  041                    1   7034.3
 40CW  24-Nov-25 16:51 0042  SP2MKI         599  599  033                    1   7034.3
 40CW  24-Nov-25 16:52 0043  DL4FDM         599  599  019                    1   7034.3
 40CW  24-Nov-25 16:52 0044  DH0GDS         599  599  016                    1   7034.3
 40CW  24-Nov-25 16:53 0045  SQ6MIH         599  599  013                    1   7034.3
 40CW  24-Nov-25 16:53 0046  IN3FHE         599  599  014                    1   7034.3
 40CW  24-Nov-25 16:53 0047  OK2NAJ         599  599  037                    1   7034.3
 40CW  24-Nov-25 16:54 0048  DR2C           599  599  061                    1   7034.3
 40CW  24-Nov-25 16:54 0049  SM5CSS         599  599  028                    1   7034.3
 40CW  24-Nov-25 16:54 0050  DJ1OJ          599  599  032                    1   7034.3
 40CW  24-Nov-25 16:55 0051  OK2GG          599  599  032           G        1   7034.3
 40CW  24-Nov-25 16:55 0052  DJ4WT          599  599  016                    1   7034.3
 40CW  24-Nov-25 16:55 0053  G4BFG          599  599  005                    1   7034.3
 40CW  24-Nov-25 16:55 0054  SM5S           599  599  025                    1   7034.3
 40CW  24-Nov-25 16:56 0055  RK6O           599  599  029           O        1   7034.3
 40CW  24-Nov-25 16:56 0056  SN1T           599  599  067                    1   7034.3
 40CW  24-Nov-25 16:57 0057  OK2BRQ         599  599  016                    1   7034.3
 40CW  24-Nov-25 16:59 0058  OK6OK          599  599  033           K        1   7021.7
 40CW  24-Nov-25 16:59 0059  OK5TFC         599  599  042                    1   7019.5
 40CW  24-Nov-25 17:01 0060  SD6F           599  599  052           F        1   7026.4
 40CW  24-Nov-25 17:03 0061  OM3ZU          599  599  044           U        1   7037.0
 40CW  24-Nov-25 17:04 0062  OK1DOY         599  599  052           Y        1   7038.2
 80CW  24-Nov-25 17:05 0063  OL8R           599  599  120           R        1   3531.3
 80CW  24-Nov-25 17:06 0064  OK1FMX         599  599  037           X        1   3531.3
 80CW  24-Nov-25 17:06 0065  OK1AY          599  599  026           Y        1   3531.3
 80CW  24-Nov-25 17:06 0066  OK2BFN         599  599  071           N        1   3531.3
 80CW  24-Nov-25 17:07 0067  DL7YS          599  599  009           S        1   3531.3
 80CW  24-Nov-25 17:07 0068  DR7X           599  599  058                    1   3531.3
 80CW  24-Nov-25 17:07 0069  OL4W           599  599  051           W        1   3531.3
 80CW  24-Nov-25 17:08 0070  OM5B           599  599  092           B        1   3531.3
 80CW  24-Nov-25 17:09 0071  DK1KC          599  599  063           C        1   3531.3
 80CW  24-Nov-25 17:09 0072  DL8QS          599  599  084                    1   3531.3
 80CW  24-Nov-25 17:10 0073  DH0GDS         599  599  026                    1   3531.3
 80CW  24-Nov-25 17:11 0074  OK1KKI         599  599  059           I        1   3531.3
 80CW  24-Nov-25 17:11 0075  DL4ME          599  599  093           E        1   3531.3
 80CW  24-Nov-25 17:11 0076  DJ1OJ          599  599  050           J        1   3531.3
 80CW  24-Nov-25 17:12 0077  DF6FQ          599  599  040           Q        1   3531.3
 80CW  24-Nov-25 17:13 0078  OM2KI          599  599  087                    1   3531.3
 80CW  24-Nov-25 17:14 0079  SD1A           599  599  042           A        1   3532.0
 80CW  24-Nov-25 17:15 0080  SD6F           599  599  079           F        1   3534.0
 80CW  24-Nov-25 17:16 0081  OK1DSZ         599  599  100           Z        1   3535.0
 80CW  24-Nov-25 17:17 0082  DA1DX          599  599  125                    1   3536.0
 80CW  24-Nov-25 17:17 0083  OM4MW          599  599  039                    1   3536.8
 80CW  24-Nov-25 17:19 0084  SP3MEP         599  599  086           P        1   3538.0
 80CW  24-Nov-25 17:19 0085  E77EA          599  599  118                    1   3539.0
 80CW  24-Nov-25 17:20 0086  SQ7M           599  599  030           M        1   3541.0
 80CW  24-Nov-25 17:22 0087  SN1T           599  599  125           T        1   3527.6
 80CW  24-Nov-25 17:24 0088  OK1DOL         599  599  114           L        1   3527.1
 80CW  24-Nov-25 17:25 0089  SM5IMO         599  599  086           O        1   3533.5
 80CW  24-Nov-25 17:26 0090  OK1NG          599  599  060           G        1   3528.9
 80CW  24-Nov-25 17:26 0091  SM0OEK         599  599  076           K        1   3532.5
 80CW  24-Nov-25 17:28 0092  DM6M           599  599  085                    1   3535.2
 80CW  24-Nov-25 17:29 0093  DJ3WE          599  599  093                    1   3535.2
 80CW  24-Nov-25 17:29 0094  SP3JDZ         599  599  066                    1   3535.2
