 40DIG 08-Apr-25 18:08 0001  DJ1YF          599  599  E03           DL       2   7045.1
 40DIG 08-Apr-25 18:10 0002  G0GQT          599  599  006           G        3   7045.1
 40DIG 08-Apr-25 18:10 0003  DL1ABR         599  599  H05                    2   7045.1
 40DIG 08-Apr-25 18:11 0004  DL4ME          599  599  X30                    2   7045.1
 40DIG 08-Apr-25 18:12 0005  IW1CBG         599  599  006           I        3   7045.1
 40DIG 08-Apr-25 18:13 0006  DK2AJ          599  599  W33                    2   7045.1
 40DIG 08-Apr-25 18:13 0007  DL2BFK         599  599  K06                    2   7045.1
 40DIG 08-Apr-25 18:14 0008  DF1MM          599  599  I18                    2   7045.1
 40DIG 08-Apr-25 18:15 0009  DG9VH          599  599  Q03                    2   7045.1
 40DIG 08-Apr-25 18:15 0010  DL6NDW         599  599  C12                    2   7045.1
 40DIG 08-Apr-25 18:16 0011  DL5ZBS         599  599  F38                    2   7045.1
 40DIG 08-Apr-25 18:16 0012  DL5KBG         599  599  G07                    2   7045.1
 40DIG 08-Apr-25 18:17 0013  DG3FAW         599  599  F62                    2   7045.1
 40DIG 08-Apr-25 18:18 0014  DL3DRN         599  599  S27                    2   7045.1
 40DIG 08-Apr-25 18:18 0015  DL7AUO         599  599  D06                    2   7045.1
 40DIG 08-Apr-25 18:19 0016  DJ4MH          599  599  Z95                    2   7045.1
 40DIG 08-Apr-25 18:20 0017  DK2OY          599  599  M15                    2   7045.1
 40DIG 08-Apr-25 18:20 0018  DK1RF          599  599  NM                     2   7045.1
 40DIG 08-Apr-25 18:21 0019  DL2RUG         599  599  C12                    2   7045.1
 40DIG 08-Apr-25 18:22 0020  DJ2AX          599  599  X20                    2   7045.0
 40DIG 08-Apr-25 18:22 0021  DM800KM        599  599  800KM                  2   7045.0
 40DIG 08-Apr-25 18:23 0022  DA0IARU        599  599  L16                    2   7045.0
 40DIG 08-Apr-25 18:23 0023  DL5XL          599  599  E20                    2   7045.0
 40DIG 08-Apr-25 18:24 0024  DG0KS          599  599  V02                    2   7045.0
 40DIG 08-Apr-25 18:25 0025  OE9NRH         599  599  008           OE       3   7045.0
 40DIG 08-Apr-25 18:25 0026  DF2TG          599  599  V11                    2   7045.0
 40DIG 08-Apr-25 18:26 0027  DL4MFC         599  599  C30                    2   7045.0
 40DIG 08-Apr-25 18:26 0028  DH8WG          599  599  X13                    2   7045.0
 40DIG 08-Apr-25 18:28 0029  2E0JLZ         599  599  008                    3   7045.0
 40DIG 08-Apr-25 18:29 0030  DK1KC          599  599  C06                    2   7045.0
 40DIG 08-Apr-25 18:29 0031  HB9AWS         599  599  009           HB       3   7045.0
 40DIG 08-Apr-25 18:30 0032  DK2FG          599  599  N05                    2   7045.0
 40DIG 08-Apr-25 18:31 0033  DR4A           599  599  F27                    2   7045.0
 40DIG 08-Apr-25 18:32 0034  OK1GSB         599  599  013           OK       3   7045.0
 40DIG 08-Apr-25 18:32 0035  DF5EN          599  599  P51                    2   7045.0
 40DIG 08-Apr-25 18:33 0036  DF4PD          599  599  G23                    2   7045.0
 80DIG 08-Apr-25 18:38 0037  DL2LMS         599  599  S34           DL       2   3584.2
 80DIG 08-Apr-25 18:39 0038  DL5XL          599  599  E20                    2   3584.2
 80DIG 08-Apr-25 18:39 0039  DF1MM          599  599  I18                    2   3584.2
 80DIG 08-Apr-25 18:41 0040  DR6T           599  599  U14                    2   3584.2
 80DIG 08-Apr-25 18:41 0041  DL4KW          599  599  G06                    2   3584.2
 80DIG 08-Apr-25 18:42 0042  DL3SYA         599  599  V14                    2   3584.2
 80DIG 08-Apr-25 18:42 0043  DM2TS          599  599  S21                    2   3584.2
 80DIG 08-Apr-25 18:43 0044  DL8DWW         599  599  S04                    2   3584.2
 80DIG 08-Apr-25 18:44 0045  DQ9Y           599  599  L06                    2   3584.2
 40DIG 08-Apr-25 18:47 0046  DK2VM          599  599  Q18                    2   7058.0
 40DIG 08-Apr-25 18:48 0047  DJ5FS          599  599  H50                    2   7058.0
 40DIG 08-Apr-25 18:49 0048  9A1CCY         599  599  030           9A       3   7058.0
 40DIG 08-Apr-25 18:50 0049  M4N            599  599  030                    3   7058.0
 40DIG 08-Apr-25 18:51 0050  DG0AM          599  599  X23                    2   7058.0
 40DIG 08-Apr-25 18:51 0051  DK0WK          599  599  X36                    2   7058.0
 40DIG 08-Apr-25 18:52 0052  DL2FI          599  599  B07                    2   7058.0
 40DIG 08-Apr-25 18:53 0053  PA2A           599  599  016           PA       3   7058.0
 40DIG 08-Apr-25 18:55 0054  DH0GHU         599  599  C07                    2   7057.0
 40DIG 08-Apr-25 18:55 0055  DK3WW          599  599  Y09                    2   7056.5
 40DIG 08-Apr-25 18:56 0056  DM5TI          599  599  C15                    2   7055.2
 40DIG 08-Apr-25 18:57 0057  DK4MX          599  599  X29                    2   7052.3
 40DIG 08-Apr-25 18:59 0058  DA0TOR         599  599  S69                    2   7049.5
 40DIG 08-Apr-25 19:00 0059  DJ9MH          599  599  B10                    2   7045.3
 40DIG 08-Apr-25 19:01 0060  SP1TJ          599  599  035           SP       3   7044.2
 40DIG 08-Apr-25 19:02 0061  ON5GQ          599  599  056           ON       3   7045.7
 40DIG 08-Apr-25 19:03 0062  IV3WMS         599  599  045                    3   7042.3
 40DIG 08-Apr-25 19:05 0063  DF7CHR         599  599  C01                    2   7039.9
 80DIG 08-Apr-25 19:08 0064  DK2OY          599  599  M15                    2   3587.8
 80DIG 08-Apr-25 19:09 0065  DK7ZT          599  599  F15                    2   3587.8
 80DIG 08-Apr-25 19:10 0066  DG0AM          599  599  X23                    2   3587.8
 80DIG 08-Apr-25 19:11 0067  DJ4MH          599  599  Z95                    2   3587.8
 80DIG 08-Apr-25 19:11 0068  DF1QR          599  599  Z95                    2   3587.8
 80DIG 08-Apr-25 19:12 0069  DG1YBN         599  599  N44                    2   3587.8
 80DIG 08-Apr-25 19:14 0070  DK2AJ          599  599  W33                    2   3587.8
 80DIG 08-Apr-25 19:19 0071  DF8QB          599  599  L05                    2   3583.4
 80DIG 08-Apr-25 19:20 0072  DK3WW          599  599  Y09                    2   3582.0
 80DIG 08-Apr-25 19:21 0073  DK1KC          599  599  C06                    2   3581.4
 80DIG 08-Apr-25 19:22 0074  DF5EN          599  599  P51                    2   3579.4
 80DIG 08-Apr-25 19:24 0075  DM3W           599  599  Y24                    2   3582.7
 80DIG 08-Apr-25 19:27 0076  DF8XC          599  599  N47                    2   3584.7
 80DIG 08-Apr-25 19:28 0077  DJ2AX          599  599  X20                    2   3585.5
