 40CW  07-Apr-25 16:30 0001  OK5NZ          599  599  1             OK       3   7023.3
 40CW  07-Apr-25 16:31 0002  SE5T           599  599  1             SM       3   7022.3
 40CW  07-Apr-25 16:31 0003  DJ4WT          599  599  2             DL       2   7021.3
 40CW  07-Apr-25 16:36 0004  DJ9MH          599  599  12                     2   7010.2
 40CW  07-Apr-25 16:36 0005  PC0A           599  599  11            PA       3   7010.6
 40CW  07-Apr-25 16:36 0006  DH0GHU         599  599  12                     2   7010.9
 40CW  07-Apr-25 16:37 0007  YL3JD          599  599  14            YL       3   7011.5
 40CW  07-Apr-25 16:38 0008  SD1A           599  599  18                     3   7012.5
 40CW  07-Apr-25 16:38 0009  SD6F           599  599  22                     3   7012.9
 40CW  07-Apr-25 16:39 0010  SM5ACQ         599  599  15                     3   7013.1
 40CW  07-Apr-25 16:39 0011  OK2PYA         599  599  23                     3   7013.5
 40CW  07-Apr-25 16:40 0012  DA2K           599  599  16                     2   7013.9
 40CW  07-Apr-25 16:40 0013  PA3DBS         599  599  20                     3   7014.2
 40CW  07-Apr-25 16:41 0014  S52AW          599  599  29            S5       3   7015.0
 40CW  07-Apr-25 16:41 0015  SN1T           599  599  35            SP       3   7015.6
 40CW  07-Apr-25 16:42 0016  DF7YE          599  599  33                     2   7016.5
 40CW  07-Apr-25 16:43 0017  OK2IW          599  599  7                      3   7016.7
 40CW  07-Apr-25 16:43 0018  S53F           599  599  39                     3   7017.0
 40CW  07-Apr-25 16:43 0019  DL7YS          599  599  18                     2   7017.2
 40CW  07-Apr-25 16:44 0020  DF8V           599  599  28                     2   7017.7
 40CW  07-Apr-25 16:45 0021  SD6M           599  599  24                     3   7017.9
 40CW  07-Apr-25 16:45 0022  OK2NAJ         599  599  22                     3   7018.2
 40CW  07-Apr-25 16:45 0023  OK2EA          599  599  38                     3   7018.5
 40CW  07-Apr-25 16:46 0024  SC6O           599  599  29                     3   7018.9
 40CW  07-Apr-25 16:47 0025  HG5E           599  599  48            HA       3   7019.2
 40CW  07-Apr-25 16:47 0026  DL4YR          599  599  14                     2   7019.6
 40CW  07-Apr-25 16:48 0027  PA3AAV         599  599  53                     3   7019.9
 40CW  07-Apr-25 16:49 0028  LZ5DI          599  599  44            LZ       3   7020.6
 40CW  07-Apr-25 16:51 0029  DD2ML          599  599  43                     2   7022.6
 40CW  07-Apr-25 16:52 0030  IN3FHE         599  599  25            I        3   7022.3
 40CW  07-Apr-25 16:52 0031  DA3T           599  599  34                     2   7022.3
 40CW  07-Apr-25 16:52 0032  DR2C           599  599  49                     2   7022.3
 40CW  07-Apr-25 16:53 0033  OK1TRJ         599  599  39                     3   7022.3
 40CW  07-Apr-25 16:53 0034  OK1LNC         599  599  19                     3   7022.3
 40CW  07-Apr-25 16:54 0035  DF4ZL          599  599  34                     2   7022.3
 40CW  07-Apr-25 16:54 0036  E77EA          599  599  47            E7       3   7022.3
 40CW  07-Apr-25 16:54 0037  SQ1DNJ         599  599  33                     3   7022.3
 40CW  07-Apr-25 16:55 0038  M4N            599  599  43            G        3   7022.3
 40CW  07-Apr-25 16:55 0039  SM6M           599  599  57                     3   7022.3
 40CW  07-Apr-25 16:55 0040  OK1TN          599  599  46                     3   7022.3
 40CW  07-Apr-25 16:55 0041  HB9HTF         599  599  35            HB       3   7022.3
 40CW  07-Apr-25 16:56 0042  OK1FMX         599  599  30                     3   7022.3
 40CW  07-Apr-25 16:56 0043  DL4CF          599  599  19                     2   7022.3
 40CW  07-Apr-25 16:56 0044  OG6B           599  599  17            OH       3   7022.3
 40CW  07-Apr-25 16:57 0045  DK1KC          599  599  47                     2   7022.3
 40CW  07-Apr-25 16:57 0046  DF1DT          599  599  47                     2   7022.3
 40CW  07-Apr-25 16:57 0047  DF7TS          599  599  28                     2   7022.3
 40CW  07-Apr-25 16:58 0048  HA2OS          599  599  27                     3   7022.3
 40CW  07-Apr-25 16:58 0049  OM3ZU          599  599  31            OM       3   7022.3
 40CW  07-Apr-25 16:58 0050  DA0BCC         599  599  50                     2   7022.3
 40CW  07-Apr-25 16:59 0051  SN7J           599  599  36                     3   7022.3
 40CW  07-Apr-25 16:59 0052  OK1FKD         599  599  33                     3   7022.3
 40CW  07-Apr-25 17:00 0053  HB9CMW         599  599  19                     3   7022.3
 40CW  07-Apr-25 17:00 0054  DL8QS          599  599  51                     2   7022.3
 40CW  07-Apr-25 17:00 0055  DL6JF          599  599  66                     2   7022.3
 40CW  07-Apr-25 17:01 0056  OK1AMX         599  599  44                     3   7022.3
 40CW  07-Apr-25 17:01 0057  PC4H           599  599  56                     3   7022.3
 40CW  07-Apr-25 17:01 0058  SP2XX          599  599  69                     3   7022.3
 40CW  07-Apr-25 17:02 0059  OK5SA          599  599  39                     3   7022.3
 40CW  07-Apr-25 17:02 0060  DA3T           599  599  40                     0   7022.3
 40CW  07-Apr-25 17:02 0061  OK1KKI         599  599  39                     3   7022.3
 40CW  07-Apr-25 17:03 0062  SO3O           599  599  24                     3   7022.3
 40CW  07-Apr-25 17:03 0063  SP8FHK         599  599  53                     3   7022.3
 40CW  07-Apr-25 17:04 0064  DL4ME          599  599  81                     2   7022.3
 40CW  07-Apr-25 17:04 0065  RX3Q           599  599  56            UA       3   7022.3
 40CW  07-Apr-25 17:05 0066  IK3CHK         599  599  29                     3   7022.3
 40CW  07-Apr-25 17:05 0067  HB9EGA         599  599  18                     3   7022.3
 40CW  07-Apr-25 17:06 0068  OK6OK          599  599  45                     3   7022.3
 80CW  07-Apr-25 17:07 0069  DL7YS          599  599  65            DL       2   3530.7
 80CW  07-Apr-25 17:09 0070  SP3CW          599  599  33            SP       3   3534.6
 80CW  07-Apr-25 17:10 0071  DR3W           599  599  82                     2   3534.6
 80CW  07-Apr-25 17:10 0072  DJ0SP          599  599  65                     2   3534.6
 80CW  07-Apr-25 17:10 0073  DJ9MH          599  599  77                     2   3534.6
 80CW  07-Apr-25 17:11 0074  OM3FW          599  599  35            OM       3   3534.6
 80CW  07-Apr-25 17:11 0075  HB9CMW         599  599  24            HB       3   3534.6
 80CW  07-Apr-25 17:11 0076  OK1USP         599  599  32            OK       3   3534.6
 80CW  07-Apr-25 17:13 0077  DL8QS          599  599  72                     2   3534.6
 80CW  07-Apr-25 17:13 0078  OK1DSZ         599  599  86                     3   3534.6
 80CW  07-Apr-25 17:14 0079  DR2C           599  599  96                     2   3534.6
 80CW  07-Apr-25 17:14 0080  OK2BFN         599  599  78                     3   3534.6
 80CW  07-Apr-25 17:14 0081  SM6M           599  599  96            SM       3   3534.6
 80CW  07-Apr-25 17:15 0082  OK1RZ          599  599  45                     3   3534.6
 80CW  07-Apr-25 17:16 0083  DL1DWR         599  599  35                     2   3534.6
 80CW  07-Apr-25 17:17 0084  OK2PYA         599  599  85                     3   3534.6
 80CW  07-Apr-25 17:17 0085  OM2KI          599  599  123                    3   3534.6
 80CW  07-Apr-25 17:17 0086  OK1FKD         599  599  55                     3   3534.6
 80CW  07-Apr-25 17:18 0087  OK1AY          599  599  49                     3   3534.6
 80CW  07-Apr-25 17:18 0088  DJ1OJ          599  599  65                     2   3534.6
 80CW  07-Apr-25 17:19 0089  OK1TRJ         599  599  22                     3   3534.6
 80CW  07-Apr-25 17:19 0090  OK7NV          599  599  41                     3   3534.6
 80CW  07-Apr-25 17:20 0091  OK1LNC         599  599  41                     3   3534.6
 80CW  07-Apr-25 17:21 0092  E77EA          599  599  103           E7       3   3535.5
 80CW  07-Apr-25 17:22 0093  DD2ML          599  599  99                     2   3536.6
 80CW  07-Apr-25 17:22 0094  DL1NKS         599  599  77                     2   3537.0
 80CW  07-Apr-25 17:23 0095  DJ3WE          599  599  93                     2   3532.4
 80CW  07-Apr-25 17:24 0096  DM5LS          599  599  71                     2   3531.5
 80CW  07-Apr-25 17:25 0097  SM5IMO         599  599  108                    3   3528.5
 80CW  07-Apr-25 17:26 0098  PC0A           599  599  106           PA       3   3530.7
 80CW  07-Apr-25 17:26 0099  OM4MW          599  599  113                    3   3532.0
 80CW  07-Apr-25 17:27 0100  SE5T           599  599  82                     3   3527.2
 80CW  07-Apr-25 17:28 0101  DF2RQ          599  599  70                     2   3526.6
 80CW  07-Apr-25 17:28 0102  OK2EA          599  599  111                    3   3525.4
 80CW  07-Apr-25 17:29 0103  SP3VT          599  599  69                     3   3532.7
