 40CW  03-Nov-25 16:30 0001  SN5N           599  599  2             SP       3   7029.0
 40CW  03-Nov-25 16:31 0002  S55OO          599  599  3             S5       3   7029.5
 40CW  03-Nov-25 16:31 0003  OK2BFN         599  599  4             OK       3   7030.0
 40CW  03-Nov-25 16:31 0004  SM5IMO         599  599  2             SM       3   7030.4
 40CW  03-Nov-25 16:32 0005  OK1FHI         599  599  5                      3   7031.0
 40CW  03-Nov-25 16:32 0006  SP2QG          599  599  5                      3   7031.3
 40CW  03-Nov-25 16:33 0007  OK5NZ          599  599  5                      3   7032.0
 40CW  03-Nov-25 16:33 0008  OK5WA          599  599  6                      3   7032.6
 40CW  03-Nov-25 16:33 0009  OL8R           599  599  8                      3   7033.1
 40CW  03-Nov-25 16:34 0010  DD5M           599  599  10            DL       2   7033.6
 40CW  03-Nov-25 16:36 0011  DA3T           599  599  10                     2   7033.9
 40CW  03-Nov-25 16:36 0012  DA0BCC         599  599  17                     2   7033.9
 40CW  03-Nov-25 16:37 0013  OK2QA          599  599  13                     3   7033.9
 40CW  03-Nov-25 16:37 0014  I3VWK          599  599  14            I        3   7033.9
 40CW  03-Nov-25 16:37 0015  HB9BXE         599  599  18            HB       3   7033.9
 40CW  03-Nov-25 16:38 0016  DJ3WE          599  599  17                     2   7033.9
 40CW  03-Nov-25 16:38 0017  DF6FQ          599  599  6                      2   7033.9
 40CW  03-Nov-25 16:39 0018  SN1T           599  599  24                     3   7033.9
 40CW  03-Nov-25 16:39 0019  SM5CSS         599  599  13                     3   7033.9
 40CW  03-Nov-25 16:40 0020  IU4JNR         599  599  22                     3   7033.9
 40CW  03-Nov-25 16:40 0021  YL3FW          599  599  19            YL       3   7033.9
 40CW  03-Nov-25 16:41 0022  S51J           599  599  13                     3   7033.9
 40CW  03-Nov-25 16:41 0023  F5PZR          599  599  16            F        3   7033.9
 40CW  03-Nov-25 16:43 0024  DF2RQ          599  599  13                     2   7020.2
 40CW  03-Nov-25 16:43 0025  DK4DS          599  599  17                     2   7020.7
 40CW  03-Nov-25 16:44 0026  PA3AAV         599  599  29            PA       3   7021.1
 40CW  03-Nov-25 16:44 0027  IK5MEL         599  599  26                     3   7022.3
 40CW  03-Nov-25 16:45 0028  DF8V           599  599  34                     2   7022.6
 40CW  03-Nov-25 16:45 0029  SP4G           599  599  29                     3   7023.0
 40CW  03-Nov-25 16:46 0030  OK5D           599  599  38                     3   7023.2
 40CW  03-Nov-25 16:46 0031  DJ4WT          599  599  11                     2   7024.0
 40CW  03-Nov-25 16:47 0032  PC0A           599  599  45                     3   7024.9
 40CW  03-Nov-25 16:48 0033  OK1DOR         599  599  26                     3   7025.6
 40CW  03-Nov-25 16:48 0034  E77EA          599  599  48            E7       3   7026.0
 40CW  03-Nov-25 16:49 0035  OK1DSZ         599  599  39                     3   7026.3
 40CW  03-Nov-25 16:49 0036  YU1XO          599  599  25            YU       3   7026.9
 40CW  03-Nov-25 16:50 0037  HA6NL          599  599  51            HA       3   7027.2
 40CW  03-Nov-25 16:50 0038  HA5OV          599  599  45                     3   7028.1
 40CW  03-Nov-25 16:51 0039  DR3W           599  599  35                     2   7028.6
 40CW  03-Nov-25 16:52 0040  DL1BUG         599  599  36                     2   7029.9
 40CW  03-Nov-25 16:52 0041  Z35M           599  599  10            Z3       3   7030.5
 40CW  03-Nov-25 16:53 0042  OM5B           599  599  56            OM       3   7034.0
 40CW  03-Nov-25 16:54 0043  OK1KKI         599  599  31                     3   7035.0
 40CW  03-Nov-25 16:54 0044  DL1NKS         599  599  38                     2   7035.5
 40CW  03-Nov-25 16:54 0045  SD1A           599  599  26                     3   7035.9
 40CW  03-Nov-25 16:55 0046  9A3DML         599  599  22            9A       3   7037.0
 40CW  03-Nov-25 16:55 0047  OK1BM          599  599  28                     3   7037.9
 40CW  03-Nov-25 16:57 0048  DK1KC          599  599  53                     2   7009.3
 40CW  03-Nov-25 16:58 0049  OK1IBP         599  599  40                     3   7009.3
 40CW  03-Nov-25 16:58 0050  M4N            599  599  58            G        3   7009.3
 40CW  03-Nov-25 16:58 0051  RX3Q           599  599  40            UA       3   7009.3
 40CW  03-Nov-25 16:58 0052  OM2KI          599  599  62                     3   7009.3
 40CW  03-Nov-25 16:58 0053  OK7AZ          599  599  18                     3   7009.3
 40CW  03-Nov-25 16:59 0054  HA1A           599  599  50                     3   7009.3
 40CW  03-Nov-25 16:59 0055  HB9CMW         599  599  26                     3   7009.3
 40CW  03-Nov-25 17:00 0056  SP3VT          599  599  51                     3   7009.3
 40CW  03-Nov-25 17:01 0057  SP3CW          599  599  50                     3   7009.3
 40CW  03-Nov-25 17:01 0058  OK1TD          599  599  42                     3   7009.3
 40CW  03-Nov-25 17:02 0059  OM3CW          599  599  50                     3   7009.3
 40CW  03-Nov-25 17:02 0060  OG6B           599  599  32            OH       3   7009.3
 40CW  03-Nov-25 17:02 0061  SP2MKI         599  599  41                     3   7009.3
 40CW  03-Nov-25 17:03 0062  DA3T           599  599  51                     0   7009.3
 40CW  03-Nov-25 17:03 0063  RV6HV          599  599  48                     3   7009.3
 40CW  03-Nov-25 17:03 0064  OL4W           599  599  48                     3   7009.3
 40CW  03-Nov-25 17:05 0065  OK5TFC         599  599  49                     3   7010.2
 40CW  03-Nov-25 17:06 0066  OK1TN          599  599  52                     3   7012.1
 40CW  03-Nov-25 17:07 0067  DF7TS          599  599  54                     2   7014.0
 40CW  03-Nov-25 17:07 0068  DL3KWF         599  599  55                     2   7012.5
 40CW  03-Nov-25 17:08 0069  HG5E           599  599  85                     3   7014.9
 40CW  03-Nov-25 17:08 0070  OK6OK          599  599  51                     3   7015.9
 40CW  03-Nov-25 17:09 0071  PA2A           599  599  76                     3   7017.2
 40CW  03-Nov-25 17:09 0072  SD6F           599  599  70                     3   7017.8
 40CW  03-Nov-25 17:10 0073  OZ7BQ          599  599  42            OZ       3   7018.3
 40CW  03-Nov-25 17:10 0074  SC6O           599  599  62                     3   7018.6
 40CW  03-Nov-25 17:11 0075  ON4EM          599  599  87            ON       3   7019.5
 40CW  03-Nov-25 17:13 0076  R6OF           599  599  30                     3   7016.3
 40CW  03-Nov-25 17:15 0077  OK1AMX         599  599  61                     3   7016.3
 40CW  03-Nov-25 17:15 0078  OM4WM          599  599  59                     3   7016.3
 40CW  03-Nov-25 17:15 0079  OM5CM          599  599  53                     3   7016.3
 40CW  03-Nov-25 17:16 0080  HA5BA          599  599  54                     3   7016.3
 40CW  03-Nov-25 17:16 0081  OM5CM          599  599  55                     0   7016.3
 40CW  03-Nov-25 17:17 0082  SP9OUV         599  599  49                     3   7016.3
 40CW  03-Nov-25 17:17 0083  OE1TKW         599  599  13            OE       3   7016.3
 40CW  03-Nov-25 17:19 0084  S59A           599  599  13                     3   7013.3
 40CW  03-Nov-25 17:20 0085  DL2NBY         599  599  84                     2   7019.8
 40CW  03-Nov-25 17:22 0086  DM5I           599  599  98                     2   7032.2
 40CW  03-Nov-25 17:24 0087  LZ5DI          599  599  86            LZ       3   7026.2
 40CW  03-Nov-25 17:24 0088  OM3TVI         599  599  41                     3   7026.2
 40CW  03-Nov-25 17:25 0089  SP7N           599  599  73                     3   7026.2
 40CW  03-Nov-25 17:27 0090  RA4HBS         599  599  37                     3   7026.2
 40CW  03-Nov-25 17:27 0091  SN7J           599  599  71                     3   7026.2
 40CW  03-Nov-25 17:28 0092  S52W           599  599  113                    3   7026.2
 40CW  03-Nov-25 17:28 0093  OK1ITK         599  599  48                     3   7026.2
 40CW  03-Nov-25 17:29 0094  DR7X           599  599  90                     2   7026.2
 40CW  03-Nov-25 17:29 0095  OK2PXX         599  599  36                     3   7026.2
