 40CW  02-Jun-25 16:30 0001  OM4WM          599  599  1             OM       3   7029.0
 40CW  02-Jun-25 16:31 0002  OK1IBP         599  599  2             OK       3   7030.2
 40CW  02-Jun-25 16:31 0003  SP2QG          599  599  3             SP       3   7030.7
 40CW  02-Jun-25 16:32 0004  DJ9KH          599  599  5             DL       2   7031.3
 40CW  02-Jun-25 16:33 0005  HB9CMW         599  599  1             HB       3   7026.3
 40CW  02-Jun-25 16:33 0006  OM2KI          599  599  11                     3   7026.3
 40CW  02-Jun-25 16:34 0007  OK1RZ          599  599  7                      3   7026.3
 40CW  02-Jun-25 16:34 0008  DK1KC          599  599  11                     2   7026.3
 40CW  02-Jun-25 16:34 0009  DJ1OJ          599  599  7                      2   7026.3
 40CW  02-Jun-25 16:35 0010  SN1T           599  599  12                     3   7026.3
 40CW  02-Jun-25 16:36 0011  DL1DTL         599  599  11                     2   7026.3
 40CW  02-Jun-25 16:37 0012  OK1EG          599  599  5                      3   7026.3
 40CW  02-Jun-25 16:38 0013  PA2A           599  599  16            PA       3   7026.3
 40CW  02-Jun-25 16:38 0014  SM5DXR         599  599  6             SM       3   7026.3
 40CW  02-Jun-25 16:38 0015  OK5FF          599  599  6                      3   7026.3
 40CW  02-Jun-25 16:39 0016  SP2HHX         599  599  13                     3   7026.3
 40CW  02-Jun-25 16:39 0017  SP8BXL         599  599  15                     3   7026.3
 40CW  02-Jun-25 16:40 0018  OK1AMX         599  599  8                      3   7026.3
 40CW  02-Jun-25 16:40 0019  IN3FHE         599  599  12            I        3   7026.3
 40CW  02-Jun-25 16:40 0020  G3SQU          599  599  2             G        3   7026.3
 40CW  02-Jun-25 16:41 0021  OK2PYA         599  599  18                     3   7026.3
 40CW  02-Jun-25 16:41 0022  SM5CSS         599  599  15                     3   7026.3
 40CW  02-Jun-25 16:42 0023  OK2BFN         599  599  22                     3   7026.3
 40CW  02-Jun-25 16:43 0024  DL1RTL         599  599  9                      2   7026.3
 40CW  02-Jun-25 16:43 0025  G0TRT          599  599  15                     3   7026.3
 40CW  02-Jun-25 16:43 0026  DA3T           599  599  16                     2   7026.3
 40CW  02-Jun-25 16:44 0027  HA6NL          599  599  34            HA       3   7026.3
 40CW  02-Jun-25 16:44 0028  OK1TRJ         599  599  24                     3   7026.3
 40CW  02-Jun-25 16:44 0029  SE6K           599  599  15                     3   7026.3
 40CW  02-Jun-25 16:45 0030  DL7YS          599  599  19                     2   7026.3
 40CW  02-Jun-25 16:45 0031  DM5I           599  599  43                     2   7026.3
 40CW  02-Jun-25 16:45 0032  DM7W           599  599  29                     2   7026.3
 40CW  02-Jun-25 16:46 0033  DJ3WE          599  599  19                     2   7026.3
 40CW  02-Jun-25 16:46 0034  DL4ME          599  599  18                     2   7026.3
 40CW  02-Jun-25 16:46 0035  HB9BXE         599  599  29                     3   7026.3
 40CW  02-Jun-25 16:46 0036  DA3T           599  599  19                     0   7026.3
 40CW  02-Jun-25 16:47 0037  S52W           599  599  38            S5       3   7026.3
 40CW  02-Jun-25 16:47 0038  G4DZL          599  599  1                      3   7026.3
 40CW  02-Jun-25 16:48 0039  OK1DSZ         599  599  13                     3   7026.3
 40CW  02-Jun-25 16:48 0040  OK2NO          599  599  28                     3   7026.3
 40CW  02-Jun-25 16:49 0041  DD5M           599  599  43                     2   7026.3
 40CW  02-Jun-25 16:49 0042  DK0KTL         599  599  17                     2   7026.3
 40CW  02-Jun-25 16:50 0043  OK1TD          599  599  23                     3   7026.3
 40CW  02-Jun-25 16:50 0044  SP9OUV         599  599  23                     3   7026.3
 40CW  02-Jun-25 16:50 0045  HA5OV          599  599  41                     3   7026.3
 40CW  02-Jun-25 16:51 0046  HG9X           599  599  18                     3   7026.3
 40CW  02-Jun-25 16:52 0047  HB9HTF         599  599  36                     3   7026.3
 40CW  02-Jun-25 16:52 0048  DJ0SP          599  599  43                     2   7026.3
 40CW  02-Jun-25 16:53 0049  OK2EA          599  599  22                     3   7026.3
 40CW  02-Jun-25 16:54 0050  PA3AAV         599  599  63                     3   7026.3
 40CW  02-Jun-25 16:54 0051  SN7J           599  599  27                     3   7026.3
 40CW  02-Jun-25 16:54 0052  DL3YM          599  599  47                     2   7026.3
 40CW  02-Jun-25 16:55 0053  OM5CM          599  599  34                     3   7026.3
 40CW  02-Jun-25 16:55 0054  YU1XO          599  599  16            YU       3   7026.3
 40CW  02-Jun-25 16:56 0055  DG0KS          599  599  27                     2   7026.3
 40CW  02-Jun-25 16:56 0056  OK1TN          599  599  37                     3   7026.3
 40CW  02-Jun-25 16:56 0057  SP2XX          599  599  53                     3   7026.3
 40CW  02-Jun-25 16:57 0058  OK1RKS         599  599  26                     3   7026.3
 40CW  02-Jun-25 16:57 0059  DJ9MH          599  599  46                     2   7026.3
 40CW  02-Jun-25 16:58 0060  HA5NR          599  599  15                     3   7026.3
 40CW  02-Jun-25 17:02 0061  DA0BCC         599  599  66                     2   7018.0
 40CW  02-Jun-25 17:02 0062  DJ4WT          599  599  55                     2   7018.3
 40CW  02-Jun-25 17:02 0063  DH0GHU         599  599  56                     2   7018.6
 40CW  02-Jun-25 17:03 0064  OK2NAJ         599  599  39                     3   7018.8
 40CW  02-Jun-25 17:04 0065  OK1DOR         599  599  50                     3   7019.1
 40CW  02-Jun-25 17:04 0066  PC0A           599  599  79                     3   7019.7
 40CW  02-Jun-25 17:05 0067  DK75DARC       599  599  63                     2   7021.9
 40CW  02-Jun-25 17:06 0068  SM5ACQ         599  599  47                     3   7022.2
 40CW  02-Jun-25 17:07 0069  ON4EM          599  599  61            ON       3   7023.0
 40CW  02-Jun-25 17:08 0070  SP7N           599  599  53                     3   7024.9
 40CW  02-Jun-25 17:09 0071  DL5YM          599  599  51                     2   7025.3
 40CW  02-Jun-25 17:09 0072  OK5NZ          599  599  36                     3   7025.5
 40CW  02-Jun-25 17:10 0073  OZ7BQ          599  599  42            OZ       3   7026.5
 40CW  02-Jun-25 17:11 0074  4X5IB          599  599  31            4X       5   7026.9
 40CW  02-Jun-25 17:12 0075  OK2VX          599  599  43                     3   7027.7
 40CW  02-Jun-25 17:13 0076  LY4K           599  599  31            LY       3   7025.8
 40CW  02-Jun-25 17:15 0077  SD6F           599  599  58                     3   7025.8
 40CW  02-Jun-25 17:15 0078  SC6O           599  599  46                     3   7025.8
 40CW  02-Jun-25 17:16 0079  OK1ITK         599  599  32                     3   7025.8
 40CW  02-Jun-25 17:18 0080  DF8V           599  599  80                     2   7028.3
 40CW  02-Jun-25 17:19 0081  OL730PLZ       599  599  28                     3   7027.8
 40CW  02-Jun-25 17:20 0082  SM5IMO         599  599  75                     3   7027.5
 40CW  02-Jun-25 17:21 0083  PA3DZM         599  599  42                     3   7016.8
 40CW  02-Jun-25 17:22 0084  DR2C           599  599  79                     2   7011.6
 40CW  02-Jun-25 17:23 0085  OM3FW          599  599  66                     3   7027.1
 40CW  02-Jun-25 17:25 0086  DJ9SN          599  599  67                     2   7026.6
 40CW  02-Jun-25 17:26 0087  SF6J           599  599  63                     3   7029.6
 40CW  02-Jun-25 17:27 0088  SE5V           599  599  24                     3   7027.6
