 40CW  21-Jul-25 16:30 0001  OK1JAX         599  599  1             OK       3   7020.6
 40CW  21-Jul-25 16:31 0002  DF8V           599  599  2             DL       2   7022.4
 40CW  21-Jul-25 16:31 0003  SE5T           599  599  5             SM       3   7022.8
 40CW  21-Jul-25 16:32 0004  OK2GG          599  599  5                      3   7023.6
 40CW  21-Jul-25 16:33 0005  OK2BFN         599  599  6                      3   7023.6
 40CW  21-Jul-25 16:33 0006  G4LJU          599  599  2             G        3   7023.6
 40CW  21-Jul-25 16:33 0007  DR2C           599  599  10                     2   7023.6
 40CW  21-Jul-25 16:33 0008  DK1KC          599  599  9                      2   7023.6
 40CW  21-Jul-25 16:34 0009  DL4ME          599  599  9                      2   7023.6
 40CW  21-Jul-25 16:34 0010  SM5CSS         599  599  6                      3   7023.6
 40CW  21-Jul-25 16:35 0011  SN1T           599  599  14            SP       3   7023.6
 40CW  21-Jul-25 16:35 0012  DA3T           599  599  13                     2   7023.6
 40CW  21-Jul-25 16:36 0013  IQ4FE          599  599  7             I        3   7023.6
 40CW  21-Jul-25 16:36 0014  OK1TN          599  599  14                     3   7023.6
 40CW  21-Jul-25 16:37 0015  M4N            599  599  7                      3   7023.6
 40CW  21-Jul-25 16:37 0016  DJ0SP          599  599  9                      2   7023.6
 40CW  21-Jul-25 16:37 0017  DL3YM          599  599  15                     2   7023.6
 40CW  21-Jul-25 16:38 0018  DJ9SN          599  599  15                     2   7023.6
 40CW  21-Jul-25 16:38 0019  SP2XX          599  599  18                     3   7023.6
 40CW  21-Jul-25 16:39 0020  DJ3WE          599  599  13                     2   7023.6
 40CW  21-Jul-25 16:39 0021  OK1TD          599  599  9                      3   7023.6
 40CW  21-Jul-25 16:40 0022  ON5QD          599  599  3             ON       3   7023.6
 40CW  21-Jul-25 16:40 0023  OK1FMX         599  599  14                     3   7023.6
 40CW  21-Jul-25 16:41 0024  IK3QAR         599  599  24                     3   7023.6
 40CW  21-Jul-25 16:41 0025  OK2NO          599  599  23                     3   7023.6
 40CW  21-Jul-25 16:41 0026  DL8QS          599  599  20                     2   7023.6
 40CW  21-Jul-25 16:42 0027  IN3FHE         599  599  11                     3   7023.6
 40CW  21-Jul-25 16:42 0028  SP7N           599  599  17                     3   7023.6
 40CW  21-Jul-25 16:43 0029  HA6NL          599  599  37            HA       3   7023.6
 40CW  21-Jul-25 16:43 0030  DL1JHR         599  599  1                      2   7023.6
 40CW  21-Jul-25 16:43 0031  OK1IBP         599  599  24                     3   7023.6
 40CW  21-Jul-25 16:44 0032  OK1RZ          599  599  32                     3   7023.6
 40CW  21-Jul-25 16:46 0033  DF2RQ          599  599  24                     2   7023.6
 40CW  21-Jul-25 16:46 0034  OK2NAJ         599  599  25                     3   7023.6
 40CW  21-Jul-25 16:47 0035  SP4DNX         599  599  18                     3   7023.6
 40CW  21-Jul-25 16:47 0036  OK1FKD         599  599  22                     3   7023.6
 40CW  21-Jul-25 16:48 0037  ON4EM          599  599  30                     3   7023.6
 40CW  21-Jul-25 16:48 0038  OK1TRJ         599  599  28                     3   7023.6
 40CW  21-Jul-25 16:48 0039  S51J           599  599  25            S5       3   7023.6
 40CW  21-Jul-25 16:49 0040  OH3MZ          599  599  20            OH       3   7023.6
 40CW  21-Jul-25 16:49 0041  OZ7BQ          599  599  17            OZ       3   7023.6
 40CW  21-Jul-25 16:49 0042  SO3O           599  599  32                     3   7023.6
 40CW  21-Jul-25 16:49 0043  SN7J           599  599  30                     3   7023.6
 40CW  21-Jul-25 16:50 0044  DJ9MH          599  599  33                     2   7023.6
 40CW  21-Jul-25 16:50 0045  SP8FHK         599  599  20                     3   7023.6
 40CW  21-Jul-25 16:52 0046  IU4JNR         599  599  25                     3   7023.6
 40CW  21-Jul-25 16:52 0047  LY3QA          599  599  20            LY       3   7023.6
 40CW  21-Jul-25 16:52 0048  DK5ZX          599  599  16                     2   7023.6
 40CW  21-Jul-25 16:53 0049  OK1AMX         599  599  29                     3   7023.6
 40CW  21-Jul-25 16:53 0050  OK1OA          599  599  42                     3   7023.6
 40CW  21-Jul-25 16:54 0051  DF7TS          599  599  20                     2   7023.6
 40CW  21-Jul-25 16:54 0052  OK2PYA         599  599  42                     3   7023.6
 40CW  21-Jul-25 16:54 0053  OK1KKI         599  599  51                     3   7023.6
 40CW  21-Jul-25 16:55 0054  PA2A           599  599  43            PA       3   7023.6
 40CW  21-Jul-25 16:56 0055  SP8BXL         599  599  26                     3   7023.6
 40CW  21-Jul-25 16:57 0056  HB9BXE         599  599  49            HB       3   7023.6
 40CW  21-Jul-25 16:58 0057  OK5WA          599  599  45                     3   7024.7
 40CW  21-Jul-25 16:59 0058  OK1RKS         599  599  22                     3   7025.4
 40CW  21-Jul-25 17:00 0059  DL5YM          599  599  53                     2   7025.7
 40CW  21-Jul-25 17:01 0060  DL6MHW         599  599  17                     2   7026.7
 40CW  21-Jul-25 17:02 0061  OM5CM          599  599  42            OM       3   7027.5
 40CW  21-Jul-25 17:02 0062  SN5N           599  599  71                     3   7029.0
 40CW  21-Jul-25 17:02 0063  PA3DBS         599  599  31                     3   7029.5
 40CW  21-Jul-25 17:03 0064  OK4RQ          599  599  8                      3   7029.9
 40CW  21-Jul-25 17:04 0065  IK3CHK         599  599  29                     3   7030.3
 40CW  21-Jul-25 17:04 0066  DJ4WT          599  599  48                     2   7030.6
 40CW  21-Jul-25 17:05 0067  OK5NZ          599  599  51                     3   7031.0
 40CW  21-Jul-25 17:05 0068  RX3Q           599  599  36            UA       3   7031.5
 40CW  21-Jul-25 17:06 0069  DL1YCF         599  599  39                     2   7031.8
 40CW  21-Jul-25 17:07 0070  DL1NKS         599  599  36                     2   7032.2
 40CW  21-Jul-25 17:07 0071  DJ9KH          599  599  60                     2   7035.9
 40CW  21-Jul-25 17:08 0072  OL4W           599  599  43                     3   7036.6
 40CW  21-Jul-25 17:08 0073  OK5TFC         599  599  40                     3   7010.9
 40CW  21-Jul-25 17:09 0074  DC8YZ          599  599  50                     2   7012.0
 40CW  21-Jul-25 17:10 0075  DL3KWF         599  599  60                     2   7013.3
 40CW  21-Jul-25 17:11 0076  DH0GHU         599  599  8                      2   7014.8
 40CW  21-Jul-25 17:11 0077  SC6O           599  599  47                     3   7016.5
 40CW  21-Jul-25 17:12 0078  OL3W           599  599  69                     3   7017.6
 40CW  21-Jul-25 17:12 0079  YU1RA          599  599  53            YU       3   7017.0
 40CW  21-Jul-25 17:13 0080  LZ5DI          599  599  75            LZ       3   7018.4
 40CW  21-Jul-25 17:14 0081  DA2K           599  599  58                     2   7019.7
 40CW  21-Jul-25 17:15 0082  PC0A           599  599  88                     3   7021.1
 40CW  21-Jul-25 17:16 0083  OK1DOR         599  599  73                     3   7020.8
 40CW  21-Jul-25 17:17 0084  HA5BMS         599  599  87                     3   7021.6
 40CW  21-Jul-25 17:17 0085  OM3FW          599  599  73                     3   7021.9
 40CW  21-Jul-25 17:19 0086  S52W           599  599  89                     3   7020.6
 40CW  21-Jul-25 17:20 0087  RL2O           599  599  42                     3   7020.6
 40CW  21-Jul-25 17:20 0088  OK1ITK         599  599  36                     3   7020.6
 40CW  21-Jul-25 17:21 0089  SP8BXL         599  599  46                     0   7020.6
 40CW  21-Jul-25 17:22 0090  HA5CQZ         599  599  12                     3   7020.6
 40CW  21-Jul-25 17:23 0091  SP2QG          599  599  98                     3   7020.6
 40CW  21-Jul-25 17:23 0092  SP4JFR         599  599  69                     3   7020.6
 40CW  21-Jul-25 17:25 0093  OM4WM          599  599  85                     3   7025.0
 40CW  21-Jul-25 17:26 0094  PA3DZM         599  599  33                     3   7033.3
 40CW  21-Jul-25 17:26 0095  YU1XO          599  599  58                     3   7023.7
 40CW  21-Jul-25 17:28 0096  SD1A           599  599  70                     3   7022.2
 40CW  21-Jul-25 17:28 0097  SM5IMO         599  599  78                     3   7019.6
