 10CW  09-Aug-25 16:42 0001  4Z5ML          599  599  151           4X       5  28010.6
 10CW  09-Aug-25 16:43 0002  ZS1C           599  599  256           ZS       5  28011.1
 10CW  09-Aug-25 16:46 0003  PV2K           599  599  410           PY       5  28015.9
 10CW  09-Aug-25 16:47 0004  LU5EA          599  599  049           LU       5  28014.5
 20CW  09-Aug-25 16:56 0005  CR3W           599  599  1129          CT3      5  14035.7
 10CW  09-Aug-25 17:05 0006  CR3W           599  599  1136          CT3      5  28010.8
 40CW  09-Aug-25 17:07 0007  RM9I           599  599  447           UA9      5   7027.0
 40CW  09-Aug-25 17:10 0008  RC9A           599  599  403                    5   7011.0
 40CW  09-Aug-25 17:11 0009  UN3M           599  599  507           UN       5   7010.6
 10CW  09-Aug-25 17:13 0010  TA7I           599  599  431           TA       5  28016.0
 10CW  09-Aug-25 17:16 0011  LT6T           599  599  58                     5  28018.0
 15CW  09-Aug-25 17:21 0012  PY2PLL         599  599  71            PY       5  21040.1
 15CW  09-Aug-25 17:28 0013  ZS1C           599  599  291           ZS       5  21017.2
 15CW  09-Aug-25 17:38 0014  PY1KO          599  599  45                     5  21011.0
 15CW  09-Aug-25 17:39 0015  ND3T           599  599  749           K        5  21003.5
 15CW  09-Aug-25 20:16 0016  PY3TD          599  599  291                    5  21023.7
 15CW  09-Aug-25 20:17 0017  PP5KP          599  599  28                     5  21033.4
 15CW  09-Aug-25 20:18 0018  LT6T           599  599  105           LU       5  21015.0
 15CW  09-Aug-25 20:20 0019  PY2XL          599  599  102                    5  21050.0
 15CW  09-Aug-25 20:26 0020  PU2UAF         599  599  124                    5  21007.3
 20CW  09-Aug-25 20:33 0021  PJ2ND          599  599  204           PJ2      5  14027.2
 20CW  09-Aug-25 20:36 0022  N6AR           599  599  316           K        5  14025.5
 20CW  09-Aug-25 20:37 0023  PP5RB          599  599  5             PY       5  14025.0
 20CW  09-Aug-25 20:41 0024  CB3A           599  599  193           CE       5  14023.6
 20CW  09-Aug-25 20:42 0025  PP5KR          599  599  210                    5  14023.0
 20CW  09-Aug-25 20:48 0026  PY4LH          599  599  53                     5  14020.0
 20CW  09-Aug-25 20:49 0027  TI8X           599  599  268           TI       5  14014.0
 20CW  09-Aug-25 20:50 0028  PY1AX          599  599  205                    5  14013.0
 20CW  09-Aug-25 20:51 0029  CR3DX          599  599  1269                   5  14008.4
 20CW  09-Aug-25 20:54 0030  PY2LSM         599  599  245                    5  14005.0
 20CW  09-Aug-25 21:07 0031  PY2EX          599  599  201                    5  14043.0
 20CW  09-Aug-25 21:12 0032  FY5KE          599  599  868           FY       5  14039.5
 20CW  09-Aug-25 21:12 0033  PT2AW          599  599  261                    5  14037.7
 20CW  09-Aug-25 21:15 0034  PY2XL          599  599  141                    5  14032.0
 20CW  09-Aug-25 21:17 0035  LU8QT          599  599  207           LU       5  14028.2
 20CW  09-Aug-25 21:27 0036  PY2NY          599  599  332                    5  14016.3
 40CW  09-Aug-25 22:08 0037  CR3W           599  599  1351          CT3      5   7016.9
 40CW  09-Aug-25 22:09 0038  W8FJ           599  599  476           K        5   7009.6
 40CW  09-Aug-25 22:10 0039  ND3T           599  599  880                    5   7008.6
 40CW  09-Aug-25 22:12 0040  H25A           599  599  1310          5B       5   7022.0
 40CW  09-Aug-25 22:16 0041  PV2K           599  599  575           PY       5   7039.0
 40CW  09-Aug-25 22:19 0042  TA3NE          599  599  535           TA       5   7032.6
 40CW  09-Aug-25 22:23 0043  HZ7C           599  599  408           HZ       5   7035.5
 40CW  09-Aug-25 22:25 0044  N6AR           599  599  469                    5   7002.4
 40CW  09-Aug-25 22:27 0045  N6MJ           599  599  829                    5   7004.1
 40CW  09-Aug-25 22:29 0046  TA3DJ          599  599  38                     5   7015.0
 40CW  09-Aug-25 22:29 0047  RT9C           599  599  454                    5   7018.1
 40CW  09-Aug-25 22:32 0048  3V8LL          599  599  406           3V       5   7018.8
 40CW  09-Aug-25 22:34 0049  K4RUM          599  599  191                    5   7027.2
 40CW  09-Aug-25 22:36 0050  FY5KE          599  599  935           FY       5   7033.5
 80CW  09-Aug-25 22:37 0051  RT9C           599  599  458           UA9      5   3518.4
 80CW  09-Aug-25 22:39 0052  RA8AO          599  599  117                    5   3523.0
 20CW  09-Aug-25 22:40 0053  YV4ABR         599  599  124           YV       5  14008.7
 20CW  09-Aug-25 22:46 0054  W3RJ           599  599  163                    5  14018.8
 20CW  09-Aug-25 22:49 0055  KP3TP          599  599  353           KP4      5  14019.3
 20CW  09-Aug-25 22:51 0056  HC2GRC         599  599  52            HC       5  14021.2
 40CW  09-Aug-25 22:53 0057  KC1XX          599  599  949                    5   7000.5
 40CW  09-Aug-25 22:54 0058  N9NC           599  599  105                    5   7016.2
 40CW  09-Aug-25 22:57 0059  K1MK           599  599  328                    5   7020.1
 40CW  09-Aug-25 22:58 0060  AA3B           599  599  788                    5   7020.6
 40CW  09-Aug-25 22:59 0061  CR3DX          599  599  1418                   5   7020.8
 40CW  09-Aug-25 23:02 0062  UN9L           599  599  641                    5   7029.0
 10CW  10-Aug-25 08:25 0063  P3CR           599  599  1396          5B       5  28011.7
 10CW  10-Aug-25 08:30 0064  H25A           599  599  1554                   5  28010.0
 10CW  10-Aug-25 09:53 0065  RM9I           599  599  1234          UA9      5  28032.0
 15CW  10-Aug-25 09:56 0066  UP7L           599  599  706           UN       5  21027.5
 15CW  10-Aug-25 09:57 0067  3V8LL          599  599  520           3V       5  21029.3
 15CW  10-Aug-25 09:58 0068  PY2NY          599  599  428                    5  21031.8
 15CW  10-Aug-25 09:59 0069  UN9L           599  599  915                    5  21036.0
 15CW  10-Aug-25 10:15 0070  E2M            599  599  680           HS       5  21039.5
 15CW  10-Aug-25 10:15 0071  UA9CDC         599  599  490           UA9      5  21040.0
 15CW  10-Aug-25 10:16 0072  E29TGW         599  599  496                    5  21047.4
 15CW  10-Aug-25 10:24 0073  H25A           599  599  1695          5B       5  21002.0
 15CW  10-Aug-25 10:24 0074  UN3M           599  599  1137                   5  21004.6
 15CW  10-Aug-25 11:44 0075  BI8AQ          599  599  283           BY       5  21005.0
 15CW  10-Aug-25 11:48 0076  YB9ELS         599  599  255           YB       5  21008.0
 15CW  10-Aug-25 12:58 0077  TI8X           599  599  505           TI       5  21019.6
 15CW  10-Aug-25 13:04 0078  N4AF           599  599  407                    5  21020.5
 15CW  10-Aug-25 13:13 0079  KP3TP          599  599  440           KP4      5  21022.0
 15CW  10-Aug-25 13:14 0080  BG0DLA         599  599  1225                   5  21023.0
 15CW  10-Aug-25 15:52 0081  CR3W           599  599  2166          CT3      5  21028.8
 15CW  10-Aug-25 16:04 0082  K0ZR           599  599  507                    5  21031.0
 15CW  10-Aug-25 16:08 0083  VE3DZ          599  599  183           VE       5  21034.8
 15CW  10-Aug-25 16:08 0084  K3OO           599  599  160                    5  21037.0
 15CW  10-Aug-25 16:09 0085  KC1XX          599  599  1474                   5  21000.5
 15CW  10-Aug-25 16:12 0086  K1ZM           599  599  810                    5  21005.1
 15CW  10-Aug-25 16:15 0087  KP2M           599  599  1193          KP2      5  21004.1
 15CW  10-Aug-25 16:20 0088  W1KM           599  599  641                    5  21010.9
 15CW  10-Aug-25 16:21 0089  W1RCR          599  599  235                    5  21013.8
 15CW  10-Aug-25 16:23 0090  VE3NNT         599  599  733                    5  21017.8
 15CW  10-Aug-25 16:24 0091  AA3B           599  599  1223                   5  21019.2
 15CW  10-Aug-25 16:28 0092  NN7CW          599  599  719                    5  21021.6
 15CW  10-Aug-25 16:35 0093  NA8V           599  599  388                    5  21030.5
 15CW  10-Aug-25 16:39 0094  FY5KE          599  599  1508          FY       5  21036.6
 15CW  10-Aug-25 16:44 0095  4Z4AK          599  599  132           4X       5  21041.5
 15CW  10-Aug-25 16:51 0096  ZD7BG          599  599  546           ZD7      5  21042.3
 15CW  10-Aug-25 16:51 0097  PV2K           599  599  916                    5  21043.0
 15CW  10-Aug-25 16:54 0098  4X6FR          599  599  124                    5  21046.2
 10CW  10-Aug-25 16:55 0099  3V8LL          599  599  724           3V       5  28023.5
 10CW  10-Aug-25 16:59 0100  PY5AMF         599  599  547                    5  28033.0
 10CW  10-Aug-25 17:00 0101  PT2AW          599  599  339                    5  28012.5
 10CW  10-Aug-25 17:04 0102  PY2XC          599  599  183                    5  28014.6
 10CW  10-Aug-25 17:07 0103  EA8RM          599  599  646           EA8      5  28038.0
 15CW  10-Aug-25 17:08 0104  CR3DX          599  599  2183                   5  21008.0
 15CW  10-Aug-25 17:11 0105  VE3JM          599  599  48                     5  21012.2
 15CW  10-Aug-25 17:12 0106  W5MX           599  599  457                    5  21017.0
 15CW  10-Aug-25 17:13 0107  N2RC           599  599  167                    5  21018.2
 15CW  10-Aug-25 17:16 0108  PR7AR          599  599  179                    5  21020.0
 15CW  10-Aug-25 17:54 0109  WX4CW          599  599  548                    5  21022.7
 15CW  10-Aug-25 17:56 0110  HZ1TT          599  599  426           HZ       5  21026.5
 15CW  10-Aug-25 18:04 0111  N6AR           599  599  658                    5  21030.3
 15CW  10-Aug-25 18:29 0112  K9OM           599  599  142                    5  21041.0
 15CW  10-Aug-25 18:30 0113  K2NG           599  599  23                     5  21001.3
 15CW  10-Aug-25 18:31 0114  VA1EET         599  599  286                    5  21001.6
 15CW  10-Aug-25 18:31 0115  4Z5ML          599  599  406                    5  21006.0
 15CW  10-Aug-25 18:36 0116  K2NV           599  599  323                    5  21015.4
 15CW  10-Aug-25 18:41 0117  PP5KR          599  599  304                    5  21018.0
 15CW  10-Aug-25 18:45 0118  LW4DYI         599  599  24                     5  21019.0
 15CW  10-Aug-25 18:47 0119  PJ2ND          599  599  776           PJ2      5  21023.5
 15CW  10-Aug-25 18:57 0120  LW3DC          599  599  062                    5  21032.1
 15CW  10-Aug-25 19:05 0121  K9CT           599  599  72                     5  21037.9
 15CW  10-Aug-25 19:06 0122  PY5IQ          599  599  59                     5  21040.0
 10CW  10-Aug-25 19:09 0123  PP5KR          599  599  332                    5  28028.0
 20CW  10-Aug-25 19:11 0124  KC1XX          599  599  1596                   5  14000.9
 20CW  10-Aug-25 19:12 0125  K3WW           599  599  1146                   5  14002.0
 20CW  10-Aug-25 19:13 0126  ND3T           599  599  1550                   5  14003.6
 20CW  10-Aug-25 19:16 0127  P3CR           599  599  1770          5B       5  14006.3
 20CW  10-Aug-25 19:19 0128  H25A           599  599  2121                   5  14008.2
 20CW  10-Aug-25 19:23 0129  NW3Y           599  599  320                    5  14009.1
 20CW  10-Aug-25 19:27 0130  NR4M           599  599  237                    5  14010.0
 20CW  10-Aug-25 19:28 0131  K9OM           599  599  195                    5  14012.1
 20CW  10-Aug-25 19:31 0132  K3AJ           599  599  697                    5  14012.6
 20CW  10-Aug-25 19:34 0133  KT3Q           599  599  390                    5  14016.1
 20CW  10-Aug-25 19:43 0134  TA2DA          599  599  756           TA       5  14020.0
 20CW  10-Aug-25 19:44 0135  W8FJ           599  599  766                    5  14021.8
 20CW  10-Aug-25 19:48 0136  AA3B           599  599  1377                   5  14021.4
 20CW  10-Aug-25 19:51 0137  HZ1TT          599  599  473           HZ       5  14026.2
 20CW  10-Aug-25 20:03 0138  EA8RM          599  599  882           EA8      5  14032.7
 20CW  10-Aug-25 20:10 0139  WW4XX          599  599  174                    5  14003.0
 20CW  10-Aug-25 20:15 0140  K1AR           599  599  252                    5  14008.6
 20CW  10-Aug-25 20:17 0141  WX4CW          599  599  608                    5  14017.0
 20CW  10-Aug-25 20:22 0142  VA1MM          599  599  204           VE       5  14020.4
 20CW  10-Aug-25 20:28 0143  AI5IN          599  599  30                     5  14029.5
 20CW  10-Aug-25 20:30 0144  K4NMR          599  599  143                    5  14030.0
 20CW  10-Aug-25 20:32 0145  WA4JUK         599  599  176                    5  14033.1
 20CW  10-Aug-25 20:34 0146  WS9M           599  599  513                    5  14033.5
 20CW  10-Aug-25 20:37 0147  AE1T           599  599  84                     5  14034.3
 40CW  10-Aug-25 20:45 0148  TA7I           599  599  1066                   5   7004.0
 80CW  10-Aug-25 20:51 0149  UN9L           599  599  1310          UN       5   3513.9
