 40CW  01-Nov-25 07:05 0001  S51DX          599  599  W3SNK         S5       3   7010.6
 40CW  01-Nov-25 07:06 0002  OK1HCG         599  599  OK1HAS        OK       3   7011.5
 40CW  01-Nov-25 07:08 0003  R7FO           599  599  UV6SH         UA       3   7011.9
 40CW  01-Nov-25 07:08 0004  DJ8PG          599  599  HA8AZ         DL       2   7012.4
 40CW  01-Nov-25 07:09 0005  ON4DS          599  599  ON5FU         ON       3   7013.3
 40CW  01-Nov-25 07:11 0006  HA8FK          599  599  HA8EF         HA       3   7013.6
 40CW  01-Nov-25 07:13 0007  LA1TV          599  599  LA2YE         LA       3   7014.7
 40CW  01-Nov-25 07:15 0008  DL1CW          599  599  OK1HX                  2   7015.6
 40CW  01-Nov-25 07:15 0009  HA3HO          599  599  HA3FZ                  3   7016.5
 40CW  01-Nov-25 07:17 0010  DL1NKS         599  599  DL3TD                  2   7018.0
 40CW  01-Nov-25 07:18 0011  DL3KWF         599  599  DL3KWR                 2   7019.0
 40CW  01-Nov-25 07:21 0012  HA4A           599  599  HA8FM                  3   7019.5
 40CW  01-Nov-25 07:22 0013  OK2CQR         599  599  OK2QR                  3   7020.4
 40CW  01-Nov-25 07:22 0014  DL7VOG         599  599  DL7VSN                 2   7020.9
 40CW  01-Nov-25 07:23 0015  HB70IPA        599  599  T21/IPA       HB       3   7021.2
 40CW  01-Nov-25 07:25 0016  OM2ADM         599  599  OM3NA         OM       3   7021.9
 40CW  01-Nov-25 07:26 0017  G4RCG          599  599  G3TRV         G        3   7022.3
 40CW  01-Nov-25 07:27 0018  OQ0Q           599  599  ON4NE                  3   7022.8
 40CW  01-Nov-25 07:28 0019  DM6WAN         599  599  DG7EE                  2   7023.4
 40CW  01-Nov-25 07:29 0020  DL4ME          599  599  DL7NN                  2   7023.8
 40CW  01-Nov-25 07:30 0021  S51J           599  599  S52DP                  3   7024.2
 40CW  01-Nov-25 07:31 0022  OM2VL          599  599  OM3TCG                 3   7024.6
 40CW  01-Nov-25 07:34 0023  HA6PJ          599  599  HA6PQ                  3   7034.7
 40CW  01-Nov-25 07:35 0024  OZ0B           599  599  OZ6AN         OZ       3   7034.7
 40CW  01-Nov-25 07:35 0025  OT6E           599  599  ON5MF                  3   7034.7
 40CW  01-Nov-25 07:36 0026  OZ7BQ          599  599  OZ7BR                  3   7034.7
 40CW  01-Nov-25 07:36 0027  EA5FID         599  599  EA4S          EA       3   7034.7
 40CW  01-Nov-25 07:37 0028  DG1YBN         599  599  DD2QS                  2   7034.7
 40CW  01-Nov-25 07:38 0029  ON9TT          599  599  ON6WK                  3   7034.7
 40CW  01-Nov-25 07:39 0030  DL3KUD         599  599  DL3GLO                 2   7034.7
 40CW  01-Nov-25 07:41 0031  OK2IW          599  599  OK2BOB                 3   7034.7
 40CW  01-Nov-25 07:42 0032  DG0KS          599  599  DL5KAF                 2   7034.7
 40CW  01-Nov-25 07:42 0033  I1BPU          599  599  IV3GBO        I        3   7034.7
 40CW  01-Nov-25 07:42 0034  YU0X           599  599  YT7OM         YU       3   7034.7
 40CW  01-Nov-25 07:43 0035  OH5ZA          599  599  OH1WF         OH       3   7034.7
 40CW  01-Nov-25 07:43 0036  DM5DM          599  599  VK9W                   2   7034.7
 40CW  01-Nov-25 07:44 0037  HA5OB          599  599  HA5KM                  3   7034.7
 40CW  01-Nov-25 07:45 0038  S54X           599  599  S57DX                  3   7034.7
 40CW  01-Nov-25 07:46 0039  HA1WA          599  599  HA1VS                  3   7034.7
 40CW  01-Nov-25 07:47 0040  DL9UJF         599  599  DL8UER                 2   7034.7
 40CW  01-Nov-25 07:47 0041  DL2SWR         599  599  DL3KWR                 2   7034.7
 40CW  01-Nov-25 07:48 0042  F5PHY          599  599  F5RFR         F        3   7034.7
 40CW  01-Nov-25 07:49 0043  DL3RDM         599  599  DC6RS                  2   7034.7
 40CW  01-Nov-25 07:50 0044  DF6FQ          599  599  DJ4AV                  2   7034.7
 40CW  01-Nov-25 07:53 0045  F5KCC          599  599  F5MCC                  3   7039.4
 40CW  01-Nov-25 07:54 0046  OR7K           599  599  ON7UN                  3   7039.1
 40CW  01-Nov-25 07:55 0047  ON6FC          599  599  ON5SD                  3   7038.0
 40CW  01-Nov-25 07:56 0048  SP4AWE         599  599  SP4YR         SP       3   7037.7
 40CW  01-Nov-25 07:57 0049  HA8TA          599  599  HA6PX                  3   7037.3
 40CW  01-Nov-25 07:58 0050  DM2DZM         599  599  DL3KWR                 2   7037.0
 40CW  01-Nov-25 08:00 0051  HA1A           599  599  HA1FR                  3   7035.4
 40CW  01-Nov-25 08:02 0052  2E0OBO         599  599  G3PND                  3   7035.0
 40CW  01-Nov-25 08:02 0053  LX1NO          599  599  LX1NJ         LX       3   7034.3
 40CW  01-Nov-25 08:04 0054  HA5YG          599  599  HA5NB                  3   7033.0
 40CW  01-Nov-25 08:06 0055  S52F           599  599  S58Q                   3   7033.5
 40CW  01-Nov-25 08:09 0056  DL2OM          599  599  DK3WG                  2   7032.2
 40CW  01-Nov-25 08:11 0057  IK4ZHH         599  599  IK4UOV                 3   7030.6
 40CW  01-Nov-25 08:21 0058  SP9JZT         599  599  SP9RQJ                 3   7030.2
 40CW  01-Nov-25 08:24 0059  DM6EE          599  599  DL6CGC                 2   7027.8
 40CW  01-Nov-25 08:25 0060  HG6O           599  599  HA6OI                  3   7026.8
 40CW  01-Nov-25 08:26 0061  DL5XL          599  599  V51GB                  2   7026.5
 40CW  01-Nov-25 08:26 0062  SP2QG          599  599  SP2UV                  3   7025.7
 40CW  01-Nov-25 08:27 0063  ON4EM          599  599  ON4XQ                  3   7025.3
 40CW  01-Nov-25 08:27 0064  S57X           599  599  S59Z                   3   7024.8
 40CW  01-Nov-25 08:29 0065  DC8YZ          599  599  DK5NAD                 2   7023.7
 40CW  01-Nov-25 08:30 0066  ON5OO          599  599  ON4WF                  3   7023.4
 40CW  01-Nov-25 08:33 0067  HA5UA          599  599  HA5FM                  3   7023.1
 40CW  01-Nov-25 08:34 0068  ON4MSF         599  599  ON2KGC                 3   7022.7
 40CW  01-Nov-25 08:34 0069  HA1RJ          599  599  HA5MY                  3   7022.3
 40CW  01-Nov-25 08:35 0070  SN1T           599  599  DC5KV                  3   7021.9
 40CW  01-Nov-25 08:38 0071  HA4CW          599  599  HA4ZM                  3   7017.0
 40CW  01-Nov-25 08:39 0072  EA1X           599  599  EA1RV                  3   7016.5
 40CW  01-Nov-25 08:40 0073  HA8IB          599  599  JY1                    3   7016.1
 40CW  01-Nov-25 08:42 0074  OK5M           599  599  OK2PAE                 3   7015.6
 40CW  01-Nov-25 08:43 0075  YO5AVN         599  599  YO5YJ         YO       3   7015.0
 40CW  01-Nov-25 08:44 0076  S51DI          599  599  S50NV                  3   7014.6
 40CW  01-Nov-25 08:45 0077  OK2NO          599  599  OK2UDE                 3   7013.4
 40CW  01-Nov-25 08:46 0078  F5IN           599  599  F3MS                   3   7013.1
 40CW  01-Nov-25 08:47 0079  DL0GRH         599  599  DL2DRD                 2   7012.6
 40CW  01-Nov-25 08:48 0080  ON5JT          599  599  ON4CD                  3   7011.7
 40CW  01-Nov-25 08:49 0081  IK2WAD         599  599  I2UBI                  3   7011.1
 40CW  01-Nov-25 08:50 0082  HA7MF          599  599  HA7LB                  3   7009.4
 40CW  01-Nov-25 08:51 0083  DJ4RAM         599  599  DH1HS                  2   7029.0
 40CW  01-Nov-25 08:55 0084  SP2FAP         599  599  SP2BSX                 3   7029.4
 40CW  01-Nov-25 08:56 0085  HA8LLH         599  599  HA8BI                  3   7015.7
 40CW  01-Nov-25 08:57 0086  HA7TM          599  599  HA5MY                  3   7014.2
 40CW  01-Nov-25 08:58 0087  IK5MEP         599  599  I5ISG                  3   7013.8
 40CW  01-Nov-25 08:59 0088  SP3CW          599  599  SP6LV                  3   7012.1
