 40CW  08-Sep-25 16:30 0001  OK5WA          599  599  2             OK       3   7032.0
 40CW  08-Sep-25 16:30 0002  OH3MZ          599  599  2             OH       3   7032.0
 40CW  08-Sep-25 16:31 0003  DL2NBY         599  599  3             DL       2   7032.0
 40CW  08-Sep-25 16:33 0004  SM6M           599  599  8             SM       3   7031.1
 40CW  08-Sep-25 16:33 0005  SP2QG          599  599  8             SP       3   7030.7
 40CW  08-Sep-25 16:34 0006  SM5IMO         599  599  5                      3   7028.2
 40CW  08-Sep-25 16:35 0007  DM7XX          599  599  9                      2   7026.1
 40CW  08-Sep-25 16:35 0008  IK5MEL         599  599  10            I        3   7024.9
 40CW  08-Sep-25 16:38 0009  SP3CW          599  599  6                      3   7010.0
 40CW  08-Sep-25 16:38 0010  SD1A           599  599  15                     3   7011.0
 40CW  08-Sep-25 16:39 0011  OK5TFC         599  599  16                     3   7011.5
 40CW  08-Sep-25 16:39 0012  SF6J           599  599  12                     3   7012.1
 40CW  08-Sep-25 16:40 0013  DA2K           599  599  13                     2   7013.0
 40CW  08-Sep-25 16:40 0014  SD6F           599  599  16                     3   7012.6
 40CW  08-Sep-25 16:41 0015  OZ/DL3KWF      599  599  11            OZ       3   7013.4
 40CW  08-Sep-25 16:42 0016  OK5M           599  599  30                     3   7013.7
 40CW  08-Sep-25 16:42 0017  SC6O           599  599  25                     3   7014.2
 40CW  08-Sep-25 16:43 0018  IK5TBK         599  599  14                     3   7014.6
 40CW  08-Sep-25 16:43 0019  HG5E           599  599  39            HA       3   7015.5
 40CW  08-Sep-25 16:44 0020  PC0A           599  599  33            PA       3   7016.0
 40CW  08-Sep-25 16:44 0021  OK2PYA         599  599  21                     3   7016.5
 40CW  08-Sep-25 16:45 0022  OK2EA          599  599  28                     3   7017.0
 40CW  08-Sep-25 16:45 0023  SN2B           599  599  32                     3   7017.8
 40CW  08-Sep-25 16:46 0024  OK1RZ          599  599  38                     3   7018.2
 40CW  08-Sep-25 16:47 0025  SD6M           599  599  32                     3   7019.1
 40CW  08-Sep-25 16:47 0026  PA3DBS         599  599  28                     3   7019.6
 40CW  08-Sep-25 16:48 0027  PA3AAV         599  599  51                     3   7020.0
 40CW  08-Sep-25 16:48 0028  ON4EM          599  599  33            ON       3   7021.0
 40CW  08-Sep-25 16:49 0029  SP5Y           599  599  36                     3   7021.3
 40CW  08-Sep-25 16:49 0030  SE5T           599  599  36                     3   7021.6
 40CW  08-Sep-25 16:50 0031  OK1RKS         599  599  33                     3   7022.7
 40CW  08-Sep-25 16:50 0032  HA6NL          599  599  46                     3   7023.0
 40CW  08-Sep-25 16:51 0033  OK1DOR         599  599  36                     3   7024.3
 40CW  08-Sep-25 16:51 0034  E77EA          599  599  41            E7       3   7024.0
 40CW  08-Sep-25 16:52 0035  YU1XO          599  599  29            YU       3   7025.2
 40CW  08-Sep-25 16:53 0036  DM5I           599  599  55                     2   7025.5
 40CW  08-Sep-25 16:54 0037  IK3CHK         599  599  27                     3   7029.5
 40CW  08-Sep-25 16:55 0038  DL4ME          599  599  47                     2   7029.5
 40CW  08-Sep-25 16:55 0039  S52W           599  599  58            S5       3   7029.5
 40CW  08-Sep-25 16:55 0040  DA3T           599  599  30                     2   7029.5
 40CW  08-Sep-25 16:56 0041  RA4HBS         599  599  18            UA       3   7029.5
 40CW  08-Sep-25 16:56 0042  DJ9MH          599  599  52                     2   7029.5
 40CW  08-Sep-25 16:56 0043  SE6K           599  599  33                     3   7029.5
 40CW  08-Sep-25 16:56 0044  OK1TRJ         599  599  50                     3   7029.5
 40CW  08-Sep-25 16:57 0045  OL4W           599  599  42                     3   7029.5
 40CW  08-Sep-25 16:57 0046  HG1G           599  599  29                     3   7029.5
 40CW  08-Sep-25 16:58 0047  UT4LW          599  599  60            UR       3   7029.5
 40CW  08-Sep-25 16:58 0048  HB9HTF         599  599  50            HB       3   7029.5
 40CW  08-Sep-25 16:59 0049  IU4JNR         599  599  19                     3   7029.5
 40CW  08-Sep-25 16:59 0050  SP4TKR         599  599  35                     3   7029.5
 40CW  08-Sep-25 17:00 0051  DF7IS          599  599  22                     2   7029.5
 40CW  08-Sep-25 17:01 0052  SP7N           599  599  48                     3   7029.5
 40CW  08-Sep-25 17:01 0053  OK5SA          599  599  32                     3   7029.5
 40CW  08-Sep-25 17:01 0054  OK2PXX         599  599  8                      3   7029.5
 40CW  08-Sep-25 17:02 0055  OK5M           599  599  78                     0   7029.5
 40CW  08-Sep-25 17:02 0056  DR2C           599  599  71                     2   7029.5
 40CW  08-Sep-25 17:03 0057  SP2HHX         599  599  45                     3   7029.5
 40CW  08-Sep-25 17:03 0058  SP2MKI         599  599  52                     3   7029.5
 40CW  08-Sep-25 17:03 0059  LY3QA          599  599  53            LY       3   7029.5
 40CW  08-Sep-25 17:04 0060  OK1NU          599  599  44                     3   7029.5
 40CW  08-Sep-25 17:04 0061  DM7W           599  599  69                     2   7029.5
 40CW  08-Sep-25 17:05 0062  PC4H           599  599  60                     3   7029.5
 40CW  08-Sep-25 17:05 0063  PC0A           599  599  80                     0   7029.5
 40CW  08-Sep-25 17:06 0064  HB9BXE         599  599  70                     3   7029.5
 40CW  08-Sep-25 17:07 0065  PA3AM          599  599  38                     3   7029.5
 40CW  08-Sep-25 17:08 0066  DL3YM          599  599  76                     2   7027.5
 40CW  08-Sep-25 17:09 0067  DJ4WT          599  599  56                     2   7027.0
 40CW  08-Sep-25 17:09 0068  OM3ZU          599  599  72            OM       3   7026.5
 40CW  08-Sep-25 17:09 0069  DJ4MX          599  599  49                     2   7026.1
 40CW  08-Sep-25 17:10 0070  OK6OK          599  599  59                     3   7020.7
 40CW  08-Sep-25 17:12 0071  OM3CPF         599  599  55                     3   7016.3
 40CW  08-Sep-25 17:13 0072  YL2TD          599  599  28            YL       3   7021.4
 40CW  08-Sep-25 17:14 0073  OZ7BQ          599  599  53                     3   7021.7
 40CW  08-Sep-25 17:14 0074  SP2XX          599  599  78                     3   7020.1
 40CW  08-Sep-25 17:15 0075  S51J           599  599  65                     3   7022.5
 40CW  08-Sep-25 17:15 0076  HA5MA          599  599  77                     3   7025.2
 40CW  08-Sep-25 17:16 0077  OK1TN          599  599  76                     3   7027.4
 40CW  08-Sep-25 17:17 0078  OK1IBP         599  599  92                     3   7027.7
 40CW  08-Sep-25 17:20 0079  OK2NAJ         599  599  60                     3   7025.1
 40CW  08-Sep-25 17:23 0080  SO3O           599  599  80                     3   7017.0
 40CW  08-Sep-25 17:23 0081  OK1JAX         599  599  87                     3   7017.0
 40CW  08-Sep-25 17:23 0082  OM5CM          599  599  88                     3   7017.0
 40CW  08-Sep-25 17:26 0083  DL1SAN         599  599  16                     2   7017.0
 40CW  08-Sep-25 17:26 0084  OG6B           599  599  78                     3   7017.0
 40CW  08-Sep-25 17:27 0085  OK1KKI         599  599  96                     3   7017.0
 40CW  08-Sep-25 17:28 0086  DF1LON         599  599  71                     2   7016.0
 40CW  08-Sep-25 17:28 0087  M4T            599  599  26            G        3   7013.0
 40CW  08-Sep-25 17:29 0088  DF1DN          599  599  58                     2   7012.6
 40CW  08-Sep-25 17:29 0089  OK2GG          599  599  85                     3   7016.3
