 40CW  03-Feb-25 16:37 0001  OM5B           599  599  18            OM       3   7030.8
 40CW  03-Feb-25 16:37 0002  IK3CHK         599  599  6             I        3   7030.8
 40CW  03-Feb-25 16:38 0003  DJ9MH          599  599  19            DL       2   7030.8
 40CW  03-Feb-25 16:38 0004  OK2BFN         599  599  13            OK       3   7030.8
 40CW  03-Feb-25 16:38 0005  OK1FMX         599  599  11                     3   7030.8
 40CW  03-Feb-25 16:38 0006  DK9IP          599  599  22                     2   7030.8
 40CW  03-Feb-25 16:39 0007  OK4RQ          599  599  18                     3   7030.8
 40CW  03-Feb-25 16:39 0008  DL1BUG         599  599  17                     2   7030.8
 40CW  03-Feb-25 16:40 0009  S51J           599  599  21            S5       3   7030.8
 40CW  03-Feb-25 16:40 0010  DK3AX          599  599  13                     2   7030.8
 40CW  03-Feb-25 16:40 0011  SP2HSX         599  599  14            SP       3   7030.8
 40CW  03-Feb-25 16:42 0012  OZ7BQ          599  599  15            OZ       3   7030.8
 40CW  03-Feb-25 16:42 0013  DA0BCC         599  599  23                     2   7030.8
 40CW  03-Feb-25 16:42 0014  DK1KC          599  599  26                     2   7030.8
 40CW  03-Feb-25 16:43 0015  DL6GCE         599  599  7                      2   7030.8
 40CW  03-Feb-25 16:43 0016  DF1LON         599  599  9                      2   7030.8
 40CW  03-Feb-25 16:43 0017  DA3T           599  599  18                     2   7030.8
 40CW  03-Feb-25 16:44 0018  M4N            599  599  33            G        3   7030.8
 40CW  03-Feb-25 16:44 0019  SM5DXR         599  599  16            SM       3   7030.8
 40CW  03-Feb-25 16:44 0020  DD5M           599  599  36                     2   7030.8
 40CW  03-Feb-25 16:45 0021  F6GCI          599  599  13            F        3   7030.8
 40CW  03-Feb-25 16:45 0022  DL6MHW         599  599  11                     2   7030.8
 40CW  03-Feb-25 16:46 0023  OK1DZD         599  599  3                      3   7030.8
 40CW  03-Feb-25 16:46 0024  SQ3R           599  599  21                     3   7030.8
 40CW  03-Feb-25 16:47 0025  OK1DOY         599  599  31                     3   7030.8
 40CW  03-Feb-25 16:48 0026  OL4W           599  599  28                     3   7030.8
 40CW  03-Feb-25 16:48 0027  OM2KI          599  599  47                     3   7030.8
 40CW  03-Feb-25 16:48 0028  OL8R           599  599  60                     3   7030.8
 40CW  03-Feb-25 16:49 0029  RX3QNE         599  599  26            UA       3   7030.8
 40CW  03-Feb-25 16:49 0030  OK1TRJ         599  599  42                     3   7030.8
 40CW  03-Feb-25 16:50 0031  CT7BJG         599  599  13            CT       3   7030.8
 40CW  03-Feb-25 16:50 0032  PC4H           599  599  35            PA       3   7030.8
 40CW  03-Feb-25 16:52 0033  RV6HV          599  599  33                     3   7030.8
 40CW  03-Feb-25 16:52 0034  SM5CSS         599  599  35                     3   7030.8
 40CW  03-Feb-25 16:52 0035  SM5S           599  599  21                     3   7030.8
 40CW  03-Feb-25 16:52 0036  RA4HBS         599  599  26                     3   7030.8
 40CW  03-Feb-25 16:53 0037  HB9CMW         599  599  18            HB       3   7030.8
 40CW  03-Feb-25 16:54 0038  SN2S           599  599  4                      3   7030.8
 80CW  03-Feb-25 16:55 0039  S53F           599  599  75            S5       3   3535.5
 80CW  03-Feb-25 16:55 0040  SP4JFR         599  599  30            SP       3   3535.5
 80CW  03-Feb-25 16:55 0041  OK1USP         599  599  27            OK       3   3535.5
 80CW  03-Feb-25 16:56 0042  OM5KM          599  599  30            OM       3   3535.5
 80CW  03-Feb-25 16:56 0043  OK1AY          599  599  34                     3   3535.5
 80CW  03-Feb-25 16:57 0044  OK1NG          599  599  33                     3   3535.5
 80CW  03-Feb-25 16:57 0045  OK2BFN         599  599  48                     3   3535.5
 80CW  03-Feb-25 16:57 0046  SP3CW          599  599  36                     3   3535.5
 80CW  03-Feb-25 16:58 0047  SP8BXL         599  599  27                     3   3535.5
 80CW  03-Feb-25 16:58 0048  DL1DWR         599  599  32            DL       2   3535.5
 80CW  03-Feb-25 16:59 0049  OK1RZ          599  599  34                     3   3535.5
 80CW  03-Feb-25 17:00 0050  OQ5M           599  599  60            ON       3   3535.5
 80CW  03-Feb-25 17:01 0051  OM5B           599  599  80                     3   3535.5
 40CW  03-Feb-25 17:03 0052  S52W           599  599  28                     3   7030.3
 40CW  03-Feb-25 17:03 0053  DR2C           599  599  79                     2   7030.3
 40CW  03-Feb-25 17:04 0054  SN5N           599  599  69                     3   7030.3
 40CW  03-Feb-25 17:04 0055  DF7YE          599  599  70                     2   7030.3
 40CW  03-Feb-25 17:04 0056  G0TRT          599  599  14                     3   7030.3
 40CW  03-Feb-25 17:05 0057  SP4DNX         599  599  30                     3   7030.3
 40CW  03-Feb-25 17:05 0058  DL2NBY         599  599  62                     2   7030.3
 40CW  03-Feb-25 17:06 0059  OM3TVI         599  599  18                     3   7030.3
 40CW  03-Feb-25 17:06 0060  SN7J           599  599  51                     3   7030.3
 40CW  03-Feb-25 17:07 0061  I3VWK          599  599  52                     3   7030.3
 40CW  03-Feb-25 17:07 0062  SP2KAC         599  599  39                     3   7030.3
 40CW  03-Feb-25 17:08 0063  SM6TOL         599  599  73                     3   7030.3
 40CW  03-Feb-25 17:09 0064  OM4AY          599  599  43                     3   7030.3
 40CW  03-Feb-25 17:09 0065  HA6NL          599  599  96            HA       3   7030.3
 40CW  03-Feb-25 17:10 0066  DJ4WT          599  599  14                     2   7030.3
 40CW  03-Feb-25 17:10 0067  OK1TN          599  599  71                     3   7030.3
 40CW  03-Feb-25 17:11 0068  ON4EM          599  599  59            ON       3   7030.3
 40CW  03-Feb-25 17:11 0069  SP2XX          599  599  69                     3   7030.3
 40CW  03-Feb-25 17:11 0070  OK2WY          599  599  73                     3   7030.3
 40CW  03-Feb-25 17:12 0071  YU1RA          599  599  40            YU       3   7030.3
 40CW  03-Feb-25 17:12 0072  PA3AAV         599  599  98                     3   7030.3
 40CW  03-Feb-25 17:13 0073  DJ9SN          599  599  35                     2   7030.3
 40CW  03-Feb-25 17:13 0074  HG5E           599  599  94                     3   7030.3
 80CW  03-Feb-25 17:15 0075  OK5FF          599  599  53                     3   3539.4
 80CW  03-Feb-25 17:15 0076  DR2C           599  599  97                     2   3539.4
 80CW  03-Feb-25 17:16 0077  OK1FMX         599  599  68                     3   3539.4
 80CW  03-Feb-25 17:16 0078  SO5CW          599  599  15                     3   3539.4
 80CW  03-Feb-25 17:17 0079  DL1YCF         599  599  36                     2   3539.4
 80CW  03-Feb-25 17:19 0080  DK9IP          599  599  91                     2   3533.5
 80CW  03-Feb-25 17:20 0081  DR7T           599  599  98                     2   3533.5
 80CW  03-Feb-25 17:20 0082  SP3VT          599  599  66                     3   3533.5
 80CW  03-Feb-25 17:21 0083  DL4ME          599  599  109                    2   3533.5
 80CW  03-Feb-25 17:21 0084  OL1T           599  599  74                     3   3533.5
 80CW  03-Feb-25 17:21 0085  OK2PYA         599  599  93                     3   3533.5
 80CW  03-Feb-25 17:22 0086  SP2QG          599  599  117                    3   3533.5
 80CW  03-Feb-25 17:23 0087  OK1TD          599  599  78                     3   3533.5
 80CW  03-Feb-25 17:23 0088  OM3FW          599  599  60                     3   3533.5
 80CW  03-Feb-25 17:24 0089  DK1KC          599  599  97                     2   3533.5
 80CW  03-Feb-25 17:25 0090  SE5E           599  599  128           SM       3   3533.5
 80CW  03-Feb-25 17:25 0091  HA5MA          599  599  77            HA       3   3533.5
 80CW  03-Feb-25 17:27 0092  OL8R           599  599  162                    3   3533.5
 80CW  03-Feb-25 17:28 0093  OK1TRJ         599  599  105                    3   3533.5
 80CW  03-Feb-25 17:29 0094  OL4W           599  599  101                    3   3533.5
 80CW  03-Feb-25 17:29 0095  OM2KI          599  599  137                    3   3533.5
