 80CW  09-Sep-25 18:01 0001  DO7IW          599  599  NM            NM       2   3522.9
 80CW  09-Sep-25 18:02 0002  DB4REB         599  599  L12           L12      2   3522.9
 80CW  09-Sep-25 18:04 0003  DF5QC          599  599  N26           N26      2   3522.9
 80CW  09-Sep-25 18:05 0004  SP3VT          599  599  3             3        3   3522.9
 80CW  09-Sep-25 18:06 0005  DF1OLS         599  599  H41           H41      2   3522.9
 80CW  09-Sep-25 18:07 0006  DJ2AX          599  599  X20           X20      2   3522.9
 80CW  09-Sep-25 18:08 0007  DM3ZF          599  599  Y28           Y28      2   3522.9
 80CW  09-Sep-25 18:09 0008  DH7AMF         599  599  Y21           Y21      2   3522.9
 80CW  09-Sep-25 18:10 0009  DF6PK          599  599  K32           K32      2   3522.9
 80CW  09-Sep-25 18:11 0010  DM4EZ          599  599  S38           S38      2   3522.9
 80CW  09-Sep-25 18:14 0011  DH7CB          599  599  E05           E05      2   3516.6
 80CW  09-Sep-25 18:16 0012  DK2FG          599  599  N05           N05      2   3528.1
 80CW  09-Sep-25 18:17 0013  DL4ME          599  599  X30           X30      2   3523.0
 80CW  09-Sep-25 18:18 0014  DH0GDS         599  599  P30           P30      2   3523.0
 80CW  09-Sep-25 18:20 0015  DL2ERL         599  599  L20           L20      2   3523.0
 80CW  09-Sep-25 18:24 0016  DG9VH          599  599  Q03           Q03      2   3512.0
 80CW  09-Sep-25 18:25 0017  DK4WW          599  599  Y24           Y24      2   3511.3
 80CW  09-Sep-25 18:26 0018  DL5MCE         599  599  Y22           Y22      2   3510.0
 80CW  09-Sep-25 18:28 0019  DL2TT          599  599  L05           L05      2   3526.7
 80CW  09-Sep-25 18:29 0020  DJ1YF          599  599  E03           E03      2   3529.0
 80CW  09-Sep-25 18:29 0021  DF7IS          599  599  K26           K26      2   3529.6
 80CW  09-Sep-25 18:31 0022  DL1VDL         599  599  S06           S06      2   3531.3
 80CW  09-Sep-25 18:32 0023  DD2ML          599  599  C15           C15      2   3532.3
 80CW  09-Sep-25 18:32 0024  DM4EB          599  599  S38                    2   3533.0
 80CW  09-Sep-25 18:33 0025  DO2XU          599  599  I36           I36      2   3534.5
 80CW  09-Sep-25 18:34 0026  DO1AYJ         599  599  X22           X22      2   3536.8
 80CW  09-Sep-25 18:35 0027  DF3VM          599  599  Q05           Q05      2   3537.6
 80CW  09-Sep-25 18:36 0028  DL5ASG         599  599  X08           X08      2   3539.3
 80CW  09-Sep-25 18:37 0029  DA0T           599  599  E38           E38      2   3539.7
 80CW  09-Sep-25 18:38 0030  DJ5NE          599  599  R07           R07      2   3540.5
 80CW  09-Sep-25 18:40 0031  DF5BX          599  599  I37           I37      2   3522.9
 80CW  09-Sep-25 18:41 0032  DG3BZ          599  599  R09           R09      2   3522.9
 80CW  09-Sep-25 18:42 0033  DL7EQ          599  599  R19           R19      2   3522.9
 80CW  09-Sep-25 18:42 0034  DL3LJ          599  599  M15           M15      2   3522.9
 80CW  09-Sep-25 18:43 0035  DM3UWE         599  599  S22           S22      2   3522.9
 80CW  09-Sep-25 18:44 0036  DJ9MH          599  599  B10           B10      2   3522.9
 80CW  09-Sep-25 18:45 0037  DF4ZL          599  599  F16           F16      2   3522.9
 80CW  09-Sep-25 18:49 0038  DG8WA          599  599  F74           F74      2   3522.0
 80CW  09-Sep-25 18:52 0039  DC8YZ          599  599  B13           B13      2   3520.5
 80CW  09-Sep-25 18:56 0040  DL7RAV         599  599  I18           I18      2   3522.8
 80CW  09-Sep-25 18:57 0041  DK1WB          599  599  H24           H24      2   3522.8
 80CW  09-Sep-25 18:58 0042  DL6CQ          599  599  L16           L16      2   3522.8
