 40CW  28-Apr-25 16:31 0001  OL8R           599  599  6             OK       3   7029.2
 40CW  28-Apr-25 16:31 0002  DL2NBY         599  599  1             DL       2   7029.2
 40CW  28-Apr-25 16:32 0003  G8N            599  599  2             G        3   7029.2
 40CW  28-Apr-25 16:32 0004  OH3MZ          599  599  3             OH       3   7029.2
 40CW  28-Apr-25 16:32 0005  DL1RTL         599  599  4                      2   7029.2
 40CW  28-Apr-25 16:33 0006  DR2C           599  599  6                      2   7029.2
 40CW  28-Apr-25 16:33 0007  SN1T           599  599  8             SP       3   7029.2
 40CW  28-Apr-25 16:33 0008  DJ9SN          599  599  6                      2   7029.2
 40CW  28-Apr-25 16:35 0009  PA3HEN         599  599  2             PA       3   7029.2
 40CW  28-Apr-25 16:35 0010  OK1KKI         599  599  7                      3   7029.2
 40CW  28-Apr-25 16:35 0011  G4LJU          599  599  6                      3   7029.2
 40CW  28-Apr-25 16:36 0012  DJ9MH          599  599  11                     2   7029.2
 40CW  28-Apr-25 16:36 0013  OZ7BQ          599  599  8             OZ       3   7029.2
 40CW  28-Apr-25 16:37 0014  SP2KAC         599  599  9                      3   7029.2
 40CW  28-Apr-25 16:37 0015  OK2VX          599  599  8                      3   7029.2
 40CW  28-Apr-25 16:37 0016  OK1DSZ         599  599  9                      3   7029.2
 40CW  28-Apr-25 16:38 0017  OK2CW          599  599  9                      3   7029.2
 40CW  28-Apr-25 16:38 0018  DL8QS          599  599  20                     2   7029.2
 40CW  28-Apr-25 16:39 0019  OK1TN          599  599  20                     3   7029.2
 40CW  28-Apr-25 16:39 0020  IN3FHE         599  599  10            I        3   7029.2
 40CW  28-Apr-25 16:40 0021  OK2BFN         599  599  21                     3   7029.2
 40CW  28-Apr-25 16:41 0022  DL8TG          599  599  14                     2   7029.2
 40CW  28-Apr-25 16:42 0023  DH0GDS         599  599  8                      2   7029.2
 40CW  28-Apr-25 16:42 0024  OK5FF          599  599  17                     3   7029.2
 40CW  28-Apr-25 16:42 0025  HA6NL          599  599  32            HA       3   7029.2
 40CW  28-Apr-25 16:43 0026  DF4ZL          599  599  20                     2   7029.2
 40CW  28-Apr-25 16:43 0027  S51J           599  599  29            S5       3   7029.2
 40CW  28-Apr-25 16:44 0028  G4DUC          599  599  3                      3   7029.2
 40CW  28-Apr-25 16:44 0029  DF2RQ          599  599  14                     2   7029.2
 40CW  28-Apr-25 16:45 0030  DA0BCC         599  599  28                     2   7029.2
 40CW  28-Apr-25 16:45 0031  OL4W           599  599  36                     3   7029.2
 40CW  28-Apr-25 16:46 0032  DA3T           599  599  26                     2   7029.2
 40CW  28-Apr-25 16:46 0033  OK1TD          599  599  27                     3   7029.2
 40CW  28-Apr-25 16:46 0034  OK1FKD         599  599  17                     3   7029.2
 40CW  28-Apr-25 16:46 0035  HB9CMW         599  599  13            HB       3   7029.2
 40CW  28-Apr-25 16:47 0036  DR3W           599  599  37                     2   7029.2
 40CW  28-Apr-25 16:48 0037  SN5N           599  599  46                     3   7029.2
 40CW  28-Apr-25 16:48 0038  G4DZL          599  599  1                      3   7029.2
 40CW  28-Apr-25 16:48 0039  OM5ZW          599  599  45            OM       3   7029.2
 40CW  28-Apr-25 16:49 0040  OK5SA          599  599  19                     3   7029.2
 40CW  28-Apr-25 16:49 0041  DF7TS          599  599  23                     2   7029.2
 40CW  28-Apr-25 16:50 0042  OK1AMX         599  599  34                     3   7029.2
 40CW  28-Apr-25 16:51 0043  PA5WT          599  599  31                     3   7029.2
 40CW  28-Apr-25 16:51 0044  DL1EMA         599  599  20                     2   7029.2
 40CW  28-Apr-25 16:51 0045  OK1RZ          599  599  48                     3   7029.2
 40CW  28-Apr-25 16:52 0046  UT4LW          599  599  32            UR       3   7029.2
 40CW  28-Apr-25 16:53 0047  DL4ME          599  599  49                     2   7029.2
 40CW  28-Apr-25 16:53 0048  OK1LNC         599  599  18                     3   7029.2
 40CW  28-Apr-25 16:53 0049  OK1TRJ         599  599  43                     3   7029.2
 40CW  28-Apr-25 16:53 0050  OM5CM          599  599  43                     3   7029.2
 40CW  28-Apr-25 16:54 0051  HA5MA          599  599  37                     3   7029.2
 40CW  28-Apr-25 16:54 0052  SP9OUV         599  599  30                     3   7029.2
 40CW  28-Apr-25 16:54 0053  SM0OEK         599  599  41            SM       3   7029.2
 40CW  28-Apr-25 16:55 0054  DJ3WE          599  599  47                     2   7029.2
 40CW  28-Apr-25 16:55 0055  SM5IMO         599  599  49                     3   7029.2
 40CW  28-Apr-25 16:56 0056  G0TRT          599  599  19                     3   7029.2
 40CW  28-Apr-25 16:56 0057  OK1DZD         599  599  4                      3   7029.2
 40CW  28-Apr-25 16:57 0058  E77EA          599  599  66            E7       3   7029.2
 40CW  28-Apr-25 16:58 0059  OK2PYA         599  599  52                     3   7029.2
 40CW  28-Apr-25 16:58 0060  SQ8LUU         599  599  48                     3   7029.2
 40CW  28-Apr-25 16:58 0061  DA2K           599  599  49                     2   7029.2
 40CW  28-Apr-25 16:59 0062  PA5WT          599  599  40                     0   7029.2
 40CW  28-Apr-25 16:59 0063  OM4AY          599  599  37                     3   7029.2
 40CW  28-Apr-25 17:00 0064  DL5YM          599  599  60                     2   7028.9
 40CW  28-Apr-25 17:01 0065  DL1NKS         599  599  57                     2   7028.2
 40CW  28-Apr-25 17:01 0066  OL730PLZ       599  599  9                      3   7027.9
 40CW  28-Apr-25 17:02 0067  OK5NZ          599  599  57                     3   7027.5
 40CW  28-Apr-25 17:03 0068  RX3QNE         599  599  48            UA       3   7025.5
 40CW  28-Apr-25 17:04 0069  YU1RA          599  599  36            YU       3   7024.1
 40CW  28-Apr-25 17:05 0070  YL3JD          599  599  59            YL       3   7022.8
 40CW  28-Apr-25 17:06 0071  OK2EA          599  599  73                     3   7022.0
 40CW  28-Apr-25 17:06 0072  OK1RKS         599  599  65                     3   7022.3
 40CW  28-Apr-25 17:07 0073  SP2XX          599  599  74                     3   7021.5
 40CW  28-Apr-25 17:07 0074  DF8V           599  599  82                     2   7020.0
 40CW  28-Apr-25 17:08 0075  SC6O           599  599  70                     3   7019.0
 40CW  28-Apr-25 17:09 0076  LZ5DI          599  599  86            LZ       3   7018.4
 40CW  28-Apr-25 17:09 0077  SN2S           599  599  74                     3   7018.0
 40CW  28-Apr-25 17:10 0078  RX3Q           599  599  70                     3   7017.5
 40CW  28-Apr-25 17:11 0079  ON4EM          599  599  70            ON       3   7016.7
 40CW  28-Apr-25 17:12 0080  YO4AAC         599  599  43            YO       3   7016.2
 40CW  28-Apr-25 17:12 0081  PA3AAV         599  599  59                     3   7015.7
 40CW  28-Apr-25 17:13 0082  DC8YZ          599  599  29                     2   7013.8
 40CW  28-Apr-25 17:13 0083  SD1A           599  599  69                     3   7012.5
 40CW  28-Apr-25 17:14 0084  DH0GHU         599  599  48                     2   7011.7
 40CW  28-Apr-25 17:14 0085  RV6HV          599  599  49                     3   7011.5
 40CW  28-Apr-25 17:15 0086  SP8FHK         599  599  70                     3   7026.0
 40CW  28-Apr-25 17:16 0087  YL2TD          599  599  82                     3   7026.0
 40CW  28-Apr-25 17:17 0088  SP2KAC         599  599  49                     0   7026.0
 40CW  28-Apr-25 17:17 0089  PA3DZM         599  599  40                     3   7026.0
 40CW  28-Apr-25 17:18 0090  YU5T           599  599  54                     3   7026.0
 40CW  28-Apr-25 17:19 0091  OG6B           599  599  26                     3   7026.0
 40CW  28-Apr-25 17:20 0092  OK1IBP         599  599  84                     3   7026.0
 40CW  28-Apr-25 17:22 0093  F8GSV          599  599  1             F        3   7026.0
 40CW  28-Apr-25 17:23 0094  OK2NO          599  599  106                    3   7025.1
 40CW  28-Apr-25 17:24 0095  S52W           599  599  31                     3   7024.8
 40CW  28-Apr-25 17:25 0096  F4WEJ          599  599  31                     3   7017.3
 40CW  28-Apr-25 17:27 0097  ZA1RR          599  599  46            ZA       3   7021.3
 40CW  28-Apr-25 17:29 0098  UX2HB          599  599  21                     3   7025.5
