 80CW  10-Jun-25 18:02 0001  DK2FG          599  599  N05           DL       2   3523.0
 80CW  10-Jun-25 18:03 0002  DF8V           599  599  Q05                    2   3520.0
 80CW  10-Jun-25 18:05 0003  DL2TT          599  599  L05                    2   3516.7
 80CW  10-Jun-25 18:05 0004  DM800KM        599  599  800KM                  2   3519.5
 80CW  10-Jun-25 18:09 0005  DF1DT          599  599  O04                    2   3524.9
 80CW  10-Jun-25 18:10 0006  DA0CAT         599  599  DOG                    2   3526.5
 80CW  10-Jun-25 18:12 0007  DJ1YF          599  599  E03                    2   3529.5
 80CW  10-Jun-25 18:13 0008  DM6BU          599  599  P35                    2   3529.0
 80CW  10-Jun-25 18:14 0009  DL1BUG         599  599  Y15                    2   3532.2
 80CW  10-Jun-25 18:17 0010  DK3YD          599  599  C12                    2   3533.0
 80CW  10-Jun-25 18:18 0011  DL5ASG         599  599  X08                    2   3516.1
 80CW  10-Jun-25 18:19 0012  DF1OLS         599  599  S41                    2   3515.3
 80CW  10-Jun-25 18:21 0013  DG9VH          599  599  Q03                    2   3518.0
 80CW  10-Jun-25 18:23 0014  DM6WAN         599  599  S54                    2   3520.7
 80CW  10-Jun-25 18:24 0015  DJ5NE          599  599  R07                    2   3524.2
 80CW  10-Jun-25 18:25 0016  DL4ME          599  599  X30                    2   3524.2
 80CW  10-Jun-25 18:26 0017  DF2ZY          599  599  Z54                    2   3524.2
 80CW  10-Jun-25 18:27 0018  DJ5QE          599  599  N20                    2   3524.2
 80CW  10-Jun-25 18:28 0019  DL0RN          599  599  L20                    2   3524.2
 80CW  10-Jun-25 18:29 0020  DK3WW          599  599  Y09                    2   3524.2
 80CW  10-Jun-25 18:29 0021  DL3LJ          599  599  M15                    2   3524.2
 80CW  10-Jun-25 18:30 0022  DF6KU          599  599  G08                    2   3524.2
 80CW  10-Jun-25 18:31 0023  DF5BX          599  599  I37                    2   3524.2
 80CW  10-Jun-25 18:32 0024  DL3XY          599  599  Q05                    2   3524.2
 80CW  10-Jun-25 18:33 0025  DF4ZL          599  599  F16                    2   3524.2
 80CW  10-Jun-25 18:33 0026  DK0DI          599  599  F74                    2   3524.2
 80CW  10-Jun-25 18:34 0027  HB9CMW         599  599  009           HB       3   3524.2
 80CW  10-Jun-25 18:35 0028  DG2BAR         599  599  I37                    2   3524.2
 80CW  10-Jun-25 18:37 0029  DK1KC          599  599  C06                    2   3523.9
 80CW  10-Jun-25 18:38 0030  DL1QC          599  599  W37                    2   3520.0
 80CW  10-Jun-25 18:40 0031  DL2OE          599  599  Y15                    2   3517.2
 80CW  10-Jun-25 18:42 0032  DA1EE          599  599  B06                    2   3514.0
 80CW  10-Jun-25 18:43 0033  DM3ZM          599  599  Y28                    2   3513.5
 80CW  10-Jun-25 18:44 0034  DK75DARC       599  599  75DARC                 2   3513.1
 80CW  10-Jun-25 18:46 0035  DJ9MH          599  599  B10                    2   3524.4
 80CW  10-Jun-25 18:49 0036  DH5AAF         599  599  T01                    2   3524.4
 80CW  10-Jun-25 18:50 0037  SF6W           599  599  017           SM       3   3524.4
 80CW  10-Jun-25 18:51 0038  DF4UM          599  599  P07                    2   3524.4
 80CW  10-Jun-25 18:53 0039  DF9YW          599  599  N01                    2   3524.4
 80CW  10-Jun-25 18:54 0040  DK1VY          599  599  F10                    2   3524.4
 80CW  10-Jun-25 18:56 0041  DL5IAH         599  599  K09                    2   3525.0
 80CW  10-Jun-25 18:58 0042  DL0SLW         599  599  CW                     2   3536.0
 80CW  10-Jun-25 18:59 0043  DA0T           599  599  E38                    2   3536.7
