 15CW  06-Sep-25 20:02 0001  ND3T           599  599  7 LEN         K        5  21031.6
 20CW  06-Sep-25 20:05 0002  VK2GR          599  599  11 ALLAN      VK       5  14032.0
 20CW  06-Sep-25 20:07 0003  ND3T           599  599  29 LEN        K        5  14033.9
 20CW  06-Sep-25 20:08 0004  K3WW           599  599  29 CHAS                5  14034.5
 20CW  06-Sep-25 20:09 0005  DF7TV          599  599  8 TOM         DL       2  14035.0
 20CW  06-Sep-25 20:13 0006  N4AF           599  599  35 HOWER               5  14036.4
 20CW  06-Sep-25 20:13 0007  AD4EB          599  599  35 JIM                 5  14037.3
 20CW  06-Sep-25 20:14 0008  GM2V           599  599  22 CHRIS      GM       3  14021.0
 20CW  06-Sep-25 20:19 0009  K9OM           599  599  33 DICK                5  14023.0
 20CW  06-Sep-25 20:22 0010  KE1B           599  599  31 RICH                5  14026.0
 20CW  06-Sep-25 20:22 0011  K3MM           599  599  47 TY                  5  14026.5
 20CW  06-Sep-25 20:24 0012  DK9PY          599  599  49 ARMIN               2  14027.0
 20CW  06-Sep-25 20:25 0013  G4DRS          599  599  26 JOSE       G        3  14028.1
 20CW  06-Sep-25 20:28 0014  N1TO           599  599  68 DALE                5  14030.9
 20CW  06-Sep-25 20:30 0015  PA3AAV         599  599  42 GERT       PA       3  14032.9
 20CW  06-Sep-25 20:34 0016  N3QE           599  599  57 TIM                 5  14036.0
 20CW  06-Sep-25 20:35 0017  ON4AF          599  599  88 SOWER      ON       3  14036.4
 20CW  06-Sep-25 20:37 0018  N3AD           599  599  55 ALAN                5  14038.6
 20CW  06-Sep-25 20:40 0019  NW3Y           599  599  63 CC                  5  14041.9
 20CW  06-Sep-25 20:41 0020  N1LN           599  599  85 BRUCE               5  14042.1
 20CW  06-Sep-25 20:42 0021  AB2E           599  599  23 DARELL              5  14043.6
 20CW  06-Sep-25 20:45 0022  KP3J           599  599  71 JOE        KP4      5  14044.5
 20CW  06-Sep-25 20:45 0023  N4ZZ           599  599  61 DON                 5  14045.0
 20CW  06-Sep-25 20:46 0024  K3PI           599  599  88 KEN                 5  14045.6
 40CW  06-Sep-25 20:53 0025  SP1D           599  599  56 ROBERT     SP       3   7026.6
 40CW  06-Sep-25 20:54 0026  EI2KA          599  599  37 TIM        EI       3   7027.5
 40CW  06-Sep-25 20:56 0027  M0XUU          599  599  32 PAN        G        3   7028.7
 40CW  06-Sep-25 20:56 0028  SQ9I           599  599  33 STEFAN              3   7029.3
 40CW  06-Sep-25 20:57 0029  OZ3SM          599  599  24 STEVE      OZ       3   7030.0
 40CW  06-Sep-25 20:59 0030  M4N            599  599  67 MIKE                3   7028.3
 40CW  06-Sep-25 21:00 0031  OG6B           599  599  29 ZABA       OH       3   7025.8
 40CW  06-Sep-25 21:07 0032  MM2T           599  599  52 PHIL       GM       3   7024.4
 40CW  06-Sep-25 21:08 0033  SM5CSS         599  599  24 ALLAN      SM       3   7026.3
