 10CW  26-Apr-25 16:57 0001  K1LZ           599  599  202           K        5  28014.7
 10CW  26-Apr-25 17:07 0002  LU9GBR         599  599  21            LU       5  28018.0
 15CW  26-Apr-25 17:08 0003  YT6W           599  599  234           YU       3  21016.0
 15CW  26-Apr-25 17:09 0004  G4IRN          599  599  274 SY        G        3  21016.9
 15CW  26-Apr-25 17:10 0005  M7N            599  599  267 CT                 3  21018.2
 15CW  26-Apr-25 17:11 0006  SV1DPJ         599  599  12            SV       3  21019.6
 15CW  26-Apr-25 17:12 0007  NB1N           599  599  44            K        5  21020.5
 15CW  26-Apr-25 17:15 0008  G4BJM          599  599  328 MK                 3  21021.7
 15CW  26-Apr-25 17:15 0009  HB9CC          599  599  SG            HB       3  21023.7
 15CW  26-Apr-25 17:18 0010  VE3DZ          599  599  265           VE       5  21026.0
 15CW  26-Apr-25 17:18 0011  W4SO           599  599  BRE                    5  21026.4
 15CW  26-Apr-25 17:20 0012  NM4AA          599  599  CIT                    5  21030.8
 15CW  26-Apr-25 17:21 0013  HG5D           599  599  83            HA       3  21031.7
 15CW  26-Apr-25 17:22 0014  VE3NE          599  599  95                     5  21032.5
 15CW  26-Apr-25 17:24 0015  EA5JPR         599  599  241           EA       3  21008.0
 15CW  26-Apr-25 17:24 0016  HA7TM          599  599  283                    3  21010.0
 15CW  26-Apr-25 18:42 0017  CT1DRB         599  599  213           CT       3  21018.6
 10CW  26-Apr-25 18:46 0018  PT7BI          599  599  13            PY       5  28014.8
 10CW  26-Apr-25 18:49 0019  PU5ALE         599  599  15                     5  28017.0
 10CW  26-Apr-25 18:50 0020  LU6DOT         599  599  14                     5  28027.1
 10CW  26-Apr-25 18:50 0021  N4R            599  599  ORA                    5  28039.5
 15CW  26-Apr-25 18:53 0022  8A100IARU      599  599  0             YB       5  21007.0
 15CW  26-Apr-25 18:56 0023  PA5N           599  599  13            PA       3  21017.5
 15CW  26-Apr-25 18:57 0024  GM5X           599  599  504 AB        GM       3  21020.5
 15CW  26-Apr-25 18:58 0025  G6XX           599  599  277 SD                 3  21023.2
 15CW  26-Apr-25 18:58 0026  N4I            599  599  CIT                    5  21027.0
 15CW  26-Apr-25 19:00 0027  W4TJM          599  599  FPL                    5  21036.7
