 15CW  21-May-25 19:00 0001  WG3J           599  599  Eric 2473     WG3J     1  21028.3
 15CW  21-May-25 19:01 0002  D4DX           599  599  BRACO D4      D4DX     1  21031.3
 15CW  21-May-25 19:03 0003  F6HKA          599  599  BERT          F6HKA    1  21036.5
 15CW  21-May-25 19:04 0004  VE3EJ          599  599  John 513      VE3EJ    1  21037.8
 40CW  21-May-25 19:07 0005  PA3DBS         599  599  Peter 702     PA3DBS   1   7029.1
 40CW  21-May-25 19:07 0006  DL5XL          599  599  Felix 2268    DL5XL    1   7031.7
 40CW  21-May-25 19:08 0007  SM5ACQ         599  599  Don 1573      SM5ACQ   1   7030.7
 40CW  21-May-25 19:09 0008  IT9/DK6XZ      599  599  Suad IT9      IT9/DK6X 1   7029.8
 40CW  21-May-25 19:11 0009  DJ1PQ          599  599  Rob DL        DJ1PQ    1   7028.4
 40CW  21-May-25 19:11 0010  DK2FG          599  599  Peter DL      DK2FG    1   7028.4
 40CW  21-May-25 19:12 0011  HB9EGA         599  599  Marcin 2047   HB9EGA   1   7028.4
 40CW  21-May-25 19:12 0012  G4DYC          599  599  Mike 2116     G4DYC    1   7028.4
 40CW  21-May-25 19:12 0013  SM7IUN         599  599  Bjorn 2101    SM7IUN   1   7028.4
 40CW  21-May-25 19:14 0014  I2WIJ          599  599  Bob 2406      I2WIJ    1   7034.6
 20CW  21-May-25 19:16 0015  W4SPR          599  599  Spray 2259    W4SPR    1  14029.1
 20CW  21-May-25 19:16 0016  N3RD           599  599  Dave 232      N3RD     1  14029.4
 20CW  21-May-25 19:18 0017  MM2T           599  599  Phil 3456     MM2T     1  14031.0
 20CW  21-May-25 19:20 0018  W1WEF          599  599  Jack 48       W1WEF    1  14031.8
 20CW  21-May-25 19:25 0019  W3RJ           599  599  Rich 3651     W3RJ     1  14032.8
 20CW  21-May-25 19:26 0020  W9RE           599  599  Mike 526      W9RE     1  14033.3
 20CW  21-May-25 19:27 0021  N7NR           599  599  Dave 2927     N7NR     1  14033.9
 20CW  21-May-25 19:29 0022  ZA1RR          599  599  Miri 3279     ZA1RR    1  14038.1
 20CW  21-May-25 19:30 0023  AA3B           599  599  Bud 242       AA3B     1  14039.2
 20CW  21-May-25 19:31 0024  E71A           599  599  Emil 484      E71A     1  14039.8
 20CW  21-May-25 19:32 0025  EA6BF          599  599  Josep 3072    EA6BF    1  14040.4
 20CW  21-May-25 19:34 0026  AJ6V           599  599  Ed 3614       AJ6V     1  14041.8
 20CW  21-May-25 19:34 0027  K4RUM          599  599  Mike 1182     K4RUM    1  14042.0
 20CW  21-May-25 19:35 0028  K4PI           599  599  Mike 1066     K4PI     1  14042.6
 20CW  21-May-25 19:36 0029  K9MA           599  599  Scott 1385    K9MA     1  14043.7
 20CW  21-May-25 19:38 0030  KR3E           599  599  Ed 133        KR3E     1  14044.6
 20CW  21-May-25 19:38 0031  N3QE           599  599  Tim 1223      N3QE     1  14045.2
 20CW  21-May-25 19:39 0032  KG9X           599  599  Fred 1881     KG9X     1  14045.7
 20CW  21-May-25 19:40 0033  D4DX           599  599  BRACO D4               1  14046.6
 20CW  21-May-25 19:41 0034  K7QA           599  599  Tom 1959      K7QA     1  14047.5
 20CW  21-May-25 19:45 0035  EA2KV          599  599  JC 2845       EA2KV    1  14049.1
 20CW  21-May-25 19:46 0036  WB2FUV         599  599  Mike NY       WB2FUV   1  14049.1
 20CW  21-May-25 19:47 0037  OH2BN          599  599  Jarmo 135     OH2BN    1  14049.1
 20CW  21-May-25 19:48 0038  K2NV           599  599  Tony 1027     K2NV     1  14049.1
 20CW  21-May-25 19:50 0039  IT9SSI         599  599  Dario 2137    IT9SSI   1  14049.1
 20CW  21-May-25 19:50 0040  EA5XQ          599  599  Juan 3303     EA5XQ    1  14049.1
 20CW  21-May-25 19:52 0041  CT7/W1UU       599  599  Peter 91      CT7/W1UU 1  14049.1
 15CW  21-May-25 19:55 0042  F5IN           599  599  Mike F        F5IN     1  21023.0
 40CW  21-May-25 19:57 0043  UX2HB          599  599  Waddy 2538    UX2HB    1   7031.0
 40CW  21-May-25 19:58 0044  PA0INA         599  599  Frans 443     PA0INA   1   7030.5
 40CW  21-May-25 19:58 0045  E77EA          599  599  Dragan E7     E77EA    1   7029.6
 40CW  21-May-25 19:59 0046  G4PVM          599  599  Paul 2413     G4PVM    1   7036.6
 40CW  21-May-25 19:59 0047  DL4KG          599  599  Gerald 2501   DL4KG    1   7037.5
