 20CW  16-Feb-25 17:28 0001  VA3AR          599  599  ON            VE       5  14037.5
 20CW  16-Feb-25 17:38 0002  K1TTT          599  599  MA            K        5  14036.0
 20CW  16-Feb-25 17:39 0003  N4AF           599  599  NC                     5  14023.9
 20CW  16-Feb-25 17:40 0004  NB1N           599  599  MA                     5  14019.9
 20CW  16-Feb-25 17:41 0005  W3LPL          599  599  MD                     5  14011.0
 20CW  16-Feb-25 17:43 0006  N2AA           599  599  NJ                     5  14008.2
 20CW  16-Feb-25 17:53 0007  N2MM           599  599  NJ                     5  14007.4
 20CW  16-Feb-25 17:53 0008  K5ZD           599  599  MA                     5  14006.4
 20CW  16-Feb-25 17:54 0009  K3LR           599  599  PA                     5  14005.9
 20CW  16-Feb-25 17:54 0010  K1LZ           599  599  ME                     5  14003.5
 20CW  16-Feb-25 17:55 0011  AA4NC          599  599  NC                     5  14002.6
 20CW  16-Feb-25 17:55 0012  K8AZ           599  599  OH                     5  14001.8
 20CW  16-Feb-25 17:56 0013  VE3JM          599  599  ON                     5  14001.3
 20CW  16-Feb-25 17:56 0014  NR4M           599  599  VA                     5  14000.9
 10CW  16-Feb-25 17:57 0015  K0IR           599  599  MN            K        5  28015.4
 10CW  16-Feb-25 17:57 0016  VA2WA          599  599  QC            VE       5  28015.0
 10CW  16-Feb-25 17:58 0017  KB4DX          599  599  SC                     5  28011.6
 10CW  16-Feb-25 17:59 0018  N0AX           599  599  MO                     5  28008.4
 10CW  16-Feb-25 18:01 0019  W0EWD          599  599  IA                     5  28006.1
 10CW  16-Feb-25 18:02 0020  W2FU           599  599  NY                     5  28000.6
 10CW  16-Feb-25 18:03 0021  N4WW           599  599  FL                     5  28025.1
 10CW  16-Feb-25 18:07 0022  K3LR           599  599  PA                     5  28033.0
 10CW  16-Feb-25 18:07 0023  N2MM           599  599  NJ                     5  28036.7
 10CW  16-Feb-25 18:08 0024  N5EE           599  599  AR                     5  28040.7
 10CW  16-Feb-25 18:10 0025  N6AR           599  599  FL                     5  28043.5
 10CW  16-Feb-25 18:12 0026  K1TTT          599  599  MA                     5  28051.8
 10CW  16-Feb-25 18:12 0027  W3FV           599  599  PA                     5  28052.5
 10CW  16-Feb-25 18:13 0028  K2PS           599  599  FL                     5  28054.5
 10CW  16-Feb-25 18:13 0029  K8LX           599  599  MI                     5  28057.8
 10CW  16-Feb-25 18:14 0030  W8MJ           599  599  MI                     5  28062.6
 10CW  16-Feb-25 18:15 0031  VE3EJ          599  599  ON                     5  28066.1
 10CW  16-Feb-25 18:15 0032  K1TO           599  599  FL                     5  28067.2
 10CW  16-Feb-25 18:15 0033  W1RCR          599  599  FL                     5  28067.5
 10CW  16-Feb-25 18:16 0034  VE3NNT         599  599  ON                     5  28071.0
 10CW  16-Feb-25 18:16 0035  WF4DX          599  599  FL                     5  28079.1
 10CW  16-Feb-25 18:18 0036  K1ZE           599  599  CT                     5  28080.6
 10CW  16-Feb-25 18:18 0037  N1TO           599  599  FL                     5  28087.1
 10CW  16-Feb-25 18:18 0038  N4OX           599  599  FL                     5  28088.3
 15CW  16-Feb-25 18:19 0039  KQ3F           599  599  PA            K        5  21032.6
 15CW  16-Feb-25 18:20 0040  N3RS           599  599  PA                     5  21032.2
 15CW  16-Feb-25 18:21 0041  AG3I           599  599  PA                     5  21035.2
 15CW  16-Feb-25 18:22 0042  K4OV           599  599  NC                     5  21035.8
 15CW  16-Feb-25 18:25 0043  K1RX           599  599  NH                     5  21042.1
 15CW  16-Feb-25 18:25 0044  WO4O           599  599  FL                     5  21043.0
 15CW  16-Feb-25 18:26 0045  K1LZ           599  599  ME                     5  21044.2
 15CW  16-Feb-25 18:28 0046  WU6P           599  599  CA                     5  21046.4
 15CW  16-Feb-25 18:48 0047  N8II           599  599  WV                     5  21048.1
 15CW  16-Feb-25 18:49 0048  N4SS           599  599  KY                     5  21048.9
 15CW  16-Feb-25 18:50 0049  K1XM           599  599  MA                     5  21049.6
 15CW  16-Feb-25 18:50 0050  K0ZR           599  599  VA                     5  21050.6
 15CW  16-Feb-25 18:51 0051  W8MJ           599  599  MI                     5  21053.7
 15CW  16-Feb-25 18:51 0052  VE3EY          599  599  ON            VE       5  21054.1
 15CW  16-Feb-25 18:52 0053  W9RE           599  599  IN                     5  21055.4
 15CW  16-Feb-25 18:53 0054  K1KP           599  599  MA                     5  21058.0
 15CW  16-Feb-25 18:53 0055  NR4M           599  599  VA                     5  21058.3
 15CW  16-Feb-25 18:54 0056  NU8A           599  599  MI                     5  21060.1
 15CW  16-Feb-25 18:56 0057  W1RCR          599  599  FL                     5  21062.2
 15CW  16-Feb-25 18:58 0058  AB0S           599  599  NE                     5  21063.4
 15CW  16-Feb-25 18:59 0059  AA3B           599  599  PA                     5  21069.1
 15CW  16-Feb-25 18:59 0060  N2NT           599  599  NJ                     5  21069.5
 15CW  16-Feb-25 19:09 0061  N1TO           599  599  FL                     5  21070.9
 15CW  16-Feb-25 19:10 0062  K3EU           599  599  DC                     5  21071.9
 15CW  16-Feb-25 19:12 0063  W9VW           599  599  IN                     5  21072.2
 15CW  16-Feb-25 19:13 0064  K4EWG          599  599  GA                     5  21078.5
 15CW  16-Feb-25 19:14 0065  K2AX           599  599  NJ                     5  21078.9
 15CW  16-Feb-25 19:14 0066  KA2MGE         599  599  NY                     5  21082.6
 15CW  16-Feb-25 19:16 0067  K1ZE           599  599  CT                     5  21084.7
 15CW  16-Feb-25 19:16 0068  K1TTT          599  599  MA                     5  21086.3
 15CW  16-Feb-25 19:17 0069  W0PR           599  599  MN                     5  21090.0
 15CW  16-Feb-25 19:17 0070  K9CT           599  599  IL                     5  21090.5
 15CW  16-Feb-25 19:17 0071  K3LR           599  599  PA                     5  21001.9
 15CW  16-Feb-25 19:18 0072  K5GN           599  599  TX                     5  21002.4
 15CW  16-Feb-25 19:18 0073  W3LPL          599  599  MD                     5  21002.9
 15CW  16-Feb-25 19:19 0074  AA1K           599  599  DE                     5  21003.3
 15CW  16-Feb-25 19:19 0075  K1TR           599  599  NH                     5  21005.7
 15CW  16-Feb-25 19:19 0076  VE3JM          599  599  ON                     5  21006.3
 15CW  16-Feb-25 19:20 0077  N5EE           599  599  AR                     5  21007.5
 15CW  16-Feb-25 19:21 0078  W0EWD          599  599  IA                     5  21009.8
 40CW  16-Feb-25 21:27 0079  VO2AC          599  599  LB            VE       5   7000.6
 40CW  16-Feb-25 21:29 0080  W4CB           599  599  VA            K        5   7001.4
 40CW  16-Feb-25 21:30 0081  KA1IS          599  599  ME                     5   7001.8
 40CW  16-Feb-25 21:33 0082  NB1N           599  599  MA                     5   7003.8
 40CW  16-Feb-25 21:33 0083  AA4NC          599  599  NC                     5   7004.6
 40CW  16-Feb-25 21:35 0084  N2NT           599  599  NJ                     5   7007.6
 40CW  16-Feb-25 21:36 0085  WF2W           599  599  NY                     5   7008.3
 40CW  16-Feb-25 21:37 0086  K1XM           599  599  MA                     5   7008.6
 40CW  16-Feb-25 21:37 0087  K5ZD           599  599  MA                     5   7009.6
 40CW  16-Feb-25 21:38 0088  VE9AA          599  599  NB                     5   7011.2
 40CW  16-Feb-25 21:39 0089  NN1SS          599  599  NH                     5   7012.4
 40CW  16-Feb-25 21:41 0090  VY2TT          599  599  PE                     5   7011.7
 40CW  16-Feb-25 21:46 0091  W8FJ           599  599  PA                     5   7016.6
 40CW  16-Feb-25 21:46 0092  VE3JM          599  599  ON                     5   7018.0
 40CW  16-Feb-25 21:50 0093  N2MM           599  599  NJ                     5   7019.1
 40CW  16-Feb-25 21:52 0094  K3LR           599  599  PA                     5   7023.3
 40CW  16-Feb-25 21:55 0095  W3LPL          599  599  MD                     5   7024.0
 40CW  16-Feb-25 21:58 0096  VE3NNT         599  599  ON                     5   7031.4
 40CW  16-Feb-25 21:59 0097  AA3B           599  599  PA                     5   7032.8
 40CW  16-Feb-25 22:04 0098  N3RS           599  599  PA                     5   7037.1
 40CW  16-Feb-25 22:05 0099  KC1TNO         599  599  MA                     5   7038.0
 40CW  16-Feb-25 22:07 0100  N2PP           599  599  NY                     5   7041.6
 40CW  16-Feb-25 22:08 0101  VA2WA          599  599  QC                     5   7045.0
 40CW  16-Feb-25 22:11 0102  K1KP           599  599  MA                     5   7046.7
 40CW  16-Feb-25 22:14 0103  K2NV           599  599  NY                     5   7050.0
 40CW  16-Feb-25 22:15 0104  W1KM           599  599  MA                     5   7051.6
 40CW  16-Feb-25 22:17 0105  K2AX           599  599  NJ                     5   7055.3
 40CW  16-Feb-25 22:18 0106  K0ZR           599  599  VA                     5   7056.8
 40CW  16-Feb-25 22:19 0107  K1VUT          599  599  MA                     5   7057.5
 40CW  16-Feb-25 22:21 0108  K3CY           599  599  PA                     5   7058.3
 40CW  16-Feb-25 22:22 0109  KB1EFS/2       599  599  NY                     5   7058.9
 40CW  16-Feb-25 22:27 0110  NN3Q           599  599  PA                     5   7067.4
 40CW  16-Feb-25 22:27 0111  WO1N           599  599  MA                     5   7068.5
 40CW  16-Feb-25 22:28 0112  KI1G           599  599  RI                     5   7068.9
 40CW  16-Feb-25 22:31 0113  W2CG           599  599  NJ                     5   7069.9
 40CW  16-Feb-25 22:32 0114  K2RB           599  599  CT                     5   7070.5
 40CW  16-Feb-25 22:37 0115  WO4O           599  599  FL                     5   7073.0
 80CW  16-Feb-25 22:41 0116  AA3B           599  599  PA            K        5   3527.0
 80CW  16-Feb-25 22:42 0117  K1ZZ           599  599  CT                     5   3524.1
 80CW  16-Feb-25 22:44 0118  N3IQ           599  599  MD                     5   3522.5
 80CW  16-Feb-25 22:46 0119  W1KM           599  599  MA                     5   3511.3
 80CW  16-Feb-25 22:48 0120  W3BGN          599  599  PA                     5   3510.1
 80CW  16-Feb-25 22:51 0121  N4AF           599  599  NC                     5   3508.0
 80CW  16-Feb-25 22:52 0122  K1TTT          599  599  MA                     5   3507.0
 80CW  16-Feb-25 22:54 0123  NR4M           599  599  VA                     5   3500.4
 40CW  16-Feb-25 22:54 0124  K1TTT          599  599  MA                     5   7010.4
 40CW  16-Feb-25 22:56 0125  VA3AR          599  599  ON                     5   7007.2
