 80CW  13-Mar-25 19:07 0001  DF8V           599  599  L             DL       2   3525.1
 80CW  13-Mar-25 19:08 0002  DK2FG          599  599  M                      2   3524.0
 80CW  13-Mar-25 19:08 0003  DJ4WT          599  599  S                      2   3524.5
 80CW  13-Mar-25 19:09 0004  DL7ON          599  599  2XL                    2   3523.0
 80CW  13-Mar-25 19:09 0005  DD2ML          599  599  XL                     2   3522.4
 80CW  13-Mar-25 19:10 0006  DJ9MH          599  599  XL                     2   3522.0
 80CW  13-Mar-25 19:11 0007  DK6WL          599  599  2XL                    2   3521.5
 80CW  13-Mar-25 19:11 0008  DK3YD          599  599  XL                     2   3521.0
 80CW  13-Mar-25 19:12 0009  DL6KVA         599  599  2XL                    2   3518.8
 80CW  13-Mar-25 19:12 0010  OL8R           599  599  XL            OK       3   3518.3
 80CW  13-Mar-25 19:13 0011  DA0BCC         599  599  2XL                    2   3516.5
 80CW  13-Mar-25 19:14 0012  DL6MHW         599  599  2XL                    2   3515.8
 80CW  13-Mar-25 19:14 0013  DF3VM          599  599  L                      2   3515.3
 80CW  13-Mar-25 19:15 0014  DL1NKS         599  599  S                      2   3520.0
 80CW  13-Mar-25 19:16 0015  DL4CF          599  599  L                      2   3520.3
 80CW  13-Mar-25 19:17 0016  DJ8EW          599  599  M                      2   3522.0
 80CW  13-Mar-25 19:18 0017  SM5CSS         599  599  XL            SM       3   3522.6
 80CW  13-Mar-25 19:18 0018  SE5V           599  599  L                      3   3523.1
 80CW  13-Mar-25 19:20 0019  DM7XX          599  599  M                      2   3523.6
 80CW  13-Mar-25 19:20 0020  DL6NCY         599  599  3XL                    2   3524.1
 80CW  13-Mar-25 19:21 0021  DL4ME          599  599  XL                     2   3524.7
 80CW  13-Mar-25 19:21 0022  DJ4WT          599  599  S                      0   3526.1
 80CW  13-Mar-25 19:22 0023  DL9NEI         599  599  L                      2   3526.5
 80CW  13-Mar-25 19:24 0024  SC6O           599  599  L                      3   3522.5
 80CW  13-Mar-25 19:24 0025  DL3YM          599  599  L                      2   3524.6
 80CW  13-Mar-25 19:26 0026  DJ3CQ          599  599  2XL                    2   3519.4
 80CW  13-Mar-25 19:27 0027  DK1KC          599  599  M                      2   3516.5
 80CW  13-Mar-25 19:29 0028  DM5JBN         599  599  3XL                    2   3515.1
 80CW  13-Mar-25 19:29 0029  DR2C           599  599  XL                     2   3520.7
 80CW  13-Mar-25 19:31 0030  DK2LO          599  599  M                      2   3524.3
 80CW  13-Mar-25 19:32 0031  DL1ONI         599  599  L                      2   3524.3
 80CW  13-Mar-25 19:32 0032  DJ1MM          599  599  2XL                    2   3524.3
 80CW  13-Mar-25 19:33 0033  DJ5MW          599  599  XL                     2   3524.3
 80CW  13-Mar-25 19:33 0034  DA3T           599  599  M                      2   3524.3
 80CW  13-Mar-25 19:34 0035  PA3KL          599  599  2XL           PA       3   3524.3
 80CW  13-Mar-25 19:35 0036  DK2OY          599  599  2XL                    2   3524.3
 80CW  13-Mar-25 19:36 0037  PA2DK          599  599  M                      3   3524.3
 80CW  13-Mar-25 19:36 0038  DH1TST         599  599  3XL                    2   3524.3
 80CW  13-Mar-25 19:37 0039  DL9MFY         599  599  L                      2   3524.3
 80CW  13-Mar-25 19:38 0040  DJ1OJ          599  599  XL                     2   3524.8
 80CW  13-Mar-25 19:38 0041  DK3WW          599  599  L                      2   3520.8
 80CW  13-Mar-25 19:39 0042  ON/PC5A        599  599  S             ON       3   3523.9
 80CW  13-Mar-25 19:41 0043  DL9BU          599  599  XL                     2   3524.3
 80CW  13-Mar-25 19:42 0044  OH3MZ          599  599  M             OH       3   3524.3
 80CW  13-Mar-25 19:45 0045  DJ5YL          599  599  L                      2   3526.5
 80CW  13-Mar-25 19:47 0046  DD5KG          599  599  M                      2   3524.3
 80CW  13-Mar-25 19:48 0047  SO5CW          599  599  S             SP       3   3518.1
 80CW  13-Mar-25 19:51 0048  DL3ON          599  599  L                      2   3525.4
 80CW  13-Mar-25 19:52 0049  DL2025C        599  599  L                      2   3519.0
 80CW  13-Mar-25 19:55 0050  DK9IP          599  599  2XL                    2   3524.3
 80CW  13-Mar-25 19:55 0051  DK5PD          599  599  L                      2   3524.3
 80CW  13-Mar-25 19:56 0052  OK2IW          599  599  L                      3   3524.3
 80CW  13-Mar-25 19:57 0053  G1SCT          599  599  XL            G        3   3524.3
 80CW  13-Mar-25 19:59 0054  DJ4MX          599  599  L                      2   3520.7
 80CW  13-Mar-25 20:03 0055  DC8YZ          599  599  L                      2   3520.0
 80CW  13-Mar-25 20:05 0056  OL730PLZ       599  599  000                    3   3516.0
 80CW  13-Mar-25 20:08 0057  DM6EE          599  599  2XL                    2   3521.1
 80CW  13-Mar-25 20:09 0058  YL400L         599  599  M             YL       3   3525.1
 80CW  13-Mar-25 20:13 0059  DL2025S        599  599  XL                     2   3520.7
 80CW  13-Mar-25 20:14 0060  DF1DT          599  599  4XL                    2   3516.6
 80CW  13-Mar-25 20:18 0061  DK6SP          599  599  XL                     2   3527.0
 80CW  13-Mar-25 20:18 0062  PA0RBA         599  599  XL                     3   3518.5
 80CW  13-Mar-25 20:21 0063  G4ATA          599  599  L                      3   3524.3
 80CW  13-Mar-25 20:34 0064  SD1A           599  599  L                      3   3524.0
 80CW  13-Mar-25 20:34 0065  DL5XJ          599  599  XL                     2   3519.2
 80CW  13-Mar-25 20:36 0066  DL6WT          599  599  L                      2   3523.5
 80CW  13-Mar-25 20:36 0067  ON6NL          599  599  M                      3   3523.5
 80CW  13-Mar-25 20:37 0068  SO5R           599  599  L                      3   3523.5
 80CW  13-Mar-25 20:38 0069  DF1MM          599  599  XS                     2   3523.5
 80CW  13-Mar-25 20:46 0070  DJ3WE          599  599  XL                     2   3535.3
 80CW  13-Mar-25 20:52 0071  DL7AT          599  599  XL                     2   3519.7
 80CW  13-Mar-25 20:54 0072  DL8ULF         599  599  S                      2   3526.6
 80CW  13-Mar-25 20:55 0073  DL2MDZ         599  599  M                      2   3538.8
 80CW  13-Mar-25 20:56 0074  DD1MAT         599  599  3XL                    2   3543.0
