 80CW  13-Jan-25 17:10 0001  OK1AY          599  599  59            OK       3   3528.1
 80CW  13-Jan-25 17:10 0002  DL1YCF         599  599  39            DL       2   3528.1
 80CW  13-Jan-25 17:11 0003  OM5B           599  599  84            OM       3   3528.1
 80CW  13-Jan-25 17:11 0004  DL5KUT         599  599  39                     2   3528.1
 80CW  13-Jan-25 17:12 0005  OK1FIA         599  599  46                     3   3528.1
 80CW  13-Jan-25 17:12 0006  OK1ITK         599  599  26                     3   3528.1
 80CW  13-Jan-25 17:13 0007  DJ9MH          599  599  29                     2   3528.1
 80CW  13-Jan-25 17:13 0008  DR6T           599  599  27                     2   3528.1
 80CW  13-Jan-25 17:14 0009  HB9BXE         599  599  000           HB       3   3528.1
 80CW  13-Jan-25 17:14 0010  SP3CW          599  599  57            SP       3   3528.1
 80CW  13-Jan-25 17:15 0011  OK1FMX         599  599  51                     3   3528.1
 80CW  13-Jan-25 17:15 0012  DJ3WE          599  599  55                     2   3528.1
 80CW  13-Jan-25 17:16 0013  DM5I           599  599  93                     2   3528.1
 80CW  13-Jan-25 17:17 0014  SP2XX          599  599  000                    3   3528.1
 80CW  13-Jan-25 17:17 0015  DL8QS          599  599  68                     2   3528.1
 80CW  13-Jan-25 17:18 0016  SP3VT          599  599  68                     3   3528.1
 80CW  13-Jan-25 17:18 0017  OM5ZW          599  599  96                     3   3528.1
 80CW  13-Jan-25 17:18 0018  OM2KI          599  599  87                     3   3528.1
 80CW  13-Jan-25 17:19 0019  DM5LS          599  599  20                     2   3528.1
 80CW  13-Jan-25 17:19 0020  DL1BUG         599  599  55                     2   3528.1
 80CW  13-Jan-25 17:20 0021  SM5CSS         599  599  66            SM       3   3528.1
 80CW  13-Jan-25 17:20 0022  SP4JFR         599  599  63                     3   3528.1
 80CW  13-Jan-25 17:20 0023  OK2VK          599  599  17                     3   3528.1
 80CW  13-Jan-25 17:21 0024  DR7T           599  599  85                     2   3528.1
 80CW  13-Jan-25 17:21 0025  HB9CMW         599  599  27                     3   3528.1
 80CW  13-Jan-25 17:21 0026  SM0OEK         599  599  45                     3   3528.1
 80CW  13-Jan-25 17:22 0027  SM0OEK         599  599  105                    0   3528.1
 80CW  13-Jan-25 17:23 0028  OK1NU          599  599  45                     3   3528.3
 80CW  13-Jan-25 17:24 0029  SP3MEP         599  599  72                     3   3528.3
 80CW  13-Jan-25 17:25 0030  9A2NB          599  599  29            9A       3   3528.3
 80CW  13-Jan-25 17:25 0031  S53F           599  599  73            S5       3   3528.3
 80CW  13-Jan-25 17:26 0032  DR2C           599  599  100                    2   3528.3
 80CW  13-Jan-25 17:27 0033  OK1DZD         599  599  000                    3   3528.3
 80CW  13-Jan-25 17:27 0034  DL4ME          599  599  76                     2   3528.3
 80CW  13-Jan-25 17:28 0035  DF8KY          599  599  33                     2   3528.3
 80CW  13-Jan-25 17:28 0036  OK1KKI         599  599  42                     3   3528.3
 80CW  13-Jan-25 17:29 0037  DL1DWR         599  599  63                     2   3528.3
