 40CW  28-Jul-25 16:31 0001  DH0GDS         599  599  2             DL       2   7036.6
 40CW  28-Jul-25 16:31 0002  SP2XX          599  599  4             SP       3   7036.6
 40CW  28-Jul-25 16:31 0003  HA5MA          599  599  3             HA       3   7036.6
 40CW  28-Jul-25 16:33 0004  OK7NV          599  599  4             OK       3   7036.6
 40CW  28-Jul-25 16:34 0005  OK5WA          599  599  7                      3   7036.6
 40CW  28-Jul-25 16:34 0006  DA0BCC         599  599  10                     2   7036.6
 40CW  28-Jul-25 16:34 0007  IN3FHE         599  599  6             I        3   7036.6
 40CW  28-Jul-25 16:35 0008  OZ7BQ/P        599  599  4             OZ       3   7036.6
 40CW  28-Jul-25 16:36 0009  OK1YM          599  599  13                     3   7036.6
 40CW  28-Jul-25 16:37 0010  DF9SJ          599  599  5                      2   7036.6
 40CW  28-Jul-25 16:38 0011  OM5JA          599  599  10            OM       3   7034.5
 40CW  28-Jul-25 16:38 0012  DL1NKS         599  599  15                     2   7034.0
 40CW  28-Jul-25 16:39 0013  OK1FKD         599  599  11                     3   7033.4
 40CW  28-Jul-25 16:39 0014  OK1IBP         599  599  20                     3   7032.5
 40CW  28-Jul-25 16:40 0015  RL3O           599  599  14            UA       3   7032.0
 40CW  28-Jul-25 16:40 0016  DJ9KH          599  599  21                     2   7031.6
 40CW  28-Jul-25 16:41 0017  SE5V           599  599  11            SM       3   7031.2
 40CW  28-Jul-25 16:42 0018  OK2EA          599  599  24                     3   7030.5
 40CW  28-Jul-25 16:42 0019  HA6NL          599  599  22                     3   7029.9
 40CW  28-Jul-25 16:42 0020  HA5OV          599  599  22                     3   7029.5
 40CW  28-Jul-25 16:43 0021  OK1TN          599  599  26                     3   7028.7
 40CW  28-Jul-25 16:44 0022  OM5CM          599  599  22                     3   7028.0
 40CW  28-Jul-25 16:44 0023  SP2QG          599  599  28                     3   7027.8
 40CW  28-Jul-25 16:45 0024  DJ0SP          599  599  28                     2   7027.5
 40CW  28-Jul-25 16:46 0025  OM4DU          599  599  40                     3   7026.6
 40CW  28-Jul-25 16:46 0026  ON4EM          599  599  33            ON       3   7026.0
 40CW  28-Jul-25 16:47 0027  OK2GG          599  599  39                     3   7025.6
 40CW  28-Jul-25 16:48 0028  DD5M           599  599  38                     2   7024.9
 40CW  28-Jul-25 16:48 0029  DJ3WE          599  599  39                     2   7025.2
 40CW  28-Jul-25 16:49 0030  DK4DS          599  599  22                     2   7024.5
 40CW  28-Jul-25 16:50 0031  OM2KI          599  599  54                     3   7023.7
 40CW  28-Jul-25 16:50 0032  IK3QAR         599  599  39                     3   7022.8
 40CW  28-Jul-25 16:51 0033  OK1DOR         599  599  33                     3   7022.1
 40CW  28-Jul-25 16:51 0034  PC0A           599  599  49            PA       3   7021.8
 40CW  28-Jul-25 16:52 0035  PA3AAV         599  599  57                     3   7021.4
 40CW  28-Jul-25 16:53 0036  DL5YAS         599  599  29                     2   7020.2
 40CW  28-Jul-25 16:53 0037  OK6OK          599  599  40                     3   7018.7
 40CW  28-Jul-25 16:54 0038  DF1DT          599  599  48                     2   7012.6
 40CW  28-Jul-25 16:55 0039  DA3T           599  599  21                     2   7012.6
 40CW  28-Jul-25 16:55 0040  IK3CHK         599  599  22                     3   7012.6
 40CW  28-Jul-25 16:56 0041  DL4YR          599  599  22                     2   7012.6
 40CW  28-Jul-25 16:56 0042  DM7W           599  599  58                     2   7012.6
 40CW  28-Jul-25 16:56 0043  DF4ZL          599  599  33                     2   7012.6
 40CW  28-Jul-25 16:57 0044  DJ3HW          599  599  37                     2   7012.6
 40CW  28-Jul-25 16:57 0045  OK2PYA         599  599  41                     3   7012.6
 40CW  28-Jul-25 16:58 0046  OK1TD          599  599  39                     3   7012.6
 40CW  28-Jul-25 16:58 0047  PA2A           599  599  48                     3   7012.6
 40CW  28-Jul-25 16:58 0048  OM4WM          599  599  44                     3   7012.6
 40CW  28-Jul-25 16:59 0049  RX3Q           599  599  40                     3   7012.6
 40CW  28-Jul-25 16:59 0050  DL1SAN         599  599  3                      2   7012.6
 40CW  28-Jul-25 17:00 0051  OH3MZ          599  599  30            OH       3   7012.6
 40CW  28-Jul-25 17:00 0052  DL1NCU         599  599  1                      2   7012.6
 40CW  28-Jul-25 17:00 0053  DL8QS          599  599  28                     2   7012.6
 40CW  28-Jul-25 17:00 0054  IU4JNR         599  599  41                     3   7012.6
 40CW  28-Jul-25 17:01 0055  HB9CMW         599  599  14            HB       3   7012.6
 40CW  28-Jul-25 17:02 0056  OK1DOL         599  599  73                     3   7012.6
 40CW  28-Jul-25 17:02 0057  SP7N           599  599  41                     3   7012.6
 40CW  28-Jul-25 17:02 0058  SM5IMO         599  599  52                     3   7012.6
 40CW  28-Jul-25 17:03 0059  OK1FMX         599  599  36                     3   7012.6
 40CW  28-Jul-25 17:03 0060  LZ5DI          599  599  65            LZ       3   7012.6
 40CW  28-Jul-25 17:04 0061  OK2NO          599  599  59                     3   7012.6
 40CW  28-Jul-25 17:04 0062  G4BRK          599  599  27            G        3   7012.6
 40CW  28-Jul-25 17:04 0063  OK1NU          599  599  36                     3   7012.6
 40CW  28-Jul-25 17:05 0064  OM5ZW          599  599  78                     3   7012.6
 40CW  28-Jul-25 17:05 0065  DL1EMA         599  599  23                     2   7012.6
 40CW  28-Jul-25 17:06 0066  DF7IH          599  599  3                      2   7012.6
 40CW  28-Jul-25 17:07 0067  OK5FF          599  599  50                     3   7012.6
 40CW  28-Jul-25 17:07 0068  OK2CW          599  599  38                     3   7012.6
 40CW  28-Jul-25 17:08 0069  SD6M           599  599  61                     3   7012.6
 40CW  28-Jul-25 17:08 0070  DL6GCE         599  599  15                     2   7012.6
 40CW  28-Jul-25 17:09 0071  OG6B           599  599  31                     3   7012.6
 40CW  28-Jul-25 17:09 0072  SN7J           599  599  50                     3   7012.6
 40CW  28-Jul-25 17:10 0073  OL8R           599  599  118                    3   7012.6
 80CW  28-Jul-25 17:12 0074  DF7YE          599  599  86            DL       2   3533.0
 80CW  28-Jul-25 17:12 0075  OK1AY          599  599  25            OK       3   3532.1
 80CW  28-Jul-25 17:14 0076  OL8R           599  599  128                    3   3541.1
 80CW  28-Jul-25 17:15 0077  DJ3WE          599  599  74                     2   3541.1
 80CW  28-Jul-25 17:15 0078  DD5M           599  599  93                     2   3541.1
 80CW  28-Jul-25 17:16 0079  SP3CW          599  599  28            SP       3   3541.1
 80CW  28-Jul-25 17:16 0080  DL8QS          599  599  52                     2   3541.1
 80CW  28-Jul-25 17:17 0081  DJ9SN          599  599  62                     2   3541.1
 80CW  28-Jul-25 17:18 0082  OK2PYA         599  599  80                     3   3541.1
 80CW  28-Jul-25 17:18 0083  DF1DT          599  599  87                     2   3541.1
 80CW  28-Jul-25 17:18 0084  DA0BCC         599  599  100                    2   3541.1
 80CW  28-Jul-25 17:19 0085  OK1FMX         599  599  57                     3   3541.1
 80CW  28-Jul-25 17:20 0086  OM5ZW          599  599  109           OM       3   3541.1
 80CW  28-Jul-25 17:22 0087  OK1OA          599  599  105                    3   3537.4
 80CW  28-Jul-25 17:23 0088  LY7M           599  599  83            LY       3   3534.3
 40CW  28-Jul-25 17:24 0089  DL4ME          599  599  105                    2   7031.4
 40CW  28-Jul-25 17:24 0090  DF7YE          599  599  101                    2   7031.4
 40CW  28-Jul-25 17:25 0091  S53F           599  599  109           S5       3   7031.4
 40CW  28-Jul-25 17:26 0092  SN2W           599  599  87                     3   7031.4
 40CW  28-Jul-25 17:26 0093  HB9BXE         599  599  104                    3   7031.4
 40CW  28-Jul-25 17:26 0094  ZA1RR          599  599  51            ZA       3   7031.4
 40CW  28-Jul-25 17:28 0095  SO3O           599  599  80                     3   7035.5
 40CW  28-Jul-25 17:29 0096  4X5IB          599  599  52            4X       5   7034.1
 40CW  28-Jul-25 17:29 0097  OK1FHI         599  599  35                     3   7028.8
