 80CW  02-Mar-25 08:24 0001  OR5O           599  599  41 GBX        ON       3   3520.0
 80CW  02-Mar-25 08:26 0002  OP2C           599  599  34 NBT                 3   3518.0
 80CW  02-Mar-25 08:27 0003  ON6PJ          599  599  63 ARA                 3   3516.5
 80CW  02-Mar-25 08:27 0004  ON5GB          599  599  23 CRD                 3   3511.0
 80CW  02-Mar-25 08:28 0005  ON4UBA         599  599  52 UBA                 3   3510.0
 80CW  02-Mar-25 08:29 0006  ON6FC          599  599  48 NNV                 3   3520.5
 80CW  02-Mar-25 08:31 0007  ON4ZOV         599  599  45 ZOV                 3   3522.0
 80CW  02-Mar-25 08:32 0008  ON5WL          599  599  51 MCL                 3   3523.0
 80CW  02-Mar-25 08:32 0009  OR5T           599  599  69 NNV                 3   3523.5
 80CW  02-Mar-25 08:33 0010  ON4ZD          599  599  48 LLV                 3   3527.0
 80CW  02-Mar-25 08:33 0011  ON4ASG         599  599  37 MWV                 3   3531.3
 80CW  02-Mar-25 08:37 0012  ON6FC          599  599  50 NNV                 0   3524.0
 80CW  02-Mar-25 08:38 0013  ON5JT          599  599  51 LLV                 3   3524.0
 80CW  02-Mar-25 08:42 0014  OT0K           599  599  49 MWV                 3   3524.5
 80CW  02-Mar-25 08:44 0015  ON4ANE         599  599  41 TRA                 3   3513.0
 80CW  02-Mar-25 08:46 0016  OR4D           599  599  32 DST                 3   3512.0
 80CW  02-Mar-25 08:49 0017  OO4M           599  599  18 DNZ                 3   3534.0
 80CW  02-Mar-25 08:51 0018  OT7X           599  599  13 WRC                 3   3524.0
 80CW  02-Mar-25 08:53 0019  ON6NL          599  599  52 NOL                 3   3527.6
 80CW  02-Mar-25 08:55 0020  ON2AD          599  599  25 NOL                 3   3524.0
 80CW  02-Mar-25 09:24 0021  OT2X           599  599  10 ZTM                 3   3526.1
 80CW  02-Mar-25 09:31 0022  OP5T           599  599  19 LIR                 3   3511.0
 80CW  02-Mar-25 10:55 0023  OP9X           599  599  12 KTK                 3   3510.9
