 15CW  05-Jul-25 19:37 0001  PY2XL          599  599  74            PY       5  21015.0
 15CW  05-Jul-25 19:38 0002  K2I            599  599  0             K        5  21035.1
 15CW  05-Jul-25 19:40 0003  CT1DRB         599  599  30            CT       3  21030.0
 20CW  05-Jul-25 19:41 0004  RZ4W           599  599  89            UA       3  14005.0
 20CW  05-Jul-25 19:41 0005  YL2KO          599  599  168           YL       3  14010.5
 20CW  05-Jul-25 19:44 0006  YT1A           599  599  371           YU       3  14015.0
 20CW  05-Jul-25 19:45 0007  W3RJ           599  599  218           K        5  14018.0
 20CW  05-Jul-25 19:47 0008  R5AJ           599  599  40                     3  14018.8
 20CW  05-Jul-25 19:48 0009  EA1X           599  599  174           EA       3  14027.0
 20CW  05-Jul-25 19:49 0010  F5SGI          599  599  49            F        3  14032.9
 20CW  05-Jul-25 19:50 0011  SV0XAF         599  599  39            SV       3  14042.7
 20CW  05-Jul-25 19:51 0012  CT3KN          599  599  233           CT3      5  14029.9
 20CW  05-Jul-25 19:55 0013  UT4LW          599  599  198           UR       3  14033.4
 40CW  05-Jul-25 19:58 0014  DL8SUB         599  599  6             DL       2   7006.3
 40CW  05-Jul-25 19:59 0015  PA3KL          599  599  24            PA       3   7006.3
 40CW  05-Jul-25 20:00 0016  UZ1WW          599  599  134           UR       3   7006.3
 40CW  05-Jul-25 20:00 0017  DL1DTL         599  599  180                    2   7006.3
 40CW  05-Jul-25 20:01 0018  S50DK          599  599  60            S5       3   7006.3
 40CW  05-Jul-25 20:01 0019  IN3OWY         599  599  78            I        3   7006.3
 40CW  05-Jul-25 20:02 0020  UA4S           599  599  421           UA       3   7006.3
 40CW  05-Jul-25 20:03 0021  OK5TFC         599  599  44            OK       3   7006.3
 40CW  05-Jul-25 20:03 0022  M1X            599  599  158           G        3   7006.3
 40CW  05-Jul-25 20:04 0023  LZ1VKD         599  599  147           LZ       3   7006.3
 40CW  05-Jul-25 20:04 0024  DA3T           599  599  56                     2   7006.3
 40CW  05-Jul-25 20:04 0025  RN2FQ          599  599  101           UA2      3   7006.3
 40CW  05-Jul-25 20:05 0026  OK1FCA         599  599  55                     3   7006.3
 40CW  05-Jul-25 20:05 0027  OE5TXF         599  599  112           OE       3   7006.3
 40CW  05-Jul-25 20:06 0028  PC5D           599  599  88                     3   7006.3
 40CW  05-Jul-25 20:06 0029  HB9BGF         599  599  30            HB       3   7006.3
 40CW  05-Jul-25 20:07 0030  GD4EIP         599  599  55            GD       3   7006.3
 40CW  05-Jul-25 20:08 0031  UX2HB          599  599  109                    3   7006.3
 40CW  05-Jul-25 20:09 0032  EU3U           599  599  87            EU       3   7006.3
 40CW  05-Jul-25 20:09 0033  9A3LET         599  599  471           9A       3   7006.3
 40CW  05-Jul-25 20:10 0034  SP1JQJ         599  599  40            SP       3   7006.3
 40CW  05-Jul-25 20:10 0035  IZ1TRK         599  599  36                     3   7006.3
 40CW  05-Jul-25 20:11 0036  OE1CIW         599  599  110                    3   7006.3
 40CW  05-Jul-25 20:12 0037  YU1XO          599  599  60            YU       3   7006.3
 40CW  05-Jul-25 20:13 0038  G4ZWX          599  599  29                     3   7006.3
 40CW  05-Jul-25 20:14 0039  HA3HO          599  599  5             HA       3   7006.3
 40CW  05-Jul-25 20:14 0040  G4ZWX          599  599  29                     0   7006.3
 40CW  05-Jul-25 20:15 0041  EU8U           599  599  452                    3   7006.3
 40CW  05-Jul-25 20:16 0042  DL2NBY         599  599  217                    2   7006.3
 40CW  05-Jul-25 20:17 0043  SD4W           599  599  219           SM       3   7006.3
 40CW  05-Jul-25 20:19 0044  DL6NDW         599  599  103                    2   7006.3
 40CW  05-Jul-25 20:21 0045  F5VFU          599  599  22            F        3   7006.3
 40CW  05-Jul-25 20:21 0046  SP2HHX         599  599  28                     3   7006.3
 40CW  05-Jul-25 20:22 0047  DF8AA          599  599  47                     2   7006.3
 40CW  05-Jul-25 20:23 0048  9A3YT          599  599  247                    3   7006.3
 40CW  05-Jul-25 20:24 0049  OG3B           599  599  560           OH       3   7006.3
 40CW  05-Jul-25 20:24 0050  SQ9FMU         599  599  62                     3   7006.3
 40CW  05-Jul-25 20:25 0051  SP2MKI         599  599  69                     3   7006.3
 40CW  05-Jul-25 20:26 0052  3V8LL          599  599  99            3V       5   7006.3
 40CW  05-Jul-25 20:27 0053  UA4FCO         599  599  130                    3   7006.3
 40CW  05-Jul-25 20:29 0054  LZ1ZJ          599  599  83                     3   7006.3
 40CW  05-Jul-25 20:29 0055  OK2BRJ         599  599  198                    3   7006.3
 40CW  05-Jul-25 20:29 0056  LY3CY          599  599  88            LY       3   7006.3
 40CW  05-Jul-25 20:30 0057  YO4GO          599  599  105           YO       3   7006.3
 40CW  05-Jul-25 20:30 0058  PA2TA          599  599  91                     3   7006.3
 40CW  05-Jul-25 20:31 0059  ON4EM          599  599  154           ON       3   7006.3
 40CW  05-Jul-25 20:31 0060  SP9WZJ         599  599  124                    3   7006.3
 40CW  05-Jul-25 20:31 0061  UA4C           599  599  492                    3   7006.3
 40CW  05-Jul-25 20:32 0062  EA1X           599  599  249           EA       3   7006.3
 40CW  05-Jul-25 20:33 0063  PD5BS          599  599  75                     3   7006.3
 40CW  05-Jul-25 20:33 0064  UA6CC          599  599  488                    3   7006.3
 40CW  05-Jul-25 20:33 0065  YO4NF          599  599  434                    3   7006.3
 40CW  05-Jul-25 20:35 0066  ON6LO          599  599  54                     3   7006.3
 40CW  05-Jul-25 20:35 0067  IZ5BBS         599  599  29                     3   7006.3
 40CW  05-Jul-25 20:36 0068  LZ5R           599  599  849                    3   7006.3
 40CW  05-Jul-25 20:37 0069  ON4CW          599  599  19                     3   7006.3
 40CW  05-Jul-25 20:38 0070  S52WD          599  599  97                     3   7006.3
 40CW  05-Jul-25 20:38 0071  HA5NR          599  599  59                     3   7006.3
 40CW  05-Jul-25 20:41 0072  DL1DQW         599  599  151                    2   7006.3
 40CW  05-Jul-25 20:41 0073  UT2II          599  599  4                      3   7006.3
 40CW  05-Jul-25 20:42 0074  IK3EDT         599  599  164                    3   7006.3
 40CW  05-Jul-25 20:43 0075  IK0ISD         599  599  84                     3   7006.3
 40CW  05-Jul-25 20:44 0076  DH0GDS         599  599  42                     2   7006.3
 40CW  05-Jul-25 20:44 0077  RT7C           599  599  137                    3   7006.3
 40CW  05-Jul-25 20:45 0078  SP2QG          599  599  434                    3   7006.3
 40CW  05-Jul-25 20:46 0079  OL7K           599  599  29                     3   7006.3
 40CW  05-Jul-25 20:47 0080  DF7XR          599  599  34                     2   7006.3
 40CW  05-Jul-25 20:47 0081  DF1XC/P        599  599  3                      2   7006.3
 40CW  05-Jul-25 20:48 0082  R7MM           599  599  355                    3   7006.3
 40CW  05-Jul-25 20:49 0083  OK1OA          599  599  102                    3   7006.3
 40CW  05-Jul-25 20:49 0084  UA6GO          599  599  228                    3   7006.3
 40CW  05-Jul-25 20:50 0085  PA1BX          599  599  122                    3   7006.3
 40CW  05-Jul-25 20:50 0086  DJ1MM          599  599  64                     2   7006.3
 40CW  05-Jul-25 20:51 0087  SM5DXR         599  599  55                     3   7006.3
 40CW  05-Jul-25 20:52 0088  E74YM          599  599  35            E7       3   7006.3
 40CW  05-Jul-25 20:52 0089  PE2K           599  599  108                    3   7006.3
 40CW  05-Jul-25 20:56 0090  EB5A           599  599  143                    3   7006.3
 40CW  05-Jul-25 20:57 0091  UP4L           599  599  373           UN       5   7006.3
 40CW  05-Jul-25 21:01 0092  YL3NU          599  599  192           YL       3   7006.3
 40CW  05-Jul-25 21:02 0093  DF9SJ          599  599  85                     2   7006.3
 40CW  05-Jul-25 21:04 0094  IZ5AHB         599  599  58                     3   7006.3
 40CW  05-Jul-25 21:04 0095  F5ICC          599  599  55                     3   7006.3
 40CW  05-Jul-25 21:05 0096  YL2KO          599  599  246                    3   7006.3
 40CW  05-Jul-25 21:06 0097  OK6OK          599  599  252                    3   7006.3
 40CW  05-Jul-25 21:08 0098  MM2T           599  599  247           GM       3   7006.3
 40CW  05-Jul-25 21:08 0099  DL3RDM         599  599  96                     2   7006.3
 40CW  05-Jul-25 21:08 0100  PA0CT          599  599  114                    3   7006.3
 40CW  05-Jul-25 21:10 0101  OM7LM          599  599  199           OM       3   7010.8
 40CW  05-Jul-25 21:10 0102  S51DX          599  599  384                    3   7014.3
 40CW  05-Jul-25 21:11 0103  I2WIJ          599  599  158                    3   7017.0
 40CW  05-Jul-25 21:11 0104  OK2TJ          599  599  156                    3   7018.5
 40CW  05-Jul-25 21:12 0105  ZA1EM          599  599  93            ZA       3   7015.0
 40CW  05-Jul-25 21:13 0106  HA1AH          599  599  4                      3   7013.8
 15CW  06-Jul-25 08:01 0107  UT3EV          599  599  144           UR       3  21013.0
 15CW  06-Jul-25 08:02 0108  IQ2MI          599  599  572           I        3  21015.5
 15CW  06-Jul-25 08:02 0109  EU8U           599  599  914           EU       3  21016.5
 15CW  06-Jul-25 08:04 0110  9A3VM          599  599  352           9A       3  21023.5
 15CW  06-Jul-25 08:05 0111  LZ3QE          599  599  486           LZ       3  21035.7
 15CW  06-Jul-25 08:06 0112  IT9WDC         599  599  242           IT9      3  21034.5
 15CW  06-Jul-25 08:07 0113  LZ5R           599  599  1368                   3  21010.6
 15CW  06-Jul-25 08:08 0114  UR7MZ          599  599  289                    3  21019.2
 15CW  06-Jul-25 08:08 0115  II0WWA         599  599  0                      3  21023.0
 15CW  06-Jul-25 08:09 0116  S53V           599  599  400           S5       3  21024.2
 15CW  06-Jul-25 08:09 0117  ZA1RR          599  599  285           ZA       3  21025.1
 15CW  06-Jul-25 08:10 0118  IK2WAD         599  599  430                    3  21028.4
 15CW  06-Jul-25 08:16 0119  UR5EJ          599  599  72                     3  21018.6
 15CW  06-Jul-25 08:20 0120  YO9SW          599  599  42            YO       3  21019.6
 15CW  06-Jul-25 08:21 0121  YO9IUP         599  599  121                    3  21019.6
 20CW  06-Jul-25 08:23 0122  IK1JJM         599  599  310           I        3  14020.3
 20CW  06-Jul-25 08:25 0123  IK2AVH         599  599  302                    3  14023.0
 20CW  06-Jul-25 08:26 0124  IK2CZQ         599  599  102                    3  14024.1
 20CW  06-Jul-25 08:27 0125  IK6QRH         599  599  201                    3  14026.8
 20CW  06-Jul-25 08:28 0126  OY1CT          599  599  293           OY       3  14028.3
 20CW  06-Jul-25 08:29 0127  SP2QG          599  599  688           SP       3  14032.1
 20CW  06-Jul-25 08:30 0128  W4I            599  599  0             KP4      5  14033.0
 20CW  06-Jul-25 08:31 0129  F6HKA          599  599  161                    3  14037.1
 20CW  06-Jul-25 08:37 0130  RA1QD          599  599  84                     3  14039.0
 20CW  06-Jul-25 08:38 0131  HB9AMO         599  599  542           HB       3  14039.6
 20CW  06-Jul-25 08:38 0132  F6AGM          599  599  237                    3  14046.0
 20CW  06-Jul-25 08:42 0133  LZ4A           599  599  15            LZ       3  14012.0
 20CW  06-Jul-25 08:43 0134  R1TE           599  599  625                    3  14014.4
 20CW  06-Jul-25 08:44 0135  S59AA          599  599  184           S5       3  14015.9
 20CW  06-Jul-25 08:45 0136  YO4NF          599  599  630           YO       3  14016.6
 20CW  06-Jul-25 08:45 0137  II3WWA         599  599  0                      3  14017.1
 20CW  06-Jul-25 09:55 0138  SE5E           599  599  360           SM       3  14022.5
 20CW  06-Jul-25 10:03 0139  I3FIY          599  599  299                    3  14022.5
 20CW  06-Jul-25 10:10 0140  IQ2MI          599  599  706                    3  14024.2
 20CW  06-Jul-25 10:10 0141  UC7N           599  599  182                    3  14025.8
 20CW  06-Jul-25 10:10 0142  YL2BJ          599  599  424                    3  14027.8
 20CW  06-Jul-25 10:11 0143  S53V           599  599  454                    3  14028.5
 20CW  06-Jul-25 10:12 0144  SO3O           599  599  264                    3  14034.5
 15CW  06-Jul-25 11:05 0145  CT7BJG         599  599  589                    3  21006.5
 15CW  06-Jul-25 11:06 0146  S59AA          599  599  297                    3  21008.2
 15CW  06-Jul-25 11:07 0147  OK2HBR         599  599  500           OK       3  21011.4
 15CW  06-Jul-25 11:10 0148  SM5CSS         599  599  520           SM       3  21012.2
 15CW  06-Jul-25 11:11 0149  9A3YT          599  599  561                    3  21013.5
 15CW  06-Jul-25 11:12 0150  F5NBX          599  599  267           F        3  21019.3
 15CW  06-Jul-25 11:12 0151  SP0I           599  599  370           SP       3  21020.6
 15CW  06-Jul-25 11:13 0152  EA4OR          599  599  219           EA       3  21024.6
 10CW  06-Jul-25 11:22 0153  OG3B           599  599  1179          OH       3  28019.0
 10CW  06-Jul-25 11:22 0154  OH1NA          599  599  425                    3  28019.5
 10CW  06-Jul-25 11:23 0155  IT9ORA         599  599  98            IT9      3  28020.0
 10CW  06-Jul-25 11:35 0156  3V8LL          599  599  205           3V       5  28021.0
 10CW  06-Jul-25 11:36 0157  IQ2MI          599  599  774           I        3  28026.0
 10CW  06-Jul-25 11:46 0158  ZD7BG          599  599  145           ZD7      5  28032.8
