160CW  24-Jan-25 22:00 0001  OM3GI          599  599  15            OM   15  5   1817.4
160CW  24-Jan-25 22:01 0002  S57Q           599  599  15            S5       5   1818.3
160CW  24-Jan-25 22:02 0003  LB5WB          599  599  14            LA   14  5   1818.0
160CW  24-Jan-25 22:03 0004  EA5RS          599  599  14            EA       5   1819.0
160CW  24-Jan-25 22:04 0005  PE6Q           599  599  14            PA       5   1819.8
160CW  24-Jan-25 22:05 0006  DP7D           599  599  14            DL       2   1819.4
160CW  24-Jan-25 22:07 0007  S51YI          599  599  15                     5   1820.3
160CW  24-Jan-25 22:07 0008  RL3A           599  599  16            UA   16  5   1820.7
160CW  24-Jan-25 22:07 0009  DK6WL          599  599  14                     2   1821.0
160CW  24-Jan-25 22:08 0010  G5W            599  599  14            G        5   1821.8
160CW  24-Jan-25 22:09 0011  US5WE          599  599  16            UR       5   1822.0
160CW  24-Jan-25 22:10 0012  OL3Z           599  599  15            OK       5   1822.4
160CW  24-Jan-25 22:11 0013  EC6AAE         599  599  14            EA6      5   1823.0
160CW  24-Jan-25 22:11 0014  OZ3SM          599  599  14            OZ       5   1823.2
160CW  24-Jan-25 22:13 0015  SP8PAI         599  599  15            SP       5   1823.7
160CW  24-Jan-25 22:13 0016  HA3DX          599  599  15            HA       5   1824.0
160CW  24-Jan-25 22:15 0017  DM7C           599  599  14                     2   1824.5
160CW  24-Jan-25 22:16 0018  9A3A           599  599  15            9A       5   1825.0
160CW  24-Jan-25 22:18 0019  HA8BE          599  599  15                     5   1826.0
160CW  24-Jan-25 22:18 0020  OM7M           599  599  15                     5   1826.5
160CW  24-Jan-25 22:20 0021  DL1T           599  599  14                     2   1827.7
160CW  24-Jan-25 22:21 0022  DL0LA          599  599  14                     2   1828.0
160CW  24-Jan-25 22:23 0023  RG2A           599  599  16                     5   1828.7
160CW  24-Jan-25 22:23 0024  YT7KM          599  599  15            YU       5   1828.9
160CW  24-Jan-25 22:24 0025  HG8DX          599  599  15                     5   1829.4
160CW  24-Jan-25 22:26 0026  SN2B           599  599  15                     5   1830.2
160CW  24-Jan-25 22:27 0027  YL3FT          599  599  15            YL       5   1830.5
160CW  24-Jan-25 22:27 0028  DM7M           599  599  14                     2   1830.8
160CW  24-Jan-25 22:28 0029  DA1DX          599  599  14                     2   1831.5
160CW  24-Jan-25 22:28 0030  IO5Y           599  599  15            I        5   1832.1
160CW  24-Jan-25 22:30 0031  DL1BUG         599  599  14                     2   1832.7
160CW  24-Jan-25 22:32 0032  OK7O           599  599  15                     5   1833.3
160CW  24-Jan-25 22:34 0033  S58Y           599  599  15                     5   1833.6
160CW  24-Jan-25 22:34 0034  II9P           599  599  15            IT9      5   1833.9
160CW  24-Jan-25 22:35 0035  LY2XW          599  599  15            LY       5   1834.7
160CW  24-Jan-25 22:37 0036  DL7ON          599  599  14                     2   1835.7
160CW  24-Jan-25 22:38 0037  IO3C           599  599  15                     5   1836.1
160CW  24-Jan-25 22:40 0038  OL1R           599  599  15                     5   1837.0
160CW  24-Jan-25 22:40 0039  OK5T           599  599  15                     5   1838.5
160CW  24-Jan-25 22:42 0040  II2Q           599  599  15                     5   1839.2
160CW  24-Jan-25 22:42 0041  SQ9Y           599  599  15                     5   1839.7
160CW  24-Jan-25 22:43 0042  OP3T           599  599  14            ON       5   1842.9
160CW  24-Jan-25 22:44 0043  SN7Q           599  599  15                     5   1843.5
160CW  24-Jan-25 22:44 0044  OM3RM          599  599  15                     5   1843.8
160CW  24-Jan-25 22:45 0045  OL7T           599  599  15                     5   1844.1
160CW  24-Jan-25 22:45 0046  G6XX           599  599  14                     5   1844.4
160CW  24-Jan-25 22:46 0047  9A3JH          599  599  15                     5   1844.8
160CW  24-Jan-25 22:48 0048  OM7K           599  599  15                     5   1845.5
160CW  24-Jan-25 22:49 0049  DL7URH         599  599  14                     2   1846.0
160CW  24-Jan-25 22:49 0050  OE8TED         599  599  15            OE       5   1846.4
160CW  24-Jan-25 22:50 0051  SO4R           599  599  15                     5   1846.7
160CW  24-Jan-25 22:50 0052  G4AQG          599  599  14                     5   1847.1
160CW  24-Jan-25 22:51 0053  OG1N           599  599  15            OH       5   1847.5
160CW  24-Jan-25 22:52 0054  OE9AMJ/P       599  599  15                     5   1848.0
160CW  24-Jan-25 22:52 0055  LX1NO          599  599  14            LX       5   1848.4
160CW  24-Jan-25 22:52 0056  DK6SP          599  599  14                     2   1848.8
160CW  24-Jan-25 22:53 0057  HB9RB          599  599  14            HB       5   1849.0
160CW  24-Jan-25 22:53 0058  9A2RD          599  599  15                     5   1849.7
160CW  24-Jan-25 22:56 0059  EU4E           599  599  16            EU       5   1850.4
160CW  24-Jan-25 22:56 0060  DK2OY          599  599  14                     2   1850.8
160CW  24-Jan-25 22:58 0061  HB9TOC         599  599  14                     5   1851.2
160CW  24-Jan-25 22:58 0062  DL6MHW         599  599  14                     2   1851.4
160CW  24-Jan-25 22:58 0063  YU5R           599  599  15                     5   1851.8
160CW  24-Jan-25 22:59 0064  S51DX          599  599  15                     5   1852.2
160CW  24-Jan-25 22:59 0065  EW1I           599  599  16                     5   1852.5
160CW  24-Jan-25 23:00 0066  OM5AW          599  599  15                     5   1852.8
160CW  24-Jan-25 23:02 0067  SP4Z           599  599  15                     5   1853.9
160CW  24-Jan-25 23:04 0068  OM0WR          599  599  15                     5   1854.5
160CW  24-Jan-25 23:05 0069  OK6Y           599  599  15                     5   1855.3
160CW  24-Jan-25 23:06 0070  DL5JS          599  599  14                     2   1855.7
160CW  24-Jan-25 23:07 0071  EA7X           599  599  14                     5   1856.0
160CW  24-Jan-25 23:07 0072  DK1WI          599  599  14                     2   1856.6
160CW  24-Jan-25 23:08 0073  YT8T           599  599  15                     5   1857.4
160CW  24-Jan-25 23:09 0074  DM6M           599  599  14                     2   1862.3
160CW  24-Jan-25 23:10 0075  HB0DX          599  599  14            HB0      5   1863.1
160CW  24-Jan-25 23:11 0076  YT0A           599  599  15                     5   1864.0
160CW  24-Jan-25 23:11 0077  YT9W           599  599  15                     5   1865.0
160CW  24-Jan-25 23:12 0078  SP3GTS         599  599  15                     5   1866.0
160CW  24-Jan-25 23:14 0079  DL3NC          599  599  14                     2   1866.8
160CW  24-Jan-25 23:17 0080  GW9J           599  599  14            GW       5   1847.7
160CW  24-Jan-25 23:22 0081  YO6FNA         599  599  20            YO   20  5   1845.0
160CW  24-Jan-25 23:26 0082  E77DX          599  599  15            E7       5   1831.0
160CW  24-Jan-25 23:27 0083  OH0Z           599  599  15            OH0      5   1829.7
160CW  24-Jan-25 23:28 0084  DF8V           599  599  14                     2   1828.5
160CW  24-Jan-25 23:31 0085  IG9/S51V       599  599  33            IG9  33 10   1833.0
160CW  24-Jan-25 23:36 0086  SE4A           599  599  14            SM       5   1823.5
160CW  24-Jan-25 23:36 0087  YL73R          599  599  15                     5   1823.8
160CW  24-Jan-25 23:39 0088  LX7I           599  599  14                     5   1826.8
160CW  24-Jan-25 23:42 0089  DA0BCC         599  599  14                     2   1848.1
160CW  24-Jan-25 23:46 0090  MM9I           599  599  14            GM       5   1851.3
160CW  25-Jan-25 16:38 0091  OM5R           599  599  15                     5   1810.4
160CW  25-Jan-25 16:41 0092  OT4A           599  599  14                     5   1812.4
160CW  25-Jan-25 16:41 0093  DM1T           599  599  14                     2   1812.8
160CW  25-Jan-25 16:43 0094  DP9A           599  599  14                     2   1813.5
160CW  25-Jan-25 16:43 0095  UA2FZ          599  599  15            UA2      5   1815.3
160CW  25-Jan-25 16:44 0096  S53O           599  599  15                     5   1815.8
160CW  25-Jan-25 16:46 0097  DP6A           599  599  14                     2   1816.2
160CW  25-Jan-25 16:47 0098  S50W           599  599  15                     5   1814.2
160CW  25-Jan-25 16:47 0099  P33W           599  599  20            5B      10   1815.0
160CW  25-Jan-25 16:49 0100  DA0T           599  599  14                     2   1815.6
160CW  25-Jan-25 16:50 0101  9A5M           599  599  15                     5   1816.8
160CW  25-Jan-25 16:50 0102  DL2SWW         599  599  14                     2   1817.3
160CW  25-Jan-25 16:51 0103  OK2TJ          599  599  15                     5   1818.0
160CW  25-Jan-25 16:52 0104  OK1OA          599  599  15                     5   1818.6
160CW  25-Jan-25 16:54 0105  OM0M           599  599  15                     5   1819.3
160CW  25-Jan-25 16:55 0106  G3SJJ          599  599  14                     5   1819.8
160CW  25-Jan-25 16:56 0107  DR4A           599  599  14                     2   1820.8
160CW  25-Jan-25 16:57 0108  G4AFF          599  599  14                     5   1821.3
160CW  25-Jan-25 16:57 0109  DL2025E        599  599  14                     2   1821.8
160CW  25-Jan-25 16:59 0110  DJ8VH          599  599  14                     2   1822.4
160CW  25-Jan-25 17:02 0111  DL2NBU         599  599  14                     2   1823.7
160CW  25-Jan-25 17:04 0112  DK8FD          599  599  14                     2   1828.5
160CW  25-Jan-25 17:05 0113  DL1AUZ         599  599  14                     2   1828.9
160CW  25-Jan-25 17:05 0114  SC7DX          599  599  14                     5   1830.0
160CW  25-Jan-25 17:06 0115  IK0YUT         599  599  15                     5   1830.8
160CW  25-Jan-25 17:07 0116  SP1NY          599  599  15                     5   1831.2
160CW  25-Jan-25 17:08 0117  9A3JB          599  599  15                     5   1832.4
160CW  25-Jan-25 17:10 0118  IO5M           599  599  15                     5   1833.7
160CW  25-Jan-25 17:14 0119  DR5X           599  599  14                     2   1834.2
160CW  25-Jan-25 17:15 0120  IO3F           599  599  15                     5   1835.3
160CW  25-Jan-25 17:19 0121  LC7X           599  599  14                     5   1839.9
160CW  25-Jan-25 17:21 0122  8S0DX          599  599  14                     5   1840.7
160CW  25-Jan-25 17:22 0123  OK2W           599  599  15                     5   1847.3
160CW  25-Jan-25 17:24 0124  OL8R           599  599  15                     5   1848.6
160CW  25-Jan-25 17:25 0125  YT1EA          599  599  15                     5   1849.0
160CW  25-Jan-25 17:26 0126  DK9IP          599  599  14                     2   1849.4
160CW  25-Jan-25 17:28 0127  DL5YM          599  599  14                     2   1851.3
160CW  25-Jan-25 17:31 0128  OK1FPQ         599  599  15                     5   1853.0
160CW  25-Jan-25 18:12 0129  DK8ZZ          599  599  14                     2   1826.8
160CW  25-Jan-25 18:37 0130  DM4X           599  599  14                     2   1812.8
160CW  25-Jan-25 18:38 0131  R2FK           599  599  15                     5   1815.9
160CW  25-Jan-25 18:41 0132  OK1DWF         599  599  15                     5   1817.4
160CW  25-Jan-25 18:50 0133  OE1XA          599  599  15                     5   1820.5
160CW  25-Jan-25 18:51 0134  DJ5AS          599  599  14                     2   1820.8
160CW  25-Jan-25 18:52 0135  DL5SE          599  599  14                     2   1820.0
160CW  25-Jan-25 18:54 0136  SK3W           599  599  14                     5   1822.5
160CW  25-Jan-25 18:56 0137  OZ5W           599  599  14                     5   1825.5
160CW  25-Jan-25 18:57 0138  PC0A           599  599  14                     5   1826.3
160CW  25-Jan-25 18:58 0139  DL1CW          599  599  14                     2   1827.0
160CW  25-Jan-25 19:34 0140  LY4A           599  599  15                     5   1828.0
160CW  25-Jan-25 19:36 0141  SP3HLM         599  599  15                     5   1825.5
160CW  25-Jan-25 19:37 0142  DL3IAE         599  599  14                     2   1827.0
160CW  25-Jan-25 19:41 0143  SP2QG          599  599  15                     5   1829.1
160CW  25-Jan-25 19:46 0144  4L5O           599  599  21            4L   21 10   1831.0
160CW  25-Jan-25 19:49 0145  F5IN           599  599  14            F        5   1821.0
160CW  25-Jan-25 20:06 0146  LA0GE          599  599  14                     5   1823.8
160CW  25-Jan-25 20:11 0147  SP3VT          599  599  15                     5   1831.5
160CW  25-Jan-25 20:14 0148  GW7W           599  599  14                     5   1832.5
160CW  25-Jan-25 20:18 0149  IK4VYX         599  599  15                     5   1833.1
160CW  25-Jan-25 20:22 0150  HG7T           599  599  15                     5   1834.0
160CW  25-Jan-25 20:25 0151  OH2XX          599  599  15                     5   1834.6
160CW  25-Jan-25 20:26 0152  OL5N           599  599  15                     5   1839.0
160CW  25-Jan-25 21:29 0153  SP3HRN         599  599  15                     5   1836.8
160CW  25-Jan-25 21:43 0154  EF6T           599  599  14                     5   1835.9
160CW  25-Jan-25 21:43 0155  S51W           599  599  15                     5   1836.1
160CW  25-Jan-25 21:44 0156  DF7CP          599  599  14                     2   1813.5
160CW  25-Jan-25 21:46 0157  HA3YE          599  599  15                     5   1817.2
160CW  25-Jan-25 22:02 0158  E7CW           599  599  15                     5   1867.2
160CW  25-Jan-25 22:02 0159  DJ5MO          599  599  14                     2   1867.5
160CW  25-Jan-25 22:02 0160  SO5CW          599  599  15                     5   1868.3
160CW  25-Jan-25 22:06 0161  RT8U           599  599  18            UA9  18 10   1870.1
160CW  25-Jan-25 22:07 0162  PA0O           599  599  14                     5   1870.6
160CW  25-Jan-25 22:08 0163  S53K           599  599  15                     5   1871.2
160CW  25-Jan-25 22:08 0164  DC6K           599  599  14                     2   1871.2
160CW  25-Jan-25 22:08 0165  S50K           599  599  15                     5   1871.2
160CW  25-Jan-25 22:09 0166  S54A           599  599  15                     5   1871.2
160CW  25-Jan-25 22:09 0167  DR2T           599  599  14                     2   1871.2
160CW  25-Jan-25 22:10 0168  SP5EXA         599  599  15                     5   1871.2
160CW  25-Jan-25 22:10 0169  PA5MW          599  599  14                     5   1871.2
160CW  25-Jan-25 22:11 0170  HA8WY          599  599  15                     5   1871.2
160CW  25-Jan-25 22:11 0171  SN7O           599  599  15                     5   1871.2
160CW  25-Jan-25 22:11 0172  SP7AS          599  599  15                     5   1871.2
160CW  25-Jan-25 22:12 0173  UW5ZO          599  599  16                     5   1871.2
160CW  25-Jan-25 22:13 0174  DJ7YP          599  599  14                     2   1871.2
160CW  25-Jan-25 22:13 0175  G3RLE          599  599  14                     5   1871.2
160CW  25-Jan-25 22:13 0176  EA2AZ          599  599  14                     5   1871.2
160CW  25-Jan-25 22:14 0177  DC8SG          599  599  14                     2   1871.2
160CW  25-Jan-25 22:14 0178  DH0GHU         599  599  14                     2   1871.2
160CW  25-Jan-25 22:15 0179  SM2M           599  599  14                     5   1871.2
160CW  25-Jan-25 22:16 0180  S53R           599  599  15                     5   1871.2
160CW  25-Jan-25 22:17 0181  DK4YU          599  599  14                     2   1871.2
160CW  25-Jan-25 22:17 0182  DL5ST          599  599  14                     2   1871.2
160CW  25-Jan-25 22:18 0183  DL0YY          599  599  14                     2   1871.2
160CW  25-Jan-25 22:18 0184  OK1FKD         599  599  15                     5   1871.2
160CW  25-Jan-25 22:18 0185  9A5Y           599  599  15                     5   1871.2
160CW  25-Jan-25 22:19 0186  OM0RX          599  599  15                     5   1871.2
160CW  25-Jan-25 22:19 0187  DK3WW          599  599  14                     2   1871.2
160CW  25-Jan-25 22:19 0188  SQ3R           599  599  15                     5   1871.2
160CW  25-Jan-25 22:19 0189  HB7X           599  599  14                     5   1871.2
160CW  25-Jan-25 22:20 0190  OG5O           599  599  15                     5   1871.2
160CW  25-Jan-25 22:21 0191  OM5ALL         599  599  15                     5   1871.2
160CW  25-Jan-25 22:21 0192  S57WX          599  599  15                     5   1871.2
160CW  25-Jan-25 22:24 0193  4U1A           599  599  15                     5   1871.2
160CW  25-Jan-25 22:24 0194  DG5MEX         599  599  14                     2   1871.2
160CW  25-Jan-25 22:26 0195  OK2BFN         599  599  15                     5   1871.2
160CW  25-Jan-25 22:26 0196  DJ2TG          599  599  14                     2   1871.2
160CW  25-Jan-25 22:27 0197  DJ2YA          599  599  14                     2   1871.2
160CW  25-Jan-25 22:28 0198  OL2C           599  599  15                     5   1871.2
160CW  25-Jan-25 22:30 0199  DQ1A           599  599  14                     2   1871.2
160CW  25-Jan-25 22:31 0200  DL1WA          599  599  14                     2   1871.2
160CW  25-Jan-25 22:33 0201  LB5GI          599  599  14                     5   1871.2
160CW  25-Jan-25 22:33 0202  SE7T           599  599  14                     5   1871.2
160CW  25-Jan-25 22:35 0203  DL6NBC         599  599  14                     2   1871.2
160CW  25-Jan-25 22:36 0204  DK7HA          599  599  14                     2   1871.2
160CW  25-Jan-25 22:36 0205  DM3W           599  599  14                     2   1871.2
160CW  25-Jan-25 22:39 0206  SQ6ABC         599  599  15                     5   1871.2
160CW  25-Jan-25 22:39 0207  TF3D           599  599  40            TF   40  5   1865.2
160CW  25-Jan-25 22:40 0208  OE2S           599  599  15                     5   1856.6
160CW  25-Jan-25 22:41 0209  YO8DOH         599  599  20                     5   1856.2
160CW  25-Jan-25 22:47 0210  LZ3ZZ          599  599  20            LZ       5   1851.8
160CW  25-Jan-25 22:49 0211  DK5DQ          599  599  14                     2   1852.0
160CW  25-Jan-25 22:50 0212  YL2VW          599  599  15                     5   1829.9
160CW  25-Jan-25 22:50 0213  F6EZV          599  599  14                     5   1817.1
160CW  25-Jan-25 22:53 0214  CT9ABP         599  599  33            CT3     10   1825.4
160CW  25-Jan-25 22:53 0215  OK5D           599  599  15                     5   1819.2
160CW  25-Jan-25 22:54 0216  PA5PR          599  599  14                     5   1818.0
160CW  25-Jan-25 22:55 0217  HB9IJC         599  599  14                     5   1811.2
160CW  25-Jan-25 22:55 0218  DL2025B        599  599  14                     2   1811.4
160CW  25-Jan-25 22:57 0219  DJ9AO          599  599  14                     2   1864.4
160CW  25-Jan-25 22:59 0220  SQ5EF          599  599  15                     5   1864.0
160CW  25-Jan-25 23:02 0221  YO2NAA         599  599  20                     5   1862.5
160CW  25-Jan-25 23:03 0222  G5Q            599  599  14                     5   1865.6
160CW  25-Jan-25 23:08 0223  DJ5MW          599  599  14                     2   1854.7
160CW  25-Jan-25 23:09 0224  YO5AVN         599  599  20                     5   1854.7
160CW  25-Jan-25 23:09 0225  OL1A           599  599  15                     5   1854.7
160CW  25-Jan-25 23:10 0226  DO4OD          599  599  14                     2   1854.7
160CW  25-Jan-25 23:10 0227  DJ8EW          599  599  14                     2   1854.7
160CW  25-Jan-25 23:11 0228  HB9HTF         599  599  14                     5   1854.7
160CW  25-Jan-25 23:12 0229  OK1KKI         599  599  15                     5   1854.7
160CW  25-Jan-25 23:13 0230  SZ1A           599  599  20            SV       5   1854.7
160CW  25-Jan-25 23:13 0231  G2NF           599  599  14                     5   1854.7
160CW  25-Jan-25 23:14 0232  DK1KC          599  599  14                     2   1854.7
160CW  26-Jan-25 19:38 0233  OZ4MM          599  599  14                     5   1848.4
160CW  26-Jan-25 19:41 0234  LY2BKT         599  599  15                     5   1855.8
160CW  26-Jan-25 19:41 0235  YL7X           599  599  15                     5   1855.8
160CW  26-Jan-25 19:41 0236  OK7AW          599  599  15                     5   1855.8
160CW  26-Jan-25 19:42 0237  DF1DT          599  599  14                     2   1855.8
160CW  26-Jan-25 19:43 0238  IK7YTT         599  599  15                     5   1855.8
160CW  26-Jan-25 19:43 0239  DL4UNY         599  599  14                     2   1855.8
160CW  26-Jan-25 19:44 0240  DL0NG          599  599  14                     2   1855.8
160CW  26-Jan-25 19:45 0241  DL4LAM         599  599  14                     2   1855.8
160CW  26-Jan-25 19:46 0242  DJ4WT          599  599  14                     2   1855.8
160CW  26-Jan-25 19:46 0243  DR6T           599  599  14                     2   1855.8
160CW  26-Jan-25 19:47 0244  DR5W           599  599  14                     2   1855.8
160CW  26-Jan-25 19:47 0245  LY7L           599  599  15                     5   1855.8
160CW  26-Jan-25 19:48 0246  S52F           599  599  15                     5   1855.8
160CW  26-Jan-25 19:48 0247  LY2J           599  599  15                     5   1855.8
160CW  26-Jan-25 19:49 0248  DL6RDR         599  599  14                     2   1855.8
160CW  26-Jan-25 19:50 0249  DK2LO          599  599  14                     2   1855.8
160CW  26-Jan-25 19:51 0250  OE7XKJ         599  599  15                     5   1855.8
160CW  26-Jan-25 19:52 0251  S53M           599  599  15                     5   1855.8
160CW  26-Jan-25 19:53 0252  HA7MF          599  599  15                     5   1855.8
160CW  26-Jan-25 19:53 0253  DR3V           599  599  14                     2   1855.8
160CW  26-Jan-25 19:53 0254  PC5Q           599  599  14                     5   1855.8
160CW  26-Jan-25 19:54 0255  9A3SM          599  599  15                     5   1855.8
160CW  26-Jan-25 19:54 0256  G3P            599  599  14                     5   1855.8
160CW  26-Jan-25 19:55 0257  DR7T           599  599  14                     2   1855.8
160CW  26-Jan-25 19:56 0258  OZ1ADL         599  599  14                     5   1855.8
160CW  26-Jan-25 19:56 0259  DL7ALM         599  599  14                     2   1855.8
160CW  26-Jan-25 19:57 0260  E79D           599  599  15                     5   1855.8
160CW  26-Jan-25 19:57 0261  S57KM          599  599  15                     5   1855.8
160CW  26-Jan-25 19:58 0262  HA8BT          599  599  15                     5   1855.8
160CW  26-Jan-25 19:59 0263  YL2KO          599  599  15                     5   1855.8
160CW  26-Jan-25 20:02 0264  OK2DM          599  599  15                     5   1855.8
160CW  26-Jan-25 20:02 0265  IK3SWB         599  599  15                     5   1855.8
160CW  26-Jan-25 20:03 0266  S53V           599  599  15                     5   1855.8
160CW  26-Jan-25 20:03 0267  OK1DKR         599  599  15                     5   1855.8
160CW  26-Jan-25 20:06 0268  RW7K           599  599  16                     5   1855.8
160CW  26-Jan-25 20:14 0269  DL5XJ          599  599  14                     2   1857.6
160CW  26-Jan-25 20:16 0270  R9DX           599  599  17                 17 10   1864.6
160CW  26-Jan-25 20:17 0271  GW4W           599  599  14                     5   1864.9
160CW  26-Jan-25 20:18 0272  DL1NEO         599  599  14                     2   1849.4
160CW  26-Jan-25 20:20 0273  DK5KK          599  599  14                     2   1832.5
160CW  26-Jan-25 20:21 0274  OK3C           599  599  15                     5   1831.3
160CW  26-Jan-25 20:22 0275  YQ6A           599  599  20                     5   1818.8
160CW  26-Jan-25 20:23 0276  DK5TA          599  599  14                     2   1818.6
160CW  26-Jan-25 20:36 0277  SP7CF          599  599  15                     5   1813.7
160CW  26-Jan-25 20:36 0278  SN9DT          599  599  15                     5   1813.9
160CW  26-Jan-25 20:38 0279  DK1TW          599  599  14                     2   1817.8
160CW  26-Jan-25 20:38 0280  SO3O           599  599  15                     5   1818.0
160CW  26-Jan-25 20:39 0281  OM4Q           599  599  15                     5   1817.2
160CW  26-Jan-25 20:39 0282  OK7GU          599  599  15                     5   1813.4
160CW  26-Jan-25 20:42 0283  OP5T           599  599  14                     5   1816.8
160CW  26-Jan-25 20:42 0284  PA3FQA         599  599  14                     5   1819.1
160CW  26-Jan-25 20:57 0285  I4VEQ          599  599  15                     5   1824.2
160CW  26-Jan-25 20:58 0286  G3YRO          599  599  14                     5   1823.1
160CW  26-Jan-25 21:27 0287  I2IFT          599  599  15                     5   1834.8
160CW  26-Jan-25 21:28 0288  IU4JNR         599  599  15                     5   1833.5
160CW  26-Jan-25 21:28 0289  SP5ELA         599  599  15                     5   1834.0
160CW  26-Jan-25 21:30 0290  OK1AGE         599  599  15                     5   1843.5
160CW  26-Jan-25 21:31 0291  IK0XBX/QRP     599  599  15                     5   1844.0
160CW  26-Jan-25 21:33 0292  HA1SU          599  599  15                     5   1854.9
160CW  26-Jan-25 21:35 0293  DL4SL          599  599  14                     2   1863.1
160CW  26-Jan-25 21:36 0294  DK3UA          599  599  14                     2   1866.5
160CW  26-Jan-25 21:41 0295  G7D            599  599  14                     5   1867.8
160CW  26-Jan-25 21:42 0296  OM2XA          599  599  15                     5   1864.0
160CW  26-Jan-25 21:43 0297  LY2OU          599  599  15                     5   1864.8
160CW  26-Jan-25 21:44 0298  LY5O           599  599  15                     5   1872.2
160CW  26-Jan-25 21:45 0299  DK3UW          599  599  14                     2   1862.9
160CW  26-Jan-25 21:45 0300  DP4X           599  599  14                     2   1847.7
160CW  26-Jan-25 21:46 0301  HA3OU          599  599  15                     5   1846.0
160CW  26-Jan-25 21:49 0302  DL4ME          599  599  14                     2   1832.2
160CW  26-Jan-25 21:50 0303  DJ0IF          599  599  14                     2   1828.7
160CW  26-Jan-25 21:51 0304  OK1TN          599  599  15                     5   1828.2
160CW  26-Jan-25 21:52 0305  SQ7U           599  599  15                     5   1829.1
160CW  26-Jan-25 21:56 0306  DL6CQ          599  599  14                     2   1821.3
