 80CW  09-Dec-25 18:02 0001  DL1PP          599  599  P36           P36      2   3524.5
 80CW  09-Dec-25 18:02 0002  DF1LON         599  599  R11           R11      2   3524.5
 80CW  09-Dec-25 18:03 0003  DL5IAH         599  599  K09           K09      2   3524.5
 80CW  09-Dec-25 18:04 0004  DF5QC          599  599  N26           N26      2   3524.5
 80CW  09-Dec-25 18:04 0005  SP3VT          599  599  003           003      3   3524.5
 80CW  09-Dec-25 18:05 0006  DF8V           599  599  Q05           Q05      2   3524.5
 80CW  09-Dec-25 18:05 0007  DL4ME          599  599  X30           X30      2   3524.5
 80CW  09-Dec-25 18:06 0008  DK0LWL         599  599  V28           V28      2   3524.5
 80CW  09-Dec-25 18:08 0009  DK1WB          599  599  H24           H24      2   3524.5
 80CW  09-Dec-25 18:09 0010  DJ9MH          599  599  B10           B10      2   3524.5
 80CW  09-Dec-25 18:09 0011  DL1GBZ         599  599  A50           A50      2   3524.5
 80CW  09-Dec-25 18:10 0012  DL3LJ          599  599  M15           M15      2   3524.5
 80CW  09-Dec-25 18:11 0013  DB7MM          599  599  B21           B21      2   3524.5
 80CW  09-Dec-25 18:12 0014  DK5OL          599  599  I57           I57      2   3524.5
 80CW  09-Dec-25 18:13 0015  DK1TR          599  599  C01           C01      2   3524.5
 80CW  09-Dec-25 18:14 0016  SO5CW          599  599  008           008      3   3524.5
 80CW  09-Dec-25 18:15 0017  DM800KM        599  599  800KM         800KM    2   3524.5
 80CW  09-Dec-25 18:16 0018  DF2ZY          599  599  Z54           Z54      2   3524.5
 80CW  09-Dec-25 18:18 0019  DA1A           599  599  Y09           Y09      2   3523.7
 80CW  09-Dec-25 18:20 0020  DK5MIK         599  599  L12           L12      2   3522.0
 80CW  09-Dec-25 18:20 0021  DM3ZF          599  599  Y28           Y28      2   3521.5
 80CW  09-Dec-25 18:22 0022  DK2FG          599  599  N05           N05      2   3529.0
 80CW  09-Dec-25 18:22 0023  DC8YZ          599  599  B13           B13      2   3530.2
 80CW  09-Dec-25 18:23 0024  DL0GRH         599  579  S18           S18      2   3531.4
 80CW  09-Dec-25 18:24 0025  DA1DX          599  599  L06           L06      2   3532.5
 80CW  09-Dec-25 18:25 0026  DK3YD          599  599  C12           C12      2   3533.0
 80CW  09-Dec-25 18:26 0027  DL6CQ          599  599  L16           L16      2   3533.6
 80CW  09-Dec-25 18:26 0028  SF6W           599  599  011           011      3   3534.5
 80CW  09-Dec-25 18:29 0029  DJ5YL          599  599  Y24           Y24      2   3535.0
 80CW  09-Dec-25 18:32 0030  DK2LO          599  599  M15                    2   3536.1
 80CW  09-Dec-25 18:34 0031  DK4WW          599  599  Y24                    2   3536.7
 80CW  09-Dec-25 18:36 0032  DL1ONI         599  599  T08           T08      2   3524.6
 80CW  09-Dec-25 18:38 0033  DA1MS          599  559  E23           E23      2   3524.6
 80CW  09-Dec-25 18:40 0034  DM1MK          599  599  H02           H02      2   3524.6
 80CW  09-Dec-25 18:41 0035  DF2AP          599  599  X10           X10      2   3524.6
 80CW  09-Dec-25 18:42 0036  DK7XX          599  599  E03           E03      2   3524.6
 80CW  09-Dec-25 18:43 0037  DL4NAX         599  599  B06           B06      2   3524.6
 80CW  09-Dec-25 18:45 0038  DL2XU          599  599  E13           E13      2   3524.6
 80CW  09-Dec-25 18:47 0039  DF1DT          599  599  G38           G38      2   3524.6
 80CW  09-Dec-25 18:49 0040  DK5TX          599  599  N02           N02      2   3526.0
 80CW  09-Dec-25 18:49 0041  DL8MBS         599  599  X19           X19      2   3527.4
 80CW  09-Dec-25 18:51 0042  DL1ASP         599  599  R13           R13      2   3531.0
 80CW  09-Dec-25 18:52 0043  DL1CW          599  599  P51           P51      2   3535.8
 80CW  09-Dec-25 18:55 0044  DL7RAV         599  599  I18           I18      2   3524.6
 80CW  09-Dec-25 18:55 0045  G5C            599  599  026           026      3   3524.6
 80CW  09-Dec-25 18:58 0046  DL3XY          599  599  Q05                    2   3524.6
