 40CW  20-Jan-25 16:30 0001  OK1TRJ         599  599  2             OK       3   7024.7
 40CW  20-Jan-25 16:31 0002  OM5B           599  599  4             OM       3   7024.7
 40CW  20-Jan-25 16:31 0003  PC4H           599  599  2             PA       3   7024.7
 40CW  20-Jan-25 16:31 0004  DR2C           599  599  3             DL       2   7024.7
 40CW  20-Jan-25 16:32 0005  M4N            599  599  4             G        3   7024.7
 40CW  20-Jan-25 16:33 0006  HB9HTF         599  599  8             HB       3   7024.7
 40CW  20-Jan-25 16:35 0007  DM5I           599  599  15                     2   7024.4
 40CW  20-Jan-25 16:35 0008  DF8V           599  599  8                      2   7023.9
 40CW  20-Jan-25 16:36 0009  ON4EM          599  599  5             ON       3   7023.4
 40CW  20-Jan-25 16:36 0010  DD5M           599  599  14                     2   7023.1
 40CW  20-Jan-25 16:37 0011  SM0OEK         599  599  10            SM       3   7022.9
 40CW  20-Jan-25 16:38 0012  DK9IP          599  599  17                     2   7021.8
 40CW  20-Jan-25 16:39 0013  OM3FW          599  599  13                     3   7020.9
 40CW  20-Jan-25 16:40 0014  PC0A           599  599  23                     3   7018.4
 40CW  20-Jan-25 16:41 0015  YU5T           599  599  14            YU       3   7012.6
 40CW  20-Jan-25 16:42 0016  DR6T           599  599  15                     2   7012.6
 40CW  20-Jan-25 16:42 0017  OM5ZW          599  599  28                     3   7012.6
 40CW  20-Jan-25 16:43 0018  DR7T           599  599  25                     2   7012.6
 40CW  20-Jan-25 16:43 0019  DJ9MH          599  599  27                     2   7012.6
 40CW  20-Jan-25 16:43 0020  DM7W           599  599  24                     2   7012.6
 40CW  20-Jan-25 16:44 0021  SN7J           599  599  23            SP       3   7012.6
 40CW  20-Jan-25 16:44 0022  OK1TN          599  599  27                     3   7012.6
 40CW  20-Jan-25 16:45 0023  OM2KI          599  599  32                     3   7012.6
 40CW  20-Jan-25 16:45 0024  DK1KC          599  599  27                     2   7012.6
 40CW  20-Jan-25 16:46 0025  OK2PYA         599  599  31                     3   7012.6
 40CW  20-Jan-25 16:47 0026  OK1FMX         599  599  21                     3   7012.6
 40CW  20-Jan-25 16:47 0027  HB9BXE         599  599  35                     3   7012.6
 40CW  20-Jan-25 16:47 0028  HA5MA          599  599  20            HA       3   7012.6
 40CW  20-Jan-25 16:48 0029  SP9OUV         599  599  14                     3   7012.6
 40CW  20-Jan-25 16:48 0030  SM6M           599  599  53                     3   7012.6
 40CW  20-Jan-25 16:49 0031  SM5IMO         599  599  39                     3   7012.6
 40CW  20-Jan-25 16:49 0032  OM5CM          599  599  27                     3   7012.6
 40CW  20-Jan-25 16:50 0033  G4LJU          599  599  15                     3   7012.6
 40CW  20-Jan-25 16:51 0034  D1CW           599  599  27                     5   7012.6
 40CW  20-Jan-25 16:51 0035  DK3AX          599  599  30                     2   7012.6
 40CW  20-Jan-25 16:51 0036  IQ4FE          599  599  21            I        3   7012.6
 40CW  20-Jan-25 16:52 0037  DL1EFW         599  599  25                     2   7012.6
 40CW  20-Jan-25 16:52 0038  OL4W           599  599  37                     3   7012.6
 40CW  20-Jan-25 16:54 0039  OK2ON          599  599  12                     3   7012.6
 40CW  20-Jan-25 16:54 0040  I3VWK          599  599  32                     3   7012.6
 40CW  20-Jan-25 16:55 0041  OK1FKD         599  599  30                     3   7012.6
 40CW  20-Jan-25 16:55 0042  PA2A           599  599  44                     3   7012.6
 40CW  20-Jan-25 16:56 0043  OK1OA          599  599  48                     3   7012.6
 40CW  20-Jan-25 16:56 0044  DA0BCC         599  599  63                     2   7012.6
 40CW  20-Jan-25 16:57 0045  DF1GRA         599  599  2                      2   7012.6
 40CW  20-Jan-25 16:59 0046  DH0GHU         599  599  61                     2   7015.4
 40CW  20-Jan-25 17:01 0047  OL8R           599  599  92                     3   7015.8
 40CW  20-Jan-25 17:02 0048  PA3ARM         599  599  43                     3   7017.8
 40CW  20-Jan-25 17:02 0049  SM6TOL         599  599  56                     3   7018.8
 40CW  20-Jan-25 17:02 0050  RX3Q           599  599  37            UA       3   7019.2
 40CW  20-Jan-25 17:03 0051  PA3AAV         599  599  91                     3   7019.7
 40CW  20-Jan-25 17:03 0052  SC6O           599  599  49                     3   7020.6
 40CW  20-Jan-25 17:04 0053  OK1DOY         599  599  66                     3   7022.1
 40CW  20-Jan-25 17:05 0054  OK5NZ          599  599  70                     3   7022.4
 40CW  20-Jan-25 17:05 0055  HA5BA          599  599  50                     3   7023.6
 40CW  20-Jan-25 17:06 0056  DL1BUG         599  599  41                     2   7024.3
 40CW  20-Jan-25 17:07 0057  DJ9KH          599  599  66                     2   7025.6
 40CW  20-Jan-25 17:07 0058  SF6J           599  599  60                     3   7026.5
 40CW  20-Jan-25 17:09 0059  SN1F           599  599  72                     3   7028.7
 40CW  20-Jan-25 17:09 0060  DL4YR          599  599  32                     2   7030.0
 40CW  20-Jan-25 17:09 0061  OK1DOR         599  599  66                     3   7030.5
 40CW  20-Jan-25 17:10 0062  SE4E           599  599  48                     3   7029.2
 40CW  20-Jan-25 17:11 0063  SO3O           599  599  86                     3   7029.2
 40CW  20-Jan-25 17:11 0064  SQ1DNJ         599  599  62                     3   7029.2
 40CW  20-Jan-25 17:12 0065  OK2NO          599  599  80                     3   7029.2
 40CW  20-Jan-25 17:13 0066  PA3DBS         599  599  50                     3   7029.2
 40CW  20-Jan-25 17:14 0067  SP2QG          599  599  91                     3   7029.2
 40CW  20-Jan-25 17:14 0068  RA4HBS         599  599  29                     3   7029.2
 40CW  20-Jan-25 17:15 0069  DF1LON         599  599  37                     2   7029.2
 40CW  20-Jan-25 17:16 0070  OM3TVI         599  599  25                     3   7029.2
 40CW  20-Jan-25 17:16 0071  SN7Q           599  599  100                    3   7029.2
 40CW  20-Jan-25 17:17 0072  DL2NBY         599  599  70                     2   7029.2
 40CW  20-Jan-25 17:18 0073  DA2K           599  599  59                     2   7029.2
 40CW  20-Jan-25 17:19 0074  PA3DZM         599  599  42                     3   7029.2
 40CW  20-Jan-25 17:20 0075  DK2DR          599  599  39                     2   7029.2
 40CW  20-Jan-25 17:20 0076  OQ5M           599  599  86                     3   7029.2
 40CW  20-Jan-25 17:21 0077  DD7NT          599  599  40                     2   7029.2
 40CW  20-Jan-25 17:21 0078  PA2A           599  599  89                     0   7029.2
 40CW  20-Jan-25 17:22 0079  IK5MEL         599  599  67                     3   7029.2
 40CW  20-Jan-25 17:22 0080  OM4AY          599  599  48                     3   7029.2
 40CW  20-Jan-25 17:23 0081  SP2HHX         599  599  59                     3   7029.2
 40CW  20-Jan-25 17:23 0082  LZ5DI          599  599  86            LZ       3   7029.2
 40CW  20-Jan-25 17:26 0083  DF8TY          599  599  51                     2   7026.2
 40CW  20-Jan-25 17:26 0084  OZ7BQ          599  599  49            OZ       3   7018.4
 40CW  20-Jan-25 17:29 0085  EG3WWA         599  599  0             EA       3   7013.0
