 20CW  20-Sep-25 13:29 0001  OH8L           599  599  163           OH       3  14033.9
 20CW  20-Sep-25 13:30 0002  SM6M           599  599  184           SM       3  14031.1
 20CW  20-Sep-25 13:31 0003  OH7K           599  599  164                    3  14029.6
 20CW  20-Sep-25 13:33 0004  OH3FM          599  599  174                    3  14027.3
 20CW  20-Sep-25 13:36 0005  SM5CSS         599  599  149                    3  14021.3
 20CW  20-Sep-25 13:36 0006  OH0Z           599  599  206           OH0      3  14021.0
 20CW  20-Sep-25 13:37 0007  LA8OM          599  599  191           LA       3  14019.9
 20CW  20-Sep-25 13:39 0008  OH3Z           599  599  144                    3  14034.3
 20CW  20-Sep-25 13:40 0009  SK3W           599  599  183                    3  14035.1
 20CW  20-Sep-25 13:52 0010  OH6LW          599  599  82                     3  14037.0
 20CW  20-Sep-25 13:54 0011  OH2BKX         599  599  121                    3  14038.0
 20CW  20-Sep-25 13:54 0012  SM6X           599  599  132                    3  14039.5
 20CW  20-Sep-25 13:55 0013  SK0QO          599  599  139                    3  14040.4
 20CW  20-Sep-25 13:56 0014  SI6T           599  599  30                     3  14042.0
 20CW  20-Sep-25 13:57 0015  SE4E           599  599  168                    3  14044.9
 20CW  20-Sep-25 13:57 0016  OH8CW          599  599  102                    3  14045.8
 20CW  20-Sep-25 13:58 0017  SF5O           599  599  140                    3  14048.1
 20CW  20-Sep-25 13:58 0018  SM0Q           599  599  67                     3  14048.9
 20CW  20-Sep-25 13:59 0019  OG9E           599  599  111                    3  14049.8
 20CW  20-Sep-25 13:59 0020  LC5P           599  599  86                     3  14050.3
 20CW  20-Sep-25 16:08 0021  OH6OS          599  599  366                    3  14055.0
 20CW  20-Sep-25 16:09 0022  OH7KBF         599  599  244                    3  14051.0
 10CW  20-Sep-25 16:11 0023  OH6RX          599  599  501           OH       3  28029.7
 10CW  20-Sep-25 16:11 0024  OG7Z           599  599  364                    3  28034.0
 10CW  20-Sep-25 16:11 0025  OH6XA          599  599  43                     3  28037.8
 10CW  20-Sep-25 16:12 0026  OG9E           599  599  269                    3  28027.0
 10CW  20-Sep-25 16:13 0027  OH2MGA         599  599  191                    3  28020.0
 10CW  20-Sep-25 16:14 0028  SE0X           599  599  282           SM       3  28011.5
 10CW  20-Sep-25 16:24 0029  OH2KI          599  599  7                      3  28026.1
 15CW  20-Sep-25 16:32 0030  SC7DX          599  599  302           SM       3  21024.2
 15CW  20-Sep-25 16:32 0031  OH5Z           599  599  698           OH       3  21023.6
 15CW  20-Sep-25 16:33 0032  OH8WW          599  599  415                    3  21020.3
 15CW  20-Sep-25 16:33 0033  OH0Z           599  599  572           OH0      3  21019.3
 15CW  20-Sep-25 16:34 0034  SE5A           599  599  275                    3  21015.1
 15CW  20-Sep-25 16:36 0035  OH6RX          599  599  547                    3  21011.7
 15CW  20-Sep-25 16:37 0036  OH8Z           599  599  441                    3  21008.9
 10CW  20-Sep-25 16:55 0037  OH2BBT         599  599  74                     3  28024.5
 10CW  20-Sep-25 16:55 0038  OH3AA          599  599  196                    3  28022.6
 10CW  20-Sep-25 16:56 0039  OG1F           599  599  604                    3  28017.0
 10CW  20-Sep-25 16:57 0040  OH2XX          599  599  590                    3  28010.0
 10CW  20-Sep-25 16:57 0041  OG5B           599  599  390                    3  28001.1
 15CW  20-Sep-25 16:59 0042  TF3W           599  599  641           TF       3  21007.9
 15CW  20-Sep-25 17:01 0043  OG1R           599  599  356                    3  21010.5
 15CW  20-Sep-25 17:01 0044  OZ5W           599  599  356           OZ       3  21014.0
 15CW  20-Sep-25 17:03 0045  OI5AY          599  599  316                    3  21018.4
 15CW  20-Sep-25 17:04 0046  SF1Z           599  599  54                     3  21019.3
 15CW  20-Sep-25 17:14 0047  SE8X           599  599  126                    3  21025.0
 15CW  20-Sep-25 17:14 0048  SK3W           599  599  407                    3  21027.0
 15CW  20-Sep-25 17:16 0049  SG4G           599  599  308                    3  21030.9
 15CW  20-Sep-25 17:22 0050  OG1F           599  599  633                    3  21036.9
 15CW  20-Sep-25 17:23 0051  OH7K           599  599  379                    3  21038.5
 15CW  20-Sep-25 17:24 0052  OH1LWZ         599  599  203                    3  21039.1
 15CW  20-Sep-25 17:32 0053  KR2Q           599  599  MORR          K        5  21042.5
 40CW  21-Sep-25 10:10 0054  OZ1SVA         599  599  492           OZ       3   7026.0
 40CW  21-Sep-25 11:21 0055  OZ3SM          599  599  701                    3   7015.6
 15CW  21-Sep-25 11:25 0056  OH7KBF         599  599  811                    3  21017.7
