 40CW  11-Jan-25 10:00 0001  DL1NKS         599  599  B24           DL       2   7027.6
 40CW  11-Jan-25 10:01 0002  DL0RT          599  599  75P07                  2   7027.6
 40CW  11-Jan-25 10:02 0003  DL7ARJ         599  599  A35                    2   7027.6
 40CW  11-Jan-25 10:02 0004  DL1ONI         599  599  T08                    2   7027.6
 40CW  11-Jan-25 10:03 0005  DL4CF          599  599  D25                    2   7027.6
 40CW  11-Jan-25 10:03 0006  DL9GHT         599  599  V11                    2   7027.6
 40CW  11-Jan-25 10:05 0007  DL4KWA         599  599  V01                    2   7027.6
 40CW  11-Jan-25 10:05 0008  DL1GWW         599  599  P29                    2   7027.6
 40CW  11-Jan-25 10:07 0009  DL6ED          599  599  R15                    2   7027.6
 40CW  11-Jan-25 10:07 0010  DF2GW          599  599  002                    2   7027.6
 40CW  11-Jan-25 10:08 0011  DJ2AX          599  599  X20                    2   7027.6
 40CW  11-Jan-25 10:08 0012  DL4FN          599  599  F35                    2   7027.6
 40CW  11-Jan-25 10:09 0013  HB9DGV         599  599  73            HB       3   7027.6
 40CW  11-Jan-25 10:10 0014  DL5ANE         599  599  X07                    2   7027.6
 40CW  11-Jan-25 10:10 0015  DJ5QE          599  599  N20                    2   7027.6
 40CW  11-Jan-25 10:11 0016  DF2WZ          599  599  I49                    2   7027.6
 40CW  11-Jan-25 10:12 0017  DL3DRN         599  599  S27                    2   7027.6
 40CW  11-Jan-25 10:12 0018  DJ2IA          599  599  F43                    2   7027.6
 40CW  11-Jan-25 10:12 0019  DL2AXM         599  599  X41                    2   7027.6
 40CW  11-Jan-25 10:14 0020  DL8DXL         599  599  S22                    2   7027.6
 40CW  11-Jan-25 10:15 0021  DG1E           599  599  R24                    2   7027.6
 40CW  11-Jan-25 10:17 0022  DL6UD          599  599  Y28                    2   7019.2
 40CW  11-Jan-25 10:18 0023  DM3PKK         599  599  B14                    2   7017.0
 40CW  11-Jan-25 10:18 0024  DL5JS          599  599  R01                    2   7014.2
 40CW  11-Jan-25 10:19 0025  DF1LON         599  599  R11                    2   7013.5
 40CW  11-Jan-25 10:20 0026  DL0FTP         599  599  VFDB75                 2   7032.0
 40CW  11-Jan-25 10:22 0027  DF0EN          599  599  BY                     2   7035.0
 40CW  11-Jan-25 10:25 0028  DA3T           599  599  S22                    2   7027.6
 40CW  11-Jan-25 10:25 0029  DF6QN          599  599  N61                    2   7027.6
 40CW  11-Jan-25 10:27 0030  DL1EFW         599  599  R17                    2   7027.6
 40CW  11-Jan-25 10:27 0031  DG0KS          599  599  V02                    2   7027.6
 40CW  11-Jan-25 10:28 0032  DL7EQ          599  599  R19                    2   7027.6
 40CW  11-Jan-25 10:29 0033  DJ5NE          599  599  R07                    2   7027.6
 40CW  11-Jan-25 10:29 0034  DK5XG          599  599  E22                    2   7027.6
 40CW  11-Jan-25 10:30 0035  DL1EJD         599  599  R22                    2   7027.6
 40CW  11-Jan-25 10:31 0036  DL6CGX         599  599  K16                    2   7027.6
 40CW  11-Jan-25 10:34 0037  DL2OM          599  599  K32                    2   7016.0
 40CW  11-Jan-25 10:37 0038  DK9FE          599  599  Z25                    2   7011.2
 40CW  11-Jan-25 10:38 0039  DL1ASP         599  599  R13                    2   7016.5
 40CW  11-Jan-25 10:46 0040  DL9EBF         599  599  R17                    2   7020.8
 40CW  11-Jan-25 10:46 0041  DK9MAT         599  599  P14                    2   7020.8
 40CW  11-Jan-25 10:49 0042  DL2NBY         599  599  B26                    2   7020.8
 40CW  11-Jan-25 10:52 0043  DL2AXM         599  599  X41                    0   7020.8
 40CW  11-Jan-25 10:59 0044  DF5BX          599  599  I37                    2   7020.8
