 40CW  07-Jul-25 16:30 0001  DL5YM          599  599  1             DL       2   7027.2
 40CW  07-Jul-25 16:32 0002  OK1DSZ         599  599  2             OK       3   7026.8
 40CW  07-Jul-25 16:35 0003  SN1T           599  599  17            SP       3   7031.3
 40CW  07-Jul-25 16:37 0004  DK1KC          599  599  14                     2   7031.3
 40CW  07-Jul-25 16:37 0005  DF1DT          599  599  13                     2   7031.3
 40CW  07-Jul-25 16:37 0006  ON5QD          599  599  6             ON       3   7031.3
 40CW  07-Jul-25 16:38 0007  OK1FMX         599  599  14                     3   7031.3
 40CW  07-Jul-25 16:38 0008  OK5WA          599  599  10                     3   7031.3
 40CW  07-Jul-25 16:38 0009  DR2C           599  599  20                     2   7031.3
 40CW  07-Jul-25 16:39 0010  ON4EM          599  599  13                     3   7031.3
 40CW  07-Jul-25 16:39 0011  OK1OA          599  599  1                      3   7031.3
 40CW  07-Jul-25 16:41 0012  SP7N           599  599  23                     3   7031.3
 40CW  07-Jul-25 16:42 0013  OK1TRJ         599  599  21                     3   7031.3
 40CW  07-Jul-25 16:42 0014  OK1TN          599  599  25                     3   7031.3
 40CW  07-Jul-25 16:42 0015  DM7W           599  599  27                     2   7031.3
 40CW  07-Jul-25 16:43 0016  SN7J           599  599  17                     3   7031.2
 40CW  07-Jul-25 16:44 0017  SM5IMO         599  599  22            SM       3   7031.2
 40CW  07-Jul-25 16:45 0018  DM5I           599  599  42                     2   7031.2
 40CW  07-Jul-25 16:45 0019  DR3W           599  599  34                     2   7031.2
 40CW  07-Jul-25 16:46 0020  IN3FHE         599  599  15            I        3   7031.2
 40CW  07-Jul-25 16:46 0021  DL7YS          599  599  31                     2   7031.2
 40CW  07-Jul-25 16:46 0022  DA3T           599  599  20                     2   7031.2
 40CW  07-Jul-25 16:47 0023  S52W           599  599  41            S5       3   7031.2
 40CW  07-Jul-25 16:47 0024  HB9BXE         599  599  35            HB       3   7031.2
 40CW  07-Jul-25 16:48 0025  DF8KY          599  599  14                     2   7031.2
 40CW  07-Jul-25 16:48 0026  OL8R           599  599  49                     3   7031.2
 40CW  07-Jul-25 16:48 0027  OK1AMX         599  599  25                     3   7031.2
 40CW  07-Jul-25 16:49 0028  S53ZO          599  599  39                     3   7031.2
 40CW  07-Jul-25 16:49 0029  OK2ZV          599  599  31                     3   7031.2
 40CW  07-Jul-25 16:50 0030  OK2BFN         599  599  43                     3   7031.2
 40CW  07-Jul-25 16:50 0031  OK2PYA         599  599  31                     3   7031.2
 40CW  07-Jul-25 16:51 0032  OM5CM          599  599  39            OM       3   7031.2
 40CW  07-Jul-25 16:51 0033  DF7TS          599  599  24                     2   7031.2
 40CW  07-Jul-25 16:52 0034  DL8TG          599  599  29                     2   7031.2
 40CW  07-Jul-25 16:52 0035  OK1FKD         599  599  22                     3   7031.2
 40CW  07-Jul-25 16:53 0036  OK5M           599  599  56                     3   7031.2
 40CW  07-Jul-25 16:53 0037  HG5E           599  599  63            HA       3   7031.2
 40CW  07-Jul-25 16:54 0038  HA5OV          599  599  50                     3   7031.2
 40CW  07-Jul-25 16:55 0039  DJ3WE          599  599  49                     2   7031.2
 40CW  07-Jul-25 16:56 0040  OK1IBP         599  599  57                     3   7031.2
 40CW  07-Jul-25 16:56 0041  OK1RZ          599  599  54                     3   7031.2
 40CW  07-Jul-25 16:57 0042  DL8QS          599  599  56                     2   7031.2
 40CW  07-Jul-25 16:57 0043  HA6NL          599  599  47                     3   7031.2
 40CW  07-Jul-25 16:58 0044  DL4ME          599  599  57                     2   7031.2
 40CW  07-Jul-25 16:58 0045  G4LJU          599  599  16            G        3   7031.2
 40CW  07-Jul-25 16:59 0046  OK1NU          599  599  33                     3   7031.2
 40CW  07-Jul-25 17:00 0047  I/DJ5AS        599  599  28                     3   7031.2
 40CW  07-Jul-25 17:00 0048  DR2C           599  599  64                     0   7031.2
 40CW  07-Jul-25 17:01 0049  HA5OV          599  599  61                     0   7031.2
 40CW  07-Jul-25 17:01 0050  DA3T           599  599  39                     0   7031.2
 40CW  07-Jul-25 17:02 0051  DF7YE          599  599  79                     2   7031.2
 40CW  07-Jul-25 17:03 0052  OE8DDX         599  599  34            OE       3   7008.0
 40CW  07-Jul-25 17:04 0053  SP3MEP         599  599  25                     3   7011.5
 40CW  07-Jul-25 17:04 0054  SP2XX          599  599  54                     3   7012.2
 40CW  07-Jul-25 17:05 0055  DL3KWF         599  599  69                     2   7013.0
 40CW  07-Jul-25 17:06 0056  SF6J           599  599  41                     3   7013.9
 40CW  07-Jul-25 17:06 0057  OK6OK          599  599  60                     3   7014.4
 40CW  07-Jul-25 17:06 0058  PA3DBS         599  599  56            PA       3   7014.9
 40CW  07-Jul-25 17:07 0059  DJ4WT          599  599  52                     2   7015.2
 40CW  07-Jul-25 17:08 0060  OZ7BQ          599  599  42            OZ       3   7015.7
 40CW  07-Jul-25 17:08 0061  PC0A           599  599  77                     3   7016.6
 40CW  07-Jul-25 17:09 0062  OK2EA          599  599  70                     3   7017.1
 40CW  07-Jul-25 17:10 0063  OK5TFC         599  599  46                     3   7018.3
 40CW  07-Jul-25 17:11 0064  PA3AAV         599  599  87                     3   7019.4
 40CW  07-Jul-25 17:11 0065  S51J           599  599  64                     3   7020.3
 40CW  07-Jul-25 17:13 0066  OK1DOR         599  599  74                     3   7023.7
 40CW  07-Jul-25 17:15 0067  DL5YAS         599  599  56                     2   7026.2
 40CW  07-Jul-25 17:16 0068  OK2NO          599  599  80                     3   7027.7
 40CW  07-Jul-25 17:17 0069  DJ9KH          599  599  86                     2   7028.9
 40CW  07-Jul-25 17:18 0070  OK2IW          599  599  52                     3   7026.8
 40CW  07-Jul-25 17:19 0071  DF2RQ          599  599  67                     2   7031.1
 40CW  07-Jul-25 17:20 0072  OH3MZ          599  599  41            OH       3   7023.5
 40CW  07-Jul-25 17:21 0073  SM6TOL         599  599  58                     3   7013.4
 40CW  07-Jul-25 17:23 0074  OK2NAJ         599  599  80                     3   7016.6
 40CW  07-Jul-25 17:23 0075  DJ9SN          599  599  70                     2   7016.6
 40CW  07-Jul-25 17:23 0076  OK1TD          599  599  60                     3   7016.6
 40CW  07-Jul-25 17:24 0077  DK2LO          599  599  26                     2   7016.6
 40CW  07-Jul-25 17:25 0078  SP9OUV         599  599  63                     3   7016.6
 40CW  07-Jul-25 17:25 0079  SM5CSS         599  599  56                     3   7016.6
 40CW  07-Jul-25 17:25 0080  DF7TV          599  599  42                     2   7016.6
 40CW  07-Jul-25 17:26 0081  E77EA          599  599  99            E7       3   7016.6
 40CW  07-Jul-25 17:26 0082  DF7IH          599  599  30                     2   7016.6
 40CW  07-Jul-25 17:27 0083  SD1A           599  599  55                     3   7016.6
 40CW  07-Jul-25 17:29 0084  SC6O           599  599  55                     3   7017.9
