 80CW  10-Sep-25 19:10 0001  G4A            599  599  24            G        3   3523.5
 80CW  10-Sep-25 19:11 0002  G3WRJ          599  599  17                     3   3524.1
 80CW  10-Sep-25 19:13 0003  G8A            599  599  20                     3   3525.0
 80CW  10-Sep-25 19:13 0004  M7W            599  599  30                     3   3525.4
 80CW  10-Sep-25 19:14 0005  GM4OSS         599  599  17            GM       3   3526.3
 80CW  10-Sep-25 19:17 0006  G5Q            599  599  21                     3   3528.5
 80CW  10-Sep-25 19:19 0007  GI5I           599  599  18            GI       3   3529.2
 80CW  10-Sep-25 19:19 0008  G3DR           599  599  39                     3   3529.7
 80CW  10-Sep-25 19:20 0009  G3ZGC          599  599  29                     3   3530.5
 80CW  10-Sep-25 19:21 0010  G5T            599  599  25                     3   3530.9
 80CW  10-Sep-25 19:24 0011  M5B            599  599  48                     3   3532.0
 80CW  10-Sep-25 19:24 0012  G5C            599  599  38                     3   3532.4
 80CW  10-Sep-25 19:25 0013  G3RXP          599  599  47                     3   3534.7
 80CW  10-Sep-25 19:26 0014  G4SND          599  599  35                     3   3535.0
 80CW  10-Sep-25 19:27 0015  G4DBW          599  599  45                     3   3535.3
 80CW  10-Sep-25 19:28 0016  G4AFF          599  599  60                     3   3536.8
 80CW  10-Sep-25 19:29 0017  G0HSA          599  599  25                     3   3536.0
 80CW  10-Sep-25 19:29 0018  M2A            599  599  55                     3   3538.0
 80CW  10-Sep-25 19:30 0019  G3PDH          599  599  60                     3   3538.8
 80CW  10-Sep-25 19:30 0020  G4CZB          599  599  47                     3   3539.5
 80CW  10-Sep-25 19:31 0021  G4ZFE          599  599  45                     3   3540.8
 80CW  10-Sep-25 19:31 0022  G4BVY          599  599  58                     3   3541.4
 80CW  10-Sep-25 19:32 0023  G3TJE          599  599  37                     3   3542.1
 80CW  10-Sep-25 19:35 0024  G6A            599  599  60                     3   3544.5
 80CW  10-Sep-25 19:35 0025  G2F            599  599  53                     3   3544.9
 80CW  10-Sep-25 19:36 0026  G4EUW          599  599  47                     3   3545.7
 80CW  10-Sep-25 19:37 0027  G3PYE          599  599  52                     3   3546.3
 80CW  10-Sep-25 19:37 0028  G4RGK          599  599  59                     3   3547.7
 80CW  10-Sep-25 19:38 0029  G4HIV          599  599  39                     3   3547.0
 80CW  10-Sep-25 19:39 0030  G3SWH          599  599  75                     3   3511.0
 80CW  10-Sep-25 19:40 0031  G4LPP          599  599  76                     3   3513.3
 80CW  10-Sep-25 19:40 0032  MM1E           599  599  38                     3   3514.0
 80CW  10-Sep-25 19:42 0033  G4ENZ          599  599  79                     3   3515.4
 80CW  10-Sep-25 19:42 0034  M0RYB          599  599  62                     3   3514.7
 80CW  10-Sep-25 19:43 0035  GW7W           599  599  43            GW       3   3515.9
 80CW  10-Sep-25 19:44 0036  G6M            599  599  79                     3   3519.8
 80CW  10-Sep-25 19:45 0037  GM6XX          599  599  89                     3   3520.2
 80CW  10-Sep-25 19:45 0038  G3PHO          599  599  77                     3   3521.1
 80CW  10-Sep-25 19:46 0039  GM3YTS         599  599  49                     3   3523.0
 80CW  10-Sep-25 19:46 0040  G4BVH          599  599  67                     3   3524.0
 80CW  10-Sep-25 19:47 0041  G3RVM          599  599  94                     3   3524.4
 80CW  10-Sep-25 19:49 0042  MM2T           599  599  2                      3   3524.7
 80CW  10-Sep-25 19:50 0043  G4PFZ          599  599  69                     3   3526.4
 80CW  10-Sep-25 19:51 0044  2E0YEM         599  599  59                     3   3527.7
 80CW  10-Sep-25 19:52 0045  G4ARI          599  599  93                     3   3533.0
 80CW  10-Sep-25 19:53 0046  GM3YEH         599  599  75                     3   3533.4
 80CW  10-Sep-25 19:54 0047  G5V            599  599  42                     3   3534.0
 80CW  10-Sep-25 19:55 0048  M4N            599  599  92                     3   3535.7
 80CW  10-Sep-25 19:56 0049  G3SWC          599  599  75                     3   3536.5
 80CW  10-Sep-25 19:57 0050  G3V            599  599  85                     3   3537.0
 80CW  10-Sep-25 19:58 0051  G3MXH          599  599  94                     3   3538.7
 80CW  10-Sep-25 20:01 0052  G3YHV          599  599  86                     3   3543.9
 80CW  10-Sep-25 20:02 0053  G3OGP          599  599  62                     3   3545.7
 80CW  10-Sep-25 20:02 0054  G3RTE          599  599  102                    3   3548.6
 80CW  10-Sep-25 20:03 0055  G4BYE          599  599  62                     3   3553.3
 80CW  10-Sep-25 20:04 0056  G0JOS          599  599  37                     3   3555.2
 80CW  10-Sep-25 20:06 0057  G3TKF          599  599  103                    3   3554.7
 80CW  10-Sep-25 20:07 0058  G3RIR          599  599  80                     3   3517.7
 80CW  10-Sep-25 20:08 0059  G7D            599  599  97                     3   3518.0
 80CW  10-Sep-25 20:08 0060  G4WUG          599  599  74                     3   3518.3
 80CW  10-Sep-25 20:10 0061  G4MEM          599  599  56                     3   3523.2
 80CW  10-Sep-25 20:10 0062  G4N            599  599  90                     3   3523.6
 80CW  10-Sep-25 20:14 0063  G3OTK          599  599  44                     3   3542.6
 80CW  10-Sep-25 20:15 0064  G3KLH          599  599  99                     3   3543.5
 80CW  10-Sep-25 20:18 0065  G3G            599  599  110                    3   3548.1
 80CW  10-Sep-25 20:19 0066  G4GVC          599  599  67                     3   3543.0
 80CW  10-Sep-25 20:20 0067  G4C            599  599  33                     3   3540.4
 80CW  10-Sep-25 20:22 0068  G4DKH          599  599  69                     3   3521.6
 80CW  10-Sep-25 20:23 0069  G3YLA          599  599  104                    3   3531.5
 80CW  10-Sep-25 20:25 0070  G4DJX          599  599  115                    3   3532.0
 80CW  10-Sep-25 20:26 0071  G4RCG          599  599  129                    3   3519.6
 80CW  10-Sep-25 20:27 0072  G4IVV          599  599  120                    3   3536.1
 80CW  10-Sep-25 20:28 0073  G7X            599  599  99                     3   3551.8
 80CW  10-Sep-25 20:29 0074  G3TDH          599  599  81                     3   3549.3
