 20CW  22-Jun-25 20:37 0001  BI4KWQ         599  599  64            BY       5  14019.1
 20CW  22-Jun-25 20:38 0002  JS1OYN         599  599  78            JA       5  14024.5
 20CW  22-Jun-25 20:40 0003  JN2AMD         599  599  67                     5  14026.9
 20CW  22-Jun-25 20:41 0004  JA6WFM         599  599  68                     5  14033.5
 20CW  22-Jun-25 20:42 0005  JA1BJI         599  599  61                     5  14037.3
 20CW  22-Jun-25 20:42 0006  RC9YK          599  599  49            UA9      5  14038.0
 20CW  22-Jun-25 20:43 0007  JJ2YRE         599  599  66                     5  14040.9
 20CW  22-Jun-25 20:43 0008  JR4DAH         599  599  51                     5  14043.0
 20CW  22-Jun-25 20:44 0009  JH3AIU         599  599  68                     5  14003.3
 20CW  22-Jun-25 20:45 0010  JE6RPM         599  599  59                     5  14004.1
 20CW  22-Jun-25 20:48 0011  JE1LFX         599  599  65                     5  14006.5
 20CW  22-Jun-25 20:50 0012  P3X            599  599  51            5B       5  14009.8
 20CW  22-Jun-25 20:51 0013  JA1ZGP         599  599  20                     5  14013.0
 20CW  22-Jun-25 20:53 0014  JA6BZI         599  599  80                     5  14015.0
 20CW  22-Jun-25 20:55 0015  JF2RVJ         599  599  70                     5  14019.5
 20CW  22-Jun-25 20:59 0016  DS1TUW         599  599  28            HL       5  14002.6
 20CW  22-Jun-25 21:02 0017  JA0FVU         599  599  69                     5  14007.1
 20CW  22-Jun-25 21:02 0018  BG0DLA         599  599  38                     5  14007.5
 20CW  22-Jun-25 21:29 0019  JA7ACM         599  599  84                     5  14021.7
 20CW  22-Jun-25 21:31 0020  JO7KMB         599  599  65                     5  14023.1
 20CW  22-Jun-25 21:31 0021  HL2BQG         599  599  64                     5  14024.0
 20CW  22-Jun-25 21:33 0022  RT0F           599  599  01                     5  14025.2
 40CW  22-Jun-25 21:35 0023  4Z5PN          599  599  56            4X       5   7014.0
 40CW  22-Jun-25 21:36 0024  RM9I           599  599  54            UA9      5   7021.0
 40CW  22-Jun-25 21:36 0025  BG0DLA         599  599  38            BY       5   7022.0
