 40CW  01-Dec-25 16:30 0001  SN5N           599  599  002           N        1   7030.3
 40CW  01-Dec-25 16:31 0002  YL2TD          599  599  004           D        1   7028.5
 40CW  01-Dec-25 16:32 0003  SP2QG          599  599  003           G        1   7028.2
 40CW  01-Dec-25 16:32 0004  OK5NZ          599  599  002           Z        1   7026.5
 40CW  01-Dec-25 16:33 0005  LY6A           599  599  009           A        1   7025.3
 40CW  01-Dec-25 16:34 0006  DA0BCC         599  599  011           C        1   7023.5
 40CW  01-Dec-25 16:35 0007  SN1T           599  599  013           T        1   7021.5
 40CW  01-Dec-25 16:37 0008  SP3JDZ         599  599  006                    1   7028.5
 40CW  01-Dec-25 16:37 0009  SP9OUV         599  599  005           V        1   7028.5
 40CW  01-Dec-25 16:39 0010  ON4EM          599  599  018           M        1   7029.1
 40CW  01-Dec-25 16:39 0011  OK5SA          599  599  004                    1   7029.1
 40CW  01-Dec-25 16:40 0012  M4N            599  599  016                    1   7029.1
 40CW  01-Dec-25 16:40 0013  HA5BA          599  599  013                    1   7029.1
 40CW  01-Dec-25 16:41 0014  OM5CM          599  599  011                    1   7029.1
 40CW  01-Dec-25 16:42 0015  HA6NL          599  599  018           L        1   7029.1
 40CW  01-Dec-25 16:42 0016  DK1KC          599  599  019                    1   7029.1
 40CW  01-Dec-25 16:42 0017  OM3TVI         599  599  010           I        1   7029.1
 40CW  01-Dec-25 16:45 0018  SP5Y           599  599  022           Y        1   7026.7
 40CW  01-Dec-25 16:46 0019  S51J           599  599  023           J        1   7027.6
 40CW  01-Dec-25 16:47 0020  DJ3WE          599  599  021           E        1   7026.1
 40CW  01-Dec-25 16:48 0021  OZ/SM5S        599  599  027           S        1   7025.0
 40CW  01-Dec-25 16:48 0022  E77EA          599  599  038                    1   7024.3
 40CW  01-Dec-25 16:50 0023  OM2ADM         599  599  039                    1   7018.0
 40CW  01-Dec-25 16:51 0024  IK5MEL         599  599  036                    1   7017.0
 40CW  01-Dec-25 16:51 0025  S52AW          599  599  053           W        1   7016.8
 40CW  01-Dec-25 16:52 0026  SM5ACQ         599  599  043           Q        1   7015.5
 40CW  01-Dec-25 16:55 0027  OL800CO        599  599  019           O        1   7013.5
 40CW  01-Dec-25 16:55 0028  SP2XX          599  599  036           X        1   7013.5
 40CW  01-Dec-25 16:55 0029  OK1TD          599  599  026                    1   7013.5
 40CW  01-Dec-25 16:56 0030  SP8BXL         599  599  021                    1   7013.5
 40CW  01-Dec-25 16:56 0031  OK1KKI         599  599  023                    1   7013.5
 40CW  01-Dec-25 16:57 0032  RX3Q           599  599  043                    1   7013.5
 40CW  01-Dec-25 16:58 0033  OK2B           599  599  013           B        1   7013.5
 40CW  01-Dec-25 16:58 0034  LY4K           599  599  028           K        1   7013.5
 40CW  01-Dec-25 16:59 0035  R2ZU           599  599  032           U        1   7013.5
 40CW  01-Dec-25 17:00 0036  SO5O           599  599  027                    1   7013.5
 40CW  01-Dec-25 17:00 0037  OK2PYA         599  599  029                    1   7013.5
 40CW  01-Dec-25 17:01 0038  SF6J           599  599  043                    1   7013.5
 40CW  01-Dec-25 17:01 0039  HA5GF          599  599  035           F        1   7013.5
 40CW  01-Dec-25 17:02 0040  S52AW          599  599  071                    0   7013.5
 40CW  01-Dec-25 17:03 0041  IU4JNR         599  599  060           R        1   7019.1
 80CW  01-Dec-25 17:05 0042  DA1DX          599  599  065           X        1   3534.1
 80CW  01-Dec-25 17:05 0043  SP3CW          599  599  041           W        1   3534.1
 80CW  01-Dec-25 17:05 0044  OK1USP         599  599  034           P        1   3534.1
 80CW  01-Dec-25 17:06 0045  DL4ME          599  599  059           E        1   3534.1
 80CW  01-Dec-25 17:06 0046  DJ9MH          599  599  039           H        1   3534.1
 80CW  01-Dec-25 17:06 0047  OK1NU          599  599  027           U        1   3534.1
 80CW  01-Dec-25 17:07 0048  DL1DWR         599  599  035           R        1   3534.1
 80CW  01-Dec-25 17:07 0049  OK5FF          599  599  038           F        1   3534.1
 80CW  01-Dec-25 17:08 0050  DJ1OJ          599  599  042           J        1   3534.1
 80CW  01-Dec-25 17:08 0051  OK1TRJ         599  599  053                    1   3534.1
 80CW  01-Dec-25 17:09 0052  OK1FMX         599  599  032                    1   3534.1
 80CW  01-Dec-25 17:09 0053  OL4W           599  599  049                    1   3534.1
 80CW  01-Dec-25 17:10 0054  DM7W           599  599  053                    1   3534.1
 80CW  01-Dec-25 17:10 0055  OK1AY          599  599  044           Y        1   3534.1
 80CW  01-Dec-25 17:11 0056  HB9BXE         599  599  071                    1   3534.1
 80CW  01-Dec-25 17:12 0057  DL8QS          599  599  075           S        1   3532.1
 80CW  01-Dec-25 17:14 0058  DL1NKS         599  599  043                    1   3527.7
 80CW  01-Dec-25 17:15 0059  OK2EA          599  599  054           A        1   3532.5
 80CW  01-Dec-25 17:16 0060  DF7YE          599  599  081                    1   3534.1
 80CW  01-Dec-25 17:16 0061  DJ0SP          599  599  068                    1   3534.5
 80CW  01-Dec-25 17:17 0062  HA5MA          599  599  071                    1   3535.4
 80CW  01-Dec-25 17:17 0063  E77EA          599  599  084                    1   3536.0
 80CW  01-Dec-25 17:18 0064  OK1BM          599  599  047           M        1   3537.6
 80CW  01-Dec-25 17:19 0065  DJ3WE          599  599  060                    1   3538.7
 80CW  01-Dec-25 17:20 0066  OL800CO        599  599  054           O        1   3538.9
 80CW  01-Dec-25 17:20 0067  OK1DOR         599  599  065                    1   3539.5
 80CW  01-Dec-25 17:21 0068  OK1IBP         599  599  068                    1   3541.8
 80CW  01-Dec-25 17:21 0069  SP2MKI         599  599  053           I        1   3542.5
 80CW  01-Dec-25 17:22 0070  SN1T           599  599  115           T        1   3541.0
 80CW  01-Dec-25 17:22 0071  OL730PLZ       599  599  042           Z        1   3543.2
 80CW  01-Dec-25 17:23 0072  DK0OD          599  599  040           D        1   3545.4
 80CW  01-Dec-25 17:24 0073  OK2BFN         599  599  075           N        1   3531.2
 80CW  01-Dec-25 17:24 0074  SP4TKR         599  599  51                     1   3530.9
 80CW  01-Dec-25 17:26 0075  OM2ADM         599  599  102                    1   3531.6
 80CW  01-Dec-25 17:27 0076  DA3T           599  599  048                    1   3531.6
 80CW  01-Dec-25 17:27 0077  OK1RZ          599  599  068                    1   3531.6
 80CW  01-Dec-25 17:28 0078  SP4JFR         599  599  058                    1   3531.6
 80CW  01-Dec-25 17:28 0079  DR2C           599  599  076           C        1   3531.6
 80CW  01-Dec-25 17:28 0080  OK1FKD         599  599  053                    1   3531.6
 80CW  01-Dec-25 17:28 0081  OK7NV          599  599  051           V        1   3531.6
 80CW  01-Dec-25 17:29 0082  DK1KC          599  599  075                    1   3531.6
 80CW  01-Dec-25 17:29 0083  SP3MEP         599  599  087                    1   3531.6
 80CW  01-Dec-25 17:29 0084  OK2PYA         599  599  079                    1   3531.6
