 40CW  10-Nov-25 16:30 0001  M1X            599  599  2             G        3   7032.1
 40CW  10-Nov-25 16:30 0002  DF7TS          599  599  1             DL       2   7031.6
 40CW  10-Nov-25 16:31 0003  DL1NKS         599  599  4                      2   7030.5
 40CW  10-Nov-25 16:33 0004  OK1ITK         599  599  5             OK       3   7034.1
 40CW  10-Nov-25 16:34 0005  DL6WT          599  599  6                      2   7034.1
 40CW  10-Nov-25 16:34 0006  OM2KI          599  599  8             OM       3   7034.1
 40CW  10-Nov-25 16:34 0007  DR3W           599  599  11                     2   7034.1
 40CW  10-Nov-25 16:35 0008  DL4ME          599  599  11                     2   7034.1
 40CW  10-Nov-25 16:35 0009  OK2SFP         599  599  6                      3   7034.1
 40CW  10-Nov-25 16:35 0010  DF8TY          599  599  2                      2   7034.1
 40CW  10-Nov-25 16:36 0011  OM5KM          599  599  8                      3   7034.1
 40CW  10-Nov-25 16:37 0012  HA1A           599  599  16            HA       3   7034.1
 40CW  10-Nov-25 16:37 0013  OK1FMX         599  599  12                     3   7034.1
 40CW  10-Nov-25 16:37 0014  HA5BA          599  599  13                     3   7034.1
 40CW  10-Nov-25 16:38 0015  OK1DZD         599  599  3                      3   7034.1
 40CW  10-Nov-25 16:38 0016  HB9CMW         599  599  6             HB       3   7034.1
 40CW  10-Nov-25 16:39 0017  HB9BXE         599  599  20                     3   7034.1
 40CW  10-Nov-25 16:39 0018  DF2RQ          599  599  19                     2   7034.1
 40CW  10-Nov-25 16:40 0019  OK2QA          599  599  20                     3   7034.1
 40CW  10-Nov-25 16:40 0020  DR2C           599  599  28                     2   7034.1
 40CW  10-Nov-25 16:41 0021  OK2NO          599  599  4                      3   7034.1
 40CW  10-Nov-25 16:41 0022  SP8BXL         599  599  19            SP       3   7034.1
 40CW  10-Nov-25 16:41 0023  OK1TN          599  599  23                     3   7034.1
 40CW  10-Nov-25 16:42 0024  SP3VT          599  599  19                     3   7034.1
 40CW  10-Nov-25 16:42 0025  OK2CW          599  599  7                      3   7034.1
 40CW  10-Nov-25 16:42 0026  OM5B           599  599  15                     3   7034.1
 40CW  10-Nov-25 16:43 0027  RX3Q           599  599  16            UA       3   7034.1
 40CW  10-Nov-25 16:43 0028  SO5O           599  599  26                     3   7034.1
 40CW  10-Nov-25 16:44 0029  OK1KKI         599  599  20                     3   7034.1
 40CW  10-Nov-25 16:44 0030  OK1FKD         599  599  17                     3   7034.1
 40CW  10-Nov-25 16:44 0031  M4N            599  599  31                     3   7034.1
 40CW  10-Nov-25 16:44 0032  SO5O           599  599  28                     0   7034.1
 40CW  10-Nov-25 16:45 0033  OK6OK          599  599  20                     3   7034.1
 40CW  10-Nov-25 16:45 0034  DF8KY          599  599  17                     2   7034.1
 40CW  10-Nov-25 16:45 0035  OM5ZW          599  599  40                     3   7034.1
 40CW  10-Nov-25 16:46 0036  OM3TVI         599  599  15                     3   7034.1
 40CW  10-Nov-25 16:46 0037  SP4TKR         599  599  13                     3   7034.1
 40CW  10-Nov-25 16:46 0038  HB9HTF         599  599  30                     3   7034.1
 40CW  10-Nov-25 16:46 0039  OK1TD          599  599  30                     3   7034.1
 40CW  10-Nov-25 16:47 0040  OM4WM          599  599  30                     3   7034.1
 40CW  10-Nov-25 16:48 0041  HA5CQZ         599  599  2                      3   7034.1
 40CW  10-Nov-25 16:48 0042  OK5SA          599  599  22                     3   7034.1
 40CW  10-Nov-25 16:48 0043  ON4EM          599  599  42            ON       3   7034.1
 40CW  10-Nov-25 16:49 0044  OK2PYA         599  599  29                     3   7034.1
 40CW  10-Nov-25 16:49 0045  DL4MFM         599  599  26                     2   7034.1
 40CW  10-Nov-25 16:50 0046  OL4W           599  599  33                     3   7034.1
 40CW  10-Nov-25 16:52 0047  DL8QS          599  599  44                     2   7031.7
 40CW  10-Nov-25 16:52 0048  SP2QG          599  599  57                     3   7029.3
 40CW  10-Nov-25 16:53 0049  EA3X           599  599  43            EA       3   7028.0
 40CW  10-Nov-25 16:54 0050  HA5OV          599  599  49                     3   7026.5
 80CW  10-Nov-25 16:55 0051  OK1AY          599  599  12            OK       3   3537.5
 80CW  10-Nov-25 16:55 0052  OK1RKS         599  599  54                     3   3538.0
 80CW  10-Nov-25 16:56 0053  DL1DWR         599  599  10            DL       2   3538.9
 80CW  10-Nov-25 16:57 0054  OK7NV          599  599  13                     3   3542.0
 80CW  10-Nov-25 16:58 0055  SQ5M           599  599  30            SP       3   3541.0
 80CW  10-Nov-25 16:58 0056  DR3W           599  599  59                     2   3541.0
 80CW  10-Nov-25 16:59 0057  OK1RZ          599  599  16                     3   3541.0
 80CW  10-Nov-25 17:00 0058  OM5KM          599  599  32            OM       3   3541.0
 40CW  10-Nov-25 17:02 0059  DM7W           599  599  65                     2   7036.1
 40CW  10-Nov-25 17:02 0060  RV6HV          599  599  45                     3   7036.1
 40CW  10-Nov-25 17:03 0061  RL3O           599  599  39                     3   7036.1
 40CW  10-Nov-25 17:03 0062  OM4AY          599  599  38                     3   7036.1
 40CW  10-Nov-25 17:03 0063  PC0A           599  599  78            PA       3   7036.1
 40CW  10-Nov-25 17:04 0064  DL1YCF         599  599  38                     2   7036.1
 40CW  10-Nov-25 17:05 0065  OM3CPF         599  599  48                     3   7036.1
 40CW  10-Nov-25 17:05 0066  DJ1OJ          599  599  40                     2   7036.1
 40CW  10-Nov-25 17:05 0067  G4LJU          599  599  20                     3   7036.1
 40CW  10-Nov-25 17:06 0068  R2ZU           599  599  31                     3   7036.1
 80CW  10-Nov-25 17:07 0069  OL800CO        599  599  15                     3   3541.5
 80CW  10-Nov-25 17:08 0070  SM5DXR         599  599  42            SM       3   3542.0
 80CW  10-Nov-25 17:08 0071  HA39EUDXF      599  599  44            HA       3   3543.3
 80CW  10-Nov-25 17:09 0072  OM3CPF         599  599  54                     3   3540.0
 80CW  10-Nov-25 17:10 0073  SP4TKR         599  599  40                     3   3539.3
 80CW  10-Nov-25 17:10 0074  SP3JDZ         599  599  60                     3   3537.8
 80CW  10-Nov-25 17:11 0075  IU4JNR         599  599  56            I        3   3537.4
 80CW  10-Nov-25 17:12 0076  DL1NKS         599  599  72                     2   3535.0
 80CW  10-Nov-25 17:13 0077  OK1KKI         599  599  60                     3   3533.9
 80CW  10-Nov-25 17:13 0078  OM5B           599  599  95                     3   3533.2
 80CW  10-Nov-25 17:14 0079  OK2PYA         599  599  70                     3   3532.0
 80CW  10-Nov-25 17:15 0080  OK2EA          599  599  74                     3   3531.4
 80CW  10-Nov-25 17:16 0081  OM5JA          599  599  53                     3   3530.9
 80CW  10-Nov-25 17:16 0082  OK1DOL         599  599  101                    3   3530.3
 80CW  10-Nov-25 17:17 0083  DL8QS          599  599  93                     2   3530.7
 80CW  10-Nov-25 17:18 0084  SM0OEK         599  599  87                     3   3530.7
 80CW  10-Nov-25 17:18 0085  OK1USP         599  599  56                     3   3530.8
 80CW  10-Nov-25 17:19 0086  DM7W           599  599  99                     2   3530.8
 80CW  10-Nov-25 17:20 0087  DL4ME          599  599  112                    2   3530.8
 80CW  10-Nov-25 17:20 0088  DF7YE          599  599  113                    2   3530.8
 80CW  10-Nov-25 17:20 0089  OM5ZW          599  599  115                    3   3530.8
 80CW  10-Nov-25 17:21 0090  M1X            599  599  92            G        3   3530.8
 80CW  10-Nov-25 17:23 0091  DR6W           599  599  42                     2   3530.7
 80CW  10-Nov-25 17:24 0092  HB9BXE         599  599  95            HB       3   3530.7
 80CW  10-Nov-25 17:24 0093  DJ0SP          599  599  91                     2   3530.7
 80CW  10-Nov-25 17:24 0094  DR2C           599  599  113                    2   3530.7
 80CW  10-Nov-25 17:25 0095  LY6A           599  599  100           LY       3   3530.7
 80CW  10-Nov-25 17:28 0096  DJ1OJ          599  599  62                     2   3530.7
 80CW  10-Nov-25 17:28 0097  OK1FMX         599  599  84                     3   3530.7
 80CW  10-Nov-25 17:29 0098  SP2XX          599  599  107                    3   3530.7
 80CW  10-Nov-25 17:29 0099  OK1BM          599  599  80                     3   3530.7
