160SSB 22-Feb-25 21:34 0001  OZ1AXG         59   59   14            OZ   14  3   1829.0
160SSB 22-Feb-25 21:38 0002  DL1GLO         59   59   14            DL       2   1835.5
160SSB 22-Feb-25 21:39 0003  LY4A           59   59   15            LY   15  3   1850.0
160SSB 22-Feb-25 21:41 0004  HG8DX          59   59   15            HA       3   1852.9
160SSB 22-Feb-25 21:41 0005  DP7D           59   59   14                     2   1856.0
160SSB 22-Feb-25 21:42 0006  OL1R           59   59   15            OK       3   1870.0
160SSB 22-Feb-25 21:43 0007  PC0A           59   59   14            PA       3   1872.1
160SSB 22-Feb-25 21:44 0008  EI7M           59   59   14            EI       3   1875.8
160SSB 22-Feb-25 21:45 0009  DL4ZA          59   59   14                     2   1874.2
160SSB 22-Feb-25 21:46 0010  OM7M           59   59   15            OM       3   1878.4
160SSB 22-Feb-25 21:48 0011  DK6WL          59   59   14                     2   1884.0
160SSB 22-Feb-25 21:52 0012  LX1NO          59   59   14            LX       3   1886.4
160SSB 22-Feb-25 21:53 0013  HB9NFB         59   59   14            HB       3   1890.0
160SSB 22-Feb-25 21:53 0014  SN7D           59   59   15            SP       3   1893.0
160SSB 22-Feb-25 21:55 0015  YR8D           59   59   20            YO   20  3   1897.9
160SSB 22-Feb-25 21:56 0016  DM3W           59   59   14                     2   1900.5
160SSB 22-Feb-25 21:56 0017  SQ9Y           59   59   15                     3   1903.0
160SSB 22-Feb-25 21:57 0018  OM7K           59   59   15                     3   1906.0
160SSB 22-Feb-25 21:57 0019  DP6A           59   59   14                     2   1909.5
160SSB 22-Feb-25 21:58 0020  DJ5MW          59   59   14                     2   1912.0
160SSB 22-Feb-25 21:58 0021  S53O           59   59   15            S5       3   1915.2
160SSB 22-Feb-25 21:59 0022  OV7X           59   59   14                     3   1917.7
160SSB 22-Feb-25 22:04 0023  DK0IW          59   59   14                     2   1943.5
160SSB 22-Feb-25 22:06 0024  DJ7YP          59   59   14                     2   1951.8
160SSB 22-Feb-25 22:07 0025  G0CNN          59   59   14            G        3   1954.0
160SSB 22-Feb-25 22:08 0026  DL8RDL         59   59   14                     2   1959.0
160SSB 22-Feb-25 22:08 0027  OZ1ADL         59   59   14                     3   1962.2
160SSB 22-Feb-25 22:09 0028  UA2FZ          59   59   15            UA2      3   1970.2
160SSB 22-Feb-25 22:10 0029  DA2R           59   59   14                     2   1973.5
160SSB 22-Feb-25 22:10 0030  DK2OY          59   59   14                     2   1978.7
160SSB 22-Feb-25 22:11 0031  DR2T           59   59   14                     2   1985.0
160SSB 22-Feb-25 22:12 0032  S56X           59   59   15                     3   1826.7
160SSB 22-Feb-25 22:13 0033  OY9JD          59   59   14            OY       3   1821.1
160SSB 22-Feb-25 22:14 0034  II9P           59   59   15            IT9      3   1839.8
160SSB 22-Feb-25 22:16 0035  SP8R           59   59   15                     3   1858.0
160SSB 22-Feb-25 22:17 0036  EU4E           59   59   16            EU   16  3   1865.0
160SSB 22-Feb-25 22:19 0037  HB9CXZ         59   59   14                     3   1921.1
160SSB 22-Feb-25 22:22 0038  OK1HBO         59   59   15                     3   1923.5
160SSB 22-Feb-25 22:23 0039  EA2DR          59   59   14            EA       3   1933.0
160SSB 22-Feb-25 22:25 0040  DR6T           59   59   14                     2   1936.0
160SSB 22-Feb-25 22:26 0041  EA3QP          59   59   14                     3   1940.0
160SSB 22-Feb-25 22:30 0042  E7CW           59   59   15            E7       3   1895.4
160SSB 22-Feb-25 22:33 0043  DP6C           59   59   14                     2   1978.0
160SSB 22-Feb-25 22:34 0044  OK1LRD         59   59   15                     3   1881.0
160SSB 22-Feb-25 22:36 0045  SN3C           59   59   15                     3   1872.1
160SSB 22-Feb-25 22:40 0046  CR3Z           59   59   33            CT3  33  5   1837.0
160SSB 22-Feb-25 22:43 0047  DL5NEN         59   59   14                     2   1939.0
160SSB 22-Feb-25 22:44 0048  DJ2YA          59   59   14                     2   1942.4
160SSB 22-Feb-25 23:02 0049  9A3B           59   59   15            9A       3   1845.4
160SSB 22-Feb-25 23:06 0050  R2FC           59   59   15                     3   1829.3
160SSB 22-Feb-25 23:07 0051  HA2KMR         59   59   15                     3   1881.1
160SSB 22-Feb-25 23:08 0052  YU7ADY         59   59   15            YU       3   1954.8
160SSB 22-Feb-25 23:10 0053  S50SL          59   59   15                     3   1968.1
160SSB 22-Feb-25 23:11 0054  OK4R           59   59   15                     3   1982.4
160SSB 22-Feb-25 23:11 0055  LY5W           59   59   15                     3   1923.0
160SSB 22-Feb-25 23:12 0056  HF7A           59   59   15                     3   1911.8
160SSB 22-Feb-25 23:14 0057  YT8A           59   59   15                     3   1824.0
160SSB 22-Feb-25 23:18 0058  SO3O           59   59   15                     3   1855.3
160SSB 22-Feb-25 23:19 0059  DJ0IF          59   59   14                     2   1908.7
160SSB 22-Feb-25 23:20 0060  R2FK           59   59   15                     3   1904.3
160SSB 23-Feb-25 20:46 0061  G4PIQ          59   59   14                     3   1833.7
160SSB 23-Feb-25 20:48 0062  SP7M           59   59   15                     3   1819.7
160SSB 23-Feb-25 20:50 0063  DR1X           59   59   14                     2   1847.5
160SSB 23-Feb-25 21:01 0064  DL2SAX         59   59   14                     2   1852.5
160SSB 23-Feb-25 21:05 0065  RZ3B           59   59   16            UA       3   1874.8
160SSB 23-Feb-25 21:07 0066  DJ5MO          59   59   14                     2   1890.0
160SSB 23-Feb-25 21:09 0067  YU5R           59   59   15                     3   1891.5
160SSB 23-Feb-25 21:13 0068  DF0TX          59   59   14                     2   1913.3
160SSB 23-Feb-25 21:14 0069  OK4U           59   59   15                     3   1921.6
160SSB 23-Feb-25 21:14 0070  DK1IJ          59   59   14                     2   1925.0
160SSB 23-Feb-25 21:18 0071  OK1W           59   59   15                     3   1960.3
160SSB 23-Feb-25 21:18 0072  DL7URH         59   59   14                     2   1968.0
160SSB 23-Feb-25 21:22 0073  IK4DCX         59   59   15            I        3   1840.3
160SSB 23-Feb-25 21:23 0074  DJ8VH          59   59   14                     2   1871.7
160SSB 23-Feb-25 21:24 0075  DL9UP          59   59   14                     2   1883.1
160SSB 23-Feb-25 21:31 0076  HA5UA          59   59   15                     3   1825.8
160SSB 23-Feb-25 21:48 0077  H25A           59   59   20            5B       5   1876.0
160SSB 23-Feb-25 21:49 0078  DL2NBU         59   59   14                     2   1946.5
160SSB 23-Feb-25 21:55 0079  DK2CX          59   59   14                     2   1874.4
160SSB 23-Feb-25 21:58 0080  DK1KC          59   59   14                     2   1829.6
