 40CW  24-Feb-25 16:30 0001  G8N            599  599  1             G        3   7037.2
 40CW  24-Feb-25 16:30 0002  PA3EMN         599  599  1             PA       3   7037.2
 40CW  24-Feb-25 16:31 0003  OK1OA          599  599  3             OK       3   7037.2
 40CW  24-Feb-25 16:34 0004  RX3QNE         599  599  4             UA       3   7037.1
 40CW  24-Feb-25 16:34 0005  OM4DU          599  599  5             OM       3   7037.1
 40CW  24-Feb-25 16:35 0006  G4LJU          599  599  6                      3   7037.1
 40CW  24-Feb-25 16:35 0007  SP2HHX         599  599  1             SP       3   7037.1
 40CW  24-Feb-25 16:35 0008  OK1FKD         599  599  7                      3   7037.1
 40CW  24-Feb-25 16:36 0009  SN1T           599  599  13                     3   7037.1
 40CW  24-Feb-25 16:36 0010  HB9BXE         599  599  11            HB       3   7037.1
 40CW  24-Feb-25 16:36 0011  OK5SA          599  599  8                      3   7037.1
 40CW  24-Feb-25 16:37 0012  DJ9MH          599  599  12            DL       2   7037.1
 40CW  24-Feb-25 16:38 0013  OQ5M           599  599  17            ON       3   7037.1
 40CW  24-Feb-25 16:38 0014  DR7T           599  599  17                     2   7037.1
 40CW  24-Feb-25 16:38 0015  OK1WSL         599  599  13                     3   7037.1
 40CW  24-Feb-25 16:39 0016  HB9CMW         599  599  5                      3   7037.1
 40CW  24-Feb-25 16:40 0017  DR3W           599  599  24                     2   7037.1
 40CW  24-Feb-25 16:41 0018  DL1NKS         599  599  19                     2   7036.2
 40CW  24-Feb-25 16:42 0019  OK2BFN         599  599  23                     3   7034.2
 40CW  24-Feb-25 16:42 0020  I3VWK          599  599  11            I        3   7033.7
 40CW  24-Feb-25 16:43 0021  DD5M           599  599  31                     2   7033.2
 40CW  24-Feb-25 16:44 0022  PA3AAV         599  599  35                     3   7032.3
 40CW  24-Feb-25 16:45 0023  OK1FHI         599  599  35                     3   7032.0
 40CW  24-Feb-25 16:45 0024  SM5IMO         599  599  33            SM       3   7031.4
 40CW  24-Feb-25 16:46 0025  DL4ME          599  599  27                     2   7031.0
 40CW  24-Feb-25 16:47 0026  HA6NL          599  599  39            HA       3   7029.9
 40CW  24-Feb-25 16:47 0027  SM5CSS         599  599  28                     3   7030.4
 40CW  24-Feb-25 16:48 0028  SE5E           599  599  49                     3   7029.5
 40CW  24-Feb-25 16:50 0029  SN7J           599  599  32                     3   7022.2
 40CW  24-Feb-25 16:50 0030  DR2C           599  599  44                     2   7022.2
 40CW  24-Feb-25 16:51 0031  DA0BCC         599  599  37                     2   7022.2
 40CW  24-Feb-25 16:51 0032  OM7M           599  599  50                     3   7022.2
 40CW  24-Feb-25 16:51 0033  OM5CM          599  599  30                     3   7022.2
 40CW  24-Feb-25 16:52 0034  YL2TD          599  599  45            YL       3   7022.2
 40CW  24-Feb-25 16:52 0035  OK1AMX         599  599  37                     3   7022.2
 40CW  24-Feb-25 16:52 0036  DL2PR          599  599  11                     2   7022.2
 40CW  24-Feb-25 16:53 0037  HA5MA          599  599  48                     3   7022.2
 40CW  24-Feb-25 16:53 0038  DK3AX          599  599  37                     2   7022.2
 40CW  24-Feb-25 16:54 0039  IN3FHE         599  599  21                     3   7022.2
 40CW  24-Feb-25 16:54 0040  DH4GB          599  599  19                     2   7022.2
 40CW  24-Feb-25 16:54 0041  DF1DT          599  599  41                     2   7022.2
 40CW  24-Feb-25 16:55 0042  IK3QAR         599  599  45                     3   7022.2
 40CW  24-Feb-25 16:55 0043  DF5FT          599  599  11                     2   7022.2
 40CW  24-Feb-25 16:55 0044  OH1KH          599  599  18            OH       3   7022.2
 40CW  24-Feb-25 16:56 0045  ON4EM          599  599  52                     3   7022.2
 40CW  24-Feb-25 16:57 0046  SP2KAC         599  599  35                     3   7022.2
 40CW  24-Feb-25 16:57 0047  SP2XX          599  599  55                     3   7022.2
 40CW  24-Feb-25 16:57 0048  OK2NO          599  599  54                     3   7022.2
 40CW  24-Feb-25 16:58 0049  DJ3WE          599  599  60                     2   7022.2
 40CW  24-Feb-25 16:58 0050  HA2OS          599  599  31                     3   7022.2
 40CW  24-Feb-25 16:59 0051  RV6HV          599  599  36                     3   7022.2
 40CW  24-Feb-25 16:59 0052  DK2DR          599  599  28                     2   7022.2
 40CW  24-Feb-25 17:00 0053  DF1LON         599  599  41                     2   7022.2
 40CW  24-Feb-25 17:00 0054  OK1TD          599  599  48                     3   7022.2
 40CW  24-Feb-25 17:00 0055  OK1JAX         599  599  50                     3   7022.2
 40CW  24-Feb-25 17:01 0056  DF8KY          599  599  30                     2   7022.2
 40CW  24-Feb-25 17:01 0057  M4N            599  599  27                     3   7022.2
 40CW  24-Feb-25 17:02 0058  OM4AY          599  599  34                     3   7022.2
 40CW  24-Feb-25 17:02 0059  DH0GDS         599  599  19                     2   7022.2
 40CW  24-Feb-25 17:03 0060  OM3ZU          599  599  25                     3   7022.2
 40CW  24-Feb-25 17:04 0061  DJ5AS          599  599  47                     2   7022.2
 40CW  24-Feb-25 17:04 0062  HG5E           599  599  78                     3   7022.2
 40CW  24-Feb-25 17:04 0063  OK1RZ          599  599  64                     3   7022.2
 80CW  24-Feb-25 17:06 0064  OK2GU          599  599  17            OK       3   3531.8
 80CW  24-Feb-25 17:06 0065  SP8BXL         599  599  27            SP       3   3531.8
 80CW  24-Feb-25 17:07 0066  SP3CW          599  599  39                     3   3531.8
 80CW  24-Feb-25 17:07 0067  OK1USP         599  599  34                     3   3531.8
 80CW  24-Feb-25 17:07 0068  OK1NU          599  599  31                     3   3531.8
 80CW  24-Feb-25 17:07 0069  OK1NG          599  599  30                     3   3531.8
 80CW  24-Feb-25 17:08 0070  OK2BFN         599  599  63                     3   3531.8
 80CW  24-Feb-25 17:08 0071  F6GHG          599  599  4             F        3   3531.8
 80CW  24-Feb-25 17:09 0072  G8N            599  599  33            G        3   3531.8
 80CW  24-Feb-25 17:10 0073  DF1DT          599  599  63            DL       2   3531.8
 80CW  24-Feb-25 17:10 0074  OK1TD          599  599  60                     3   3531.8
 80CW  24-Feb-25 17:10 0075  SM6M           599  599  78            SM       3   3531.8
 80CW  24-Feb-25 17:10 0076  DR7T           599  599  63                     2   3531.8
 80CW  24-Feb-25 17:11 0077  SP3VT          599  599  43                     3   3531.8
 80CW  24-Feb-25 17:12 0078  DL8QS          599  599  79                     2   3531.8
 80CW  24-Feb-25 17:12 0079  OK1AY          599  599  48                     3   3531.8
 80CW  24-Feb-25 17:13 0080  OM4AY          599  599  44            OM       3   3531.8
 80CW  24-Feb-25 17:13 0081  DF7YE          599  599  87                     2   3531.8
 80CW  24-Feb-25 17:14 0082  DL8QS          599  599  81                     0   3531.8
 80CW  24-Feb-25 17:14 0083  SD6M           599  599  64                     3   3531.8
 80CW  24-Feb-25 17:15 0084  OM5KM          599  599  52                     3   3531.8
 80CW  24-Feb-25 17:15 0085  DR6W           599  599  35                     2   3531.8
 80CW  24-Feb-25 17:15 0086  DR2C           599  599  93                     2   3531.8
 80CW  24-Feb-25 17:16 0087  DJ3WE          599  599  90                     2   3531.8
 80CW  24-Feb-25 17:16 0088  SE5E           599  599  105                    3   3531.8
 80CW  24-Feb-25 17:17 0089  DR3W           599  599  82                     2   3531.8
 80CW  24-Feb-25 17:17 0090  SN1T           599  599  117                    3   3531.8
 80CW  24-Feb-25 17:17 0091  SE5T           599  599  73                     3   3531.8
 80CW  24-Feb-25 17:18 0092  DJ9MH          599  599  85                     2   3531.8
 80CW  24-Feb-25 17:18 0093  OK2PYA         599  599  95                     3   3531.8
 80CW  24-Feb-25 17:20 0094  OM5AA          599  599  31                     3   3532.8
 80CW  24-Feb-25 17:20 0095  OK4RQ          599  599  77                     3   3533.6
 80CW  24-Feb-25 17:21 0096  E77EA          599  599  108           E7       3   3535.2
 80CW  24-Feb-25 17:21 0097  OM5JA          599  599  71                     3   3536.2
 80CW  24-Feb-25 17:22 0098  DL1NKS         599  599  80                     2   3536.7
 80CW  24-Feb-25 17:22 0099  DL5YM          599  599  50                     2   3537.1
 80CW  24-Feb-25 17:23 0100  S52NY          599  599  95            S5       3   3538.3
 80CW  24-Feb-25 17:24 0101  DJ0SP          599  599  102                    2   3538.7
 80CW  24-Feb-25 17:25 0102  HA7MF          599  599  77            HA       3   3539.2
 80CW  24-Feb-25 17:25 0103  OM3ZU          599  599  64                     3   3540.7
 80CW  24-Feb-25 17:26 0104  S55OO          599  599  116                    3   3540.0
 80CW  24-Feb-25 17:27 0105  DL3YM          599  599  14                     2   3541.2
 80CW  24-Feb-25 17:27 0106  OK1DOR         599  599  90                     3   3541.5
 80CW  24-Feb-25 17:29 0107  OM8DD          599  599  49                     3   3544.0
