 40CW  26-May-25 16:30 0001  DJ8VH          599  599  1             DL       2   7028.4
 40CW  26-May-25 16:31 0002  OL4W           599  599  5             OK       3   7029.2
 40CW  26-May-25 16:32 0003  SP3EFD         599  599  3             SP       3   7029.2
 40CW  26-May-25 16:32 0004  SP2QG          599  599  7                      3   7028.7
 40CW  26-May-25 16:33 0005  OK1RKS         599  599  3                      3   7027.7
 40CW  26-May-25 16:33 0006  OM5CM          599  599  6             OM       3   7027.5
 40CW  26-May-25 16:34 0007  HA5OV          599  599  7             HA       3   7027.2
 40CW  26-May-25 16:34 0008  DJ9KH          599  599  8                      2   7027.0
 40CW  26-May-25 16:35 0009  S52W           599  599  9             S5       3   7026.7
 40CW  26-May-25 16:35 0010  OK1JAX         599  599  11                     3   7026.0
 40CW  26-May-25 16:36 0011  SD6F           599  599  12            SM       3   7025.2
 40CW  26-May-25 16:37 0012  DL5YM          599  599  18                     2   7025.5
 40CW  26-May-25 16:37 0013  DJ3WE          599  599  15                     2   7024.9
 40CW  26-May-25 16:38 0014  OK2BFN         599  599  21                     3   7024.4
 40CW  26-May-25 16:38 0015  ON4EM          599  599  19            ON       3   7023.0
 40CW  26-May-25 16:39 0016  SP8FHK         599  599  20                     3   7022.6
 40CW  26-May-25 16:39 0017  SC6O           599  599  14                     3   7022.0
 40CW  26-May-25 16:40 0018  IK5MEL         599  599  16            I        3   7021.7
 40CW  26-May-25 16:41 0019  PA3AAV         599  599  26            PA       3   7020.2
 40CW  26-May-25 16:41 0020  OM3FW          599  599  19                     3   7020.8
 40CW  26-May-25 16:42 0021  DL8QS          599  599  25                     2   7021.3
 40CW  26-May-25 16:42 0022  DF8V           599  599  21                     2   7019.7
 40CW  26-May-25 16:43 0023  SM5IMO         599  599  23                     3   7019.4
 40CW  26-May-25 16:43 0024  OK1DSZ         599  599  28                     3   7018.5
 40CW  26-May-25 16:43 0025  S52AW          599  599  19                     3   7018.2
 40CW  26-May-25 16:44 0026  OK1TN          599  599  38                     3   7017.8
 40CW  26-May-25 16:45 0027  DH0GHU         599  599  27                     2   7017.1
 40CW  26-May-25 16:45 0028  DF7YE          599  599  41                     2   7016.5
 40CW  26-May-25 16:46 0029  OK2PYA         599  599  30                     3   7016.0
 40CW  26-May-25 16:46 0030  SM5ACQ         599  599  23                     3   7015.7
 40CW  26-May-25 16:46 0031  DM3DL          599  599  27                     2   7014.6
 40CW  26-May-25 16:47 0032  YL3JD          599  599  31            YL       3   7013.5
 40CW  26-May-25 16:48 0033  SD1A           599  599  24                     3   7013.0
 40CW  26-May-25 16:49 0034  SF6J           599  599  23                     3   7012.4
 40CW  26-May-25 16:49 0035  DR2C           599  599  45                     2   7011.5
 40CW  26-May-25 16:51 0036  DA2K           599  599  36                     2   7010.6
 40CW  26-May-25 16:52 0037  DL7YS          599  599  28                     2   7029.3
 40CW  26-May-25 16:52 0038  SN1T           599  599  56                     3   7029.3
 40CW  26-May-25 16:53 0039  HB9BXE         599  599  45            HB       3   7029.3
 40CW  26-May-25 16:53 0040  DR3W           599  599  49                     2   7029.3
 40CW  26-May-25 16:53 0041  HA6NL          599  599  43                     3   7029.3
 40CW  26-May-25 16:53 0042  DM5I           599  599  52                     2   7029.3
 40CW  26-May-25 16:54 0043  SP2XX          599  599  46                     3   7029.3
 40CW  26-May-25 16:54 0044  OK1TU          599  599  29                     3   7029.3
 40CW  26-May-25 16:54 0045  OK1AMX         599  599  29                     3   7029.3
 40CW  26-May-25 16:55 0046  SM9X           599  599  43                     3   7029.3
 40CW  26-May-25 16:56 0047  SN5N           599  599  52                     3   7029.3
 40CW  26-May-25 16:56 0048  SN7J           599  599  43                     3   7029.3
 40CW  26-May-25 16:56 0049  DL7UGN         599  599  35                     2   7029.3
 40CW  26-May-25 16:57 0050  DL6DCX         599  599  33                     2   7029.3
 40CW  26-May-25 16:57 0051  HA1AS          599  599  22                     3   7029.3
 40CW  26-May-25 16:57 0052  M4N            599  599  18            G        3   7029.3
 40CW  26-May-25 16:58 0053  OK1KKI         599  599  40                     3   7029.3
 40CW  26-May-25 16:58 0054  PC4H           599  599  49                     3   7029.3
 40CW  26-May-25 16:58 0055  SP9OUV         599  599  32                     3   7029.3
 40CW  26-May-25 16:59 0056  LZ5DI          599  599  61            LZ       3   7029.3
 40CW  26-May-25 16:59 0057  M7R            599  599  19                     3   7029.3
 40CW  26-May-25 17:00 0058  OM3TVI         599  599  22                     3   7029.3
 40CW  26-May-25 17:00 0059  SM5DXR         599  599  24                     3   7029.3
 40CW  26-May-25 17:01 0060  OK1TRJ         599  599  42                     3   7029.3
 40CW  26-May-25 17:01 0061  DA0BCC         599  599  57                     2   7029.3
 40CW  26-May-25 17:01 0062  DJ9SN          599  599  43                     2   7029.3
 40CW  26-May-25 17:03 0063  OK2NAJ         599  599  55                     3   7028.8
 40CW  26-May-25 17:03 0064  OK5NZ          599  599  55                     3   7030.5
 40CW  26-May-25 17:04 0065  OK1DOR         599  599  63                     3   7031.4
 40CW  26-May-25 17:04 0066  DF1DT          599  599  45                     2   7035.2
 40CW  26-May-25 17:05 0067  OM5JA          599  599  39                     3   7035.6
 40CW  26-May-25 17:06 0068  OK5TFC         599  599  46                     3   7012.0
 80CW  26-May-25 17:07 0069  DL7YS          599  599  57            DL       2   3529.1
 80CW  26-May-25 17:08 0070  OK1KKI         599  599  52            OK       3   3530.6
 80CW  26-May-25 17:08 0071  SP3VT          599  599  19            SP       3   3531.0
 80CW  26-May-25 17:10 0072  DJ3WE          599  599  62                     2   3533.3
 80CW  26-May-25 17:10 0073  SN1T           599  599  99                     3   3534.4
 80CW  26-May-25 17:11 0074  DL8QS          599  599  77                     2   3536.2
 80CW  26-May-25 17:12 0075  OK1AY          599  599  29                     3   3538.0
 80CW  26-May-25 17:13 0076  DJ1OJ          599  599  59                     2   3539.4
 80CW  26-May-25 17:15 0077  OK2PYA         599  599  82                     3   3542.3
 80CW  26-May-25 17:16 0078  DM5EE          599  599  83                     2   3542.3
 80CW  26-May-25 17:16 0079  DM7W           599  599  81                     2   3542.3
 80CW  26-May-25 17:17 0080  DR2C           599  599  98                     2   3542.3
 80CW  26-May-25 17:18 0081  SP3CW          599  599  28                     3   3542.3
 80CW  26-May-25 17:18 0082  DL6DCX         599  599  62                     2   3542.3
 80CW  26-May-25 17:19 0083  OK1DSZ         599  599  94                     3   3542.3
 40CW  26-May-25 17:22 0084  HB9EGA         599  599  6                      3   7017.3
 40CW  26-May-25 17:23 0085  SP8BXL         599  599  62                     3   7017.3
 40CW  26-May-25 17:23 0086  IN3FHE         599  599  64                     3   7017.3
 40CW  26-May-25 17:23 0087  OM4WM          599  599  70                     3   7017.3
 40CW  26-May-25 17:24 0088  OM2KI          599  599  56                     3   7017.3
 40CW  26-May-25 17:24 0089  HA5BA          599  599  60                     3   7017.3
 40CW  26-May-25 17:24 0090  OK2NO          599  599  100                    3   7017.3
 40CW  26-May-25 17:25 0091  HA5MA          599  599  88                     3   7017.3
 40CW  26-May-25 17:25 0092  SD6M           599  599  64                     3   7017.3
 40CW  26-May-25 17:25 0093  S52AW          599  599  99                     0   7017.3
 40CW  26-May-25 17:26 0094  RX3Q           599  599  65            UA       3   7017.3
 40CW  26-May-25 17:26 0095  DK1KC          599  599  89                     2   7017.3
 40CW  26-May-25 17:27 0096  DG0KS          599  599  48                     2   7017.3
 40CW  26-May-25 17:28 0097  PA0IA          599  599  1                      3   7017.3
 40CW  26-May-25 17:29 0098  YU5T           599  599  49            YU       3   7017.3
 40CW  26-May-25 17:29 0099  OK1IBP         599  599  94                     3   7017.3
 40CW  26-May-25 17:29 0100  SP3EFD         599  599  33                     0   7017.3
