 80CW  11-Jan-25 08:01 0001  DJ2IA          599  599  F43           DL       2   3525.1
 80CW  11-Jan-25 08:03 0002  DM3PKK         599  599  B14                    2   3515.7
 80CW  11-Jan-25 08:04 0003  DL1EFW         599  599  R17                    2   3513.0
 80CW  11-Jan-25 08:05 0004  DF0EN          599  599  BY                     2   3522.0
 80CW  11-Jan-25 08:06 0005  DK9VA          599  599  Q11                    2   3525.7
 80CW  11-Jan-25 08:06 0006  DL4FN          599  599  F35                    2   3525.7
 80CW  11-Jan-25 08:07 0007  DL1NKS         599  599  B24                    2   3525.7
 80CW  11-Jan-25 08:08 0008  DK9MAT         599  599  P14                    2   3525.7
 80CW  11-Jan-25 08:09 0009  DJ5QE          599  599  N20                    2   3525.7
 80CW  11-Jan-25 08:09 0010  DL0U           599  599  U15                    2   3525.7
 80CW  11-Jan-25 08:10 0011  DL5ANE         599  599  X07                    2   3525.7
 80CW  11-Jan-25 08:10 0012  DL9EBF         599  599  R17                    2   3525.7
 80CW  11-Jan-25 08:16 0013  DL1ASP         599  599  R13                    2   3516.6
 80CW  11-Jan-25 08:20 0014  DL0FTP         599  599  VFDB75                 2   3532.0
 80CW  11-Jan-25 08:25 0015  DL2AND         599  599  X41                    2   3525.7
 80CW  11-Jan-25 08:27 0016  DL5JS          599  599  R01                    2   3525.7
 80CW  11-Jan-25 08:28 0017  DJ2AX          599  599  X10                    2   3525.7
 80CW  11-Jan-25 08:29 0018  DG0KS          599  599  V02                    2   3525.7
 80CW  11-Jan-25 08:30 0019  DF8KY          599  599  G22                    2   3525.7
 80CW  11-Jan-25 08:32 0020  DL2AXM         599  599  X41                    2   3525.7
 80CW  11-Jan-25 08:32 0021  DK5XG          599  599  E22                    2   3525.7
 80CW  11-Jan-25 08:35 0022  DK9FE          599  599  Z25                    2   3524.9
 80CW  11-Jan-25 08:43 0023  DG1E           599  599  R24                    2   3525.6
 80CW  11-Jan-25 08:45 0024  DL0NG          599  599  Z15                    2   3525.6
 80CW  11-Jan-25 08:46 0025  DO1AYJ         599  599  X22                    2   3525.6
 80CW  11-Jan-25 08:54 0026  DL4KWA         599  599  V01                    2   3525.5
