 40CW  13-Apr-26 16:30 0001  DM5I           599  599  002           I        1   7020.9
 40CW  13-Apr-26 16:30 0002  OK1RKS         599  599  002           S        1   7021.7
 40CW  13-Apr-26 16:31 0003  E77EA          599  599  005           A        1   7022.0
 40CW  13-Apr-26 16:31 0004  OK5WA          599  599  003                    1   7022.4
 40CW  13-Apr-26 16:32 0005  OM5ZW          599  599  006           W        1   7022.7
 40CW  13-Apr-26 16:32 0006  IK5MEL         599  599  005           L        1   7023.0
 40CW  13-Apr-26 16:33 0007  DL2NBY         599  599  009           Y        1   7030.8
 40CW  13-Apr-26 16:33 0008  PA0CT          599  599  007           T        1   7030.8
 40CW  13-Apr-26 16:34 0009  OZ7BQ          599  599  006           Q        1   7030.8
 40CW  13-Apr-26 16:34 0010  HB9BXE         599  599  011           E        1   7030.8
 40CW  13-Apr-26 16:35 0011  DJ5NE          599  599  004                    1   7030.8
 40CW  13-Apr-26 16:35 0012  OK2NO          599  599  008           O        1   7030.8
 40CW  13-Apr-26 16:37 0013  DF4ZL          599  599  012                    1   7030.8
 40CW  13-Apr-26 16:37 0014  OK2VX          599  599  010           X        1   7030.8
 40CW  13-Apr-26 16:37 0015  DL3YM          599  599  016           M        1   7030.8
 40CW  13-Apr-26 16:38 0016  HB9DAX         599  599  055                    1   7030.8
 40CW  13-Apr-26 16:38 0017  HA5MA          599  599  011                    1   7030.8
 40CW  13-Apr-26 16:39 0018  OK5SA          599  599  009                    1   7030.8
 40CW  13-Apr-26 16:39 0019  HA6NL          599  599  024                    1   7030.8
 40CW  13-Apr-26 16:39 0020  SM5CSS         599  599  016                    1   7030.8
 40CW  13-Apr-26 16:39 0021  SP2XX          599  599  020                    1   7030.8
 40CW  13-Apr-26 16:40 0022  G4LJU          599  599  011           U        1   7030.8
 40CW  13-Apr-26 16:41 0023  DJ4WT          599  599  005                    1   7030.8
 40CW  13-Apr-26 16:41 0024  IN3FHE         599  599  010                    1   7030.8
 40CW  13-Apr-26 16:42 0025  DL1SAN         599  599  007           N        1   7030.8
 40CW  13-Apr-26 16:43 0026  OM3ZU          599  599  015                    1   7030.8
 40CW  13-Apr-26 16:43 0027  DM4K           599  599  030           K        1   7030.8
 40CW  13-Apr-26 16:44 0028  DA0BCC         599  599  036           C        1   7030.8
 40CW  13-Apr-26 16:44 0029  DJ1PQ          599  599  006                    1   7030.8
 40CW  13-Apr-26 16:44 0030  OK1ITK         599  599  012                    1   7030.8
 40CW  13-Apr-26 16:45 0031  YL2PJ          599  599  022           J        1   7030.8
 40CW  13-Apr-26 16:45 0032  DD5M           599  599  029                    1   7030.8
 40CW  13-Apr-26 16:45 0033  OK4RQ          599  599  032                    1   7030.8
 40CW  13-Apr-26 16:46 0034  SP3MEP         599  599  030           P        1   7030.8
 40CW  13-Apr-26 16:47 0035  SM9F           599  599  025           F        1   7031.2
 40CW  13-Apr-26 16:48 0036  OK2ZV          599  599  030           V        1   7032.0
 40CW  13-Apr-26 16:48 0037  OK7NV          599  599  025                    1   7033.3
 40CW  13-Apr-26 16:49 0038  DL1NKS         599  599  033                    1   7035.7
 40CW  13-Apr-26 16:49 0039  PA3AAV         599  599  054                    1   7020.5
 40CW  13-Apr-26 16:50 0040  DL4ME          599  599  048                    1   7020.0
 40CW  13-Apr-26 16:51 0041  DF8V           599  599  044                    1   7019.5
 40CW  13-Apr-26 16:51 0042  OK5TFC         599  599  039                    1   7010.8
 40CW  13-Apr-26 16:53 0043  OK1KKI         599  599  037                    1   7026.7
 40CW  13-Apr-26 16:53 0044  OK1DSZ         599  599  064           Z        1   7026.2
 40CW  13-Apr-26 16:53 0045  SN2B           599  599  049           B        1   7025.9
 40CW  13-Apr-26 16:54 0046  SQ9RM          599  599  044                    1   7025.0
 40CW  13-Apr-26 16:54 0047  OL8R           599  599  085           R        1   7014.2
 40CW  13-Apr-26 16:56 0048  DJ9MH          599  599  042           H        1   7011.9
 40CW  13-Apr-26 16:56 0049  HB9HTF         599  599  049                    1   7011.9
 40CW  13-Apr-26 16:56 0050  OM2KI          599  599  065                    1   7011.9
 40CW  13-Apr-26 16:57 0051  I2CZQ          599  599  031                    1   7011.9
 40CW  13-Apr-26 16:57 0052  HA5BA          599  599  034                    1   7011.9
 40CW  13-Apr-26 16:58 0053  OK2NO          599  599  051                    0   7011.9
 40CW  13-Apr-26 16:58 0054  DR2C           599  599  072                    1   7011.9
 40CW  13-Apr-26 16:58 0055  SD1A           599  599  040                    1   7011.9
 40CW  13-Apr-26 16:59 0056  DR2C           599  599  074                    0   7011.9
 40CW  13-Apr-26 16:59 0057  SN1T           599  599  070                    1   7011.9
 40CW  13-Apr-26 17:00 0058  DH0GDS         599  599  024                    1   7011.9
 40CW  13-Apr-26 17:00 0059  S53F           599  599  081                    1   7011.9
 40CW  13-Apr-26 17:01 0060  SO3O           599  599  069                    1   7011.9
 40CW  13-Apr-26 17:01 0061  OK2NAJ         599  599  042                    1   7011.9
 40CW  13-Apr-26 17:02 0062  SP2QG          599  599  078           G        1   7029.9
 40CW  13-Apr-26 17:03 0063  IT9KCD         599  599  008           D        1   7012.0
 80CW  13-Apr-26 17:04 0064  DA0BCC         599  599  070           C        1   3535.6
 80CW  13-Apr-26 17:04 0065  DR3W           599  599  063           W        1   3535.6
 80CW  13-Apr-26 17:05 0066  OK1USP         599  599  026           P        1   3535.6
 80CW  13-Apr-26 17:05 0067  OK2PYA         599  599  027           A        1   3535.6
 80CW  13-Apr-26 17:06 0068  S51J           599  599  025           J        1   3535.6
 80CW  13-Apr-26 17:06 0069  DJ9MH          599  599  054           H        1   3535.6
 80CW  13-Apr-26 17:07 0070  OK1KKI         599  599  070           I        1   3535.6
 80CW  13-Apr-26 17:08 0071  OK5RM          599  599  024           M        1   3535.6
 80CW  13-Apr-26 17:09 0072  DL3YM          599  599  074                    1   3535.6
 80CW  13-Apr-26 17:09 0073  DJ1OJ          599  599  047                    1   3535.6
 80CW  13-Apr-26 17:10 0074  OK1FKD         599  599  051           D        1   3535.6
 80CW  13-Apr-26 17:10 0075  HA5MA          599  599  060                    1   3535.6
 80CW  13-Apr-26 17:11 0076  DJ0SP          599  599  072                    1   3535.6
 80CW  13-Apr-26 17:11 0077  OM2KI          599  599  102                    1   3535.6
 80CW  13-Apr-26 17:12 0078  OK1AY          599  599  042           Y        1   3535.6
 80CW  13-Apr-26 17:12 0079  OK1TD          599  599  059                    1   3535.6
 80CW  13-Apr-26 17:14 0080  SP4TKR         599  599  054           R        1   3535.6
 80CW  13-Apr-26 17:15 0081  SM7GVF         599  599  054           F        1   3534.7
 80CW  13-Apr-26 17:15 0082  DD5M           599  599  094                    1   3534.2
 80CW  13-Apr-26 17:16 0083  DJ9SN          599  599  062           N        1   3532.9
 80CW  13-Apr-26 17:17 0084  OK2EA          599  599  084                    1   3532.5
 80CW  13-Apr-26 17:17 0085  DL1NKS         599  599  074           S        1   3532.0
 80CW  13-Apr-26 17:18 0086  OK2ZV          599  599  092           V        1   3531.5
 80CW  13-Apr-26 17:20 0087  OM5ZW          599  599  112                    1   3526.2
 80CW  13-Apr-26 17:21 0088  SM5DXR         599  599  046                    1   3527.0
 80CW  13-Apr-26 17:21 0089  DC8YZ          599  599  080           Z        1   3527.6
 80CW  13-Apr-26 17:24 0090  DJ3WE          599  599  091           E        1   3535.6
 80CW  13-Apr-26 17:24 0091  SN1T           599  599  133           T        1   3535.6
 80CW  13-Apr-26 17:24 0092  OK1TD          599  599  077                    0   3535.6
 80CW  13-Apr-26 17:24 0093  SO3O           599  599  118           O        1   3535.6
 80CW  13-Apr-26 17:25 0094  DM4K           599  599  111           K        1   3535.6
 80CW  13-Apr-26 17:25 0095  SM5IMO         599  599  091                    1   3535.6
 80CW  13-Apr-26 17:26 0096  OK1FMX         599  599  072           X        1   3535.6
 80CW  13-Apr-26 17:26 0097  OK2BFN         599  599  110                    1   3535.6
 80CW  13-Apr-26 17:27 0098  SN5N           599  599  125                    1   3535.6
 80CW  13-Apr-26 17:27 0099  DK2AT          599  599  054                    1   3535.6
 80CW  13-Apr-26 17:27 0100  DF7YE          599  599  118                    1   3535.6
 80CW  13-Apr-26 17:28 0101  OK1FRD         599  599  016                    1   3535.6
 80CW  13-Apr-26 17:29 0102  DF1DT          599  599  104                    1   3535.6
 80CW  13-Apr-26 17:29 0103  OK8SMS         599  599  069                    1   3535.6
