 40CW  12-Jan-26 16:30 0001  DF7YE          599  599  001           E        1   7013.1
 40CW  12-Jan-26 16:30 0002  DJ0SP          599  599  001           P        1   7013.9
 40CW  12-Jan-26 16:30 0003  SC6O           599  599  001           O        1   7014.5
 40CW  12-Jan-26 16:31 0004  OM2ADM         599  599  005           M        1   7015.0
 40CW  12-Jan-26 16:31 0005  SQ9RM          599  599  001                    1   7015.5
 40CW  12-Jan-26 16:32 0006  SD6M           599  599  007                    1   7016.6
 40CW  12-Jan-26 16:33 0007  OK1RZ          599  599  006           Z        1   7017.7
 40CW  12-Jan-26 16:33 0008  SP9IZV         599  599  001           V        1   7018.0
 40CW  12-Jan-26 16:35 0009  OM4AY          599  599  007           Y        1   7024.2
 40CW  12-Jan-26 16:36 0010  SP7N           599  599  007           N        1   7024.2
 40CW  12-Jan-26 16:36 0011  OK2NAJ         599  599  007           J        1   7024.2
 40CW  12-Jan-26 16:36 0012  OK2NO          599  599  010                    1   7024.2
 40CW  12-Jan-26 16:37 0013  HB9HTF         599  599  015           F        1   7024.2
 40CW  12-Jan-26 16:38 0014  SP2HHX         599  599  010           X        1   7024.2
 40CW  12-Jan-26 16:38 0015  YU5T           599  599  011           T        1   7024.2
 40CW  12-Jan-26 16:39 0016  OK1OA          599  599  010           A        1   7024.2
 40CW  12-Jan-26 16:40 0017  OK1DZD         599  599  001           D        1   7024.2
 40CW  12-Jan-26 16:41 0018  OK2ZV          599  599  014                    1   7024.2
 40CW  12-Jan-26 16:41 0019  DL8QS          599  599  023           S        1   7024.2
 40CW  12-Jan-26 16:42 0020  OL3M           599  599  009                    1   7024.2
 40CW  12-Jan-26 16:42 0021  IT9VDQ         599  599  016           Q        1   7024.2
 40CW  12-Jan-26 16:43 0022  OK2GU          599  599  008           U        1   7024.2
 40CW  12-Jan-26 16:43 0023  OZ7BQ          599  599  010                    1   7024.2
 40CW  12-Jan-26 16:44 0024  OK1KKI         599  599  007           I        1   7024.2
 40CW  12-Jan-26 16:45 0025  DJ9MH          599  599  010           H        1   7024.2
 40CW  12-Jan-26 16:46 0026  HA6NL          599  599  034           L        1   7024.2
 40CW  12-Jan-26 16:46 0027  G4BFG          599  599  023           G        1   7024.2
 40CW  12-Jan-26 16:47 0028  SP8BXL         599  599  021                    1   7024.2
 40CW  12-Jan-26 16:47 0029  S52W           599  599  034           W        1   7024.2
 40CW  12-Jan-26 16:47 0030  OG6B           599  599  027           B        1   7024.2
 40CW  12-Jan-26 16:48 0031  SM0OEK         599  599  037           K        1   7022.5
 40CW  12-Jan-26 16:50 0032  DA1DX          599  599  036                    1   7013.3
 40CW  12-Jan-26 16:51 0033  M4N            599  599  048                    1   7013.3
 40CW  12-Jan-26 16:51 0034  SO5CW          599  599  022                    1   7013.3
 40CW  12-Jan-26 16:52 0035  HA5MA          599  599  032                    1   7013.3
 40CW  12-Jan-26 16:53 0036  OK5SA          599  599  024                    1   7013.3
 40CW  12-Jan-26 16:53 0037  HA1YA          599  599  033                    1   7013.3
 40CW  12-Jan-26 16:54 0038  R3LO           599  599  045                    1   7013.3
 40CW  12-Jan-26 16:54 0039  HA5OV          599  599  040                    1   7013.3
 80CW  12-Jan-26 16:56 0040  SP3MEP         599  599  041           P        1   3531.4
 80CW  12-Jan-26 16:56 0041  OK1JAX         599  599  038           X        1   3531.4
 80CW  12-Jan-26 16:57 0042  DA1DX          599  599  048                    1   3531.4
 80CW  12-Jan-26 16:57 0043  HB9BXE         599  599  036           E        1   3531.4
 80CW  12-Jan-26 16:57 0044  OK1TN          599  599  033           N        1   3531.4
 80CW  12-Jan-26 16:57 0045  OK1AY          599  599  040           Y        1   3531.4
 80CW  12-Jan-26 16:58 0046  DJ1OJ          599  599  023           J        1   3531.4
 80CW  12-Jan-26 16:58 0047  OM5KM          599  599  030           M        1   3531.4
 80CW  12-Jan-26 16:58 0048  OK1NG          599  599  040           G        1   3531.4
 80CW  12-Jan-26 16:59 0049  SO3O           599  599  040           O        1   3531.4
 80CW  12-Jan-26 16:59 0050  OK2PYA         599  599  039           A        1   3531.4
 80CW  12-Jan-26 16:59 0051  OL4W           599  599  046           W        1   3531.4
 80CW  12-Jan-26 17:00 0052  DJ3WE          599  599  038                    1   3531.4
 80CW  12-Jan-26 17:00 0053  OK1DSZ         599  599  037           Z        1   3531.4
 80CW  12-Jan-26 17:01 0054  OK2ZV          599  599  039           V        1   3531.4
 80CW  12-Jan-26 17:01 0055  DK3AX          599  599  024                    1   3531.4
 80CW  12-Jan-26 17:02 0056  S52W           599  599  062                    1   3531.4
 80CW  12-Jan-26 17:03 0057  OK1IBP         599  599  038                    1   3531.4
 80CW  12-Jan-26 17:03 0058  OK1OA          599  599  037                    1   3531.4
 80CW  12-Jan-26 17:04 0059  OK1FMX         599  599  029                    1   3531.4
 80CW  12-Jan-26 17:04 0060  OK1TD          599  599  035           D        1   3531.4
 80CW  12-Jan-26 17:05 0061  OK1BM          599  599  026                    1   3531.4
 80CW  12-Jan-26 17:05 0062  HA5MA          599  599  055                    1   3531.4
 80CW  12-Jan-26 17:06 0063  DA0BCC         599  599  052           C        1   3531.4
 80CW  12-Jan-26 17:08 0064  DR3W           599  599  056                    1   3528.7
 80CW  12-Jan-26 17:09 0065  DJ9MH          599  599  059           H        1   3528.2
 80CW  12-Jan-26 17:10 0066  SE5T           599  599  069           T        1   3531.9
 80CW  12-Jan-26 17:11 0067  OK2NAJ         599  599  060                    1   3532.4
 80CW  12-Jan-26 17:12 0068  SN5N           599  599  066                    1   3533.3
 80CW  12-Jan-26 17:13 0069  E77EA          599  599  088                    1   3534.0
 80CW  12-Jan-26 17:13 0070  DD5M           599  599  077                    1   3534.5
 80CW  12-Jan-26 17:14 0071  OK1MSL         599  599  045           L        1   3535.8
 80CW  12-Jan-26 17:15 0072  SD6M           599  599  076                    1   3536.8
 80CW  12-Jan-26 17:16 0073  PA3DBS         599  599  061           S        1   3538.2
 80CW  12-Jan-26 17:18 0074  SM9F           599  599  057           F        1   3541.2
 80CW  12-Jan-26 17:19 0075  OK4RQ          599  599  055           Q        1   3541.6
 80CW  12-Jan-26 17:20 0076  OL3M           599  599  054                    1   3542.7
 80CW  12-Jan-26 17:21 0077  OK1KKI         599  599  059           I        1   3529.4
 80CW  12-Jan-26 17:22 0078  DL6KVA         599  599  059                    1   3535.6
 80CW  12-Jan-26 17:23 0079  DR2C           599  599  086                    1   3535.6
 80CW  12-Jan-26 17:23 0080  DF7YE          599  599  119                    1   3535.6
 80CW  12-Jan-26 17:24 0081  DJ9MH          599  599  075                    0   3535.6
 80CW  12-Jan-26 17:24 0082  OM5ZW          599  599  115                    1   3535.6
 80CW  12-Jan-26 17:25 0083  OK2BFN         599  599  082                    1   3535.6
 80CW  12-Jan-26 17:25 0084  HA5OV          599  599  084                    1   3535.6
 80CW  12-Jan-26 17:26 0085  SM5IMO         599  599  106                    1   3535.6
 80CW  12-Jan-26 17:26 0086  DJ0SP          599  599  115                    1   3535.6
 80CW  12-Jan-26 17:26 0087  SM0OEK         599  599  101           K        1   3535.6
 80CW  12-Jan-26 17:27 0088  LA6IHA         599  599  028                    1   3535.6
 80CW  12-Jan-26 17:27 0089  DF2RQ          599  599  078                    1   3535.6
 80CW  12-Jan-26 17:28 0090  SN7J           599  599  069                    1   3535.6
 80CW  12-Jan-26 17:28 0091  DL1DWR         599  599  059           R        1   3535.6
