 40CW  23-Mar-26 16:30 0001  DA0BCC         599  599  001           C        1   7027.4
 40CW  23-Mar-26 16:30 0002  OL3M           599  599  002           M        1   7028.6
 40CW  23-Mar-26 16:31 0003  SM5S           599  599  001           S        1   7030.3
 40CW  23-Mar-26 16:31 0004  SP2QG          599  599  005           G        1   7030.6
 40CW  23-Mar-26 16:32 0005  OK1DSZ         599  599  001           Z        1   7031.9
 40CW  23-Mar-26 16:33 0006  DD5M           599  599  008                    1   7032.2
 40CW  23-Mar-26 16:34 0007  OK1KKI         599  599  009           I        1   7029.0
 40CW  23-Mar-26 16:34 0008  M4N            599  599  009           N        1   7029.0
 40CW  23-Mar-26 16:34 0009  DL4ME          599  599  010           E        1   7029.0
 40CW  23-Mar-26 16:35 0010  OK1OFM         599  599  011                    1   7029.0
 40CW  23-Mar-26 16:35 0011  OK5WA          599  599  006           A        1   7029.0
 40CW  23-Mar-26 16:35 0012  DL2NBY         599  599  015           Y        1   7029.0
 40CW  23-Mar-26 16:36 0013  HB9BXE         599  599  016                    1   7029.0
 40CW  23-Mar-26 16:37 0014  OK1IBP         599  599  013           P        1   7029.0
 40CW  23-Mar-26 16:37 0015  OK2PWX         599  599  014           X        1   7029.0
 40CW  23-Mar-26 16:38 0016  SP3EFD         599  599  007           D        1   7029.0
 40CW  23-Mar-26 16:38 0017  OL4W           599  599  013           W        1   7029.0
 40CW  23-Mar-26 16:38 0018  OK2NO          599  599  019           O        1   7029.0
 40CW  23-Mar-26 16:38 0019  OM3TVI         599  599  007                    1   7029.0
 40CW  23-Mar-26 16:39 0020  OK1DZD         599  599  003                    1   7029.0
 40CW  23-Mar-26 16:40 0021  G4LJU          599  599  011           U        1   7029.0
 40CW  23-Mar-26 16:41 0022  OZ7BQ          599  599  015           Q        1   7029.0
 40CW  23-Mar-26 16:41 0023  DM7W           599  599  022                    1   7029.0
 40CW  23-Mar-26 16:42 0024  SM6TOL         599  599  028           L        1   7025.0
 40CW  23-Mar-26 16:43 0025  ON4EM          599  599  027                    1   7023.2
 40CW  23-Mar-26 16:44 0026  SP3VT          599  599  036           T        1   7022.9
 40CW  23-Mar-26 16:44 0027  PA3AAV         599  599  044           V        1   7020.4
 40CW  23-Mar-26 16:45 0028  OM2IB          599  599  041           B        1   7019.6
 40CW  23-Mar-26 16:45 0029  SF6J           599  599  032           J        1   7017.0
 40CW  23-Mar-26 16:46 0030  DL3KWF         599  599  030           F        1   7012.9
 40CW  23-Mar-26 16:47 0031  OL8R           599  599  061           R        1   7011.8
 40CW  23-Mar-26 16:47 0032  SM0OEK         599  599  034           K        1   7015.5
 40CW  23-Mar-26 16:49 0033  OK6OK          599  599  021                    1   7012.4
 40CW  23-Mar-26 16:49 0034  DF4PD          599  599  026                    1   7012.4
 40CW  23-Mar-26 16:49 0035  HA5MA          599  599  038                    1   7012.4
 40CW  23-Mar-26 16:50 0036  OK2IW          599  599  028                    1   7012.4
 40CW  23-Mar-26 16:50 0037  HG1G           599  599  039                    1   7012.4
 40CW  23-Mar-26 16:51 0038  SP9OUV         599  599  025                    1   7012.4
 40CW  23-Mar-26 16:51 0039  OK2YZ          599  599  012                    1   7012.4
 40CW  23-Mar-26 16:51 0040  DH0GDS         599  599  019                    1   7012.4
 40CW  23-Mar-26 16:51 0041  DJ6QQ          599  599  010                    1   7012.4
 40CW  23-Mar-26 16:52 0042  PA0CT          599  599  037                    1   7012.4
 40CW  23-Mar-26 16:52 0043  SP2DKI         599  599  030                    1   7012.4
 40CW  23-Mar-26 16:53 0044  DJ4WT          599  599  017                    1   7012.4
 40CW  23-Mar-26 16:53 0045  OK8SMS         599  599  032                    1   7012.4
 40CW  23-Mar-26 16:54 0046  OK1FHI         599  599  038                    1   7012.4
 40CW  23-Mar-26 16:54 0047  DF7TS          599  599  033                    1   7012.4
 40CW  23-Mar-26 16:55 0048  SM5DXR         599  599  027                    1   7012.4
 40CW  23-Mar-26 16:55 0049  OG6B           599  599  038                    1   7012.4
 40CW  23-Mar-26 16:55 0050  ON4WC          599  599  043                    1   7012.4
 40CW  23-Mar-26 16:56 0051  SP6AKK         599  599  022                    1   7012.4
 40CW  23-Mar-26 16:56 0052  SP2XX          599  599  053                    1   7012.4
 40CW  23-Mar-26 16:57 0053  M7NMP          599  599  004                    1   7012.4
 40CW  23-Mar-26 16:57 0054  OH3MZ          599  599  033                    1   7012.4
 40CW  23-Mar-26 16:57 0055  OK1NU          599  599  051                    1   7012.4
 40CW  23-Mar-26 16:58 0056  PA3EQN         599  599  015                    1   7012.4
 40CW  23-Mar-26 16:59 0057  OK1NG          599  599  031                    1   7012.4
 40CW  23-Mar-26 16:59 0058  OK1TD          599  599  032                    1   7012.4
 40CW  23-Mar-26 16:59 0059  SP8BXL         599  599  042                    1   7012.4
 40CW  23-Mar-26 17:00 0060  SP2HHX         599  599  045                    1   7012.4
 40CW  23-Mar-26 17:00 0061  OK1RZ          599  599  071                    1   7012.4
 40CW  23-Mar-26 17:00 0062  OK1ITK         599  599  020                    1   7012.4
 40CW  23-Mar-26 17:01 0063  RV6HV          599  599  036                    1   7012.4
 40CW  23-Mar-26 17:01 0064  HB9CMW         599  599  026                    1   7012.4
 40CW  23-Mar-26 17:02 0065  SM5CSS         599  599  044                    1   7012.4
 40CW  23-Mar-26 17:02 0066  DK3AX          599  599  040                    1   7012.4
 40CW  23-Mar-26 17:03 0067  OK2ZV          599  599  053                    1   7012.4
 40CW  23-Mar-26 17:03 0068  SP3MEP         599  599  073                    1   7012.4
 80CW  23-Mar-26 17:04 0069  DA0BCC         599  599  082           C        1   3530.0
 80CW  23-Mar-26 17:05 0070  SP3VT          599  599  084           T        1   3529.3
 80CW  23-Mar-26 17:06 0071  OK1TD          599  599  040           D        1   3531.5
 80CW  23-Mar-26 17:06 0072  DJ0SP          599  599  067           P        1   3531.5
 80CW  23-Mar-26 17:06 0073  DF7YE          599  599  095           E        1   3531.5
 80CW  23-Mar-26 17:07 0074  OK1FMX         599  599  056           X        1   3531.5
 80CW  23-Mar-26 17:07 0075  HB9BXE         599  599  074                    1   3531.5
 80CW  23-Mar-26 17:07 0076  OK1USP         599  599  026                    1   3531.5
 80CW  23-Mar-26 17:08 0077  OM2IB          599  599  086           B        1   3531.5
 80CW  23-Mar-26 17:09 0078  DL2ZA          599  599  014           A        1   3531.5
 80CW  23-Mar-26 17:09 0079  DD5M           599  599  077           M        1   3531.5
 80CW  23-Mar-26 17:09 0080  SP4TKR         599  599  024           R        1   3531.5
 80CW  23-Mar-26 17:10 0081  S51J           599  599  023           J        1   3531.5
 80CW  23-Mar-26 17:10 0082  DR2C           599  599  082                    1   3531.5
 80CW  23-Mar-26 17:11 0083  OK1FKD         599  599  058                    1   3531.5
 80CW  23-Mar-26 17:12 0084  OK2ZV          599  599  071           V        1   3535.0
 80CW  23-Mar-26 17:13 0085  SD6F           599  599  067           F        1   3535.7
 80CW  23-Mar-26 17:14 0086  OK2PYA         599  599  040                    1   3536.0
 80CW  23-Mar-26 17:14 0087  OK1DSZ         599  599  093           Z        1   3536.8
 80CW  23-Mar-26 17:15 0088  OK1RKS         599  599  078           S        1   3539.3
 80CW  23-Mar-26 17:15 0089  OK1DOR         599  599  066                    1   3539.9
 80CW  23-Mar-26 17:19 0090  OL4W           599  599  083           W        1   3542.5
 80CW  23-Mar-26 17:20 0091  OL8R           599  599  159                    1   3531.9
 80CW  23-Mar-26 17:21 0092  HA5MA          599  599  092                    1   3531.9
 80CW  23-Mar-26 17:21 0093  SN5N           599  599  112           N        1   3531.9
 80CW  23-Mar-26 17:22 0094  OM3CPF         599  599  075                    1   3531.9
 80CW  23-Mar-26 17:22 0095  DM7W           599  599  092                    1   3531.9
 80CW  23-Mar-26 17:24 0096  HA6NL          599  599  034           L        1   3528.1
 80CW  23-Mar-26 17:26 0097  OK1OA          599  599  098                    1   3532.8
 80CW  23-Mar-26 17:27 0098  OK1FIG         599  599  037           G        1   3535.4
 80CW  23-Mar-26 17:28 0099  DL5YAS         599  599  086                    1   3524.7
 80CW  23-Mar-26 17:29 0100  OK1KKI         599  599  092           I        1   3523.6
 80CW  23-Mar-26 17:29 0101  SP3MEP         599  599  120                    1   3525.2
