160SSB 27-Feb-26 22:27 0001  LY4A           59   59   15            LY   15  1   1845.0
160SSB 27-Feb-26 22:29 0002  HG8DX          59   59   15            HA       1   1849.0
160SSB 27-Feb-26 22:32 0003  OM7M           59   59   15            OM       1   1871.0
160SSB 27-Feb-26 22:33 0004  SP8R           59   59   15            SP       1   1875.4
160SSB 27-Feb-26 22:34 0005  HB9NFB         59   59   14            HB   14  1   1878.1
160SSB 27-Feb-26 22:34 0006  YT3L           59   59   15            YU       1   1880.0
160SSB 27-Feb-26 22:35 0007  DP9A           59   59   14            DL       0   1883.0
160SSB 27-Feb-26 22:39 0008  OL1R           59   59   15            OK       1   1888.0
160SSB 27-Feb-26 22:40 0009  EU4E           59   59   16            EU   16  1   1890.2
160SSB 27-Feb-26 22:40 0010  DM3W           59   59   14                     0   1893.0
160SSB 27-Feb-26 22:41 0011  DA2X           59   59   14                     0   1897.5
160SSB 27-Feb-26 22:42 0012  OL7A           59   59   15                     1   1906.7
160SSB 27-Feb-26 22:43 0013  HB9NE          59   59   14                     1   1912.0
160SSB 27-Feb-26 22:44 0014  DL0WX          59   59   14                     0   1915.0
160SSB 27-Feb-26 22:46 0015  OK4R           59   59   15                     1   1925.0
160SSB 27-Feb-26 22:47 0016  SP3OL          59   59   15                     1   1927.5
160SSB 27-Feb-26 22:49 0017  DL5RMH         59   59   14                     0   1931.0
160SSB 27-Feb-26 22:52 0018  DK1IJ          59   59   14                     0   1936.5
160SSB 27-Feb-26 22:53 0019  DA2R           59   59   14                     0   1945.0
160SSB 27-Feb-26 22:55 0020  LZ5R           59   59   20            LZ   20  1   1953.0
160SSB 27-Feb-26 22:56 0021  S50SL          59   59   15            S5       1   1955.5
160SSB 27-Feb-26 22:58 0022  DL7URH         59   59   14                     0   1933.5
160SSB 27-Feb-26 22:59 0023  YR8D           59   59   20            YO       1   1885.0
160SSB 27-Feb-26 22:59 0024  OM2VL          59   59   15                     1   1872.7
160SSB 27-Feb-26 23:01 0025  DK0TP          59   59   14                     0   1866.5
160SSB 27-Feb-26 23:02 0026  SP4T           59   59   15                     1   1859.0
160SSB 27-Feb-26 23:05 0027  LX1NO          59   59   14            LX       1   1855.0
160SSB 27-Feb-26 23:06 0028  EI7M           59   59   14            EI       1   1852.7
160SSB 27-Feb-26 23:06 0029  DL1MGB         59   59   14                     0   1850.8
160SSB 27-Feb-26 23:08 0030  E7CW           59   59   15            E7       1   1839.4
160SSB 27-Feb-26 23:12 0031  9A3A           59   59   15            9A       1   1923.8
160SSB 27-Feb-26 23:13 0032  DJ4WT          59   59   14                     0   1939.3
160SSB 27-Feb-26 23:15 0033  SP3W           59   59   15                     1   1968.9
160SSB 27-Feb-26 23:16 0034  SO6X           59   59   15                     1   1913.1
160SSB 27-Feb-26 23:20 0035  S56X           59   59   15                     1   1837.8
160SSB 27-Feb-26 23:22 0036  DK1NO          59   59   14                     0   1835.0
160SSB 28-Feb-26 17:50 0037  DP6A           59   59   14                     0   1830.0
160SSB 28-Feb-26 17:52 0038  DA1TT          59   59   14                     0   1833.9
160SSB 28-Feb-26 17:52 0039  HB9CXZ         59   59   14                     1   1838.0
160SSB 28-Feb-26 18:01 0040  DK0IW          59   59   14                     0   1906.0
160SSB 28-Feb-26 18:02 0041  HA5UA          59   59   15                     1   1915.0
160SSB 28-Feb-26 18:06 0042  SN3U           59   59   15                     1   1931.8
160SSB 28-Feb-26 18:07 0043  DL2DBH         59   59   14                     0   1938.9
160SSB 28-Feb-26 18:08 0044  DR2T           59   59   14                     0   1945.5
160SSB 28-Feb-26 18:13 0045  S56B           59   59   15                     1   1835.9
160SSB 28-Feb-26 18:27 0046  SN7D           59   59   15                     1   1855.0
160SSB 28-Feb-26 18:30 0047  M6N            59   59   14            G        1   1834.0
160SSB 28-Feb-26 18:31 0048  GM5G           59   59   14            GM       1   1820.0
160SSB 28-Feb-26 19:48 0049  G6PZ           59   59   14                     1   1837.0
160SSB 28-Feb-26 19:50 0050  F4EZJ          59   59   14            F        1   1850.0
160SSB 28-Feb-26 19:54 0051  HA3DX          59   59   15                     1   1914.4
160SSB 28-Feb-26 19:56 0052  DL1WA          59   59   14                     0   1921.9
160SSB 28-Feb-26 19:58 0053  SP5ZCC         59   59   15                     1   1948.0
160SSB 28-Feb-26 19:59 0054  OZ1ADL         59   59   14            OZ       1   1950.0
160SSB 28-Feb-26 20:01 0055  DL7ON          59   59   14                     0   1825.5
160SSB 28-Feb-26 20:03 0056  E77DX          59   59   15                     1   1829.0
160SSB 28-Feb-26 20:06 0057  DL1SDX         59   59   14                     0   1919.0
160SSB 28-Feb-26 20:08 0058  DD1LD          59   59   14                     0   1933.0
160SSB 28-Feb-26 20:09 0059  M2X            59   59   14                     1   1905.7
160SSB 28-Feb-26 20:17 0060  DL1GLO         59   59   14                     0   1970.0
160SSB 28-Feb-26 23:07 0061  OK1AGE         59   59   15                     1   1856.3
160SSB 01-Mar-26 17:40 0062  DO5DGH         59   59   14                     0   1851.0
160SSB 01-Mar-26 17:40 0063  PA9M           59   59   14            PA       1   1842.0
160SSB 01-Mar-26 17:41 0064  SB6A           59   59   14            SM       1   1840.1
160SSB 01-Mar-26 17:45 0065  LY5W           59   59   15                     1   1829.6
160SSB 01-Mar-26 17:46 0066  DD2ML          59   59   14                     0   1824.0
160SSB 01-Mar-26 19:02 0067  OK1CRM         59   59   15                     1   1830.8
160SSB 01-Mar-26 19:04 0068  PC0A           59   59   14                     1   1868.9
160SSB 01-Mar-26 19:06 0069  DL1BUG         59   59   14                     0   1893.9
160SSB 01-Mar-26 19:07 0070  YT9W           59   59   15                     1   1906.0
160SSB 01-Mar-26 19:08 0071  DL4LAM         59   59   14                     0   1922.0
160SSB 01-Mar-26 19:09 0072  OT8M           59   59   14            ON       1   1927.3
160SSB 01-Mar-26 19:13 0073  DL1MP          59   59   14                     0   1947.3
160SSB 01-Mar-26 19:14 0074  OK1LRD         59   59   15                     1   1950.5
160SSB 01-Mar-26 19:16 0075  DH1UK          59   59   14                     0   1972.2
160SSB 01-Mar-26 19:18 0076  DL5AWE         59   59   14                     0   1983.2
160SSB 01-Mar-26 19:26 0077  DL4PT          59   59   14                     0   1973.0
160SSB 01-Mar-26 19:26 0078  OM7K           59   59   15                     1   1973.0
160SSB 01-Mar-26 19:27 0079  DJ1WF          59   59   14                     0   1973.0
160SSB 01-Mar-26 21:29 0080  DK1KC          59   59   14                     0   1944.0
160SSB 01-Mar-26 21:31 0081  DL6UAA         59   59   14                     0   1930.4
160SSB 01-Mar-26 21:35 0082  9A3B           59   59   15                     1   1880.5
160SSB 01-Mar-26 21:36 0083  DR6W           59   59   14                     0   1879.0
160SSB 01-Mar-26 21:37 0084  DL3DXX         59   59   14                     0   1876.0
160SSB 01-Mar-26 21:41 0085  R1DX           59   59   16            UA       1   1870.7
160SSB 01-Mar-26 21:46 0086  IB8A           59   59   15            IT9      1   1834.5
160SSB 01-Mar-26 21:50 0087  OR7K           59   59   14                     1   1827.0
160SSB 01-Mar-26 21:52 0088  G0CNN          59   59   14                     1   1820.0
160SSB 01-Mar-26 21:53 0089  DA2N           59   59   14                     0   1830.5
