 40CW  04-Apr-26 19:30 0001  SO3O           599  599  K             SP       3   7026.5
 40CW  04-Apr-26 19:34 0002  SP4G           599  599  J                      3   7023.3
 40CW  04-Apr-26 19:40 0003  SP5AUC         599  599  R                      3   7029.0
 40CW  04-Apr-26 19:41 0004  SP3FSM         599  599  W                      3   7030.6
 80CW  04-Apr-26 19:45 0005  SP4G           599  599  J             SP       3   3524.0
 80CW  04-Apr-26 19:47 0006  SN7Q           599  599  C                      3   3523.6
 80CW  04-Apr-26 19:49 0007  HF1K           599  599  Z                      3   3529.0
 80CW  04-Apr-26 19:51 0008  SP7IIT         599  599  S                      3   3529.5
 80CW  04-Apr-26 19:53 0009  SQ2BNV         599  599  P                      3   3532.5
 80CW  04-Apr-26 19:54 0010  SP0I           599  599  G                      3   3536.0
 80CW  04-Apr-26 21:06 0011  SP9GFI         599  599  G                      3   3506.0
 80CW  04-Apr-26 21:07 0012  SP4Z           599  599  O                      3   3510.3
 80CW  04-Apr-26 21:08 0013  SP4HRN         599  599  B                      3   3510.6
 80CW  04-Apr-26 21:08 0014  SP2HMT         599  599  F                      3   3512.0
 80CW  04-Apr-26 21:10 0015  SP5GRM         599  599  R                      3   3513.5
 80CW  04-Apr-26 21:15 0016  SN4D           599  599  O                      3   3512.4
 80CW  04-Apr-26 21:16 0017  SP4W           599  599  J                      3   3512.4
 80CW  04-Apr-26 21:16 0018  SQ9S           599  599  G                      3   3512.4
 80CW  04-Apr-26 21:16 0019  SP1C           599  599  Z                      3   3512.4
 80CW  04-Apr-26 21:17 0020  SP2MKT         599  599  P                      3   3512.4
 80CW  04-Apr-26 21:18 0021  SN1T           599  599  F                      3   3512.4
160CW  04-Apr-26 21:22 0022  SO3O           599  599  W             SP       3   1829.3
; so3o w                                                                               
160CW  04-Apr-26 21:23 0023  SP4W           599  599  J                      3   1829.3
160CW  04-Apr-26 21:24 0024  SN7O           599  599  C                      3   1829.3
160CW  04-Apr-26 21:24 0025  SP1D           599  599  Z                      3   1829.3
160CW  04-Apr-26 21:25 0026  SP5EXA         599  599  R                      3   1828.2
160CW  04-Apr-26 21:26 0027  3Z1K           599  599  Z                      3   1827.2
160CW  04-Apr-26 21:27 0028  SN7Q           599  599  C                      3   1825.7
160CW  04-Apr-26 21:28 0029  SP4Z           599  599  O                      3   1824.4
160CW  04-Apr-26 21:28 0030  SP9WZJ         599  599  G                      3   1824.1
160CW  04-Apr-26 21:30 0031  SP2HMT         599  599  F                      3   1822.6
 80CW  04-Apr-26 21:35 0032  SP5Y           599  599  R                      3   3520.5
