 40CW  09-Mar-26 16:40 0001  DR2C           599  599  024           C        1   7012.1
 40CW  09-Mar-26 16:41 0002  DJ4MX          599  599  024           X        1   7011.6
 40CW  09-Mar-26 16:41 0003  OL8R           599  599  039           R        1   7011.0
 40CW  09-Mar-26 16:42 0004  HG1G           599  599  026           G        1   7013.2
 40CW  09-Mar-26 16:43 0005  DL7YS          599  599  026           S        1   7013.2
 40CW  09-Mar-26 16:43 0006  SP7N           599  599  020           N        1   7013.2
 40CW  09-Mar-26 16:43 0007  OE3PWX         599  599  012                    1   7013.2
 40CW  09-Mar-26 16:44 0008  DR3W           599  599  030           W        1   7013.2
 40CW  09-Mar-26 16:44 0009  LY4K           599  599  023           K        1   7013.2
 40CW  09-Mar-26 16:44 0010  DL4ME          599  599  033           E        1   7013.2
 40CW  09-Mar-26 16:45 0011  SP8BXL         599  599  020           L        1   7013.2
 40CW  09-Mar-26 16:45 0012  HA5MA          599  599  027           A        1   7013.2
 40CW  09-Mar-26 16:45 0013  PD1RP          599  599  006           P        1   7013.2
 40CW  09-Mar-26 16:46 0014  LY6A           599  599  032                    1   7013.2
 40CW  09-Mar-26 16:46 0015  SM5DXR         599  599  019                    1   7013.2
 40CW  09-Mar-26 16:46 0016  HA5BA          599  599  026                    1   7013.2
 40CW  09-Mar-26 16:47 0017  OK2NO          599  599  034           O        1   7013.2
 40CW  09-Mar-26 16:48 0018  OK8SMS         599  599  024                    1   7013.2
 40CW  09-Mar-26 16:48 0019  DL8QS          599  599  037                    1   7013.2
 40CW  09-Mar-26 16:48 0020  OK1TD          599  599  015           D        1   7013.2
 40CW  09-Mar-26 16:48 0021  SM0OEK         599  599  032                    1   7013.2
 40CW  09-Mar-26 16:49 0022  OK1KKI         599  599  031           I        1   7013.2
 40CW  09-Mar-26 16:49 0023  OK4RQ          599  599  041           Q        1   7013.2
 40CW  09-Mar-26 16:49 0024  OK1DSZ         599  599  047           Z        1   7013.2
 40CW  09-Mar-26 16:50 0025  OK2IW          599  599  018                    1   7013.2
 40CW  09-Mar-26 16:50 0026  OK1AMX         599  599  028                    1   7013.2
 40CW  09-Mar-26 16:50 0027  G4RQI          599  599  006                    1   7013.2
 40CW  09-Mar-26 16:51 0028  IK5TBK         599  599  007                    1   7013.2
 40CW  09-Mar-26 16:51 0029  SM7GVF         599  599  036           F        1   7013.2
 40CW  09-Mar-26 16:52 0030  SP2QG          599  599  050                    1   7013.2
 40CW  09-Mar-26 16:52 0031  DM7W           599  599  043                    1   7013.2
 40CW  09-Mar-26 16:52 0032  DJ9MH          599  599  038           H        1   7013.2
 40CW  09-Mar-26 16:53 0033  DF7TS          599  599  034                    1   7013.2
 40CW  09-Mar-26 16:54 0034  SP2HHX         599  599  041                    1   7013.2
 40CW  09-Mar-26 16:55 0035  PA3DBS         599  599  044                    1   7013.5
 40CW  09-Mar-26 16:55 0036  DF7YE          599  599  067                    1   7014.1
 40CW  09-Mar-26 16:55 0037  DL3KWF         599  599  050                    1   7014.6
 40CW  09-Mar-26 16:56 0038  OK2EA          599  599  032                    1   7015.0
 40CW  09-Mar-26 16:56 0039  SP3VT          599  599  066           T        1   7015.8
 40CW  09-Mar-26 16:57 0040  SF6J           599  599  062           J        1   7016.4
 40CW  09-Mar-26 16:58 0041  LZ5DI          599  599  060                    1   7016.7
 40CW  09-Mar-26 16:58 0042  OK1RZ          599  599  073                    1   7016.9
 40CW  09-Mar-26 16:59 0043  PA3ARM         599  599  048           M        1   7017.2
 40CW  09-Mar-26 17:00 0044  SP9OUV         599  599  041           V        1   7017.5
 40CW  09-Mar-26 17:00 0045  HB9HTF         599  599  052                    1   7017.8
 40CW  09-Mar-26 17:00 0046  EA3X           599  599  048                    1   7018.1
 40CW  09-Mar-26 17:01 0047  OK1DOL         599  599  076                    1   7018.6
 40CW  09-Mar-26 17:01 0048  ON4EM          599  599  077                    1   7019.0
 40CW  09-Mar-26 17:02 0049  SM5IMO         599  599  071                    1   7019.3
 40CW  09-Mar-26 17:02 0050  OK1RKS         599  599  060                    1   7019.7
 40CW  09-Mar-26 17:03 0051  PA3AAV         599  599  092                    1   7020.4
 40CW  09-Mar-26 17:03 0052  S52W           599  599  079                    1   7020.9
 40CW  09-Mar-26 17:04 0053  OK2BFN         599  599  079                    1   7021.2
 40CW  09-Mar-26 17:04 0054  DF8V           599  599  055                    1   7021.8
 40CW  09-Mar-26 17:05 0055  OK1OA          599  599  083                    1   7022.1
 40CW  09-Mar-26 17:05 0056  PA2A           599  599  069                    1   7022.6
 40CW  09-Mar-26 17:06 0057  OK6OK          599  599  049                    1   7022.9
 40CW  09-Mar-26 17:06 0058  E77EA          599  599  084                    1   7023.5
 40CW  09-Mar-26 17:07 0059  G4BFG          599  599  034                    1   7024.1
 40CW  09-Mar-26 17:07 0060  SQ9RM          599  599  065                    1   7024.4
 40CW  09-Mar-26 17:09 0061  OM3ZU          599  599  061           U        1   7011.2
 40CW  09-Mar-26 17:10 0062  M4N            599  599  066                    1   7016.4
 40CW  09-Mar-26 17:11 0063  HA6NL          599  599  099                    1   7016.4
 40CW  09-Mar-26 17:11 0064  HB9CMW         599  599  026                    1   7016.4
 40CW  09-Mar-26 17:11 0065  DR6W           599  599  032                    1   7016.4
 40CW  09-Mar-26 17:12 0066  OH1SIC         599  599  061                    1   7016.4
 40CW  09-Mar-26 17:12 0067  OK1TN          599  599  084                    1   7016.4
 40CW  09-Mar-26 17:13 0068  YO4TL          599  599  011                    1   7016.4
 40CW  09-Mar-26 17:13 0069  DL5MFW         599  599  032                    1   7016.4
 40CW  09-Mar-26 17:14 0070  ON4WC          599  599  030                    1   7016.4
 40CW  09-Mar-26 17:14 0071  DA3T           599  599  065                    1   7016.4
 40CW  09-Mar-26 17:14 0072  SP3EFD         599  599  032                    1   7016.4
 40CW  09-Mar-26 17:15 0073  DF4PD          599  599  047                    1   7016.4
 40CW  09-Mar-26 17:15 0074  M7HUQ          599  599  011                    1   7016.4
 40CW  09-Mar-26 17:16 0075  DL2NBY         599  599  091           Y        1   7018.4
 40CW  09-Mar-26 17:18 0076  DJ9KH          599  599  083                    1   7016.4
 40CW  09-Mar-26 17:19 0077  YT3D           599  599  108                    1   7016.4
 40CW  09-Mar-26 17:19 0078  OL9R           599  599  067                    1   7016.4
 40CW  09-Mar-26 17:20 0079  DL4YR          599  599  067                    1   7016.4
 40CW  09-Mar-26 17:21 0080  HB9BXE         599  599  095                    1   7015.2
 40CW  09-Mar-26 17:21 0081  OZ7BQ          599  599  062                    1   7016.0
 40CW  09-Mar-26 17:23 0082  DH0GDS         599  599  032                    1   7016.3
 40CW  09-Mar-26 17:24 0083  OM3FW          599  599  088                    1   7016.3
 40CW  09-Mar-26 17:24 0084  SO3O           599  599  112                    1   7016.3
 40CW  09-Mar-26 17:25 0085  OK2PXX         599  599  023                    1   7016.3
 40CW  09-Mar-26 17:27 0086  S57EA          599  599  043                    1   7016.3
 40CW  09-Mar-26 17:29 0087  DA2K           599  599  101                    1   7016.2
