 40CW  16-Mar-26 16:30 0001  SP3MEP         599  599  003           P        1   7012.8
 40CW  16-Mar-26 16:30 0002  DR2C           599  599  003           C        1   7012.8
 40CW  16-Mar-26 16:31 0003  M4N            599  599  004           N        1   7012.8
 40CW  16-Mar-26 16:31 0004  SN7J           599  599  003           J        1   7012.8
 40CW  16-Mar-26 16:33 0005  SP3JDZ         599  599  003           Z        1   7012.8
 40CW  16-Mar-26 16:33 0006  OK5M           599  599  008           M        1   7012.8
 40CW  16-Mar-26 16:34 0007  DJ9MH          599  599  010           H        1   7012.8
 40CW  16-Mar-26 16:34 0008  SN1T           599  599  012           T        1   7012.8
 40CW  16-Mar-26 16:35 0009  OK1OFM         599  599  007                    1   7012.8
 40CW  16-Mar-26 16:35 0010  IT9VDQ         599  599  006           Q        1   7012.8
 40CW  16-Mar-26 16:35 0011  YU1XO          599  599  008           O        1   7012.8
 40CW  16-Mar-26 16:36 0012  DF1PU          599  599  007           U        1   7012.8
 40CW  16-Mar-26 16:36 0013  OK5FF          599  599  012           F        1   7012.8
 40CW  16-Mar-26 16:36 0014  OK2PWX         599  599  004           X        1   7012.8
 40CW  16-Mar-26 16:37 0015  S53ZO          599  599  011                    1   7012.8
 40CW  16-Mar-26 16:37 0016  OK1NG          599  599  006           G        1   7012.8
 40CW  16-Mar-26 16:38 0017  OK1TD          599  599  014           D        1   7012.8
 40CW  16-Mar-26 16:38 0018  OK2PXX         599  599  008                    1   7012.8
 40CW  16-Mar-26 16:39 0019  DK1KC          599  599  018                    1   7012.8
 40CW  16-Mar-26 16:39 0020  DR6W           599  599  005           W        1   7012.8
 40CW  16-Mar-26 16:39 0021  DK5FN          599  599  008                    1   7012.8
 40CW  16-Mar-26 16:40 0022  OK1FKD         599  599  016                    1   7012.8
 40CW  16-Mar-26 16:40 0023  OK1WSL         599  599  012           L        1   7012.8
 40CW  16-Mar-26 16:40 0024  DJ9SN          599  599  011                    1   7012.8
 40CW  16-Mar-26 16:41 0025  OK1AMX         599  599  016                    1   7012.7
 40CW  16-Mar-26 16:42 0026  G4BFG          599  599  015                    1   7012.7
 40CW  16-Mar-26 16:43 0027  DL4YR          599  599  019           R        1   7012.7
 40CW  16-Mar-26 16:43 0028  YT3D           599  599  031                    1   7012.7
 40CW  16-Mar-26 16:43 0029  DL7YS          599  599  026           S        1   7012.7
 40CW  16-Mar-26 16:43 0030  G4LJU          599  599  011                    1   7012.7
 40CW  16-Mar-26 16:44 0031  SP3VT          599  599  027                    1   7012.7
 40CW  16-Mar-26 16:44 0032  DA3T           599  599  021                    1   7012.7
 40CW  16-Mar-26 16:44 0033  DA0BCC         599  599  029                    1   7012.7
 40CW  16-Mar-26 16:45 0034  DL4ME          599  599  025           E        1   7012.7
 40CW  16-Mar-26 16:45 0035  DJ0SP          599  599  034                    1   7012.7
 40CW  16-Mar-26 16:46 0036  OK1TN          599  599  035                    1   7012.7
 40CW  16-Mar-26 16:46 0037  SM6M           599  599  037                    1   7012.7
 40CW  16-Mar-26 16:46 0038  OK2NO          599  599  031                    1   7012.7
 40CW  16-Mar-26 16:46 0039  OK2NAJ         599  599  032                    1   7012.7
 40CW  16-Mar-26 16:47 0040  OK1OA          599  599  036           A        1   7016.8
 40CW  16-Mar-26 16:48 0041  PA3ARM         599  599  029                    1   7017.5
 40CW  16-Mar-26 16:49 0042  S53K           599  599  032           K        1   7025.8
 40CW  16-Mar-26 16:50 0043  OM2IB          599  599  051           B        1   7027.5
 40CW  16-Mar-26 16:51 0044  DF8V           599  599  035           V        1   7021.8
 40CW  16-Mar-26 16:53 0045  LZ5DI          599  599  062           I        1   7028.3
 40CW  16-Mar-26 16:53 0046  DL3YM          599  599  049                    1   7028.3
 40CW  16-Mar-26 16:54 0047  SQ7M           599  599  015                    1   7028.3
 40CW  16-Mar-26 16:54 0048  RL3O           599  599  039                    1   7028.3
 40CW  16-Mar-26 16:54 0049  SN2S           599  599  013                    1   7028.3
 40CW  16-Mar-26 16:55 0050  OG6B           599  599  038                    1   7028.3
 40CW  16-Mar-26 16:55 0051  DL5NO          599  599  039                    1   7028.3
 40CW  16-Mar-26 16:55 0052  DL1SAN         599  599  007                    1   7028.3
 40CW  16-Mar-26 16:56 0053  PA2A           599  599  038                    1   7028.3
 40CW  16-Mar-26 16:56 0054  OK1IBP         599  599  060                    1   7028.3
 40CW  16-Mar-26 16:57 0055  DJ6QQ          599  599  008                    1   7028.3
 40CW  16-Mar-26 16:57 0056  HB9CMW         599  599  016                    1   7028.3
 40CW  16-Mar-26 16:58 0057  DL2NBY         599  599  054           Y        1   7028.3
 40CW  16-Mar-26 16:59 0058  OK8SMS         599  599  044                    1   7028.3
 40CW  16-Mar-26 16:59 0059  DF7YE          599  599  057                    1   7028.3
 40CW  16-Mar-26 16:59 0060  DL8QS          599  599  052                    1   7028.3
 40CW  16-Mar-26 17:00 0061  OK1FRJ         599  599  027                    1   7028.3
 40CW  16-Mar-26 17:00 0062  SO5O           599  599  061                    1   7028.3
 40CW  16-Mar-26 17:01 0063  DL1DWR         599  599  038                    1   7028.3
 40CW  16-Mar-26 17:02 0064  DJ1OJ          599  599  037                    1   7028.3
 40CW  16-Mar-26 17:02 0065  SP8BXL         599  599  045                    1   7028.3
 40CW  16-Mar-26 17:02 0066  OL4W           599  599  044                    1   7028.3
 40CW  16-Mar-26 17:03 0067  SP2MKI         599  599  049                    1   7028.3
 40CW  16-Mar-26 17:04 0068  OK1DZD         599  599  006                    1   7028.3
 40CW  16-Mar-26 17:04 0069  SN5N           599  599  073                    1   7028.3
 40CW  16-Mar-26 17:04 0070  HA6NL          599  599  088                    1   7028.3
 40CW  16-Mar-26 17:05 0071  SE5T           599  599  066                    1   7028.3
 40CW  16-Mar-26 17:06 0072  OK1RZ          599  599  065                    1   7028.3
 40CW  16-Mar-26 17:06 0073  S52AW          599  599  091                    1   7028.3
 40CW  16-Mar-26 17:06 0074  OK2EA          599  599  006                    1   7028.3
 40CW  16-Mar-26 17:07 0075  SP3EFD         599  599  024                    1   7028.3
 40CW  16-Mar-26 17:07 0076  OM3TVI         599  599  020                    1   7028.3
 40CW  16-Mar-26 17:08 0077  R2ZU           599  599  038                    1   7028.3
 40CW  16-Mar-26 17:08 0078  YU5T           599  599  043                    1   7028.3
 40CW  16-Mar-26 17:09 0079  HB9BXE         599  599  082                    1   7028.3
 40CW  16-Mar-26 17:09 0080  Z3KU           599  599  019                    1   7028.3
 80CW  16-Mar-26 17:10 0081  OK1OA          599  599  068           A        1   3528.2
 80CW  16-Mar-26 17:11 0082  SM6M           599  599  084           M        1   3529.9
 80CW  16-Mar-26 17:12 0083  SF6J           599  599  066           J        1   3531.7
 80CW  16-Mar-26 17:13 0084  DL8QS          599  599  075           S        1   3531.7
 80CW  16-Mar-26 17:13 0085  OK1FMX         599  599  044           X        1   3531.7
 80CW  16-Mar-26 17:13 0086  OK1AY          599  599  042           Y        1   3531.7
 80CW  16-Mar-26 17:14 0087  DR2C           599  599  081           C        1   3531.7
 80CW  16-Mar-26 17:14 0088  OK7NV          599  599  034           V        1   3531.7
 80CW  16-Mar-26 17:14 0089  DK1KC          599  599  084                    1   3531.7
 80CW  16-Mar-26 17:16 0090  HA5MA          599  599  085                    1   3531.7
 80CW  16-Mar-26 17:16 0091  SN1T           599  599  132           T        1   3531.7
 80CW  16-Mar-26 17:17 0092  OK1KKI         599  599  064           I        1   3531.7
 80CW  16-Mar-26 17:17 0093  S51J           599  599  036                    1   3531.7
 80CW  16-Mar-26 17:18 0094  OM2IB          599  599  107           B        1   3531.7
 80CW  16-Mar-26 17:18 0095  OL4W           599  599  069           W        1   3531.7
 80CW  16-Mar-26 17:19 0096  OK2PYA         599  599  052                    1   3531.7
 80CW  16-Mar-26 17:19 0097  OK5RM          599  599  039                    1   3531.7
 80CW  16-Mar-26 17:19 0098  SM5IMO         599  599  102           O        1   3531.7
 80CW  16-Mar-26 17:20 0099  DJ0SP          599  599  088           P        1   3531.7
 80CW  16-Mar-26 17:20 0100  DK1KC          599  599  094                    0   3531.7
 80CW  16-Mar-26 17:21 0101  DK2FG          599  599  050           G        1   3531.7
 80CW  16-Mar-26 17:22 0102  SQ7M           599  599  035                    1   3531.7
 80CW  16-Mar-26 17:22 0103  SM0OEK         599  599  099           K        1   3531.7
 80CW  16-Mar-26 17:22 0104  DL4ME          599  599  086           E        1   3531.7
 80CW  16-Mar-26 17:23 0105  SE5T           599  599  098                    1   3531.7
 80CW  16-Mar-26 17:23 0106  OK1USP         599  599  051                    1   3531.7
 80CW  16-Mar-26 17:24 0107  OK1TD          599  599  079           D        1   3531.7
 80CW  16-Mar-26 17:24 0108  DF7YE          599  599  102                    1   3531.7
 80CW  16-Mar-26 17:25 0109  SN5N           599  599  118           N        1   3531.7
 80CW  16-Mar-26 17:25 0110  PA3AAV         599  599  133                    1   3531.7
 80CW  16-Mar-26 17:25 0111  DK3AX          599  599  063                    1   3531.7
 80CW  16-Mar-26 17:26 0112  SP3MEP         599  599  103                    1   3531.7
 80CW  16-Mar-26 17:26 0113  DJ1OJ          599  599  057                    1   3531.7
 80CW  16-Mar-26 17:27 0114  OK1DOL         599  599  139           L        1   3530.0
 80CW  16-Mar-26 17:28 0115  SM7GVF         599  599  104           F        1   3528.7
 80CW  16-Mar-26 17:29 0116  SP4TKR         599  599  055           R        1   3527.7
