 15CW  22-Feb-26 18:34 0001  N1UR           599  599  VT            K       10  21000.4
 15CW  22-Feb-26 18:35 0002  NN7CW          599  599  FL                    10  21001.3
 15CW  22-Feb-26 18:36 0003  K3LR           599  599  PA                    10  21002.2
 15CW  22-Feb-26 18:36 0004  K1KI           599  599  CT                    10  21003.2
 15CW  22-Feb-26 18:36 0005  K1RX           599  599  NH                    10  21003.7
 15CW  22-Feb-26 18:38 0006  VE3JM          599  599  ON            VE      10  21004.7
 15CW  22-Feb-26 18:38 0007  W9SN           599  599  TN                    10  21005.6
 15CW  22-Feb-26 18:42 0008  W4NF           599  599  VA                    10  21016.1
 15CW  22-Feb-26 18:43 0009  K8GL           599  599  MI                    10  21021.5
 15CW  22-Feb-26 18:44 0010  AA3B           599  599  PA                    10  21023.4
 15CW  22-Feb-26 18:45 0011  N4AF           599  599  NC                    10  21024.6
 15CW  22-Feb-26 18:46 0012  WG3J           599  599  MD                    10  21030.6
 15CW  22-Feb-26 18:47 0013  N4ZZ           599  599  TN                    10  21034.2
 15CW  22-Feb-26 18:52 0014  W3RJ           599  599  PA                    10  21040.6
 15CW  22-Feb-26 18:54 0015  VE3AT          599  599  ON                    10  21045.3
 15CW  22-Feb-26 18:55 0016  WA3A           599  599  PA                    10  21050.5
 15CW  22-Feb-26 18:57 0017  KL7NL/W4       599  599  NC                    10  21055.0
 15CW  22-Feb-26 18:59 0018  W9RE           599  599  IN                    10  21058.0
 15CW  22-Feb-26 18:59 0019  WN7S           599  599  VA                    10  21059.3
 15CW  22-Feb-26 19:00 0020  K4AB           599  599  AL                    10  21062.7
 15CW  22-Feb-26 19:01 0021  W3DF           599  599  MD                    10  21069.3
 20CW  22-Feb-26 19:04 0022  K1AR           599  599  NH            K       10  14001.5
 20CW  22-Feb-26 19:05 0023  VA2WA          599  599  QC            VE      10  14001.8
 20CW  22-Feb-26 19:06 0024  KB3WD          599  599  MD                    10  14003.0
 20CW  22-Feb-26 19:06 0025  K1LZ           599  599  ME                    10  14003.4
 20CW  22-Feb-26 19:07 0026  K3LR           599  599  PA                    10  14003.8
 20CW  22-Feb-26 19:09 0027  K1VUT          599  599  MA                    10  14006.0
 20CW  22-Feb-26 19:10 0028  K8AZ           599  599  OH                    10  14008.8
 20CW  22-Feb-26 19:11 0029  W4NF           599  599  VA                    10  14009.1
 20CW  22-Feb-26 19:12 0030  W3LPL          599  599  MD                    10  14009.5
 20CW  22-Feb-26 19:12 0031  K1KI           599  599  CT                    10  14010.5
 20CW  22-Feb-26 19:12 0032  W4TG           599  599  VA                    10  14011.5
 20CW  22-Feb-26 19:13 0033  W9SN           599  599  TN                    10  14012.3
 20CW  22-Feb-26 19:13 0034  K3WW           599  599  NJ                    10  14012.5
 20CW  22-Feb-26 19:14 0035  N2AA           599  599  NJ                    10  14015.1
 20CW  22-Feb-26 19:15 0036  K1XM           599  599  MA                    10  14015.5
 20CW  22-Feb-26 19:15 0037  N8II           599  599  WV                    10  14016.8
 20CW  22-Feb-26 19:17 0038  AI0Y           599  599  ND                    10  14019.5
 20CW  22-Feb-26 19:18 0039  N2RC           599  599  NY                    10  14020.5
 20CW  22-Feb-26 19:20 0040  NB1N           599  599  MA                    10  14024.9
 20CW  22-Feb-26 19:24 0041  N1MGO          599  599  MA                    10  14033.9
 20CW  22-Feb-26 19:27 0042  K9OM           599  599  FL                    10  14033.9
 20CW  22-Feb-26 19:27 0043  N3FJP          599  599  MD                    10  14033.9
 20CW  22-Feb-26 19:28 0044  N2BJ           599  599  IL                    10  14033.9
 20CW  22-Feb-26 19:28 0045  W8FJ           599  599  PA                    10  14033.9
 20CW  22-Feb-26 19:28 0046  WA4JUK         599  599  VA                    10  14033.9
 20CW  22-Feb-26 19:29 0047  N2NI           599  599  NY                    10  14033.9
 20CW  22-Feb-26 19:29 0048  N3NR           599  599  PA                    10  14033.9
 20CW  22-Feb-26 19:29 0049  W1FJ           599  599  MA                    10  14033.9
 20CW  22-Feb-26 19:30 0050  KE4KY          599  599  KY                    10  14033.9
 20CW  22-Feb-26 19:30 0051  N6NT           599  599  NC                    10  14033.9
 20CW  22-Feb-26 19:30 0052  K0RC           599  599  MN                    10  14033.9
 20CW  22-Feb-26 19:30 0053  K6RO           599  599  ME                    10  14033.9
 20CW  22-Feb-26 19:31 0054  KC1XX          599  599  NH                    10  14033.9
 20CW  22-Feb-26 19:31 0055  K8LX           599  599  MI                    10  14033.9
 20CW  22-Feb-26 19:32 0056  N5RP           599  599  IL                    10  14033.9
 20CW  22-Feb-26 19:32 0057  W1ARY          599  599  CT                    10  14033.9
 20CW  22-Feb-26 19:32 0058  W1IE           599  599  VA                    10  14033.9
 20CW  22-Feb-26 19:33 0059  AH2O           599  599  NY                    10  14033.9
 20CW  22-Feb-26 19:34 0060  VE3JM          599  599  ON                    10  14033.9
 20CW  22-Feb-26 19:34 0061  K3QP           599  599  PA                    10  14033.9
 20CW  22-Feb-26 19:34 0062  N2TK           599  599  NY                    10  14033.9
 20CW  22-Feb-26 19:35 0063  W3MA           599  599  PA                    10  14033.9
 20CW  22-Feb-26 19:35 0064  WA2LMC         599  599  NC                    10  14033.9
 20CW  22-Feb-26 19:35 0065  N2HMM          599  599  NJ                    10  14033.9
 20CW  22-Feb-26 19:35 0066  N2NT           599  599  NJ                    10  14033.9
 20CW  22-Feb-26 19:36 0067  W0RX           599  599  MN                    10  14033.9
 20CW  22-Feb-26 19:36 0068  W3UL           599  599  PA                    10  14033.9
 20CW  22-Feb-26 19:37 0069  K5VIP          599  599  VA                    10  14033.9
 20CW  22-Feb-26 19:38 0070  W9VW           599  599  IN                    10  14033.9
 20CW  22-Feb-26 19:38 0071  W3FIZ          599  599  PA                    10  14033.9
 20CW  22-Feb-26 19:38 0072  N4EK           599  599  FL                    10  14033.9
 20CW  22-Feb-26 19:39 0073  N4SS           599  599  KY                    10  14033.9
 20CW  22-Feb-26 19:39 0074  NG2P           599  599  NY                    10  14033.9
 20CW  22-Feb-26 19:41 0075  K2MGR          599  599  NY                    10  14033.9
 20CW  22-Feb-26 19:43 0076  K2DM           599  599  FL                    10  14033.9
 20CW  22-Feb-26 19:43 0077  K1TZQ          599  599  RI                    10  14033.9
 20CW  22-Feb-26 19:43 0078  W1OP           599  599  RI                    10  14033.9
 20CW  22-Feb-26 19:46 0079  NA8V           599  599  MI                    10  14033.9
 20CW  22-Feb-26 19:46 0080  VA2CZ          599  599  QC                    10  14033.9
 20CW  22-Feb-26 19:46 0081  NX3A           599  599  VA                    10  14033.9
 20CW  22-Feb-26 19:46 0082  WT9U           599  599  IN                    10  14033.9
 20CW  22-Feb-26 19:47 0083  W3NX           599  599  DE                    10  14033.9
 20CW  22-Feb-26 19:47 0084  WA2CP          599  599  NY                    10  14033.9
 20CW  22-Feb-26 19:48 0085  AG4Q           599  599  MD                    10  14033.9
 20CW  22-Feb-26 19:49 0086  W4YE           599  599  VA                    10  14033.9
 20CW  22-Feb-26 19:49 0087  KI5GTR         599  599  TX                    10  14033.9
 20CW  22-Feb-26 19:49 0088  NR4L           599  599  TN                    10  14033.9
 20CW  22-Feb-26 19:51 0089  KX2S           599  599  LA                    10  14033.9
 20CW  22-Feb-26 19:51 0090  WB2PJH         599  599  NJ                    10  14033.9
 20CW  22-Feb-26 19:52 0091  AE7EB          599  599  FL                    10  14033.9
 20CW  22-Feb-26 19:52 0092  WO2T           599  599  NJ                    10  14033.9
 20CW  22-Feb-26 19:53 0093  NW3Y           599  599  DE                    10  14033.9
 20CW  22-Feb-26 19:53 0094  K1KP           599  599  MA                    10  14033.9
 20CW  22-Feb-26 19:53 0095  K2RET          599  599  NJ                    10  14033.9
 20CW  22-Feb-26 19:54 0096  K2TE           599  599  FL                    10  14033.9
 20CW  22-Feb-26 20:13 0097  N4RV           599  599  VA                    10  14033.0
 40CW  22-Feb-26 20:18 0098  KA1IS          599  599  ME            K       10   7004.7
 40CW  22-Feb-26 20:19 0099  K1TTT          599  599  MA                    10   7003.0
 20CW  22-Feb-26 20:27 0100  N3RS           599  599  PA                    10  14031.4
 20CW  22-Feb-26 20:30 0101  AA5JF          599  599  GA                    10  14038.4
 20CW  22-Feb-26 20:31 0102  N4WW           599  599  FL                    10  14039.4
 20CW  22-Feb-26 20:32 0103  VE3AT          599  599  ON                    10  14042.7
 20CW  22-Feb-26 20:33 0104  W8FN           599  599  NC                    10  14043.9
 20CW  22-Feb-26 20:35 0105  WS9M           599  599  NY                    10  14046.4
 20CW  22-Feb-26 20:37 0106  K1RX           599  599  NH                    10  14048.2
 20CW  22-Feb-26 20:39 0107  K1RU           599  599  CT                    10  14048.5
