 40CW  23-Feb-26 16:30 0001  DD5M           599  599  001           M        1   7031.4
 40CW  23-Feb-26 16:30 0002  OL3M           599  599  001                    1   7030.7
 40CW  23-Feb-26 16:31 0003  SP2QG          599  599  001           G        1   7030.4
 40CW  23-Feb-26 16:31 0004  S52W           599  599  004           W        1   7030.0
 40CW  23-Feb-26 16:32 0005  DL1MGB         599  599  008           B        1   7028.5
 40CW  23-Feb-26 16:32 0006  SM5IMO         599  599  007           O        1   7028.2
 40CW  23-Feb-26 16:34 0007  DF7TS          599  599  003           S        1   7021.2
 40CW  23-Feb-26 16:34 0008  IN3FHE         599  599  006           E        1   7021.2
 40CW  23-Feb-26 16:35 0009  S54O           599  599  015                    1   7021.2
 40CW  23-Feb-26 16:36 0010  OK1FKD         599  599  007           D        1   7021.2
 40CW  23-Feb-26 16:36 0011  YT3D           599  599  013                    1   7021.2
 40CW  23-Feb-26 16:37 0012  SP6AKK         599  599  007           K        1   7021.2
 40CW  23-Feb-26 16:37 0013  SP2MKI         599  599  018           I        1   7021.2
 40CW  23-Feb-26 16:37 0014  SP2XX          599  599  014           X        1   7021.2
 40CW  23-Feb-26 16:37 0015  HB9BXE         599  599  019                    1   7021.2
 40CW  23-Feb-26 16:38 0016  DR2C           599  599  024           C        1   7021.2
 40CW  23-Feb-26 16:38 0017  DK5FN          599  599  008           N        1   7021.2
 40CW  23-Feb-26 16:39 0018  SP3MEP         599  599  031           P        1   7021.2
 40CW  23-Feb-26 16:39 0019  OK2NO          599  599  018                    1   7021.2
 40CW  23-Feb-26 16:39 0020  OL8R           599  599  016           R        1   7021.2
 40CW  23-Feb-26 16:40 0021  OZ1AAR         599  599  014                    1   7021.2
 40CW  23-Feb-26 16:40 0022  DL2NBY         599  599  019           Y        1   7021.2
 40CW  23-Feb-26 16:41 0023  DL1MGB         599  599  023                    0   7021.2
 40CW  23-Feb-26 16:41 0024  S53F           599  599  033           F        1   7021.2
 40CW  23-Feb-26 16:41 0025  RX3Q           599  599  020           Q        1   7021.2
 40CW  23-Feb-26 16:41 0026  OK1TD          599  599  020                    1   7021.2
 40CW  23-Feb-26 16:43 0027  DF4PD          599  599  022                    1   7021.2
 40CW  23-Feb-26 16:43 0028  S57EA          599  599  016           A        1   7021.2
 40CW  23-Feb-26 16:43 0029  DL7YS          599  599  019                    1   7021.2
 40CW  23-Feb-26 16:44 0030  SM5DXR         599  599  019                    1   7021.2
 40CW  23-Feb-26 16:44 0031  DJ1OJ          599  599  017           J        1   7021.2
 40CW  23-Feb-26 16:44 0032  SP8BXL         599  599  023           L        1   7021.2
 40CW  23-Feb-26 16:45 0033  DK2FG          599  599  038                    1   7021.2
 40CW  23-Feb-26 16:45 0034  OK7NV          599  599  027           V        1   7021.2
 40CW  23-Feb-26 16:45 0035  G4BFG          599  599  018                    1   7021.2
 40CW  23-Feb-26 16:46 0036  HA5MA          599  599  030                    1   7021.2
 40CW  23-Feb-26 16:46 0037  SP2HHX         599  599  030                    1   7021.2
 40CW  23-Feb-26 16:46 0038  OE3MWS         599  599  019                    1   7021.2
 40CW  23-Feb-26 16:47 0039  DJ0SP          599  599  041                    1   7021.2
 40CW  23-Feb-26 16:47 0040  M4N            599  599  042                    1   7021.2
 40CW  23-Feb-26 16:47 0041  OM3ZU          599  599  018           U        1   7021.2
 40CW  23-Feb-26 16:48 0042  OK1DSZ         599  599  050           Z        1   7021.2
 40CW  23-Feb-26 16:48 0043  OK5M           599  599  043                    1   7021.2
 40CW  23-Feb-26 16:48 0044  DA2K           599  599  035                    1   7021.2
 40CW  23-Feb-26 16:48 0045  DL8WN          599  599  021                    1   7021.2
 40CW  23-Feb-26 16:49 0046  F6JOE          599  599  018                    1   7021.2
 40CW  23-Feb-26 16:49 0047  DA0BCC         599  599  039                    1   7021.2
 40CW  23-Feb-26 16:50 0048  SD6M           599  599  027                    1   7021.2
 40CW  23-Feb-26 16:50 0049  OK1TD          599  599  032                    0   7021.2
 40CW  23-Feb-26 16:51 0050  F6GGA          599  599  019                    1   7021.2
 40CW  23-Feb-26 16:51 0051  OK1AMX         599  599  033                    1   7021.2
 40CW  23-Feb-26 16:51 0052  SP2DKI         599  599  004                    1   7021.2
 40CW  23-Feb-26 16:52 0053  SP9OUV         599  599  030                    1   7021.2
 40CW  23-Feb-26 16:52 0054  OK5SA          599  599  027                    1   7021.2
 40CW  23-Feb-26 16:52 0055  G8N            599  599  018                    1   7021.2
 40CW  23-Feb-26 16:53 0056  OZ/SM5S        599  599  029                    1   7021.2
 40CW  23-Feb-26 16:53 0057  DL8QS          599  599  042                    1   7021.2
 40CW  23-Feb-26 16:53 0058  OK2IW          599  599  028                    1   7021.2
 40CW  23-Feb-26 16:54 0059  OK2CW          599  599  031                    1   7021.2
 40CW  23-Feb-26 16:54 0060  DL5MFW         599  599  020                    1   7021.2
 40CW  23-Feb-26 16:54 0061  OM4DU          599  599  024                    1   7021.2
 40CW  23-Feb-26 16:55 0062  OZ7BQ          599  599  030                    1   7021.2
 40CW  23-Feb-26 16:55 0063  OK1RZ          599  599  062                    1   7021.2
 40CW  23-Feb-26 16:56 0064  HA5BA          599  599  036                    1   7021.2
 40CW  23-Feb-26 16:56 0065  OK8SMS         599  599  040                    1   7021.2
 40CW  23-Feb-26 16:57 0066  HA2OS          599  599  030                    1   7021.2
 40CW  23-Feb-26 16:57 0067  SP7N           599  599  045                    1   7021.2
 40CW  23-Feb-26 16:58 0068  DL9SCO         599  599  029                    1   7021.2
 40CW  23-Feb-26 16:58 0069  DL5NO          599  599  044                    1   7021.2
 40CW  23-Feb-26 16:59 0070  DM7W           599  599  061                    1   7021.2
 40CW  23-Feb-26 16:59 0071  DL4YR          599  599  043                    1   7021.2
 40CW  23-Feb-26 17:00 0072  DK3AX          599  599  043                    1   7021.2
 40CW  23-Feb-26 17:01 0073  SP3VT          599  599  073           T        1   7025.9
 80CW  23-Feb-26 17:03 0074  OK2BFN         599  599  067           N        1   3533.7
 80CW  23-Feb-26 17:03 0075  DR6T           599  599  031           T        1   3533.7
 80CW  23-Feb-26 17:04 0076  S51J           599  599  026           J        1   3533.7
 80CW  23-Feb-26 17:04 0077  DR2C           599  599  093           C        1   3533.7
 80CW  23-Feb-26 17:05 0078  DL8QS          599  599  061           S        1   3533.7
 80CW  23-Feb-26 17:06 0079  OK1AY          599  599  037           Y        1   3533.7
 80CW  23-Feb-26 17:06 0080  OK5M           599  599  078           M        1   3533.7
 80CW  23-Feb-26 17:07 0081  HB9BXE         599  599  075           E        1   3533.7
 80CW  23-Feb-26 17:08 0082  DL1MGB         599  599  075           B        1   3534.0
 80CW  23-Feb-26 17:08 0083  OK2EA          599  599  079           A        1   3534.7
 80CW  23-Feb-26 17:09 0084  SD6F           599  599  082           F        1   3535.1
 80CW  23-Feb-26 17:11 0085  DL5YM          599  599  036                    1   3536.6
 80CW  23-Feb-26 17:11 0086  IK5MEL         599  599  071           L        1   3536.3
 80CW  23-Feb-26 17:12 0087  SM0OEK         599  599  089           K        1   3537.5
 80CW  23-Feb-26 17:12 0088  OK1DOR         599  599  056           R        1   3538.0
 80CW  23-Feb-26 17:13 0089  OK1DOL         599  599  095                    1   3538.6
 80CW  23-Feb-26 17:13 0090  S53F           599  599  111                    1   3538.9
 80CW  23-Feb-26 17:14 0091  OM5JA          599  599  033                    1   3540.3
 80CW  23-Feb-26 17:14 0092  OK7NV          599  599  067           V        1   3541.1
 80CW  23-Feb-26 17:15 0093  OK1MSL         599  599  030                    1   3542.1
 80CW  23-Feb-26 17:15 0094  PA3AAV         599  599  112                    1   3543.4
 80CW  23-Feb-26 17:16 0095  SO5O           599  599  100           O        1   3544.0
 80CW  23-Feb-26 17:16 0096  SM5IMO         599  599  083                    1   3529.3
 80CW  23-Feb-26 17:17 0097  SM5DXR         599  599  095                    1   3528.4
 80CW  23-Feb-26 17:19 0098  DF8V           599  599  096                    1   3525.4
 80CW  23-Feb-26 17:19 0099  SP3VT          599  599  104                    1   3524.5
 80CW  23-Feb-26 17:20 0100  OK2PYA         599  599  066                    1   3524.0
 80CW  23-Feb-26 17:22 0101  OM3ZU          599  599  074           U        1   3522.1
 80CW  23-Feb-26 17:23 0102  DK3AX          599  599  065           X        1   3522.1
 80CW  23-Feb-26 17:25 0103  HA2OS          599  599  067                    1   3522.1
 80CW  23-Feb-26 17:25 0104  OK2ZV          599  599  100                    1   3522.1
 80CW  23-Feb-26 17:27 0105  DL1BUG         599  599  092           G        1   3520.8
 80CW  23-Feb-26 17:27 0106  DL3KWF         599  599  083                    1   3521.3
 80CW  23-Feb-26 17:28 0107  OZ1AAR         599  599  071                    1   3519.3
 80CW  23-Feb-26 17:29 0108  DJ0SP          599  599  113           P        1   3534.2
