160CW  23-Jan-26 22:00 0001  OM7M           599  599  15            OM       5   1828.2
160CW  23-Jan-26 22:00 0002  DR5X           599  599  14            DL       2   1827.8
160CW  23-Jan-26 22:00 0003  SC7DX          599  599  14            SM       5   1827.2
160CW  23-Jan-26 22:02 0004  E74A           599  599  15            E7       5   1827.0
160CW  23-Jan-26 22:03 0005  SE0X           599  599  14                     5   1826.7
160CW  23-Jan-26 22:04 0006  DL2TT          599  599  14                     2   1826.3
160CW  23-Jan-26 22:04 0007  OM2ADM         599  599  15                     5   1826.0
160CW  23-Jan-26 22:05 0008  LN8W           599  599  14            LA       5   1825.7
160CW  23-Jan-26 22:06 0009  OL7T           599  599  15            OK       5   1825.3
160CW  23-Jan-26 22:07 0010  DM7C           599  599  14                     2   1825.0
160CW  23-Jan-26 22:09 0011  G5W            599  599  14            G        5   1823.8
160CW  23-Jan-26 22:10 0012  OL3Z           599  599  15                     5   1822.5
160CW  23-Jan-26 22:12 0013  9A5M           599  599  15            9A       5   1832.0
160CW  23-Jan-26 22:13 0014  IQ9RG          599  599  15            IT9      5   1831.5
160CW  23-Jan-26 22:14 0015  LY4A           599  599  15            LY       5   1831.0
160CW  23-Jan-26 22:14 0016  DM6M           599  599  14                     2   1830.2
160CW  23-Jan-26 22:16 0017  R3ZP           599  599  16            UA       5   1832.5
160CW  23-Jan-26 22:20 0018  S58W           599  599  15            S5       5   1833.8
160CW  23-Jan-26 22:24 0019  SP8R           599  599  15            SP       5   1835.8
160CW  23-Jan-26 22:24 0020  IK0YUT         599  599  15            I        5   1836.4
160CW  23-Jan-26 22:26 0021  DL1MGB         599  599  14                     2   1830.7
160CW  23-Jan-26 22:31 0022  DM2X           599  599  14                     2   1847.3
160CW  23-Jan-26 22:33 0023  DL7URH         599  599  14                     2   1847.0
160CW  23-Jan-26 22:34 0024  OK6Y           599  599  15                     5   1846.8
160CW  23-Jan-26 22:34 0025  OK1DOL         599  599  15                     5   1846.5
160CW  23-Jan-26 22:36 0026  CQ9A           599  599  33            CT3     10   1845.8
160CW  23-Jan-26 22:37 0027  HA6T           599  599  15            HA       5   1845.3
160CW  23-Jan-26 22:41 0028  OM7K           599  599  15                     5   1843.2
160CW  23-Jan-26 22:42 0029  SN7Q           599  599  15                     5   1842.8
160CW  23-Jan-26 22:44 0030  DL9CHR         599  599  14                     2   1841.0
160CW  23-Jan-26 22:44 0031  OT2A           599  599  14            ON       5   1840.0
160CW  23-Jan-26 22:45 0032  RG2A           599  599  16                     5   1839.7
160CW  23-Jan-26 22:46 0033  HG7T           599  599  15                     5   1839.4
160CW  23-Jan-26 22:48 0034  YL3FT          599  599  15            YL       5   1837.3
160CW  23-Jan-26 22:50 0035  II2Q           599  599  15                     5   1836.0
160CW  23-Jan-26 22:52 0036  DF1DT          599  599  14                     2   1850.8
160CW  23-Jan-26 22:52 0037  PA5KT          599  599  14            PA       5   1851.2
160CW  23-Jan-26 22:54 0038  OY9JD          599  599  14            OY       5   1851.9
160CW  23-Jan-26 22:58 0039  OE8TED         599  599  15            OE       5   1847.6
160CW  23-Jan-26 22:59 0040  DL7URH         599  599  14                     0   1847.1
160CW  23-Jan-26 23:00 0041  I4IKW          599  599  15                     5   1846.0
160CW  23-Jan-26 23:01 0042  HB9TOC         599  599  14            HB       5   1845.3
160CW  23-Jan-26 23:04 0043  DK5TA          599  599  14                     2   1844.3
160CW  23-Jan-26 23:04 0044  MW5B           599  599  14            GW       5   1844.0
160CW  23-Jan-26 23:05 0045  SP3HRN         599  599  15                     5   1843.5
160CW  24-Jan-26 14:43 0046  HG8DX          599  599  15                     5   1826.5
160CW  24-Jan-26 14:46 0047  LY7M           599  599  15                     5   1832.0
160CW  24-Jan-26 14:47 0048  LY5W           599  599  15                     5   1835.5
160CW  24-Jan-26 14:48 0049  DP4E           599  599  14                     2   1838.0
160CW  24-Jan-26 18:19 0050  OL1R           599  599  15                     5   1842.0
160CW  24-Jan-26 18:20 0051  OL1C           599  599  15                     5   1840.2
160CW  24-Jan-26 18:21 0052  DM3W           599  599  14                     2   1836.3
160CW  24-Jan-26 18:23 0053  SP4T           599  599  15                     5   1835.5
160CW  24-Jan-26 18:24 0054  OK1PI          599  599  15                     5   1834.1
160CW  24-Jan-26 18:25 0055  IG9/S54W       599  599  33            IG9     10   1833.0
160CW  24-Jan-26 18:26 0056  I2WIJ          599  599  15                     5   1832.7
160CW  24-Jan-26 18:27 0057  9A3TR          599  599  15                     5   1831.6
160CW  24-Jan-26 18:28 0058  DA2X           599  599  14                     2   1830.3
160CW  24-Jan-26 18:28 0059  HB7X           599  599  14                     5   1828.5
160CW  24-Jan-26 18:29 0060  LY2XW          599  599  15                     5   1827.8
160CW  24-Jan-26 18:30 0061  F5IN           599  599  14            F        5   1827.5
160CW  24-Jan-26 18:33 0062  DL2NBU         599  599  14                     2   1823.4
160CW  24-Jan-26 18:34 0063  YT3X           599  599  15            YU       5   1821.0
160CW  24-Jan-26 18:36 0064  SM2U           599  599  14                     5   1818.4
160CW  24-Jan-26 18:38 0065  S50K           599  599  15                     5   1816.1
160CW  24-Jan-26 18:39 0066  PC0A           599  599  14                     5   1815.8
160CW  24-Jan-26 18:39 0067  PC8M           599  599  14                     5   1815.3
160CW  24-Jan-26 18:40 0068  S56X           599  599  15                     5   1813.8
160CW  24-Jan-26 18:40 0069  OM3GI          599  599  15                     5   1813.5
160CW  24-Jan-26 18:41 0070  HA3DX          599  599  15                     5   1811.6
160CW  24-Jan-26 18:44 0071  DJ0IF          599  599  14                     2   1855.7
160CW  24-Jan-26 18:45 0072  DO1AYJ         599  599  14                     2   1855.4
160CW  24-Jan-26 18:45 0073  DR5W           599  599  14                     2   1854.3
160CW  24-Jan-26 18:46 0074  DL6RDR         599  599  14                     2   1853.8
160CW  24-Jan-26 18:47 0075  DP6A           599  599  14                     2   1853.2
160CW  24-Jan-26 18:47 0076  OK5D           599  599  15                     5   1853.0
160CW  24-Jan-26 18:48 0077  DL1CW          599  599  14                     2   1852.6
160CW  24-Jan-26 18:52 0078  DL4ME          599  599  14                     2   1851.1
160CW  24-Jan-26 18:55 0079  DA0T           599  599  14                     2   1850.3
160CW  24-Jan-26 18:56 0080  F6EZV          599  599  14                     5   1849.5
160CW  24-Jan-26 18:57 0081  SP1D           599  599  15                     5   1846.3
160CW  24-Jan-26 18:58 0082  EW1I           599  599  16            EU       5   1845.7
160CW  24-Jan-26 19:15 0083  PA6X           599  599  14                     5   1844.7
160CW  24-Jan-26 19:15 0084  S53A           599  599  15                     5   1844.2
160CW  24-Jan-26 19:16 0085  OP3T           599  599  14                     5   1843.2
160CW  24-Jan-26 19:20 0086  OT6M           599  599  14                     5   1841.5
160CW  24-Jan-26 19:21 0087  LY5R           599  599  15                     5   1840.3
160CW  24-Jan-26 19:22 0088  IK2SND         599  599  15                     5   1839.5
160CW  24-Jan-26 19:23 0089  OE2S           599  599  15                     5   1838.1
160CW  24-Jan-26 19:23 0090  DL1NKS         599  599  14                     2   1837.7
160CW  24-Jan-26 19:26 0091  OL26WRTC       599  599  15                     5   1836.3
160CW  24-Jan-26 19:28 0092  IO4M           599  599  15                     5   1835.1
160CW  24-Jan-26 19:32 0093  DL4HRM         599  599  14                     2   1831.5
160CW  24-Jan-26 19:37 0094  C4E            599  599  20            5B      10   1812.2
160CW  24-Jan-26 19:39 0095  S53O           599  599  15                     5   1826.8
160CW  24-Jan-26 19:39 0096  YT7KM          599  599  15                     5   1825.6
160CW  24-Jan-26 19:42 0097  DK3BK          599  599  14                     2   1824.7
160CW  24-Jan-26 19:45 0098  HA5UA          599  599  15                     5   1820.0
160CW  24-Jan-26 19:46 0099  S53M           599  599  15                     5   1818.7
160CW  24-Jan-26 19:46 0100  S57Q           599  599  15                     5   1818.2
160CW  24-Jan-26 19:47 0101  SP7AS          599  599  15                     5   1817.6
160CW  24-Jan-26 19:54 0102  HB2T           599  599  14                     5   1816.2
160CW  24-Jan-26 19:57 0103  DP9A           599  599  14                     2   1813.4
160CW  24-Jan-26 19:58 0104  RL3A           599  599  16                     5   1812.5
160CW  24-Jan-26 20:09 0105  DR2T           599  599  14                     2   1818.5
160CW  24-Jan-26 20:11 0106  HB9AWS         599  599  14                     5   1820.5
160CW  24-Jan-26 20:13 0107  YL7X           599  599  15                     5   1823.0
160CW  25-Jan-26 18:36 0108  OL9R           599  599  15                     5   1827.7
160CW  25-Jan-26 18:36 0109  SN3U           599  599  15                     5   1828.2
160CW  25-Jan-26 18:38 0110  I4VEQ          599  599  15                     5   1831.3
160CW  25-Jan-26 18:42 0111  DJ4WT          599  599  14                     2   1843.8
160CW  25-Jan-26 18:43 0112  OT1A           599  599  14                     5   1845.5
160CW  25-Jan-26 18:44 0113  LX7I           599  599  14            LX       5   1848.9
160CW  25-Jan-26 18:45 0114  OK2W           599  599  15                     5   1852.6
160CW  25-Jan-26 19:38 0115  DL6MHW         599  599  14                     2   1821.7
160CW  25-Jan-26 19:54 0116  DA3X           599  599  14                     2   1843.5
160CW  25-Jan-26 19:58 0117  HB0DX          599  599  14            HB0      5   1855.5
