 80CW  02-Feb-26 16:52 0001  IU4JNR         599  599  026           R        1   3532.7
 80CW  02-Feb-26 16:53 0002  S53F           599  599  058           F        1   3534.0
 80CW  02-Feb-26 16:54 0003  OK1USP         599  599  025           P        1   3535.5
 80CW  02-Feb-26 16:55 0004  DL1DWR         599  599  015                    1   3536.9
 80CW  02-Feb-26 16:55 0005  OK2BFN         599  599  046           N        1   3537.5
 80CW  02-Feb-26 16:56 0006  IK5MEL         599  599  021           L        1   3540.0
 80CW  02-Feb-26 16:56 0007  OL1T           599  599  001           T        1   3540.9
 80CW  02-Feb-26 16:57 0008  OK5RM          599  599  024           M        1   3543.4
 80CW  02-Feb-26 16:58 0009  OK2PYA         599  599  032           A        1   3534.9
 80CW  02-Feb-26 16:58 0010  DL7YS          599  599  044           S        1   3534.9
 80CW  02-Feb-26 16:59 0011  OK1RZ          599  599  032           Z        1   3534.9
 80CW  02-Feb-26 16:59 0012  OK1IBP         599  599  026                    1   3534.9
 80CW  02-Feb-26 17:00 0013  OL4W           599  599  031           W        1   3534.9
 80CW  02-Feb-26 17:00 0014  S51J           599  599  030           J        1   3534.9
 80CW  02-Feb-26 17:01 0015  OK5FF          599  599  033                    1   3534.9
 80CW  02-Feb-26 17:03 0016  DL8QS          599  599  061                    1   3534.9
 80CW  02-Feb-26 17:03 0017  DL4MFM         599  599  030                    1   3534.9
 80CW  02-Feb-26 17:05 0018  OM2IB          599  599  070           B        1   3533.9
 80CW  02-Feb-26 17:06 0019  OK5M           599  599  083                    1   3533.1
 80CW  02-Feb-26 17:07 0020  IT9VDQ         599  599  048           Q        1   3532.0
 80CW  02-Feb-26 17:07 0021  DD5M           599  599  082                    1   3531.7
 80CW  02-Feb-26 17:08 0022  OL3M           599  599  068                    1   3531.2
 80CW  02-Feb-26 17:08 0023  OL9R           599  599  071                    1   3530.5
 80CW  02-Feb-26 17:09 0024  SM5IMO         599  599  075           O        1   3529.4
 80CW  02-Feb-26 17:10 0025  SD1A           599  599  097                    1   3529.0
 80CW  02-Feb-26 17:10 0026  DF1DT          599  599  072                    1   3528.7
 80CW  02-Feb-26 17:13 0027  DJ3WE          599  599  082           E        1   3525.3
 80CW  02-Feb-26 17:14 0028  SF6J           599  599  066                    1   3523.2
 80CW  02-Feb-26 17:14 0029  HA2OS          599  599  060                    1   3527.5
 80CW  02-Feb-26 17:15 0030  SP3VT          599  599  088                    1   3526.8
 80CW  02-Feb-26 17:17 0031  SM5CSS         599  599  055                    1   3533.0
 80CW  02-Feb-26 17:18 0032  OL8R           599  599  138                    1   3533.0
 80CW  02-Feb-26 17:19 0033  OK7NV          599  599  078           V        1   3533.0
 80CW  02-Feb-26 17:19 0034  OM5ZW          599  599  114                    1   3533.0
 80CW  02-Feb-26 17:20 0035  DJ0SP          599  599  102                    1   3533.0
 80CW  02-Feb-26 17:20 0036  SO3O           599  599  092                    1   3533.0
 80CW  02-Feb-26 17:20 0037  DR2C           599  599  099           C        1   3533.0
 80CW  02-Feb-26 17:21 0038  DL5YAS         599  599  075                    1   3533.0
 80CW  02-Feb-26 17:21 0039  DM7W           599  599  093                    1   3533.0
 80CW  02-Feb-26 17:22 0040  DA1DX          599  599  151           X        1   3533.3
 80CW  02-Feb-26 17:23 0041  DJ9MH          599  599  103           H        1   3534.6
 80CW  02-Feb-26 17:23 0042  OZ1AAR         599  599  075                    1   3535.7
 80CW  02-Feb-26 17:24 0043  DL1NKS         599  599  102                    1   3536.0
 80CW  02-Feb-26 17:25 0044  OK2GG          599  599  121           G        1   3538.0
 80CW  02-Feb-26 17:25 0045  OK1DOR         599  599  086                    1   3537.4
 80CW  02-Feb-26 17:27 0046  S53K           599  599  036           K        1   3541.9
 80CW  02-Feb-26 17:29 0047  PA3AAV         599  599  139                    1   3539.6
