 40CW  26-Jan-26 16:30 0001  DF8V           599  599  001           V        1   7025.8
 40CW  26-Jan-26 16:31 0002  SM5IMO         599  599  002           O        1   7026.3
 40CW  26-Jan-26 16:33 0003  SD6F           599  599  007           F        1   7027.7
 40CW  26-Jan-26 16:34 0004  OK5NZ          599  599  009           Z        1   7028.0
 40CW  26-Jan-26 16:34 0005  SQ9RM          599  599  004           M        1   7028.5
 40CW  26-Jan-26 16:35 0006  OK1DSZ         599  599  012                    1   7028.8
 40CW  26-Jan-26 16:35 0007  DL4YR          599  599  008           R        1   7029.0
 40CW  26-Jan-26 16:36 0008  SN5N           599  599  018           N        1   7029.5
 40CW  26-Jan-26 16:37 0009  OK1DOR         599  599  012                    1   7030.4
 40CW  26-Jan-26 16:37 0010  DD5M           599  599  019                    1   7031.2
 40CW  26-Jan-26 16:38 0011  OK2ZV          599  599  011                    1   7031.7
 40CW  26-Jan-26 16:39 0012  SP7OGP         599  599  017           P        1   7032.7
 40CW  26-Jan-26 16:39 0013  SM5CSS         599  599  015           S        1   7032.7
 40CW  26-Jan-26 16:40 0014  OK2ZV          599  599  017                    0   7032.7
 40CW  26-Jan-26 16:40 0015  OZ7BQ          599  599  010           Q        1   7032.7
 40CW  26-Jan-26 16:40 0016  R2ZU           599  599  011           U        1   7032.7
 40CW  26-Jan-26 16:41 0017  OK1WSL         599  599  014           L        1   7032.7
 40CW  26-Jan-26 16:41 0018  DR3W           599  599  022           W        1   7032.7
 40CW  26-Jan-26 16:42 0019  OK2GG          599  599  019           G        1   7032.7
 40CW  26-Jan-26 16:42 0020  DJ1OJ          599  599  016           J        1   7032.7
 40CW  26-Jan-26 16:43 0021  YL3NU          599  599  007                    1   7032.7
 40CW  26-Jan-26 16:43 0022  OK2BFN         599  599  026                    1   7032.7
 40CW  26-Jan-26 16:43 0023  M4N            599  599  028                    1   7032.7
 40CW  26-Jan-26 16:44 0024  SM7GVF         599  599  018                    1   7032.7
 40CW  26-Jan-26 16:44 0025  DR2C           599  599  034           C        1   7032.7
 40CW  26-Jan-26 16:45 0026  SP8BXL         599  599  017                    1   7032.7
 40CW  26-Jan-26 16:45 0027  DA0BCC         599  599  036                    1   7032.7
 40CW  26-Jan-26 16:46 0028  SE7S           599  599  018                    1   7032.7
 40CW  26-Jan-26 16:46 0029  SQ7M           599  599  009                    1   7032.7
 40CW  26-Jan-26 16:47 0030  LY6A           599  599  031           A        1   7032.7
 40CW  26-Jan-26 16:48 0031  OK1AMX         599  599  024           X        1   7032.7
 40CW  26-Jan-26 16:49 0032  OL8R           599  599  066                    1   7032.7
 40CW  26-Jan-26 16:49 0033  YO2NAA         599  599  026                    1   7032.7
 40CW  26-Jan-26 16:50 0034  DF3VM          599  599  049                    1   7032.7
 40CW  26-Jan-26 16:50 0035  OK1ITK         599  599  016           K        1   7032.7
 40CW  26-Jan-26 16:50 0036  DF7YE          599  599  047           E        1   7032.7
 40CW  26-Jan-26 16:51 0037  SP2MKI         599  599  031           I        1   7032.7
 40CW  26-Jan-26 16:51 0038  SM5DXR         599  599  027                    1   7032.7
 40CW  26-Jan-26 16:51 0039  OK5SA          599  599  021                    1   7032.7
 40CW  26-Jan-26 16:52 0040  DL1SAN         599  599  006                    1   7032.7
 40CW  26-Jan-26 16:53 0041  DL2NBY         599  599  042           Y        1   7032.7
 40CW  26-Jan-26 16:53 0042  SD1A           599  599  025                    1   7032.7
 40CW  26-Jan-26 16:53 0043  ON4EM          599  599  047                    1   7032.7
 40CW  26-Jan-26 16:55 0044  HA5BVG         599  599  032                    1   7032.7
 40CW  26-Jan-26 16:55 0045  DA2D           599  599  032           D        1   7032.7
 40CW  26-Jan-26 16:55 0046  DL8QS          599  599  046                    1   7032.7
 40CW  26-Jan-26 16:56 0047  DJ0SP          599  599  055                    1   7032.7
 40CW  26-Jan-26 16:56 0048  SM0OEK         599  599  056                    1   7032.7
 40CW  26-Jan-26 16:56 0049  OK1FKD         599  599  026                    1   7032.7
 40CW  26-Jan-26 16:56 0050  SO5O           599  599  028                    1   7032.7
 40CW  26-Jan-26 16:57 0051  G4BFG          599  599  023                    1   7032.7
 40CW  26-Jan-26 16:57 0052  DF4PD          599  599  041                    1   7032.7
 40CW  26-Jan-26 16:58 0053  HA2OS          599  599  028                    1   7032.7
 40CW  26-Jan-26 16:58 0054  DF1DT          599  599  036           T        1   7032.7
 40CW  26-Jan-26 16:58 0055  F6GCP          599  599  030                    1   7032.7
 40CW  26-Jan-26 16:59 0056  SP3EFD         599  599  022                    1   7032.7
 40CW  26-Jan-26 17:01 0057  DJ9KH          599  599  068           H        1   7036.4
 80CW  26-Jan-26 17:03 0058  OK5M           599  599  053           M        1   3531.6
 80CW  26-Jan-26 17:03 0059  DJ3WE          599  599  030           E        1   3531.6
 80CW  26-Jan-26 17:05 0060  OK7NV          599  599  037           V        1   3531.6
 80CW  26-Jan-26 17:05 0061  DL8QS          599  599  067           S        1   3531.6
 80CW  26-Jan-26 17:06 0062  OK5FF          599  599  038           F        1   3531.6
 80CW  26-Jan-26 17:06 0063  DA2D           599  599  049           D        1   3531.6
 80CW  26-Jan-26 17:08 0064  OK1OA          599  599  053           A        1   3531.6
 80CW  26-Jan-26 17:08 0065  OK1TN          599  599  042           N        1   3531.6
 80CW  26-Jan-26 17:09 0066  PA3AAV         599  599  090                    1   3531.6
 80CW  26-Jan-26 17:09 0067  OL8R           599  599  126           R        1   3531.6
 80CW  26-Jan-26 17:10 0068  DJ0SP          599  599  078           P        1   3531.6
 80CW  26-Jan-26 17:10 0069  DJ9MH          599  599  058           H        1   3531.6
 80CW  26-Jan-26 17:11 0070  DF6FQ          599  599  035           Q        1   3531.6
 80CW  26-Jan-26 17:11 0071  HB9BXE         599  599  075                    1   3531.6
 80CW  26-Jan-26 17:13 0072  DJ9KH          599  599  089                    1   3533.1
 80CW  26-Jan-26 17:14 0073  DD5M           599  599  099                    1   3533.6
 80CW  26-Jan-26 17:15 0074  OK1AY          599  599  055           Y        1   3534.4
 80CW  26-Jan-26 17:15 0075  OK1IBP         599  599  101                    1   3535.1
 80CW  26-Jan-26 17:17 0076  OK2QA          599  599  085                    1   3537.7
 80CW  26-Jan-26 17:19 0077  SC6O           599  599  071           O        1   3521.5
 80CW  26-Jan-26 17:19 0078  DL3KWF         599  599  056                    1   3522.0
 80CW  26-Jan-26 17:20 0079  SF6J           599  599  063           J        1   3522.7
 80CW  26-Jan-26 17:21 0080  DF3VM          599  599  105                    1   3525.0
 80CW  26-Jan-26 17:23 0081  HA2OS          599  599  060                    1   3526.5
 80CW  26-Jan-26 17:24 0082  OK1OFM         599  599  085                    1   3528.0
 80CW  26-Jan-26 17:24 0083  DA1DX          599  599  169           X        1   3528.7
 80CW  26-Jan-26 17:25 0084  S52W           599  599  115           W        1   3529.1
 80CW  26-Jan-26 17:26 0085  OK2BFN         599  599  091                    1   3529.5
 80CW  26-Jan-26 17:26 0086  SM5ACQ         599  599  078                    1   3529.8
 80CW  26-Jan-26 17:28 0087  OK2EA          599  599  057                    1   3530.2
 80CW  26-Jan-26 17:28 0088  DJ4MX          599  599  052                    1   3530.6
 80CW  26-Jan-26 17:28 0089  IU4JNR         599  599  064                    1   3530.9
 80CW  26-Jan-26 17:29 0090  OK1DSZ         599  599  135           Z        1   3535.1
 80CW  26-Jan-26 17:29 0091  DR2C           599  599  119           C        1   3541.1
