 40CW  19-Jan-26 16:31 0001  SO3O           599  599  001           O        1   7014.6
 40CW  19-Jan-26 16:31 0002  OL3W           599  599  004           W        1   7014.6
 40CW  19-Jan-26 16:32 0003  M4N            599  599  006           N        1   7014.6
 40CW  19-Jan-26 16:32 0004  OK1TRJ         599  599  002           J        1   7014.6
 40CW  19-Jan-26 16:33 0005  OK2ZV          599  599  009           V        1   7014.6
 40CW  19-Jan-26 16:34 0006  HA5MA          599  599  006           A        1   7014.6
 40CW  19-Jan-26 16:34 0007  OM2KI          599  599  010           I        1   7014.6
 40CW  19-Jan-26 16:34 0008  OK2EA          599  599  007                    1   7014.6
 40CW  19-Jan-26 16:34 0009  OK1TD          599  599  008           D        1   7014.6
 40CW  19-Jan-26 16:35 0010  SQ6MIH         599  599  007           H        1   7014.6
 40CW  19-Jan-26 16:36 0011  HA5BA          599  599  008                    1   7014.6
 40CW  19-Jan-26 16:36 0012  HG1G           599  599  013           G        1   7014.6
 40CW  19-Jan-26 16:37 0013  SM5CSS         599  599  012           S        1   7014.6
 40CW  19-Jan-26 16:38 0014  OK2CW          599  599  005                    1   7014.6
 40CW  19-Jan-26 16:39 0015  LY6A           599  599  018                    1   7014.6
 40CW  19-Jan-26 16:39 0016  SM7GVF         599  599  014           F        1   7014.6
 40CW  19-Jan-26 16:41 0017  S52W           599  599  024                    1   7014.6
 40CW  19-Jan-26 16:42 0018  DR2C           599  599  042           C        1   7014.6
 40CW  19-Jan-26 16:43 0019  OK2NO          599  599  018                    1   7014.6
 40CW  19-Jan-26 16:43 0020  DA3T           599  599  013           T        1   7014.6
 40CW  19-Jan-26 16:44 0021  SF6J           599  599  032                    1   7015.5
 40CW  19-Jan-26 16:46 0022  HA2OS          599  599  018                    1   7022.3
 40CW  19-Jan-26 16:47 0023  LZ5DI          599  599  049                    1   7022.7
 40CW  19-Jan-26 16:47 0024  OK1KKI         599  599  019                    1   7023.5
 40CW  19-Jan-26 16:48 0025  DR3W           599  599  031                    1   7023.9
 40CW  19-Jan-26 16:49 0026  OM2IB          599  599  019           B        1   7024.4
 40CW  19-Jan-26 16:49 0027  SE5T           599  599  027                    1   7024.6
 40CW  19-Jan-26 16:50 0028  OK1DSZ         599  599  031           Z        1   7025.8
 40CW  19-Jan-26 16:50 0029  DM5I           599  599  045                    1   7026.1
 40CW  19-Jan-26 16:51 0030  HA5BVG         599  599  028                    1   7027.0
 40CW  19-Jan-26 16:52 0031  YU1XO          599  599  026                    1   7027.4
 40CW  19-Jan-26 16:52 0032  SQ9RM          599  599  020           M        1   7027.7
 40CW  19-Jan-26 16:54 0033  OK1DOR         599  599  030           R        1   7027.9
 40CW  19-Jan-26 16:54 0034  DL1RTL         599  599  027           L        1   7028.3
 40CW  19-Jan-26 16:55 0035  SP2QG          599  599  053                    1   7028.7
 40CW  19-Jan-26 16:56 0036  OK1AMX         599  599  026           X        1   7030.0
 80CW  19-Jan-26 16:57 0037  DL5YM          599  599  026           M        1   3533.1
 80CW  19-Jan-26 16:58 0038  IU4JNR         599  599  031           R        1   3532.1
 80CW  19-Jan-26 16:58 0039  OK1RKS         599  599  035           S        1   3533.7
 80CW  19-Jan-26 16:59 0040  SD6F           599  599  049           F        1   3534.1
 80CW  19-Jan-26 16:59 0041  OK2NO          599  599  059           O        1   3534.5
 80CW  19-Jan-26 17:00 0042  OK2PYA         599  599  036           A        1   3536.0
 80CW  19-Jan-26 17:01 0043  OK1MSL         599  599  031           L        1   3536.5
 80CW  19-Jan-26 17:02 0044  SM5DXR         599  599  034                    1   3537.8
 80CW  19-Jan-26 17:03 0045  OL8R           599  599  081                    1   3538.2
 80CW  19-Jan-26 17:03 0046  DL8QS          599  599  068                    1   3538.2
 80CW  19-Jan-26 17:04 0047  DJ1OJ          599  599  040           J        1   3538.2
 80CW  19-Jan-26 17:05 0048  DJ9MH          599  599  053           H        1   3538.2
 80CW  19-Jan-26 17:05 0049  HB9BXE         599  599  054           E        1   3538.2
 80CW  19-Jan-26 17:05 0050  DM6M           599  599  051                    1   3538.2
 80CW  19-Jan-26 17:06 0051  LY6A           599  599  073                    1   3538.2
 80CW  19-Jan-26 17:08 0052  DA0BCC         599  599  072           C        1   3519.0
 80CW  19-Jan-26 17:09 0053  HA5MA          599  599  055                    1   3522.1
 80CW  19-Jan-26 17:09 0054  DM5I           599  599  089           I        1   3522.4
 80CW  19-Jan-26 17:10 0055  SC6O           599  599  061                    1   3522.7
 80CW  19-Jan-26 17:10 0056  DL3KWF         599  599  053                    1   3523.0
 80CW  19-Jan-26 17:11 0057  SF6J           599  599  068                    1   3523.4
 80CW  19-Jan-26 17:12 0058  SO3O           599  599  070                    1   3524.0
 80CW  19-Jan-26 17:12 0059  DR3W           599  599  070           W        1   3524.5
 80CW  19-Jan-26 17:12 0060  HG1G           599  599  080           G        1   3525.4
 80CW  19-Jan-26 17:13 0061  SE5T           599  599  060           T        1   3525.8
 80CW  19-Jan-26 17:14 0062  SP7JLH         599  599  052                    1   3527.0
 80CW  19-Jan-26 17:15 0063  OK1IBP         599  599  052           P        1   3528.1
 80CW  19-Jan-26 17:15 0064  DA1DX          599  599  104           X        1   3528.7
 80CW  19-Jan-26 17:17 0065  S53F           599  599  058                    1   3527.7
 80CW  19-Jan-26 17:17 0066  DD5M           599  599  095                    1   3527.7
 80CW  19-Jan-26 17:18 0067  SQ6MIH         599  599  057                    1   3527.7
 80CW  19-Jan-26 17:19 0068  DM7W           599  599  088                    1   3527.7
 80CW  19-Jan-26 17:20 0069  HB9CMW         599  599  032                    1   3527.7
 80CW  19-Jan-26 17:21 0070  OK2NO          599  599  082                    0   3527.7
 80CW  19-Jan-26 17:21 0071  SP2XX          599  599  072                    1   3527.7
 80CW  19-Jan-26 17:21 0072  DK1KC          599  599  060                    1   3527.7
 80CW  19-Jan-26 17:21 0073  DF2RQ          599  599  082           Q        1   3527.7
 80CW  19-Jan-26 17:22 0074  OM5CM          599  599  055                    1   3527.7
 80CW  19-Jan-26 17:22 0075  DA2D           599  599  053           D        1   3527.7
 80CW  19-Jan-26 17:23 0076  OM3ZU          599  599  021           U        1   3527.7
 80CW  19-Jan-26 17:23 0077  SN5N           599  599  092           N        1   3527.7
 80CW  19-Jan-26 17:24 0078  SM0OEK         599  599  098           K        1   3527.7
 80CW  19-Jan-26 17:24 0079  DL4ME          599  599  102                    1   3527.7
 80CW  19-Jan-26 17:25 0080  SM5IMO         599  599  080                    1   3527.7
 80CW  19-Jan-26 17:25 0081  SM7GVF         599  599  061                    1   3527.7
 80CW  19-Jan-26 17:25 0082  S53K           599  599  070                    1   3527.7
 80CW  19-Jan-26 17:26 0083  DR2C           599  599  110                    1   3527.7
 80CW  19-Jan-26 17:26 0084  OK1TN          599  599  082                    1   3527.7
 80CW  19-Jan-26 17:27 0085  OK1USP         599  599  063                    1   3527.7
 80CW  19-Jan-26 17:28 0086  DF7YE          599  599  111                    1   3527.7
 80CW  19-Jan-26 17:29 0087  OK1AMX         599  599  069                    1   3527.7
 80CW  19-Jan-26 17:29 0088  SP3VT          599  599  095                    1   3527.7
