 80CW  11-Mar-26 20:14 0001  GW5P           599  599  26            GW       3   3526.0
 80CW  11-Mar-26 20:15 0002  G4PIQ          599  599  36            G        3   3525.2
 80CW  11-Mar-26 20:15 0003  GM3X           599  599  41            GM       3   3524.5
 80CW  11-Mar-26 20:16 0004  GM6XX          599  599  33                     3   3522.9
 80CW  11-Mar-26 20:16 0005  G4A            599  599  33                     3   3522.5
 80CW  11-Mar-26 20:18 0006  G4ZZL          599  599  13                     3   3527.9
 80CW  11-Mar-26 20:20 0007  G4CTY          599  599  10                     3   3527.9
 80CW  11-Mar-26 20:20 0008  G4N            599  599  36                     3   3527.9
 80CW  11-Mar-26 20:21 0009  M0LAI          599  599  18                     3   3527.9
 80CW  11-Mar-26 20:21 0010  G4ENZ          599  599  47                     3   3527.9
 80CW  11-Mar-26 20:21 0011  M4N            599  599  47                     3   3527.9
 80CW  11-Mar-26 20:23 0012  G4ENZ          599  599  51                     0   3527.9
 80CW  11-Mar-26 20:24 0013  M1EYP          599  599  25                     3   3527.9
 80CW  11-Mar-26 20:24 0014  M0NQN          599  599  19                     3   3527.9
 80CW  11-Mar-26 20:25 0015  2E0OBO         599  599  30                     3   3527.9
 80CW  11-Mar-26 20:26 0016  G4GVC          599  599  23                     3   3527.9
 80CW  11-Mar-26 20:27 0017  G4LPP          599  599  54                     3   3527.9
 80CW  11-Mar-26 20:28 0018  G4CMY          599  599  43                     3   3527.9
 80CW  11-Mar-26 20:28 0019  G3OGP          599  599  32                     3   3527.9
 80CW  11-Mar-26 20:29 0020  G3ZBU          599  599  29                     3   3527.9
 80CW  11-Mar-26 20:31 0021  G4ARI          599  599  68                     3   3528.5
 80CW  11-Mar-26 20:32 0022  M5M            599  599  61                     3   3529.1
 80CW  11-Mar-26 20:34 0023  M0RYB          599  599  61                     3   3530.6
 80CW  11-Mar-26 20:34 0024  G3ZGC          599  599  60                     3   3531.3
 80CW  11-Mar-26 20:35 0025  G5C            599  599  48                     3   3531.7
 80CW  11-Mar-26 20:36 0026  GI5I           599  599  57            GI       3   3532.5
 80CW  11-Mar-26 20:37 0027  GW9J           599  599  63                     3   3533.0
 80CW  11-Mar-26 20:37 0028  G4BVH          599  599  68                     3   3533.2
 80CW  11-Mar-26 20:39 0029  G5T            599  599  13                     3   3535.1
 80CW  11-Mar-26 20:40 0030  M2A            599  599  81                     3   3535.6
 80CW  11-Mar-26 20:40 0031  2E0YEM         599  599  46                     3   3536.1
 80CW  11-Mar-26 20:41 0032  G4ZFE          599  599  68                     3   3536.6
 80CW  11-Mar-26 20:42 0033  G4FAD          599  599  73                     3   3537.5
 80CW  11-Mar-26 20:42 0034  M8M            599  599  71                     3   3539.3
 80CW  11-Mar-26 20:44 0035  G4KNO          599  599  71                     3   3539.9
 80CW  11-Mar-26 20:44 0036  G0HSA          599  599  54                     3   3540.4
 80CW  11-Mar-26 20:45 0037  G3YLA          599  599  72                     3   3541.2
 80CW  11-Mar-26 20:46 0038  GM3YEH         599  599  71                     3   3541.9
 80CW  11-Mar-26 20:46 0039  G3MXH          599  599  70                     3   3542.4
 80CW  11-Mar-26 20:47 0040  G0RAF          599  599  57                     3   3543.0
 80CW  11-Mar-26 20:48 0041  G3RWF          599  599  68                     3   3543.7
 80CW  11-Mar-26 20:49 0042  G7X            599  599  65                     3   3544.3
 80CW  11-Mar-26 20:49 0043  G3V            599  599  79                     3   3544.8
 80CW  11-Mar-26 20:51 0044  G4BVY          599  599  91                     3   3546.2
 80CW  11-Mar-26 20:51 0045  G6A            599  599  88                     3   3547.3
 80CW  11-Mar-26 20:52 0046  G0VQW          599  599  68                     3   3548.1
 80CW  11-Mar-26 20:52 0047  G4SGX          599  599  68                     3   3549.0
 80CW  11-Mar-26 20:53 0048  G0BKU          599  599  30                     3   3552.0
 80CW  11-Mar-26 20:54 0049  G7M            599  599  7                      3   3554.6
 80CW  11-Mar-26 20:54 0050  G5AT           599  599  99                     3   3511.2
 80CW  11-Mar-26 20:55 0051  G4AFF          599  599  116                    3   3512.2
 80CW  11-Mar-26 20:55 0052  MM0DGI         599  599  86                     3   3513.1
 80CW  11-Mar-26 20:56 0053  G8N            599  599  96                     3   3516.2
 80CW  11-Mar-26 20:56 0054  G5V            599  599  92                     3   3516.6
 80CW  11-Mar-26 20:57 0055  G4FNL          599  599  111                    3   3517.0
 80CW  11-Mar-26 20:57 0056  G8X            599  599  106                    3   3517.5
 80CW  11-Mar-26 20:58 0057  G7D            599  599  97                     3   3520.5
 80CW  11-Mar-26 20:59 0058  G4P            599  599  94                     3   3521.0
 80CW  11-Mar-26 20:59 0059  G0LZL          599  599  85                     3   3521.5
 80CW  11-Mar-26 21:00 0060  MW6M           599  599  99                     3   3522.0
 80CW  11-Mar-26 21:01 0061  G3P            599  599  110                    3   3523.2
 80CW  11-Mar-26 21:02 0062  G3PYE          599  599  113                    3   3523.6
 80CW  11-Mar-26 21:02 0063  M3PZZ          599  599  71                     3   3524.5
 80CW  11-Mar-26 21:03 0064  G0LHZ          599  599  87                     3   3525.6
 80CW  11-Mar-26 21:06 0065  G4CGG          599  599  42                     3   3532.1
 80CW  11-Mar-26 21:06 0066  G3OLB          599  599  130                    3   3532.1
 80CW  11-Mar-26 21:07 0067  MU5E           599  599  112           GU       3   3532.1
 80CW  11-Mar-26 21:07 0068  MM2T           599  599  100                    3   3532.1
 80CW  11-Mar-26 21:08 0069  M0KKM          599  599  35                     3   3532.1
 80CW  11-Mar-26 21:08 0070  G2F            599  599  75                     3   3532.1
 80CW  11-Mar-26 21:10 0071  G4LPD          599  599  71                     3   3532.1
 80CW  11-Mar-26 21:10 0072  G4P            599  599  106                    0   3532.1
 80CW  11-Mar-26 21:11 0073  G4MEM          599  599  16                     3   3532.1
 80CW  11-Mar-26 21:11 0074  G3XYF          599  599  46                     3   3532.1
 80CW  11-Mar-26 21:12 0075  G3LDI          599  599  130                    3   3532.1
 80CW  11-Mar-26 21:12 0076  GM4OSS         599  599  90                     3   3532.1
 80CW  11-Mar-26 21:12 0077  M7W            599  599  146                    3   3532.1
 80CW  11-Mar-26 21:14 0078  M9M            599  599  62                     3   3532.1
 80CW  11-Mar-26 21:15 0079  DG8WA          599  599  30            DL       2   3532.1
 80CW  11-Mar-26 21:16 0080  G4RQI          599  599  99                     3   3529.5
 80CW  11-Mar-26 21:17 0081  G3PDH          599  599  133                    3   3529.0
 80CW  11-Mar-26 21:18 0082  G3PHO          599  599  129                    3   3527.3
 80CW  11-Mar-26 21:19 0083  GM3YEH         599  599  108                    0   3524.9
 80CW  11-Mar-26 21:20 0084  G3RIR          599  599  86                     3   3532.1
 80CW  11-Mar-26 21:21 0085  G3SWH          599  599  143                    3   3532.1
 80CW  11-Mar-26 21:22 0086  G3RVM          599  599  147                    3   3532.1
 80CW  11-Mar-26 21:24 0087  G4SND          599  599  136                    3   3534.5
 80CW  11-Mar-26 21:25 0088  MW0CVT         599  599  95                     3   3538.5
 80CW  11-Mar-26 21:26 0089  G4IVV          599  599  140                    3   3539.7
 80CW  11-Mar-26 21:26 0090  MM2N           599  599  78                     3   3541.0
 80CW  11-Mar-26 21:28 0091  G5W            599  599  165                    3   3518.0
 80CW  11-Mar-26 21:29 0092  G3BOY          599  599  83                     3   3517.6
 80CW  11-Mar-26 21:29 0093  MW4R           599  599  158                    3   3513.8
 80CW  11-Mar-26 21:29 0094  G4RCD          599  599  148                    3   3515.2
