 40CW  02-Mar-26 16:30 0001  SP2QG          599  599  001           G        1   7030.8
 40CW  02-Mar-26 16:31 0002  SN5N           599  599  003           N        1   7030.5
 40CW  02-Mar-26 16:32 0003  OK1TN          599  599  003                    1   7029.8
 40CW  02-Mar-26 16:33 0004  OG6B           599  599  003           B        1   7027.1
 40CW  02-Mar-26 16:33 0005  DA0BCC         599  599  006           C        1   7027.1
 40CW  02-Mar-26 16:34 0006  OK1OA          599  599  010           A        1   7027.1
 40CW  02-Mar-26 16:34 0007  SM0OEK         599  599  010           K        1   7027.1
 40CW  02-Mar-26 16:35 0008  HB9HTF         599  599  011           F        1   7027.2
 40CW  02-Mar-26 16:36 0009  YU5T           599  599  013           T        1   7027.2
 40CW  02-Mar-26 16:37 0010  DJ9SN          599  599  009                    1   7027.2
 40CW  02-Mar-26 16:37 0011  LZ5DI          599  599  020           I        1   7027.2
 40CW  02-Mar-26 16:37 0012  SP2XX          599  599  017           X        1   7027.2
 40CW  02-Mar-26 16:38 0013  OH3MZ          599  599  013           Z        1   7027.2
 40CW  02-Mar-26 16:39 0014  DL0KS          599  599  010           S        1   7027.2
 40CW  02-Mar-26 16:39 0015  OK5SA          599  599  016                    1   7027.2
 40CW  02-Mar-26 16:39 0016  YL2TD          599  599  014           D        1   7027.2
 40CW  02-Mar-26 16:40 0017  F6GGA          599  599  009                    1   7027.2
 40CW  02-Mar-26 16:41 0018  OZ7BQ          599  599  015           Q        1   7027.2
 40CW  02-Mar-26 16:41 0019  DL4ME          599  599  026           E        1   7027.2
 40CW  02-Mar-26 16:41 0020  SP7N           599  599  021                    1   7027.2
 40CW  02-Mar-26 16:42 0021  OM4AY          599  599  016           Y        1   7027.2
 40CW  02-Mar-26 16:42 0022  OK2ZV          599  599  023           V        1   7027.2
 40CW  02-Mar-26 16:43 0023  OM3TVI         599  599  008                    1   7027.2
 40CW  02-Mar-26 16:43 0024  SP2HHX         599  599  019                    1   7027.2
 40CW  02-Mar-26 16:43 0025  OK2CW          599  599  019           W        1   7027.2
 40CW  02-Mar-26 16:44 0026  OK1FMX         599  599  019                    1   7027.2
 40CW  02-Mar-26 16:44 0027  DK3AX          599  599  018                    1   7027.2
 40CW  02-Mar-26 16:44 0028  OL8R           599  599  051           R        1   7027.2
 40CW  02-Mar-26 16:44 0029  DL8WN          599  599  011                    1   7027.2
 40CW  02-Mar-26 16:45 0030  OM3ZU          599  599  023           U        1   7027.2
 40CW  02-Mar-26 16:45 0031  DL7YS          599  599  022                    1   7027.2
 40CW  02-Mar-26 16:45 0032  SN1T           599  599  044                    1   7027.2
 40CW  02-Mar-26 16:46 0033  DF7TS          599  599  020                    1   7027.2
 40CW  02-Mar-26 16:46 0034  M4N            599  599  035                    1   7027.2
 40CW  02-Mar-26 16:46 0035  OK5FF          599  599  028                    1   7027.2
 40CW  02-Mar-26 16:47 0036  OK1DSZ         599  599  046                    1   7027.2
 40CW  02-Mar-26 16:47 0037  HB9BXE         599  599  033                    1   7027.2
 40CW  02-Mar-26 16:47 0038  SP2MKI         599  599  022                    1   7027.2
 40CW  02-Mar-26 16:48 0039  HA5BA          599  599  022                    1   7027.2
 40CW  02-Mar-26 16:48 0040  SP8BXL         599  599  020           L        1   7027.2
 40CW  02-Mar-26 16:49 0041  SQ6MIH         599  599  010           H        1   7027.2
 40CW  02-Mar-26 16:50 0042  G4BFG          599  599  023                    1   7027.2
 40CW  02-Mar-26 16:51 0043  SQ9RM          599  599  034           M        1   7023.7
 40CW  02-Mar-26 16:53 0044  OK1IBP         599  599  055           P        1   7029.9
 40CW  02-Mar-26 16:54 0045  DJ9KH          599  599  047                    1   7031.3
 40CW  02-Mar-26 16:55 0046  SP8RX/1        599  599  015           1        1   7039.2
 40CW  02-Mar-26 16:56 0047  OK1DOR         599  599  047                    1   7028.7
 40CW  02-Mar-26 16:57 0048  SM5IMO         599  599  049           O        1   7018.0
 40CW  02-Mar-26 16:58 0049  SF6J           599  599  058           J        1   7017.1
 40CW  02-Mar-26 16:58 0050  DJ3WE          599  599  047                    1   7013.6
 40CW  02-Mar-26 16:59 0051  OE3PWX         599  599  025                    1   7013.6
 40CW  02-Mar-26 16:59 0052  S52W           599  599  072                    1   7013.6
 40CW  02-Mar-26 17:00 0053  HG5E           599  599  035                    1   7013.6
 40CW  02-Mar-26 17:00 0054  SE5T           599  599  062                    1   7013.6
 40CW  02-Mar-26 17:01 0055  OK2IW          599  599  027                    1   7013.6
 40CW  02-Mar-26 17:01 0056  DK1KC          599  599  055                    1   7013.6
 40CW  02-Mar-26 17:02 0057  SM5CSS         599  599  046                    1   7013.6
 40CW  02-Mar-26 17:02 0058  SP3VT          599  599  075                    1   7013.6
 40CW  02-Mar-26 17:03 0059  DF8V           599  599  058                    1   7013.6
 40CW  02-Mar-26 17:04 0060  OK7AZ          599  599  025                    1   7013.6
 80CW  02-Mar-26 17:06 0061  DL7YS          599  599  060           S        1   3529.5
 80CW  02-Mar-26 17:06 0062  OK5RM          599  599  030           M        1   3529.5
 80CW  02-Mar-26 17:07 0063  SN7J           599  599  036           J        1   3529.5
 80CW  02-Mar-26 17:07 0064  DF7YE          599  599  076           E        1   3529.5
 80CW  02-Mar-26 17:08 0065  OK1KKI         599  599  064           I        1   3529.5
 80CW  02-Mar-26 17:08 0066  S53F           599  599  035           F        1   3529.5
 80CW  02-Mar-26 17:08 0067  DJ0SP          599  599  074           P        1   3529.5
 80CW  02-Mar-26 17:09 0068  OK1OA          599  599  069           A        1   3529.5
 80CW  02-Mar-26 17:09 0069  OK1FMX         599  599  043           X        1   3529.5
 80CW  02-Mar-26 17:09 0070  OK1AY          599  599  040           Y        1   3529.5
 80CW  02-Mar-26 17:10 0071  DJ3WE          599  599  060                    1   3529.5
 80CW  02-Mar-26 17:10 0072  DL1DWR         599  599  026           R        1   3529.5
 80CW  02-Mar-26 17:11 0073  OK2PYA         599  599  045                    1   3529.5
 80CW  02-Mar-26 17:11 0074  HB9BXE         599  599  076                    1   3529.5
 80CW  02-Mar-26 17:12 0075  OK2BFN         599  599  082           N        1   3529.5
 80CW  02-Mar-26 17:12 0076  SM0OEK         599  599  085           K        1   3529.5
 80CW  02-Mar-26 17:12 0077  OK1DSZ         599  599  102           Z        1   3529.5
 80CW  02-Mar-26 17:13 0078  DK1KC          599  599  072           C        1   3529.5
 80CW  02-Mar-26 17:13 0079  S51J           599  599  038                    1   3529.5
 80CW  02-Mar-26 17:13 0080  OK4RQ          599  599  036           Q        1   3529.5
 80CW  02-Mar-26 17:14 0081  S53K           599  599  027                    1   3529.5
 80CW  02-Mar-26 17:14 0082  SM5IMO         599  599  079           O        1   3529.5
 80CW  02-Mar-26 17:14 0083  SM6M           599  599  095                    1   3529.5
 80CW  02-Mar-26 17:15 0084  SM7GVF         599  599  066                    1   3529.5
 80CW  02-Mar-26 17:16 0085  SP4TKR         599  599  046                    1   3529.5
 80CW  02-Mar-26 17:16 0086  LY6A           599  599  086                    1   3529.5
 80CW  02-Mar-26 17:16 0087  SN5N           599  599  097                    1   3529.5
 80CW  02-Mar-26 17:17 0088  SE5T           599  599  095           T        1   3528.8
 80CW  02-Mar-26 17:18 0089  SD1A           599  599  070                    1   3528.1
 80CW  02-Mar-26 17:18 0090  SP3VT          599  599  107                    1   3527.9
 80CW  02-Mar-26 17:19 0091  PA3AAV         599  599  123           V        1   3530.4
 80CW  02-Mar-26 17:20 0092  DD5M           599  599  064                    1   3534.1
 80CW  02-Mar-26 17:22 0093  OK1FIG         599  599  023           G        1   3534.5
 80CW  02-Mar-26 17:23 0094  OK2IW          599  599  065           W        1   3527.5
 80CW  02-Mar-26 17:24 0095  SN1T           599  599  130                    1   3528.7
 80CW  02-Mar-26 17:25 0096  OK1USP         599  599  055                    1   3528.7
 80CW  02-Mar-26 17:26 0097  OM2IB          599  599  110           B        1   3528.7
 80CW  02-Mar-26 17:27 0098  DA0BCC         599  599  110                    1   3528.7
 80CW  02-Mar-26 17:27 0099  DL8QS          599  599  099                    1   3528.7
 80CW  02-Mar-26 17:28 0100  OK2ZV          599  599  101                    1   3528.7
 80CW  02-Mar-26 17:29 0101  SD6M           599  599  105                    1   3528.7
 80CW  02-Mar-26 17:29 0102  DJ9MH          599  599  078           H        1   3528.7
 80CW  02-Mar-26 17:29 0103  DA3T           599  599  051                    1   3528.7
