 15CW  15-Apr-26 19:03 0001  WG3J           599  599  Eric 2473     WG3J     1  21031.0
 15CW  15-Apr-26 19:04 0002  K3WW           599  599  Chas 178      K3WW     1  21030.0
 15CW  15-Apr-26 19:07 0003  K5GN           599  599  Dave 855      K5GN     1  21032.6
 15CW  15-Apr-26 19:07 0004  VE3TM          599  599  Vlad 2543     VE3TM    1  21027.8
 20CW  15-Apr-26 19:09 0005  W8FJ           599  599  John 201      W8FJ     1  14028.4
 20CW  15-Apr-26 19:09 0006  EA6BF          599  599  Josep 3072    EA6BF    1  14029.0
 20CW  15-Apr-26 19:10 0007  N3RD           599  599  DAVE 323      N3RD     1  14029.7
 20CW  15-Apr-26 19:12 0008  W1WEF          599  599  Jack 48       W1WEF    1  14030.8
 20CW  15-Apr-26 19:12 0009  DK3WW          599  599  Uwe 2523      DK3WW    1  14031.0
 20CW  15-Apr-26 19:16 0010  W4HG           599  599  Wayne 494     W4HG     1  14035.7
 20CW  15-Apr-26 19:17 0011  W4ZYT          599  599  Don 55        W4ZYT    1  14035.7
 20CW  15-Apr-26 19:19 0012  VA3SB          599  599  Serge 1488    VA3SB    1  14036.0
 20CW  15-Apr-26 19:19 0013  VA2WA          599  599  Vic 2212      VA2WA    1  14036.3
 20CW  15-Apr-26 19:20 0014  N3QE           599  599  Tim 1223      N3QE     1  14036.7
 20CW  15-Apr-26 19:20 0015  KR3E           599  599  Ed 133        KR3E     1  14037.4
 20CW  15-Apr-26 19:21 0016  E70T           599  599  Vlado 3585    E70T     1  14037.7
 20CW  15-Apr-26 19:21 0017  IT9KCD         599  599  Gae 3653      IT9KCD   1  14038.0
 20CW  15-Apr-26 19:22 0018  K2WK           599  599  Walt 444      K2WK     1  14038.6
 20CW  15-Apr-26 19:22 0019  EA6EJ          599  599  Ini 3276      EA6EJ    1  14039.0
 20CW  15-Apr-26 19:24 0020  AA3B           599  599  Bud 242       AA3B     1  14039.4
 20CW  15-Apr-26 19:25 0021  IK3VUT         599  599  Luca 3241     IK3VUT   1  14039.7
 20CW  15-Apr-26 19:26 0022  N3AD           599  599  Alan 727      N3AD     1  14040.5
 20CW  15-Apr-26 19:26 0023  W8FN           599  599  Randy 1864    W8FN     1  14042.7
 20CW  15-Apr-26 19:27 0024  NM2A           599  599  Mark 3014     NM2A     1  14044.0
 20CW  15-Apr-26 19:27 0025  ON7PQ          599  599  Pat 2365      ON7PQ    1  14044.3
 20CW  15-Apr-26 19:29 0026  DD2ML          599  599  ULLI DL       DD2ML    1  14045.0
 20CW  15-Apr-26 19:30 0027  OL8R           599  599  Petr 2830     OL8R     1  14045.9
 20CW  15-Apr-26 19:31 0028  K4PI           599  599  Mike 1066     K4PI     1  14046.3
 20CW  15-Apr-26 19:32 0029  AB5SE          599  599  Jerry 3934    AB5SE    1  14046.9
 20CW  15-Apr-26 19:33 0030  LZ1ZF          599  599  GOSHO 2824    LZ1ZF    1  14048.1
 20CW  15-Apr-26 19:34 0031  K2YY           599  599  John NJ       K2YY     1  14047.8
 20CW  15-Apr-26 19:35 0032  K4RUM          599  599  Mike 1182     K4RUM    1  14022.5
 20CW  15-Apr-26 19:35 0033  VE3JM          599  599  Vlad ON       VE3JM    1  14023.9
 20CW  15-Apr-26 19:36 0034  K2NV           599  599  Tony 1027     K2NV     1  14024.4
 20CW  15-Apr-26 19:36 0035  N8EA           599  599  Joe 725       N8EA     1  14025.0
 20CW  15-Apr-26 19:37 0036  N3OC           599  599  Brian 2944    N3OC     1  14025.5
 20CW  15-Apr-26 19:38 0037  N4ZZ           599  599  Don 902       N4ZZ     1  14026.0
 20CW  15-Apr-26 19:38 0038  DK9PY          599  599  Armin 2062    DK9PY    1  14027.0
 20CW  15-Apr-26 19:40 0039  LZ3ND          599  599  Nick LZ       LZ3ND    1  14027.7
 40CW  15-Apr-26 19:41 0040  G4IVV          599  599  Jon 3455      G4IVV    1   7024.3
 40CW  15-Apr-26 19:41 0041  PC4H           599  599  Henk 3399     PC4H     1   7024.3
 40CW  15-Apr-26 19:42 0042  SF6J           599  599  Goran 3471    SF6J     1   7024.3
 40CW  15-Apr-26 19:43 0043  EA3NO          599  599  Lluis 3800    EA3NO    1   7024.3
 40CW  15-Apr-26 19:43 0044  OH3BCX         599  599  Zaba 1856     OH3BCX   1   7024.3
 40CW  15-Apr-26 19:44 0045  SP5LST         599  599  Kot 3539      SP5LST   1   7024.3
 40CW  15-Apr-26 19:44 0046  OZ3SM          599  599  Steve 2361    OZ3SM    1   7024.3
 40CW  15-Apr-26 19:45 0047  SM5S           599  599  GI 2094       SM5S     1   7024.3
 40CW  15-Apr-26 19:45 0048  PE2K           599  599  Adi 2638      PE2K     1   7024.3
 40CW  15-Apr-26 19:45 0049  LY2MM          599  599  Al 3532       LY2MM    1   7024.3
 40CW  15-Apr-26 19:46 0050  PA0INA         599  599  Frans 443     PA0INA   1   7024.3
 40CW  15-Apr-26 19:47 0051  MM2T           599  599  Phil 3456     MM2T     1   7024.3
 40CW  15-Apr-26 19:47 0052  I2IFT          599  599  John 2704     I2IFT    1   7024.3
 40CW  15-Apr-26 19:49 0053  OL8R           599  599  Petr 2830              1   7024.3
 40CW  15-Apr-26 19:49 0054  DL1NKB         599  599  Bernd 2486    DL1NKB   1   7024.3
 40CW  15-Apr-26 19:50 0055  HB9AJY         599  599  Fritz 2672    HB9AJY   1   7024.3
 40CW  15-Apr-26 19:50 0056  G4BFG          599  599  Cie 3429      G4BFG    1   7024.3
 40CW  15-Apr-26 19:51 0057  SP4JFR         599  599  Bolo 3227     SP4JFR   1   7024.3
 40CW  15-Apr-26 19:51 0058  SM5ILE         599  599  TOTTE SM      SM5ILE   1   7024.3
 40CW  15-Apr-26 19:52 0059  HB9DAX         599  599  Fred 687      HB9DAX   1   7024.3
 40CW  15-Apr-26 19:54 0060  DD2ML          599  599  ULLI DL                1   7023.6
 40CW  15-Apr-26 19:55 0061  PA3AAV         599  599  Gert 2624     PA3AAV   1   7025.4
 40CW  15-Apr-26 19:56 0062  DK9PY          599  599  Armin 2062             1   7028.0
 40CW  15-Apr-26 19:57 0063  PA3ARM         599  599  HARRY PA      PA3ARM   1   7029.1
 40CW  15-Apr-26 19:58 0064  EA3FZT         599  599  Francis 2560  EA3FZT   1   7029.6
 40CW  15-Apr-26 19:58 0065  DM7TW          599  599  Paul 3715     DM7TW    1   7030.7
