 80CW  10-Mar-26 18:01 0001  DG8WA          599  599  F74           F74      2   3527.0
 80CW  10-Mar-26 18:02 0002  DF1PU          599  599  Z11           Z11      2   3525.1
 80CW  10-Mar-26 18:04 0003  DJ5NE          599  599  R07           R07      2   3523.0
 80CW  10-Mar-26 18:06 0004  DL5MCE         599  599  Y22           Y22      2   3523.5
 80CW  10-Mar-26 18:07 0005  DL4ME          599  599  X30           X30      2   3523.5
 80CW  10-Mar-26 18:09 0006  DL4VBU         599  599  Q03           Q03      2   3523.5
 80CW  10-Mar-26 18:09 0007  DA0BCC         599  599  BCC           BCC      2   3523.5
 80CW  10-Mar-26 18:10 0008  DL9FBF         599  599  F16           F16      2   3523.5
 80CW  10-Mar-26 18:11 0009  DG0KS          599  599  V02           V02      2   3523.5
 80CW  10-Mar-26 18:11 0010  DM6WAN         599  599  S54           S54      2   3523.5
 80CW  10-Mar-26 18:12 0011  DL4RLF         599  599  P06           P06      2   3523.5
 80CW  10-Mar-26 18:12 0012  DF1LON         599  599  R11           R11      2   3523.5
 80CW  10-Mar-26 18:14 0013  DM1PIO         599  599  Z11                    2   3523.5
 80CW  10-Mar-26 18:14 0014  DL6CQ          599  599  L16           L16      2   3523.5
 80CW  10-Mar-26 18:16 0015  DM1PIO         599  599  Y21           Y21      0   3523.5
 80CW  10-Mar-26 18:16 0016  DK1IZ          599  599  M05           M05      2   3523.5
 80CW  10-Mar-26 18:17 0017  DM6BU          599  599  P35           P35      2   3523.5
 80CW  10-Mar-26 18:18 0018  DL1ONI         599  599  T08           T08      2   3523.5
 80CW  10-Mar-26 18:20 0019  DL9MGE         599  599  W10           W10      2   3523.5
 80CW  10-Mar-26 18:20 0020  DF1OLS         599  599  H41           H41      2   3523.5
 80CW  10-Mar-26 18:24 0021  DL0BRV         599  599  I36           I36      2   3523.5
 80CW  10-Mar-26 18:26 0022  DF4ZL          599  599  F16                    2   3523.5
 80CW  10-Mar-26 18:26 0023  DM3NN          599  599  S19           S19      2   3523.5
 80CW  10-Mar-26 18:27 0024  DF8V           599  599  Q05           Q05      2   3523.5
 80CW  10-Mar-26 18:28 0025  DF9HC          599  599  V02                    2   3523.5
 80CW  10-Mar-26 18:29 0026  OL8R           599  599  004           004      3   3523.5
 80CW  10-Mar-26 18:30 0027  DG5BQ          599  599  P51           P51      2   3523.5
 80CW  10-Mar-26 18:32 0028  DL9PK          599  599  D08           D08      2   3523.5
 80CW  10-Mar-26 18:33 0029  PA1BX          599  599  009           009      3   3523.5
 80CW  10-Mar-26 18:33 0030  DL2TT          599  599  L05           L05      2   3523.5
 80CW  10-Mar-26 18:35 0031  DL0BZA         599  599  C13           C13      2   3523.5
 80CW  10-Mar-26 18:36 0032  DK3WW          599  599  Y09           Y09      2   3523.5
 80CW  10-Mar-26 18:36 0033  DL6DBN         599  599  O55           O55      2   3523.5
 80CW  10-Mar-26 18:37 0034  DL3LJ          599  599  M15           M15      2   3523.5
 80CW  10-Mar-26 18:38 0035  DJ5AS          599  599  Q05                    2   3523.5
 80CW  10-Mar-26 18:42 0036  DF2IX          599  599  A24           A24      2   3523.5
 80CW  10-Mar-26 18:44 0037  DF1CN          599  599  D01           D01      2   3523.5
 80CW  10-Mar-26 18:46 0038  DJ5TG          599  599  V14           V14      2   3523.5
 80CW  10-Mar-26 18:47 0039  DL4NAX         599  599  B06           B06      2   3523.5
 80CW  10-Mar-26 18:49 0040  DK2FG          599  599  N05           N05      2   3523.5
 80CW  10-Mar-26 18:51 0041  DJ1PW          599  599  A22           A22      2   3523.5
 80CW  10-Mar-26 18:53 0042  DG9VH          599  599  Q03                    2   3523.5
 80CW  10-Mar-26 18:53 0043  DL7UGN         599  599  Y22                    2   3523.5
 80CW  10-Mar-26 18:57 0044  DH7AMF         599  599  Y21                    2   3523.5
 80CW  10-Mar-26 18:59 0045  DL6HBQ         599  599  E09           E09      2   3523.5
