{"start":"2025-09-18T21:02:00+00:00","call":"S51WX","cty":"S5","qrg":7.0175,"mode":"CW","rsttx":"599","rstrx":"599","cq":15,"itu":28,"mycall":"DA0RR","last_update":"2025-09-21T21:14:49+00:00"}
{"start":"2025-09-18T21:05:00+00:00","call":"SP3JHZ","cty":"SP","qrg":7.0175,"mode":"CW","rsttx":"599","rstrx":"599","cq":15,"itu":28,"mycall":"DA0RR","last_update":"2025-09-21T21:14:49+00:00"}
{"start":"2025-09-18T21:06:00+00:00","call":"EW1V","cty":"EU","qrg":7.0175,"mode":"CW","rsttx":"599","rstrx":"599","cq":16,"itu":29,"mycall":"DA0RR","last_update":"2025-09-21T21:14:49+00:00"}
{"start":"2025-09-18T21:09:00+00:00","call":"ON5PU","cty":"ON","qrg":7.0175,"mode":"CW","rsttx":"599","rstrx":"599","cq":14,"itu":27,"mycall":"DA0RR","last_update":"2025-09-21T21:14:49+00:00"}
{"start":"2025-09-18T21:10:00+00:00","call":"SQ3MB","cty":"SP","qrg":7.0175,"mode":"CW","rsttx":"599","rstrx":"599","cq":15,"itu":28,"mycall":"DA0RR","last_update":"2025-09-21T21:14:49+00:00"}
{"start":"2025-09-18T21:10:15+00:00","call":"UR7VB","cty":"UR","qrg":7.0175,"mode":"CW","rsttx":"599","rstrx":"599","cq":16,"itu":29,"mycall":"DA0RR","last_update":"2025-09-21T21:14:49+00:00"}
{"start":"2025-09-18T21:11:00+00:00","call":"OM3TGK","cty":"OM","qrg":7.0175,"mode":"CW","rsttx":"599","rstrx":"599","cq":15,"itu":28,"mycall":"DA0RR","last_update":"2025-09-21T21:14:49+00:00"}
{"start":"2025-09-18T21:12:00+00:00","call":"HB9X","cty":"HB","qrg":7.0175,"mode":"CW","rsttx":"599","rstrx":"599","cq":14,"itu":28,"mycall":"DA0RR","last_update":"2025-09-21T21:14:49+00:00"}
{"start":"2025-09-18T21:20:00+00:00","call":"IK3RIT","cty":"I","qrg":7.0185,"mode":"CW","rsttx":"599","rstrx":"599","cq":15,"itu":28,"mycall":"DA0RR","last_update":"2025-09-21T21:14:49+00:00"}
{"start":"2025-09-19T18:57:53+00:00","stop":"2025-09-19T18:58:22+00:00","call":"UT1EI","cty":"UR","qrg":2400.042157,"mode":"MFSK","rsttx":"+16","rstrx":"+00","loc":"KN68SB","cq":16,"itu":29,"mycall":"DA0RR","myloc":"JO31","last_update":"2025-09-19T18:58:25+00:00","submode":"FT4"}
{"start":"2025-09-19T18:58:53+00:00","stop":"2025-09-19T18:59:22+00:00","call":"SQ9ATC","cty":"SP","qrg":2400.042157,"mode":"MFSK","rsttx":"+12","rstrx":"+08","loc":"KO02","cq":15,"itu":28,"mycall":"DA0RR","myloc":"JO31","last_update":"2025-09-19T18:59:26+00:00","submode":"FT4"}
{"start":"2025-09-19T18:59:17+00:00","stop":"2025-09-19T18:59:52+00:00","call":"YL2KF","cty":"YL","qrg":2400.042157,"mode":"MFSK","rsttx":"+01","rstrx":"+08","loc":"KO27ES","cq":15,"itu":29,"mycall":"DA0RR","myloc":"JO31","last_update":"2025-09-19T18:59:55+00:00","submode":"FT4"}
{"start":"2025-09-19T19:00:23+00:00","stop":"2025-09-19T19:00:52+00:00","call":"DL4YBG","cty":"DL","qrg":2400.042157,"mode":"MFSK","rsttx":"+07","rstrx":"+05","loc":"JO61","cq":14,"itu":28,"mycall":"DA0RR","myloc":"JO31","last_update":"2025-09-19T19:00:55+00:00","submode":"FT4"}
{"start":"2025-09-19T19:00:47+00:00","stop":"2025-09-19T19:01:22+00:00","call":"EU6DZ","cty":"EU","qrg":2400.042157,"mode":"MFSK","rsttx":"-16","rstrx":"+07","loc":"KO35","cq":16,"itu":29,"mycall":"DA0RR","myloc":"JO31","last_update":"2025-09-19T19:01:25+00:00","submode":"FT4"}
{"start":"2025-09-19T19:01:32+00:00","stop":"2025-09-19T19:02:07+00:00","call":"4Z5CP","cty":"4X","qrg":2400.042157,"mode":"MFSK","rsttx":"+10","rstrx":"+02","loc":"KM72MT","cq":20,"itu":39,"mycall":"DA0RR","myloc":"JO31","last_update":"2025-09-19T19:02:10+00:00","submode":"FT4"}
{"start":"2025-09-19T19:01:55+00:00","stop":"2025-09-19T19:02:24+00:00","call":"EW2MS","cty":"EU","qrg":2400.042157,"mode":"MFSK","rsttx":"+10","rstrx":"+07","loc":"KO34KH","cq":16,"itu":29,"mycall":"DA0RR","myloc":"JO31","last_update":"2025-09-19T19:02:27+00:00","submode":"FT4"}
{"start":"2025-09-19T19:02:23+00:00","stop":"2025-09-19T19:02:52+00:00","call":"R3HH","cty":"UA","qrg":2400.042157,"mode":"MFSK","rsttx":"+10","rstrx":"+04","loc":"KO95DU","cq":16,"itu":29,"mycall":"DA0RR","myloc":"JO31","last_update":"2025-09-19T19:02:56+00:00","submode":"FT4"}
{"start":"2025-09-19T19:04:08+00:00","stop":"2025-09-19T19:04:37+00:00","call":"IU0RKJ","cty":"I","qrg":2400.042157,"mode":"MFSK","rsttx":"-03","rstrx":"+11","loc":"JN61","cq":15,"itu":28,"mycall":"DA0RR","myloc":"JO31","last_update":"2025-09-19T19:04:42+00:00","submode":"FT4"}
{"start":"2025-09-19T19:07:38+00:00","stop":"2025-09-19T19:08:07+00:00","call":"IK3ITB","cty":"I","qrg":2400.042225,"mode":"MFSK","rsttx":"+06","rstrx":"+06","loc":"JN55MJ","cq":15,"itu":28,"mycall":"DA0RR","myloc":"JO31","last_update":"2025-09-19T19:08:11+00:00","submode":"FT4"}
{"start":"2025-09-19T19:08:17+00:00","stop":"2025-09-19T19:08:52+00:00","call":"SP1MVG","cty":"SP","qrg":2400.042190,"mode":"MFSK","rsttx":"+11","rstrx":"+04","loc":"JO73","cq":15,"itu":28,"mycall":"DA0RR","myloc":"JO31","last_update":"2025-09-19T19:08:54+00:00","submode":"FT4"}
{"start":"2025-09-19T19:08:47+00:00","stop":"2025-09-19T19:09:22+00:00","call":"IW3MYV","cty":"I","qrg":2400.042190,"mode":"MFSK","rsttx":"-01","rstrx":"+02","loc":"JN55TS","cq":15,"itu":28,"mycall":"DA0RR","myloc":"JO31","last_update":"2025-09-19T19:09:25+00:00","submode":"FT4"}
{"start":"2025-09-19T19:09:32+00:00","stop":"2025-09-19T19:10:07+00:00","call":"M0PPR","cty":"G","qrg":2400.042190,"mode":"MFSK","rsttx":"+11","rstrx":"+03","loc":"IO90LT","cq":14,"itu":27,"mycall":"DA0RR","myloc":"JO31","last_update":"2025-09-19T19:10:10+00:00","submode":"FT4"}
{"start":"2025-09-19T19:11:47+00:00","stop":"2025-09-19T19:12:22+00:00","call":"DL9AJ","cty":"DL","qrg":2400.042113,"mode":"MFSK","rsttx":"+09","rstrx":"+10","loc":"JO52","cq":14,"itu":28,"mycall":"DA0RR","myloc":"JO31","last_update":"2025-09-19T19:12:25+00:00","submode":"FT4"}
{"start":"2025-09-19T19:39:23+00:00","stop":"2025-09-19T19:39:52+00:00","call":"RA3FP","cty":"UA","qrg":2400.042113,"mode":"MFSK","rsttx":"+02","rstrx":"+06","loc":"KO94AV","cq":16,"itu":29,"mycall":"DA0RR","myloc":"JO31","last_update":"2025-09-19T19:39:56+00:00","submode":"FT4"}
{"start":"2025-09-19T19:40:23+00:00","stop":"2025-09-19T19:40:52+00:00","call":"YO2MAX","cty":"YO","qrg":2400.042113,"mode":"MFSK","rsttx":"+10","rstrx":"+08","loc":"KN15MR","cq":20,"itu":28,"mycall":"DA0RR","myloc":"JO31","last_update":"2025-09-19T19:40:56+00:00","submode":"FT4"}
{"start":"2025-09-19T19:41:08+00:00","stop":"2025-09-19T19:41:37+00:00","call":"SP5GNI","cty":"SP","qrg":2400.042113,"mode":"MFSK","rsttx":"+15","rstrx":"+03","loc":"KO02LI","cq":15,"itu":28,"mycall":"DA0RR","myloc":"JO31","last_update":"2025-09-19T19:41:40+00:00","submode":"FT4"}
{"start":"2025-09-19T19:41:32+00:00","stop":"2025-09-19T19:42:07+00:00","call":"SP5OAP","cty":"SP","qrg":2400.042113,"mode":"MFSK","rsttx":"+10","rstrx":"+01","loc":"KO02","cq":15,"itu":28,"mycall":"DA0RR","myloc":"JO31","last_update":"2025-09-19T19:42:10+00:00","submode":"FT4"}
{"start":"2025-09-19T19:44:46+00:00","stop":"2025-09-19T19:45:53+00:00","call":"G1YEF","cty":"G","qrg":2400.042113,"mode":"MFSK","rsttx":"+11","rstrx":"+01","cq":14,"itu":27,"mycall":"DA0RR","myloc":"JO31","last_update":"2025-09-19T19:45:58+00:00","submode":"FT4"}
{"start":"2025-09-19T19:51:00+00:00","call":"PI4AAG","cty":"PA","qrg":7.0265,"mode":"CW","rsttx":"599","rstrx":"599","cq":14,"itu":27,"mycall":"DA0RR","last_update":"2025-09-21T21:14:49+00:00"}
{"start":"2025-09-19T19:52:00+00:00","call":"EA3GFA","cty":"EA","qrg":7.0265,"mode":"CW","rsttx":"599","rstrx":"599","cq":14,"itu":37,"mycall":"DA0RR","last_update":"2025-09-21T21:14:49+00:00"}
{"start":"2025-09-19T19:52:15+00:00","call":"PA3BNT","cty":"PA","qrg":7.0265,"mode":"CW","rsttx":"599","rstrx":"599","cq":14,"itu":27,"mycall":"DA0RR","last_update":"2025-09-21T21:14:49+00:00"}
{"start":"2025-09-19T19:53:00+00:00","call":"DM2BKB","cty":"DL","qrg":7.0265,"mode":"CW","rsttx":"599","rstrx":"599","cq":14,"itu":28,"mycall":"DA0RR","last_update":"2025-09-21T21:14:49+00:00"}
{"start":"2025-09-19T19:54:00+00:00","call":"DM3AW","cty":"DL","qrg":7.0265,"mode":"CW","rsttx":"599","rstrx":"599","cq":14,"itu":28,"mycall":"DA0RR","last_update":"2025-09-21T21:14:49+00:00"}
{"start":"2025-09-19T19:56:00+00:00","call":"F4VXG","cty":"F","qrg":7.0265,"mode":"CW","rsttx":"599","rstrx":"599","cq":14,"itu":27,"mycall":"DA0RR","last_update":"2025-09-21T21:14:49+00:00"}
{"start":"2025-09-19T19:56:15+00:00","call":"DL1KX","cty":"DL","qrg":7.0265,"mode":"CW","rsttx":"599","rstrx":"599","cq":14,"itu":28,"mycall":"DA0RR","last_update":"2025-09-21T21:14:49+00:00"}
{"start":"2025-09-19T19:57:00+00:00","call":"9A2UN","cty":"9A","qrg":7.0265,"mode":"CW","rsttx":"599","rstrx":"599","cq":15,"itu":28,"mycall":"DA0RR","last_update":"2025-09-21T21:14:49+00:00"}
{"start":"2025-09-19T19:58:00+00:00","call":"DL1AH","cty":"DL","qrg":7.0265,"mode":"CW","rsttx":"599","rstrx":"599","cq":14,"itu":28,"mycall":"DA0RR","last_update":"2025-09-21T21:14:49+00:00"}
{"start":"2025-09-19T19:58:15+00:00","call":"DF5WN","cty":"DL","qrg":7.0265,"mode":"CW","rsttx":"599","rstrx":"599","cq":14,"itu":28,"mycall":"DA0RR","last_update":"2025-09-21T21:14:49+00:00"}
{"start":"2025-09-19T19:59:00+00:00","call":"DL2ADX","cty":"DL","qrg":7.0265,"mode":"CW","rsttx":"599","rstrx":"599","cq":14,"itu":28,"mycall":"DA0RR","last_update":"2025-09-21T21:14:49+00:00"}
{"start":"2025-09-19T20:00:00+00:00","call":"DK7MC","cty":"DL","qrg":7.0265,"mode":"CW","rsttx":"599","rstrx":"599","cq":14,"itu":28,"mycall":"DA0RR","last_update":"2025-09-21T21:14:49+00:00"}
{"start":"2025-09-19T20:00:15+00:00","call":"RA6Z","cty":"UA","qrg":7.0265,"mode":"CW","rsttx":"599","rstrx":"599","cq":16,"itu":29,"mycall":"DA0RR","last_update":"2025-09-21T21:14:49+00:00"}
{"start":"2025-09-19T20:02:00+00:00","call":"DF5JU","cty":"DL","qrg":7.0265,"mode":"CW","rsttx":"599","rstrx":"599","cq":14,"itu":28,"mycall":"DA0RR","last_update":"2025-09-21T21:14:49+00:00"}
{"start":"2025-09-19T20:06:00+00:00","call":"OK1FP","cty":"OK","qrg":7.0265,"mode":"CW","rsttx":"599","rstrx":"599","cq":15,"itu":28,"mycall":"DA0RR","last_update":"2025-09-21T21:14:49+00:00"}
{"start":"2025-09-19T20:07:00+00:00","call":"IZ2AVK","cty":"I","qrg":7.0265,"mode":"CW","rsttx":"599","rstrx":"599","cq":15,"itu":28,"mycall":"DA0RR","last_update":"2025-09-21T21:14:49+00:00"}
{"start":"2025-09-19T20:08:00+00:00","call":"IZ7QUF","cty":"I","qrg":7.0265,"mode":"CW","rsttx":"599","rstrx":"599","cq":15,"itu":28,"mycall":"DA0RR","last_update":"2025-09-21T21:14:49+00:00"}
{"start":"2025-09-19T20:09:00+00:00","call":"ON5ACO","cty":"ON","qrg":7.0265,"mode":"CW","rsttx":"599","rstrx":"599","cq":14,"itu":27,"mycall":"DA0RR","last_update":"2025-09-21T21:14:49+00:00"}
{"start":"2025-09-19T20:09:15+00:00","call":"ON5REV","cty":"ON","qrg":7.0265,"mode":"CW","rsttx":"599","rstrx":"599","cq":14,"itu":27,"mycall":"DA0RR","last_update":"2025-09-21T21:14:49+00:00"}
{"start":"2025-09-19T20:10:00+00:00","call":"IK5OJB","cty":"I","qrg":7.0265,"mode":"CW","rsttx":"599","rstrx":"599","cq":15,"itu":28,"mycall":"DA0RR","last_update":"2025-09-21T21:14:49+00:00"}
{"start":"2025-09-19T20:11:00+00:00","call":"DL7UWE","cty":"DL","qrg":7.0265,"mode":"CW","rsttx":"599","rstrx":"599","cq":14,"itu":28,"mycall":"DA0RR","last_update":"2025-09-21T21:14:49+00:00"}
{"start":"2025-09-19T20:12:00+00:00","call":"EI6KA","cty":"EI","qrg":7.0265,"mode":"CW","rsttx":"599","rstrx":"599","cq":14,"itu":27,"mycall":"DA0RR","last_update":"2025-09-21T21:14:49+00:00"}
{"start":"2025-09-19T20:12:15+00:00","call":"DF4JY","cty":"DL","qrg":7.0265,"mode":"CW","rsttx":"599","rstrx":"599","cq":14,"itu":28,"mycall":"DA0RR","last_update":"2025-09-21T21:14:49+00:00"}
{"start":"2025-09-19T20:12:30+00:00","call":"G3IDY","cty":"G","qrg":7.0265,"mode":"CW","rsttx":"599","rstrx":"599","cq":14,"itu":27,"mycall":"DA0RR","last_update":"2025-09-21T21:14:49+00:00"}
{"start":"2025-09-19T20:13:00+00:00","call":"DL1SDZ","cty":"DL","qrg":7.0265,"mode":"CW","rsttx":"599","rstrx":"599","cq":14,"itu":28,"mycall":"DA0RR","last_update":"2025-09-21T21:14:49+00:00"}
{"start":"2025-09-19T20:18:00+00:00","call":"DL6AAF","cty":"DL","qrg":7.0265,"mode":"CW","rsttx":"599","rstrx":"599","cq":14,"itu":28,"mycall":"DA0RR","last_update":"2025-09-21T21:14:49+00:00"}
{"start":"2025-09-19T20:19:00+00:00","call":"S58KA","cty":"S5","qrg":7.0265,"mode":"CW","rsttx":"599","rstrx":"599","cq":15,"itu":28,"mycall":"DA0RR","last_update":"2025-09-21T21:14:49+00:00"}
{"start":"2025-09-19T20:19:15+00:00","call":"F6KRK","cty":"F","qrg":7.0265,"mode":"CW","rsttx":"599","rstrx":"599","cq":14,"itu":27,"mycall":"DA0RR","last_update":"2025-09-21T21:14:49+00:00"}
{"start":"2025-09-19T20:20:00+00:00","call":"M5ABP","cty":"G","qrg":7.0265,"mode":"CW","rsttx":"599","rstrx":"599","cq":14,"itu":27,"mycall":"DA0RR","last_update":"2025-09-21T21:14:49+00:00"}
{"start":"2025-09-19T20:21:00+00:00","call":"IU5RFA","cty":"I","qrg":7.0265,"mode":"CW","rsttx":"599","rstrx":"599","cq":15,"itu":28,"mycall":"DA0RR","last_update":"2025-09-21T21:14:49+00:00"}
{"start":"2025-09-19T20:21:15+00:00","call":"DL1ROT","cty":"DL","qrg":7.0265,"mode":"CW","rsttx":"599","rstrx":"599","cq":14,"itu":28,"mycall":"DA0RR","last_update":"2025-09-21T21:14:49+00:00"}
{"start":"2025-09-19T20:22:00+00:00","call":"R7KN","cty":"UA","qrg":7.0265,"mode":"CW","rsttx":"599","rstrx":"599","cq":16,"itu":29,"mycall":"DA0RR","last_update":"2025-09-21T21:14:49+00:00"}
{"start":"2025-09-19T20:22:15+00:00","call":"SP9EIA","cty":"SP","qrg":7.0265,"mode":"CW","rsttx":"599","rstrx":"599","cq":15,"itu":28,"mycall":"DA0RR","last_update":"2025-09-21T21:14:49+00:00"}
{"start":"2025-09-19T20:23:00+00:00","call":"DJ6DH","cty":"DL","qrg":7.0265,"mode":"CW","rsttx":"599","rstrx":"599","cq":14,"itu":28,"mycall":"DA0RR","last_update":"2025-09-21T21:14:49+00:00"}
{"start":"2025-09-19T20:23:15+00:00","call":"G0TRT","cty":"G","qrg":7.0265,"mode":"CW","rsttx":"599","rstrx":"599","cq":14,"itu":27,"mycall":"DA0RR","last_update":"2025-09-21T21:14:49+00:00"}
{"start":"2025-09-19T20:24:00+00:00","call":"IZ4IST","cty":"I","qrg":7.0265,"mode":"CW","rsttx":"599","rstrx":"599","cq":15,"itu":28,"mycall":"DA0RR","last_update":"2025-09-21T21:14:49+00:00"}
{"start":"2025-09-21T07:59:00+00:00","call":"DK0SU","cty":"DL","qrg":7.0341,"mode":"CW","rsttx":"599","rstrx":"599","cq":14,"itu":28,"mycall":"DA0RR","last_update":"2025-09-21T21:14:49+00:00"}
{"start":"2025-09-21T08:01:00+00:00","call":"DL0TS","cty":"DL","qrg":7.0324,"mode":"CW","rsttx":"599","rstrx":"599","cq":14,"itu":28,"mycall":"DA0RR","last_update":"2025-09-21T21:14:49+00:00"}
{"start":"2025-09-21T08:02:00+00:00","call":"DK2OY","cty":"DL","qrg":7.0315,"mode":"CW","rsttx":"599","rstrx":"599","cq":14,"itu":28,"mycall":"DA0RR","last_update":"2025-09-21T21:14:49+00:00"}
{"start":"2025-09-21T08:04:00+00:00","call":"OT5Q","cty":"ON","qrg":7.0305,"mode":"CW","rsttx":"599","rstrx":"599","cq":14,"itu":27,"mycall":"DA0RR","last_update":"2025-09-21T21:14:49+00:00"}
{"start":"2025-09-21T08:06:00+00:00","call":"DF8PU","cty":"DL","qrg":7.0305,"mode":"CW","rsttx":"599","rstrx":"599","cq":14,"itu":28,"mycall":"DA0RR","last_update":"2025-09-21T21:14:49+00:00"}
{"start":"2025-09-21T08:07:00+00:00","call":"EA6SA","cty":"EA6","qrg":7.0305,"mode":"CW","rsttx":"599","rstrx":"599","cq":14,"itu":37,"mycall":"DA0RR","last_update":"2025-09-21T21:14:49+00:00"}
{"start":"2025-09-21T08:07:15+00:00","call":"DF6NW","cty":"DL","qrg":7.0305,"mode":"CW","rsttx":"599","rstrx":"599","cq":14,"itu":28,"mycall":"DA0RR","last_update":"2025-09-21T21:14:49+00:00"}
{"start":"2025-09-21T08:08:00+00:00","call":"DL4SEW","cty":"DL","qrg":7.0305,"mode":"CW","rsttx":"599","rstrx":"599","cq":14,"itu":28,"mycall":"DA0RR","last_update":"2025-09-21T21:14:49+00:00"}
{"start":"2025-09-21T08:09:00+00:00","call":"DM3ZF","cty":"DL","qrg":7.0305,"mode":"CW","rsttx":"599","rstrx":"599","cq":14,"itu":28,"mycall":"DA0RR","last_update":"2025-09-21T21:14:49+00:00"}
{"start":"2025-09-21T08:11:00+00:00","call":"EA1PJ","cty":"EA","qrg":7.0305,"mode":"CW","rsttx":"599","rstrx":"599","cq":14,"itu":37,"mycall":"DA0RR","last_update":"2025-09-21T21:14:49+00:00"}
{"start":"2025-09-21T08:12:00+00:00","call":"DL4MD","cty":"DL","qrg":7.0305,"mode":"CW","rsttx":"599","rstrx":"599","cq":14,"itu":28,"mycall":"DA0RR","last_update":"2025-09-21T21:14:49+00:00"}
{"start":"2025-09-21T08:13:00+00:00","call":"DL4KAN","cty":"DL","qrg":7.0305,"mode":"CW","rsttx":"599","rstrx":"599","cq":14,"itu":28,"mycall":"DA0RR","last_update":"2025-09-21T21:14:49+00:00"}
{"start":"2025-09-21T08:13:15+00:00","call":"SP4TKA","cty":"SP","qrg":7.0305,"mode":"CW","rsttx":"599","rstrx":"599","cq":15,"itu":28,"mycall":"DA0RR","last_update":"2025-09-21T21:14:49+00:00"}
{"start":"2025-09-21T08:16:00+00:00","call":"DL0MTK","cty":"DL","qrg":7.0361,"mode":"CW","rsttx":"599","rstrx":"599","cq":14,"itu":28,"mycall":"DA0RR","last_update":"2025-09-21T21:14:49+00:00"}
{"start":"2025-09-21T08:18:00+00:00","call":"DJ9AO","cty":"DL","qrg":7.0164,"mode":"CW","rsttx":"599","rstrx":"599","cq":14,"itu":28,"mycall":"DA0RR","last_update":"2025-09-21T21:14:49+00:00"}
{"start":"2025-09-21T08:19:00+00:00","call":"DL5YM","cty":"DL","qrg":7.0146,"mode":"CW","rsttx":"599","rstrx":"599","cq":14,"itu":28,"mycall":"DA0RR","last_update":"2025-09-21T21:14:49+00:00"}
{"start":"2025-09-21T08:44:00+00:00","call":"DK0PS","cty":"DL","qrg":7.02,"mode":"CW","rsttx":"599","rstrx":"599","cq":14,"itu":28,"mycall":"DA0RR","last_update":"2025-09-21T21:14:49+00:00"}
{"start":"2025-09-21T08:45:00+00:00","call":"DK0LT","cty":"DL","qrg":7.0211,"mode":"CW","rsttx":"599","rstrx":"599","cq":14,"itu":28,"mycall":"DA0RR","last_update":"2025-09-21T21:14:49+00:00"}
{"start":"2025-09-21T08:45:15+00:00","call":"DJ0SP","cty":"DL","qrg":7.0211,"mode":"CW","rsttx":"599","rstrx":"599","cq":14,"itu":28,"mycall":"DA0RR","last_update":"2025-09-21T21:14:49+00:00"}
{"start":"2025-09-21T08:46:00+00:00","call":"DL5IAH","cty":"DL","qrg":7.02,"mode":"CW","rsttx":"599","rstrx":"599","cq":14,"itu":28,"mycall":"DA0RR","last_update":"2025-09-21T21:14:49+00:00"}
{"start":"2025-09-21T08:47:00+00:00","call":"DL2OBF","cty":"DL","qrg":7.0254,"mode":"CW","rsttx":"599","rstrx":"599","cq":14,"itu":28,"mycall":"DA0RR","last_update":"2025-09-21T21:14:49+00:00"}
{"start":"2025-09-21T08:50:00+00:00","call":"DK0RPO","cty":"DL","qrg":7.0185,"mode":"CW","rsttx":"599","rstrx":"599","cq":14,"itu":28,"mycall":"DA0RR","last_update":"2025-09-21T21:14:49+00:00"}
{"start":"2025-09-21T08:54:00+00:00","call":"DL5YL","cty":"DL","qrg":7.0305,"mode":"CW","rsttx":"599","rstrx":"599","cq":14,"itu":28,"mycall":"DA0RR","last_update":"2025-09-21T21:14:49+00:00"}
{"start":"2025-09-21T08:58:00+00:00","call":"G4NNJ","cty":"G","qrg":7.0305,"mode":"CW","rsttx":"599","rstrx":"599","cq":14,"itu":27,"mycall":"DA0RR","last_update":"2025-09-21T21:14:49+00:00"}
{"start":"2025-09-21T08:58:15+00:00","call":"DL1ASP","cty":"DL","qrg":7.0305,"mode":"CW","rsttx":"599","rstrx":"599","cq":14,"itu":28,"mycall":"DA0RR","last_update":"2025-09-21T21:14:49+00:00"}
{"start":"2025-09-21T08:59:00+00:00","call":"DL7VMM","cty":"DL","qrg":7.0305,"mode":"CW","rsttx":"599","rstrx":"599","cq":14,"itu":28,"mycall":"DA0RR","last_update":"2025-09-21T21:14:49+00:00"}
{"start":"2025-09-21T09:00:00+00:00","call":"DL7URB","cty":"DL","qrg":7.0305,"mode":"CW","rsttx":"599","rstrx":"599","cq":14,"itu":28,"mycall":"DA0RR","last_update":"2025-09-21T21:14:49+00:00"}
{"start":"2025-09-21T09:00:15+00:00","call":"DL0ABT","cty":"DL","qrg":7.0305,"mode":"CW","rsttx":"599","rstrx":"599","cq":14,"itu":28,"mycall":"DA0RR","last_update":"2025-09-21T21:14:49+00:00"}
{"start":"2025-09-21T09:01:00+00:00","call":"DF1BN","cty":"DL","qrg":7.0305,"mode":"CW","rsttx":"599","rstrx":"599","cq":14,"itu":28,"mycall":"DA0RR","last_update":"2025-09-21T21:14:49+00:00"}
{"start":"2025-09-21T09:02:00+00:00","call":"DL5FCO","cty":"DL","qrg":7.0305,"mode":"CW","rsttx":"599","rstrx":"599","cq":14,"itu":28,"mycall":"DA0RR","last_update":"2025-09-21T21:14:49+00:00"}
{"start":"2025-09-21T09:03:00+00:00","call":"DK8HU","cty":"DL","qrg":7.0305,"mode":"CW","rsttx":"599","rstrx":"599","cq":14,"itu":28,"mycall":"DA0RR","last_update":"2025-09-21T21:14:49+00:00"}
{"start":"2025-09-21T09:04:00+00:00","call":"DL8SCT","cty":"DL","qrg":7.0305,"mode":"CW","rsttx":"599","rstrx":"599","cq":14,"itu":28,"mycall":"DA0RR","last_update":"2025-09-21T21:14:49+00:00"}
{"start":"2025-09-21T09:06:00+00:00","call":"DF7IS","cty":"DL","qrg":7.0305,"mode":"CW","rsttx":"599","rstrx":"599","cq":14,"itu":28,"mycall":"DA0RR","last_update":"2025-09-21T21:14:49+00:00"}
{"start":"2025-09-21T09:07:00+00:00","call":"DG4UF","cty":"DL","qrg":7.0305,"mode":"CW","rsttx":"599","rstrx":"599","cq":14,"itu":28,"mycall":"DA0RR","last_update":"2025-09-21T21:14:49+00:00"}
{"start":"2025-09-21T09:38:00+00:00","call":"DF5WC","cty":"DL","qrg":7.034,"mode":"CW","rsttx":"599","rstrx":"599","cq":14,"itu":28,"qsltx":"N","qslrx":"N","mycall":"DA0RR","last_update":"2025-09-21T09:39:07+00:00"}
{"start":"2025-09-21T10:34:00+00:00","call":"DJ5NE","cty":"DL","qrg":7.0255,"mode":"CW","rsttx":"599","rstrx":"599","cq":14,"itu":28,"qsltx":"N","qslrx":"N","mycall":"DA0RR","last_update":"2025-09-21T10:35:02+00:00"}
{"start":"2025-09-21T11:02:00+00:00","call":"DL2IQ","cty":"DL","qrg":7.0255,"mode":"CW","rsttx":"599","rstrx":"599","cq":14,"itu":28,"mycall":"DA0RR","last_update":"2025-09-21T21:14:49+00:00"}
{"start":"2025-09-21T11:03:00+00:00","call":"DL2XU","cty":"DL","qrg":7.0255,"mode":"CW","rsttx":"599","rstrx":"599","cq":14,"itu":28,"mycall":"DA0RR","last_update":"2025-09-21T21:14:49+00:00"}
{"start":"2025-09-21T11:05:00+00:00","call":"F6JUW","cty":"F","qrg":7.0255,"mode":"CW","rsttx":"599","rstrx":"599","cq":14,"itu":27,"mycall":"DA0RR","last_update":"2025-09-21T21:14:49+00:00"}
{"start":"2025-09-21T11:08:00+00:00","call":"DL1JHR","cty":"DL","qrg":7.0255,"mode":"CW","rsttx":"599","rstrx":"599","cq":14,"itu":28,"mycall":"DA0RR","last_update":"2025-09-21T21:14:49+00:00"}
{"start":"2025-09-21T11:11:00+00:00","call":"DL8SAO","cty":"DL","qrg":7.0255,"mode":"CW","rsttx":"599","rstrx":"599","cq":14,"itu":28,"mycall":"DA0RR","last_update":"2025-09-21T21:14:49+00:00"}
{"start":"2025-09-21T11:13:00+00:00","call":"DL3HXD","cty":"DL","qrg":7.0255,"mode":"CW","rsttx":"599","rstrx":"599","cq":14,"itu":28,"mycall":"DA0RR","last_update":"2025-09-21T21:14:49+00:00"}
{"start":"2025-09-21T11:15:00+00:00","call":"DJ9MH","cty":"DL","qrg":7.0255,"mode":"CW","rsttx":"599","rstrx":"599","cq":14,"itu":28,"mycall":"DA0RR","last_update":"2025-09-21T21:14:49+00:00"}
{"start":"2025-09-21T11:19:00+00:00","call":"DL1GBZ","cty":"DL","qrg":7.0162,"mode":"CW","rsttx":"599","rstrx":"599","cq":14,"itu":28,"mycall":"DA0RR","last_update":"2025-09-21T21:14:49+00:00"}
{"start":"2025-09-21T12:53:00+00:00","call":"DM3UWE","cty":"DL","qrg":7.023,"mode":"CW","rsttx":"599","rstrx":"599","cq":14,"itu":28,"mycall":"DA0RR","last_update":"2025-09-21T21:14:49+00:00"}
{"start":"2025-09-21T12:54:00+00:00","call":"DF7WY","cty":"DL","qrg":7.023,"mode":"CW","rsttx":"599","rstrx":"599","cq":14,"itu":28,"mycall":"DA0RR","last_update":"2025-09-21T21:14:49+00:00"}
{"start":"2025-09-21T12:54:15+00:00","call":"DL2ZA","cty":"DL","qrg":7.023,"mode":"CW","rsttx":"599","rstrx":"599","cq":14,"itu":28,"mycall":"DA0RR","last_update":"2025-09-21T21:14:49+00:00"}
{"start":"2025-09-21T13:04:00+00:00","call":"SP1JPM","cty":"SP","qrg":7.023,"mode":"CW","rsttx":"599","rstrx":"599","cq":15,"itu":28,"mycall":"DA0RR","last_update":"2025-09-21T21:14:49+00:00"}
{"start":"2025-09-21T13:07:00+00:00","call":"DF2IY","cty":"DL","qrg":7.023,"mode":"CW","rsttx":"599","rstrx":"599","cq":14,"itu":28,"mycall":"DA0RR","last_update":"2025-09-21T21:14:49+00:00"}
{"start":"2025-09-21T13:11:00+00:00","call":"DK8IT","cty":"DL","qrg":7.0207,"mode":"CW","rsttx":"599","rstrx":"599","cq":14,"itu":28,"mycall":"DA0RR","last_update":"2025-09-21T21:14:49+00:00"}
{"start":"2025-09-21T13:13:00+00:00","call":"DL7ET","cty":"DL","qrg":7.0146,"mode":"CW","rsttx":"599","rstrx":"599","cq":14,"itu":28,"mycall":"DA0RR","last_update":"2025-09-21T21:14:49+00:00"}
{"start":"2025-09-21T15:48:00+00:00","call":"DF1PU","cty":"DL","qrg":7.0153,"mode":"CW","rsttx":"599","rstrx":"599","cq":14,"itu":28,"mycall":"DA0RR","last_update":"2025-09-21T21:14:49+00:00"}
{"start":"2025-09-21T15:51:00+00:00","call":"OZ/DL3KWF","cty":"OZ","qrg":7.013,"mode":"CW","rsttx":"599","rstrx":"599","cq":14,"itu":18,"mycall":"DA0RR","last_update":"2025-09-21T21:14:49+00:00"}
{"start":"2025-09-21T15:54:00+00:00","call":"DK4DS","cty":"DL","qrg":7.019,"mode":"CW","rsttx":"599","rstrx":"599","cq":14,"itu":28,"mycall":"DA0RR","last_update":"2025-09-21T21:14:49+00:00"}
{"start":"2025-09-21T15:58:00+00:00","call":"DK5AN/P","cty":"DL","qrg":7.0255,"mode":"CW","rsttx":"599","rstrx":"599","cq":14,"itu":28,"mycall":"DA0RR","last_update":"2025-09-21T21:14:49+00:00"}
{"start":"2025-09-21T15:59:00+00:00","call":"DK4EF","cty":"DL","qrg":7.0255,"mode":"CW","rsttx":"599","rstrx":"599","cq":14,"itu":28,"mycall":"DA0RR","last_update":"2025-09-21T21:14:49+00:00"}
{"start":"2025-09-21T16:00:00+00:00","call":"DJ2AX","cty":"DL","qrg":7.0255,"mode":"CW","rsttx":"599","rstrx":"599","cq":14,"itu":28,"mycall":"DA0RR","last_update":"2025-09-21T21:14:49+00:00"}
{"start":"2025-09-21T16:00:15+00:00","call":"SO6OO","cty":"SP","qrg":7.0255,"mode":"CW","rsttx":"599","rstrx":"599","cq":15,"itu":28,"mycall":"DA0RR","last_update":"2025-09-21T21:14:49+00:00"}
{"start":"2025-09-21T16:01:00+00:00","call":"DL0DIX","cty":"DL","qrg":7.0255,"mode":"CW","rsttx":"599","rstrx":"599","cq":14,"itu":28,"mycall":"DA0RR","last_update":"2025-09-21T21:14:49+00:00"}
{"start":"2025-09-21T16:02:00+00:00","call":"DL1KAS","cty":"DL","qrg":7.0255,"mode":"CW","rsttx":"599","rstrx":"599","cq":14,"itu":28,"mycall":"DA0RR","last_update":"2025-09-21T21:14:49+00:00"}
{"start":"2025-09-21T16:03:00+00:00","call":"DL1GQE","cty":"DL","qrg":7.0255,"mode":"CW","rsttx":"599","rstrx":"599","cq":14,"itu":28,"mycall":"DA0RR","last_update":"2025-09-21T21:14:49+00:00"}
{"start":"2025-09-21T16:04:00+00:00","call":"IZ3YPS","cty":"I","qrg":7.0255,"mode":"CW","rsttx":"599","rstrx":"599","cq":15,"itu":28,"mycall":"DA0RR","last_update":"2025-09-21T21:14:49+00:00"}
{"start":"2025-09-21T16:05:00+00:00","call":"IK1YRA","cty":"I","qrg":7.0255,"mode":"CW","rsttx":"599","rstrx":"599","cq":15,"itu":28,"mycall":"DA0RR","last_update":"2025-09-21T21:14:49+00:00"}
{"start":"2025-09-21T16:07:00+00:00","call":"DL1FMG","cty":"DL","qrg":7.0255,"mode":"CW","rsttx":"599","rstrx":"599","cq":14,"itu":28,"mycall":"DA0RR","last_update":"2025-09-21T21:14:49+00:00"}
{"start":"2025-09-21T16:08:00+00:00","call":"G4PCE","cty":"G","qrg":7.0255,"mode":"CW","rsttx":"599","rstrx":"599","cq":14,"itu":27,"mycall":"DA0RR","last_update":"2025-09-21T21:14:49+00:00"}
{"start":"2025-09-21T16:12:00+00:00","call":"DL3YEE","cty":"DL","qrg":7.0215,"mode":"CW","rsttx":"599","rstrx":"599","cq":14,"itu":28,"mycall":"DA0RR","last_update":"2025-09-21T21:14:49+00:00"}
{"start":"2025-09-21T16:15:00+00:00","call":"DK3AX","cty":"DL","qrg":7.0139,"mode":"CW","rsttx":"599","rstrx":"599","cq":14,"itu":28,"mycall":"DA0RR","last_update":"2025-09-21T21:14:49+00:00"}
{"start":"2025-09-21T16:18:00+00:00","call":"DM3ZF","cty":"DL","qrg":3.5615,"mode":"CW","rsttx":"599","rstrx":"599","dok":"DVY","cq":14,"itu":28,"dcl":"i","mycall":"DA0RR","last_update":"2025-09-22T11:16:04+00:00"}
{"start":"2025-09-22T16:30:00+00:00","call":"DL1NKS","cty":"DL","qrg":7.0307,"mode":"CW","rsttx":"599","extx":"001","rstrx":"599","exrx":"1","cq":14,"itu":28,"contest":"MWC","mycall":"DA0RR","last_update":"2025-09-22T17:30:28+00:00"}
{"start":"2025-09-22T16:30:15+00:00","call":"DL7YS","cty":"DL","qrg":7.0311,"mode":"CW","rsttx":"599","extx":"002","rstrx":"599","exrx":"2","cq":14,"itu":28,"contest":"MWC","mycall":"DA0RR","last_update":"2025-09-22T17:30:28+00:00"}
{"start":"2025-09-22T16:30:30+00:00","call":"OK2IW","cty":"OK","qrg":7.0319,"mode":"CW","rsttx":"599","extx":"003","rstrx":"599","exrx":"2","cq":15,"itu":28,"contest":"MWC","mycall":"DA0RR","last_update":"2025-09-22T17:30:28+00:00"}
{"start":"2025-09-22T16:31:00+00:00","call":"OL730PLZ","cty":"OK","qrg":7.0315,"mode":"CW","rsttx":"599","extx":"004","rstrx":"599","exrx":"3","cq":15,"itu":28,"contest":"MWC","mycall":"DA0RR","last_update":"2025-09-22T17:30:28+00:00"}
{"start":"2025-09-22T16:31:15+00:00","call":"DA0BCC","cty":"DL","qrg":7.0331,"mode":"CW","rsttx":"599","extx":"005","rstrx":"599","exrx":"5","cq":14,"itu":28,"contest":"MWC","mycall":"DA0RR","last_update":"2025-09-22T17:30:28+00:00"}
{"start":"2025-09-22T16:33:00+00:00","call":"IU4JNR","cty":"I","qrg":7.0356,"mode":"CW","rsttx":"599","extx":"006","rstrx":"599","exrx":"7","cq":15,"itu":28,"contest":"MWC","mycall":"DA0RR","last_update":"2025-09-22T17:30:28+00:00"}
{"start":"2025-09-22T16:33:15+00:00","call":"HG5E","cty":"HA","qrg":7.0356,"mode":"CW","rsttx":"599","extx":"007","rstrx":"599","exrx":"6","cq":15,"itu":28,"contest":"MWC","mycall":"DA0RR","last_update":"2025-09-22T17:30:28+00:00"}
{"start":"2025-09-22T16:34:00+00:00","call":"LY3QA","cty":"LY","qrg":7.0356,"mode":"CW","rsttx":"599","extx":"008","rstrx":"599","exrx":"5","cq":15,"itu":29,"contest":"MWC","mycall":"DA0RR","last_update":"2025-09-22T17:30:28+00:00"}
{"start":"2025-09-22T16:34:15+00:00","call":"OK4Y","cty":"OK","qrg":7.0356,"mode":"CW","rsttx":"599","extx":"009","rstrx":"599","exrx":"9","cq":15,"itu":28,"contest":"MWC","mycall":"DA0RR","last_update":"2025-09-22T17:30:28+00:00"}
{"start":"2025-09-22T16:34:30+00:00","call":"DL2NBY","cty":"DL","qrg":7.0356,"mode":"CW","rsttx":"599","extx":"010","rstrx":"599","exrx":"9","cq":14,"itu":28,"contest":"MWC","mycall":"DA0RR","last_update":"2025-09-22T17:30:28+00:00"}
{"start":"2025-09-22T16:34:45+00:00","call":"SP2HHX","cty":"SP","qrg":7.0356,"mode":"CW","rsttx":"599","extx":"011","rstrx":"599","exrx":"6","cq":15,"itu":28,"contest":"MWC","mycall":"DA0RR","last_update":"2025-09-22T17:30:28+00:00"}
{"start":"2025-09-22T16:35:00+00:00","call":"OK2SFP","cty":"OK","qrg":7.0356,"mode":"CW","rsttx":"599","extx":"012","rstrx":"599","exrx":"6","cq":15,"itu":28,"contest":"MWC","mycall":"DA0RR","last_update":"2025-09-22T17:30:28+00:00"}
{"start":"2025-09-22T16:35:15+00:00","call":"DF1DT","cty":"DL","qrg":7.0356,"mode":"CW","rsttx":"599","extx":"013","rstrx":"599","exrx":"7","cq":14,"itu":28,"contest":"MWC","mycall":"DA0RR","last_update":"2025-09-22T17:30:28+00:00"}
{"start":"2025-09-22T16:36:00+00:00","call":"DF1DN","cty":"DL","qrg":7.0356,"mode":"CW","rsttx":"599","extx":"014","rstrx":"599","exrx":"8","cq":14,"itu":28,"contest":"MWC","mycall":"DA0RR","last_update":"2025-09-22T17:30:28+00:00"}
{"start":"2025-09-22T16:36:15+00:00","call":"HB9BXE","cty":"HB","qrg":7.0356,"mode":"CW","rsttx":"599","extx":"015","rstrx":"599","exrx":"16","cq":14,"itu":28,"contest":"MWC","mycall":"DA0RR","last_update":"2025-09-22T17:30:28+00:00"}
{"start":"2025-09-22T16:37:00+00:00","call":"OK1TN","cty":"OK","qrg":7.0356,"mode":"CW","rsttx":"599","extx":"016","rstrx":"599","exrx":"16","cq":15,"itu":28,"contest":"MWC","mycall":"DA0RR","last_update":"2025-09-22T17:30:28+00:00"}
{"start":"2025-09-22T16:38:00+00:00","call":"HG1G","cty":"HA","qrg":7.0356,"mode":"CW","rsttx":"599","extx":"017","rstrx":"599","exrx":"20","cq":15,"itu":28,"contest":"MWC","mycall":"DA0RR","last_update":"2025-09-22T17:30:28+00:00"}
{"start":"2025-09-22T16:38:15+00:00","call":"SO3O","cty":"SP","qrg":7.0356,"mode":"CW","rsttx":"599","extx":"018","rstrx":"599","exrx":"17","cq":15,"itu":28,"contest":"MWC","mycall":"DA0RR","last_update":"2025-09-22T17:30:28+00:00"}
{"start":"2025-09-22T16:39:00+00:00","call":"OK1KKI","cty":"OK","qrg":7.0356,"mode":"CW","rsttx":"599","extx":"019","rstrx":"599","exrx":"17","cq":15,"itu":28,"contest":"MWC","mycall":"DA0RR","last_update":"2025-09-22T17:30:28+00:00"}
{"start":"2025-09-22T16:39:15+00:00","call":"M4N","cty":"G","qrg":7.0356,"mode":"CW","rsttx":"599","extx":"020","rstrx":"599","exrx":"17","cq":14,"itu":27,"contest":"MWC","mycall":"DA0RR","last_update":"2025-09-22T17:30:28+00:00"}
{"start":"2025-09-22T16:39:30+00:00","call":"PC0A","cty":"PA","qrg":7.0356,"mode":"CW","rsttx":"599","extx":"021","rstrx":"599","exrx":"25","cq":14,"itu":27,"contest":"MWC","mycall":"DA0RR","last_update":"2025-09-22T17:30:28+00:00"}
{"start":"2025-09-22T16:40:00+00:00","call":"OM3ZU","cty":"OM","qrg":7.0356,"mode":"CW","rsttx":"599","extx":"022","rstrx":"599","exrx":"13","cq":15,"itu":28,"contest":"MWC","mycall":"DA0RR","last_update":"2025-09-22T17:30:28+00:00"}
{"start":"2025-09-22T16:40:15+00:00","call":"PA5WT","cty":"PA","qrg":7.0356,"mode":"CW","rsttx":"599","extx":"023","rstrx":"599","exrx":"14","cq":14,"itu":27,"contest":"MWC","mycall":"DA0RR","last_update":"2025-09-22T17:30:28+00:00"}
{"start":"2025-09-22T16:40:30+00:00","call":"S51J","cty":"S5","qrg":7.0356,"mode":"CW","rsttx":"599","extx":"024","rstrx":"599","exrx":"18","cq":15,"itu":28,"contest":"MWC","mycall":"DA0RR","last_update":"2025-09-22T17:30:28+00:00"}
{"start":"2025-09-22T16:41:00+00:00","call":"PC4H","cty":"PA","qrg":7.0356,"mode":"CW","rsttx":"599","extx":"025","rstrx":"599","exrx":"20","cq":14,"itu":27,"contest":"MWC","mycall":"DA0RR","last_update":"2025-09-22T17:30:28+00:00"}
{"start":"2025-09-22T16:41:15+00:00","call":"OM3TBG","cty":"OM","qrg":7.0356,"mode":"CW","rsttx":"599","extx":"026","rstrx":"599","exrx":"15","cq":15,"itu":28,"contest":"MWC","mycall":"DA0RR","last_update":"2025-09-22T17:30:28+00:00"}
{"start":"2025-09-22T16:41:30+00:00","call":"SN5N","cty":"SP","qrg":7.0356,"mode":"CW","rsttx":"599","extx":"027","rstrx":"599","exrx":"32","cq":15,"itu":28,"contest":"MWC","mycall":"DA0RR","last_update":"2025-09-22T17:30:28+00:00"}
{"start":"2025-09-22T16:42:00+00:00","call":"DA3T","cty":"DL","qrg":7.0356,"mode":"CW","rsttx":"599","extx":"028","rstrx":"599","exrx":"21","cq":14,"itu":28,"contest":"MWC","mycall":"DA0RR","last_update":"2025-09-22T17:30:28+00:00"}
{"start":"2025-09-22T16:43:00+00:00","call":"SP4TKR","cty":"SP","qrg":7.0356,"mode":"CW","rsttx":"599","extx":"029","rstrx":"599","exrx":"17","cq":15,"itu":28,"contest":"MWC","mycall":"DA0RR","last_update":"2025-09-22T17:30:28+00:00"}
{"start":"2025-09-22T16:43:15+00:00","call":"RA4HBS","cty":"UA","qrg":7.0356,"mode":"CW","rsttx":"599","extx":"030","rstrx":"599","exrx":"7","cq":16,"itu":30,"contest":"MWC","mycall":"DA0RR","last_update":"2025-09-22T17:30:28+00:00"}
{"start":"2025-09-22T16:44:00+00:00","call":"DL1Y","cty":"DL","qrg":7.0356,"mode":"CW","rsttx":"599","extx":"031","rstrx":"599","exrx":"26","cq":14,"itu":28,"contest":"MWC","mycall":"DA0RR","last_update":"2025-09-22T17:30:28+00:00"}
{"start":"2025-09-22T16:45:00+00:00","call":"OZ/DF4ZL","cty":"OZ","qrg":7.0338,"mode":"CW","rsttx":"599","extx":"032","rstrx":"599","exrx":"14","cq":14,"itu":18,"contest":"MWC","mycall":"DA0RR","last_update":"2025-09-22T17:30:28+00:00"}
{"start":"2025-09-22T16:45:15+00:00","call":"OK6OK","cty":"OK","qrg":7.0332,"mode":"CW","rsttx":"599","extx":"033","rstrx":"599","exrx":"25","cq":15,"itu":28,"contest":"MWC","mycall":"DA0RR","last_update":"2025-09-22T17:30:28+00:00"}
{"start":"2025-09-22T16:47:00+00:00","call":"SP4G","cty":"SP","qrg":7.0301,"mode":"CW","rsttx":"599","extx":"034","rstrx":"599","exrx":"31","cq":15,"itu":28,"contest":"MWC","mycall":"DA0RR","last_update":"2025-09-22T17:30:28+00:00"}
{"start":"2025-09-22T16:47:15+00:00","call":"OK2BFN","cty":"OK","qrg":7.0299,"mode":"CW","rsttx":"599","extx":"035","rstrx":"599","exrx":"49","cq":15,"itu":28,"contest":"MWC","mycall":"DA0RR","last_update":"2025-09-22T17:30:28+00:00"}
{"start":"2025-09-22T16:48:00+00:00","call":"DD5M","cty":"DL","qrg":7.0286,"mode":"CW","rsttx":"599","extx":"036","rstrx":"599","exrx":"41","cq":14,"itu":28,"contest":"MWC","mycall":"DA0RR","last_update":"2025-09-22T17:30:28+00:00"}
{"start":"2025-09-22T16:48:15+00:00","call":"HA5OV","cty":"HA","qrg":7.0291,"mode":"CW","rsttx":"599","extx":"037","rstrx":"599","exrx":"45","cq":15,"itu":28,"contest":"MWC","mycall":"DA0RR","last_update":"2025-09-22T17:30:28+00:00"}
{"start":"2025-09-22T16:49:00+00:00","call":"OK5D","cty":"OK","qrg":7.0283,"mode":"CW","rsttx":"599","extx":"038","rstrx":"599","exrx":"46","cq":15,"itu":28,"contest":"MWC","mycall":"DA0RR","last_update":"2025-09-22T17:30:28+00:00"}
{"start":"2025-09-22T16:49:15+00:00","call":"OK1IBP","cty":"OK","qrg":7.0279,"mode":"CW","rsttx":"599","extx":"039","rstrx":"599","exrx":"43","cq":15,"itu":28,"contest":"MWC","mycall":"DA0RR","last_update":"2025-09-22T17:30:28+00:00"}
{"start":"2025-09-22T16:50:00+00:00","call":"OM4WM","cty":"OM","qrg":7.0275,"mode":"CW","rsttx":"599","extx":"040","rstrx":"599","exrx":"37","cq":15,"itu":28,"contest":"MWC","mycall":"DA0RR","last_update":"2025-09-22T17:30:28+00:00"}
{"start":"2025-09-22T16:51:00+00:00","call":"OK1DSZ","cty":"OK","qrg":7.0258,"mode":"CW","rsttx":"599","extx":"041","rstrx":"599","exrx":"56","cq":15,"itu":28,"contest":"MWC","mycall":"DA0RR","last_update":"2025-09-22T17:30:28+00:00"}
{"start":"2025-09-22T16:52:00+00:00","call":"OK2NAJ","cty":"OK","qrg":7.0255,"mode":"CW","rsttx":"599","extx":"042","rstrx":"599","exrx":"35","cq":15,"itu":28,"contest":"MWC","mycall":"DA0RR","last_update":"2025-09-22T17:30:28+00:00"}
{"start":"2025-09-22T16:52:15+00:00","call":"F5PZR","cty":"F","qrg":7.0253,"mode":"CW","rsttx":"599","extx":"043","rstrx":"599","exrx":"28","cq":14,"itu":27,"contest":"MWC","mycall":"DA0RR","last_update":"2025-09-22T17:30:28+00:00"}
{"start":"2025-09-22T16:53:00+00:00","call":"HA6NL","cty":"HA","qrg":7.025,"mode":"CW","rsttx":"599","extx":"044","rstrx":"599","exrx":"58","cq":15,"itu":28,"contest":"MWC","mycall":"DA0RR","last_update":"2025-09-22T17:30:28+00:00"}
{"start":"2025-09-22T16:53:15+00:00","call":"DL4ME","cty":"DL","qrg":7.0248,"mode":"CW","rsttx":"599","extx":"045","rstrx":"599","exrx":"50","cq":14,"itu":28,"contest":"MWC","mycall":"DA0RR","last_update":"2025-09-22T17:30:28+00:00"}
{"start":"2025-09-22T16:54:00+00:00","call":"DL5YM","cty":"DL","qrg":7.0226,"mode":"CW","rsttx":"599","extx":"046","rstrx":"599","exrx":"39","cq":14,"itu":28,"contest":"MWC","mycall":"DA0RR","last_update":"2025-09-22T17:30:28+00:00"}
{"start":"2025-09-22T16:55:00+00:00","call":"OK1RZ","cty":"OK","qrg":7.0222,"mode":"CW","rsttx":"599","extx":"047","rstrx":"599","exrx":"60","cq":15,"itu":28,"contest":"MWC","mycall":"DA0RR","last_update":"2025-09-22T17:30:28+00:00"}
{"start":"2025-09-22T16:55:15+00:00","call":"OK2EA","cty":"OK","qrg":7.0217,"mode":"CW","rsttx":"599","extx":"048","rstrx":"599","exrx":"48","cq":15,"itu":28,"contest":"MWC","mycall":"DA0RR","last_update":"2025-09-22T17:30:28+00:00"}
{"start":"2025-09-22T16:56:00+00:00","call":"OM3FW","cty":"OM","qrg":7.0212,"mode":"CW","rsttx":"599","extx":"049","rstrx":"599","exrx":"54","cq":15,"itu":28,"contest":"MWC","mycall":"DA0RR","last_update":"2025-09-22T17:30:28+00:00"}
{"start":"2025-09-22T16:56:15+00:00","call":"OK1RKS","cty":"OK","qrg":7.0206,"mode":"CW","rsttx":"599","extx":"050","rstrx":"599","exrx":"45","cq":15,"itu":28,"contest":"MWC","mycall":"DA0RR","last_update":"2025-09-22T17:30:28+00:00"}
{"start":"2025-09-22T16:57:00+00:00","call":"DM7XX","cty":"DL","qrg":7.0203,"mode":"CW","rsttx":"599","extx":"051","rstrx":"599","exrx":"42","cq":14,"itu":28,"contest":"MWC","mycall":"DA0RR","last_update":"2025-09-22T17:30:28+00:00"}
{"start":"2025-09-22T16:57:15+00:00","call":"DL1BUG","cty":"DL","qrg":7.0198,"mode":"CW","rsttx":"599","extx":"052","rstrx":"599","exrx":"52","cq":14,"itu":28,"contest":"MWC","mycall":"DA0RR","last_update":"2025-09-22T17:30:28+00:00"}
{"start":"2025-09-22T16:58:00+00:00","call":"OK1DOR","cty":"OK","qrg":7.0192,"mode":"CW","rsttx":"599","extx":"053","rstrx":"599","exrx":"50","cq":15,"itu":28,"contest":"MWC","mycall":"DA0RR","last_update":"2025-09-22T17:30:28+00:00"}
{"start":"2025-09-22T16:58:15+00:00","call":"SD6M","cty":"SM","qrg":7.0186,"mode":"CW","rsttx":"599","extx":"054","rstrx":"599","exrx":"57","cq":14,"itu":18,"contest":"MWC","mycall":"DA0RR","last_update":"2025-09-22T17:30:28+00:00"}
{"start":"2025-09-22T16:59:00+00:00","call":"SC6O","cty":"SM","qrg":7.018,"mode":"CW","rsttx":"599","extx":"055","rstrx":"599","exrx":"57","cq":14,"itu":18,"contest":"MWC","mycall":"DA0RR","last_update":"2025-09-22T17:30:28+00:00"}
{"start":"2025-09-22T17:00:00+00:00","call":"YU1XO","cty":"YU","qrg":7.0173,"mode":"CW","rsttx":"599","extx":"056","rstrx":"599","exrx":"45","cq":15,"itu":28,"contest":"MWC","mycall":"DA0RR","last_update":"2025-09-22T17:30:28+00:00"}
{"start":"2025-09-22T17:00:15+00:00","call":"SP3MEP","cty":"SP","qrg":7.0169,"mode":"CW","rsttx":"599","extx":"057","rstrx":"599","exrx":"66","cq":15,"itu":28,"contest":"MWC","mycall":"DA0RR","last_update":"2025-09-22T17:30:28+00:00"}
{"start":"2025-09-22T17:01:00+00:00","call":"S53F","cty":"S5","qrg":7.016,"mode":"CW","rsttx":"599","extx":"058","rstrx":"599","exrx":"74","cq":15,"itu":28,"contest":"MWC","mycall":"DA0RR","last_update":"2025-09-22T17:30:28+00:00"}
{"start":"2025-09-22T17:02:00+00:00","call":"SM5ACQ","cty":"SM","qrg":7.0154,"mode":"CW","rsttx":"599","extx":"059","rstrx":"599","exrx":"61","cq":14,"itu":18,"contest":"MWC","mycall":"DA0RR","last_update":"2025-09-22T17:30:28+00:00"}
{"start":"2025-09-22T17:02:15+00:00","call":"OL4W","cty":"OK","qrg":7.0151,"mode":"CW","rsttx":"599","extx":"060","rstrx":"599","exrx":"59","cq":15,"itu":28,"contest":"MWC","mycall":"DA0RR","last_update":"2025-09-22T17:30:28+00:00"}
{"start":"2025-09-22T17:02:30+00:00","call":"DM5I","cty":"DL","qrg":7.0149,"mode":"CW","rsttx":"599","extx":"061","rstrx":"599","exrx":"76","cq":14,"itu":28,"contest":"MWC","mycall":"DA0RR","last_update":"2025-09-22T17:30:28+00:00"}
{"start":"2025-09-22T17:03:00+00:00","call":"DK4DS","cty":"DL","qrg":7.0128,"mode":"CW","rsttx":"599","extx":"062","rstrx":"599","exrx":"45","cq":14,"itu":28,"contest":"MWC","mycall":"DA0RR","last_update":"2025-09-22T17:30:28+00:00"}
{"start":"2025-09-22T17:04:00+00:00","call":"OZ/DL3KWF","cty":"OZ","qrg":7.0124,"mode":"CW","rsttx":"599","extx":"063","rstrx":"599","exrx":"40","cq":14,"itu":18,"contest":"MWC","mycall":"DA0RR","last_update":"2025-09-22T17:30:28+00:00"}
{"start":"2025-09-22T17:04:15+00:00","call":"OK2PYA","cty":"OK","qrg":7.0115,"mode":"CW","rsttx":"599","extx":"064","rstrx":"599","exrx":"57","cq":15,"itu":28,"contest":"MWC","mycall":"DA0RR","last_update":"2025-09-22T17:30:28+00:00"}
{"start":"2025-09-22T17:05:00+00:00","call":"OK5TFC","cty":"OK","qrg":7.0103,"mode":"CW","rsttx":"599","extx":"065","rstrx":"599","exrx":"53","cq":15,"itu":28,"contest":"MWC","mycall":"DA0RR","last_update":"2025-09-22T17:30:28+00:00"}
{"start":"2025-09-22T17:05:15+00:00","call":"G0TRT","cty":"G","qrg":7.0266,"mode":"CW","rsttx":"599","extx":"066","rstrx":"599","exrx":"47","cq":14,"itu":27,"contest":"MWC","mycall":"DA0RR","last_update":"2025-09-22T17:30:28+00:00"}
{"start":"2025-09-22T17:06:00+00:00","call":"HA5NR","cty":"HA","qrg":7.0275,"mode":"CW","rsttx":"599","extx":"067","rstrx":"599","exrx":"28","cq":15,"itu":28,"contest":"MWC","mycall":"DA0RR","last_update":"2025-09-22T17:30:28+00:00"}
{"start":"2025-09-22T17:07:00+00:00","call":"ON4EM","cty":"ON","qrg":7.0275,"mode":"CW","rsttx":"599","extx":"068","rstrx":"599","exrx":"68","cq":14,"itu":27,"contest":"MWC","mycall":"DA0RR","last_update":"2025-09-22T17:30:28+00:00"}
{"start":"2025-09-22T17:08:00+00:00","call":"SD1A","cty":"SM","qrg":7.0275,"mode":"CW","rsttx":"599","extx":"069","rstrx":"599","exrx":"59","cq":14,"itu":18,"contest":"MWC","mycall":"DA0RR","last_update":"2025-09-22T17:30:28+00:00"}
{"start":"2025-09-22T17:08:15+00:00","call":"SP2QG","cty":"SP","qrg":7.0275,"mode":"CW","rsttx":"599","extx":"070","rstrx":"599","exrx":"76","cq":15,"itu":28,"contest":"MWC","mycall":"DA0RR","last_update":"2025-09-22T17:30:28+00:00"}
{"start":"2025-09-22T17:09:00+00:00","call":"PA0CT","cty":"PA","qrg":7.0275,"mode":"CW","rsttx":"599","extx":"071","rstrx":"599","exrx":"52","cq":14,"itu":27,"contest":"MWC","mycall":"DA0RR","last_update":"2025-09-22T17:30:28+00:00"}
{"start":"2025-09-22T17:09:15+00:00","call":"SM9F","cty":"SM","qrg":7.0275,"mode":"CW","rsttx":"599","extx":"072","rstrx":"599","exrx":"25","cq":14,"itu":18,"contest":"MWC","mycall":"DA0RR","last_update":"2025-09-22T17:30:28+00:00"}
{"start":"2025-09-22T17:10:00+00:00","call":"RA4HBS","cty":"UA","qrg":7.0275,"mode":"CW","rsttx":"599","extx":"073","rstrx":"599","exrx":"28","cq":16,"itu":30,"contest":"MWC","mycall":"DA0RR","last_update":"2025-09-22T17:30:28+00:00"}
{"start":"2025-09-22T17:10:15+00:00","call":"OK2PXX","cty":"OK","qrg":7.0275,"mode":"CW","rsttx":"599","extx":"074","rstrx":"599","exrx":"26","cq":15,"itu":28,"contest":"MWC","mycall":"DA0RR","last_update":"2025-09-22T17:30:28+00:00"}
{"start":"2025-09-22T17:10:30+00:00","call":"DL2CM","cty":"DL","qrg":7.0275,"mode":"CW","rsttx":"599","extx":"075","rstrx":"599","exrx":"65","cq":14,"itu":28,"contest":"MWC","mycall":"DA0RR","last_update":"2025-09-22T17:30:28+00:00"}
{"start":"2025-09-22T17:12:00+00:00","call":"OK1KKI","cty":"OK","qrg":3.532,"mode":"CW","rsttx":"599","extx":"076","rstrx":"599","exrx":"68","cq":15,"itu":28,"contest":"MWC","mycall":"DA0RR","last_update":"2025-09-22T17:30:28+00:00"}
{"start":"2025-09-22T17:12:15+00:00","call":"DD5M","cty":"DL","qrg":3.5313,"mode":"CW","rsttx":"599","extx":"077","rstrx":"599","exrx":"93","cq":14,"itu":28,"contest":"MWC","mycall":"DA0RR","last_update":"2025-09-22T17:30:28+00:00"}
{"start":"2025-09-22T17:12:30+00:00","call":"DA0BCC","cty":"DL","qrg":3.5309,"mode":"CW","rsttx":"599","extx":"078","rstrx":"599","exrx":"81","cq":14,"itu":28,"contest":"MWC","mycall":"DA0RR","last_update":"2025-09-22T17:30:28+00:00"}
{"start":"2025-09-22T17:13:00+00:00","call":"SM5ACQ","cty":"SM","qrg":3.5302,"mode":"CW","rsttx":"599","extx":"079","rstrx":"599","exrx":"74","cq":14,"itu":18,"contest":"MWC","mycall":"DA0RR","last_update":"2025-09-22T17:30:28+00:00"}
{"start":"2025-09-22T17:14:00+00:00","call":"OK2EA","cty":"OK","qrg":3.5295,"mode":"CW","rsttx":"599","extx":"080","rstrx":"599","exrx":"85","cq":15,"itu":28,"contest":"MWC","mycall":"DA0RR","last_update":"2025-09-22T17:30:28+00:00"}
{"start":"2025-09-22T17:15:00+00:00","call":"SN5N","cty":"SP","qrg":3.5288,"mode":"CW","rsttx":"599","extx":"081","rstrx":"599","exrx":"111","cq":15,"itu":28,"contest":"MWC","mycall":"DA0RR","last_update":"2025-09-22T17:30:28+00:00"}
{"start":"2025-09-22T17:16:00+00:00","call":"SD1A","cty":"SM","qrg":3.528,"mode":"CW","rsttx":"599","extx":"082","rstrx":"599","exrx":"66","cq":14,"itu":18,"contest":"MWC","mycall":"DA0RR","last_update":"2025-09-22T17:30:28+00:00"}
{"start":"2025-09-22T17:17:00+00:00","call":"OK2PYA","cty":"OK","qrg":3.533,"mode":"CW","rsttx":"599","extx":"083","rstrx":"599","exrx":"78","cq":15,"itu":28,"contest":"MWC","mycall":"DA0RR","last_update":"2025-09-22T17:30:28+00:00"}
{"start":"2025-09-22T17:18:00+00:00","call":"SP3CW","cty":"SP","qrg":3.5365,"mode":"CW","rsttx":"599","extx":"084","rstrx":"599","exrx":"94","cq":15,"itu":28,"contest":"MWC","mycall":"DA0RR","last_update":"2025-09-22T17:30:28+00:00"}
{"start":"2025-09-22T17:18:15+00:00","call":"DL1NKS","cty":"DL","qrg":3.537,"mode":"CW","rsttx":"599","extx":"085","rstrx":"599","exrx":"73","cq":14,"itu":28,"contest":"MWC","mycall":"DA0RR","last_update":"2025-09-22T17:30:28+00:00"}
{"start":"2025-09-22T17:19:00+00:00","call":"OK1RKS","cty":"OK","qrg":3.5324,"mode":"CW","rsttx":"599","extx":"086","rstrx":"599","exrx":"81","cq":15,"itu":28,"contest":"MWC","mycall":"DA0RR","last_update":"2025-09-22T17:30:28+00:00"}
{"start":"2025-09-22T17:20:00+00:00","call":"DL1BUG","cty":"DL","qrg":3.5324,"mode":"CW","rsttx":"599","extx":"087","rstrx":"599","exrx":"83","cq":14,"itu":28,"contest":"MWC","mycall":"DA0RR","last_update":"2025-09-22T17:30:28+00:00"}
{"start":"2025-09-22T17:20:15+00:00","call":"SP3MEP","cty":"SP","qrg":3.5324,"mode":"CW","rsttx":"599","extx":"088","rstrx":"599","exrx":"100","cq":15,"itu":28,"contest":"MWC","mycall":"DA0RR","last_update":"2025-09-22T17:30:28+00:00"}
{"start":"2025-09-22T17:20:30+00:00","call":"DL8QS","cty":"DL","qrg":3.5324,"mode":"CW","rsttx":"599","extx":"089","rstrx":"599","exrx":"100","cq":14,"itu":28,"contest":"MWC","mycall":"DA0RR","last_update":"2025-09-22T17:30:28+00:00"}
{"start":"2025-09-22T17:21:00+00:00","call":"OK1AY","cty":"OK","qrg":3.5324,"mode":"CW","rsttx":"599","extx":"090","rstrx":"599","exrx":"35","cq":15,"itu":28,"contest":"MWC","mycall":"DA0RR","last_update":"2025-09-22T17:30:28+00:00"}
{"start":"2025-09-22T17:21:15+00:00","call":"OK1USP","cty":"OK","qrg":3.5324,"mode":"CW","rsttx":"599","extx":"091","rstrx":"599","exrx":"33","cq":15,"itu":28,"contest":"MWC","mycall":"DA0RR","last_update":"2025-09-22T17:30:28+00:00"}
{"start":"2025-09-22T17:22:00+00:00","call":"SP8BXL","cty":"SP","qrg":3.5324,"mode":"CW","rsttx":"599","extx":"092","rstrx":"599","exrx":"32","cq":15,"itu":28,"contest":"MWC","mycall":"DA0RR","last_update":"2025-09-22T17:30:28+00:00"}
{"start":"2025-09-22T17:23:00+00:00","call":"DM6EE","cty":"DL","qrg":3.5336,"mode":"CW","rsttx":"599","extx":"093","rstrx":"599","exrx":"66","cq":14,"itu":28,"contest":"MWC","mycall":"DA0RR","last_update":"2025-09-22T17:30:28+00:00"}
{"start":"2025-09-22T17:24:00+00:00","call":"IU4JNR","cty":"I","qrg":3.5352,"mode":"CW","rsttx":"599","extx":"094","rstrx":"599","exrx":"73","cq":15,"itu":28,"contest":"MWC","mycall":"DA0RR","last_update":"2025-09-22T17:30:28+00:00"}
{"start":"2025-09-22T17:26:00+00:00","call":"SP2DKI","cty":"SP","qrg":7.031,"mode":"CW","rsttx":"599","extx":"095","rstrx":"599","exrx":"47","cq":15,"itu":28,"contest":"MWC","mycall":"DA0RR","last_update":"2025-09-22T17:30:28+00:00"}
{"start":"2025-09-22T17:27:00+00:00","call":"LZ/OK5FF","cty":"LZ","qrg":7.0302,"mode":"CW","rsttx":"599","extx":"096","rstrx":"599","exrx":"58","cq":20,"itu":28,"contest":"MWC","mycall":"DA0RR","last_update":"2025-09-22T17:30:28+00:00"}
{"start":"2025-09-22T17:27:15+00:00","call":"OM5JA","cty":"OM","qrg":7.0288,"mode":"CW","rsttx":"599","extx":"097","rstrx":"599","exrx":"83","cq":15,"itu":28,"contest":"MWC","mycall":"DA0RR","last_update":"2025-09-22T17:30:28+00:00"}
{"start":"2025-09-22T17:28:00+00:00","call":"DJ4WT","cty":"DL","qrg":7.024,"mode":"CW","rsttx":"599","extx":"098","rstrx":"599","exrx":"81","cq":14,"itu":28,"contest":"MWC","mycall":"DA0RR","last_update":"2025-09-22T17:30:28+00:00"}
{"start":"2025-09-22T17:29:00+00:00","call":"OG6B","cty":"OH","qrg":7.0139,"mode":"CW","rsttx":"599","extx":"099","rstrx":"599","exrx":"81","cq":15,"itu":18,"contest":"MWC","mycall":"DA0RR","last_update":"2025-09-22T17:30:28+00:00"}
