{"start":"2024-02-12T16:31:00+00:00","call":"M7R","cty":"G","qrg":7.0367,"mode":"CW","rsttx":"599","extx":"001","rstrx":"599","exrx":"002","cq":14,"itu":27,"contest":"MWC","mycall":"DA0RR","last_update":"2024-02-12T17:30:58+00:00"}
{"start":"2024-02-12T16:31:15+00:00","call":"RK7X","cty":"UA","qrg":7.0367,"mode":"CW","rsttx":"599","extx":"002","rstrx":"599","exrx":"003","cq":16,"itu":29,"contest":"MWC","mycall":"DA0RR","last_update":"2024-02-12T17:30:58+00:00"}
{"start":"2024-02-12T16:32:00+00:00","call":"OM4DU","cty":"OM","qrg":7.0367,"mode":"CW","rsttx":"599","extx":"003","rstrx":"599","exrx":"004","cq":15,"itu":28,"contest":"MWC","mycall":"DA0RR","last_update":"2024-02-12T17:30:58+00:00"}
{"start":"2024-02-12T16:33:00+00:00","call":"G0TRT","cty":"G","qrg":7.0367,"mode":"CW","rsttx":"599","extx":"004","rstrx":"599","exrx":"003","cq":14,"itu":27,"contest":"MWC","mycall":"DA0RR","last_update":"2024-02-12T17:30:58+00:00"}
{"start":"2024-02-12T16:33:15+00:00","call":"OK1OFM","cty":"OK","qrg":7.0367,"mode":"CW","rsttx":"599","extx":"005","rstrx":"599","exrx":"007","cq":15,"itu":28,"contest":"MWC","mycall":"DA0RR","last_update":"2024-02-12T17:30:58+00:00"}
{"start":"2024-02-12T16:34:00+00:00","call":"S51J","cty":"S5","qrg":7.0367,"mode":"CW","rsttx":"599","extx":"006","rstrx":"599","exrx":"006","cq":15,"itu":28,"contest":"MWC","mycall":"DA0RR","last_update":"2024-02-12T17:30:58+00:00"}
{"start":"2024-02-12T16:34:15+00:00","call":"OK1TN","cty":"OK","qrg":7.0367,"mode":"CW","rsttx":"599","extx":"007","rstrx":"599","exrx":"009","cq":15,"itu":28,"contest":"MWC","mycall":"DA0RR","last_update":"2024-02-12T17:30:58+00:00"}
{"start":"2024-02-12T16:34:30+00:00","call":"SP8BXL","cty":"SP","qrg":7.0367,"mode":"CW","rsttx":"599","extx":"008","rstrx":"599","exrx":"005","cq":15,"itu":28,"contest":"MWC","mycall":"DA0RR","last_update":"2024-02-12T17:30:58+00:00"}
{"start":"2024-02-12T16:35:00+00:00","call":"OK2SLS","cty":"OK","qrg":7.0367,"mode":"CW","rsttx":"599","extx":"009","rstrx":"599","exrx":"004","cq":15,"itu":28,"contest":"MWC","mycall":"DA0RR","last_update":"2024-02-12T17:30:58+00:00"}
{"start":"2024-02-12T16:35:15+00:00","call":"OG6B","cty":"OH","qrg":7.0367,"mode":"CW","rsttx":"599","extx":"010","rstrx":"599","exrx":"008","cq":15,"itu":18,"contest":"MWC","mycall":"DA0RR","last_update":"2024-02-12T17:30:58+00:00"}
{"start":"2024-02-12T16:36:00+00:00","call":"OE8TIR","cty":"OE","qrg":7.0367,"mode":"CW","rsttx":"599","extx":"011","rstrx":"599","exrx":"005","cq":15,"itu":28,"contest":"MWC","mycall":"DA0RR","last_update":"2024-02-12T17:30:58+00:00"}
{"start":"2024-02-12T16:37:00+00:00","call":"OK1PI","cty":"OK","qrg":7.0367,"mode":"CW","rsttx":"599","extx":"012","rstrx":"599","exrx":"019","cq":15,"itu":28,"contest":"MWC","mycall":"DA0RR","last_update":"2024-02-12T17:30:58+00:00"}
{"start":"2024-02-12T16:37:15+00:00","call":"DA0BCC","cty":"DL","qrg":7.0367,"mode":"CW","rsttx":"599","extx":"013","rstrx":"599","exrx":"015","cq":14,"itu":28,"contest":"MWC","mycall":"DA0RR","last_update":"2024-02-12T17:30:58+00:00"}
{"start":"2024-02-12T16:38:00+00:00","call":"DL4ME","cty":"DL","qrg":7.0367,"mode":"CW","rsttx":"599","extx":"014","rstrx":"599","exrx":"007","cq":14,"itu":28,"contest":"MWC","mycall":"DA0RR","last_update":"2024-02-12T17:30:58+00:00"}
{"start":"2024-02-12T16:38:15+00:00","call":"SF6J","cty":"SM","qrg":7.0367,"mode":"CW","rsttx":"599","extx":"015","rstrx":"599","exrx":"009","cq":14,"itu":18,"contest":"MWC","mycall":"DA0RR","last_update":"2024-02-12T17:30:58+00:00"}
{"start":"2024-02-12T16:39:00+00:00","call":"HB9HTF","cty":"HB","qrg":7.0367,"mode":"CW","rsttx":"599","extx":"016","rstrx":"599","exrx":"012","cq":14,"itu":28,"contest":"MWC","mycall":"DA0RR","last_update":"2024-02-12T17:30:58+00:00"}
{"start":"2024-02-12T16:39:15+00:00","call":"SP4TKR","cty":"SP","qrg":7.0367,"mode":"CW","rsttx":"599","extx":"017","rstrx":"599","exrx":"016","cq":15,"itu":28,"contest":"MWC","mycall":"DA0RR","last_update":"2024-02-12T17:30:58+00:00"}
{"start":"2024-02-12T16:40:00+00:00","call":"DF1DX","cty":"DL","qrg":7.0367,"mode":"CW","rsttx":"599","extx":"018","rstrx":"599","exrx":"012","cq":14,"itu":28,"contest":"MWC","mycall":"DA0RR","last_update":"2024-02-12T17:30:58+00:00"}
{"start":"2024-02-12T16:40:15+00:00","call":"DL6TK","cty":"DL","qrg":7.0367,"mode":"CW","rsttx":"599","extx":"019","rstrx":"599","exrx":"001","cq":14,"itu":28,"contest":"MWC","mycall":"DA0RR","last_update":"2024-02-12T17:30:58+00:00"}
{"start":"2024-02-12T16:41:00+00:00","call":"SM5CSS","cty":"SM","qrg":7.0367,"mode":"CW","rsttx":"599","extx":"020","rstrx":"599","exrx":"018","cq":14,"itu":18,"contest":"MWC","mycall":"DA0RR","last_update":"2024-02-12T17:30:58+00:00"}
{"start":"2024-02-12T16:41:15+00:00","call":"OK1TD","cty":"OK","qrg":7.0367,"mode":"CW","rsttx":"599","extx":"021","rstrx":"599","exrx":"023","cq":15,"itu":28,"contest":"MWC","mycall":"DA0RR","last_update":"2024-02-12T17:30:58+00:00"}
{"start":"2024-02-12T16:42:00+00:00","call":"PA2A","cty":"PA","qrg":7.0367,"mode":"CW","rsttx":"599","extx":"022","rstrx":"599","exrx":"017","cq":14,"itu":27,"contest":"MWC","mycall":"DA0RR","last_update":"2024-02-12T17:30:58+00:00"}
{"start":"2024-02-12T16:42:15+00:00","call":"OK2NO","cty":"OK","qrg":7.0367,"mode":"CW","rsttx":"599","extx":"023","rstrx":"599","exrx":"030","cq":15,"itu":28,"contest":"MWC","mycall":"DA0RR","last_update":"2024-02-12T17:30:58+00:00"}
{"start":"2024-02-12T16:43:00+00:00","call":"S53F","cty":"S5","qrg":7.0367,"mode":"CW","rsttx":"599","extx":"024","rstrx":"599","exrx":"005","cq":15,"itu":28,"contest":"MWC","mycall":"DA0RR","last_update":"2024-02-12T17:30:58+00:00"}
{"start":"2024-02-12T16:43:15+00:00","call":"DK3AX","cty":"DL","qrg":7.0367,"mode":"CW","rsttx":"599","extx":"025","rstrx":"599","exrx":"014","cq":14,"itu":28,"contest":"MWC","mycall":"DA0RR","last_update":"2024-02-12T17:30:58+00:00"}
{"start":"2024-02-12T16:44:00+00:00","call":"G4ZFE","cty":"G","qrg":7.0367,"mode":"CW","rsttx":"599","extx":"026","rstrx":"599","exrx":"015","cq":14,"itu":27,"contest":"MWC","mycall":"DA0RR","last_update":"2024-02-12T17:30:58+00:00"}
{"start":"2024-02-12T16:45:00+00:00","call":"M4N","cty":"G","qrg":7.0367,"mode":"CW","rsttx":"599","extx":"027","rstrx":"599","exrx":"031","cq":14,"itu":27,"contest":"MWC","mycall":"DA0RR","last_update":"2024-02-12T17:30:58+00:00"}
{"start":"2024-02-12T16:45:15+00:00","call":"DK5DQ","cty":"DL","qrg":7.0367,"mode":"CW","rsttx":"599","extx":"028","rstrx":"599","exrx":"019","cq":14,"itu":28,"contest":"MWC","mycall":"DA0RR","last_update":"2024-02-12T17:30:58+00:00"}
{"start":"2024-02-12T16:46:00+00:00","call":"OK1AMX","cty":"OK","qrg":7.0367,"mode":"CW","rsttx":"599","extx":"029","rstrx":"599","exrx":"022","cq":15,"itu":28,"contest":"MWC","mycall":"DA0RR","last_update":"2024-02-12T17:30:58+00:00"}
{"start":"2024-02-12T16:47:00+00:00","call":"YO4TL","cty":"YO","qrg":7.0367,"mode":"CW","rsttx":"599","extx":"030","rstrx":"599","exrx":"003","cq":20,"itu":28,"contest":"MWC","mycall":"DA0RR","last_update":"2024-02-12T17:30:58+00:00"}
{"start":"2024-02-12T16:48:00+00:00","call":"HB9CMW","cty":"HB","qrg":7.0367,"mode":"CW","rsttx":"599","extx":"031","rstrx":"599","exrx":"006","cq":14,"itu":28,"contest":"MWC","mycall":"DA0RR","last_update":"2024-02-12T17:30:58+00:00"}
{"start":"2024-02-12T16:48:15+00:00","call":"OK5SA","cty":"OK","qrg":7.0367,"mode":"CW","rsttx":"599","extx":"032","rstrx":"599","exrx":"026","cq":15,"itu":28,"contest":"MWC","mycall":"DA0RR","last_update":"2024-02-12T17:30:58+00:00"}
{"start":"2024-02-12T16:48:30+00:00","call":"DR2C","cty":"DL","qrg":7.0367,"mode":"CW","rsttx":"599","extx":"033","rstrx":"599","exrx":"042","cq":14,"itu":28,"contest":"MWC","mycall":"DA0RR","last_update":"2024-02-12T17:30:58+00:00"}
{"start":"2024-02-12T16:50:00+00:00","call":"YL3JD","cty":"YL","qrg":7.0367,"mode":"CW","rsttx":"599","extx":"034","rstrx":"599","exrx":"031","cq":15,"itu":29,"contest":"MWC","mycall":"DA0RR","last_update":"2024-02-12T17:30:58+00:00"}
{"start":"2024-02-12T16:50:15+00:00","call":"DF6QV","cty":"DL","qrg":7.0367,"mode":"CW","rsttx":"599","extx":"035","rstrx":"599","exrx":"001","cq":14,"itu":28,"contest":"MWC","mycall":"DA0RR","last_update":"2024-02-12T17:30:58+00:00"}
{"start":"2024-02-12T16:51:00+00:00","call":"DJ3WE","cty":"DL","qrg":7.0367,"mode":"CW","rsttx":"599","extx":"036","rstrx":"599","exrx":"031","cq":14,"itu":28,"contest":"MWC","mycall":"DA0RR","last_update":"2024-02-12T17:30:58+00:00"}
{"start":"2024-02-12T16:51:15+00:00","call":"OL8R","cty":"OK","qrg":7.0367,"mode":"CW","rsttx":"599","extx":"037","rstrx":"599","exrx":"069","cq":15,"itu":28,"contest":"MWC","mycall":"DA0RR","last_update":"2024-02-12T17:30:58+00:00"}
{"start":"2024-02-12T16:52:00+00:00","call":"R3GG","cty":"UA","qrg":7.0367,"mode":"CW","rsttx":"599","extx":"038","rstrx":"599","exrx":"035","cq":16,"itu":29,"contest":"MWC","mycall":"DA0RR","last_update":"2024-02-12T17:30:58+00:00"}
{"start":"2024-02-12T16:52:15+00:00","call":"HB9BXE","cty":"HB","qrg":7.0367,"mode":"CW","rsttx":"599","extx":"039","rstrx":"599","exrx":"053","cq":14,"itu":28,"contest":"MWC","mycall":"DA0RR","last_update":"2024-02-12T17:30:58+00:00"}
{"start":"2024-02-12T16:54:00+00:00","call":"G4LJU","cty":"G","qrg":7.0367,"mode":"CW","rsttx":"599","extx":"040","rstrx":"599","exrx":"019","cq":14,"itu":27,"contest":"MWC","mycall":"DA0RR","last_update":"2024-02-12T17:30:58+00:00"}
{"start":"2024-02-12T16:54:15+00:00","call":"OK1WSL","cty":"OK","qrg":7.0367,"mode":"CW","rsttx":"599","extx":"041","rstrx":"599","exrx":"028","cq":15,"itu":28,"contest":"MWC","mycall":"DA0RR","last_update":"2024-02-12T17:30:58+00:00"}
{"start":"2024-02-12T16:55:00+00:00","call":"OH1KH","cty":"OH","qrg":7.0367,"mode":"CW","rsttx":"599","extx":"042","rstrx":"599","exrx":"022","cq":15,"itu":18,"contest":"MWC","mycall":"DA0RR","last_update":"2024-02-12T17:30:58+00:00"}
{"start":"2024-02-12T16:55:15+00:00","call":"OM5ZW","cty":"OM","qrg":7.0367,"mode":"CW","rsttx":"599","extx":"043","rstrx":"599","exrx":"061","cq":15,"itu":28,"contest":"MWC","mycall":"DA0RR","last_update":"2024-02-12T17:30:58+00:00"}
{"start":"2024-02-12T16:56:00+00:00","call":"SP3VT","cty":"SP","qrg":7.0367,"mode":"CW","rsttx":"599","extx":"044","rstrx":"599","exrx":"052","cq":15,"itu":28,"contest":"MWC","mycall":"DA0RR","last_update":"2024-02-12T17:30:58+00:00"}
{"start":"2024-02-12T16:57:00+00:00","call":"OK1RKS","cty":"OK","qrg":7.0367,"mode":"CW","rsttx":"599","extx":"045","rstrx":"599","exrx":"025","cq":15,"itu":28,"contest":"MWC","mycall":"DA0RR","last_update":"2024-02-12T17:30:58+00:00"}
{"start":"2024-02-12T16:57:15+00:00","call":"OM2KI","cty":"OM","qrg":7.0367,"mode":"CW","rsttx":"599","extx":"046","rstrx":"599","exrx":"072","cq":15,"itu":28,"contest":"MWC","mycall":"DA0RR","last_update":"2024-02-12T17:30:58+00:00"}
{"start":"2024-02-12T16:58:00+00:00","call":"SN1T","cty":"SP","qrg":7.0367,"mode":"CW","rsttx":"599","extx":"047","rstrx":"599","exrx":"067","cq":15,"itu":28,"contest":"MWC","mycall":"DA0RR","last_update":"2024-02-12T17:30:58+00:00"}
{"start":"2024-02-12T16:58:15+00:00","call":"SP7N","cty":"SP","qrg":7.0367,"mode":"CW","rsttx":"599","extx":"048","rstrx":"599","exrx":"040","cq":15,"itu":28,"contest":"MWC","mycall":"DA0RR","last_update":"2024-02-12T17:30:58+00:00"}
{"start":"2024-02-12T17:00:00+00:00","call":"DG1NPM","cty":"DL","qrg":7.0367,"mode":"CW","rsttx":"599","extx":"049","rstrx":"599","exrx":"001","cq":14,"itu":28,"contest":"MWC","mycall":"DA0RR","last_update":"2024-02-12T17:30:58+00:00"}
{"start":"2024-02-12T17:00:15+00:00","call":"DL8QS","cty":"DL","qrg":7.0367,"mode":"CW","rsttx":"599","extx":"050","rstrx":"599","exrx":"058","cq":14,"itu":28,"contest":"MWC","mycall":"DA0RR","last_update":"2024-02-12T17:30:58+00:00"}
{"start":"2024-02-12T17:01:00+00:00","call":"S57EA","cty":"S5","qrg":7.0367,"mode":"CW","rsttx":"599","extx":"051","rstrx":"599","exrx":"038","cq":15,"itu":28,"contest":"MWC","mycall":"DA0RR","last_update":"2024-02-12T17:30:58+00:00"}
{"start":"2024-02-12T17:01:15+00:00","call":"OE3KAB","cty":"OE","qrg":7.0367,"mode":"CW","rsttx":"599","extx":"052","rstrx":"599","exrx":"038","cq":15,"itu":28,"contest":"MWC","mycall":"DA0RR","last_update":"2024-02-12T17:30:58+00:00"}
{"start":"2024-02-12T17:03:00+00:00","call":"SP2DKI","cty":"SP","qrg":7.0367,"mode":"CW","rsttx":"599","extx":"053","rstrx":"599","exrx":"056","cq":15,"itu":28,"contest":"MWC","mycall":"DA0RR","last_update":"2024-02-12T17:30:58+00:00"}
{"start":"2024-02-12T17:04:00+00:00","call":"HA5BA","cty":"HA","qrg":7.0367,"mode":"CW","rsttx":"599","extx":"054","rstrx":"599","exrx":"040","cq":15,"itu":28,"contest":"MWC","mycall":"DA0RR","last_update":"2024-02-12T17:30:58+00:00"}
{"start":"2024-02-12T17:05:00+00:00","call":"DJ8UL","cty":"DL","qrg":7.0367,"mode":"CW","rsttx":"599","extx":"055","rstrx":"599","exrx":"073","cq":14,"itu":28,"contest":"MWC","mycall":"DA0RR","last_update":"2024-02-12T17:30:58+00:00"}
{"start":"2024-02-12T17:09:00+00:00","call":"OM5B","cty":"OM","qrg":3.5437,"mode":"CW","rsttx":"599","extx":"056","rstrx":"599","exrx":"056","cq":15,"itu":28,"contest":"MWC","mycall":"DA0RR","last_update":"2024-02-12T17:30:58+00:00"}
{"start":"2024-02-12T17:09:15+00:00","call":"DA0BCC","cty":"DL","qrg":3.5437,"mode":"CW","rsttx":"599","extx":"057","rstrx":"599","exrx":"074","cq":14,"itu":28,"contest":"MWC","mycall":"DA0RR","last_update":"2024-02-12T17:30:58+00:00"}
{"start":"2024-02-12T17:10:00+00:00","call":"OK2IW","cty":"OK","qrg":3.5437,"mode":"CW","rsttx":"599","extx":"058","rstrx":"599","exrx":"043","cq":15,"itu":28,"contest":"MWC","mycall":"DA0RR","last_update":"2024-02-12T17:30:58+00:00"}
{"start":"2024-02-12T17:12:00+00:00","call":"DL1DWR","cty":"DL","qrg":3.5437,"mode":"CW","rsttx":"599","extx":"059","rstrx":"599","exrx":"049","cq":14,"itu":28,"contest":"MWC","mycall":"DA0RR","last_update":"2024-02-12T17:30:58+00:00"}
{"start":"2024-02-12T17:15:00+00:00","call":"OL4W","cty":"OK","qrg":3.5324,"mode":"CW","rsttx":"599","extx":"060","rstrx":"599","exrx":"061","cq":15,"itu":28,"contest":"MWC","mycall":"DA0RR","last_update":"2024-02-12T17:30:58+00:00"}
{"start":"2024-02-12T17:16:00+00:00","call":"DL2OE","cty":"DL","qrg":3.5324,"mode":"CW","rsttx":"599","extx":"061","rstrx":"599","exrx":"047","cq":14,"itu":28,"contest":"MWC","mycall":"DA0RR","last_update":"2024-02-12T17:30:58+00:00"}
{"start":"2024-02-12T17:17:00+00:00","call":"OK1AY","cty":"OK","qrg":3.5324,"mode":"CW","rsttx":"599","extx":"062","rstrx":"599","exrx":"063","cq":15,"itu":28,"contest":"MWC","mycall":"DA0RR","last_update":"2024-02-12T17:30:58+00:00"}
{"start":"2024-02-12T17:17:15+00:00","call":"SP2XX","cty":"SP","qrg":3.5324,"mode":"CW","rsttx":"599","extx":"063","rstrx":"599","exrx":"079","cq":15,"itu":28,"contest":"MWC","mycall":"DA0RR","last_update":"2024-02-12T17:30:58+00:00"}
{"start":"2024-02-12T17:17:30+00:00","call":"OK1TD","cty":"OK","qrg":3.5324,"mode":"CW","rsttx":"599","extx":"064","rstrx":"599","exrx":"069","cq":15,"itu":28,"contest":"MWC","mycall":"DA0RR","last_update":"2024-02-12T17:30:58+00:00"}
{"start":"2024-02-12T17:18:00+00:00","call":"OM5ZW","cty":"OM","qrg":3.5324,"mode":"CW","rsttx":"599","extx":"065","rstrx":"599","exrx":"109","cq":15,"itu":28,"contest":"MWC","mycall":"DA0RR","last_update":"2024-02-12T17:30:58+00:00"}
{"start":"2024-02-12T17:18:15+00:00","call":"DL1BUG","cty":"DL","qrg":3.5324,"mode":"CW","rsttx":"599","extx":"066","rstrx":"599","exrx":"086","cq":14,"itu":28,"contest":"MWC","mycall":"DA0RR","last_update":"2024-02-12T17:30:58+00:00"}
{"start":"2024-02-12T17:19:00+00:00","call":"OM5RM","cty":"OM","qrg":3.5324,"mode":"CW","rsttx":"599","extx":"067","rstrx":"599","exrx":"059","cq":15,"itu":28,"contest":"MWC","mycall":"DA0RR","last_update":"2024-02-12T17:30:58+00:00"}
{"start":"2024-02-12T17:19:15+00:00","call":"SD6M","cty":"SM","qrg":3.5324,"mode":"CW","rsttx":"599","extx":"068","rstrx":"599","exrx":"046","cq":14,"itu":18,"contest":"MWC","mycall":"DA0RR","last_update":"2024-02-12T17:30:58+00:00"}
{"start":"2024-02-12T17:19:30+00:00","call":"SP3CW","cty":"SP","qrg":3.5324,"mode":"CW","rsttx":"599","extx":"069","rstrx":"599","exrx":"057","cq":15,"itu":28,"contest":"MWC","mycall":"DA0RR","last_update":"2024-02-12T17:30:58+00:00"}
{"start":"2024-02-12T17:20:00+00:00","call":"OK1USP","cty":"OK","qrg":3.5324,"mode":"CW","rsttx":"599","extx":"070","rstrx":"599","exrx":"053","cq":15,"itu":28,"contest":"MWC","mycall":"DA0RR","last_update":"2024-02-12T17:30:58+00:00"}
{"start":"2024-02-12T17:20:15+00:00","call":"OK2PYA","cty":"OK","qrg":3.5324,"mode":"CW","rsttx":"599","extx":"071","rstrx":"599","exrx":"070","cq":15,"itu":28,"contest":"MWC","mycall":"DA0RR","last_update":"2024-02-12T17:30:58+00:00"}
{"start":"2024-02-12T17:20:30+00:00","call":"HA5MA","cty":"HA","qrg":3.5324,"mode":"CW","rsttx":"599","extx":"072","rstrx":"599","exrx":"081","cq":15,"itu":28,"contest":"MWC","mycall":"DA0RR","last_update":"2024-02-12T17:30:58+00:00"}
{"start":"2024-02-12T17:21:00+00:00","call":"OM3ZU","cty":"OM","qrg":3.5324,"mode":"CW","rsttx":"599","extx":"073","rstrx":"599","exrx":"071","cq":15,"itu":28,"contest":"MWC","mycall":"DA0RR","last_update":"2024-02-12T17:30:58+00:00"}
{"start":"2024-02-12T17:22:00+00:00","call":"DK5DQ","cty":"DL","qrg":3.5324,"mode":"CW","rsttx":"599","extx":"074","rstrx":"599","exrx":"091","cq":14,"itu":28,"contest":"MWC","mycall":"DA0RR","last_update":"2024-02-12T17:30:58+00:00"}
{"start":"2024-02-12T17:23:00+00:00","call":"DF1DX","cty":"DL","qrg":3.5324,"mode":"CW","rsttx":"599","extx":"075","rstrx":"599","exrx":"080","cq":14,"itu":28,"contest":"MWC","mycall":"DA0RR","last_update":"2024-02-12T17:30:58+00:00"}
{"start":"2024-02-12T17:23:15+00:00","call":"OM5KM","cty":"OM","qrg":3.5324,"mode":"CW","rsttx":"599","extx":"076","rstrx":"599","exrx":"063","cq":15,"itu":28,"contest":"MWC","mycall":"DA0RR","last_update":"2024-02-12T17:30:58+00:00"}
{"start":"2024-02-12T17:24:00+00:00","call":"SP3VT","cty":"SP","qrg":3.5324,"mode":"CW","rsttx":"599","extx":"077","rstrx":"599","exrx":"104","cq":15,"itu":28,"contest":"MWC","mycall":"DA0RR","last_update":"2024-02-12T17:30:58+00:00"}
{"start":"2024-02-12T17:24:15+00:00","call":"DR2C","cty":"DL","qrg":3.5324,"mode":"CW","rsttx":"599","extx":"078","rstrx":"599","exrx":"132","cq":14,"itu":28,"contest":"MWC","mycall":"DA0RR","last_update":"2024-02-12T17:30:58+00:00"}
{"start":"2024-02-12T17:25:00+00:00","call":"DJ3WE","cty":"DL","qrg":3.5324,"mode":"CW","rsttx":"599","extx":"079","rstrx":"599","exrx":"085","cq":14,"itu":28,"contest":"MWC","mycall":"DA0RR","last_update":"2024-02-12T17:30:58+00:00"}
{"start":"2024-02-12T17:25:15+00:00","call":"OK2BFN","cty":"OK","qrg":3.5324,"mode":"CW","rsttx":"599","extx":"080","rstrx":"599","exrx":"112","cq":15,"itu":28,"contest":"MWC","mycall":"DA0RR","last_update":"2024-02-12T17:30:58+00:00"}
{"start":"2024-02-12T17:25:30+00:00","call":"OM4AY","cty":"OM","qrg":3.5324,"mode":"CW","rsttx":"599","extx":"081","rstrx":"599","exrx":"051","cq":15,"itu":28,"contest":"MWC","mycall":"DA0RR","last_update":"2024-02-12T17:30:58+00:00"}
{"start":"2024-02-12T17:26:00+00:00","call":"DF8V","cty":"DL","qrg":3.5324,"mode":"CW","rsttx":"599","extx":"082","rstrx":"599","exrx":"056","cq":14,"itu":28,"contest":"MWC","mycall":"DA0RR","last_update":"2024-02-12T17:30:58+00:00"}
{"start":"2024-02-12T17:27:00+00:00","call":"OK1NU","cty":"OK","qrg":3.5324,"mode":"CW","rsttx":"599","extx":"083","rstrx":"599","exrx":"056","cq":15,"itu":28,"contest":"MWC","mycall":"DA0RR","last_update":"2024-02-12T17:30:58+00:00"}
{"start":"2024-02-12T17:28:00+00:00","call":"OM2KI","cty":"OM","qrg":3.5324,"mode":"CW","rsttx":"599","extx":"084","rstrx":"599","exrx":"140","cq":15,"itu":28,"contest":"MWC","mycall":"DA0RR","last_update":"2024-02-12T17:30:58+00:00"}
{"start":"2024-02-12T17:28:15+00:00","call":"DL1NKS","cty":"DL","qrg":3.5324,"mode":"CW","rsttx":"599","extx":"085","rstrx":"599","exrx":"107","cq":14,"itu":28,"contest":"MWC","mycall":"DA0RR","last_update":"2024-02-12T17:30:58+00:00"}
{"start":"2024-02-12T17:29:00+00:00","call":"DL8QS","cty":"DL","qrg":3.5324,"mode":"CW","rsttx":"599","extx":"086","rstrx":"599","exrx":"109","cq":14,"itu":28,"contest":"MWC","mycall":"DA0RR","last_update":"2024-02-12T17:30:58+00:00"}
{"start":"2024-02-12T17:29:15+00:00","call":"DF7YE","cty":"DL","qrg":3.5324,"mode":"CW","rsttx":"599","extx":"087","rstrx":"599","exrx":"101","cq":14,"itu":28,"contest":"MWC","mycall":"DA0RR","last_update":"2024-02-12T17:30:58+00:00"}
