{"start":"1995-11-03T19:24:00+00:00","stop":"1995-11-03T19:40:00+00:00","call":"DE4ASS","cty":"DL","qrg":3.698,"mode":"SSB","rsttx":"SWL","rstrx":"55","qsltx":"Y","qslrx":"Y","name":"Alex","dok":"A21","mycall":"DF7CB","myqth":"Blieskastel","myloc":"JN39PF","last_update":"2025-03-22T22:10:26+00:00"}
{"start":"1995-11-04T13:34:00+00:00","call":"FE1301","cty":"F","qrg":14.041,"mode":"CW","rsttx":"SWL","qsltx":"Y","qslrx":"Y","mycall":"DF7CB","myqth":"Blieskastel","myloc":"JN39PF","last_update":"2025-03-22T22:10:26+00:00"}
{"start":"1995-11-04T23:54:00+00:00","call":"I202085MI","cty":"I","qrg":7.072,"mode":"SSB","rsttx":"SWL","rstrx":"59","qsltx":"Y","qslrx":"Y","mycall":"DF7CB","myqth":"Blieskastel","myloc":"JN39PF","last_update":"2025-03-22T22:10:26+00:00"}
{"start":"1995-11-11T23:25:00+00:00","call":"DE3HZF","cty":"DL","qrg":3.778,"mode":"SSB","rsttx":"SWL","rstrx":"59","qsltx":"Y","qslrx":"Y","name":"Holger","qth":"Fürstenwalde","dok":"Y18","mycall":"DF7CB","myqth":"Blieskastel","myloc":"JN39PF","last_update":"2025-03-22T22:10:26+00:00"}
{"start":"1996-07-05T19:53:00+00:00","stop":"1996-07-05T20:02:00+00:00","call":"I8-1659-RC","cty":"I","qrg":7,"mode":"CW","rsttx":"SWL","rstrx":"599","qsltx":"Y","qslrx":"Y","name":"Salvatore","mycall":"DF7CB","myqth":"Blieskastel","myloc":"JN39PF","last_update":"2025-03-22T22:10:26+00:00"}
{"start":"1996-08-17T20:09:00+00:00","stop":"1996-08-17T20:16:00+00:00","call":"DE-A31/17477","cty":"DL","qrg":10.1,"mode":"CW","rsttx":"SWL","rstrx":"549","qsltx":"Y","qslrx":"Y","name":"Norbert","qth":"Uhldingen","dok":"A31","mycall":"DF7CB","myqth":"Blieskastel","myloc":"JN39PF","last_update":"2025-03-22T22:10:26+00:00"}
{"start":"1996-11-02T17:45:00+00:00","stop":"1996-11-02T17:52:00+00:00","call":"OK1-33812","cty":"OK","qrg":3.5,"mode":"CW","rsttx":"SWL","rstrx":"599","qsltx":"Y","qslrx":"Y","name":"Petr","qth":"Teplice","mycall":"DF7CB","myqth":"Blieskastel","myloc":"JN39PF","last_update":"2025-03-22T22:10:26+00:00"}
{"start":"1996-11-24T18:09:00+00:00","call":"NL10609","cty":"KL","qrg":7,"mode":"CW","rsttx":"SWL","rstrx":"59901","qsltx":"Y","qslrx":"Y","name":"Richard","qth":"Rotterdam","contest":"CQ WW DX","mycall":"DF7CB","myqth":"Blieskastel","myloc":"JN39PF","last_update":"2025-03-22T22:10:26+00:00"}
{"start":"1996-12-26T10:16:00+00:00","call":"DE1MSA","cty":"DL","qrg":3.5,"mode":"CW","rsttx":"SWL","rstrx":"599","qsltx":"Y","qslrx":"Y","name":"Michael","qth":"Annaberg-Buchho","dok":"S48","contest":"DARC XMAS","mycall":"DF7CB","myqth":"Blieskastel","myloc":"JN39PF","last_update":"2025-03-22T22:10:26+00:00"}
{"start":"1997-03-01T18:42:00+00:00","stop":"1997-03-01T18:50:00+00:00","call":"DE2WAF","cty":"DL","qrg":3.5,"mode":"CW","rsttx":"SWL","rstrx":"599","qsltx":"Y","qslrx":"Y","name":"Wilfried","qth":"Freising","mycall":"DF7CB","myqth":"Blieskastel","myloc":"JN39PF","last_update":"2025-03-22T22:10:26+00:00"}
{"start":"1997-03-16T12:45:00+00:00","call":"DE0QRT","cty":"DL","qrg":7,"mode":"CW","rsttx":"SWL","rstrx":"599","qsltx":"Y","qslrx":"Y","name":"Peter","qth":"Furtwangen","dok":"A18","mycall":"DF7CB","myqth":"Blieskastel","myloc":"JN39PF","last_update":"2025-03-22T22:10:26+00:00"}
{"start":"1997-03-16T12:45:00+00:00","call":"DE1PPN","cty":"DL","qrg":7,"mode":"CW","rsttx":"SWL","rstrx":"599","qsltx":"Y","qslrx":"Y","name":"Peter","qth":"Furtwangen","dok":"A18","mycall":"DF7CB","myqth":"Blieskastel","myloc":"JN39PF","last_update":"2025-03-22T22:10:26+00:00"}
{"start":"1999-05-27T21:35:00+00:00","call":"HA5-024","cty":"HA","qrg":7,"mode":"CW","rsttx":"SWL","rstrx":"569","qsltx":"Y","qslrx":"Y","name":"Nick","comment":"QSL mit 9A1HCD","mycall":"DF7CB","mytrx":"IC706","myqth":"Blieskastel","myloc":"JN39PF","myant":"Doppelzepp","last_update":"2025-03-22T22:10:26+00:00"}
{"start":"1999-11-26T22:20:00+00:00","call":"DE1AJH","cty":"DL","qrg":1.8,"mode":"CW","rsttx":"SWL","rstrx":"559","qsltx":"Y","qslrx":"Y","comment":"QSO mit IZ2BKC","mycall":"DF7CB","mytrx":"IC706","myqth":"Blieskastel","myloc":"JN39PF","myant":"Doppelzepp","last_update":"2025-03-22T22:10:26+00:00"}
{"start":"2000-08-01T22:02:00+00:00","call":"DE1GSW","cty":"DL","qrg":7,"mode":"CW","rsttx":"SWL","rstrx":"589","qsltx":"Y","qslrx":"Y","mycall":"DF7CB","mytrx":"IC706","mypwr":100,"myqth":"Blieskastel","myloc":"JN39PF","myant":"Doppelzepp","last_update":"2025-03-22T22:10:26+00:00"}
{"start":"2019-01-13T21:00:15+00:00","call":"DE1PCE","qrg":5.358571,"mode":"FT8","rsttx":"SWL","qsltx":"Y","qslrx":"Y","comment":"QSO with LA1VNA","mycall":"DF7CB","last_update":"2025-03-22T22:10:26+00:00"}
{"start":"2019-01-26T12:44:30+00:00","call":"DE1PCE","qrg":10.138404,"mode":"FT8","rsttx":"SWL","qsltx":"Y","qslrx":"Y","comment":"QSO with LA1VNA","mycall":"DF7CB","last_update":"2025-03-22T22:10:26+00:00"}
{"start":"2019-03-14T16:22:15+00:00","call":"DE1PCE","qrg":7.074326,"mode":"FT8","rsttx":"SWL","qsltx":"Y","qslrx":"Y","comment":"QSO with F5UJQ","mycall":"DF7CB","last_update":"2025-03-22T22:10:26+00:00"}
{"start":"2019-06-19T20:28:30+00:00","call":"DE1PCE","qrg":18.102183,"mode":"FT8","rsttx":"SWL","qsltx":"Y","qslrx":"Y","comment":"QSO with EA1AKS","mycall":"DF7CB","last_update":"2025-03-22T22:10:26+00:00"}
{"start":"2019-07-15T15:59:15+00:00","call":"NL12621","qrg":10.136833,"mode":"FT8","rsttx":"SWL","qsltx":"Y","qslrx":"Y","comment":"QSO with F5UJQ","mycall":"DF7CB","last_update":"2025-03-22T22:10:26+00:00"}
{"start":"2019-08-28T16:33:15+00:00","call":"DE1PCE","qrg":21.074754,"mode":"FT8","rsttx":"SWL","qsltx":"Y","qslrx":"Y","comment":"QSO with EA4DEI","mycall":"DF7CB","last_update":"2025-03-22T22:10:26+00:00"}
{"start":"2019-10-06T09:26:00+00:00","call":"DE1TOH","qrg":7.0445,"mode":"HELL","rsttx":"SWL","qsltx":"Y","qslrx":"Y","comment":"QSO with DM4AB","mycall":"DF7CB","last_update":"2025-03-22T22:10:26+00:00"}
{"start":"2019-10-20T14:41:00+00:00","call":"DE7BNW","qrg":3.5239,"mode":"CW","rsttx":"SWL","qsltx":"Y","qslrx":"Y","comment":"QSO with DL4KWA","mycall":"DF7CB","last_update":"2025-03-22T22:10:26+00:00"}
{"start":"2019-11-23T13:47:00+00:00","call":"DE1PCE","qrg":14.0256,"mode":"CW","rsttx":"SWL","qsltx":"Y","qslrx":"Y","comment":"QSO with UX0LL","mycall":"DF7CB","last_update":"2025-03-22T22:10:26+00:00"}
{"start":"2020-01-08T07:04:30+00:00","call":"DE1PCE","qrg":1.842316,"mode":"FT8","rsttx":"SWL","qsltx":"Y","qslrx":"Y","comment":"QSO with EA1AKS","mycall":"DF7CB","last_update":"2025-03-22T22:10:26+00:00"}
{"start":"2020-01-25T22:18:00+00:00","call":"DE5HWK","qrg":1.8467,"mode":"CW","rsttx":"SWL","qsltx":"Y","qslrx":"Y","comment":"QSO with DL2SAX","mycall":"DF7CB","last_update":"2025-03-22T22:10:26+00:00"}
{"start":"2020-04-06T16:55:00+00:00","call":"OKL007","qrg":3.5379,"mode":"CW","rsttx":"SWL","qsltx":"Y","qslrx":"Y","comment":"QSO with OK1AY","mycall":"DF7CB","last_update":"2025-03-22T22:10:26+00:00"}
{"start":"2020-04-27T17:15:00+00:00","call":"OKL007","qrg":3.5409,"mode":"CW","rsttx":"SWL","qsltx":"Y","qslrx":"Y","comment":"QSO with OM3PA","mycall":"DF7CB","last_update":"2025-03-22T22:10:26+00:00"}
{"start":"2020-05-10T08:46:00+00:00","call":"DE7BNW","qrg":21.01,"mode":"CW","rsttx":"SWL","qsltx":"Y","qslrx":"Y","comment":"QSO with EA5U","mycall":"DF7CB","last_update":"2025-03-22T22:10:26+00:00"}
{"start":"2021-03-29T16:31:00+00:00","call":"DE7BNW","qrg":7.0369,"mode":"CW","rsttx":"SWL","qsltx":"Y","qslrx":"Y","comment":"QSO with SD1A","mycall":"DF7CB","last_update":"2025-03-22T22:10:26+00:00"}
{"start":"2021-06-09T19:32:15+00:00","call":"DE1PCE","qrg":28.076671,"mode":"FT8","rsttx":"SWL","qsltx":"Y","qslrx":"Y","comment":"QSO with EA9ACF","mycall":"DF7CB","last_update":"2025-03-22T22:10:26+00:00"}
{"start":"2021-06-19T14:09:15+00:00","call":"DE1PCE","qrg":50.314335,"mode":"FT8","rsttx":"SWL","qsltx":"Y","qslrx":"Y","comment":"QSO with EA9ABC","mycall":"DF7CB","last_update":"2025-03-22T22:10:26+00:00"}
{"start":"2021-09-13T17:25:00+00:00","call":"DE0PDM","qrg":3.5335,"mode":"CW","rsttx":"SWL","qsltx":"N","qslrx":"Y","comment":"QSO with DP7D","mycall":"DF7CB","last_update":"2025-03-22T22:10:26+00:00"}
{"start":"2022-10-01T16:02:00+00:00","call":"DE1TOH","qrg":3.599224,"mode":"HELL","rsttx":"SWL","qsltx":"Y","qslrx":"Y","comment":"QSO with DD5MA","mycall":"DF7CB","last_update":"2025-03-22T22:10:26+00:00"}
{"start":"2022-11-26T16:38:00+00:00","call":"DE4PGL","qrg":3.5316,"mode":"CW","rsttx":"SWL","qsltx":"Y","qslrx":"Y","comment":"QSO with DF0HQ","mycall":"DF7CB","last_update":"2025-03-22T22:10:26+00:00"}
{"start":"2023-02-17T12:38:45+00:00","call":"DE0WAF","qrg":24.917530,"mode":"FT8","rsttx":"SWL","qsltx":"Y","qslrx":"Y","comment":"QSO with EA5KB","mycall":"DF7CB","last_update":"2025-03-22T22:10:26+00:00"}
{"start":"2023-04-10T04:48:30+00:00","call":"DE0ACN","qrg":3.573528,"mode":"FT8","rsttx":"SWL","qsltx":"Y","qslrx":"Y","comment":"QSO with DL6ZOG","mycall":"DF7CB","last_update":"2025-03-22T22:10:26+00:00"}
{"start":"2023-04-23T17:47:00+00:00","call":"DE1TOH","qrg":7.047881,"mode":"RTTY","rsttx":"SWL","qsltx":"Y","qslrx":"Y","comment":"QSO with PE1FTV","mycall":"DF7CB","last_update":"2025-03-22T22:10:26+00:00"}
{"start":"2023-07-22T20:01:00+00:00","call":"DE8MHO","qrg":7.1745,"mode":"SSB","rsttx":"SWL","qsltx":"Y","qslrx":"Y","comment":"QSO with DK9BM","mycall":"DN3AJ","last_update":"2025-03-22T22:10:26+00:00"}
{"start":"2024-01-13T09:31:00+00:00","call":"DE0KMK","qrg":3.774,"mode":"SSB","rsttx":"SWL","qsltx":"Y","qslrx":"Y","comment":"QSO with DG1E","mycall":"DF7CB","last_update":"2025-03-22T22:10:26+00:00"}
{"start":"2024-01-16T10:22:18+00:00","call":"DE0ACN","qrg":7.075426,"mode":"FT8","rsttx":"SWL","qsltx":"Y","qslrx":"Y","comment":"QSO with DK2EE","mycall":"DF7CB","last_update":"2025-03-22T22:10:26+00:00"}
{"start":"2024-03-31T21:49:00+00:00","call":"I2-2085/MI","qrg":7.1111,"mode":"SSB","rsttx":"SWL","qsltx":"N","qslrx":"Y","comment":"QSO with OH5Z","mycall":"DF7C","last_update":"2025-03-22T22:10:26+00:00"}
