 ; --8<--
 40CW  07-Apr-25 19:08 0001  DH0GHU         599  599  000           DL       1   7011.0
 40CW  07-Apr-25 19:09 0002  UA3WBC         599  599  000           UA       1   7011.0
 40CW  07-Apr-25 19:09 0003  R6FS           599  599  0                      1   7011.0
 40CW  07-Apr-25 19:10 0004  DK7RZ          599  599  0                      1   7011.0
 40CW  07-Apr-25 19:10 0005  YL2CQ          599  599  0             YL       1   7011.0
 40CW  07-Apr-25 19:12 0006  F4IGG          599  599  0             F        1   7011.0
 40CW  07-Apr-25 19:12 0007  GW4MM          599  599  0             GW       1   7011.0
 40CW  07-Apr-25 19:12 0008  EA5AFP         599  599  0             EA       1   7011.0
 40CW  07-Apr-25 19:13 0009  SP4NKU         599  599  0             SP       1   7011.0
 40CW  07-Apr-25 19:13 0010  DL8UVG         599  599  0                      1   7011.0
 40CW  07-Apr-25 19:14 0011  UN7DX          599  599  0             UN       1   7011.0
 40CW  07-Apr-25 19:14 0012  DJ8CR          599  599  0                      1   7011.0
 40CW  07-Apr-25 19:15 0013  I0WOK          599  599  0             I        1   7011.0
 40CW  07-Apr-25 19:15 0014  I2PJF          599  599  0                      1   7011.0
 40CW  07-Apr-25 19:16 0015  DJ0YI          599  599  0                      1   7011.0
 40CW  07-Apr-25 19:16 0016  YU2CW          599  599  0             YU       1   7011.0
 40CW  07-Apr-25 19:17 0017  DH3JQ          599  599  0                      1   7011.0
 40CW  07-Apr-25 19:18 0018  SM0MDG         599  599  0             SM       1   7011.0
 40CW  07-Apr-25 19:20 0019  G0GUF          599  599  0             G        1   7011.0
 40CW  07-Apr-25 19:21 0020  OT5Q           599  599  0             ON       1   7011.0
 40CW  07-Apr-25 19:26 0021  YO6ZS          599  599  0             YO       1   7011.0
 40CW  07-Apr-25 20:27 0022  E72U           599  599  0             E7       1   7019.0
 40CW  07-Apr-25 20:28 0023  UW5RA          599  599  0             UR       1   7019.0
 40CW  07-Apr-25 20:29 0024  HA4FY          599  599  0             HA       1   7019.0
 40CW  07-Apr-25 20:30 0025  HA6OZ          599  599  0                      1   7019.0
 40CW  07-Apr-25 20:30 0026  4Z4DX          599  599  0             4X       1   7019.0
 80CW  07-Apr-25 20:35 0027  G4LPD          599  599  0             G        1   3515.0
 80CW  07-Apr-25 20:36 0028  DJ3AS          599  599  0             DL       1   3515.0
 80CW  07-Apr-25 20:38 0029  DF1XC          599  599  0                      1   3515.0
 80CW  07-Apr-25 20:39 0030  OK4RQ          599  599  0             OK       1   3515.0
 80CW  07-Apr-25 20:39 0031  RL3FM          599  599  0             UA       1   3515.0
 80CW  07-Apr-25 20:40 0032  DL9DWR         599  599  0                      1   3515.0
 80CW  07-Apr-25 20:40 0033  OK7CM          599  599  0                      1   3515.0
 80CW  07-Apr-25 20:41 0034  OK1OFM         599  599  0                      1   3515.0
 80CW  07-Apr-25 20:41 0035  G4XWR          599  599  0                      1   3515.0
 80CW  07-Apr-25 20:42 0036  YO4AAC         599  599  0             YO       1   3515.0
 80CW  07-Apr-25 20:42 0037  OK7CM          599  599  0                      0   3515.0
 80CW  07-Apr-25 20:43 0038  OK3EQ          599  599  0                      1   3515.0
 80CW  07-Apr-25 20:44 0039  DO2NK          599  599  0                      1   3515.0
 80CW  07-Apr-25 20:46 0040  OM3YCA         599  599  0             OM       1   3515.0
 80CW  07-Apr-25 20:46 0041  IK3/UY7LA      599  599  0             I        1   3515.0
 80CW  07-Apr-25 20:47 0042  DL6UM          599  599  0                      1   3515.0
 80CW  07-Apr-25 20:48 0043  DO4IV          599  599  0                      1   3515.0
 80CW  07-Apr-25 20:50 0044  DK2BK          599  599  0                      1   3515.0
 80CW  07-Apr-25 20:50 0045  DL6ABB         599  599  0                      1   3515.0
 80CW  07-Apr-25 20:52 0046  DL2BBL         599  599  0                      1   3515.0
 80CW  07-Apr-25 20:52 0047  DL5XL          599  599  0                      1   3515.0
 80CW  07-Apr-25 20:54 0048  DL7ARV         599  599  0                      1   3515.0
 80CW  07-Apr-25 20:55 0049  DL1WH          599  599  0                      1   3515.0
 80CW  07-Apr-25 21:00 0050  DL2FDM         599  599  0                      1   3515.0
 80CW  07-Apr-25 21:01 0051  OK1AY          599  599  0                      1   3515.0
 80CW  07-Apr-25 21:05 0052  OK1DSN         599  599  0                      1   3515.0
 80CW  07-Apr-25 21:07 0053  OM5AA          599  599  0                      1   3515.0
 40CW  07-Apr-25 21:15 0054  OK1AY          599  599  0             OK       1   7019.0
 40CW  07-Apr-25 21:20 0055  EA1GT          599  599  0                      1   7019.0
 40CW  07-Apr-25 21:20 0056  SP3JHZ         599  599  0                      1   7019.0
 40CW  07-Apr-25 21:21 0057  EC1KR          599  599  0                      1   7019.0
 40CW  07-Apr-25 21:21 0058  DL2HWI         599  599  0                      1   7019.0
 40CW  07-Apr-25 21:23 0059  CT7ACS         599  599  0             CT       1   7019.0
 40CW  07-Apr-25 21:26 0060  EA4ESP         599  599  0                      1   7019.0
 40CW  07-Apr-25 21:31 0061  OK1DQP         599  599  0                      1   7019.0
 40CW  07-Apr-25 21:32 0062  YO9CMC         599  599  0                      1   7019.0
 40CW  07-Apr-25 21:33 0063  IZ0AYM         599  599  0                      1   7019.0
 40CW  07-Apr-25 21:35 0064  LY4Q           599  599  0             LY       1   7019.0
 ; -->8--
 40CW  15-Apr-25 19:57 0065  IW2OGY         599  599  0                      1   7009.0
 40CW  15-Apr-25 19:58 0066  OK2PVG         599  599  0                      1   7009.0
 40CW  15-Apr-25 19:58 0067  SP2DBN         599  599  0                      1   7009.0
 40CW  15-Apr-25 20:00 0068  HA3LN          599  599  0                      1   7009.0
 40CW  15-Apr-25 20:01 0069  LZ7CC          599  599  0             LZ       1   7009.0
 40CW  15-Apr-25 20:02 0070  LY2BKQ         599  599  0                      1   7009.0
 40CW  15-Apr-25 20:02 0071  UA6AX          599  599  0                      1   7009.0
 40CW  15-Apr-25 20:03 0072  9A2UN          599  599  0             9A       1   7009.0
 40CW  15-Apr-25 20:04 0073  DL1SUS         599  599  0                      1   7009.0
 40CW  15-Apr-25 20:04 0074  YO7NSP         599  599  0                      1   7009.0
 40CW  15-Apr-25 20:05 0075  M0TTQ          599  599  0                      1   7009.0
 40CW  15-Apr-25 20:05 0076  DL1YFS         599  599  0                      1   7009.0
 40CW  15-Apr-25 20:06 0077  EA1ASG         599  599  0                      1   7009.0
 40CW  15-Apr-25 20:06 0078  OH3GD          599  599  0             OH       1   7009.0
 40CW  15-Apr-25 20:07 0079  OK2YN          599  599  0                      1   7009.0
 40CW  15-Apr-25 20:07 0080  DF1MM          599  599  0                      1   7009.0
 40CW  15-Apr-25 20:08 0081  G4YDL          599  599  0                      1   7009.0
 40CW  15-Apr-25 20:08 0082  LY1M           599  599  0                      1   7009.0
 40CW  15-Apr-25 20:08 0083  R3DD           599  599  0                      1   7009.0
 40CW  15-Apr-25 20:10 0084  YO4DWD         599  599  0                      1   7009.0
 40CW  15-Apr-25 20:10 0085  PD5SS          599  599  0             PA       1   7009.0
 40CW  15-Apr-25 20:11 0086  UD3B           599  599  0                      1   7009.0
 40CW  15-Apr-25 20:12 0087  OE3BMW         599  599  0             OE       1   7009.0
 40CW  15-Apr-25 20:14 0088  IW9HKP         599  599  0             IT9      1   7009.0
 40CW  15-Apr-25 20:15 0089  DM3KF          599  599  0                      1   7009.0
 40CW  15-Apr-25 20:16 0090  DF4WO          599  599  0                      1   7009.0
 40CW  15-Apr-25 20:16 0091  HB9IIH         599  599  0             HB       1   7009.0
 40CW  15-Apr-25 20:18 0092  HA6VH          599  599  0                      1   7009.0
 40CW  15-Apr-25 20:18 0093  G7SE           599  599  0                      1   7009.0
 40CW  15-Apr-25 20:19 0094  G4JQT          599  599  0                      1   7009.0
 40CW  15-Apr-25 20:19 0095  UA7O           599  599  0                      1   7009.0
 40CW  15-Apr-25 20:20 0096  DL1SUS         599  599  0                      0   7009.0
 40CW  15-Apr-25 20:21 0097  DK7XX          599  599  0                      1   7009.0
 40CW  15-Apr-25 20:21 0098  EA3RM          599  599  0                      1   7009.0
 40CW  15-Apr-25 20:21 0099  EC4TA          599  599  0                      1   7009.0
 40CW  15-Apr-25 20:22 0100  DK7FZ          599  599  0                      1   7009.0
 40CW  15-Apr-25 20:23 0101  HA6OD          599  599  0                      1   7009.0
 40CW  15-Apr-25 20:24 0102  TA2II          599  599  0             TA       1   7009.0
 40CW  15-Apr-25 20:25 0103  DJ2MH          599  599  0                      1   7009.0
 40CW  15-Apr-25 20:26 0104  F1DHF          599  599  0                      1   7009.0
 40CW  15-Apr-25 20:33 0105  HA3GZ          599  599  0                      1   7013.0
 40CW  15-Apr-25 20:33 0106  OK1AME         599  599  0                      1   7013.0
 40CW  15-Apr-25 20:34 0107  DL6ABB         599  599  0                      1   7013.0
 40CW  15-Apr-25 20:35 0108  LZ1CX          599  599  0                      1   7013.0
