2004-06-05 23:48:00+00	\N	DK0EP/P	DL	7.019	CW	599001	599	N	N	\N	\N	\N	\N	IARU Region 1 Fieldday	\N	DF7CB	IC706	100	Blieskastel	JN39PF	Doppelzepp	\N	\N	\N	\N
2004-06-05 23:52:00+00	\N	UZ1LXK/P	UR	7.022	CW	599002	599	N	N	\N	\N	\N	\N	IARU Region 1 Fieldday	\N	DF7CB	IC706	100	Blieskastel	JN39PF	Doppelzepp	\N	\N	\N	\N
2004-06-05 23:55:00+00	\N	SP8HZZ/P	SP	7.011	CW	599003	599	N	N	\N	\N	\N	\N	IARU Region 1 Fieldday	\N	DF7CB	IC706	100	Blieskastel	JN39PF	Doppelzepp	\N	\N	\N	\N
2004-06-05 23:58:00+00	\N	PA3DKC/P	PA	7.010	CW	599004	599	N	N	\N	\N	\N	\N	IARU Region 1 Fieldday	\N	DF7CB	IC706	100	Blieskastel	JN39PF	Doppelzepp	\N	\N	\N	\N
2004-06-06 00:00:00+00	\N	S53EO/P	S5	7.008	CW	599005	599	R	Y	\N	\N	\N	\N	IARU Region 1 Fieldday	\N	DF7CB	IC706	100	Blieskastel	JN39PF	Doppelzepp	\N	\N	\N	\N
2004-06-06 00:02:00+00	\N	DL0QS/P	DL	7.006	CW	599006	599	N	N	\N	\N	\N	\N	IARU Region 1 Fieldday	\N	DF7CB	IC706	100	Blieskastel	JN39PF	Doppelzepp	\N	\N	\N	\N
2004-06-06 00:05:00+00	\N	IQ1AO/P	I	7.025	CW	599007	599	N	N	\N	\N	\N	\N	IARU Region 1 Fieldday	\N	DF7CB	IC706	100	Blieskastel	JN39PF	Doppelzepp	\N	\N	\N	\N
2004-06-06 00:07:00+00	\N	RK6AXS/P	UA	7.019	CW	599008	599	N	N	\N	\N	\N	\N	IARU Region 1 Fieldday	\N	DF7CB	IC706	100	Blieskastel	JN39PF	Doppelzepp	\N	\N	\N	\N
2004-06-06 00:10:00+00	\N	ON5LL/P	ON	7.015	CW	599009	599	N	N	\N	\N	\N	\N	IARU Region 1 Fieldday	\N	DF7CB	IC706	100	Blieskastel	JN39PF	Doppelzepp	\N	\N	\N	\N
2004-06-06 00:15:00+00	\N	S53Z/P	S5	7.012	CW	599010	599	N	N	\N	\N	\N	\N	IARU Region 1 Fieldday	\N	DF7CB	IC706	100	Blieskastel	JN39PF	Doppelzepp	\N	\N	\N	\N
2004-06-06 00:17:00+00	\N	EI1M/P	EI	7.010	CW	599011	599	N	N	\N	\N	\N	\N	IARU Region 1 Fieldday	\N	DF7CB	IC706	100	Blieskastel	JN39PF	Doppelzepp	\N	\N	\N	\N
2004-06-06 00:20:00+00	\N	G4KLS/P	G	7.006	CW	599012	599	N	N	\N	\N	\N	\N	IARU Region 1 Fieldday	\N	DF7CB	IC706	100	Blieskastel	JN39PF	Doppelzepp	\N	\N	\N	\N
2004-06-06 00:25:00+00	\N	GD0EMG/P	GD	7.024	CW	599013	599	N	N	\N	\N	\N	\N	IARU Region 1 Fieldday	\N	DF7CB	IC706	100	Blieskastel	JN39PF	Doppelzepp	\N	\N	\N	\N
2004-06-06 00:26:00+00	\N	RK6LXT/P	UA	7.023	CW	599014	599	N	N	\N	\N	\N	\N	IARU Region 1 Fieldday	\N	DF7CB	IC706	100	Blieskastel	JN39PF	Doppelzepp	\N	\N	\N	\N
2004-06-06 00:31:00+00	\N	UA3QLC/P	UA	7.008	CW	599015	599	N	N	\N	\N	\N	\N	IARU Region 1 Fieldday	\N	DF7CB	IC706	100	Blieskastel	JN39PF	Doppelzepp	\N	\N	\N	\N
2004-06-06 00:36:00+00	\N	UR6QS/P	UR	7.013	CW	599016	599	N	N	\N	\N	\N	\N	IARU Region 1 Fieldday	\N	DF7CB	IC706	100	Blieskastel	JN39PF	Doppelzepp	\N	\N	\N	\N
2004-06-06 00:40:00+00	\N	RO4M/P	UA	7.010	CW	599017	599	N	N	\N	\N	\N	\N	IARU Region 1 Fieldday	\N	DF7CB	IC706	100	Blieskastel	JN39PF	Doppelzepp	\N	\N	\N	\N
2004-06-06 00:44:00+00	\N	DL1IAO/P	DL	7.013	CW	599018	599	N	N	\N	\N	\N	\N	IARU Region 1 Fieldday	\N	DF7CB	IC706	100	Blieskastel	JN39PF	Doppelzepp	\N	\N	\N	\N
2004-06-06 00:47:00+00	\N	DL0MW/P	DL	7.015	CW	599019	599	N	N	\N	\N	\N	\N	IARU Region 1 Fieldday	\N	DF7CB	IC706	100	Blieskastel	JN39PF	Doppelzepp	\N	\N	\N	\N
2004-08-29 22:03:00+00	2004-08-29 22:15:00+00	M0UFO	G	7.012	CW	599	599	Y	R	James	Ashford	\N	\N	\N	\N	DF7CB	IC706	100	Blieskastel	JN39PF	Doppelzepp	\N	\N	\N	\N
2004-08-29 22:17:00+00	2004-08-29 22:32:00+00	DL2VIW	DL	7.015	CW	599	599	Y	Y	Ingo	Stolpen	\N	\N	\N	\N	DF7CB	IC706	100	Blieskastel	JN39PF	Doppelzepp	\N	\N	\N	\N
2004-09-07 22:21:00+00	\N	R2SRR	UA	7.016	CW	599	599	N	N	\N	\N	\N	\N	\N	\N	DF7CB	IC706	20	Saarbrücken	JN39MG	GP	\N	\N	\N	\N
2004-09-07 22:45:00+00	2004-09-07 22:56:00+00	SP5EBK	SP	7.021	CW	559	559	N	N	\N	\N	KO02MG	\N	\N	\N	DF7CB	IC706	20	Saarbrücken	JN39MG	GP	\N	\N	{"lotw": true}	2020-03-15 20:48:32.135595+00
2004-12-26 08:34:00+00	\N	HG4I	HA	7.011	CW	599Q02	599002	N	N	\N	\N	\N	\N	DARC XMAS	\N	DF7CB	IC706	100	Blieskastel	JN39PF	Doppelzepp	\N	\N	\N	\N
2004-12-26 08:44:00+00	\N	DF2CK	DL	7.018	CW	599Q02	599S21	N	N	\N	\N	JO71AD	S21	DARC XMAS	\N	DF7CB	IC706	100	Blieskastel	JN39PF	Doppelzepp	\N	\N	{"lotw": true}	2020-03-15 20:48:32.135595+00
2004-12-26 08:46:00+00	\N	DL8UIL	DL	7.018	CW	599Q02	599Y24	N	N	\N	\N	\N	Y24	DARC XMAS	\N	DF7CB	IC706	100	Blieskastel	JN39PF	Doppelzepp	\N	\N	\N	\N
2004-12-26 08:49:00+00	\N	IN3ZWF	I	7.021	CW	599Q02	599010	N	N	\N	\N	JN56XV	\N	DARC XMAS	\N	DF7CB	IC706	100	Blieskastel	JN39PF	Doppelzepp	\N	\N	{"lotw": true}	2020-03-15 20:48:32.135595+00
2004-12-26 08:51:00+00	\N	DJ1PQ	DL	7.021	CW	599Q02	599F03	N	N	\N	\N	\N	F03	DARC XMAS	\N	DF7CB	IC706	100	Blieskastel	JN39PF	Doppelzepp	\N	\N	\N	\N
2004-12-26 08:53:00+00	\N	EW8EW	EU	7.023	CW	599Q02	599168	N	N	\N	\N	\N	\N	DARC XMAS	\N	DF7CB	IC706	100	Blieskastel	JN39PF	Doppelzepp	\N	\N	\N	\N
2004-12-26 08:56:00+00	\N	DL1HCM	DL	7.029	CW	599Q02	599E03	R	Y	\N	\N	\N	E03	DARC XMAS	\N	DF7CB	IC706	100	Blieskastel	JN39PF	Doppelzepp	\N	\N	\N	\N
2004-12-26 08:57:00+00	\N	DL2MDX	DL	7.029	CW	599Q02	599T03	N	N	\N	\N	\N	T03	DARC XMAS	\N	DF7CB	IC706	100	Blieskastel	JN39PF	Doppelzepp	\N	\N	\N	\N
2004-12-26 09:02:00+00	\N	DM5AA	DL	7.023	CW	599Q02	599V11	R	Y	\N	\N	\N	V11	DARC XMAS	\N	DF7CB	IC706	100	Blieskastel	JN39PF	Doppelzepp	\N	\N	\N	\N
2004-12-26 09:03:00+00	\N	DJ9HQ	DL	7.023	CW	599Q02	599C29	R	Y	\N	\N	\N	C29	DARC XMAS	\N	DF7CB	IC706	100	Blieskastel	JN39PF	Doppelzepp	\N	\N	\N	\N
2004-12-26 09:06:00+00	\N	ON7SS	ON	7.022	CW	599Q02	599016	R	Y	\N	\N	JO21EE	\N	DARC XMAS	\N	DF7CB	IC706	100	Blieskastel	JN39PF	Doppelzepp	\N	\N	{"lotw": true}	2020-03-15 20:48:32.135595+00
2004-12-26 09:10:00+00	\N	DK7XW	DL	7.022	CW	599Q02	599X26	R	Y	\N	\N	\N	X26	DARC XMAS	\N	DF7CB	IC706	100	Blieskastel	JN39PF	Doppelzepp	\N	\N	\N	\N
2004-12-26 09:18:00+00	\N	DL0VH	DL	7.018	CW	599Q02	599I22	N	N	\N	\N	\N	I22	DARC XMAS	\N	DF7CB	IC706	100	Blieskastel	JN39PF	Doppelzepp	\N	\N	\N	\N
2004-12-26 09:19:00+00	\N	DL5LYM	DL	7.014	CW	599Q02	599S41	N	N	\N	\N	JO61DI	S41	DARC XMAS	\N	DF7CB	IC706	100	Blieskastel	JN39PF	Doppelzepp	\N	\N	{"dcl": "i", "lotw": true}	2020-03-16 21:29:54.719455+00
2004-12-26 09:25:00+00	\N	DL4XK	DL	7.019	CW	599Q02	599E02	N	N	\N	\N	\N	E02	DARC XMAS	\N	DF7CB	IC706	100	Blieskastel	JN39PF	Doppelzepp	\N	\N	\N	\N
2004-12-26 09:26:00+00	\N	DK1QO	DL	7.019	CW	599Q02	599Z65	N	N	\N	\N	\N	Z65	DARC XMAS	\N	DF7CB	IC706	100	Blieskastel	JN39PF	Doppelzepp	\N	\N	\N	\N
2004-12-26 09:28:00+00	\N	DJ5GG	DL	7.012	CW	599Q02	599B13	N	N	\N	\N	\N	B13	DARC XMAS	\N	DF7CB	IC706	100	Blieskastel	JN39PF	Doppelzepp	\N	\N	\N	\N
2004-12-26 09:29:00+00	\N	DF1BU	DL	7.012	CW	599Q02	599R11	N	N	\N	\N	\N	R11	DARC XMAS	\N	DF7CB	IC706	100	Blieskastel	JN39PF	Doppelzepp	\N	\N	\N	\N
2004-12-26 09:32:00+00	\N	DL6UNF	DL	7.017	CW	599Q02	599Y27	N	N	\N	\N	JO71IW	Y27	DARC XMAS	\N	DF7CB	IC706	100	Blieskastel	JN39PF	Doppelzepp	\N	\N	{"lotw": true}	2020-03-15 20:48:32.135595+00
2004-12-26 09:33:00+00	\N	DJ2IA	DL	7.017	CW	599Q02	599Y25	N	N	\N	\N	\N	Y25	DARC XMAS	\N	DF7CB	IC706	100	Blieskastel	JN39PF	Doppelzepp	\N	\N	{"dcl": "i"}	2020-03-16 21:29:54.719455+00
2004-12-26 09:35:00+00	\N	F5TNI	F	7.016	CW	599Q02	599027	N	N	\N	\N	\N	\N	DARC XMAS	\N	DF7CB	IC706	100	Blieskastel	JN39PF	Doppelzepp	\N	\N	\N	\N
2004-12-26 09:37:00+00	\N	DK3QZ	DL	7.017	CW	599Q02	599L03	N	N	\N	\N	\N	L03	DARC XMAS	\N	DF7CB	IC706	100	Blieskastel	JN39PF	Doppelzepp	\N	\N	\N	\N
2004-12-26 09:40:00+00	\N	DK5ZO	DL	7.017	CW	599Q02	599D21	N	N	\N	\N	\N	D21	DARC XMAS	\N	DF7CB	IC706	100	Blieskastel	JN39PF	Doppelzepp	\N	\N	\N	\N
2004-12-26 09:42:00+00	\N	DJ4SO	DL	7.018	CW	599Q02	599M06	N	N	\N	\N	\N	M06	DARC XMAS	\N	DF7CB	IC706	100	Blieskastel	JN39PF	Doppelzepp	\N	\N	\N	\N
2004-12-26 09:43:00+00	\N	DL7UMK	DL	7.018	CW	599Q02	599Y07	R	Y	\N	\N	\N	Y07	DARC XMAS	\N	DF7CB	IC706	100	Blieskastel	JN39PF	Doppelzepp	\N	\N	\N	\N
2004-12-26 09:46:00+00	\N	9A4RC	9A	7.020	CW	599Q02	599045	R	Y	\N	\N	\N	\N	DARC XMAS	\N	DF7CB	IC706	100	Blieskastel	JN39PF	Doppelzepp	\N	\N	\N	\N
2004-12-26 09:46:00+00	\N	OK2ZJ	OK	7.020	CW	599Q02	599029	N	N	\N	\N	\N	\N	DARC XMAS	\N	DF7CB	IC706	100	Blieskastel	JN39PF	Doppelzepp	\N	\N	\N	\N
2004-12-26 09:49:00+00	\N	DL3DTH	DL	7.021	CW	599Q02	599S07	N	N	\N	\N	JO61UE	S07	DARC XMAS	\N	DF7CB	IC706	100	Blieskastel	JN39PF	Doppelzepp	\N	\N	{"dcl": "i", "lotw": true}	2020-03-16 21:29:54.719455+00
2004-12-26 09:53:00+00	\N	DJ6XG	DL	7.021	CW	599Q02	599T03	R	Y	\N	\N	JN57HV	T03	DARC XMAS	\N	DF7CB	IC706	100	Blieskastel	JN39PF	Doppelzepp	\N	\N	{"dcl": "i", "lotw": true}	2020-03-16 21:29:54.719455+00
2004-12-26 09:55:00+00	\N	DL7VAF	DL	7.024	CW	599Q02	599Y14	R	Y	\N	\N	\N	Y14	DARC XMAS	\N	DF7CB	IC706	100	Blieskastel	JN39PF	Doppelzepp	\N	\N	\N	\N
2004-12-26 09:57:00+00	\N	DG3LSM/P	DL	7.024	CW	599Q02	599S30	R	Y	\N	\N	\N	S30	DARC XMAS	\N	DF7CB	IC706	100	Blieskastel	JN39PF	Doppelzepp	\N	\N	\N	\N
2004-12-26 10:10:00+00	\N	DK6IO	DL	7.026	CW	599Q02	599S61	N	N	\N	\N	\N	S61	DARC XMAS	\N	DF7CB	IC706	100	Blieskastel	JN39PF	Doppelzepp	\N	\N	\N	\N
2004-12-26 10:11:00+00	\N	DF4ZL	DL	7.026	CW	599Q02	599F16	R	Y	\N	\N	\N	F16	DARC XMAS	\N	DF7CB	IC706	100	Blieskastel	JN39PF	Doppelzepp	\N	\N	{"dcl": "i", "lotw": true}	2020-03-16 21:29:54.719455+00
2004-12-26 10:13:00+00	\N	DJ3XK	DL	7.025	CW	599Q02	599E31	N	N	\N	\N	\N	E31	DARC XMAS	\N	DF7CB	IC706	100	Blieskastel	JN39PF	Doppelzepp	\N	\N	\N	\N
2004-12-26 10:14:00+00	\N	DL5JS	DL	7.025	CW	599Q02	599R01	N	N	\N	\N	JO31JF	R01	DARC XMAS	\N	DF7CB	IC706	100	Blieskastel	JN39PF	Doppelzepp	\N	\N	{"dcl": "i", "lotw": true}	2020-03-16 21:29:54.719455+00
2004-12-26 10:19:00+00	\N	OK1IBP	OK	7.029	CW	599Q02	599092	N	N	\N	\N	JN69KJ	\N	DARC XMAS	\N	DF7CB	IC706	100	Blieskastel	JN39PF	Doppelzepp	\N	\N	{"lotw": true}	2020-03-15 20:48:32.135595+00
2004-12-26 10:20:00+00	\N	DL5ARM	DL	7.029	CW	599Q02	599X43	N	N	\N	\N	\N	X43	DARC XMAS	\N	DF7CB	IC706	100	Blieskastel	JN39PF	Doppelzepp	\N	\N	\N	\N
2004-12-26 10:23:00+00	\N	DL0FU	DL	7.033	CW	599Q02	599C28	N	N	\N	\N	\N	C28	DARC XMAS	\N	DF7CB	IC706	100	Blieskastel	JN39PF	Doppelzepp	\N	\N	\N	\N
2004-12-26 10:24:00+00	\N	DL8OBD	DL	7.033	CW	599Q02	599C12	N	N	\N	\N	\N	C12	DARC XMAS	\N	DF7CB	IC706	100	Blieskastel	JN39PF	Doppelzepp	\N	\N	\N	\N
2004-12-26 10:27:00+00	\N	DL2AHA	DL	7.035	CW	599Q02	599F21	R	Y	\N	\N	\N	F21	DARC XMAS	\N	DF7CB	IC706	100	Blieskastel	JN39PF	Doppelzepp	\N	\N	\N	\N
2004-12-26 10:28:00+00	\N	DL6UKW	DL	7.035	CW	599Q02	599Y24	N	N	\N	\N	\N	Y24	DARC XMAS	\N	DF7CB	IC706	100	Blieskastel	JN39PF	Doppelzepp	\N	\N	\N	\N
2004-12-26 10:33:00+00	\N	DL9JSO	DL	7.030	CW	599Q02	599Y09	N	N	\N	\N	\N	Y09	DARC XMAS	\N	DF7CB	IC706	100	Blieskastel	JN39PF	Doppelzepp	\N	\N	\N	\N
2004-12-26 10:34:00+00	\N	DL2OM	DL	7.030	CW	599Q02	599K32	N	N	\N	\N	\N	K32	DARC XMAS	\N	DF7CB	IC706	100	Blieskastel	JN39PF	Doppelzepp	\N	\N	\N	\N
2004-12-26 10:39:00+00	\N	DK1WB	DL	7.036	CW	599Q02	599S24	N	N	\N	\N	\N	S24	DARC XMAS	\N	DF7CB	IC706	100	Blieskastel	JN39PF	Doppelzepp	\N	\N	\N	\N
2004-12-26 10:40:00+00	\N	DL0II	DL	7.036	CW	599Q02	599R09	N	N	\N	\N	\N	R09	DARC XMAS	\N	DF7CB	IC706	100	Blieskastel	JN39PF	Doppelzepp	\N	\N	\N	\N
2004-12-26 10:45:00+00	\N	DF0GC	DL	7.023	CW	599Q02	599AW100	R	Y	\N	\N	\N	AW100	DARC XMAS	\N	DF7CB	IC706	100	Blieskastel	JN39PF	Doppelzepp	\N	\N	\N	\N
2004-12-26 10:47:00+00	\N	DJ7ZL	DL	7.023	CW	599Q02	599I44	N	N	\N	\N	\N	I44	DARC XMAS	\N	DF7CB	IC706	100	Blieskastel	JN39PF	Doppelzepp	\N	\N	\N	\N
2004-12-26 10:53:00+00	\N	DL8WX	DL	7.036	CW	599Q02	599K24	N	N	\N	\N	\N	K24	DARC XMAS	\N	DF7CB	IC706	100	Blieskastel	JN39PF	Doppelzepp	\N	\N	\N	\N
2004-12-26 10:55:00+00	\N	DJ3TY	DL	7.036	CW	599Q02	599M02	N	N	\N	\N	\N	M02	DARC XMAS	\N	DF7CB	IC706	100	Blieskastel	JN39PF	Doppelzepp	\N	\N	\N	\N
2004-12-26 10:56:00+00	\N	OK1DRQ	OK	7.036	CW	599Q02	599008	R	Y	\N	\N	\N	\N	DARC XMAS	\N	DF7CB	IC706	100	Blieskastel	JN39PF	Doppelzepp	\N	\N	\N	\N
2004-12-26 10:57:00+00	\N	DL5RMS	DL	7.036	CW	599Q02	599N08	N	N	\N	\N	\N	N08	DARC XMAS	\N	DF7CB	IC706	100	Blieskastel	JN39PF	Doppelzepp	\N	\N	\N	\N
2004-12-26 10:59:00+00	\N	DJ4EY	DL	7.033	CW	599Q02	599Z92	R	Y	\N	\N	JO41EK	Z92	DARC XMAS	\N	DF7CB	IC706	100	Blieskastel	JN39PF	Doppelzepp	\N	\N	{"lotw": true}	2020-03-15 20:48:32.135595+00
