2001-03-31 22:57:00+00	2001-03-31 23:04:00+00	EA7AKJ	EA	7	CW	599	599	Y	Y	Juan	Cordoba	IM77OV	\N	\N	\N	DF7CB	IC706	100	Blieskastel	JN39PF	Doppelzepp	\N	\N	{"cqz": "14", "ituz": "37", "lotw": true}	2020-07-06 15:26:11+00
2001-03-31 23:07:00+00	2001-03-31 23:17:00+00	DL1ALN	DL	7	CW	559	529	Y	R	Tom	Koelleda	\N	\N	\N	\N	DF7CB	IC706	100	Blieskastel	JN39PF	Doppelzepp	\N	\N	\N	\N
2001-04-15 22:38:00+00	2001-04-15 22:46:00+00	G4TSH	G	7	CW	599	599	Y	R	Justin	London	\N	\N	\N	\N	DF7CB	IC706	100	Blieskastel	JN39PF	Doppelzepp	\N	\N	\N	\N
2001-06-21 17:02:00+00	2001-06-21 17:13:00+00	M0GMT	G	7	CW	599	599	N	N	Danny	Worthing	\N	\N	\N	\N	DF7CB	IC706	100	Blieskastel	JN39PF	Doppelzepp	\N	\N	\N	\N
2001-06-21 23:06:00+00	\N	WO8L	K	14	CW	559	599	Y	Y	\N	\N	EM96TE	\N	\N	\N	DF7CB	IC706	100	Blieskastel	JN39PF	Doppelzepp	\N	\N	{"cqz": "05", "ituz": "08", "lotw": true, "state": "NC"}	2020-07-06 15:26:11+00
2001-06-21 23:13:00+00	2001-06-21 23:17:00+00	RK9YXP	UA9	14	CW	549	569	Y	R	Alex	Kamen	\N	\N	\N	\N	DF7CB	IC706	100	Blieskastel	JN39PF	Doppelzepp	\N	\N	\N	\N
2001-12-25 23:56:00+00	\N	EA2AFV	EA	3.5	CW	599	599	Y	Y	Alf	Bilbao	IN83MG	\N	\N	\N	DF7CB	IC706	100	Blieskastel	JN39PF	Doppelzepp	\N	\N	{"cqz": "14", "ituz": "37", "lotw": true}	2020-07-06 15:26:11+00
2001-12-26 00:05:00+00	2001-12-26 00:12:00+00	G3JKB	G	3.5	CW	599	599	N	N	Dave	Binbrook	\N	\N	\N	\N	DF7CB	IC706	100	Blieskastel	JN39PF	Doppelzepp	\N	\N	\N	\N
2001-12-26 00:13:00+00	2001-12-26 00:24:00+00	DJ4VP	DL	3.5	CW	559	599	Y	R	Fritz	Witten	\N	O20	\N	\N	DF7CB	IC706	100	Blieskastel	JN39PF	Doppelzepp	\N	\N	\N	\N
2001-12-26 00:25:00+00	2001-12-26 00:33:00+00	NO8D	K	3.5	CW	579	549	N	N	Paul	\N	\N	\N	\N	\N	DF7CB	IC706	100	Blieskastel	JN39PF	Doppelzepp	\N	\N	\N	\N
2001-12-26 00:34:00+00	2001-12-26 00:39:00+00	DJ5QK	DL	3.5	CW	559	589	Y	Y	Otto	Heidelberg	\N	A06	\N	\N	DF7CB	IC706	100	Blieskastel	JN39PF	Doppelzepp	\N	\N	\N	\N
2001-12-26 09:37:00+00	\N	DL1IAO	DL	3.5	CW	599Q02	599A12	N	N	\N	\N	\N	A12	DARC XMAS	\N	DF7CB	IC706	100	Blieskastel	JN39PF	Doppelzepp	\N	\N	\N	\N
2001-12-26 09:40:00+00	\N	DF4ER	DL	3.5	CW	599Q02	599L02	R	Y	\N	\N	\N	L02	DARC XMAS	\N	DF7CB	IC706	100	Blieskastel	JN39PF	Doppelzepp	\N	\N	\N	\N
2001-12-26 09:42:00+00	\N	DK8TU	DL	3.5	CW	599Q02	599P41	R	Y	\N	\N	\N	P41	DARC XMAS	\N	DF7CB	IC706	100	Blieskastel	JN39PF	Doppelzepp	\N	\N	\N	\N
2001-12-26 09:43:00+00	\N	DK7ZT	DL	3.5	CW	599Q02	599F15	Y	Y	\N	\N	JO40HT	F15	DARC XMAS	\N	DF7CB	IC706	100	Blieskastel	JN39PF	Doppelzepp	\N	\N	{"cqz": "14", "ituz": "28", "lotw": true}	2020-07-06 15:26:11+00
2001-12-26 09:45:00+00	\N	DF1UQ	DL	3.5	CW	599Q02	599K13	N	N	\N	\N	\N	K13	DARC XMAS	\N	DF7CB	IC706	100	Blieskastel	JN39PF	Doppelzepp	\N	\N	\N	\N
2001-12-26 09:45:00+00	\N	DL2NBU	DL	3.5	CW	599Q02	599C12	N	N	\N	\N	JN59KQ	C12	DARC XMAS	\N	DF7CB	IC706	100	Blieskastel	JN39PF	Doppelzepp	\N	\N	{"cqz": "14", "ituz": "28", "lotw": true}	2021-08-23 14:48:05+00
2001-12-26 09:48:00+00	\N	DL1NFC	DL	3.5	CW	599Q02	599F63	N	N	\N	\N	\N	F63	DARC XMAS	\N	DF7CB	IC706	100	Blieskastel	JN39PF	Doppelzepp	\N	\N	\N	\N
2001-12-26 09:48:00+00	\N	DL8WX	DL	3.5	CW	599Q02	599K24	N	N	\N	\N	\N	K24	DARC XMAS	\N	DF7CB	IC706	100	Blieskastel	JN39PF	Doppelzepp	\N	\N	\N	\N
2001-12-26 09:52:00+00	\N	DL4FN	DL	3.5	CW	599Q02	599K07	Y	Y	\N	\N	\N	K07	DARC XMAS	\N	DF7CB	IC706	100	Blieskastel	JN39PF	Doppelzepp	\N	\N	\N	\N
2001-12-26 09:52:00+00	\N	DL8BU	DL	3.5	CW	599Q02	599Q05	N	N	\N	\N	\N	Q05	DARC XMAS	\N	DF7CB	IC706	100	Blieskastel	JN39PF	Doppelzepp	\N	\N	\N	\N
2001-12-26 09:55:00+00	\N	DF2UQ	DL	3.5	CW	599Q02	599A36	N	N	\N	\N	\N	A36	DARC XMAS	\N	DF7CB	IC706	100	Blieskastel	JN39PF	Doppelzepp	\N	\N	\N	\N
2001-12-26 09:55:00+00	\N	DJ7OM	DL	3.5	CW	599Q02	599K19	Y	Y	\N	\N	\N	K19	DARC XMAS	\N	DF7CB	IC706	100	Blieskastel	JN39PF	Doppelzepp	\N	\N	\N	\N
2001-12-26 09:55:00+00	\N	DL4JU	DL	3.5	CW	599Q02	599R09	N	N	\N	\N	\N	R09	DARC XMAS	\N	DF7CB	IC706	100	Blieskastel	JN39PF	Doppelzepp	\N	\N	\N	\N
2001-12-26 09:57:00+00	\N	DK1OP	DL	3.5	CW	599Q02	599C01	Y	Y	\N	\N	\N	C01	DARC XMAS	\N	DF7CB	IC706	100	Blieskastel	JN39PF	Doppelzepp	\N	\N	\N	\N
2001-12-26 10:00:00+00	\N	DL8FP	DL	3.5	CW	599Q02	599Z19	R	Y	\N	\N	\N	Z19	DARC XMAS	\N	DF7CB	IC706	100	Blieskastel	JN39PF	Doppelzepp	\N	\N	\N	\N
2001-12-26 10:02:00+00	\N	DJ3GE	DL	3.5	CW	599Q02	599G52	N	N	\N	\N	\N	G52	DARC XMAS	\N	DF7CB	IC706	100	Blieskastel	JN39PF	Doppelzepp	\N	\N	\N	\N
2001-12-26 10:08:00+00	\N	DF1BT	DL	3.5	CW	599Q02	599I20	N	N	\N	\N	\N	I20	DARC XMAS	\N	DF7CB	IC706	100	Blieskastel	JN39PF	Doppelzepp	\N	\N	\N	\N
2001-12-26 10:10:00+00	\N	DL3DAZ	DL	3.5	CW	599Q02	599O04	N	N	\N	\N	\N	O04	DARC XMAS	\N	DF7CB	IC706	100	Blieskastel	JN39PF	Doppelzepp	\N	\N	\N	\N
2001-12-26 10:16:00+00	\N	DF1UQ	DL	3.5	CW	599Q02	599K13	N	N	\N	\N	\N	K13	DARC XMAS	\N	DF7CB	IC706	100	Blieskastel	JN39PF	Doppelzepp	\N	\N	\N	\N
2001-12-26 10:20:00+00	\N	DJ9JY	DL	3.5	CW	599Q02	599L30	Y	Y	\N	\N	\N	L30	DARC XMAS	\N	DF7CB	IC706	100	Blieskastel	JN39PF	Doppelzepp	\N	\N	\N	\N
2001-12-26 10:23:00+00	\N	DK9IP	DL	7	CW	599Q02	599A24	N	N	\N	\N	JN48EX	A24	DARC XMAS	\N	DF7CB	IC706	100	Blieskastel	JN39PF	Doppelzepp	\N	\N	{"cqz": "14", "ituz": "28", "lotw": true}	2020-07-06 15:26:11+00
2001-12-26 10:23:00+00	\N	DL5FFA	DL	3.5	CW	599Q02	599A35	N	N	\N	\N	\N	A35	DARC XMAS	\N	DF7CB	IC706	100	Blieskastel	JN39PF	Doppelzepp	\N	\N	\N	\N
2001-12-26 10:23:00+00	\N	DL6YFG	DL	3.5	CW	599Q02	599N07	N	N	\N	\N	\N	N07	DARC XMAS	\N	DF7CB	IC706	100	Blieskastel	JN39PF	Doppelzepp	\N	\N	\N	\N
2001-12-26 10:27:00+00	\N	DL9FC	DL	7	CW	599Q02	599T08	N	N	\N	\N	\N	T08	DARC XMAS	\N	DF7CB	IC706	100	Blieskastel	JN39PF	Doppelzepp	\N	\N	\N	\N
2001-12-26 10:30:00+00	\N	DL1JFM	DL	7	CW	599Q02	599S56	Y	Y	\N	\N	\N	S56	DARC XMAS	\N	DF7CB	IC706	100	Blieskastel	JN39PF	Doppelzepp	\N	\N	\N	\N
2001-12-26 10:30:00+00	\N	DL2LNT	DL	7	CW	599Q02	599H36	N	N	\N	\N	\N	H36	DARC XMAS	\N	DF7CB	IC706	100	Blieskastel	JN39PF	Doppelzepp	\N	\N	\N	\N
2001-12-26 10:33:00+00	\N	DJ2NJ	DL	7	CW	599Q02	599L14	N	N	\N	\N	\N	L14	DARC XMAS	\N	DF7CB	IC706	100	Blieskastel	JN39PF	Doppelzepp	\N	\N	\N	\N
2001-12-26 10:33:00+00	\N	OK2KR	OK	7	CW	599Q02	599	Y	Y	\N	\N	\N	\N	DARC XMAS	\N	DF7CB	IC706	100	Blieskastel	JN39PF	Doppelzepp	\N	\N	\N	\N
2001-12-26 10:38:00+00	\N	DL7JAN	DL	7	CW	599Q02	599A82	R	Y	\N	\N	JN49IF	A82	DARC XMAS	\N	DF7CB	IC706	100	Blieskastel	JN39PF	Doppelzepp	\N	\N	{"cqz": "14", "ituz": "28", "lotw": true}	2020-07-06 15:26:11+00
2001-12-26 10:38:00+00	\N	DL9NM	DL	7	CW	599Q02	599B11	Y	Y	\N	\N	\N	B11	DARC XMAS	\N	DF7CB	IC706	100	Blieskastel	JN39PF	Doppelzepp	\N	\N	\N	\N
2001-12-26 10:42:00+00	\N	DA0FF	DL	7	CW	599Q02	599M98	N	N	\N	\N	JO40UM	M98	DARC XMAS	\N	DF7CB	IC706	100	Blieskastel	JN39PF	Doppelzepp	\N	\N	{"cqz": "14", "ituz": "28", "lotw": true}	2020-07-06 15:26:11+00
2001-12-26 10:42:00+00	\N	DJ5JS	DL	7	CW	599Q02	599R01	N	N	\N	\N	\N	R01	DARC XMAS	\N	DF7CB	IC706	100	Blieskastel	JN39PF	Doppelzepp	\N	\N	\N	\N
2001-12-26 10:44:00+00	\N	DK1EI	DL	7	CW	599Q02	599K07	N	N	\N	\N	JN49DX	K07	DARC XMAS	\N	DF7CB	IC706	100	Blieskastel	JN39PF	Doppelzepp	\N	\N	{"cqz": "14", "ituz": "28", "lotw": true}	2020-07-06 15:26:11+00
2001-12-26 10:44:00+00	\N	DL5AWI	DL	7	CW	599Q02	599X11	Y	Y	\N	\N	\N	X11	DARC XMAS	\N	DF7CB	IC706	100	Blieskastel	JN39PF	Doppelzepp	\N	\N	{"cqz": "14", "ituz": "28", "lotw": true}	2020-07-06 15:26:11+00
2001-12-26 10:49:00+00	\N	DL4WG	DL	7	CW	599Q02	599S41	N	N	\N	\N	\N	S41	DARC XMAS	\N	DF7CB	IC706	100	Blieskastel	JN39PF	Doppelzepp	\N	\N	\N	\N
2001-12-26 10:49:00+00	\N	DM5IG	DL	7	CW	599Q02	599W11	N	N	\N	\N	\N	W11	DARC XMAS	\N	DF7CB	IC706	100	Blieskastel	JN39PF	Doppelzepp	\N	\N	\N	\N
2001-12-26 10:53:00+00	\N	DL1FAA	DL	7	CW	599Q02	599X06	N	N	\N	\N	\N	X06	DARC XMAS	\N	DF7CB	IC706	100	Blieskastel	JN39PF	Doppelzepp	\N	\N	\N	\N
2001-12-26 10:53:00+00	\N	DL4YAO	DL	7	CW	599Q02	599C15	N	N	\N	\N	\N	C15	DARC XMAS	\N	DF7CB	IC706	100	Blieskastel	JN39PF	Doppelzepp	\N	\N	\N	\N
2001-12-26 10:58:00+00	\N	DJ5GG	DL	7	CW	599Q02	599B13	N	N	Günther	\N	\N	B13	DARC XMAS	\N	DF7CB	IC706	100	Blieskastel	JN39PF	Doppelzepp	\N	\N	\N	\N
2001-12-26 10:58:00+00	\N	DK7JQ	DL	7	CW	599Q02	599R25	Y	Y	\N	\N	\N	R25	DARC XMAS	\N	DF7CB	IC706	100	Blieskastel	JN39PF	Doppelzepp	\N	\N	\N	\N
2001-12-26 10:59:00+00	\N	DL6NCY	DL	7	CW	599Q02	599B07	N	N	\N	\N	\N	B07	DARC XMAS	\N	DF7CB	IC706	100	Blieskastel	JN39PF	Doppelzepp	\N	\N	\N	\N
2001-12-26 11:05:00+00	\N	DL9FCD	DL	7	CW	599	599	N	N	Karl	Darmstadt	\N	\N	\N	\N	DF7CB	IC706	100	Blieskastel	JN39PF	Doppelzepp	\N	\N	\N	\N
