2002-03-09 15:26:00+00	\N	F6BUM	F	7	CW	599	579	N	N	Jack	\N	\N	\N	\N	\N	DF7CB	IC706	100	Blieskastel	JN39PF	Doppelzepp	\N	\N	\N	\N
2002-03-09 15:42:00+00	\N	I3HFQ	I	7	CW	579	589	Y	R	Hans	Treviso	\N	\N	\N	\N	DF7CB	IC706	100	Blieskastel	JN39PF	Doppelzepp	\N	\N	\N	\N
2002-05-09 12:30:00+00	\N	PA0EBM	PA	7	CW	599	579	Y	R	Elko	\N	\N	\N	\N	\N	DF7CB	IC706	100	Blieskastel	JN39PF	Doppelzepp	\N	\N	\N	\N
2002-05-09 12:47:00+00	\N	DF7UL	DL	7	CW	599	599	R	Y	Roland	Gleisberg	\N	\N	\N	\N	DF7CB	IC706	100	Blieskastel	JN39PF	Doppelzepp	\N	\N	\N	\N
2002-06-22 20:08:00+00	\N	ON4KLG	ON	7	CW	599	599	N	N	\N	\N	\N	\N	\N	\N	DF7CB	IC706	100	Blieskastel	JN39PF	Doppelzepp	\N	\N	\N	\N
2002-08-18 23:40:00+00	\N	CN8YR	CN	7	CW	599	599	Y	R	Mohamed	\N	\N	\N	\N	via k4ku	DF7CB	IC706	100	Blieskastel	JN39PF	Doppelzepp	\N	\N	\N	\N
2002-12-25 22:30:00+00	\N	YO4WO	YO	7	CW	599	599	N	N	\N	\N	\N	\N	\N	\N	DF7CB	IC706	100	Blieskastel	JN39PF	Doppelzepp	\N	\N	\N	\N
2002-12-25 22:59:00+00	\N	UX3HX	UR	3.5	CW	579	559	N	N	\N	\N	KN79GO	\N	\N	\N	DF7CB	IC706	100	Blieskastel	JN39PF	Doppelzepp	\N	\N	{"lotw": true}	2020-03-15 20:48:32.135595+00
2002-12-26 10:04:00+00	\N	DL5CLT	DL	3.5	CW	599	599	N	N	\N	\N	\N	Z85	DARC XMAS	\N	DF7CB	IC706	100	Blieskastel	JN39PF	Doppelzepp	\N	\N	\N	\N
2002-12-26 10:05:00+00	\N	DF3AX	DL	3.5	CW	599	599	R	Y	\N	\N	\N	H43	DARC XMAS	\N	DF7CB	IC706	100	Blieskastel	JN39PF	Doppelzepp	\N	\N	{"dcl": "c"}	2020-03-16 21:18:41.96055+00
2002-12-26 10:10:00+00	\N	DL1IAO	DL	3.5	CW	599	599	N	N	\N	\N	\N	A12	DARC XMAS	\N	DF7CB	IC706	100	Blieskastel	JN39PF	Doppelzepp	\N	\N	{"dcl": "c"}	2020-03-16 21:18:41.96055+00
2002-12-26 10:10:00+00	\N	DL2AMF	DL	3.5	CW	599	599	N	N	\N	\N	\N	A01	DARC XMAS	\N	DF7CB	IC706	100	Blieskastel	JN39PF	Doppelzepp	\N	\N	\N	\N
2002-12-26 10:13:00+00	\N	DJ2NJ	DL	3.5	CW	599	599	Y	Y	\N	\N	\N	L14	DARC XMAS	\N	DF7CB	IC706	100	Blieskastel	JN39PF	Doppelzepp	\N	\N	\N	\N
2002-12-26 10:13:00+00	\N	DL1ALF	DL	3.5	CW	599	599	N	N	\N	\N	\N	K23	DARC XMAS	\N	DF7CB	IC706	100	Blieskastel	JN39PF	Doppelzepp	\N	\N	\N	\N
2002-12-26 10:20:00+00	\N	DJ9IR	DL	3.5	CW	599	599	N	N	\N	\N	\N	O24	DARC XMAS	\N	DF7CB	IC706	100	Blieskastel	JN39PF	Doppelzepp	\N	\N	\N	\N
2002-12-26 10:20:00+00	\N	DL8WX	DL	3.5	CW	599	599	N	N	\N	\N	\N	K24	DARC XMAS	\N	DF7CB	IC706	100	Blieskastel	JN39PF	Doppelzepp	\N	\N	\N	\N
2002-12-26 10:25:00+00	\N	DK2AU	DL	3.5	CW	599	599	R	Y	\N	\N	\N	H25	DARC XMAS	\N	DF7CB	IC706	100	Blieskastel	JN39PF	Doppelzepp	\N	\N	\N	\N
2002-12-26 10:25:00+00	\N	DL2MDC	DL	3.5	CW	599	599	N	N	\N	\N	\N	T12	DARC XMAS	\N	DF7CB	IC706	100	Blieskastel	JN39PF	Doppelzepp	\N	\N	\N	\N
2002-12-26 10:31:00+00	\N	DL1DTC	DL	3.5	CW	599	599	R	Y	\N	\N	\N	N26	DARC XMAS	\N	DF7CB	IC706	100	Blieskastel	JN39PF	Doppelzepp	\N	\N	{"dcl": "c"}	2020-03-16 21:18:41.96055+00
2002-12-26 10:38:00+00	\N	DF2CH	DL	3.5	CW	599	599	R	Y	\N	\N	\N	O04	DARC XMAS	\N	DF7CB	IC706	100	Blieskastel	JN39PF	Doppelzepp	\N	\N	{"lotw": true}	2020-03-15 20:48:32.135595+00
2002-12-26 10:38:00+00	\N	DL5AWI	DL	3.5	CW	599	599	Y	R	\N	\N	\N	X11	DARC XMAS	\N	DF7CB	IC706	100	Blieskastel	JN39PF	Doppelzepp	\N	\N	\N	\N
2002-12-26 10:43:00+00	\N	DL1AMQ	DL	3.5	CW	599	599	N	N	\N	\N	JO50UU	X22	DARC XMAS	\N	DF7CB	IC706	100	Blieskastel	JN39PF	Doppelzepp	\N	\N	{"dcl": "i", "lotw": true}	2020-03-16 21:18:41.96055+00
2002-12-26 10:49:00+00	\N	DH2FW	DL	3.5	CW	599	599	Y	Y	\N	\N	JN58DO	P29	DARC XMAS	\N	DF7CB	IC706	100	Blieskastel	JN39PF	Doppelzepp	\N	\N	{"lotw": true}	2020-03-15 20:48:32.135595+00
2002-12-26 10:50:00+00	\N	DL2FDI	DL	3.5	CW	599	599	R	Y	\N	\N	\N	O39	DARC XMAS	\N	DF7CB	IC706	100	Blieskastel	JN39PF	Doppelzepp	\N	\N	\N	\N
2002-12-26 10:50:00+00	\N	DL3NCI	DL	3.5	CW	599	599	N	N	\N	\N	\N	B25	DARC XMAS	\N	DF7CB	IC706	100	Blieskastel	JN39PF	Doppelzepp	\N	\N	{"dcl": "c"}	2020-03-16 21:18:41.96055+00
2002-12-26 10:55:00+00	\N	DJ9JY	DL	3.5	CW	599	599	Y	Y	\N	\N	JO31JM	L30	DARC XMAS	\N	DF7CB	IC706	100	Blieskastel	JN39PF	Doppelzepp	\N	\N	{"lotw": true}	2020-03-15 20:48:32.135595+00
2002-12-26 10:55:00+00	\N	DL2AXA	DL	3.5	CW	599	599	R	Y	\N	\N	JO50PR	X24	DARC XMAS	\N	DF7CB	IC706	100	Blieskastel	JN39PF	Doppelzepp	\N	\N	{"dcl": "i", "lotw": true}	2020-03-16 21:18:41.96055+00
2002-12-26 10:59:00+00	\N	DF8BB	DL	3.5	CW	599	599	N	N	\N	\N	\N	N12	DARC XMAS	\N	DF7CB	IC706	100	Blieskastel	JN39PF	Doppelzepp	\N	\N	\N	\N
