2003-02-09 16:41:00+00	\N	OK1AJZ	OK	3.5	CW	589	579	N	N	Jirka	Chomutov	\N	\N	\N	\N	DF7CB	IC706	100	Blieskastel	JN39PF	Doppelzepp	\N	\N	\N	\N
2003-03-09 02:35:00+00	\N	DJ4EL	DL	3.5	CW	599	599	N	N	Herbert	Itzehoe	\N	\N	\N	\N	DF7CB	IC706	100	Blieskastel	JN39PF	Doppelzepp	\N	\N	\N	\N
2003-03-09 02:58:00+00	\N	W5ONX	K	10.1	CW	559	559	N	N	\N	\N	\N	\N	\N	\N	DF7CB	IC706	100	Blieskastel	JN39PF	Doppelzepp	\N	\N	\N	\N
2003-04-21 13:03:00+00	\N	DL0EUF	DL	10.11	CW	559	549	N	N	Karl	\N	\N	\N	\N	\N	DF7CB	IC706	100	Blieskastel	JN39PF	Doppelzepp	\N	\N	\N	\N
2003-04-21 13:22:00+00	2003-04-21 13:26:00+00	GB2RN	G	7.013	CW	579	589	Y	R	Jürgen	London	\N	\N	\N	\N	DF7CB	IC706	100	Blieskastel	JN39PF	Doppelzepp	\N	\N	\N	\N
2003-07-20 10:08:00+00	2003-07-20 10:18:00+00	S57RT	S5	7.023	CW	539	579	N	N	Lado	Sebrelj	\N	\N	\N	\N	DF7CB	IC706	5	Blieskastel	JN39PF	Doppelzepp	\N	\N	\N	\N
2003-07-20 10:22:00+00	\N	G4HRC	G	7.022	CW	599001	599020	N	N	\N	\N	\N	\N	RSGB Low Power	\N	DF7CB	IC706	5	Blieskastel	JN39PF	Doppelzepp	\N	\N	\N	\N
2003-07-20 10:27:00+00	\N	SP1KQR	SP	7.021	CW	599002	599101	N	N	\N	\N	\N	\N	RSGB Low Power	\N	DF7CB	IC706	5	Blieskastel	JN39PF	Doppelzepp	\N	\N	\N	\N
2003-07-20 15:39:00+00	\N	G6KQ/P	G	7.025	CW	599003	599119	N	N	\N	\N	\N	\N	RSGB Low Power	\N	DF7CB	IC706	5	Blieskastel	JN39PF	Doppelzepp	\N	\N	\N	\N
2003-07-20 15:43:00+00	\N	G4DBL	G	7.026	CW	599004	599079	N	N	\N	\N	\N	\N	RSGB Low Power	\N	DF7CB	IC706	5	Blieskastel	JN39PF	Doppelzepp	\N	\N	\N	\N
2003-07-20 15:47:00+00	\N	G4AYM/P	G	7.028	CW	599005	599090	N	N	\N	\N	\N	\N	RSGB Low Power	\N	DF7CB	IC706	5	Blieskastel	JN39PF	Doppelzepp	\N	\N	\N	\N
2003-07-20 15:51:00+00	\N	G4ARI/P	G	7.026	CW	599006	599099	N	N	\N	\N	\N	\N	RSGB Low Power	\N	DF7CB	IC706	5	Blieskastel	JN39PF	Doppelzepp	\N	\N	\N	\N
2003-07-20 15:57:00+00	\N	G0VYR/P	G	7.024	CW	599007	599060	N	N	\N	\N	\N	\N	RSGB Low Power	\N	DF7CB	IC706	5	Blieskastel	JN39PF	Doppelzepp	\N	\N	\N	\N
2003-12-26 08:33:00+00	\N	DJ2XP	DL	7	CW	599Q02	599Q13	R	Y	\N	\N	\N	\N	DARC XMAS	Log aus QSL-Karten rekonstruiert	DF7CB	IC706	100	Blieskastel	JN39PF	Doppelzepp	\N	\N	\N	\N
2003-12-26 08:38:00+00	\N	DK3QJ	DL	7	CW	599Q02	599C18	R	Y	\N	\N	\N	\N	DARC XMAS	Log aus QSL-Karten rekonstruiert	DF7CB	IC706	100	Blieskastel	JN39PF	Doppelzepp	\N	\N	\N	\N
2003-12-26 09:20:00+00	\N	DJ2AX	DL	7	CW	599Q02	599X20	R	Y	\N	\N	\N	X20	DARC XMAS	Log aus QSL-Karten rekonstruiert	DF7CB	IC706	100	Blieskastel	JN39PF	Doppelzepp	\N	\N	{"dcl": "i"}	2020-03-16 21:29:55+00
2003-12-26 09:25:00+00	\N	DL5GBJ	DL	7.016	CW	599Q02	599P34	R	Y	\N	\N	\N	\N	DARC XMAS	Log aus QSL-Karten rekonstruiert	DF7CB	IC706	100	Blieskastel	JN39PF	Doppelzepp	\N	\N	\N	\N
2003-12-26 09:27:00+00	\N	DA0SAX	DL	7	CW	599Q02	599P51	R	Y	\N	\N	\N	\N	DARC XMAS	Log aus QSL-Karten rekonstruiert	DF7CB	IC706	100	Blieskastel	JN39PF	Doppelzepp	\N	\N	\N	\N
2003-12-26 09:30:00+00	\N	DL1LAW	DL	7	CW	599Q02	599B02	R	Y	\N	\N	\N	\N	DARC XMAS	Log aus QSL-Karten rekonstruiert	DF7CB	IC706	100	Blieskastel	JN39PF	Doppelzepp	\N	\N	\N	\N
2003-12-26 09:44:00+00	\N	DL6ABB	DL	7	CW	599Q02	599H03	R	Y	\N	\N	\N	\N	DARC XMAS	Log aus QSL-Karten rekonstruiert	DF7CB	IC706	100	Blieskastel	JN39PF	Doppelzepp	\N	\N	\N	\N
2003-12-26 09:45:00+00	\N	DJ3WE	DL	7	CW	599Q02	599C01	R	Y	\N	\N	\N	\N	DARC XMAS	Log aus QSL-Karten rekonstruiert	DF7CB	IC706	100	Blieskastel	JN39PF	Doppelzepp	\N	\N	\N	\N
2003-12-26 09:51:00+00	\N	DF3VM	DL	7	CW	599Q02	599Q21	R	Y	\N	\N	JN39LO	\N	DARC XMAS	Log aus QSL-Karten rekonstruiert	DF7CB	IC706	100	Blieskastel	JN39PF	Doppelzepp	\N	\N	{"cqz": "14", "ituz": "28", "lotw": true}	2020-07-06 15:26:11+00
2003-12-26 10:00:00+00	\N	DG3LSM	DL	7.025	CW	599Q02	599S30	R	Y	\N	\N	\N	\N	DARC XMAS	Log aus QSL-Karten rekonstruiert	DF7CB	IC706	100	Blieskastel	JN39PF	Doppelzepp	\N	\N	\N	\N
2003-12-26 10:18:00+00	\N	DF7DJ	DL	7	CW	599Q02	599O47	R	Y	\N	\N	\N	\N	DARC XMAS	Log aus QSL-Karten rekonstruiert	DF7CB	IC706	100	Blieskastel	JN39PF	Doppelzepp	\N	\N	\N	\N
2003-12-26 10:22:00+00	\N	IN3ZWF	I	7	CW	599Q02	599	R	Y	\N	\N	JN56XV	\N	DARC XMAS	Log aus QSL-Karten rekonstruiert	DF7CB	IC706	100	Blieskastel	JN39PF	Doppelzepp	\N	\N	{"cqz": "15", "ituz": "28", "lotw": true}	2020-07-06 15:26:11+00
2003-12-26 10:25:00+00	\N	DJ3XD	DL	7	CW	599Q02	599H56	R	Y	\N	\N	\N	\N	DARC XMAS	Log aus QSL-Karten rekonstruiert	DF7CB	IC706	100	Blieskastel	JN39PF	Doppelzepp	\N	\N	\N	\N
2003-12-26 10:27:00+00	\N	DF4ZL	DL	7	CW	599Q02	599F16	R	Y	\N	\N	\N	F16	DARC XMAS	Log aus QSL-Karten rekonstruiert	DF7CB	IC706	100	Blieskastel	JN39PF	Doppelzepp	\N	\N	{"cqz": "14", "dcl": "i", "ituz": "28", "lotw": true}	2020-07-06 15:26:11+00
2003-12-26 10:32:00+00	\N	DJ4VP	DL	7	CW	599Q02	599O20	R	Y	\N	\N	\N	\N	DARC XMAS	Log aus QSL-Karten rekonstruiert	DF7CB	IC706	100	Blieskastel	JN39PF	Doppelzepp	\N	\N	\N	\N
2003-12-26 10:37:00+00	\N	DL1DTC	DL	7	CW	599Q02	599N26	R	Y	\N	\N	\N	\N	DARC XMAS	Log aus QSL-Karten rekonstruiert	DF7CB	IC706	100	Blieskastel	JN39PF	Doppelzepp	\N	\N	\N	\N
2003-12-26 10:42:00+00	\N	DF1IAQ	DL	7	CW	599Q02	599P05	R	Y	\N	\N	\N	\N	DARC XMAS	Log aus QSL-Karten rekonstruiert	DF7CB	IC706	100	Blieskastel	JN39PF	Doppelzepp	\N	\N	\N	\N
2003-12-26 10:56:00+00	\N	DL5JAN	DL	7	CW	599Q02	599S53	R	Y	\N	\N	\N	\N	DARC XMAS	Log aus QSL-Karten rekonstruiert	DF7CB	IC706	100	Blieskastel	JN39PF	Doppelzepp	\N	\N	\N	\N
2003-12-26 10:58:00+00	\N	DA0ED	DL	7	CW	599Q02	599C25	R	Y	\N	\N	\N	\N	DARC XMAS	Log aus QSL-Karten rekonstruiert	DF7CB	IC706	100	Blieskastel	JN39PF	Doppelzepp	\N	\N	\N	\N
2003-12-29 14:02:00+00	2003-12-29 14:17:00+00	DL6DCC	DL	7.017	CW	599	599	Y	Y	Brigitte	Bochum	\N	O26	\N	\N	DF7CB	IC706	100	Blieskastel	JN39PF	Doppelzepp	\N	\N	\N	\N
2003-12-29 14:19:00+00	2003-12-29 14:20:00+00	UR5BAH	UR	7.01	CW	599	599	Y	R	Nick	\N	\N	\N	\N	\N	DF7CB	IC706	100	Blieskastel	JN39PF	Doppelzepp	\N	\N	\N	\N
