1995-10-27 14:10:00+00	1995-10-27 14:22:00+00	DL8FQ	DL	145.425	FM	59	59	N	N	Rolf	Einöd	JN39PG	Q07	\N	Erstes QSO unter neuem Rufzeichen	DF7CB	\N	\N	Blieskastel	JN39PF	\N	\N	\N	\N	\N
1995-10-27 14:29:00+00	\N	DB0HOM	DL	438.425	PACKET	5	\N	N	N	Digi Homburg	Höchen	JN39PJ	\N	\N	Erster Login mit neuem Call	DF7CB	\N	\N	Blieskastel	JN39PF	\N	\N	\N	\N	\N
1995-10-27 16:40:00+00	\N	DG8SCC	DL	145	FM	59	59	Y	Y	Hans	Althornbach	JN39QE	K12	\N	\N	DF7CB	\N	\N	Blieskastel	JN39PF	\N	\N	\N	\N	\N
1995-10-27 18:57:00+00	1995-10-27 19:08:00+00	DJ9YJ/P	DL	3.65	SSB	55	53	Y	R	Joachim	Memmingen	\N	\N	\N	\N	DF7CB	\N	\N	Blieskastel	JN39PF	\N	\N	\N	\N	\N
1995-10-27 22:00:00+00	\N	GM4BAE	GM	10.115	CW	599	569	Y	R	Gerry	Stranraer	\N	\N	\N	Erstes CW-QSO	DF7CB	\N	\N	Blieskastel	JN39PF	\N	\N	\N	\N	\N
1995-10-27 22:35:00+00	1995-10-27 22:45:00+00	DL1SUE	DL	3.553	CW	599	\N	Y	Y	Heinz	Schwerin	\N	\N	\N	\N	DF7CB	\N	\N	Blieskastel	JN39PF	\N	\N	\N	\N	\N
1995-10-28 00:33:00+00	\N	DL2ADR/P	DL	3.708	SSB	14	14	Y	R	\N	\N	\N	\N	\N	\N	DF7CB	\N	\N	Blieskastel	JN39PF	\N	\N	\N	\N	\N
1995-10-28 12:22:00+00	1995-10-28 12:23:00+00	YT7A	YU	7.067	SSB	14	15	Y	R	\N	\N	\N	\N	\N	\N	DF7CB	\N	\N	Blieskastel	JN39PF	\N	\N	\N	\N	\N
1995-10-28 12:25:00+00	\N	G0KPW	G	7.067	SSB	14	14	Y	Y	\N	\N	\N	\N	\N	\N	DF7CB	\N	\N	Blieskastel	JN39PF	\N	\N	\N	\N	\N
1995-10-28 12:29:00+00	\N	ON4BW	ON	7.062	SSB	14	14	Y	Y	\N	\N	\N	\N	\N	\N	DF7CB	\N	\N	Blieskastel	JN39PF	\N	\N	\N	\N	\N
1995-10-28 12:48:00+00	\N	S52KD	S5	7.061	SSB	14	15	Y	Y	\N	\N	JN76EG	\N	\N	\N	DF7CB	\N	\N	Blieskastel	JN39PF	\N	\N	\N	{"cqz": "15", "ituz": "28", "lotw": true}	2020-07-06 15:26:11+00
1995-10-28 12:50:00+00	\N	PI4COM	PA	7.057	SSB	14	14	Y	Y	\N	\N	JO21GU	\N	\N	\N	DF7CB	\N	\N	Blieskastel	JN39PF	\N	\N	\N	{"cqz": "14", "ituz": "27", "lotw": true}	2020-07-06 18:40:06+00
1995-10-28 12:52:00+00	\N	IC8WIC	I	7.052	SSB	14	15	Y	Y	\N	\N	JN70CN	\N	\N	\N	DF7CB	\N	\N	Blieskastel	JN39PF	\N	\N	\N	{"cqz": "15", "iota": "EU-031", "ituz": "28", "lotw": true}	2021-08-24 14:48:06+00
1995-10-28 12:54:00+00	\N	SP7GIQ	SP	7.045	SSB	14	15	Y	Y	\N	\N	JO91MN	\N	\N	\N	DF7CB	\N	\N	Blieskastel	JN39PF	\N	\N	\N	{"cqz": "15", "ituz": "28", "lotw": true}	2020-07-06 15:26:11+00
1995-10-28 12:57:00+00	\N	OT5A	ON	7.053	SSB	14	14	Y	Y	\N	\N	\N	\N	\N	\N	DF7CB	\N	\N	Blieskastel	JN39PF	\N	\N	\N	\N	\N
1995-10-28 13:00:00+00	\N	OM9A	OM	7.049	SSB	14	15	Y	R	\N	\N	\N	\N	\N	\N	DF7CB	\N	\N	Blieskastel	JN39PF	\N	\N	\N	\N	\N
1995-10-28 13:57:00+00	\N	IK2BTI	I	7.041	SSB	14	14	Y	R	\N	\N	\N	\N	\N	\N	DF7CB	\N	\N	Blieskastel	JN39PF	\N	\N	\N	\N	\N
1995-10-28 13:58:00+00	\N	TK2C	TK	7.052	SSB	14	15	Y	Y	\N	\N	\N	\N	\N	\N	DF7CB	\N	\N	Blieskastel	JN39PF	\N	\N	\N	\N	\N
1995-10-28 14:05:00+00	\N	DA0UN	DL	7.062	SSB	14	14	Y	R	\N	\N	\N	\N	\N	\N	DF7CB	\N	\N	Blieskastel	JN39PF	\N	\N	\N	\N	\N
1995-10-28 14:11:00+00	\N	HB0/HB9AON	HB0	7.07	SSB	14	14	Y	Y	\N	\N	JN47TC	\N	\N	\N	DF7CB	\N	\N	Blieskastel	JN39PF	\N	\N	\N	{"cqz": "14", "ituz": "28", "lotw": true}	2020-07-06 15:26:11+00
1995-10-28 14:27:00+00	\N	DL7VRO	DL	7.081	SSB	14	14	Y	R	\N	\N	\N	\N	\N	\N	DF7CB	\N	\N	Blieskastel	JN39PF	\N	\N	\N	\N	\N
1995-10-28 14:31:00+00	\N	S53M	S5	7.082	SSB	14	15	Y	R	\N	\N	\N	\N	\N	\N	DF7CB	\N	\N	Blieskastel	JN39PF	\N	\N	\N	\N	\N
1995-10-28 14:32:00+00	\N	9A1A	9A	7.086	SSB	14	15	Y	R	\N	\N	\N	\N	\N	\N	DF7CB	\N	\N	Blieskastel	JN39PF	\N	\N	\N	\N	\N
1995-10-28 14:44:00+00	\N	PA3CWM	PA	7.093	SSB	14	14	Y	R	\N	\N	\N	\N	\N	\N	DF7CB	\N	\N	Blieskastel	JN39PF	\N	\N	\N	\N	\N
1995-10-28 14:48:00+00	\N	IN3HDE	I	7.099	SSB	14	15	Y	Y	\N	\N	\N	\N	\N	\N	DF7CB	\N	\N	Blieskastel	JN39PF	\N	\N	\N	\N	\N
1995-10-28 14:55:00+00	\N	IR4R	I	7.092	SSB	59	\N	Y	Y	\N	\N	\N	\N	\N	\N	DF7CB	\N	\N	Blieskastel	JN39PF	\N	\N	\N	\N	\N
1995-10-28 14:58:00+00	\N	OH1AF	OH	14.316	SSB	59	\N	Y	R	\N	\N	KP01TK	\N	\N	\N	DF7CB	\N	\N	Blieskastel	JN39PF	\N	\N	\N	{"cqz": "15", "ituz": "18", "lotw": true}	2020-07-06 15:26:11+00
1995-10-28 15:08:00+00	\N	IT9GKQ	IT9	14.313	SSB	59	\N	Y	Y	\N	\N	JM77NN	\N	\N	\N	DF7CB	\N	\N	Blieskastel	JN39PF	\N	\N	\N	{"iota": "EU-025", "lotw": true}	2020-03-15 20:48:32+00
1995-10-28 15:14:00+00	\N	NI8L	K	14.328	SSB	59	\N	Y	R	\N	\N	\N	\N	\N	\N	DF7CB	\N	\N	Blieskastel	JN39PF	\N	\N	\N	\N	\N
1995-10-28 21:52:00+00	\N	ONL9514	ON	3.704	SSB	59	\N	Y	Y	\N	\N	\N	\N	\N	\N	DF7CB	\N	\N	Blieskastel	JN39PF	\N	\N	\N	\N	\N
1995-10-28 21:52:00+00	\N	RK2FWA	UA2	3.704	SSB	59	\N	Y	R	\N	\N	\N	\N	\N	\N	DF7CB	\N	\N	Blieskastel	JN39PF	\N	\N	\N	\N	\N
1995-10-28 22:53:00+00	\N	HG73DX	HA	7.066	SSB	59	\N	Y	Y	\N	\N	\N	\N	\N	\N	DF7CB	\N	\N	Blieskastel	JN39PF	\N	\N	\N	\N	\N
1995-10-29 09:18:00+00	\N	DK4XE	DL	3.66	SSB	59	59	Y	Y	Hubert	Riegelsberg	JN39LH	Q01	\N	Saarlandrunde	DF7CB	\N	\N	Blieskastel	JN39PF	\N	\N	\N	\N	\N
1995-10-29 10:02:00+00	\N	DL0SD/DL8FD	DL	3.66	SSB	59	59	Y	R	Hans	Elversberg	JN39NH	Q	\N	Saarlandrundspruch	DF7CB	\N	\N	Blieskastel	JN39PF	\N	\N	\N	\N	\N
1995-10-29 11:29:00+00	\N	LX1KC	LX	7.075	SSB	59	59	Y	Y	Christian	Bettembourg	\N	\N	\N	\N	DF7CB	\N	\N	Blieskastel	JN39PF	\N	\N	\N	{"cqz": "14", "ituz": "27", "lotw": true}	2020-07-06 15:26:11+00
1995-10-29 12:32:00+00	1995-10-29 12:37:00+00	DJ0XR	DL	145.737	FM	5	\N	Y	R	Leif	St.Wendel	JN39OL	Q10	\N	\N	DF7CB	\N	\N	Blieskastel	JN39PF	\N	\N	\N	{"dcl": "i"}	2020-03-16 21:29:55+00
1995-10-29 13:53:00+00	\N	Z30M	Z3	14.318	SSB	59	\N	N	N	\N	\N	\N	\N	\N	\N	DF7CB	\N	\N	Blieskastel	JN39PF	\N	\N	\N	{"cqz": "15", "ituz": "28", "lotw": true}	2020-07-06 15:26:11+00
1995-10-29 13:57:00+00	\N	9A6V	9A	14.315	SSB	59	\N	N	N	\N	\N	\N	\N	\N	\N	DF7CB	\N	\N	Blieskastel	JN39PF	\N	\N	\N	\N	\N
1995-10-29 14:01:00+00	\N	LY2MW	LY	14.307	SSB	59	\N	N	N	\N	\N	\N	\N	\N	\N	DF7CB	\N	\N	Blieskastel	JN39PF	\N	\N	\N	\N	\N
1995-10-29 14:07:00+00	\N	4X6TT	4X	14.297	SSB	59	\N	N	N	\N	\N	\N	\N	\N	\N	DF7CB	\N	\N	Blieskastel	JN39PF	\N	\N	\N	\N	\N
1995-10-29 14:16:00+00	\N	EA5BY	EA	14.281	SSB	59	\N	Y	Y	\N	\N	IM98PG	\N	\N	\N	DF7CB	\N	\N	Blieskastel	JN39PF	\N	\N	\N	{"cqz": "14", "ituz": "37", "lotw": true}	2020-07-06 15:26:11+00
1995-10-29 14:18:00+00	\N	YL7T	YL	14.274	SSB	59	\N	N	N	\N	\N	\N	\N	\N	\N	DF7CB	\N	\N	Blieskastel	JN39PF	\N	\N	\N	\N	\N
1995-10-29 14:21:00+00	\N	UX0KN	UR	14.267	SSB	59	\N	N	N	\N	\N	\N	\N	\N	\N	DF7CB	\N	\N	Blieskastel	JN39PF	\N	\N	\N	\N	\N
1995-10-29 14:29:00+00	\N	YO4NF	YO	14.245	SSB	59	\N	N	N	\N	\N	KN44HD	\N	\N	\N	DF7CB	\N	\N	Blieskastel	JN39PF	\N	\N	\N	{"cqz": "20", "ituz": "28", "lotw": true}	2020-07-06 15:26:11+00
1995-10-29 14:43:00+00	\N	IG9R	IG9	14.258	SSB	59	\N	Y	Y	\N	\N	\N	\N	\N	\N	DF7CB	\N	\N	Blieskastel	JN39PF	\N	\N	\N	\N	\N
1995-10-29 18:43:00+00	\N	EA3FQV	EA	3.683	SSB	59	\N	Y	Y	\N	\N	\N	\N	\N	\N	DF7CB	\N	\N	Blieskastel	JN39PF	\N	\N	\N	\N	\N
1995-10-30 18:10:00+00	1995-10-30 18:40:00+00	F5CCO/EU70/P	F	7.064	SSB	59	59	Y	Y	\N	\N	\N	\N	\N	\N	DF7CB	\N	\N	Blieskastel	JN39PF	\N	\N	\N	\N	\N
1995-10-30 19:03:00+00	\N	EA3AHH	EA	7.057	SSB	59	58	Y	Y	Pere	Barcelona City	\N	\N	\N	FT1000 200W	DF7CB	\N	\N	Blieskastel	JN39PF	\N	\N	\N	\N	\N
1995-10-30 19:40:00+00	1995-10-30 19:44:00+00	CT4NQ	CT	7.024	CW	599	579	Y	Y	\N	\N	\N	\N	\N	\N	DF7CB	\N	\N	Blieskastel	JN39PF	\N	\N	\N	\N	\N
1995-10-31 14:28:00+00	1995-10-31 14:31:00+00	W2QN	K	18.151	SSB	55	54	Y	R	Bert	New York	\N	\N	\N	100km N/NY 400W	DF7CB	\N	\N	Blieskastel	JN39PF	\N	\N	\N	\N	\N
1995-11-01 14:12:00+00	1995-11-01 14:17:00+00	DL8BJ	DL	18.14	SSB	57	56	Y	Y	Georg	St.Ingbert	JN39NG	Q02	\N	\N	DF7CB	\N	\N	Blieskastel	JN39PF	\N	\N	\N	\N	\N
1995-11-01 14:17:00+00	1995-11-01 14:39:00+00	DL8BJ	DL	145.6	FM	5	\N	N	N	Georg	St.Ingbert	JN39NG	Q02	\N	\N	DF7CB	\N	\N	Blieskastel	JN39PF	\N	\N	\N	\N	\N
1995-11-01 14:56:00+00	1995-11-01 14:59:00+00	DL2IAD	DL	7.018	CW	579	569	Y	Y	Willi	Herschweiler-Pe	\N	Q10	\N	\N	DF7CB	\N	\N	Blieskastel	JN39PF	\N	\N	\N	\N	\N
1995-11-01 20:22:00+00	\N	LZ3BQ	LZ	7.084	SSB	59	57	Y	R	Vende	\N	\N	\N	\N	via LZ1KPE	DF7CB	\N	\N	Blieskastel	JN39PF	\N	\N	\N	\N	\N
1995-11-02 15:45:00+00	1995-11-02 15:57:00+00	DL6DZ	DL	3.64	SSB	59	59	Y	Y	Horst	Haltern/Westfal	\N	N42	\N	TS-130	DF7CB	\N	\N	Blieskastel	JN39PF	\N	\N	\N	\N	\N
1995-11-03 14:18:00+00	\N	IN3GXY	I	7.044	SSB	59	55	Y	R	Steve	Pergine	\N	\N	\N	IC-735	DF7CB	\N	\N	Blieskastel	JN39PF	\N	\N	\N	\N	\N
1995-11-03 14:52:00+00	\N	IK3XTV	I	7.078	SSB	59	59	Y	Y	Flavio	Lugo	\N	\N	\N	FT707 120W	DF7CB	\N	\N	Blieskastel	JN39PF	\N	\N	\N	\N	\N
1995-11-03 15:48:00+00	\N	G0KVP	G	7.053	SSB	57	57	Y	R	Paul	\N	\N	\N	\N	\N	DF7CB	\N	\N	Blieskastel	JN39PF	\N	\N	\N	\N	\N
1995-11-03 19:40:00+00	\N	DL8DBJ	DL	3.698	SSB	59	59	Y	Y	Martin	Soest	\N	O17	\N	FT707 600W	DF7CB	\N	\N	Blieskastel	JN39PF	\N	\N	\N	\N	\N
1995-11-03 19:40:00+00	\N	DL9AKA	DL	3.698	SSB	59	41	Y	Y	Bernd	Saalfeld/Saale	\N	X43	\N	\N	DF7CB	\N	\N	Blieskastel	JN39PF	\N	\N	\N	\N	\N
1995-11-04 08:17:00+00	\N	EA5EYW	EA	14.155	SSB	59	57	Y	Y	Ojequin	St.Vincent	\N	\N	\N	\N	DF7CB	\N	\N	Blieskastel	JN39PF	\N	\N	\N	\N	\N
1995-11-04 08:52:00+00	\N	EA4BWD	EA	14.22	SSB	58	59	Y	R	José	Madrid	\N	\N	\N	\N	DF7CB	\N	\N	Blieskastel	JN39PF	\N	\N	\N	\N	\N
1995-11-04 14:20:00+00	1995-11-04 14:26:00+00	DL8URJ	DL	7.089	SSB	59	59	Y	Y	Silvio	Elsterwerda	\N	Y32	\N	/Teltow 60kmN/Dresden 100W	DF7CB	\N	\N	Blieskastel	JN39PF	\N	\N	\N	\N	\N
1995-11-04 14:30:00+00	\N	YO2DFA	YO	7.081	SSB	1	89	N	N	\N	\N	KN05WH	\N	\N	\N	DF7CB	\N	\N	Blieskastel	JN39PF	\N	\N	\N	{"cqz": "20", "ituz": "28", "lotw": true}	2020-07-06 15:26:11+00
1995-11-04 14:48:00+00	1995-11-04 14:50:00+00	DL1KEW	DL	7.082	SSB	59	57	Y	R	Erwin	Eitorf	\N	G54	\N	30kmNW/Bonn TS850 W3DZZ	DF7CB	\N	\N	Blieskastel	JN39PF	\N	\N	\N	\N	\N
1995-11-04 17:16:00+00	\N	UX7I	UR	7	SSB	2	59	N	N	\N	\N	\N	DO	\N	\N	DF7CB	\N	\N	Blieskastel	JN39PF	\N	\N	\N	\N	\N
1995-11-04 17:30:00+00	\N	IK7RVY	I	7	SSB	3	85	N	N	\N	\N	\N	\N	\N	\N	DF7CB	\N	\N	Blieskastel	JN39PF	\N	\N	\N	\N	\N
1995-11-04 17:38:00+00	\N	EM7Q	UR	7	SSB	4	59	N	N	\N	\N	\N	ZP	\N	\N	DF7CB	\N	\N	Blieskastel	JN39PF	\N	\N	\N	\N	\N
1995-11-04 17:47:00+00	\N	EM2I	UR	7	SSB	5	59	N	N	\N	\N	\N	DO	\N	\N	DF7CB	\N	\N	Blieskastel	JN39PF	\N	\N	\N	\N	\N
1995-11-04 17:50:00+00	\N	UR5NAH	UR	7	SSB	5	59	N	N	\N	\N	\N	VI	\N	\N	DF7CB	\N	\N	Blieskastel	JN39PF	\N	\N	\N	\N	\N
1995-11-04 18:05:00+00	\N	US0GA	UR	7	SSB	7	59	N	N	\N	\N	\N	HE	\N	\N	DF7CB	\N	\N	Blieskastel	JN39PF	\N	\N	\N	\N	\N
1995-11-04 18:07:00+00	\N	LZ1DM	LZ	7	SSB	8	116	N	N	\N	\N	\N	\N	\N	\N	DF7CB	\N	\N	Blieskastel	JN39PF	\N	\N	\N	\N	\N
1995-11-04 23:35:00+00	\N	UR5EDU	UR	7	SSB	9	59	N	N	\N	\N	\N	DN	\N	\N	DF7CB	\N	\N	Blieskastel	JN39PF	\N	\N	\N	\N	\N
1995-11-04 23:39:00+00	\N	US5QRW	UR	7	SSB	10	59	N	N	\N	\N	\N	ZP	\N	\N	DF7CB	\N	\N	Blieskastel	JN39PF	\N	\N	\N	\N	\N
1995-11-04 23:47:00+00	\N	EA3ELZ	EA	7	SSB	11	28	Y	Y	\N	\N	JN01ND	\N	\N	\N	DF7CB	\N	\N	Blieskastel	JN39PF	\N	\N	\N	{"cqz": "14", "ituz": "37", "lotw": true}	2020-07-06 15:26:11+00
1995-11-04 23:54:00+00	\N	UX0HA	UR	7	SSB	12	59	N	N	\N	\N	\N	PO	\N	\N	DF7CB	\N	\N	Blieskastel	JN39PF	\N	\N	\N	\N	\N
1995-11-05 00:01:00+00	\N	US9PA	UR	7	SSB	14	59	N	N	\N	\N	\N	PO	\N	\N	DF7CB	\N	\N	Blieskastel	JN39PF	\N	\N	\N	\N	\N
1995-11-05 10:23:00+00	1995-11-05 10:31:00+00	DK9VS	DL	3.658	SSB	59	59	Y	R	Stephan	Bildstock	JN39NH	Q02	\N	\N	DF7CB	\N	\N	Blieskastel	JN39PF	\N	\N	\N	\N	\N
1995-11-06 15:04:00+00	1995-11-06 15:08:00+00	OM3CAE	OM	10.128	CW	599	499	Y	Y	Miro	Bratislava	\N	\N	\N	120W 79m Delta-loop	DF7CB	\N	\N	Blieskastel	JN39PF	\N	\N	\N	\N	\N
1995-11-06 15:27:00+00	\N	EW1AAA	EU	10.114	CW	599	589	Y	R	Lary	\N	\N	\N	\N	\N	DF7CB	\N	\N	Blieskastel	JN39PF	\N	\N	\N	\N	\N
1995-11-07 15:53:00+00	1995-11-07 17:23:00+00	DL8BQ	DL	144.5	SSTV	59	\N	N	N	Egon	Sulzbach	\N	Q01	\N	\N	DF7CB	\N	\N	Blieskastel	JN39PF	\N	\N	\N	\N	\N
1995-11-07 17:00:00+00	1995-11-07 17:23:00+00	DL5VC	DL	144.5	SSTV	58	\N	N	N	Friedel	Quierschied	\N	\N	\N	\N	DF7CB	\N	\N	Blieskastel	JN39PF	\N	\N	\N	\N	\N
1995-11-08 12:20:00+00	1995-11-08 12:26:00+00	DL4VCR	DL	21.059	CW	559	579	Y	Y	Ruben	Wadgassen	JN39JG	Q05	\N	\N	DF7CB	\N	\N	Blieskastel	JN39PF	\N	\N	\N	{"cqz": "14", "ituz": "28", "lotw": true}	2020-07-06 15:26:11+00
1995-11-09 15:03:00+00	\N	UR4XWJ	UR	14.184	SSB	57	57	Y	R	Sergey	Miropol	\N	\N	\N	\N	DF7CB	\N	\N	Blieskastel	JN39PF	\N	\N	\N	\N	\N
1995-11-09 21:32:00+00	1995-11-09 21:33:00+00	Z37DRS	Z3	7.085	SSB	59	57	Y	R	Goce	Kocani	\N	\N	\N	\N	DF7CB	\N	\N	Blieskastel	JN39PF	\N	\N	\N	\N	\N
1995-11-10 16:17:00+00	\N	EW6AL	EU	7.043	SSB	59	57	Y	Y	Al	Polotsk	\N	\N	\N	\N	DF7CB	\N	\N	Blieskastel	JN39PF	\N	\N	\N	\N	\N
1995-11-10 16:56:00+00	1995-11-10 16:59:00+00	EA7FTM	EA	14.193	SSB	59	57	Y	R	Pedro	Malaga	\N	\N	\N	\N	DF7CB	\N	\N	Blieskastel	JN39PF	\N	\N	\N	\N	\N
1995-11-10 17:31:00+00	\N	EA8/DL8FDI/P	EA8	14.317	SSB	41	4	Y	R	Markus	Gran Canaria	\N	A20	\N	\N	DF7CB	\N	\N	Blieskastel	JN39PF	\N	\N	\N	\N	\N
1995-11-10 20:14:00+00	\N	UR5FDI	UR	7.013	CW	599	589	Y	Y	Alex	Ismail	\N	\N	\N	\N	DF7CB	\N	\N	Blieskastel	JN39PF	\N	\N	\N	\N	\N
1995-11-10 21:05:00+00	\N	LZ1YW	LZ	7.015	CW	599	\N	Y	R	\N	\N	\N	\N	\N	\N	DF7CB	\N	\N	Blieskastel	JN39PF	\N	\N	\N	\N	\N
1995-11-11 22:38:00+00	\N	OK1DKS	OK	3.7	SSB	1	59	Y	Y	\N	\N	\N	APE	\N	\N	DF7CB	\N	\N	Blieskastel	JN39PF	\N	\N	\N	\N	\N
1995-11-11 22:42:00+00	\N	DL9BCL	DL	3.721	SSB	59	59	Y	Y	Henrik	Schönegau	\N	I28	\N	\N	DF7CB	\N	\N	Blieskastel	JN39PF	\N	\N	\N	\N	\N
1995-11-11 22:47:00+00	\N	OK1AWU	OK	3.7	SSB	2	59	N	N	\N	\N	\N	BPZ	\N	\N	DF7CB	\N	\N	Blieskastel	JN39PF	\N	\N	\N	\N	\N
1995-11-11 22:54:00+00	\N	OK7DX	OK	3.7	SSB	3	59	N	N	\N	\N	\N	GBM	\N	\N	DF7CB	\N	\N	Blieskastel	JN39PF	\N	\N	\N	\N	\N
1995-11-11 23:00:00+00	\N	OK2PSA	OK	3.7	SSB	4	59	Y	Y	\N	\N	\N	HPR	\N	\N	DF7CB	\N	\N	Blieskastel	JN39PF	\N	\N	\N	\N	\N
1995-11-11 23:03:00+00	\N	OK1KCB	OK	3.7	SSB	5	59	N	N	\N	\N	\N	CBU	\N	\N	DF7CB	\N	\N	Blieskastel	JN39PF	\N	\N	\N	\N	\N
1995-11-11 23:06:00+00	\N	OK1FHI	OK	3.7	SSB	6	59	Y	Y	\N	\N	JO70GS	ECL	\N	\N	DF7CB	\N	\N	Blieskastel	JN39PF	\N	\N	\N	{"cqz": "15", "ituz": "28", "lotw": true}	2020-07-06 15:26:11+00
1995-11-11 23:11:00+00	\N	OK2UED	OK	3.7	SSB	7	59	Y	Y	\N	\N	\N	GTR	\N	\N	DF7CB	\N	\N	Blieskastel	JN39PF	\N	\N	\N	\N	\N
1995-11-11 23:12:00+00	\N	OL1C	OK	3.7	SSB	8	59	N	N	\N	\N	\N	EDE	\N	\N	DF7CB	\N	\N	Blieskastel	JN39PF	\N	\N	\N	\N	\N
1995-11-11 23:18:00+00	\N	OK1MKD	OK	3.7	SSB	9	59	N	N	\N	\N	\N	FTR	\N	\N	DF7CB	\N	\N	Blieskastel	JN39PF	\N	\N	\N	\N	\N
1995-11-11 23:21:00+00	\N	OK2VLT	OK	3.7	SSB	10	59	N	N	\N	\N	\N	HOS	\N	\N	DF7CB	\N	\N	Blieskastel	JN39PF	\N	\N	\N	\N	\N
1995-11-11 23:22:00+00	\N	OL2A	OK	3.7	SSB	11	59	N	N	\N	\N	\N	GZS	\N	\N	DF7CB	\N	\N	Blieskastel	JN39PF	\N	\N	\N	\N	\N
1995-11-11 23:25:00+00	\N	OM3RKA	OM	3.7	SSB	12	59	N	N	\N	\N	JN97BW	IKO	\N	\N	DF7CB	\N	\N	Blieskastel	JN39PF	\N	\N	\N	{"cqz": "15", "ituz": "28", "lotw": true}	2020-07-06 15:26:11+00
1995-11-11 23:26:00+00	\N	OK5W	OK	3.7	SSB	13	59	N	N	\N	\N	\N	ECH	\N	\N	DF7CB	\N	\N	Blieskastel	JN39PF	\N	\N	\N	\N	\N
1995-11-11 23:28:00+00	\N	OM3VSZ	OM	3.7	SSB	14	59	N	N	\N	\N	\N	KKV	\N	\N	DF7CB	\N	\N	Blieskastel	JN39PF	\N	\N	\N	\N	\N
1995-11-11 23:40:00+00	\N	OK1KJA	OK	3.7	SSB	15	59	N	N	\N	\N	\N	EJA	\N	\N	DF7CB	\N	\N	Blieskastel	JN39PF	\N	\N	\N	\N	\N
1995-11-11 23:46:00+00	\N	OL6M	OK	3.7	SSB	16	59	N	N	\N	\N	\N	HOL	\N	\N	DF7CB	\N	\N	Blieskastel	JN39PF	\N	\N	\N	\N	\N
1995-11-11 23:49:00+00	\N	OK1KZD	OK	3.7	SSB	17	59	Y	Y	\N	\N	\N	APC	\N	\N	DF7CB	\N	\N	Blieskastel	JN39PF	\N	\N	\N	\N	\N
1995-11-11 23:53:00+00	\N	OK2BRQ	OK	3.7	SSB	18	59	N	N	\N	\N	\N	GZL	\N	\N	DF7CB	\N	\N	Blieskastel	JN39PF	\N	\N	\N	\N	\N
1995-11-11 23:58:00+00	\N	G4UEL	G	3.736	SSB	59	59	Y	R	Geoff	Aldershop	\N	\N	\N	\N	DF7CB	\N	\N	Blieskastel	JN39PF	\N	\N	\N	\N	\N
1995-11-12 00:07:00+00	\N	OK1PN	OK	3.7	SSB	19	59	N	N	\N	\N	\N	APB	\N	\N	DF7CB	\N	\N	Blieskastel	JN39PF	\N	\N	\N	\N	\N
1995-11-12 00:09:00+00	\N	OK1FGM	OK	3.7	SSB	20	59	N	N	\N	\N	\N	BKH	\N	\N	DF7CB	\N	\N	Blieskastel	JN39PF	\N	\N	\N	\N	\N
1995-11-12 00:18:00+00	1995-11-12 00:20:00+00	EA3FHN	EA	3.755	SSB	59	59	Y	Y	José	Nr Barcelona	\N	\N	\N	\N	DF7CB	\N	\N	Blieskastel	JN39PF	\N	\N	\N	\N	\N
1995-11-12 00:29:00+00	\N	OM3TNI	OM	3.7	SSB	21	59	N	N	\N	\N	\N	ITR	\N	\N	DF7CB	\N	\N	Blieskastel	JN39PF	\N	\N	\N	\N	\N
1995-11-12 00:43:00+00	\N	G0AIX	G	3.789	SSB	59	59	N	N	Dave	Land's End	IO70FD	\N	\N	\N	DF7CB	\N	\N	Blieskastel	JN39PF	\N	\N	\N	{"cqz": "14", "ituz": "27", "lotw": true}	2021-07-02 20:37:42+00
1995-11-12 09:30:00+00	\N	DA0AMT	DL	3.658	SSB	59	59	Y	Y	Amtec 1995	Saarbrücken	\N	AMT95	\N	Ulli DL4VS	DF7CB	\N	\N	Blieskastel	JN39PF	\N	\N	\N	\N	\N
1995-11-12 11:20:00+00	\N	EA1ALP	EA	21.031	CW	559	599	Y	Y	Nardo	Ferrol	\N	\N	\N	\N	DF7CB	\N	\N	Blieskastel	JN39PF	\N	\N	\N	\N	\N
1995-11-13 14:13:00+00	1995-11-13 14:17:00+00	SV1DKL	SV	21.217	SSB	57	55	Y	Y	Stathis	Athen	\N	\N	\N	\N	DF7CB	\N	\N	Blieskastel	JN39PF	\N	\N	\N	{"cqz": "20", "dcl": "i", "ituz": "28", "lotw": true}	2020-07-06 15:26:11+00
1995-11-13 16:40:00+00	\N	DJ5MF	DL	3.511	CW	579	599	Y	Y	Walter	Bad Neustadt	\N	\N	\N	\N	DF7CB	\N	\N	Blieskastel	JN39PF	\N	\N	\N	\N	\N
1995-11-14 13:20:00+00	\N	I6LVT	I	18.075	CW	559	599	Y	Y	Vittorio	\N	\N	\N	\N	\N	DF7CB	\N	\N	Blieskastel	JN39PF	\N	\N	\N	\N	\N
1995-11-14 17:15:00+00	\N	SM4CGI	SM	7.022	CW	599	579	Y	Y	Lars	Karlstad	JO69SJ	\N	\N	\N	DF7CB	\N	\N	Blieskastel	JN39PF	\N	\N	\N	{"cqz": "14", "ituz": "18", "lotw": true}	2020-07-06 15:26:11+00
1995-11-14 17:43:00+00	1995-11-14 17:45:00+00	G0RYY	G	3.548	CW	599	599	Y	R	Dudely	London	\N	\N	\N	\N	DF7CB	\N	\N	Blieskastel	JN39PF	\N	\N	\N	\N	\N
1995-11-14 17:53:00+00	1995-11-14 17:55:00+00	DA0ITU	DL	3.528	CW	599	599	Y	Y	\N	\N	\N	\N	\N	\N	DF7CB	\N	\N	Blieskastel	JN39PF	\N	\N	\N	\N	\N
1995-11-14 18:03:00+00	1995-11-14 18:08:00+00	SM6IQD	SM	3.511	CW	599	579	Y	Y	\N	Goteborg	\N	\N	\N	\N	DF7CB	\N	\N	Blieskastel	JN39PF	\N	\N	\N	\N	\N
1995-11-14 19:00:00+00	1995-11-14 19:20:00+00	DF3VN/M	DL	145.6	FM	5	\N	N	N	Dieter	\N	\N	Z19	\N	\N	DF7CB	\N	\N	Blieskastel	JN39PF	\N	\N	\N	\N	\N
1995-11-14 22:00:00+00	1995-11-14 22:10:00+00	DL8GE	DL	145.6	FM	5	\N	Y	R	Klaus	Ommerheim	\N	Q02	\N	\N	DF7CB	\N	\N	Blieskastel	JN39PF	\N	\N	\N	\N	\N
1995-11-15 13:13:00+00	\N	RX3RA	UA	10.103	CW	599	\N	Y	Y	\N	\N	\N	\N	\N	\N	DF7CB	\N	\N	Blieskastel	JN39PF	\N	\N	\N	\N	\N
1995-11-15 13:48:00+00	\N	K2LQ	K	18.132	SSB	57	51	Y	Y	Will	New Jersey	\N	\N	\N	\N	DF7CB	\N	\N	Blieskastel	JN39PF	\N	\N	\N	\N	\N
1995-11-15 15:58:00+00	\N	EA1DLE	EA	14.049	CW	549	539	Y	Y	Rafael	Lugol	\N	\N	\N	\N	DF7CB	\N	\N	Blieskastel	JN39PF	\N	\N	\N	\N	\N
1995-11-15 19:32:00+00	1995-11-15 19:35:00+00	DL7ET	DL	3.563	CW	599	599	Y	Y	Veit	\N	JO31KF	R09	\N	\N	DF7CB	\N	\N	Blieskastel	JN39PF	\N	\N	\N	{"cqz": "14", "dcl": "i", "ituz": "28", "lotw": true}	2020-07-06 15:26:11+00
1995-11-15 20:02:00+00	1995-11-15 20:06:00+00	EC7DWP	EA	3.553	CW	599	559	Y	Y	Ramon	Alcala	\N	\N	\N	\N	DF7CB	\N	\N	Blieskastel	JN39PF	\N	\N	\N	\N	\N
1995-11-15 20:20:00+00	1995-11-15 20:45:00+00	ON4BD	ON	3.574	CW	599	579	Y	Y	Herman	Out-Turnhout	\N	\N	\N	\N	DF7CB	\N	\N	Blieskastel	JN39PF	\N	\N	\N	\N	\N
1995-11-15 21:23:00+00	1995-11-15 21:34:00+00	DL6DP	DL	3.568	CW	599	589	Y	R	Hans	Idar-Oberstein	\N	\N	\N	\N	DF7CB	\N	\N	Blieskastel	JN39PF	\N	\N	\N	\N	\N
1995-11-16 14:47:00+00	1995-11-16 14:49:00+00	LY2OU	LY	10.1	CW	599	599	Y	R	\N	\N	KO14XU	\N	\N	\N	DF7CB	\N	\N	Blieskastel	JN39PF	\N	\N	\N	{"cqz": "15", "ituz": "29", "lotw": true}	2020-07-06 15:26:11+00
1995-11-16 15:00:00+00	1995-11-16 15:10:00+00	EA5AHZ	EA	10.117	CW	599	599	Y	R	Manuel	Alicante	\N	\N	\N	\N	DF7CB	\N	\N	Blieskastel	JN39PF	\N	\N	\N	\N	\N
1995-11-16 18:50:00+00	\N	S51SLO	S5	3.53	CW	599	599	Y	Y	Tudej	Lubljana	\N	\N	\N	\N	DF7CB	\N	\N	Blieskastel	JN39PF	\N	\N	\N	\N	\N
1995-11-17 17:30:00+00	1995-11-17 17:41:00+00	EA4AAZ	EA	14.042	CW	557	579	Y	Y	Tom	Coslada	\N	\N	\N	\N	DF7CB	\N	\N	Blieskastel	JN39PF	\N	\N	\N	\N	\N
1995-11-18 02:50:00+00	1995-11-18 03:03:00+00	OE9TC	OE	3.554	CW	599	599	Y	Y	Albert	Nenzig	\N	\N	\N	\N	DF7CB	\N	\N	Blieskastel	JN39PF	\N	\N	\N	\N	\N
1995-11-18 23:00:00+00	1995-11-18 23:07:00+00	DJ3PS	DL	3.553	CW	599	599	Y	Y	Frieder	Freising	\N	\N	\N	\N	DF7CB	\N	\N	Blieskastel	JN39PF	\N	\N	\N	\N	\N
1995-11-19 09:20:00+00	\N	DK6VV	DL	3.658	SSB	59	59	Y	Y	Renni	Merzig	\N	Q04	\N	DA0AMT/DK6VV	DF7CB	\N	\N	Blieskastel	JN39PF	\N	\N	\N	\N	\N
1995-11-19 14:51:00+00	\N	EA8CN	EA8	10.102	CW	579	589	Y	Y	\N	\N	\N	\N	\N	\N	DF7CB	\N	\N	Blieskastel	JN39PF	\N	\N	\N	{"cqz": "33", "ituz": "36", "lotw": true}	2020-07-06 15:26:11+00
1995-11-19 14:58:00+00	\N	UA4LDQ	UA	10.109	CW	379	\N	N	N	Sergey	\N	\N	\N	\N	\N	DF7CB	\N	\N	Blieskastel	JN39PF	\N	\N	\N	\N	\N
1995-11-19 15:12:00+00	\N	GD4UOL	GD	10.114	CW	599	599	Y	Y	\N	\N	\N	\N	\N	\N	DF7CB	\N	\N	Blieskastel	JN39PF	\N	\N	\N	\N	\N
1995-11-20 14:08:00+00	\N	UT4IG	UR	18.079	CW	319	579	N	N	\N	\N	\N	\N	\N	\N	DF7CB	\N	\N	Blieskastel	JN39PF	\N	\N	\N	\N	\N
1995-11-20 14:22:00+00	\N	4L1QGA	4L	14.005	CW	577	599	N	N	\N	\N	\N	\N	\N	4L1QDA ?	DF7CB	\N	\N	Blieskastel	JN39PF	\N	\N	\N	\N	\N
1995-11-20 14:37:00+00	\N	RK6LYQ	UA	14.006	CW	559	\N	Y	R	Gen	Rosarov	\N	\N	\N	\N	DF7CB	\N	\N	Blieskastel	JN39PF	\N	\N	\N	\N	\N
1995-11-20 14:43:00+00	\N	US8IR	UR	14.008	CW	559	\N	Y	R	\N	\N	\N	\N	\N	\N	DF7CB	\N	\N	Blieskastel	JN39PF	\N	\N	\N	\N	\N
1995-11-21 14:44:00+00	1995-11-21 14:53:00+00	DL8DV	DL	18.137	SSB	59	59	Y	Y	Herman	Ommersheim	\N	Q02	\N	\N	DF7CB	\N	\N	Blieskastel	JN39PF	\N	\N	\N	\N	\N
1995-11-21 17:33:00+00	1995-11-21 17:41:00+00	DL8SF	DL	145.425	FM	59	59	N	N	Gerhard	Gersheim	\N	Q	\N	\N	DF7CB	\N	\N	Blieskastel	JN39PF	\N	\N	\N	\N	\N
1995-11-22 14:07:00+00	\N	LY2OU	LY	10.1	CW	599	599	N	N	\N	\N	KO14XU	\N	\N	\N	DF7CB	\N	\N	Blieskastel	JN39PF	\N	\N	\N	{"cqz": "15", "ituz": "29", "lotw": true}	2020-07-06 15:26:11+00
1995-11-22 14:20:00+00	1995-11-22 14:32:00+00	OH8MSM	OH	7.023	CW	599	579	Y	Y	Jukka	Sotkamo	\N	\N	\N	\N	DF7CB	\N	\N	Blieskastel	JN39PF	\N	\N	\N	\N	\N
1995-11-22 14:35:00+00	1995-11-22 14:46:00+00	SP2OFK	SP	7.018	CW	589	589	Y	R	Chris	Chilmno	JO93FI	\N	\N	\N	DF7CB	\N	\N	Blieskastel	JN39PF	\N	\N	\N	{"cqz": "15", "ituz": "28", "lotw": true}	2020-07-06 15:26:11+00
1995-11-22 14:48:00+00	1995-11-22 14:52:00+00	9A3QK	9A	7.014	CW	599	599	Y	Y	Dragan	Proce	\N	\N	\N	\N	DF7CB	\N	\N	Blieskastel	JN39PF	\N	\N	\N	\N	\N
1995-11-22 14:56:00+00	\N	GD4UOL	GD	7.012	CW	599	599	Y	Y	\N	\N	\N	\N	\N	\N	DF7CB	\N	\N	Blieskastel	JN39PF	\N	\N	\N	\N	\N
1995-11-23 15:55:00+00	1995-11-23 16:00:00+00	I5EZT	I	7.013	CW	599	599	Y	Y	Piero	Pescia	\N	\N	\N	\N	DF7CB	\N	\N	Blieskastel	JN39PF	\N	\N	\N	\N	\N
1995-11-23 22:20:00+00	1995-11-23 22:24:00+00	IK1NPP	I	3.512	CW	599	559	Y	R	Pir	\N	\N	\N	\N	\N	DF7CB	\N	\N	Blieskastel	JN39PF	\N	\N	\N	\N	\N
1995-11-23 22:27:00+00	1995-11-23 22:40:00+00	HB9BOM	HB	3.507	CW	579	559	Y	Y	Roland	\N	\N	\N	\N	\N	DF7CB	\N	\N	Blieskastel	JN39PF	\N	\N	\N	\N	\N
1995-11-24 17:40:00+00	1995-11-24 17:48:00+00	DK6AP	DL	3.531	CW	599	579	Y	Y	Werner	Salzgitter	\N	F20	\N	\N	DF7CB	\N	\N	Blieskastel	JN39PF	\N	\N	\N	\N	\N
1995-11-24 18:00:00+00	1995-11-24 18:18:00+00	DH1OAD	DL	3.547	CW	599	579	Y	Y	Wolfgang	Hannover	\N	H35	\N	\N	DF7CB	\N	\N	Blieskastel	JN39PF	\N	\N	\N	\N	\N
1995-11-24 18:18:00+00	1995-11-24 18:25:00+00	S51SX	S5	3.547	CW	599	579	Y	Y	Karl	\N	\N	\N	\N	\N	DF7CB	\N	\N	Blieskastel	JN39PF	\N	\N	\N	\N	\N
1995-11-24 18:25:00+00	1995-11-24 18:29:00+00	S51SX	S5	7.03	CW	579	579	Y	Y	Karl	\N	\N	\N	\N	\N	DF7CB	\N	\N	Blieskastel	JN39PF	\N	\N	\N	\N	\N
1995-11-24 18:42:00+00	\N	RN6AA	UA	7.006	CW	599	599	N	N	\N	\N	\N	\N	\N	\N	DF7CB	\N	\N	Blieskastel	JN39PF	\N	\N	\N	\N	\N
1995-11-25 10:09:00+00	\N	TK2C	TK	7.024	CW	599	599	Y	Y	\N	\N	\N	\N	\N	\N	DF7CB	\N	\N	Blieskastel	JN39PF	\N	\N	\N	\N	\N
1995-11-25 13:53:00+00	\N	PI4CC	PA	7	CW	599	599	Y	Y	\N	\N	JO21BX	\N	\N	\N	DF7CB	\N	\N	Blieskastel	JN39PF	\N	\N	\N	{"cqz": "14", "ituz": "27", "lotw": true}	2020-07-06 15:26:11+00
1995-11-25 14:01:00+00	\N	YT9W	YU	7	CW	599	599	Y	Y	\N	\N	\N	\N	\N	\N	DF7CB	\N	\N	Blieskastel	JN39PF	\N	\N	\N	\N	\N
1995-11-25 22:20:00+00	\N	OZ5W	OZ	3.533	CW	599	599	Y	Y	\N	\N	\N	\N	\N	\N	DF7CB	\N	\N	Blieskastel	JN39PF	\N	\N	\N	\N	\N
1995-11-25 22:25:00+00	\N	OE2S	OE	3.535	CW	599	599	Y	Y	\N	\N	JN67MU	\N	\N	via oe2xel	DF7CB	\N	\N	Blieskastel	JN39PF	\N	\N	\N	{"cqz": "15", "ituz": "28", "lotw": true}	2020-07-06 15:26:11+00
1995-11-25 22:27:00+00	\N	DF2KK	DL	3.5	CW	599	599	Y	Y	Josef	\N	\N	G11	\N	\N	DF7CB	\N	\N	Blieskastel	JN39PF	\N	\N	\N	\N	\N
1995-11-26 13:39:00+00	\N	HZ1AB	HZ	14.059	CW	599	599	Y	Y	\N	\N	LL56BG	\N	\N	59914/59921	DF7CB	\N	\N	Blieskastel	JN39PF	\N	\N	\N	{"cqz": "21", "ituz": "39", "lotw": true}	2020-07-06 15:26:11+00
1995-11-26 22:16:00+00	\N	ON4UN	ON	3.51	CW	599	599	Y	Y	John	Ghent	\N	\N	\N	\N	DF7CB	\N	\N	Blieskastel	JN39PF	\N	\N	\N	\N	\N
1995-11-27 15:50:00+00	1995-11-27 15:59:00+00	K4AXL	K	7.013	CW	579	559	N	N	\N	Modena	\N	\N	\N	\N	DF7CB	\N	\N	Blieskastel	JN39PF	\N	\N	\N	\N	\N
1995-11-27 16:03:00+00	1995-11-27 16:10:00+00	RA6YBR	UA	7.027	CW	599	579	N	N	\N	Maykop	\N	\N	\N	\N	DF7CB	\N	\N	Blieskastel	JN39PF	\N	\N	\N	\N	\N
1995-11-27 21:30:00+00	1995-11-27 21:36:00+00	DK7VW	DL	3.561	CW	599	599	Y	Y	Joe	Höxter	\N	N09	\N	\N	DF7CB	\N	\N	Blieskastel	JN39PF	\N	\N	\N	{"dcl": "i"}	2020-03-16 21:18:42+00
1995-11-28 14:47:00+00	1995-11-28 14:53:00+00	K8GLL	K	14.034	CW	559	569	Y	R	\N	\N	\N	\N	\N	\N	DF7CB	\N	\N	Blieskastel	JN39PF	\N	\N	\N	\N	\N
1995-11-28 14:57:00+00	1995-11-28 15:05:00+00	EA1APA	EA	14.055	CW	539	569	Y	Y	Fran	Villagarcia	\N	\N	\N	\N	DF7CB	\N	\N	Blieskastel	JN39PF	\N	\N	\N	\N	\N
1995-11-29 15:05:00+00	1995-11-29 15:25:00+00	DJ9ZZA	DL	3.555	CW	599	599	Y	R	Patrick	Oberthal	\N	Q06	\N	ex DH1VT	DF7CB	\N	\N	Blieskastel	JN39PF	\N	\N	\N	\N	\N
1995-11-29 20:02:00+00	1995-11-29 20:13:00+00	F6BBQ	F	3.574	CW	599	599	Y	Y	Jean	Dunkerque	\N	\N	\N	\N	DF7CB	\N	\N	Blieskastel	JN39PF	\N	\N	\N	\N	\N
1995-11-29 20:38:00+00	1995-11-29 20:45:00+00	EA1FEL	EA	3.526	CW	599	599	Y	R	Felix	Soria	\N	\N	\N	\N	DF7CB	\N	\N	Blieskastel	JN39PF	\N	\N	\N	\N	\N
1995-11-29 20:50:00+00	1995-11-29 20:57:00+00	EW2WV	EU	3.54	CW	589	599	Y	R	Mas	Zhodino	\N	\N	\N	\N	DF7CB	\N	\N	Blieskastel	JN39PF	\N	\N	\N	\N	\N
1995-11-30 17:12:00+00	1995-11-30 17:22:00+00	DB7WN	DL	145.737	FM	5	\N	N	N	Ulli	Sobernheim	\N	\N	\N	\N	DF7CB	\N	\N	Blieskastel	JN39PF	\N	\N	\N	\N	\N
1995-11-30 21:20:00+00	1995-11-30 21:30:00+00	DF2IAX/P	DL	3.522	CW	599	599	Y	Y	\N	Nr Karlsruhe	\N	A24	\N	\N	DF7CB	\N	\N	Blieskastel	JN39PF	\N	\N	\N	\N	\N
1995-11-30 21:33:00+00	1995-11-30 21:40:00+00	IK2RGV	I	3.56	CW	599	599	Y	Y	Steve	Mantora	\N	\N	\N	QRP	DF7CB	\N	\N	Blieskastel	JN39PF	\N	\N	\N	\N	\N
1995-12-01 16:23:00+00	1995-12-01 16:26:00+00	US7RA	UR	7.009	CW	577	589	N	N	Michael	Chern	\N	\N	\N	\N	DF7CB	\N	\N	Blieskastel	JN39PF	\N	\N	\N	\N	\N
1995-12-01 16:38:00+00	1995-12-01 16:40:00+00	EG5WCA	EA	7.012	CW	569	599	N	N	\N	\N	\N	\N	\N	\N	DF7CB	\N	\N	Blieskastel	JN39PF	\N	\N	\N	\N	\N
1995-12-02 10:55:00+00	1995-12-02 11:03:00+00	SM6CK	SM	10.114	CW	589	579	Y	Y	Arne	Nol/Goteburg	\N	\N	\N	\N	DF7CB	\N	\N	Blieskastel	JN39PF	\N	\N	\N	\N	\N
1995-12-03 09:50:00+00	\N	DL0GS	DL	145.6	FM	5	5	Y	Y	Thomas DL4VCM	SB	\N	Q01	\N	Amtec	DF7CB	\N	\N	Blieskastel	JN39PF	\N	\N	\N	\N	\N
1995-12-04 16:52:00+00	1995-12-04 16:55:00+00	EA5EDN	EA	7.018	CW	559	559	Y	Y	\N	\N	\N	\N	\N	\N	DF7CB	\N	\N	Blieskastel	JN39PF	\N	\N	\N	\N	\N
1995-12-04 17:06:00+00	1995-12-04 17:09:00+00	YK1AO	YK	7.004	CW	579	559	Y	R	\N	\N	\N	\N	\N	\N	DF7CB	\N	\N	Blieskastel	JN39PF	\N	\N	\N	\N	\N
1995-12-05 15:34:00+00	1995-12-05 15:38:00+00	SP7GV	SP	7.023	CW	599	599	Y	Y	Stan	Lodz	\N	\N	\N	\N	DF7CB	\N	\N	Blieskastel	JN39PF	\N	\N	\N	\N	\N
1995-12-06 14:45:00+00	1995-12-06 14:56:00+00	RK6LYQ	UA	7.008	CW	579	578	Y	R	Sergej	Rostov	\N	\N	\N	\N	DF7CB	\N	\N	Blieskastel	JN39PF	\N	\N	\N	\N	\N
1995-12-06 21:53:00+00	1995-12-06 21:58:00+00	UR7QC	UR	7.009	CW	599	599	Y	Y	\N	\N	\N	\N	\N	\N	DF7CB	\N	\N	Blieskastel	JN39PF	\N	\N	\N	\N	\N
1995-12-06 22:07:00+00	1995-12-06 22:10:00+00	UX3UW	UR	7.014	CW	599	579	Y	R	\N	\N	\N	\N	\N	\N	DF7CB	\N	\N	Blieskastel	JN39PF	\N	\N	\N	\N	\N
1995-12-07 14:37:00+00	1995-12-07 14:43:00+00	G0UAD	G	7.026	CW	599	579	Y	Y	Terry	Nr Rothahan	\N	\N	\N	\N	DF7CB	\N	\N	Blieskastel	JN39PF	\N	\N	\N	\N	\N
1995-12-07 15:13:00+00	1995-12-07 15:26:00+00	DG3HDA	DL	145.737	FM	5	\N	Y	Y	Hendrik	Neunkirchen	\N	Q03	\N	\N	DF7CB	\N	\N	Blieskastel	JN39PF	\N	\N	\N	\N	\N
1995-12-07 15:30:00+00	1995-12-07 15:37:00+00	IV3DYA	I	7.009	CW	599	579	Y	R	Sal	Triest	\N	\N	\N	\N	DF7CB	\N	\N	Blieskastel	JN39PF	\N	\N	\N	\N	\N
1995-12-08 19:53:00+00	\N	F2YT	F	3.514	CW	599	599	Y	Y	Paul	Arras	\N	\N	\N	\N	DF7CB	\N	\N	Blieskastel	JN39PF	\N	\N	\N	\N	\N
1995-12-08 20:18:00+00	\N	HA1AR	HA	3.522	CW	479	599	Y	Y	Erno	\N	JN87SR	\N	\N	\N	DF7CB	\N	\N	Blieskastel	JN39PF	\N	\N	\N	{"cqz": "15", "ituz": "28", "lotw": true}	2020-07-06 15:26:11+00
1995-12-08 20:22:00+00	1995-12-08 20:29:00+00	DL2HEB/P	DL	3.559	CW	589	589	Y	R	Ulli	Paderborn	\N	E02	\N	\N	DF7CB	\N	\N	Blieskastel	JN39PF	\N	\N	\N	\N	\N
1995-12-09 17:05:00+00	1995-12-09 17:10:00+00	DL2DRF	DL	3.558	CW	599	599	Y	R	\N	\N	\N	\N	\N	\N	DF7CB	\N	\N	Blieskastel	JN39PF	\N	\N	\N	\N	\N
1995-12-09 19:12:00+00	1995-12-09 19:20:00+00	DL3KVC/P	DL	3.545	CW	599	579	Y	Y	Eckard	Rotoch	\N	V09	\N	\N	DF7CB	\N	\N	Blieskastel	JN39PF	\N	\N	\N	\N	\N
1995-12-10 10:05:00+00	1995-12-10 10:08:00+00	DA0AMT	DL	3.657	CW	59	599	Y	Y	Amtec 1995	Saarbrücken	\N	AMT95	\N	DK6VV A1A><J3E	DF7CB	\N	\N	Blieskastel	JN39PF	\N	\N	\N	\N	\N
1995-12-10 14:55:00+00	1995-12-10 15:06:00+00	PA3GEB	PA	3.564	CW	599	599	Y	Y	Frank	Steenwsjk	\N	\N	\N	\N	DF7CB	\N	\N	Blieskastel	JN39PF	\N	\N	\N	\N	\N
1995-12-10 15:12:00+00	1995-12-10 15:15:00+00	HA4YG	HA	7.012	CW	599	599	Y	Y	\N	\N	\N	\N	\N	\N	DF7CB	\N	\N	Blieskastel	JN39PF	\N	\N	\N	\N	\N
1995-12-11 17:42:00+00	1995-12-11 17:49:00+00	9A4RC	9A	3.517	CW	599	579	Y	Y	Roby	Hum	\N	\N	\N	\N	DF7CB	\N	\N	Blieskastel	JN39PF	\N	\N	\N	\N	\N
1995-12-11 18:02:00+00	1995-12-11 18:14:00+00	DL2XW	DL	3.549	CW	589	579	Y	Y	Franz	Bodenmais	\N	\N	\N	\N	DF7CB	\N	\N	Blieskastel	JN39PF	\N	\N	\N	\N	\N
1995-12-12 14:20:00+00	1995-12-12 14:28:00+00	DJ1SZ	DL	3.527	CW	589	599	Y	R	Kurt	Bremerhaven	\N	\N	\N	\N	DF7CB	\N	\N	Blieskastel	JN39PF	\N	\N	\N	\N	\N
1995-12-13 15:32:00+00	1995-12-13 15:35:00+00	GW9NTX	GW	7.01	CW	599	599	Y	R	\N	\N	\N	\N	\N	\N	DF7CB	\N	\N	Blieskastel	JN39PF	\N	\N	\N	\N	\N
1995-12-13 22:00:00+00	1995-12-13 22:14:00+00	F5PQE	F	3.529	CW	599	599	Y	Y	Jean	Metz	\N	\N	\N	\N	DF7CB	\N	\N	Blieskastel	JN39PF	\N	\N	\N	\N	\N
1995-12-14 14:20:00+00	1995-12-14 14:34:00+00	RA3AOX	UA	7.025	CW	589	559	Y	R	Sergej	Nr Moscow	\N	\N	\N	\N	DF7CB	\N	\N	Blieskastel	JN39PF	\N	\N	\N	\N	\N
1995-12-14 21:10:00+00	1995-12-14 21:25:00+00	G0UOG	G	3.523	CW	499	599	Y	Y	David	Tuunton	\N	\N	\N	\N	DF7CB	\N	\N	Blieskastel	JN39PF	\N	\N	\N	\N	\N
1995-12-16 13:11:00+00	1995-12-16 13:13:00+00	4Z5FW	4X	14.017	CW	529	599	Y	Y	\N	\N	\N	\N	\N	\N	DF7CB	\N	\N	Blieskastel	JN39PF	\N	\N	\N	\N	\N
1995-12-17 15:06:00+00	1995-12-17 15:15:00+00	DK6AP	DL	3.537	CW	589	579	Y	Y	Werner	Salzgitter	\N	F20	\N	\N	DF7CB	\N	\N	Blieskastel	JN39PF	\N	\N	\N	\N	\N
1995-12-17 15:34:00+00	\N	DL8WN	DL	3.526	CW	1	79	Y	R	\N	\N	\N	\N	\N	\N	DF7CB	\N	\N	Blieskastel	JN39PF	\N	\N	\N	\N	\N
1995-12-17 15:38:00+00	\N	DL1ARJ	DL	3.525	CW	2	176	Y	R	\N	\N	\N	\N	\N	\N	DF7CB	\N	\N	Blieskastel	JN39PF	\N	\N	\N	\N	\N
1995-12-17 15:44:00+00	\N	DL2MF	DL	3.523	CW	3	599	N	N	\N	\N	\N	\N	\N	599MFD61	DF7CB	\N	\N	Blieskastel	JN39PF	\N	\N	\N	\N	\N
1995-12-17 15:47:00+00	\N	G3GLL	G	3.521	CW	4	599	N	N	\N	\N	\N	\N	\N	599R1317D	DF7CB	\N	\N	Blieskastel	JN39PF	\N	\N	\N	\N	\N
1995-12-18 08:18:00+00	1995-12-18 08:21:00+00	PA2FRA	PA	3.549	CW	529	599	Y	R	\N	\N	\N	\N	\N	\N	DF7CB	\N	\N	Blieskastel	JN39PF	\N	\N	\N	\N	\N
1995-12-18 08:35:00+00	1995-12-18 08:51:00+00	RA3AOX	UA	7.014	CW	539	559	N	N	Sergej	Nr Moscow	\N	\N	\N	\N	DF7CB	\N	\N	Blieskastel	JN39PF	\N	\N	\N	\N	\N
1995-12-18 15:00:00+00	1995-12-18 15:09:00+00	G4NBI	G	7.03	CW	539	599	Y	Y	Les	Birmingham	\N	\N	\N	\N	DF7CB	\N	\N	Blieskastel	JN39PF	\N	\N	\N	\N	\N
1995-12-18 18:30:00+00	1995-12-18 18:40:00+00	DL4VCR	DL	144.05	CW	519	599	Y	Y	Ruben	Wadgassen	JN39JG	Q05	\N	\N	DF7CB	\N	\N	Blieskastel	JN39PF	\N	\N	\N	\N	\N
1995-12-19 13:00:00+00	1995-12-19 13:09:00+00	SM7VIK	SM	7.014	CW	599	599	Y	R	Bola	Anderstorp	\N	\N	\N	\N	DF7CB	\N	\N	Blieskastel	JN39PF	\N	\N	\N	\N	\N
1995-12-20 16:20:00+00	1995-12-20 16:25:00+00	9A1CAH	9A	3.529	CW	599	599	Y	R	Ivo	Zagreb	\N	\N	\N	\N	DF7CB	\N	\N	Blieskastel	JN39PF	\N	\N	\N	\N	\N
1995-12-20 16:48:00+00	1995-12-20 16:52:00+00	YU7BCF	YU	3.518	CW	599	599	Y	R	Kagia	Kfracuna	\N	\N	\N	\N	DF7CB	\N	\N	Blieskastel	JN39PF	\N	\N	\N	\N	\N
1995-12-20 17:00:00+00	1995-12-20 17:10:00+00	YU7BPQ	YU	3.513	CW	579	579	Y	R	Stevan	\N	\N	\N	\N	\N	DF7CB	\N	\N	Blieskastel	JN39PF	\N	\N	\N	\N	\N
1995-12-20 17:10:00+00	1995-12-20 17:40:00+00	DL1RDY	DL	3.515	CW	599	599	Y	Y	Inge	Regensburg	\N	\N	\N	\N	DF7CB	\N	\N	Blieskastel	JN39PF	\N	\N	\N	\N	\N
1995-12-21 11:47:00+00	1995-12-21 11:55:00+00	G3UNT	G	3.515	CW	599	579	Y	R	Brian	Maidstone	\N	\N	\N	\N	DF7CB	\N	\N	Blieskastel	JN39PF	\N	\N	\N	\N	\N
1995-12-21 22:15:00+00	1995-12-21 22:32:00+00	YO6GBC	YO	3.543	CW	599	579	Y	R	Nic	Fantana/Bit	\N	\N	\N	\N	DF7CB	\N	\N	Blieskastel	JN39PF	\N	\N	\N	\N	\N
1995-12-21 22:35:00+00	1995-12-21 22:45:00+00	DL1KKF	DL	3.548	CW	599	599	Y	Y	Karl	\N	\N	\N	\N	\N	DF7CB	\N	\N	Blieskastel	JN39PF	\N	\N	\N	\N	\N
1995-12-22 11:03:00+00	1995-12-22 11:20:00+00	G0HUV	G	10.113	CW	539	579	Y	Y	Roy	Worcester	\N	\N	\N	\N	DF7CB	\N	\N	Blieskastel	JN39PF	\N	\N	\N	\N	\N
1995-12-23 15:25:00+00	\N	EA7AAF	EA	7.022	CW	579	589	Y	Y	Paco	Linares	\N	\N	\N	\N	DF7CB	\N	\N	Blieskastel	JN39PF	\N	\N	\N	\N	\N
1995-12-24 11:40:00+00	1995-12-24 11:52:00+00	DK3GR	DL	10.119	CW	559	579	Y	R	Klaus	Kiel	\N	\N	\N	\N	DF7CB	\N	\N	Blieskastel	JN39PF	\N	\N	\N	\N	\N
1995-12-25 17:22:00+00	1995-12-25 17:31:00+00	OK1MGA/P	OK	3.524	CW	599	579	Y	R	\N	Prague	\N	\N	\N	\N	DF7CB	\N	\N	Blieskastel	JN39PF	\N	\N	\N	\N	\N
1995-12-26 04:50:00+00	1995-12-26 04:57:00+00	5A8YA	5A	3.535	CW	599	599	Y	R	Imre	Bog	\N	\N	\N	\N	DF7CB	\N	\N	Blieskastel	JN39PF	\N	\N	\N	\N	\N
1995-12-26 05:12:00+00	1995-12-26 05:22:00+00	YO3YF	YO	7.012	CW	549	579	Y	Y	Tity	Bukarest	\N	\N	\N	\N	DF7CB	\N	\N	Blieskastel	JN39PF	\N	\N	\N	\N	\N
1995-12-26 06:38:00+00	1995-12-26 06:41:00+00	OK1KUQ	OK	7.006	CW	599	599	Y	R	Ludek	Tslevsko	\N	\N	\N	\N	DF7CB	\N	\N	Blieskastel	JN39PF	\N	\N	\N	\N	\N
1995-12-26 11:22:00+00	1995-12-26 11:31:00+00	IT9GQE	IT9	7.004	CW	539	539	Y	Y	Lino	Mazara	\N	\N	\N	\N	DF7CB	\N	\N	Blieskastel	JN39PF	\N	\N	\N	\N	\N
1995-12-27 16:34:00+00	1995-12-27 16:38:00+00	UR3IFY	UR	7.011	CW	557	579	Y	R	Alex	Doneck	\N	\N	\N	\N	DF7CB	\N	\N	Blieskastel	JN39PF	\N	\N	\N	\N	\N
1995-12-27 16:43:00+00	1995-12-27 16:51:00+00	DL1GK	DL	3.5	CW	589	589	Y	Y	Hans	Laboe nr Kiel	\N	M25	\N	\N	DF7CB	\N	\N	Blieskastel	JN39PF	\N	\N	\N	\N	\N
1995-12-27 16:52:00+00	1995-12-27 16:59:00+00	UY5QO	UR	3.508	CW	599	599	Y	R	\N	\N	\N	\N	\N	\N	DF7CB	\N	\N	Blieskastel	JN39PF	\N	\N	\N	\N	\N
1995-12-27 17:09:00+00	1995-12-27 17:21:00+00	DF5VM	DL	3.51	CW	599	599	Y	Y	Gerd	Mimbach	JN39PF	Q17	\N	XYL: DF1VY	DF7CB	\N	\N	Blieskastel	JN39PF	\N	\N	\N	\N	\N
1995-12-28 11:57:00+00	1995-12-28 12:08:00+00	G0IFK	G	7.029	CW	529	579	Y	Y	Mike	Liverpool	\N	\N	\N	\N	DF7CB	\N	\N	Blieskastel	JN39PF	\N	\N	\N	\N	\N
1995-12-29 09:13:00+00	1995-12-29 09:21:00+00	YL2GN	YL	7.009	CW	559	599	Y	Y	Don	\N	\N	\N	\N	\N	DF7CB	\N	\N	Blieskastel	JN39PF	\N	\N	\N	\N	\N
1995-12-29 19:30:00+00	1995-12-29 19:38:00+00	DJ1TO	DL	7.01	CW	599	599	Y	Y	Bernd	Berlin	JO62SL	D26	\N	\N	DF7CB	\N	\N	Blieskastel	JN39PF	\N	\N	\N	\N	\N
1995-12-30 16:39:00+00	1995-12-30 16:48:00+00	GI0AIQ	GI	7.028	CW	559	569	Y	R	Frank	Portadown	\N	\N	\N	\N	DF7CB	\N	\N	Blieskastel	JN39PF	\N	\N	\N	\N	\N
1995-12-30 16:52:00+00	1995-12-30 17:01:00+00	EA5FZG	EA	7.027	CW	569	559	Y	R	Paulino	Costello	\N	\N	\N	\N	DF7CB	\N	\N	Blieskastel	JN39PF	\N	\N	\N	\N	\N
1995-12-31 11:32:00+00	1995-12-31 11:43:00+00	DL3BBR	DL	7.027	CW	579	599	Y	Y	Arno	Bremen	\N	I04	\N	\N	DF7CB	\N	\N	Blieskastel	JN39PF	\N	\N	\N	\N	\N
1995-12-31 12:00:00+00	1995-12-31 12:10:00+00	SP2GE	SP	7.017	CW	579	579	Y	Y	Waldek	Gdansk	\N	\N	\N	\N	DF7CB	\N	\N	Blieskastel	JN39PF	\N	\N	\N	\N	\N
