2022-01-02 21:44:45+00	2022-01-02 21:45:30+00	OH5Z	OH	1.842607	FT8	-03	-07	\N	\N	\N	\N	KP30	\N	\N	\N	DF7CB	IC7610	100	Krefeld	JO31HI	FD4	\N	\N	\N	2022-01-02 21:45:32+00	\N	\N
2022-01-02 21:46:00+00	2022-01-02 21:47:00+00	I1RJP	I	1.842607	FT8	-14	-09	\N	\N	\N	\N	JN45BO	\N	\N	\N	DF7CB	IC7610	100	Krefeld	JO31HI	FD4	\N	\N	{"cqz": "15", "ituz": "28", "lotw": true}	2022-01-03 21:48:24+00	\N	\N
2022-01-02 22:03:15+00	2022-01-02 22:04:00+00	S55SG	S5	5.359163	FT8	-02	-03	\N	\N	\N	\N	JN76	\N	\N	\N	DF7CB	IC7610	15	Krefeld	JO31HI	FD4	\N	\N	\N	2022-01-02 22:04:03+00	\N	\N
2022-01-03 16:58:00+00	\N	II8WRTC	I	7.029	CW	599	599	N	N	\N	\N	\N	\N	\N	\N	DF7CB	IC7610	100	Krefeld	JO31HI	FD4	\N	\N	\N	2022-01-03 16:58:31+00	\N	\N
2022-01-03 21:11:30+00	2022-01-03 21:12:30+00	R22HNY	UA	3.574739	FT8	-24	-10	\N	\N	\N	\N	KO86	\N	\N	\N	DF7CB	IC7610	100	Krefeld	JO31HI	FD4	\N	\N	\N	2022-01-03 21:12:34+00	\N	\N
2022-01-03 21:13:00+00	2022-01-03 21:14:00+00	TA1CQ	TA1	3.574739	FT8	-10	-21	\N	\N	\N	\N	KN41HA	\N	\N	\N	DF7CB	IC7610	100	Krefeld	JO31HI	FD4	\N	\N	{"cqz": "20", "ituz": "39", "lotw": true}	2022-01-04 15:48:07+00	\N	\N
2022-01-03 21:18:15+00	2022-01-03 21:18:15+00	4O7CC	4O	3.574300	FT8	-22	-24	\N	\N	\N	\N	JN92KG	\N	\N	\N	DF7CB	IC7610	100	Krefeld	JO31HI	FD4	\N	\N	{"cqz": "15", "ituz": "28", "lotw": true}	2022-01-13 15:48:05+00	\N	\N
2022-01-03 21:19:30+00	2022-01-03 21:20:30+00	CT1EFT	CT	3.575231	FT8	-19	-17	\N	\N	\N	\N	IN51PE	\N	\N	\N	DF7CB	IC7610	100	Krefeld	JO31HI	FD4	\N	\N	{"cqz": "14", "ituz": "37", "lotw": true}	2022-01-04 15:48:07+00	\N	\N
2022-01-03 21:58:00+00	2022-01-03 21:59:00+00	E77SH	E7	7.074922	FT8	+07	-22	\N	\N	\N	\N	JN83	\N	\N	\N	DF7CB	IC7610	100	Krefeld	JO31HI	FD4	\N	\N	{"cqz": "15", "ituz": "28", "lotw": true}	2022-01-08 10:10:23+00	\N	\N
2022-01-03 22:04:45+00	2022-01-03 22:05:45+00	OZ7TN	OZ	7.075080	FT8	-21	-13	\N	\N	\N	\N	JO65	\N	\N	\N	DF7CB	IC7610	100	Krefeld	JO31HI	FD4	\N	\N	\N	2022-01-03 22:05:48+00	\N	\N
2022-01-04 19:22:45+00	2022-01-04 19:23:45+00	MM0CJT	GM	7.076238	FT8	-07	-07	\N	\N	\N	\N	IO85KW	\N	\N	\N	DF7CB	IC7610	100	Krefeld	JO31HI	FD4	\N	\N	{"cqz": "14", "ituz": "27", "lotw": true}	2022-01-08 10:10:23+00	\N	\N
2022-01-04 19:28:30+00	2022-01-04 19:29:30+00	F5RRS	F	7.076126	FT8	-06	-09	\N	\N	\N	\N	JN36EB	\N	\N	\N	DF7CB	IC7610	100	Krefeld	JO31HI	FD4	\N	\N	{"cqz": "14", "ituz": "27", "lotw": true}	2022-01-08 10:10:23+00	\N	\N
2022-01-04 19:43:15+00	2022-01-04 19:44:30+00	EC1ABR	EA	7.076242	FT8	-09	-12	\N	\N	\N	\N	IN52	\N	\N	\N	DF7CB	IC7610	100	Krefeld	JO31HI	FD4	\N	\N	\N	2022-01-04 19:44:34+00	\N	\N
2022-01-04 19:45:30+00	2022-01-04 19:47:00+00	UT2IP	UR	7.076242	FT8	-10	-10	\N	\N	\N	\N	KN88WB	\N	\N	\N	DF7CB	IC7610	100	Krefeld	JO31HI	FD4	\N	\N	{"cqz": "16", "ituz": "29", "lotw": true}	2022-01-11 15:48:06+00	\N	\N
2022-01-04 19:55:30+00	2022-01-04 19:57:00+00	F8DVC	F	7.076383	FT8	-17	-04	\N	\N	\N	\N	JN04	\N	\N	\N	DF7CB	IC7610	100	Krefeld	JO31HI	FD4	\N	\N	\N	2022-01-04 19:57:02+00	\N	\N
2022-01-04 20:25:00+00	2022-01-04 20:26:00+00	EA7KQP	EA	7.076203	FT8	-01	-16	\N	\N	\N	\N	IM77BJ	\N	\N	\N	DF7CB	IC7610	100	Krefeld	JO31HI	FD4	\N	\N	{"cqz": "14", "ituz": "37", "lotw": true}	2022-01-08 10:10:23+00	\N	\N
2022-01-04 21:06:30+00	2022-01-04 21:07:30+00	CT7ABD	CT	7.075893	FT8	-15	-07	\N	\N	\N	\N	IM58KP	\N	\N	\N	DF7CB	IC7610	100	Krefeld	JO31HI	FD4	\N	\N	{"cqz": "14", "ituz": "37", "lotw": true}	2022-01-08 10:10:23+00	\N	\N
2022-01-05 20:32:30+00	2022-01-05 20:33:30+00	DK4RH	DL	3.575618	FT8	+02	+01	\N	\N	\N	\N	JO31MB	\N	\N	\N	DF7CB	IC7610	100	Krefeld	JO31HI	FD4	\N	\N	{"cqz": "14", "ituz": "28", "lotw": true}	2022-01-08 10:10:23+00	\N	\N
2022-01-05 20:34:45+00	2022-01-05 20:36:30+00	DO1LAM	DL	3.575618	FT8	-10	+00	\N	\N	\N	\N	JN39	\N	\N	\N	DF7CB	IC7610	100	Krefeld	JO31HI	FD4	\N	\N	\N	2022-01-05 20:36:33+00	\N	\N
2022-01-05 20:38:45+00	2022-01-05 20:39:45+00	DL2VEL	DL	3.575552	FT8	-08	+11	\N	\N	\N	\N	JN37	\N	\N	\N	DF7CB	IC7610	100	Krefeld	JO31HI	FD4	\N	\N	\N	2022-01-05 20:39:49+00	\N	\N
2022-01-05 21:04:00+00	2022-01-05 21:05:00+00	OZ0JD	OZ	3.575049	FT8	+05	-11	\N	\N	\N	\N	JO47XA	\N	\N	\N	DF7CB	IC7610	100	Krefeld	JO31HI	FD4	\N	\N	{"cqz": "14", "ituz": "18", "lotw": true}	2022-01-17 15:48:08+00	\N	\N
2022-01-05 21:17:15+00	2022-01-05 21:18:45+00	F1TIO	F	3.574260	FT8	-03	-12	\N	\N	\N	\N	IN87IT	\N	\N	\N	DF7CB	IC7610	100	Krefeld	JO31HI	FD4	\N	\N	{"cqz": "14", "ituz": "27", "lotw": true}	2022-01-08 10:10:23+00	\N	\N
2022-01-05 21:26:15+00	2022-01-05 21:27:15+00	F5LOW	F	3.574311	FT8	-09	-07	\N	\N	\N	\N	IN95	\N	\N	\N	DF7CB	IC7610	100	Krefeld	JO31HI	FD4	\N	\N	\N	2022-01-05 21:27:17+00	\N	\N
2022-01-05 21:29:15+00	2022-01-05 21:30:15+00	MD0CCE	GD	3.574311	FT8	+08	+00	\N	\N	\N	\N	IO74TI	\N	\N	\N	DF7CB	IC7610	100	Krefeld	JO31HI	FD4	\N	\N	{"cqz": "14", "iota": "EU-116", "ituz": "27", "lotw": true}	2022-01-08 10:10:23+00	\N	\N
2022-01-06 08:01:45+00	2022-01-06 08:02:45+00	EA9ACD	EA9	14.076328	FT8	-14	-15	\N	\N	\N	\N	IM75	\N	\N	\N	DF7CB	IC7610	100	Krefeld	JO31HI	FD4	\N	\N	\N	2022-01-06 08:02:48+00	\N	\N
2022-01-06 08:03:15+00	2022-01-06 08:04:15+00	R0SAU	UA9	14.076328	FT8	+04	-07	\N	\N	\N	\N	OO04	\N	\N	\N	DF7CB	IC7610	100	Krefeld	JO31HI	FD4	\N	\N	\N	2022-01-06 08:04:18+00	\N	\N
2022-01-06 08:04:15+00	2022-01-06 08:05:15+00	RK4FF	UA	14.076328	FT8	+11	-02	\N	\N	\N	\N	LO23LE	\N	\N	\N	DF7CB	IC7610	100	Krefeld	JO31HI	FD4	\N	\N	{"lotw": true}	2022-01-08 10:10:23+00	\N	\N
2022-01-06 08:12:00+00	\N	TZ4AM	TZ	18.0683	CW	599	579	N	N	\N	\N	IK52XO	\N	\N	\N	DF7CB	IC7610	100	Krefeld	JO31HI	FD4	\N	\N	{"cqz": "35", "ituz": "46", "lotw": true}	2022-01-23 15:48:06+00	\N	\N
2022-01-06 08:33:30+00	2022-01-06 08:35:02+00	PA4CC	PA	18.101095	FT8	-16	-24	\N	\N	\N	\N	JO32BH	\N	\N	\N	DF7CB	IC7610	100	Krefeld	JO31HI	FD4	\N	\N	{"cqz": "14", "ituz": "27", "lotw": true}	2022-01-10 22:05:48+00	\N	\N
2022-01-06 16:50:30+00	2022-01-06 16:52:00+00	CT1EFT	CT	7.075906	FT8	-01	-04	\N	\N	\N	\N	IN51PE	\N	\N	\N	DF7CB	IC7610	100	Krefeld	JO31HI	FD4	\N	\N	{"cqz": "14", "ituz": "37", "lotw": true}	2022-01-08 10:10:23+00	\N	\N
2022-01-06 17:02:30+00	2022-01-06 17:03:30+00	EA3ENR	EA	7.074632	FT8	+08	-04	\N	\N	\N	\N	JN12HA	\N	\N	\N	DF7CB	IC7610	100	Krefeld	JO31HI	FD4	\N	\N	{"cqz": "14", "ituz": "37", "lotw": true}	2022-01-08 10:10:23+00	\N	\N
2022-01-07 18:44:15+00	2022-01-07 18:45:15+00	OK2BGB	OK	10.137640	FT8	-09	-05	\N	\N	\N	\N	JN89	\N	\N	\N	DF7CB	IC7610	100	Krefeld	JO31HI	FD4	\N	\N	\N	2022-01-07 18:45:19+00	\N	\N
2022-01-07 18:46:45+00	2022-01-07 18:48:15+00	LZ1QV	LZ	10.137640	FT8	-14	-08	\N	\N	\N	\N	KN32	\N	\N	\N	DF7CB	IC7610	100	Krefeld	JO31HI	FD4	\N	\N	\N	2022-01-07 18:48:17+00	\N	\N
2022-01-07 19:24:15+00	2022-01-07 19:25:15+00	VK6ML	VK	10.138206	FT8	-13	-17	\N	\N	\N	\N	OF88AG01	\N	\N	\N	DF7CB	IC7610	100	Krefeld	JO31HI	FD4	\N	\N	{"cqz": "29", "ituz": "58", "lotw": true}	2022-01-08 10:10:23+00	\N	\N
2022-01-07 19:26:00+00	2022-01-07 19:27:00+00	IU3BXP	I	10.138206	FT8	+08	+10	\N	\N	\N	\N	JN65BN	\N	\N	\N	DF7CB	IC7610	100	Krefeld	JO31HI	FD4	\N	\N	{"cqz": "15", "ituz": "28", "lotw": true}	2022-01-08 15:48:04+00	\N	\N
2022-01-07 19:32:15+00	2022-01-07 19:33:15+00	UT7UV	UR	7.075636	FT8	-03	-13	\N	\N	\N	\N	KO40VK	\N	\N	\N	DF7CB	IC7610	100	Krefeld	JO31HI	FD4	\N	\N	{"cqz": "16", "ituz": "29", "lotw": true}	2022-01-17 07:56:25+00	\N	\N
2022-01-07 20:32:00+00	2022-01-07 20:34:00+00	UT5UGR	UR	7.076480	FT8	+01	+00	\N	\N	\N	\N	KO50	\N	\N	\N	DF7CB	IC7610	100	Krefeld	JO31HI	FD4	\N	\N	\N	2022-01-07 20:34:02+00	\N	\N
2022-01-08 10:20:00+00	2022-01-08 10:21:00+00	5B4AMM	5B	21.076143	FT8	+00	+06	\N	\N	\N	\N	KM65	\N	\N	\N	DF7CB	IC7610	100	Krefeld	JO31HI	FD4	\N	\N	{"cqz": "20", "ituz": "39", "lotw": true}	2022-01-24 15:48:06+00	\N	\N
2022-01-08 10:40:00+00	2022-01-08 10:41:00+00	4L8A	4L	21.076201	FT8	+06	+02	\N	\N	\N	\N	LN21	\N	\N	\N	DF7CB	IC7610	100	Krefeld	JO31HI	FD4	\N	\N	\N	2022-01-08 10:49:16+00	\N	\N
2022-01-09 09:14:00+00	\N	DL5JQ	DL	28.0273	CW	599001 R10	599008 R25	\N	\N	\N	\N	JO31CQ	R25	DARC 10m Contest	\N	DF7CB	IC7610	100	Krefeld	JO31HI	FD4	\N	\N	{"cqz": "14", "ituz": "28", "lotw": true}	2022-01-09 15:48:06+00	\N	\N
2022-01-09 09:18:00+00	\N	DF4PD	DL	28.0155	CW	599002 R10	599017 G23	\N	\N	\N	\N	\N	G23	DARC 10m Contest	\N	DF7CB	IC7610	100	Krefeld	JO31HI	FD4	\N	\N	\N	2022-01-09 11:19:27+00	\N	\N
2022-01-09 09:20:00+00	\N	OH6AC	OH	28.0471	CW	599003 R10	599033	\N	\N	\N	\N	KP12LW	\N	DARC 10m Contest	\N	DF7CB	IC7610	100	Krefeld	JO31HI	FD4	\N	\N	{"cqz": "15", "ituz": "18", "lotw": true}	2022-01-09 15:48:06+00	\N	\N
2022-01-09 09:22:00+00	\N	DF7JC	DL	28.0241	CW	599004 R10	599009 R02	\N	\N	\N	\N	JO31LH	R02	DARC 10m Contest	\N	DF7CB	IC7610	100	Krefeld	JO31HI	FD4	\N	\N	{"cqz": "14", "ituz": "28", "lotw": true}	2022-01-10 15:48:05+00	\N	\N
2022-01-09 09:23:00+00	\N	DM4MN	DL	28.014	CW	599005 R10	599018 R03	\N	\N	\N	\N	\N	R03	DARC 10m Contest	\N	DF7CB	IC7610	100	Krefeld	JO31HI	FD4	\N	\N	\N	2022-01-09 11:19:27+00	\N	\N
2022-01-09 09:32:00+00	\N	DJ4GJ	DL	28.0261	CW	599006 R10	599021 G26	\N	\N	\N	\N	\N	G26	DARC 10m Contest	\N	DF7CB	IC7610	100	Krefeld	JO31HI	FD4	\N	\N	\N	2022-01-09 11:19:27+00	\N	\N
2022-01-09 09:33:00+00	\N	DF1LON	DL	28.0294	CW	599007 R10	599016 R11	\N	\N	\N	\N	JO31HG	R11	DARC 10m Contest	\N	DF7CB	IC7610	100	Krefeld	JO31HI	FD4	\N	\N	{"cqz": "14", "ituz": "28", "lotw": true}	2022-01-09 15:48:06+00	\N	\N
2022-01-09 09:35:00+00	\N	RL4A	UA	28.0306	CW	599008 R10	599092	\N	\N	\N	\N	\N	\N	DARC 10m Contest	\N	DF7CB	IC7610	100	Krefeld	JO31HI	FD4	\N	\N	\N	2022-01-09 11:19:27+00	\N	\N
2022-01-09 09:48:00+00	\N	DD2AW	DL	28.0165	CW	599009 R10	599014 R01	\N	\N	\N	\N	JO31IF	R01	DARC 10m Contest	\N	DF7CB	IC7610	100	Krefeld	JO31HI	FD4	\N	\N	{"cqz": "14", "ituz": "28", "lotw": true}	2022-01-09 15:48:06+00	\N	\N
2022-01-09 10:12:00+00	\N	DL4DZ	DL	28.0122	CW	599010 R10	599020 O04	\N	\N	\N	\N	JO31GE	O04	DARC 10m Contest	\N	DF7CB	IC7610	100	Krefeld	JO31HI	FD4	\N	\N	{"cqz": "14", "ituz": "28", "lotw": true}	2022-01-09 15:48:06+00	\N	\N
2022-01-09 10:13:00+00	\N	RA3AN	UA	28.0158	CW	599011 R10	599046	\N	\N	\N	\N	\N	\N	DARC 10m Contest	\N	DF7CB	IC7610	100	Krefeld	JO31HI	FD4	\N	\N	\N	2022-01-09 11:19:27+00	\N	\N
2022-01-09 10:24:00+00	\N	DL0CK	DL	28.0269	CW	599012 R10	599026 R04	\N	\N	\N	\N	JO31LE	R04	DARC 10m Contest	\N	DF7CB	IC7610	100	Krefeld	JO31HI	FD4	\N	\N	{"cqz": "14", "ituz": "28", "lotw": true}	2022-01-10 15:48:05+00	\N	\N
2022-01-09 10:31:00+00	\N	DF1DT	DL	28.0162	CW	599013 R10	599026 O04	\N	\N	\N	\N	\N	O04	DARC 10m Contest	\N	DF7CB	IC7610	100	Krefeld	JO31HI	FD4	\N	\N	\N	2022-01-09 11:19:27+00	\N	\N
2022-01-09 10:31:30+00	\N	DF2XG	DL	28.0162	CW	599014 R10	599012 R05	\N	\N	\N	\N	JO31FJ	R05	DARC 10m Contest	\N	DF7CB	IC7610	100	Krefeld	JO31HI	FD4	\N	\N	{"cqz": "14", "ituz": "28", "lotw": true}	2022-01-09 15:48:06+00	\N	\N
2022-01-09 10:33:00+00	\N	DL1EKO	DL	28.0162	CW	599015 R10	599027 R11	\N	\N	\N	\N	\N	R11	DARC 10m Contest	\N	DF7CB	IC7610	100	Krefeld	JO31HI	FD4	\N	\N	\N	2022-01-09 11:19:27+00	\N	\N
2022-01-09 10:36:00+00	\N	DL1FMG	DL	28.0162	CW	599016 R10	599001 F52	\N	\N	\N	\N	\N	F52	DARC 10m Contest	\N	DF7CB	IC7610	100	Krefeld	JO31HI	FD4	\N	\N	\N	2022-01-09 11:19:27+00	\N	\N
2022-01-09 10:41:00+00	\N	DL2YDS	DL	28.0162	CW	599017 R10	599032 N16	\N	\N	\N	\N	\N	N16	DARC 10m Contest	\N	DF7CB	IC7610	100	Krefeld	JO31HI	FD4	\N	\N	\N	2022-01-09 11:19:27+00	\N	\N
2022-01-09 10:44:00+00	\N	DK5KK	DL	28.0254	CW	599018 R10	599096 L05	\N	\N	\N	\N	JO31LL	L05	DARC 10m Contest	\N	DF7CB	IC7610	100	Krefeld	JO31HI	FD4	\N	\N	{"cqz": "14", "ituz": "28", "lotw": true}	2022-01-09 15:48:06+00	\N	\N
2022-01-09 10:45:00+00	\N	DL4QB	DL	28.031	CW	599019 R10	599068 N29	\N	\N	\N	\N	\N	N29	DARC 10m Contest	\N	DF7CB	IC7610	100	Krefeld	JO31HI	FD4	\N	\N	\N	2022-01-09 11:19:27+00	\N	\N
2022-01-09 11:58:00+00	2022-01-09 11:59:00+00	DO4EF	DL	28.074441	FT8	+24	+21	\N	\N	\N	\N	JO31	\N	\N	\N	DF7CB	IC7610	100	Krefeld	JO31HI	FD4	\N	\N	\N	2022-01-09 11:59:17+00	\N	\N
2022-01-09 21:00:00+00	2022-01-09 21:01:00+00	CT2GZE	CT	14.075524	FT8	+05	+00	\N	\N	\N	\N	IM59	\N	\N	\N	DF7CB	IC7610	100	Krefeld	JO31HI	FD4	\N	\N	{"cqz": "14", "ituz": "37", "lotw": true}	2022-01-24 15:48:06+00	\N	\N
2022-01-09 21:31:15+00	2022-01-09 21:33:15+00	M7EMH	G	10.137871	FT8	-08	-05	\N	\N	\N	\N	IO81	\N	\N	\N	DF7CB	IC7610	100	Krefeld	JO31HI	FD4	\N	\N	\N	2022-01-09 21:33:18+00	\N	\N
2022-01-09 22:36:30+00	2022-01-09 22:37:30+00	EA8B	EA8	10.137818	FT8	-08	-16	\N	\N	\N	\N	IL38CW	\N	\N	\N	DF7CB	IC7610	100	Krefeld	JO31HI	FD4	\N	\N	{"cqz": "33", "iota": "AF-004", "ituz": "36", "lotw": true}	2022-01-11 07:46:15+00	\N	\N
2022-01-10 16:38:00+00	\N	OH1SIC	OH	7.0338	CW	599001	599013	\N	\N	\N	\N	\N	\N	OK1WC Memorial Contest	\N	DF7CB	IC7610	100	Krefeld	JO31HI	FD4	\N	\N	\N	2022-01-10 17:45:17+00	\N	\N
2022-01-10 16:38:30+00	\N	SM5IMO	SM	7.0326	CW	599002	599020	\N	\N	\N	\N	\N	\N	OK1WC Memorial Contest	\N	DF7CB	IC7610	100	Krefeld	JO31HI	FD4	\N	\N	\N	2022-01-10 17:45:17+00	\N	\N
2022-01-10 16:39:00+00	\N	II6WRTC	I	7.032	CW	599003	5991	\N	\N	\N	\N	\N	\N	OK1WC Memorial Contest	\N	DF7CB	IC7610	100	Krefeld	JO31HI	FD4	\N	\N	\N	2022-01-10 17:45:17+00	\N	\N
2022-01-10 16:41:00+00	\N	SM5ACQ	SM	7.0279	CW	599004	599026	\N	\N	\N	\N	\N	\N	OK1WC Memorial Contest	\N	DF7CB	IC7610	100	Krefeld	JO31HI	FD4	\N	\N	\N	2022-01-10 17:45:17+00	\N	\N
2022-01-10 16:41:30+00	\N	SM9X	SM	7.027	CW	599005	599023	\N	\N	\N	\N	\N	\N	OK1WC Memorial Contest	\N	DF7CB	IC7610	100	Krefeld	JO31HI	FD4	\N	\N	\N	2022-01-10 17:45:17+00	\N	\N
2022-01-10 16:44:00+00	\N	SD1A	SM	7.024	CW	599006	599017	\N	\N	\N	\N	JO97DP	\N	OK1WC Memorial Contest	\N	DF7CB	IC7610	100	Krefeld	JO31HI	FD4	\N	\N	{"cqz": "14", "iota": "EU-020", "ituz": "18", "lotw": true}	2022-01-11 07:46:15+00	\N	\N
2022-01-10 16:44:30+00	\N	SM6M	SM	7.0233	CW	599007	599033	\N	\N	\N	\N	\N	\N	OK1WC Memorial Contest	\N	DF7CB	IC7610	100	Krefeld	JO31HI	FD4	\N	\N	\N	2022-01-10 17:45:17+00	\N	\N
2022-01-10 16:45:00+00	\N	SM6S	SM	7.0191	CW	599008	599014	\N	\N	\N	\N	\N	\N	OK1WC Memorial Contest	\N	DF7CB	IC7610	100	Krefeld	JO31HI	FD4	\N	\N	{"cqz": "14", "ituz": "18", "lotw": true}	2022-01-11 07:46:15+00	\N	\N
2022-01-10 16:46:00+00	\N	EA3X	EA	7.0265	CW	599009	599037	\N	\N	\N	\N	\N	\N	OK1WC Memorial Contest	\N	DF7CB	IC7610	100	Krefeld	JO31HI	FD4	\N	\N	\N	2022-01-10 17:45:17+00	\N	\N
2022-01-10 16:47:00+00	\N	II8WRTC	I	7.038	CW	599010	5991	\N	\N	\N	\N	\N	\N	OK1WC Memorial Contest	\N	DF7CB	IC7610	100	Krefeld	JO31HI	FD4	\N	\N	\N	2022-01-10 17:45:17+00	\N	\N
2022-01-10 16:49:00+00	\N	SM5DXR	SM	7.0334	CW	599011	599017	\N	\N	\N	\N	\N	\N	OK1WC Memorial Contest	\N	DF7CB	IC7610	100	Krefeld	JO31HI	FD4	\N	\N	\N	2022-01-10 17:45:17+00	\N	\N
2022-01-10 16:51:00+00	\N	OM3WZ	OM	7.0275	CW	599012	599010	\N	\N	\N	\N	\N	\N	OK1WC Memorial Contest	\N	DF7CB	IC7610	100	Krefeld	JO31HI	FD4	\N	\N	\N	2022-01-10 17:45:17+00	\N	\N
2022-01-10 16:53:00+00	\N	II5WRTC	I	7.026	CW	599013	5991	\N	\N	\N	\N	\N	\N	OK1WC Memorial Contest	\N	DF7CB	IC7610	100	Krefeld	JO31HI	FD4	\N	\N	\N	2022-01-10 17:45:17+00	\N	\N
2022-01-10 17:01:00+00	\N	DL5YL	DL	3.5256	CW	599014	599051	\N	\N	\N	\N	\N	\N	OK1WC Memorial Contest	\N	DF7CB	IC7610	100	Krefeld	JO31HI	FD4	\N	\N	\N	2022-01-10 17:45:17+00	\N	\N
2022-01-10 17:02:00+00	\N	DL8QS	DL	3.5375	CW	599015	599047	\N	\N	\N	\N	\N	\N	OK1WC Memorial Contest	\N	DF7CB	IC7610	100	Krefeld	JO31HI	FD4	\N	\N	\N	2022-01-10 17:45:17+00	\N	\N
2022-01-10 17:02:30+00	\N	OK1TN	OK	3.5371	CW	599016	599063	\N	\N	\N	\N	\N	\N	OK1WC Memorial Contest	\N	DF7CB	IC7610	100	Krefeld	JO31HI	FD4	\N	\N	\N	2022-01-10 17:45:17+00	\N	\N
2022-01-10 17:04:00+00	\N	OK1FMX	OK	3.5358	CW	599017	599043	\N	\N	\N	\N	\N	\N	OK1WC Memorial Contest	\N	DF7CB	IC7610	100	Krefeld	JO31HI	FD4	\N	\N	\N	2022-01-10 17:45:17+00	\N	\N
2022-01-10 17:06:00+00	\N	OK1RR	OK	3.5342	CW	599018	599069	\N	\N	\N	\N	JO70FB	\N	OK1WC Memorial Contest	\N	DF7CB	IC7610	100	Krefeld	JO31HI	FD4	\N	\N	{"cqz": "15", "ituz": "28", "lotw": true}	2022-01-11 07:46:15+00	\N	\N
2022-01-10 17:07:00+00	\N	OK1RZ	OK	3.5336	CW	599019	599073	\N	\N	\N	\N	\N	\N	OK1WC Memorial Contest	\N	DF7CB	IC7610	100	Krefeld	JO31HI	FD4	\N	\N	\N	2022-01-10 17:45:17+00	\N	\N
2022-01-10 17:08:00+00	\N	ON75LLV	ON	3.5324	CW	599020	5991	\N	\N	\N	\N	JO20	\N	OK1WC Memorial Contest	\N	DF7CB	IC7610	100	Krefeld	JO31HI	FD4	\N	\N	{"cqz": "14", "ituz": "27", "lotw": true}	2022-01-11 07:46:15+00	\N	\N
2022-01-10 17:09:00+00	\N	DF4XX	DL	3.5307	CW	599021	599069	\N	\N	\N	\N	JO53CN	\N	OK1WC Memorial Contest	\N	DF7CB	IC7610	100	Krefeld	JO31HI	FD4	\N	\N	{"cqz": "14", "ituz": "28", "lotw": true}	2022-01-14 15:48:06+00	\N	\N
2022-01-10 17:11:00+00	\N	OL1T	OK	3.546	CW	599022	599071	\N	\N	\N	\N	JN69NO	\N	OK1WC Memorial Contest	\N	DF7CB	IC7610	100	Krefeld	JO31HI	FD4	\N	\N	{"cqz": "15", "ituz": "28", "lotw": true}	2022-01-11 07:46:15+00	\N	\N
2022-01-10 17:13:00+00	\N	SD6M	SM	3.5436	CW	599023	599053	\N	\N	\N	\N	\N	\N	OK1WC Memorial Contest	\N	DF7CB	IC7610	100	Krefeld	JO31HI	FD4	\N	\N	\N	2022-01-10 17:45:17+00	\N	\N
2022-01-10 17:13:30+00	\N	DL6MHW	DL	3.542	CW	599024	599053	\N	\N	\N	\N	\N	\N	OK1WC Memorial Contest	\N	DF7CB	IC7610	100	Krefeld	JO31HI	FD4	\N	\N	\N	2022-01-10 17:45:17+00	\N	\N
2022-01-10 20:22:30+00	2022-01-10 20:23:30+00	UT3GP	UR	7.076102	FT8	-01	-07	\N	\N	\N	\N	KN66	\N	\N	\N	DF7CB	IC7610	100	Krefeld	JO31HI	FD4	\N	\N	\N	2022-01-10 20:23:33+00	\N	\N
2022-01-10 21:24:45+00	2022-01-10 21:25:45+00	DG1RTV	DL	2400.042575	FT8	+04	-03	\N	\N	\N	\N	JO62	\N	\N	\N	DF7CB	LimeSDR	1	Krefeld	JO31HI	1m dish	QO100	\N	\N	2022-01-10 21:25:47+00	\N	\N
2022-01-10 21:26:45+00	2022-01-10 21:27:15+00	SP2HPD	SP	2400.042575	FT8	+03	-10	\N	\N	\N	\N	JO94JC	\N	\N	\N	DF7CB	LimeSDR	1	Krefeld	JO31HI	1m dish	QO100	\N	{"cqz": "15", "ituz": "28", "lotw": true}	2022-01-11 07:46:15+00	\N	\N
2022-01-10 21:27:30+00	2022-01-10 21:28:15+00	DF6DBF	DL	2400.042575	FT8	+03	+01	\N	\N	\N	\N	JO31SI	\N	\N	\N	DF7CB	LimeSDR	1	Krefeld	JO31HI	1m dish	QO100	\N	{"cqz": "14", "ituz": "28", "lotw": true}	2022-01-12 07:49:37+00	\N	\N
2022-01-10 21:30:00+00	2022-01-10 21:30:45+00	DL0NOT	DL	2400.042575	FT8	+03	+04	\N	\N	\N	\N	JO40	\N	\N	\N	DF7CB	LimeSDR	1	Krefeld	JO31HI	1m dish	QO100	\N	\N	2022-01-10 21:30:49+00	\N	\N
2022-01-10 21:32:00+00	2022-01-10 21:32:45+00	DL9AJ	DL	2400.042575	FT8	+00	+14	\N	\N	\N	\N	JO52CJ	\N	\N	\N	DF7CB	LimeSDR	1	Krefeld	JO31HI	1m dish	QO100	\N	{"cqz": "14", "ituz": "28", "lotw": true}	2022-01-24 15:48:06+00	\N	\N
2022-01-10 21:51:45+00	2022-01-10 21:52:45+00	DL8MKG	DL	2400.042575	FT8	+04	-02	\N	\N	\N	\N	JO52	\N	\N	\N	DF7CB	LimeSDR	1	Krefeld	JO31HI	1m dish	QO100	\N	\N	2022-01-10 21:52:51+00	\N	\N
2022-01-10 21:57:00+00	2022-01-10 22:00:20+00	YL2RN	YL	2400.042575	FT8	-01	+08	\N	\N	\N	\N	KO26CJ	\N	\N	\N	DF7CB	LimeSDR	1	Krefeld	JO31HI	1m dish	QO100	\N	{"cqz": "15", "ituz": "29", "lotw": true}	2022-01-11 07:46:15+00	\N	\N
2022-01-10 22:08:30+00	2022-01-10 22:09:30+00	EB3JT	EA	2400.041718	FT8	+05	+13	\N	\N	\N	\N	JN01UI	\N	\N	\N	DF7CB	LimeSDR	1	Krefeld	JO31HI	1m dish	QO100	\N	{"cqz": "14", "ituz": "37", "lotw": true}	2022-01-19 15:48:05+00	\N	\N
2022-01-11 07:41:00+00	2022-01-11 07:42:00+00	SP5EXA	SP	2400.041718	FT8	+07	-09	\N	\N	\N	\N	KO02MF	\N	\N	\N	DF7CB	LimeSDR	1	Krefeld	JO31HI	1m dish	QO100	\N	{"cqz": "15", "ituz": "28", "lotw": true}	2022-01-12 07:49:37+00	\N	\N
2022-01-11 07:43:15+00	2022-01-11 07:44:00+00	EA3BT	EA	2400.041718	FT8	+08	-06	\N	\N	\N	\N	JN01	\N	\N	\N	DF7CB	LimeSDR	1	Krefeld	JO31HI	1m dish	QO100	\N	\N	2022-01-11 07:44:03+00	\N	\N
2022-01-11 18:07:45+00	2022-01-11 18:08:15+00	SP6VGJ	SP	2400.041402	FT8	+05	+03	\N	\N	\N	\N	JO81HU	\N	\N	\N	DF7CB	LimeSDR	1	Krefeld	JO31HI	1m dish	QO100	\N	{"cqz": "15", "ituz": "28", "lotw": true}	2022-01-15 15:48:05+00	\N	\N
2022-01-11 18:10:45+00	2022-01-11 18:11:45+00	OH6WD	OH	2400.041378	FT8	-07	+07	\N	\N	\N	\N	KP23	\N	\N	\N	DF7CB	LimeSDR	1	Krefeld	JO31HI	1m dish	QO100	\N	\N	2022-01-11 18:11:48+00	\N	\N
2022-01-11 18:12:15+00	2022-01-11 18:13:15+00	RA9DA	UA9	2400.041378	FT8	+08	+08	\N	\N	\N	\N	MO17	\N	\N	\N	DF7CB	LimeSDR	1	Krefeld	JO31HI	1m dish	QO100	\N	\N	2022-01-11 18:13:18+00	\N	\N
2022-01-11 18:16:15+00	2022-01-11 18:17:15+00	SP9CLQ	SP	2400.041378	FT8	+07	+09	\N	\N	\N	\N	KO00	\N	\N	\N	DF7CB	LimeSDR	1	Krefeld	JO31HI	1m dish	QO100	\N	\N	2022-01-11 18:17:18+00	\N	\N
2022-01-11 18:18:30+00	2022-01-11 18:19:30+00	PP2RON	PY	2400.041378	FT8	+07	-10	\N	\N	\N	\N	GH53JG	\N	\N	\N	DF7CB	LimeSDR	1	Krefeld	JO31HI	1m dish	QO100	\N	{"cqz": "11", "ituz": "13", "lotw": true}	2022-01-12 15:48:07+00	\N	\N
2022-01-11 19:37:30+00	2022-01-11 19:38:30+00	4Z5JJ	4X	2400.041406	FT8	+02	+05	\N	\N	\N	\N	KM71	\N	\N	\N	DF7CB	LimeSDR	1	Krefeld	JO31HI	1m dish	QO100	\N	\N	2022-01-11 19:38:35+00	\N	\N
2022-01-11 19:39:00+00	2022-01-11 19:39:30+00	F4BKV	F	2400.041406	FT8	+01	-11	\N	\N	\N	\N	IN95PP	\N	\N	\N	DF7CB	LimeSDR	1	Krefeld	JO31HI	1m dish	QO100	\N	{"cqz": "14", "ituz": "27", "lotw": true}	2022-01-16 15:48:06+00	\N	\N
2022-01-11 19:44:00+00	2022-01-11 19:45:00+00	R5AO	UA	2400.041999	FT8	-04	+02	\N	\N	\N	\N	KO86VA	\N	\N	\N	DF7CB	LimeSDR	1	Krefeld	JO31HI	1m dish	QO100	\N	{"cqz": "16", "ituz": "29", "lotw": true, "state": "MA"}	2022-01-30 22:18:04+00	\N	\N
2022-01-11 19:46:30+00	2022-01-11 19:47:30+00	PF1B	PA	2400.041999	FT8	-17	-01	\N	\N	\N	\N	JO22	\N	\N	\N	DF7CB	LimeSDR	1	Krefeld	JO31HI	1m dish	QO100	\N	\N	2022-01-11 19:47:32+00	\N	\N
2022-01-11 19:54:15+00	2022-01-11 19:55:15+00	PF0A	PA	2400.041556	FT8	+07	+05	\N	\N	\N	\N	JO22HI	\N	\N	\N	DF7CB	LimeSDR	1	Krefeld	JO31HI	1m dish	QO100	\N	{"cqz": "14", "ituz": "27", "lotw": true}	2022-01-17 07:56:25+00	\N	\N
2022-01-11 20:23:30+00	2022-01-11 20:24:30+00	DL3IAS	DL	2400.041846	FT8	-11	+09	\N	\N	\N	\N	JN49EJ	\N	\N	\N	DF7CB	LimeSDR	1	Krefeld	JO31HI	1m dish	QO100	\N	{"cqz": "14", "ituz": "28", "lotw": true}	2022-01-13 15:48:05+00	\N	\N
2022-01-11 22:12:45+00	2022-01-11 22:13:15+00	DJ7AO	DL	2400.041666	FT8	+00	+03	\N	\N	\N	\N	JO53CQ	\N	\N	\N	DF7CB	LimeSDR	1	Krefeld	JO31HI	1m dish	QO100	\N	{"cqz": "14", "ituz": "28", "lotw": true}	2022-01-12 15:48:07+00	\N	\N
2022-01-12 07:35:15+00	2022-01-12 07:36:15+00	MI0ILE	GI	2400.041666	FT8	+09	+09	\N	\N	\N	\N	IO64XM	\N	\N	\N	DF7CB	LimeSDR	1	Krefeld	JO31HI	1m dish	QO100	\N	{"cqz": "14", "iota": "EU-115", "ituz": "27", "lotw": true}	2022-01-13 21:43:04+00	\N	\N
2022-01-12 07:42:00+00	2022-01-12 07:43:45+00	OM1II	OM	2400.041666	FT8	+03	+02	\N	\N	\N	\N	JN88	\N	\N	\N	DF7CB	LimeSDR	1	Krefeld	JO31HI	1m dish	QO100	\N	\N	2022-01-12 07:43:48+00	\N	\N
2022-01-12 11:51:45+00	2022-01-12 11:52:30+00	EB1AO	EA	2400.041666	FT8	+05	+05	\N	\N	\N	\N	IN52PE	\N	\N	\N	DF7CB	LimeSDR	1	Krefeld	JO31HI	1m dish	QO100	\N	{"cqz": "14", "ituz": "37", "lotw": true}	2022-01-25 15:48:05+00	\N	\N
2022-01-12 12:03:45+00	2022-01-12 12:04:45+00	IU8MHG	I	2400.041666	FT8	+06	-01	\N	\N	\N	\N	JM78	\N	\N	\N	DF7CB	LimeSDR	1	Krefeld	JO31HI	1m dish	QO100	\N	\N	2022-01-12 12:05:19+00	\N	\N
2022-01-12 12:27:15+00	2022-01-12 12:28:45+00	DF1RO	DL	2400.041828	FT8	+03	+08	\N	\N	\N	\N	JN69	\N	\N	\N	DF7CB	LimeSDR	1	Krefeld	JO31HI	1m dish	QO100	\N	\N	2022-01-12 12:28:51+00	\N	\N
2022-01-12 12:56:45+00	2022-01-12 12:57:45+00	PB1HF	PA	2400.041417	FT8	-02	+03	\N	\N	\N	\N	JO20	\N	\N	\N	DF7CB	LimeSDR	1	Krefeld	JO31HI	1m dish	QO100	\N	\N	2022-01-12 12:57:57+00	\N	\N
2022-01-12 12:58:15+00	2022-01-12 12:58:45+00	PA1GYS	PA	2400.041417	FT8	+04	-03	\N	\N	\N	\N	JO22XW	\N	\N	\N	DF7CB	LimeSDR	1	Krefeld	JO31HI	1m dish	QO100	\N	{"cqz": "14", "ituz": "27", "lotw": true}	2022-01-14 15:48:06+00	\N	\N
2022-01-12 14:46:45+00	2022-01-12 14:48:45+00	IW0EHS	I	2400.041226	FT8	+01	-03	\N	\N	\N	\N	JN61	\N	\N	\N	DF7CB	LimeSDR	1	Krefeld	JO31HI	1m dish	QO100	\N	\N	2022-01-12 14:48:48+00	\N	\N
2022-01-12 16:28:00+00	2022-01-12 16:29:00+00	OE3CRD	OE	2400.041226	FT8	+09	+06	\N	\N	\N	\N	JN87	\N	\N	\N	DF7CB	LimeSDR	1	Krefeld	JO31HI	1m dish	QO100	\N	\N	2022-01-12 16:30:54+00	\N	\N
2022-01-12 16:59:15+00	2022-01-12 17:01:15+00	DL2GRC	DL	2400.040949	FT8	-11	-15	\N	\N	\N	\N	JN48KN	\N	\N	\N	DF7CB	LimeSDR	1	Krefeld	JO31HI	1m dish	QO100	\N	{"cqz": "14", "ituz": "28", "lotw": true}	2022-01-17 07:56:25+00	\N	\N
2022-01-12 17:02:15+00	2022-01-12 17:04:45+00	ON75ZTM	ON	2400.041512	FT8	+02	-05	\N	\N	\N	\N	JO10VU	\N	\N	\N	DF7CB	LimeSDR	1	Krefeld	JO31HI	1m dish	QO100	\N	\N	2022-01-12 17:22:26+00	\N	\N
2022-01-12 17:20:00+00	2022-01-12 17:21:00+00	SQ3MZM	SP	2400.041881	FT8	+04	+07	\N	\N	\N	\N	JO72	\N	\N	\N	DF7CB	LimeSDR	1	Krefeld	JO31HI	1m dish	QO100	\N	\N	2022-01-12 17:21:08+00	\N	\N
2022-01-12 17:32:45+00	2022-01-12 17:33:45+00	HB9AOF	HB	2400.041224	FT8	+06	+02	\N	\N	\N	\N	JN36	\N	\N	\N	DF7CB	LimeSDR	1	Krefeld	JO31HI	1m dish	QO100	\N	\N	2022-01-12 17:33:49+00	\N	\N
2022-01-12 17:47:45+00	2022-01-12 17:48:45+00	PS8CW	PY	2400.041224	FT8	+00	-05	\N	\N	\N	\N	GI84OW	\N	\N	\N	DF7CB	LimeSDR	1	Krefeld	JO31HI	1m dish	QO100	\N	{"cqz": "11", "ituz": "13", "lotw": true}	2022-01-14 15:48:06+00	\N	\N
2022-01-12 18:18:30+00	2022-01-12 18:19:30+00	DL1HUF	DL	2400.041567	FT8	+11	+04	\N	\N	\N	\N	JO61	\N	\N	\N	DF7CB	LimeSDR	1	Krefeld	JO31HI	1m dish	QO100	\N	\N	2022-01-12 18:19:32+00	\N	\N
2022-01-12 18:52:00+00	2022-01-12 18:53:00+00	R6YT	UA	2400.041795	FT8	+08	-12	\N	\N	\N	\N	LN04	\N	\N	\N	DF7CB	LimeSDR	1	Krefeld	JO31HI	1m dish	QO100	\N	\N	2022-01-12 18:53:03+00	\N	\N
2022-01-12 19:31:45+00	2022-01-12 19:32:45+00	LX1X	LX	2400.042002	FT8	+02	+03	\N	\N	\N	\N	JN39	\N	\N	\N	DF7CB	LimeSDR	1	Krefeld	JO31HI	1m dish	QO100	\N	\N	2022-01-12 19:32:48+00	\N	\N
2022-01-12 19:54:00+00	2022-01-12 19:55:00+00	TF3VP	TF	2400.041804	FT8	+07	-09	\N	\N	\N	\N	HP94	\N	\N	\N	DF7CB	LimeSDR	1	Krefeld	JO31HI	1m dish	QO100	\N	\N	2022-01-12 19:57:09+00	\N	\N
2022-01-13 11:05:00+00	2022-01-13 11:06:00+00	DK5EW	DL	2400.041606	FT8	+10	-04	\N	\N	\N	\N	JN48MB	\N	\N	\N	DF7CB	LimeSDR	1	Krefeld	JO31HI	1m dish	QO100	\N	{"cqz": "14", "ituz": "28", "lotw": true}	2022-01-14 15:48:06+00	\N	\N
2022-01-13 13:50:00+00	2022-01-13 13:51:00+00	YO2RR	YO	2400.042210	FT8	+08	-08	\N	\N	\N	\N	KN05WQ	\N	\N	\N	DF7CB	LimeSDR	1	Krefeld	JO31HI	1m dish	QO100	\N	{"cqz": "20", "ituz": "28", "lotw": true}	2022-01-14 15:48:06+00	\N	\N
2022-01-13 14:05:30+00	2022-01-13 14:06:30+00	DL2YZ	DL	2400.042210	FT8	-02	-05	\N	\N	\N	\N	JO30TV	\N	\N	\N	DF7CB	LimeSDR	1	Krefeld	JO31HI	1m dish	QO100	\N	{"cqz": "14", "ituz": "28", "lotw": true}	2022-01-14 15:48:06+00	\N	\N
2022-01-13 15:19:00+00	2022-01-13 15:20:00+00	DK6IT	DL	2400.041448	FT8	-04	+11	\N	\N	\N	\N	JO62	\N	\N	\N	DF7CB	LimeSDR	1	Krefeld	JO31HI	1m dish	QO100	\N	\N	2022-01-13 15:20:03+00	\N	\N
2022-01-13 16:14:30+00	2022-01-13 16:15:30+00	DB8TF	DL	2400.041457	FT8	+03	+06	\N	\N	\N	\N	JN48	\N	\N	\N	DF7CB	LimeSDR	1	Krefeld	JO31HI	1m dish	QO100	\N	\N	2022-01-13 16:15:33+00	\N	\N
2022-01-13 19:57:15+00	2022-01-13 19:58:15+00	PY5ZUE	PY	2400.041971	FT8	-12	+07	\N	\N	\N	\N	GG24	\N	\N	\N	DF7CB	LimeSDR	1	Krefeld	JO31HI	1m dish	QO100	\N	\N	2022-01-13 20:08:43+00	\N	\N
2022-01-13 21:37:15+00	2022-01-13 21:38:15+00	SV1FJA	SV	2400.041501	FT8	+05	+00	\N	\N	\N	\N	KM17VW	\N	\N	\N	DF7CB	LimeSDR	1	Krefeld	JO31HI	1m dish	QO100	\N	{"cqz": "20", "ituz": "28", "lotw": true}	2022-01-15 15:48:05+00	\N	\N
2022-01-13 21:38:45+00	2022-01-13 21:39:45+00	DJ7AL	DL	2400.041501	FT8	+07	+04	\N	\N	\N	\N	JO61	\N	\N	\N	DF7CB	LimeSDR	1	Krefeld	JO31HI	1m dish	QO100	\N	\N	2022-01-13 21:39:47+00	\N	\N
2022-01-14 07:52:15+00	2022-01-14 07:53:45+00	GM8BPQ	GM	2400.041354	FT8	+02	+05	\N	\N	\N	\N	IO68	\N	\N	\N	DF7CB	LimeSDR	1	Krefeld	JO31HI	1m dish	QO100	\N	\N	2022-01-14 07:53:48+00	\N	\N
2022-01-14 11:54:30+00	2022-01-14 11:56:30+00	PE1DAB	PA	2400.041160	FT8	+07	-04	\N	\N	\N	\N	JO23	\N	\N	\N	DF7CB	LimeSDR	1	Krefeld	JO31HI	1m dish	QO100	\N	\N	2022-01-14 11:56:35+00	\N	\N
2022-01-14 13:25:30+00	2022-01-14 13:26:30+00	DL1YDT	DL	2400.042083	FT8	+04	+05	\N	\N	\N	\N	JO32	\N	\N	\N	DF7CB	LimeSDR	1	Krefeld	JO31HI	1m dish	QO100	\N	\N	2022-01-14 13:26:58+00	\N	\N
2022-01-14 16:50:45+00	2022-01-14 16:52:15+00	IZ1AJJ	I	2400.041340	FT8	-01	-11	\N	\N	\N	\N	JN44	\N	\N	\N	DF7CB	LimeSDR	1	Krefeld	JO31HI	1m dish	QO100	\N	\N	2022-01-14 16:52:19+00	\N	\N
2022-01-14 17:02:30+00	2022-01-14 17:03:30+00	SA5IKN	SM	2400.041340	FT8	-02	-04	\N	\N	\N	\N	JO89TT	\N	\N	\N	DF7CB	LimeSDR	1	Krefeld	JO31HI	1m dish	QO100	\N	{"cqz": "14", "ituz": "18", "lotw": true}	2022-01-17 15:48:08+00	\N	\N
2022-01-14 18:57:00+00	2022-01-14 18:58:00+00	DL0OVV	DL	2400.041290	FT8	+05	+03	\N	\N	\N	\N	JO31	\N	\N	\N	DF7CB	LimeSDR	1	Krefeld	JO31HI	1m dish	QO100	\N	\N	2022-01-14 18:58:04+00	\N	\N
2022-01-14 19:35:30+00	2022-01-14 19:36:30+00	UA4LCF	UA	2400.041039	FT8	-01	+07	\N	\N	\N	\N	LO44	\N	\N	\N	DF7CB	LimeSDR	1	Krefeld	JO31HI	1m dish	QO100	\N	\N	2022-01-14 19:36:38+00	\N	\N
2022-01-14 19:42:00+00	2022-01-14 19:59:00+00	GW4ZVL	GW	2400.0294	CW	599	599	N	N	Henry	nr Newport	IO81po	\N	\N	\N	DF7CB	LimeSDR	1	Krefeld	JO31HI	1m dish	QO100	\N	\N	2022-01-14 19:59:34+00	\N	\N
2022-01-14 21:03:00+00	2022-01-14 21:08:00+00	PY2PIM	PY	2400.0174	CW	559	599	N	N	Pim	\N	GG67LA	\N	\N	\N	DF7CB	LimeSDR	1	Krefeld	JO31HI	1m dish	QO100	\N	{"cqz": "11", "ituz": "15", "lotw": true}	2022-01-17 15:48:08+00	\N	\N
2022-01-14 21:22:00+00	2022-01-14 21:25:00+00	UA6ATG	UA	2400.0069	CW	559	599	N	N	Sergej	\N	KN94NC	\N	\N	\N	DF7CB	LimeSDR	1	Krefeld	JO31HI	1m dish	QO100	\N	{"cqz": "16", "ituz": "29", "lotw": true, "state": "KR"}	2022-01-17 15:48:08+00	\N	\N
2022-01-15 09:17:00+00	2022-01-15 09:17:45+00	DK3QG	DL	2400.041617	FT8	+04	+03	\N	\N	\N	\N	JN58	\N	\N	\N	DF7CB	LimeSDR	1	Krefeld	JO31HI	1m dish	QO100	\N	\N	2022-01-15 09:17:49+00	\N	\N
2022-01-15 09:18:15+00	2022-01-15 09:19:15+00	UN8PFE	UN	2400.041617	FT8	+05	-11	\N	\N	\N	\N	MO60	\N	\N	\N	DF7CB	LimeSDR	1	Krefeld	JO31HI	1m dish	QO100	\N	\N	2022-01-15 09:19:20+00	\N	\N
2022-01-15 09:25:15+00	2022-01-15 09:26:15+00	OE3JAG	OE	2400.041982	FT8	+08	-03	\N	\N	\N	\N	JN88HH	\N	\N	\N	DF7CB	LimeSDR	1	Krefeld	JO31HI	1m dish	QO100	\N	{"cqz": "15", "ituz": "28", "lotw": true}	2022-01-22 15:48:05+00	\N	\N
2022-01-15 13:12:00+00	2022-01-15 13:15:00+00	S59ACP	S5	2400.0165	CW	559	599	N	N	Dusan	\N	JN75tv	\N	\N	\N	DF7CB	LimeSDR	1	Krefeld	JO31HI	1m dish	QO100	\N	\N	2022-01-15 12:01:20+00	\N	\N
2022-01-15 13:16:00+00	2022-01-15 13:19:00+00	EU2AA	EU	2400.0213	CW	599	599	N	N	Vlad	\N	KO34KI	\N	\N	\N	DF7CB	LimeSDR	1	Krefeld	JO31HI	1m dish	QO100	\N	{"cqz": "16", "ituz": "29", "lotw": true}	2022-01-17 15:48:08+00	\N	\N
2022-01-15 13:22:15+00	2022-01-15 13:23:15+00	SP6AXW	SP	2400.041020	FT8	+06	+10	\N	\N	\N	\N	JO80	\N	\N	\N	DF7CB	LimeSDR	1	Krefeld	JO31HI	1m dish	QO100	\N	\N	2022-01-15 13:23:25+00	\N	\N
2022-01-15 15:39:15+00	2022-01-15 15:40:15+00	RA3DNC	UA	2400.041736	FT8	+05	-02	\N	\N	\N	\N	KO94BU	\N	\N	\N	DF7CB	LimeSDR	1	Krefeld	JO31HI	1m dish	QO100	\N	{"cqz": "16", "ituz": "29", "lotw": true, "state": "MO"}	2022-01-17 15:48:08+00	\N	\N
2022-01-15 15:56:00+00	2022-01-15 16:03:00+00	EB5YF	EA	2400.0234	CW	599	599	N	N	Juan	\N	IM99SL	\N	\N	\N	DF7CB	LimeSDR	1	Krefeld	JO31HI	1m dish	QO100	\N	{"cqz": "14", "ituz": "37", "lotw": true}	2022-01-17 15:48:08+00	\N	\N
2022-01-15 16:27:00+00	2022-01-15 16:28:00+00	A71AE	A7	2400.041901	FT8	-09	+22	\N	\N	\N	\N	LL55	\N	\N	\N	DF7CB	LimeSDR	1	Krefeld	JO31HI	1m dish	QO100	\N	\N	2022-01-15 16:28:04+00	\N	\N
2022-01-15 16:34:15+00	2022-01-15 16:35:15+00	DH1DA	DL	2400.042087	FT8	-11	+06	\N	\N	\N	\N	JN48LF	\N	\N	\N	DF7CB	LimeSDR	1	Krefeld	JO31HI	1m dish	QO100	\N	{"cqz": "14", "ituz": "28", "lotw": true}	2022-01-17 15:48:08+00	\N	\N
2022-01-15 16:45:15+00	2022-01-15 16:46:15+00	F5PZQ	F	2400.042210	FT8	+06	-02	\N	\N	\N	\N	JN19	\N	\N	\N	DF7CB	LimeSDR	1	Krefeld	JO31HI	1m dish	QO100	\N	\N	2022-01-15 16:46:18+00	\N	\N
2022-01-15 16:54:00+00	\N	DB1LZ	DL	145.6125	FM	59 1	59 1	N	N	Stefan	\N	\N	R10	R10-Contest	\N	DF7CB	TM733	5	Krefeld	JO31HI	X200	DB0MG	\N	\N	2022-01-22 22:16:18+00	\N	\N
2022-01-15 17:03:00+00	\N	DK7DE	DL	145.6125	FM	59 2	59 1	N	N	\N	\N	JO31DH	\N	R10-Contest	\N	DF7CB	TM733	5	Krefeld	JO31HI	X200	DB0MG	\N	{"cqz": "14", "ituz": "28", "lotw": true}	2022-01-22 22:16:18+00	\N	\N
2022-01-15 17:19:00+00	2022-01-15 17:22:00+00	DP0GVN	CE9	2400.01	CW	599	599	R	R	Felix	\N	IB59UI	\N	\N	\N	DF7CB	LimeSDR	1	Krefeld	JO31HI	1m dish	QO100	\N	{"cqz": "38", "iota": "AN-016", "ituz": "67", "lotw": true}	2022-01-18 15:48:05+00	\N	\N
2022-01-15 18:36:45+00	2022-01-15 18:37:45+00	EA8AIN	EA8	2400.042263	FT8	+04	+08	\N	\N	\N	\N	IL18	\N	\N	\N	DF7CB	LimeSDR	1	Krefeld	JO31HI	1m dish	QO100	\N	\N	2022-01-15 18:37:49+00	\N	\N
2022-01-15 18:38:30+00	2022-01-15 18:39:30+00	OE2ROL	OE	2400.042263	FT8	+03	+03	\N	\N	\N	\N	JN67	\N	\N	\N	DF7CB	LimeSDR	1	Krefeld	JO31HI	1m dish	QO100	\N	\N	2022-01-15 18:39:39+00	\N	\N
2022-01-15 18:54:00+00	2022-01-15 18:55:00+00	I8JJB	I	2400.040798	FT8	+01	-05	\N	\N	\N	\N	JN71EB	\N	\N	\N	DF7CB	LimeSDR	1	Krefeld	JO31HI	1m dish	QO100	\N	{"cqz": "15", "ituz": "28", "lotw": true}	2022-01-19 15:48:05+00	\N	\N
2022-01-15 19:44:00+00	2022-01-15 19:51:00+00	SP2HPD	SP	2400.0269	CW	599	599	N	N	Adam	\N	JO94JC	\N	\N	\N	DF7CB	LimeSDR	1	Krefeld	JO31HI	1m dish	QO100	\N	{"cqz": "15", "ituz": "28", "lotw": true}	2022-01-17 15:48:08+00	\N	\N
2022-01-15 19:56:00+00	2022-01-15 19:58:00+00	EU7SH	EU	2400.0269	CW	599	599	N	N	\N	\N	\N	\N	\N	\N	DF7CB	LimeSDR	1	Krefeld	JO31HI	1m dish	QO100	\N	\N	2022-01-15 19:52:34+00	\N	\N
2022-01-15 20:29:00+00	\N	DB9DX	DL	145.6125	FM	59 4	59 2	N	N	\N	\N	\N	\N	R10-Contest	\N	DF7CB	TM733	5	Krefeld	JO31HI	X200	DB0MG	\N	\N	2022-01-22 22:16:18+00	\N	\N
2022-01-15 20:29:00+00	\N	DL2UL	DL	145.6125	FM	59 3	59 2	N	N	\N	\N	\N	\N	R10-Contest	\N	DF7CB	TM733	5	Krefeld	JO31HI	X200	DB0MG	\N	\N	2022-01-22 22:16:18+00	\N	\N
2022-01-15 20:30:00+00	\N	DK1GP	DL	145.6125	FM	59 5	59 1	N	N	Guido	\N	JO30JX	G40	R10-Contest	\N	DF7CB	TM733	5	Krefeld	JO31HI	X200	DB0MG	\N	{"cqz": "14", "ituz": "28", "lotw": true}	2022-01-22 22:16:18+00	\N	\N
2022-01-15 20:47:30+00	2022-01-15 20:48:30+00	DK9SF	DL	2400.042419	FT8	+05	-04	\N	\N	\N	\N	JO50	\N	\N	\N	DF7CB	LimeSDR	1	Krefeld	JO31HI	1m dish	QO100	\N	\N	2022-01-15 20:48:33+00	\N	\N
2022-01-15 20:49:00+00	\N	DL1WKM	DL	145.6125	FM	59 6	59 2	N	N	\N	\N	\N	\N	R10-Contest	\N	DF7CB	TM733	5	Krefeld	JO31HI	X200	DB0MG	\N	\N	2022-01-22 22:16:18+00	\N	\N
2022-01-15 20:59:00+00	2022-01-15 21:02:00+00	SA5IKN	SM	2400.013	CW	559	599	N	N	Max	\N	JO89TT	\N	\N	\N	DF7CB	LimeSDR	1	Krefeld	JO31HI	1m dish	QO100	\N	{"cqz": "14", "ituz": "18", "lotw": true}	2022-01-17 15:48:08+00	\N	\N
2022-01-15 21:09:00+00	2022-01-15 21:10:00+00	IS0DCR	IS	2400.041839	FT8	+06	-02	\N	\N	\N	\N	JN40	\N	\N	\N	DF7CB	LimeSDR	1	Krefeld	JO31HI	1m dish	QO100	\N	\N	2022-01-15 21:10:03+00	\N	\N
2022-01-15 21:19:15+00	2022-01-15 21:20:15+00	IZ7AUH	I	2400.041940	FT8	+01	+08	\N	\N	\N	\N	JN80	\N	\N	\N	DF7CB	LimeSDR	1	Krefeld	JO31HI	1m dish	QO100	\N	\N	2022-01-15 21:20:26+00	\N	\N
2022-01-16 10:39:30+00	2022-01-16 10:40:30+00	ON75GNT	ON	2400.041136	FT8	+07	+04	\N	\N	\N	\N	\N	\N	\N	\N	DF7CB	LimeSDR	1	Krefeld	JO31HI	1m dish	QO100	\N	\N	2022-01-16 10:40:35+00	\N	\N
2022-01-16 11:15:00+00	2022-01-16 11:16:00+00	R2APU	UA	2400.041239	FT8	-17	+07	\N	\N	\N	\N	KO95	\N	\N	\N	DF7CB	LimeSDR	1	Krefeld	JO31HI	1m dish	QO100	\N	\N	2022-01-16 11:16:03+00	\N	\N
2022-01-16 11:41:30+00	2022-01-16 11:43:00+00	DJ7WL	DL	2400.042281	FT8	+06	+16	\N	\N	\N	\N	JO53DQ	\N	\N	\N	DF7CB	LimeSDR	1	Krefeld	JO31HI	1m dish	QO100	\N	{"cqz": "14", "ituz": "28", "lotw": true}	2022-01-17 15:48:08+00	\N	\N
2022-01-16 12:05:45+00	2022-01-16 12:07:15+00	GU6EFB	GU	2400.022257	FT8	-01	+06	\N	\N	\N	\N	IN89	\N	\N	\N	DF7CB	LimeSDR	1	Krefeld	JO31HI	1m dish	QO100	\N	\N	2022-01-16 12:07:17+00	\N	\N
2022-01-16 12:08:00+00	2022-01-16 12:09:00+00	DH1VZ	DL	2400.022257	FT8	+03	+08	\N	\N	\N	\N	JN39	\N	\N	\N	DF7CB	LimeSDR	1	Krefeld	JO31HI	1m dish	QO100	\N	\N	2022-01-16 12:09:03+00	\N	\N
2022-01-16 15:01:15+00	2022-01-16 15:02:15+00	SP7MOC	SP	2400.021740	FT8	+06	+03	\N	\N	\N	\N	KO00QX	\N	\N	\N	DF7CB	LimeSDR	1	Krefeld	JO31HI	1m dish	QO100	\N	{"cqz": "15", "ituz": "28", "lotw": true}	2022-01-21 15:48:05+00	\N	\N
2022-01-16 16:18:15+00	2022-01-16 16:19:15+00	R5DT	UA	2400.022481	FT8	+03	-04	\N	\N	\N	\N	KO94NW	\N	\N	\N	DF7CB	LimeSDR	1	Krefeld	JO31HI	1m dish	QO100	\N	{"cqz": "16", "ituz": "29", "lotw": true, "state": "MO"}	2022-01-25 15:48:05+00	\N	\N
2022-01-16 16:21:00+00	2022-01-16 16:22:00+00	HB9EKO	HB	2400.022481	FT8	+09	+04	\N	\N	\N	\N	JN47GM	\N	\N	\N	DF7CB	LimeSDR	1	Krefeld	JO31HI	1m dish	QO100	\N	{"cqz": "14", "ituz": "28", "lotw": true}	2022-01-17 15:48:08+00	\N	\N
2022-01-16 16:34:00+00	2022-01-16 16:38:00+00	PT9AL	PY	2400.0286	CW	599	599	N	N	Andre	\N	GG27OS	\N	\N	\N	DF7CB	LimeSDR	1	Krefeld	JO31HI	1m dish	QO100	\N	{"cqz": "11", "lotw": true}	2022-01-17 15:48:08+00	\N	\N
2022-01-16 16:46:00+00	2022-01-16 16:50:00+00	UR8IP	UR	2400.0172	CW	559	599	N	N	Andrej	\N	KN87SC	\N	\N	\N	DF7CB	LimeSDR	1	Krefeld	JO31HI	1m dish	QO100	\N	{"cqz": "16", "ituz": "29", "lotw": true}	2022-01-18 15:48:05+00	\N	\N
2022-01-16 16:55:30+00	2022-01-16 16:56:30+00	OK1PHU	OK	2400.042312	FT8	-12	+02	\N	\N	\N	\N	JN79XS	\N	\N	\N	DF7CB	LimeSDR	1	Krefeld	JO31HI	1m dish	QO100	\N	{"cqz": "15", "ituz": "28", "lotw": true}	2022-01-17 15:48:08+00	\N	\N
2022-01-16 17:27:30+00	2022-01-16 17:28:30+00	OM0MS	OM	2400.040822	FT8	+05	+12	\N	\N	\N	\N	KN08	\N	\N	\N	DF7CB	LimeSDR	1	Krefeld	JO31HI	1m dish	QO100	\N	\N	2022-01-16 17:28:32+00	\N	\N
2022-01-16 17:42:00+00	2022-01-16 17:51:00+00	DL5SD	DL	2400.02	CW	599	599	N	N	Ernst	nr Berlin	JO62jw	\N	\N	\N	DF7CB	LimeSDR	1	Krefeld	JO31HI	1m dish	QO100	\N	\N	2022-01-16 17:01:45+00	\N	\N
2022-01-16 19:17:00+00	2022-01-16 19:18:00+00	UA1ALD	UA	2400.040980	FT8	-03	+00	\N	\N	\N	\N	KO59	\N	\N	\N	DF7CB	LimeSDR	1	Krefeld	JO31HI	1m dish	QO100	\N	\N	2022-01-16 19:18:05+00	\N	\N
2022-01-16 20:54:00+00	2022-01-16 20:55:00+00	EB3JT	EA	2400.0794	RTTY	599	599	N	N	Jordi	Vilafranca	JN01UI	\N	\N	\N	DF7CB	LimeSDR	1	Krefeld	JO31HI	1m dish	QO100	\N	{"cqz": "14", "ituz": "37", "lotw": true}	2022-01-19 15:48:05+00	\N	\N
2022-01-16 21:47:00+00	2022-01-16 21:51:00+00	S58J	S5	2400.02	CW	599	599	N	N	Janez	\N	JN76GB	\N	\N	\N	DF7CB	LimeSDR	1	Krefeld	JO31HI	1m dish	QO100	\N	{"cqz": "15", "ituz": "28", "lotw": true}	2022-01-19 15:48:05+00	\N	\N
2022-01-17 07:28:00+00	2022-01-17 07:41:00+00	DO1EJK	DL	2400.1199	SSTV	599	599	N	N	\N	\N	JO43AQ	\N	\N	\N	DF7CB	LimeSDR	1	Krefeld	JO31HI	1m dish	QO100	\N	\N	2022-01-17 07:49:29+00	\N	\N
2022-01-17 07:46:45+00	2022-01-17 07:49:00+00	ES2KO	ES	2400.041795	FT8	-02	-07	\N	\N	\N	\N	KO29	\N	\N	\N	DF7CB	LimeSDR	1	Krefeld	JO31HI	1m dish	QO100	\N	\N	2022-01-17 07:49:03+00	\N	\N
2022-01-17 16:10:45+00	2022-01-17 16:11:30+00	SP3AU	SP	2400.041848	FT8	+08	+13	\N	\N	\N	\N	JO71	\N	\N	\N	DF7CB	LimeSDR	1	Krefeld	JO31HI	1m dish	QO100	\N	{"cqz": "15", "ituz": "28", "lotw": true}	2022-01-20 15:48:05+00	\N	\N
2022-01-17 16:38:00+00	2022-01-17 16:39:00+00	IZ8EOB	I	2400.040991	FT8	+04	+02	\N	\N	\N	\N	JN78	\N	\N	\N	DF7CB	LimeSDR	1	Krefeld	JO31HI	1m dish	QO100	\N	\N	2022-01-17 16:39:04+00	\N	\N
2022-01-17 16:50:30+00	2022-01-17 16:51:30+00	DL8MRE	DL	2400.041220	FT8	+05	+04	\N	\N	\N	\N	JO31	\N	\N	\N	DF7CB	LimeSDR	1	Krefeld	JO31HI	1m dish	QO100	\N	\N	2022-01-17 16:53:19+00	\N	\N
2022-01-17 18:41:45+00	2022-01-17 18:43:15+00	R7LP	UA	2400.041103	FT8	+05	-08	\N	\N	\N	\N	KN96UW	\N	\N	\N	DF7CB	LimeSDR	1	Krefeld	JO31HI	1m dish	QO100	\N	{"cqz": "16", "ituz": "29", "lotw": true, "state": "RO"}	2022-01-21 15:48:05+00	\N	\N
2022-01-19 20:22:45+00	2022-01-19 20:23:45+00	DL6SMA	DL	2400.041411	FT8	-02	+05	\N	\N	\N	\N	JN58	\N	\N	\N	DF7CB	LimeSDR	1	Krefeld	JO31HI	1m dish	QO100	\N	\N	2022-01-19 20:23:48+00	\N	\N
2022-01-19 20:25:30+00	2022-01-19 20:25:52+00	DL6SMA	DL	2400.041411	FT4	-02	+01	\N	\N	\N	\N	JN58	\N	\N	1. Gnuradio FT4-QSO	DF7CB	LimeSDR	1	Krefeld	JO31HI	1m dish	QO100	\N	\N	2022-01-19 20:26:13+00	\N	\N
2022-01-19 20:26:38+00	2022-01-19 20:27:24+00	IW9FRA	IT9	2400.041411	FT4	+06	+07	\N	\N	\N	\N	JM68	\N	\N	\N	DF7CB	LimeSDR	1	Krefeld	JO31HI	1m dish	QO100	\N	\N	2022-01-19 20:27:33+00	\N	\N
2022-01-19 20:27:38+00	2022-01-19 20:27:52+00	SP2HPD	SP	2400.041411	FT4	+06	-07	\N	\N	\N	\N	JO94JC	\N	\N	\N	DF7CB	LimeSDR	1	Krefeld	JO31HI	1m dish	QO100	\N	{"cqz": "15", "ituz": "28", "lotw": true}	2022-01-20 15:48:05+00	\N	\N
2022-01-19 20:28:00+00	2022-01-19 20:28:22+00	RA9DA	UA9	2400.041411	FT4	+10	+09	\N	\N	\N	\N	MO17	\N	\N	\N	DF7CB	LimeSDR	1	Krefeld	JO31HI	1m dish	QO100	\N	\N	2022-01-19 20:28:25+00	\N	\N
2022-01-19 22:23:00+00	2022-01-19 22:25:00+00	IW2ILQ	I	2400.230	SSB	59	59	N	N	Fabry	\N	JN45OK	\N	\N	\N	DF7CB	LimeSDR	1	Krefeld	JO31HI	1m dish	QO100	\N	{"cqz": "15", "ituz": "28", "lotw": true}	2022-01-20 15:48:05+00	\N	\N
2022-01-20 16:43:00+00	2022-01-20 16:43:45+00	TK5JJ	TK	2400.041235	FT8	+06	+16	\N	\N	\N	\N	JN42	\N	\N	\N	DF7CB	LimeSDR	1	Krefeld	JO31HI	1m dish	QO100	\N	\N	2022-01-20 16:47:59+00	\N	\N
2022-01-20 17:00:00+00	2022-01-20 17:01:00+00	I8IGS	I	2400.041846	FT8	+08	+10	\N	\N	\N	\N	JM78TC	\N	\N	\N	DF7CB	LimeSDR	1	Krefeld	JO31HI	1m dish	QO100	\N	{"cqz": "15", "ituz": "28", "lotw": true}	2022-01-28 21:18:00+00	\N	\N
2022-01-21 07:38:00+00	2022-01-21 07:39:00+00	4X1KP	4X	2400.041659	FT8	+05	+11	\N	\N	\N	\N	KM71IT	\N	\N	\N	DF7CB	LimeSDR	1	Krefeld	JO31HI	1m dish	QO100	\N	{"cqz": "20", "ituz": "39", "lotw": true}	2022-01-28 21:18:00+00	\N	\N
2022-01-21 08:10:45+00	2022-01-21 08:11:45+00	ON1GL	ON	2400.041723	FT8	+08	+17	\N	\N	\N	\N	JO21FF	\N	\N	\N	DF7CB	LimeSDR	1	Krefeld	JO31HI	1m dish	QO100	\N	{"cqz": "14", "ituz": "27", "lotw": true}	2022-01-28 21:18:00+00	\N	\N
2022-01-21 18:21:00+00	2022-01-21 18:22:30+00	OK1DNV	OK	2400.041196	FT8	-03	+03	\N	\N	\N	\N	JO70	\N	\N	\N	DF7CB	LimeSDR	1	Krefeld	JO31HI	1m dish	QO100	\N	\N	2022-01-21 18:22:37+00	\N	\N
2022-01-21 19:25:45+00	2022-01-21 19:26:45+00	RV6FX	UA	2400.041652	FT8	+10	+10	\N	\N	\N	\N	LN04	\N	\N	\N	DF7CB	LimeSDR	1	Krefeld	JO31HI	1m dish	QO100	\N	\N	2022-01-21 19:26:55+00	\N	\N
2022-01-22 11:39:45+00	2022-01-22 11:40:45+00	DL9DAN	DL	2400.041307	FT8	+03	+01	\N	\N	\N	\N	JO41	\N	\N	\N	DF7CB	LimeSDR	1	Krefeld	JO31HI	1m dish	QO100	\N	\N	2022-01-22 11:40:53+00	\N	\N
2022-01-22 13:44:30+00	2022-01-22 13:45:30+00	PA3CPI	PA	2400.041942	FT8	+10	+00	\N	\N	\N	\N	JO22JW	\N	\N	\N	DF7CB	LimeSDR	1	Krefeld	JO31HI	1m dish	QO100	\N	{"cqz": "14", "ituz": "27", "lotw": true}	2022-01-30 22:18:04+00	\N	\N
2022-01-22 13:53:30+00	2022-01-22 13:55:01+00	G8DVR	G	2400.042246	FT8	-09	+04	\N	\N	\N	\N	IO83	\N	\N	\N	DF7CB	LimeSDR	1	Krefeld	JO31HI	1m dish	QO100	\N	\N	2022-01-22 13:55:04+00	\N	\N
2022-01-22 15:08:45+00	2022-01-22 15:09:45+00	OH8FCK	OH	2400.041468	FT8	+11	+03	\N	\N	\N	\N	KP25	\N	\N	\N	DF7CB	LimeSDR	1	Krefeld	JO31HI	1m dish	QO100	\N	\N	2022-01-22 15:09:58+00	\N	\N
2022-01-22 15:49:30+00	2022-01-22 15:50:30+00	HB9WDF	HB	2400.040666	FT8	-15	+08	\N	\N	\N	\N	\N	\N	\N	\N	DF7CB	LimeSDR	1	Krefeld	JO31HI	1m dish	QO100	\N	\N	2022-01-22 15:50:47+00	\N	\N
2022-01-22 15:52:00+00	2022-01-22 15:53:00+00	DL2SUH	DL	2400.040666	FT8	+09	+05	\N	\N	\N	\N	JO53	\N	\N	\N	DF7CB	LimeSDR	1	Krefeld	JO31HI	1m dish	QO100	\N	\N	2022-01-22 15:53:36+00	\N	\N
2022-01-22 17:06:30+00	2022-01-22 17:07:15+00	R5DT	UA	2400.040833	FT8	+08	-13	\N	\N	\N	\N	KO94NW	\N	\N	\N	DF7CB	LimeSDR	1	Krefeld	JO31HI	1m dish	QO100	\N	{"cqz": "16", "ituz": "29", "lotw": true, "state": "MO"}	2022-01-28 21:18:00+00	\N	\N
2022-01-22 17:54:45+00	2022-01-22 17:55:45+00	DL5GAC	DL	2400.041105	FT8	+07	-03	\N	\N	\N	\N	JN47UT	\N	\N	\N	DF7CB	LimeSDR	1	Krefeld	JO31HI	1m dish	QO100	\N	{"cqz": "14", "ituz": "28", "lotw": true}	2022-01-28 21:18:00+00	\N	\N
2022-01-22 19:57:45+00	2022-01-22 19:58:07+00	IU0LFQ	I	2400.041703	FT4	+04	+07	\N	\N	\N	\N	JN63GD	\N	\N	\N	DF7CB	LimeSDR	1	Krefeld	JO31HI	1m dish	QO100	\N	{"cqz": "15", "ituz": "28", "lotw": true}	2022-01-28 21:18:00+00	\N	\N
2022-01-22 19:59:45+00	2022-01-22 20:00:07+00	EA3BT	EA	2400.041703	FT4	+09	+06	\N	\N	\N	\N	JN01	\N	\N	\N	DF7CB	LimeSDR	1	Krefeld	JO31HI	1m dish	QO100	\N	\N	2022-01-22 20:00:10+00	\N	\N
2022-01-22 20:00:15+00	2022-01-22 20:01:22+00	4Z5CP	4X	2400.041703	FT4	+06	+04	\N	\N	\N	\N	KM72	\N	\N	\N	DF7CB	LimeSDR	1	Krefeld	JO31HI	1m dish	QO100	\N	\N	2022-01-22 20:01:33+00	\N	\N
2022-01-22 20:02:00+00	2022-01-22 20:02:22+00	DL7ARV	DL	2400.041703	FT4	+02	+03	\N	\N	\N	\N	JO62	\N	\N	\N	DF7CB	LimeSDR	1	Krefeld	JO31HI	1m dish	QO100	\N	\N	2022-01-22 20:02:25+00	\N	\N
2022-01-22 20:05:08+00	2022-01-22 20:05:30+00	DL0NP	DL	2400.042156	FT4	+04	+00	\N	\N	\N	\N	JO62	\N	\N	\N	DF7CB	LimeSDR	1	Krefeld	JO31HI	1m dish	QO100	\N	\N	2022-01-22 20:05:35+00	\N	\N
2022-01-22 20:06:23+00	2022-01-22 20:06:45+00	R5DT	UA	2400.042156	FT4	+07	+10	\N	\N	\N	\N	KO94NW	\N	\N	\N	DF7CB	LimeSDR	1	Krefeld	JO31HI	1m dish	QO100	\N	{"cqz": "16", "ituz": "29", "lotw": true, "state": "MO"}	2022-01-28 21:18:00+00	\N	\N
2022-01-22 20:13:38+00	2022-01-22 20:14:15+00	DM6CS	DL	2400.041975	FT4	-09	+06	\N	\N	\N	\N	JN58	\N	\N	\N	DF7CB	LimeSDR	1	Krefeld	JO31HI	1m dish	QO100	\N	\N	2022-01-22 20:14:19+00	\N	\N
2022-01-22 21:14:00+00	2022-01-22 21:27:00+00	PA1EJO	PA	2400.200	SSB	59	59	N	N	Ernst	\N	JO21FX	\N	\N	\N	DF7CB	LimeSDR	1	Krefeld	JO31HI	1m dish	QO100	\N	{"cqz": "14", "ituz": "27", "lotw": true}	2022-01-28 21:18:00+00	\N	\N
2022-01-22 21:30:00+00	2022-01-22 21:35:00+00	F4BKV	F	2400.345	SSB	59	59	N	N	Vincent	\N	IN95PP	\N	\N	\N	DF7CB	LimeSDR	1	Krefeld	JO31HI	1m dish	QO100	\N	{"cqz": "14", "ituz": "27", "lotw": true}	2022-01-28 21:18:00+00	\N	\N
2022-01-22 21:43:00+00	2022-01-22 21:54:00+00	DL6YCL	DL	2400.450	SSB	59	59	N	N	Günter	Zetel	JO33xj	\N	\N	\N	DF7CB	LimeSDR	1	Krefeld	JO31HI	1m dish	QO100	\N	\N	2022-01-24 19:14:37+00	\N	\N
2022-01-22 21:57:00+00	\N	PP2RON	PY	2400.200	SSB	59	59	N	N	Ron	Goiania	GH53JG	\N	\N	\N	DF7CB	LimeSDR	1	Krefeld	JO31HI	1m dish	QO100	\N	{"cqz": "11", "ituz": "13", "lotw": true}	2022-01-28 21:18:00+00	\N	\N
2022-01-23 16:30:30+00	2022-01-23 16:31:30+00	IK1ROV	I	2400.041417	FT8	+01	+03	\N	\N	\N	\N	JN44	\N	\N	\N	DF7CB	LimeSDR	1	Krefeld	JO31HI	1m dish	QO100	\N	\N	2022-01-23 16:31:33+00	\N	\N
2022-01-23 17:04:00+00	2022-01-23 17:05:00+00	EA1GAR	EA	2400.041288	FT8	+09	+08	\N	\N	\N	\N	IN52	\N	\N	\N	DF7CB	LimeSDR	1	Krefeld	JO31HI	1m dish	QO100	\N	\N	2022-01-23 17:05:03+00	\N	\N
2022-01-23 17:06:31+00	2022-01-23 17:07:00+00	OE6VAG	OE	2400.041716	FT4	+07	+05	\N	\N	\N	\N	JN76	\N	\N	\N	DF7CB	LimeSDR	1	Krefeld	JO31HI	1m dish	QO100	\N	\N	2022-01-23 17:07:08+00	\N	\N
2022-01-23 17:12:15+00	2022-01-23 17:13:00+00	EA3A	EA	2400.042219	FT8	-05	+01	\N	\N	\N	\N	JN01	\N	\N	\N	DF7CB	LimeSDR	1	Krefeld	JO31HI	1m dish	QO100	\N	\N	2022-01-23 17:13:03+00	\N	\N
2022-01-23 17:39:15+00	2022-01-23 17:39:45+00	CT7AQS	CT	2400.042369	FT8	+04	-02	\N	\N	\N	\N	IM69FT	\N	\N	\N	DF7CB	LimeSDR	1	Krefeld	JO31HI	1m dish	QO100	\N	{"cqz": "14", "ituz": "37", "lotw": true}	2022-01-28 21:18:00+00	\N	\N
2022-01-24 16:33:00+00	2022-01-24 16:34:00+00	EA3CJ	EA	2400.041503	FT8	+06	+10	\N	\N	\N	\N	JN01SE	\N	\N	\N	DF7CB	LimeSDR	1	Krefeld	JO31HI	1m dish	QO100	\N	{"cqz": "14", "ituz": "37", "lotw": true}	2022-01-28 21:18:00+00	\N	\N
2022-01-24 19:16:00+00	2022-01-24 19:17:00+00	PA1CCX	PA	2400.041762	FT8	+08	+04	\N	\N	\N	\N	JO22	\N	\N	\N	DF7CB	LimeSDR	1	Krefeld	JO31HI	1m dish	QO100	\N	\N	2022-01-24 19:17:03+00	\N	\N
2022-01-25 14:56:15+00	2022-01-25 14:57:15+00	ON7KEC	ON	2400.041400	FT8	+00	+01	\N	\N	\N	\N	JO21	\N	\N	\N	DF7CB	LimeSDR	1	Krefeld	JO31HI	1m dish	QO100	\N	\N	2022-01-25 14:57:33+00	\N	\N
2022-01-25 16:22:53+00	2022-01-25 16:23:22+00	F6BIR/P	F	2400.041400	FT4	+11	+06	\N	\N	\N	\N	JN19	\N	\N	\N	DF7CB	LimeSDR	1	Krefeld	JO31HI	1m dish	QO100	\N	\N	2022-01-25 16:23:27+00	\N	\N
2022-01-25 16:24:30+00	2022-01-25 16:24:52+00	EA3A	EA	2400.041400	FT4	+00	+04	\N	\N	\N	\N	JN01TH	\N	\N	\N	DF7CB	LimeSDR	1	Krefeld	JO31HI	1m dish	QO100	\N	{"cqz": "14", "ituz": "37", "lotw": true}	2022-01-30 15:48:06+00	\N	\N
2022-01-25 19:26:30+00	2022-01-25 19:26:52+00	EB3JT	EA	2400.041773	FT4	+10	+09	\N	\N	\N	\N	JN01UI	\N	\N	\N	DF7CB	LimeSDR	1	Krefeld	JO31HI	1m dish	QO100	\N	{"cqz": "14", "ituz": "37", "lotw": true}	2022-01-30 15:48:06+00	\N	\N
2022-01-25 19:27:01+00	2022-01-25 19:27:22+00	G5TV	G	2400.041773	FT4	+04	+09	\N	\N	\N	\N	\N	\N	\N	\N	DF7CB	LimeSDR	1	Krefeld	JO31HI	1m dish	QO100	\N	\N	2022-01-25 19:27:26+00	\N	\N
2022-01-25 19:28:15+00	2022-01-25 19:28:30+00	DL2GRC	DL	2400.041773	FT4	-01	+07	\N	\N	\N	\N	JN48KN	\N	\N	\N	DF7CB	LimeSDR	1	Krefeld	JO31HI	1m dish	QO100	\N	{"cqz": "14", "ituz": "28", "lotw": true}	2022-01-29 22:47:19+00	\N	\N
2022-01-25 19:32:30+00	2022-01-25 19:32:45+00	ES3RF	ES	2400.041773	FT4	+08	+01	\N	\N	\N	\N	KO29IF	\N	\N	\N	DF7CB	LimeSDR	1	Krefeld	JO31HI	1m dish	QO100	\N	{"cqz": "15", "ituz": "29", "lotw": true}	2022-01-28 21:18:00+00	\N	\N
2022-01-25 20:08:01+00	2022-01-25 20:09:15+00	PA1SDB	PA	2400.040923	FT4	-15	+03	\N	\N	\N	\N	JO33	\N	\N	\N	DF7CB	LimeSDR	1	Krefeld	JO31HI	1m dish	QO100	\N	\N	2022-01-25 20:09:18+00	\N	\N
2022-01-25 20:10:53+00	2022-01-25 20:11:15+00	EA7KI	EA	2400.040773	FT4	+09	+07	\N	\N	\N	\N	IM76RR	\N	\N	\N	DF7CB	LimeSDR	1	Krefeld	JO31HI	1m dish	QO100	\N	{"cqz": "14", "ituz": "37", "lotw": true}	2022-01-28 21:18:00+00	\N	\N
2022-01-25 20:13:23+00	2022-01-25 20:14:07+00	SP6VGJ	SP	2400.042254	FT4	+10	+00	\N	\N	\N	\N	JO81HU	\N	\N	\N	DF7CB	LimeSDR	1	Krefeld	JO31HI	1m dish	QO100	\N	{"cqz": "15", "ituz": "28", "lotw": true}	2022-01-28 21:18:00+00	\N	\N
2022-01-26 18:05:00+00	2022-01-26 18:07:00+00	S57UN	S5	14.0232	CW	599	599	N	N	\N	\N	\N	\N	\N	\N	DF7CB	IC7610	100	Krefeld	JO31HI	FD4	\N	\N	\N	2022-01-26 18:03:07+00	\N	\N
2022-01-26 19:21:00+00	2022-01-26 19:23:00+00	DB8BH	DL	2400.041411	FT8	+09	+06	\N	\N	\N	\N	JO43JF	\N	\N	\N	DF7CB	LimeSDR	1	Krefeld	JO31HI	1m dish	QO100	\N	{"cqz": "14", "ituz": "28", "lotw": true}	2022-01-28 21:18:00+00	\N	\N
2022-01-26 20:00:00+00	\N	G5GEI	G	3.5165	CW	JO31HI	IO80EW	\N	\N	\N	\N	IO80EW	\N	UKEICC 80m Contest	\N	DF7CB	IC7610	100	Krefeld	JO31HI	FD4	\N	\N	\N	2022-01-26 21:02:15+00	\N	\N
2022-01-26 20:02:00+00	\N	GM2V	GM	3.5245	CW	JO31HI	IO77WS	\N	\N	\N	\N	IO77WS	\N	UKEICC 80m Contest	\N	DF7CB	IC7610	100	Krefeld	JO31HI	FD4	\N	\N	\N	2022-01-26 21:02:15+00	\N	\N
2022-01-26 20:03:00+00	\N	GM3X	GM	3.524	CW	JO31HI	IO88OW	\N	\N	\N	\N	IO88OW	\N	UKEICC 80m Contest	\N	DF7CB	IC7610	100	Krefeld	JO31HI	FD4	\N	\N	\N	2022-01-26 21:02:15+00	\N	\N
2022-01-26 20:04:00+00	\N	G4FNL	G	3.5231	CW	JO31HI	IO90WU	\N	\N	\N	\N	IO90WU	\N	UKEICC 80m Contest	\N	DF7CB	IC7610	100	Krefeld	JO31HI	FD4	\N	\N	\N	2022-01-26 21:02:15+00	\N	\N
2022-01-26 20:05:00+00	\N	PA3DBS	PA	3.5225	CW	JO31HI	JO21DM	\N	\N	\N	\N	JO21DM	\N	UKEICC 80m Contest	\N	DF7CB	IC7610	100	Krefeld	JO31HI	FD4	\N	\N	{"cqz": "14", "ituz": "27", "lotw": true}	2022-01-28 21:18:00+00	\N	\N
2022-01-26 20:06:00+00	\N	DK2FG	DL	3.5216	CW	JO31HI	JO41OR	\N	\N	\N	\N	JO41OR	\N	UKEICC 80m Contest	\N	DF7CB	IC7610	100	Krefeld	JO31HI	FD4	\N	\N	\N	2022-01-26 21:02:15+00	\N	\N
2022-01-26 20:08:00+00	\N	G3P	G	3.5208	CW	JO31HI	IO91NL	\N	\N	\N	\N	IO91NL	\N	UKEICC 80m Contest	\N	DF7CB	IC7610	100	Krefeld	JO31HI	FD4	\N	\N	\N	2022-01-26 21:02:15+00	\N	\N
2022-01-26 20:09:00+00	\N	E77EA	E7	3.52	CW	JO31HI	JN84OU	\N	\N	\N	\N	JN84OU	\N	UKEICC 80m Contest	\N	DF7CB	IC7610	100	Krefeld	JO31HI	FD4	\N	\N	\N	2022-01-26 21:02:15+00	\N	\N
2022-01-26 20:13:00+00	\N	G5V	G	3.5186	CW	JO31HI	IO83WI	\N	\N	\N	\N	IO83WI	\N	UKEICC 80m Contest	\N	DF7CB	IC7610	100	Krefeld	JO31HI	FD4	\N	\N	\N	2022-01-26 21:02:15+00	\N	\N
2022-01-26 20:15:00+00	\N	ON75CRD	ON	3.5175	CW	JO31HI	599	\N	\N	\N	\N	JO20LI	\N	UKEICC 80m Contest	\N	DF7CB	IC7610	100	Krefeld	JO31HI	FD4	\N	\N	\N	2022-01-27 16:32:28+00	\N	\N
2022-01-26 20:16:00+00	\N	SO3O	SP	3.5156	CW	JO31HI	JO92FF	\N	\N	\N	\N	JO92FF	\N	UKEICC 80m Contest	\N	DF7CB	IC7610	100	Krefeld	JO31HI	FD4	\N	\N	\N	2022-01-26 21:02:15+00	\N	\N
2022-01-26 20:18:00+00	\N	9A1AA	9A	3.5141	CW	JO31HI	JN95FQ	\N	\N	\N	\N	JN95FQ	\N	UKEICC 80m Contest	\N	DF7CB	IC7610	100	Krefeld	JO31HI	FD4	\N	\N	\N	2022-01-26 21:02:15+00	\N	\N
2022-01-26 20:18:30+00	\N	G4IIY	G	3.5134	CW	JO31HI	IO85PA	\N	\N	\N	\N	IO85PA	\N	UKEICC 80m Contest	\N	DF7CB	IC7610	100	Krefeld	JO31HI	FD4	\N	\N	{"cqz": "14", "iota": "EU-005", "ituz": "27", "lotw": true}	2022-01-28 21:18:00+00	\N	\N
2022-01-26 20:19:00+00	\N	GM3WIJ	GM	3.5125	CW	JO31HI	IO87WN	\N	\N	\N	\N	IO87WD	\N	UKEICC 80m Contest	\N	DF7CB	IC7610	100	Krefeld	JO31HI	FD4	\N	\N	\N	2022-01-27 16:32:54+00	\N	\N
2022-01-26 20:21:00+00	\N	II3WRTC	I	3.547	CW	JO31HI	599	\N	\N	\N	\N	\N	\N	UKEICC 80m Contest	\N	DF7CB	IC7610	100	Krefeld	JO31HI	FD4	\N	\N	\N	2022-01-26 21:02:15+00	\N	\N
2022-01-26 20:24:00+00	\N	G4C	G	3.5421	CW	JO31HI	JO01KS	\N	\N	\N	\N	JO01KS	\N	UKEICC 80m Contest	\N	DF7CB	IC7610	100	Krefeld	JO31HI	FD4	\N	\N	\N	2022-01-26 21:02:15+00	\N	\N
2022-01-26 20:26:00+00	\N	DL1CW	DL	3.5414	CW	JO31HI	JN48NW	\N	\N	\N	\N	JN48NW	\N	UKEICC 80m Contest	\N	DF7CB	IC7610	100	Krefeld	JO31HI	FD4	\N	\N	{"cqz": "14", "ituz": "28", "lotw": true}	2022-01-28 21:18:00+00	\N	\N
2022-01-26 20:28:00+00	\N	G4RGK	G	3.5373	CW	JO31HI	IO91ON	\N	\N	\N	\N	IO91ON	\N	UKEICC 80m Contest	\N	DF7CB	IC7610	100	Krefeld	JO31HI	FD4	\N	\N	\N	2022-01-26 21:02:15+00	\N	\N
2022-01-26 20:29:00+00	\N	EI5G	EI	3.5369	CW	JO31HI	IO51UW	\N	\N	\N	\N	IO51UW	\N	UKEICC 80m Contest	\N	DF7CB	IC7610	100	Krefeld	JO31HI	FD4	\N	\N	{"cqz": "14", "iota": "EU-115", "ituz": "27", "lotw": true}	2022-01-28 21:18:00+00	\N	\N
2022-01-26 20:30:00+00	\N	SE0B	SM	3.536	CW	JO31HI	JO77OC	\N	\N	\N	\N	JO77OC	\N	UKEICC 80m Contest	\N	DF7CB	IC7610	100	Krefeld	JO31HI	FD4	\N	\N	\N	2022-01-26 21:02:15+00	\N	\N
2022-01-26 20:30:30+00	\N	GM0WED	GM	3.535	CW	JO31HI	IO88MW	\N	\N	\N	\N	IO88MW	\N	UKEICC 80m Contest	\N	DF7CB	IC7610	100	Krefeld	JO31HI	FD4	\N	\N	\N	2022-01-26 21:02:15+00	\N	\N
2022-01-26 20:31:00+00	\N	SP8HWM	SP	3.5344	CW	JO31HI	KO11HS	\N	\N	\N	\N	KO11HS	\N	UKEICC 80m Contest	\N	DF7CB	IC7610	100	Krefeld	JO31HI	FD4	\N	\N	\N	2022-01-26 21:02:15+00	\N	\N
2022-01-26 20:32:00+00	\N	G3RWF	G	3.5336	CW	JO31HI	JO01OG	\N	\N	\N	\N	JO01OG	\N	UKEICC 80m Contest	\N	DF7CB	IC7610	100	Krefeld	JO31HI	FD4	\N	\N	\N	2022-01-26 21:02:15+00	\N	\N
2022-01-26 20:33:00+00	\N	2E0OBO	G	3.5322	CW	JO31HI	JO02RU	\N	\N	\N	\N	JO02RU	\N	UKEICC 80m Contest	\N	DF7CB	IC7610	100	Krefeld	JO31HI	FD4	\N	\N	{"cqz": "14", "ituz": "27", "lotw": true}	2022-01-28 21:18:00+00	\N	\N
2022-01-26 20:35:00+00	\N	GI5I	GI	3.5309	CW	JO31HI	IO74DP	\N	\N	\N	\N	IO74DP	\N	UKEICC 80m Contest	\N	DF7CB	IC7610	100	Krefeld	JO31HI	FD4	\N	\N	{"cqz": "14", "iota": "EU-115", "ituz": "27", "lotw": true}	2022-01-28 21:18:00+00	\N	\N
2022-01-26 20:37:00+00	\N	S57KM	S5	3.529	CW	JO31HI	JN76HD	\N	\N	\N	\N	JN76HD	\N	UKEICC 80m Contest	\N	DF7CB	IC7610	100	Krefeld	JO31HI	FD4	\N	\N	\N	2022-01-26 21:02:15+00	\N	\N
2022-01-26 20:39:00+00	\N	G3LRS	G	3.5314	CW	JO31HI	IO92JO	\N	\N	\N	\N	IO92JO	\N	UKEICC 80m Contest	\N	DF7CB	IC7610	100	Krefeld	JO31HI	FD4	\N	\N	\N	2022-01-26 21:02:15+00	\N	\N
2022-01-26 20:40:00+00	\N	DL8TG	DL	3.5314	CW	JO31HI	JO52IJ	\N	\N	\N	\N	JO52IJ	\N	UKEICC 80m Contest	\N	DF7CB	IC7610	100	Krefeld	JO31HI	FD4	\N	\N	\N	2022-01-26 21:02:15+00	\N	\N
2022-01-26 20:41:00+00	\N	SE6K	SM	3.5314	CW	JO31HI	JO66HT	\N	\N	\N	\N	JO66HT	\N	UKEICC 80m Contest	\N	DF7CB	IC7610	100	Krefeld	JO31HI	FD4	\N	\N	\N	2022-01-26 21:02:15+00	\N	\N
2022-01-26 20:42:00+00	\N	DL4ME	DL	3.5314	CW	JO31HI	JO50JR	\N	\N	\N	\N	JO50JR	\N	UKEICC 80m Contest	\N	DF7CB	IC7610	100	Krefeld	JO31HI	FD4	\N	\N	\N	2022-01-26 21:02:15+00	\N	\N
2022-01-26 20:42:30+00	\N	M4N	G	3.5314	CW	JO31HI	IO81XX	\N	\N	\N	\N	IO81XX	\N	UKEICC 80m Contest	\N	DF7CB	IC7610	100	Krefeld	JO31HI	FD4	\N	\N	{"cqz": "14", "iota": "EU-005", "ituz": "27", "lotw": true}	2022-01-28 21:18:00+00	\N	\N
2022-01-26 20:43:00+00	\N	SM5CSS	SM	3.5314	CW	JO31HI	JO89LS	\N	\N	\N	\N	JO89LS	\N	UKEICC 80m Contest	\N	DF7CB	IC7610	100	Krefeld	JO31HI	FD4	\N	\N	\N	2022-01-26 21:02:15+00	\N	\N
2022-01-26 20:43:30+00	2022-01-26 20:44:30+00	PR8KW/P	PY	2400.042303	FT8	-10	-05	\N	\N	\N	\N	GG51HA	\N	\N	\N	DF7CB	LimeSDR	1	Krefeld	JO31HI	1m dish	QO100	\N	{"cqz": "11", "ituz": "15", "lotw": true}	2022-01-29 22:47:19+00	\N	\N
2022-01-26 20:44:00+00	\N	DM6EE	DL	3.5314	CW	JO31HI	JO52KJ	\N	\N	\N	\N	JO52KJ	\N	UKEICC 80m Contest	\N	DF7CB	IC7610	100	Krefeld	JO31HI	FD4	\N	\N	{"cqz": "14", "ituz": "28", "lotw": true}	2022-01-30 22:18:04+00	\N	\N
2022-01-26 20:45:00+00	\N	G3SHF	G	3.5314	CW	JO31HI	IO83WI	\N	\N	\N	\N	IO83WI	\N	UKEICC 80m Contest	\N	DF7CB	IC7610	100	Krefeld	JO31HI	FD4	\N	\N	\N	2022-01-26 21:02:15+00	\N	\N
2022-01-26 20:47:00+00	\N	SN1T	SP	3.5314	CW	JO31HI	JO84ML	\N	\N	\N	\N	JO84ML	\N	UKEICC 80m Contest	\N	DF7CB	IC7610	100	Krefeld	JO31HI	FD4	\N	\N	\N	2022-01-26 21:02:15+00	\N	\N
2022-01-26 20:48:00+00	\N	SF6W	SM	3.5314	CW	JO31HI	JO68RP	\N	\N	\N	\N	JO68RP	\N	UKEICC 80m Contest	\N	DF7CB	IC7610	100	Krefeld	JO31HI	FD4	\N	\N	\N	2022-01-26 21:02:15+00	\N	\N
2022-01-26 20:49:00+00	\N	GM3YEH	GM	3.5314	CW	JO31HI	IO75TO	\N	\N	\N	\N	IO75TO	\N	UKEICC 80m Contest	\N	DF7CB	IC7610	100	Krefeld	JO31HI	FD4	\N	\N	\N	2022-01-26 21:02:15+00	\N	\N
2022-01-26 20:50:00+00	\N	G3WGE	G	3.5314	CW	JO31HI	JO01FQ	\N	\N	\N	\N	JO01FQ	\N	UKEICC 80m Contest	\N	DF7CB	IC7610	100	Krefeld	JO31HI	FD4	\N	\N	\N	2022-01-26 21:02:15+00	\N	\N
2022-01-26 20:50:30+00	\N	M1X	G	3.5314	CW	JO31HI	JO01DG	\N	\N	\N	\N	JO01DG	\N	UKEICC 80m Contest	\N	DF7CB	IC7610	100	Krefeld	JO31HI	FD4	\N	\N	\N	2022-01-26 21:02:15+00	\N	\N
2022-01-26 20:52:00+00	\N	OK2IW	OK	3.5314	CW	JO31HI	JN89QO	\N	\N	\N	\N	JN89QO	\N	UKEICC 80m Contest	\N	DF7CB	IC7610	100	Krefeld	JO31HI	FD4	\N	\N	\N	2022-01-26 21:02:15+00	\N	\N
2022-01-26 20:55:00+00	\N	G4ERW	G	3.5314	CW	JO31HI	JO01JC	\N	\N	\N	\N	JO01JC	\N	UKEICC 80m Contest	\N	DF7CB	IC7610	100	Krefeld	JO31HI	FD4	\N	\N	\N	2022-01-26 21:02:15+00	\N	\N
2022-01-26 20:55:30+00	\N	G3MXH	G	3.5314	CW	JO31HI	JO02LF	\N	\N	\N	\N	JO02LF	\N	UKEICC 80m Contest	\N	DF7CB	IC7610	100	Krefeld	JO31HI	FD4	\N	\N	\N	2022-01-26 21:02:15+00	\N	\N
2022-01-26 20:56:00+00	\N	OK1LL	OK	3.5314	CW	JO31HI	JO70MC	\N	\N	\N	\N	JO70MC	\N	UKEICC 80m Contest	\N	DF7CB	IC7610	100	Krefeld	JO31HI	FD4	\N	\N	\N	2022-01-26 21:02:15+00	\N	\N
2022-01-26 20:57:00+00	\N	G2AA	G	3.5314	CW	JO31HI	IO92KO	\N	\N	\N	\N	IO92KO	\N	UKEICC 80m Contest	\N	DF7CB	IC7610	100	Krefeld	JO31HI	FD4	\N	\N	\N	2022-01-26 21:02:15+00	\N	\N
2022-01-26 20:58:00+00	\N	SD1A	SM	3.5314	CW	JO31HI	JO97DP	\N	\N	\N	\N	JO97DP	\N	UKEICC 80m Contest	\N	DF7CB	IC7610	100	Krefeld	JO31HI	FD4	\N	\N	{"cqz": "14", "iota": "EU-020", "ituz": "18", "lotw": true}	2022-01-28 21:18:00+00	\N	\N
2022-01-26 20:58:30+00	\N	G4PVM	G	3.5314	CW	JO31HI	JO01FA	\N	\N	\N	\N	JO01FR	\N	UKEICC 80m Contest	\N	DF7CB	IC7610	100	Krefeld	JO31HI	FD4	\N	\N	{"cqz": "14", "iota": "EU-005", "ituz": "27", "lotw": true}	2022-01-30 15:48:06+00	\N	\N
2022-01-26 20:59:00+00	\N	DK5KK	DL	3.5314	CW	JO31HI	JO31LL	\N	\N	\N	\N	JO31LL	\N	UKEICC 80m Contest	\N	DF7CB	IC7610	100	Krefeld	JO31HI	FD4	\N	\N	{"cqz": "14", "ituz": "28", "lotw": true}	2022-01-28 21:18:00+00	\N	\N
2022-01-26 21:00:00+00	\N	OK1YM	OK	3.5314	CW	JO31HI	JN79QV	\N	\N	\N	\N	JN79QV	\N	UKEICC 80m Contest	\N	DF7CB	IC7610	100	Krefeld	JO31HI	FD4	\N	\N	\N	2022-01-26 21:02:15+00	\N	\N
2022-01-27 10:35:00+00	2022-01-27 10:40:00+00	DM6AS	DL	144.100	CW	599	599	R	R	\N	\N	JO31ED	\N	\N	\N	DF7CB	IC706	0.5	Krefeld	JO31ed	X200	\N	\N	{"cqz": "14", "ituz": "28", "lotw": true}	2022-01-28 21:18:00+00	\N	\N
2022-01-27 15:24:15+00	2022-01-27 15:25:45+00	YO5CRI	YO	2400.041589	FT8	+09	+00	\N	\N	\N	\N	KN16	\N	\N	\N	DF7CB	LimeSDR	1	Krefeld	JO31HI	1m dish	QO100	\N	\N	2022-01-27 15:25:58+00	\N	\N
2022-01-27 17:40:45+00	2022-01-27 17:43:15+00	PR8KW/P	PY	2400.041993	FT8	-02	-04	\N	\N	\N	\N	GG53QC	\N	\N	\N	DF7CB	LimeSDR	1	Krefeld	JO31HI	1m dish	QO100	\N	{"cqz": "11", "ituz": "15", "lotw": true}	2022-01-29 22:47:19+00	\N	\N
2022-01-27 17:52:45+00	2022-01-27 17:53:45+00	DL2MIH	DL	2400.041327	FT8	-11	+01	\N	\N	\N	\N	JN58SC	\N	\N	\N	DF7CB	LimeSDR	1	Krefeld	JO31HI	1m dish	QO100	\N	{"cqz": "14", "ituz": "28", "lotw": true}	2022-01-29 15:48:06+00	\N	\N
2022-01-28 09:54:45+00	2022-01-28 09:55:45+00	DL5BQ	DL	2400.041433	FT8	+04	+01	\N	\N	\N	\N	JO31NO	\N	\N	\N	DF7CB	LimeSDR	1	Krefeld	JO31HI	1m dish	QO100	\N	{"cqz": "14", "ituz": "28", "lotw": true}	2022-01-28 21:18:00+00	\N	\N
2022-01-28 10:03:45+00	2022-01-28 10:04:45+00	R5AU	UA	2400.041171	FT8	+03	+00	\N	\N	\N	\N	KO85	\N	\N	\N	DF7CB	LimeSDR	1	Krefeld	JO31HI	1m dish	QO100	\N	\N	2022-01-28 10:04:51+00	\N	\N
2022-01-28 11:13:00+00	2022-01-28 11:14:00+00	VU2EEI	VU	2400.041367	FT8	+01	+03	\N	\N	\N	\N	MJ88LL	\N	\N	\N	DF7CB	LimeSDR	1	Krefeld	JO31HI	1m dish	QO100	\N	{"cqz": "22", "ituz": "41", "lotw": true}	2022-01-29 15:48:06+00	\N	\N
2022-01-28 18:44:45+00	2022-01-28 18:45:07+00	R5DT	UA	2400.041463	FT4	+09	+06	\N	\N	\N	\N	KO94NW	\N	\N	\N	DF7CB	LimeSDR	1	Krefeld	JO31HI	1m dish	QO100	\N	{"cqz": "16", "ituz": "29", "lotw": true, "state": "MO"}	2022-01-28 21:18:00+00	\N	\N
2022-01-28 18:45:30+00	2022-01-28 18:45:52+00	SP5EXA	SP	2400.041463	FT4	+11	+01	\N	\N	\N	\N	KO02MF	\N	\N	\N	DF7CB	LimeSDR	1	Krefeld	JO31HI	1m dish	QO100	\N	{"cqz": "15", "ituz": "28", "lotw": true}	2022-01-28 21:18:00+00	\N	\N
2022-01-28 19:06:01+00	2022-01-28 19:06:30+00	S52NR	S5	2400.041428	FT4	+09	+03	\N	\N	\N	\N	JN75	\N	\N	\N	DF7CB	LimeSDR	1	Krefeld	JO31HI	1m dish	QO100	\N	\N	2022-01-28 19:06:38+00	\N	\N
2022-01-28 19:15:08+00	2022-01-28 19:15:37+00	DL8MFY	DL	2400.041428	FT4	+06	+03	\N	\N	\N	\N	JO61UA	\N	\N	\N	DF7CB	LimeSDR	1	Krefeld	JO31HI	1m dish	QO100	\N	\N	2022-01-28 19:15:43+00	\N	\N
2022-01-28 19:17:38+00	2022-01-28 19:18:07+00	DF2ET	DL	2400.041428	FT4	+05	+00	\N	\N	\N	\N	JO31OL	\N	\N	\N	DF7CB	LimeSDR	1	Krefeld	JO31HI	1m dish	QO100	\N	{"cqz": "14", "ituz": "28", "lotw": true}	2022-01-29 15:48:06+00	\N	\N
2022-01-28 19:57:45+00	2022-01-28 19:58:45+00	F6BZQ	F	2400.041156	FT8	+07	+00	\N	\N	\N	\N	JN23	\N	\N	\N	DF7CB	LimeSDR	1	Krefeld	JO31HI	1m dish	QO100	\N	\N	2022-01-28 19:58:48+00	\N	\N
2022-01-28 22:00:00+00	\N	G3BJ	G	1.8223	CW	59914	59914	\N	\N	\N	\N	\N	\N	CQ WW 160m Contest	\N	DF7CB	IC7610	100	Krefeld	JO31HI	FD4	\N	\N	\N	2022-01-30 22:08:09+00	14	27
2022-01-28 22:01:00+00	\N	LY2XW	LY	1.822	CW	59914	59915	\N	\N	\N	\N	\N	\N	CQ WW 160m Contest	\N	DF7CB	IC7610	100	Krefeld	JO31HI	FD4	\N	\N	\N	2022-01-30 22:08:09+00	15	29
2022-01-28 22:03:00+00	\N	EA6FO	EA6	1.8216	CW	59914	59914	\N	\N	\N	\N	\N	\N	CQ WW 160m Contest	\N	DF7CB	IC7610	100	Krefeld	JO31HI	FD4	\N	\N	\N	2022-01-30 22:08:09+00	14	37
2022-01-28 22:05:00+00	\N	ON75CDZ	ON	1.821	CW	59914	59914	\N	\N	\N	\N	\N	\N	CQ WW 160m Contest	\N	DF7CB	IC7610	100	Krefeld	JO31HI	FD4	\N	\N	\N	2022-01-30 22:08:09+00	14	27
2022-01-28 22:06:00+00	\N	SP8R	SP	1.8206	CW	59914	59915	\N	\N	\N	\N	\N	\N	CQ WW 160m Contest	\N	DF7CB	IC7610	100	Krefeld	JO31HI	FD4	\N	\N	\N	2022-01-30 22:08:09+00	15	28
2022-01-28 22:06:30+00	\N	S50K	S5	1.8203	CW	59914	59915	\N	\N	\N	\N	\N	\N	CQ WW 160m Contest	\N	DF7CB	IC7610	100	Krefeld	JO31HI	FD4	\N	\N	\N	2022-01-30 22:08:09+00	15	28
2022-01-28 22:08:00+00	\N	OL1R	OK	1.8198	CW	59914	59915	\N	\N	\N	\N	\N	\N	CQ WW 160m Contest	\N	DF7CB	IC7610	100	Krefeld	JO31HI	FD4	\N	\N	\N	2022-01-30 22:08:09+00	15	28
2022-01-28 22:10:00+00	\N	OK2D	OK	1.8189	CW	59914	59915	\N	\N	\N	\N	\N	\N	CQ WW 160m Contest	\N	DF7CB	IC7610	100	Krefeld	JO31HI	FD4	\N	\N	\N	2022-01-30 22:08:09+00	15	28
2022-01-28 22:10:30+00	\N	OK6W	OK	1.8186	CW	59914	59915	\N	\N	\N	\N	\N	\N	CQ WW 160m Contest	\N	DF7CB	IC7610	100	Krefeld	JO31HI	FD4	\N	\N	\N	2022-01-30 22:08:09+00	15	28
2022-01-28 22:11:00+00	\N	DR5X	DL	1.8183	CW	59914	59914	\N	\N	\N	\N	\N	\N	CQ WW 160m Contest	\N	DF7CB	IC7610	100	Krefeld	JO31HI	FD4	\N	\N	\N	2022-01-30 22:08:09+00	14	28
2022-01-28 22:12:00+00	\N	S57K	S5	1.818	CW	59914	59915	\N	\N	\N	\N	\N	\N	CQ WW 160m Contest	\N	DF7CB	IC7610	100	Krefeld	JO31HI	FD4	\N	\N	\N	2022-01-30 22:08:09+00	15	28
2022-01-28 22:14:00+00	\N	SE0X	SM	1.8177	CW	59914	59914	\N	\N	\N	\N	\N	\N	CQ WW 160m Contest	\N	DF7CB	IC7610	100	Krefeld	JO31HI	FD4	\N	\N	\N	2022-01-30 22:08:09+00	14	18
2022-01-28 22:18:00+00	\N	OH5Z	OH	1.8173	CW	59914	59915	\N	\N	\N	\N	\N	\N	CQ WW 160m Contest	\N	DF7CB	IC7610	100	Krefeld	JO31HI	FD4	\N	\N	\N	2022-01-30 22:08:09+00	15	18
2022-01-28 22:19:00+00	\N	9A5Y	9A	1.817	CW	59914	59915	\N	\N	\N	\N	\N	\N	CQ WW 160m Contest	\N	DF7CB	IC7610	100	Krefeld	JO31HI	FD4	\N	\N	\N	2022-01-30 22:08:09+00	15	28
2022-01-28 22:20:00+00	\N	DL7A	DL	1.8168	CW	59914	59914	\N	\N	\N	\N	\N	\N	CQ WW 160m Contest	\N	DF7CB	IC7610	100	Krefeld	JO31HI	FD4	\N	\N	\N	2022-01-30 22:08:09+00	14	28
2022-01-28 22:27:00+00	\N	OZ3SM	OZ	1.8162	CW	59914	59914	\N	\N	\N	\N	\N	\N	CQ WW 160m Contest	\N	DF7CB	IC7610	100	Krefeld	JO31HI	FD4	\N	\N	\N	2022-01-30 22:08:09+00	14	18
2022-01-28 22:30:00+00	\N	MW5B	GW	1.8159	CW	59914	59914	\N	\N	\N	\N	\N	\N	CQ WW 160m Contest	\N	DF7CB	IC7610	100	Krefeld	JO31HI	FD4	\N	\N	\N	2022-01-30 22:08:09+00	14	27
2022-01-29 09:52:00+00	2022-01-29 09:57:00+00	EB4IC	EA	18.088	CW	579	579	N	N	Emilio	Badajoz	\N	\N	\N	\N	DF7CB	IC7610	100	Krefeld	JO31HI	FD4	\N	\N	\N	2022-01-29 09:40:23+00	\N	\N
2022-01-29 10:30:00+00	\N	II9WRTC	IT9	18.0721	CW	599	599	N	N	\N	\N	\N	\N	\N	\N	DF7CB	IC7610	100	Krefeld	JO31HI	FD4	\N	\N	\N	2022-01-29 10:00:49+00	\N	\N
2022-01-29 12:13:08+00	2022-01-29 12:13:37+00	VU2GRM	VU	2400.042259	FT4	+06	+01	\N	\N	\N	\N	MK82	\N	\N	\N	DF7CB	LimeSDR	1	Krefeld	JO31HI	1m dish	QO100	\N	\N	2022-01-29 12:13:40+00	\N	\N
2022-01-29 12:20:01+00	2022-01-29 12:20:30+00	IK5XLB	I	2400.041771	FT4	+03	+05	\N	\N	\N	\N	JN53	\N	\N	\N	DF7CB	LimeSDR	1	Krefeld	JO31HI	1m dish	QO100	\N	\N	2022-01-29 12:20:32+00	\N	\N
2022-01-29 13:44:15+00	2022-01-29 13:45:15+00	PE2D	PA	2400.041145	FT8	+05	+17	\N	\N	\N	\N	JO22KJ	\N	\N	\N	DF7CB	LimeSDR	1	Krefeld	JO31HI	1m dish	QO100	\N	{"cqz": "14", "ituz": "27", "lotw": true}	2022-01-29 22:47:19+00	\N	\N
2022-01-29 16:08:00+00	\N	DF0RW	DL	1.8176	CW	59914	59914	\N	\N	\N	\N	\N	\N	CQ WW 160m Contest	\N	DF7CB	IC7610	100	Krefeld	JO31HI	FD4	\N	\N	\N	2022-01-30 22:08:09+00	14	28
2022-01-29 16:14:00+00	\N	EU4E	EU	1.8155	CW	59914	59916	\N	\N	\N	\N	\N	\N	CQ WW 160m Contest	\N	DF7CB	IC7610	100	Krefeld	JO31HI	FD4	\N	\N	\N	2022-01-30 22:08:09+00	16	29
2022-01-29 16:15:00+00	\N	OM2XW	OM	1.8141	CW	59914	59915	\N	\N	\N	\N	\N	\N	CQ WW 160m Contest	\N	DF7CB	IC7610	100	Krefeld	JO31HI	FD4	\N	\N	\N	2022-01-30 22:08:09+00	15	28
2022-01-29 16:15:30+00	\N	OK1DOL	OK	1.8135	CW	59914	59915	\N	\N	\N	\N	\N	\N	CQ WW 160m Contest	\N	DF7CB	IC7610	100	Krefeld	JO31HI	FD4	\N	\N	\N	2022-01-30 22:08:09+00	15	28
2022-01-29 16:17:00+00	\N	OM3GI	OM	1.8127	CW	59914	59915	\N	\N	\N	\N	\N	\N	CQ WW 160m Contest	\N	DF7CB	IC7610	100	Krefeld	JO31HI	FD4	\N	\N	\N	2022-01-30 22:08:09+00	15	28
2022-01-29 16:18:00+00	\N	HA5JI	HA	1.8122	CW	59914	59915	\N	\N	\N	\N	\N	\N	CQ WW 160m Contest	\N	DF7CB	IC7610	100	Krefeld	JO31HI	FD4	\N	\N	\N	2022-01-30 22:08:09+00	15	28
2022-01-29 16:19:00+00	\N	DP4E	DL	1.8114	CW	59914	59914	\N	\N	\N	\N	\N	\N	CQ WW 160m Contest	\N	DF7CB	IC7610	100	Krefeld	JO31HI	FD4	\N	\N	\N	2022-01-30 22:08:09+00	14	28
2022-01-29 16:20:00+00	\N	SN1T	SP	1.8111	CW	59914	59915	\N	\N	\N	\N	\N	\N	CQ WW 160m Contest	\N	DF7CB	IC7610	100	Krefeld	JO31HI	FD4	\N	\N	\N	2022-01-30 22:08:09+00	15	28
2022-01-29 16:26:46+00	2022-01-29 16:27:15+00	DL4EA	DL	2400.042336	FT4	+16	-02	\N	\N	\N	\N	JN48MQ	\N	\N	\N	DF7CB	LimeSDR	1	Krefeld	JO31HI	1m dish	QO100	\N	{"cqz": "14", "ituz": "28", "lotw": true}	2022-01-29 22:47:19+00	\N	\N
2022-01-29 16:29:00+00	\N	LY7Z	LY	1.8692	CW	59914	59915	\N	\N	\N	\N	\N	\N	CQ WW 160m Contest	\N	DF7CB	IC7610	100	Krefeld	JO31HI	FD4	\N	\N	\N	2022-01-30 22:08:09+00	15	29
2022-01-29 16:31:00+00	\N	YT0A	YU	1.8664	CW	59914	59915	\N	\N	\N	\N	\N	\N	CQ WW 160m Contest	\N	DF7CB	IC7610	100	Krefeld	JO31HI	FD4	\N	\N	\N	2022-01-30 22:08:09+00	15	28
2022-01-29 16:33:00+00	\N	DL1EKO	DL	1.8651	CW	59914	59914	\N	\N	\N	\N	\N	\N	CQ WW 160m Contest	\N	DF7CB	IC7610	100	Krefeld	JO31HI	FD4	\N	\N	\N	2022-01-30 22:08:09+00	14	28
2022-01-29 16:34:00+00	\N	DK2CX	DL	1.8643	CW	59914	59914	\N	\N	\N	\N	\N	\N	CQ WW 160m Contest	\N	DF7CB	IC7610	100	Krefeld	JO31HI	FD4	\N	\N	\N	2022-01-30 22:08:09+00	14	28
2022-01-29 16:34:30+00	\N	S53R	S5	1.863	CW	59914	59915	\N	\N	\N	\N	\N	\N	CQ WW 160m Contest	\N	DF7CB	IC7610	100	Krefeld	JO31HI	FD4	\N	\N	\N	2022-01-30 22:08:09+00	15	28
2022-01-29 16:35:00+00	\N	OK4U	OK	1.8622	CW	59914	59915	\N	\N	\N	\N	\N	\N	CQ WW 160m Contest	\N	DF7CB	IC7610	100	Krefeld	JO31HI	FD4	\N	\N	\N	2022-01-30 22:08:09+00	15	28
2022-01-29 16:38:00+00	\N	OM2XA	OM	1.8572	CW	59914	59915	\N	\N	\N	\N	\N	\N	CQ WW 160m Contest	\N	DF7CB	IC7610	100	Krefeld	JO31HI	FD4	\N	\N	\N	2022-01-30 22:08:09+00	15	28
2022-01-29 16:39:23+00	2022-01-29 16:39:45+00	SV8QG	SV	2400.042314	FT4	+04	+01	\N	\N	\N	\N	KM39GC	\N	\N	\N	DF7CB	LimeSDR	1	Krefeld	JO31HI	1m dish	QO100	\N	{"cqz": "20", "iota": "EU-049", "ituz": "28", "lotw": true}	2022-01-30 22:18:04+00	\N	\N
2022-01-29 16:41:00+00	\N	S50C	S5	1.855	CW	59914	59915	\N	\N	\N	\N	\N	\N	CQ WW 160m Contest	\N	DF7CB	IC7610	100	Krefeld	JO31HI	FD4	\N	\N	\N	2022-01-30 22:08:09+00	15	28
2022-01-29 16:44:00+00	\N	HG0R	HA	1.8531	CW	59914	59915	\N	\N	\N	\N	\N	\N	CQ WW 160m Contest	\N	DF7CB	IC7610	100	Krefeld	JO31HI	FD4	\N	\N	\N	2022-01-30 22:08:09+00	15	28
2022-01-29 16:44:30+00	\N	DM5GG	DL	1.8527	CW	59914	59914	\N	\N	\N	\N	\N	\N	CQ WW 160m Contest	\N	DF7CB	IC7610	100	Krefeld	JO31HI	FD4	\N	\N	\N	2022-01-30 22:08:09+00	14	28
2022-01-29 16:45:00+00	\N	OK1KDO	OK	1.8524	CW	59914	59915	\N	\N	\N	\N	\N	\N	CQ WW 160m Contest	\N	DF7CB	IC7610	100	Krefeld	JO31HI	FD4	\N	\N	\N	2022-01-30 22:08:09+00	15	28
2022-01-29 16:46:00+00	\N	OM4Q	OM	1.8519	CW	59914	59915	\N	\N	\N	\N	\N	\N	CQ WW 160m Contest	\N	DF7CB	IC7610	100	Krefeld	JO31HI	FD4	\N	\N	\N	2022-01-30 22:08:09+00	15	28
2022-01-29 16:46:30+00	\N	HA1DAE	HA	1.8516	CW	59914	59915	\N	\N	\N	\N	\N	\N	CQ WW 160m Contest	\N	DF7CB	IC7610	100	Krefeld	JO31HI	FD4	\N	\N	\N	2022-01-30 22:08:09+00	15	28
2022-01-29 16:48:00+00	\N	S53M	S5	1.8509	CW	59914	59915	\N	\N	\N	\N	\N	\N	CQ WW 160m Contest	\N	DF7CB	IC7610	100	Krefeld	JO31HI	FD4	\N	\N	\N	2022-01-30 22:08:09+00	15	28
2022-01-29 16:49:00+00	\N	SN1LH	SP	1.8504	CW	59914	59915	\N	\N	\N	\N	\N	\N	CQ WW 160m Contest	\N	DF7CB	IC7610	100	Krefeld	JO31HI	FD4	\N	\N	\N	2022-01-30 22:08:09+00	15	28
2022-01-29 16:50:00+00	\N	OL1C	OK	1.8499	CW	59914	59915	\N	\N	\N	\N	\N	\N	CQ WW 160m Contest	\N	DF7CB	IC7610	100	Krefeld	JO31HI	FD4	\N	\N	\N	2022-01-30 22:08:09+00	15	28
2022-01-29 16:52:00+00	\N	DP7D	DL	1.8492	CW	59914	59914	\N	\N	\N	\N	\N	\N	CQ WW 160m Contest	\N	DF7CB	IC7610	100	Krefeld	JO31HI	FD4	\N	\N	\N	2022-01-30 22:08:09+00	14	28
2022-01-29 16:57:00+00	\N	IV3SKB	I	1.8481	CW	59914	59915	\N	\N	\N	\N	\N	\N	CQ WW 160m Contest	\N	DF7CB	IC7610	100	Krefeld	JO31HI	FD4	\N	\N	\N	2022-01-30 22:08:09+00	15	28
2022-01-29 17:01:00+00	\N	DL5WW	DL	1.8471	CW	59914	59914	\N	\N	\N	\N	\N	\N	CQ WW 160m Contest	\N	DF7CB	IC7610	100	Krefeld	JO31HI	FD4	\N	\N	\N	2022-01-30 22:08:09+00	14	28
2022-01-29 17:02:00+00	\N	IQ2CJ	I	1.8467	CW	59914	59915	\N	\N	\N	\N	\N	\N	CQ WW 160m Contest	\N	DF7CB	IC7610	100	Krefeld	JO31HI	FD4	\N	\N	\N	2022-01-30 22:08:09+00	15	28
2022-01-29 17:04:00+00	\N	S52AW	S5	1.8458	CW	59914	59915	\N	\N	\N	\N	\N	\N	CQ WW 160m Contest	\N	DF7CB	IC7610	100	Krefeld	JO31HI	FD4	\N	\N	\N	2022-01-30 22:08:09+00	15	28
2022-01-29 17:05:00+00	\N	LY5E	LY	1.8455	CW	59914	59915	\N	\N	\N	\N	\N	\N	CQ WW 160m Contest	\N	DF7CB	IC7610	100	Krefeld	JO31HI	FD4	\N	\N	\N	2022-01-30 22:08:09+00	15	29
2022-01-29 17:06:00+00	\N	OK2TJ	OK	1.845	CW	59914	59915	\N	\N	\N	\N	\N	\N	CQ WW 160m Contest	\N	DF7CB	IC7610	100	Krefeld	JO31HI	FD4	\N	\N	\N	2022-01-30 22:08:09+00	15	28
2022-01-29 17:07:00+00	\N	DH7KU	DL	1.8447	CW	59914	59914	\N	\N	\N	\N	\N	\N	CQ WW 160m Contest	\N	DF7CB	IC7610	100	Krefeld	JO31HI	FD4	\N	\N	\N	2022-01-30 22:08:09+00	14	28
2022-01-29 17:11:00+00	\N	OL0W	OK	1.8436	CW	59914	59915	\N	\N	\N	\N	\N	\N	CQ WW 160m Contest	\N	DF7CB	IC7610	100	Krefeld	JO31HI	FD4	\N	\N	\N	2022-01-30 22:08:09+00	15	28
2022-01-29 17:11:30+00	\N	IK4VET	I	1.8433	CW	59914	59915	\N	\N	\N	\N	\N	\N	CQ WW 160m Contest	\N	DF7CB	IC7610	100	Krefeld	JO31HI	FD4	\N	\N	\N	2022-01-30 22:08:09+00	15	28
2022-01-29 17:15:00+00	\N	YR8D	YO	1.8403	CW	59914	59920	\N	\N	\N	\N	\N	\N	CQ WW 160m Contest	\N	DF7CB	IC7610	100	Krefeld	JO31HI	FD4	\N	\N	\N	2022-01-30 22:08:09+00	20	28
2022-01-29 19:49:45+00	2022-01-29 19:50:45+00	G4XRR	G	2400.041039	FT8	+10	+01	\N	\N	\N	\N	IO80	\N	\N	\N	DF7CB	LimeSDR	1	Krefeld	JO31HI	1m dish	QO100	\N	\N	2022-01-29 19:50:48+00	14	27
2022-01-29 19:58:15+00	2022-01-29 20:00:00+00	PE1JDY	PA	2400.041039	FT8	+00	+00	\N	\N	\N	\N	JO21	\N	\N	\N	DF7CB	LimeSDR	1	Krefeld	JO31HI	1m dish	QO100	\N	\N	2022-01-29 20:00:02+00	14	27
2022-01-29 20:01:00+00	\N	OH3FM	OH	1.8398	CW	59914	59915	\N	\N	\N	\N	\N	\N	CQ WW 160m Contest	\N	DF7CB	IC7610	100	Krefeld	JO31HI	FD4	\N	\N	\N	2022-01-30 22:08:09+00	15	18
2022-01-29 20:04:00+00	\N	LC7X	LA	1.8396	CW	59914	59914	\N	\N	\N	\N	\N	\N	CQ WW 160m Contest	\N	DF7CB	IC7610	100	Krefeld	JO31HI	FD4	\N	\N	\N	2022-01-30 22:08:09+00	14	18
2022-01-29 20:04:30+00	\N	OK1Z	OK	1.8394	CW	59914	59915	\N	\N	\N	\N	\N	\N	CQ WW 160m Contest	\N	DF7CB	IC7610	100	Krefeld	JO31HI	FD4	\N	\N	\N	2022-01-30 22:08:09+00	15	28
2022-01-29 20:05:00+00	\N	UA2FW	UA2	1.8392	CW	59914	59915	\N	\N	\N	\N	\N	\N	CQ WW 160m Contest	\N	DF7CB	IC7610	100	Krefeld	JO31HI	FD4	\N	\N	\N	2022-01-30 22:08:09+00	15	29
2022-01-29 20:06:00+00	\N	DR1D	DL	1.8388	CW	59914	59914	\N	\N	\N	\N	\N	\N	CQ WW 160m Contest	\N	DF7CB	IC7610	100	Krefeld	JO31HI	FD4	\N	\N	\N	2022-01-30 22:08:09+00	14	28
2022-01-29 20:09:00+00	\N	CR6K	CT	1.8384	CW	59914	59914	\N	\N	\N	\N	\N	\N	CQ WW 160m Contest	\N	DF7CB	IC7610	100	Krefeld	JO31HI	FD4	\N	\N	\N	2022-01-30 22:08:09+00	14	37
2022-01-29 20:10:00+00	\N	OK5Z	OK	1.8378	CW	59914	59915	\N	\N	\N	\N	\N	\N	CQ WW 160m Contest	\N	DF7CB	IC7610	100	Krefeld	JO31HI	FD4	\N	\N	\N	2022-01-30 22:08:09+00	15	28
2022-01-29 20:12:00+00	\N	OL6D	OK	1.837	CW	59914	59915	\N	\N	\N	\N	\N	\N	CQ WW 160m Contest	\N	DF7CB	IC7610	100	Krefeld	JO31HI	FD4	\N	\N	\N	2022-01-30 22:08:09+00	15	28
2022-01-29 20:13:00+00	\N	HG8DX	HA	1.8365	CW	59914	59915	\N	\N	\N	\N	\N	\N	CQ WW 160m Contest	\N	DF7CB	IC7610	100	Krefeld	JO31HI	FD4	\N	\N	\N	2022-01-30 22:08:09+00	15	28
2022-01-29 20:15:00+00	\N	OK7K	OK	1.8362	CW	59914	59915	\N	\N	\N	\N	\N	\N	CQ WW 160m Contest	\N	DF7CB	IC7610	100	Krefeld	JO31HI	FD4	\N	\N	\N	2022-01-30 22:08:09+00	15	28
2022-01-29 20:19:00+00	\N	IK7YTT	I	1.8357	CW	59914	59915	\N	\N	\N	\N	\N	\N	CQ WW 160m Contest	\N	DF7CB	IC7610	100	Krefeld	JO31HI	FD4	\N	\N	\N	2022-01-30 22:08:09+00	15	28
2022-01-29 20:19:30+00	\N	HB0/DL3DXX	HB0	1.8353	CW	59914	59914	\N	\N	\N	\N	\N	\N	CQ WW 160m Contest	\N	DF7CB	IC7610	100	Krefeld	JO31HI	FD4	\N	\N	\N	2022-01-30 22:08:09+00	14	28
2022-01-29 20:21:00+00	\N	ES9C	ES	1.835	CW	59914	59915	\N	\N	\N	\N	\N	\N	CQ WW 160m Contest	\N	DF7CB	IC7610	100	Krefeld	JO31HI	FD4	\N	\N	\N	2022-01-30 22:08:09+00	15	29
2022-01-29 20:22:00+00	\N	EF5Y	EA	1.8349	CW	59914	59914	\N	\N	\N	\N	\N	\N	CQ WW 160m Contest	\N	DF7CB	IC7610	100	Krefeld	JO31HI	FD4	\N	\N	\N	2022-01-30 22:08:09+00	14	37
2022-01-29 20:23:00+00	\N	SP3VT	SP	1.8345	CW	59914	59915	\N	\N	\N	\N	\N	\N	CQ WW 160m Contest	\N	DF7CB	IC7610	100	Krefeld	JO31HI	FD4	\N	\N	\N	2022-01-30 22:08:09+00	15	28
2022-01-29 20:24:00+00	\N	DM4MN	DL	1.8342	CW	59914	59914	\N	\N	\N	\N	\N	\N	CQ WW 160m Contest	\N	DF7CB	IC7610	100	Krefeld	JO31HI	FD4	\N	\N	\N	2022-01-30 22:08:09+00	14	28
2022-01-29 20:28:00+00	\N	SP3HLM	SP	1.8336	CW	59914	59915	\N	\N	\N	\N	\N	\N	CQ WW 160m Contest	\N	DF7CB	IC7610	100	Krefeld	JO31HI	FD4	\N	\N	\N	2022-01-30 22:08:09+00	15	28
2022-01-29 20:29:00+00	\N	OM2Y	OM	1.8334	CW	59914	59915	\N	\N	\N	\N	\N	\N	CQ WW 160m Contest	\N	DF7CB	IC7610	100	Krefeld	JO31HI	FD4	\N	\N	\N	2022-01-30 22:08:09+00	15	28
2022-01-29 20:29:30+00	\N	SC7DX	SM	1.8332	CW	59914	59914	\N	\N	\N	\N	\N	\N	CQ WW 160m Contest	\N	DF7CB	IC7610	100	Krefeld	JO31HI	FD4	\N	\N	\N	2022-01-30 22:08:09+00	14	18
2022-01-29 20:30:00+00	\N	HB9ARF	HB	1.833	CW	59914	59914	\N	\N	\N	\N	\N	\N	CQ WW 160m Contest	\N	DF7CB	IC7610	100	Krefeld	JO31HI	FD4	\N	\N	\N	2022-01-30 22:08:09+00	14	28
2022-01-29 20:31:00+00	\N	UX2X	UR	1.8327	CW	59914	59916	\N	\N	\N	\N	\N	\N	CQ WW 160m Contest	\N	DF7CB	IC7610	100	Krefeld	JO31HI	FD4	\N	\N	\N	2022-01-30 22:08:09+00	16	29
2022-01-29 20:35:00+00	\N	LZ3ZZ	LZ	1.8323	CW	59914	59920	\N	\N	\N	\N	\N	\N	CQ WW 160m Contest	\N	DF7CB	IC7610	100	Krefeld	JO31HI	FD4	\N	\N	\N	2022-01-30 22:08:09+00	20	28
2022-01-29 20:36:00+00	\N	IZ2KXC	I	1.8318	CW	59914	59915	\N	\N	\N	\N	\N	\N	CQ WW 160m Contest	\N	DF7CB	IC7610	100	Krefeld	JO31HI	FD4	\N	\N	\N	2022-01-30 22:08:09+00	15	28
2022-01-29 20:38:00+00	\N	UT6UD	UR	1.8315	CW	59914	59916	\N	\N	\N	\N	\N	\N	CQ WW 160m Contest	\N	DF7CB	IC7610	100	Krefeld	JO31HI	FD4	\N	\N	\N	2022-01-30 22:08:09+00	16	29
2022-01-29 20:47:00+00	\N	9A3JB	9A	1.83	CW	59914	59915	\N	\N	\N	\N	\N	\N	CQ WW 160m Contest	\N	DF7CB	IC7610	100	Krefeld	JO31HI	FD4	\N	\N	\N	2022-01-30 22:08:09+00	15	28
2022-01-29 20:48:00+00	\N	DK1NO	DL	1.8293	CW	59914	59914	\N	\N	\N	\N	\N	\N	CQ WW 160m Contest	\N	DF7CB	IC7610	100	Krefeld	JO31HI	FD4	\N	\N	\N	2022-01-30 22:08:09+00	14	28
2022-01-29 20:49:00+00	\N	R7NW	UA	1.8281	CW	59914	59916	\N	\N	\N	\N	\N	\N	CQ WW 160m Contest	\N	DF7CB	IC7610	100	Krefeld	JO31HI	FD4	\N	\N	\N	2022-01-30 22:08:09+00	16	29
2022-01-29 20:50:00+00	\N	YL7X	YL	1.8278	CW	59914	59915	\N	\N	\N	\N	\N	\N	CQ WW 160m Contest	\N	DF7CB	IC7610	100	Krefeld	JO31HI	FD4	\N	\N	\N	2022-01-30 22:08:09+00	15	29
2022-01-29 20:51:00+00	\N	OM3RM	OM	1.8273	CW	59914	59915	\N	\N	\N	\N	\N	\N	CQ WW 160m Contest	\N	DF7CB	IC7610	100	Krefeld	JO31HI	FD4	\N	\N	\N	2022-01-30 22:08:09+00	15	28
2022-01-29 20:52:00+00	\N	RG2A	UA	1.827	CW	59914	59916	\N	\N	\N	\N	\N	\N	CQ WW 160m Contest	\N	DF7CB	IC7610	100	Krefeld	JO31HI	FD4	\N	\N	\N	2022-01-30 22:08:09+00	16	29
2022-01-29 20:53:00+00	\N	G4A	G	1.8267	CW	59914	59914	\N	\N	\N	\N	\N	\N	CQ WW 160m Contest	\N	DF7CB	IC7610	100	Krefeld	JO31HI	FD4	\N	\N	\N	2022-01-30 22:08:09+00	14	27
2022-01-29 21:02:00+00	\N	MM1E	GM	1.8255	CW	59914	59914	\N	\N	\N	\N	\N	\N	CQ WW 160m Contest	\N	DF7CB	IC7610	100	Krefeld	JO31HI	FD4	\N	\N	\N	2022-01-30 22:08:09+00	14	27
2022-01-29 21:04:00+00	\N	DL1AUZ	DL	1.8247	CW	59914	59914	\N	\N	\N	\N	\N	\N	CQ WW 160m Contest	\N	DF7CB	IC7610	100	Krefeld	JO31HI	FD4	\N	\N	\N	2022-01-30 22:08:09+00	14	28
2022-01-29 21:06:00+00	\N	SN2B	SP	1.8242	CW	59914	59915	\N	\N	\N	\N	\N	\N	CQ WW 160m Contest	\N	DF7CB	IC7610	100	Krefeld	JO31HI	FD4	\N	\N	\N	2022-01-30 22:08:09+00	15	28
2022-01-29 21:07:00+00	\N	SN7Q	SP	1.8237	CW	59914	59915	\N	\N	\N	\N	\N	\N	CQ WW 160m Contest	\N	DF7CB	IC7610	100	Krefeld	JO31HI	FD4	\N	\N	\N	2022-01-30 22:08:09+00	15	28
2022-01-29 21:09:00+00	\N	UA4M	UA	1.823	CW	59914	59916	\N	\N	\N	\N	\N	\N	CQ WW 160m Contest	\N	DF7CB	IC7610	100	Krefeld	JO31HI	FD4	\N	\N	\N	2022-01-30 22:08:09+00	16	29
2022-01-29 21:11:00+00	\N	G3XTT	G	1.8228	CW	59914	59914	\N	\N	\N	\N	\N	\N	CQ WW 160m Contest	\N	DF7CB	IC7610	100	Krefeld	JO31HI	FD4	\N	\N	\N	2022-01-30 22:08:09+00	14	27
2022-01-29 21:14:00+00	\N	9A5X	9A	1.8221	CW	59914	59915	\N	\N	\N	\N	\N	\N	CQ WW 160m Contest	\N	DF7CB	IC7610	100	Krefeld	JO31HI	FD4	\N	\N	\N	2022-01-30 22:08:09+00	15	28
2022-01-29 21:14:30+00	\N	S53F	S5	1.8218	CW	59914	59915	\N	\N	\N	\N	\N	\N	CQ WW 160m Contest	\N	DF7CB	IC7610	100	Krefeld	JO31HI	FD4	\N	\N	\N	2022-01-30 22:08:09+00	15	28
2022-01-29 21:17:00+00	\N	9A2W	9A	1.8213	CW	59914	59915	\N	\N	\N	\N	\N	\N	CQ WW 160m Contest	\N	DF7CB	IC7610	100	Krefeld	JO31HI	FD4	\N	\N	\N	2022-01-30 22:08:09+00	15	28
2022-01-29 21:18:00+00	\N	G4PIQ	G	1.8208	CW	59914	59914	\N	\N	\N	\N	\N	\N	CQ WW 160m Contest	\N	DF7CB	IC7610	100	Krefeld	JO31HI	FD4	\N	\N	\N	2022-01-30 22:08:09+00	14	27
2022-01-29 21:20:00+00	\N	HG5A	HA	1.8192	CW	59914	59915	\N	\N	\N	\N	\N	\N	CQ WW 160m Contest	\N	DF7CB	IC7610	100	Krefeld	JO31HI	FD4	\N	\N	\N	2022-01-30 22:08:09+00	15	28
2022-01-29 21:21:00+00	\N	SP8PAI	SP	1.8188	CW	59914	59915	\N	\N	\N	\N	\N	\N	CQ WW 160m Contest	\N	DF7CB	IC7610	100	Krefeld	JO31HI	FD4	\N	\N	\N	2022-01-30 22:08:09+00	15	28
2022-01-29 21:24:00+00	\N	9A0BB	9A	1.8183	CW	59914	59915	\N	\N	\N	\N	\N	\N	CQ WW 160m Contest	\N	DF7CB	IC7610	100	Krefeld	JO31HI	FD4	\N	\N	\N	2022-01-30 22:08:09+00	15	28
2022-01-29 21:24:30+00	\N	EF1A	EA	1.818	CW	59914	59914	\N	\N	\N	\N	\N	\N	CQ WW 160m Contest	\N	DF7CB	IC7610	100	Krefeld	JO31HI	FD4	\N	\N	\N	2022-01-30 22:08:09+00	14	37
2022-01-29 21:26:00+00	\N	OM0M	OM	1.8173	CW	59914	59915	\N	\N	\N	\N	\N	\N	CQ WW 160m Contest	\N	DF7CB	IC7610	100	Krefeld	JO31HI	FD4	\N	\N	\N	2022-01-30 22:08:09+00	15	28
2022-01-29 21:31:00+00	\N	E7DX	E7	1.8157	CW	59914	59915	\N	\N	\N	\N	\N	\N	CQ WW 160m Contest	\N	DF7CB	IC7610	100	Krefeld	JO31HI	FD4	\N	\N	\N	2022-01-30 22:08:09+00	15	28
2022-01-29 21:35:00+00	\N	S52C	S5	1.8153	CW	59914	59915	\N	\N	\N	\N	\N	\N	CQ WW 160m Contest	\N	DF7CB	IC7610	100	Krefeld	JO31HI	FD4	\N	\N	\N	2022-01-30 22:08:09+00	15	28
2022-01-29 21:40:00+00	\N	OR3A	ON	1.8148	CW	59914	59914	\N	\N	\N	\N	\N	\N	CQ WW 160m Contest	\N	DF7CB	IC7610	100	Krefeld	JO31HI	FD4	\N	\N	\N	2022-01-30 22:08:09+00	14	27
2022-01-29 21:42:00+00	\N	M5W	G	1.8142	CW	59914	59914	\N	\N	\N	\N	\N	\N	CQ WW 160m Contest	\N	DF7CB	IC7610	100	Krefeld	JO31HI	FD4	\N	\N	\N	2022-01-30 22:08:09+00	14	27
2022-01-29 21:42:30+00	\N	PE6Q	PA	1.8137	CW	59914	59914	\N	\N	\N	\N	\N	\N	CQ WW 160m Contest	\N	DF7CB	IC7610	100	Krefeld	JO31HI	FD4	\N	\N	\N	2022-01-30 22:08:09+00	14	27
2022-01-29 21:47:00+00	\N	9A2EU	9A	1.8133	CW	59914	59915	\N	\N	\N	\N	\N	\N	CQ WW 160m Contest	\N	DF7CB	IC7610	100	Krefeld	JO31HI	FD4	\N	\N	\N	2022-01-30 22:08:09+00	15	28
2022-01-29 21:49:00+00	\N	OM4MW	OM	1.8121	CW	59914	59915	\N	\N	\N	\N	\N	\N	CQ WW 160m Contest	\N	DF7CB	IC7610	100	Krefeld	JO31HI	FD4	\N	\N	\N	2022-01-30 22:08:09+00	15	28
2022-01-29 21:50:00+00	\N	G3UJE	G	1.8115	CW	59914	59914	\N	\N	\N	\N	\N	\N	CQ WW 160m Contest	\N	DF7CB	IC7610	100	Krefeld	JO31HI	FD4	\N	\N	\N	2022-01-30 22:08:09+00	14	27
2022-01-29 22:06:00+00	\N	4U9A	\N	1.8353	CW	59914	59915	\N	\N	\N	\N	\N	\N	CQ WW 160m Contest	\N	DF7CB	IC7610	100	Krefeld	JO31HI	FD4	\N	\N	\N	2022-01-30 22:08:09+00	15	\N
2022-01-29 22:07:00+00	\N	4L2M	4L	1.8458	CW	59914	59921	\N	\N	\N	\N	\N	\N	CQ WW 160m Contest	\N	DF7CB	IC7610	100	Krefeld	JO31HI	FD4	\N	\N	\N	2022-01-30 22:08:09+00	21	29
2022-01-29 22:11:00+00	\N	CR3W	CT3	1.8472	CW	59914	59933	\N	\N	\N	\N	\N	\N	CQ WW 160m Contest	\N	DF7CB	IC7610	100	Krefeld	JO31HI	FD4	\N	\N	\N	2022-01-30 22:08:09+00	33	36
2022-01-29 22:11:00+00	2022-01-29 22:12:00+00	SQ6PNT	SP	2400.042156	FT8	+10	-05	\N	\N	\N	\N	JO81	\N	\N	\N	DF7CB	LimeSDR	1	Krefeld	JO31HI	1m dish	QO100	\N	\N	2022-01-29 22:12:03+00	15	28
2022-01-29 22:13:30+00	2022-01-29 22:14:30+00	SP8NR	SP	2400.042156	FT8	+08	+03	\N	\N	\N	\N	KO12	\N	\N	\N	DF7CB	LimeSDR	1	Krefeld	JO31HI	1m dish	QO100	\N	\N	2022-01-29 22:14:35+00	15	28
2022-01-29 22:25:00+00	\N	RA0AM	UA9	1.8522	CW	59914	59918	\N	\N	\N	\N	\N	\N	CQ WW 160m Contest	\N	DF7CB	IC7610	100	Krefeld	JO31HI	FD4	\N	\N	\N	2022-01-30 22:08:09+00	18	30
2022-01-29 22:34:00+00	\N	R8TT	UA9	1.8348	CW	59914	59916	\N	\N	\N	\N	\N	\N	CQ WW 160m Contest	\N	DF7CB	IC7610	100	Krefeld	JO31HI	FD4	\N	\N	\N	2022-01-30 22:08:09+00	16	30
2022-01-29 22:39:00+00	\N	UX0LL	UR	1.8105	CW	59914	59916	\N	\N	\N	\N	\N	\N	CQ WW 160m Contest	\N	DF7CB	IC7610	100	Krefeld	JO31HI	FD4	\N	\N	\N	2022-01-30 22:08:09+00	16	29
2022-01-30 19:15:00+00	\N	RT4G	UA	1.8268	CW	59914	59916	\N	\N	\N	\N	\N	\N	CQ WW 160m Contest	\N	DF7CB	IC7610	100	Krefeld	JO31HI	FD4	\N	\N	\N	2022-01-30 22:08:09+00	16	29
2022-01-30 19:17:00+00	\N	YL3CW	YL	1.8258	CW	59914	59915	\N	\N	\N	\N	\N	\N	CQ WW 160m Contest	\N	DF7CB	IC7610	100	Krefeld	JO31HI	FD4	\N	\N	\N	2022-01-30 22:08:09+00	15	29
2022-01-30 19:17:30+00	\N	DM2X	DL	1.8254	CW	59914	59914	\N	\N	\N	\N	\N	\N	CQ WW 160m Contest	\N	DF7CB	IC7610	100	Krefeld	JO31HI	FD4	\N	\N	\N	2022-01-30 22:08:09+00	14	28
2022-01-30 19:20:00+00	\N	HB9AWS	HB	1.8252	CW	59914	59914	\N	\N	\N	\N	\N	\N	CQ WW 160m Contest	\N	DF7CB	IC7610	100	Krefeld	JO31HI	FD4	\N	\N	\N	2022-01-30 22:08:09+00	14	28
2022-01-30 19:22:00+00	\N	DL5YL	DL	1.8242	CW	59914	59914	\N	\N	\N	\N	\N	\N	CQ WW 160m Contest	\N	DF7CB	IC7610	100	Krefeld	JO31HI	FD4	\N	\N	\N	2022-01-30 22:08:09+00	14	28
2022-01-30 19:22:30+00	\N	UA7K	UA	1.824	CW	59914	59916	\N	\N	\N	\N	\N	\N	CQ WW 160m Contest	\N	DF7CB	IC7610	100	Krefeld	JO31HI	FD4	\N	\N	\N	2022-01-30 22:08:09+00	16	29
2022-01-30 19:23:00+00	\N	RT4F	UA	1.8236	CW	59914	59916	\N	\N	\N	\N	\N	\N	CQ WW 160m Contest	\N	DF7CB	IC7610	100	Krefeld	JO31HI	FD4	\N	\N	\N	2022-01-30 22:08:09+00	16	29
2022-01-30 19:25:00+00	\N	HB9CVQ	HB	1.8219	CW	59914	59914	\N	\N	\N	\N	\N	\N	CQ WW 160m Contest	\N	DF7CB	IC7610	100	Krefeld	JO31HI	FD4	\N	\N	\N	2022-01-30 22:08:09+00	14	28
2022-01-30 19:26:00+00	\N	SM2U	SM	1.8215	CW	59914	59914	\N	\N	\N	\N	\N	\N	CQ WW 160m Contest	\N	DF7CB	IC7610	100	Krefeld	JO31HI	FD4	\N	\N	\N	2022-01-30 22:08:09+00	14	18
2022-01-30 19:27:00+00	\N	DF8V	DL	1.8209	CW	59914	59914	\N	\N	\N	\N	\N	\N	CQ WW 160m Contest	\N	DF7CB	IC7610	100	Krefeld	JO31HI	FD4	\N	\N	\N	2022-01-30 22:08:09+00	14	28
2022-01-30 19:28:00+00	\N	MU5E	GU	1.8205	CW	59914	59914	\N	\N	\N	\N	\N	\N	CQ WW 160m Contest	\N	DF7CB	IC7610	100	Krefeld	JO31HI	FD4	\N	\N	\N	2022-01-30 22:08:09+00	14	27
2022-01-30 19:28:30+00	\N	S51KD	S5	1.8207	CW	59914	59915	\N	\N	\N	\N	\N	\N	CQ WW 160m Contest	\N	DF7CB	IC7610	100	Krefeld	JO31HI	FD4	\N	\N	\N	2022-01-30 22:08:09+00	15	28
2022-01-30 19:29:00+00	\N	OK1DWF	OK	1.8199	CW	59914	59915	\N	\N	\N	\N	\N	\N	CQ WW 160m Contest	\N	DF7CB	IC7610	100	Krefeld	JO31HI	FD4	\N	\N	\N	2022-01-30 22:08:09+00	15	28
2022-01-30 19:30:00+00	\N	OE2S	OE	1.8183	CW	59914	59915	\N	\N	\N	\N	\N	\N	CQ WW 160m Contest	\N	DF7CB	IC7610	100	Krefeld	JO31HI	FD4	\N	\N	\N	2022-01-30 22:08:09+00	15	28
2022-01-30 19:30:30+00	\N	G3OLB	G	1.8177	CW	59914	59914	\N	\N	\N	\N	\N	\N	CQ WW 160m Contest	\N	DF7CB	IC7610	100	Krefeld	JO31HI	FD4	\N	\N	\N	2022-01-30 22:08:09+00	14	27
2022-01-30 19:30:53+00	2022-01-30 19:31:22+00	DK1MCS	DL	2400.042193	FT4	+06	-02	\N	\N	\N	\N	JN57	\N	\N	\N	DF7CB	LimeSDR	1	Krefeld	JO31HI	1m dish	QO100	\N	\N	2022-01-30 19:31:27+00	14	28
2022-01-30 19:35:00+00	\N	DL2SWW	DL	1.8151	CW	59914	59914	\N	\N	\N	\N	\N	\N	CQ WW 160m Contest	\N	DF7CB	IC7610	100	Krefeld	JO31HI	FD4	\N	\N	\N	2022-01-30 22:08:09+00	14	28
2022-01-30 19:35:30+00	\N	SQ7U	SP	1.8145	CW	59914	59915	\N	\N	\N	\N	\N	\N	CQ WW 160m Contest	\N	DF7CB	IC7610	100	Krefeld	JO31HI	FD4	\N	\N	\N	2022-01-30 22:08:09+00	15	28
2022-01-30 19:36:00+00	\N	DC6O	DL	1.8137	CW	59914	59914	\N	\N	\N	\N	\N	\N	CQ WW 160m Contest	\N	DF7CB	IC7610	100	Krefeld	JO31HI	FD4	\N	\N	\N	2022-01-30 22:08:09+00	14	28
2022-01-30 19:37:00+00	\N	S51YI	S5	1.8132	CW	59914	59915	\N	\N	\N	\N	\N	\N	CQ WW 160m Contest	\N	DF7CB	IC7610	100	Krefeld	JO31HI	FD4	\N	\N	\N	2022-01-30 22:08:09+00	15	28
2022-01-30 19:39:00+00	\N	HB7X	HB	1.8113	CW	59914	59914	\N	\N	\N	\N	\N	\N	CQ WW 160m Contest	\N	DF7CB	IC7610	100	Krefeld	JO31HI	FD4	\N	\N	\N	2022-01-30 22:08:09+00	14	28
2022-01-30 19:41:00+00	\N	PI4CC	PA	1.8103	CW	59914	59914	\N	\N	\N	\N	\N	\N	CQ WW 160m Contest	\N	DF7CB	IC7610	100	Krefeld	JO31HI	FD4	\N	\N	\N	2022-01-30 22:08:09+00	14	27
2022-01-30 19:55:00+00	\N	SM4HCM	SM	1.8265	CW	59914	59914	\N	\N	\N	\N	\N	\N	CQ WW 160m Contest	\N	DF7CB	IC7610	100	Krefeld	JO31HI	FD4	\N	\N	\N	2022-01-30 22:08:09+00	14	18
2022-01-30 19:56:00+00	\N	OT6M	ON	1.826	CW	59914	59914	\N	\N	\N	\N	\N	\N	CQ WW 160m Contest	\N	DF7CB	IC7610	100	Krefeld	JO31HI	FD4	\N	\N	\N	2022-01-30 22:08:09+00	14	27
2022-01-30 19:57:00+00	\N	OE8TED	OE	1.8847	CW	59914	59915	\N	\N	\N	\N	\N	\N	CQ WW 160m Contest	\N	DF7CB	IC7610	100	Krefeld	JO31HI	FD4	\N	\N	\N	2022-01-30 22:08:09+00	15	28
2022-01-30 20:00:00+00	\N	G2X	G	1.8839	CW	59914	59914	\N	\N	\N	\N	\N	\N	CQ WW 160m Contest	\N	DF7CB	IC7610	100	Krefeld	JO31HI	FD4	\N	\N	\N	2022-01-30 22:08:09+00	14	27
2022-01-30 20:01:00+00	\N	DK1FY	DL	1.8833	CW	59914	59914	\N	\N	\N	\N	\N	\N	CQ WW 160m Contest	\N	DF7CB	IC7610	100	Krefeld	JO31HI	FD4	\N	\N	\N	2022-01-30 22:08:09+00	14	28
2022-01-30 20:02:00+00	\N	LY5AX	LY	1.8827	CW	59914	59915	\N	\N	\N	\N	\N	\N	CQ WW 160m Contest	\N	DF7CB	IC7610	100	Krefeld	JO31HI	FD4	\N	\N	\N	2022-01-30 22:08:09+00	15	29
2022-01-30 20:04:00+00	\N	YT6T	YU	1.88	CW	59914	59915	\N	\N	\N	\N	\N	\N	CQ WW 160m Contest	\N	DF7CB	IC7610	100	Krefeld	JO31HI	FD4	\N	\N	\N	2022-01-30 22:08:09+00	15	28
2022-01-30 20:05:00+00	\N	DL6MHW	DL	1.8793	CW	59914	59914	\N	\N	\N	\N	\N	\N	CQ WW 160m Contest	\N	DF7CB	IC7610	100	Krefeld	JO31HI	FD4	\N	\N	\N	2022-01-30 22:08:09+00	14	28
2022-01-30 20:05:30+00	\N	DL1AOB	DL	1.8788	CW	59914	59914	\N	\N	\N	\N	\N	\N	CQ WW 160m Contest	\N	DF7CB	IC7610	100	Krefeld	JO31HI	FD4	\N	\N	\N	2022-01-30 22:08:09+00	14	28
2022-01-30 20:18:00+00	\N	YT5A	YU	1.8778	CW	59914	59915	\N	\N	\N	\N	\N	\N	CQ WW 160m Contest	\N	DF7CB	IC7610	100	Krefeld	JO31HI	FD4	\N	\N	\N	2022-01-30 22:08:09+00	15	28
2022-01-30 20:19:00+00	\N	M0NDZ	G	1.8775	CW	59914	59914	\N	\N	\N	\N	\N	\N	CQ WW 160m Contest	\N	DF7CB	IC7610	100	Krefeld	JO31HI	FD4	\N	\N	\N	2022-01-30 22:08:09+00	14	27
2022-01-30 20:20:00+00	\N	OK1WCF	OK	1.8769	CW	59914	59915	\N	\N	\N	\N	\N	\N	CQ WW 160m Contest	\N	DF7CB	IC7610	100	Krefeld	JO31HI	FD4	\N	\N	\N	2022-01-30 22:08:09+00	15	28
2022-01-30 20:21:00+00	\N	DJ5MO	DL	1.8765	CW	59914	59914	\N	\N	\N	\N	\N	\N	CQ WW 160m Contest	\N	DF7CB	IC7610	100	Krefeld	JO31HI	FD4	\N	\N	\N	2022-01-30 22:08:09+00	14	28
2022-01-30 20:22:00+00	\N	DK1KC	DL	1.8761	CW	59914	59914	\N	\N	\N	\N	\N	\N	CQ WW 160m Contest	\N	DF7CB	IC7610	100	Krefeld	JO31HI	FD4	\N	\N	\N	2022-01-30 22:08:09+00	14	28
2022-01-30 20:23:00+00	\N	DL6KWN	DL	1.8758	CW	59914	59914	\N	\N	\N	\N	\N	\N	CQ WW 160m Contest	\N	DF7CB	IC7610	100	Krefeld	JO31HI	FD4	\N	\N	\N	2022-01-30 22:08:09+00	14	28
2022-01-30 20:27:00+00	\N	OE6MMD	OE	1.875	CW	59914	59915	\N	\N	\N	\N	\N	\N	CQ WW 160m Contest	\N	DF7CB	IC7610	100	Krefeld	JO31HI	FD4	\N	\N	\N	2022-01-30 22:08:09+00	15	28
2022-01-30 20:30:00+00	\N	HF1K	SP	1.873	CW	59914	59915	\N	\N	\N	\N	\N	\N	CQ WW 160m Contest	\N	DF7CB	IC7610	100	Krefeld	JO31HI	FD4	\N	\N	\N	2022-01-30 22:08:09+00	15	28
2022-01-30 20:31:00+00	\N	DD5M	DL	1.8724	CW	59914	59914	\N	\N	\N	\N	\N	\N	CQ WW 160m Contest	\N	DF7CB	IC7610	100	Krefeld	JO31HI	FD4	\N	\N	\N	2022-01-30 22:08:09+00	14	28
2022-01-30 20:32:00+00	\N	DL2SAX	DL	1.872	CW	59914	59914	\N	\N	\N	\N	\N	\N	CQ WW 160m Contest	\N	DF7CB	IC7610	100	Krefeld	JO31HI	FD4	\N	\N	\N	2022-01-30 22:08:09+00	14	28
2022-01-30 20:33:00+00	\N	DK2OY	DL	1.8694	CW	59914	59914	\N	\N	\N	\N	\N	\N	CQ WW 160m Contest	\N	DF7CB	IC7610	100	Krefeld	JO31HI	FD4	\N	\N	\N	2022-01-30 22:08:09+00	14	28
2022-01-30 20:34:00+00	\N	SP5EWX	SP	1.8691	CW	59914	59915	\N	\N	\N	\N	\N	\N	CQ WW 160m Contest	\N	DF7CB	IC7610	100	Krefeld	JO31HI	FD4	\N	\N	\N	2022-01-30 22:08:09+00	15	28
2022-01-30 20:35:00+00	\N	DL8ULF	DL	1.8688	CW	59914	59914	\N	\N	\N	\N	\N	\N	CQ WW 160m Contest	\N	DF7CB	IC7610	100	Krefeld	JO31HI	FD4	\N	\N	\N	2022-01-30 22:08:09+00	14	28
2022-01-30 20:35:30+00	\N	PA5WT	PA	1.8683	CW	59914	59914	\N	\N	\N	\N	\N	\N	CQ WW 160m Contest	\N	DF7CB	IC7610	100	Krefeld	JO31HI	FD4	\N	\N	\N	2022-01-30 22:08:09+00	14	27
2022-01-30 20:36:00+00	\N	PA5KT	PA	1.8672	CW	59914	59914	\N	\N	\N	\N	\N	\N	CQ WW 160m Contest	\N	DF7CB	IC7610	100	Krefeld	JO31HI	FD4	\N	\N	\N	2022-01-30 22:08:09+00	14	27
2022-01-30 20:37:00+00	\N	DL1BUG	DL	1.8658	CW	59914	59914	\N	\N	\N	\N	\N	\N	CQ WW 160m Contest	\N	DF7CB	IC7610	100	Krefeld	JO31HI	FD4	\N	\N	\N	2022-01-30 22:08:09+00	14	28
2022-01-30 20:38:00+00	\N	SO3O	SP	1.8652	CW	59914	59915	\N	\N	\N	\N	\N	\N	CQ WW 160m Contest	\N	DF7CB	IC7610	100	Krefeld	JO31HI	FD4	\N	\N	\N	2022-01-30 22:08:09+00	15	28
2022-01-30 20:50:00+00	\N	DJ7YP	DL	1.8649	CW	59914	59914	\N	\N	\N	\N	\N	\N	CQ WW 160m Contest	\N	DF7CB	IC7610	100	Krefeld	JO31HI	FD4	\N	\N	\N	2022-01-30 22:08:09+00	14	28
2022-01-30 20:50:30+00	\N	OM7RU	OM	1.8641	CW	59914	59915	\N	\N	\N	\N	\N	\N	CQ WW 160m Contest	\N	DF7CB	IC7610	100	Krefeld	JO31HI	FD4	\N	\N	\N	2022-01-30 22:08:09+00	15	28
2022-01-30 20:51:00+00	\N	DM2M	DL	1.8633	CW	59914	59914	\N	\N	\N	\N	\N	\N	CQ WW 160m Contest	\N	DF7CB	IC7610	100	Krefeld	JO31HI	FD4	\N	\N	\N	2022-01-30 22:08:09+00	14	28
2022-01-30 20:53:00+00	\N	DA0BCC	DL	1.863	CW	59914	59914	\N	\N	\N	\N	\N	\N	CQ WW 160m Contest	\N	DF7CB	IC7610	100	Krefeld	JO31HI	FD4	\N	\N	\N	2022-01-30 22:08:09+00	14	28
2022-01-30 20:59:00+00	\N	OK1AMF	OK	1.8553	CW	59914	59915	\N	\N	\N	\N	\N	\N	CQ WW 160m Contest	\N	DF7CB	IC7610	100	Krefeld	JO31HI	FD4	\N	\N	\N	2022-01-30 22:08:09+00	15	28
2022-01-30 21:07:00+00	\N	DJ5AN	DL	1.8532	CW	59914	59914	\N	\N	\N	\N	\N	\N	CQ WW 160m Contest	\N	DF7CB	IC7610	100	Krefeld	JO31HI	FD4	\N	\N	\N	2022-01-30 22:08:09+00	14	28
2022-01-30 21:10:00+00	\N	RW1A	UA	1.8519	CW	59914	59916	\N	\N	\N	\N	\N	\N	CQ WW 160m Contest	\N	DF7CB	IC7610	100	Krefeld	JO31HI	FD4	\N	\N	\N	2022-01-30 22:08:09+00	16	29
2022-01-30 21:11:00+00	\N	OZ5W	OZ	1.8513	CW	59914	59914	\N	\N	\N	\N	\N	\N	CQ WW 160m Contest	\N	DF7CB	IC7610	100	Krefeld	JO31HI	FD4	\N	\N	\N	2022-01-30 22:08:09+00	14	18
2022-01-30 21:11:30+00	\N	DL0LA	DL	1.8511	CW	59914	59914	\N	\N	\N	\N	\N	\N	CQ WW 160m Contest	\N	DF7CB	IC7610	100	Krefeld	JO31HI	FD4	\N	\N	\N	2022-01-30 22:08:09+00	14	28
2022-01-30 21:12:00+00	\N	DK1BT	DL	1.8509	CW	59914	59914	\N	\N	\N	\N	\N	\N	CQ WW 160m Contest	\N	DF7CB	IC7610	100	Krefeld	JO31HI	FD4	\N	\N	\N	2022-01-30 22:08:09+00	14	28
2022-01-30 21:13:00+00	\N	DL9CHR	DL	1.8506	CW	59914	59914	\N	\N	\N	\N	\N	\N	CQ WW 160m Contest	\N	DF7CB	IC7610	100	Krefeld	JO31HI	FD4	\N	\N	\N	2022-01-30 22:08:09+00	14	28
2022-01-30 21:13:30+00	\N	S57Q	S5	1.8497	CW	59914	59915	\N	\N	\N	\N	\N	\N	CQ WW 160m Contest	\N	DF7CB	IC7610	100	Krefeld	JO31HI	FD4	\N	\N	\N	2022-01-30 22:08:09+00	15	28
2022-01-30 21:14:00+00	\N	E7CW	E7	1.8491	CW	59914	59915	\N	\N	\N	\N	\N	\N	CQ WW 160m Contest	\N	DF7CB	IC7610	100	Krefeld	JO31HI	FD4	\N	\N	\N	2022-01-30 22:08:09+00	15	28
2022-01-30 21:15:00+00	\N	DP4X	DL	1.8485	CW	59914	59914	\N	\N	\N	\N	\N	\N	CQ WW 160m Contest	\N	DF7CB	IC7610	100	Krefeld	JO31HI	FD4	\N	\N	\N	2022-01-30 22:08:09+00	14	28
2022-01-30 21:16:00+00	\N	II5WRTC	I	1.8477	CW	59914	59915	\N	\N	\N	\N	\N	\N	CQ WW 160m Contest	\N	DF7CB	IC7610	100	Krefeld	JO31HI	FD4	\N	\N	\N	2022-01-30 22:08:09+00	15	28
2022-01-30 21:17:00+00	\N	DK1WB	DL	1.8474	CW	59914	59914	\N	\N	\N	\N	\N	\N	CQ WW 160m Contest	\N	DF7CB	IC7610	100	Krefeld	JO31HI	FD4	\N	\N	\N	2022-01-30 22:08:09+00	14	28
2022-01-30 21:19:00+00	\N	G4IRN	G	1.8451	CW	59914	59914	\N	\N	\N	\N	\N	\N	CQ WW 160m Contest	\N	DF7CB	IC7610	100	Krefeld	JO31HI	FD4	\N	\N	\N	2022-01-30 22:08:09+00	14	27
2022-01-30 21:21:00+00	\N	YU5W	YU	1.844	CW	59914	59915	\N	\N	\N	\N	\N	\N	CQ WW 160m Contest	\N	DF7CB	IC7610	100	Krefeld	JO31HI	FD4	\N	\N	\N	2022-01-30 22:08:09+00	15	28
2022-01-30 21:22:00+00	\N	HA5PP	HA	1.8433	CW	59914	59915	\N	\N	\N	\N	\N	\N	CQ WW 160m Contest	\N	DF7CB	IC7610	100	Krefeld	JO31HI	FD4	\N	\N	\N	2022-01-30 22:08:09+00	15	28
2022-01-30 21:22:30+00	\N	IK4ZGO	I	1.843	CW	59914	59915	\N	\N	\N	\N	\N	\N	CQ WW 160m Contest	\N	DF7CB	IC7610	100	Krefeld	JO31HI	FD4	\N	\N	\N	2022-01-30 22:08:09+00	15	28
2022-01-30 21:25:00+00	\N	F8DBF	F	1.8396	CW	59914	59914	\N	\N	\N	\N	\N	\N	CQ WW 160m Contest	\N	DF7CB	IC7610	100	Krefeld	JO31HI	FD4	\N	\N	\N	2022-01-30 22:08:09+00	14	27
2022-01-30 21:27:00+00	\N	UT5EL	UR	1.8394	CW	59914	59916	\N	\N	\N	\N	\N	\N	CQ WW 160m Contest	\N	DF7CB	IC7610	100	Krefeld	JO31HI	FD4	\N	\N	\N	2022-01-30 22:08:09+00	16	29
2022-01-30 21:28:00+00	\N	9A/F5SNJ	9A	1.8389	CW	59914	59915	\N	\N	\N	\N	\N	\N	CQ WW 160m Contest	\N	DF7CB	IC7610	100	Krefeld	JO31HI	FD4	\N	\N	\N	2022-01-30 22:08:09+00	15	28
2022-01-30 21:35:00+00	\N	YT7KM	YU	1.8335	CW	59914	59915	\N	\N	\N	\N	\N	\N	CQ WW 160m Contest	\N	DF7CB	IC7610	100	Krefeld	JO31HI	FD4	\N	\N	\N	2022-01-30 22:08:09+00	15	28
2022-01-30 21:37:00+00	\N	IK4DCX	I	1.8322	CW	59914	59915	\N	\N	\N	\N	\N	\N	CQ WW 160m Contest	\N	DF7CB	IC7610	100	Krefeld	JO31HI	FD4	\N	\N	\N	2022-01-30 22:08:09+00	15	28
2022-01-30 21:38:00+00	\N	UR8RF	UR	1.832	CW	59914	59916	\N	\N	\N	\N	\N	\N	CQ WW 160m Contest	\N	DF7CB	IC7610	100	Krefeld	JO31HI	FD4	\N	\N	\N	2022-01-30 22:08:09+00	16	29
2022-01-30 21:40:00+00	\N	GM3YEH	GM	1.8308	CW	59914	59914	\N	\N	\N	\N	\N	\N	CQ WW 160m Contest	\N	DF7CB	IC7610	100	Krefeld	JO31HI	FD4	\N	\N	\N	2022-01-30 22:08:09+00	14	27
2022-01-30 21:41:00+00	\N	II8WRTC	I	1.8305	CW	59914	59915	\N	\N	\N	\N	\N	\N	CQ WW 160m Contest	\N	DF7CB	IC7610	100	Krefeld	JO31HI	FD4	\N	\N	\N	2022-01-30 22:08:09+00	15	28
2022-01-30 21:44:00+00	\N	EW5A	EU	1.8288	CW	59914	59916	\N	\N	\N	\N	\N	\N	CQ WW 160m Contest	\N	DF7CB	IC7610	100	Krefeld	JO31HI	FD4	\N	\N	\N	2022-01-30 22:08:09+00	16	29
2022-01-30 21:46:00+00	\N	UA4CC	UA	1.8281	CW	59914	59916	\N	\N	\N	\N	\N	\N	CQ WW 160m Contest	\N	DF7CB	IC7610	100	Krefeld	JO31HI	FD4	\N	\N	\N	2022-01-30 22:08:09+00	16	29
2022-01-30 21:48:00+00	\N	OE5TXF	OE	1.8267	CW	59914	59915	\N	\N	\N	\N	\N	\N	CQ WW 160m Contest	\N	DF7CB	IC7610	100	Krefeld	JO31HI	FD4	\N	\N	\N	2022-01-30 22:08:09+00	15	28
2022-01-30 21:49:00+00	\N	OL1A	OK	1.8243	CW	59914	59915	\N	\N	\N	\N	\N	\N	CQ WW 160m Contest	\N	DF7CB	IC7610	100	Krefeld	JO31HI	FD4	\N	\N	\N	2022-01-30 22:08:09+00	15	28
2022-01-30 21:50:00+00	\N	G4CXT	G	1.8228	CW	59914	59914	\N	\N	\N	\N	\N	\N	CQ WW 160m Contest	\N	DF7CB	IC7610	100	Krefeld	JO31HI	FD4	\N	\N	\N	2022-01-30 22:08:09+00	14	27
2022-01-30 21:50:30+00	\N	SN5X	SP	1.8226	CW	59914	59915	\N	\N	\N	\N	\N	\N	CQ WW 160m Contest	\N	DF7CB	IC7610	100	Krefeld	JO31HI	FD4	\N	\N	\N	2022-01-30 22:08:09+00	15	28
2022-01-30 21:51:00+00	\N	YL3FT	YL	1.8218	CW	59914	59915	\N	\N	\N	\N	\N	\N	CQ WW 160m Contest	\N	DF7CB	IC7610	100	Krefeld	JO31HI	FD4	\N	\N	\N	2022-01-30 22:08:09+00	15	29
2022-01-30 21:54:00+00	\N	R5AJ	UA	1.8205	CW	59914	59916	\N	\N	\N	\N	\N	\N	CQ WW 160m Contest	\N	DF7CB	IC7610	100	Krefeld	JO31HI	FD4	\N	\N	\N	2022-01-30 22:08:09+00	16	29
2022-01-30 21:55:00+00	\N	HA8BE	HA	1.8199	CW	59914	59915	\N	\N	\N	\N	\N	\N	CQ WW 160m Contest	\N	DF7CB	IC7610	100	Krefeld	JO31HI	FD4	\N	\N	\N	2022-01-30 22:08:09+00	15	28
2022-01-30 21:55:30+00	\N	LY4A	LY	1.8196	CW	59914	59915	\N	\N	\N	\N	\N	\N	CQ WW 160m Contest	\N	DF7CB	IC7610	100	Krefeld	JO31HI	FD4	\N	\N	\N	2022-01-30 22:08:09+00	15	29
2022-01-30 21:56:00+00	\N	DM3W	DL	1.8186	CW	59914	59914	\N	\N	\N	\N	\N	\N	CQ WW 160m Contest	\N	DF7CB	IC7610	100	Krefeld	JO31HI	FD4	\N	\N	\N	2022-01-30 22:08:09+00	14	28
2022-01-30 21:57:00+00	\N	G5LP	G	1.817	CW	59914	59914	\N	\N	\N	\N	\N	\N	CQ WW 160m Contest	\N	DF7CB	IC7610	100	Krefeld	JO31HI	FD4	\N	\N	\N	2022-01-30 22:08:09+00	14	27
2022-01-30 21:58:00+00	\N	SF5O	SM	1.8157	CW	59914	59914	\N	\N	\N	\N	\N	\N	CQ WW 160m Contest	\N	DF7CB	IC7610	100	Krefeld	JO31HI	FD4	\N	\N	\N	2022-01-30 22:08:09+00	14	18
2022-01-30 21:59:00+00	\N	DL2NBU	DL	1.8135	CW	59914	59914	\N	\N	\N	\N	\N	\N	CQ WW 160m Contest	\N	DF7CB	IC7610	100	Krefeld	JO31HI	FD4	\N	\N	\N	2022-01-30 22:08:09+00	14	28
