2018-12-01 16:50:00+00	\N	F4AJQ/P	F	3.522	CW	599001	599065	Y	R	\N	\N	\N	\N	UFT Test	\N	DF7CB	IC706	30	Krefeld	JO31HI	FD4	\N	\N	\N	\N
2018-12-01 16:59:00+00	\N	DJ7MS	DL	3.521	CW	599002	599049	N	N	\N	\N	\N	\N	TAR Test	\N	DF7CB	IC706	30	Krefeld	JO31HI	FD4	\N	\N	\N	\N
2018-12-01 17:19:00+00	\N	OL3E	OK	3.513	CW	599003	599032	Y	R	\N	\N	\N	\N	TAR Test	\N	DF7CB	IC706	30	Krefeld	JO31HI	FD4	\N	\N	\N	\N
2018-12-01 17:20:00+00	\N	HG90NK	HA	3.512	CW	599004	599052	Y	R	\N	\N	\N	\N	TAR Test	\N	DF7CB	IC706	30	Krefeld	JO31HI	FD4	\N	\N	\N	\N
2018-12-01 17:31:00+00	\N	HG1A	HA	3.51	CW	599005	599081	Y	R	\N	\N	\N	\N	TAR Test	\N	DF7CB	IC706	30	Krefeld	JO31HI	FD4	\N	\N	\N	\N
2018-12-01 17:35:00+00	\N	F5IN	F	3.512	CW	599006	599081	Y	R	\N	\N	JN18DD	\N	TAR Test	\N	DF7CB	IC706	30	Krefeld	JO31HI	FD4	\N	\N	{"cqz": "14", "ituz": "27", "lotw": true}	2020-07-06 15:26:11+00
2018-12-01 17:42:00+00	\N	HG90DJ	HA	3.511	CW	599	599	Y	R	\N	\N	\N	\N	\N	\N	DF7CB	IC706	30	Krefeld	JO31HI	FD4	\N	\N	\N	\N
2018-12-01 19:33:00+00	\N	DL3KWF	DL	3.513	CW	599007	599096PRO	Y	Y	\N	\N	JO64RC	V11	TAC Test	\N	DF7CB	IC706	30	Krefeld	JO31HI	FD4	\N	\N	{"cqz": "14", "dcl": "i", "ituz": "28", "lotw": true}	2020-07-06 15:26:11+00
2018-12-01 21:20:00+00	\N	YO5OSO	YO	3.531	CW	599008	599170PRO	Y	R	\N	\N	\N	\N	TAC Test	\N	DF7CB	IC706	30	Krefeld	JO31HI	FD4	\N	\N	\N	\N
2018-12-01 21:25:00+00	\N	S57X	S5	3.529	CW	599009	599098TOPS	Y	R	\N	\N	JN76AA	\N	TAR Test	\N	DF7CB	IC706	30	Krefeld	JO31HI	FD4	\N	\N	{"cqz": "15", "ituz": "28", "lotw": true}	2020-07-06 15:26:11+00
2018-12-01 21:32:00+00	\N	YT6T	YU	3.528	CW	599010	599172	Y	R	\N	\N	\N	\N	TAC Test	\N	DF7CB	IC706	30	Krefeld	JO31HI	FD4	\N	\N	\N	\N
2018-12-01 21:38:00+00	\N	UV5QQ	UR	3.526	CW	599011	599149	Y	R	\N	\N	\N	\N	TAC Test	\N	DF7CB	IC706	100	Krefeld	JO31HI	FD4	\N	\N	\N	\N
2018-12-01 21:43:00+00	\N	OL8M	OK	3.523	CW	599012	599190	Y	R	\N	\N	\N	\N	TAR Test	\N	DF7CB	IC706	100	Krefeld	JO31HI	FD4	\N	\N	\N	\N
2018-12-01 21:48:00+00	\N	YO5AXF	YO	3.517	CW	599013	599116	Y	R	\N	\N	KN16VN	\N	TAR Test	\N	DF7CB	IC706	30	Krefeld	JO31HI	FD4	\N	\N	{"cqz": "20", "ituz": "28", "lotw": true}	2020-07-06 15:26:11+00
2018-12-01 21:50:00+00	\N	YL3FW	YL	3.516	CW	599014	599082	Y	R	\N	\N	KO06MM	\N	TAR Test	\N	DF7CB	IC706	30	Krefeld	JO31HI	FD4	\N	\N	{"cqz": "15", "ituz": "29", "lotw": true}	2020-07-06 15:26:11+00
2018-12-01 21:52:00+00	\N	DG7EE	DL	3.515	CW	599015	599062	Y	R	\N	\N	\N	\N	TAC Test	\N	DF7CB	IC706	30	Krefeld	JO31HI	FD4	\N	\N	\N	\N
2018-12-01 21:57:00+00	\N	DL3KWR	DL	3.512	CW	599016	599187PRO	Y	Y	\N	\N	JO64RC	V11	TAC Test	\N	DF7CB	IC706	30	Krefeld	JO31HI	FD4	\N	\N	{"cqz": "14", "dcl": "i", "ituz": "28", "lotw": true}	2020-07-06 15:26:11+00
2018-12-01 22:00:00+00	\N	OK1HFP	OK	3.511	CW	599017	599143	Y	R	\N	\N	\N	\N	TAC Test	\N	DF7CB	IC706	30	Krefeld	JO31HI	FD4	\N	\N	\N	\N
2018-12-01 22:10:00+00	\N	S57DX	S5	3.517	CW	599018	599206	Y	R	\N	\N	\N	\N	TAC Test	\N	DF7CB	IC706	30	Krefeld	JO31HI	FD4	\N	\N	\N	\N
2018-12-01 22:11:00+00	2018-12-01 22:13:00+00	YL3CW	YL	7.008	CW	599	599	Y	Y	Vlad	\N	KO36CM	\N	\N	\N	DF7CB	IC706	30	Krefeld	JO31HI	FD4	\N	\N	{"cqz": "15", "ituz": "29", "lotw": true}	2021-02-24 15:48:05+00
2018-12-01 22:17:00+00	\N	CT1ZQ	CT	7.009	CW	579	579	Y	R	\N	\N	\N	\N	\N	\N	DF7CB	IC706	30	Krefeld	JO31HI	FD4	\N	\N	\N	\N
2018-12-02 21:40:00+00	2018-12-02 21:47:00+00	DJ5IL	DL	3.52	CW	599	579	Y	R	Karl	Pforzheim	\N	\N	\N	\N	DF7CB	IC706	30	Krefeld	JO31HI	FD4	\N	\N	\N	\N
2018-12-02 21:53:00+00	\N	HG0IDPD	HA	3.517	CW	599	579	Y	R	\N	\N	\N	\N	\N	\N	DF7CB	IC706	30	Krefeld	JO31HI	FD4	\N	\N	\N	\N
2018-12-02 21:57:00+00	2018-12-02 22:02:00+00	DL1DAW	DL	3.516	CW	599	599	Y	Y	Achim	\N	JO31TO	O47	\N	\N	DF7CB	IC706	30	Krefeld	JO31HI	FD4	\N	\N	{"cqz": "14", "dcl": "i", "ituz": "28", "lotw": true}	2020-07-06 15:26:11+00
2018-12-02 22:05:00+00	\N	DJ0AH	DL	3.515	CW	599	599	Y	R	\N	\N	JN57GN	\N	\N	\N	DF7CB	IC706	30	Krefeld	JO31HI	FD4	\N	\N	{"cqz": "14", "ituz": "28", "lotw": true}	2020-07-06 15:26:11+00
2018-12-02 22:09:00+00	\N	OE0YOTA	OE	3.512	CW	599	599	Y	R	\N	\N	\N	\N	\N	\N	DF7CB	IC706	30	Krefeld	JO31HI	FD4	\N	\N	\N	\N
2018-12-03 20:15:00+00	\N	9A2KI	9A	3.51	CW	599	599	Y	R	\N	\N	JN95BF	\N	\N	\N	DF7CB	IC706	30	Krefeld	JO31HI	FD4	\N	\N	{"cqz": "15", "ituz": "28", "lotw": true}	2020-07-06 15:26:11+00
2018-12-03 21:13:00+00	\N	HG90MF	HA	3.521	CW	599	599	Y	R	\N	\N	\N	\N	\N	\N	DF7CB	IC706	30	Krefeld	JO31HI	FD4	\N	\N	{"cqz": "15", "ituz": "28", "lotw": true}	2020-07-06 15:26:11+00
2018-12-05 19:08:00+00	\N	HG90HL	HA	3.526	CW	599	599	Y	R	\N	\N	\N	\N	\N	\N	DF7CB	IC706	30	Krefeld	JO31HI	FD4	\N	\N	{"cqz": "15", "ituz": "28", "lotw": true}	2020-07-06 15:26:11+00
2018-12-05 19:13:00+00	\N	HG90NS	HA	3.518	CW	599	599	Y	R	\N	\N	\N	\N	\N	\N	DF7CB	IC706	30	Krefeld	JO31HI	FD4	\N	\N	{"cqz": "15", "ituz": "28", "lotw": true}	2020-07-06 15:26:11+00
2018-12-06 20:31:00+00	\N	S511PMC	S5	3.518	CW	599	599	Y	R	\N	\N	\N	\N	\N	\N	DF7CB	IC706	5	Krefeld	JO31HI	FD4	\N	\N	\N	\N
2018-12-08 17:21:00+00	\N	RL4A	UA	7.015	CW	599001	599019	Y	R	\N	\N	LN29FT	\N	Naval Test	\N	DF7CB	IC706	30	Krefeld	JO31HI	FD4	\N	\N	{"cqz": "16", "ituz": "29", "lotw": true, "state": "VG"}	2020-07-06 15:26:11+00
2018-12-08 18:15:00+00	\N	EA6NB	EA6	7.012	CW	599	599	Y	R	\N	\N	JM19IP	\N	\N	\N	DF7CB	IC706	30	Krefeld	JO31HI	FD4	\N	\N	{"cqz": "14", "ituz": "37", "lotw": true}	2020-07-06 15:26:11+00
2018-12-09 14:06:45+00	2018-12-09 14:07:30+00	SM2OTU	SM	14.075087	FT8	-21	-14	Y	R	\N	\N	KP16OR	\N	\N	First FT8 QSO	DF7CB	IC706	10	Krefeld	JO31HI	FD4	\N	\N	{"cqz": "14", "ituz": "18", "lotw": true}	2020-07-06 15:26:11+00
2018-12-09 18:16:30+00	2018-12-09 18:18:00+00	EA5RJ	EA	7.075731	FT8	-03	-02	Y	R	\N	\N	IM98QT	\N	\N	\N	DF7CB	IC706	6	Krefeld	JO31HI	FD4	\N	\N	{"cqz": "14", "ituz": "37", "lotw": true}	2020-07-06 15:26:11+00
2018-12-09 18:21:15+00	2018-12-09 18:24:15+00	EA4GA	EA	7.0755	FT8	-20	-13	Y	R	\N	\N	IN80DJ	\N	\N	\N	DF7CB	IC706	6	Krefeld	JO31HI	FD4	\N	\N	{"cqz": "14", "ituz": "37", "lotw": true}	2020-07-06 15:26:11+00
2018-12-09 19:23:00+00	2018-12-09 19:24:45+00	DK0MA	DL	7.075819	FT8	-13	-07	Y	R	\N	\N	JO31HG	\N	\N	\N	DF7CB	IC706	6	Krefeld	JO31HI	FD4	\N	\N	{"cqz": "14", "ituz": "28", "lotw": true}	2020-07-06 15:26:11+00
2018-12-09 20:52:30+00	2018-12-09 20:53:30+00	CU3EM	CU	7.075934	FT8	+08	-08	Y	R	\N	\N	HM68IQ	\N	\N	\N	DF7CB	IC706	30	Krefeld	JO31HI	FD4	\N	\N	{"cqz": "14", "iota": "EU-175", "ituz": "36", "lotw": true}	2020-11-22 15:48:07+00
2018-12-09 21:01:30+00	2018-12-09 21:02:30+00	RA3DRE	UA	7.075354	FT8	-11	+00	Y	R	\N	\N	KO94	\N	\N	\N	DF7CB	IC706	30	Krefeld	JO31HI	FD4	\N	\N	\N	\N
2018-12-10 21:01:30+00	2018-12-10 21:02:00+00	E78AB	E7	3.574354	FT8	-09	-08	Y	R	\N	\N	JN84	\N	\N	\N	DF7CB	IC706	50	Krefeld	JO31HI	FD4	\N	\N	{"cqz": "15", "ituz": "28", "lotw": true}	2020-07-06 15:26:11+00
2018-12-10 21:03:45+00	2018-12-10 21:04:45+00	OK2WMC	OK	3.574438	FT8	-04	-06	Y	R	\N	\N	JN99CS	\N	\N	\N	DF7CB	IC706	50	Krefeld	JO31HI	FD4	\N	\N	{"cqz": "15", "ituz": "28", "lotw": true}	2020-07-06 15:26:11+00
2018-12-12 20:56:00+00	2018-12-12 21:01:00+00	OV1CDX	OZ	3.507	CW	599	599	Y	R	\N	\N	\N	\N	\N	\N	DF7CB	IC706	30	Krefeld	JO31HI	FD4	\N	\N	\N	\N
2018-12-12 21:10:00+00	\N	II2R	I	3.518	CW	599	599	Y	R	\N	\N	\N	\N	\N	\N	DF7CB	IC706	30	Krefeld	JO31HI	FD4	\N	\N	\N	\N
2018-12-14 19:39:45+00	2018-12-14 19:40:45+00	IW0FEK	I	7.07523	FT8	+05	-19	Y	R	\N	\N	JN61GP	\N	\N	\N	DF7CB	IC706	30	Krefeld	JO31HI	FD4	\N	\N	{"cqz": "15", "dcl": "i", "ituz": "28", "lotw": true}	2020-07-06 15:26:11+00
2018-12-15 22:32:15+00	2018-12-15 22:33:15+00	S53EO	S5	3.574738	FT8	-01	-04	Y	R	\N	\N	JN65	\N	\N	\N	DF7CB	IC706	20	Krefeld	JO31HI	FD4	\N	\N	\N	\N
2018-12-15 22:34:45+00	2018-12-15 22:34:45+00	SP2EWQ	SP	3.574738	FT8	+04	+03	Y	R	\N	\N	JO93FN	\N	\N	\N	DF7CB	IC706	20	Krefeld	JO31HI	FD4	\N	\N	{"cqz": "15", "ituz": "28", "lotw": true}	2020-07-06 15:26:11+00
2018-12-15 22:36:15+00	2018-12-15 22:37:15+00	DL1NCH	DL	3.573764	FT8	-11	-08	Y	R	\N	\N	JO31CN	\N	\N	\N	DF7CB	IC706	20	Krefeld	JO31HI	FD4	\N	\N	{"cqz": "14", "ituz": "28", "lotw": true}	2020-07-06 15:26:11+00
2018-12-15 22:48:15+00	2018-12-15 22:50:15+00	EV1P/A	EU	7.074517	FT8	-12	-12	Y	R	\N	\N	\N	\N	\N	\N	DF7CB	IC706	20	Krefeld	JO31HI	FD4	\N	\N	\N	\N
2018-12-20 21:45:30+00	2018-12-20 21:47:00+00	TA2MN	TA	7.074765	FT8	+00	-16	Y	R	\N	\N	KN40OV	\N	\N	\N	DF7CB	IC706	20	Krefeld	JO31HI	FD4	\N	\N	{"cqz": "20", "iota": "EU-186", "ituz": "39", "lotw": true}	2020-07-06 15:26:11+00
2018-12-20 22:20:00+00	2018-12-20 22:25:00+00	MW0HCC	GW	3.51	CW	559	559	Y	R	Bogdan	\N	\N	\N	\N	Homemade	DF7CB	IC706	20	Krefeld	JO31HI	FD4	\N	\N	\N	\N
2018-12-21 21:55:15+00	2018-12-21 21:56:30+00	9A9Z	9A	3.57613	FT8	+07	-18	Y	R	\N	\N	JN75	\N	\N	\N	DF7CB	IC706	20	Krefeld	JO31HI	FD4	\N	\N	\N	\N
2018-12-22 15:49:30+00	2018-12-22 15:51:00+00	S51GI	S5	7.075779	FT8	-02	-11	Y	R	\N	\N	JN76GB	\N	\N	\N	DF7CB	IC706	20	Krefeld	JO31HI	FD4	\N	\N	{"cqz": "15", "ituz": "28", "lotw": true}	2020-07-06 15:26:11+00
2018-12-22 15:59:00+00	2018-12-22 16:00:00+00	IK4IDY	I	7.076426	FT8	+06	-17	Y	R	\N	\N	JN54KS	\N	\N	\N	DF7CB	IC706	20	Krefeld	JO31HI	FD4	\N	\N	{"cqz": "15", "ituz": "28", "lotw": true}	2020-07-06 15:26:11+00
2018-12-22 16:05:00+00	2018-12-22 16:06:00+00	IU5JJW	I	7.075642	FT8	+04	-06	Y	R	\N	\N	JN52	\N	\N	\N	DF7CB	IC706	20	Krefeld	JO31HI	FD4	\N	\N	{"cqz": "15", "ituz": "28", "lotw": true}	2020-07-06 15:26:11+00
2018-12-25 15:44:30+00	2018-12-25 15:47:30+00	F5PBG	F	14.075471	FT8	+14	-09	Y	R	\N	\N	IN78TI	\N	\N	\N	DF7CB	IC706	100	Krefeld	JO31HI	FD4	\N	\N	{"cqz": "14", "ituz": "27", "lotw": true}	2020-07-06 15:26:11+00
2018-12-25 16:46:00+00	2018-12-25 16:47:30+00	DO2STA	DL	3.575263	FT8	-08	-03	Y	Y	\N	\N	JO40	\N	\N	First FT8+ QSO	DF7CB	IC706	15	Krefeld	JO31HI	FD4	\N	\N	\N	2020-04-28 07:27:04+00
2018-12-25 16:49:15+00	2018-12-25 16:50:15+00	5P1W	OZ	3.575402	FT8	-10	-10	Y	R	\N	\N	JO55WC	\N	\N	\N	DF7CB	IC706	15	Krefeld	JO31HI	FD4	\N	\N	{"cqz": "14", "dcl": "i", "iota": "EU-029", "ituz": "18", "lotw": true}	2020-07-06 15:26:11+00
2018-12-25 21:28:45+00	2018-12-25 21:32:15+00	E78AB	E7	3.574155	FT8	-13	-21	Y	R	\N	\N	JN84	\N	\N	\N	DF7CB	IC706	70	Krefeld	JO31HI	FD4	\N	\N	{"cqz": "15", "ituz": "28", "lotw": true}	2020-07-06 15:26:11+00
2018-12-25 21:33:15+00	2018-12-25 21:34:15+00	DO7WA	DL	3.574367	FT8	+00	-01	Y	R	\N	\N	JO30	\N	\N	\N	DF7CB	IC706	20	Krefeld	JO31HI	FD4	\N	\N	\N	\N
2018-12-25 21:34:45+00	2018-12-25 21:35:45+00	DQ3F	DL	3.574367	FT8	+01	-12	Y	R	\N	\N	JO40	F27	\N	\N	DF7CB	IC706	20	Krefeld	JO31HI	FD4	\N	\N	{"dcl": "i"}	2020-03-16 21:29:55+00
2018-12-25 21:37:00+00	2018-12-25 21:37:45+00	M0TBQ	G	3.574367	FT8	-19	-10	Y	R	\N	\N	IO82	\N	\N	\N	DF7CB	IC706	20	Krefeld	JO31HI	FD4	\N	\N	\N	\N
2018-12-25 21:39:00+00	2018-12-25 21:39:45+00	MI6JVC	GI	3.574367	FT8	-11	-09	Y	R	\N	\N	IO64QI	\N	\N	\N	DF7CB	IC706	20	Krefeld	JO31HI	FD4	\N	\N	{"cqz": "14", "ituz": "27", "lotw": true}	2020-07-06 15:26:11+00
2018-12-25 21:40:45+00	2018-12-25 21:41:45+00	YU1WAT	YU	3.574367	FT8	-15	-11	Y	R	\N	\N	KN04RI	\N	\N	\N	DF7CB	IC706	20	Krefeld	JO31HI	FD4	\N	\N	{"cqz": "15", "dcl": "i", "ituz": "28", "lotw": true}	2020-07-06 15:26:11+00
2018-12-25 21:42:15+00	2018-12-25 21:43:15+00	SP9DTE	SP	3.574367	FT8	-09	-10	Y	R	\N	\N	JO74	\N	\N	\N	DF7CB	IC706	20	Krefeld	JO31HI	FD4	\N	\N	\N	\N
2018-12-25 21:50:15+00	2018-12-25 21:51:15+00	DL2BO	DL	3.574694	FT8	-02	-13	Y	Y	\N	\N	JO31GT	N17	\N	\N	DF7CB	IC706	20	Krefeld	JO31HI	FD4	\N	\N	{"cqz": "14", "dcl": "i", "ituz": "28", "lotw": true}	2020-07-06 15:26:11+00
2018-12-25 21:51:45+00	2018-12-25 21:52:45+00	OE3UKW	OE	3.574694	FT8	-06	-10	Y	R	\N	\N	JN88HJ	\N	\N	\N	DF7CB	IC706	20	Krefeld	JO31HI	FD4	\N	\N	{"cqz": "15", "ituz": "28", "lotw": true}	2020-07-06 15:26:11+00
2018-12-25 21:53:15+00	2018-12-25 21:54:15+00	LY5P	LY	3.574694	FT8	-14	-13	Y	R	\N	\N	KO15QW	\N	\N	\N	DF7CB	IC706	20	Krefeld	JO31HI	FD4	\N	\N	{"cqz": "15", "ituz": "29", "lotw": true}	2020-07-06 15:26:11+00
2018-12-25 22:02:15+00	2018-12-25 22:03:15+00	HB9HSLU	HB	3.574513	FT8	-01	-14	Y	R	\N	\N	JN47DA	\N	\N	\N	DF7CB	IC706	20	Krefeld	JO31HI	FD4	\N	\N	{"cqz": "14", "ituz": "28", "lotw": true}	2020-07-06 15:26:11+00
2018-12-25 22:04:45+00	2018-12-25 22:05:45+00	G4TZX	G	3.574513	FT8	-04	-15	Y	R	\N	\N	JO01	\N	\N	\N	DF7CB	IC706	20	Krefeld	JO31HI	FD4	\N	\N	\N	\N
2018-12-26 08:51:00+00	\N	DF1PY	DL	3.5	CW	599Q02	599K01	Y	Y	\N	\N	\N	K01	DARC XMAS	\N	DF7CB	IC706	30	Krefeld	JO31HI	FD4	\N	\N	{"dcl": "c"}	2020-04-28 08:29:45+00
2018-12-26 08:51:00+00	\N	DL4HG	DL	3.5	CW	599Q02	599E38	Y	Y	\N	\N	\N	E38	DARC XMAS	\N	DF7CB	IC706	30	Krefeld	JO31HI	FD4	\N	\N	{"dcl": "c"}	2020-04-28 08:43:08+00
2018-12-26 08:54:00+00	\N	DL2VM	DL	3.5	CW	599Q02	599S36	Y	R	\N	\N	JO61GK	S36	DARC XMAS	\N	DF7CB	IC706	30	Krefeld	JO31HI	FD4	\N	\N	{"cqz": "14", "dcl": "c", "ituz": "28", "lotw": true}	2020-07-06 15:26:11+00
2018-12-26 08:58:00+00	\N	DJ1YF	DL	3.5	CW	599Q02	599E03	Y	R	\N	\N	JO53HT	E03	DARC XMAS	\N	DF7CB	IC706	30	Krefeld	JO31HI	FD4	\N	\N	{"cqz": "14", "dcl": "c", "ituz": "28", "lotw": true}	2020-07-06 15:26:11+00
2018-12-26 09:02:00+00	\N	DL5ANS	DL	3.5	CW	599Q02	599X23	Y	R	\N	\N	JO50UL	X23	DARC XMAS	\N	DF7CB	IC706	30	Krefeld	JO31HI	FD4	\N	\N	{"cqz": "14", "dcl": "c", "ituz": "28", "lotw": true}	2020-07-06 15:26:11+00
2018-12-26 09:04:00+00	\N	DJ5MW	DL	3.5	CW	599Q02	599T13	Y	Y	\N	\N	\N	T13	DARC XMAS	\N	DF7CB	IC706	30	Krefeld	JO31HI	FD4	\N	\N	{"cqz": "14", "ituz": "28", "lotw": true}	2020-07-06 15:26:11+00
2018-12-26 09:04:00+00	\N	DL4ME	DL	3.5	CW	599Q02	599X30	Y	Y	\N	\N	\N	X30	DARC XMAS	\N	DF7CB	IC706	30	Krefeld	JO31HI	FD4	\N	\N	{"dcl": "c"}	2020-04-28 08:32:59+00
2018-12-26 09:10:00+00	\N	DL5IAH	DL	3.5	CW	599Q02	599K09	Y	Y	\N	\N	JN39VE	K09	DARC XMAS	\N	DF7CB	IC706	30	Krefeld	JO31HI	FD4	\N	\N	{"cqz": "14", "dcl": "c", "ituz": "28", "lotw": true}	2020-07-06 15:26:11+00
2018-12-26 09:15:00+00	\N	DL1LOD	DL	3.5	CW	599Q02	599S31	Y	R	\N	\N	\N	S31	DARC XMAS	\N	DF7CB	IC706	30	Krefeld	JO31HI	FD4	\N	\N	\N	\N
2018-12-26 09:15:00+00	\N	DL3DTH	DL	3.5	CW	599Q02	599S07	Y	R	\N	\N	JO61UE	S07	DARC XMAS	\N	DF7CB	IC706	30	Krefeld	JO31HI	FD4	\N	\N	{"cqz": "14", "dcl": "c", "ituz": "28", "lotw": true}	2020-07-06 15:26:11+00
2018-12-26 09:21:00+00	\N	DL0SP	DL	3.5	CW	599Q02	599D06	Y	Y	\N	\N	JO62NM	D06	DARC XMAS	\N	DF7CB	IC706	30	Krefeld	JO31HI	FD4	\N	\N	{"cqz": "14", "ituz": "28", "lotw": true}	2020-07-06 15:26:11+00
2018-12-26 09:22:00+00	\N	DL1IAO	DL	3.5	CW	599Q02	599A24	Y	R	\N	\N	\N	A24	DARC XMAS	\N	DF7CB	IC706	30	Krefeld	JO31HI	FD4	\N	\N	{"dcl": "c"}	2020-03-16 21:29:55+00
2018-12-26 09:24:00+00	\N	DK2FG	DL	3.5	CW	599Q02	599N05	Y	R	\N	\N	\N	N05	DARC XMAS	\N	DF7CB	IC706	30	Krefeld	JO31HI	FD4	\N	\N	\N	\N
2018-12-26 09:24:00+00	\N	DK3GI	DL	3.5	CW	599Q02	599B40	Y	R	\N	\N	JN59LQ	B40	DARC XMAS	\N	DF7CB	IC706	30	Krefeld	JO31HI	FD4	\N	\N	{"cqz": "14", "dcl": "c", "ituz": "28", "lotw": true}	2020-07-06 15:26:11+00
2018-12-26 09:41:00+00	\N	DF0FY	DL	3.5	CW	599Q02	599E31	Y	R	\N	\N	\N	E31	DARC XMAS	\N	DF7CB	IC706	30	Krefeld	JO31HI	FD4	\N	\N	{"dcl": "c"}	2020-03-16 21:29:55+00
2018-12-26 09:41:00+00	\N	DO1AYJ	DL	3.5	CW	599Q02	599X22	Y	R	\N	\N	\N	X22	DARC XMAS	\N	DF7CB	IC706	30	Krefeld	JO31HI	FD4	\N	\N	{"dcl": "c"}	2020-03-16 21:29:55+00
2018-12-26 09:43:00+00	\N	DL7BA	DL	3.5	CW	599Q02	599V12	Y	Y	\N	\N	JO64HC	V12	DARC XMAS	\N	DF7CB	IC706	30	Krefeld	JO31HI	FD4	\N	\N	{"cqz": "14", "dcl": "i", "ituz": "28", "lotw": true}	2020-07-06 15:26:11+00
2018-12-26 09:44:00+00	\N	DL7ALM	DL	3.5	CW	599Q02	599D06	Y	R	\N	\N	JO62MA	D06	DARC XMAS	\N	DF7CB	IC706	30	Krefeld	JO31HI	FD4	\N	\N	{"cqz": "14", "dcl": "c", "ituz": "28", "lotw": true}	2020-07-06 15:26:11+00
2018-12-26 09:48:00+00	\N	DK3WW	DL	3.5	CW	599Q02	599Y09	Y	R	\N	\N	JO62MG	Y09	DARC XMAS	\N	DF7CB	IC706	30	Krefeld	JO31HI	FD4	\N	\N	{"cqz": "14", "dcl": "c", "ituz": "28", "lotw": true}	2020-07-06 15:26:11+00
2018-12-26 09:48:00+00	\N	DM4G	DL	3.5	CW	599Q02	599W36	Y	R	\N	\N	JO52IJ	W36	DARC XMAS	\N	DF7CB	IC706	30	Krefeld	JO31HI	FD4	\N	\N	{"cqz": "14", "dcl": "c", "ituz": "28", "lotw": true}	2020-07-06 15:26:11+00
2018-12-26 09:52:00+00	\N	DF1LX	DL	3.5	CW	599Q02	599M15	Y	R	\N	\N	JO42KF	M15	DARC XMAS	\N	DF7CB	IC706	30	Krefeld	JO31HI	FD4	\N	\N	{"cqz": "14", "dcl": "c", "ituz": "28", "lotw": true}	2020-07-06 15:26:11+00
2018-12-26 09:52:00+00	\N	DL1NEO	DL	3.5	CW	599Q02	599B36	Y	R	\N	\N	JN59KV	B36	DARC XMAS	\N	DF7CB	IC706	30	Krefeld	JO31HI	FD4	\N	\N	{"cqz": "14", "dcl": "c", "ituz": "28", "lotw": true}	2020-07-06 15:26:11+00
2018-12-26 09:56:00+00	\N	DK0SAX	DL	3.5	CW	599Q02	599SAX	Y	Y	\N	\N	\N	SAX	DARC XMAS	\N	DF7CB	IC706	30	Krefeld	JO31HI	FD4	\N	\N	{"dcl": "c"}	2020-04-28 07:45:45+00
2018-12-26 09:57:00+00	\N	DD8D	DL	3.5	CW	599Q02	599G73	Y	R	\N	\N	\N	G73	DARC XMAS	\N	DF7CB	IC706	30	Krefeld	JO31HI	FD4	\N	\N	{"dcl": "c"}	2020-03-16 21:29:55+00
2018-12-26 10:06:00+00	\N	DF5RF	DL	3.5	CW	599Q02	599F43	Y	Y	\N	\N	\N	F43	DARC XMAS	\N	DF7CB	IC706	30	Krefeld	JO31HI	FD4	\N	\N	{"dcl": "c"}	2020-04-28 07:59:06+00
2018-12-26 10:07:00+00	\N	DF4PD	DL	3.5	CW	599Q02	599G23	Y	R	\N	\N	\N	G23	DARC XMAS	\N	DF7CB	IC706	30	Krefeld	JO31HI	FD4	\N	\N	{"dcl": "c"}	2020-03-16 21:29:55+00
2018-12-26 10:10:00+00	\N	DL5SDN	DL	3.5	CW	599Q02	599P15	Y	Y	\N	\N	JN48JX	P15	DARC XMAS	\N	DF7CB	IC706	30	Krefeld	JO31HI	FD4	\N	\N	{"cqz": "14", "dcl": "c", "ituz": "28", "lotw": true}	2020-07-06 15:26:11+00
2018-12-26 10:12:00+00	\N	DK2TC	DL	3.5	CW	599Q02	599G08	Y	R	\N	\N	\N	G08	DARC XMAS	\N	DF7CB	IC706	30	Krefeld	JO31HI	FD4	\N	\N	{"dcl": "c"}	2020-03-16 21:29:55+00
2018-12-26 10:14:00+00	\N	DL9SUD	DL	3.5	CW	599Q02	599V14	Y	R	\N	\N	\N	V14	DARC XMAS	\N	DF7CB	IC706	30	Krefeld	JO31HI	FD4	\N	\N	{"dcl": "c"}	2020-03-16 21:29:55+00
2018-12-26 10:16:00+00	\N	DH2FW	DL	3.5	CW	599Q02	599T02	Y	Y	\N	\N	JN58DO	T02	DARC XMAS	\N	DF7CB	IC706	30	Krefeld	JO31HI	FD4	\N	\N	{"cqz": "14", "ituz": "28", "lotw": true}	2020-07-06 15:26:11+00
2018-12-26 10:16:00+00	\N	DJ2AX	DL	3.5	CW	599Q02	599X20	Y	Y	\N	\N	\N	X20	DARC XMAS	\N	DF7CB	IC706	30	Krefeld	JO31HI	FD4	\N	\N	{"dcl": "c"}	2020-03-16 21:29:55+00
2018-12-26 10:20:00+00	\N	DF4XX	DL	3.5	CW	599Q02	599E38	Y	R	\N	\N	JO53CN	E38	DARC XMAS	\N	DF7CB	IC706	30	Krefeld	JO31HI	FD4	\N	\N	{"cqz": "14", "dcl": "c", "ituz": "28", "lotw": true}	2020-07-06 15:26:11+00
2018-12-26 10:20:00+00	\N	DL4WA	DL	3.5	CW	599Q02	599X28	Y	Y	\N	\N	\N	X28	DARC XMAS	\N	DF7CB	IC706	30	Krefeld	JO31HI	FD4	\N	\N	\N	2020-04-27 20:56:42+00
