2021-01-02 12:11:00+00	2021-01-02 12:12:00+00	LY1CX	LY	10.137676	FT8	-09	+02	\N	\N	\N	\N	KO25	\N	\N	\N	DF7CB	IC706	100	Krefeld	JO31HI	FD4	\N	\N	\N	2021-01-06 17:15:51+00
2021-01-02 16:30:00+00	2021-01-02 16:31:31+00	CT7AQS	CT	2400.041716	FT8	+03	-09	\N	\N	\N	\N	IM69	\N	\N	\N	DF7CB	LimeSDR	1	Krefeld	JO31HI	1m dish	\N	\N	\N	2021-01-06 17:15:51+00
2021-01-02 16:32:15+00	2021-01-02 16:33:15+00	DK9OR	DL	2400.041716	FT8	+10	+02	\N	\N	\N	\N	JN48	\N	\N	\N	DF7CB	LimeSDR	1	Krefeld	JO31HI	1m dish	\N	\N	\N	2021-01-06 17:15:51+00
2021-01-02 16:34:30+00	2021-01-02 16:35:45+00	UA1ALD	UA	2400.041611	FT8	+01	+07	\N	\N	\N	\N	KO49	\N	\N	\N	DF7CB	LimeSDR	1	Krefeld	JO31HI	1m dish	\N	\N	\N	2021-01-06 17:15:51+00
2021-01-03 22:47:15+00	2021-01-03 22:48:15+00	5B4ALX	5B	10.138485	FT8	-08	-20	\N	\N	\N	\N	KM64	\N	\N	\N	DF7CB	IC706	100	Krefeld	JO31HI	FD4	\N	\N	\N	2021-01-06 17:15:51+00
2021-01-04 16:34:00+00	\N	OM4AZF	OM	3.5442	CW	599001	599010	\N	\N	\N	\N	\N	\N	OK1WC Memorial Contest	\N	DF7CB	IC706	100	Krefeld	JO31HI	FD4	\N	\N	\N	2021-01-04 17:30:52+00
2021-01-04 16:35:00+00	\N	OK1IF	OK	3.5435	CW	599002	599019	\N	\N	\N	\N	\N	\N	OK1WC Memorial Contest	\N	DF7CB	IC706	100	Krefeld	JO31HI	FD4	\N	\N	\N	2021-01-04 17:30:52+00
2021-01-04 16:37:00+00	\N	OK1FHI	OK	3.542	CW	599003	599015	\N	\N	\N	\N	\N	\N	OK1WC Memorial Contest	\N	DF7CB	IC706	100	Krefeld	JO31HI	FD4	\N	\N	\N	2021-01-04 17:30:52+00
2021-01-04 16:38:00+00	\N	OK2TJ	OK	3.5415	CW	599004	599010	\N	\N	\N	\N	\N	\N	OK1WC Memorial Contest	\N	DF7CB	IC706	100	Krefeld	JO31HI	FD4	\N	\N	\N	2021-01-04 17:30:52+00
2021-01-04 16:39:00+00	\N	SP7LIE	SP	3.5412	CW	599005	599016	\N	\N	\N	\N	\N	\N	OK1WC Memorial Contest	\N	DF7CB	IC706	100	Krefeld	JO31HI	FD4	\N	\N	\N	2021-01-04 17:30:52+00
2021-01-04 16:40:00+00	\N	OK1IBP	OK	3.5407	CW	599006	599023	\N	\N	\N	\N	\N	\N	OK1WC Memorial Contest	\N	DF7CB	IC706	100	Krefeld	JO31HI	FD4	\N	\N	\N	2021-01-04 17:30:52+00
2021-01-04 16:41:00+00	\N	DL5YM	DL	3.5404	CW	599007	599012	\N	\N	\N	\N	\N	\N	OK1WC Memorial Contest	\N	DF7CB	IC706	100	Krefeld	JO31HI	FD4	\N	\N	\N	2021-01-04 17:30:52+00
2021-01-04 16:42:00+00	\N	OK1AY	OK	3.54	CW	599008	599033	\N	\N	\N	\N	\N	\N	OK1WC Memorial Contest	\N	DF7CB	IC706	100	Krefeld	JO31HI	FD4	\N	\N	\N	2021-01-04 17:30:52+00
2021-01-04 16:43:00+00	\N	SP3VT	SP	3.5395	CW	599009	599023	\N	\N	\N	\N	\N	\N	OK1WC Memorial Contest	\N	DF7CB	IC706	100	Krefeld	JO31HI	FD4	\N	\N	\N	2021-01-04 17:30:52+00
2021-01-04 16:44:00+00	\N	E77EA	E7	3.539	CW	599010	599022	\N	\N	\N	\N	\N	\N	OK1WC Memorial Contest	\N	DF7CB	IC706	100	Krefeld	JO31HI	FD4	\N	\N	\N	2021-01-04 17:30:52+00
2021-01-04 16:44:30+00	\N	OK1FMX	OK	3.5386	CW	599011	599020	\N	\N	\N	\N	\N	\N	OK1WC Memorial Contest	\N	DF7CB	IC706	100	Krefeld	JO31HI	FD4	\N	\N	\N	2021-01-04 17:30:52+00
2021-01-04 16:45:00+00	\N	SM5IMO	SM	3.5383	CW	599012	599015	\N	\N	\N	\N	\N	\N	OK1WC Memorial Contest	\N	DF7CB	IC706	100	Krefeld	JO31HI	FD4	\N	\N	\N	2021-01-04 17:30:52+00
2021-01-04 16:46:00+00	\N	OM5RW	OM	3.538	CW	599013	599037	\N	\N	\N	\N	\N	\N	OK1WC Memorial Contest	\N	DF7CB	IC706	100	Krefeld	JO31HI	FD4	\N	\N	\N	2021-01-04 17:30:52+00
2021-01-04 16:48:00+00	\N	OK1TN	OK	3.5373	CW	599014	599035	\N	\N	\N	\N	\N	\N	OK1WC Memorial Contest	\N	DF7CB	IC706	100	Krefeld	JO31HI	FD4	\N	\N	\N	2021-01-04 17:30:52+00
2021-01-04 16:49:00+00	\N	OK1FGD	OK	3.537	CW	599015	599036	\N	\N	\N	\N	\N	\N	OK1WC Memorial Contest	\N	DF7CB	IC706	100	Krefeld	JO31HI	FD4	\N	\N	\N	2021-01-04 17:30:52+00
2021-01-04 16:52:00+00	\N	DJ3WE	DL	3.5365	CW	599016	599028	\N	\N	\N	\N	\N	\N	OK1WC Memorial Contest	\N	DF7CB	IC706	100	Krefeld	JO31HI	FD4	\N	\N	\N	2021-01-04 17:30:52+00
2021-01-04 16:52:30+00	\N	DL4CF	DL	3.5359	CW	599017	599037	\N	\N	\N	\N	\N	\N	OK1WC Memorial Contest	\N	DF7CB	IC706	100	Krefeld	JO31HI	FD4	\N	\N	\N	2021-01-04 17:30:52+00
2021-01-04 16:53:00+00	\N	DJ9MH	DL	3.5361	CW	599018	599033	\N	\N	\N	\N	\N	\N	OK1WC Memorial Contest	\N	DF7CB	IC706	100	Krefeld	JO31HI	FD4	\N	\N	\N	2021-01-04 17:30:52+00
2021-01-04 16:54:00+00	\N	OM3CPF	OM	3.5354	CW	599019	599035	\N	\N	\N	\N	\N	\N	OK1WC Memorial Contest	\N	DF7CB	IC706	100	Krefeld	JO31HI	FD4	\N	\N	\N	2021-01-04 17:30:52+00
2021-01-04 16:55:00+00	\N	HA8RJ	HA	3.5349	CW	599020	599047	\N	\N	\N	\N	\N	\N	OK1WC Memorial Contest	\N	DF7CB	IC706	100	Krefeld	JO31HI	FD4	\N	\N	\N	2021-01-04 17:30:52+00
2021-01-04 16:56:00+00	\N	OK1OFM	OK	3.5335	CW	599021	599032	\N	\N	\N	\N	\N	\N	OK1WC Memorial Contest	\N	DF7CB	IC706	100	Krefeld	JO31HI	FD4	\N	\N	\N	2021-01-04 17:30:52+00
2021-01-04 16:57:00+00	\N	OK5MM	OK	3.5332	CW	599022	599041	\N	\N	\N	\N	\N	\N	OK1WC Memorial Contest	\N	DF7CB	IC706	100	Krefeld	JO31HI	FD4	\N	\N	\N	2021-01-04 17:30:52+00
2021-01-04 16:58:00+00	\N	SD6F	SM	3.5328	CW	599023	599029	\N	\N	\N	\N	\N	\N	OK1WC Memorial Contest	\N	DF7CB	IC706	100	Krefeld	JO31HI	FD4	\N	\N	\N	2021-01-04 17:30:52+00
2021-01-04 16:59:00+00	\N	OK1NG	OK	3.5325	CW	599024	599039	\N	\N	\N	\N	\N	\N	OK1WC Memorial Contest	\N	DF7CB	IC706	100	Krefeld	JO31HI	FD4	\N	\N	\N	2021-01-04 17:30:52+00
2021-01-04 17:00:00+00	\N	SO3O	SP	3.532	CW	599025	599049	\N	\N	\N	\N	\N	\N	OK1WC Memorial Contest	\N	DF7CB	IC706	100	Krefeld	JO31HI	FD4	\N	\N	\N	2021-01-04 17:30:52+00
2021-01-04 17:04:00+00	\N	DL1NKS	DL	3.531	CW	599026	599064	\N	\N	\N	\N	\N	\N	OK1WC Memorial Contest	\N	DF7CB	IC706	100	Krefeld	JO31HI	FD4	\N	\N	\N	2021-01-04 17:30:52+00
2021-01-04 17:05:00+00	\N	OK2EA	OK	3.5306	CW	599027	599076	\N	\N	\N	\N	\N	\N	OK1WC Memorial Contest	\N	DF7CB	IC706	100	Krefeld	JO31HI	FD4	\N	\N	\N	2021-01-04 17:30:52+00
2021-01-04 17:05:30+00	\N	DK2FG	DL	3.5293	CW	599028	599068	\N	\N	\N	\N	\N	\N	OK1WC Memorial Contest	\N	DF7CB	IC706	100	Krefeld	JO31HI	FD4	\N	\N	\N	2021-01-04 17:30:52+00
2021-01-04 17:07:00+00	\N	F5IN	F	3.5282	CW	599029	599048	\N	\N	\N	\N	\N	\N	OK1WC Memorial Contest	\N	DF7CB	IC706	100	Krefeld	JO31HI	FD4	\N	\N	\N	2021-01-04 17:30:52+00
2021-01-04 17:08:00+00	\N	DL6IAK	DL	3.528	CW	599030	599046	\N	\N	\N	\N	\N	\N	OK1WC Memorial Contest	\N	DF7CB	IC706	100	Krefeld	JO31HI	FD4	\N	\N	\N	2021-01-04 17:30:52+00
2021-01-04 17:10:00+00	\N	OK1DWF	OK	3.5268	CW	599031	599066	\N	\N	\N	\N	\N	\N	OK1WC Memorial Contest	\N	DF7CB	IC706	100	Krefeld	JO31HI	FD4	\N	\N	\N	2021-01-04 17:30:52+00
2021-01-04 17:10:30+00	\N	DF1MM	DL	3.5259	CW	599032	599035	\N	\N	\N	\N	\N	\N	OK1WC Memorial Contest	\N	DF7CB	IC706	100	Krefeld	JO31HI	FD4	\N	\N	\N	2021-01-04 17:30:52+00
2021-01-04 17:11:00+00	\N	SK5A	SM	3.5251	CW	599033	599039	\N	\N	\N	\N	\N	\N	OK1WC Memorial Contest	\N	DF7CB	IC706	100	Krefeld	JO31HI	FD4	\N	\N	\N	2021-01-04 17:30:52+00
2021-01-04 17:12:00+00	\N	DL5DBY	DL	3.5245	CW	599034	599037	\N	\N	\N	\N	\N	\N	OK1WC Memorial Contest	\N	DF7CB	IC706	100	Krefeld	JO31HI	FD4	\N	\N	\N	2021-01-04 17:30:52+00
2021-01-04 17:13:00+00	\N	SD1A	SM	3.524	CW	599035	599066	\N	\N	\N	\N	\N	\N	OK1WC Memorial Contest	\N	DF7CB	IC706	100	Krefeld	JO31HI	FD4	\N	\N	\N	2021-01-04 17:30:52+00
2021-01-04 17:14:00+00	\N	DL1PAN	DL	3.5495	CW	599036	599058	\N	\N	\N	\N	\N	\N	OK1WC Memorial Contest	\N	DF7CB	IC706	100	Krefeld	JO31HI	FD4	\N	\N	\N	2021-01-04 17:30:52+00
2021-01-04 17:15:00+00	\N	9A1AA	9A	3.5484	CW	599037	599041	\N	\N	\N	\N	\N	\N	OK1WC Memorial Contest	\N	DF7CB	IC706	100	Krefeld	JO31HI	FD4	\N	\N	\N	2021-01-04 17:30:52+00
2021-01-04 17:16:00+00	\N	OK2QA	OK	3.5467	CW	599038	599053	\N	\N	\N	\N	\N	\N	OK1WC Memorial Contest	\N	DF7CB	IC706	100	Krefeld	JO31HI	FD4	\N	\N	\N	2021-01-04 17:30:52+00
2021-01-04 17:17:00+00	\N	OK1YM	OK	3.5464	CW	599039	599085	\N	\N	\N	\N	\N	\N	OK1WC Memorial Contest	\N	DF7CB	IC706	100	Krefeld	JO31HI	FD4	\N	\N	\N	2021-01-04 17:30:52+00
2021-01-04 17:18:00+00	\N	OK6DJ	OK	3.546	CW	599040	599087	\N	\N	\N	\N	\N	\N	OK1WC Memorial Contest	\N	DF7CB	IC706	100	Krefeld	JO31HI	FD4	\N	\N	\N	2021-01-04 17:30:52+00
2021-01-04 17:19:00+00	\N	OK1WSL	OK	3.5456	CW	599041	599045	\N	\N	\N	\N	\N	\N	OK1WC Memorial Contest	\N	DF7CB	IC706	100	Krefeld	JO31HI	FD4	\N	\N	\N	2021-01-04 17:30:52+00
2021-01-04 17:20:00+00	\N	SO4P	SP	3.5448	CW	599042	599053	\N	\N	\N	\N	\N	\N	OK1WC Memorial Contest	\N	DF7CB	IC706	100	Krefeld	JO31HI	FD4	\N	\N	\N	2021-01-04 17:30:52+00
2021-01-04 17:21:00+00	\N	9A7R	9A	3.5442	CW	599043	599070	\N	\N	\N	\N	\N	\N	OK1WC Memorial Contest	\N	DF7CB	IC706	100	Krefeld	JO31HI	FD4	\N	\N	\N	2021-01-04 17:30:52+00
2021-01-04 17:23:00+00	\N	OK1DX	OK	3.5542	CW	599044	599021	\N	\N	\N	\N	\N	\N	OK1WC Memorial Contest	\N	DF7CB	IC706	100	Krefeld	JO31HI	FD4	\N	\N	\N	2021-01-04 17:30:52+00
2021-01-04 17:29:00+00	\N	OE1TKW	OE	3.5525	CW	599045	599042	\N	\N	\N	\N	\N	\N	OK1WC Memorial Contest	\N	DF7CB	IC706	100	Krefeld	JO31HI	FD4	\N	\N	\N	2021-01-04 17:30:52+00
2021-01-04 17:29:30+00	\N	OK2NO	OK	3.5502	CW	599046	599085	\N	\N	\N	\N	\N	\N	OK1WC Memorial Contest	\N	DF7CB	IC706	100	Krefeld	JO31HI	FD4	\N	\N	\N	2021-01-04 17:30:52+00
2021-01-05 21:42:45+00	2021-01-05 21:43:45+00	LB6FG	LA	5.358002	FT8	-14	-23	\N	\N	\N	\N	JP50	\N	\N	\N	DF7CB	IC706	15	Krefeld	JO31HI	FD4	\N	\N	\N	2021-01-06 17:15:51+00
2021-01-05 21:45:30+00	2021-01-05 21:46:15+00	OE6IWG	OE	5.358002	FT8	-11	-05	\N	\N	\N	\N	JN77	\N	\N	\N	DF7CB	IC706	15	Krefeld	JO31HI	FD4	\N	\N	\N	2021-01-06 17:15:51+00
2021-01-05 21:49:30+00	2021-01-05 21:50:15+00	OE5BNM	OE	5.358002	FT8	-03	-01	\N	\N	\N	\N	JN78	\N	\N	\N	DF7CB	IC706	15	Krefeld	JO31HI	FD4	\N	\N	\N	2021-01-06 17:15:51+00
2021-01-05 21:54:15+00	2021-01-05 21:55:15+00	OE6MDF	OE	5.358002	FT8	+11	-06	\N	\N	\N	\N	JN77	\N	\N	\N	DF7CB	IC706	15	Krefeld	JO31HI	FD4	\N	\N	\N	2021-01-06 17:15:51+00
2021-01-05 21:59:30+00	2021-01-05 22:00:30+00	EC1CS	EA	5.358002	FT8	-15	-22	\N	\N	\N	\N	IN62	\N	\N	\N	DF7CB	IC706	15	Krefeld	JO31HI	FD4	\N	\N	\N	2021-01-06 17:15:51+00
2021-01-05 22:18:45+00	2021-01-05 22:19:45+00	J69DS	J6	5.358404	FT8	-17	-14	\N	\N	\N	\N	FK94	\N	\N	\N	DF7CB	IC706	15	Krefeld	JO31HI	FD4	\N	\N	\N	2021-01-06 17:15:51+00
2021-01-05 22:20:15+00	2021-01-05 22:21:45+00	OE3TWH	OE	5.358404	FT8	-21	-18	\N	\N	\N	\N	JN88	\N	\N	\N	DF7CB	IC706	15	Krefeld	JO31HI	FD4	\N	\N	\N	2021-01-06 17:15:51+00
2021-01-05 22:24:00+00	2021-01-05 22:25:45+00	A65DR	A6	5.358105	FT8	-11	-01	\N	\N	\N	\N	LL75	\N	\N	\N	DF7CB	IC706	15	Krefeld	JO31HI	FD4	\N	\N	\N	2021-01-06 17:15:51+00
2021-01-05 22:38:30+00	2021-01-05 22:39:30+00	M0WIT	G	5.359342	FT8	+00	-11	\N	\N	\N	\N	IO93	\N	\N	\N	DF7CB	IC706	15	Krefeld	JO31HI	FD4	\N	\N	\N	2021-01-06 17:15:51+00
2021-01-06 09:08:45+00	2021-01-06 09:10:15+00	OE5HWN	OE	5.358314	FT8	+06	-04	\N	\N	\N	\N	JN78	\N	\N	\N	DF7CB	IC706	15	Krefeld	JO31HI	FD4	\N	\N	\N	2021-01-06 17:15:51+00
2021-01-06 09:11:00+00	2021-01-06 09:12:00+00	GM0VGI	GM	5.358314	FT8	+02	+07	\N	\N	\N	\N	IO87	\N	\N	\N	DF7CB	IC706	15	Krefeld	JO31HI	FD4	\N	\N	\N	2021-01-06 17:15:51+00
2021-01-06 09:12:30+00	2021-01-06 09:13:30+00	DJ1AE	DL	5.358314	FT8	+11	+05	\N	\N	\N	\N	JN58	\N	\N	\N	DF7CB	IC706	15	Krefeld	JO31HI	FD4	\N	\N	\N	2021-01-06 17:15:51+00
2021-01-06 09:28:30+00	2021-01-06 09:29:30+00	DG3BAY	DL	5.358143	FT8	+05	-01	\N	\N	\N	\N	JO43	\N	\N	\N	DF7CB	IC706	15	Krefeld	JO31HI	FD4	\N	\N	\N	2021-01-06 17:15:51+00
2021-01-06 09:30:00+00	2021-01-06 09:31:00+00	G8HXE	G	5.358143	FT8	-03	+09	\N	\N	\N	\N	IO83	\N	\N	\N	DF7CB	IC706	15	Krefeld	JO31HI	FD4	\N	\N	\N	2021-01-06 17:15:51+00
2021-01-06 16:53:15+00	2021-01-06 16:54:15+00	OE6KDG	OE	5.358165	FT8	-02	-05	\N	\N	\N	\N	JN77	\N	\N	\N	DF7CB	IC706	15	Krefeld	JO31HI	FD4	\N	\N	\N	2021-01-06 17:15:51+00
2021-01-06 16:58:15+00	2021-01-06 16:59:15+00	SX7A	SV	5.358551	FT8	-09	-17	\N	\N	\N	\N	KN31	\N	\N	\N	DF7CB	IC706	15	Krefeld	JO31HI	FD4	\N	\N	\N	2021-01-06 17:15:51+00
2021-01-06 16:59:45+00	2021-01-06 17:01:15+00	OE6VIE	OE	5.358551	FT8	-01	-09	\N	\N	\N	\N	JN77	\N	\N	\N	DF7CB	IC706	15	Krefeld	JO31HI	FD4	\N	\N	\N	2021-01-06 17:15:51+00
2021-01-06 17:01:45+00	2021-01-06 17:02:45+00	OE4KSF	OE	5.358551	FT8	+02	+03	\N	\N	\N	\N	JN87	\N	\N	\N	DF7CB	IC706	15	Krefeld	JO31HI	FD4	\N	\N	\N	2021-01-06 17:15:51+00
2021-01-06 17:03:15+00	2021-01-06 17:04:15+00	OE8SKQ	OE	5.358551	FT8	+01	+06	\N	\N	\N	\N	JN76	\N	\N	\N	DF7CB	IC706	15	Krefeld	JO31HI	FD4	\N	\N	\N	2021-01-06 17:15:51+00
2021-01-06 17:11:00+00	2021-01-06 17:12:00+00	HA0NDN	HA	5.359107	FT8	-01	-08	\N	\N	\N	\N	KN07	\N	\N	\N	DF7CB	IC706	15	Krefeld	JO31HI	FD4	\N	\N	\N	2021-01-06 17:15:51+00
