2000-04-23 23:08:00+00	\N	CU8F	CU	7	CW	599	599	Y	Y	\N	\N	\N	\N	\N	\N	DF7CB	IC706	100	Blieskastel	JN39PF	Doppelzepp	\N	\N	\N	\N
2000-04-23 23:14:00+00	\N	S5C	S5	7	CW	599	599	N	Y	\N	\N	\N	\N	\N	\N	DF7CB	IC706	100	Blieskastel	JN39PF	Doppelzepp	\N	\N	\N	\N
2000-06-11 23:03:00+00	\N	SD5DS	SM	7	CW	599	599	Y	Y	\N	\N	\N	\N	\N	via SM5BDY	DF7CB	IC706	100	Blieskastel	JN39PF	Doppelzepp	\N	\N	\N	\N
2000-06-11 23:10:00+00	\N	G4AUM	G	7	CW	599	579	N	N	Norman	Bristol	\N	\N	\N	\N	DF7CB	IC706	100	Blieskastel	JN39PF	Doppelzepp	\N	\N	\N	\N
2000-06-11 23:32:00+00	\N	UN7TR	UN	7	CW	579	599	N	N	Vlad	Taroz	\N	\N	\N	\N	DF7CB	IC706	100	Blieskastel	JN39PF	Doppelzepp	\N	\N	\N	\N
2000-08-01 22:06:00+00	\N	SP9KRT	SP	7	CW	599	599	Y	R	Gena	Piekary	\N	\N	\N	\N	DF7CB	IC706	100	Blieskastel	JN39PF	Doppelzepp	\N	\N	\N	\N
2000-08-01 22:18:00+00	\N	EX8F	EX	7	CW	579	579	N	N	Vlad	\N	\N	\N	\N	\N	DF7CB	IC706	100	Blieskastel	JN39PF	Doppelzepp	\N	\N	\N	\N
2000-08-01 22:26:00+00	\N	G0PMX	G	7	CW	599	599	N	N	Jim	Durchan	\N	\N	\N	\N	DF7CB	IC706	100	Blieskastel	JN39PF	Doppelzepp	\N	\N	\N	\N
2000-09-04 21:36:00+00	\N	LY2PX	LY	7	CW	599	599	N	N	Willy	\N	\N	\N	\N	\N	DF7CB	IC706	100	Blieskastel	JN39PF	Doppelzepp	\N	\N	\N	\N
2000-09-04 21:40:00+00	\N	OK2PEX	OK	7	CW	599	599	Y	Y	Tonda	Zlin	\N	\N	\N	\N	DF7CB	IC706	100	Blieskastel	JN39PF	Doppelzepp	\N	\N	\N	\N
2000-09-04 21:52:00+00	\N	G0IIK	G	7	CW	559	589	Y	Y	Nigel	London	\N	\N	\N	\N	DF7CB	IC706	100	Blieskastel	JN39PF	Doppelzepp	\N	\N	\N	\N
2000-10-08 22:18:00+00	\N	T91EPM	E7	3.5	CW	599	477	N	N	Mirza	Maoca	\N	\N	\N	\N	DF7CB	IC706	100	Blieskastel	JN39PF	Doppelzepp	\N	\N	\N	\N
2000-10-08 22:31:00+00	\N	YT4DJ	YU	3.5	CW	559	599	N	N	Slobo	Vlasnica	\N	\N	\N	\N	DF7CB	IC706	100	Blieskastel	JN39PF	Doppelzepp	\N	\N	\N	\N
2000-10-08 22:40:00+00	\N	LA2PKA	LA	3.5	CW	599	589	Y	R	Kjetil	Horten	\N	\N	\N	\N	DF7CB	IC706	100	Blieskastel	JN39PF	Doppelzepp	\N	\N	\N	\N
2000-10-20 16:48:00+00	\N	DJ5CU	DL	7	CW	599	599	N	N	Wilfried	Krefeld	\N	\N	\N	\N	DF7CB	IC706	100	Blieskastel	JN39PF	Doppelzepp	\N	\N	\N	\N
2000-10-20 16:58:00+00	\N	DJ4GS	DL	7	CW	599	579	Y	Y	Gerry	Guestrow	\N	V15	\N	\N	DF7CB	IC706	100	Blieskastel	JN39PF	Doppelzepp	\N	\N	\N	\N
2000-12-17 01:02:00+00	\N	9A5Y	9A	7	CW	599	599	N	N	\N	\N	\N	\N	\N	\N	DF7CB	IC706	100	Blieskastel	JN39PF	Doppelzepp	\N	\N	\N	\N
2000-12-17 01:04:00+00	\N	RK3BA	UA	7	CW	599	599	N	N	\N	\N	\N	\N	\N	\N	DF7CB	IC706	100	Blieskastel	JN39PF	Doppelzepp	\N	\N	\N	\N
2000-12-17 01:08:00+00	\N	S53EO	S5	7	CW	599	599	N	Y	Milos	Portoroz	\N	\N	\N	\N	DF7CB	IC706	100	Blieskastel	JN39PF	Doppelzepp	\N	\N	\N	\N
2000-12-17 01:08:00+00	\N	Z30M	Z3	7	CW	599	\N	N	N	\N	\N	\N	\N	\N	\N	DF7CB	IC706	100	Blieskastel	JN39PF	Doppelzepp	\N	\N	{"lotw": true}	2020-03-15 20:48:32+00
2000-12-17 01:11:00+00	\N	9A3MA	9A	7	CW	599	599	N	N	\N	\N	JN73XS	\N	\N	\N	DF7CB	IC706	100	Blieskastel	JN39PF	Doppelzepp	\N	\N	{"lotw": true}	2020-03-15 20:48:32+00
2000-12-17 01:14:00+00	\N	RA9WWH	UA9	7	CW	599	599	N	N	\N	\N	\N	\N	\N	\N	DF7CB	IC706	100	Blieskastel	JN39PF	Doppelzepp	\N	\N	\N	\N
2000-12-17 01:18:00+00	\N	W3RJ	K	7	CW	599	599	N	N	\N	\N	\N	\N	\N	\N	DF7CB	IC706	100	Blieskastel	JN39PF	Doppelzepp	\N	\N	\N	\N
2000-12-17 01:19:00+00	\N	YU30NW	YU	7	CW	599	599	N	N	\N	\N	\N	\N	\N	\N	DF7CB	IC706	100	Blieskastel	JN39PF	Doppelzepp	\N	\N	\N	\N
2000-12-17 01:22:00+00	\N	9AY2K	9A	7	CW	599	599	N	N	\N	\N	\N	\N	\N	\N	DF7CB	IC706	100	Blieskastel	JN39PF	Doppelzepp	\N	\N	\N	\N
2000-12-26 08:32:00+00	\N	DL8CMM	DL	7	CW	599	599	N	N	Günter	\N	\N	W11	DARC XMAS	\N	DF7CB	IC706	100	Blieskastel	JN39PF	Doppelzepp	\N	\N	{"dcl": "c"}	2020-03-16 21:18:42+00
2000-12-26 08:35:00+00	\N	DJ9MH	DL	7	CW	599	599	R	Y	\N	\N	JO50FA	B10	DARC XMAS	\N	DF7CB	IC706	100	Blieskastel	JN39PF	Doppelzepp	\N	\N	{"dcl": "c", "lotw": true}	2020-03-16 21:18:42+00
2000-12-26 08:35:00+00	\N	DL9GMC	DL	7	CW	599	599	N	N	\N	\N	\N	V06	DARC XMAS	\N	DF7CB	IC706	100	Blieskastel	JN39PF	Doppelzepp	\N	\N	{"dcl": "c"}	2020-03-16 21:18:42+00
2000-12-26 08:37:00+00	\N	DL9OE	DL	7	CW	599	599	N	N	\N	\N	\N	\N	DARC XMAS	\N	DF7CB	IC706	100	Blieskastel	JN39PF	Doppelzepp	\N	\N	\N	\N
2000-12-26 08:38:00+00	\N	DL8UIL	DL	7	CW	599	599	Y	Y	\N	\N	\N	Y24	DARC XMAS	\N	DF7CB	IC706	100	Blieskastel	JN39PF	Doppelzepp	\N	\N	{"dcl": "c"}	2020-03-16 21:18:42+00
2000-12-26 08:39:00+00	\N	DL4MW	DL	7	CW	599	599	N	N	\N	\N	\N	X30	DARC XMAS	\N	DF7CB	IC706	100	Blieskastel	JN39PF	Doppelzepp	\N	\N	{"dcl": "c"}	2020-03-16 21:18:42+00
2000-12-26 08:40:00+00	\N	DK2EU	DL	7	CW	599	599	Y	Y	\N	\N	\N	R09	DARC XMAS	\N	DF7CB	IC706	100	Blieskastel	JN39PF	Doppelzepp	\N	\N	\N	\N
2000-12-26 08:43:00+00	\N	DK9KW	DL	7	CW	599	599	Y	Y	\N	\N	\N	Z85	DARC XMAS	\N	DF7CB	IC706	100	Blieskastel	JN39PF	Doppelzepp	\N	\N	{"dcl": "c"}	2020-03-16 21:18:42+00
2000-12-26 08:44:00+00	\N	DJ1FK	DL	7	CW	599	599	N	N	\N	\N	\N	F56	DARC XMAS	\N	DF7CB	IC706	100	Blieskastel	JN39PF	Doppelzepp	\N	\N	\N	\N
2000-12-26 08:46:00+00	\N	DJ0SP	DL	7	CW	599	599	Y	Y	\N	\N	JO32	N53	DARC XMAS	\N	DF7CB	IC706	100	Blieskastel	JN39PF	Doppelzepp	\N	\N	{"lotw": true}	2020-03-15 20:48:32+00
2000-12-26 08:49:00+00	\N	DL4FN	DL	7	CW	599	599	Y	Y	\N	\N	\N	K07	DARC XMAS	\N	DF7CB	IC706	100	Blieskastel	JN39PF	Doppelzepp	\N	\N	{"dcl": "c"}	2020-03-16 21:18:42+00
2000-12-26 08:51:00+00	\N	DL3BBY	DL	7	CW	599	599	Y	Y	\N	\N	JO43XO	E13	DARC XMAS	\N	DF7CB	IC706	100	Blieskastel	JN39PF	Doppelzepp	\N	\N	{"dcl": "c", "lotw": true}	2020-03-16 21:18:42+00
2000-12-26 08:52:00+00	\N	DL7FER	DL	7	CW	599	599	N	N	\N	\N	JO40	\N	DARC XMAS	\N	DF7CB	IC706	100	Blieskastel	JN39PF	Doppelzepp	\N	\N	{"lotw": true}	2020-03-15 20:48:32+00
2000-12-26 08:54:00+00	\N	DL4ABR	DL	7	CW	599	599	N	N	\N	\N	\N	\N	DARC XMAS	\N	DF7CB	IC706	100	Blieskastel	JN39PF	Doppelzepp	\N	\N	\N	\N
2000-12-26 08:57:00+00	\N	DF1SC	DL	7	CW	599	599	Y	Y	\N	\N	\N	M17	DARC XMAS	\N	DF7CB	IC706	100	Blieskastel	JN39PF	Doppelzepp	\N	\N	{"dcl": "c"}	2020-03-16 21:18:42+00
2000-12-26 08:59:00+00	\N	DL1DXA	DL	7	CW	599	599	N	N	\N	\N	\N	S07	DARC XMAS	\N	DF7CB	IC706	100	Blieskastel	JN39PF	Doppelzepp	\N	\N	{"dcl": "c"}	2020-03-16 21:18:42+00
2000-12-26 09:00:00+00	\N	DL5AOJ	DL	7	CW	599	579	Y	Y	Uwe	Rudolstadt	\N	X24	DARC XMAS	\N	DF7CB	IC706	100	Blieskastel	JN39PF	Doppelzepp	\N	\N	{"dcl": "c"}	2020-03-16 21:18:42+00
2000-12-26 09:04:00+00	\N	DJ5VH	DL	7	CW	599	599	N	N	\N	\N	\N	U15	DARC XMAS	\N	DF7CB	IC706	100	Blieskastel	JN39PF	Doppelzepp	\N	\N	{"dcl": "c"}	2020-03-16 21:18:42+00
2000-12-26 09:04:00+00	\N	DL4MA	DL	7	CW	599	599	N	N	Bernd	Jena	\N	Z88	DARC XMAS	\N	DF7CB	IC706	100	Blieskastel	JN39PF	Doppelzepp	\N	\N	\N	\N
2000-12-26 09:08:00+00	\N	DL2JRM	DL	7	CW	599	599	N	N	\N	\N	\N	S50	DARC XMAS	\N	DF7CB	IC706	100	Blieskastel	JN39PF	Doppelzepp	\N	\N	{"dcl": "c"}	2020-03-16 21:18:42+00
2000-12-26 09:09:00+00	\N	DK6TV	DL	7	CW	599	599	Y	Y	\N	\N	\N	T07	DARC XMAS	\N	DF7CB	IC706	100	Blieskastel	JN39PF	Doppelzepp	\N	\N	\N	\N
2000-12-26 09:13:00+00	\N	DH8DAP	DL	7	CW	599	599	Y	Y	\N	\N	\N	O27	DARC XMAS	\N	DF7CB	IC706	100	Blieskastel	JN39PF	Doppelzepp	\N	\N	{"dcl": "c"}	2020-03-16 21:18:42+00
2000-12-26 09:15:00+00	\N	DK8AX	DL	7	CW	599	599	N	N	\N	\N	\N	F10	DARC XMAS	\N	DF7CB	IC706	100	Blieskastel	JN39PF	Doppelzepp	\N	\N	{"dcl": "c"}	2020-03-16 21:18:42+00
2000-12-26 09:17:00+00	\N	DL9XY	DL	7	CW	599	599	N	N	\N	\N	\N	L11	DARC XMAS	\N	DF7CB	IC706	100	Blieskastel	JN39PF	Doppelzepp	\N	\N	{"dcl": "c"}	2020-03-16 21:18:42+00
2000-12-26 09:18:00+00	\N	DL3HTR	DL	7	CW	599	599	Y	Y	\N	\N	JO51WF	W21	DARC XMAS	\N	DF7CB	IC706	100	Blieskastel	JN39PF	Doppelzepp	\N	\N	{"lotw": true}	2020-03-15 20:48:32+00
2000-12-26 09:20:00+00	\N	DL1SXB	DL	7	CW	599	599	N	N	\N	\N	\N	V14	DARC XMAS	\N	DF7CB	IC706	100	Blieskastel	JN39PF	Doppelzepp	\N	\N	{"dcl": "c"}	2020-03-16 21:18:42+00
2000-12-26 09:20:00+00	\N	DL4HRM	DL	7	CW	599	599	Y	Y	Robert	Halle	JO51XL	W35	DARC XMAS	\N	DF7CB	IC706	100	Blieskastel	JN39PF	Doppelzepp	\N	\N	{"dcl": "c", "lotw": true}	2020-04-05 20:32:36+00
2000-12-26 09:21:00+00	\N	DL7JV	DL	7	CW	599	599	N	N	\N	\N	\N	D11	DARC XMAS	\N	DF7CB	IC706	100	Blieskastel	JN39PF	Doppelzepp	\N	\N	{"dcl": "c"}	2020-03-16 21:18:42+00
2000-12-26 09:23:00+00	\N	DK2DQ	DL	7	CW	599	599	N	N	\N	\N	\N	\N	DARC XMAS	\N	DF7CB	IC706	100	Blieskastel	JN39PF	Doppelzepp	\N	\N	\N	\N
2000-12-26 09:25:00+00	\N	DK0DO	DL	7	CW	599	599	Y	Y	\N	\N	\N	25DO	DARC XMAS	\N	DF7CB	IC706	100	Blieskastel	JN39PF	Doppelzepp	\N	\N	{"dcl": "c"}	2020-03-16 21:18:42+00
2000-12-26 09:25:00+00	\N	DL5NO	DL	7	CW	599	599	Y	Y	\N	\N	JN58VD	C13	DARC XMAS	\N	DF7CB	IC706	100	Blieskastel	JN39PF	Doppelzepp	\N	\N	{"dcl": "c", "lotw": true}	2020-03-16 21:18:42+00
2000-12-26 09:33:00+00	\N	DF5FFA	DL	7	CW	599	599	Y	Y	\N	\N	\N	A35	DARC XMAS	\N	DF7CB	IC706	100	Blieskastel	JN39PF	Doppelzepp	\N	\N	\N	\N
2000-12-26 09:33:00+00	\N	DJ8KZ	DL	7	CW	599	599	Y	Y	\N	\N	JN49DX	K07	DARC XMAS	\N	DF7CB	IC706	100	Blieskastel	JN39PF	Doppelzepp	\N	\N	{"dcl": "c", "lotw": true}	2020-03-16 21:18:42+00
2000-12-26 09:39:00+00	\N	DL1BUG	DL	7	CW	599	599	N	N	Red	Fürstenwalde	\N	Y18	DARC XMAS	\N	DF7CB	IC706	100	Blieskastel	JN39PF	Doppelzepp	\N	\N	{"dcl": "c"}	2020-03-16 21:18:42+00
2000-12-26 09:39:00+00	\N	SP6CES	SP	7	CW	599	599	Y	Y	\N	\N	\N	\N	DARC XMAS	\N	DF7CB	IC706	100	Blieskastel	JN39PF	Doppelzepp	\N	\N	{"dcl": "c"}	2020-03-16 21:20:21+00
2000-12-26 09:42:00+00	\N	DL1AKL	DL	7	CW	599	599	Y	Y	\N	\N	\N	X28	DARC XMAS	\N	DF7CB	IC706	100	Blieskastel	JN39PF	Doppelzepp	\N	\N	{"dcl": "c"}	2020-03-16 21:18:42+00
2000-12-26 09:42:00+00	\N	DL3YBM	DL	7	CW	599	599	Y	Y	\N	\N	\N	N42	DARC XMAS	\N	DF7CB	IC706	100	Blieskastel	JN39PF	Doppelzepp	\N	\N	{"dcl": "c"}	2020-03-16 21:18:42+00
2000-12-26 09:45:00+00	\N	DL2AWA	DL	7	CW	599	599	Y	Y	\N	\N	\N	X10	DARC XMAS	\N	DF7CB	IC706	100	Blieskastel	JN39PF	Doppelzepp	\N	\N	{"dcl": "c"}	2020-03-16 21:18:42+00
2000-12-26 09:47:00+00	\N	DJ2ZL	DL	7	CW	599	599	N	N	\N	\N	\N	\N	DARC XMAS	\N	DF7CB	IC706	100	Blieskastel	JN39PF	Doppelzepp	\N	\N	\N	\N
2000-12-26 09:50:00+00	\N	DL2MEH	DL	7	CW	599	599	N	N	\N	\N	\N	T13	DARC XMAS	\N	DF7CB	IC706	100	Blieskastel	JN39PF	Doppelzepp	\N	\N	{"dcl": "c"}	2020-03-16 21:18:42+00
2000-12-26 09:50:00+00	\N	DL2NBU	DL	7	CW	599	599	N	N	\N	\N	\N	C12	DARC XMAS	\N	DF7CB	IC706	100	Blieskastel	JN39PF	Doppelzepp	\N	\N	{"dcl": "c"}	2020-03-16 21:18:42+00
2000-12-26 09:53:00+00	\N	DJ7IK	DL	7	CW	599	599	N	N	\N	\N	\N	\N	DARC XMAS	\N	DF7CB	IC706	100	Blieskastel	JN39PF	Doppelzepp	\N	\N	\N	\N
2000-12-26 09:53:00+00	\N	DL7VAF	DL	7	CW	599	599	Y	Y	\N	\N	\N	Y02	DARC XMAS	\N	DF7CB	IC706	100	Blieskastel	JN39PF	Doppelzepp	\N	\N	{"dcl": "c"}	2020-03-16 21:18:42+00
2000-12-26 09:59:00+00	\N	DJ0IF	DL	7	CW	599	599	N	N	\N	\N	\N	E28	DARC XMAS	\N	DF7CB	IC706	100	Blieskastel	JN39PF	Doppelzepp	\N	\N	{"dcl": "c"}	2020-03-16 21:18:42+00
2000-12-26 09:59:00+00	\N	S53EO	S5	7	CW	599	599	Y	Y	Milos	Portoroz	\N	\N	DARC XMAS	\N	DF7CB	IC706	100	Blieskastel	JN39PF	Doppelzepp	\N	\N	{"dcl": "c"}	2020-03-16 21:20:21+00
2000-12-26 10:01:00+00	\N	DF0FA	DL	7	CW	599	599	Y	Y	\N	\N	\N	FA	DARC XMAS	\N	DF7CB	IC706	100	Blieskastel	JN39PF	Doppelzepp	\N	\N	\N	\N
2000-12-26 10:04:00+00	\N	DF2KK	DL	7	CW	599	599	N	N	Josef	\N	\N	G11	DARC XMAS	\N	DF7CB	IC706	100	Blieskastel	JN39PF	Doppelzepp	\N	\N	{"dcl": "c"}	2020-03-16 21:18:42+00
2000-12-26 10:04:00+00	\N	DJ4SO	DL	7	CW	599	599	N	N	\N	\N	JO44WG	M06	DARC XMAS	\N	DF7CB	IC706	100	Blieskastel	JN39PF	Doppelzepp	\N	\N	{"dcl": "c", "lotw": true}	2020-03-16 21:18:42+00
2000-12-26 10:08:00+00	\N	DL4FAP	DL	3.5	CW	599	599	N	N	\N	\N	\N	F42	DARC XMAS	\N	DF7CB	IC706	100	Blieskastel	JN39PF	Doppelzepp	\N	\N	\N	\N
2000-12-26 10:09:00+00	\N	DL5SBG	DL	3.5	CW	599	599	N	N	\N	\N	\N	\N	DARC XMAS	\N	DF7CB	IC706	100	Blieskastel	JN39PF	Doppelzepp	\N	\N	\N	\N
2000-12-26 10:11:00+00	\N	DL3YEI	DL	3.5	CW	599	599	N	N	Berthold	Marl	\N	O05	DARC XMAS	\N	DF7CB	IC706	100	Blieskastel	JN39PF	Doppelzepp	\N	\N	\N	\N
2000-12-26 10:14:00+00	\N	DK1OP	DL	3.5	CW	599	599	Y	Y	\N	\N	\N	C01	DARC XMAS	\N	DF7CB	IC706	100	Blieskastel	JN39PF	Doppelzepp	\N	\N	\N	\N
2000-12-26 10:14:00+00	\N	DL1AUA	DL	3.5	CW	599	599	N	N	\N	\N	\N	\N	DARC XMAS	\N	DF7CB	IC706	100	Blieskastel	JN39PF	Doppelzepp	\N	\N	\N	\N
2000-12-26 10:20:00+00	\N	DK1KH	DL	3.5	CW	599	599	N	N	\N	\N	JN58QB	C12	DARC XMAS	\N	DF7CB	IC706	100	Blieskastel	JN39PF	Doppelzepp	\N	\N	{"dcl": "c", "lotw": true}	2020-03-16 21:18:42+00
2000-12-26 10:20:00+00	\N	DL8TQ	DL	3.5	CW	599	599	Y	Y	\N	\N	\N	A49	DARC XMAS	\N	DF7CB	IC706	100	Blieskastel	JN39PF	Doppelzepp	\N	\N	{"dcl": "c"}	2020-03-16 21:18:42+00
2000-12-26 10:21:00+00	\N	DJ8KZ	DL	3.5	CW	599	599	Y	Y	\N	\N	JN49DX	K07	DARC XMAS	\N	DF7CB	IC706	100	Blieskastel	JN39PF	Doppelzepp	\N	\N	{"dcl": "c", "lotw": true}	2020-03-16 21:18:42+00
2000-12-26 10:28:00+00	\N	DK3YD	DL	7	CW	599	599	N	N	\N	\N	\N	C12	DARC XMAS	\N	DF7CB	IC706	100	Blieskastel	JN39PF	Doppelzepp	\N	\N	{"dcl": "c"}	2020-03-16 21:18:42+00
2000-12-26 10:30:00+00	\N	DF0CQ	DL	7	CW	599	599	Y	Y	\N	\N	\N	CM76	DARC XMAS	\N	DF7CB	IC706	100	Blieskastel	JN39PF	Doppelzepp	\N	\N	{"dcl": "c"}	2020-03-16 21:18:42+00
2000-12-26 10:30:00+00	\N	DL1YD	DL	7	CW	599	599	R	Y	\N	\N	\N	P47	DARC XMAS	\N	DF7CB	IC706	100	Blieskastel	JN39PF	Doppelzepp	\N	\N	{"lotw": true}	2020-03-15 20:48:32+00
2000-12-26 10:34:00+00	\N	DL5MO	DL	7	CW	599	599	N	N	\N	\N	\N	X30	DARC XMAS	\N	DF7CB	IC706	100	Blieskastel	JN39PF	Doppelzepp	\N	\N	{"dcl": "c"}	2020-03-16 21:18:42+00
2000-12-26 10:35:00+00	\N	DL5KMK	DL	7	CW	599	599	Y	Y	\N	\N	\N	P60	DARC XMAS	\N	DF7CB	IC706	100	Blieskastel	JN39PF	Doppelzepp	\N	\N	\N	\N
2000-12-26 10:36:00+00	\N	DF0ASS	DL	7	CW	599	599	N	N	\N	\N	\N	B18	DARC XMAS	\N	DF7CB	IC706	100	Blieskastel	JN39PF	Doppelzepp	\N	\N	{"dcl": "c"}	2020-03-16 21:18:42+00
2000-12-26 10:37:00+00	\N	DL1JF	DL	7	CW	599	599	N	N	\N	\N	\N	M11	DARC XMAS	\N	DF7CB	IC706	100	Blieskastel	JN39PF	Doppelzepp	\N	\N	{"dcl": "c"}	2020-03-16 21:18:42+00
2000-12-26 10:39:00+00	\N	9A7P	9A	7	CW	599	599	N	N	\N	\N	\N	\N	DARC XMAS	\N	DF7CB	IC706	100	Blieskastel	JN39PF	Doppelzepp	\N	\N	{"dcl": "c"}	2020-03-16 21:20:21+00
2000-12-26 10:39:00+00	\N	DL3TD	DL	7	CW	599	599	R	Y	\N	\N	JO50	DX	DARC XMAS	\N	DF7CB	IC706	100	Blieskastel	JN39PF	Doppelzepp	\N	\N	{"dcl": "c", "lotw": true}	2020-03-16 21:18:42+00
2000-12-26 10:41:00+00	\N	DF4UM	DL	7	CW	599	599	Y	Y	\N	\N	JN48OG	P07	DARC XMAS	\N	DF7CB	IC706	100	Blieskastel	JN39PF	Doppelzepp	\N	\N	{"dcl": "c", "lotw": true}	2020-03-16 21:18:42+00
2000-12-26 10:41:00+00	\N	DK7ZT	DL	7	CW	599	599	Y	Y	\N	\N	JO40HT	F15	DARC XMAS	\N	DF7CB	IC706	100	Blieskastel	JN39PF	Doppelzepp	\N	\N	{"dcl": "c", "lotw": true}	2020-03-16 21:18:42+00
2000-12-26 10:44:00+00	\N	DL7YS	DL	7	CW	599	599	Y	Y	\N	\N	\N	D06	DARC XMAS	\N	DF7CB	IC706	100	Blieskastel	JN39PF	Doppelzepp	\N	\N	{"dcl": "c"}	2020-03-16 21:18:42+00
2000-12-26 10:46:00+00	\N	DF1RL	DL	7	CW	599	599	N	N	\N	\N	\N	M35	DARC XMAS	\N	DF7CB	IC706	100	Blieskastel	JN39PF	Doppelzepp	\N	\N	{"dcl": "c"}	2020-03-16 21:18:42+00
2000-12-26 10:48:00+00	\N	DJ2NJ	DL	7	CW	599	599	Y	Y	\N	\N	\N	L14	DARC XMAS	\N	DF7CB	IC706	100	Blieskastel	JN39PF	Doppelzepp	\N	\N	{"dcl": "i"}	2020-03-16 21:18:42+00
2000-12-26 10:49:00+00	\N	DL6UNF	DL	7	CW	599	599	N	N	Frank	Guben	JO71IW	Y27	DARC XMAS	\N	DF7CB	IC706	100	Blieskastel	JN39PF	Doppelzepp	\N	\N	{"dcl": "c", "lotw": true}	2020-03-16 21:18:42+00
2000-12-26 10:51:00+00	\N	DF8TM	DL	7	CW	599	599	Y	Y	\N	\N	\N	P50	DARC XMAS	\N	DF7CB	IC706	100	Blieskastel	JN39PF	Doppelzepp	\N	\N	{"dcl": "c"}	2020-03-16 21:18:42+00
2000-12-26 10:51:00+00	\N	DK1IO	DL	7	CW	599	599	Y	Y	\N	\N	\N	H61	DARC XMAS	\N	DF7CB	IC706	100	Blieskastel	JN39PF	Doppelzepp	\N	\N	{"dcl": "c"}	2020-03-16 21:18:42+00
2000-12-26 10:57:00+00	\N	DK0HEL	DL	7	CW	599	599	Y	Y	\N	\N	\N	CM88	DARC XMAS	\N	DF7CB	IC706	100	Blieskastel	JN39PF	Doppelzepp	\N	\N	{"dcl": "i"}	2020-03-16 21:18:42+00
2000-12-26 10:57:00+00	\N	DL1DCY	DL	7	CW	599	599	N	N	\N	\N	\N	\N	DARC XMAS	\N	DF7CB	IC706	100	Blieskastel	JN39PF	Doppelzepp	\N	\N	\N	\N
2000-12-26 11:00:00+00	\N	DK1EI	DL	7	CW	599	599	Y	Y	\N	\N	JN49DX	K07	DARC XMAS	\N	DF7CB	IC706	100	Blieskastel	JN39PF	Doppelzepp	\N	\N	{"dcl": "c", "lotw": true}	2020-03-16 21:18:42+00
2000-12-28 11:00:00+00	\N	DG8VS/P	DL	145.737	FM	59	59	N	N	Wolfgang	\N	\N	\N	\N	\N	DF7CB	\N	\N	Blieskastel	JN39PF	\N	\N	\N	\N	\N
