1999-01-01 22:48:00+00	\N	ES6MO	ES	3.5	CW	599	599	Y	Y	Jaan	Voru	\N	\N	\N	\N	DF7CB	IC706	\N	Blieskastel	JN39PF	Doppelzepp	\N	\N	\N	\N
1999-01-01 23:31:00+00	\N	EA8ALP	EA8	7	CW	579	599	N	Y	Abelto	La Palma	\N	\N	\N	\N	DF7CB	IC706	\N	Blieskastel	JN39PF	Doppelzepp	\N	\N	\N	\N
1999-01-01 23:56:00+00	\N	PA0IJM	PA	3.5	CW	599	599	Y	Y	Jan	Schuinesloot	\N	\N	\N	\N	DF7CB	IC706	\N	Blieskastel	JN39PF	Doppelzepp	\N	\N	\N	\N
1999-03-06 23:04:00+00	\N	DL1JAK	DL	3.5	CW	599	599	Y	Y	Herbert	Zwickau	\N	\N	\N	\N	DF7CB	IC706	\N	Blieskastel	JN39PF	Doppelzepp	\N	\N	\N	\N
1999-05-27 21:32:00+00	\N	9A1HCD	9A	7	CW	599	594	Y	Y	Miro	Daruvar	\N	\N	\N	SWL: HA5-024	DF7CB	IC706	\N	Blieskastel	JN39PF	Doppelzepp	\N	\N	\N	\N
1999-05-27 21:55:00+00	\N	2S0VYI	GM	7	CW	599	599	Y	R	Rab	Edinburgh	\N	\N	\N	\N	DF7CB	IC706	\N	Blieskastel	JN39PF	Doppelzepp	\N	\N	\N	\N
1999-05-27 22:01:00+00	\N	E41/OK1DTP	E4	7	CW	599	599	Y	Y	\N	\N	\N	\N	\N	via OK1TD	DF7CB	IC706	\N	Blieskastel	JN39PF	Doppelzepp	\N	\N	\N	\N
1999-06-03 22:32:00+00	\N	UA3UKQ/3	UA	7	CW	599	599	Y	Y	\N	\N	\N	\N	\N	\N	DF7CB	IC706	\N	Blieskastel	JN39PF	Doppelzepp	\N	\N	\N	\N
1999-07-21 14:43:00+00	\N	DL7USW/P	DL	18.1	CW	599	599	Y	Y	Mark	Berlin	\N	D26	\N	\N	DF7CB	IC706	\N	Blieskastel	JN39PF	Doppelzepp	\N	\N	\N	\N
1999-07-31 21:00:00+00	\N	KC7JEF/MM1	K	14	CW	579	599	Y	R	Vlad	43N 33E	\N	\N	\N	\N	DF7CB	IC706	\N	Blieskastel	JN39PF	Doppelzepp	\N	\N	\N	\N
1999-08-29 00:15:00+00	\N	VE9XB	VE	3.5	CW	459	559	Y	R	Way	\N	\N	\N	\N	\N	DF7CB	IC706	\N	Blieskastel	JN39PF	Doppelzepp	\N	\N	\N	\N
1999-09-12 19:39:00+00	\N	EA1GET	EA	7	CW	559	579	Y	R	Luis	Santander	\N	\N	\N	\N	DF7CB	IC706	\N	Blieskastel	JN39PF	Doppelzepp	\N	\N	\N	\N
1999-11-13 18:40:00+00	\N	YO9FJW	YO	7	CW	599	599	Y	Y	\N	\N	\N	\N	\N	\N	DF7CB	IC706	\N	Blieskastel	JN39PF	Doppelzepp	\N	\N	\N	\N
1999-11-13 19:34:00+00	\N	OK2ZC	OK	7	CW	599	599	Y	Y	\N	\N	\N	\N	\N	\N	DF7CB	IC706	\N	Blieskastel	JN39PF	Doppelzepp	\N	\N	\N	\N
1999-11-13 20:15:00+00	\N	Z31CN	Z3	7	CW	579	599	Y	Y	Jan	\N	\N	\N	\N	\N	DF7CB	IC706	\N	Blieskastel	JN39PF	Doppelzepp	\N	\N	\N	\N
1999-11-26 22:02:00+00	\N	UN3ZQ	UN	7	CW	599	599	N	N	Igor	\N	\N	\N	\N	\N	DF7CB	IC706	\N	Blieskastel	JN39PF	Doppelzepp	\N	\N	\N	\N
1999-11-26 22:20:00+00	\N	IZ2BKC	I	1.8	CW	599	599	N	N	\N	\N	\N	\N	\N	SWL DE1AJH	DF7CB	IC706	\N	Blieskastel	JN39PF	Doppelzepp	\N	\N	\N	\N
1999-12-26 00:54:00+00	\N	AA3B	K	7	CW	599	599	N	N	Bud	\N	\N	\N	\N	\N	DF7CB	IC706	\N	Blieskastel	JN39PF	Doppelzepp	\N	\N	\N	\N
1999-12-26 01:10:00+00	\N	DF1FJP	DL	3.5	CW	599	599	Y	Y	Filip	Duisburg	\N	\N	\N	\N	DF7CB	IC706	\N	Blieskastel	JN39PF	Doppelzepp	\N	\N	\N	\N
1999-12-26 09:37:00+00	\N	DL1IAQ	DL	3.5	CW	599Q02	599A20	N	N	\N	\N	\N	A20	DARC XMAS	\N	DF7CB	IC706	\N	Blieskastel	JN39PF	Doppelzepp	\N	\N	\N	\N
1999-12-26 09:39:00+00	\N	DL2EGS	DL	3.5	CW	599Q02	599L11	N	N	\N	\N	\N	L11	DARC XMAS	\N	DF7CB	IC706	\N	Blieskastel	JN39PF	Doppelzepp	\N	\N	\N	\N
1999-12-26 09:41:00+00	\N	DK1EM	DL	3.5	CW	599Q02	599K07	N	N	\N	\N	\N	K07	DARC XMAS	\N	DF7CB	IC706	\N	Blieskastel	JN39PF	Doppelzepp	\N	\N	\N	\N
1999-12-26 09:41:00+00	\N	DK3QN	DL	3.5	CW	599Q02	599T19	N	N	\N	\N	\N	T19	DARC XMAS	\N	DF7CB	IC706	\N	Blieskastel	JN39PF	Doppelzepp	\N	\N	\N	\N
1999-12-26 09:44:00+00	\N	DF1UQ	DL	3.5	CW	599Q02	599K13	N	N	\N	\N	\N	K13	DARC XMAS	\N	DF7CB	IC706	\N	Blieskastel	JN39PF	Doppelzepp	\N	\N	\N	\N
1999-12-26 09:44:00+00	\N	DJ5IW	DL	3.5	CW	599Q02	599C27	Y	Y	\N	\N	\N	C27	DARC XMAS	\N	DF7CB	IC706	\N	Blieskastel	JN39PF	Doppelzepp	\N	\N	\N	\N
1999-12-26 09:46:00+00	\N	DJ9JY	DL	3.5	CW	599Q02	599L30	Y	Y	\N	\N	\N	L30	DARC XMAS	\N	DF7CB	IC706	\N	Blieskastel	JN39PF	Doppelzepp	\N	\N	\N	\N
1999-12-26 09:48:00+00	\N	DL8OBC/A	DL	3.5	CW	599Q02	599H63	Y	Y	Felix	Gehrden	\N	H63	DARC XMAS	\N	DF7CB	IC706	\N	Blieskastel	JN39PF	Doppelzepp	\N	\N	\N	\N
1999-12-26 09:50:00+00	\N	DL1YD	DL	3.5	CW	599Q02	599P37	R	Y	\N	\N	\N	P37	DARC XMAS	\N	DF7CB	IC706	\N	Blieskastel	JN39PF	Doppelzepp	\N	\N	\N	\N
1999-12-26 09:58:00+00	\N	DK9HU	DL	3.5	CW	599Q02	599	N	N	\N	\N	\N	\N	DARC XMAS	\N	DF7CB	IC706	\N	Blieskastel	JN39PF	Doppelzepp	\N	\N	\N	\N
1999-12-26 09:58:00+00	\N	DL2NH	DL	3.5	CW	599Q02	599P20	N	N	\N	\N	\N	P20	DARC XMAS	\N	DF7CB	IC706	\N	Blieskastel	JN39PF	Doppelzepp	\N	\N	\N	\N
1999-12-26 09:59:00+00	\N	DL3YEI	DL	3.5	CW	599Q02	599O05	Y	Y	Berthold	Marl	\N	O05	DARC XMAS	\N	DF7CB	IC706	\N	Blieskastel	JN39PF	Doppelzepp	\N	\N	\N	\N
1999-12-26 10:01:00+00	\N	DL8FP	DL	3.5	CW	599Q02	599Z19	Y	Y	\N	\N	\N	Z19	DARC XMAS	\N	DF7CB	IC706	\N	Blieskastel	JN39PF	Doppelzepp	\N	\N	\N	\N
1999-12-26 10:03:00+00	\N	DK9EA	DL	3.5	CW	599Q02	599T04	Y	Y	\N	\N	\N	T04	DARC XMAS	\N	DF7CB	IC706	\N	Blieskastel	JN39PF	Doppelzepp	\N	\N	\N	\N
1999-12-26 10:04:00+00	\N	DF2UQ	DL	3.5	CW	599Q02	599A36	N	N	\N	\N	\N	A36	DARC XMAS	\N	DF7CB	IC706	\N	Blieskastel	JN39PF	Doppelzepp	\N	\N	\N	\N
1999-12-26 10:10:00+00	\N	DK0IKT	DL	3.5	CW	599Q02	599S13	Y	Y	\N	\N	\N	S13	DARC XMAS	op: DL5DRM	DF7CB	IC706	\N	Blieskastel	JN39PF	Doppelzepp	\N	\N	\N	\N
1999-12-26 10:10:00+00	\N	DL5DRM	DL	3.5	CW	599Q02	599S13	Y	Y	Micha	Dresden	\N	S13	DARC XMAS	op @ DK0IKT	DF7CB	IC706	\N	Blieskastel	JN39PF	Doppelzepp	\N	\N	\N	\N
1999-12-26 10:11:00+00	\N	DL0XM	DL	3.5	CW	599Q02	599S41	N	N	\N	\N	\N	S41	DARC XMAS	\N	DF7CB	IC706	\N	Blieskastel	JN39PF	Doppelzepp	\N	\N	\N	\N
1999-12-26 10:13:00+00	\N	DL2FDL	DL	3.5	CW	599Q02	599F07	N	N	\N	\N	\N	F07	DARC XMAS	\N	DF7CB	IC706	\N	Blieskastel	JN39PF	Doppelzepp	\N	\N	\N	\N
1999-12-26 10:16:00+00	\N	DJ8GR	DL	3.5	CW	599Q02	599P40	N	N	\N	\N	\N	P40	DARC XMAS	\N	DF7CB	IC706	\N	Blieskastel	JN39PF	Doppelzepp	\N	\N	\N	\N
1999-12-26 10:19:00+00	\N	DL2LRT	DL	3.5	CW	599Q02	599S36	N	N	\N	\N	\N	S36	DARC XMAS	\N	DF7CB	IC706	\N	Blieskastel	JN39PF	Doppelzepp	\N	\N	\N	\N
1999-12-26 10:23:00+00	\N	DL3TD	DL	3.5	CW	599Q02	599DX	R	Y	\N	\N	\N	DX	DARC XMAS	\N	DF7CB	IC706	\N	Blieskastel	JN39PF	Doppelzepp	\N	\N	\N	\N
1999-12-26 10:24:00+00	\N	DL6MTA	DL	3.5	CW	599Q02	599W03	N	N	\N	\N	\N	W03	DARC XMAS	\N	DF7CB	IC706	\N	Blieskastel	JN39PF	Doppelzepp	\N	\N	\N	\N
1999-12-26 10:30:00+00	\N	DL1ARJ	DL	7	CW	599Q02	599X28	Y	Y	\N	\N	\N	X28	DARC XMAS	\N	DF7CB	IC706	\N	Blieskastel	JN39PF	Doppelzepp	\N	\N	\N	\N
1999-12-26 10:30:00+00	\N	DL8OBD	DL	7	CW	599Q02	599C12	N	N	\N	\N	\N	C12	DARC XMAS	\N	DF7CB	IC706	\N	Blieskastel	JN39PF	Doppelzepp	\N	\N	\N	\N
1999-12-26 10:33:00+00	\N	DF9DX	DL	7	CW	599Q02	599O52	Y	Y	\N	\N	\N	O52	DARC XMAS	\N	DF7CB	IC706	\N	Blieskastel	JN39PF	Doppelzepp	\N	\N	\N	\N
1999-12-26 10:33:00+00	\N	DL7ET	DL	7	CW	599Q02	599R09	N	N	Veit	\N	\N	R09	DARC XMAS	\N	DF7CB	IC706	\N	Blieskastel	JN39PF	Doppelzepp	\N	\N	\N	\N
1999-12-26 10:36:00+00	\N	DF2CQ	DL	7	CW	599Q02	599C25	N	N	\N	\N	\N	C25	DARC XMAS	\N	DF7CB	IC706	\N	Blieskastel	JN39PF	Doppelzepp	\N	\N	\N	\N
1999-12-26 10:36:00+00	\N	DK3AX	DL	7	CW	599Q02	599B18	N	N	\N	\N	\N	B18	DARC XMAS	\N	DF7CB	IC706	\N	Blieskastel	JN39PF	Doppelzepp	\N	\N	\N	\N
1999-12-26 10:39:00+00	\N	DK4YJ	DL	7	CW	599Q02	599C12	N	N	\N	\N	\N	C12	DARC XMAS	\N	DF7CB	IC706	\N	Blieskastel	JN39PF	Doppelzepp	\N	\N	\N	\N
1999-12-26 10:39:00+00	\N	DL5MO	DL	7	CW	599Q02	599X30	N	N	\N	\N	\N	X30	DARC XMAS	\N	DF7CB	IC706	\N	Blieskastel	JN39PF	Doppelzepp	\N	\N	\N	\N
1999-12-26 10:40:00+00	\N	DA0FF	DL	7	CW	599Q02	599F36	N	N	\N	\N	\N	F36	DARC XMAS	\N	DF7CB	IC706	\N	Blieskastel	JN39PF	Doppelzepp	\N	\N	\N	\N
1999-12-26 10:40:00+00	\N	DK8AX	DL	7	CW	599Q02	599F10	N	N	\N	\N	\N	F10	DARC XMAS	\N	DF7CB	IC706	\N	Blieskastel	JN39PF	Doppelzepp	\N	\N	\N	\N
1999-12-26 10:42:00+00	\N	DL0GC	DL	7	CW	599Q02	599L06	N	N	\N	\N	\N	L06	DARC XMAS	\N	DF7CB	IC706	\N	Blieskastel	JN39PF	Doppelzepp	\N	\N	\N	\N
1999-12-26 10:42:00+00	\N	DL9OT	DL	7	CW	599Q02	599A24	N	N	\N	\N	\N	A24	DARC XMAS	\N	DF7CB	IC706	\N	Blieskastel	JN39PF	Doppelzepp	\N	\N	\N	\N
1999-12-26 10:44:00+00	\N	DF1BN	DL	7	CW	599Q02	599R11	Y	Y	\N	\N	\N	R11	DARC XMAS	\N	DF7CB	IC706	\N	Blieskastel	JN39PF	Doppelzepp	\N	\N	\N	\N
1999-12-26 10:44:00+00	\N	DK8IP	DL	7	CW	599Q02	599A24	Y	Y	\N	\N	\N	A24	DARC XMAS	\N	DF7CB	IC706	\N	Blieskastel	JN39PF	Doppelzepp	\N	\N	\N	\N
1999-12-26 10:48:00+00	\N	DJ5IW	DL	7	CW	599Q02	599C27	Y	Y	\N	\N	\N	C27	DARC XMAS	\N	DF7CB	IC706	\N	Blieskastel	JN39PF	Doppelzepp	\N	\N	\N	\N
1999-12-26 10:49:00+00	\N	DK4WW	DL	7	CW	599Q02	599Y24	Y	Y	\N	\N	\N	Y24	DARC XMAS	\N	DF7CB	IC706	\N	Blieskastel	JN39PF	Doppelzepp	\N	\N	\N	\N
1999-12-26 10:52:00+00	\N	DJ2XP	DL	7	CW	599Q02	599Q13	Y	Y	\N	\N	\N	Q13	DARC XMAS	\N	DF7CB	IC706	\N	Blieskastel	JN39PF	Doppelzepp	\N	\N	\N	\N
1999-12-26 10:52:00+00	\N	DL3HWD	DL	7	CW	599Q02	599D32	N	N	\N	\N	\N	D32	DARC XMAS	\N	DF7CB	IC706	\N	Blieskastel	JN39PF	Doppelzepp	\N	\N	\N	\N
1999-12-26 10:54:00+00	\N	DL2RLC	DL	7	CW	599Q02	599C13	N	N	\N	\N	\N	C13	DARC XMAS	\N	DF7CB	IC706	\N	Blieskastel	JN39PF	Doppelzepp	\N	\N	\N	\N
1999-12-26 10:54:00+00	\N	DL3TD	DL	7	CW	599Q02	599DX	R	Y	\N	\N	\N	DX	DARC XMAS	\N	DF7CB	IC706	\N	Blieskastel	JN39PF	Doppelzepp	\N	\N	\N	\N
1999-12-26 10:57:00+00	\N	DH2UL	DL	7	CW	599Q02	599S33	N	N	\N	\N	\N	S33	DARC XMAS	\N	DF7CB	IC706	\N	Blieskastel	JN39PF	Doppelzepp	\N	\N	\N	\N
1999-12-26 10:57:00+00	\N	DL5WW	DL	7	CW	599Q02	599V22	N	N	\N	\N	\N	V22	DARC XMAS	\N	DF7CB	IC706	\N	Blieskastel	JN39PF	Doppelzepp	\N	\N	\N	\N
1999-12-26 10:59:00+00	\N	DJ3XD	DL	7	CW	599Q02	599H37	Y	Y	August	\N	\N	H37	DARC XMAS	\N	DF7CB	IC706	\N	Blieskastel	JN39PF	Doppelzepp	\N	\N	\N	\N
1999-12-26 10:59:00+00	\N	DJ9NMH	DL	7	CW	599Q02	599B37	N	N	\N	\N	\N	B37	DARC XMAS	\N	DF7CB	IC706	\N	Blieskastel	JN39PF	Doppelzepp	\N	\N	\N	\N
