2005-01-28 23:46:00+00	\N	DL2FDL	DL	1.817	CW	599	599	N	N	\N	\N	\N	\N	\N	\N	DF7CB	Tentec	450	Oppen	JN39JK	\N	\N	\N	\N	\N
2005-01-28 23:48:00+00	\N	9A4W	9A	1.816	CW	599	599	N	N	\N	\N	\N	\N	\N	\N	DF7CB	Tentec	450	Oppen	JN39JK	\N	\N	\N	\N	\N
2005-01-28 23:54:00+00	\N	YU1EXY	YU	1.816	CW	599	599	R	Y	\N	\N	\N	\N	\N	\N	DF7CB	Tentec	450	Oppen	JN39JK	\N	\N	\N	\N	\N
2005-01-28 23:56:00+00	\N	DL5AXX	DL	1.828	CW	599	599	R	Y	\N	\N	JO40LQ	\N	\N	\N	DF7CB	Tentec	450	Oppen	JN39JK	\N	\N	\N	{"cqz": "14", "ituz": "28", "lotw": true}	2020-07-06 15:26:11+00
2005-01-28 23:58:00+00	\N	HA7DU	HA	1.827	CW	599	599	N	N	\N	\N	\N	\N	\N	\N	DF7CB	Tentec	450	Oppen	JN39JK	\N	\N	\N	\N	\N
2005-01-29 14:07:00+00	\N	F5UMP	F	14.037	CW	599	599	N	N	\N	\N	\N	\N	\N	\N	DF7CB	FT757	100	Oppen	JN39JK	\N	\N	\N	\N	\N
2005-12-25 23:31:00+00	2005-12-25 23:41:00+00	IZ7GB	I	7.01	CW	599	599	N	N	\N	\N	\N	\N	\N	\N	DF7CB	IC706	100	Blieskastel	JN39PF	Doppelzepp	\N	\N	\N	\N
2005-12-25 23:45:00+00	\N	F5RRS	F	7.011	CW	599	599	N	N	\N	\N	JN36EB	\N	\N	\N	DF7CB	IC706	100	Blieskastel	JN39PF	Doppelzepp	\N	\N	{"cqz": "14", "ituz": "27", "lotw": true}	2020-07-06 15:26:11+00
2005-12-26 08:32:00+00	\N	DJ1CW	DL	7.018	CW	599Q02	599I12	N	N	\N	\N	\N	I12	DARC XMAS	\N	DF7CB	IC706	100	Blieskastel	JN39PF	Doppelzepp	\N	\N	\N	\N
2005-12-26 08:33:00+00	\N	DL6OZ	DL	7.018	CW	599Q02	599H24	R	Y	\N	\N	\N	H24	DARC XMAS	\N	DF7CB	IC706	100	Blieskastel	JN39PF	Doppelzepp	\N	\N	\N	\N
2005-12-26 08:35:00+00	\N	DL9AWI	DL	7.018	CW	599Q02	599X14	N	N	\N	\N	\N	X14	DARC XMAS	\N	DF7CB	IC706	100	Blieskastel	JN39PF	Doppelzepp	\N	\N	\N	\N
2005-12-26 08:36:00+00	\N	DL1AZA	DL	7.018	CW	599Q02	599X39	N	N	\N	\N	\N	X39	DARC XMAS	\N	DF7CB	IC706	100	Blieskastel	JN39PF	Doppelzepp	\N	\N	\N	\N
2005-12-26 08:39:00+00	\N	DJ7IK	DL	7.012	CW	599Q02	599F39	N	N	\N	\N	\N	F39	DARC XMAS	\N	DF7CB	IC706	100	Blieskastel	JN39PF	Doppelzepp	\N	\N	\N	\N
2005-12-26 08:40:00+00	\N	DC9ZP	DL	7.012	CW	599Q02	599G10	N	N	\N	\N	JO30KW	G10	DARC XMAS	\N	DF7CB	IC706	100	Blieskastel	JN39PF	Doppelzepp	\N	\N	{"cqz": "14", "ituz": "28", "lotw": true}	2020-07-06 15:26:11+00
2005-12-26 08:45:00+00	\N	OK1AY	OK	7.012	CW	599Q02	599060	N	N	\N	\N	JN69NO	\N	DARC XMAS	\N	DF7CB	IC706	100	Blieskastel	JN39PF	Doppelzepp	\N	\N	{"cqz": "15", "ituz": "28", "lotw": true}	2020-07-06 15:26:11+00
2005-12-26 08:46:00+00	\N	DL1BBO	DL	7.012	CW	599Q02	599I45	R	Y	\N	\N	JO43LG	I45	DARC XMAS	\N	DF7CB	IC706	100	Blieskastel	JN39PF	Doppelzepp	\N	\N	{"cqz": "14", "ituz": "28", "lotw": true}	2020-07-06 15:26:11+00
2005-12-26 08:48:00+00	\N	DK9MH	DL	7.015	CW	599Q02	599C18	N	N	\N	\N	\N	C18	DARC XMAS	\N	DF7CB	IC706	100	Blieskastel	JN39PF	Doppelzepp	\N	\N	{"dcl": "i"}	2020-03-16 21:29:55+00
2005-12-26 08:50:00+00	\N	DM3W	DL	7.015	CW	599Q02	599Y24	N	N	\N	\N	JO62XE	Y24	DARC XMAS	\N	DF7CB	IC706	100	Blieskastel	JN39PF	Doppelzepp	\N	\N	{"cqz": "14", "ituz": "28", "lotw": true}	2021-04-09 14:48:06+00
2005-12-26 08:54:00+00	\N	DL3HWD	DL	7.013	CW	599Q02	599DVW	N	N	\N	\N	\N	DVW	DARC XMAS	\N	DF7CB	IC706	100	Blieskastel	JN39PF	Doppelzepp	\N	\N	\N	\N
2005-12-26 08:54:00+00	\N	SP7OU	SP	7.013	CW	599Q02	599011	N	N	\N	\N	\N	\N	DARC XMAS	\N	DF7CB	IC706	100	Blieskastel	JN39PF	Doppelzepp	\N	\N	\N	\N
2005-12-26 08:56:00+00	\N	DJ6TK	DL	7.012	CW	599Q02	599E34	N	N	\N	\N	\N	E34	DARC XMAS	\N	DF7CB	IC706	100	Blieskastel	JN39PF	Doppelzepp	\N	\N	\N	\N
2005-12-26 08:56:00+00	\N	DK3QZ	DL	7.012	CW	599Q02	599L03	N	N	\N	\N	\N	L03	DARC XMAS	\N	DF7CB	IC706	100	Blieskastel	JN39PF	Doppelzepp	\N	\N	\N	\N
2005-12-26 09:02:00+00	\N	OK1DOZ	OK	7.012	CW	599Q02	599011	N	N	\N	\N	\N	\N	DARC XMAS	\N	DF7CB	IC706	100	Blieskastel	JN39PF	Doppelzepp	\N	\N	\N	\N
2005-12-26 09:05:00+00	\N	HA5GZ	HA	7.019	CW	599Q02	599007	N	N	\N	\N	\N	\N	DARC XMAS	\N	DF7CB	IC706	100	Blieskastel	JN39PF	Doppelzepp	\N	\N	\N	\N
2005-12-26 09:10:00+00	\N	DJ4HO	DL	7.016	CW	599Q02	599M06	N	N	\N	\N	\N	M06	DARC XMAS	\N	DF7CB	IC706	100	Blieskastel	JN39PF	Doppelzepp	\N	\N	\N	\N
2005-12-26 09:10:00+00	\N	LY2OO	LY	7.016	CW	599Q02	599009	N	N	\N	\N	\N	\N	DARC XMAS	\N	DF7CB	IC706	100	Blieskastel	JN39PF	Doppelzepp	\N	\N	\N	\N
2005-12-26 09:13:00+00	\N	DL1IAO	DL	7.015	CW	599Q02	599	N	N	\N	\N	\N	\N	DARC XMAS	\N	DF7CB	IC706	100	Blieskastel	JN39PF	Doppelzepp	\N	\N	\N	\N
2005-12-26 09:13:00+00	\N	M0RUN	G	7.015	CW	599Q02	599	N	N	\N	\N	\N	\N	DARC XMAS	\N	DF7CB	IC706	100	Blieskastel	JN39PF	Doppelzepp	\N	\N	\N	\N
2005-12-26 09:17:00+00	\N	F5QF	F	7.016	CW	599Q02	599008	N	N	\N	\N	JN18IU	\N	DARC XMAS	\N	DF7CB	IC706	100	Blieskastel	JN39PF	Doppelzepp	\N	\N	{"cqz": "14", "ituz": "27", "lotw": true}	2020-07-06 15:26:11+00
2005-12-26 09:19:00+00	\N	DL8WX	DL	7.015	CW	599Q02	599K14	N	N	\N	\N	\N	K14	DARC XMAS	\N	DF7CB	IC706	100	Blieskastel	JN39PF	Doppelzepp	\N	\N	\N	\N
2005-12-26 09:24:00+00	\N	DL6RCK	DL	7.015	CW	599Q02	599U08	R	Y	\N	\N	\N	U08	DARC XMAS	\N	DF7CB	IC706	100	Blieskastel	JN39PF	Doppelzepp	\N	\N	\N	\N
2005-12-26 09:24:00+00	\N	OK1FCA	OK	7.015	CW	599Q02	599028	N	N	\N	\N	\N	\N	DARC XMAS	\N	DF7CB	IC706	100	Blieskastel	JN39PF	Doppelzepp	\N	\N	\N	\N
2005-12-26 09:29:00+00	\N	DK3QJ	DL	7.031	CW	599Q02	599C18	R	Y	\N	\N	\N	C18	DARC XMAS	\N	DF7CB	IC706	100	Blieskastel	JN39PF	Doppelzepp	\N	\N	\N	\N
2005-12-26 09:29:00+00	\N	S58MU	S5	7.031	CW	599Q02	599033	R	Y	\N	\N	JN76BC	\N	DARC XMAS	\N	DF7CB	IC706	100	Blieskastel	JN39PF	Doppelzepp	\N	\N	{"cqz": "15", "ituz": "28", "lotw": true}	2020-07-06 15:26:11+00
2005-12-26 09:32:00+00	\N	F8BBL	F	7.029	CW	599Q02	599029	R	Y	\N	\N	IN94SU	\N	DARC XMAS	\N	DF7CB	IC706	100	Blieskastel	JN39PF	Doppelzepp	\N	\N	{"cqz": "14", "ituz": "27", "lotw": true}	2020-07-06 15:26:11+00
2005-12-26 09:36:00+00	\N	DJ2IA	DL	7.027	CW	599Q02	599Y25	N	N	\N	\N	\N	Y25	DARC XMAS	\N	DF7CB	IC706	100	Blieskastel	JN39PF	Doppelzepp	\N	\N	{"dcl": "i"}	2020-03-16 21:29:55+00
2005-12-26 09:36:00+00	\N	DL7VRG	DL	7.027	CW	599Q02	599S52	N	N	\N	\N	\N	S52	DARC XMAS	\N	DF7CB	IC706	100	Blieskastel	JN39PF	Doppelzepp	\N	\N	\N	\N
2005-12-26 09:39:00+00	\N	DJ8BD	DL	7.027	CW	599Q02	599O04	N	N	\N	\N	JO31PL	O04	DARC XMAS	\N	DF7CB	IC706	100	Blieskastel	JN39PF	Doppelzepp	\N	\N	{"cqz": "14", "ituz": "28", "lotw": true}	2020-07-06 15:26:11+00
2005-12-26 09:39:00+00	\N	YL2LY	YL	7.027	CW	599Q02	599	N	N	\N	\N	\N	\N	DARC XMAS	\N	DF7CB	IC706	100	Blieskastel	JN39PF	Doppelzepp	\N	\N	\N	\N
2005-12-26 09:42:00+00	\N	DF8AE	DL	7.026	CW	599Q02	599N01	N	N	\N	\N	\N	N01	DARC XMAS	\N	DF7CB	IC706	100	Blieskastel	JN39PF	Doppelzepp	\N	\N	\N	\N
2005-12-26 09:42:00+00	\N	DL7YS	DL	7.026	CW	599Q02	599D06	N	N	\N	\N	\N	D06	DARC XMAS	\N	DF7CB	IC706	100	Blieskastel	JN39PF	Doppelzepp	\N	\N	\N	\N
2005-12-26 09:47:00+00	\N	DJ1PQ	DL	7.023	CW	599Q02	599F03	N	N	\N	\N	\N	F03	DARC XMAS	\N	DF7CB	IC706	100	Blieskastel	JN39PF	Doppelzepp	\N	\N	\N	\N
2005-12-26 09:47:00+00	\N	DL0EKO	DL	7.023	CW	599Q02	599Y13	N	N	\N	\N	\N	Y13	DARC XMAS	\N	DF7CB	IC706	100	Blieskastel	JN39PF	Doppelzepp	\N	\N	\N	\N
2005-12-26 09:51:00+00	\N	DL2MDC	DL	7.022	CW	599Q02	599T12	R	Y	\N	\N	\N	T12	DARC XMAS	\N	DF7CB	IC706	100	Blieskastel	JN39PF	Doppelzepp	\N	\N	\N	\N
2005-12-26 09:51:00+00	\N	DL2RBB	DL	7.022	CW	599Q02	599U08	R	Y	\N	\N	\N	U08	DARC XMAS	\N	DF7CB	IC706	100	Blieskastel	JN39PF	Doppelzepp	\N	\N	\N	\N
2005-12-26 09:59:00+00	\N	DL1DQW	DL	7.031	CW	599Q02	599S24	N	N	\N	\N	\N	S24	DARC XMAS	\N	DF7CB	IC706	100	Blieskastel	JN39PF	Doppelzepp	\N	\N	\N	\N
2005-12-26 09:59:00+00	\N	DL1SXB	DL	7.031	CW	599Q02	599V14	N	N	\N	\N	\N	V14	DARC XMAS	\N	DF7CB	IC706	100	Blieskastel	JN39PF	Doppelzepp	\N	\N	\N	\N
2005-12-26 10:03:00+00	\N	DJ3WE	DL	7.028	CW	599Q02	599C01	R	Y	\N	\N	\N	C01	DARC XMAS	\N	DF7CB	IC706	100	Blieskastel	JN39PF	Doppelzepp	\N	\N	\N	\N
2005-12-26 10:03:00+00	\N	OK1DOG	OK	7.027	CW	599Q02	599023	N	N	\N	\N	\N	\N	DARC XMAS	\N	DF7CB	IC706	100	Blieskastel	JN39PF	Doppelzepp	\N	\N	\N	\N
2005-12-26 10:12:00+00	\N	DJ4VP	DL	7.027	CW	599Q02	599O20	N	N	\N	\N	\N	O20	DARC XMAS	\N	DF7CB	IC706	100	Blieskastel	JN39PF	Doppelzepp	\N	\N	\N	\N
2005-12-26 10:16:00+00	\N	DF1SZ	DL	7.029	CW	599Q02	599P40	R	Y	\N	\N	\N	P40	DARC XMAS	\N	DF7CB	IC706	100	Blieskastel	JN39PF	Doppelzepp	\N	\N	\N	\N
2005-12-26 10:16:00+00	\N	DL1ARJ	DL	7.029	CW	599Q02	599X28	N	N	\N	\N	\N	X28	DARC XMAS	\N	DF7CB	IC706	100	Blieskastel	JN39PF	Doppelzepp	\N	\N	\N	\N
2005-12-26 10:19:00+00	\N	DF2CH	DL	7.028	CW	599Q02	599O04	R	Y	\N	\N	\N	O04	DARC XMAS	\N	DF7CB	IC706	100	Blieskastel	JN39PF	Doppelzepp	\N	\N	{"cqz": "14", "dcl": "i", "ituz": "28", "lotw": true}	2020-07-06 15:26:11+00
2005-12-26 10:22:00+00	\N	DL2NBY	DL	7.029	CW	599Q02	599B01	R	Y	\N	\N	JN59LK	B01	DARC XMAS	\N	DF7CB	IC706	100	Blieskastel	JN39PF	Doppelzepp	\N	\N	{"cqz": "14", "dcl": "i", "ituz": "28", "lotw": true}	2020-07-06 15:26:11+00
2005-12-26 10:22:00+00	\N	DL7JOM	DL	7.029	CW	599Q02	599Y07	R	Y	\N	\N	JO62TF	Y07	DARC XMAS	\N	DF7CB	IC706	100	Blieskastel	JN39PF	Doppelzepp	\N	\N	{"cqz": "14", "ituz": "28", "lotw": true}	2020-07-06 15:26:11+00
2005-12-26 10:22:00+00	\N	DP3D	DL	7.029	CW	599Q02	599109	N	N	\N	\N	JO31LF	\N	DARC XMAS	\N	DF7CB	IC706	100	Blieskastel	JN39PF	Doppelzepp	\N	\N	{"cqz": "14", "ituz": "28", "lotw": true}	2020-07-06 15:26:11+00
2005-12-26 10:32:00+00	\N	DF0FA	DL	7.027	CW	599Q02	599FA	N	N	\N	\N	\N	FA	DARC XMAS	\N	DF7CB	IC706	100	Blieskastel	JN39PF	Doppelzepp	\N	\N	\N	\N
2005-12-26 10:36:00+00	\N	DL5DXS	DL	7.034	CW	599Q02	599S04	N	N	\N	\N	\N	S04	DARC XMAS	\N	DF7CB	IC706	100	Blieskastel	JN39PF	Doppelzepp	\N	\N	\N	\N
2005-12-26 10:39:00+00	\N	OL7HC	OK	7.034	CW	599Q02	599049	N	N	\N	\N	\N	\N	DARC XMAS	\N	DF7CB	IC706	100	Blieskastel	JN39PF	Doppelzepp	\N	\N	\N	\N
2005-12-26 10:42:00+00	\N	DJ5NN	DL	7.035	CW	599Q02	599S18	N	N	\N	\N	JO61RG	S18	DARC XMAS	\N	DF7CB	IC706	100	Blieskastel	JN39PF	Doppelzepp	\N	\N	{"cqz": "14", "ituz": "28", "lotw": true}	2020-07-06 15:26:11+00
2005-12-26 10:44:00+00	\N	DJ4EJ	DL	7.034	CW	599Q02	599A14	N	N	\N	\N	\N	A14	DARC XMAS	\N	DF7CB	IC706	100	Blieskastel	JN39PF	Doppelzepp	\N	\N	\N	\N
2005-12-26 10:44:00+00	\N	DL9OZ	DL	7.034	CW	599Q02	599P03	N	N	\N	\N	\N	P03	DARC XMAS	\N	DF7CB	IC706	100	Blieskastel	JN39PF	Doppelzepp	\N	\N	\N	\N
2005-12-26 10:49:00+00	\N	DL2OM	DL	7.030	CW	599Q02	599K32	R	Y	\N	\N	\N	K32	DARC XMAS	\N	DF7CB	IC706	100	Blieskastel	JN39PF	Doppelzepp	\N	\N	\N	\N
2005-12-26 10:49:00+00	\N	DL5JAN	DL	7.030	CW	599Q02	599S53	R	Y	\N	\N	\N	S53	DARC XMAS	\N	DF7CB	IC706	100	Blieskastel	JN39PF	Doppelzepp	\N	\N	\N	\N
2005-12-26 10:54:00+00	\N	DJ2BC	DL	7.034	CW	599Q02	599V22	N	N	\N	\N	\N	V22	DARC XMAS	\N	DF7CB	IC706	100	Blieskastel	JN39PF	Doppelzepp	\N	\N	\N	\N
2005-12-26 10:54:00+00	\N	DJ7YT	DL	7.034	CW	599Q02	599M11	N	N	\N	\N	\N	M11	DARC XMAS	\N	DF7CB	IC706	100	Blieskastel	JN39PF	Doppelzepp	\N	\N	\N	\N
2005-12-26 10:58:00+00	\N	DL9EE	DL	7.032	CW	599Q02	599M11	N	N	\N	\N	\N	M11	DARC XMAS	\N	DF7CB	IC706	100	Blieskastel	JN39PF	Doppelzepp	\N	\N	\N	\N
2005-12-26 10:59:00+00	\N	DK1QO	DL	7.032	CW	599Q02	599Z65	N	N	\N	\N	\N	Z65	DARC XMAS	\N	DF7CB	IC706	100	Blieskastel	JN39PF	Doppelzepp	\N	\N	\N	\N
2005-12-26 10:59:00+00	\N	S58P	S5	7.032	CW	599Q02	599090	N	N	\N	\N	\N	\N	DARC XMAS	\N	DF7CB	IC706	100	Blieskastel	JN39PF	Doppelzepp	\N	\N	\N	\N
