2020-07-01 11:45:00+00	\N	GB100GKU	G	14.033	CW	589	579	N	N	\N	\N	\N	\N	\N	\N	DF7CB/P	IC706	100	Schillig	JO43aq	10m vertical	\N	\N	\N	2020-07-12 16:01:12+00
2020-07-01 12:29:00+00	\N	GS8VL	GM	14.017	CW	599	599	N	N	\N	\N	\N	\N	\N	\N	DF7CB/P	IC706	100	Schillig	JO43aq	10m vertical	\N	\N	{"cqz": "14", "iota": "EU-005", "ituz": "27", "lotw": true}	2020-08-28 14:48:05+00
2020-07-02 10:08:00+00	2020-07-02 10:18:00+00	DL7SI/P	DL	14.016	CW	599	559	R	R	Ralf	EU-024	\N	\N	D04	\N	DF7CB/P	IC706	100	Schillig	JO43aq	10m vertical	\N	\N	{"iota": "EU-042"}	2020-07-12 16:01:12+00
2020-07-02 13:40:00+00	\N	EI0NMMI	EI	14.015	CW	579	579	N	N	\N	\N	IO63WG	\N	\N	\N	DF7CB/P	IC706	100	Schillig	JO43aq	10m vertical	\N	\N	{"cqz": "14", "ituz": "27", "lotw": true}	2020-07-24 14:48:05+00
2020-07-02 13:54:00+00	2020-07-02 14:03:00+00	IK3TYB	I	14.009	CW	589	559	N	N	Beppe	nr Venice	\N	\N	\N	\N	DF7CB/P	IC706	100	Schillig	JO43aq	10m vertical	\N	\N	\N	2020-07-12 16:01:12+00
2020-07-02 19:01:00+00	2020-07-02 19:04:00+00	RN2C	UA	14.026	CW	579	579	N	N	Slava	Moscow	\N	\N	\N	\N	DF7CB/P	IC706	100	Schillig	JO43aq	10m vertical	\N	\N	\N	2020-07-12 16:01:12+00
2020-07-02 19:19:00+00	\N	I1ULJ/8	I	14.024	CW	599	559	R	R	Sal	nr Catanazo	\N	\N	\N	\N	DF7CB/P	IC706	100	Schillig	JO43aq	10m vertical	\N	\N	\N	2020-07-12 16:01:12+00
2020-07-02 20:24:00+00	\N	E77A	E7	14.016	CW	599	599	N	N	\N	\N	\N	\N	\N	\N	DF7CB/P	IC706	100	Schillig	JO43aq	10m vertical	\N	\N	\N	2020-07-12 16:01:12+00
2020-07-02 21:05:00+00	2020-07-02 21:07:00+00	R5QL/P	UA	14.013	CW	599	599	N	N	Igor	\N	\N	\N	\N	\N	DF7CB/P	IC706	100	Schillig	JO43aq	10m vertical	\N	\N	\N	2020-07-12 16:01:12+00
2020-07-02 21:12:00+00	\N	K2K	K	14.030	CW	599	599nh	N	N	\N	\N	\N	\N	\N	\N	DF7CB/P	IC706	100	Schillig	JO43aq	10m vertical	\N	\N	{"cqz": "05", "ituz": "08", "lotw": true, "state": "NH"}	2020-07-12 16:01:12+00
2020-07-02 21:24:00+00	\N	K2J	K	14.030	CW	599	599nc	N	N	\N	\N	\N	\N	\N	\N	DF7CB/P	IC706	100	Schillig	JO43aq	10m vertical	\N	\N	\N	2020-07-12 16:01:12+00
2020-07-02 21:36:00+00	2020-07-02 21:56:00+00	SV8ANW	SV	14.042	CW	589	559	R	R	Jim	Oktoni	KM28CM	\N	\N	\N	DF7CB/P	IC706	100	Schillig	JO43aq	10m vertical	\N	\N	{"cqz": "20", "ituz": "28", "lotw": true}	2020-07-12 16:01:12+00
2020-07-03 19:23:00+00	2020-07-03 19:26:00+00	UV5ERY	UR	14.022	CW	599	599	N	N	Oleg	\N	\N	\N	\N	\N	DF7CB/P	IC706	100	Schillig	JO43aq	10m vertical	\N	\N	\N	2020-07-12 16:01:12+00
2020-07-03 19:28:00+00	2020-07-03 19:30:00+00	UR4EZ	UR	14.019	CW	599	579	N	N	Victor	nr Dnepro	\N	\N	\N	\N	DF7CB/P	IC706	100	Schillig	JO43aq	10m vertical	\N	\N	\N	2020-07-12 16:01:12+00
2020-07-03 19:44:00+00	\N	LZ2HR	LZ	14.012	CW	599	599	N	N	\N	\N	\N	\N	\N	\N	DF7CB/P	IC706	100	Schillig	JO43aq	10m vertical	\N	\N	\N	2020-07-12 16:01:12+00
2020-07-03 19:53:00+00	\N	UB7B	UA	14.011	CW	599	599	N	N	\N	\N	\N	\N	\N	\N	DF7CB/P	IC706	100	Schillig	JO43aq	10m vertical	\N	\N	\N	2020-07-12 16:01:12+00
2020-07-04 11:25:00+00	\N	RC1O/P	UA	14.022	CW	599	599ULK	N	N	\N	\N	LP31MH	\N	\N	\N	DF7CB/P	IC706	100	Schillig	JO43aq	10m vertical	\N	\N	{"cqz": "16", "ituz": "19", "lotw": true, "state": "AR"}	2020-08-21 06:48:04+00
2020-07-04 11:40:00+00	\N	R5QA/M	UA	14.025	CW	599	599	N	N	\N	\N	\N	\N	\N	\N	DF7CB/P	IC706	100	Schillig	JO43aq	10m vertical	\N	\N	\N	2020-07-12 16:01:12+00
2020-07-04 11:45:00+00	\N	RA1L/M	UA	14.028	CW	599	599	N	N	\N	\N	\N	\N	\N	\N	DF7CB/P	IC706	100	Schillig	JO43aq	10m vertical	\N	\N	\N	2020-07-12 16:01:12+00
2020-07-07 09:15:00+00	2020-07-07 09:23:00+00	IK2GWH	I	14.035	CW	599	539	N	N	Paul	Milan	JN45OM	\N	\N	\N	DF7CB/P	IC706	100	Schillig	JO43aq	10m vertical	\N	\N	{"cqz": "15", "ituz": "28", "lotw": true}	2020-11-08 15:48:05+00
2020-07-07 09:25:00+00	2020-07-07 09:28:00+00	F4VSR	F	14.036	CW	539	429	N	N	Gil	nr Perpignan	JN12JU	\N	\N	\N	DF7CB/P	IC706	100	Schillig	JO43aq	10m vertical	\N	\N	{"cqz": "14", "ituz": "27", "lotw": true}	2020-07-12 16:08:16+00
2020-07-07 14:01:00+00	2020-07-07 14:07:00+00	UT5XS	UR	14.014	CW	599	599	N	N	Hank	Irshansk	\N	\N	\N	\N	DF7CB/P	IC706	100	Schillig	JO43aq	10m vertical	\N	\N	\N	2020-07-08 16:09:50+00
2020-07-07 14:36:00+00	2020-07-07 14:41:00+00	YU7QF	YU	14.017	CW	559	579	R	R	Banek	\N	\N	\N	\N	\N	DF7CB/P	IC706	100	Schillig	JO43aq	10m vertical	\N	\N	\N	2020-07-08 16:09:50+00
2020-07-08 08:58:00+00	2020-07-08 09:02:00+00	OK1JKR	OK	14.020	CW	599	599	N	N	Zdeno	nr Teplice	\N	\N	\N	\N	DF7CB/P	IC706	100	Schillig	JO43aq	10m vertical	\N	\N	\N	2020-07-08 16:09:50+00
2020-07-08 09:07:00+00	2020-07-08 09:11:00+00	UY7LA	UR	14.016	CW	599	579	N	N	Alex	\N	\N	\N	\N	\N	DF7CB/P	IC706	100	Schillig	JO43aq	10m vertical	\N	\N	\N	2020-07-08 16:09:50+00
2020-07-08 09:13:00+00	\N	OL1ADZ	OK	14.014	CW	599	599	N	N	\N	\N	\N	\N	\N	\N	DF7CB/P	IC706	100	Schillig	JO43aq	10m vertical	\N	\N	\N	2020-07-08 16:09:50+00
2020-07-08 09:20:00+00	\N	CS7AMH	CT	14.011	CW	599	599	N	N	\N	\N	\N	\N	\N	\N	DF7CB/P	IC706	100	Schillig	JO43aq	10m vertical	\N	\N	\N	2020-07-08 16:09:50+00
2020-07-08 09:21:00+00	2020-07-08 09:27:00+00	I1YRL	I	14.011	CW	599	589	N	N	Luc	nr Turino	\N	\N	\N	\N	DF7CB/P	IC706	100	Schillig	JO43aq	10m vertical	\N	\N	\N	2020-07-08 16:09:50+00
2020-07-09 20:38:00+00	2020-07-09 20:46:00+00	9A/DL4QB	9A	14.004	CW	559	559	N	N	Andre	Krk	\N	\N	\N	\N	DF7CB/P	IC706	100	Schillig	JO43aq	10m vertical	\N	\N	\N	2020-07-09 21:02:54+00
