1995-01-02 17:30:00+00	1995-01-02 17:33:00+00	DC6NW	DL	145.737	FM	3	\N	N	N	Dieter	Kaiserlautern	\N	\N	\N	\N	DG8VD	\N	\N	Blieskastel	JN39PF	\N	\N	\N	\N	\N
1995-01-03 13:25:00+00	1995-01-03 13:31:00+00	DC8UW/P	DL	438.825	FM	5	\N	Y	N	Rainer	Rieschweiler	JN39SG	K35	\N	DC8UnterWasser C:84 TA-7e	DG8VD	\N	\N	Blieskastel	JN39PF	\N	\N	\N	\N	\N
1995-01-03 13:50:00+00	1995-01-03 13:59:00+00	DK7JB	DL	145.737	FM	4	57	Y	Y	Walter	Freiburg	\N	A05	\N	ex Q02, (KW:FT767) 120W	DG8VD	\N	\N	Blieskastel	JN39PF	\N	\N	\N	\N	\N
1995-01-03 14:20:00+00	1995-01-03 14:29:00+00	DC9VC/M	DL	438.825	FM	5	\N	N	N	Dieter	Ensheim	JN39NF	Q11	\N	OVV Q11, Alinco Dual C:15.12.69	DG8VD	\N	\N	Blieskastel	JN39PF	\N	\N	\N	\N	\N
1995-01-04 13:45:00+00	1995-01-04 13:51:00+00	DB4VU	DL	145.737	FM	5	\N	N	N	Erich	Homburg	JN39QH	R11	\N	Magier	DG8VD	\N	\N	Blieskastel	JN39PF	\N	\N	\N	\N	\N
1995-01-04 16:47:00+00	1995-01-04 16:49:00+00	DF3VQ/P	DL	438.825	FM	5	\N	N	N	Ludwig	Eppelborn	JN39LJ	Q01	\N	Kenwood 780	DG8VD	\N	\N	Blieskastel	JN39PF	\N	\N	\N	\N	\N
1995-01-04 16:50:00+00	1995-01-04 16:53:00+00	DL1GPW	DL	438.825	FM	5	57	Y	Y	Wolfgang	Bühl s.Baden-Ba	JN48BQ	A04	\N	FT4700 25W	DG8VD	\N	\N	Blieskastel	JN39PF	\N	\N	\N	\N	\N
1995-01-04 17:15:00+00	1995-01-04 18:13:00+00	DD2VC	DL	145.5	FM	59	59	Y	Y	Andreas	Lautzkirchen	JN39OG	Q17	\N	Scholl, Bellem	DG8VD	\N	\N	Blieskastel	JN39PF	\N	\N	\N	\N	\N
1995-01-04 17:15:00+00	1995-01-04 18:13:00+00	DD2VY	DL	145.5	FM	59	59	Y	N	Sabine	Lautzkirchen	JN39OG	Q17	\N	Scholl, Bellem	DG8VD	\N	\N	Blieskastel	JN39PF	\N	\N	\N	\N	\N
1995-01-05 20:38:00+00	1995-01-05 20:42:00+00	DL4VAM	DL	438.825	FM	5	\N	N	N	\N	\N	\N	\N	\N	\N	DG8VD	\N	\N	Blieskastel	JN39PF	\N	\N	\N	\N	\N
1995-01-08 14:40:00+00	1995-01-08 15:00:00+00	DC1PUA	DL	145.737	FM	5	\N	Y	N	Udo	Kirn / Nahe	\N	K19	\N	25W C:11/94	DG8VD	\N	\N	Blieskastel	JN39PF	\N	\N	\N	\N	\N
1995-01-08 14:40:00+00	1995-01-08 15:00:00+00	DK9VX	DL	145.737	FM	5	\N	N	N	Rudolf	Neunkirchen	JN39OI	Q08	\N	Hardt TR-7800	DG8VD	\N	\N	Blieskastel	JN39PF	\N	\N	\N	\N	\N
1995-01-08 15:50:00+00	1995-01-08 16:05:00+00	DJ2HU	DL	438.825	FM	5	\N	Y	N	Heinrich	Baden-Baden	\N	A03	\N	\N	DG8VD	\N	\N	Blieskastel	JN39PF	\N	\N	\N	\N	\N
1995-01-08 16:06:00+00	1995-01-08 16:18:00+00	DL8EH	DL	145.737	FM	5	5	Y	N	Lothar	Neipel/Tholey	JN39LL	Q06	\N	TH-78E 5W B:55 Diamond	DG8VD	\N	\N	Blieskastel	JN39PF	\N	\N	\N	\N	\N
1995-01-09 14:25:00+00	1995-01-09 15:51:00+00	DK6VF	DL	438.825	FM	5	5	Y	Y	Hugo	Dudweiler	JN39MG	Q01	\N	FT-5100 5W XL-200 (2 Shacks)	DG8VD	\N	\N	Blieskastel	JN39PF	\N	\N	\N	\N	\N
1995-01-13 19:22:00+00	1995-01-13 19:35:00+00	DC5VU	DL	145.6	FM	5	\N	N	N	Natale	Burbach	\N	\N	\N	\N	DG8VD	\N	\N	Blieskastel	JN39PF	\N	\N	\N	\N	\N
1995-01-14 16:10:00+00	1995-01-14 16:14:00+00	DA2RI	DL	145.6	FM	5	5	Y	Y	Gary	Kleinsteinhausn	\N	\N	\N	Yaesu, 1.QSO in Englisch!	DG8VD	\N	\N	Blieskastel	JN39PF	\N	\N	\N	\N	\N
1995-01-14 22:42:00+00	1995-01-14 23:27:00+00	DD8VH	DL	145.6	FM	5	\N	Y	N	Hagen	Bitburg	\N	K51	\N	25W DX-30 C:7/94	DG8VD	\N	\N	Blieskastel	JN39PF	\N	\N	\N	\N	\N
1995-01-14 22:42:00+00	1995-01-14 23:27:00+00	DG8VM/P	DL	145.6	FM	5	\N	Y	N	Mark	Schwarzenholz	\N	Q09	\N	C:10.12.94	DG8VD	\N	\N	Blieskastel	JN39PF	\N	\N	\N	\N	\N
1995-01-14 22:42:00+00	1995-01-14 23:27:00+00	DH1PAN	DL	145.6	FM	5	\N	Y	N	Ditmar	Niederhambach	\N	K03	\N	\N	DG8VD	\N	\N	Blieskastel	JN39PF	\N	\N	\N	\N	\N
1995-01-14 22:42:00+00	1995-01-14 23:27:00+00	DL4VCR	DL	145.6	FM	5	\N	Y	N	Ruben	Wadgassen	JN39JG	Q05	\N	\N	DG8VD	\N	\N	Blieskastel	JN39PF	\N	\N	\N	\N	\N
1995-01-14 22:42:00+00	1995-01-14 23:27:00+00	DL9PC	DL	145.6	FM	5	\N	Y	N	Jochen	Idar-Oberstein	\N	K03	\N	5W, 23 Jahre alt	DG8VD	\N	\N	Blieskastel	JN39PF	\N	\N	\N	\N	\N
1995-01-15 10:20:00+00	1995-01-15 10:40:00+00	DF1VK	DL	145.425	FM	5	\N	N	N	Hermann	\N	\N	Q07	\N	\N	DG8VD	\N	\N	Blieskastel	JN39PF	\N	\N	\N	\N	\N
1995-01-16 20:15:00+00	1995-01-16 20:23:00+00	DF0ANB	DL	145.775	FM	41	\N	Y	N	Clubst. Fa. ANB	Offenburg	\N	A08	\N	via DB0WL, DG7SFE	DG8VD	\N	\N	Blieskastel	JN39PF	\N	\N	\N	\N	\N
1995-01-16 20:15:00+00	1995-01-16 20:23:00+00	DG3GAA	DL	145.775	FM	41	\N	N	N	Holger	Offenburg	JN38XL	A08	\N	C:10/94 via DB0WL	DG8VD	\N	\N	Blieskastel	JN39PF	\N	\N	\N	\N	\N
1995-01-16 20:15:00+00	1995-01-16 20:23:00+00	DG7SFE	DL	145.775	FM	41	\N	Y	Y	Frank	Offenburg	\N	A08	\N	via DB0WL	DG8VD	\N	\N	Blieskastel	JN39PF	\N	\N	\N	\N	\N
1995-01-16 20:15:00+00	1995-01-16 20:23:00+00	DJ1NN	DL	145.775	FM	41	\N	N	N	Günter	Lahr	\N	\N	\N	via DB0WL	DG8VD	\N	\N	Blieskastel	JN39PF	\N	\N	\N	\N	\N
1995-01-16 20:15:00+00	1995-01-16 20:23:00+00	DJ7JZ	DL	145.775	FM	41	\N	N	N	Martin	\N	\N	\N	\N	via DB0WL	DG8VD	\N	\N	Blieskastel	JN39PF	\N	\N	\N	\N	\N
1995-01-16 20:40:00+00	1995-01-16 20:52:00+00	DF1UG	DL	145.75	FM	54	55	Y	N	Rudi	Sinsheim/Offnhm	\N	A19	\N	via DB0ZF	DG8VD	\N	\N	Blieskastel	JN39PF	\N	\N	\N	\N	\N
1995-01-16 20:40:00+00	1995-01-16 20:52:00+00	DL4YDN/P	DL	145.75	FM	54	55	Y	Y	Gabriel	Mühlheim	\N	N33	\N	via DB0ZF	DG8VD	\N	\N	Blieskastel	JN39PF	\N	\N	\N	\N	\N
1995-01-17 15:10:00+00	1995-01-17 15:13:00+00	DG2SMS	DL	145.737	FM	5	\N	Y	N	Mike	Stegen	\N	A33	\N	\N	DG8VD	\N	\N	Blieskastel	JN39PF	\N	\N	\N	\N	\N
1995-01-17 15:10:00+00	1995-01-17 15:13:00+00	DL0SGS	DL	145.737	FM	5	\N	Y	Y	Gehörlosenschul	Stegen	\N	A33	\N	Mike DG2SMS	DG8VD	\N	\N	Blieskastel	JN39PF	\N	\N	\N	\N	\N
1995-01-17 16:05:00+00	1995-01-17 16:09:00+00	DH1VB	DL	145.737	FM	5	\N	N	N	Oliver	Dudweiler	JN39MG	Q08	\N	C:9.12.94	DG8VD	\N	\N	Blieskastel	JN39PF	\N	\N	\N	\N	\N
1995-01-17 21:20:00+00	1995-01-17 22:20:00+00	DD9WM	DL	145.737	FM	5	\N	Y	Y	Irmingard	Waldfischbach	\N	K09	\N	\N	DG8VD	\N	\N	Blieskastel	JN39PF	\N	\N	\N	\N	\N
1995-01-18 18:10:00+00	1995-01-18 18:32:00+00	DH1VB	DL	145.737	FM	5	\N	Y	Y	Oliver	Dudweiler	JN39MG	Q08	\N	C:9.12.94 Alinco	DG8VD	\N	\N	Blieskastel	JN39PF	\N	\N	\N	\N	\N
1995-01-19 21:50:00+00	1995-01-19 21:54:00+00	DF1VM	DL	145.6	FM	5	\N	N	N	\N	\N	\N	\N	\N	\N	DG8VD	\N	\N	Blieskastel	JN39PF	\N	\N	\N	\N	\N
1995-01-20 09:10:00+00	1995-01-20 09:19:00+00	DF2VO	DL	145.737	FM	5	\N	N	N	Michael	Einöd	JN39PG	Q07	\N	DB0HOM-Sysop	DG8VD	\N	\N	Blieskastel	JN39PF	\N	\N	\N	\N	\N
1995-01-22 15:20:00+00	1995-01-22 15:25:00+00	DG1FAH	DL	145.737	FM	5	\N	N	N	Fritz	Renkenbach/KL	\N	K16	\N	\N	DG8VD	\N	\N	Blieskastel	JN39PF	\N	\N	\N	\N	\N
1995-01-22 18:30:00+00	1995-01-22 18:36:00+00	DL2IAD	DL	145.737	FM	5	\N	Y	Y	Willi	Herschweiler-Pe	\N	Q10	\N	TM-231e CW-Fetischist	DG8VD	\N	\N	Blieskastel	JN39PF	\N	\N	\N	\N	\N
1995-01-23 19:34:00+00	1995-01-23 19:43:00+00	DK6VB	DL	145.737	FM	59	59	Y	Y	Ingo	Kirrberg	JN39QH	Q07	\N	Dr.Barthold	DG8VD	\N	\N	Blieskastel	JN39PF	\N	\N	\N	\N	\N
1995-01-23 20:33:00+00	1995-01-23 20:51:00+00	DK6VV/M	DL	145.6	FM	5	\N	Y	Y	Renni	Merzig	\N	Q04	\N	\N	DG8VD	\N	\N	Blieskastel	JN39PF	\N	\N	\N	\N	\N
1995-01-25 15:30:00+00	1995-01-25 15:40:00+00	DF2VW	DL	145.737	FM	5	\N	N	N	Dieter	Schiffweiler	JN39NJ	Q02	\N	\N	DG8VD	\N	\N	Blieskastel	JN39PF	\N	\N	\N	\N	\N
1995-01-25 15:30:00+00	1995-01-25 15:40:00+00	DL8DL	DL	145.737	FM	5	\N	Y	N	Herbert	St.Ingbert	JN39NG	Q02	\N	OVV	DG8VD	\N	\N	Blieskastel	JN39PF	\N	\N	\N	\N	\N
1995-01-26 20:35:00+00	1995-01-26 21:08:00+00	DD1VZ/M	DL	145.6	FM	5	\N	Y	Y	Peter	Kleinblittersdo	JN39MD	Q01	\N	C:4/94 XYL Carola	DG8VD	\N	\N	Blieskastel	JN39PF	\N	\N	\N	\N	\N
1995-01-26 20:35:00+00	1995-01-26 21:08:00+00	DD2VX	DL	145.6	FM	5	\N	Y	N	Britta	Hassel	JN39NG	Q02	\N	OM:DB3VU	DG8VD	\N	\N	Blieskastel	JN39PF	\N	\N	\N	\N	\N
1995-01-31 13:41:00+00	1995-01-31 13:52:00+00	DC8SI/P	DL	438.825	FM	5	\N	Y	N	Peter	Miesau	\N	K39	\N	5W IC-04E C:68	DG8VD	\N	\N	Blieskastel	JN39PF	\N	\N	\N	\N	\N
1995-01-31 14:51:00+00	\N	DL8HA	DL	145.55	FM	5	\N	Y	Y	Franz	St.Ingbert	JN39NG	Q02	\N	st.OVV, Kasse	DG8VD	\N	\N	Blieskastel	JN39PF	\N	\N	\N	\N	\N
1995-01-31 14:51:00+00	\N	DL9DAW	DL	145.55	FM	5	\N	Y	Y	Günter	St.Ingbert	JN39NG	Q02	\N	QSL-Manager	DG8VD	\N	\N	Blieskastel	JN39PF	\N	\N	\N	\N	\N
1995-02-02 17:31:00+00	1995-02-02 18:37:00+00	DL5PI/M	DL	145.737	FM	5	\N	N	N	Peter	\N	\N	\N	\N	\N	DG8VD	\N	\N	Blieskastel	JN39PF	\N	\N	\N	\N	\N
1995-02-02 20:00:00+00	1995-02-02 20:09:00+00	DH/KB2SRS	DL	145.6	FM	5	\N	Y	N	John	Schwedelbach	\N	K39	\N	FT212 5W nr Ramstein	DG8VD	\N	\N	Blieskastel	JN39PF	\N	\N	\N	\N	\N
1995-02-02 20:10:00+00	1995-02-02 20:14:00+00	DH/KB2SRN	DL	145.6	FM	5	\N	Y	N	Tim	\N	\N	K39	\N	FT250 2W	DG8VD	\N	\N	Blieskastel	JN39PF	\N	\N	\N	\N	\N
1995-02-03 14:52:00+00	1995-02-03 14:55:00+00	DK0RSS/P	DL	145.6	FM	5	\N	Y	Y	Realsch.Sulzbac	Sulzbach	JN39NI	\N	\N	DG8VC /p im Saar-Park-Center	DG8VD	\N	\N	Blieskastel	JN39PF	\N	\N	\N	\N	\N
1995-02-03 16:15:00+00	1995-02-03 16:20:00+00	DG7VF/M	DL	145.737	FM	5	\N	N	N	Horst	Ottweiler	JN39OJ	\N	\N	\N	DG8VD	\N	\N	Blieskastel	JN39PF	\N	\N	\N	\N	\N
1995-02-04 14:08:00+00	1995-02-04 14:22:00+00	DD8VI	DL	145.6	FM	5	\N	N	N	Franz	\N	\N	\N	\N	\N	DG8VD	\N	\N	Blieskastel	JN39PF	\N	\N	\N	\N	\N
1995-02-05 11:15:00+00	1995-02-05 11:20:00+00	DC8RA	DL	145.6	FM	5	\N	N	N	Klaus	Altenkessel	JN39KG	Q01	\N	GE-Sysop	DG8VD	\N	\N	Blieskastel	JN39PF	\N	\N	\N	\N	\N
1995-02-05 15:44:00+00	1995-02-05 15:48:00+00	DL1GA	DL	145.6	FM	5	\N	Y	Y	Gregor	Heitersheim	JN37TV	A27	\N	zw.Freiburg&Basel TF480R	DG8VD	\N	\N	Blieskastel	JN39PF	\N	\N	\N	\N	\N
1995-02-05 17:20:00+00	1995-02-05 17:23:00+00	F6AFP	F	145.6	FM	5	\N	Y	N	Jacques	\N	\N	\N	\N	FT209R	DG8VD	\N	\N	Blieskastel	JN39PF	\N	\N	\N	\N	\N
1995-02-05 17:25:00+00	1995-02-05 17:35:00+00	DB7IQ	DL	145.65	FM	5	\N	N	N	Jürgen	\N	\N	P15	\N	\N	DG8VD	\N	\N	Blieskastel	JN39PF	\N	\N	\N	\N	\N
1995-02-07 14:20:00+00	1995-02-07 14:21:00+00	DL/LX1FF	DL	145.6	FM	5	\N	N	N	Hans	\N	\N	\N	\N	\N	DG8VD	\N	\N	Blieskastel	JN39PF	\N	\N	\N	\N	\N
1995-02-10 17:45:00+00	\N	DL9SBU/M	DL	145.6	FM	5	\N	N	N	Paul	Sachsenheim	\N	P51	\N	gleicher OV DG7SAX, C500	DG8VD	\N	\N	Blieskastel	JN39PF	\N	\N	\N	\N	\N
1995-02-12 13:50:00+00	1995-02-12 13:54:00+00	DL8GT/M	DL	438.825	FM	5	\N	N	N	Armin	\N	\N	\N	\N	\N	DG8VD	\N	\N	Blieskastel	JN39PF	\N	\N	\N	\N	\N
1995-02-18 18:44:00+00	1995-02-18 18:51:00+00	DA2ED	DL	145.737	FM	5	5	Y	N	Erwin	Zweibrücken	\N	K39	\N	Yaesu 736 (PA-Armee)	DG8VD	\N	\N	Blieskastel	JN39PF	\N	\N	\N	\N	\N
1995-02-18 18:54:00+00	1995-02-18 18:58:00+00	DG4FFF	DL	145.737	FM	4	40	Y	N	Hans-Peter	Flörsheim/Mainz	JO40FA	F27	\N	Mainz-Taunus-Kreis ex.Saarbrücker	DG8VD	\N	\N	Blieskastel	JN39PF	\N	\N	\N	\N	\N
1995-02-21 14:50:00+00	1995-02-21 14:54:00+00	DC9VN	DL	145.737	FM	3	\N	N	N	Klaus	St.Ingbert	\N	\N	\N	\N	DG8VD	\N	\N	Blieskastel	JN39PF	\N	\N	\N	\N	\N
1995-02-23 15:24:00+00	1995-02-23 16:25:00+00	DB9VS	DL	145.425	FM	59	59	Y	Y	Bernd	Webenheim	JN39PF	K12	\N	Amselweg 4	DG8VD	\N	\N	Blieskastel	JN39PF	\N	\N	\N	\N	\N
1995-02-26 15:40:00+00	1995-02-26 15:52:00+00	DJ9YJ/M	DL	145.737	FM	5	\N	N	N	Joachim	Allgäu	\N	\N	\N	\N	DG8VD	\N	\N	Blieskastel	JN39PF	\N	\N	\N	\N	\N
1995-02-26 15:40:00+00	1995-02-26 15:52:00+00	DL4VCN/M	DL	145.737	FM	5	\N	N	N	Georg	Homburg	JN39PI	Q07	\N	\N	DG8VD	\N	\N	Blieskastel	JN39PF	\N	\N	\N	\N	\N
1995-02-27 14:20:00+00	1995-02-27 14:27:00+00	DL4VCN/M	DL	145.737	FM	5	\N	N	N	Georg	Homburg	JN39PI	Q07	\N	Ein seltener Gast...	DG8VD	\N	\N	Blieskastel	JN39PF	\N	\N	\N	\N	\N
1995-03-03 19:03:00+00	1995-03-03 19:21:00+00	DG8VG	DL	438.825	FM	5	\N	N	N	Gerd	St.Ingbert	JN39NG	\N	\N	TM733E X30 C:10.12.94	DG8VD	\N	\N	Blieskastel	JN39PF	\N	\N	\N	\N	\N
1995-03-03 19:06:00+00	1995-03-03 19:18:00+00	DB6IU	DL	144.8	FM	52	58	N	N	Gustl	Hermersberg/PS	\N	\N	\N	IC702E 7W (75W: RS 55)	DG8VD	\N	\N	Blieskastel	JN39PF	\N	\N	\N	\N	\N
1995-03-05 21:45:00+00	1995-03-05 21:59:00+00	DG8VL	DL	145.6	FM	5	\N	N	N	Dirk	\N	\N	K52	\N	C:4.3.95 - QSL zurück 4/96	DG8VD	\N	\N	Blieskastel	JN39PF	\N	\N	\N	\N	\N
1995-03-05 22:02:00+00	1995-03-05 22:28:00+00	DC6WN/M	DL	145.737	FM	5	\N	N	N	Thorsten	\N	\N	\N	\N	C:13.2.95	DG8VD	\N	\N	Blieskastel	JN39PF	\N	\N	\N	\N	\N
1995-03-12 10:55:00+00	1995-03-12 11:08:00+00	DC9VB/P	DL	145.737	FM	5	\N	N	N	Wolfgang	Kleinblittersdo	JN39MD	Q01	\N	\N	DG8VD	\N	\N	Blieskastel	JN39PF	\N	\N	\N	\N	\N
1995-03-12 10:55:00+00	1995-03-12 11:08:00+00	DJ7PZ	DL	145.737	FM	5	\N	N	N	Joachim	Bruchmühlbach	\N	Q07	\N	ex DH2PAZ	DG8VD	\N	\N	Blieskastel	JN39PF	\N	\N	\N	\N	\N
1995-03-12 16:07:00+00	1995-03-12 16:08:00+00	DC8WP	DL	145.737	FM	3	\N	N	N	Stefan	Kaiserslautern	\N	K54	\N	\N	DG8VD	\N	\N	Blieskastel	JN39PF	\N	\N	\N	\N	\N
1995-03-13 18:15:00+00	1995-03-13 18:27:00+00	DC9FD	DL	145.737	FM	5	\N	N	N	Peter	Frankfurt	\N	\N	\N	C:67	DG8VD	\N	\N	Blieskastel	JN39PF	\N	\N	\N	\N	\N
1995-03-17 17:40:00+00	1995-03-17 17:50:00+00	DB6VL	DL	438.825	FM	5	\N	N	N	\N	\N	\N	\N	\N	\N	DG8VD	\N	\N	Blieskastel	JN39PF	\N	\N	\N	\N	\N
1995-03-18 17:00:00+00	1995-03-18 17:10:00+00	F/DH1III	F	145.737	FM	5	\N	Y	N	Hans	Bitche 19km süd	JN38PP	A51	\N	\N	DG8VD	\N	\N	Blieskastel	JN39PF	\N	\N	\N	\N	\N
1995-03-20 12:30:00+00	1995-03-20 12:32:00+00	DL5IAS	DL	145.737	FM	5	\N	N	N	Manfred	Grünstadt	\N	\N	\N	\N	DG8VD	\N	\N	Blieskastel	JN39PF	\N	\N	\N	\N	\N
1995-03-20 14:21:00+00	1995-03-20 14:48:00+00	DC2UY	DL	439.05	FM	5	\N	Y	N	Gerd	Pirmasens	\N	K12	\N	Diplom-Manager DL0ZB	DG8VD	\N	\N	Blieskastel	JN39PF	\N	\N	\N	\N	\N
1995-03-20 14:21:00+00	1995-03-20 14:48:00+00	DL0ZB	DL	439.05	FM	5	\N	N	N	Clubstation ZW	Zweibrücken	\N	K12	\N	DC2UY	DG8VD	\N	\N	Blieskastel	JN39PF	\N	\N	\N	\N	\N
1995-03-20 14:21:00+00	1995-03-20 14:48:00+00	DL4VCK	DL	439.05	FM	5	\N	Y	Y	Stefan	Bexbach	JN39PI	Q07	\N	\N	DG8VD	\N	\N	Blieskastel	JN39PF	\N	\N	\N	\N	\N
1995-03-20 15:06:00+00	1995-03-20 15:13:00+00	DD5NG/M	DL	145.737	FM	5	\N	Y	N	Gaston	\N	\N	Q05	\N	\N	DG8VD	\N	\N	Blieskastel	JN39PF	\N	\N	\N	\N	\N
1995-03-21 14:25:00+00	1995-03-21 14:35:00+00	DC2FV	DL	145.737	FM	5	\N	Y	Y	Thomas	Mainz	\N	F20	\N	TS790E X5000	DG8VD	\N	\N	Blieskastel	JN39PF	\N	\N	\N	\N	\N
1995-03-23 18:14:00+00	1995-03-23 18:21:00+00	F1AKK	F	145.6	FM	5	59	Y	Y	Oliviér	Metz (Dep. 57)	JN39CC	\N	\N	TR-751E (sein 6.QSO, neue Lis)	DG8VD	\N	\N	Blieskastel	JN39PF	\N	\N	\N	\N	\N
1995-03-25 11:03:00+00	1995-03-25 11:16:00+00	DG2WY	DL	438.825	FM	5	\N	Y	N	Gerhard	Weißkirchen	JN39JN	\N	\N	\N	DG8VD	\N	\N	Blieskastel	JN39PF	\N	\N	\N	\N	\N
1995-03-25 20:30:00+00	1995-03-25 20:50:00+00	DG3GKM	DL	145.737	FM	5	\N	Y	Y	Martin	Oberschopfheim	\N	A08	\N	C:2/95	DG8VD	\N	\N	Blieskastel	JN39PF	\N	\N	\N	\N	\N
1995-03-25 20:30:00+00	1995-03-25 21:18:00+00	DG8VH	DL	145.737	FM	5	\N	Y	Y	Helmut	Geisfeld	JN39LR	K52	\N	FT730R 25W 480NN C:10.12.95	DG8VD	\N	\N	Blieskastel	JN39PF	\N	\N	\N	\N	\N
1995-03-25 20:30:00+00	1995-03-25 21:10:00+00	LX1XL	LX	145.737	FM	5	\N	Y	Y	Patrick	Bascharage	\N	\N	\N	15km SW de Luxemburg	DG8VD	\N	\N	Blieskastel	JN39PF	\N	\N	\N	\N	\N
1995-03-26 17:20:00+00	1995-03-26 17:28:00+00	DC0VL	DL	145.425	FM	58	51	Y	N	Herbert	Webenheim	\N	Z19	\N	\N	DG8VD	\N	\N	Blieskastel	JN39PF	\N	\N	\N	\N	\N
1995-04-01 12:22:00+00	1995-04-01 12:30:00+00	DF3IF	DL	438.575	FM	5	\N	Y	N	Peter (Idefix)	Zweibrücken	\N	Q17	\N	\N	DG8VD	\N	\N	Blieskastel	JN39PF	\N	\N	\N	\N	\N
1995-04-01 16:10:00+00	1995-04-01 16:31:00+00	DF3IF	DL	438.575	SSTV	5	\N	Y	N	Peter (Idefix)	Zweibrücken	\N	Q17	\N	SSTV, (zum 1. mal richtig!)	DG8VD	\N	\N	Blieskastel	JN39PF	\N	\N	\N	\N	\N
1995-04-03 20:30:00+00	1995-04-03 20:40:00+00	DB2VK/M	DL	145.737	FM	5	\N	N	N	Albrecht	Ottweiler	JN39OJ	\N	\N	Alinco 5W	DG8VD	\N	\N	Blieskastel	JN39PF	\N	\N	\N	\N	\N
1995-04-09 08:55:00+00	\N	DL2FJ/P	DL	145.737	FM	5	59	Y	Y	Matthias	Schauinsland	\N	F34	\N	ich /p in Merchweiler	DG8VD	\N	\N	Blieskastel	JN39PF	\N	\N	\N	\N	\N
1995-04-11 12:15:00+00	1995-04-11 12:26:00+00	DG8VA/P	DL	145.6	FM	5	\N	Y	N	Herbert	Rehlingen	JN39IJ	Q04	\N	Standard C:3/95	DG8VD	\N	\N	Blieskastel	JN39PF	\N	\N	\N	\N	\N
1995-04-15 09:06:00+00	1995-04-15 09:29:00+00	DG6NFK/P	DL	145.625	FM	4	5	N	N	Marco	Dillingen	\N	B11	\N	Nürnberg DJ708E	DG8VD	\N	\N	Blieskastel	JN39PF	\N	\N	\N	\N	\N
1995-04-16 08:00:00+00	1995-04-16 08:30:00+00	DL0RP	DL	145.775	FM	4	\N	N	R	RLP-Rundspruch	Rheinlandpfalz	\N	\N	\N	DJ5PK	DG8VD	\N	\N	Blieskastel	JN39PF	\N	\N	\N	\N	\N
1995-04-19 09:48:00+00	1995-04-19 09:52:00+00	DL4VAQ	DL	145.737	FM	5	\N	Y	N	Anton	Homburg	JN39QH	Z19	\N	C528	DG8VD	\N	\N	Blieskastel	JN39PF	\N	\N	\N	\N	\N
1995-04-19 12:05:00+00	1995-04-19 12:25:00+00	DB6PK	DL	145.737	FM	5	\N	Y	Y	Tobias	Ramstein	\N	K39	\N	TR9000 c:7/94	DG8VD	\N	\N	Blieskastel	JN39PF	\N	\N	\N	\N	\N
1995-04-20 11:56:00+00	1995-04-20 11:57:00+00	DJ7PU/M	DL	145.737	FM	5	\N	Y	N	Udo	Idar-Oberstein	\N	K49	\N	\N	DG8VD	\N	\N	Blieskastel	JN39PF	\N	\N	\N	\N	\N
1995-04-20 17:30:00+00	\N	DL0HS	DL	145.425	FM	59	59	Y	Y	Clubst. Q07	Homburg	JN39FJ	Q07	\N	DL4VCK/p	DG8VD	\N	\N	Blieskastel	JN39PF	\N	\N	\N	\N	\N
1995-04-22 08:32:00+00	1995-04-22 08:35:00+00	DB6IY/M	DL	145.737	FM	4	\N	Y	N	Armin	Pforzheim	\N	A49	\N	\N	DG8VD	\N	\N	Blieskastel	JN39PF	\N	\N	\N	\N	\N
1995-04-22 11:05:00+00	1995-04-22 11:16:00+00	DC6KO	DL	145.6	FM	5	\N	N	N	Lothar	Dudweiler	JN39MG	\N	\N	AFu-Laden Jahnstr. 10	DG8VD	\N	\N	Blieskastel	JN39PF	\N	\N	\N	\N	\N
1995-04-22 11:05:00+00	1995-04-22 11:16:00+00	DL8FU/M	DL	145.6	FM	5	\N	N	N	Otto	Hanweiler	JN39MC	\N	\N	IC-02E mit 5kHz-Raster	DG8VD	\N	\N	Blieskastel	JN39PF	\N	\N	\N	\N	\N
1995-04-26 18:15:00+00	1995-04-26 18:22:00+00	DG8UAN	DL	145.6	FM	5	\N	N	N	Christian	Gernsbach/Baden	\N	\N	\N	\N	DG8VD	\N	\N	Blieskastel	JN39PF	\N	\N	\N	\N	\N
1995-04-28 12:40:00+00	1995-04-28 13:58:00+00	DL4IY/M	DL	145.737	FM	5	\N	N	N	Günter	Waldmohr	\N	Q07	\N	\N	DG8VD	\N	\N	Blieskastel	JN39PF	\N	\N	\N	\N	\N
1995-04-29 17:14:00+00	1995-04-29 17:26:00+00	DL4VAP/M	DL	145.737	FM	5	\N	N	N	Marcus	\N	\N	Q08	\N	TCP/IP-44.130.33.xx-Manager	DG8VD	\N	\N	Blieskastel	JN39PF	\N	\N	\N	\N	\N
1995-05-01 15:47:00+00	1995-05-01 15:57:00+00	DK1MH	DL	145.737	FM	5	\N	N	N	Reiner	Fürstenhausen	\N	\N	\N	nr VKL TS780	DG8VD	\N	\N	Blieskastel	JN39PF	\N	\N	\N	\N	\N
1995-05-01 18:04:00+00	1995-05-01 18:19:00+00	DD2VW/M	DL	145.737	FM	5	\N	N	N	Reinhold	Mettlach	\N	\N	\N	Geburtstag!	DG8VD	\N	\N	Blieskastel	JN39PF	\N	\N	\N	\N	\N
1995-05-06 09:10:00+00	1995-05-06 09:13:00+00	DL4GBM/P	DL	145.737	FM	5	5	N	N	Rolf	Hachen/Oberkirc	\N	\N	\N	Heimat Offenburg 600NN	DG8VD	\N	\N	Blieskastel	JN39PF	\N	\N	\N	\N	\N
1995-05-06 09:54:00+00	1995-05-06 09:59:00+00	DJ4WZ	DL	145.737	FM	5	\N	N	N	Hans	Zweibrücken	\N	\N	\N	\N	DG8VD	\N	\N	Blieskastel	JN39PF	\N	\N	\N	\N	\N
1995-05-06 18:57:00+00	1995-05-06 19:00:00+00	DH1VN	DL	145.737	FM	5	\N	N	N	Otto	Heiligenwald	JN39NI	Q03	\N	\N	DG8VD	\N	\N	Blieskastel	JN39PF	\N	\N	\N	\N	\N
1995-05-08 13:34:00+00	1995-05-08 13:42:00+00	F1TZU/P	F	145.375	FM	5	\N	N	R	Robert	Saargemünd	JN39BI	\N	\N	Thionville TM-251 5W	DG8VD	\N	\N	Blieskastel	JN39PF	\N	\N	\N	\N	\N
1995-05-11 14:08:00+00	1995-05-11 14:12:00+00	DG8SSC/M	DL	145.737	FM	5	\N	N	N	Hans	Althornbach	\N	\N	\N	\N	DG8VD	\N	\N	Blieskastel	JN39PF	\N	\N	\N	\N	\N
1995-05-11 18:20:00+00	1995-05-11 19:12:00+00	DB3VU	DL	145.737	FM	5	\N	N	N	Jürgen	Hassel	JN39NG	Q02	\N	XYL:DD2VY	DG8VD	\N	\N	Blieskastel	JN39PF	\N	\N	\N	\N	\N
1995-05-14 12:48:00+00	1995-05-14 12:51:00+00	DB2PY/M	DL	145.737	FM	5	\N	Y	N	Herbert	\N	\N	Z11	\N	@db0lj-9	DG8VD	\N	\N	Blieskastel	JN39PF	\N	\N	\N	\N	\N
1995-05-14 14:43:00+00	1995-05-14 14:50:00+00	DK8VU	DL	145.737	FM	5	\N	N	N	Karl	Neunkirchen	JN39OI	Q03	\N	\N	DG8VD	\N	\N	Blieskastel	JN39PF	\N	\N	\N	\N	\N
1995-05-14 18:55:00+00	1995-05-14 19:16:00+00	DG5PQ	DL	145.737	FM	5	5	Y	N	Marion	Kleinbundenbach	JN39RH	K35	\N	SK-22RFM C:22.4.95	DG8VD	\N	\N	Blieskastel	JN39PF	\N	\N	\N	\N	\N
1995-05-14 18:55:00+00	1995-05-14 19:16:00+00	DG5PU	DL	145.737	FM	5	5	Y	N	Annette	Rieschweiler-Mü	JN39SG	K35	\N	C:21.4.95 in Damp/Ostsee	DG8VD	\N	\N	Blieskastel	JN39PF	\N	\N	\N	\N	\N
1995-05-14 19:09:00+00	1995-05-14 19:16:00+00	DG8VZ	DL	145.737	FM	5	5	Y	N	Peter	Orscholz	JN39GM	Q04	\N	C:3/95	DG8VD	\N	\N	Blieskastel	JN39PF	\N	\N	\N	\N	\N
1995-05-20 09:45:00+00	\N	DF0NO	DL	145.5	FM	59	59	N	Y	Club Niederolm	Niederolm	JN49CW	K46	\N	AFu-Flohmarkt Thomas DG1PY	DG8VD	\N	\N	Blieskastel	JN39PF	\N	\N	\N	\N	\N
1995-05-22 18:10:00+00	1995-05-22 19:07:00+00	DB3VU	DL	145.737	FM	5	\N	Y	Y	Jürgen	Hassel	JN39NG	Q02	\N	XYL:DD2VY	DG8VD	\N	\N	Blieskastel	JN39PF	\N	\N	\N	\N	\N
1995-05-22 18:18:00+00	1995-05-22 18:40:00+00	DD8VW/P	DL	145.737	FM	5	\N	Y	N	Henry	Merzig	JN39HK	Q04	\N	C:18.5.94	DG8VD	\N	\N	Blieskastel	JN39PF	\N	\N	\N	\N	\N
1995-05-23 22:18:00+00	1995-05-23 22:49:00+00	DD2KE	DL	145.6	FM	5	\N	N	N	Dithmar	\N	\N	Q01	\N	GE-Sysop & Programmierer	DG8VD	\N	\N	Blieskastel	JN39PF	\N	\N	\N	\N	\N
1995-05-24 08:13:00+00	1995-05-24 08:22:00+00	DL8FU	DL	145.6	FM	5	\N	Y	N	Otto	Hanweiler	JN39MC	Q11	\N	\N	DG8VD	\N	\N	Blieskastel	JN39PF	\N	\N	\N	\N	\N
1995-05-24 08:47:00+00	1995-05-24 08:54:00+00	DL0GI/P	DL	145.737	FM	5	\N	N	Y	Club Johanneum	Homburg	JN39QH	Q07	\N	DL8FQ beim 5b-Wandertag	DG8VD	\N	\N	Blieskastel	JN39PF	\N	\N	\N	\N	\N
1995-05-24 10:52:00+00	1995-05-24 11:09:00+00	DD0UM	DL	145.737	FM	5	\N	Y	Y	Heido	Bad Dürkheim	\N	K54	\N	\N	DG8VD	\N	\N	Blieskastel	JN39PF	\N	\N	\N	\N	\N
1995-05-24 10:52:00+00	1995-05-24 11:09:00+00	DG0CAC/P	DL	145.737	FM	5	\N	Y	Y	Bernd	Magdeburg	\N	W05	\N	/p in Landstuhl	DG8VD	\N	\N	Blieskastel	JN39PF	\N	\N	\N	\N	\N
1995-05-24 10:52:00+00	1995-05-24 11:09:00+00	DL0DOB	DL	145.737	FM	5	\N	Y	Y	Club Hettenleid	Hettenleidelhei	\N	K54	\N	DD0UM	DG8VD	\N	\N	Blieskastel	JN39PF	\N	\N	\N	\N	\N
1995-05-24 15:42:00+00	1995-05-24 15:59:00+00	DB4VB	DL	145.737	FM	5	\N	N	N	Rainer	Elversberg	JN39NH	\N	\N	\N	DG8VD	\N	\N	Blieskastel	JN39PF	\N	\N	\N	\N	\N
1995-05-24 17:00:00+00	1995-05-24 17:13:00+00	DH4PAH	DL	145.737	FM	5	\N	N	N	Michael	\N	\N	\N	\N	\N	DG8VD	\N	\N	Blieskastel	JN39PF	\N	\N	\N	\N	\N
1995-05-25 08:35:00+00	1995-05-25 08:48:00+00	DF0OV	DL	145.737	FM	5	\N	Y	N	Club Schwarzbac	Schwarzbachtal	\N	K35	\N	DG5PU und DG5PQ	DG8VD	\N	\N	Blieskastel	JN39PF	\N	\N	\N	\N	\N
1995-05-25 11:50:00+00	\N	DF3VI	DL	145.737	FM	5	\N	N	N	Patrick	Schwarzenbach	JN39PH	Q07	\N	DB0HOM-Sysop	DG8VD	\N	\N	Blieskastel	JN39PF	\N	\N	\N	\N	\N
1995-05-28 10:00:00+00	\N	DK0HD	DL	145.737	FM	5	59	Y	Y	Clubstn. Bosch	Homburg	JN39QH	Q07	\N	Manfred DL4VBC	DG8VD	\N	\N	Blieskastel	JN39PF	\N	\N	\N	\N	\N
1995-05-30 16:20:00+00	\N	DC4WM	DL	145.737	FM	5	\N	Y	N	Andreas	Rieschweiler	\N	\N	\N	Bruder von DG5PU	DG8VD	\N	\N	Blieskastel	JN39PF	\N	\N	\N	\N	\N
1995-05-30 16:20:00+00	\N	DD0WE/M	DL	145.737	FM	5	\N	N	N	Max	Einsiedlerhof	\N	\N	\N	ich /m - QSL zurück 4/96	DG8VD	\N	\N	Blieskastel	JN39PF	\N	\N	\N	\N	\N
1995-06-06 11:55:00+00	1995-06-06 12:16:00+00	DL8EA/M	DL	145.737	FM	5	\N	N	N	Harald	\N	\N	\N	\N	\N	DG8VD	\N	\N	Blieskastel	JN39PF	\N	\N	\N	\N	\N
1995-06-07 16:25:00+00	1995-06-07 16:34:00+00	DK3WK	DL	145.737	FM	5	\N	N	N	Willi	Rodalben	\N	K09	\N	ex DC4WE	DG8VD	\N	\N	Blieskastel	JN39PF	\N	\N	\N	\N	\N
1995-06-07 22:05:00+00	1995-06-07 22:28:00+00	DC1PVA	DL	145.6	FM	5	5	Y	Y	Adelheit	Katzweiler/KL	\N	K16	\N	TH79E	DG8VD	\N	\N	Blieskastel	JN39PF	\N	\N	\N	\N	\N
1995-06-08 16:24:00+00	1995-06-08 16:30:00+00	DL1WC	DL	438.825	FM	5	5	N	N	Christian	\N	\N	\N	\N	Mitglied DL0UDS	DG8VD	\N	\N	Blieskastel	JN39PF	\N	\N	\N	\N	\N
1995-06-09 12:32:00+00	1995-06-09 12:49:00+00	DL4VCN	DL	145.737	FM	5	\N	N	N	Georg	Homburg	JN39PI	Q07	\N	Nochmals ein seltener Gast...	DG8VD	\N	\N	Blieskastel	JN39PF	\N	\N	\N	\N	\N
1995-06-09 14:24:00+00	1995-06-09 14:46:00+00	DB6VW/M	DL	145.737	FM	5	\N	N	N	Herbert	Jägersfreude	JN39MG	Q14	\N	Anruf bei Fa. wg. Motorschaden	DG8VD	\N	\N	Blieskastel	JN39PF	\N	\N	\N	\N	\N
1995-06-09 19:49:00+00	1995-06-09 20:20:00+00	DG2KHS/P	DL	145.737	FM	5	5	Y	Y	Hubert	Würselen	JO30BT	G47	\N	/p Donnersberg TM742E	DG8VD	\N	\N	Blieskastel	JN39PF	\N	\N	\N	\N	\N
1995-06-23 14:04:00+00	1995-06-23 14:14:00+00	DL4VCG/M	DL	145.6	FM	5	\N	N	N	Frank	Heiligenwald	\N	Q13	\N	C108 200mW C:76 B:93	DG8VD	\N	\N	Blieskastel	JN39PF	\N	\N	\N	\N	\N
1995-06-25 12:40:00+00	1995-06-25 12:47:00+00	DC3VZ	DL	145.737	FM	5	\N	Y	Y	Engelbert	SB-Eschringen	\N	Q14	\N	C:78 exQ02	DG8VD	\N	\N	Blieskastel	JN39PF	\N	\N	\N	\N	\N
1995-06-25 12:47:00+00	1995-06-25 12:51:00+00	F/DG3SFX/P	F	145.737	FM	5	\N	Y	Y	Bernd	Weisseinberg	\N	P05	\N	500mNN	DG8VD	\N	\N	Blieskastel	JN39PF	\N	\N	\N	\N	\N
1995-06-26 10:15:00+00	\N	DB1WV	DL	145.737	FM	5	5	Y	N	Erhard	Jugelheim	\N	K29	\N	C:5/95	DG8VD	\N	\N	Blieskastel	JN39PF	\N	\N	\N	\N	\N
1995-07-02 14:50:00+00	1995-07-02 14:56:00+00	OE3NSC	OE	145.75	FM	5	5	Y	N	Reinhard	Klos. Meinhard	\N	\N	\N	ich /p in Wien Relais Süd-Wien	DG8VD	\N	\N	Blieskastel	JN39PF	\N	\N	\N	\N	\N
1995-07-06 20:23:00+00	1995-07-06 20:31:00+00	DL4VDL	DL	145.737	FM	5	\N	N	N	Gerhard	Bebelsheim	JN39NE	Q14	\N	TS700	DG8VD	\N	\N	Blieskastel	JN39PF	\N	\N	\N	\N	\N
1995-07-07 09:08:00+00	1995-07-07 09:20:00+00	DH0IAV	DL	145.737	FM	5	\N	N	N	Dieter	Heidelberg	\N	\N	\N	ex F0AFJ	DG8VD	\N	\N	Blieskastel	JN39PF	\N	\N	\N	\N	\N
1995-07-13 12:17:00+00	1995-07-13 12:32:00+00	DF5VM	DL	145.425	FM	59	59	Y	Y	Gerd	Mimbach	JN39PF	\N	\N	XYL: DF1VY	DG8VD	\N	\N	Blieskastel	JN39PF	\N	\N	\N	\N	\N
1995-07-17 20:16:00+00	\N	DH3PAJ	DL	145.737	FM	5	5	Y	Y	Markus	Kottweiler-Schw	JN39SL	K39	\N	\N	DG8VD	\N	\N	Blieskastel	JN39PF	\N	\N	\N	\N	\N
1995-07-17 21:25:00+00	1995-07-17 21:54:00+00	DL6ZBE/M	DL	145.737	FM	5	\N	N	N	Peter	Rosbach vd.Höhe	\N	\N	\N	bei FFm.	DG8VD	\N	\N	Blieskastel	JN39PF	\N	\N	\N	\N	\N
1995-07-18 14:30:00+00	1995-07-18 15:00:00+00	DH3PAJ/M	DL	145.5	FM	5	\N	N	N	Markus	\N	\N	\N	\N	Mitgl. DL0XK (ich /m A6)	DG8VD	\N	\N	Blieskastel	JN39PF	\N	\N	\N	\N	\N
1995-07-19 18:35:00+00	1995-07-19 18:41:00+00	DG0JN/P	DL	145.775	FM	51	3	Y	Y	Gottfried	\N	\N	S46	\N	C168 /p 17km südl.Daun	DG8VD	\N	\N	Blieskastel	JN39PF	\N	\N	\N	\N	\N
1995-07-20 17:33:00+00	1995-07-20 17:47:00+00	DF2VP	DL	145.737	FM	5	\N	N	N	Manfred	\N	\N	\N	\N	\N	DG8VD	\N	\N	Blieskastel	JN39PF	\N	\N	\N	\N	\N
1995-07-23 09:25:00+00	1995-07-23 09:58:00+00	DC4VF	DL	145.425	FM	20	55	N	N	Alois	Namborn	\N	\N	\N	"one-way-QSO"	DG8VD	\N	\N	Blieskastel	JN39PF	\N	\N	\N	\N	\N
1995-07-23 17:24:00+00	1995-07-23 17:25:00+00	DB9BD	DL	145.737	FM	5	\N	N	N	Anne	Osnabrück	\N	\N	\N	YL von DL4VCN	DG8VD	\N	\N	Blieskastel	JN39PF	\N	\N	\N	\N	\N
1995-07-28 17:21:00+00	1995-07-28 17:30:00+00	F1BMS/M	F	145.737	FM	51	54	Y	N	Bernard	Heckenransbach	JN39LB	\N	\N	Liz:15.6.95 7kmSv.Saargemünd	DG8VD	\N	\N	Blieskastel	JN39PF	\N	\N	\N	\N	\N
1995-07-28 18:12:00+00	1995-07-28 18:20:00+00	DG5BBH/P	DL	145.737	FM	5	5	Y	N	Jonny	Wilhemshaven	JO43BM	I16	\N	/P Bad Herrenalb C:85 IC2E X50	DG8VD	\N	\N	Blieskastel	JN39PF	\N	\N	\N	\N	\N
1995-07-31 17:51:00+00	1995-07-31 17:53:00+00	DF4VY	DL	438.825	FM	5	\N	N	N	Waltraut	Neunkirchen	JN39OI	\N	\N	\N	DG8VD	\N	\N	Blieskastel	JN39PF	\N	\N	\N	\N	\N
1995-08-02 15:45:00+00	1995-08-02 15:51:00+00	DH3PAJ	DL	438.575	RTTY	59	59	N	N	Markus	\N	\N	\N	\N	Antwort auf RTTY-CQ-Ruf	DG8VD	\N	\N	Blieskastel	JN39PF	\N	\N	\N	\N	\N
1995-08-06 12:30:00+00	1995-08-06 12:40:00+00	DL0LZ/P	DL	145.6	FM	5	\N	N	R	OV Schmelz	Schmelz	JN39KK	Q06	\N	DH1VT Sommerfest Q06	DG8VD	\N	\N	Blieskastel	JN39PF	\N	\N	\N	\N	\N
1995-08-07 21:53:00+00	1995-08-07 22:13:00+00	DG4FED	DL	145.737	FM	5	52	Y	R	Hartmut	Wetzlar/Weißbur	JO40DN	\N	\N	25W	DG8VD	\N	\N	Blieskastel	JN39PF	\N	\N	\N	\N	\N
1995-08-08 17:50:00+00	1995-08-08 18:00:00+00	DL2BQW/P	DL	145.6	FM	5	\N	Y	Y	Werner	\N	\N	Y19	\N	/p in Blieskastel	DG8VD	\N	\N	Blieskastel	JN39PF	\N	\N	\N	\N	\N
1995-08-09 12:45:00+00	1995-08-09 12:51:00+00	DG1HVT/P	DL	145.737	FM	5	59	Y	Y	Dirk	Bad Schmiedberg	\N	Y37	\N	/p Gr.Feldberg/Taunus	DG8VD	\N	\N	Blieskastel	JN39PF	\N	\N	\N	\N	\N
1995-08-10 16:58:00+00	\N	DL1FUN/P	DL	438.825	FM	5	5	Y	R	Clemens	Usingen/Taunus	JO40CN	F18	\N	/p in Saarlouis	DG8VD	\N	\N	Blieskastel	JN39PF	\N	\N	\N	\N	\N
1995-08-11 20:57:00+00	1995-08-11 23:18:00+00	DG5MKU	DL	438.375	PACKET	5	5	Y	R	Michael	München	\N	C12	\N	Packet-QSO, C:Anf/93 *:70	DG8VD	\N	\N	Blieskastel	JN39PF	\N	\N	\N	\N	\N
1995-08-13 10:00:00+00	\N	DL0IT/P	DL	145.6	FM	5	59	Y	Y	OV St.Ingbert	St.Ingbert	JN39NG	Q02	\N	Erstes QSO mit dem Club	DG8VD	\N	\N	Blieskastel	JN39PF	\N	\N	\N	\N	\N
1995-08-18 10:55:00+00	1995-08-18 11:06:00+00	DF1VM	DL	438.825	FM	5	\N	Y	N	Michael	Siersburg	JN39HJ	Q18	\N	\N	DG8VD	\N	\N	Blieskastel	JN39PF	\N	\N	\N	\N	\N
1995-08-20 10:10:00+00	\N	DB7IQ	DL	438.375	PACKET	5	\N	N	N	Jürgen	Zweibrücken	\N	P15	\N	\N	DG8VD	\N	\N	Blieskastel	JN39PF	\N	\N	\N	\N	\N
1995-08-20 10:10:00+00	\N	DF0BI	DL	438.375	PACKET	5	\N	N	R	Club C12	München	JN58TF	C12	\N	Mail gelesen von DG5MKU	DG8VD	\N	\N	Blieskastel	JN39PF	\N	\N	\N	\N	\N
1995-09-02 23:47:00+00	\N	DL0BL/P	DL	144.307	SSB	59	59	Y	R	\N	\N	JN49GC	\N	\N	59001/59277 Michaelsberg	DG8VD	\N	\N	Blieskastel	JN39PF	\N	\N	\N	\N	\N
1995-09-03 00:12:00+00	\N	HB9FX/P	HB	144	SSB	59	59	Y	Y	\N	\N	JN37RT	\N	\N	59002/59371	DG8VD	\N	\N	Blieskastel	JN39PF	\N	\N	\N	\N	\N
1995-09-03 09:55:00+00	\N	DJ0JE	DL	144	SSB	59	59	Y	Y	\N	\N	JN39TM	\N	\N	59003/59299	DG8VD	\N	\N	Blieskastel	JN39PF	\N	\N	\N	\N	\N
1995-09-03 10:13:00+00	\N	G4DSP/P	G	144	SSB	59	59	Y	Y	\N	\N	IO73AD	\N	\N	59004/59506	DG8VD	\N	\N	Blieskastel	JN39PF	\N	\N	\N	\N	\N
1995-09-04 20:50:00+00	1995-09-04 21:20:00+00	DL5VT	DL	144.13	CW	599	599	Y	R	Gerhard	Blieskastel	JN39PF	Q01	\N	Erstes CW-QSO!	DG8VD	\N	\N	Blieskastel	JN39PF	\N	\N	\N	\N	\N
1995-09-05 16:31:00+00	1995-09-05 16:47:00+00	DL1HWM/P	DL	145.737	FM	59	5	Y	Y	Werner	Zeitz	JO61BB	W17	\N	/p Hüttersdorf/Schmelz DJ120	DG8VD	\N	\N	Blieskastel	JN39PF	\N	\N	\N	\N	\N
1995-09-05 16:56:00+00	1995-09-05 17:04:00+00	DF1WZ	DL	145.737	FM	5	\N	Y	Y	Helmut	Cochem/Mosel	\N	K34	\N	\N	DG8VD	\N	\N	Blieskastel	JN39PF	\N	\N	\N	\N	\N
1995-09-07 19:28:00+00	1995-09-07 19:48:00+00	DG8FFA	DL	438.825	FM	58	41	Y	Y	Günter	Darmstadt	JN49HT	Z21	\N	TS-790 X5000 45W	DG8VD	\N	\N	Blieskastel	JN39PF	\N	\N	\N	\N	\N
1995-09-08 16:25:00+00	1995-09-08 16:35:00+00	DB1WT	DL	145.737	FM	59	\N	Y	R	Mario	Bingen	\N	K29	\N	\N	DG8VD	\N	\N	Blieskastel	JN39PF	\N	\N	\N	\N	\N
1995-09-11 18:50:00+00	1995-09-11 18:58:00+00	DG4UAO/P	DL	145.737	FM	49	41	N	N	Helmut	Plittersdorf	JN48CU	N/A	\N	2x10ele nr Rastatt/Baden-Baden	DG8VD	\N	\N	Blieskastel	JN39PF	\N	\N	\N	\N	\N
1995-09-12 14:22:00+00	1995-09-12 14:27:00+00	DG4FDE/P	DL	145.737	FM	37	59	Y	Y	\N	Dobel/B.Herrena	\N	F27	\N	30km von KA	DG8VD	\N	\N	Blieskastel	JN39PF	\N	\N	\N	\N	\N
1995-09-19 15:33:00+00	1995-09-19 15:38:00+00	DA4TL	DL	145.737	FM	5	\N	N	N	Tim	Vogelbach	\N	\N	\N	ex DH/KB2SRN	DG8VD	\N	\N	Blieskastel	JN39PF	\N	\N	\N	\N	\N
1995-09-27 20:38:00+00	\N	DJ0JE	DL	144.311	SSB	55	57	Y	R	Peter	Eulenbis/KL	JN39TM	K16	\N	4x12ele 700W	DG8VD	\N	\N	Blieskastel	JN39PF	\N	\N	\N	\N	\N
1995-10-03 20:48:00+00	1995-10-03 21:05:00+00	DF2IY/A	DL	145.737	FM	5	\N	Y	Y	Wolfgang	Willstedt/Kehl	JN38WM	A24	\N	\N	DG8VD	\N	\N	Blieskastel	JN39PF	\N	\N	\N	\N	\N
1995-10-05 05:03:00+00	1995-10-05 05:07:00+00	DG8SCC	DL	145.425	FM	59	\N	N	N	Hans	Althornbach	JN39QE	\N	\N	\N	DG8VD	\N	\N	Blieskastel	JN39PF	\N	\N	\N	\N	\N
1995-10-08 09:05:00+00	1995-10-08 09:14:00+00	F1PKA	F	144.255	SSB	54	54	Y	Y	Alain	Metz	JN29WB	\N	\N	17ele TR751 100W	DG8VD	\N	\N	Blieskastel	JN39PF	\N	\N	\N	\N	\N
1995-10-08 13:32:00+00	1995-10-08 13:36:00+00	F1BMP	F	145.737	FM	59	54	N	N	Stephan	Forbach	JN39LE	\N	\N	cx50 20W	DG8VD	\N	\N	Blieskastel	JN39PF	\N	\N	\N	\N	\N
1995-10-08 13:38:00+00	1995-10-08 13:42:00+00	DG3ACE	DL	145.737	FM	5	\N	Y	R	Peter	Göttingen	JO41XM	H53	\N	\N	DG8VD	\N	\N	Blieskastel	JN39PF	\N	\N	\N	\N	\N
1995-10-08 17:14:00+00	\N	DC7GL	DL	145.737	FM	5	5	N	Y	Martin	Berlin	JO62PK	D12	\N	\N	DG8VD	\N	\N	Blieskastel	JN39PF	\N	\N	\N	\N	\N
1995-10-08 17:14:00+00	\N	DL0AUB	DL	145.737	FM	5	\N	N	Y	AG UKW Berlin	Berlin	JO62QK	D07	\N	DC7GL/p	DG8VD	\N	\N	Blieskastel	JN39PF	\N	\N	\N	\N	\N
1995-10-09 15:08:00+00	1995-10-09 15:14:00+00	DK3RJ/AM	DL	438.825	FM	5	5	Y	Y	Harald	\N	\N	\N	\N	über Kobl.(TR->Paderb.) Eindecker	DG8VD	\N	\N	Blieskastel	JN39PF	\N	\N	\N	\N	\N
1995-10-09 15:28:00+00	1995-10-09 15:32:00+00	DB4PH	DL	145.737	FM	5	\N	Y	Y	Jochen	Mutterstadt	\N	K42	\N	7km südl.Ludwigshafen	DG8VD	\N	\N	Blieskastel	JN39PF	\N	\N	\N	\N	\N
1995-10-09 19:51:00+00	1995-10-09 20:01:00+00	DL1WC	DL	145.737	FM	5	\N	Y	Y	Christian	\N	\N	Q01	\N	Mitglied DL0UDS	DG8VD	\N	\N	Blieskastel	JN39PF	\N	\N	\N	\N	\N
1995-10-11 15:00:00+00	\N	DB6WY	DL	144.25	SSB	51	31	N	N	Wolfi	Pirmasens	\N	\N	\N	\N	DG8VD	\N	\N	Blieskastel	JN39PF	\N	\N	\N	\N	\N
1995-10-11 16:05:00+00	1995-10-11 16:16:00+00	DJ0VQ	DL	144.274	SSB	57	57	N	N	Wim	Pirmasens	\N	\N	\N	420mNN	DG8VD	\N	\N	Blieskastel	JN39PF	\N	\N	\N	\N	\N
1995-10-12 17:54:00+00	1995-10-12 18:20:00+00	F6APV	F	144.274	SSB	59	59	Y	R	Francois	Putelange au La	JN39KB	\N	\N	2x7eleX FT902DM Dieffenbach	DG8VD	\N	\N	Blieskastel	JN39PF	\N	\N	\N	\N	\N
1995-10-14 18:41:00+00	1995-10-14 18:44:00+00	DL1GGQ	DL	438.825	FM	5	\N	Y	Y	Reiner	Freiburg i.Br.	JN38KD	A16	\N	\N	DG8VD	\N	\N	Blieskastel	JN39PF	\N	\N	\N	\N	\N
1995-10-15 11:08:00+00	1995-10-15 11:12:00+00	DL/LX1AQ/M	DL	145.737	FM	5	\N	Y	R	Philippe	\N	\N	\N	\N	\N	DG8VD	\N	\N	Blieskastel	JN39PF	\N	\N	\N	\N	\N
1995-10-16 13:44:00+00	1995-10-16 13:47:00+00	DG7ZX	DL	145.737	FM	5	5	Y	R	Walter	Schöneck	JO40KE	F75	\N	\N	DG8VD	\N	\N	Blieskastel	JN39PF	\N	\N	\N	\N	\N
1995-10-16 16:09:00+00	1995-10-16 16:13:00+00	DL1GHN	DL	145.375	FM	5	\N	N	N	Patrick	Lahr	\N	A08	\N	\N	DG8VD	\N	\N	Blieskastel	JN39PF	\N	\N	\N	\N	\N
