1994-12-10 12:00:00+00	1994-12-10 12:20:00+00	DK4XB	DL	145.425	FM	44	59	Y	Y	Gerhard	Biesingen	JN39OF	Q02	\N	Erstes QSO überhaupt!	DG8VD	\N	\N	Blieskastel	JN39PF	\N	\N	\N	\N	\N
1994-12-10 12:00:00+00	1994-12-10 12:20:00+00	DL8FQ	DL	145.425	FM	55	59	Y	Y	Rolf	Einöd	JN39PG	Q07	\N	\N	DG8VD	\N	\N	Blieskastel	JN39PF	\N	\N	\N	\N	\N
1994-12-10 12:10:00+00	1994-12-10 12:20:00+00	DL5VT	DL	145.425	FM	59	59	Y	N	Gerhard	Blieskastel	JN39PF	Q01	\N	Mein AFu-Mentor.	DG8VD	\N	\N	Blieskastel	JN39PF	\N	\N	\N	\N	\N
1994-12-10 14:24:00+00	\N	DF5IW	DL	438.575	FM	33	59	N	N	Hugo	Zweibrücken	\N	\N	\N	\N	DG8VD	\N	\N	Blieskastel	JN39PF	\N	\N	\N	\N	\N
1994-12-10 16:30:00+00	\N	DF2VF	DL	145.625	FM	43	59	Y	N	Wolfgang	Merzig	\N	Q04	\N	TM701E	DG8VD	\N	\N	Blieskastel	JN39PF	\N	\N	\N	\N	\N
1994-12-10 16:50:00+00	\N	DD1VJ	DL	145.775	FM	2	59	Y	Y	Hans	Hermeskeil	\N	K52	\N	\N	DG8VD	\N	\N	Blieskastel	JN39PF	\N	\N	\N	\N	\N
1994-12-10 17:50:00+00	\N	DF4VM	DL	145.425	FM	59	59	Y	Y	Gert	Webenheim	JN39PF	Q02	\N	Turnhallenstr.14	DG8VD	\N	\N	Blieskastel	JN39PF	\N	\N	\N	\N	\N
1994-12-10 19:20:00+00	\N	DF2VF	DL	145.625	FM	43	59	N	N	Wolfgang	Merzig	\N	Q04	\N	TM701E (2. QSO)	DG8VD	\N	\N	Blieskastel	JN39PF	\N	\N	\N	\N	\N
1994-12-10 20:00:00+00	\N	DB5VE	DL	438.825	FM	59	59	N	N	Ferdi	Püttlingen	\N	\N	\N	TM701E	DG8VD	\N	\N	Blieskastel	JN39PF	\N	\N	\N	\N	\N
1994-12-10 22:30:00+00	\N	DH1VT	DL	145.737	FM	59	59	N	N	Patrick	Oberthal	\N	Q06	\N	TR751	DG8VD	\N	\N	Blieskastel	JN39PF	\N	\N	\N	\N	\N
1994-12-11 10:30:00+00	\N	DK4XB	DL	145.425	FM	59	59	N	N	Gerhard	Biesingen	JN39OF	Q02	\N	\N	DG8VD	\N	\N	Blieskastel	JN39PF	\N	\N	\N	\N	\N
1994-12-11 10:30:00+00	\N	DL5VT	DL	145.425	FM	59	59	N	N	Gerhard	Blieskastel	JN39PF	Q01	\N	\N	DG8VD	\N	\N	Blieskastel	JN39PF	\N	\N	\N	\N	\N
1994-12-11 10:30:00+00	\N	DL8FQ	DL	145.425	FM	55	59	N	N	Rolf	Einöd	JN39PG	Q07	\N	\N	DG8VD	\N	\N	Blieskastel	JN39PF	\N	\N	\N	\N	\N
1994-12-11 11:22:00+00	\N	DL4VBJ	DL	438.825	FM	3	\N	N	N	Bernhard	Schmelz	\N	\N	\N	\N	DG8VD	\N	\N	Blieskastel	JN39PF	\N	\N	\N	\N	\N
1994-12-11 11:45:00+00	\N	DF3UK/M	DL	145.65	FM	59	\N	N	N	Karl	PS-Münchweiler	\N	K09	\N	\N	DG8VD	\N	\N	Blieskastel	JN39PF	\N	\N	\N	\N	\N
1994-12-11 11:48:00+00	\N	DC4WE	DL	145.65	FM	59	\N	N	N	Willi	Rodalben	\N	K09	\N	C:12.10.92	DG8VD	\N	\N	Blieskastel	JN39PF	\N	\N	\N	\N	\N
1994-12-11 11:48:00+00	\N	DL8WG/M	DL	145.65	FM	59	\N	N	N	Jürgen	Pirmasens	\N	\N	\N	\N	DG8VD	\N	\N	Blieskastel	JN39PF	\N	\N	\N	\N	\N
1994-12-11 16:00:00+00	\N	DG3GAA	DL	145.775	FM	3	5	Y	Y	Holger	Offenburg	JN38XL	A08	\N	C:10/94	DG8VD	\N	\N	Blieskastel	JN39PF	\N	\N	\N	\N	\N
1994-12-11 18:30:00+00	1994-12-11 19:19:00+00	DK4XB	DL	145.425	FM	59	59	N	N	Gerhard	Biesingen	JN39OF	Q02	\N	X-Band/Duplex 433.475	DG8VD	\N	\N	Blieskastel	JN39PF	\N	\N	\N	\N	\N
1994-12-11 18:30:00+00	1994-12-11 19:19:00+00	DL5VT	DL	145.425	FM	59	59	N	N	Gerhard	Blieskastel	JN39PF	Q01	\N	X-Band/Duplex 433.475	DG8VD	\N	\N	Blieskastel	JN39PF	\N	\N	\N	\N	\N
1994-12-11 20:50:00+00	\N	DL5VT/M	DL	145.425	FM	59	59	N	N	Gerhard	Blieskastel	JN39PF	Q01	\N	Ab jetzt keine DL5VT-Eintragungen	DG8VD	\N	\N	Blieskastel	JN39PF	\N	\N	\N	\N	\N
1994-12-12 07:55:00+00	\N	DK4XY	DL	145.425	FM	39	39	N	N	Hans	Oberbexbach	\N	Q07	\N	TM721E	DG8VD	\N	\N	Blieskastel	JN39PF	\N	\N	\N	\N	\N
1994-12-12 13:00:00+00	1994-12-12 13:15:00+00	DL8FQ	DL	145.425	FM	55	59	N	N	Rolf	Einöd	JN39PG	Q07	\N	Letzer DL8FQ im Computer-Log...	DG8VD	\N	\N	Blieskastel	JN39PF	\N	\N	\N	\N	\N
1994-12-12 18:50:00+00	1994-12-12 19:00:00+00	DK9VW/M	DL	145.737	FM	5	\N	N	N	Peter	Rosenkopf	\N	\N	\N	Icom 25W	DG8VD	\N	\N	Blieskastel	JN39PF	\N	\N	\N	\N	\N
1994-12-12 20:17:00+00	1994-12-12 20:22:00+00	DF4VQ/M	DL	145.737	FM	5	\N	N	N	Karl	Merzig	\N	Q04	\N	50W	DG8VD	\N	\N	Blieskastel	JN39PF	\N	\N	\N	\N	\N
1994-12-13 14:22:00+00	1994-12-13 14:47:00+00	DL5YCT	DL	145.425	FM	55	55	N	N	Alex	Homburg (Mitte)	JN39QH	N10	\N	Standard 120, 4W	DG8VD	\N	\N	Blieskastel	JN39PF	\N	\N	\N	\N	\N
1994-12-13 18:40:00+00	1994-12-13 18:43:00+00	DK6VB	DL	145.425	FM	3	\N	N	N	Ingo	Kirrberg	JN39QH	Q07	\N	Dr.Barthold	DG8VD	\N	\N	Blieskastel	JN39PF	\N	\N	\N	\N	\N
1994-12-13 20:16:00+00	1994-12-13 20:17:00+00	DL0HS	DL	145.737	FM	5	\N	N	Y	Clubst. Q07	Homburg	JN39FJ	Q07	\N	DL8FQ/p	DG8VD	\N	\N	Blieskastel	JN39PF	\N	\N	\N	\N	\N
1994-12-13 20:24:00+00	1994-12-13 20:31:00+00	DF0UK	DL	145.737	FM	4	\N	Y	N	Uni Karlsruhe	Karlsruhe	\N	\N	\N	DL4VCK/p Stefan	DG8VD	\N	\N	Blieskastel	JN39PF	\N	\N	\N	\N	\N
1994-12-13 20:33:00+00	1994-12-13 20:34:00+00	DL5IW	DL	145.737	FM	5	\N	N	N	Fritz	Hüttchenhausen	\N	Q02	\N	\N	DG8VD	\N	\N	Blieskastel	JN39PF	\N	\N	\N	\N	\N
1994-12-14 06:29:00+00	1994-12-14 06:30:00+00	DK4XJ	DL	145.425	FM	5	\N	N	N	Hans	\N	\N	\N	\N	\N	DG8VD	\N	\N	Blieskastel	JN39PF	\N	\N	\N	\N	\N
1994-12-14 06:29:00+00	1994-12-14 06:30:00+00	DL8DJ	DL	145.425	FM	5	\N	N	N	Erich	Sulzbach	JN39MH	\N	\N	\N	DG8VD	\N	\N	Blieskastel	JN39PF	\N	\N	\N	\N	\N
1994-12-14 16:05:00+00	1994-12-14 16:22:00+00	DK4XB	DL	145.425	FM	59	59	N	N	Gerhard	Biesingen	JN39OF	Q02	\N	Letzter DK4XB...	DG8VD	\N	\N	Blieskastel	JN39PF	\N	\N	\N	\N	\N
1994-12-14 17:03:00+00	1994-12-14 17:08:00+00	DC4WQ/M	DL	145.65	FM	5	\N	N	N	Peter	Pirmasens	\N	Q01	\N	\N	DG8VD	\N	\N	Blieskastel	JN39PF	\N	\N	\N	\N	\N
1994-12-14 17:04:00+00	1994-12-14 17:11:00+00	DH4IAB	DL	145.65	FM	5	\N	Y	Y	Leo	Dudweiler	JN39MG	Q02	\N	F/DH4IAB	DG8VD	\N	\N	Blieskastel	JN39PF	\N	\N	\N	\N	\N
1994-12-15 19:25:00+00	1994-12-15 19:30:00+00	DH1VT	DL	145.65	FM	59	59	N	N	Patrick	Oberthal	\N	Q06	\N	Letzte DH1VT-Eintragung	DG8VD	\N	\N	Blieskastel	JN39PF	\N	\N	\N	\N	\N
1994-12-16 19:25:00+00	1994-12-16 19:30:00+00	DK4XY	DL	145.425	FM	39	39	N	N	Hans	Oberbexbach	\N	Q07	\N	\N	DG8VD	\N	\N	Blieskastel	JN39PF	\N	\N	\N	\N	\N
1994-12-17 17:40:00+00	1994-12-17 17:50:00+00	DG7VJ/P	DL	145.425	FM	59	\N	Y	Y	Reimund	Wiebelskirchen	JN39OI	Q08	\N	bei DF4VM	DG8VD	\N	\N	Blieskastel	JN39PF	\N	\N	\N	\N	\N
1994-12-17 21:00:00+00	\N	DK6VB	DL	145.425	FM	31	\N	N	N	Ingo	Kirrberg	JN39QH	Q07	\N	Dr.Barthold	DG8VD	\N	\N	Blieskastel	JN39PF	\N	\N	\N	\N	\N
1994-12-18 10:18:00+00	1994-12-18 10:24:00+00	DG6SAK	DL	438.825	FM	5	\N	N	N	Horst	Reutlingen	JN48NK	\N	\N	\N	DG8VD	\N	\N	Blieskastel	JN39PF	\N	\N	\N	\N	\N
1994-12-18 10:20:00+00	1994-12-18 10:26:00+00	DC6HQ/P	DL	438.825	FM	5	\N	Y	Y	Dieter	München	JN39JN	C26	\N	/p in Weiskirchen FT790	DG8VD	\N	\N	Blieskastel	JN39PF	\N	\N	\N	\N	\N
1994-12-18 10:39:00+00	1994-12-18 10:56:00+00	DG8VE	DL	438.825	FM	5	\N	Y	N	Erik	Quierschied	JN39MH	\N	\N	C:10.12.94 (sein 1.QSO)	DG8VD	\N	\N	Blieskastel	JN39PF	\N	\N	\N	\N	\N
1994-12-18 13:51:00+00	1994-12-18 13:57:00+00	DK4TZ	DL	145.737	FM	5	\N	N	N	Hermann	\N	\N	\N	\N	\N	DG8VD	\N	\N	Blieskastel	JN39PF	\N	\N	\N	\N	\N
1994-12-18 16:40:00+00	\N	DG7VT/M	DL	438.825	FM	5	\N	N	N	Patrick	Merchweiler	\N	Q13	\N	SK2699a 25W C:9/93	DG8VD	\N	\N	Blieskastel	JN39PF	\N	\N	\N	\N	\N
1994-12-18 18:02:00+00	1994-12-18 18:32:00+00	DC8WE	DL	145.737	FM	5	\N	N	N	Jochen	Kaiserslautern	\N	K39	\N	C5200D 5W GP C:5/94	DG8VD	\N	\N	Blieskastel	JN39PF	\N	\N	\N	\N	\N
1994-12-18 20:48:00+00	1994-12-18 20:59:00+00	DD3VV	DL	145.737	FM	5	\N	Y	Y	Albert	Oberwürzbach	JN39NF	Q02	\N	\N	DG8VD	\N	\N	Blieskastel	JN39PF	\N	\N	\N	\N	\N
1994-12-18 20:56:00+00	1994-12-18 21:14:00+00	DD8VN	DL	145.4	FM	55	52	N	N	Ralf	St.Ingbert	\N	\N	\N	FT230R 6W GP C: 10/94	DG8VD	\N	\N	Blieskastel	JN39PF	\N	\N	\N	\N	\N
1994-12-19 20:53:00+00	1994-12-19 21:34:00+00	DD1VZ	DL	145.737	FM	5	\N	N	N	Peter	Kleinblittersdo	JN39MD	\N	\N	C:4/94 XYL Carola	DG8VD	\N	\N	Blieskastel	JN39PF	\N	\N	\N	\N	\N
1994-12-19 21:00:00+00	1994-12-19 21:34:00+00	DH2PAZ	DL	145.737	FM	5	\N	N	N	Joachim	Bruchmühlbach-M	\N	Q07	\N	(jetzt DJ7PZ)	DG8VD	\N	\N	Blieskastel	JN39PF	\N	\N	\N	\N	\N
1994-12-19 21:10:00+00	1994-12-19 21:34:00+00	DL8AS	DL	145.737	FM	5	\N	N	N	Alois	\N	\N	\N	\N	\N	DG8VD	\N	\N	Blieskastel	JN39PF	\N	\N	\N	\N	\N
1994-12-22 13:05:00+00	1994-12-22 13:14:00+00	DK1MJ	DL	145.65	FM	3	\N	Y	Y	Hans	Rehlingen-Siers	JN39IJ	\N	\N	\N	DG8VD	\N	\N	Blieskastel	JN39PF	\N	\N	\N	\N	\N
1994-12-22 14:25:00+00	1994-12-22 14:35:00+00	DG8VC	DL	438.825	FM	5	57	Y	Y	Christoph	Quierschied	\N	\N	\N	bei DG8VE	DG8VD	\N	\N	Blieskastel	JN39PF	\N	\N	\N	\N	\N
1994-12-25 16:01:00+00	1994-12-25 16:09:00+00	DH1VT	DL	145.737	FM	59	59	N	Y	Patrick	Oberthal	\N	Q06	\N	\N	DG8VD	\N	\N	Blieskastel	JN39PF	\N	\N	\N	\N	\N
1994-12-25 17:53:00+00	1994-12-25 18:06:00+00	DK1MF	DL	145.42	FM	43	\N	N	N	Peter	Bexbach	JN39PI	\N	\N	gestreckter Dipol	DG8VD	\N	\N	Blieskastel	JN39PF	\N	\N	\N	\N	\N
1994-12-26 10:55:00+00	\N	DL4VCK	DL	145.737	FM	5	\N	Y	Y	Stefan	Bexbach	JN39PI	Q07	\N	F/DL4VCK/m Haguenau	DG8VD	\N	\N	Blieskastel	JN39PF	\N	\N	\N	\N	\N
1994-12-26 10:59:00+00	1994-12-26 11:21:00+00	DC7GL/P	DL	145.737	FM	5	\N	Y	Y	Martin	Berlin	\N	D12	\N	FT290R2 Ant:CX801 /p im Hochwald	DG8VD	\N	\N	Blieskastel	JN39PF	\N	\N	\N	\N	\N
1994-12-26 10:59:00+00	1994-12-26 11:21:00+00	DL0AUB/P	DL	145.737	FM	5	\N	Y	Y	AG UKW Berlin	Berlin	\N	D07	\N	DC7GL/p	DG8VD	\N	\N	Blieskastel	JN39PF	\N	\N	\N	\N	\N
1994-12-26 12:33:00+00	1994-12-26 12:40:00+00	DD8VH	DL	438.825	FM	4	55	Y	N	\N	\N	\N	\N	\N	25W DX-30 C:7/94	DG8VD	\N	\N	Blieskastel	JN39PF	\N	\N	\N	\N	\N
1994-12-26 16:02:00+00	1994-12-26 16:10:00+00	DG6PP	DL	438.825	FM	5	\N	N	N	Otmar	Bitburg	\N	K51	\N	X200N (Diamond) 20W	DG8VD	\N	\N	Blieskastel	JN39PF	\N	\N	\N	\N	\N
1994-12-26 17:30:00+00	1994-12-26 17:58:00+00	DB6VW	DL	438.825	FM	5	\N	Y	Y	Herbert	Jägersfreude	JN39MG	Q14	\N	\N	DG8VD	\N	\N	Blieskastel	JN39PF	\N	\N	\N	\N	\N
1994-12-26 17:30:00+00	1994-12-26 17:58:00+00	DF1VZ	DL	438.825	FM	5	\N	Y	N	Peter	Sulzbach-Rußhüt	JN39MF	Q01	\N	(blind) TM733E (TS-450)	DG8VD	\N	\N	Blieskastel	JN39PF	\N	\N	\N	\N	\N
1994-12-26 21:10:00+00	1994-12-26 21:55:00+00	DC5VT	DL	145.3	RTTY	3	\N	N	N	Ernst	Bexbach	JN39PI	\N	\N	RTTY-Box	DG8VD	\N	\N	Blieskastel	JN39PF	\N	\N	\N	\N	\N
1994-12-26 21:10:00+00	1994-12-26 21:55:00+00	DF4VM	DL	145.3	RTTY	59	59	Y	Y	Gert	Webenheim	JN39PF	Q02	\N	RTTY	DG8VD	\N	\N	Blieskastel	JN39PF	\N	\N	\N	\N	\N
1994-12-27 14:00:00+00	1994-12-27 14:40:00+00	DK4XB	DL	433.425	RTTY	59	59	N	N	Gerhard	Biesingen	JN39OF	Q02	\N	RTTY	DG8VD	\N	\N	Blieskastel	JN39PF	\N	\N	\N	\N	\N
1994-12-27 15:10:00+00	1994-12-27 15:20:00+00	DK4XB	DL	433.425	SSTV	59	59	N	N	Gerhard	Biesingen	JN39OF	Q02	\N	SSTV & FAX	DG8VD	\N	\N	Blieskastel	JN39PF	\N	\N	\N	\N	\N
1994-12-27 15:54:00+00	1994-12-27 15:59:00+00	DL5VM	DL	145.425	FM	55	\N	N	N	Hans-Werner	Einöd	JN39PH	\N	\N	\N	DG8VD	\N	\N	Blieskastel	JN39PF	\N	\N	\N	\N	\N
1994-12-30 20:00:00+00	1994-12-30 20:18:00+00	DC8UW	DL	145.65	FM	5	\N	Y	Y	Rainer	Rieschweiler	JN39SG	K35	\N	DC8UnterWasser C:84 TA-7e	DG8VD	\N	\N	Blieskastel	JN39PF	\N	\N	\N	\N	\N
1994-12-31 15:00:00+00	1994-12-31 15:15:00+00	DC1PNA	DL	145.7	FM	5	3	Y	Y	Manfred	Mainz/Worsted	JN49BO	F20	\N	ich/M:A6 Alinco 510 35W C:10/94	DG8VD	\N	\N	Blieskastel	JN39PF	\N	\N	\N	\N	\N
