2022-07-30 21:06:00+00	\N	LZ1ZF	LZ	14.015	CW	599001	599019	\N	\N	\N	\N	\N	\N	IOTA	\N	PA/DF7CB	IC705	5	Noord Beveland	JO11UO	10m vertical	\N	\N	\N	2022-08-03 07:55:51+00	20	28
2022-07-30 21:10:00+00	\N	SV8/LZ2K	SV	14.016	CW	599002	5991609EU174	\N	\N	\N	\N	\N	\N	IOTA	\N	PA/DF7CB	IC705	5	Noord Beveland	JO11UO	10m vertical	\N	\N	\N	2022-08-03 07:55:51+00	20	28
2022-07-30 21:16:00+00	\N	SV8/DH5FS	SV	14.0235	CW	599003	599618EU052	\N	\N	\N	\N	\N	\N	IOTA	\N	PA/DF7CB	IC705	5	Noord Beveland	JO11UO	10m vertical	\N	\N	\N	2022-08-03 07:55:51+00	20	28
2022-07-31 07:34:00+00	\N	OK2PVF	OK	14.0319	CW	599004	599549	\N	\N	\N	\N	\N	\N	IOTA	\N	PA/DF7CB	IC705	5	Noord Beveland	JO11UO	10m vertical	\N	\N	\N	2022-08-03 07:55:51+00	15	28
2022-07-31 07:38:00+00	\N	SN5N	SP	14.0252	CW	599005	599222	\N	\N	\N	\N	\N	\N	IOTA	\N	PA/DF7CB	IC705	5	Noord Beveland	JO11UO	10m vertical	\N	\N	\N	2022-08-03 07:55:51+00	15	28
2022-07-31 09:27:00+00	\N	PB2T	PA	14.0115	CW	599006	5991794EU146	\N	\N	\N	\N	\N	\N	IOTA	\N	PA/DF7CB	IC705	5	Noord Beveland	JO11UO	10m vertical	\N	\N	\N	2022-08-03 07:55:51+00	14	27
2022-07-31 09:29:00+00	\N	LZ1ND	LZ	14.0155	CW	599007	599308	\N	\N	\N	\N	\N	\N	IOTA	\N	PA/DF7CB	IC705	5	Noord Beveland	JO11UO	10m vertical	\N	\N	\N	2022-08-03 07:55:51+00	20	28
2022-07-31 09:30:00+00	\N	YL2BJ	YL	14.0207	CW	599008	599437	\N	\N	\N	\N	\N	\N	IOTA	\N	PA/DF7CB	IC705	5	Noord Beveland	JO11UO	10m vertical	\N	\N	\N	2022-08-03 07:55:51+00	15	29
2022-07-31 09:32:00+00	\N	DL6KWN	DL	14.0215	CW	599009	599235	\N	\N	\N	\N	\N	\N	IOTA	\N	PA/DF7CB	IC705	5	Noord Beveland	JO11UO	10m vertical	\N	\N	\N	2022-08-03 07:55:51+00	14	28
2022-07-31 09:39:00+00	\N	GM7V	GM	14.0252	CW	599010	5992984EU010	\N	\N	\N	\N	\N	\N	IOTA	\N	PA/DF7CB	IC705	5	Noord Beveland	JO11UO	10m vertical	\N	\N	\N	2022-08-03 07:55:51+00	14	27
2022-07-31 09:47:00+00	\N	IQ3ME/P	I	14.0338	CW	599011	5991123EU131	\N	\N	\N	\N	\N	\N	IOTA	\N	PA/DF7CB	IC705	5	Noord Beveland	JO11UO	10m vertical	\N	\N	\N	2022-08-03 07:55:51+00	15	28
2022-07-31 09:52:00+00	\N	OZ/DK3WW	OZ	14.0425	CW	599012	599399EU172	\N	\N	\N	\N	\N	\N	IOTA	\N	PA/DF7CB	IC705	5	Noord Beveland	JO11UO	10m vertical	\N	\N	\N	2022-08-03 07:55:51+00	14	18
2022-07-31 09:53:00+00	\N	YO4RDW	YO	14.0413	CW	599013	599248	\N	\N	\N	\N	KN35MR	\N	IOTA	\N	PA/DF7CB	IC705	5	Noord Beveland	JO11UO	10m vertical	\N	\N	{"cqz": "20", "ituz": "28", "lotw": true}	2022-08-03 08:01:51+00	20	28
2022-07-31 09:57:00+00	\N	TM5OL	F	14.0306	CW	599014	5991326EU032	\N	\N	\N	\N	\N	\N	IOTA	\N	PA/DF7CB	IC705	5	Noord Beveland	JO11UO	10m vertical	\N	\N	\N	2022-08-03 07:55:51+00	14	27
2022-07-31 09:59:00+00	\N	SC7DX	SM	14.0267	CW	599015	599662	\N	\N	\N	\N	\N	\N	IOTA	\N	PA/DF7CB	IC705	5	Noord Beveland	JO11UO	10m vertical	\N	\N	{"cqz": "14", "ituz": "18", "lotw": true}	2022-08-03 08:01:51+00	14	18
2022-07-31 10:03:00+00	\N	OM3CW	OM	14.018	CW	599016	599256	\N	\N	\N	\N	JN88PA	\N	IOTA	\N	PA/DF7CB	IC705	5	Noord Beveland	JO11UO	10m vertical	\N	\N	{"cqz": "15", "ituz": "28", "lotw": true}	2022-08-03 08:01:51+00	15	28
2022-07-31 10:05:00+00	\N	OK2TJ	OK	14.017	CW	599017	599227	\N	\N	\N	\N	\N	\N	IOTA	\N	PA/DF7CB	IC705	5	Noord Beveland	JO11UO	10m vertical	\N	\N	\N	2022-08-03 07:55:51+00	15	28
2022-07-31 20:08:00+00	\N	E73AA	E7	14.011	CW	599	599	N	N	\N	\N	\N	\N	\N	\N	PA/DF7CB	IC705	5	Noord Beveland	JO11UO	10m vertical	\N	\N	\N	2022-08-03 07:55:51+00	15	28
2022-08-01 16:16:00+00	\N	GB22HQ	G	7.015	CW	599	599	N	N	\N	\N	\N	\N	\N	\N	PA/DF7CB	IC705	5	Noord Beveland	JO11UO	10m vertical	\N	\N	\N	2022-08-03 07:55:51+00	14	27
2022-08-01 16:32:00+00	\N	DL1NKS	DL	7.0349	CW	599001	599006	\N	\N	\N	\N	\N	\N	OK1WC Memorial Contest	\N	PA/DF7CB	IC705	5	Noord Beveland	JO11UO	10m vertical	\N	\N	\N	2022-08-03 07:55:51+00	14	28
2022-08-01 16:34:00+00	\N	HB9/OM3CQ	HB	7.0327	CW	599002	599006	\N	\N	\N	\N	\N	\N	OK1WC Memorial Contest	\N	PA/DF7CB	IC705	5	Noord Beveland	JO11UO	10m vertical	\N	\N	\N	2022-08-03 07:55:51+00	14	28
2022-08-01 16:35:00+00	\N	SD6F	SM	7.0323	CW	599003	599013	\N	\N	\N	\N	\N	\N	OK1WC Memorial Contest	\N	PA/DF7CB	IC705	5	Noord Beveland	JO11UO	10m vertical	\N	\N	\N	2022-08-03 07:55:51+00	14	18
2022-08-01 16:37:00+00	\N	HA5OV	HA	7.031	CW	599004	599017	\N	\N	\N	\N	JN97MM	\N	OK1WC Memorial Contest	\N	PA/DF7CB	IC705	5	Noord Beveland	JO11UO	10m vertical	\N	\N	{"cqz": "15", "ituz": "28", "lotw": true}	2022-08-03 08:01:51+00	15	28
2022-08-01 16:39:00+00	\N	DD5M	DL	7.0294	CW	599005	599025	\N	\N	\N	\N	\N	\N	OK1WC Memorial Contest	\N	PA/DF7CB	IC705	5	Noord Beveland	JO11UO	10m vertical	\N	\N	\N	2022-08-03 07:55:51+00	14	28
2022-08-01 16:40:00+00	\N	DL5YM	DL	7.0289	CW	599006	599018	\N	\N	\N	\N	\N	\N	OK1WC Memorial Contest	\N	PA/DF7CB	IC705	5	Noord Beveland	JO11UO	10m vertical	\N	\N	\N	2022-08-03 07:55:51+00	14	28
2022-08-01 16:41:00+00	\N	SO3O	SP	7.0284	CW	599007	599018	\N	\N	\N	\N	\N	\N	OK1WC Memorial Contest	\N	PA/DF7CB	IC705	5	Noord Beveland	JO11UO	10m vertical	\N	\N	\N	2022-08-03 07:55:51+00	15	28
2022-08-01 16:46:00+00	\N	OL8R	OK	7.0381	CW	599008	599042	\N	\N	\N	\N	\N	\N	OK1WC Memorial Contest	\N	PA/DF7CB	IC705	5	Noord Beveland	JO11UO	10m vertical	\N	\N	\N	2022-08-03 07:55:51+00	15	28
2022-08-01 16:46:30+00	\N	DL8TG	DL	7.0367	CW	599009	599015	\N	\N	\N	\N	JO52IJ	\N	OK1WC Memorial Contest	\N	PA/DF7CB	IC705	5	Noord Beveland	JO11UO	10m vertical	\N	\N	{"cqz": "14", "ituz": "28", "lotw": true}	2022-08-03 08:01:51+00	14	28
2022-08-01 16:47:00+00	\N	OK5M	OK	7.0357	CW	599010	599031	\N	\N	\N	\N	\N	\N	OK1WC Memorial Contest	\N	PA/DF7CB	IC705	5	Noord Beveland	JO11UO	10m vertical	\N	\N	\N	2022-08-03 07:55:51+00	15	28
2022-08-01 16:48:00+00	\N	DF4XX	DL	7.0354	CW	599011	599034	\N	\N	\N	\N	\N	\N	OK1WC Memorial Contest	\N	PA/DF7CB	IC705	5	Noord Beveland	JO11UO	10m vertical	\N	\N	\N	2022-08-03 07:55:51+00	14	28
2022-08-01 16:49:00+00	\N	DJ4MX	DL	7.0345	CW	599012	599008	\N	\N	\N	\N	\N	\N	OK1WC Memorial Contest	\N	PA/DF7CB	IC705	5	Noord Beveland	JO11UO	10m vertical	\N	\N	\N	2022-08-03 07:55:51+00	14	28
2022-08-01 16:50:00+00	\N	OK1FHI	OK	7.0342	CW	599013	599021	\N	\N	\N	\N	JO70GS	\N	OK1WC Memorial Contest	\N	PA/DF7CB	IC705	5	Noord Beveland	JO11UO	10m vertical	\N	\N	{"cqz": "15", "ituz": "28", "lotw": true}	2022-08-03 08:01:51+00	15	28
2022-08-01 16:53:00+00	\N	OK1RR	OK	7.033	CW	599014	599020	\N	\N	\N	\N	JO70FB	\N	OK1WC Memorial Contest	\N	PA/DF7CB	IC705	5	Noord Beveland	JO11UO	10m vertical	\N	\N	{"cqz": "15", "ituz": "28", "lotw": true}	2022-08-03 08:01:51+00	15	28
2022-08-01 16:56:00+00	\N	DJ9SN	DL	7.0319	CW	599015	599030	\N	\N	\N	\N	\N	\N	OK1WC Memorial Contest	\N	PA/DF7CB	IC705	5	Noord Beveland	JO11UO	10m vertical	\N	\N	\N	2022-08-03 07:55:51+00	14	28
2022-08-01 16:59:00+00	\N	OK1FGD	OK	7.0291	CW	599016	599019	\N	\N	\N	\N	\N	\N	OK1WC Memorial Contest	\N	PA/DF7CB	IC705	5	Noord Beveland	JO11UO	10m vertical	\N	\N	\N	2022-08-03 07:55:51+00	15	28
2022-08-01 17:02:00+00	\N	OK1RKS	OK	7.0287	CW	599017	599029	\N	\N	\N	\N	\N	\N	OK1WC Memorial Contest	\N	PA/DF7CB	IC705	5	Noord Beveland	JO11UO	10m vertical	\N	\N	\N	2022-08-03 07:55:51+00	15	28
2022-08-01 17:07:00+00	\N	SE0B	SM	7.0276	CW	599018	599056	\N	\N	\N	\N	\N	\N	OK1WC Memorial Contest	\N	PA/DF7CB	IC705	5	Noord Beveland	JO11UO	10m vertical	\N	\N	\N	2022-08-03 07:55:51+00	14	18
2022-08-01 17:09:00+00	\N	OT6E	ON	7.0266	CW	599019	599058	\N	\N	\N	\N	\N	\N	OK1WC Memorial Contest	\N	PA/DF7CB	IC705	5	Noord Beveland	JO11UO	10m vertical	\N	\N	\N	2022-08-03 07:55:51+00	14	27
2022-08-01 17:12:00+00	\N	SN1T	SP	7.0247	CW	599020	599082	\N	\N	\N	\N	\N	\N	OK1WC Memorial Contest	\N	PA/DF7CB	IC705	5	Noord Beveland	JO11UO	10m vertical	\N	\N	\N	2022-08-03 07:55:51+00	15	28
2022-08-01 17:13:00+00	\N	SP4TKR	SP	7.022	CW	599021	599066	\N	\N	\N	\N	\N	\N	OK1WC Memorial Contest	\N	PA/DF7CB	IC705	5	Noord Beveland	JO11UO	10m vertical	\N	\N	\N	2022-08-03 07:55:51+00	15	28
2022-08-01 17:15:00+00	\N	S51J	S5	7.0224	CW	599022	599051	\N	\N	\N	\N	\N	\N	OK1WC Memorial Contest	\N	PA/DF7CB	IC705	5	Noord Beveland	JO11UO	10m vertical	\N	\N	\N	2022-08-03 07:55:51+00	15	28
2022-08-01 17:19:00+00	\N	OK2MBP	OK	7.0346	CW	599023	599038	\N	\N	\N	\N	\N	\N	OK1WC Memorial Contest	\N	PA/DF7CB	IC705	5	Noord Beveland	JO11UO	10m vertical	\N	\N	\N	2022-08-03 07:55:51+00	15	28
2022-08-01 17:23:00+00	\N	DM7N	DL	7.0379	CW	599024	599063	\N	\N	\N	\N	\N	\N	OK1WC Memorial Contest	\N	PA/DF7CB	IC705	5	Noord Beveland	JO11UO	10m vertical	\N	\N	\N	2022-08-03 07:55:51+00	14	28
2022-08-01 17:25:00+00	\N	OK2SLS	OK	7.031	CW	599025	599037	\N	\N	\N	\N	\N	\N	OK1WC Memorial Contest	\N	PA/DF7CB	IC705	5	Noord Beveland	JO11UO	10m vertical	\N	\N	\N	2022-08-03 07:55:51+00	15	28
2022-08-01 17:28:00+00	\N	M4N	G	7.0254	CW	599026	599060	\N	\N	\N	\N	\N	\N	OK1WC Memorial Contest	\N	PA/DF7CB	IC705	5	Noord Beveland	JO11UO	10m vertical	\N	\N	\N	2022-08-03 07:55:51+00	14	27
